[2024-11-21 11:39:30,159]: [Main.py]: <module>: 21:       INFO:    [Started]
[2024-11-21 11:39:31,832]: [Iron_Scraper.py]: Scrap: 32:       INFO:    [Data Scaraped Successfully]
[2024-11-21 11:39:31,886]: [Iron_Scraper.py]: Scrap: 70:       INFO:    [Scrapped Data Has No Problem]
[2024-11-21 11:39:31,886]: [Iron_Scraper.py]: Scrap: 83:       INFO:    [Data Saved Successfully]
[2024-11-21 11:39:31,886]: [Iron.py]: Run: 26:       INFO:    [Scraping Phase Completed]
[2024-11-21 11:39:31,886]: [Iron_Data_Processor.py]: Data_Reader: 61:       INFO:    [Data File Has Been Red Successfully]
[2024-11-21 11:39:31,886]: [Iron_Data_Processor.py]: Shaper: 78:       INFO:    [Data Shaped]
[2024-11-21 11:39:31,887]: [Iron_Data_Processor.py]: Process: 228:       INFO:    [Data Cleaned]
[2024-11-21 11:39:31,887]: [Iron_Data_Processor.py]: Make_Pages_Objects: 101:       INFO:    [Page Objects Has Been Made]
[2024-11-21 11:39:31,887]: [Iron_Data_Processor.py]: Make_Pages_Objects: 101:       INFO:    [Page Objects Has Been Made]
[2024-11-21 11:39:31,887]: [Iron_Data_Processor.py]: Load_Data: 118:       INFO:    [Data Has Been Load]
[2024-11-21 11:39:31,887]: [Iron_Data_Processor.py]: Load_Data: 118:       INFO:    [Data Has Been Load]
[2024-11-21 11:39:31,887]: [Iron_Data_Processor.py]: Load_positions: 140:       INFO:    [Positions Are Ready]
[2024-11-21 11:39:31,887]: [Iron_Data_Processor.py]: Load_positions: 140:       INFO:    [Positions Are Ready]
[2024-11-21 11:39:32,961]: [Iron_Data_Processor.py]: Make_Tagged_Images: 193:       INFO:    [Images Has Been Made]
[2024-11-21 11:39:33,864]: [Iron_Data_Processor.py]: Make_Tagged_Images: 193:       INFO:    [Images Has Been Made]
[2024-11-21 11:39:34,119]: [Iron_Data_Processor.py]: Make_Cover_Page: 215:       INFO:    [Made Cover Pages]
[2024-11-21 11:39:34,119]: [Iron.py]: Run: 29:       INFO:    [Imagination Phase Completed]
[2024-11-21 11:39:37,665]: [Phone_Scraper.py]: Scrap: 58:       INFO:    [Data Scraped]
[2024-11-21 11:39:37,665]: [Phone_Scraper.py]: Scrap: 71:       INFO:    [Scraped Data Successfully]
[2024-11-21 11:39:37,666]: [Phone.py]: Run: 26:       INFO:    [Scraping Phase Complete]
[2024-11-21 11:39:37,666]: [Phone_Data_Processor.py]: data_reader: 38:       INFO:    [Scraped Data Loaded]
[2024-11-21 11:39:37,667]: [Phone_Data_Processor.py]: filter_list: 65:       INFO:    [Persian Phrases Are deleted]
[2024-11-21 11:39:37,668]: [Phone_Data_Processor.py]: reshape_list: 87:       INFO:    [Date Reshaped]
[2024-11-21 11:39:37,668]: [Phone_Data_Processor.py]: separate_brands: 124:       INFO:    [Brands Are Separated]
[2024-11-21 11:39:37,668]: [Phone_Data_Processor.py]: delete_extra_spaces: 141:       INFO:    [Extra Spaces Are Deleted]
[2024-11-21 11:39:38,437]: [Phone.py]: Run: 29:       INFO:    [Imagination Phase Complete]
[2024-11-21 11:39:38,437]: [selector_events.py]: __init__: 64:       DEBUG:    [Using selector: EpollSelector]
[2024-11-21 11:39:38,763]: [_bot.py]: _do_post: 643:       DEBUG:    [Calling Bot API endpoint `getMe` with parameters `{}`]
[2024-11-21 11:39:38,768]: [_trace.py]: atrace: 87:       DEBUG:    [connect_tcp.started host='api.telegram.org' port=443 local_address=None timeout=5.0 socket_options=None]
[2024-11-21 11:39:38,986]: [_trace.py]: atrace: 87:       DEBUG:    [connect_tcp.complete return_value=<httpcore._backends.anyio.AnyIOStream object at 0x7f9fa57eb560>]
[2024-11-21 11:39:38,986]: [_trace.py]: atrace: 87:       DEBUG:    [start_tls.started ssl_context=<ssl.SSLContext object at 0x7f9fa5e3fbd0> server_hostname='api.telegram.org' timeout=5.0]
[2024-11-21 11:39:39,092]: [_trace.py]: atrace: 87:       DEBUG:    [start_tls.complete return_value=<httpcore._backends.anyio.AnyIOStream object at 0x7f9fa5f38740>]
[2024-11-21 11:39:39,092]: [_trace.py]: atrace: 87:       DEBUG:    [send_request_headers.started request=<Request [b'POST']>]
[2024-11-21 11:39:39,093]: [_trace.py]: atrace: 87:       DEBUG:    [send_request_headers.complete]
[2024-11-21 11:39:39,093]: [_trace.py]: atrace: 87:       DEBUG:    [send_request_body.started request=<Request [b'POST']>]
[2024-11-21 11:39:39,093]: [_trace.py]: atrace: 87:       DEBUG:    [send_request_body.complete]
[2024-11-21 11:39:39,093]: [_trace.py]: atrace: 87:       DEBUG:    [receive_response_headers.started request=<Request [b'POST']>]
[2024-11-21 11:39:39,197]: [_trace.py]: atrace: 87:       DEBUG:    [receive_response_headers.complete return_value=(b'HTTP/1.1', 200, b'OK', [(b'Server', b'nginx/1.18.0'), (b'Date', b'Thu, 21 Nov 2024 11:39:39 GMT'), (b'Content-Type', b'application/json'), (b'Content-Length', b'258'), (b'Connection', b'keep-alive'), (b'Strict-Transport-Security', b'max-age=31536000; includeSubDomains; preload'), (b'Access-Control-Allow-Origin', b'*'), (b'Access-Control-Allow-Methods', b'GET, POST, OPTIONS'), (b'Access-Control-Expose-Headers', b'Content-Length,Content-Type,Date,Server,Connection')])]
[2024-11-21 11:39:39,197]: [_client.py]: _send_single_request: 1786:       INFO:    [HTTP Request: POST https://api.telegram.org/bot6030805959:AAGUHAMxLYc-PrevgKouJ3ZyM7ktu56ftjo/getMe "HTTP/1.1 200 OK"]
[2024-11-21 11:39:39,197]: [_trace.py]: atrace: 87:       DEBUG:    [receive_response_body.started request=<Request [b'POST']>]
[2024-11-21 11:39:39,198]: [_trace.py]: atrace: 87:       DEBUG:    [receive_response_body.complete]
[2024-11-21 11:39:39,198]: [_trace.py]: atrace: 87:       DEBUG:    [response_closed.started]
[2024-11-21 11:39:39,198]: [_trace.py]: atrace: 87:       DEBUG:    [response_closed.complete]
[2024-11-21 11:39:39,198]: [_bot.py]: _do_post: 652:       DEBUG:    [Call to Bot API endpoint `getMe` finished with return value `{'id': 6030805959, 'is_bot': True, 'first_name': 'TyPHoone', 'username': 'TyPHoone_Project_bot', 'can_join_groups': True, 'can_read_all_group_messages': False, 'supports_inline_queries': False, 'can_connect_to_business': False, 'has_main_web_app': False}`]
[2024-11-21 11:39:39,202]: [_bot.py]: _do_post: 643:       DEBUG:    [Calling Bot API endpoint `sendDocument` with parameters `{'chat_id': '-4119703192', 'document': <telegram._files.inputfile.InputFile object at 0x7f9fa567a440>}`]
[2024-11-21 11:39:39,202]: [_trace.py]: atrace: 87:       DEBUG:    [send_request_headers.started request=<Request [b'POST']>]
[2024-11-21 11:39:39,203]: [_trace.py]: atrace: 87:       DEBUG:    [send_request_headers.complete]
[2024-11-21 11:39:39,203]: [_trace.py]: atrace: 87:       DEBUG:    [send_request_body.started request=<Request [b'POST']>]
[2024-11-21 11:39:39,203]: [_trace.py]: atrace: 87:       DEBUG:    [send_request_body.complete]
[2024-11-21 11:39:39,203]: [_trace.py]: atrace: 87:       DEBUG:    [receive_response_headers.started request=<Request [b'POST']>]
[2024-11-21 11:39:39,607]: [_trace.py]: atrace: 87:       DEBUG:    [receive_response_headers.complete return_value=(b'HTTP/1.1', 200, b'OK', [(b'Server', b'nginx/1.18.0'), (b'Date', b'Thu, 21 Nov 2024 11:39:39 GMT'), (b'Content-Type', b'application/json'), (b'Content-Length', b'464'), (b'Connection', b'keep-alive'), (b'Strict-Transport-Security', b'max-age=31536000; includeSubDomains; preload'), (b'Access-Control-Allow-Origin', b'*'), (b'Access-Control-Allow-Methods', b'GET, POST, OPTIONS'), (b'Access-Control-Expose-Headers', b'Content-Length,Content-Type,Date,Server,Connection')])]
[2024-11-21 11:39:39,608]: [_client.py]: _send_single_request: 1786:       INFO:    [HTTP Request: POST https://api.telegram.org/bot6030805959:AAGUHAMxLYc-PrevgKouJ3ZyM7ktu56ftjo/sendDocument "HTTP/1.1 200 OK"]
[2024-11-21 11:39:39,608]: [_trace.py]: atrace: 87:       DEBUG:    [receive_response_body.started request=<Request [b'POST']>]
[2024-11-21 11:39:39,608]: [_trace.py]: atrace: 87:       DEBUG:    [receive_response_body.complete]
[2024-11-21 11:39:39,608]: [_trace.py]: atrace: 87:       DEBUG:    [response_closed.started]
[2024-11-21 11:39:39,608]: [_trace.py]: atrace: 87:       DEBUG:    [response_closed.complete]
[2024-11-21 11:39:39,608]: [_bot.py]: _do_post: 652:       DEBUG:    [Call to Bot API endpoint `sendDocument` finished with return value `{'message_id': 2002, 'from': {'id': 6030805959, 'is_bot': True, 'first_name': 'TyPHoone', 'username': 'TyPHoone_Project_bot'}, 'chat': {'id': -4119703192, 'title': 'Robocop', 'type': 'group', 'all_members_are_administrators': True}, 'date': 1732189179, 'document': {'file_name': '(2024_11_21--11_39).log', 'mime_type': 'text/plain', 'file_id': 'BQACAgQAAxkDAAIH0mc_G_sE7ClZlVylRZhZQgupye0VAAK_EQACwf_5Uec18xjXnHpzNgQ', 'file_unique_id': 'AgADvxEAAsH_-VE', 'file_size': 5937}}`]
[2024-11-21 11:39:39,609]: [_trace.py]: atrace: 87:       DEBUG:    [close.started]
[2024-11-21 11:39:39,609]: [_trace.py]: atrace: 87:       DEBUG:    [close.complete]
[2024-11-21 11:39:39,609]: [_config.py]: load_ssl_context: 82:       DEBUG:    [load_ssl_context verify=True cert=None trust_env=True http2=False]
[2024-11-21 11:39:39,610]: [_config.py]: load_ssl_context_verify: 148:       DEBUG:    [load_verify_locations cafile='/opt/hostedtoolcache/Python/3.12.7/x64/lib/python3.12/site-packages/certifi/cacert.pem']
[2024-11-21 11:39:39,638]: [_config.py]: load_ssl_context: 82:       DEBUG:    [load_ssl_context verify=True cert=None trust_env=True http2=False]
[2024-11-21 11:39:39,639]: [_config.py]: load_ssl_context_verify: 148:       DEBUG:    [load_verify_locations cafile='/opt/hostedtoolcache/Python/3.12.7/x64/lib/python3.12/site-packages/certifi/cacert.pem']
[2024-11-21 11:39:39,667]: [_bot.py]: _do_post: 643:       DEBUG:    [Calling Bot API endpoint `getMe` with parameters `{}`]
[2024-11-21 11:39:39,667]: [_trace.py]: atrace: 87:       DEBUG:    [connect_tcp.started host='api.telegram.org' port=443 local_address=None timeout=5.0 socket_options=None]
[2024-11-21 11:39:39,772]: [_trace.py]: atrace: 87:       DEBUG:    [connect_tcp.complete return_value=<httpcore._backends.anyio.AnyIOStream object at 0x7f9fa5694710>]
[2024-11-21 11:39:39,772]: [_trace.py]: atrace: 87:       DEBUG:    [start_tls.started ssl_context=<ssl.SSLContext object at 0x7f9fa5e3f9d0> server_hostname='api.telegram.org' timeout=5.0]
[2024-11-21 11:39:39,881]: [_trace.py]: atrace: 87:       DEBUG:    [start_tls.complete return_value=<httpcore._backends.anyio.AnyIOStream object at 0x7f9fa57e9550>]
[2024-11-21 11:39:39,881]: [_trace.py]: atrace: 87:       DEBUG:    [send_request_headers.started request=<Request [b'POST']>]
[2024-11-21 11:39:39,881]: [_trace.py]: atrace: 87:       DEBUG:    [send_request_headers.complete]
[2024-11-21 11:39:39,881]: [_trace.py]: atrace: 87:       DEBUG:    [send_request_body.started request=<Request [b'POST']>]
[2024-11-21 11:39:39,881]: [_trace.py]: atrace: 87:       DEBUG:    [send_request_body.complete]
[2024-11-21 11:39:39,881]: [_trace.py]: atrace: 87:       DEBUG:    [receive_response_headers.started request=<Request [b'POST']>]
[2024-11-21 11:39:39,992]: [_trace.py]: atrace: 87:       DEBUG:    [receive_response_headers.complete return_value=(b'HTTP/1.1', 200, b'OK', [(b'Server', b'nginx/1.18.0'), (b'Date', b'Thu, 21 Nov 2024 11:39:39 GMT'), (b'Content-Type', b'application/json'), (b'Content-Length', b'258'), (b'Connection', b'keep-alive'), (b'Strict-Transport-Security', b'max-age=31536000; includeSubDomains; preload'), (b'Access-Control-Allow-Origin', b'*'), (b'Access-Control-Allow-Methods', b'GET, POST, OPTIONS'), (b'Access-Control-Expose-Headers', b'Content-Length,Content-Type,Date,Server,Connection')])]
[2024-11-21 11:39:39,992]: [_client.py]: _send_single_request: 1786:       INFO:    [HTTP Request: POST https://api.telegram.org/bot6030805959:AAGUHAMxLYc-PrevgKouJ3ZyM7ktu56ftjo/getMe "HTTP/1.1 200 OK"]
[2024-11-21 11:39:39,992]: [_trace.py]: atrace: 87:       DEBUG:    [receive_response_body.started request=<Request [b'POST']>]
[2024-11-21 11:39:39,992]: [_trace.py]: atrace: 87:       DEBUG:    [receive_response_body.complete]
[2024-11-21 11:39:39,992]: [_trace.py]: atrace: 87:       DEBUG:    [response_closed.started]
[2024-11-21 11:39:39,992]: [_trace.py]: atrace: 87:       DEBUG:    [response_closed.complete]
[2024-11-21 11:39:39,993]: [_bot.py]: _do_post: 652:       DEBUG:    [Call to Bot API endpoint `getMe` finished with return value `{'id': 6030805959, 'is_bot': True, 'first_name': 'TyPHoone', 'username': 'TyPHoone_Project_bot', 'can_join_groups': True, 'can_read_all_group_messages': False, 'supports_inline_queries': False, 'can_connect_to_business': False, 'has_main_web_app': False}`]
[2024-11-21 11:39:39,995]: [_bot.py]: _do_post: 643:       DEBUG:    [Calling Bot API endpoint `sendDocument` with parameters `{'chat_id': '-4119703192', 'document': <telegram._files.inputfile.InputFile object at 0x7f9fb4d02180>}`]
[2024-11-21 11:39:39,995]: [_trace.py]: atrace: 87:       DEBUG:    [send_request_headers.started request=<Request [b'POST']>]
[2024-11-21 11:39:39,996]: [_trace.py]: atrace: 87:       DEBUG:    [send_request_headers.complete]
[2024-11-21 11:39:39,996]: [_trace.py]: atrace: 87:       DEBUG:    [send_request_body.started request=<Request [b'POST']>]
[2024-11-21 11:39:41,055]: [_trace.py]: atrace: 87:       DEBUG:    [send_request_body.complete]
[2024-11-21 11:39:41,055]: [_trace.py]: atrace: 87:       DEBUG:    [receive_response_headers.started request=<Request [b'POST']>]
[2024-11-21 11:39:42,220]: [_trace.py]: atrace: 87:       DEBUG:    [receive_response_headers.complete return_value=(b'HTTP/1.1', 200, b'OK', [(b'Server', b'nginx/1.18.0'), (b'Date', b'Thu, 21 Nov 2024 11:39:42 GMT'), (b'Content-Type', b'application/json'), (b'Content-Length', b'478'), (b'Connection', b'keep-alive'), (b'Strict-Transport-Security', b'max-age=31536000; includeSubDomains; preload'), (b'Access-Control-Allow-Origin', b'*'), (b'Access-Control-Allow-Methods', b'GET, POST, OPTIONS'), (b'Access-Control-Expose-Headers', b'Content-Length,Content-Type,Date,Server,Connection')])]
[2024-11-21 11:39:42,220]: [_client.py]: _send_single_request: 1786:       INFO:    [HTTP Request: POST https://api.telegram.org/bot6030805959:AAGUHAMxLYc-PrevgKouJ3ZyM7ktu56ftjo/sendDocument "HTTP/1.1 200 OK"]
[2024-11-21 11:39:42,221]: [_trace.py]: atrace: 87:       DEBUG:    [receive_response_body.started request=<Request [b'POST']>]
[2024-11-21 11:39:42,221]: [_trace.py]: atrace: 87:       DEBUG:    [receive_response_body.complete]
[2024-11-21 11:39:42,221]: [_trace.py]: atrace: 87:       DEBUG:    [response_closed.started]
[2024-11-21 11:39:42,221]: [_trace.py]: atrace: 87:       DEBUG:    [response_closed.complete]
[2024-11-21 11:39:42,221]: [_bot.py]: _do_post: 652:       DEBUG:    [Call to Bot API endpoint `sendDocument` finished with return value `{'message_id': 2003, 'from': {'id': 6030805959, 'is_bot': True, 'first_name': 'TyPHoone', 'username': 'TyPHoone_Project_bot'}, 'chat': {'id': -4119703192, 'title': 'Robocop', 'type': 'group', 'all_members_are_administrators': True}, 'date': 1732189182, 'document': {'file_name': '(2024_11_21--11_39)output.zip', 'mime_type': 'application/zip', 'file_id': 'BQACAgQAAxkDAAIH02c_G_3106GqaDC0_eTwd1djRQMRAALAEQACwf_5UdKJIQytUbiwNgQ', 'file_unique_id': 'AgADwBEAAsH_-VE', 'file_size': 9894268}}`]
[2024-11-21 11:39:42,221]: [_trace.py]: atrace: 87:       DEBUG:    [close.started]
[2024-11-21 11:39:42,222]: [_trace.py]: atrace: 87:       DEBUG:    [close.complete]
[2024-11-21 11:39:42,222]: [Telegram_Sender.py]: runner: 61:       INFO:    [sent successfully]
[2024-11-21 11:39:42,222]: [Main.py]: <module>: 48:       INFO:    [Finished]
