[2025-09-30 11:40:23,332]: [Main.py]: <module>: 21:       INFO:    [Started]
[2025-09-30 11:40:25,633]: [Iron_Scraper.py]: Scrap: 32:       INFO:    [Data Scaraped Successfully]
[2025-09-30 11:40:25,837]: [Iron_Scraper.py]: Scrap: 70:       INFO:    [Scrapped Data Has No Problem]
[2025-09-30 11:40:25,838]: [Iron_Scraper.py]: Scrap: 83:       INFO:    [Data Saved Successfully]
[2025-09-30 11:40:25,838]: [Iron.py]: Run: 26:       INFO:    [Scraping Phase Completed]
[2025-09-30 11:40:25,838]: [Iron_Data_Processor.py]: Data_Reader: 61:       INFO:    [Data File Has Been Red Successfully]
[2025-09-30 11:40:25,838]: [Iron_Data_Processor.py]: Shaper: 78:       INFO:    [Data Shaped]
[2025-09-30 11:40:25,839]: [Iron_Data_Processor.py]: Process: 228:       INFO:    [Data Cleaned]
[2025-09-30 11:40:25,839]: [Iron_Data_Processor.py]: Make_Pages_Objects: 101:       INFO:    [Page Objects Has Been Made]
[2025-09-30 11:40:25,839]: [Iron_Data_Processor.py]: Make_Pages_Objects: 101:       INFO:    [Page Objects Has Been Made]
[2025-09-30 11:40:25,839]: [Iron_Data_Processor.py]: Load_Data: 118:       INFO:    [Data Has Been Load]
[2025-09-30 11:40:25,839]: [Iron_Data_Processor.py]: Load_Data: 118:       INFO:    [Data Has Been Load]
[2025-09-30 11:40:25,839]: [Iron_Data_Processor.py]: Load_positions: 140:       INFO:    [Positions Are Ready]
[2025-09-30 11:40:25,839]: [Iron_Data_Processor.py]: Load_positions: 140:       INFO:    [Positions Are Ready]
[2025-09-30 11:40:26,974]: [Iron_Data_Processor.py]: Make_Tagged_Images: 193:       INFO:    [Images Has Been Made]
[2025-09-30 11:40:27,926]: [Iron_Data_Processor.py]: Make_Tagged_Images: 193:       INFO:    [Images Has Been Made]
[2025-09-30 11:40:28,181]: [Iron_Data_Processor.py]: Make_Cover_Page: 215:       INFO:    [Made Cover Pages]
[2025-09-30 11:40:28,181]: [Iron.py]: Run: 29:       INFO:    [Imagination Phase Completed]
[2025-09-30 11:40:31,050]: [Phone_Scraper.py]: Scrap: 58:       INFO:    [Data Scraped]
[2025-09-30 11:40:31,050]: [Phone_Scraper.py]: Scrap: 71:       INFO:    [Scraped Data Successfully]
[2025-09-30 11:40:31,050]: [Phone.py]: Run: 26:       INFO:    [Scraping Phase Complete]
[2025-09-30 11:40:31,051]: [Phone_Data_Processor.py]: data_reader: 38:       INFO:    [Scraped Data Loaded]
[2025-09-30 11:40:31,052]: [Phone_Data_Processor.py]: filter_list: 65:       INFO:    [Persian Phrases Are deleted]
[2025-09-30 11:40:31,052]: [Phone_Data_Processor.py]: reshape_list: 87:       INFO:    [Date Reshaped]
[2025-09-30 11:40:31,052]: [Phone_Data_Processor.py]: separate_brands: 124:       INFO:    [Brands Are Separated]
[2025-09-30 11:40:31,053]: [Phone_Data_Processor.py]: delete_extra_spaces: 141:       INFO:    [Extra Spaces Are Deleted]
[2025-09-30 11:40:31,797]: [Phone.py]: Run: 29:       INFO:    [Imagination Phase Complete]
[2025-09-30 11:40:31,797]: [selector_events.py]: __init__: 64:       DEBUG:    [Using selector: EpollSelector]
[2025-09-30 11:40:32,079]: [_bot.py]: _do_post: 643:       DEBUG:    [Calling Bot API endpoint `getMe` with parameters `{}`]
[2025-09-30 11:40:32,084]: [_trace.py]: atrace: 87:       DEBUG:    [connect_tcp.started host='api.telegram.org' port=443 local_address=None timeout=5.0 socket_options=None]
[2025-09-30 11:40:32,267]: [_trace.py]: atrace: 87:       DEBUG:    [connect_tcp.complete return_value=<httpcore._backends.anyio.AnyIOStream object at 0x7fe5e49bcfb0>]
[2025-09-30 11:40:32,268]: [_trace.py]: atrace: 87:       DEBUG:    [start_tls.started ssl_context=<ssl.SSLContext object at 0x7fe5e53a9f50> server_hostname='api.telegram.org' timeout=5.0]
[2025-09-30 11:40:32,419]: [_trace.py]: atrace: 87:       DEBUG:    [start_tls.complete return_value=<httpcore._backends.anyio.AnyIOStream object at 0x7fe5e54490d0>]
[2025-09-30 11:40:32,419]: [_trace.py]: atrace: 87:       DEBUG:    [send_request_headers.started request=<Request [b'POST']>]
[2025-09-30 11:40:32,420]: [_trace.py]: atrace: 87:       DEBUG:    [send_request_headers.complete]
[2025-09-30 11:40:32,420]: [_trace.py]: atrace: 87:       DEBUG:    [send_request_body.started request=<Request [b'POST']>]
[2025-09-30 11:40:32,420]: [_trace.py]: atrace: 87:       DEBUG:    [send_request_body.complete]
[2025-09-30 11:40:32,420]: [_trace.py]: atrace: 87:       DEBUG:    [receive_response_headers.started request=<Request [b'POST']>]
[2025-09-30 11:40:32,572]: [_trace.py]: atrace: 87:       DEBUG:    [receive_response_headers.complete return_value=(b'HTTP/1.1', 200, b'OK', [(b'Server', b'nginx/1.18.0'), (b'Date', b'Tue, 30 Sep 2025 11:40:32 GMT'), (b'Content-Type', b'application/json'), (b'Content-Length', b'258'), (b'Connection', b'keep-alive'), (b'Strict-Transport-Security', b'max-age=31536000; includeSubDomains; preload'), (b'Access-Control-Allow-Origin', b'*'), (b'Access-Control-Allow-Methods', b'GET, POST, OPTIONS'), (b'Access-Control-Expose-Headers', b'Content-Length,Content-Type,Date,Server,Connection')])]
[2025-09-30 11:40:32,573]: [_client.py]: _send_single_request: 1740:       INFO:    [HTTP Request: POST https://api.telegram.org/bot6030805959:AAGUHAMxLYc-PrevgKouJ3ZyM7ktu56ftjo/getMe "HTTP/1.1 200 OK"]
[2025-09-30 11:40:32,573]: [_trace.py]: atrace: 87:       DEBUG:    [receive_response_body.started request=<Request [b'POST']>]
[2025-09-30 11:40:32,573]: [_trace.py]: atrace: 87:       DEBUG:    [receive_response_body.complete]
[2025-09-30 11:40:32,573]: [_trace.py]: atrace: 87:       DEBUG:    [response_closed.started]
[2025-09-30 11:40:32,573]: [_trace.py]: atrace: 87:       DEBUG:    [response_closed.complete]
[2025-09-30 11:40:32,573]: [_bot.py]: _do_post: 652:       DEBUG:    [Call to Bot API endpoint `getMe` finished with return value `{'id': 6030805959, 'is_bot': True, 'first_name': 'TyPHoone', 'username': 'TyPHoone_Project_bot', 'can_join_groups': True, 'can_read_all_group_messages': False, 'supports_inline_queries': False, 'can_connect_to_business': False, 'has_main_web_app': False}`]
[2025-09-30 11:40:32,576]: [_bot.py]: _do_post: 643:       DEBUG:    [Calling Bot API endpoint `sendDocument` with parameters `{'chat_id': '-4119703192', 'document': <telegram._files.inputfile.InputFile object at 0x7fe5e4931fc0>}`]
[2025-09-30 11:40:32,577]: [_trace.py]: atrace: 87:       DEBUG:    [send_request_headers.started request=<Request [b'POST']>]
[2025-09-30 11:40:32,577]: [_trace.py]: atrace: 87:       DEBUG:    [send_request_headers.complete]
[2025-09-30 11:40:32,577]: [_trace.py]: atrace: 87:       DEBUG:    [send_request_body.started request=<Request [b'POST']>]
[2025-09-30 11:40:32,578]: [_trace.py]: atrace: 87:       DEBUG:    [send_request_body.complete]
[2025-09-30 11:40:32,578]: [_trace.py]: atrace: 87:       DEBUG:    [receive_response_headers.started request=<Request [b'POST']>]
[2025-09-30 11:40:32,774]: [_trace.py]: atrace: 87:       DEBUG:    [receive_response_headers.complete return_value=(b'HTTP/1.1', 200, b'OK', [(b'Server', b'nginx/1.18.0'), (b'Date', b'Tue, 30 Sep 2025 11:40:32 GMT'), (b'Content-Type', b'application/json'), (b'Content-Length', b'584'), (b'Connection', b'keep-alive'), (b'Strict-Transport-Security', b'max-age=31536000; includeSubDomains; preload'), (b'Access-Control-Allow-Origin', b'*'), (b'Access-Control-Allow-Methods', b'GET, POST, OPTIONS'), (b'Access-Control-Expose-Headers', b'Content-Length,Content-Type,Date,Server,Connection')])]
[2025-09-30 11:40:32,774]: [_client.py]: _send_single_request: 1740:       INFO:    [HTTP Request: POST https://api.telegram.org/bot6030805959:AAGUHAMxLYc-PrevgKouJ3ZyM7ktu56ftjo/sendDocument "HTTP/1.1 200 OK"]
[2025-09-30 11:40:32,774]: [_trace.py]: atrace: 87:       DEBUG:    [receive_response_body.started request=<Request [b'POST']>]
[2025-09-30 11:40:32,774]: [_trace.py]: atrace: 87:       DEBUG:    [receive_response_body.complete]
[2025-09-30 11:40:32,774]: [_trace.py]: atrace: 87:       DEBUG:    [response_closed.started]
[2025-09-30 11:40:32,775]: [_trace.py]: atrace: 87:       DEBUG:    [response_closed.complete]
[2025-09-30 11:40:32,775]: [_bot.py]: _do_post: 652:       DEBUG:    [Call to Bot API endpoint `sendDocument` finished with return value `{'message_id': 2635, 'from': {'id': 6030805959, 'is_bot': True, 'first_name': 'TyPHoone', 'username': 'TyPHoone_Project_bot'}, 'chat': {'id': -4119703192, 'title': 'Robocop', 'type': 'group', 'all_members_are_administrators': True, 'accepted_gift_types': {'unlimited_gifts': False, 'limited_gifts': False, 'unique_gifts': False, 'premium_subscription': False}}, 'date': 1759232432, 'document': {'file_name': '(2025_09_30--11_40).log', 'mime_type': 'text/plain', 'file_id': 'BQACAgQAAxkDAAIKS2jbwbCYQbqcB-P_OlojimB4ZMPTAAIEGQACz83hUlqR1jSof-NYNgQ', 'file_unique_id': 'AgADBBkAAs_N4VI', 'file_size': 5937}}`]
[2025-09-30 11:40:32,776]: [_trace.py]: atrace: 87:       DEBUG:    [close.started]
[2025-09-30 11:40:32,776]: [_trace.py]: atrace: 87:       DEBUG:    [close.complete]
[2025-09-30 11:40:32,820]: [_bot.py]: _do_post: 643:       DEBUG:    [Calling Bot API endpoint `getMe` with parameters `{}`]
[2025-09-30 11:40:32,820]: [_trace.py]: atrace: 87:       DEBUG:    [connect_tcp.started host='api.telegram.org' port=443 local_address=None timeout=5.0 socket_options=None]
[2025-09-30 11:40:32,970]: [_trace.py]: atrace: 87:       DEBUG:    [connect_tcp.complete return_value=<httpcore._backends.anyio.AnyIOStream object at 0x7fe5e4a0e240>]
[2025-09-30 11:40:32,970]: [_trace.py]: atrace: 87:       DEBUG:    [start_tls.started ssl_context=<ssl.SSLContext object at 0x7fe5e53a9e50> server_hostname='api.telegram.org' timeout=5.0]
[2025-09-30 11:40:33,121]: [_trace.py]: atrace: 87:       DEBUG:    [start_tls.complete return_value=<httpcore._backends.anyio.AnyIOStream object at 0x7fe5e56f27b0>]
[2025-09-30 11:40:33,121]: [_trace.py]: atrace: 87:       DEBUG:    [send_request_headers.started request=<Request [b'POST']>]
[2025-09-30 11:40:33,121]: [_trace.py]: atrace: 87:       DEBUG:    [send_request_headers.complete]
[2025-09-30 11:40:33,121]: [_trace.py]: atrace: 87:       DEBUG:    [send_request_body.started request=<Request [b'POST']>]
[2025-09-30 11:40:33,121]: [_trace.py]: atrace: 87:       DEBUG:    [send_request_body.complete]
[2025-09-30 11:40:33,121]: [_trace.py]: atrace: 87:       DEBUG:    [receive_response_headers.started request=<Request [b'POST']>]
[2025-09-30 11:40:33,271]: [_trace.py]: atrace: 87:       DEBUG:    [receive_response_headers.complete return_value=(b'HTTP/1.1', 200, b'OK', [(b'Server', b'nginx/1.18.0'), (b'Date', b'Tue, 30 Sep 2025 11:40:33 GMT'), (b'Content-Type', b'application/json'), (b'Content-Length', b'258'), (b'Connection', b'keep-alive'), (b'Strict-Transport-Security', b'max-age=31536000; includeSubDomains; preload'), (b'Access-Control-Allow-Origin', b'*'), (b'Access-Control-Allow-Methods', b'GET, POST, OPTIONS'), (b'Access-Control-Expose-Headers', b'Content-Length,Content-Type,Date,Server,Connection')])]
[2025-09-30 11:40:33,272]: [_client.py]: _send_single_request: 1740:       INFO:    [HTTP Request: POST https://api.telegram.org/bot6030805959:AAGUHAMxLYc-PrevgKouJ3ZyM7ktu56ftjo/getMe "HTTP/1.1 200 OK"]
[2025-09-30 11:40:33,272]: [_trace.py]: atrace: 87:       DEBUG:    [receive_response_body.started request=<Request [b'POST']>]
[2025-09-30 11:40:33,272]: [_trace.py]: atrace: 87:       DEBUG:    [receive_response_body.complete]
[2025-09-30 11:40:33,272]: [_trace.py]: atrace: 87:       DEBUG:    [response_closed.started]
[2025-09-30 11:40:33,272]: [_trace.py]: atrace: 87:       DEBUG:    [response_closed.complete]
[2025-09-30 11:40:33,272]: [_bot.py]: _do_post: 652:       DEBUG:    [Call to Bot API endpoint `getMe` finished with return value `{'id': 6030805959, 'is_bot': True, 'first_name': 'TyPHoone', 'username': 'TyPHoone_Project_bot', 'can_join_groups': True, 'can_read_all_group_messages': False, 'supports_inline_queries': False, 'can_connect_to_business': False, 'has_main_web_app': False}`]
[2025-09-30 11:40:33,275]: [_bot.py]: _do_post: 643:       DEBUG:    [Calling Bot API endpoint `sendDocument` with parameters `{'chat_id': '-4119703192', 'document': <telegram._files.inputfile.InputFile object at 0x7fe5e53ce440>}`]
[2025-09-30 11:40:33,275]: [_trace.py]: atrace: 87:       DEBUG:    [send_request_headers.started request=<Request [b'POST']>]
[2025-09-30 11:40:33,275]: [_trace.py]: atrace: 87:       DEBUG:    [send_request_headers.complete]
[2025-09-30 11:40:33,275]: [_trace.py]: atrace: 87:       DEBUG:    [send_request_body.started request=<Request [b'POST']>]
[2025-09-30 11:40:34,771]: [_trace.py]: atrace: 87:       DEBUG:    [send_request_body.complete]
[2025-09-30 11:40:34,771]: [_trace.py]: atrace: 87:       DEBUG:    [receive_response_headers.started request=<Request [b'POST']>]
[2025-09-30 11:40:35,535]: [_trace.py]: atrace: 87:       DEBUG:    [receive_response_headers.complete return_value=(b'HTTP/1.1', 200, b'OK', [(b'Server', b'nginx/1.18.0'), (b'Date', b'Tue, 30 Sep 2025 11:40:35 GMT'), (b'Content-Type', b'application/json'), (b'Content-Length', b'599'), (b'Connection', b'keep-alive'), (b'Strict-Transport-Security', b'max-age=31536000; includeSubDomains; preload'), (b'Access-Control-Allow-Origin', b'*'), (b'Access-Control-Allow-Methods', b'GET, POST, OPTIONS'), (b'Access-Control-Expose-Headers', b'Content-Length,Content-Type,Date,Server,Connection')])]
[2025-09-30 11:40:35,535]: [_client.py]: _send_single_request: 1740:       INFO:    [HTTP Request: POST https://api.telegram.org/bot6030805959:AAGUHAMxLYc-PrevgKouJ3ZyM7ktu56ftjo/sendDocument "HTTP/1.1 200 OK"]
[2025-09-30 11:40:35,535]: [_trace.py]: atrace: 87:       DEBUG:    [receive_response_body.started request=<Request [b'POST']>]
[2025-09-30 11:40:35,535]: [_trace.py]: atrace: 87:       DEBUG:    [receive_response_body.complete]
[2025-09-30 11:40:35,535]: [_trace.py]: atrace: 87:       DEBUG:    [response_closed.started]
[2025-09-30 11:40:35,535]: [_trace.py]: atrace: 87:       DEBUG:    [response_closed.complete]
[2025-09-30 11:40:35,535]: [_bot.py]: _do_post: 652:       DEBUG:    [Call to Bot API endpoint `sendDocument` finished with return value `{'message_id': 2636, 'from': {'id': 6030805959, 'is_bot': True, 'first_name': 'TyPHoone', 'username': 'TyPHoone_Project_bot'}, 'chat': {'id': -4119703192, 'title': 'Robocop', 'type': 'group', 'all_members_are_administrators': True, 'accepted_gift_types': {'unlimited_gifts': False, 'limited_gifts': False, 'unique_gifts': False, 'premium_subscription': False}}, 'date': 1759232435, 'document': {'file_name': '(2025_09_30--11_40)output.zip', 'mime_type': 'application/zip', 'file_id': 'BQACAgQAAxkDAAIKTGjbwbMsXVosQrkjCPQhwe8DKZDEAAIFGQACz83hUtChB5vxGfW7NgQ', 'file_unique_id': 'AgADBRkAAs_N4VI', 'file_size': 10122783}}`]
[2025-09-30 11:40:35,536]: [_trace.py]: atrace: 87:       DEBUG:    [close.started]
[2025-09-30 11:40:35,536]: [_trace.py]: atrace: 87:       DEBUG:    [close.complete]
[2025-09-30 11:40:35,536]: [Telegram_Sender.py]: runner: 61:       INFO:    [sent successfully]
[2025-09-30 11:40:35,537]: [Main.py]: <module>: 48:       INFO:    [Finished]
