[2024-09-20 11:39:20,517]: [Main.py]: <module>: 21:       INFO:    [Started]
[2024-09-20 11:39:22,067]: [Iron_Scraper.py]: Scrap: 32:       INFO:    [Data Scaraped Successfully]
[2024-09-20 11:39:22,255]: [Iron_Scraper.py]: Scrap: 70:       INFO:    [Scrapped Data Has No Problem]
[2024-09-20 11:39:22,256]: [Iron_Scraper.py]: Scrap: 83:       INFO:    [Data Saved Successfully]
[2024-09-20 11:39:22,256]: [Iron.py]: Run: 26:       INFO:    [Scraping Phase Completed]
[2024-09-20 11:39:22,256]: [Iron_Data_Processor.py]: Data_Reader: 61:       INFO:    [Data File Has Been Red Successfully]
[2024-09-20 11:39:22,256]: [Iron_Data_Processor.py]: Shaper: 78:       INFO:    [Data Shaped]
[2024-09-20 11:39:22,256]: [Iron_Data_Processor.py]: Process: 228:       INFO:    [Data Cleaned]
[2024-09-20 11:39:22,256]: [Iron_Data_Processor.py]: Make_Pages_Objects: 101:       INFO:    [Page Objects Has Been Made]
[2024-09-20 11:39:22,257]: [Iron_Data_Processor.py]: Make_Pages_Objects: 101:       INFO:    [Page Objects Has Been Made]
[2024-09-20 11:39:22,257]: [Iron_Data_Processor.py]: Load_Data: 118:       INFO:    [Data Has Been Load]
[2024-09-20 11:39:22,257]: [Iron_Data_Processor.py]: Load_Data: 118:       INFO:    [Data Has Been Load]
[2024-09-20 11:39:22,257]: [Iron_Data_Processor.py]: Load_positions: 140:       INFO:    [Positions Are Ready]
[2024-09-20 11:39:22,257]: [Iron_Data_Processor.py]: Load_positions: 140:       INFO:    [Positions Are Ready]
[2024-09-20 11:39:23,384]: [Iron_Data_Processor.py]: Make_Tagged_Images: 193:       INFO:    [Images Has Been Made]
[2024-09-20 11:39:24,342]: [Iron_Data_Processor.py]: Make_Tagged_Images: 193:       INFO:    [Images Has Been Made]
[2024-09-20 11:39:24,600]: [Iron_Data_Processor.py]: Make_Cover_Page: 215:       INFO:    [Made Cover Pages]
[2024-09-20 11:39:24,600]: [Iron.py]: Run: 29:       INFO:    [Imagination Phase Completed]
[2024-09-20 11:39:27,708]: [Phone_Scraper.py]: Scrap: 58:       INFO:    [Data Scraped]
[2024-09-20 11:39:27,708]: [Phone_Scraper.py]: Scrap: 71:       INFO:    [Scraped Data Successfully]
[2024-09-20 11:39:27,709]: [Phone.py]: Run: 26:       INFO:    [Scraping Phase Complete]
[2024-09-20 11:39:27,709]: [Phone_Data_Processor.py]: data_reader: 38:       INFO:    [Scraped Data Loaded]
[2024-09-20 11:39:27,710]: [Phone_Data_Processor.py]: filter_list: 65:       INFO:    [Persian Phrases Are deleted]
[2024-09-20 11:39:27,711]: [Phone_Data_Processor.py]: reshape_list: 87:       INFO:    [Date Reshaped]
[2024-09-20 11:39:27,711]: [Phone_Data_Processor.py]: separate_brands: 124:       INFO:    [Brands Are Separated]
[2024-09-20 11:39:27,711]: [Phone_Data_Processor.py]: delete_extra_spaces: 141:       INFO:    [Extra Spaces Are Deleted]
[2024-09-20 11:39:28,476]: [Phone.py]: Run: 29:       INFO:    [Imagination Phase Complete]
[2024-09-20 11:39:28,476]: [selector_events.py]: __init__: 64:       DEBUG:    [Using selector: EpollSelector]
[2024-09-20 11:39:28,813]: [_bot.py]: _do_post: 643:       DEBUG:    [Calling Bot API endpoint `getMe` with parameters `{}`]
[2024-09-20 11:39:28,818]: [_trace.py]: atrace: 85:       DEBUG:    [connect_tcp.started host='api.telegram.org' port=443 local_address=None timeout=5.0 socket_options=None]
[2024-09-20 11:39:28,942]: [_trace.py]: atrace: 85:       DEBUG:    [connect_tcp.complete return_value=<httpcore._backends.anyio.AnyIOStream object at 0x7ff1998d6ae0>]
[2024-09-20 11:39:28,942]: [_trace.py]: atrace: 85:       DEBUG:    [start_tls.started ssl_context=<ssl.SSLContext object at 0x7ff19a117ad0> server_hostname='api.telegram.org' timeout=5.0]
[2024-09-20 11:39:29,034]: [_trace.py]: atrace: 85:       DEBUG:    [start_tls.complete return_value=<httpcore._backends.anyio.AnyIOStream object at 0x7ff199c43fb0>]
[2024-09-20 11:39:29,035]: [_trace.py]: atrace: 85:       DEBUG:    [send_request_headers.started request=<Request [b'POST']>]
[2024-09-20 11:39:29,035]: [_trace.py]: atrace: 85:       DEBUG:    [send_request_headers.complete]
[2024-09-20 11:39:29,035]: [_trace.py]: atrace: 85:       DEBUG:    [send_request_body.started request=<Request [b'POST']>]
[2024-09-20 11:39:29,035]: [_trace.py]: atrace: 85:       DEBUG:    [send_request_body.complete]
[2024-09-20 11:39:29,035]: [_trace.py]: atrace: 85:       DEBUG:    [receive_response_headers.started request=<Request [b'POST']>]
[2024-09-20 11:39:29,128]: [_trace.py]: atrace: 85:       DEBUG:    [receive_response_headers.complete return_value=(b'HTTP/1.1', 200, b'OK', [(b'Server', b'nginx/1.18.0'), (b'Date', b'Fri, 20 Sep 2024 11:39:29 GMT'), (b'Content-Type', b'application/json'), (b'Content-Length', b'258'), (b'Connection', b'keep-alive'), (b'Strict-Transport-Security', b'max-age=31536000; includeSubDomains; preload'), (b'Access-Control-Allow-Origin', b'*'), (b'Access-Control-Allow-Methods', b'GET, POST, OPTIONS'), (b'Access-Control-Expose-Headers', b'Content-Length,Content-Type,Date,Server,Connection')])]
[2024-09-20 11:39:29,129]: [_client.py]: _send_single_request: 1786:       INFO:    [HTTP Request: POST https://api.telegram.org/bot6030805959:AAGUHAMxLYc-PrevgKouJ3ZyM7ktu56ftjo/getMe "HTTP/1.1 200 OK"]
[2024-09-20 11:39:29,129]: [_trace.py]: atrace: 85:       DEBUG:    [receive_response_body.started request=<Request [b'POST']>]
[2024-09-20 11:39:29,129]: [_trace.py]: atrace: 85:       DEBUG:    [receive_response_body.complete]
[2024-09-20 11:39:29,129]: [_trace.py]: atrace: 85:       DEBUG:    [response_closed.started]
[2024-09-20 11:39:29,129]: [_trace.py]: atrace: 85:       DEBUG:    [response_closed.complete]
[2024-09-20 11:39:29,129]: [_bot.py]: _do_post: 652:       DEBUG:    [Call to Bot API endpoint `getMe` finished with return value `{'id': 6030805959, 'is_bot': True, 'first_name': 'TyPHoone', 'username': 'TyPHoone_Project_bot', 'can_join_groups': True, 'can_read_all_group_messages': False, 'supports_inline_queries': False, 'can_connect_to_business': False, 'has_main_web_app': False}`]
[2024-09-20 11:39:29,133]: [_bot.py]: _do_post: 643:       DEBUG:    [Calling Bot API endpoint `sendDocument` with parameters `{'chat_id': '-4119703192', 'document': <telegram._files.inputfile.InputFile object at 0x7ff19973d740>}`]
[2024-09-20 11:39:29,134]: [_trace.py]: atrace: 85:       DEBUG:    [send_request_headers.started request=<Request [b'POST']>]
[2024-09-20 11:39:29,134]: [_trace.py]: atrace: 85:       DEBUG:    [send_request_headers.complete]
[2024-09-20 11:39:29,134]: [_trace.py]: atrace: 85:       DEBUG:    [send_request_body.started request=<Request [b'POST']>]
[2024-09-20 11:39:29,135]: [_trace.py]: atrace: 85:       DEBUG:    [send_request_body.complete]
[2024-09-20 11:39:29,135]: [_trace.py]: atrace: 85:       DEBUG:    [receive_response_headers.started request=<Request [b'POST']>]
[2024-09-20 11:39:29,271]: [_trace.py]: atrace: 85:       DEBUG:    [receive_response_headers.complete return_value=(b'HTTP/1.1', 200, b'OK', [(b'Server', b'nginx/1.18.0'), (b'Date', b'Fri, 20 Sep 2024 11:39:29 GMT'), (b'Content-Type', b'application/json'), (b'Content-Length', b'464'), (b'Connection', b'keep-alive'), (b'Strict-Transport-Security', b'max-age=31536000; includeSubDomains; preload'), (b'Access-Control-Allow-Origin', b'*'), (b'Access-Control-Allow-Methods', b'GET, POST, OPTIONS'), (b'Access-Control-Expose-Headers', b'Content-Length,Content-Type,Date,Server,Connection')])]
[2024-09-20 11:39:29,272]: [_client.py]: _send_single_request: 1786:       INFO:    [HTTP Request: POST https://api.telegram.org/bot6030805959:AAGUHAMxLYc-PrevgKouJ3ZyM7ktu56ftjo/sendDocument "HTTP/1.1 200 OK"]
[2024-09-20 11:39:29,272]: [_trace.py]: atrace: 85:       DEBUG:    [receive_response_body.started request=<Request [b'POST']>]
[2024-09-20 11:39:29,272]: [_trace.py]: atrace: 85:       DEBUG:    [receive_response_body.complete]
[2024-09-20 11:39:29,272]: [_trace.py]: atrace: 85:       DEBUG:    [response_closed.started]
[2024-09-20 11:39:29,272]: [_trace.py]: atrace: 85:       DEBUG:    [response_closed.complete]
[2024-09-20 11:39:29,272]: [_bot.py]: _do_post: 652:       DEBUG:    [Call to Bot API endpoint `sendDocument` finished with return value `{'message_id': 1878, 'from': {'id': 6030805959, 'is_bot': True, 'first_name': 'TyPHoone', 'username': 'TyPHoone_Project_bot'}, 'chat': {'id': -4119703192, 'title': 'Robocop', 'type': 'group', 'all_members_are_administrators': True}, 'date': 1726832369, 'document': {'file_name': '(2024_09_20--11_39).log', 'mime_type': 'text/plain', 'file_id': 'BQACAgQAAxkDAAIHVmbtXvHkaVh5xG5EiYalgW6zYIluAAJ2HQACPD5oU9XUW51oilW0NgQ', 'file_unique_id': 'AgADdh0AAjw-aFM', 'file_size': 5937}}`]
[2024-09-20 11:39:29,273]: [_trace.py]: atrace: 85:       DEBUG:    [close.started]
[2024-09-20 11:39:29,273]: [_trace.py]: atrace: 85:       DEBUG:    [close.complete]
[2024-09-20 11:39:29,273]: [_config.py]: load_ssl_context: 82:       DEBUG:    [load_ssl_context verify=True cert=None trust_env=True http2=False]
[2024-09-20 11:39:29,274]: [_config.py]: load_ssl_context_verify: 148:       DEBUG:    [load_verify_locations cafile='/opt/hostedtoolcache/Python/3.12.6/x64/lib/python3.12/site-packages/certifi/cacert.pem']
[2024-09-20 11:39:29,302]: [_config.py]: load_ssl_context: 82:       DEBUG:    [load_ssl_context verify=True cert=None trust_env=True http2=False]
[2024-09-20 11:39:29,303]: [_config.py]: load_ssl_context_verify: 148:       DEBUG:    [load_verify_locations cafile='/opt/hostedtoolcache/Python/3.12.6/x64/lib/python3.12/site-packages/certifi/cacert.pem']
[2024-09-20 11:39:29,332]: [_bot.py]: _do_post: 643:       DEBUG:    [Calling Bot API endpoint `getMe` with parameters `{}`]
[2024-09-20 11:39:29,332]: [_trace.py]: atrace: 85:       DEBUG:    [connect_tcp.started host='api.telegram.org' port=443 local_address=None timeout=5.0 socket_options=None]
[2024-09-20 11:39:29,422]: [_trace.py]: atrace: 85:       DEBUG:    [connect_tcp.complete return_value=<httpcore._backends.anyio.AnyIOStream object at 0x7ff199750b60>]
[2024-09-20 11:39:29,422]: [_trace.py]: atrace: 85:       DEBUG:    [start_tls.started ssl_context=<ssl.SSLContext object at 0x7ff19a1178d0> server_hostname='api.telegram.org' timeout=5.0]
[2024-09-20 11:39:29,514]: [_trace.py]: atrace: 85:       DEBUG:    [start_tls.complete return_value=<httpcore._backends.anyio.AnyIOStream object at 0x7ff1998ef110>]
[2024-09-20 11:39:29,514]: [_trace.py]: atrace: 85:       DEBUG:    [send_request_headers.started request=<Request [b'POST']>]
[2024-09-20 11:39:29,514]: [_trace.py]: atrace: 85:       DEBUG:    [send_request_headers.complete]
[2024-09-20 11:39:29,514]: [_trace.py]: atrace: 85:       DEBUG:    [send_request_body.started request=<Request [b'POST']>]
[2024-09-20 11:39:29,514]: [_trace.py]: atrace: 85:       DEBUG:    [send_request_body.complete]
[2024-09-20 11:39:29,514]: [_trace.py]: atrace: 85:       DEBUG:    [receive_response_headers.started request=<Request [b'POST']>]
[2024-09-20 11:39:29,603]: [_trace.py]: atrace: 85:       DEBUG:    [receive_response_headers.complete return_value=(b'HTTP/1.1', 200, b'OK', [(b'Server', b'nginx/1.18.0'), (b'Date', b'Fri, 20 Sep 2024 11:39:29 GMT'), (b'Content-Type', b'application/json'), (b'Content-Length', b'258'), (b'Connection', b'keep-alive'), (b'Strict-Transport-Security', b'max-age=31536000; includeSubDomains; preload'), (b'Access-Control-Allow-Origin', b'*'), (b'Access-Control-Allow-Methods', b'GET, POST, OPTIONS'), (b'Access-Control-Expose-Headers', b'Content-Length,Content-Type,Date,Server,Connection')])]
[2024-09-20 11:39:29,604]: [_client.py]: _send_single_request: 1786:       INFO:    [HTTP Request: POST https://api.telegram.org/bot6030805959:AAGUHAMxLYc-PrevgKouJ3ZyM7ktu56ftjo/getMe "HTTP/1.1 200 OK"]
[2024-09-20 11:39:29,604]: [_trace.py]: atrace: 85:       DEBUG:    [receive_response_body.started request=<Request [b'POST']>]
[2024-09-20 11:39:29,604]: [_trace.py]: atrace: 85:       DEBUG:    [receive_response_body.complete]
[2024-09-20 11:39:29,604]: [_trace.py]: atrace: 85:       DEBUG:    [response_closed.started]
[2024-09-20 11:39:29,604]: [_trace.py]: atrace: 85:       DEBUG:    [response_closed.complete]
[2024-09-20 11:39:29,604]: [_bot.py]: _do_post: 652:       DEBUG:    [Call to Bot API endpoint `getMe` finished with return value `{'id': 6030805959, 'is_bot': True, 'first_name': 'TyPHoone', 'username': 'TyPHoone_Project_bot', 'can_join_groups': True, 'can_read_all_group_messages': False, 'supports_inline_queries': False, 'can_connect_to_business': False, 'has_main_web_app': False}`]
[2024-09-20 11:39:29,607]: [_bot.py]: _do_post: 643:       DEBUG:    [Calling Bot API endpoint `sendDocument` with parameters `{'chat_id': '-4119703192', 'document': <telegram._files.inputfile.InputFile object at 0x7ff19a12af40>}`]
[2024-09-20 11:39:29,608]: [_trace.py]: atrace: 85:       DEBUG:    [send_request_headers.started request=<Request [b'POST']>]
[2024-09-20 11:39:29,608]: [_trace.py]: atrace: 85:       DEBUG:    [send_request_headers.complete]
[2024-09-20 11:39:29,608]: [_trace.py]: atrace: 85:       DEBUG:    [send_request_body.started request=<Request [b'POST']>]
[2024-09-20 11:39:30,488]: [_trace.py]: atrace: 85:       DEBUG:    [send_request_body.complete]
[2024-09-20 11:39:30,489]: [_trace.py]: atrace: 85:       DEBUG:    [receive_response_headers.started request=<Request [b'POST']>]
[2024-09-20 11:39:31,463]: [_trace.py]: atrace: 85:       DEBUG:    [receive_response_headers.complete return_value=(b'HTTP/1.1', 200, b'OK', [(b'Server', b'nginx/1.18.0'), (b'Date', b'Fri, 20 Sep 2024 11:39:31 GMT'), (b'Content-Type', b'application/json'), (b'Content-Length', b'479'), (b'Connection', b'keep-alive'), (b'Strict-Transport-Security', b'max-age=31536000; includeSubDomains; preload'), (b'Access-Control-Allow-Origin', b'*'), (b'Access-Control-Allow-Methods', b'GET, POST, OPTIONS'), (b'Access-Control-Expose-Headers', b'Content-Length,Content-Type,Date,Server,Connection')])]
[2024-09-20 11:39:31,464]: [_client.py]: _send_single_request: 1786:       INFO:    [HTTP Request: POST https://api.telegram.org/bot6030805959:AAGUHAMxLYc-PrevgKouJ3ZyM7ktu56ftjo/sendDocument "HTTP/1.1 200 OK"]
[2024-09-20 11:39:31,464]: [_trace.py]: atrace: 85:       DEBUG:    [receive_response_body.started request=<Request [b'POST']>]
[2024-09-20 11:39:31,464]: [_trace.py]: atrace: 85:       DEBUG:    [receive_response_body.complete]
[2024-09-20 11:39:31,464]: [_trace.py]: atrace: 85:       DEBUG:    [response_closed.started]
[2024-09-20 11:39:31,464]: [_trace.py]: atrace: 85:       DEBUG:    [response_closed.complete]
[2024-09-20 11:39:31,464]: [_bot.py]: _do_post: 652:       DEBUG:    [Call to Bot API endpoint `sendDocument` finished with return value `{'message_id': 1879, 'from': {'id': 6030805959, 'is_bot': True, 'first_name': 'TyPHoone', 'username': 'TyPHoone_Project_bot'}, 'chat': {'id': -4119703192, 'title': 'Robocop', 'type': 'group', 'all_members_are_administrators': True}, 'date': 1726832371, 'document': {'file_name': '(2024_09_20--11_39)output.zip', 'mime_type': 'application/zip', 'file_id': 'BQACAgQAAxkDAAIHV2btXvOQPuU6hRZnVq32dOo1hZBcAAJ3HQACPD5oUzDMhUbXC-okNgQ', 'file_unique_id': 'AgADdx0AAjw-aFM', 'file_size': 10165152}}`]
[2024-09-20 11:39:31,465]: [_trace.py]: atrace: 85:       DEBUG:    [close.started]
[2024-09-20 11:39:31,465]: [_trace.py]: atrace: 85:       DEBUG:    [close.complete]
[2024-09-20 11:39:31,465]: [Telegram_Sender.py]: runner: 61:       INFO:    [sent successfully]
[2024-09-20 11:39:31,466]: [Main.py]: <module>: 48:       INFO:    [Finished]
