[2024-12-30 11:39:08,811]: [Main.py]: <module>: 21:       INFO:    [Started]
[2024-12-30 11:39:10,934]: [Iron_Scraper.py]: Scrap: 32:       INFO:    [Data Scaraped Successfully]
[2024-12-30 11:39:10,980]: [Iron_Scraper.py]: Scrap: 70:       INFO:    [Scrapped Data Has No Problem]
[2024-12-30 11:39:10,980]: [Iron_Scraper.py]: Scrap: 83:       INFO:    [Data Saved Successfully]
[2024-12-30 11:39:10,980]: [Iron.py]: Run: 26:       INFO:    [Scraping Phase Completed]
[2024-12-30 11:39:10,981]: [Iron_Data_Processor.py]: Data_Reader: 61:       INFO:    [Data File Has Been Red Successfully]
[2024-12-30 11:39:10,981]: [Iron_Data_Processor.py]: Shaper: 78:       INFO:    [Data Shaped]
[2024-12-30 11:39:10,981]: [Iron_Data_Processor.py]: Process: 228:       INFO:    [Data Cleaned]
[2024-12-30 11:39:10,981]: [Iron_Data_Processor.py]: Make_Pages_Objects: 101:       INFO:    [Page Objects Has Been Made]
[2024-12-30 11:39:10,981]: [Iron_Data_Processor.py]: Make_Pages_Objects: 101:       INFO:    [Page Objects Has Been Made]
[2024-12-30 11:39:10,981]: [Iron_Data_Processor.py]: Load_Data: 118:       INFO:    [Data Has Been Load]
[2024-12-30 11:39:10,981]: [Iron_Data_Processor.py]: Load_Data: 118:       INFO:    [Data Has Been Load]
[2024-12-30 11:39:10,981]: [Iron_Data_Processor.py]: Load_positions: 140:       INFO:    [Positions Are Ready]
[2024-12-30 11:39:10,981]: [Iron_Data_Processor.py]: Load_positions: 140:       INFO:    [Positions Are Ready]
[2024-12-30 11:39:12,041]: [Iron_Data_Processor.py]: Make_Tagged_Images: 193:       INFO:    [Images Has Been Made]
[2024-12-30 11:39:12,931]: [Iron_Data_Processor.py]: Make_Tagged_Images: 193:       INFO:    [Images Has Been Made]
[2024-12-30 11:39:13,182]: [Iron_Data_Processor.py]: Make_Cover_Page: 215:       INFO:    [Made Cover Pages]
[2024-12-30 11:39:13,183]: [Iron.py]: Run: 29:       INFO:    [Imagination Phase Completed]
[2024-12-30 11:39:17,177]: [Phone_Scraper.py]: Scrap: 58:       INFO:    [Data Scraped]
[2024-12-30 11:39:17,178]: [Phone_Scraper.py]: Scrap: 71:       INFO:    [Scraped Data Successfully]
[2024-12-30 11:39:17,178]: [Phone.py]: Run: 26:       INFO:    [Scraping Phase Complete]
[2024-12-30 11:39:17,178]: [Phone_Data_Processor.py]: data_reader: 38:       INFO:    [Scraped Data Loaded]
[2024-12-30 11:39:17,179]: [Phone_Data_Processor.py]: filter_list: 65:       INFO:    [Persian Phrases Are deleted]
[2024-12-30 11:39:17,180]: [Phone_Data_Processor.py]: reshape_list: 87:       INFO:    [Date Reshaped]
[2024-12-30 11:39:17,180]: [Phone_Data_Processor.py]: separate_brands: 124:       INFO:    [Brands Are Separated]
[2024-12-30 11:39:17,180]: [Phone_Data_Processor.py]: delete_extra_spaces: 141:       INFO:    [Extra Spaces Are Deleted]
[2024-12-30 11:39:17,793]: [Phone.py]: Run: 29:       INFO:    [Imagination Phase Complete]
[2024-12-30 11:39:17,793]: [selector_events.py]: __init__: 64:       DEBUG:    [Using selector: EpollSelector]
[2024-12-30 11:39:18,053]: [_bot.py]: _do_post: 643:       DEBUG:    [Calling Bot API endpoint `getMe` with parameters `{}`]
[2024-12-30 11:39:18,057]: [_trace.py]: atrace: 87:       DEBUG:    [connect_tcp.started host='api.telegram.org' port=443 local_address=None timeout=5.0 socket_options=None]
[2024-12-30 11:39:18,263]: [_trace.py]: atrace: 87:       DEBUG:    [connect_tcp.complete return_value=<httpcore._backends.anyio.AnyIOStream object at 0x7fed0baab260>]
[2024-12-30 11:39:18,263]: [_trace.py]: atrace: 87:       DEBUG:    [start_tls.started ssl_context=<ssl.SSLContext object at 0x7fed0c10ea50> server_hostname='api.telegram.org' timeout=5.0]
[2024-12-30 11:39:18,418]: [_trace.py]: atrace: 87:       DEBUG:    [start_tls.complete return_value=<httpcore._backends.anyio.AnyIOStream object at 0x7fed0be0cd10>]
[2024-12-30 11:39:18,418]: [_trace.py]: atrace: 87:       DEBUG:    [send_request_headers.started request=<Request [b'POST']>]
[2024-12-30 11:39:18,418]: [_trace.py]: atrace: 87:       DEBUG:    [send_request_headers.complete]
[2024-12-30 11:39:18,418]: [_trace.py]: atrace: 87:       DEBUG:    [send_request_body.started request=<Request [b'POST']>]
[2024-12-30 11:39:18,418]: [_trace.py]: atrace: 87:       DEBUG:    [send_request_body.complete]
[2024-12-30 11:39:18,418]: [_trace.py]: atrace: 87:       DEBUG:    [receive_response_headers.started request=<Request [b'POST']>]
[2024-12-30 11:39:18,611]: [_trace.py]: atrace: 87:       DEBUG:    [receive_response_headers.complete return_value=(b'HTTP/1.1', 200, b'OK', [(b'Server', b'nginx/1.18.0'), (b'Date', b'Mon, 30 Dec 2024 11:39:18 GMT'), (b'Content-Type', b'application/json'), (b'Content-Length', b'258'), (b'Connection', b'keep-alive'), (b'Strict-Transport-Security', b'max-age=31536000; includeSubDomains; preload'), (b'Access-Control-Allow-Origin', b'*'), (b'Access-Control-Allow-Methods', b'GET, POST, OPTIONS'), (b'Access-Control-Expose-Headers', b'Content-Length,Content-Type,Date,Server,Connection')])]
[2024-12-30 11:39:18,612]: [_client.py]: _send_single_request: 1740:       INFO:    [HTTP Request: POST https://api.telegram.org/bot6030805959:AAGUHAMxLYc-PrevgKouJ3ZyM7ktu56ftjo/getMe "HTTP/1.1 200 OK"]
[2024-12-30 11:39:18,612]: [_trace.py]: atrace: 87:       DEBUG:    [receive_response_body.started request=<Request [b'POST']>]
[2024-12-30 11:39:18,612]: [_trace.py]: atrace: 87:       DEBUG:    [receive_response_body.complete]
[2024-12-30 11:39:18,612]: [_trace.py]: atrace: 87:       DEBUG:    [response_closed.started]
[2024-12-30 11:39:18,612]: [_trace.py]: atrace: 87:       DEBUG:    [response_closed.complete]
[2024-12-30 11:39:18,612]: [_bot.py]: _do_post: 652:       DEBUG:    [Call to Bot API endpoint `getMe` finished with return value `{'id': 6030805959, 'is_bot': True, 'first_name': 'TyPHoone', 'username': 'TyPHoone_Project_bot', 'can_join_groups': True, 'can_read_all_group_messages': False, 'supports_inline_queries': False, 'can_connect_to_business': False, 'has_main_web_app': False}`]
[2024-12-30 11:39:18,615]: [_bot.py]: _do_post: 643:       DEBUG:    [Calling Bot API endpoint `sendDocument` with parameters `{'chat_id': '-4119703192', 'document': <telegram._files.inputfile.InputFile object at 0x7fed0b912240>}`]
[2024-12-30 11:39:18,616]: [_trace.py]: atrace: 87:       DEBUG:    [send_request_headers.started request=<Request [b'POST']>]
[2024-12-30 11:39:18,616]: [_trace.py]: atrace: 87:       DEBUG:    [send_request_headers.complete]
[2024-12-30 11:39:18,616]: [_trace.py]: atrace: 87:       DEBUG:    [send_request_body.started request=<Request [b'POST']>]
[2024-12-30 11:39:18,616]: [_trace.py]: atrace: 87:       DEBUG:    [send_request_body.complete]
[2024-12-30 11:39:18,616]: [_trace.py]: atrace: 87:       DEBUG:    [receive_response_headers.started request=<Request [b'POST']>]
[2024-12-30 11:39:19,004]: [_trace.py]: atrace: 87:       DEBUG:    [receive_response_headers.complete return_value=(b'HTTP/1.1', 200, b'OK', [(b'Server', b'nginx/1.18.0'), (b'Date', b'Mon, 30 Dec 2024 11:39:18 GMT'), (b'Content-Type', b'application/json'), (b'Content-Length', b'464'), (b'Connection', b'keep-alive'), (b'Strict-Transport-Security', b'max-age=31536000; includeSubDomains; preload'), (b'Access-Control-Allow-Origin', b'*'), (b'Access-Control-Allow-Methods', b'GET, POST, OPTIONS'), (b'Access-Control-Expose-Headers', b'Content-Length,Content-Type,Date,Server,Connection')])]
[2024-12-30 11:39:19,004]: [_client.py]: _send_single_request: 1740:       INFO:    [HTTP Request: POST https://api.telegram.org/bot6030805959:AAGUHAMxLYc-PrevgKouJ3ZyM7ktu56ftjo/sendDocument "HTTP/1.1 200 OK"]
[2024-12-30 11:39:19,004]: [_trace.py]: atrace: 87:       DEBUG:    [receive_response_body.started request=<Request [b'POST']>]
[2024-12-30 11:39:19,004]: [_trace.py]: atrace: 87:       DEBUG:    [receive_response_body.complete]
[2024-12-30 11:39:19,005]: [_trace.py]: atrace: 87:       DEBUG:    [response_closed.started]
[2024-12-30 11:39:19,005]: [_trace.py]: atrace: 87:       DEBUG:    [response_closed.complete]
[2024-12-30 11:39:19,005]: [_bot.py]: _do_post: 652:       DEBUG:    [Call to Bot API endpoint `sendDocument` finished with return value `{'message_id': 2081, 'from': {'id': 6030805959, 'is_bot': True, 'first_name': 'TyPHoone', 'username': 'TyPHoone_Project_bot'}, 'chat': {'id': -4119703192, 'title': 'Robocop', 'type': 'group', 'all_members_are_administrators': True}, 'date': 1735558758, 'document': {'file_name': '(2024_12_30--11_39).log', 'mime_type': 'text/plain', 'file_id': 'BQACAgQAAxkDAAIIIWdyhmaNT6Q3a2IT3BFOCvmsnNgbAALPGQACQVqZUyvtwZLSFeAkNgQ', 'file_unique_id': 'AgADzxkAAkFamVM', 'file_size': 5937}}`]
[2024-12-30 11:39:19,005]: [_trace.py]: atrace: 87:       DEBUG:    [close.started]
[2024-12-30 11:39:19,005]: [_trace.py]: atrace: 87:       DEBUG:    [close.complete]
[2024-12-30 11:39:19,050]: [_bot.py]: _do_post: 643:       DEBUG:    [Calling Bot API endpoint `getMe` with parameters `{}`]
[2024-12-30 11:39:19,051]: [_trace.py]: atrace: 87:       DEBUG:    [connect_tcp.started host='api.telegram.org' port=443 local_address=None timeout=5.0 socket_options=None]
[2024-12-30 11:39:19,202]: [_trace.py]: atrace: 87:       DEBUG:    [connect_tcp.complete return_value=<httpcore._backends.anyio.AnyIOStream object at 0x7fed0b9563f0>]
[2024-12-30 11:39:19,202]: [_trace.py]: atrace: 87:       DEBUG:    [start_tls.started ssl_context=<ssl.SSLContext object at 0x7fed0c10e850> server_hostname='api.telegram.org' timeout=5.0]
[2024-12-30 11:39:19,353]: [_trace.py]: atrace: 87:       DEBUG:    [start_tls.complete return_value=<httpcore._backends.anyio.AnyIOStream object at 0x7fed0cab9f40>]
[2024-12-30 11:39:19,353]: [_trace.py]: atrace: 87:       DEBUG:    [send_request_headers.started request=<Request [b'POST']>]
[2024-12-30 11:39:19,354]: [_trace.py]: atrace: 87:       DEBUG:    [send_request_headers.complete]
[2024-12-30 11:39:19,354]: [_trace.py]: atrace: 87:       DEBUG:    [send_request_body.started request=<Request [b'POST']>]
[2024-12-30 11:39:19,354]: [_trace.py]: atrace: 87:       DEBUG:    [send_request_body.complete]
[2024-12-30 11:39:19,354]: [_trace.py]: atrace: 87:       DEBUG:    [receive_response_headers.started request=<Request [b'POST']>]
[2024-12-30 11:39:19,505]: [_trace.py]: atrace: 87:       DEBUG:    [receive_response_headers.complete return_value=(b'HTTP/1.1', 200, b'OK', [(b'Server', b'nginx/1.18.0'), (b'Date', b'Mon, 30 Dec 2024 11:39:19 GMT'), (b'Content-Type', b'application/json'), (b'Content-Length', b'258'), (b'Connection', b'keep-alive'), (b'Strict-Transport-Security', b'max-age=31536000; includeSubDomains; preload'), (b'Access-Control-Allow-Origin', b'*'), (b'Access-Control-Allow-Methods', b'GET, POST, OPTIONS'), (b'Access-Control-Expose-Headers', b'Content-Length,Content-Type,Date,Server,Connection')])]
[2024-12-30 11:39:19,505]: [_client.py]: _send_single_request: 1740:       INFO:    [HTTP Request: POST https://api.telegram.org/bot6030805959:AAGUHAMxLYc-PrevgKouJ3ZyM7ktu56ftjo/getMe "HTTP/1.1 200 OK"]
[2024-12-30 11:39:19,505]: [_trace.py]: atrace: 87:       DEBUG:    [receive_response_body.started request=<Request [b'POST']>]
[2024-12-30 11:39:19,505]: [_trace.py]: atrace: 87:       DEBUG:    [receive_response_body.complete]
[2024-12-30 11:39:19,505]: [_trace.py]: atrace: 87:       DEBUG:    [response_closed.started]
[2024-12-30 11:39:19,505]: [_trace.py]: atrace: 87:       DEBUG:    [response_closed.complete]
[2024-12-30 11:39:19,505]: [_bot.py]: _do_post: 652:       DEBUG:    [Call to Bot API endpoint `getMe` finished with return value `{'id': 6030805959, 'is_bot': True, 'first_name': 'TyPHoone', 'username': 'TyPHoone_Project_bot', 'can_join_groups': True, 'can_read_all_group_messages': False, 'supports_inline_queries': False, 'can_connect_to_business': False, 'has_main_web_app': False}`]
[2024-12-30 11:39:19,508]: [_bot.py]: _do_post: 643:       DEBUG:    [Calling Bot API endpoint `sendDocument` with parameters `{'chat_id': '-4119703192', 'document': <telegram._files.inputfile.InputFile object at 0x7fed0c158380>}`]
[2024-12-30 11:39:19,508]: [_trace.py]: atrace: 87:       DEBUG:    [send_request_headers.started request=<Request [b'POST']>]
[2024-12-30 11:39:19,508]: [_trace.py]: atrace: 87:       DEBUG:    [send_request_headers.complete]
[2024-12-30 11:39:19,508]: [_trace.py]: atrace: 87:       DEBUG:    [send_request_body.started request=<Request [b'POST']>]
[2024-12-30 11:39:20,866]: [_trace.py]: atrace: 87:       DEBUG:    [send_request_body.complete]
[2024-12-30 11:39:20,866]: [_trace.py]: atrace: 87:       DEBUG:    [receive_response_headers.started request=<Request [b'POST']>]
[2024-12-30 11:39:21,483]: [_trace.py]: atrace: 87:       DEBUG:    [receive_response_headers.complete return_value=(b'HTTP/1.1', 200, b'OK', [(b'Server', b'nginx/1.18.0'), (b'Date', b'Mon, 30 Dec 2024 11:39:21 GMT'), (b'Content-Type', b'application/json'), (b'Content-Length', b'478'), (b'Connection', b'keep-alive'), (b'Strict-Transport-Security', b'max-age=31536000; includeSubDomains; preload'), (b'Access-Control-Allow-Origin', b'*'), (b'Access-Control-Allow-Methods', b'GET, POST, OPTIONS'), (b'Access-Control-Expose-Headers', b'Content-Length,Content-Type,Date,Server,Connection')])]
[2024-12-30 11:39:21,483]: [_client.py]: _send_single_request: 1740:       INFO:    [HTTP Request: POST https://api.telegram.org/bot6030805959:AAGUHAMxLYc-PrevgKouJ3ZyM7ktu56ftjo/sendDocument "HTTP/1.1 200 OK"]
[2024-12-30 11:39:21,483]: [_trace.py]: atrace: 87:       DEBUG:    [receive_response_body.started request=<Request [b'POST']>]
[2024-12-30 11:39:21,483]: [_trace.py]: atrace: 87:       DEBUG:    [receive_response_body.complete]
[2024-12-30 11:39:21,483]: [_trace.py]: atrace: 87:       DEBUG:    [response_closed.started]
[2024-12-30 11:39:21,483]: [_trace.py]: atrace: 87:       DEBUG:    [response_closed.complete]
[2024-12-30 11:39:21,484]: [_bot.py]: _do_post: 652:       DEBUG:    [Call to Bot API endpoint `sendDocument` finished with return value `{'message_id': 2082, 'from': {'id': 6030805959, 'is_bot': True, 'first_name': 'TyPHoone', 'username': 'TyPHoone_Project_bot'}, 'chat': {'id': -4119703192, 'title': 'Robocop', 'type': 'group', 'all_members_are_administrators': True}, 'date': 1735558761, 'document': {'file_name': '(2024_12_30--11_39)output.zip', 'mime_type': 'application/zip', 'file_id': 'BQACAgQAAxkDAAIIImdyhmmNsEIDYkIRf9s0Ryjp9ZW2AALQGQACQVqZU1A-91n_Xg8oNgQ', 'file_unique_id': 'AgAD0BkAAkFamVM', 'file_size': 9501904}}`]
[2024-12-30 11:39:21,484]: [_trace.py]: atrace: 87:       DEBUG:    [close.started]
[2024-12-30 11:39:21,484]: [_trace.py]: atrace: 87:       DEBUG:    [close.complete]
[2024-12-30 11:39:21,484]: [Telegram_Sender.py]: runner: 61:       INFO:    [sent successfully]
[2024-12-30 11:39:21,485]: [Main.py]: <module>: 48:       INFO:    [Finished]
