[2025-03-23 11:37:52,464]: [Main.py]: <module>: 21:       INFO:    [Started]
[2025-03-23 11:37:54,421]: [Iron_Scraper.py]: Scrap: 32:       INFO:    [Data Scaraped Successfully]
[2025-03-23 11:37:54,617]: [Iron_Scraper.py]: Scrap: 70:       INFO:    [Scrapped Data Has No Problem]
[2025-03-23 11:37:54,618]: [Iron_Scraper.py]: Scrap: 83:       INFO:    [Data Saved Successfully]
[2025-03-23 11:37:54,618]: [Iron.py]: Run: 26:       INFO:    [Scraping Phase Completed]
[2025-03-23 11:37:54,618]: [Iron_Data_Processor.py]: Data_Reader: 61:       INFO:    [Data File Has Been Red Successfully]
[2025-03-23 11:37:54,618]: [Iron_Data_Processor.py]: Shaper: 78:       INFO:    [Data Shaped]
[2025-03-23 11:37:54,619]: [Iron_Data_Processor.py]: Process: 228:       INFO:    [Data Cleaned]
[2025-03-23 11:37:54,619]: [Iron_Data_Processor.py]: Make_Pages_Objects: 101:       INFO:    [Page Objects Has Been Made]
[2025-03-23 11:37:54,619]: [Iron_Data_Processor.py]: Make_Pages_Objects: 101:       INFO:    [Page Objects Has Been Made]
[2025-03-23 11:37:54,619]: [Iron_Data_Processor.py]: Load_Data: 118:       INFO:    [Data Has Been Load]
[2025-03-23 11:37:54,619]: [Iron_Data_Processor.py]: Load_Data: 118:       INFO:    [Data Has Been Load]
[2025-03-23 11:37:54,619]: [Iron_Data_Processor.py]: Load_positions: 140:       INFO:    [Positions Are Ready]
[2025-03-23 11:37:54,619]: [Iron_Data_Processor.py]: Load_positions: 140:       INFO:    [Positions Are Ready]
[2025-03-23 11:37:55,727]: [Iron_Data_Processor.py]: Make_Tagged_Images: 193:       INFO:    [Images Has Been Made]
[2025-03-23 11:37:56,665]: [Iron_Data_Processor.py]: Make_Tagged_Images: 193:       INFO:    [Images Has Been Made]
[2025-03-23 11:37:56,918]: [Iron_Data_Processor.py]: Make_Cover_Page: 215:       INFO:    [Made Cover Pages]
[2025-03-23 11:37:56,919]: [Iron.py]: Run: 29:       INFO:    [Imagination Phase Completed]
[2025-03-23 11:38:00,434]: [Phone_Scraper.py]: Scrap: 58:       INFO:    [Data Scraped]
[2025-03-23 11:38:00,434]: [Phone_Scraper.py]: Scrap: 71:       INFO:    [Scraped Data Successfully]
[2025-03-23 11:38:00,435]: [Phone.py]: Run: 26:       INFO:    [Scraping Phase Complete]
[2025-03-23 11:38:00,435]: [Phone_Data_Processor.py]: data_reader: 38:       INFO:    [Scraped Data Loaded]
[2025-03-23 11:38:00,436]: [Phone_Data_Processor.py]: filter_list: 65:       INFO:    [Persian Phrases Are deleted]
[2025-03-23 11:38:00,436]: [Phone_Data_Processor.py]: reshape_list: 87:       INFO:    [Date Reshaped]
[2025-03-23 11:38:00,436]: [Phone_Data_Processor.py]: separate_brands: 124:       INFO:    [Brands Are Separated]
[2025-03-23 11:38:00,437]: [Phone_Data_Processor.py]: delete_extra_spaces: 141:       INFO:    [Extra Spaces Are Deleted]
[2025-03-23 11:38:01,188]: [Phone.py]: Run: 29:       INFO:    [Imagination Phase Complete]
[2025-03-23 11:38:01,189]: [selector_events.py]: __init__: 64:       DEBUG:    [Using selector: EpollSelector]
[2025-03-23 11:38:01,469]: [_bot.py]: _do_post: 643:       DEBUG:    [Calling Bot API endpoint `getMe` with parameters `{}`]
[2025-03-23 11:38:01,473]: [_trace.py]: atrace: 87:       DEBUG:    [connect_tcp.started host='api.telegram.org' port=443 local_address=None timeout=5.0 socket_options=None]
[2025-03-23 11:38:01,718]: [_trace.py]: atrace: 87:       DEBUG:    [connect_tcp.complete return_value=<httpcore._backends.anyio.AnyIOStream object at 0x7fa97c57cf80>]
[2025-03-23 11:38:01,718]: [_trace.py]: atrace: 87:       DEBUG:    [start_tls.started ssl_context=<ssl.SSLContext object at 0x7fa97c43fbd0> server_hostname='api.telegram.org' timeout=5.0]
[2025-03-23 11:38:01,833]: [_trace.py]: atrace: 87:       DEBUG:    [start_tls.complete return_value=<httpcore._backends.anyio.AnyIOStream object at 0x7fa97c4a4c20>]
[2025-03-23 11:38:01,833]: [_trace.py]: atrace: 87:       DEBUG:    [send_request_headers.started request=<Request [b'POST']>]
[2025-03-23 11:38:01,833]: [_trace.py]: atrace: 87:       DEBUG:    [send_request_headers.complete]
[2025-03-23 11:38:01,833]: [_trace.py]: atrace: 87:       DEBUG:    [send_request_body.started request=<Request [b'POST']>]
[2025-03-23 11:38:01,833]: [_trace.py]: atrace: 87:       DEBUG:    [send_request_body.complete]
[2025-03-23 11:38:01,833]: [_trace.py]: atrace: 87:       DEBUG:    [receive_response_headers.started request=<Request [b'POST']>]
[2025-03-23 11:38:01,949]: [_trace.py]: atrace: 87:       DEBUG:    [receive_response_headers.complete return_value=(b'HTTP/1.1', 200, b'OK', [(b'Server', b'nginx/1.18.0'), (b'Date', b'Sun, 23 Mar 2025 11:38:01 GMT'), (b'Content-Type', b'application/json'), (b'Content-Length', b'258'), (b'Connection', b'keep-alive'), (b'Strict-Transport-Security', b'max-age=31536000; includeSubDomains; preload'), (b'Access-Control-Allow-Origin', b'*'), (b'Access-Control-Allow-Methods', b'GET, POST, OPTIONS'), (b'Access-Control-Expose-Headers', b'Content-Length,Content-Type,Date,Server,Connection')])]
[2025-03-23 11:38:01,949]: [_client.py]: _send_single_request: 1740:       INFO:    [HTTP Request: POST https://api.telegram.org/bot6030805959:AAGUHAMxLYc-PrevgKouJ3ZyM7ktu56ftjo/getMe "HTTP/1.1 200 OK"]
[2025-03-23 11:38:01,949]: [_trace.py]: atrace: 87:       DEBUG:    [receive_response_body.started request=<Request [b'POST']>]
[2025-03-23 11:38:01,949]: [_trace.py]: atrace: 87:       DEBUG:    [receive_response_body.complete]
[2025-03-23 11:38:01,949]: [_trace.py]: atrace: 87:       DEBUG:    [response_closed.started]
[2025-03-23 11:38:01,949]: [_trace.py]: atrace: 87:       DEBUG:    [response_closed.complete]
[2025-03-23 11:38:01,950]: [_bot.py]: _do_post: 652:       DEBUG:    [Call to Bot API endpoint `getMe` finished with return value `{'id': 6030805959, 'is_bot': True, 'first_name': 'TyPHoone', 'username': 'TyPHoone_Project_bot', 'can_join_groups': True, 'can_read_all_group_messages': False, 'supports_inline_queries': False, 'can_connect_to_business': False, 'has_main_web_app': False}`]
[2025-03-23 11:38:01,952]: [_bot.py]: _do_post: 643:       DEBUG:    [Calling Bot API endpoint `sendDocument` with parameters `{'chat_id': '-4119703192', 'document': <telegram._files.inputfile.InputFile object at 0x7fa97ba65380>}`]
[2025-03-23 11:38:01,953]: [_trace.py]: atrace: 87:       DEBUG:    [send_request_headers.started request=<Request [b'POST']>]
[2025-03-23 11:38:01,953]: [_trace.py]: atrace: 87:       DEBUG:    [send_request_headers.complete]
[2025-03-23 11:38:01,953]: [_trace.py]: atrace: 87:       DEBUG:    [send_request_body.started request=<Request [b'POST']>]
[2025-03-23 11:38:01,954]: [_trace.py]: atrace: 87:       DEBUG:    [send_request_body.complete]
[2025-03-23 11:38:01,954]: [_trace.py]: atrace: 87:       DEBUG:    [receive_response_headers.started request=<Request [b'POST']>]
[2025-03-23 11:38:02,298]: [_trace.py]: atrace: 87:       DEBUG:    [receive_response_headers.complete return_value=(b'HTTP/1.1', 200, b'OK', [(b'Server', b'nginx/1.18.0'), (b'Date', b'Sun, 23 Mar 2025 11:38:02 GMT'), (b'Content-Type', b'application/json'), (b'Content-Length', b'466'), (b'Connection', b'keep-alive'), (b'Strict-Transport-Security', b'max-age=31536000; includeSubDomains; preload'), (b'Access-Control-Allow-Origin', b'*'), (b'Access-Control-Allow-Methods', b'GET, POST, OPTIONS'), (b'Access-Control-Expose-Headers', b'Content-Length,Content-Type,Date,Server,Connection')])]
[2025-03-23 11:38:02,299]: [_client.py]: _send_single_request: 1740:       INFO:    [HTTP Request: POST https://api.telegram.org/bot6030805959:AAGUHAMxLYc-PrevgKouJ3ZyM7ktu56ftjo/sendDocument "HTTP/1.1 200 OK"]
[2025-03-23 11:38:02,299]: [_trace.py]: atrace: 87:       DEBUG:    [receive_response_body.started request=<Request [b'POST']>]
[2025-03-23 11:38:02,299]: [_trace.py]: atrace: 87:       DEBUG:    [receive_response_body.complete]
[2025-03-23 11:38:02,299]: [_trace.py]: atrace: 87:       DEBUG:    [response_closed.started]
[2025-03-23 11:38:02,299]: [_trace.py]: atrace: 87:       DEBUG:    [response_closed.complete]
[2025-03-23 11:38:02,299]: [_bot.py]: _do_post: 652:       DEBUG:    [Call to Bot API endpoint `sendDocument` finished with return value `{'message_id': 2249, 'from': {'id': 6030805959, 'is_bot': True, 'first_name': 'TyPHoone', 'username': 'TyPHoone_Project_bot'}, 'chat': {'id': -4119703192, 'title': 'Robocop', 'type': 'group', 'all_members_are_administrators': True}, 'date': 1742729882, 'document': {'file_name': '(2025_03_23--11_37).log', 'mime_type': 'text/plain', 'file_id': 'BQACAgQAAxkDAAIIyWff8pqqVLEt3Gk7NCfmOBgz4yUOAAKeGAAC8qYAAVPTW6Tx6PIaozYE', 'file_unique_id': 'AgADnhgAAvKmAAFT', 'file_size': 5937}}`]
[2025-03-23 11:38:02,300]: [_trace.py]: atrace: 87:       DEBUG:    [close.started]
[2025-03-23 11:38:02,300]: [_trace.py]: atrace: 87:       DEBUG:    [close.complete]
[2025-03-23 11:38:02,345]: [_bot.py]: _do_post: 643:       DEBUG:    [Calling Bot API endpoint `getMe` with parameters `{}`]
[2025-03-23 11:38:02,346]: [_trace.py]: atrace: 87:       DEBUG:    [connect_tcp.started host='api.telegram.org' port=443 local_address=None timeout=5.0 socket_options=None]
[2025-03-23 11:38:02,460]: [_trace.py]: atrace: 87:       DEBUG:    [connect_tcp.complete return_value=<httpcore._backends.anyio.AnyIOStream object at 0x7fa97ba8b980>]
[2025-03-23 11:38:02,460]: [_trace.py]: atrace: 87:       DEBUG:    [start_tls.started ssl_context=<ssl.SSLContext object at 0x7fa97c43f9d0> server_hostname='api.telegram.org' timeout=5.0]
[2025-03-23 11:38:02,576]: [_trace.py]: atrace: 87:       DEBUG:    [start_tls.complete return_value=<httpcore._backends.anyio.AnyIOStream object at 0x7fa97bbc6ba0>]
[2025-03-23 11:38:02,577]: [_trace.py]: atrace: 87:       DEBUG:    [send_request_headers.started request=<Request [b'POST']>]
[2025-03-23 11:38:02,577]: [_trace.py]: atrace: 87:       DEBUG:    [send_request_headers.complete]
[2025-03-23 11:38:02,577]: [_trace.py]: atrace: 87:       DEBUG:    [send_request_body.started request=<Request [b'POST']>]
[2025-03-23 11:38:02,577]: [_trace.py]: atrace: 87:       DEBUG:    [send_request_body.complete]
[2025-03-23 11:38:02,577]: [_trace.py]: atrace: 87:       DEBUG:    [receive_response_headers.started request=<Request [b'POST']>]
[2025-03-23 11:38:02,691]: [_trace.py]: atrace: 87:       DEBUG:    [receive_response_headers.complete return_value=(b'HTTP/1.1', 200, b'OK', [(b'Server', b'nginx/1.18.0'), (b'Date', b'Sun, 23 Mar 2025 11:38:02 GMT'), (b'Content-Type', b'application/json'), (b'Content-Length', b'258'), (b'Connection', b'keep-alive'), (b'Strict-Transport-Security', b'max-age=31536000; includeSubDomains; preload'), (b'Access-Control-Allow-Origin', b'*'), (b'Access-Control-Allow-Methods', b'GET, POST, OPTIONS'), (b'Access-Control-Expose-Headers', b'Content-Length,Content-Type,Date,Server,Connection')])]
[2025-03-23 11:38:02,691]: [_client.py]: _send_single_request: 1740:       INFO:    [HTTP Request: POST https://api.telegram.org/bot6030805959:AAGUHAMxLYc-PrevgKouJ3ZyM7ktu56ftjo/getMe "HTTP/1.1 200 OK"]
[2025-03-23 11:38:02,692]: [_trace.py]: atrace: 87:       DEBUG:    [receive_response_body.started request=<Request [b'POST']>]
[2025-03-23 11:38:02,692]: [_trace.py]: atrace: 87:       DEBUG:    [receive_response_body.complete]
[2025-03-23 11:38:02,692]: [_trace.py]: atrace: 87:       DEBUG:    [response_closed.started]
[2025-03-23 11:38:02,692]: [_trace.py]: atrace: 87:       DEBUG:    [response_closed.complete]
[2025-03-23 11:38:02,692]: [_bot.py]: _do_post: 652:       DEBUG:    [Call to Bot API endpoint `getMe` finished with return value `{'id': 6030805959, 'is_bot': True, 'first_name': 'TyPHoone', 'username': 'TyPHoone_Project_bot', 'can_join_groups': True, 'can_read_all_group_messages': False, 'supports_inline_queries': False, 'can_connect_to_business': False, 'has_main_web_app': False}`]
[2025-03-23 11:38:02,695]: [_bot.py]: _do_post: 643:       DEBUG:    [Calling Bot API endpoint `sendDocument` with parameters `{'chat_id': '-4119703192', 'document': <telegram._files.inputfile.InputFile object at 0x7fa97c49df40>}`]
[2025-03-23 11:38:02,695]: [_trace.py]: atrace: 87:       DEBUG:    [send_request_headers.started request=<Request [b'POST']>]
[2025-03-23 11:38:02,696]: [_trace.py]: atrace: 87:       DEBUG:    [send_request_headers.complete]
[2025-03-23 11:38:02,696]: [_trace.py]: atrace: 87:       DEBUG:    [send_request_body.started request=<Request [b'POST']>]
[2025-03-23 11:38:03,767]: [_trace.py]: atrace: 87:       DEBUG:    [send_request_body.complete]
[2025-03-23 11:38:03,767]: [_trace.py]: atrace: 87:       DEBUG:    [receive_response_headers.started request=<Request [b'POST']>]
[2025-03-23 11:38:04,341]: [_trace.py]: atrace: 87:       DEBUG:    [receive_response_headers.complete return_value=(b'HTTP/1.1', 200, b'OK', [(b'Server', b'nginx/1.18.0'), (b'Date', b'Sun, 23 Mar 2025 11:38:04 GMT'), (b'Content-Type', b'application/json'), (b'Content-Length', b'481'), (b'Connection', b'keep-alive'), (b'Strict-Transport-Security', b'max-age=31536000; includeSubDomains; preload'), (b'Access-Control-Allow-Origin', b'*'), (b'Access-Control-Allow-Methods', b'GET, POST, OPTIONS'), (b'Access-Control-Expose-Headers', b'Content-Length,Content-Type,Date,Server,Connection')])]
[2025-03-23 11:38:04,341]: [_client.py]: _send_single_request: 1740:       INFO:    [HTTP Request: POST https://api.telegram.org/bot6030805959:AAGUHAMxLYc-PrevgKouJ3ZyM7ktu56ftjo/sendDocument "HTTP/1.1 200 OK"]
[2025-03-23 11:38:04,341]: [_trace.py]: atrace: 87:       DEBUG:    [receive_response_body.started request=<Request [b'POST']>]
[2025-03-23 11:38:04,341]: [_trace.py]: atrace: 87:       DEBUG:    [receive_response_body.complete]
[2025-03-23 11:38:04,341]: [_trace.py]: atrace: 87:       DEBUG:    [response_closed.started]
[2025-03-23 11:38:04,341]: [_trace.py]: atrace: 87:       DEBUG:    [response_closed.complete]
[2025-03-23 11:38:04,341]: [_bot.py]: _do_post: 652:       DEBUG:    [Call to Bot API endpoint `sendDocument` finished with return value `{'message_id': 2250, 'from': {'id': 6030805959, 'is_bot': True, 'first_name': 'TyPHoone', 'username': 'TyPHoone_Project_bot'}, 'chat': {'id': -4119703192, 'title': 'Robocop', 'type': 'group', 'all_members_are_administrators': True}, 'date': 1742729884, 'document': {'file_name': '(2025_03_23--11_37)output.zip', 'mime_type': 'application/zip', 'file_id': 'BQACAgQAAxkDAAIIymff8psyvdtVshVDgwf-iXS-cRqWAAKfGAAC8qYAAVPIm-cf7AG-8zYE', 'file_unique_id': 'AgADnxgAAvKmAAFT', 'file_size': 10107531}}`]
[2025-03-23 11:38:04,342]: [_trace.py]: atrace: 87:       DEBUG:    [close.started]
[2025-03-23 11:38:04,342]: [_trace.py]: atrace: 87:       DEBUG:    [close.complete]
[2025-03-23 11:38:04,342]: [Telegram_Sender.py]: runner: 61:       INFO:    [sent successfully]
[2025-03-23 11:38:04,343]: [Main.py]: <module>: 48:       INFO:    [Finished]
