[2025-06-23 11:40:54,551]: [Main.py]: <module>: 21:       INFO:    [Started]
[2025-06-23 11:41:04,590]: [Iron_Scraper.py]: Scrap: 30:       CRITICAL:    [Scrapping Faild]
[2025-06-23 11:41:04,590]: [Iron_Scraper.py]: Scrap: 68:       CRITICAL:    [Something Went Wrong About Scraped Data]
[2025-06-23 11:41:04,590]: [Iron_Scraper.py]: Scrap: 81:       CRITICAL:    [Saving Data Failed]
[2025-06-23 11:41:04,590]: [Iron.py]: Run: 26:       INFO:    [Scraping Phase Completed]
[2025-06-23 11:41:04,590]: [Iron_Data_Processor.py]: Data_Reader: 61:       INFO:    [Data File Has Been Red Successfully]
[2025-06-23 11:41:04,590]: [Iron_Data_Processor.py]: Shaper: 78:       INFO:    [Data Shaped]
[2025-06-23 11:41:04,590]: [Iron_Data_Processor.py]: Process: 228:       INFO:    [Data Cleaned]
[2025-06-23 11:41:04,590]: [Iron_Data_Processor.py]: Make_Pages_Objects: 101:       INFO:    [Page Objects Has Been Made]
[2025-06-23 11:41:04,590]: [Iron_Data_Processor.py]: Make_Pages_Objects: 101:       INFO:    [Page Objects Has Been Made]
[2025-06-23 11:41:04,590]: [Iron_Data_Processor.py]: Load_Data: 118:       INFO:    [Data Has Been Load]
[2025-06-23 11:41:04,590]: [Iron_Data_Processor.py]: Load_Data: 118:       INFO:    [Data Has Been Load]
[2025-06-23 11:41:04,591]: [Iron_Data_Processor.py]: Load_positions: 140:       INFO:    [Positions Are Ready]
[2025-06-23 11:41:04,591]: [Iron_Data_Processor.py]: Load_positions: 140:       INFO:    [Positions Are Ready]
[2025-06-23 11:41:05,679]: [Iron_Data_Processor.py]: Make_Tagged_Images: 193:       INFO:    [Images Has Been Made]
[2025-06-23 11:41:06,583]: [Iron_Data_Processor.py]: Make_Tagged_Images: 193:       INFO:    [Images Has Been Made]
[2025-06-23 11:41:06,837]: [Iron_Data_Processor.py]: Make_Cover_Page: 215:       INFO:    [Made Cover Pages]
[2025-06-23 11:41:06,837]: [Iron.py]: Run: 29:       INFO:    [Imagination Phase Completed]
[2025-06-23 11:43:23,722]: [Phone_Scraper.py]: Scrap: 56:       CRITICAL:    [Couldent Scrap Data]
[2025-06-23 11:43:23,722]: [Phone_Scraper.py]: Scrap: 69:       CRITICAL:    [Couldent Save Scraped Data]
[2025-06-23 11:43:23,722]: [Phone.py]: Run: 26:       INFO:    [Scraping Phase Complete]
[2025-06-23 11:43:23,723]: [Phone_Data_Processor.py]: data_reader: 38:       INFO:    [Scraped Data Loaded]
[2025-06-23 11:43:23,723]: [Phone_Data_Processor.py]: filter_list: 65:       INFO:    [Persian Phrases Are deleted]
[2025-06-23 11:43:23,723]: [Phone_Data_Processor.py]: reshape_list: 85:       ERROR:    [Failed To Reshape Data]
[2025-06-23 11:43:23,723]: [Phone_Data_Processor.py]: separate_brands: 122:       CRITICAL:    [Couldnt Separate Brands From Each Other]
[2025-06-23 11:43:23,723]: [Phone_Data_Processor.py]: delete_extra_spaces: 141:       INFO:    [Extra Spaces Are Deleted]
[2025-06-23 11:43:23,723]: [Phone.py]: Run: 29:       INFO:    [Imagination Phase Complete]
[2025-06-23 11:43:23,723]: [selector_events.py]: __init__: 64:       DEBUG:    [Using selector: EpollSelector]
[2025-06-23 11:43:23,941]: [_bot.py]: _do_post: 643:       DEBUG:    [Calling Bot API endpoint `getMe` with parameters `{}`]
[2025-06-23 11:43:23,945]: [_trace.py]: atrace: 87:       DEBUG:    [connect_tcp.started host='api.telegram.org' port=443 local_address=None timeout=5.0 socket_options=None]
[2025-06-23 11:43:24,069]: [_trace.py]: atrace: 87:       DEBUG:    [connect_tcp.complete return_value=<httpcore._backends.anyio.AnyIOStream object at 0x7faa277f5fd0>]
[2025-06-23 11:43:24,069]: [_trace.py]: atrace: 87:       DEBUG:    [start_tls.started ssl_context=<ssl.SSLContext object at 0x7faa2777f850> server_hostname='api.telegram.org' timeout=5.0]
[2025-06-23 11:43:24,189]: [_trace.py]: atrace: 87:       DEBUG:    [start_tls.complete return_value=<httpcore._backends.anyio.AnyIOStream object at 0x7faa277bfb90>]
[2025-06-23 11:43:24,189]: [_trace.py]: atrace: 87:       DEBUG:    [send_request_headers.started request=<Request [b'POST']>]
[2025-06-23 11:43:24,189]: [_trace.py]: atrace: 87:       DEBUG:    [send_request_headers.complete]
[2025-06-23 11:43:24,189]: [_trace.py]: atrace: 87:       DEBUG:    [send_request_body.started request=<Request [b'POST']>]
[2025-06-23 11:43:24,189]: [_trace.py]: atrace: 87:       DEBUG:    [send_request_body.complete]
[2025-06-23 11:43:24,189]: [_trace.py]: atrace: 87:       DEBUG:    [receive_response_headers.started request=<Request [b'POST']>]
[2025-06-23 11:43:24,307]: [_trace.py]: atrace: 87:       DEBUG:    [receive_response_headers.complete return_value=(b'HTTP/1.1', 200, b'OK', [(b'Server', b'nginx/1.18.0'), (b'Date', b'Mon, 23 Jun 2025 11:43:24 GMT'), (b'Content-Type', b'application/json'), (b'Content-Length', b'258'), (b'Connection', b'keep-alive'), (b'Strict-Transport-Security', b'max-age=31536000; includeSubDomains; preload'), (b'Access-Control-Allow-Origin', b'*'), (b'Access-Control-Allow-Methods', b'GET, POST, OPTIONS'), (b'Access-Control-Expose-Headers', b'Content-Length,Content-Type,Date,Server,Connection')])]
[2025-06-23 11:43:24,307]: [_client.py]: _send_single_request: 1740:       INFO:    [HTTP Request: POST https://api.telegram.org/bot6030805959:AAGUHAMxLYc-PrevgKouJ3ZyM7ktu56ftjo/getMe "HTTP/1.1 200 OK"]
[2025-06-23 11:43:24,307]: [_trace.py]: atrace: 87:       DEBUG:    [receive_response_body.started request=<Request [b'POST']>]
[2025-06-23 11:43:24,307]: [_trace.py]: atrace: 87:       DEBUG:    [receive_response_body.complete]
[2025-06-23 11:43:24,307]: [_trace.py]: atrace: 87:       DEBUG:    [response_closed.started]
[2025-06-23 11:43:24,307]: [_trace.py]: atrace: 87:       DEBUG:    [response_closed.complete]
[2025-06-23 11:43:24,307]: [_bot.py]: _do_post: 652:       DEBUG:    [Call to Bot API endpoint `getMe` finished with return value `{'id': 6030805959, 'is_bot': True, 'first_name': 'TyPHoone', 'username': 'TyPHoone_Project_bot', 'can_join_groups': True, 'can_read_all_group_messages': False, 'supports_inline_queries': False, 'can_connect_to_business': False, 'has_main_web_app': False}`]
[2025-06-23 11:43:24,310]: [_bot.py]: _do_post: 643:       DEBUG:    [Calling Bot API endpoint `sendDocument` with parameters `{'chat_id': '-4119703192', 'document': <telegram._files.inputfile.InputFile object at 0x7faa277d0b40>}`]
[2025-06-23 11:43:24,311]: [_trace.py]: atrace: 87:       DEBUG:    [send_request_headers.started request=<Request [b'POST']>]
[2025-06-23 11:43:24,311]: [_trace.py]: atrace: 87:       DEBUG:    [send_request_headers.complete]
[2025-06-23 11:43:24,311]: [_trace.py]: atrace: 87:       DEBUG:    [send_request_body.started request=<Request [b'POST']>]
[2025-06-23 11:43:24,312]: [_trace.py]: atrace: 87:       DEBUG:    [send_request_body.complete]
[2025-06-23 11:43:24,312]: [_trace.py]: atrace: 87:       DEBUG:    [receive_response_headers.started request=<Request [b'POST']>]
[2025-06-23 11:43:24,622]: [_trace.py]: atrace: 87:       DEBUG:    [receive_response_headers.complete return_value=(b'HTTP/1.1', 200, b'OK', [(b'Server', b'nginx/1.18.0'), (b'Date', b'Mon, 23 Jun 2025 11:43:24 GMT'), (b'Content-Type', b'application/json'), (b'Content-Length', b'584'), (b'Connection', b'keep-alive'), (b'Strict-Transport-Security', b'max-age=31536000; includeSubDomains; preload'), (b'Access-Control-Allow-Origin', b'*'), (b'Access-Control-Allow-Methods', b'GET, POST, OPTIONS'), (b'Access-Control-Expose-Headers', b'Content-Length,Content-Type,Date,Server,Connection')])]
[2025-06-23 11:43:24,622]: [_client.py]: _send_single_request: 1740:       INFO:    [HTTP Request: POST https://api.telegram.org/bot6030805959:AAGUHAMxLYc-PrevgKouJ3ZyM7ktu56ftjo/sendDocument "HTTP/1.1 200 OK"]
[2025-06-23 11:43:24,622]: [_trace.py]: atrace: 87:       DEBUG:    [receive_response_body.started request=<Request [b'POST']>]
[2025-06-23 11:43:24,622]: [_trace.py]: atrace: 87:       DEBUG:    [receive_response_body.complete]
[2025-06-23 11:43:24,622]: [_trace.py]: atrace: 87:       DEBUG:    [response_closed.started]
[2025-06-23 11:43:24,622]: [_trace.py]: atrace: 87:       DEBUG:    [response_closed.complete]
[2025-06-23 11:43:24,622]: [_bot.py]: _do_post: 652:       DEBUG:    [Call to Bot API endpoint `sendDocument` finished with return value `{'message_id': 2437, 'from': {'id': 6030805959, 'is_bot': True, 'first_name': 'TyPHoone', 'username': 'TyPHoone_Project_bot'}, 'chat': {'id': -4119703192, 'title': 'Robocop', 'type': 'group', 'all_members_are_administrators': True, 'accepted_gift_types': {'unlimited_gifts': False, 'limited_gifts': False, 'unique_gifts': False, 'premium_subscription': False}}, 'date': 1750679004, 'document': {'file_name': '(2025_06_23--11_40).log', 'mime_type': 'text/plain', 'file_id': 'BQACAgQAAxkDAAIJhWhZPdzsHJWs64GkKxYdho7M6BuBAALxGAACv5TJUuYXVnHoCyyVNgQ', 'file_unique_id': 'AgAD8RgAAr-UyVI', 'file_size': 5993}}`]
[2025-06-23 11:43:24,623]: [_trace.py]: atrace: 87:       DEBUG:    [close.started]
[2025-06-23 11:43:24,623]: [_trace.py]: atrace: 87:       DEBUG:    [close.complete]
[2025-06-23 11:43:24,665]: [_bot.py]: _do_post: 643:       DEBUG:    [Calling Bot API endpoint `getMe` with parameters `{}`]
[2025-06-23 11:43:24,666]: [_trace.py]: atrace: 87:       DEBUG:    [connect_tcp.started host='api.telegram.org' port=443 local_address=None timeout=5.0 socket_options=None]
[2025-06-23 11:43:24,783]: [_trace.py]: atrace: 87:       DEBUG:    [connect_tcp.complete return_value=<httpcore._backends.anyio.AnyIOStream object at 0x7faa276f76e0>]
[2025-06-23 11:43:24,783]: [_trace.py]: atrace: 87:       DEBUG:    [start_tls.started ssl_context=<ssl.SSLContext object at 0x7faa2777f750> server_hostname='api.telegram.org' timeout=5.0]
[2025-06-23 11:43:24,902]: [_trace.py]: atrace: 87:       DEBUG:    [start_tls.complete return_value=<httpcore._backends.anyio.AnyIOStream object at 0x7faa27a30b30>]
[2025-06-23 11:43:24,902]: [_trace.py]: atrace: 87:       DEBUG:    [send_request_headers.started request=<Request [b'POST']>]
[2025-06-23 11:43:24,902]: [_trace.py]: atrace: 87:       DEBUG:    [send_request_headers.complete]
[2025-06-23 11:43:24,902]: [_trace.py]: atrace: 87:       DEBUG:    [send_request_body.started request=<Request [b'POST']>]
[2025-06-23 11:43:24,902]: [_trace.py]: atrace: 87:       DEBUG:    [send_request_body.complete]
[2025-06-23 11:43:24,902]: [_trace.py]: atrace: 87:       DEBUG:    [receive_response_headers.started request=<Request [b'POST']>]
[2025-06-23 11:43:25,019]: [_trace.py]: atrace: 87:       DEBUG:    [receive_response_headers.complete return_value=(b'HTTP/1.1', 200, b'OK', [(b'Server', b'nginx/1.18.0'), (b'Date', b'Mon, 23 Jun 2025 11:43:24 GMT'), (b'Content-Type', b'application/json'), (b'Content-Length', b'258'), (b'Connection', b'keep-alive'), (b'Strict-Transport-Security', b'max-age=31536000; includeSubDomains; preload'), (b'Access-Control-Allow-Origin', b'*'), (b'Access-Control-Allow-Methods', b'GET, POST, OPTIONS'), (b'Access-Control-Expose-Headers', b'Content-Length,Content-Type,Date,Server,Connection')])]
[2025-06-23 11:43:25,019]: [_client.py]: _send_single_request: 1740:       INFO:    [HTTP Request: POST https://api.telegram.org/bot6030805959:AAGUHAMxLYc-PrevgKouJ3ZyM7ktu56ftjo/getMe "HTTP/1.1 200 OK"]
[2025-06-23 11:43:25,019]: [_trace.py]: atrace: 87:       DEBUG:    [receive_response_body.started request=<Request [b'POST']>]
[2025-06-23 11:43:25,019]: [_trace.py]: atrace: 87:       DEBUG:    [receive_response_body.complete]
[2025-06-23 11:43:25,019]: [_trace.py]: atrace: 87:       DEBUG:    [response_closed.started]
[2025-06-23 11:43:25,019]: [_trace.py]: atrace: 87:       DEBUG:    [response_closed.complete]
[2025-06-23 11:43:25,019]: [_bot.py]: _do_post: 652:       DEBUG:    [Call to Bot API endpoint `getMe` finished with return value `{'id': 6030805959, 'is_bot': True, 'first_name': 'TyPHoone', 'username': 'TyPHoone_Project_bot', 'can_join_groups': True, 'can_read_all_group_messages': False, 'supports_inline_queries': False, 'can_connect_to_business': False, 'has_main_web_app': False}`]
[2025-06-23 11:43:25,020]: [_bot.py]: _do_post: 643:       DEBUG:    [Calling Bot API endpoint `sendDocument` with parameters `{'chat_id': '-4119703192', 'document': <telegram._files.inputfile.InputFile object at 0x7faa277d0e00>}`]
[2025-06-23 11:43:25,021]: [_trace.py]: atrace: 87:       DEBUG:    [send_request_headers.started request=<Request [b'POST']>]
[2025-06-23 11:43:25,021]: [_trace.py]: atrace: 87:       DEBUG:    [send_request_headers.complete]
[2025-06-23 11:43:25,021]: [_trace.py]: atrace: 87:       DEBUG:    [send_request_body.started request=<Request [b'POST']>]
[2025-06-23 11:43:26,109]: [_trace.py]: atrace: 87:       DEBUG:    [send_request_body.complete]
[2025-06-23 11:43:26,109]: [_trace.py]: atrace: 87:       DEBUG:    [receive_response_headers.started request=<Request [b'POST']>]
[2025-06-23 11:43:26,552]: [_trace.py]: atrace: 87:       DEBUG:    [receive_response_headers.complete return_value=(b'HTTP/1.1', 200, b'OK', [(b'Server', b'nginx/1.18.0'), (b'Date', b'Mon, 23 Jun 2025 11:43:26 GMT'), (b'Content-Type', b'application/json'), (b'Content-Length', b'598'), (b'Connection', b'keep-alive'), (b'Strict-Transport-Security', b'max-age=31536000; includeSubDomains; preload'), (b'Access-Control-Allow-Origin', b'*'), (b'Access-Control-Allow-Methods', b'GET, POST, OPTIONS'), (b'Access-Control-Expose-Headers', b'Content-Length,Content-Type,Date,Server,Connection')])]
[2025-06-23 11:43:26,552]: [_client.py]: _send_single_request: 1740:       INFO:    [HTTP Request: POST https://api.telegram.org/bot6030805959:AAGUHAMxLYc-PrevgKouJ3ZyM7ktu56ftjo/sendDocument "HTTP/1.1 200 OK"]
[2025-06-23 11:43:26,552]: [_trace.py]: atrace: 87:       DEBUG:    [receive_response_body.started request=<Request [b'POST']>]
[2025-06-23 11:43:26,552]: [_trace.py]: atrace: 87:       DEBUG:    [receive_response_body.complete]
[2025-06-23 11:43:26,552]: [_trace.py]: atrace: 87:       DEBUG:    [response_closed.started]
[2025-06-23 11:43:26,552]: [_trace.py]: atrace: 87:       DEBUG:    [response_closed.complete]
[2025-06-23 11:43:26,552]: [_bot.py]: _do_post: 652:       DEBUG:    [Call to Bot API endpoint `sendDocument` finished with return value `{'message_id': 2438, 'from': {'id': 6030805959, 'is_bot': True, 'first_name': 'TyPHoone', 'username': 'TyPHoone_Project_bot'}, 'chat': {'id': -4119703192, 'title': 'Robocop', 'type': 'group', 'all_members_are_administrators': True, 'accepted_gift_types': {'unlimited_gifts': False, 'limited_gifts': False, 'unique_gifts': False, 'premium_subscription': False}}, 'date': 1750679006, 'document': {'file_name': '(2025_06_23--11_40)output.zip', 'mime_type': 'application/zip', 'file_id': 'BQACAgQAAxkDAAIJhmhZPd62N_rr8ipJtqj3S8IPQcZxAALyGAACv5TJUqhq8QZM2ZGRNgQ', 'file_unique_id': 'AgAD8hgAAr-UyVI', 'file_size': 7851048}}`]
[2025-06-23 11:43:26,553]: [_trace.py]: atrace: 87:       DEBUG:    [close.started]
[2025-06-23 11:43:26,553]: [_trace.py]: atrace: 87:       DEBUG:    [close.complete]
[2025-06-23 11:43:26,553]: [Telegram_Sender.py]: runner: 61:       INFO:    [sent successfully]
[2025-06-23 11:43:26,554]: [Main.py]: <module>: 48:       INFO:    [Finished]
