[2024-08-07 11:38:29,161]: [Main.py]: <module>: 21:       INFO:    [Started]
[2024-08-07 11:38:31,261]: [Iron_Scraper.py]: Scrap: 32:       INFO:    [Data Scaraped Successfully]
[2024-08-07 11:38:31,449]: [Iron_Scraper.py]: Scrap: 70:       INFO:    [Scrapped Data Has No Problem]
[2024-08-07 11:38:31,450]: [Iron_Scraper.py]: Scrap: 83:       INFO:    [Data Saved Successfully]
[2024-08-07 11:38:31,450]: [Iron.py]: Run: 26:       INFO:    [Scraping Phase Completed]
[2024-08-07 11:38:31,450]: [Iron_Data_Processor.py]: Data_Reader: 61:       INFO:    [Data File Has Been Red Successfully]
[2024-08-07 11:38:31,450]: [Iron_Data_Processor.py]: Shaper: 78:       INFO:    [Data Shaped]
[2024-08-07 11:38:31,450]: [Iron_Data_Processor.py]: Process: 228:       INFO:    [Data Cleaned]
[2024-08-07 11:38:31,451]: [Iron_Data_Processor.py]: Make_Pages_Objects: 101:       INFO:    [Page Objects Has Been Made]
[2024-08-07 11:38:31,451]: [Iron_Data_Processor.py]: Make_Pages_Objects: 101:       INFO:    [Page Objects Has Been Made]
[2024-08-07 11:38:31,451]: [Iron_Data_Processor.py]: Load_Data: 118:       INFO:    [Data Has Been Load]
[2024-08-07 11:38:31,451]: [Iron_Data_Processor.py]: Load_Data: 118:       INFO:    [Data Has Been Load]
[2024-08-07 11:38:31,451]: [Iron_Data_Processor.py]: Load_positions: 140:       INFO:    [Positions Are Ready]
[2024-08-07 11:38:31,451]: [Iron_Data_Processor.py]: Load_positions: 140:       INFO:    [Positions Are Ready]
[2024-08-07 11:38:32,577]: [Iron_Data_Processor.py]: Make_Tagged_Images: 193:       INFO:    [Images Has Been Made]
[2024-08-07 11:38:33,528]: [Iron_Data_Processor.py]: Make_Tagged_Images: 193:       INFO:    [Images Has Been Made]
[2024-08-07 11:38:33,781]: [Iron_Data_Processor.py]: Make_Cover_Page: 215:       INFO:    [Made Cover Pages]
[2024-08-07 11:38:33,782]: [Iron.py]: Run: 29:       INFO:    [Imagination Phase Completed]
[2024-08-07 11:38:38,636]: [Phone_Scraper.py]: Scrap: 58:       INFO:    [Data Scraped]
[2024-08-07 11:38:38,637]: [Phone_Scraper.py]: Scrap: 71:       INFO:    [Scraped Data Successfully]
[2024-08-07 11:38:38,637]: [Phone.py]: Run: 26:       INFO:    [Scraping Phase Complete]
[2024-08-07 11:38:38,638]: [Phone_Data_Processor.py]: data_reader: 38:       INFO:    [Scraped Data Loaded]
[2024-08-07 11:38:38,639]: [Phone_Data_Processor.py]: filter_list: 65:       INFO:    [Persian Phrases Are deleted]
[2024-08-07 11:38:38,639]: [Phone_Data_Processor.py]: reshape_list: 87:       INFO:    [Date Reshaped]
[2024-08-07 11:38:38,640]: [Phone_Data_Processor.py]: separate_brands: 124:       INFO:    [Brands Are Separated]
[2024-08-07 11:38:38,640]: [Phone_Data_Processor.py]: delete_extra_spaces: 141:       INFO:    [Extra Spaces Are Deleted]
[2024-08-07 11:38:39,386]: [Phone.py]: Run: 29:       INFO:    [Imagination Phase Complete]
[2024-08-07 11:38:39,386]: [selector_events.py]: __init__: 64:       DEBUG:    [Using selector: EpollSelector]
[2024-08-07 11:38:39,721]: [_bot.py]: _do_post: 643:       DEBUG:    [Calling Bot API endpoint `getMe` with parameters `{}`]
[2024-08-07 11:38:39,725]: [_trace.py]: atrace: 85:       DEBUG:    [connect_tcp.started host='api.telegram.org' port=443 local_address=None timeout=5.0 socket_options=None]
[2024-08-07 11:38:39,927]: [_trace.py]: atrace: 85:       DEBUG:    [connect_tcp.complete return_value=<httpcore._backends.anyio.AnyIOStream object at 0x7f1510267fb0>]
[2024-08-07 11:38:39,927]: [_trace.py]: atrace: 85:       DEBUG:    [start_tls.started ssl_context=<ssl.SSLContext object at 0x7f151072aa50> server_hostname='api.telegram.org' timeout=5.0]
[2024-08-07 11:38:40,082]: [_trace.py]: atrace: 85:       DEBUG:    [start_tls.complete return_value=<httpcore._backends.anyio.AnyIOStream object at 0x7f150fe8f950>]
[2024-08-07 11:38:40,082]: [_trace.py]: atrace: 85:       DEBUG:    [send_request_headers.started request=<Request [b'POST']>]
[2024-08-07 11:38:40,083]: [_trace.py]: atrace: 85:       DEBUG:    [send_request_headers.complete]
[2024-08-07 11:38:40,083]: [_trace.py]: atrace: 85:       DEBUG:    [send_request_body.started request=<Request [b'POST']>]
[2024-08-07 11:38:40,083]: [_trace.py]: atrace: 85:       DEBUG:    [send_request_body.complete]
[2024-08-07 11:38:40,083]: [_trace.py]: atrace: 85:       DEBUG:    [receive_response_headers.started request=<Request [b'POST']>]
[2024-08-07 11:38:40,257]: [_trace.py]: atrace: 85:       DEBUG:    [receive_response_headers.complete return_value=(b'HTTP/1.1', 200, b'OK', [(b'Server', b'nginx/1.18.0'), (b'Date', b'Wed, 07 Aug 2024 11:38:40 GMT'), (b'Content-Type', b'application/json'), (b'Content-Length', b'258'), (b'Connection', b'keep-alive'), (b'Strict-Transport-Security', b'max-age=31536000; includeSubDomains; preload'), (b'Access-Control-Allow-Origin', b'*'), (b'Access-Control-Allow-Methods', b'GET, POST, OPTIONS'), (b'Access-Control-Expose-Headers', b'Content-Length,Content-Type,Date,Server,Connection')])]
[2024-08-07 11:38:40,257]: [_client.py]: _send_single_request: 1773:       INFO:    [HTTP Request: POST https://api.telegram.org/bot6030805959:AAGUHAMxLYc-PrevgKouJ3ZyM7ktu56ftjo/getMe "HTTP/1.1 200 OK"]
[2024-08-07 11:38:40,257]: [_trace.py]: atrace: 85:       DEBUG:    [receive_response_body.started request=<Request [b'POST']>]
[2024-08-07 11:38:40,257]: [_trace.py]: atrace: 85:       DEBUG:    [receive_response_body.complete]
[2024-08-07 11:38:40,257]: [_trace.py]: atrace: 85:       DEBUG:    [response_closed.started]
[2024-08-07 11:38:40,257]: [_trace.py]: atrace: 85:       DEBUG:    [response_closed.complete]
[2024-08-07 11:38:40,258]: [_bot.py]: _do_post: 652:       DEBUG:    [Call to Bot API endpoint `getMe` finished with return value `{'id': 6030805959, 'is_bot': True, 'first_name': 'TyPHoone', 'username': 'TyPHoone_Project_bot', 'can_join_groups': True, 'can_read_all_group_messages': False, 'supports_inline_queries': False, 'can_connect_to_business': False, 'has_main_web_app': False}`]
[2024-08-07 11:38:40,261]: [_bot.py]: _do_post: 643:       DEBUG:    [Calling Bot API endpoint `sendDocument` with parameters `{'chat_id': '-4119703192', 'document': <telegram._files.inputfile.InputFile object at 0x7f150fed5dc0>}`]
[2024-08-07 11:38:40,261]: [_trace.py]: atrace: 85:       DEBUG:    [send_request_headers.started request=<Request [b'POST']>]
[2024-08-07 11:38:40,262]: [_trace.py]: atrace: 85:       DEBUG:    [send_request_headers.complete]
[2024-08-07 11:38:40,262]: [_trace.py]: atrace: 85:       DEBUG:    [send_request_body.started request=<Request [b'POST']>]
[2024-08-07 11:38:40,262]: [_trace.py]: atrace: 85:       DEBUG:    [send_request_body.complete]
[2024-08-07 11:38:40,262]: [_trace.py]: atrace: 85:       DEBUG:    [receive_response_headers.started request=<Request [b'POST']>]
[2024-08-07 11:38:40,494]: [_trace.py]: atrace: 85:       DEBUG:    [receive_response_headers.complete return_value=(b'HTTP/1.1', 200, b'OK', [(b'Server', b'nginx/1.18.0'), (b'Date', b'Wed, 07 Aug 2024 11:38:40 GMT'), (b'Content-Type', b'application/json'), (b'Content-Length', b'464'), (b'Connection', b'keep-alive'), (b'Strict-Transport-Security', b'max-age=31536000; includeSubDomains; preload'), (b'Access-Control-Allow-Origin', b'*'), (b'Access-Control-Allow-Methods', b'GET, POST, OPTIONS'), (b'Access-Control-Expose-Headers', b'Content-Length,Content-Type,Date,Server,Connection')])]
[2024-08-07 11:38:40,495]: [_client.py]: _send_single_request: 1773:       INFO:    [HTTP Request: POST https://api.telegram.org/bot6030805959:AAGUHAMxLYc-PrevgKouJ3ZyM7ktu56ftjo/sendDocument "HTTP/1.1 200 OK"]
[2024-08-07 11:38:40,495]: [_trace.py]: atrace: 85:       DEBUG:    [receive_response_body.started request=<Request [b'POST']>]
[2024-08-07 11:38:40,495]: [_trace.py]: atrace: 85:       DEBUG:    [receive_response_body.complete]
[2024-08-07 11:38:40,495]: [_trace.py]: atrace: 85:       DEBUG:    [response_closed.started]
[2024-08-07 11:38:40,495]: [_trace.py]: atrace: 85:       DEBUG:    [response_closed.complete]
[2024-08-07 11:38:40,495]: [_bot.py]: _do_post: 652:       DEBUG:    [Call to Bot API endpoint `sendDocument` finished with return value `{'message_id': 1789, 'from': {'id': 6030805959, 'is_bot': True, 'first_name': 'TyPHoone', 'username': 'TyPHoone_Project_bot'}, 'chat': {'id': -4119703192, 'title': 'Robocop', 'type': 'group', 'all_members_are_administrators': True}, 'date': 1723030720, 'document': {'file_name': '(2024_08_07--11_38).log', 'mime_type': 'text/plain', 'file_id': 'BQACAgQAAxkDAAIG_WazXMC3Ym7YoJpwjNmxQOgQBdKiAALUFQACMOOZUWOZZQz52YsKNQQ', 'file_unique_id': 'AgAD1BUAAjDjmVE', 'file_size': 5937}}`]
[2024-08-07 11:38:40,496]: [_trace.py]: atrace: 85:       DEBUG:    [close.started]
[2024-08-07 11:38:40,496]: [_trace.py]: atrace: 85:       DEBUG:    [close.complete]
[2024-08-07 11:38:40,496]: [_config.py]: load_ssl_context: 80:       DEBUG:    [load_ssl_context verify=True cert=None trust_env=True http2=False]
[2024-08-07 11:38:40,497]: [_config.py]: load_ssl_context_verify: 146:       DEBUG:    [load_verify_locations cafile='/opt/hostedtoolcache/Python/3.12.4/x64/lib/python3.12/site-packages/certifi/cacert.pem']
[2024-08-07 11:38:40,525]: [_config.py]: load_ssl_context: 80:       DEBUG:    [load_ssl_context verify=True cert=None trust_env=True http2=False]
[2024-08-07 11:38:40,525]: [_config.py]: load_ssl_context_verify: 146:       DEBUG:    [load_verify_locations cafile='/opt/hostedtoolcache/Python/3.12.4/x64/lib/python3.12/site-packages/certifi/cacert.pem']
[2024-08-07 11:38:40,553]: [_bot.py]: _do_post: 643:       DEBUG:    [Calling Bot API endpoint `getMe` with parameters `{}`]
[2024-08-07 11:38:40,554]: [_trace.py]: atrace: 85:       DEBUG:    [connect_tcp.started host='api.telegram.org' port=443 local_address=None timeout=5.0 socket_options=None]
[2024-08-07 11:38:40,703]: [_trace.py]: atrace: 85:       DEBUG:    [connect_tcp.complete return_value=<httpcore._backends.anyio.AnyIOStream object at 0x7f150feafa70>]
[2024-08-07 11:38:40,703]: [_trace.py]: atrace: 85:       DEBUG:    [start_tls.started ssl_context=<ssl.SSLContext object at 0x7f151072a850> server_hostname='api.telegram.org' timeout=5.0]
[2024-08-07 11:38:40,856]: [_trace.py]: atrace: 85:       DEBUG:    [start_tls.complete return_value=<httpcore._backends.anyio.AnyIOStream object at 0x7f150fd25460>]
[2024-08-07 11:38:40,856]: [_trace.py]: atrace: 85:       DEBUG:    [send_request_headers.started request=<Request [b'POST']>]
[2024-08-07 11:38:40,856]: [_trace.py]: atrace: 85:       DEBUG:    [send_request_headers.complete]
[2024-08-07 11:38:40,856]: [_trace.py]: atrace: 85:       DEBUG:    [send_request_body.started request=<Request [b'POST']>]
[2024-08-07 11:38:40,856]: [_trace.py]: atrace: 85:       DEBUG:    [send_request_body.complete]
[2024-08-07 11:38:40,856]: [_trace.py]: atrace: 85:       DEBUG:    [receive_response_headers.started request=<Request [b'POST']>]
[2024-08-07 11:38:41,005]: [_trace.py]: atrace: 85:       DEBUG:    [receive_response_headers.complete return_value=(b'HTTP/1.1', 200, b'OK', [(b'Server', b'nginx/1.18.0'), (b'Date', b'Wed, 07 Aug 2024 11:38:40 GMT'), (b'Content-Type', b'application/json'), (b'Content-Length', b'258'), (b'Connection', b'keep-alive'), (b'Strict-Transport-Security', b'max-age=31536000; includeSubDomains; preload'), (b'Access-Control-Allow-Origin', b'*'), (b'Access-Control-Allow-Methods', b'GET, POST, OPTIONS'), (b'Access-Control-Expose-Headers', b'Content-Length,Content-Type,Date,Server,Connection')])]
[2024-08-07 11:38:41,005]: [_client.py]: _send_single_request: 1773:       INFO:    [HTTP Request: POST https://api.telegram.org/bot6030805959:AAGUHAMxLYc-PrevgKouJ3ZyM7ktu56ftjo/getMe "HTTP/1.1 200 OK"]
[2024-08-07 11:38:41,005]: [_trace.py]: atrace: 85:       DEBUG:    [receive_response_body.started request=<Request [b'POST']>]
[2024-08-07 11:38:41,005]: [_trace.py]: atrace: 85:       DEBUG:    [receive_response_body.complete]
[2024-08-07 11:38:41,005]: [_trace.py]: atrace: 85:       DEBUG:    [response_closed.started]
[2024-08-07 11:38:41,005]: [_trace.py]: atrace: 85:       DEBUG:    [response_closed.complete]
[2024-08-07 11:38:41,006]: [_bot.py]: _do_post: 652:       DEBUG:    [Call to Bot API endpoint `getMe` finished with return value `{'id': 6030805959, 'is_bot': True, 'first_name': 'TyPHoone', 'username': 'TyPHoone_Project_bot', 'can_join_groups': True, 'can_read_all_group_messages': False, 'supports_inline_queries': False, 'can_connect_to_business': False, 'has_main_web_app': False}`]
[2024-08-07 11:38:41,009]: [_bot.py]: _do_post: 643:       DEBUG:    [Calling Bot API endpoint `sendDocument` with parameters `{'chat_id': '-4119703192', 'document': <telegram._files.inputfile.InputFile object at 0x7f151073e140>}`]
[2024-08-07 11:38:41,009]: [_trace.py]: atrace: 85:       DEBUG:    [send_request_headers.started request=<Request [b'POST']>]
[2024-08-07 11:38:41,010]: [_trace.py]: atrace: 85:       DEBUG:    [send_request_headers.complete]
[2024-08-07 11:38:41,010]: [_trace.py]: atrace: 85:       DEBUG:    [send_request_body.started request=<Request [b'POST']>]
[2024-08-07 11:38:42,491]: [_trace.py]: atrace: 85:       DEBUG:    [send_request_body.complete]
[2024-08-07 11:38:42,491]: [_trace.py]: atrace: 85:       DEBUG:    [receive_response_headers.started request=<Request [b'POST']>]
[2024-08-07 11:38:43,574]: [_trace.py]: atrace: 85:       DEBUG:    [receive_response_headers.complete return_value=(b'HTTP/1.1', 200, b'OK', [(b'Server', b'nginx/1.18.0'), (b'Date', b'Wed, 07 Aug 2024 11:38:43 GMT'), (b'Content-Type', b'application/json'), (b'Content-Length', b'479'), (b'Connection', b'keep-alive'), (b'Strict-Transport-Security', b'max-age=31536000; includeSubDomains; preload'), (b'Access-Control-Allow-Origin', b'*'), (b'Access-Control-Allow-Methods', b'GET, POST, OPTIONS'), (b'Access-Control-Expose-Headers', b'Content-Length,Content-Type,Date,Server,Connection')])]
[2024-08-07 11:38:43,574]: [_client.py]: _send_single_request: 1773:       INFO:    [HTTP Request: POST https://api.telegram.org/bot6030805959:AAGUHAMxLYc-PrevgKouJ3ZyM7ktu56ftjo/sendDocument "HTTP/1.1 200 OK"]
[2024-08-07 11:38:43,574]: [_trace.py]: atrace: 85:       DEBUG:    [receive_response_body.started request=<Request [b'POST']>]
[2024-08-07 11:38:43,574]: [_trace.py]: atrace: 85:       DEBUG:    [receive_response_body.complete]
[2024-08-07 11:38:43,574]: [_trace.py]: atrace: 85:       DEBUG:    [response_closed.started]
[2024-08-07 11:38:43,574]: [_trace.py]: atrace: 85:       DEBUG:    [response_closed.complete]
[2024-08-07 11:38:43,574]: [_bot.py]: _do_post: 652:       DEBUG:    [Call to Bot API endpoint `sendDocument` finished with return value `{'message_id': 1790, 'from': {'id': 6030805959, 'is_bot': True, 'first_name': 'TyPHoone', 'username': 'TyPHoone_Project_bot'}, 'chat': {'id': -4119703192, 'title': 'Robocop', 'type': 'group', 'all_members_are_administrators': True}, 'date': 1723030723, 'document': {'file_name': '(2024_08_07--11_38)output.zip', 'mime_type': 'application/zip', 'file_id': 'BQACAgQAAxkDAAIG_mazXMISsSWEptnxjoVnk1NSWU2xAALVFQACMOOZUeC49Ks80o48NQQ', 'file_unique_id': 'AgAD1RUAAjDjmVE', 'file_size': 10119354}}`]
[2024-08-07 11:38:43,575]: [_trace.py]: atrace: 85:       DEBUG:    [close.started]
[2024-08-07 11:38:43,575]: [_trace.py]: atrace: 85:       DEBUG:    [close.complete]
[2024-08-07 11:38:43,575]: [Telegram_Sender.py]: runner: 61:       INFO:    [sent successfully]
[2024-08-07 11:38:43,576]: [Main.py]: <module>: 48:       INFO:    [Finished]
