[2025-01-24 11:39:15,603]: [Main.py]: <module>: 21:       INFO:    [Started]
[2025-01-24 11:39:17,176]: [Iron_Scraper.py]: Scrap: 32:       INFO:    [Data Scaraped Successfully]
[2025-01-24 11:39:17,223]: [Iron_Scraper.py]: Scrap: 70:       INFO:    [Scrapped Data Has No Problem]
[2025-01-24 11:39:17,223]: [Iron_Scraper.py]: Scrap: 83:       INFO:    [Data Saved Successfully]
[2025-01-24 11:39:17,223]: [Iron.py]: Run: 26:       INFO:    [Scraping Phase Completed]
[2025-01-24 11:39:17,223]: [Iron_Data_Processor.py]: Data_Reader: 61:       INFO:    [Data File Has Been Red Successfully]
[2025-01-24 11:39:17,223]: [Iron_Data_Processor.py]: Shaper: 78:       INFO:    [Data Shaped]
[2025-01-24 11:39:17,223]: [Iron_Data_Processor.py]: Process: 228:       INFO:    [Data Cleaned]
[2025-01-24 11:39:17,223]: [Iron_Data_Processor.py]: Make_Pages_Objects: 101:       INFO:    [Page Objects Has Been Made]
[2025-01-24 11:39:17,223]: [Iron_Data_Processor.py]: Make_Pages_Objects: 101:       INFO:    [Page Objects Has Been Made]
[2025-01-24 11:39:17,223]: [Iron_Data_Processor.py]: Load_Data: 118:       INFO:    [Data Has Been Load]
[2025-01-24 11:39:17,224]: [Iron_Data_Processor.py]: Load_Data: 118:       INFO:    [Data Has Been Load]
[2025-01-24 11:39:17,224]: [Iron_Data_Processor.py]: Load_positions: 140:       INFO:    [Positions Are Ready]
[2025-01-24 11:39:17,224]: [Iron_Data_Processor.py]: Load_positions: 140:       INFO:    [Positions Are Ready]
[2025-01-24 11:39:18,291]: [Iron_Data_Processor.py]: Make_Tagged_Images: 193:       INFO:    [Images Has Been Made]
[2025-01-24 11:39:19,192]: [Iron_Data_Processor.py]: Make_Tagged_Images: 193:       INFO:    [Images Has Been Made]
[2025-01-24 11:39:19,446]: [Iron_Data_Processor.py]: Make_Cover_Page: 215:       INFO:    [Made Cover Pages]
[2025-01-24 11:39:19,446]: [Iron.py]: Run: 29:       INFO:    [Imagination Phase Completed]
[2025-01-24 11:39:25,007]: [Phone_Scraper.py]: Scrap: 58:       INFO:    [Data Scraped]
[2025-01-24 11:39:25,007]: [Phone_Scraper.py]: Scrap: 71:       INFO:    [Scraped Data Successfully]
[2025-01-24 11:39:25,007]: [Phone.py]: Run: 26:       INFO:    [Scraping Phase Complete]
[2025-01-24 11:39:25,008]: [Phone_Data_Processor.py]: data_reader: 38:       INFO:    [Scraped Data Loaded]
[2025-01-24 11:39:25,009]: [Phone_Data_Processor.py]: filter_list: 65:       INFO:    [Persian Phrases Are deleted]
[2025-01-24 11:39:25,009]: [Phone_Data_Processor.py]: reshape_list: 87:       INFO:    [Date Reshaped]
[2025-01-24 11:39:25,009]: [Phone_Data_Processor.py]: separate_brands: 124:       INFO:    [Brands Are Separated]
[2025-01-24 11:39:25,010]: [Phone_Data_Processor.py]: delete_extra_spaces: 141:       INFO:    [Extra Spaces Are Deleted]
[2025-01-24 11:39:25,751]: [Phone.py]: Run: 29:       INFO:    [Imagination Phase Complete]
[2025-01-24 11:39:25,751]: [selector_events.py]: __init__: 64:       DEBUG:    [Using selector: EpollSelector]
[2025-01-24 11:39:26,018]: [_bot.py]: _do_post: 643:       DEBUG:    [Calling Bot API endpoint `getMe` with parameters `{}`]
[2025-01-24 11:39:26,023]: [_trace.py]: atrace: 87:       DEBUG:    [connect_tcp.started host='api.telegram.org' port=443 local_address=None timeout=5.0 socket_options=None]
[2025-01-24 11:39:26,144]: [_trace.py]: atrace: 87:       DEBUG:    [connect_tcp.complete return_value=<httpcore._backends.anyio.AnyIOStream object at 0x7f5f2d4a9730>]
[2025-01-24 11:39:26,144]: [_trace.py]: atrace: 87:       DEBUG:    [start_tls.started ssl_context=<ssl.SSLContext object at 0x7f5f2db06ad0> server_hostname='api.telegram.org' timeout=5.0]
[2025-01-24 11:39:26,231]: [_trace.py]: atrace: 87:       DEBUG:    [start_tls.complete return_value=<httpcore._backends.anyio.AnyIOStream object at 0x7f5f2e5d9160>]
[2025-01-24 11:39:26,231]: [_trace.py]: atrace: 87:       DEBUG:    [send_request_headers.started request=<Request [b'POST']>]
[2025-01-24 11:39:26,231]: [_trace.py]: atrace: 87:       DEBUG:    [send_request_headers.complete]
[2025-01-24 11:39:26,231]: [_trace.py]: atrace: 87:       DEBUG:    [send_request_body.started request=<Request [b'POST']>]
[2025-01-24 11:39:26,231]: [_trace.py]: atrace: 87:       DEBUG:    [send_request_body.complete]
[2025-01-24 11:39:26,231]: [_trace.py]: atrace: 87:       DEBUG:    [receive_response_headers.started request=<Request [b'POST']>]
[2025-01-24 11:39:26,316]: [_trace.py]: atrace: 87:       DEBUG:    [receive_response_headers.complete return_value=(b'HTTP/1.1', 200, b'OK', [(b'Server', b'nginx/1.18.0'), (b'Date', b'Fri, 24 Jan 2025 11:39:26 GMT'), (b'Content-Type', b'application/json'), (b'Content-Length', b'258'), (b'Connection', b'keep-alive'), (b'Strict-Transport-Security', b'max-age=31536000; includeSubDomains; preload'), (b'Access-Control-Allow-Origin', b'*'), (b'Access-Control-Allow-Methods', b'GET, POST, OPTIONS'), (b'Access-Control-Expose-Headers', b'Content-Length,Content-Type,Date,Server,Connection')])]
[2025-01-24 11:39:26,317]: [_client.py]: _send_single_request: 1740:       INFO:    [HTTP Request: POST https://api.telegram.org/bot6030805959:AAGUHAMxLYc-PrevgKouJ3ZyM7ktu56ftjo/getMe "HTTP/1.1 200 OK"]
[2025-01-24 11:39:26,317]: [_trace.py]: atrace: 87:       DEBUG:    [receive_response_body.started request=<Request [b'POST']>]
[2025-01-24 11:39:26,317]: [_trace.py]: atrace: 87:       DEBUG:    [receive_response_body.complete]
[2025-01-24 11:39:26,317]: [_trace.py]: atrace: 87:       DEBUG:    [response_closed.started]
[2025-01-24 11:39:26,317]: [_trace.py]: atrace: 87:       DEBUG:    [response_closed.complete]
[2025-01-24 11:39:26,317]: [_bot.py]: _do_post: 652:       DEBUG:    [Call to Bot API endpoint `getMe` finished with return value `{'id': 6030805959, 'is_bot': True, 'first_name': 'TyPHoone', 'username': 'TyPHoone_Project_bot', 'can_join_groups': True, 'can_read_all_group_messages': False, 'supports_inline_queries': False, 'can_connect_to_business': False, 'has_main_web_app': False}`]
[2025-01-24 11:39:26,321]: [_bot.py]: _do_post: 643:       DEBUG:    [Calling Bot API endpoint `sendDocument` with parameters `{'chat_id': '-4119703192', 'document': <telegram._files.inputfile.InputFile object at 0x7f5f2e35dd40>}`]
[2025-01-24 11:39:26,321]: [_trace.py]: atrace: 87:       DEBUG:    [send_request_headers.started request=<Request [b'POST']>]
[2025-01-24 11:39:26,322]: [_trace.py]: atrace: 87:       DEBUG:    [send_request_headers.complete]
[2025-01-24 11:39:26,322]: [_trace.py]: atrace: 87:       DEBUG:    [send_request_body.started request=<Request [b'POST']>]
[2025-01-24 11:39:26,322]: [_trace.py]: atrace: 87:       DEBUG:    [send_request_body.complete]
[2025-01-24 11:39:26,322]: [_trace.py]: atrace: 87:       DEBUG:    [receive_response_headers.started request=<Request [b'POST']>]
[2025-01-24 11:39:26,533]: [_trace.py]: atrace: 87:       DEBUG:    [receive_response_headers.complete return_value=(b'HTTP/1.1', 200, b'OK', [(b'Server', b'nginx/1.18.0'), (b'Date', b'Fri, 24 Jan 2025 11:39:26 GMT'), (b'Content-Type', b'application/json'), (b'Content-Length', b'465'), (b'Connection', b'keep-alive'), (b'Strict-Transport-Security', b'max-age=31536000; includeSubDomains; preload'), (b'Access-Control-Allow-Origin', b'*'), (b'Access-Control-Allow-Methods', b'GET, POST, OPTIONS'), (b'Access-Control-Expose-Headers', b'Content-Length,Content-Type,Date,Server,Connection')])]
[2025-01-24 11:39:26,534]: [_client.py]: _send_single_request: 1740:       INFO:    [HTTP Request: POST https://api.telegram.org/bot6030805959:AAGUHAMxLYc-PrevgKouJ3ZyM7ktu56ftjo/sendDocument "HTTP/1.1 200 OK"]
[2025-01-24 11:39:26,534]: [_trace.py]: atrace: 87:       DEBUG:    [receive_response_body.started request=<Request [b'POST']>]
[2025-01-24 11:39:26,534]: [_trace.py]: atrace: 87:       DEBUG:    [receive_response_body.complete]
[2025-01-24 11:39:26,534]: [_trace.py]: atrace: 87:       DEBUG:    [response_closed.started]
[2025-01-24 11:39:26,534]: [_trace.py]: atrace: 87:       DEBUG:    [response_closed.complete]
[2025-01-24 11:39:26,534]: [_bot.py]: _do_post: 652:       DEBUG:    [Call to Bot API endpoint `sendDocument` finished with return value `{'message_id': 2131, 'from': {'id': 6030805959, 'is_bot': True, 'first_name': 'TyPHoone', 'username': 'TyPHoone_Project_bot'}, 'chat': {'id': -4119703192, 'title': 'Robocop', 'type': 'group', 'all_members_are_administrators': True}, 'date': 1737718766, 'document': {'file_name': '(2025_01_24--11_39).log', 'mime_type': 'text/plain', 'file_id': 'BQACAgQAAxkDAAIIU2eTe-7Paqb8PEEwDuOeohcm3oDmAAKNGwAC8MyYUM8AAUZ7PCjGiTYE', 'file_unique_id': 'AgADjRsAAvDMmFA', 'file_size': 5937}}`]
[2025-01-24 11:39:26,535]: [_trace.py]: atrace: 87:       DEBUG:    [close.started]
[2025-01-24 11:39:26,535]: [_trace.py]: atrace: 87:       DEBUG:    [close.complete]
[2025-01-24 11:39:26,579]: [_bot.py]: _do_post: 643:       DEBUG:    [Calling Bot API endpoint `getMe` with parameters `{}`]
[2025-01-24 11:39:26,579]: [_trace.py]: atrace: 87:       DEBUG:    [connect_tcp.started host='api.telegram.org' port=443 local_address=None timeout=5.0 socket_options=None]
[2025-01-24 11:39:26,665]: [_trace.py]: atrace: 87:       DEBUG:    [connect_tcp.complete return_value=<httpcore._backends.anyio.AnyIOStream object at 0x7f5f2d470b60>]
[2025-01-24 11:39:26,665]: [_trace.py]: atrace: 87:       DEBUG:    [start_tls.started ssl_context=<ssl.SSLContext object at 0x7f5f2db068d0> server_hostname='api.telegram.org' timeout=5.0]
[2025-01-24 11:39:26,752]: [_trace.py]: atrace: 87:       DEBUG:    [start_tls.complete return_value=<httpcore._backends.anyio.AnyIOStream object at 0x7f5f2e3b54f0>]
[2025-01-24 11:39:26,752]: [_trace.py]: atrace: 87:       DEBUG:    [send_request_headers.started request=<Request [b'POST']>]
[2025-01-24 11:39:26,752]: [_trace.py]: atrace: 87:       DEBUG:    [send_request_headers.complete]
[2025-01-24 11:39:26,752]: [_trace.py]: atrace: 87:       DEBUG:    [send_request_body.started request=<Request [b'POST']>]
[2025-01-24 11:39:26,752]: [_trace.py]: atrace: 87:       DEBUG:    [send_request_body.complete]
[2025-01-24 11:39:26,752]: [_trace.py]: atrace: 87:       DEBUG:    [receive_response_headers.started request=<Request [b'POST']>]
[2025-01-24 11:39:26,837]: [_trace.py]: atrace: 87:       DEBUG:    [receive_response_headers.complete return_value=(b'HTTP/1.1', 200, b'OK', [(b'Server', b'nginx/1.18.0'), (b'Date', b'Fri, 24 Jan 2025 11:39:26 GMT'), (b'Content-Type', b'application/json'), (b'Content-Length', b'258'), (b'Connection', b'keep-alive'), (b'Strict-Transport-Security', b'max-age=31536000; includeSubDomains; preload'), (b'Access-Control-Allow-Origin', b'*'), (b'Access-Control-Allow-Methods', b'GET, POST, OPTIONS'), (b'Access-Control-Expose-Headers', b'Content-Length,Content-Type,Date,Server,Connection')])]
[2025-01-24 11:39:26,837]: [_client.py]: _send_single_request: 1740:       INFO:    [HTTP Request: POST https://api.telegram.org/bot6030805959:AAGUHAMxLYc-PrevgKouJ3ZyM7ktu56ftjo/getMe "HTTP/1.1 200 OK"]
[2025-01-24 11:39:26,837]: [_trace.py]: atrace: 87:       DEBUG:    [receive_response_body.started request=<Request [b'POST']>]
[2025-01-24 11:39:26,837]: [_trace.py]: atrace: 87:       DEBUG:    [receive_response_body.complete]
[2025-01-24 11:39:26,837]: [_trace.py]: atrace: 87:       DEBUG:    [response_closed.started]
[2025-01-24 11:39:26,837]: [_trace.py]: atrace: 87:       DEBUG:    [response_closed.complete]
[2025-01-24 11:39:26,838]: [_bot.py]: _do_post: 652:       DEBUG:    [Call to Bot API endpoint `getMe` finished with return value `{'id': 6030805959, 'is_bot': True, 'first_name': 'TyPHoone', 'username': 'TyPHoone_Project_bot', 'can_join_groups': True, 'can_read_all_group_messages': False, 'supports_inline_queries': False, 'can_connect_to_business': False, 'has_main_web_app': False}`]
[2025-01-24 11:39:26,841]: [_bot.py]: _do_post: 643:       DEBUG:    [Calling Bot API endpoint `sendDocument` with parameters `{'chat_id': '-4119703192', 'document': <telegram._files.inputfile.InputFile object at 0x7f5f2e4aa840>}`]
[2025-01-24 11:39:26,841]: [_trace.py]: atrace: 87:       DEBUG:    [send_request_headers.started request=<Request [b'POST']>]
[2025-01-24 11:39:26,841]: [_trace.py]: atrace: 87:       DEBUG:    [send_request_headers.complete]
[2025-01-24 11:39:26,841]: [_trace.py]: atrace: 87:       DEBUG:    [send_request_body.started request=<Request [b'POST']>]
[2025-01-24 11:39:27,612]: [_trace.py]: atrace: 87:       DEBUG:    [send_request_body.complete]
[2025-01-24 11:39:27,612]: [_trace.py]: atrace: 87:       DEBUG:    [receive_response_headers.started request=<Request [b'POST']>]
[2025-01-24 11:39:28,778]: [_trace.py]: atrace: 87:       DEBUG:    [receive_response_headers.complete return_value=(b'HTTP/1.1', 200, b'OK', [(b'Server', b'nginx/1.18.0'), (b'Date', b'Fri, 24 Jan 2025 11:39:28 GMT'), (b'Content-Type', b'application/json'), (b'Content-Length', b'478'), (b'Connection', b'keep-alive'), (b'Strict-Transport-Security', b'max-age=31536000; includeSubDomains; preload'), (b'Access-Control-Allow-Origin', b'*'), (b'Access-Control-Allow-Methods', b'GET, POST, OPTIONS'), (b'Access-Control-Expose-Headers', b'Content-Length,Content-Type,Date,Server,Connection')])]
[2025-01-24 11:39:28,779]: [_client.py]: _send_single_request: 1740:       INFO:    [HTTP Request: POST https://api.telegram.org/bot6030805959:AAGUHAMxLYc-PrevgKouJ3ZyM7ktu56ftjo/sendDocument "HTTP/1.1 200 OK"]
[2025-01-24 11:39:28,779]: [_trace.py]: atrace: 87:       DEBUG:    [receive_response_body.started request=<Request [b'POST']>]
[2025-01-24 11:39:28,779]: [_trace.py]: atrace: 87:       DEBUG:    [receive_response_body.complete]
[2025-01-24 11:39:28,779]: [_trace.py]: atrace: 87:       DEBUG:    [response_closed.started]
[2025-01-24 11:39:28,779]: [_trace.py]: atrace: 87:       DEBUG:    [response_closed.complete]
[2025-01-24 11:39:28,779]: [_bot.py]: _do_post: 652:       DEBUG:    [Call to Bot API endpoint `sendDocument` finished with return value `{'message_id': 2132, 'from': {'id': 6030805959, 'is_bot': True, 'first_name': 'TyPHoone', 'username': 'TyPHoone_Project_bot'}, 'chat': {'id': -4119703192, 'title': 'Robocop', 'type': 'group', 'all_members_are_administrators': True}, 'date': 1737718768, 'document': {'file_name': '(2025_01_24--11_39)output.zip', 'mime_type': 'application/zip', 'file_id': 'BQACAgQAAxkDAAIIVGeTe_BIHXAKW-Ut-TwmOZD2BZeyAAKOGwAC8MyYULNgaUMWSNw6NgQ', 'file_unique_id': 'AgADjhsAAvDMmFA', 'file_size': 9806050}}`]
[2025-01-24 11:39:28,780]: [_trace.py]: atrace: 87:       DEBUG:    [close.started]
[2025-01-24 11:39:28,780]: [_trace.py]: atrace: 87:       DEBUG:    [close.complete]
[2025-01-24 11:39:28,780]: [Telegram_Sender.py]: runner: 61:       INFO:    [sent successfully]
[2025-01-24 11:39:28,781]: [Main.py]: <module>: 48:       INFO:    [Finished]
