[2024-08-13 11:38:12,734]: [Main.py]: <module>: 21:       INFO:    [Started]
[2024-08-13 11:38:14,347]: [Iron_Scraper.py]: Scrap: 32:       INFO:    [Data Scaraped Successfully]
[2024-08-13 11:38:14,537]: [Iron_Scraper.py]: Scrap: 70:       INFO:    [Scrapped Data Has No Problem]
[2024-08-13 11:38:14,537]: [Iron_Scraper.py]: Scrap: 83:       INFO:    [Data Saved Successfully]
[2024-08-13 11:38:14,537]: [Iron.py]: Run: 26:       INFO:    [Scraping Phase Completed]
[2024-08-13 11:38:14,538]: [Iron_Data_Processor.py]: Data_Reader: 61:       INFO:    [Data File Has Been Red Successfully]
[2024-08-13 11:38:14,538]: [Iron_Data_Processor.py]: Shaper: 78:       INFO:    [Data Shaped]
[2024-08-13 11:38:14,538]: [Iron_Data_Processor.py]: Process: 228:       INFO:    [Data Cleaned]
[2024-08-13 11:38:14,538]: [Iron_Data_Processor.py]: Make_Pages_Objects: 101:       INFO:    [Page Objects Has Been Made]
[2024-08-13 11:38:14,538]: [Iron_Data_Processor.py]: Make_Pages_Objects: 101:       INFO:    [Page Objects Has Been Made]
[2024-08-13 11:38:14,538]: [Iron_Data_Processor.py]: Load_Data: 118:       INFO:    [Data Has Been Load]
[2024-08-13 11:38:14,538]: [Iron_Data_Processor.py]: Load_Data: 118:       INFO:    [Data Has Been Load]
[2024-08-13 11:38:14,539]: [Iron_Data_Processor.py]: Load_positions: 140:       INFO:    [Positions Are Ready]
[2024-08-13 11:38:14,539]: [Iron_Data_Processor.py]: Load_positions: 140:       INFO:    [Positions Are Ready]
[2024-08-13 11:38:15,667]: [Iron_Data_Processor.py]: Make_Tagged_Images: 193:       INFO:    [Images Has Been Made]
[2024-08-13 11:38:16,628]: [Iron_Data_Processor.py]: Make_Tagged_Images: 193:       INFO:    [Images Has Been Made]
[2024-08-13 11:38:16,883]: [Iron_Data_Processor.py]: Make_Cover_Page: 215:       INFO:    [Made Cover Pages]
[2024-08-13 11:38:16,883]: [Iron.py]: Run: 29:       INFO:    [Imagination Phase Completed]
[2024-08-13 11:38:20,869]: [Phone_Scraper.py]: Scrap: 58:       INFO:    [Data Scraped]
[2024-08-13 11:38:20,869]: [Phone_Scraper.py]: Scrap: 71:       INFO:    [Scraped Data Successfully]
[2024-08-13 11:38:20,869]: [Phone.py]: Run: 26:       INFO:    [Scraping Phase Complete]
[2024-08-13 11:38:20,869]: [Phone_Data_Processor.py]: data_reader: 38:       INFO:    [Scraped Data Loaded]
[2024-08-13 11:38:20,871]: [Phone_Data_Processor.py]: filter_list: 65:       INFO:    [Persian Phrases Are deleted]
[2024-08-13 11:38:20,871]: [Phone_Data_Processor.py]: reshape_list: 87:       INFO:    [Date Reshaped]
[2024-08-13 11:38:20,871]: [Phone_Data_Processor.py]: separate_brands: 124:       INFO:    [Brands Are Separated]
[2024-08-13 11:38:20,872]: [Phone_Data_Processor.py]: delete_extra_spaces: 141:       INFO:    [Extra Spaces Are Deleted]
[2024-08-13 11:38:21,661]: [Phone.py]: Run: 29:       INFO:    [Imagination Phase Complete]
[2024-08-13 11:38:21,662]: [selector_events.py]: __init__: 64:       DEBUG:    [Using selector: EpollSelector]
[2024-08-13 11:38:22,004]: [_bot.py]: _do_post: 643:       DEBUG:    [Calling Bot API endpoint `getMe` with parameters `{}`]
[2024-08-13 11:38:22,008]: [_trace.py]: atrace: 85:       DEBUG:    [connect_tcp.started host='api.telegram.org' port=443 local_address=None timeout=5.0 socket_options=None]
[2024-08-13 11:38:22,210]: [_trace.py]: atrace: 85:       DEBUG:    [connect_tcp.complete return_value=<httpcore._backends.anyio.AnyIOStream object at 0x7f9f84707b60>]
[2024-08-13 11:38:22,210]: [_trace.py]: atrace: 85:       DEBUG:    [start_tls.started ssl_context=<ssl.SSLContext object at 0x7f9f84f2aa50> server_hostname='api.telegram.org' timeout=5.0]
[2024-08-13 11:38:22,314]: [_trace.py]: atrace: 85:       DEBUG:    [start_tls.complete return_value=<httpcore._backends.anyio.AnyIOStream object at 0x7f9f855cf740>]
[2024-08-13 11:38:22,315]: [_trace.py]: atrace: 85:       DEBUG:    [send_request_headers.started request=<Request [b'POST']>]
[2024-08-13 11:38:22,315]: [_trace.py]: atrace: 85:       DEBUG:    [send_request_headers.complete]
[2024-08-13 11:38:22,315]: [_trace.py]: atrace: 85:       DEBUG:    [send_request_body.started request=<Request [b'POST']>]
[2024-08-13 11:38:22,315]: [_trace.py]: atrace: 85:       DEBUG:    [send_request_body.complete]
[2024-08-13 11:38:22,315]: [_trace.py]: atrace: 85:       DEBUG:    [receive_response_headers.started request=<Request [b'POST']>]
[2024-08-13 11:38:22,422]: [_trace.py]: atrace: 85:       DEBUG:    [receive_response_headers.complete return_value=(b'HTTP/1.1', 200, b'OK', [(b'Server', b'nginx/1.18.0'), (b'Date', b'Tue, 13 Aug 2024 11:38:22 GMT'), (b'Content-Type', b'application/json'), (b'Content-Length', b'258'), (b'Connection', b'keep-alive'), (b'Strict-Transport-Security', b'max-age=31536000; includeSubDomains; preload'), (b'Access-Control-Allow-Origin', b'*'), (b'Access-Control-Allow-Methods', b'GET, POST, OPTIONS'), (b'Access-Control-Expose-Headers', b'Content-Length,Content-Type,Date,Server,Connection')])]
[2024-08-13 11:38:22,422]: [_client.py]: _send_single_request: 1773:       INFO:    [HTTP Request: POST https://api.telegram.org/bot6030805959:AAGUHAMxLYc-PrevgKouJ3ZyM7ktu56ftjo/getMe "HTTP/1.1 200 OK"]
[2024-08-13 11:38:22,423]: [_trace.py]: atrace: 85:       DEBUG:    [receive_response_body.started request=<Request [b'POST']>]
[2024-08-13 11:38:22,423]: [_trace.py]: atrace: 85:       DEBUG:    [receive_response_body.complete]
[2024-08-13 11:38:22,423]: [_trace.py]: atrace: 85:       DEBUG:    [response_closed.started]
[2024-08-13 11:38:22,423]: [_trace.py]: atrace: 85:       DEBUG:    [response_closed.complete]
[2024-08-13 11:38:22,423]: [_bot.py]: _do_post: 652:       DEBUG:    [Call to Bot API endpoint `getMe` finished with return value `{'id': 6030805959, 'is_bot': True, 'first_name': 'TyPHoone', 'username': 'TyPHoone_Project_bot', 'can_join_groups': True, 'can_read_all_group_messages': False, 'supports_inline_queries': False, 'can_connect_to_business': False, 'has_main_web_app': False}`]
[2024-08-13 11:38:22,426]: [_bot.py]: _do_post: 643:       DEBUG:    [Calling Bot API endpoint `sendDocument` with parameters `{'chat_id': '-4119703192', 'document': <telegram._files.inputfile.InputFile object at 0x7f9f8524e240>}`]
[2024-08-13 11:38:22,427]: [_trace.py]: atrace: 85:       DEBUG:    [send_request_headers.started request=<Request [b'POST']>]
[2024-08-13 11:38:22,427]: [_trace.py]: atrace: 85:       DEBUG:    [send_request_headers.complete]
[2024-08-13 11:38:22,427]: [_trace.py]: atrace: 85:       DEBUG:    [send_request_body.started request=<Request [b'POST']>]
[2024-08-13 11:38:22,428]: [_trace.py]: atrace: 85:       DEBUG:    [send_request_body.complete]
[2024-08-13 11:38:22,428]: [_trace.py]: atrace: 85:       DEBUG:    [receive_response_headers.started request=<Request [b'POST']>]
[2024-08-13 11:38:22,787]: [_trace.py]: atrace: 85:       DEBUG:    [receive_response_headers.complete return_value=(b'HTTP/1.1', 200, b'OK', [(b'Server', b'nginx/1.18.0'), (b'Date', b'Tue, 13 Aug 2024 11:38:22 GMT'), (b'Content-Type', b'application/json'), (b'Content-Length', b'464'), (b'Connection', b'keep-alive'), (b'Strict-Transport-Security', b'max-age=31536000; includeSubDomains; preload'), (b'Access-Control-Allow-Origin', b'*'), (b'Access-Control-Allow-Methods', b'GET, POST, OPTIONS'), (b'Access-Control-Expose-Headers', b'Content-Length,Content-Type,Date,Server,Connection')])]
[2024-08-13 11:38:22,788]: [_client.py]: _send_single_request: 1773:       INFO:    [HTTP Request: POST https://api.telegram.org/bot6030805959:AAGUHAMxLYc-PrevgKouJ3ZyM7ktu56ftjo/sendDocument "HTTP/1.1 200 OK"]
[2024-08-13 11:38:22,788]: [_trace.py]: atrace: 85:       DEBUG:    [receive_response_body.started request=<Request [b'POST']>]
[2024-08-13 11:38:22,788]: [_trace.py]: atrace: 85:       DEBUG:    [receive_response_body.complete]
[2024-08-13 11:38:22,788]: [_trace.py]: atrace: 85:       DEBUG:    [response_closed.started]
[2024-08-13 11:38:22,788]: [_trace.py]: atrace: 85:       DEBUG:    [response_closed.complete]
[2024-08-13 11:38:22,788]: [_bot.py]: _do_post: 652:       DEBUG:    [Call to Bot API endpoint `sendDocument` finished with return value `{'message_id': 1801, 'from': {'id': 6030805959, 'is_bot': True, 'first_name': 'TyPHoone', 'username': 'TyPHoone_Project_bot'}, 'chat': {'id': -4119703192, 'title': 'Robocop', 'type': 'group', 'all_members_are_administrators': True}, 'date': 1723549102, 'document': {'file_name': '(2024_08_13--11_38).log', 'mime_type': 'text/plain', 'file_id': 'BQACAgQAAxkDAAIHCWa7Ra5uqDDIdU3UM4CqG1HhubqRAAKqFAACpTLYUam8dzuaNMxnNQQ', 'file_unique_id': 'AgADqhQAAqUy2FE', 'file_size': 5937}}`]
[2024-08-13 11:38:22,789]: [_trace.py]: atrace: 85:       DEBUG:    [close.started]
[2024-08-13 11:38:22,789]: [_trace.py]: atrace: 85:       DEBUG:    [close.complete]
[2024-08-13 11:38:22,789]: [_config.py]: load_ssl_context: 80:       DEBUG:    [load_ssl_context verify=True cert=None trust_env=True http2=False]
[2024-08-13 11:38:22,790]: [_config.py]: load_ssl_context_verify: 146:       DEBUG:    [load_verify_locations cafile='/opt/hostedtoolcache/Python/3.12.4/x64/lib/python3.12/site-packages/certifi/cacert.pem']
[2024-08-13 11:38:22,817]: [_config.py]: load_ssl_context: 80:       DEBUG:    [load_ssl_context verify=True cert=None trust_env=True http2=False]
[2024-08-13 11:38:22,818]: [_config.py]: load_ssl_context_verify: 146:       DEBUG:    [load_verify_locations cafile='/opt/hostedtoolcache/Python/3.12.4/x64/lib/python3.12/site-packages/certifi/cacert.pem']
[2024-08-13 11:38:22,845]: [_bot.py]: _do_post: 643:       DEBUG:    [Calling Bot API endpoint `getMe` with parameters `{}`]
[2024-08-13 11:38:22,845]: [_trace.py]: atrace: 85:       DEBUG:    [connect_tcp.started host='api.telegram.org' port=443 local_address=None timeout=5.0 socket_options=None]
[2024-08-13 11:38:22,946]: [_trace.py]: atrace: 85:       DEBUG:    [connect_tcp.complete return_value=<httpcore._backends.anyio.AnyIOStream object at 0x7f9f84560380>]
[2024-08-13 11:38:22,947]: [_trace.py]: atrace: 85:       DEBUG:    [start_tls.started ssl_context=<ssl.SSLContext object at 0x7f9f84f2a850> server_hostname='api.telegram.org' timeout=5.0]
[2024-08-13 11:38:23,047]: [_trace.py]: atrace: 85:       DEBUG:    [start_tls.complete return_value=<httpcore._backends.anyio.AnyIOStream object at 0x7f9f845620f0>]
[2024-08-13 11:38:23,048]: [_trace.py]: atrace: 85:       DEBUG:    [send_request_headers.started request=<Request [b'POST']>]
[2024-08-13 11:38:23,048]: [_trace.py]: atrace: 85:       DEBUG:    [send_request_headers.complete]
[2024-08-13 11:38:23,048]: [_trace.py]: atrace: 85:       DEBUG:    [send_request_body.started request=<Request [b'POST']>]
[2024-08-13 11:38:23,048]: [_trace.py]: atrace: 85:       DEBUG:    [send_request_body.complete]
[2024-08-13 11:38:23,048]: [_trace.py]: atrace: 85:       DEBUG:    [receive_response_headers.started request=<Request [b'POST']>]
[2024-08-13 11:38:23,147]: [_trace.py]: atrace: 85:       DEBUG:    [receive_response_headers.complete return_value=(b'HTTP/1.1', 200, b'OK', [(b'Server', b'nginx/1.18.0'), (b'Date', b'Tue, 13 Aug 2024 11:38:23 GMT'), (b'Content-Type', b'application/json'), (b'Content-Length', b'258'), (b'Connection', b'keep-alive'), (b'Strict-Transport-Security', b'max-age=31536000; includeSubDomains; preload'), (b'Access-Control-Allow-Origin', b'*'), (b'Access-Control-Allow-Methods', b'GET, POST, OPTIONS'), (b'Access-Control-Expose-Headers', b'Content-Length,Content-Type,Date,Server,Connection')])]
[2024-08-13 11:38:23,148]: [_client.py]: _send_single_request: 1773:       INFO:    [HTTP Request: POST https://api.telegram.org/bot6030805959:AAGUHAMxLYc-PrevgKouJ3ZyM7ktu56ftjo/getMe "HTTP/1.1 200 OK"]
[2024-08-13 11:38:23,148]: [_trace.py]: atrace: 85:       DEBUG:    [receive_response_body.started request=<Request [b'POST']>]
[2024-08-13 11:38:23,148]: [_trace.py]: atrace: 85:       DEBUG:    [receive_response_body.complete]
[2024-08-13 11:38:23,148]: [_trace.py]: atrace: 85:       DEBUG:    [response_closed.started]
[2024-08-13 11:38:23,148]: [_trace.py]: atrace: 85:       DEBUG:    [response_closed.complete]
[2024-08-13 11:38:23,148]: [_bot.py]: _do_post: 652:       DEBUG:    [Call to Bot API endpoint `getMe` finished with return value `{'id': 6030805959, 'is_bot': True, 'first_name': 'TyPHoone', 'username': 'TyPHoone_Project_bot', 'can_join_groups': True, 'can_read_all_group_messages': False, 'supports_inline_queries': False, 'can_connect_to_business': False, 'has_main_web_app': False}`]
[2024-08-13 11:38:23,151]: [_bot.py]: _do_post: 643:       DEBUG:    [Calling Bot API endpoint `sendDocument` with parameters `{'chat_id': '-4119703192', 'document': <telegram._files.inputfile.InputFile object at 0x7f9f84712a00>}`]
[2024-08-13 11:38:23,152]: [_trace.py]: atrace: 85:       DEBUG:    [send_request_headers.started request=<Request [b'POST']>]
[2024-08-13 11:38:23,152]: [_trace.py]: atrace: 85:       DEBUG:    [send_request_headers.complete]
[2024-08-13 11:38:23,152]: [_trace.py]: atrace: 85:       DEBUG:    [send_request_body.started request=<Request [b'POST']>]
[2024-08-13 11:38:24,158]: [_trace.py]: atrace: 85:       DEBUG:    [send_request_body.complete]
[2024-08-13 11:38:24,158]: [_trace.py]: atrace: 85:       DEBUG:    [receive_response_headers.started request=<Request [b'POST']>]
[2024-08-13 11:38:25,309]: [_trace.py]: atrace: 85:       DEBUG:    [receive_response_headers.complete return_value=(b'HTTP/1.1', 200, b'OK', [(b'Server', b'nginx/1.18.0'), (b'Date', b'Tue, 13 Aug 2024 11:38:25 GMT'), (b'Content-Type', b'application/json'), (b'Content-Length', b'479'), (b'Connection', b'keep-alive'), (b'Strict-Transport-Security', b'max-age=31536000; includeSubDomains; preload'), (b'Access-Control-Allow-Origin', b'*'), (b'Access-Control-Allow-Methods', b'GET, POST, OPTIONS'), (b'Access-Control-Expose-Headers', b'Content-Length,Content-Type,Date,Server,Connection')])]
[2024-08-13 11:38:25,309]: [_client.py]: _send_single_request: 1773:       INFO:    [HTTP Request: POST https://api.telegram.org/bot6030805959:AAGUHAMxLYc-PrevgKouJ3ZyM7ktu56ftjo/sendDocument "HTTP/1.1 200 OK"]
[2024-08-13 11:38:25,309]: [_trace.py]: atrace: 85:       DEBUG:    [receive_response_body.started request=<Request [b'POST']>]
[2024-08-13 11:38:25,309]: [_trace.py]: atrace: 85:       DEBUG:    [receive_response_body.complete]
[2024-08-13 11:38:25,309]: [_trace.py]: atrace: 85:       DEBUG:    [response_closed.started]
[2024-08-13 11:38:25,309]: [_trace.py]: atrace: 85:       DEBUG:    [response_closed.complete]
[2024-08-13 11:38:25,309]: [_bot.py]: _do_post: 652:       DEBUG:    [Call to Bot API endpoint `sendDocument` finished with return value `{'message_id': 1802, 'from': {'id': 6030805959, 'is_bot': True, 'first_name': 'TyPHoone', 'username': 'TyPHoone_Project_bot'}, 'chat': {'id': -4119703192, 'title': 'Robocop', 'type': 'group', 'all_members_are_administrators': True}, 'date': 1723549105, 'document': {'file_name': '(2024_08_13--11_38)output.zip', 'mime_type': 'application/zip', 'file_id': 'BQACAgQAAxkDAAIHCma7RbBzlA22TqLWTsnzD9S227QbAAKrFAACpTLYURh-JthFKN8sNQQ', 'file_unique_id': 'AgADqxQAAqUy2FE', 'file_size': 10240550}}`]
[2024-08-13 11:38:25,310]: [_trace.py]: atrace: 85:       DEBUG:    [close.started]
[2024-08-13 11:38:25,310]: [_trace.py]: atrace: 85:       DEBUG:    [close.complete]
[2024-08-13 11:38:25,310]: [Telegram_Sender.py]: runner: 61:       INFO:    [sent successfully]
[2024-08-13 11:38:25,311]: [Main.py]: <module>: 48:       INFO:    [Finished]
