[2025-10-15 11:39:48,544]: [Main.py]: <module>: 21:       INFO:    [Started]
[2025-10-15 11:39:49,939]: [Iron_Scraper.py]: Scrap: 32:       INFO:    [Data Scaraped Successfully]
[2025-10-15 11:39:50,139]: [Iron_Scraper.py]: Scrap: 70:       INFO:    [Scrapped Data Has No Problem]
[2025-10-15 11:39:50,139]: [Iron_Scraper.py]: Scrap: 83:       INFO:    [Data Saved Successfully]
[2025-10-15 11:39:50,139]: [Iron.py]: Run: 26:       INFO:    [Scraping Phase Completed]
[2025-10-15 11:39:50,139]: [Iron_Data_Processor.py]: Data_Reader: 61:       INFO:    [Data File Has Been Red Successfully]
[2025-10-15 11:39:50,139]: [Iron_Data_Processor.py]: Shaper: 78:       INFO:    [Data Shaped]
[2025-10-15 11:39:50,140]: [Iron_Data_Processor.py]: Process: 228:       INFO:    [Data Cleaned]
[2025-10-15 11:39:50,140]: [Iron_Data_Processor.py]: Make_Pages_Objects: 101:       INFO:    [Page Objects Has Been Made]
[2025-10-15 11:39:50,140]: [Iron_Data_Processor.py]: Make_Pages_Objects: 101:       INFO:    [Page Objects Has Been Made]
[2025-10-15 11:39:50,140]: [Iron_Data_Processor.py]: Load_Data: 118:       INFO:    [Data Has Been Load]
[2025-10-15 11:39:50,140]: [Iron_Data_Processor.py]: Load_Data: 118:       INFO:    [Data Has Been Load]
[2025-10-15 11:39:50,142]: [Iron_Data_Processor.py]: Load_positions: 140:       INFO:    [Positions Are Ready]
[2025-10-15 11:39:50,143]: [Iron_Data_Processor.py]: Load_positions: 140:       INFO:    [Positions Are Ready]
[2025-10-15 11:39:51,265]: [Iron_Data_Processor.py]: Make_Tagged_Images: 193:       INFO:    [Images Has Been Made]
[2025-10-15 11:39:52,218]: [Iron_Data_Processor.py]: Make_Tagged_Images: 193:       INFO:    [Images Has Been Made]
[2025-10-15 11:39:52,473]: [Iron_Data_Processor.py]: Make_Cover_Page: 215:       INFO:    [Made Cover Pages]
[2025-10-15 11:39:52,473]: [Iron.py]: Run: 29:       INFO:    [Imagination Phase Completed]
[2025-10-15 11:39:55,101]: [Phone_Scraper.py]: Scrap: 58:       INFO:    [Data Scraped]
[2025-10-15 11:39:55,102]: [Phone_Scraper.py]: Scrap: 71:       INFO:    [Scraped Data Successfully]
[2025-10-15 11:39:55,102]: [Phone.py]: Run: 26:       INFO:    [Scraping Phase Complete]
[2025-10-15 11:39:55,102]: [Phone_Data_Processor.py]: data_reader: 38:       INFO:    [Scraped Data Loaded]
[2025-10-15 11:39:55,103]: [Phone_Data_Processor.py]: filter_list: 65:       INFO:    [Persian Phrases Are deleted]
[2025-10-15 11:39:55,104]: [Phone_Data_Processor.py]: reshape_list: 87:       INFO:    [Date Reshaped]
[2025-10-15 11:39:55,104]: [Phone_Data_Processor.py]: separate_brands: 124:       INFO:    [Brands Are Separated]
[2025-10-15 11:39:55,104]: [Phone_Data_Processor.py]: delete_extra_spaces: 141:       INFO:    [Extra Spaces Are Deleted]
[2025-10-15 11:39:55,858]: [Phone.py]: Run: 29:       INFO:    [Imagination Phase Complete]
[2025-10-15 11:39:55,858]: [selector_events.py]: __init__: 64:       DEBUG:    [Using selector: EpollSelector]
[2025-10-15 11:39:56,137]: [_bot.py]: _do_post: 643:       DEBUG:    [Calling Bot API endpoint `getMe` with parameters `{}`]
[2025-10-15 11:39:56,142]: [_trace.py]: atrace: 87:       DEBUG:    [connect_tcp.started host='api.telegram.org' port=443 local_address=None timeout=5.0 socket_options=None]
[2025-10-15 11:39:56,336]: [_trace.py]: atrace: 87:       DEBUG:    [connect_tcp.complete return_value=<httpcore._backends.anyio.AnyIOStream object at 0x7f7fb6f4da30>]
[2025-10-15 11:39:56,336]: [_trace.py]: atrace: 87:       DEBUG:    [start_tls.started ssl_context=<ssl.SSLContext object at 0x7f7fb79adf50> server_hostname='api.telegram.org' timeout=5.0]
[2025-10-15 11:39:56,429]: [_trace.py]: atrace: 87:       DEBUG:    [start_tls.complete return_value=<httpcore._backends.anyio.AnyIOStream object at 0x7f7fb7b21f70>]
[2025-10-15 11:39:56,429]: [_trace.py]: atrace: 87:       DEBUG:    [send_request_headers.started request=<Request [b'POST']>]
[2025-10-15 11:39:56,430]: [_trace.py]: atrace: 87:       DEBUG:    [send_request_headers.complete]
[2025-10-15 11:39:56,430]: [_trace.py]: atrace: 87:       DEBUG:    [send_request_body.started request=<Request [b'POST']>]
[2025-10-15 11:39:56,430]: [_trace.py]: atrace: 87:       DEBUG:    [send_request_body.complete]
[2025-10-15 11:39:56,430]: [_trace.py]: atrace: 87:       DEBUG:    [receive_response_headers.started request=<Request [b'POST']>]
[2025-10-15 11:39:56,526]: [_trace.py]: atrace: 87:       DEBUG:    [receive_response_headers.complete return_value=(b'HTTP/1.1', 200, b'OK', [(b'Server', b'nginx/1.18.0'), (b'Date', b'Wed, 15 Oct 2025 11:39:56 GMT'), (b'Content-Type', b'application/json'), (b'Content-Length', b'258'), (b'Connection', b'keep-alive'), (b'Strict-Transport-Security', b'max-age=31536000; includeSubDomains; preload'), (b'Access-Control-Allow-Origin', b'*'), (b'Access-Control-Allow-Methods', b'GET, POST, OPTIONS'), (b'Access-Control-Expose-Headers', b'Content-Length,Content-Type,Date,Server,Connection')])]
[2025-10-15 11:39:56,527]: [_client.py]: _send_single_request: 1740:       INFO:    [HTTP Request: POST https://api.telegram.org/bot6030805959:AAGUHAMxLYc-PrevgKouJ3ZyM7ktu56ftjo/getMe "HTTP/1.1 200 OK"]
[2025-10-15 11:39:56,527]: [_trace.py]: atrace: 87:       DEBUG:    [receive_response_body.started request=<Request [b'POST']>]
[2025-10-15 11:39:56,527]: [_trace.py]: atrace: 87:       DEBUG:    [receive_response_body.complete]
[2025-10-15 11:39:56,527]: [_trace.py]: atrace: 87:       DEBUG:    [response_closed.started]
[2025-10-15 11:39:56,527]: [_trace.py]: atrace: 87:       DEBUG:    [response_closed.complete]
[2025-10-15 11:39:56,527]: [_bot.py]: _do_post: 652:       DEBUG:    [Call to Bot API endpoint `getMe` finished with return value `{'id': 6030805959, 'is_bot': True, 'first_name': 'TyPHoone', 'username': 'TyPHoone_Project_bot', 'can_join_groups': True, 'can_read_all_group_messages': False, 'supports_inline_queries': False, 'can_connect_to_business': False, 'has_main_web_app': False}`]
[2025-10-15 11:39:56,530]: [_bot.py]: _do_post: 643:       DEBUG:    [Calling Bot API endpoint `sendDocument` with parameters `{'chat_id': '-4119703192', 'document': <telegram._files.inputfile.InputFile object at 0x7f7fb6f9d7c0>}`]
[2025-10-15 11:39:56,531]: [_trace.py]: atrace: 87:       DEBUG:    [send_request_headers.started request=<Request [b'POST']>]
[2025-10-15 11:39:56,531]: [_trace.py]: atrace: 87:       DEBUG:    [send_request_headers.complete]
[2025-10-15 11:39:56,531]: [_trace.py]: atrace: 87:       DEBUG:    [send_request_body.started request=<Request [b'POST']>]
[2025-10-15 11:39:56,532]: [_trace.py]: atrace: 87:       DEBUG:    [send_request_body.complete]
[2025-10-15 11:39:56,532]: [_trace.py]: atrace: 87:       DEBUG:    [receive_response_headers.started request=<Request [b'POST']>]
[2025-10-15 11:39:56,725]: [_trace.py]: atrace: 87:       DEBUG:    [receive_response_headers.complete return_value=(b'HTTP/1.1', 200, b'OK', [(b'Server', b'nginx/1.18.0'), (b'Date', b'Wed, 15 Oct 2025 11:39:56 GMT'), (b'Content-Type', b'application/json'), (b'Content-Length', b'584'), (b'Connection', b'keep-alive'), (b'Strict-Transport-Security', b'max-age=31536000; includeSubDomains; preload'), (b'Access-Control-Allow-Origin', b'*'), (b'Access-Control-Allow-Methods', b'GET, POST, OPTIONS'), (b'Access-Control-Expose-Headers', b'Content-Length,Content-Type,Date,Server,Connection')])]
[2025-10-15 11:39:56,725]: [_client.py]: _send_single_request: 1740:       INFO:    [HTTP Request: POST https://api.telegram.org/bot6030805959:AAGUHAMxLYc-PrevgKouJ3ZyM7ktu56ftjo/sendDocument "HTTP/1.1 200 OK"]
[2025-10-15 11:39:56,725]: [_trace.py]: atrace: 87:       DEBUG:    [receive_response_body.started request=<Request [b'POST']>]
[2025-10-15 11:39:56,725]: [_trace.py]: atrace: 87:       DEBUG:    [receive_response_body.complete]
[2025-10-15 11:39:56,726]: [_trace.py]: atrace: 87:       DEBUG:    [response_closed.started]
[2025-10-15 11:39:56,726]: [_trace.py]: atrace: 87:       DEBUG:    [response_closed.complete]
[2025-10-15 11:39:56,726]: [_bot.py]: _do_post: 652:       DEBUG:    [Call to Bot API endpoint `sendDocument` finished with return value `{'message_id': 2665, 'from': {'id': 6030805959, 'is_bot': True, 'first_name': 'TyPHoone', 'username': 'TyPHoone_Project_bot'}, 'chat': {'id': -4119703192, 'title': 'Robocop', 'type': 'group', 'all_members_are_administrators': True, 'accepted_gift_types': {'unlimited_gifts': False, 'limited_gifts': False, 'unique_gifts': False, 'premium_subscription': False}}, 'date': 1760528396, 'document': {'file_name': '(2025_10_15--11_39).log', 'mime_type': 'text/plain', 'file_id': 'BQACAgQAAxkDAAIKaWjviAwoA1vXlbKclSf_fngTft87AAIsGgAC5wZ5U6csbEU7e3uqNgQ', 'file_unique_id': 'AgADLBoAAucGeVM', 'file_size': 5937}}`]
[2025-10-15 11:39:56,726]: [_trace.py]: atrace: 87:       DEBUG:    [close.started]
[2025-10-15 11:39:56,727]: [_trace.py]: atrace: 87:       DEBUG:    [close.complete]
[2025-10-15 11:39:56,771]: [_bot.py]: _do_post: 643:       DEBUG:    [Calling Bot API endpoint `getMe` with parameters `{}`]
[2025-10-15 11:39:56,771]: [_trace.py]: atrace: 87:       DEBUG:    [connect_tcp.started host='api.telegram.org' port=443 local_address=None timeout=5.0 socket_options=None]
[2025-10-15 11:39:56,863]: [_trace.py]: atrace: 87:       DEBUG:    [connect_tcp.complete return_value=<httpcore._backends.anyio.AnyIOStream object at 0x7f7fb6fe57c0>]
[2025-10-15 11:39:56,863]: [_trace.py]: atrace: 87:       DEBUG:    [start_tls.started ssl_context=<ssl.SSLContext object at 0x7f7fb79ade50> server_hostname='api.telegram.org' timeout=5.0]
[2025-10-15 11:39:56,956]: [_trace.py]: atrace: 87:       DEBUG:    [start_tls.complete return_value=<httpcore._backends.anyio.AnyIOStream object at 0x7f7fb7b731a0>]
[2025-10-15 11:39:56,956]: [_trace.py]: atrace: 87:       DEBUG:    [send_request_headers.started request=<Request [b'POST']>]
[2025-10-15 11:39:56,957]: [_trace.py]: atrace: 87:       DEBUG:    [send_request_headers.complete]
[2025-10-15 11:39:56,957]: [_trace.py]: atrace: 87:       DEBUG:    [send_request_body.started request=<Request [b'POST']>]
[2025-10-15 11:39:56,957]: [_trace.py]: atrace: 87:       DEBUG:    [send_request_body.complete]
[2025-10-15 11:39:56,957]: [_trace.py]: atrace: 87:       DEBUG:    [receive_response_headers.started request=<Request [b'POST']>]
[2025-10-15 11:39:57,047]: [_trace.py]: atrace: 87:       DEBUG:    [receive_response_headers.complete return_value=(b'HTTP/1.1', 200, b'OK', [(b'Server', b'nginx/1.18.0'), (b'Date', b'Wed, 15 Oct 2025 11:39:57 GMT'), (b'Content-Type', b'application/json'), (b'Content-Length', b'258'), (b'Connection', b'keep-alive'), (b'Strict-Transport-Security', b'max-age=31536000; includeSubDomains; preload'), (b'Access-Control-Allow-Origin', b'*'), (b'Access-Control-Allow-Methods', b'GET, POST, OPTIONS'), (b'Access-Control-Expose-Headers', b'Content-Length,Content-Type,Date,Server,Connection')])]
[2025-10-15 11:39:57,048]: [_client.py]: _send_single_request: 1740:       INFO:    [HTTP Request: POST https://api.telegram.org/bot6030805959:AAGUHAMxLYc-PrevgKouJ3ZyM7ktu56ftjo/getMe "HTTP/1.1 200 OK"]
[2025-10-15 11:39:57,048]: [_trace.py]: atrace: 87:       DEBUG:    [receive_response_body.started request=<Request [b'POST']>]
[2025-10-15 11:39:57,048]: [_trace.py]: atrace: 87:       DEBUG:    [receive_response_body.complete]
[2025-10-15 11:39:57,048]: [_trace.py]: atrace: 87:       DEBUG:    [response_closed.started]
[2025-10-15 11:39:57,048]: [_trace.py]: atrace: 87:       DEBUG:    [response_closed.complete]
[2025-10-15 11:39:57,048]: [_bot.py]: _do_post: 652:       DEBUG:    [Call to Bot API endpoint `getMe` finished with return value `{'id': 6030805959, 'is_bot': True, 'first_name': 'TyPHoone', 'username': 'TyPHoone_Project_bot', 'can_join_groups': True, 'can_read_all_group_messages': False, 'supports_inline_queries': False, 'can_connect_to_business': False, 'has_main_web_app': False}`]
[2025-10-15 11:39:57,051]: [_bot.py]: _do_post: 643:       DEBUG:    [Calling Bot API endpoint `sendDocument` with parameters `{'chat_id': '-4119703192', 'document': <telegram._files.inputfile.InputFile object at 0x7f7fb79d2440>}`]
[2025-10-15 11:39:57,051]: [_trace.py]: atrace: 87:       DEBUG:    [send_request_headers.started request=<Request [b'POST']>]
[2025-10-15 11:39:57,051]: [_trace.py]: atrace: 87:       DEBUG:    [send_request_headers.complete]
[2025-10-15 11:39:57,051]: [_trace.py]: atrace: 87:       DEBUG:    [send_request_body.started request=<Request [b'POST']>]
[2025-10-15 11:39:57,953]: [_trace.py]: atrace: 87:       DEBUG:    [send_request_body.complete]
[2025-10-15 11:39:57,953]: [_trace.py]: atrace: 87:       DEBUG:    [receive_response_headers.started request=<Request [b'POST']>]
[2025-10-15 11:39:59,220]: [_trace.py]: atrace: 87:       DEBUG:    [receive_response_headers.complete return_value=(b'HTTP/1.1', 200, b'OK', [(b'Server', b'nginx/1.18.0'), (b'Date', b'Wed, 15 Oct 2025 11:39:59 GMT'), (b'Content-Type', b'application/json'), (b'Content-Length', b'599'), (b'Connection', b'keep-alive'), (b'Strict-Transport-Security', b'max-age=31536000; includeSubDomains; preload'), (b'Access-Control-Allow-Origin', b'*'), (b'Access-Control-Allow-Methods', b'GET, POST, OPTIONS'), (b'Access-Control-Expose-Headers', b'Content-Length,Content-Type,Date,Server,Connection')])]
[2025-10-15 11:39:59,220]: [_client.py]: _send_single_request: 1740:       INFO:    [HTTP Request: POST https://api.telegram.org/bot6030805959:AAGUHAMxLYc-PrevgKouJ3ZyM7ktu56ftjo/sendDocument "HTTP/1.1 200 OK"]
[2025-10-15 11:39:59,220]: [_trace.py]: atrace: 87:       DEBUG:    [receive_response_body.started request=<Request [b'POST']>]
[2025-10-15 11:39:59,220]: [_trace.py]: atrace: 87:       DEBUG:    [receive_response_body.complete]
[2025-10-15 11:39:59,221]: [_trace.py]: atrace: 87:       DEBUG:    [response_closed.started]
[2025-10-15 11:39:59,221]: [_trace.py]: atrace: 87:       DEBUG:    [response_closed.complete]
[2025-10-15 11:39:59,221]: [_bot.py]: _do_post: 652:       DEBUG:    [Call to Bot API endpoint `sendDocument` finished with return value `{'message_id': 2666, 'from': {'id': 6030805959, 'is_bot': True, 'first_name': 'TyPHoone', 'username': 'TyPHoone_Project_bot'}, 'chat': {'id': -4119703192, 'title': 'Robocop', 'type': 'group', 'all_members_are_administrators': True, 'accepted_gift_types': {'unlimited_gifts': False, 'limited_gifts': False, 'unique_gifts': False, 'premium_subscription': False}}, 'date': 1760528399, 'document': {'file_name': '(2025_10_15--11_39)output.zip', 'mime_type': 'application/zip', 'file_id': 'BQACAgQAAxkDAAIKamjviA4kwtxcQ4A9IRENlWuQopeCAAItGgAC5wZ5U6yefjOsvVElNgQ', 'file_unique_id': 'AgADLRoAAucGeVM', 'file_size': 10141850}}`]
[2025-10-15 11:39:59,221]: [_trace.py]: atrace: 87:       DEBUG:    [close.started]
[2025-10-15 11:39:59,221]: [_trace.py]: atrace: 87:       DEBUG:    [close.complete]
[2025-10-15 11:39:59,221]: [Telegram_Sender.py]: runner: 61:       INFO:    [sent successfully]
[2025-10-15 11:39:59,222]: [Main.py]: <module>: 48:       INFO:    [Finished]
