[2025-10-13 11:39:39,463]: [Main.py]: <module>: 21:       INFO:    [Started]
[2025-10-13 11:39:40,884]: [Iron_Scraper.py]: Scrap: 32:       INFO:    [Data Scaraped Successfully]
[2025-10-13 11:39:41,082]: [Iron_Scraper.py]: Scrap: 70:       INFO:    [Scrapped Data Has No Problem]
[2025-10-13 11:39:41,083]: [Iron_Scraper.py]: Scrap: 83:       INFO:    [Data Saved Successfully]
[2025-10-13 11:39:41,083]: [Iron.py]: Run: 26:       INFO:    [Scraping Phase Completed]
[2025-10-13 11:39:41,083]: [Iron_Data_Processor.py]: Data_Reader: 61:       INFO:    [Data File Has Been Red Successfully]
[2025-10-13 11:39:41,083]: [Iron_Data_Processor.py]: Shaper: 78:       INFO:    [Data Shaped]
[2025-10-13 11:39:41,084]: [Iron_Data_Processor.py]: Process: 228:       INFO:    [Data Cleaned]
[2025-10-13 11:39:41,084]: [Iron_Data_Processor.py]: Make_Pages_Objects: 101:       INFO:    [Page Objects Has Been Made]
[2025-10-13 11:39:41,084]: [Iron_Data_Processor.py]: Make_Pages_Objects: 101:       INFO:    [Page Objects Has Been Made]
[2025-10-13 11:39:41,084]: [Iron_Data_Processor.py]: Load_Data: 118:       INFO:    [Data Has Been Load]
[2025-10-13 11:39:41,084]: [Iron_Data_Processor.py]: Load_Data: 118:       INFO:    [Data Has Been Load]
[2025-10-13 11:39:41,084]: [Iron_Data_Processor.py]: Load_positions: 140:       INFO:    [Positions Are Ready]
[2025-10-13 11:39:41,084]: [Iron_Data_Processor.py]: Load_positions: 140:       INFO:    [Positions Are Ready]
[2025-10-13 11:39:42,207]: [Iron_Data_Processor.py]: Make_Tagged_Images: 193:       INFO:    [Images Has Been Made]
[2025-10-13 11:39:43,160]: [Iron_Data_Processor.py]: Make_Tagged_Images: 193:       INFO:    [Images Has Been Made]
[2025-10-13 11:39:43,413]: [Iron_Data_Processor.py]: Make_Cover_Page: 215:       INFO:    [Made Cover Pages]
[2025-10-13 11:39:43,413]: [Iron.py]: Run: 29:       INFO:    [Imagination Phase Completed]
[2025-10-13 11:39:46,081]: [Phone_Scraper.py]: Scrap: 58:       INFO:    [Data Scraped]
[2025-10-13 11:39:46,081]: [Phone_Scraper.py]: Scrap: 71:       INFO:    [Scraped Data Successfully]
[2025-10-13 11:39:46,081]: [Phone.py]: Run: 26:       INFO:    [Scraping Phase Complete]
[2025-10-13 11:39:46,082]: [Phone_Data_Processor.py]: data_reader: 38:       INFO:    [Scraped Data Loaded]
[2025-10-13 11:39:46,083]: [Phone_Data_Processor.py]: filter_list: 65:       INFO:    [Persian Phrases Are deleted]
[2025-10-13 11:39:46,083]: [Phone_Data_Processor.py]: reshape_list: 87:       INFO:    [Date Reshaped]
[2025-10-13 11:39:46,083]: [Phone_Data_Processor.py]: separate_brands: 124:       INFO:    [Brands Are Separated]
[2025-10-13 11:39:46,084]: [Phone_Data_Processor.py]: delete_extra_spaces: 141:       INFO:    [Extra Spaces Are Deleted]
[2025-10-13 11:39:46,833]: [Phone.py]: Run: 29:       INFO:    [Imagination Phase Complete]
[2025-10-13 11:39:46,834]: [selector_events.py]: __init__: 64:       DEBUG:    [Using selector: EpollSelector]
[2025-10-13 11:39:47,111]: [_bot.py]: _do_post: 643:       DEBUG:    [Calling Bot API endpoint `getMe` with parameters `{}`]
[2025-10-13 11:39:47,115]: [_trace.py]: atrace: 87:       DEBUG:    [connect_tcp.started host='api.telegram.org' port=443 local_address=None timeout=5.0 socket_options=None]
[2025-10-13 11:39:47,275]: [_trace.py]: atrace: 87:       DEBUG:    [connect_tcp.complete return_value=<httpcore._backends.anyio.AnyIOStream object at 0x7fded7b9e5a0>]
[2025-10-13 11:39:47,275]: [_trace.py]: atrace: 87:       DEBUG:    [start_tls.started ssl_context=<ssl.SSLContext object at 0x7fded85adf50> server_hostname='api.telegram.org' timeout=5.0]
[2025-10-13 11:39:47,379]: [_trace.py]: atrace: 87:       DEBUG:    [start_tls.complete return_value=<httpcore._backends.anyio.AnyIOStream object at 0x7fdee705c4d0>]
[2025-10-13 11:39:47,379]: [_trace.py]: atrace: 87:       DEBUG:    [send_request_headers.started request=<Request [b'POST']>]
[2025-10-13 11:39:47,380]: [_trace.py]: atrace: 87:       DEBUG:    [send_request_headers.complete]
[2025-10-13 11:39:47,380]: [_trace.py]: atrace: 87:       DEBUG:    [send_request_body.started request=<Request [b'POST']>]
[2025-10-13 11:39:47,380]: [_trace.py]: atrace: 87:       DEBUG:    [send_request_body.complete]
[2025-10-13 11:39:47,380]: [_trace.py]: atrace: 87:       DEBUG:    [receive_response_headers.started request=<Request [b'POST']>]
[2025-10-13 11:39:47,481]: [_trace.py]: atrace: 87:       DEBUG:    [receive_response_headers.complete return_value=(b'HTTP/1.1', 200, b'OK', [(b'Server', b'nginx/1.18.0'), (b'Date', b'Mon, 13 Oct 2025 11:39:47 GMT'), (b'Content-Type', b'application/json'), (b'Content-Length', b'258'), (b'Connection', b'keep-alive'), (b'Strict-Transport-Security', b'max-age=31536000; includeSubDomains; preload'), (b'Access-Control-Allow-Origin', b'*'), (b'Access-Control-Allow-Methods', b'GET, POST, OPTIONS'), (b'Access-Control-Expose-Headers', b'Content-Length,Content-Type,Date,Server,Connection')])]
[2025-10-13 11:39:47,481]: [_client.py]: _send_single_request: 1740:       INFO:    [HTTP Request: POST https://api.telegram.org/bot6030805959:AAGUHAMxLYc-PrevgKouJ3ZyM7ktu56ftjo/getMe "HTTP/1.1 200 OK"]
[2025-10-13 11:39:47,481]: [_trace.py]: atrace: 87:       DEBUG:    [receive_response_body.started request=<Request [b'POST']>]
[2025-10-13 11:39:47,481]: [_trace.py]: atrace: 87:       DEBUG:    [receive_response_body.complete]
[2025-10-13 11:39:47,481]: [_trace.py]: atrace: 87:       DEBUG:    [response_closed.started]
[2025-10-13 11:39:47,482]: [_trace.py]: atrace: 87:       DEBUG:    [response_closed.complete]
[2025-10-13 11:39:47,482]: [_bot.py]: _do_post: 652:       DEBUG:    [Call to Bot API endpoint `getMe` finished with return value `{'id': 6030805959, 'is_bot': True, 'first_name': 'TyPHoone', 'username': 'TyPHoone_Project_bot', 'can_join_groups': True, 'can_read_all_group_messages': False, 'supports_inline_queries': False, 'can_connect_to_business': False, 'has_main_web_app': False}`]
[2025-10-13 11:39:47,485]: [_bot.py]: _do_post: 643:       DEBUG:    [Calling Bot API endpoint `sendDocument` with parameters `{'chat_id': '-4119703192', 'document': <telegram._files.inputfile.InputFile object at 0x7fded7bb9900>}`]
[2025-10-13 11:39:47,485]: [_trace.py]: atrace: 87:       DEBUG:    [send_request_headers.started request=<Request [b'POST']>]
[2025-10-13 11:39:47,485]: [_trace.py]: atrace: 87:       DEBUG:    [send_request_headers.complete]
[2025-10-13 11:39:47,485]: [_trace.py]: atrace: 87:       DEBUG:    [send_request_body.started request=<Request [b'POST']>]
[2025-10-13 11:39:47,486]: [_trace.py]: atrace: 87:       DEBUG:    [send_request_body.complete]
[2025-10-13 11:39:47,486]: [_trace.py]: atrace: 87:       DEBUG:    [receive_response_headers.started request=<Request [b'POST']>]
[2025-10-13 11:39:47,789]: [_trace.py]: atrace: 87:       DEBUG:    [receive_response_headers.complete return_value=(b'HTTP/1.1', 200, b'OK', [(b'Server', b'nginx/1.18.0'), (b'Date', b'Mon, 13 Oct 2025 11:39:47 GMT'), (b'Content-Type', b'application/json'), (b'Content-Length', b'584'), (b'Connection', b'keep-alive'), (b'Strict-Transport-Security', b'max-age=31536000; includeSubDomains; preload'), (b'Access-Control-Allow-Origin', b'*'), (b'Access-Control-Allow-Methods', b'GET, POST, OPTIONS'), (b'Access-Control-Expose-Headers', b'Content-Length,Content-Type,Date,Server,Connection')])]
[2025-10-13 11:39:47,789]: [_client.py]: _send_single_request: 1740:       INFO:    [HTTP Request: POST https://api.telegram.org/bot6030805959:AAGUHAMxLYc-PrevgKouJ3ZyM7ktu56ftjo/sendDocument "HTTP/1.1 200 OK"]
[2025-10-13 11:39:47,789]: [_trace.py]: atrace: 87:       DEBUG:    [receive_response_body.started request=<Request [b'POST']>]
[2025-10-13 11:39:47,789]: [_trace.py]: atrace: 87:       DEBUG:    [receive_response_body.complete]
[2025-10-13 11:39:47,789]: [_trace.py]: atrace: 87:       DEBUG:    [response_closed.started]
[2025-10-13 11:39:47,789]: [_trace.py]: atrace: 87:       DEBUG:    [response_closed.complete]
[2025-10-13 11:39:47,789]: [_bot.py]: _do_post: 652:       DEBUG:    [Call to Bot API endpoint `sendDocument` finished with return value `{'message_id': 2661, 'from': {'id': 6030805959, 'is_bot': True, 'first_name': 'TyPHoone', 'username': 'TyPHoone_Project_bot'}, 'chat': {'id': -4119703192, 'title': 'Robocop', 'type': 'group', 'all_members_are_administrators': True, 'accepted_gift_types': {'unlimited_gifts': False, 'limited_gifts': False, 'unique_gifts': False, 'premium_subscription': False}}, 'date': 1760355587, 'document': {'file_name': '(2025_10_13--11_39).log', 'mime_type': 'text/plain', 'file_id': 'BQACAgQAAxkDAAIKZWjs5QO3gdsV4sFblPpcXAc12Ib8AAL6GQACx01pU9X3VIaLMBQGNgQ', 'file_unique_id': 'AgAD-hkAAsdNaVM', 'file_size': 5937}}`]
[2025-10-13 11:39:47,790]: [_trace.py]: atrace: 87:       DEBUG:    [close.started]
[2025-10-13 11:39:47,790]: [_trace.py]: atrace: 87:       DEBUG:    [close.complete]
[2025-10-13 11:39:47,834]: [_bot.py]: _do_post: 643:       DEBUG:    [Calling Bot API endpoint `getMe` with parameters `{}`]
[2025-10-13 11:39:47,834]: [_trace.py]: atrace: 87:       DEBUG:    [connect_tcp.started host='api.telegram.org' port=443 local_address=None timeout=5.0 socket_options=None]
[2025-10-13 11:39:47,937]: [_trace.py]: atrace: 87:       DEBUG:    [connect_tcp.complete return_value=<httpcore._backends.anyio.AnyIOStream object at 0x7fded7c12960>]
[2025-10-13 11:39:47,937]: [_trace.py]: atrace: 87:       DEBUG:    [start_tls.started ssl_context=<ssl.SSLContext object at 0x7fded85ade50> server_hostname='api.telegram.org' timeout=5.0]
[2025-10-13 11:39:48,040]: [_trace.py]: atrace: 87:       DEBUG:    [start_tls.complete return_value=<httpcore._backends.anyio.AnyIOStream object at 0x7fded80d6150>]
[2025-10-13 11:39:48,040]: [_trace.py]: atrace: 87:       DEBUG:    [send_request_headers.started request=<Request [b'POST']>]
[2025-10-13 11:39:48,041]: [_trace.py]: atrace: 87:       DEBUG:    [send_request_headers.complete]
[2025-10-13 11:39:48,041]: [_trace.py]: atrace: 87:       DEBUG:    [send_request_body.started request=<Request [b'POST']>]
[2025-10-13 11:39:48,041]: [_trace.py]: atrace: 87:       DEBUG:    [send_request_body.complete]
[2025-10-13 11:39:48,041]: [_trace.py]: atrace: 87:       DEBUG:    [receive_response_headers.started request=<Request [b'POST']>]
[2025-10-13 11:39:48,144]: [_trace.py]: atrace: 87:       DEBUG:    [receive_response_headers.complete return_value=(b'HTTP/1.1', 200, b'OK', [(b'Server', b'nginx/1.18.0'), (b'Date', b'Mon, 13 Oct 2025 11:39:48 GMT'), (b'Content-Type', b'application/json'), (b'Content-Length', b'258'), (b'Connection', b'keep-alive'), (b'Strict-Transport-Security', b'max-age=31536000; includeSubDomains; preload'), (b'Access-Control-Allow-Origin', b'*'), (b'Access-Control-Allow-Methods', b'GET, POST, OPTIONS'), (b'Access-Control-Expose-Headers', b'Content-Length,Content-Type,Date,Server,Connection')])]
[2025-10-13 11:39:48,144]: [_client.py]: _send_single_request: 1740:       INFO:    [HTTP Request: POST https://api.telegram.org/bot6030805959:AAGUHAMxLYc-PrevgKouJ3ZyM7ktu56ftjo/getMe "HTTP/1.1 200 OK"]
[2025-10-13 11:39:48,144]: [_trace.py]: atrace: 87:       DEBUG:    [receive_response_body.started request=<Request [b'POST']>]
[2025-10-13 11:39:48,144]: [_trace.py]: atrace: 87:       DEBUG:    [receive_response_body.complete]
[2025-10-13 11:39:48,144]: [_trace.py]: atrace: 87:       DEBUG:    [response_closed.started]
[2025-10-13 11:39:48,144]: [_trace.py]: atrace: 87:       DEBUG:    [response_closed.complete]
[2025-10-13 11:39:48,144]: [_bot.py]: _do_post: 652:       DEBUG:    [Call to Bot API endpoint `getMe` finished with return value `{'id': 6030805959, 'is_bot': True, 'first_name': 'TyPHoone', 'username': 'TyPHoone_Project_bot', 'can_join_groups': True, 'can_read_all_group_messages': False, 'supports_inline_queries': False, 'can_connect_to_business': False, 'has_main_web_app': False}`]
[2025-10-13 11:39:48,147]: [_bot.py]: _do_post: 643:       DEBUG:    [Calling Bot API endpoint `sendDocument` with parameters `{'chat_id': '-4119703192', 'document': <telegram._files.inputfile.InputFile object at 0x7fded85d2400>}`]
[2025-10-13 11:39:48,147]: [_trace.py]: atrace: 87:       DEBUG:    [send_request_headers.started request=<Request [b'POST']>]
[2025-10-13 11:39:48,148]: [_trace.py]: atrace: 87:       DEBUG:    [send_request_headers.complete]
[2025-10-13 11:39:48,148]: [_trace.py]: atrace: 87:       DEBUG:    [send_request_body.started request=<Request [b'POST']>]
[2025-10-13 11:39:49,157]: [_trace.py]: atrace: 87:       DEBUG:    [send_request_body.complete]
[2025-10-13 11:39:49,157]: [_trace.py]: atrace: 87:       DEBUG:    [receive_response_headers.started request=<Request [b'POST']>]
[2025-10-13 11:39:49,829]: [_trace.py]: atrace: 87:       DEBUG:    [receive_response_headers.complete return_value=(b'HTTP/1.1', 200, b'OK', [(b'Server', b'nginx/1.18.0'), (b'Date', b'Mon, 13 Oct 2025 11:39:49 GMT'), (b'Content-Type', b'application/json'), (b'Content-Length', b'599'), (b'Connection', b'keep-alive'), (b'Strict-Transport-Security', b'max-age=31536000; includeSubDomains; preload'), (b'Access-Control-Allow-Origin', b'*'), (b'Access-Control-Allow-Methods', b'GET, POST, OPTIONS'), (b'Access-Control-Expose-Headers', b'Content-Length,Content-Type,Date,Server,Connection')])]
[2025-10-13 11:39:49,829]: [_client.py]: _send_single_request: 1740:       INFO:    [HTTP Request: POST https://api.telegram.org/bot6030805959:AAGUHAMxLYc-PrevgKouJ3ZyM7ktu56ftjo/sendDocument "HTTP/1.1 200 OK"]
[2025-10-13 11:39:49,829]: [_trace.py]: atrace: 87:       DEBUG:    [receive_response_body.started request=<Request [b'POST']>]
[2025-10-13 11:39:49,829]: [_trace.py]: atrace: 87:       DEBUG:    [receive_response_body.complete]
[2025-10-13 11:39:49,829]: [_trace.py]: atrace: 87:       DEBUG:    [response_closed.started]
[2025-10-13 11:39:49,829]: [_trace.py]: atrace: 87:       DEBUG:    [response_closed.complete]
[2025-10-13 11:39:49,830]: [_bot.py]: _do_post: 652:       DEBUG:    [Call to Bot API endpoint `sendDocument` finished with return value `{'message_id': 2662, 'from': {'id': 6030805959, 'is_bot': True, 'first_name': 'TyPHoone', 'username': 'TyPHoone_Project_bot'}, 'chat': {'id': -4119703192, 'title': 'Robocop', 'type': 'group', 'all_members_are_administrators': True, 'accepted_gift_types': {'unlimited_gifts': False, 'limited_gifts': False, 'unique_gifts': False, 'premium_subscription': False}}, 'date': 1760355589, 'document': {'file_name': '(2025_10_13--11_39)output.zip', 'mime_type': 'application/zip', 'file_id': 'BQACAgQAAxkDAAIKZmjs5QU7j1VyNpPGsxEqx6y2yG70AAL7GQACx01pU_o-Gjr82_NwNgQ', 'file_unique_id': 'AgAD-xkAAsdNaVM', 'file_size': 10162295}}`]
[2025-10-13 11:39:49,830]: [_trace.py]: atrace: 87:       DEBUG:    [close.started]
[2025-10-13 11:39:49,830]: [_trace.py]: atrace: 87:       DEBUG:    [close.complete]
[2025-10-13 11:39:49,830]: [Telegram_Sender.py]: runner: 61:       INFO:    [sent successfully]
[2025-10-13 11:39:49,831]: [Main.py]: <module>: 48:       INFO:    [Finished]
