[2024-09-01 11:38:13,161]: [Main.py]: <module>: 21:       INFO:    [Started]
[2024-09-01 11:38:15,312]: [Iron_Scraper.py]: Scrap: 32:       INFO:    [Data Scaraped Successfully]
[2024-09-01 11:38:15,499]: [Iron_Scraper.py]: Scrap: 70:       INFO:    [Scrapped Data Has No Problem]
[2024-09-01 11:38:15,499]: [Iron_Scraper.py]: Scrap: 83:       INFO:    [Data Saved Successfully]
[2024-09-01 11:38:15,499]: [Iron.py]: Run: 26:       INFO:    [Scraping Phase Completed]
[2024-09-01 11:38:15,500]: [Iron_Data_Processor.py]: Data_Reader: 61:       INFO:    [Data File Has Been Red Successfully]
[2024-09-01 11:38:15,500]: [Iron_Data_Processor.py]: Shaper: 78:       INFO:    [Data Shaped]
[2024-09-01 11:38:15,500]: [Iron_Data_Processor.py]: Process: 228:       INFO:    [Data Cleaned]
[2024-09-01 11:38:15,500]: [Iron_Data_Processor.py]: Make_Pages_Objects: 101:       INFO:    [Page Objects Has Been Made]
[2024-09-01 11:38:15,500]: [Iron_Data_Processor.py]: Make_Pages_Objects: 101:       INFO:    [Page Objects Has Been Made]
[2024-09-01 11:38:15,500]: [Iron_Data_Processor.py]: Load_Data: 118:       INFO:    [Data Has Been Load]
[2024-09-01 11:38:15,500]: [Iron_Data_Processor.py]: Load_Data: 118:       INFO:    [Data Has Been Load]
[2024-09-01 11:38:15,501]: [Iron_Data_Processor.py]: Load_positions: 140:       INFO:    [Positions Are Ready]
[2024-09-01 11:38:15,501]: [Iron_Data_Processor.py]: Load_positions: 140:       INFO:    [Positions Are Ready]
[2024-09-01 11:38:16,625]: [Iron_Data_Processor.py]: Make_Tagged_Images: 193:       INFO:    [Images Has Been Made]
[2024-09-01 11:38:17,596]: [Iron_Data_Processor.py]: Make_Tagged_Images: 193:       INFO:    [Images Has Been Made]
[2024-09-01 11:38:17,858]: [Iron_Data_Processor.py]: Make_Cover_Page: 215:       INFO:    [Made Cover Pages]
[2024-09-01 11:38:17,858]: [Iron.py]: Run: 29:       INFO:    [Imagination Phase Completed]
[2024-09-01 11:38:21,736]: [Phone_Scraper.py]: Scrap: 58:       INFO:    [Data Scraped]
[2024-09-01 11:38:21,736]: [Phone_Scraper.py]: Scrap: 71:       INFO:    [Scraped Data Successfully]
[2024-09-01 11:38:21,736]: [Phone.py]: Run: 26:       INFO:    [Scraping Phase Complete]
[2024-09-01 11:38:21,736]: [Phone_Data_Processor.py]: data_reader: 38:       INFO:    [Scraped Data Loaded]
[2024-09-01 11:38:21,738]: [Phone_Data_Processor.py]: filter_list: 65:       INFO:    [Persian Phrases Are deleted]
[2024-09-01 11:38:21,738]: [Phone_Data_Processor.py]: reshape_list: 87:       INFO:    [Date Reshaped]
[2024-09-01 11:38:21,739]: [Phone_Data_Processor.py]: separate_brands: 124:       INFO:    [Brands Are Separated]
[2024-09-01 11:38:21,739]: [Phone_Data_Processor.py]: delete_extra_spaces: 141:       INFO:    [Extra Spaces Are Deleted]
[2024-09-01 11:38:22,516]: [Phone.py]: Run: 29:       INFO:    [Imagination Phase Complete]
[2024-09-01 11:38:22,516]: [selector_events.py]: __init__: 64:       DEBUG:    [Using selector: EpollSelector]
[2024-09-01 11:38:22,855]: [_bot.py]: _do_post: 643:       DEBUG:    [Calling Bot API endpoint `getMe` with parameters `{}`]
[2024-09-01 11:38:22,859]: [_trace.py]: atrace: 85:       DEBUG:    [connect_tcp.started host='api.telegram.org' port=443 local_address=None timeout=5.0 socket_options=None]
[2024-09-01 11:38:23,081]: [_trace.py]: atrace: 85:       DEBUG:    [connect_tcp.complete return_value=<httpcore._backends.anyio.AnyIOStream object at 0x7f16b2f3f470>]
[2024-09-01 11:38:23,081]: [_trace.py]: atrace: 85:       DEBUG:    [start_tls.started ssl_context=<ssl.SSLContext object at 0x7f16b2d37c50> server_hostname='api.telegram.org' timeout=5.0]
[2024-09-01 11:38:23,232]: [_trace.py]: atrace: 85:       DEBUG:    [start_tls.complete return_value=<httpcore._backends.anyio.AnyIOStream object at 0x7f16b3ff7d10>]
[2024-09-01 11:38:23,232]: [_trace.py]: atrace: 85:       DEBUG:    [send_request_headers.started request=<Request [b'POST']>]
[2024-09-01 11:38:23,233]: [_trace.py]: atrace: 85:       DEBUG:    [send_request_headers.complete]
[2024-09-01 11:38:23,233]: [_trace.py]: atrace: 85:       DEBUG:    [send_request_body.started request=<Request [b'POST']>]
[2024-09-01 11:38:23,233]: [_trace.py]: atrace: 85:       DEBUG:    [send_request_body.complete]
[2024-09-01 11:38:23,233]: [_trace.py]: atrace: 85:       DEBUG:    [receive_response_headers.started request=<Request [b'POST']>]
[2024-09-01 11:38:23,400]: [_trace.py]: atrace: 85:       DEBUG:    [receive_response_headers.complete return_value=(b'HTTP/1.1', 200, b'OK', [(b'Server', b'nginx/1.18.0'), (b'Date', b'Sun, 01 Sep 2024 11:38:23 GMT'), (b'Content-Type', b'application/json'), (b'Content-Length', b'258'), (b'Connection', b'keep-alive'), (b'Strict-Transport-Security', b'max-age=31536000; includeSubDomains; preload'), (b'Access-Control-Allow-Origin', b'*'), (b'Access-Control-Allow-Methods', b'GET, POST, OPTIONS'), (b'Access-Control-Expose-Headers', b'Content-Length,Content-Type,Date,Server,Connection')])]
[2024-09-01 11:38:23,401]: [_client.py]: _send_single_request: 1786:       INFO:    [HTTP Request: POST https://api.telegram.org/bot6030805959:AAGUHAMxLYc-PrevgKouJ3ZyM7ktu56ftjo/getMe "HTTP/1.1 200 OK"]
[2024-09-01 11:38:23,401]: [_trace.py]: atrace: 85:       DEBUG:    [receive_response_body.started request=<Request [b'POST']>]
[2024-09-01 11:38:23,401]: [_trace.py]: atrace: 85:       DEBUG:    [receive_response_body.complete]
[2024-09-01 11:38:23,401]: [_trace.py]: atrace: 85:       DEBUG:    [response_closed.started]
[2024-09-01 11:38:23,401]: [_trace.py]: atrace: 85:       DEBUG:    [response_closed.complete]
[2024-09-01 11:38:23,401]: [_bot.py]: _do_post: 652:       DEBUG:    [Call to Bot API endpoint `getMe` finished with return value `{'id': 6030805959, 'is_bot': True, 'first_name': 'TyPHoone', 'username': 'TyPHoone_Project_bot', 'can_join_groups': True, 'can_read_all_group_messages': False, 'supports_inline_queries': False, 'can_connect_to_business': False, 'has_main_web_app': False}`]
[2024-09-01 11:38:23,405]: [_bot.py]: _do_post: 643:       DEBUG:    [Calling Bot API endpoint `sendDocument` with parameters `{'chat_id': '-4119703192', 'document': <telegram._files.inputfile.InputFile object at 0x7f16b2337880>}`]
[2024-09-01 11:38:23,405]: [_trace.py]: atrace: 85:       DEBUG:    [send_request_headers.started request=<Request [b'POST']>]
[2024-09-01 11:38:23,405]: [_trace.py]: atrace: 85:       DEBUG:    [send_request_headers.complete]
[2024-09-01 11:38:23,406]: [_trace.py]: atrace: 85:       DEBUG:    [send_request_body.started request=<Request [b'POST']>]
[2024-09-01 11:38:23,406]: [_trace.py]: atrace: 85:       DEBUG:    [send_request_body.complete]
[2024-09-01 11:38:23,406]: [_trace.py]: atrace: 85:       DEBUG:    [receive_response_headers.started request=<Request [b'POST']>]
[2024-09-01 11:38:23,950]: [_trace.py]: atrace: 85:       DEBUG:    [receive_response_headers.complete return_value=(b'HTTP/1.1', 200, b'OK', [(b'Server', b'nginx/1.18.0'), (b'Date', b'Sun, 01 Sep 2024 11:38:23 GMT'), (b'Content-Type', b'application/json'), (b'Content-Length', b'464'), (b'Connection', b'keep-alive'), (b'Strict-Transport-Security', b'max-age=31536000; includeSubDomains; preload'), (b'Access-Control-Allow-Origin', b'*'), (b'Access-Control-Allow-Methods', b'GET, POST, OPTIONS'), (b'Access-Control-Expose-Headers', b'Content-Length,Content-Type,Date,Server,Connection')])]
[2024-09-01 11:38:23,951]: [_client.py]: _send_single_request: 1786:       INFO:    [HTTP Request: POST https://api.telegram.org/bot6030805959:AAGUHAMxLYc-PrevgKouJ3ZyM7ktu56ftjo/sendDocument "HTTP/1.1 200 OK"]
[2024-09-01 11:38:23,951]: [_trace.py]: atrace: 85:       DEBUG:    [receive_response_body.started request=<Request [b'POST']>]
[2024-09-01 11:38:23,951]: [_trace.py]: atrace: 85:       DEBUG:    [receive_response_body.complete]
[2024-09-01 11:38:23,951]: [_trace.py]: atrace: 85:       DEBUG:    [response_closed.started]
[2024-09-01 11:38:23,951]: [_trace.py]: atrace: 85:       DEBUG:    [response_closed.complete]
[2024-09-01 11:38:23,951]: [_bot.py]: _do_post: 652:       DEBUG:    [Call to Bot API endpoint `sendDocument` finished with return value `{'message_id': 1839, 'from': {'id': 6030805959, 'is_bot': True, 'first_name': 'TyPHoone', 'username': 'TyPHoone_Project_bot'}, 'chat': {'id': -4119703192, 'title': 'Robocop', 'type': 'group', 'all_members_are_administrators': True}, 'date': 1725190703, 'document': {'file_name': '(2024_09_01--11_38).log', 'mime_type': 'text/plain', 'file_id': 'BQACAgQAAxkDAAIHL2bUUi_4HDi9MnaSDXNUWBYk9hluAAIyEwACXj-oUpMLdTjI3_UXNQQ', 'file_unique_id': 'AgADMhMAAl4_qFI', 'file_size': 5937}}`]
[2024-09-01 11:38:23,952]: [_trace.py]: atrace: 85:       DEBUG:    [close.started]
[2024-09-01 11:38:23,952]: [_trace.py]: atrace: 85:       DEBUG:    [close.complete]
[2024-09-01 11:38:23,952]: [_config.py]: load_ssl_context: 82:       DEBUG:    [load_ssl_context verify=True cert=None trust_env=True http2=False]
[2024-09-01 11:38:23,953]: [_config.py]: load_ssl_context_verify: 148:       DEBUG:    [load_verify_locations cafile='/opt/hostedtoolcache/Python/3.12.5/x64/lib/python3.12/site-packages/certifi/cacert.pem']
[2024-09-01 11:38:23,981]: [_config.py]: load_ssl_context: 82:       DEBUG:    [load_ssl_context verify=True cert=None trust_env=True http2=False]
[2024-09-01 11:38:23,981]: [_config.py]: load_ssl_context_verify: 148:       DEBUG:    [load_verify_locations cafile='/opt/hostedtoolcache/Python/3.12.5/x64/lib/python3.12/site-packages/certifi/cacert.pem']
[2024-09-01 11:38:24,009]: [_bot.py]: _do_post: 643:       DEBUG:    [Calling Bot API endpoint `getMe` with parameters `{}`]
[2024-09-01 11:38:24,010]: [_trace.py]: atrace: 85:       DEBUG:    [connect_tcp.started host='api.telegram.org' port=443 local_address=None timeout=5.0 socket_options=None]
[2024-09-01 11:38:24,160]: [_trace.py]: atrace: 85:       DEBUG:    [connect_tcp.complete return_value=<httpcore._backends.anyio.AnyIOStream object at 0x7f16b2e36de0>]
[2024-09-01 11:38:24,160]: [_trace.py]: atrace: 85:       DEBUG:    [start_tls.started ssl_context=<ssl.SSLContext object at 0x7f16b2d37a50> server_hostname='api.telegram.org' timeout=5.0]
[2024-09-01 11:38:24,311]: [_trace.py]: atrace: 85:       DEBUG:    [start_tls.complete return_value=<httpcore._backends.anyio.AnyIOStream object at 0x7f16b28b48f0>]
[2024-09-01 11:38:24,311]: [_trace.py]: atrace: 85:       DEBUG:    [send_request_headers.started request=<Request [b'POST']>]
[2024-09-01 11:38:24,311]: [_trace.py]: atrace: 85:       DEBUG:    [send_request_headers.complete]
[2024-09-01 11:38:24,311]: [_trace.py]: atrace: 85:       DEBUG:    [send_request_body.started request=<Request [b'POST']>]
[2024-09-01 11:38:24,311]: [_trace.py]: atrace: 85:       DEBUG:    [send_request_body.complete]
[2024-09-01 11:38:24,312]: [_trace.py]: atrace: 85:       DEBUG:    [receive_response_headers.started request=<Request [b'POST']>]
[2024-09-01 11:38:24,461]: [_trace.py]: atrace: 85:       DEBUG:    [receive_response_headers.complete return_value=(b'HTTP/1.1', 200, b'OK', [(b'Server', b'nginx/1.18.0'), (b'Date', b'Sun, 01 Sep 2024 11:38:24 GMT'), (b'Content-Type', b'application/json'), (b'Content-Length', b'258'), (b'Connection', b'keep-alive'), (b'Strict-Transport-Security', b'max-age=31536000; includeSubDomains; preload'), (b'Access-Control-Allow-Origin', b'*'), (b'Access-Control-Allow-Methods', b'GET, POST, OPTIONS'), (b'Access-Control-Expose-Headers', b'Content-Length,Content-Type,Date,Server,Connection')])]
[2024-09-01 11:38:24,461]: [_client.py]: _send_single_request: 1786:       INFO:    [HTTP Request: POST https://api.telegram.org/bot6030805959:AAGUHAMxLYc-PrevgKouJ3ZyM7ktu56ftjo/getMe "HTTP/1.1 200 OK"]
[2024-09-01 11:38:24,461]: [_trace.py]: atrace: 85:       DEBUG:    [receive_response_body.started request=<Request [b'POST']>]
[2024-09-01 11:38:24,461]: [_trace.py]: atrace: 85:       DEBUG:    [receive_response_body.complete]
[2024-09-01 11:38:24,461]: [_trace.py]: atrace: 85:       DEBUG:    [response_closed.started]
[2024-09-01 11:38:24,461]: [_trace.py]: atrace: 85:       DEBUG:    [response_closed.complete]
[2024-09-01 11:38:24,461]: [_bot.py]: _do_post: 652:       DEBUG:    [Call to Bot API endpoint `getMe` finished with return value `{'id': 6030805959, 'is_bot': True, 'first_name': 'TyPHoone', 'username': 'TyPHoone_Project_bot', 'can_join_groups': True, 'can_read_all_group_messages': False, 'supports_inline_queries': False, 'can_connect_to_business': False, 'has_main_web_app': False}`]
[2024-09-01 11:38:24,464]: [_bot.py]: _do_post: 643:       DEBUG:    [Calling Bot API endpoint `sendDocument` with parameters `{'chat_id': '-4119703192', 'document': <telegram._files.inputfile.InputFile object at 0x7f16b2337fc0>}`]
[2024-09-01 11:38:24,464]: [_trace.py]: atrace: 85:       DEBUG:    [send_request_headers.started request=<Request [b'POST']>]
[2024-09-01 11:38:24,465]: [_trace.py]: atrace: 85:       DEBUG:    [send_request_headers.complete]
[2024-09-01 11:38:24,465]: [_trace.py]: atrace: 85:       DEBUG:    [send_request_body.started request=<Request [b'POST']>]
[2024-09-01 11:38:25,952]: [_trace.py]: atrace: 85:       DEBUG:    [send_request_body.complete]
[2024-09-01 11:38:25,952]: [_trace.py]: atrace: 85:       DEBUG:    [receive_response_headers.started request=<Request [b'POST']>]
[2024-09-01 11:38:26,792]: [_trace.py]: atrace: 85:       DEBUG:    [receive_response_headers.complete return_value=(b'HTTP/1.1', 200, b'OK', [(b'Server', b'nginx/1.18.0'), (b'Date', b'Sun, 01 Sep 2024 11:38:26 GMT'), (b'Content-Type', b'application/json'), (b'Content-Length', b'479'), (b'Connection', b'keep-alive'), (b'Strict-Transport-Security', b'max-age=31536000; includeSubDomains; preload'), (b'Access-Control-Allow-Origin', b'*'), (b'Access-Control-Allow-Methods', b'GET, POST, OPTIONS'), (b'Access-Control-Expose-Headers', b'Content-Length,Content-Type,Date,Server,Connection')])]
[2024-09-01 11:38:26,793]: [_client.py]: _send_single_request: 1786:       INFO:    [HTTP Request: POST https://api.telegram.org/bot6030805959:AAGUHAMxLYc-PrevgKouJ3ZyM7ktu56ftjo/sendDocument "HTTP/1.1 200 OK"]
[2024-09-01 11:38:26,793]: [_trace.py]: atrace: 85:       DEBUG:    [receive_response_body.started request=<Request [b'POST']>]
[2024-09-01 11:38:26,793]: [_trace.py]: atrace: 85:       DEBUG:    [receive_response_body.complete]
[2024-09-01 11:38:26,793]: [_trace.py]: atrace: 85:       DEBUG:    [response_closed.started]
[2024-09-01 11:38:26,793]: [_trace.py]: atrace: 85:       DEBUG:    [response_closed.complete]
[2024-09-01 11:38:26,793]: [_bot.py]: _do_post: 652:       DEBUG:    [Call to Bot API endpoint `sendDocument` finished with return value `{'message_id': 1840, 'from': {'id': 6030805959, 'is_bot': True, 'first_name': 'TyPHoone', 'username': 'TyPHoone_Project_bot'}, 'chat': {'id': -4119703192, 'title': 'Robocop', 'type': 'group', 'all_members_are_administrators': True}, 'date': 1725190706, 'document': {'file_name': '(2024_09_01--11_38)output.zip', 'mime_type': 'application/zip', 'file_id': 'BQACAgQAAxkDAAIHMGbUUjJ04hLxfVWebvXu7dlkeeGVAAIzEwACXj-oUsGyE38NUqV1NQQ', 'file_unique_id': 'AgADMxMAAl4_qFI', 'file_size': 10211101}}`]
[2024-09-01 11:38:26,793]: [_trace.py]: atrace: 85:       DEBUG:    [close.started]
[2024-09-01 11:38:26,794]: [_trace.py]: atrace: 85:       DEBUG:    [close.complete]
[2024-09-01 11:38:26,794]: [Telegram_Sender.py]: runner: 61:       INFO:    [sent successfully]
[2024-09-01 11:38:26,794]: [Main.py]: <module>: 48:       INFO:    [Finished]
