[2024-11-14 11:39:24,620]: [Main.py]: <module>: 21:       INFO:    [Started]
[2024-11-14 11:39:26,450]: [Iron_Scraper.py]: Scrap: 32:       INFO:    [Data Scaraped Successfully]
[2024-11-14 11:39:26,636]: [Iron_Scraper.py]: Scrap: 70:       INFO:    [Scrapped Data Has No Problem]
[2024-11-14 11:39:26,636]: [Iron_Scraper.py]: Scrap: 83:       INFO:    [Data Saved Successfully]
[2024-11-14 11:39:26,637]: [Iron.py]: Run: 26:       INFO:    [Scraping Phase Completed]
[2024-11-14 11:39:26,637]: [Iron_Data_Processor.py]: Data_Reader: 61:       INFO:    [Data File Has Been Red Successfully]
[2024-11-14 11:39:26,637]: [Iron_Data_Processor.py]: Shaper: 78:       INFO:    [Data Shaped]
[2024-11-14 11:39:26,637]: [Iron_Data_Processor.py]: Process: 228:       INFO:    [Data Cleaned]
[2024-11-14 11:39:26,637]: [Iron_Data_Processor.py]: Make_Pages_Objects: 101:       INFO:    [Page Objects Has Been Made]
[2024-11-14 11:39:26,637]: [Iron_Data_Processor.py]: Make_Pages_Objects: 101:       INFO:    [Page Objects Has Been Made]
[2024-11-14 11:39:26,638]: [Iron_Data_Processor.py]: Load_Data: 118:       INFO:    [Data Has Been Load]
[2024-11-14 11:39:26,638]: [Iron_Data_Processor.py]: Load_Data: 118:       INFO:    [Data Has Been Load]
[2024-11-14 11:39:26,638]: [Iron_Data_Processor.py]: Load_positions: 140:       INFO:    [Positions Are Ready]
[2024-11-14 11:39:26,638]: [Iron_Data_Processor.py]: Load_positions: 140:       INFO:    [Positions Are Ready]
[2024-11-14 11:39:27,759]: [Iron_Data_Processor.py]: Make_Tagged_Images: 193:       INFO:    [Images Has Been Made]
[2024-11-14 11:39:28,708]: [Iron_Data_Processor.py]: Make_Tagged_Images: 193:       INFO:    [Images Has Been Made]
[2024-11-14 11:39:28,962]: [Iron_Data_Processor.py]: Make_Cover_Page: 215:       INFO:    [Made Cover Pages]
[2024-11-14 11:39:28,963]: [Iron.py]: Run: 29:       INFO:    [Imagination Phase Completed]
[2024-11-14 11:39:34,820]: [Phone_Scraper.py]: Scrap: 58:       INFO:    [Data Scraped]
[2024-11-14 11:39:34,820]: [Phone_Scraper.py]: Scrap: 71:       INFO:    [Scraped Data Successfully]
[2024-11-14 11:39:34,820]: [Phone.py]: Run: 26:       INFO:    [Scraping Phase Complete]
[2024-11-14 11:39:34,820]: [Phone_Data_Processor.py]: data_reader: 38:       INFO:    [Scraped Data Loaded]
[2024-11-14 11:39:34,822]: [Phone_Data_Processor.py]: filter_list: 65:       INFO:    [Persian Phrases Are deleted]
[2024-11-14 11:39:34,822]: [Phone_Data_Processor.py]: reshape_list: 87:       INFO:    [Date Reshaped]
[2024-11-14 11:39:34,823]: [Phone_Data_Processor.py]: separate_brands: 124:       INFO:    [Brands Are Separated]
[2024-11-14 11:39:34,823]: [Phone_Data_Processor.py]: delete_extra_spaces: 141:       INFO:    [Extra Spaces Are Deleted]
[2024-11-14 11:39:35,587]: [Phone.py]: Run: 29:       INFO:    [Imagination Phase Complete]
[2024-11-14 11:39:35,587]: [selector_events.py]: __init__: 64:       DEBUG:    [Using selector: EpollSelector]
[2024-11-14 11:39:35,926]: [_bot.py]: _do_post: 643:       DEBUG:    [Calling Bot API endpoint `getMe` with parameters `{}`]
[2024-11-14 11:39:35,931]: [_trace.py]: atrace: 85:       DEBUG:    [connect_tcp.started host='api.telegram.org' port=443 local_address=None timeout=5.0 socket_options=None]
[2024-11-14 11:39:36,063]: [_trace.py]: atrace: 85:       DEBUG:    [connect_tcp.complete return_value=<httpcore._backends.anyio.AnyIOStream object at 0x7f93b86d1a00>]
[2024-11-14 11:39:36,063]: [_trace.py]: atrace: 85:       DEBUG:    [start_tls.started ssl_context=<ssl.SSLContext object at 0x7f93b8f3bb50> server_hostname='api.telegram.org' timeout=5.0]
[2024-11-14 11:39:36,170]: [_trace.py]: atrace: 85:       DEBUG:    [start_tls.complete return_value=<httpcore._backends.anyio.AnyIOStream object at 0x7f93b90de9f0>]
[2024-11-14 11:39:36,170]: [_trace.py]: atrace: 85:       DEBUG:    [send_request_headers.started request=<Request [b'POST']>]
[2024-11-14 11:39:36,171]: [_trace.py]: atrace: 85:       DEBUG:    [send_request_headers.complete]
[2024-11-14 11:39:36,171]: [_trace.py]: atrace: 85:       DEBUG:    [send_request_body.started request=<Request [b'POST']>]
[2024-11-14 11:39:36,171]: [_trace.py]: atrace: 85:       DEBUG:    [send_request_body.complete]
[2024-11-14 11:39:36,171]: [_trace.py]: atrace: 85:       DEBUG:    [receive_response_headers.started request=<Request [b'POST']>]
[2024-11-14 11:39:36,279]: [_trace.py]: atrace: 85:       DEBUG:    [receive_response_headers.complete return_value=(b'HTTP/1.1', 200, b'OK', [(b'Server', b'nginx/1.18.0'), (b'Date', b'Thu, 14 Nov 2024 11:39:36 GMT'), (b'Content-Type', b'application/json'), (b'Content-Length', b'258'), (b'Connection', b'keep-alive'), (b'Strict-Transport-Security', b'max-age=31536000; includeSubDomains; preload'), (b'Access-Control-Allow-Origin', b'*'), (b'Access-Control-Allow-Methods', b'GET, POST, OPTIONS'), (b'Access-Control-Expose-Headers', b'Content-Length,Content-Type,Date,Server,Connection')])]
[2024-11-14 11:39:36,279]: [_client.py]: _send_single_request: 1786:       INFO:    [HTTP Request: POST https://api.telegram.org/bot6030805959:AAGUHAMxLYc-PrevgKouJ3ZyM7ktu56ftjo/getMe "HTTP/1.1 200 OK"]
[2024-11-14 11:39:36,279]: [_trace.py]: atrace: 85:       DEBUG:    [receive_response_body.started request=<Request [b'POST']>]
[2024-11-14 11:39:36,280]: [_trace.py]: atrace: 85:       DEBUG:    [receive_response_body.complete]
[2024-11-14 11:39:36,280]: [_trace.py]: atrace: 85:       DEBUG:    [response_closed.started]
[2024-11-14 11:39:36,280]: [_trace.py]: atrace: 85:       DEBUG:    [response_closed.complete]
[2024-11-14 11:39:36,280]: [_bot.py]: _do_post: 652:       DEBUG:    [Call to Bot API endpoint `getMe` finished with return value `{'id': 6030805959, 'is_bot': True, 'first_name': 'TyPHoone', 'username': 'TyPHoone_Project_bot', 'can_join_groups': True, 'can_read_all_group_messages': False, 'supports_inline_queries': False, 'can_connect_to_business': False, 'has_main_web_app': False}`]
[2024-11-14 11:39:36,284]: [_bot.py]: _do_post: 643:       DEBUG:    [Calling Bot API endpoint `sendDocument` with parameters `{'chat_id': '-4119703192', 'document': <telegram._files.inputfile.InputFile object at 0x7f93b8bc2700>}`]
[2024-11-14 11:39:36,284]: [_trace.py]: atrace: 85:       DEBUG:    [send_request_headers.started request=<Request [b'POST']>]
[2024-11-14 11:39:36,285]: [_trace.py]: atrace: 85:       DEBUG:    [send_request_headers.complete]
[2024-11-14 11:39:36,285]: [_trace.py]: atrace: 85:       DEBUG:    [send_request_body.started request=<Request [b'POST']>]
[2024-11-14 11:39:36,285]: [_trace.py]: atrace: 85:       DEBUG:    [send_request_body.complete]
[2024-11-14 11:39:36,285]: [_trace.py]: atrace: 85:       DEBUG:    [receive_response_headers.started request=<Request [b'POST']>]
[2024-11-14 11:39:36,546]: [_trace.py]: atrace: 85:       DEBUG:    [receive_response_headers.complete return_value=(b'HTTP/1.1', 200, b'OK', [(b'Server', b'nginx/1.18.0'), (b'Date', b'Thu, 14 Nov 2024 11:39:36 GMT'), (b'Content-Type', b'application/json'), (b'Content-Length', b'464'), (b'Connection', b'keep-alive'), (b'Strict-Transport-Security', b'max-age=31536000; includeSubDomains; preload'), (b'Access-Control-Allow-Origin', b'*'), (b'Access-Control-Allow-Methods', b'GET, POST, OPTIONS'), (b'Access-Control-Expose-Headers', b'Content-Length,Content-Type,Date,Server,Connection')])]
[2024-11-14 11:39:36,546]: [_client.py]: _send_single_request: 1786:       INFO:    [HTTP Request: POST https://api.telegram.org/bot6030805959:AAGUHAMxLYc-PrevgKouJ3ZyM7ktu56ftjo/sendDocument "HTTP/1.1 200 OK"]
[2024-11-14 11:39:36,546]: [_trace.py]: atrace: 85:       DEBUG:    [receive_response_body.started request=<Request [b'POST']>]
[2024-11-14 11:39:36,546]: [_trace.py]: atrace: 85:       DEBUG:    [receive_response_body.complete]
[2024-11-14 11:39:36,546]: [_trace.py]: atrace: 85:       DEBUG:    [response_closed.started]
[2024-11-14 11:39:36,547]: [_trace.py]: atrace: 85:       DEBUG:    [response_closed.complete]
[2024-11-14 11:39:36,547]: [_bot.py]: _do_post: 652:       DEBUG:    [Call to Bot API endpoint `sendDocument` finished with return value `{'message_id': 1988, 'from': {'id': 6030805959, 'is_bot': True, 'first_name': 'TyPHoone', 'username': 'TyPHoone_Project_bot'}, 'chat': {'id': -4119703192, 'title': 'Robocop', 'type': 'group', 'all_members_are_administrators': True}, 'date': 1731584376, 'document': {'file_name': '(2024_11_14--11_39).log', 'mime_type': 'text/plain', 'file_id': 'BQACAgQAAxkDAAIHxGc14XifdmyZoUTR8hxQ0TFWKFeEAALOFgACRk-wUaH2ataL3ilpNgQ', 'file_unique_id': 'AgADzhYAAkZPsFE', 'file_size': 5937}}`]
[2024-11-14 11:39:36,547]: [_trace.py]: atrace: 85:       DEBUG:    [close.started]
[2024-11-14 11:39:36,547]: [_trace.py]: atrace: 85:       DEBUG:    [close.complete]
[2024-11-14 11:39:36,548]: [_config.py]: load_ssl_context: 82:       DEBUG:    [load_ssl_context verify=True cert=None trust_env=True http2=False]
[2024-11-14 11:39:36,548]: [_config.py]: load_ssl_context_verify: 148:       DEBUG:    [load_verify_locations cafile='/opt/hostedtoolcache/Python/3.12.7/x64/lib/python3.12/site-packages/certifi/cacert.pem']
[2024-11-14 11:39:36,576]: [_config.py]: load_ssl_context: 82:       DEBUG:    [load_ssl_context verify=True cert=None trust_env=True http2=False]
[2024-11-14 11:39:36,576]: [_config.py]: load_ssl_context_verify: 148:       DEBUG:    [load_verify_locations cafile='/opt/hostedtoolcache/Python/3.12.7/x64/lib/python3.12/site-packages/certifi/cacert.pem']
[2024-11-14 11:39:36,604]: [_bot.py]: _do_post: 643:       DEBUG:    [Calling Bot API endpoint `getMe` with parameters `{}`]
[2024-11-14 11:39:36,605]: [_trace.py]: atrace: 85:       DEBUG:    [connect_tcp.started host='api.telegram.org' port=443 local_address=None timeout=5.0 socket_options=None]
[2024-11-14 11:39:36,710]: [_trace.py]: atrace: 85:       DEBUG:    [connect_tcp.complete return_value=<httpcore._backends.anyio.AnyIOStream object at 0x7f93b858c1a0>]
[2024-11-14 11:39:36,710]: [_trace.py]: atrace: 85:       DEBUG:    [start_tls.started ssl_context=<ssl.SSLContext object at 0x7f93b8f3b950> server_hostname='api.telegram.org' timeout=5.0]
[2024-11-14 11:39:36,815]: [_trace.py]: atrace: 85:       DEBUG:    [start_tls.complete return_value=<httpcore._backends.anyio.AnyIOStream object at 0x7f93b86d2660>]
[2024-11-14 11:39:36,816]: [_trace.py]: atrace: 85:       DEBUG:    [send_request_headers.started request=<Request [b'POST']>]
[2024-11-14 11:39:36,816]: [_trace.py]: atrace: 85:       DEBUG:    [send_request_headers.complete]
[2024-11-14 11:39:36,816]: [_trace.py]: atrace: 85:       DEBUG:    [send_request_body.started request=<Request [b'POST']>]
[2024-11-14 11:39:36,816]: [_trace.py]: atrace: 85:       DEBUG:    [send_request_body.complete]
[2024-11-14 11:39:36,816]: [_trace.py]: atrace: 85:       DEBUG:    [receive_response_headers.started request=<Request [b'POST']>]
[2024-11-14 11:39:36,920]: [_trace.py]: atrace: 85:       DEBUG:    [receive_response_headers.complete return_value=(b'HTTP/1.1', 200, b'OK', [(b'Server', b'nginx/1.18.0'), (b'Date', b'Thu, 14 Nov 2024 11:39:36 GMT'), (b'Content-Type', b'application/json'), (b'Content-Length', b'258'), (b'Connection', b'keep-alive'), (b'Strict-Transport-Security', b'max-age=31536000; includeSubDomains; preload'), (b'Access-Control-Allow-Origin', b'*'), (b'Access-Control-Allow-Methods', b'GET, POST, OPTIONS'), (b'Access-Control-Expose-Headers', b'Content-Length,Content-Type,Date,Server,Connection')])]
[2024-11-14 11:39:36,921]: [_client.py]: _send_single_request: 1786:       INFO:    [HTTP Request: POST https://api.telegram.org/bot6030805959:AAGUHAMxLYc-PrevgKouJ3ZyM7ktu56ftjo/getMe "HTTP/1.1 200 OK"]
[2024-11-14 11:39:36,921]: [_trace.py]: atrace: 85:       DEBUG:    [receive_response_body.started request=<Request [b'POST']>]
[2024-11-14 11:39:36,921]: [_trace.py]: atrace: 85:       DEBUG:    [receive_response_body.complete]
[2024-11-14 11:39:36,921]: [_trace.py]: atrace: 85:       DEBUG:    [response_closed.started]
[2024-11-14 11:39:36,921]: [_trace.py]: atrace: 85:       DEBUG:    [response_closed.complete]
[2024-11-14 11:39:36,921]: [_bot.py]: _do_post: 652:       DEBUG:    [Call to Bot API endpoint `getMe` finished with return value `{'id': 6030805959, 'is_bot': True, 'first_name': 'TyPHoone', 'username': 'TyPHoone_Project_bot', 'can_join_groups': True, 'can_read_all_group_messages': False, 'supports_inline_queries': False, 'can_connect_to_business': False, 'has_main_web_app': False}`]
[2024-11-14 11:39:36,924]: [_bot.py]: _do_post: 643:       DEBUG:    [Calling Bot API endpoint `sendDocument` with parameters `{'chat_id': '-4119703192', 'document': <telegram._files.inputfile.InputFile object at 0x7f93b8f60040>}`]
[2024-11-14 11:39:36,924]: [_trace.py]: atrace: 85:       DEBUG:    [send_request_headers.started request=<Request [b'POST']>]
[2024-11-14 11:39:36,924]: [_trace.py]: atrace: 85:       DEBUG:    [send_request_headers.complete]
[2024-11-14 11:39:36,924]: [_trace.py]: atrace: 85:       DEBUG:    [send_request_body.started request=<Request [b'POST']>]
[2024-11-14 11:39:37,964]: [_trace.py]: atrace: 85:       DEBUG:    [send_request_body.complete]
[2024-11-14 11:39:37,964]: [_trace.py]: atrace: 85:       DEBUG:    [receive_response_headers.started request=<Request [b'POST']>]
[2024-11-14 11:39:38,659]: [_trace.py]: atrace: 85:       DEBUG:    [receive_response_headers.complete return_value=(b'HTTP/1.1', 200, b'OK', [(b'Server', b'nginx/1.18.0'), (b'Date', b'Thu, 14 Nov 2024 11:39:38 GMT'), (b'Content-Type', b'application/json'), (b'Content-Length', b'479'), (b'Connection', b'keep-alive'), (b'Strict-Transport-Security', b'max-age=31536000; includeSubDomains; preload'), (b'Access-Control-Allow-Origin', b'*'), (b'Access-Control-Allow-Methods', b'GET, POST, OPTIONS'), (b'Access-Control-Expose-Headers', b'Content-Length,Content-Type,Date,Server,Connection')])]
[2024-11-14 11:39:38,659]: [_client.py]: _send_single_request: 1786:       INFO:    [HTTP Request: POST https://api.telegram.org/bot6030805959:AAGUHAMxLYc-PrevgKouJ3ZyM7ktu56ftjo/sendDocument "HTTP/1.1 200 OK"]
[2024-11-14 11:39:38,659]: [_trace.py]: atrace: 85:       DEBUG:    [receive_response_body.started request=<Request [b'POST']>]
[2024-11-14 11:39:38,660]: [_trace.py]: atrace: 85:       DEBUG:    [receive_response_body.complete]
[2024-11-14 11:39:38,660]: [_trace.py]: atrace: 85:       DEBUG:    [response_closed.started]
[2024-11-14 11:39:38,660]: [_trace.py]: atrace: 85:       DEBUG:    [response_closed.complete]
[2024-11-14 11:39:38,660]: [_bot.py]: _do_post: 652:       DEBUG:    [Call to Bot API endpoint `sendDocument` finished with return value `{'message_id': 1989, 'from': {'id': 6030805959, 'is_bot': True, 'first_name': 'TyPHoone', 'username': 'TyPHoone_Project_bot'}, 'chat': {'id': -4119703192, 'title': 'Robocop', 'type': 'group', 'all_members_are_administrators': True}, 'date': 1731584378, 'document': {'file_name': '(2024_11_14--11_39)output.zip', 'mime_type': 'application/zip', 'file_id': 'BQACAgQAAxkDAAIHxWc14Xoh8QoefG9J8Hj56Y9FUJicAALPFgACRk-wUXH5UKBfYIMUNgQ', 'file_unique_id': 'AgADzxYAAkZPsFE', 'file_size': 10162304}}`]
[2024-11-14 11:39:38,660]: [_trace.py]: atrace: 85:       DEBUG:    [close.started]
[2024-11-14 11:39:38,660]: [_trace.py]: atrace: 85:       DEBUG:    [close.complete]
[2024-11-14 11:39:38,661]: [Telegram_Sender.py]: runner: 61:       INFO:    [sent successfully]
[2024-11-14 11:39:38,661]: [Main.py]: <module>: 48:       INFO:    [Finished]
