[2024-08-30 11:38:26,044]: [Main.py]: <module>: 21:       INFO:    [Started]
[2024-08-30 11:38:27,644]: [Iron_Scraper.py]: Scrap: 32:       INFO:    [Data Scaraped Successfully]
[2024-08-30 11:38:27,827]: [Iron_Scraper.py]: Scrap: 70:       INFO:    [Scrapped Data Has No Problem]
[2024-08-30 11:38:27,827]: [Iron_Scraper.py]: Scrap: 83:       INFO:    [Data Saved Successfully]
[2024-08-30 11:38:27,827]: [Iron.py]: Run: 26:       INFO:    [Scraping Phase Completed]
[2024-08-30 11:38:27,828]: [Iron_Data_Processor.py]: Data_Reader: 61:       INFO:    [Data File Has Been Red Successfully]
[2024-08-30 11:38:27,828]: [Iron_Data_Processor.py]: Shaper: 78:       INFO:    [Data Shaped]
[2024-08-30 11:38:27,828]: [Iron_Data_Processor.py]: Process: 228:       INFO:    [Data Cleaned]
[2024-08-30 11:38:27,828]: [Iron_Data_Processor.py]: Make_Pages_Objects: 101:       INFO:    [Page Objects Has Been Made]
[2024-08-30 11:38:27,828]: [Iron_Data_Processor.py]: Make_Pages_Objects: 101:       INFO:    [Page Objects Has Been Made]
[2024-08-30 11:38:27,828]: [Iron_Data_Processor.py]: Load_Data: 118:       INFO:    [Data Has Been Load]
[2024-08-30 11:38:27,828]: [Iron_Data_Processor.py]: Load_Data: 118:       INFO:    [Data Has Been Load]
[2024-08-30 11:38:27,828]: [Iron_Data_Processor.py]: Load_positions: 140:       INFO:    [Positions Are Ready]
[2024-08-30 11:38:27,829]: [Iron_Data_Processor.py]: Load_positions: 140:       INFO:    [Positions Are Ready]
[2024-08-30 11:38:28,946]: [Iron_Data_Processor.py]: Make_Tagged_Images: 193:       INFO:    [Images Has Been Made]
[2024-08-30 11:38:29,898]: [Iron_Data_Processor.py]: Make_Tagged_Images: 193:       INFO:    [Images Has Been Made]
[2024-08-30 11:38:30,151]: [Iron_Data_Processor.py]: Make_Cover_Page: 215:       INFO:    [Made Cover Pages]
[2024-08-30 11:38:30,151]: [Iron.py]: Run: 29:       INFO:    [Imagination Phase Completed]
[2024-08-30 11:38:33,630]: [Phone_Scraper.py]: Scrap: 58:       INFO:    [Data Scraped]
[2024-08-30 11:38:33,630]: [Phone_Scraper.py]: Scrap: 71:       INFO:    [Scraped Data Successfully]
[2024-08-30 11:38:33,630]: [Phone.py]: Run: 26:       INFO:    [Scraping Phase Complete]
[2024-08-30 11:38:33,631]: [Phone_Data_Processor.py]: data_reader: 38:       INFO:    [Scraped Data Loaded]
[2024-08-30 11:38:33,632]: [Phone_Data_Processor.py]: filter_list: 65:       INFO:    [Persian Phrases Are deleted]
[2024-08-30 11:38:33,633]: [Phone_Data_Processor.py]: reshape_list: 87:       INFO:    [Date Reshaped]
[2024-08-30 11:38:33,633]: [Phone_Data_Processor.py]: separate_brands: 124:       INFO:    [Brands Are Separated]
[2024-08-30 11:38:33,633]: [Phone_Data_Processor.py]: delete_extra_spaces: 141:       INFO:    [Extra Spaces Are Deleted]
[2024-08-30 11:38:34,408]: [Phone.py]: Run: 29:       INFO:    [Imagination Phase Complete]
[2024-08-30 11:38:34,408]: [selector_events.py]: __init__: 64:       DEBUG:    [Using selector: EpollSelector]
[2024-08-30 11:38:34,746]: [_bot.py]: _do_post: 643:       DEBUG:    [Calling Bot API endpoint `getMe` with parameters `{}`]
[2024-08-30 11:38:34,750]: [_trace.py]: atrace: 85:       DEBUG:    [connect_tcp.started host='api.telegram.org' port=443 local_address=None timeout=5.0 socket_options=None]
[2024-08-30 11:38:34,889]: [_trace.py]: atrace: 85:       DEBUG:    [connect_tcp.complete return_value=<httpcore._backends.anyio.AnyIOStream object at 0x7f1aebaafa40>]
[2024-08-30 11:38:34,889]: [_trace.py]: atrace: 85:       DEBUG:    [start_tls.started ssl_context=<ssl.SSLContext object at 0x7f1aec447c50> server_hostname='api.telegram.org' timeout=5.0]
[2024-08-30 11:38:34,980]: [_trace.py]: atrace: 85:       DEBUG:    [start_tls.complete return_value=<httpcore._backends.anyio.AnyIOStream object at 0x7f1aec5b9af0>]
[2024-08-30 11:38:34,980]: [_trace.py]: atrace: 85:       DEBUG:    [send_request_headers.started request=<Request [b'POST']>]
[2024-08-30 11:38:34,980]: [_trace.py]: atrace: 85:       DEBUG:    [send_request_headers.complete]
[2024-08-30 11:38:34,980]: [_trace.py]: atrace: 85:       DEBUG:    [send_request_body.started request=<Request [b'POST']>]
[2024-08-30 11:38:34,981]: [_trace.py]: atrace: 85:       DEBUG:    [send_request_body.complete]
[2024-08-30 11:38:34,981]: [_trace.py]: atrace: 85:       DEBUG:    [receive_response_headers.started request=<Request [b'POST']>]
[2024-08-30 11:38:35,070]: [_trace.py]: atrace: 85:       DEBUG:    [receive_response_headers.complete return_value=(b'HTTP/1.1', 200, b'OK', [(b'Server', b'nginx/1.18.0'), (b'Date', b'Fri, 30 Aug 2024 11:38:35 GMT'), (b'Content-Type', b'application/json'), (b'Content-Length', b'258'), (b'Connection', b'keep-alive'), (b'Strict-Transport-Security', b'max-age=31536000; includeSubDomains; preload'), (b'Access-Control-Allow-Origin', b'*'), (b'Access-Control-Allow-Methods', b'GET, POST, OPTIONS'), (b'Access-Control-Expose-Headers', b'Content-Length,Content-Type,Date,Server,Connection')])]
[2024-08-30 11:38:35,071]: [_client.py]: _send_single_request: 1786:       INFO:    [HTTP Request: POST https://api.telegram.org/bot6030805959:AAGUHAMxLYc-PrevgKouJ3ZyM7ktu56ftjo/getMe "HTTP/1.1 200 OK"]
[2024-08-30 11:38:35,071]: [_trace.py]: atrace: 85:       DEBUG:    [receive_response_body.started request=<Request [b'POST']>]
[2024-08-30 11:38:35,071]: [_trace.py]: atrace: 85:       DEBUG:    [receive_response_body.complete]
[2024-08-30 11:38:35,071]: [_trace.py]: atrace: 85:       DEBUG:    [response_closed.started]
[2024-08-30 11:38:35,071]: [_trace.py]: atrace: 85:       DEBUG:    [response_closed.complete]
[2024-08-30 11:38:35,071]: [_bot.py]: _do_post: 652:       DEBUG:    [Call to Bot API endpoint `getMe` finished with return value `{'id': 6030805959, 'is_bot': True, 'first_name': 'TyPHoone', 'username': 'TyPHoone_Project_bot', 'can_join_groups': True, 'can_read_all_group_messages': False, 'supports_inline_queries': False, 'can_connect_to_business': False, 'has_main_web_app': False}`]
[2024-08-30 11:38:35,074]: [_bot.py]: _do_post: 643:       DEBUG:    [Calling Bot API endpoint `sendDocument` with parameters `{'chat_id': '-4119703192', 'document': <telegram._files.inputfile.InputFile object at 0x7f1aeba54e80>}`]
[2024-08-30 11:38:35,075]: [_trace.py]: atrace: 85:       DEBUG:    [send_request_headers.started request=<Request [b'POST']>]
[2024-08-30 11:38:35,075]: [_trace.py]: atrace: 85:       DEBUG:    [send_request_headers.complete]
[2024-08-30 11:38:35,075]: [_trace.py]: atrace: 85:       DEBUG:    [send_request_body.started request=<Request [b'POST']>]
[2024-08-30 11:38:35,076]: [_trace.py]: atrace: 85:       DEBUG:    [send_request_body.complete]
[2024-08-30 11:38:35,076]: [_trace.py]: atrace: 85:       DEBUG:    [receive_response_headers.started request=<Request [b'POST']>]
[2024-08-30 11:38:35,304]: [_trace.py]: atrace: 85:       DEBUG:    [receive_response_headers.complete return_value=(b'HTTP/1.1', 200, b'OK', [(b'Server', b'nginx/1.18.0'), (b'Date', b'Fri, 30 Aug 2024 11:38:35 GMT'), (b'Content-Type', b'application/json'), (b'Content-Length', b'464'), (b'Connection', b'keep-alive'), (b'Strict-Transport-Security', b'max-age=31536000; includeSubDomains; preload'), (b'Access-Control-Allow-Origin', b'*'), (b'Access-Control-Allow-Methods', b'GET, POST, OPTIONS'), (b'Access-Control-Expose-Headers', b'Content-Length,Content-Type,Date,Server,Connection')])]
[2024-08-30 11:38:35,304]: [_client.py]: _send_single_request: 1786:       INFO:    [HTTP Request: POST https://api.telegram.org/bot6030805959:AAGUHAMxLYc-PrevgKouJ3ZyM7ktu56ftjo/sendDocument "HTTP/1.1 200 OK"]
[2024-08-30 11:38:35,304]: [_trace.py]: atrace: 85:       DEBUG:    [receive_response_body.started request=<Request [b'POST']>]
[2024-08-30 11:38:35,305]: [_trace.py]: atrace: 85:       DEBUG:    [receive_response_body.complete]
[2024-08-30 11:38:35,305]: [_trace.py]: atrace: 85:       DEBUG:    [response_closed.started]
[2024-08-30 11:38:35,305]: [_trace.py]: atrace: 85:       DEBUG:    [response_closed.complete]
[2024-08-30 11:38:35,305]: [_bot.py]: _do_post: 652:       DEBUG:    [Call to Bot API endpoint `sendDocument` finished with return value `{'message_id': 1835, 'from': {'id': 6030805959, 'is_bot': True, 'first_name': 'TyPHoone', 'username': 'TyPHoone_Project_bot'}, 'chat': {'id': -4119703192, 'title': 'Robocop', 'type': 'group', 'all_members_are_administrators': True}, 'date': 1725017915, 'document': {'file_name': '(2024_08_30--11_38).log', 'mime_type': 'text/plain', 'file_id': 'BQACAgQAAxkDAAIHK2bRrzswiVUUL2oPGIp2w4fBsd4dAAJBFwAC9uCJUrmJ2_IvbbIBNQQ', 'file_unique_id': 'AgADQRcAAvbgiVI', 'file_size': 5937}}`]
[2024-08-30 11:38:35,305]: [_trace.py]: atrace: 85:       DEBUG:    [close.started]
[2024-08-30 11:38:35,306]: [_trace.py]: atrace: 85:       DEBUG:    [close.complete]
[2024-08-30 11:38:35,306]: [_config.py]: load_ssl_context: 82:       DEBUG:    [load_ssl_context verify=True cert=None trust_env=True http2=False]
[2024-08-30 11:38:35,306]: [_config.py]: load_ssl_context_verify: 148:       DEBUG:    [load_verify_locations cafile='/opt/hostedtoolcache/Python/3.12.5/x64/lib/python3.12/site-packages/certifi/cacert.pem']
[2024-08-30 11:38:35,334]: [_config.py]: load_ssl_context: 82:       DEBUG:    [load_ssl_context verify=True cert=None trust_env=True http2=False]
[2024-08-30 11:38:35,334]: [_config.py]: load_ssl_context_verify: 148:       DEBUG:    [load_verify_locations cafile='/opt/hostedtoolcache/Python/3.12.5/x64/lib/python3.12/site-packages/certifi/cacert.pem']
[2024-08-30 11:38:35,360]: [_bot.py]: _do_post: 643:       DEBUG:    [Calling Bot API endpoint `getMe` with parameters `{}`]
[2024-08-30 11:38:35,360]: [_trace.py]: atrace: 85:       DEBUG:    [connect_tcp.started host='api.telegram.org' port=443 local_address=None timeout=5.0 socket_options=None]
[2024-08-30 11:38:35,451]: [_trace.py]: atrace: 85:       DEBUG:    [connect_tcp.complete return_value=<httpcore._backends.anyio.AnyIOStream object at 0x7f1aebf71130>]
[2024-08-30 11:38:35,452]: [_trace.py]: atrace: 85:       DEBUG:    [start_tls.started ssl_context=<ssl.SSLContext object at 0x7f1aec447a50> server_hostname='api.telegram.org' timeout=5.0]
[2024-08-30 11:38:35,544]: [_trace.py]: atrace: 85:       DEBUG:    [start_tls.complete return_value=<httpcore._backends.anyio.AnyIOStream object at 0x7f1aebaaf3b0>]
[2024-08-30 11:38:35,544]: [_trace.py]: atrace: 85:       DEBUG:    [send_request_headers.started request=<Request [b'POST']>]
[2024-08-30 11:38:35,545]: [_trace.py]: atrace: 85:       DEBUG:    [send_request_headers.complete]
[2024-08-30 11:38:35,545]: [_trace.py]: atrace: 85:       DEBUG:    [send_request_body.started request=<Request [b'POST']>]
[2024-08-30 11:38:35,545]: [_trace.py]: atrace: 85:       DEBUG:    [send_request_body.complete]
[2024-08-30 11:38:35,545]: [_trace.py]: atrace: 85:       DEBUG:    [receive_response_headers.started request=<Request [b'POST']>]
[2024-08-30 11:38:35,634]: [_trace.py]: atrace: 85:       DEBUG:    [receive_response_headers.complete return_value=(b'HTTP/1.1', 200, b'OK', [(b'Server', b'nginx/1.18.0'), (b'Date', b'Fri, 30 Aug 2024 11:38:35 GMT'), (b'Content-Type', b'application/json'), (b'Content-Length', b'258'), (b'Connection', b'keep-alive'), (b'Strict-Transport-Security', b'max-age=31536000; includeSubDomains; preload'), (b'Access-Control-Allow-Origin', b'*'), (b'Access-Control-Allow-Methods', b'GET, POST, OPTIONS'), (b'Access-Control-Expose-Headers', b'Content-Length,Content-Type,Date,Server,Connection')])]
[2024-08-30 11:38:35,635]: [_client.py]: _send_single_request: 1786:       INFO:    [HTTP Request: POST https://api.telegram.org/bot6030805959:AAGUHAMxLYc-PrevgKouJ3ZyM7ktu56ftjo/getMe "HTTP/1.1 200 OK"]
[2024-08-30 11:38:35,635]: [_trace.py]: atrace: 85:       DEBUG:    [receive_response_body.started request=<Request [b'POST']>]
[2024-08-30 11:38:35,635]: [_trace.py]: atrace: 85:       DEBUG:    [receive_response_body.complete]
[2024-08-30 11:38:35,635]: [_trace.py]: atrace: 85:       DEBUG:    [response_closed.started]
[2024-08-30 11:38:35,635]: [_trace.py]: atrace: 85:       DEBUG:    [response_closed.complete]
[2024-08-30 11:38:35,635]: [_bot.py]: _do_post: 652:       DEBUG:    [Call to Bot API endpoint `getMe` finished with return value `{'id': 6030805959, 'is_bot': True, 'first_name': 'TyPHoone', 'username': 'TyPHoone_Project_bot', 'can_join_groups': True, 'can_read_all_group_messages': False, 'supports_inline_queries': False, 'can_connect_to_business': False, 'has_main_web_app': False}`]
[2024-08-30 11:38:35,638]: [_bot.py]: _do_post: 643:       DEBUG:    [Calling Bot API endpoint `sendDocument` with parameters `{'chat_id': '-4119703192', 'document': <telegram._files.inputfile.InputFile object at 0x7f1aeba557c0>}`]
[2024-08-30 11:38:35,638]: [_trace.py]: atrace: 85:       DEBUG:    [send_request_headers.started request=<Request [b'POST']>]
[2024-08-30 11:38:35,638]: [_trace.py]: atrace: 85:       DEBUG:    [send_request_headers.complete]
[2024-08-30 11:38:35,638]: [_trace.py]: atrace: 85:       DEBUG:    [send_request_body.started request=<Request [b'POST']>]
[2024-08-30 11:38:36,468]: [_trace.py]: atrace: 85:       DEBUG:    [send_request_body.complete]
[2024-08-30 11:38:36,468]: [_trace.py]: atrace: 85:       DEBUG:    [receive_response_headers.started request=<Request [b'POST']>]
[2024-08-30 11:38:37,531]: [_trace.py]: atrace: 85:       DEBUG:    [receive_response_headers.complete return_value=(b'HTTP/1.1', 200, b'OK', [(b'Server', b'nginx/1.18.0'), (b'Date', b'Fri, 30 Aug 2024 11:38:37 GMT'), (b'Content-Type', b'application/json'), (b'Content-Length', b'479'), (b'Connection', b'keep-alive'), (b'Strict-Transport-Security', b'max-age=31536000; includeSubDomains; preload'), (b'Access-Control-Allow-Origin', b'*'), (b'Access-Control-Allow-Methods', b'GET, POST, OPTIONS'), (b'Access-Control-Expose-Headers', b'Content-Length,Content-Type,Date,Server,Connection')])]
[2024-08-30 11:38:37,532]: [_client.py]: _send_single_request: 1786:       INFO:    [HTTP Request: POST https://api.telegram.org/bot6030805959:AAGUHAMxLYc-PrevgKouJ3ZyM7ktu56ftjo/sendDocument "HTTP/1.1 200 OK"]
[2024-08-30 11:38:37,532]: [_trace.py]: atrace: 85:       DEBUG:    [receive_response_body.started request=<Request [b'POST']>]
[2024-08-30 11:38:37,532]: [_trace.py]: atrace: 85:       DEBUG:    [receive_response_body.complete]
[2024-08-30 11:38:37,532]: [_trace.py]: atrace: 85:       DEBUG:    [response_closed.started]
[2024-08-30 11:38:37,532]: [_trace.py]: atrace: 85:       DEBUG:    [response_closed.complete]
[2024-08-30 11:38:37,532]: [_bot.py]: _do_post: 652:       DEBUG:    [Call to Bot API endpoint `sendDocument` finished with return value `{'message_id': 1836, 'from': {'id': 6030805959, 'is_bot': True, 'first_name': 'TyPHoone', 'username': 'TyPHoone_Project_bot'}, 'chat': {'id': -4119703192, 'title': 'Robocop', 'type': 'group', 'all_members_are_administrators': True}, 'date': 1725017917, 'document': {'file_name': '(2024_08_30--11_38)output.zip', 'mime_type': 'application/zip', 'file_id': 'BQACAgQAAxkDAAIHLGbRrz0e-YpU08sNRlgwaW7byJSlAAJCFwAC9uCJUoTdhy33UbnWNQQ', 'file_unique_id': 'AgADQhcAAvbgiVI', 'file_size': 10218376}}`]
[2024-08-30 11:38:37,533]: [_trace.py]: atrace: 85:       DEBUG:    [close.started]
[2024-08-30 11:38:37,533]: [_trace.py]: atrace: 85:       DEBUG:    [close.complete]
[2024-08-30 11:38:37,533]: [Telegram_Sender.py]: runner: 61:       INFO:    [sent successfully]
[2024-08-30 11:38:37,534]: [Main.py]: <module>: 48:       INFO:    [Finished]
