[2024-05-02 01:13:54,708]: [Main.py]: <module>: 21:       INFO:    [Started]
[2024-05-02 01:13:56,899]: [Iron_Scraper.py]: Scrap: 32:       INFO:    [Data Scaraped Successfully]
[2024-05-02 01:13:57,095]: [Iron_Scraper.py]: Scrap: 70:       INFO:    [Scrapped Data Has No Problem]
[2024-05-02 01:13:57,095]: [Iron_Scraper.py]: Scrap: 83:       INFO:    [Data Saved Successfully]
[2024-05-02 01:13:57,095]: [Iron.py]: Run: 26:       INFO:    [Scraping Phase Completed]
[2024-05-02 01:13:57,095]: [Iron_Data_Processor.py]: Data_Reader: 61:       INFO:    [Data File Has Been Red Successfully]
[2024-05-02 01:13:57,096]: [Iron_Data_Processor.py]: Shaper: 78:       INFO:    [Data Shaped]
[2024-05-02 01:13:57,096]: [Iron_Data_Processor.py]: Process: 226:       INFO:    [Data Cleaned]
[2024-05-02 01:13:57,096]: [Iron_Data_Processor.py]: Make_Pages_Objects: 101:       INFO:    [Page Objects Has Been Made]
[2024-05-02 01:13:57,096]: [Iron_Data_Processor.py]: Make_Pages_Objects: 101:       INFO:    [Page Objects Has Been Made]
[2024-05-02 01:13:57,096]: [Iron_Data_Processor.py]: Load_Data: 118:       INFO:    [Data Has Been Load]
[2024-05-02 01:13:57,096]: [Iron_Data_Processor.py]: Load_Data: 118:       INFO:    [Data Has Been Load]
[2024-05-02 01:13:57,096]: [Iron_Data_Processor.py]: Load_positions: 140:       INFO:    [Positions Are Ready]
[2024-05-02 01:13:57,096]: [Iron_Data_Processor.py]: Load_positions: 140:       INFO:    [Positions Are Ready]
[2024-05-02 01:13:58,234]: [Iron_Data_Processor.py]: Make_Tagged_Images: 193:       INFO:    [Images Has Been Made]
[2024-05-02 01:13:59,195]: [Iron_Data_Processor.py]: Make_Tagged_Images: 193:       INFO:    [Images Has Been Made]
[2024-05-02 01:13:59,620]: [Iron_Data_Processor.py]: Make_Cover_Page: 213:       INFO:    [Made Cover Pages]
[2024-05-02 01:13:59,620]: [Iron.py]: Run: 29:       INFO:    [Imagination Phase Completed]
[2024-05-02 01:14:04,125]: [Phone_Scraper.py]: Scrap: 58:       INFO:    [Data Scraped]
[2024-05-02 01:14:04,126]: [Phone_Scraper.py]: Scrap: 71:       INFO:    [Scraped Data Successfully]
[2024-05-02 01:14:04,126]: [Phone.py]: Run: 26:       INFO:    [Scraping Phase Complete]
[2024-05-02 01:14:04,126]: [Phone_Data_Processor.py]: data_reader: 37:       INFO:    [Scraped Data Loaded]
[2024-05-02 01:14:04,128]: [Phone_Data_Processor.py]: filter_list: 64:       INFO:    [Persian Phrases Are deleted]
[2024-05-02 01:14:04,129]: [Phone_Data_Processor.py]: reshape_list: 86:       INFO:    [Date Reshaped]
[2024-05-02 01:14:04,129]: [Phone_Data_Processor.py]: separate_brands: 123:       INFO:    [Brands Are Separated]
[2024-05-02 01:14:04,129]: [Phone_Data_Processor.py]: delete_extra_spaces: 140:       INFO:    [Extra Spaces Are Deleted]
[2024-05-02 01:14:05,037]: [Phone.py]: Run: 29:       INFO:    [Imagination Phase Complete]
[2024-05-02 01:14:05,037]: [selector_events.py]: __init__: 64:       DEBUG:    [Using selector: EpollSelector]
[2024-05-02 01:14:05,038]: [_bot.py]: _do_post: 643:       DEBUG:    [Calling Bot API endpoint `getMe` with parameters `{}`]
[2024-05-02 01:14:05,042]: [_trace.py]: atrace: 85:       DEBUG:    [connect_tcp.started host='api.telegram.org' port=443 local_address=None timeout=5.0 socket_options=None]
[2024-05-02 01:14:05,263]: [_trace.py]: atrace: 85:       DEBUG:    [connect_tcp.complete return_value=<httpcore._backends.anyio.AnyIOStream object at 0x7f3693eb3ec0>]
[2024-05-02 01:14:05,263]: [_trace.py]: atrace: 85:       DEBUG:    [start_tls.started ssl_context=<ssl.SSLContext object at 0x7f3694935d50> server_hostname='api.telegram.org' timeout=5.0]
[2024-05-02 01:14:05,413]: [_trace.py]: atrace: 85:       DEBUG:    [start_tls.complete return_value=<httpcore._backends.anyio.AnyIOStream object at 0x7f3694f5aab0>]
[2024-05-02 01:14:05,414]: [_trace.py]: atrace: 85:       DEBUG:    [send_request_headers.started request=<Request [b'POST']>]
[2024-05-02 01:14:05,414]: [_trace.py]: atrace: 85:       DEBUG:    [send_request_headers.complete]
[2024-05-02 01:14:05,414]: [_trace.py]: atrace: 85:       DEBUG:    [send_request_body.started request=<Request [b'POST']>]
[2024-05-02 01:14:05,414]: [_trace.py]: atrace: 85:       DEBUG:    [send_request_body.complete]
[2024-05-02 01:14:05,414]: [_trace.py]: atrace: 85:       DEBUG:    [receive_response_headers.started request=<Request [b'POST']>]
[2024-05-02 01:14:05,563]: [_trace.py]: atrace: 85:       DEBUG:    [receive_response_headers.complete return_value=(b'HTTP/1.1', 200, b'OK', [(b'Server', b'nginx/1.18.0'), (b'Date', b'Thu, 02 May 2024 01:14:05 GMT'), (b'Content-Type', b'application/json'), (b'Content-Length', b'233'), (b'Connection', b'keep-alive'), (b'Strict-Transport-Security', b'max-age=31536000; includeSubDomains; preload'), (b'Access-Control-Allow-Origin', b'*'), (b'Access-Control-Allow-Methods', b'GET, POST, OPTIONS'), (b'Access-Control-Expose-Headers', b'Content-Length,Content-Type,Date,Server,Connection')])]
[2024-05-02 01:14:05,563]: [_client.py]: _send_single_request: 1773:       INFO:    [HTTP Request: POST https://api.telegram.org/bot6030805959:AAGUHAMxLYc-PrevgKouJ3ZyM7ktu56ftjo/getMe "HTTP/1.1 200 OK"]
[2024-05-02 01:14:05,563]: [_trace.py]: atrace: 85:       DEBUG:    [receive_response_body.started request=<Request [b'POST']>]
[2024-05-02 01:14:05,563]: [_trace.py]: atrace: 85:       DEBUG:    [receive_response_body.complete]
[2024-05-02 01:14:05,563]: [_trace.py]: atrace: 85:       DEBUG:    [response_closed.started]
[2024-05-02 01:14:05,563]: [_trace.py]: atrace: 85:       DEBUG:    [response_closed.complete]
[2024-05-02 01:14:05,564]: [_bot.py]: _do_post: 652:       DEBUG:    [Call to Bot API endpoint `getMe` finished with return value `{'id': 6030805959, 'is_bot': True, 'first_name': 'TyPHoone', 'username': 'TyPHoone_Project_bot', 'can_join_groups': True, 'can_read_all_group_messages': False, 'supports_inline_queries': False, 'can_connect_to_business': False}`]
[2024-05-02 01:14:05,567]: [_bot.py]: _do_post: 643:       DEBUG:    [Calling Bot API endpoint `sendDocument` with parameters `{'chat_id': '-4119703192', 'document': <telegram._files.inputfile.InputFile object at 0x7f3693ee8980>}`]
[2024-05-02 01:14:05,567]: [_trace.py]: atrace: 85:       DEBUG:    [send_request_headers.started request=<Request [b'POST']>]
[2024-05-02 01:14:05,568]: [_trace.py]: atrace: 85:       DEBUG:    [send_request_headers.complete]
[2024-05-02 01:14:05,568]: [_trace.py]: atrace: 85:       DEBUG:    [send_request_body.started request=<Request [b'POST']>]
[2024-05-02 01:14:06,158]: [_trace.py]: atrace: 85:       DEBUG:    [send_request_body.complete]
[2024-05-02 01:14:06,159]: [_trace.py]: atrace: 85:       DEBUG:    [receive_response_headers.started request=<Request [b'POST']>]
[2024-05-02 01:14:06,527]: [_trace.py]: atrace: 85:       DEBUG:    [receive_response_headers.complete return_value=(b'HTTP/1.1', 200, b'OK', [(b'Server', b'nginx/1.18.0'), (b'Date', b'Thu, 02 May 2024 01:14:06 GMT'), (b'Content-Type', b'application/json'), (b'Content-Length', b'816'), (b'Connection', b'keep-alive'), (b'Strict-Transport-Security', b'max-age=31536000; includeSubDomains; preload'), (b'Access-Control-Allow-Origin', b'*'), (b'Access-Control-Allow-Methods', b'GET, POST, OPTIONS'), (b'Access-Control-Expose-Headers', b'Content-Length,Content-Type,Date,Server,Connection')])]
[2024-05-02 01:14:06,527]: [_client.py]: _send_single_request: 1773:       INFO:    [HTTP Request: POST https://api.telegram.org/bot6030805959:AAGUHAMxLYc-PrevgKouJ3ZyM7ktu56ftjo/sendDocument "HTTP/1.1 200 OK"]
[2024-05-02 01:14:06,528]: [_trace.py]: atrace: 85:       DEBUG:    [receive_response_body.started request=<Request [b'POST']>]
[2024-05-02 01:14:06,528]: [_trace.py]: atrace: 85:       DEBUG:    [receive_response_body.complete]
[2024-05-02 01:14:06,528]: [_trace.py]: atrace: 85:       DEBUG:    [response_closed.started]
[2024-05-02 01:14:06,528]: [_trace.py]: atrace: 85:       DEBUG:    [response_closed.complete]
[2024-05-02 01:14:06,528]: [_bot.py]: _do_post: 652:       DEBUG:    [Call to Bot API endpoint `sendDocument` finished with return value `{'message_id': 691, 'from': {'id': 6030805959, 'is_bot': True, 'first_name': 'TyPHoone', 'username': 'TyPHoone_Project_bot'}, 'chat': {'id': -4119703192, 'title': 'Robocop', 'type': 'group', 'all_members_are_administrators': True}, 'date': 1714612446, 'document': {'file_name': 'xiaomi5.png', 'mime_type': 'image/png', 'thumbnail': {'file_id': 'AAMCBAADGQMAAgKzZjLo3l2uMxK7ICU__wxC9cLcVmMAAt0WAAKOWZhR6BGjO4fOUwQBAAdtAAM0BA', 'file_unique_id': 'AQAD3RYAAo5ZmFFy', 'file_size': 34377, 'width': 320, 'height': 320}, 'thumb': {'file_id': 'AAMCBAADGQMAAgKzZjLo3l2uMxK7ICU__wxC9cLcVmMAAt0WAAKOWZhR6BGjO4fOUwQBAAdtAAM0BA', 'file_unique_id': 'AQAD3RYAAo5ZmFFy', 'file_size': 34377, 'width': 320, 'height': 320}, 'file_id': 'BQACAgQAAxkDAAICs2Yy6N5drjMSuyAlP_8MQvXC3FZjAALdFgACjlmYUegRozuHzlMENAQ', 'file_unique_id': 'AgAD3RYAAo5ZmFE', 'file_size': 378934}}`]
[2024-05-02 01:14:06,529]: [_bot.py]: _do_post: 643:       DEBUG:    [Calling Bot API endpoint `sendDocument` with parameters `{'chat_id': '-4119703192', 'document': <telegram._files.inputfile.InputFile object at 0x7f3693e69940>}`]
[2024-05-02 01:14:06,529]: [_trace.py]: atrace: 85:       DEBUG:    [send_request_headers.started request=<Request [b'POST']>]
[2024-05-02 01:14:06,529]: [_trace.py]: atrace: 85:       DEBUG:    [send_request_headers.complete]
[2024-05-02 01:14:06,529]: [_trace.py]: atrace: 85:       DEBUG:    [send_request_body.started request=<Request [b'POST']>]
[2024-05-02 01:14:06,530]: [_trace.py]: atrace: 85:       DEBUG:    [send_request_body.complete]
[2024-05-02 01:14:06,530]: [_trace.py]: atrace: 85:       DEBUG:    [receive_response_headers.started request=<Request [b'POST']>]
[2024-05-02 01:14:06,752]: [_trace.py]: atrace: 85:       DEBUG:    [receive_response_headers.complete return_value=(b'HTTP/1.1', 200, b'OK', [(b'Server', b'nginx/1.18.0'), (b'Date', b'Thu, 02 May 2024 01:14:06 GMT'), (b'Content-Type', b'application/json'), (b'Content-Length', b'817'), (b'Connection', b'keep-alive'), (b'Strict-Transport-Security', b'max-age=31536000; includeSubDomains; preload'), (b'Access-Control-Allow-Origin', b'*'), (b'Access-Control-Allow-Methods', b'GET, POST, OPTIONS'), (b'Access-Control-Expose-Headers', b'Content-Length,Content-Type,Date,Server,Connection')])]
[2024-05-02 01:14:06,752]: [_client.py]: _send_single_request: 1773:       INFO:    [HTTP Request: POST https://api.telegram.org/bot6030805959:AAGUHAMxLYc-PrevgKouJ3ZyM7ktu56ftjo/sendDocument "HTTP/1.1 200 OK"]
[2024-05-02 01:14:06,752]: [_trace.py]: atrace: 85:       DEBUG:    [receive_response_body.started request=<Request [b'POST']>]
[2024-05-02 01:14:06,752]: [_trace.py]: atrace: 85:       DEBUG:    [receive_response_body.complete]
[2024-05-02 01:14:06,752]: [_trace.py]: atrace: 85:       DEBUG:    [response_closed.started]
[2024-05-02 01:14:06,752]: [_trace.py]: atrace: 85:       DEBUG:    [response_closed.complete]
[2024-05-02 01:14:06,753]: [_bot.py]: _do_post: 652:       DEBUG:    [Call to Bot API endpoint `sendDocument` finished with return value `{'message_id': 692, 'from': {'id': 6030805959, 'is_bot': True, 'first_name': 'TyPHoone', 'username': 'TyPHoone_Project_bot'}, 'chat': {'id': -4119703192, 'title': 'Robocop', 'type': 'group', 'all_members_are_administrators': True}, 'date': 1714612446, 'document': {'file_name': 'samsung3.png', 'mime_type': 'image/png', 'thumbnail': {'file_id': 'AAMCBAADGQMAAgK0ZjLo3iyWk1eM3ukc-5gSde6FVlgAAt4WAAKOWZhRzKcjM6pBLfMBAAdtAAM0BA', 'file_unique_id': 'AQAD3hYAAo5ZmFFy', 'file_size': 26007, 'width': 320, 'height': 320}, 'thumb': {'file_id': 'AAMCBAADGQMAAgK0ZjLo3iyWk1eM3ukc-5gSde6FVlgAAt4WAAKOWZhRzKcjM6pBLfMBAAdtAAM0BA', 'file_unique_id': 'AQAD3hYAAo5ZmFFy', 'file_size': 26007, 'width': 320, 'height': 320}, 'file_id': 'BQACAgQAAxkDAAICtGYy6N4slpNXjN7pHPuYEnXuhVZYAALeFgACjlmYUcynIzOqQS3zNAQ', 'file_unique_id': 'AgAD3hYAAo5ZmFE', 'file_size': 243411}}`]
[2024-05-02 01:14:06,753]: [_bot.py]: _do_post: 643:       DEBUG:    [Calling Bot API endpoint `sendDocument` with parameters `{'chat_id': '-4119703192', 'document': <telegram._files.inputfile.InputFile object at 0x7f3693ee8980>}`]
[2024-05-02 01:14:06,754]: [_trace.py]: atrace: 85:       DEBUG:    [send_request_headers.started request=<Request [b'POST']>]
[2024-05-02 01:14:06,754]: [_trace.py]: atrace: 85:       DEBUG:    [send_request_headers.complete]
[2024-05-02 01:14:06,754]: [_trace.py]: atrace: 85:       DEBUG:    [send_request_body.started request=<Request [b'POST']>]
[2024-05-02 01:14:06,755]: [_trace.py]: atrace: 85:       DEBUG:    [send_request_body.complete]
[2024-05-02 01:14:06,755]: [_trace.py]: atrace: 85:       DEBUG:    [receive_response_headers.started request=<Request [b'POST']>]
[2024-05-02 01:14:07,002]: [_trace.py]: atrace: 85:       DEBUG:    [receive_response_headers.complete return_value=(b'HTTP/1.1', 200, b'OK', [(b'Server', b'nginx/1.18.0'), (b'Date', b'Thu, 02 May 2024 01:14:06 GMT'), (b'Content-Type', b'application/json'), (b'Content-Length', b'816'), (b'Connection', b'keep-alive'), (b'Strict-Transport-Security', b'max-age=31536000; includeSubDomains; preload'), (b'Access-Control-Allow-Origin', b'*'), (b'Access-Control-Allow-Methods', b'GET, POST, OPTIONS'), (b'Access-Control-Expose-Headers', b'Content-Length,Content-Type,Date,Server,Connection')])]
[2024-05-02 01:14:07,002]: [_client.py]: _send_single_request: 1773:       INFO:    [HTTP Request: POST https://api.telegram.org/bot6030805959:AAGUHAMxLYc-PrevgKouJ3ZyM7ktu56ftjo/sendDocument "HTTP/1.1 200 OK"]
[2024-05-02 01:14:07,002]: [_trace.py]: atrace: 85:       DEBUG:    [receive_response_body.started request=<Request [b'POST']>]
[2024-05-02 01:14:07,002]: [_trace.py]: atrace: 85:       DEBUG:    [receive_response_body.complete]
[2024-05-02 01:14:07,003]: [_trace.py]: atrace: 85:       DEBUG:    [response_closed.started]
[2024-05-02 01:14:07,003]: [_trace.py]: atrace: 85:       DEBUG:    [response_closed.complete]
[2024-05-02 01:14:07,003]: [_bot.py]: _do_post: 652:       DEBUG:    [Call to Bot API endpoint `sendDocument` finished with return value `{'message_id': 693, 'from': {'id': 6030805959, 'is_bot': True, 'first_name': 'TyPHoone', 'username': 'TyPHoone_Project_bot'}, 'chat': {'id': -4119703192, 'title': 'Robocop', 'type': 'group', 'all_members_are_administrators': True}, 'date': 1714612446, 'document': {'file_name': 'xiaomi4.png', 'mime_type': 'image/png', 'thumbnail': {'file_id': 'AAMCBAADGQMAAgK1ZjLo3s9W409x96u_i_DSByMi_mYAAt8WAAKOWZhRt43cZCF5d_UBAAdtAAM0BA', 'file_unique_id': 'AQAD3xYAAo5ZmFFy', 'file_size': 39818, 'width': 320, 'height': 320}, 'thumb': {'file_id': 'AAMCBAADGQMAAgK1ZjLo3s9W409x96u_i_DSByMi_mYAAt8WAAKOWZhRt43cZCF5d_UBAAdtAAM0BA', 'file_unique_id': 'AQAD3xYAAo5ZmFFy', 'file_size': 39818, 'width': 320, 'height': 320}, 'file_id': 'BQACAgQAAxkDAAICtWYy6N7PVuNPcferv4vw0gcjIv5mAALfFgACjlmYUbeN3GQheXf1NAQ', 'file_unique_id': 'AgAD3xYAAo5ZmFE', 'file_size': 431471}}`]
[2024-05-02 01:14:07,003]: [_bot.py]: _do_post: 643:       DEBUG:    [Calling Bot API endpoint `sendDocument` with parameters `{'chat_id': '-4119703192', 'document': <telegram._files.inputfile.InputFile object at 0x7f3693e69940>}`]
[2024-05-02 01:14:07,004]: [_trace.py]: atrace: 85:       DEBUG:    [send_request_headers.started request=<Request [b'POST']>]
[2024-05-02 01:14:07,004]: [_trace.py]: atrace: 85:       DEBUG:    [send_request_headers.complete]
[2024-05-02 01:14:07,004]: [_trace.py]: atrace: 85:       DEBUG:    [send_request_body.started request=<Request [b'POST']>]
[2024-05-02 01:14:07,005]: [_trace.py]: atrace: 85:       DEBUG:    [send_request_body.complete]
[2024-05-02 01:14:07,005]: [_trace.py]: atrace: 85:       DEBUG:    [receive_response_headers.started request=<Request [b'POST']>]
[2024-05-02 01:14:07,221]: [_trace.py]: atrace: 85:       DEBUG:    [receive_response_headers.complete return_value=(b'HTTP/1.1', 200, b'OK', [(b'Server', b'nginx/1.18.0'), (b'Date', b'Thu, 02 May 2024 01:14:07 GMT'), (b'Content-Type', b'application/json'), (b'Content-Length', b'815'), (b'Connection', b'keep-alive'), (b'Strict-Transport-Security', b'max-age=31536000; includeSubDomains; preload'), (b'Access-Control-Allow-Origin', b'*'), (b'Access-Control-Allow-Methods', b'GET, POST, OPTIONS'), (b'Access-Control-Expose-Headers', b'Content-Length,Content-Type,Date,Server,Connection')])]
[2024-05-02 01:14:07,221]: [_client.py]: _send_single_request: 1773:       INFO:    [HTTP Request: POST https://api.telegram.org/bot6030805959:AAGUHAMxLYc-PrevgKouJ3ZyM7ktu56ftjo/sendDocument "HTTP/1.1 200 OK"]
[2024-05-02 01:14:07,221]: [_trace.py]: atrace: 85:       DEBUG:    [receive_response_body.started request=<Request [b'POST']>]
[2024-05-02 01:14:07,221]: [_trace.py]: atrace: 85:       DEBUG:    [receive_response_body.complete]
[2024-05-02 01:14:07,221]: [_trace.py]: atrace: 85:       DEBUG:    [response_closed.started]
[2024-05-02 01:14:07,221]: [_trace.py]: atrace: 85:       DEBUG:    [response_closed.complete]
[2024-05-02 01:14:07,221]: [_bot.py]: _do_post: 652:       DEBUG:    [Call to Bot API endpoint `sendDocument` finished with return value `{'message_id': 694, 'from': {'id': 6030805959, 'is_bot': True, 'first_name': 'TyPHoone', 'username': 'TyPHoone_Project_bot'}, 'chat': {'id': -4119703192, 'title': 'Robocop', 'type': 'group', 'all_members_are_administrators': True}, 'date': 1714612447, 'document': {'file_name': 'nokia6.png', 'mime_type': 'image/png', 'thumbnail': {'file_id': 'AAMCBAADGQMAAgK2ZjLo30SX5jEziIFiU30Kb3usNHAAAuAWAAKOWZhR9UHcvEtzUcIBAAdtAAM0BA', 'file_unique_id': 'AQAD4BYAAo5ZmFFy', 'file_size': 26058, 'width': 320, 'height': 320}, 'thumb': {'file_id': 'AAMCBAADGQMAAgK2ZjLo30SX5jEziIFiU30Kb3usNHAAAuAWAAKOWZhR9UHcvEtzUcIBAAdtAAM0BA', 'file_unique_id': 'AQAD4BYAAo5ZmFFy', 'file_size': 26058, 'width': 320, 'height': 320}, 'file_id': 'BQACAgQAAxkDAAICtmYy6N9El-YxM4iBYlN9Cm97rDRwAALgFgACjlmYUfVB3LxLc1HCNAQ', 'file_unique_id': 'AgAD4BYAAo5ZmFE', 'file_size': 282691}}`]
[2024-05-02 01:14:07,222]: [_bot.py]: _do_post: 643:       DEBUG:    [Calling Bot API endpoint `sendDocument` with parameters `{'chat_id': '-4119703192', 'document': <telegram._files.inputfile.InputFile object at 0x7f3693e69940>}`]
[2024-05-02 01:14:07,222]: [_trace.py]: atrace: 85:       DEBUG:    [send_request_headers.started request=<Request [b'POST']>]
[2024-05-02 01:14:07,223]: [_trace.py]: atrace: 85:       DEBUG:    [send_request_headers.complete]
[2024-05-02 01:14:07,223]: [_trace.py]: atrace: 85:       DEBUG:    [send_request_body.started request=<Request [b'POST']>]
[2024-05-02 01:14:07,224]: [_trace.py]: atrace: 85:       DEBUG:    [send_request_body.complete]
[2024-05-02 01:14:07,224]: [_trace.py]: atrace: 85:       DEBUG:    [receive_response_headers.started request=<Request [b'POST']>]
[2024-05-02 01:14:07,444]: [_trace.py]: atrace: 85:       DEBUG:    [receive_response_headers.complete return_value=(b'HTTP/1.1', 200, b'OK', [(b'Server', b'nginx/1.18.0'), (b'Date', b'Thu, 02 May 2024 01:14:07 GMT'), (b'Content-Type', b'application/json'), (b'Content-Length', b'817'), (b'Connection', b'keep-alive'), (b'Strict-Transport-Security', b'max-age=31536000; includeSubDomains; preload'), (b'Access-Control-Allow-Origin', b'*'), (b'Access-Control-Allow-Methods', b'GET, POST, OPTIONS'), (b'Access-Control-Expose-Headers', b'Content-Length,Content-Type,Date,Server,Connection')])]
[2024-05-02 01:14:07,444]: [_client.py]: _send_single_request: 1773:       INFO:    [HTTP Request: POST https://api.telegram.org/bot6030805959:AAGUHAMxLYc-PrevgKouJ3ZyM7ktu56ftjo/sendDocument "HTTP/1.1 200 OK"]
[2024-05-02 01:14:07,444]: [_trace.py]: atrace: 85:       DEBUG:    [receive_response_body.started request=<Request [b'POST']>]
[2024-05-02 01:14:07,444]: [_trace.py]: atrace: 85:       DEBUG:    [receive_response_body.complete]
[2024-05-02 01:14:07,444]: [_trace.py]: atrace: 85:       DEBUG:    [response_closed.started]
[2024-05-02 01:14:07,444]: [_trace.py]: atrace: 85:       DEBUG:    [response_closed.complete]
[2024-05-02 01:14:07,444]: [_bot.py]: _do_post: 652:       DEBUG:    [Call to Bot API endpoint `sendDocument` finished with return value `{'message_id': 695, 'from': {'id': 6030805959, 'is_bot': True, 'first_name': 'TyPHoone', 'username': 'TyPHoone_Project_bot'}, 'chat': {'id': -4119703192, 'title': 'Robocop', 'type': 'group', 'all_members_are_administrators': True}, 'date': 1714612447, 'document': {'file_name': 'samsung1.png', 'mime_type': 'image/png', 'thumbnail': {'file_id': 'AAMCBAADGQMAAgK3ZjLo319Ts4eGSJwDyvgMDFz0pvoAAuEWAAKOWZhRk81zxUHunHsBAAdtAAM0BA', 'file_unique_id': 'AQAD4RYAAo5ZmFFy', 'file_size': 35766, 'width': 320, 'height': 320}, 'thumb': {'file_id': 'AAMCBAADGQMAAgK3ZjLo319Ts4eGSJwDyvgMDFz0pvoAAuEWAAKOWZhRk81zxUHunHsBAAdtAAM0BA', 'file_unique_id': 'AQAD4RYAAo5ZmFFy', 'file_size': 35766, 'width': 320, 'height': 320}, 'file_id': 'BQACAgQAAxkDAAICt2Yy6N9fU7OHhkicA8r4DAxc9Kb6AALhFgACjlmYUZPNc8VB7px7NAQ', 'file_unique_id': 'AgAD4RYAAo5ZmFE', 'file_size': 334168}}`]
[2024-05-02 01:14:07,445]: [_bot.py]: _do_post: 643:       DEBUG:    [Calling Bot API endpoint `sendDocument` with parameters `{'chat_id': '-4119703192', 'document': <telegram._files.inputfile.InputFile object at 0x7f3694bbd240>}`]
[2024-05-02 01:14:07,445]: [_trace.py]: atrace: 85:       DEBUG:    [send_request_headers.started request=<Request [b'POST']>]
[2024-05-02 01:14:07,446]: [_trace.py]: atrace: 85:       DEBUG:    [send_request_headers.complete]
[2024-05-02 01:14:07,446]: [_trace.py]: atrace: 85:       DEBUG:    [send_request_body.started request=<Request [b'POST']>]
[2024-05-02 01:14:07,447]: [_trace.py]: atrace: 85:       DEBUG:    [send_request_body.complete]
[2024-05-02 01:14:07,447]: [_trace.py]: atrace: 85:       DEBUG:    [receive_response_headers.started request=<Request [b'POST']>]
[2024-05-02 01:14:11,679]: [_trace.py]: atrace: 85:       DEBUG:    [receive_response_headers.complete return_value=(b'HTTP/1.1', 200, b'OK', [(b'Server', b'nginx/1.18.0'), (b'Date', b'Thu, 02 May 2024 01:14:11 GMT'), (b'Content-Type', b'application/json'), (b'Content-Length', b'817'), (b'Connection', b'keep-alive'), (b'Strict-Transport-Security', b'max-age=31536000; includeSubDomains; preload'), (b'Access-Control-Allow-Origin', b'*'), (b'Access-Control-Allow-Methods', b'GET, POST, OPTIONS'), (b'Access-Control-Expose-Headers', b'Content-Length,Content-Type,Date,Server,Connection')])]
[2024-05-02 01:14:11,679]: [_client.py]: _send_single_request: 1773:       INFO:    [HTTP Request: POST https://api.telegram.org/bot6030805959:AAGUHAMxLYc-PrevgKouJ3ZyM7ktu56ftjo/sendDocument "HTTP/1.1 200 OK"]
[2024-05-02 01:14:11,679]: [_trace.py]: atrace: 85:       DEBUG:    [receive_response_body.started request=<Request [b'POST']>]
[2024-05-02 01:14:11,679]: [_trace.py]: atrace: 85:       DEBUG:    [receive_response_body.complete]
[2024-05-02 01:14:11,679]: [_trace.py]: atrace: 85:       DEBUG:    [response_closed.started]
[2024-05-02 01:14:11,679]: [_trace.py]: atrace: 85:       DEBUG:    [response_closed.complete]
[2024-05-02 01:14:11,679]: [_bot.py]: _do_post: 652:       DEBUG:    [Call to Bot API endpoint `sendDocument` finished with return value `{'message_id': 696, 'from': {'id': 6030805959, 'is_bot': True, 'first_name': 'TyPHoone', 'username': 'TyPHoone_Project_bot'}, 'chat': {'id': -4119703192, 'title': 'Robocop', 'type': 'group', 'all_members_are_administrators': True}, 'date': 1714612451, 'document': {'file_name': 'samsung2.png', 'mime_type': 'image/png', 'thumbnail': {'file_id': 'AAMCBAADGQMAAgK4ZjLo4y0TPFvv-VrhKnTF8rugvqkAAuIWAAKOWZhRUQV06Ouqc2YBAAdtAAM0BA', 'file_unique_id': 'AQAD4hYAAo5ZmFFy', 'file_size': 38087, 'width': 320, 'height': 320}, 'thumb': {'file_id': 'AAMCBAADGQMAAgK4ZjLo4y0TPFvv-VrhKnTF8rugvqkAAuIWAAKOWZhRUQV06Ouqc2YBAAdtAAM0BA', 'file_unique_id': 'AQAD4hYAAo5ZmFFy', 'file_size': 38087, 'width': 320, 'height': 320}, 'file_id': 'BQACAgQAAxkDAAICuGYy6OMtEzxb7_la4Sp0xfK7oL6pAALiFgACjlmYUVEFdOjrqnNmNAQ', 'file_unique_id': 'AgAD4hYAAo5ZmFE', 'file_size': 352145}}`]
[2024-05-02 01:14:11,680]: [_bot.py]: _do_post: 643:       DEBUG:    [Calling Bot API endpoint `sendDocument` with parameters `{'chat_id': '-4119703192', 'document': <telegram._files.inputfile.InputFile object at 0x7f3692d3aa00>}`]
[2024-05-02 01:14:11,680]: [_trace.py]: atrace: 85:       DEBUG:    [send_request_headers.started request=<Request [b'POST']>]
[2024-05-02 01:14:11,681]: [_trace.py]: atrace: 85:       DEBUG:    [send_request_headers.complete]
[2024-05-02 01:14:11,681]: [_trace.py]: atrace: 85:       DEBUG:    [send_request_body.started request=<Request [b'POST']>]
[2024-05-02 01:14:11,682]: [_trace.py]: atrace: 85:       DEBUG:    [send_request_body.complete]
[2024-05-02 01:14:11,682]: [_trace.py]: atrace: 85:       DEBUG:    [receive_response_headers.started request=<Request [b'POST']>]
[2024-05-02 01:14:12,499]: [_trace.py]: atrace: 85:       DEBUG:    [receive_response_headers.complete return_value=(b'HTTP/1.1', 200, b'OK', [(b'Server', b'nginx/1.18.0'), (b'Date', b'Thu, 02 May 2024 01:14:12 GMT'), (b'Content-Type', b'application/json'), (b'Content-Length', b'817'), (b'Connection', b'keep-alive'), (b'Strict-Transport-Security', b'max-age=31536000; includeSubDomains; preload'), (b'Access-Control-Allow-Origin', b'*'), (b'Access-Control-Allow-Methods', b'GET, POST, OPTIONS'), (b'Access-Control-Expose-Headers', b'Content-Length,Content-Type,Date,Server,Connection')])]
[2024-05-02 01:14:12,499]: [_client.py]: _send_single_request: 1773:       INFO:    [HTTP Request: POST https://api.telegram.org/bot6030805959:AAGUHAMxLYc-PrevgKouJ3ZyM7ktu56ftjo/sendDocument "HTTP/1.1 200 OK"]
[2024-05-02 01:14:12,499]: [_trace.py]: atrace: 85:       DEBUG:    [receive_response_body.started request=<Request [b'POST']>]
[2024-05-02 01:14:12,499]: [_trace.py]: atrace: 85:       DEBUG:    [receive_response_body.complete]
[2024-05-02 01:14:12,499]: [_trace.py]: atrace: 85:       DEBUG:    [response_closed.started]
[2024-05-02 01:14:12,499]: [_trace.py]: atrace: 85:       DEBUG:    [response_closed.complete]
[2024-05-02 01:14:12,499]: [_bot.py]: _do_post: 652:       DEBUG:    [Call to Bot API endpoint `sendDocument` finished with return value `{'message_id': 697, 'from': {'id': 6030805959, 'is_bot': True, 'first_name': 'TyPHoone', 'username': 'TyPHoone_Project_bot'}, 'chat': {'id': -4119703192, 'title': 'Robocop', 'type': 'group', 'all_members_are_administrators': True}, 'date': 1714612452, 'document': {'file_name': 'samsung0.png', 'mime_type': 'image/png', 'thumbnail': {'file_id': 'AAMCBAADGQMAAgK5ZjLo5P0wrzMyQ6UzysjuSMHDuHgAAuMWAAKOWZhRnZ4_ZRSc3VYBAAdtAAM0BA', 'file_unique_id': 'AQAD4xYAAo5ZmFFy', 'file_size': 33305, 'width': 320, 'height': 320}, 'thumb': {'file_id': 'AAMCBAADGQMAAgK5ZjLo5P0wrzMyQ6UzysjuSMHDuHgAAuMWAAKOWZhRnZ4_ZRSc3VYBAAdtAAM0BA', 'file_unique_id': 'AQAD4xYAAo5ZmFFy', 'file_size': 33305, 'width': 320, 'height': 320}, 'file_id': 'BQACAgQAAxkDAAICuWYy6OT9MK8zMkOlM8rI7kjBw7h4AALjFgACjlmYUZ2eP2UUnN1WNAQ', 'file_unique_id': 'AgAD4xYAAo5ZmFE', 'file_size': 315479}}`]
[2024-05-02 01:14:12,500]: [_trace.py]: atrace: 85:       DEBUG:    [close.started]
[2024-05-02 01:14:12,500]: [_trace.py]: atrace: 85:       DEBUG:    [close.complete]
[2024-05-02 01:14:12,500]: [_config.py]: load_ssl_context: 80:       DEBUG:    [load_ssl_context verify=True cert=None trust_env=True http2=False]
[2024-05-02 01:14:12,501]: [_config.py]: load_ssl_context_verify: 146:       DEBUG:    [load_verify_locations cafile='/opt/hostedtoolcache/Python/3.12.3/x64/lib/python3.12/site-packages/certifi/cacert.pem']
[2024-05-02 01:14:12,527]: [_config.py]: load_ssl_context: 80:       DEBUG:    [load_ssl_context verify=True cert=None trust_env=True http2=False]
[2024-05-02 01:14:12,527]: [_config.py]: load_ssl_context_verify: 146:       DEBUG:    [load_verify_locations cafile='/opt/hostedtoolcache/Python/3.12.3/x64/lib/python3.12/site-packages/certifi/cacert.pem']
[2024-05-02 01:14:12,553]: [_bot.py]: _do_post: 643:       DEBUG:    [Calling Bot API endpoint `getMe` with parameters `{}`]
[2024-05-02 01:14:12,553]: [_trace.py]: atrace: 85:       DEBUG:    [connect_tcp.started host='api.telegram.org' port=443 local_address=None timeout=5.0 socket_options=None]
[2024-05-02 01:14:12,704]: [_trace.py]: atrace: 85:       DEBUG:    [connect_tcp.complete return_value=<httpcore._backends.anyio.AnyIOStream object at 0x7f3692d36960>]
[2024-05-02 01:14:12,704]: [_trace.py]: atrace: 85:       DEBUG:    [start_tls.started ssl_context=<ssl.SSLContext object at 0x7f3694935b50> server_hostname='api.telegram.org' timeout=5.0]
[2024-05-02 01:14:12,856]: [_trace.py]: atrace: 85:       DEBUG:    [start_tls.complete return_value=<httpcore._backends.anyio.AnyIOStream object at 0x7f3692d37ef0>]
[2024-05-02 01:14:12,856]: [_trace.py]: atrace: 85:       DEBUG:    [send_request_headers.started request=<Request [b'POST']>]
[2024-05-02 01:14:12,856]: [_trace.py]: atrace: 85:       DEBUG:    [send_request_headers.complete]
[2024-05-02 01:14:12,857]: [_trace.py]: atrace: 85:       DEBUG:    [send_request_body.started request=<Request [b'POST']>]
[2024-05-02 01:14:12,857]: [_trace.py]: atrace: 85:       DEBUG:    [send_request_body.complete]
[2024-05-02 01:14:12,857]: [_trace.py]: atrace: 85:       DEBUG:    [receive_response_headers.started request=<Request [b'POST']>]
[2024-05-02 01:14:13,006]: [_trace.py]: atrace: 85:       DEBUG:    [receive_response_headers.complete return_value=(b'HTTP/1.1', 200, b'OK', [(b'Server', b'nginx/1.18.0'), (b'Date', b'Thu, 02 May 2024 01:14:12 GMT'), (b'Content-Type', b'application/json'), (b'Content-Length', b'233'), (b'Connection', b'keep-alive'), (b'Strict-Transport-Security', b'max-age=31536000; includeSubDomains; preload'), (b'Access-Control-Allow-Origin', b'*'), (b'Access-Control-Allow-Methods', b'GET, POST, OPTIONS'), (b'Access-Control-Expose-Headers', b'Content-Length,Content-Type,Date,Server,Connection')])]
[2024-05-02 01:14:13,006]: [_client.py]: _send_single_request: 1773:       INFO:    [HTTP Request: POST https://api.telegram.org/bot6030805959:AAGUHAMxLYc-PrevgKouJ3ZyM7ktu56ftjo/getMe "HTTP/1.1 200 OK"]
[2024-05-02 01:14:13,006]: [_trace.py]: atrace: 85:       DEBUG:    [receive_response_body.started request=<Request [b'POST']>]
[2024-05-02 01:14:13,006]: [_trace.py]: atrace: 85:       DEBUG:    [receive_response_body.complete]
[2024-05-02 01:14:13,006]: [_trace.py]: atrace: 85:       DEBUG:    [response_closed.started]
[2024-05-02 01:14:13,007]: [_trace.py]: atrace: 85:       DEBUG:    [response_closed.complete]
[2024-05-02 01:14:13,007]: [_bot.py]: _do_post: 652:       DEBUG:    [Call to Bot API endpoint `getMe` finished with return value `{'id': 6030805959, 'is_bot': True, 'first_name': 'TyPHoone', 'username': 'TyPHoone_Project_bot', 'can_join_groups': True, 'can_read_all_group_messages': False, 'supports_inline_queries': False, 'can_connect_to_business': False}`]
[2024-05-02 01:14:13,007]: [_bot.py]: _do_post: 643:       DEBUG:    [Calling Bot API endpoint `sendDocument` with parameters `{'chat_id': '-4119703192', 'document': <telegram._files.inputfile.InputFile object at 0x7f3692d42e40>}`]
[2024-05-02 01:14:13,008]: [_trace.py]: atrace: 85:       DEBUG:    [send_request_headers.started request=<Request [b'POST']>]
[2024-05-02 01:14:13,008]: [_trace.py]: atrace: 85:       DEBUG:    [send_request_headers.complete]
[2024-05-02 01:14:13,008]: [_trace.py]: atrace: 85:       DEBUG:    [send_request_body.started request=<Request [b'POST']>]
[2024-05-02 01:14:13,454]: [_trace.py]: atrace: 85:       DEBUG:    [send_request_body.complete]
[2024-05-02 01:14:13,454]: [_trace.py]: atrace: 85:       DEBUG:    [receive_response_headers.started request=<Request [b'POST']>]
[2024-05-02 01:14:14,010]: [_trace.py]: atrace: 85:       DEBUG:    [receive_response_headers.complete return_value=(b'HTTP/1.1', 200, b'OK', [(b'Server', b'nginx/1.18.0'), (b'Date', b'Thu, 02 May 2024 01:14:13 GMT'), (b'Content-Type', b'application/json'), (b'Content-Length', b'819'), (b'Connection', b'keep-alive'), (b'Strict-Transport-Security', b'max-age=31536000; includeSubDomains; preload'), (b'Access-Control-Allow-Origin', b'*'), (b'Access-Control-Allow-Methods', b'GET, POST, OPTIONS'), (b'Access-Control-Expose-Headers', b'Content-Length,Content-Type,Date,Server,Connection')])]
[2024-05-02 01:14:14,011]: [_client.py]: _send_single_request: 1773:       INFO:    [HTTP Request: POST https://api.telegram.org/bot6030805959:AAGUHAMxLYc-PrevgKouJ3ZyM7ktu56ftjo/sendDocument "HTTP/1.1 200 OK"]
[2024-05-02 01:14:14,011]: [_trace.py]: atrace: 85:       DEBUG:    [receive_response_body.started request=<Request [b'POST']>]
[2024-05-02 01:14:14,011]: [_trace.py]: atrace: 85:       DEBUG:    [receive_response_body.complete]
[2024-05-02 01:14:14,011]: [_trace.py]: atrace: 85:       DEBUG:    [response_closed.started]
[2024-05-02 01:14:14,011]: [_trace.py]: atrace: 85:       DEBUG:    [response_closed.complete]
[2024-05-02 01:14:14,011]: [_bot.py]: _do_post: 652:       DEBUG:    [Call to Bot API endpoint `sendDocument` finished with return value `{'message_id': 698, 'from': {'id': 6030805959, 'is_bot': True, 'first_name': 'TyPHoone', 'username': 'TyPHoone_Project_bot'}, 'chat': {'id': -4119703192, 'title': 'Robocop', 'type': 'group', 'all_members_are_administrators': True}, 'date': 1714612453, 'document': {'file_name': '1-Tir_Ahan.png', 'mime_type': 'image/png', 'thumbnail': {'file_id': 'AAMCBAADGQMAAgK6ZjLo5V0vxh3wvjkoJZ5LsTtgM2QAAuQWAAKOWZhRIaF9NgWODyEBAAdtAAM0BA', 'file_unique_id': 'AQAD5BYAAo5ZmFFy', 'file_size': 38506, 'width': 320, 'height': 320}, 'thumb': {'file_id': 'AAMCBAADGQMAAgK6ZjLo5V0vxh3wvjkoJZ5LsTtgM2QAAuQWAAKOWZhRIaF9NgWODyEBAAdtAAM0BA', 'file_unique_id': 'AQAD5BYAAo5ZmFFy', 'file_size': 38506, 'width': 320, 'height': 320}, 'file_id': 'BQACAgQAAxkDAAICumYy6OVdL8Yd8L45KCWeS7E7YDNkAALkFgACjlmYUSGhfTYFjg8hNAQ', 'file_unique_id': 'AgAD5BYAAo5ZmFE', 'file_size': 459629}}`]
[2024-05-02 01:14:14,012]: [_bot.py]: _do_post: 643:       DEBUG:    [Calling Bot API endpoint `sendDocument` with parameters `{'chat_id': '-4119703192', 'document': <telegram._files.inputfile.InputFile object at 0x7f3692d43500>}`]
[2024-05-02 01:14:14,012]: [_trace.py]: atrace: 85:       DEBUG:    [send_request_headers.started request=<Request [b'POST']>]
[2024-05-02 01:14:14,012]: [_trace.py]: atrace: 85:       DEBUG:    [send_request_headers.complete]
[2024-05-02 01:14:14,012]: [_trace.py]: atrace: 85:       DEBUG:    [send_request_body.started request=<Request [b'POST']>]
[2024-05-02 01:14:14,014]: [_trace.py]: atrace: 85:       DEBUG:    [send_request_body.complete]
[2024-05-02 01:14:14,014]: [_trace.py]: atrace: 85:       DEBUG:    [receive_response_headers.started request=<Request [b'POST']>]
[2024-05-02 01:14:14,391]: [_trace.py]: atrace: 85:       DEBUG:    [receive_response_headers.complete return_value=(b'HTTP/1.1', 200, b'OK', [(b'Server', b'nginx/1.18.0'), (b'Date', b'Thu, 02 May 2024 01:14:14 GMT'), (b'Content-Type', b'application/json'), (b'Content-Length', b'826'), (b'Connection', b'keep-alive'), (b'Strict-Transport-Security', b'max-age=31536000; includeSubDomains; preload'), (b'Access-Control-Allow-Origin', b'*'), (b'Access-Control-Allow-Methods', b'GET, POST, OPTIONS'), (b'Access-Control-Expose-Headers', b'Content-Length,Content-Type,Date,Server,Connection')])]
[2024-05-02 01:14:14,391]: [_client.py]: _send_single_request: 1773:       INFO:    [HTTP Request: POST https://api.telegram.org/bot6030805959:AAGUHAMxLYc-PrevgKouJ3ZyM7ktu56ftjo/sendDocument "HTTP/1.1 200 OK"]
[2024-05-02 01:14:14,391]: [_trace.py]: atrace: 85:       DEBUG:    [receive_response_body.started request=<Request [b'POST']>]
[2024-05-02 01:14:14,391]: [_trace.py]: atrace: 85:       DEBUG:    [receive_response_body.complete]
[2024-05-02 01:14:14,391]: [_trace.py]: atrace: 85:       DEBUG:    [response_closed.started]
[2024-05-02 01:14:14,391]: [_trace.py]: atrace: 85:       DEBUG:    [response_closed.complete]
[2024-05-02 01:14:14,392]: [_bot.py]: _do_post: 652:       DEBUG:    [Call to Bot API endpoint `sendDocument` finished with return value `{'message_id': 699, 'from': {'id': 6030805959, 'is_bot': True, 'first_name': 'TyPHoone', 'username': 'TyPHoone_Project_bot'}, 'chat': {'id': -4119703192, 'title': 'Robocop', 'type': 'group', 'all_members_are_administrators': True}, 'date': 1714612454, 'document': {'file_name': '9-Waraq_Galwanize.png', 'mime_type': 'image/png', 'thumbnail': {'file_id': 'AAMCBAADGQMAAgK7ZjLo5rQZMJeJtCajTQinM5zfbegAAuUWAAKOWZhRM-n8s993TO4BAAdtAAM0BA', 'file_unique_id': 'AQAD5RYAAo5ZmFFy', 'file_size': 38440, 'width': 320, 'height': 320}, 'thumb': {'file_id': 'AAMCBAADGQMAAgK7ZjLo5rQZMJeJtCajTQinM5zfbegAAuUWAAKOWZhRM-n8s993TO4BAAdtAAM0BA', 'file_unique_id': 'AQAD5RYAAo5ZmFFy', 'file_size': 38440, 'width': 320, 'height': 320}, 'file_id': 'BQACAgQAAxkDAAICu2Yy6Oa0GTCXibQmo00IpzOc323oAALlFgACjlmYUTPp_LPfd0zuNAQ', 'file_unique_id': 'AgAD5RYAAo5ZmFE', 'file_size': 428872}}`]
[2024-05-02 01:14:14,392]: [_bot.py]: _do_post: 643:       DEBUG:    [Calling Bot API endpoint `sendDocument` with parameters `{'chat_id': '-4119703192', 'document': <telegram._files.inputfile.InputFile object at 0x7f3692d3b040>}`]
[2024-05-02 01:14:14,393]: [_trace.py]: atrace: 85:       DEBUG:    [send_request_headers.started request=<Request [b'POST']>]
[2024-05-02 01:14:14,393]: [_trace.py]: atrace: 85:       DEBUG:    [send_request_headers.complete]
[2024-05-02 01:14:14,393]: [_trace.py]: atrace: 85:       DEBUG:    [send_request_body.started request=<Request [b'POST']>]
[2024-05-02 01:14:14,394]: [_trace.py]: atrace: 85:       DEBUG:    [send_request_body.complete]
[2024-05-02 01:14:14,394]: [_trace.py]: atrace: 85:       DEBUG:    [receive_response_headers.started request=<Request [b'POST']>]
[2024-05-02 01:14:14,657]: [_trace.py]: atrace: 85:       DEBUG:    [receive_response_headers.complete return_value=(b'HTTP/1.1', 200, b'OK', [(b'Server', b'nginx/1.18.0'), (b'Date', b'Thu, 02 May 2024 01:14:14 GMT'), (b'Content-Type', b'application/json'), (b'Content-Length', b'818'), (b'Connection', b'keep-alive'), (b'Strict-Transport-Security', b'max-age=31536000; includeSubDomains; preload'), (b'Access-Control-Allow-Origin', b'*'), (b'Access-Control-Allow-Methods', b'GET, POST, OPTIONS'), (b'Access-Control-Expose-Headers', b'Content-Length,Content-Type,Date,Server,Connection')])]
[2024-05-02 01:14:14,658]: [_client.py]: _send_single_request: 1773:       INFO:    [HTTP Request: POST https://api.telegram.org/bot6030805959:AAGUHAMxLYc-PrevgKouJ3ZyM7ktu56ftjo/sendDocument "HTTP/1.1 200 OK"]
[2024-05-02 01:14:14,658]: [_trace.py]: atrace: 85:       DEBUG:    [receive_response_body.started request=<Request [b'POST']>]
[2024-05-02 01:14:14,658]: [_trace.py]: atrace: 85:       DEBUG:    [receive_response_body.complete]
[2024-05-02 01:14:14,658]: [_trace.py]: atrace: 85:       DEBUG:    [response_closed.started]
[2024-05-02 01:14:14,658]: [_trace.py]: atrace: 85:       DEBUG:    [response_closed.complete]
[2024-05-02 01:14:14,658]: [_bot.py]: _do_post: 652:       DEBUG:    [Call to Bot API endpoint `sendDocument` finished with return value `{'message_id': 700, 'from': {'id': 6030805959, 'is_bot': True, 'first_name': 'TyPHoone', 'username': 'TyPHoone_Project_bot'}, 'chat': {'id': -4119703192, 'title': 'Robocop', 'type': 'group', 'all_members_are_administrators': True}, 'date': 1714612454, 'document': {'file_name': '2-Milgerd.png', 'mime_type': 'image/png', 'thumbnail': {'file_id': 'AAMCBAADGQMAAgK8ZjLo5sSEFgnGh6U3wvVHK3XUQAUAAuYWAAKOWZhRztrQWK6zZkYBAAdtAAM0BA', 'file_unique_id': 'AQAD5hYAAo5ZmFFy', 'file_size': 42486, 'width': 320, 'height': 320}, 'thumb': {'file_id': 'AAMCBAADGQMAAgK8ZjLo5sSEFgnGh6U3wvVHK3XUQAUAAuYWAAKOWZhRztrQWK6zZkYBAAdtAAM0BA', 'file_unique_id': 'AQAD5hYAAo5ZmFFy', 'file_size': 42486, 'width': 320, 'height': 320}, 'file_id': 'BQACAgQAAxkDAAICvGYy6ObEhBYJxoelN8L1Ryt11EAFAALmFgACjlmYUc7a0Fius2ZGNAQ', 'file_unique_id': 'AgAD5hYAAo5ZmFE', 'file_size': 418074}}`]
[2024-05-02 01:14:14,659]: [_bot.py]: _do_post: 643:       DEBUG:    [Calling Bot API endpoint `sendDocument` with parameters `{'chat_id': '-4119703192', 'document': <telegram._files.inputfile.InputFile object at 0x7f3694948440>}`]
[2024-05-02 01:14:14,659]: [_trace.py]: atrace: 85:       DEBUG:    [send_request_headers.started request=<Request [b'POST']>]
[2024-05-02 01:14:14,660]: [_trace.py]: atrace: 85:       DEBUG:    [send_request_headers.complete]
[2024-05-02 01:14:14,660]: [_trace.py]: atrace: 85:       DEBUG:    [send_request_body.started request=<Request [b'POST']>]
[2024-05-02 01:14:14,661]: [_trace.py]: atrace: 85:       DEBUG:    [send_request_body.complete]
[2024-05-02 01:14:14,661]: [_trace.py]: atrace: 85:       DEBUG:    [receive_response_headers.started request=<Request [b'POST']>]
[2024-05-02 01:14:17,894]: [_trace.py]: atrace: 85:       DEBUG:    [receive_response_headers.complete return_value=(b'HTTP/1.1', 200, b'OK', [(b'Server', b'nginx/1.18.0'), (b'Date', b'Thu, 02 May 2024 01:14:17 GMT'), (b'Content-Type', b'application/json'), (b'Content-Length', b'817'), (b'Connection', b'keep-alive'), (b'Strict-Transport-Security', b'max-age=31536000; includeSubDomains; preload'), (b'Access-Control-Allow-Origin', b'*'), (b'Access-Control-Allow-Methods', b'GET, POST, OPTIONS'), (b'Access-Control-Expose-Headers', b'Content-Length,Content-Type,Date,Server,Connection')])]
[2024-05-02 01:14:17,895]: [_client.py]: _send_single_request: 1773:       INFO:    [HTTP Request: POST https://api.telegram.org/bot6030805959:AAGUHAMxLYc-PrevgKouJ3ZyM7ktu56ftjo/sendDocument "HTTP/1.1 200 OK"]
[2024-05-02 01:14:17,895]: [_trace.py]: atrace: 85:       DEBUG:    [receive_response_body.started request=<Request [b'POST']>]
[2024-05-02 01:14:17,895]: [_trace.py]: atrace: 85:       DEBUG:    [receive_response_body.complete]
[2024-05-02 01:14:17,895]: [_trace.py]: atrace: 85:       DEBUG:    [response_closed.started]
[2024-05-02 01:14:17,895]: [_trace.py]: atrace: 85:       DEBUG:    [response_closed.complete]
[2024-05-02 01:14:17,895]: [_bot.py]: _do_post: 652:       DEBUG:    [Call to Bot API endpoint `sendDocument` finished with return value `{'message_id': 701, 'from': {'id': 6030805959, 'is_bot': True, 'first_name': 'TyPHoone', 'username': 'TyPHoone_Project_bot'}, 'chat': {'id': -4119703192, 'title': 'Robocop', 'type': 'group', 'all_members_are_administrators': True}, 'date': 1714612457, 'document': {'file_name': '5-Nabshi.png', 'mime_type': 'image/png', 'thumbnail': {'file_id': 'AAMCBAADGQMAAgK9ZjLo6dcMFN6HmMXntxefuPnlHcMAAucWAAKOWZhR1yK8fDMge8oBAAdtAAM0BA', 'file_unique_id': 'AQAD5xYAAo5ZmFFy', 'file_size': 32054, 'width': 320, 'height': 320}, 'thumb': {'file_id': 'AAMCBAADGQMAAgK9ZjLo6dcMFN6HmMXntxefuPnlHcMAAucWAAKOWZhR1yK8fDMge8oBAAdtAAM0BA', 'file_unique_id': 'AQAD5xYAAo5ZmFFy', 'file_size': 32054, 'width': 320, 'height': 320}, 'file_id': 'BQACAgQAAxkDAAICvWYy6OnXDBTeh5jF57cXn7j55R3DAALnFgACjlmYUdcivHwzIHvKNAQ', 'file_unique_id': 'AgAD5xYAAo5ZmFE', 'file_size': 449777}}`]
[2024-05-02 01:14:17,896]: [_bot.py]: _do_post: 643:       DEBUG:    [Calling Bot API endpoint `sendDocument` with parameters `{'chat_id': '-4119703192', 'document': <telegram._files.inputfile.InputFile object at 0x7f3692d3b040>}`]
[2024-05-02 01:14:17,896]: [_trace.py]: atrace: 85:       DEBUG:    [send_request_headers.started request=<Request [b'POST']>]
[2024-05-02 01:14:17,896]: [_trace.py]: atrace: 85:       DEBUG:    [send_request_headers.complete]
[2024-05-02 01:14:17,896]: [_trace.py]: atrace: 85:       DEBUG:    [send_request_body.started request=<Request [b'POST']>]
[2024-05-02 01:14:17,898]: [_trace.py]: atrace: 85:       DEBUG:    [send_request_body.complete]
[2024-05-02 01:14:17,898]: [_trace.py]: atrace: 85:       DEBUG:    [receive_response_headers.started request=<Request [b'POST']>]
[2024-05-02 01:14:18,735]: [_trace.py]: atrace: 85:       DEBUG:    [receive_response_headers.complete return_value=(b'HTTP/1.1', 200, b'OK', [(b'Server', b'nginx/1.18.0'), (b'Date', b'Thu, 02 May 2024 01:14:18 GMT'), (b'Content-Type', b'application/json'), (b'Content-Length', b'821'), (b'Connection', b'keep-alive'), (b'Strict-Transport-Security', b'max-age=31536000; includeSubDomains; preload'), (b'Access-Control-Allow-Origin', b'*'), (b'Access-Control-Allow-Methods', b'GET, POST, OPTIONS'), (b'Access-Control-Expose-Headers', b'Content-Length,Content-Type,Date,Server,Connection')])]
[2024-05-02 01:14:18,735]: [_client.py]: _send_single_request: 1773:       INFO:    [HTTP Request: POST https://api.telegram.org/bot6030805959:AAGUHAMxLYc-PrevgKouJ3ZyM7ktu56ftjo/sendDocument "HTTP/1.1 200 OK"]
[2024-05-02 01:14:18,735]: [_trace.py]: atrace: 85:       DEBUG:    [receive_response_body.started request=<Request [b'POST']>]
[2024-05-02 01:14:18,735]: [_trace.py]: atrace: 85:       DEBUG:    [receive_response_body.complete]
[2024-05-02 01:14:18,735]: [_trace.py]: atrace: 85:       DEBUG:    [response_closed.started]
[2024-05-02 01:14:18,735]: [_trace.py]: atrace: 85:       DEBUG:    [response_closed.complete]
[2024-05-02 01:14:18,735]: [_bot.py]: _do_post: 652:       DEBUG:    [Call to Bot API endpoint `sendDocument` finished with return value `{'message_id': 702, 'from': {'id': 6030805959, 'is_bot': True, 'first_name': 'TyPHoone', 'username': 'TyPHoone_Project_bot'}, 'chat': {'id': -4119703192, 'title': 'Robocop', 'type': 'group', 'all_members_are_administrators': True}, 'date': 1714612458, 'document': {'file_name': '6-Waraq_Siah.png', 'mime_type': 'image/png', 'thumbnail': {'file_id': 'AAMCBAADGQMAAgK-ZjLo6oyyR2c64Rgxnd21mwkKj18AAugWAAKOWZhRxv5SltBwCMcBAAdtAAM0BA', 'file_unique_id': 'AQAD6BYAAo5ZmFFy', 'file_size': 43089, 'width': 320, 'height': 320}, 'thumb': {'file_id': 'AAMCBAADGQMAAgK-ZjLo6oyyR2c64Rgxnd21mwkKj18AAugWAAKOWZhRxv5SltBwCMcBAAdtAAM0BA', 'file_unique_id': 'AQAD6BYAAo5ZmFFy', 'file_size': 43089, 'width': 320, 'height': 320}, 'file_id': 'BQACAgQAAxkDAAICvmYy6OqMskdnOuEYMZ3dtZsJCo9fAALoFgACjlmYUcb-UpbQcAjHNAQ', 'file_unique_id': 'AgAD6BYAAo5ZmFE', 'file_size': 424026}}`]
[2024-05-02 01:14:18,736]: [_bot.py]: _do_post: 643:       DEBUG:    [Calling Bot API endpoint `sendDocument` with parameters `{'chat_id': '-4119703192', 'document': <telegram._files.inputfile.InputFile object at 0x7f3693ee8200>}`]
[2024-05-02 01:14:18,736]: [_trace.py]: atrace: 85:       DEBUG:    [send_request_headers.started request=<Request [b'POST']>]
[2024-05-02 01:14:18,739]: [_trace.py]: atrace: 85:       DEBUG:    [send_request_headers.complete]
[2024-05-02 01:14:18,739]: [_trace.py]: atrace: 85:       DEBUG:    [send_request_body.started request=<Request [b'POST']>]
[2024-05-02 01:14:18,740]: [_trace.py]: atrace: 85:       DEBUG:    [send_request_body.complete]
[2024-05-02 01:14:18,740]: [_trace.py]: atrace: 85:       DEBUG:    [receive_response_headers.started request=<Request [b'POST']>]
[2024-05-02 01:14:18,975]: [_trace.py]: atrace: 85:       DEBUG:    [receive_response_headers.complete return_value=(b'HTTP/1.1', 200, b'OK', [(b'Server', b'nginx/1.18.0'), (b'Date', b'Thu, 02 May 2024 01:14:18 GMT'), (b'Content-Type', b'application/json'), (b'Content-Length', b'818'), (b'Connection', b'keep-alive'), (b'Strict-Transport-Security', b'max-age=31536000; includeSubDomains; preload'), (b'Access-Control-Allow-Origin', b'*'), (b'Access-Control-Allow-Methods', b'GET, POST, OPTIONS'), (b'Access-Control-Expose-Headers', b'Content-Length,Content-Type,Date,Server,Connection')])]
[2024-05-02 01:14:18,976]: [_client.py]: _send_single_request: 1773:       INFO:    [HTTP Request: POST https://api.telegram.org/bot6030805959:AAGUHAMxLYc-PrevgKouJ3ZyM7ktu56ftjo/sendDocument "HTTP/1.1 200 OK"]
[2024-05-02 01:14:18,976]: [_trace.py]: atrace: 85:       DEBUG:    [receive_response_body.started request=<Request [b'POST']>]
[2024-05-02 01:14:18,976]: [_trace.py]: atrace: 85:       DEBUG:    [receive_response_body.complete]
[2024-05-02 01:14:18,976]: [_trace.py]: atrace: 85:       DEBUG:    [response_closed.started]
[2024-05-02 01:14:18,976]: [_trace.py]: atrace: 85:       DEBUG:    [response_closed.complete]
[2024-05-02 01:14:18,976]: [_bot.py]: _do_post: 652:       DEBUG:    [Call to Bot API endpoint `sendDocument` finished with return value `{'message_id': 703, 'from': {'id': 6030805959, 'is_bot': True, 'first_name': 'TyPHoone', 'username': 'TyPHoone_Project_bot'}, 'chat': {'id': -4119703192, 'title': 'Robocop', 'type': 'group', 'all_members_are_administrators': True}, 'date': 1714612458, 'document': {'file_name': '4-Nawdani.png', 'mime_type': 'image/png', 'thumbnail': {'file_id': 'AAMCBAADGQMAAgK_ZjLo6gSNcMj8wIQKBqfjjGOY-KEAAukWAAKOWZhRuS7Vua9jHMsBAAdtAAM0BA', 'file_unique_id': 'AQAD6RYAAo5ZmFFy', 'file_size': 32927, 'width': 320, 'height': 320}, 'thumb': {'file_id': 'AAMCBAADGQMAAgK_ZjLo6gSNcMj8wIQKBqfjjGOY-KEAAukWAAKOWZhRuS7Vua9jHMsBAAdtAAM0BA', 'file_unique_id': 'AQAD6RYAAo5ZmFFy', 'file_size': 32927, 'width': 320, 'height': 320}, 'file_id': 'BQACAgQAAxkDAAICv2Yy6OoEjXDI_MCECgan44xjmPihAALpFgACjlmYUbku1bmvYxzLNAQ', 'file_unique_id': 'AgAD6RYAAo5ZmFE', 'file_size': 430873}}`]
[2024-05-02 01:14:18,977]: [_bot.py]: _do_post: 643:       DEBUG:    [Calling Bot API endpoint `sendDocument` with parameters `{'chat_id': '-4119703192', 'document': <telegram._files.inputfile.InputFile object at 0x7f3692d56d80>}`]
[2024-05-02 01:14:18,977]: [_trace.py]: atrace: 85:       DEBUG:    [send_request_headers.started request=<Request [b'POST']>]
[2024-05-02 01:14:18,978]: [_trace.py]: atrace: 85:       DEBUG:    [send_request_headers.complete]
[2024-05-02 01:14:18,978]: [_trace.py]: atrace: 85:       DEBUG:    [send_request_body.started request=<Request [b'POST']>]
[2024-05-02 01:14:18,978]: [_trace.py]: atrace: 85:       DEBUG:    [send_request_body.complete]
[2024-05-02 01:14:18,979]: [_trace.py]: atrace: 85:       DEBUG:    [receive_response_headers.started request=<Request [b'POST']>]
[2024-05-02 01:14:19,230]: [_trace.py]: atrace: 85:       DEBUG:    [receive_response_headers.complete return_value=(b'HTTP/1.1', 200, b'OK', [(b'Server', b'nginx/1.18.0'), (b'Date', b'Thu, 02 May 2024 01:14:19 GMT'), (b'Content-Type', b'application/json'), (b'Content-Length', b'818'), (b'Connection', b'keep-alive'), (b'Strict-Transport-Security', b'max-age=31536000; includeSubDomains; preload'), (b'Access-Control-Allow-Origin', b'*'), (b'Access-Control-Allow-Methods', b'GET, POST, OPTIONS'), (b'Access-Control-Expose-Headers', b'Content-Length,Content-Type,Date,Server,Connection')])]
[2024-05-02 01:14:19,230]: [_client.py]: _send_single_request: 1773:       INFO:    [HTTP Request: POST https://api.telegram.org/bot6030805959:AAGUHAMxLYc-PrevgKouJ3ZyM7ktu56ftjo/sendDocument "HTTP/1.1 200 OK"]
[2024-05-02 01:14:19,230]: [_trace.py]: atrace: 85:       DEBUG:    [receive_response_body.started request=<Request [b'POST']>]
[2024-05-02 01:14:19,231]: [_trace.py]: atrace: 85:       DEBUG:    [receive_response_body.complete]
[2024-05-02 01:14:19,231]: [_trace.py]: atrace: 85:       DEBUG:    [response_closed.started]
[2024-05-02 01:14:19,231]: [_trace.py]: atrace: 85:       DEBUG:    [response_closed.complete]
[2024-05-02 01:14:19,231]: [_bot.py]: _do_post: 652:       DEBUG:    [Call to Bot API endpoint `sendDocument` finished with return value `{'message_id': 704, 'from': {'id': 6030805959, 'is_bot': True, 'first_name': 'TyPHoone', 'username': 'TyPHoone_Project_bot'}, 'chat': {'id': -4119703192, 'title': 'Robocop', 'type': 'group', 'all_members_are_administrators': True}, 'date': 1714612459, 'document': {'file_name': '3-Profill.png', 'mime_type': 'image/png', 'thumbnail': {'file_id': 'AAMCBAADGQMAAgLAZjLo6034vKdxPLbcWn1k0vI7mCkAAuoWAAKOWZhRFe88dWWqUq0BAAdtAAM0BA', 'file_unique_id': 'AQAD6hYAAo5ZmFFy', 'file_size': 32350, 'width': 320, 'height': 320}, 'thumb': {'file_id': 'AAMCBAADGQMAAgLAZjLo6034vKdxPLbcWn1k0vI7mCkAAuoWAAKOWZhRFe88dWWqUq0BAAdtAAM0BA', 'file_unique_id': 'AQAD6hYAAo5ZmFFy', 'file_size': 32350, 'width': 320, 'height': 320}, 'file_id': 'BQACAgQAAxkDAAICwGYy6OtN-LyncTy23Fp9ZNLyO5gpAALqFgACjlmYURXvPHVlqlKtNAQ', 'file_unique_id': 'AgAD6hYAAo5ZmFE', 'file_size': 391313}}`]
[2024-05-02 01:14:19,232]: [_bot.py]: _do_post: 643:       DEBUG:    [Calling Bot API endpoint `sendDocument` with parameters `{'chat_id': '-4119703192', 'document': <telegram._files.inputfile.InputFile object at 0x7f3692d54ec0>}`]
[2024-05-02 01:14:19,232]: [_trace.py]: atrace: 85:       DEBUG:    [send_request_headers.started request=<Request [b'POST']>]
[2024-05-02 01:14:19,232]: [_trace.py]: atrace: 85:       DEBUG:    [send_request_headers.complete]
[2024-05-02 01:14:19,232]: [_trace.py]: atrace: 85:       DEBUG:    [send_request_body.started request=<Request [b'POST']>]
[2024-05-02 01:14:19,233]: [_trace.py]: atrace: 85:       DEBUG:    [send_request_body.complete]
[2024-05-02 01:14:19,233]: [_trace.py]: atrace: 85:       DEBUG:    [receive_response_headers.started request=<Request [b'POST']>]
[2024-05-02 01:14:19,454]: [_trace.py]: atrace: 85:       DEBUG:    [receive_response_headers.complete return_value=(b'HTTP/1.1', 200, b'OK', [(b'Server', b'nginx/1.18.0'), (b'Date', b'Thu, 02 May 2024 01:14:19 GMT'), (b'Content-Type', b'application/json'), (b'Content-Length', b'824'), (b'Connection', b'keep-alive'), (b'Strict-Transport-Security', b'max-age=31536000; includeSubDomains; preload'), (b'Access-Control-Allow-Origin', b'*'), (b'Access-Control-Allow-Methods', b'GET, POST, OPTIONS'), (b'Access-Control-Expose-Headers', b'Content-Length,Content-Type,Date,Server,Connection')])]
[2024-05-02 01:14:19,454]: [_client.py]: _send_single_request: 1773:       INFO:    [HTTP Request: POST https://api.telegram.org/bot6030805959:AAGUHAMxLYc-PrevgKouJ3ZyM7ktu56ftjo/sendDocument "HTTP/1.1 200 OK"]
[2024-05-02 01:14:19,454]: [_trace.py]: atrace: 85:       DEBUG:    [receive_response_body.started request=<Request [b'POST']>]
[2024-05-02 01:14:19,454]: [_trace.py]: atrace: 85:       DEBUG:    [receive_response_body.complete]
[2024-05-02 01:14:19,454]: [_trace.py]: atrace: 85:       DEBUG:    [response_closed.started]
[2024-05-02 01:14:19,455]: [_trace.py]: atrace: 85:       DEBUG:    [response_closed.complete]
[2024-05-02 01:14:19,455]: [_bot.py]: _do_post: 652:       DEBUG:    [Call to Bot API endpoint `sendDocument` finished with return value `{'message_id': 705, 'from': {'id': 6030805959, 'is_bot': True, 'first_name': 'TyPHoone', 'username': 'TyPHoone_Project_bot'}, 'chat': {'id': -4119703192, 'title': 'Robocop', 'type': 'group', 'all_members_are_administrators': True}, 'date': 1714612459, 'document': {'file_name': '7-Tasme_Maftoul.png', 'mime_type': 'image/png', 'thumbnail': {'file_id': 'AAMCBAADGQMAAgLBZjLo6-Nb0J7tpmiCD4rCKxiax04AAusWAAKOWZhR3imYhwEFrwIBAAdtAAM0BA', 'file_unique_id': 'AQAD6xYAAo5ZmFFy', 'file_size': 35662, 'width': 320, 'height': 320}, 'thumb': {'file_id': 'AAMCBAADGQMAAgLBZjLo6-Nb0J7tpmiCD4rCKxiax04AAusWAAKOWZhR3imYhwEFrwIBAAdtAAM0BA', 'file_unique_id': 'AQAD6xYAAo5ZmFFy', 'file_size': 35662, 'width': 320, 'height': 320}, 'file_id': 'BQACAgQAAxkDAAICwWYy6OvjW9Ce7aZogg-KwisYmsdOAALrFgACjlmYUd4pmIcBBa8CNAQ', 'file_unique_id': 'AgAD6xYAAo5ZmFE', 'file_size': 385511}}`]
[2024-05-02 01:14:19,455]: [_bot.py]: _do_post: 643:       DEBUG:    [Calling Bot API endpoint `sendDocument` with parameters `{'chat_id': '-4119703192', 'document': <telegram._files.inputfile.InputFile object at 0x7f3692d55c40>}`]
[2024-05-02 01:14:19,456]: [_trace.py]: atrace: 85:       DEBUG:    [send_request_headers.started request=<Request [b'POST']>]
[2024-05-02 01:14:19,456]: [_trace.py]: atrace: 85:       DEBUG:    [send_request_headers.complete]
[2024-05-02 01:14:19,456]: [_trace.py]: atrace: 85:       DEBUG:    [send_request_body.started request=<Request [b'POST']>]
[2024-05-02 01:14:19,457]: [_trace.py]: atrace: 85:       DEBUG:    [send_request_body.complete]
[2024-05-02 01:14:19,457]: [_trace.py]: atrace: 85:       DEBUG:    [receive_response_headers.started request=<Request [b'POST']>]
[2024-05-02 01:14:24,462]: [_trace.py]: atrace: 85:       DEBUG:    [receive_response_headers.failed exception=ReadTimeout(TimeoutError())]
[2024-05-02 01:14:24,463]: [_trace.py]: atrace: 85:       DEBUG:    [response_closed.started]
[2024-05-02 01:14:24,463]: [_trace.py]: atrace: 85:       DEBUG:    [response_closed.complete]
[2024-05-02 01:14:24,463]: [Telegram_Sender.py]: runner: 39:       CRITICAL:    [Files Didnt sent]
[2024-05-02 01:14:24,464]: [Main.py]: <module>: 48:       INFO:    [Finished]
