[2025-02-09 11:38:54,029]: [Main.py]: <module>: 21:       INFO:    [Started]
[2025-02-09 11:38:55,971]: [Iron_Scraper.py]: Scrap: 32:       INFO:    [Data Scaraped Successfully]
[2025-02-09 11:38:56,029]: [Iron_Scraper.py]: Scrap: 70:       INFO:    [Scrapped Data Has No Problem]
[2025-02-09 11:38:56,029]: [Iron_Scraper.py]: Scrap: 83:       INFO:    [Data Saved Successfully]
[2025-02-09 11:38:56,029]: [Iron.py]: Run: 26:       INFO:    [Scraping Phase Completed]
[2025-02-09 11:38:56,029]: [Iron_Data_Processor.py]: Data_Reader: 61:       INFO:    [Data File Has Been Red Successfully]
[2025-02-09 11:38:56,029]: [Iron_Data_Processor.py]: Shaper: 78:       INFO:    [Data Shaped]
[2025-02-09 11:38:56,029]: [Iron_Data_Processor.py]: Process: 228:       INFO:    [Data Cleaned]
[2025-02-09 11:38:56,029]: [Iron_Data_Processor.py]: Make_Pages_Objects: 101:       INFO:    [Page Objects Has Been Made]
[2025-02-09 11:38:56,030]: [Iron_Data_Processor.py]: Make_Pages_Objects: 101:       INFO:    [Page Objects Has Been Made]
[2025-02-09 11:38:56,030]: [Iron_Data_Processor.py]: Load_Data: 118:       INFO:    [Data Has Been Load]
[2025-02-09 11:38:56,030]: [Iron_Data_Processor.py]: Load_Data: 118:       INFO:    [Data Has Been Load]
[2025-02-09 11:38:56,030]: [Iron_Data_Processor.py]: Load_positions: 140:       INFO:    [Positions Are Ready]
[2025-02-09 11:38:56,030]: [Iron_Data_Processor.py]: Load_positions: 140:       INFO:    [Positions Are Ready]
[2025-02-09 11:38:57,086]: [Iron_Data_Processor.py]: Make_Tagged_Images: 193:       INFO:    [Images Has Been Made]
[2025-02-09 11:38:57,977]: [Iron_Data_Processor.py]: Make_Tagged_Images: 193:       INFO:    [Images Has Been Made]
[2025-02-09 11:38:58,233]: [Iron_Data_Processor.py]: Make_Cover_Page: 215:       INFO:    [Made Cover Pages]
[2025-02-09 11:38:58,233]: [Iron.py]: Run: 29:       INFO:    [Imagination Phase Completed]
[2025-02-09 11:39:02,165]: [Phone_Scraper.py]: Scrap: 58:       INFO:    [Data Scraped]
[2025-02-09 11:39:02,165]: [Phone_Scraper.py]: Scrap: 71:       INFO:    [Scraped Data Successfully]
[2025-02-09 11:39:02,166]: [Phone.py]: Run: 26:       INFO:    [Scraping Phase Complete]
[2025-02-09 11:39:02,166]: [Phone_Data_Processor.py]: data_reader: 38:       INFO:    [Scraped Data Loaded]
[2025-02-09 11:39:02,167]: [Phone_Data_Processor.py]: filter_list: 65:       INFO:    [Persian Phrases Are deleted]
[2025-02-09 11:39:02,167]: [Phone_Data_Processor.py]: reshape_list: 87:       INFO:    [Date Reshaped]
[2025-02-09 11:39:02,167]: [Phone_Data_Processor.py]: separate_brands: 124:       INFO:    [Brands Are Separated]
[2025-02-09 11:39:02,168]: [Phone_Data_Processor.py]: delete_extra_spaces: 141:       INFO:    [Extra Spaces Are Deleted]
[2025-02-09 11:39:02,775]: [Phone.py]: Run: 29:       INFO:    [Imagination Phase Complete]
[2025-02-09 11:39:02,775]: [selector_events.py]: __init__: 64:       DEBUG:    [Using selector: EpollSelector]
[2025-02-09 11:39:03,036]: [_bot.py]: _do_post: 643:       DEBUG:    [Calling Bot API endpoint `getMe` with parameters `{}`]
[2025-02-09 11:39:03,041]: [_trace.py]: atrace: 87:       DEBUG:    [connect_tcp.started host='api.telegram.org' port=443 local_address=None timeout=5.0 socket_options=None]
[2025-02-09 11:39:03,190]: [_trace.py]: atrace: 87:       DEBUG:    [connect_tcp.complete return_value=<httpcore._backends.anyio.AnyIOStream object at 0x7f17ebd2da30>]
[2025-02-09 11:39:03,190]: [_trace.py]: atrace: 87:       DEBUG:    [start_tls.started ssl_context=<ssl.SSLContext object at 0x7f17ebc3b450> server_hostname='api.telegram.org' timeout=5.0]
[2025-02-09 11:39:03,335]: [_trace.py]: atrace: 87:       DEBUG:    [start_tls.complete return_value=<httpcore._backends.anyio.AnyIOStream object at 0x7f17ec71f5f0>]
[2025-02-09 11:39:03,336]: [_trace.py]: atrace: 87:       DEBUG:    [send_request_headers.started request=<Request [b'POST']>]
[2025-02-09 11:39:03,336]: [_trace.py]: atrace: 87:       DEBUG:    [send_request_headers.complete]
[2025-02-09 11:39:03,336]: [_trace.py]: atrace: 87:       DEBUG:    [send_request_body.started request=<Request [b'POST']>]
[2025-02-09 11:39:03,336]: [_trace.py]: atrace: 87:       DEBUG:    [send_request_body.complete]
[2025-02-09 11:39:03,336]: [_trace.py]: atrace: 87:       DEBUG:    [receive_response_headers.started request=<Request [b'POST']>]
[2025-02-09 11:39:03,501]: [_trace.py]: atrace: 87:       DEBUG:    [receive_response_headers.complete return_value=(b'HTTP/1.1', 200, b'OK', [(b'Server', b'nginx/1.18.0'), (b'Date', b'Sun, 09 Feb 2025 11:39:03 GMT'), (b'Content-Type', b'application/json'), (b'Content-Length', b'258'), (b'Connection', b'keep-alive'), (b'Strict-Transport-Security', b'max-age=31536000; includeSubDomains; preload'), (b'Access-Control-Allow-Origin', b'*'), (b'Access-Control-Allow-Methods', b'GET, POST, OPTIONS'), (b'Access-Control-Expose-Headers', b'Content-Length,Content-Type,Date,Server,Connection')])]
[2025-02-09 11:39:03,502]: [_client.py]: _send_single_request: 1740:       INFO:    [HTTP Request: POST https://api.telegram.org/bot6030805959:AAGUHAMxLYc-PrevgKouJ3ZyM7ktu56ftjo/getMe "HTTP/1.1 200 OK"]
[2025-02-09 11:39:03,502]: [_trace.py]: atrace: 87:       DEBUG:    [receive_response_body.started request=<Request [b'POST']>]
[2025-02-09 11:39:03,502]: [_trace.py]: atrace: 87:       DEBUG:    [receive_response_body.complete]
[2025-02-09 11:39:03,502]: [_trace.py]: atrace: 87:       DEBUG:    [response_closed.started]
[2025-02-09 11:39:03,502]: [_trace.py]: atrace: 87:       DEBUG:    [response_closed.complete]
[2025-02-09 11:39:03,502]: [_bot.py]: _do_post: 652:       DEBUG:    [Call to Bot API endpoint `getMe` finished with return value `{'id': 6030805959, 'is_bot': True, 'first_name': 'TyPHoone', 'username': 'TyPHoone_Project_bot', 'can_join_groups': True, 'can_read_all_group_messages': False, 'supports_inline_queries': False, 'can_connect_to_business': False, 'has_main_web_app': False}`]
[2025-02-09 11:39:03,505]: [_bot.py]: _do_post: 643:       DEBUG:    [Calling Bot API endpoint `sendDocument` with parameters `{'chat_id': '-4119703192', 'document': <telegram._files.inputfile.InputFile object at 0x7f17eb5d3b80>}`]
[2025-02-09 11:39:03,505]: [_trace.py]: atrace: 87:       DEBUG:    [send_request_headers.started request=<Request [b'POST']>]
[2025-02-09 11:39:03,506]: [_trace.py]: atrace: 87:       DEBUG:    [send_request_headers.complete]
[2025-02-09 11:39:03,506]: [_trace.py]: atrace: 87:       DEBUG:    [send_request_body.started request=<Request [b'POST']>]
[2025-02-09 11:39:03,506]: [_trace.py]: atrace: 87:       DEBUG:    [send_request_body.complete]
[2025-02-09 11:39:03,506]: [_trace.py]: atrace: 87:       DEBUG:    [receive_response_headers.started request=<Request [b'POST']>]
[2025-02-09 11:39:03,714]: [_trace.py]: atrace: 87:       DEBUG:    [receive_response_headers.complete return_value=(b'HTTP/1.1', 200, b'OK', [(b'Server', b'nginx/1.18.0'), (b'Date', b'Sun, 09 Feb 2025 11:39:03 GMT'), (b'Content-Type', b'application/json'), (b'Content-Length', b'464'), (b'Connection', b'keep-alive'), (b'Strict-Transport-Security', b'max-age=31536000; includeSubDomains; preload'), (b'Access-Control-Allow-Origin', b'*'), (b'Access-Control-Allow-Methods', b'GET, POST, OPTIONS'), (b'Access-Control-Expose-Headers', b'Content-Length,Content-Type,Date,Server,Connection')])]
[2025-02-09 11:39:03,714]: [_client.py]: _send_single_request: 1740:       INFO:    [HTTP Request: POST https://api.telegram.org/bot6030805959:AAGUHAMxLYc-PrevgKouJ3ZyM7ktu56ftjo/sendDocument "HTTP/1.1 200 OK"]
[2025-02-09 11:39:03,714]: [_trace.py]: atrace: 87:       DEBUG:    [receive_response_body.started request=<Request [b'POST']>]
[2025-02-09 11:39:03,714]: [_trace.py]: atrace: 87:       DEBUG:    [receive_response_body.complete]
[2025-02-09 11:39:03,715]: [_trace.py]: atrace: 87:       DEBUG:    [response_closed.started]
[2025-02-09 11:39:03,715]: [_trace.py]: atrace: 87:       DEBUG:    [response_closed.complete]
[2025-02-09 11:39:03,715]: [_bot.py]: _do_post: 652:       DEBUG:    [Call to Bot API endpoint `sendDocument` finished with return value `{'message_id': 2163, 'from': {'id': 6030805959, 'is_bot': True, 'first_name': 'TyPHoone', 'username': 'TyPHoone_Project_bot'}, 'chat': {'id': -4119703192, 'title': 'Robocop', 'type': 'group', 'all_members_are_administrators': True}, 'date': 1739101143, 'document': {'file_name': '(2025_02_09--11_38).log', 'mime_type': 'text/plain', 'file_id': 'BQACAgQAAxkDAAIIc2eok9dhp5--WXmT7jXPdmAeCUGyAALiFgACHOZJUZ53fVJQ02FwNgQ', 'file_unique_id': 'AgAD4hYAAhzmSVE', 'file_size': 5937}}`]
[2025-02-09 11:39:03,715]: [_trace.py]: atrace: 87:       DEBUG:    [close.started]
[2025-02-09 11:39:03,715]: [_trace.py]: atrace: 87:       DEBUG:    [close.complete]
[2025-02-09 11:39:03,760]: [_bot.py]: _do_post: 643:       DEBUG:    [Calling Bot API endpoint `getMe` with parameters `{}`]
[2025-02-09 11:39:03,761]: [_trace.py]: atrace: 87:       DEBUG:    [connect_tcp.started host='api.telegram.org' port=443 local_address=None timeout=5.0 socket_options=None]
[2025-02-09 11:39:03,905]: [_trace.py]: atrace: 87:       DEBUG:    [connect_tcp.complete return_value=<httpcore._backends.anyio.AnyIOStream object at 0x7f17eb42ef90>]
[2025-02-09 11:39:03,905]: [_trace.py]: atrace: 87:       DEBUG:    [start_tls.started ssl_context=<ssl.SSLContext object at 0x7f17ebc3b250> server_hostname='api.telegram.org' timeout=5.0]
[2025-02-09 11:39:04,051]: [_trace.py]: atrace: 87:       DEBUG:    [start_tls.complete return_value=<httpcore._backends.anyio.AnyIOStream object at 0x7f17ebc33d70>]
[2025-02-09 11:39:04,052]: [_trace.py]: atrace: 87:       DEBUG:    [send_request_headers.started request=<Request [b'POST']>]
[2025-02-09 11:39:04,052]: [_trace.py]: atrace: 87:       DEBUG:    [send_request_headers.complete]
[2025-02-09 11:39:04,052]: [_trace.py]: atrace: 87:       DEBUG:    [send_request_body.started request=<Request [b'POST']>]
[2025-02-09 11:39:04,052]: [_trace.py]: atrace: 87:       DEBUG:    [send_request_body.complete]
[2025-02-09 11:39:04,052]: [_trace.py]: atrace: 87:       DEBUG:    [receive_response_headers.started request=<Request [b'POST']>]
[2025-02-09 11:39:04,198]: [_trace.py]: atrace: 87:       DEBUG:    [receive_response_headers.complete return_value=(b'HTTP/1.1', 200, b'OK', [(b'Server', b'nginx/1.18.0'), (b'Date', b'Sun, 09 Feb 2025 11:39:04 GMT'), (b'Content-Type', b'application/json'), (b'Content-Length', b'258'), (b'Connection', b'keep-alive'), (b'Strict-Transport-Security', b'max-age=31536000; includeSubDomains; preload'), (b'Access-Control-Allow-Origin', b'*'), (b'Access-Control-Allow-Methods', b'GET, POST, OPTIONS'), (b'Access-Control-Expose-Headers', b'Content-Length,Content-Type,Date,Server,Connection')])]
[2025-02-09 11:39:04,198]: [_client.py]: _send_single_request: 1740:       INFO:    [HTTP Request: POST https://api.telegram.org/bot6030805959:AAGUHAMxLYc-PrevgKouJ3ZyM7ktu56ftjo/getMe "HTTP/1.1 200 OK"]
[2025-02-09 11:39:04,198]: [_trace.py]: atrace: 87:       DEBUG:    [receive_response_body.started request=<Request [b'POST']>]
[2025-02-09 11:39:04,198]: [_trace.py]: atrace: 87:       DEBUG:    [receive_response_body.complete]
[2025-02-09 11:39:04,198]: [_trace.py]: atrace: 87:       DEBUG:    [response_closed.started]
[2025-02-09 11:39:04,198]: [_trace.py]: atrace: 87:       DEBUG:    [response_closed.complete]
[2025-02-09 11:39:04,199]: [_bot.py]: _do_post: 652:       DEBUG:    [Call to Bot API endpoint `getMe` finished with return value `{'id': 6030805959, 'is_bot': True, 'first_name': 'TyPHoone', 'username': 'TyPHoone_Project_bot', 'can_join_groups': True, 'can_read_all_group_messages': False, 'supports_inline_queries': False, 'can_connect_to_business': False, 'has_main_web_app': False}`]
[2025-02-09 11:39:04,201]: [_bot.py]: _do_post: 643:       DEBUG:    [Calling Bot API endpoint `sendDocument` with parameters `{'chat_id': '-4119703192', 'document': <telegram._files.inputfile.InputFile object at 0x7f17ebc8c640>}`]
[2025-02-09 11:39:04,201]: [_trace.py]: atrace: 87:       DEBUG:    [send_request_headers.started request=<Request [b'POST']>]
[2025-02-09 11:39:04,201]: [_trace.py]: atrace: 87:       DEBUG:    [send_request_headers.complete]
[2025-02-09 11:39:04,202]: [_trace.py]: atrace: 87:       DEBUG:    [send_request_body.started request=<Request [b'POST']>]
[2025-02-09 11:39:05,544]: [_trace.py]: atrace: 87:       DEBUG:    [send_request_body.complete]
[2025-02-09 11:39:05,544]: [_trace.py]: atrace: 87:       DEBUG:    [receive_response_headers.started request=<Request [b'POST']>]
[2025-02-09 11:39:06,334]: [_trace.py]: atrace: 87:       DEBUG:    [receive_response_headers.complete return_value=(b'HTTP/1.1', 200, b'OK', [(b'Server', b'nginx/1.18.0'), (b'Date', b'Sun, 09 Feb 2025 11:39:06 GMT'), (b'Content-Type', b'application/json'), (b'Content-Length', b'478'), (b'Connection', b'keep-alive'), (b'Strict-Transport-Security', b'max-age=31536000; includeSubDomains; preload'), (b'Access-Control-Allow-Origin', b'*'), (b'Access-Control-Allow-Methods', b'GET, POST, OPTIONS'), (b'Access-Control-Expose-Headers', b'Content-Length,Content-Type,Date,Server,Connection')])]
[2025-02-09 11:39:06,334]: [_client.py]: _send_single_request: 1740:       INFO:    [HTTP Request: POST https://api.telegram.org/bot6030805959:AAGUHAMxLYc-PrevgKouJ3ZyM7ktu56ftjo/sendDocument "HTTP/1.1 200 OK"]
[2025-02-09 11:39:06,334]: [_trace.py]: atrace: 87:       DEBUG:    [receive_response_body.started request=<Request [b'POST']>]
[2025-02-09 11:39:06,335]: [_trace.py]: atrace: 87:       DEBUG:    [receive_response_body.complete]
[2025-02-09 11:39:06,335]: [_trace.py]: atrace: 87:       DEBUG:    [response_closed.started]
[2025-02-09 11:39:06,335]: [_trace.py]: atrace: 87:       DEBUG:    [response_closed.complete]
[2025-02-09 11:39:06,335]: [_bot.py]: _do_post: 652:       DEBUG:    [Call to Bot API endpoint `sendDocument` finished with return value `{'message_id': 2164, 'from': {'id': 6030805959, 'is_bot': True, 'first_name': 'TyPHoone', 'username': 'TyPHoone_Project_bot'}, 'chat': {'id': -4119703192, 'title': 'Robocop', 'type': 'group', 'all_members_are_administrators': True}, 'date': 1739101146, 'document': {'file_name': '(2025_02_09--11_38)output.zip', 'mime_type': 'application/zip', 'file_id': 'BQACAgQAAxkDAAIIdGeok9lalpvbt9-Xke_e7a9U0_Z7AALjFgACHOZJUTlNVdDib3sxNgQ', 'file_unique_id': 'AgAD4xYAAhzmSVE', 'file_size': 9491767}}`]
[2025-02-09 11:39:06,335]: [_trace.py]: atrace: 87:       DEBUG:    [close.started]
[2025-02-09 11:39:06,335]: [_trace.py]: atrace: 87:       DEBUG:    [close.complete]
[2025-02-09 11:39:06,335]: [Telegram_Sender.py]: runner: 61:       INFO:    [sent successfully]
[2025-02-09 11:39:06,336]: [Main.py]: <module>: 48:       INFO:    [Finished]
