[2025-07-10 11:42:03,648]: [Main.py]: <module>: 21:       INFO:    [Started]
[2025-07-10 11:42:06,973]: [Iron_Scraper.py]: Scrap: 32:       INFO:    [Data Scaraped Successfully]
[2025-07-10 11:42:07,170]: [Iron_Scraper.py]: Scrap: 70:       INFO:    [Scrapped Data Has No Problem]
[2025-07-10 11:42:07,171]: [Iron_Scraper.py]: Scrap: 83:       INFO:    [Data Saved Successfully]
[2025-07-10 11:42:07,171]: [Iron.py]: Run: 26:       INFO:    [Scraping Phase Completed]
[2025-07-10 11:42:07,171]: [Iron_Data_Processor.py]: Data_Reader: 61:       INFO:    [Data File Has Been Red Successfully]
[2025-07-10 11:42:07,171]: [Iron_Data_Processor.py]: Shaper: 78:       INFO:    [Data Shaped]
[2025-07-10 11:42:07,172]: [Iron_Data_Processor.py]: Process: 228:       INFO:    [Data Cleaned]
[2025-07-10 11:42:07,172]: [Iron_Data_Processor.py]: Make_Pages_Objects: 101:       INFO:    [Page Objects Has Been Made]
[2025-07-10 11:42:07,172]: [Iron_Data_Processor.py]: Make_Pages_Objects: 101:       INFO:    [Page Objects Has Been Made]
[2025-07-10 11:42:07,172]: [Iron_Data_Processor.py]: Load_Data: 118:       INFO:    [Data Has Been Load]
[2025-07-10 11:42:07,172]: [Iron_Data_Processor.py]: Load_Data: 118:       INFO:    [Data Has Been Load]
[2025-07-10 11:42:07,172]: [Iron_Data_Processor.py]: Load_positions: 140:       INFO:    [Positions Are Ready]
[2025-07-10 11:42:07,172]: [Iron_Data_Processor.py]: Load_positions: 140:       INFO:    [Positions Are Ready]
[2025-07-10 11:42:08,289]: [Iron_Data_Processor.py]: Make_Tagged_Images: 193:       INFO:    [Images Has Been Made]
[2025-07-10 11:42:09,232]: [Iron_Data_Processor.py]: Make_Tagged_Images: 193:       INFO:    [Images Has Been Made]
[2025-07-10 11:42:09,483]: [Iron_Data_Processor.py]: Make_Cover_Page: 215:       INFO:    [Made Cover Pages]
[2025-07-10 11:42:09,484]: [Iron.py]: Run: 29:       INFO:    [Imagination Phase Completed]
[2025-07-10 11:45:57,490]: [Phone_Scraper.py]: Scrap: 58:       INFO:    [Data Scraped]
[2025-07-10 11:45:57,491]: [Phone_Scraper.py]: Scrap: 71:       INFO:    [Scraped Data Successfully]
[2025-07-10 11:45:57,491]: [Phone.py]: Run: 26:       INFO:    [Scraping Phase Complete]
[2025-07-10 11:45:57,491]: [Phone_Data_Processor.py]: data_reader: 38:       INFO:    [Scraped Data Loaded]
[2025-07-10 11:45:57,492]: [Phone_Data_Processor.py]: filter_list: 65:       INFO:    [Persian Phrases Are deleted]
[2025-07-10 11:45:57,492]: [Phone_Data_Processor.py]: reshape_list: 87:       INFO:    [Date Reshaped]
[2025-07-10 11:45:57,493]: [Phone_Data_Processor.py]: separate_brands: 124:       INFO:    [Brands Are Separated]
[2025-07-10 11:45:57,493]: [Phone_Data_Processor.py]: delete_extra_spaces: 141:       INFO:    [Extra Spaces Are Deleted]
[2025-07-10 11:45:58,240]: [Phone.py]: Run: 29:       INFO:    [Imagination Phase Complete]
[2025-07-10 11:45:58,240]: [selector_events.py]: __init__: 64:       DEBUG:    [Using selector: EpollSelector]
[2025-07-10 11:45:58,517]: [_bot.py]: _do_post: 643:       DEBUG:    [Calling Bot API endpoint `getMe` with parameters `{}`]
[2025-07-10 11:45:58,521]: [_trace.py]: atrace: 87:       DEBUG:    [connect_tcp.started host='api.telegram.org' port=443 local_address=None timeout=5.0 socket_options=None]
[2025-07-10 11:45:58,751]: [_trace.py]: atrace: 87:       DEBUG:    [connect_tcp.complete return_value=<httpcore._backends.anyio.AnyIOStream object at 0x7f664f07b0b0>]
[2025-07-10 11:45:58,751]: [_trace.py]: atrace: 87:       DEBUG:    [start_tls.started ssl_context=<ssl.SSLContext object at 0x7f664fa8f750> server_hostname='api.telegram.org' timeout=5.0]
[2025-07-10 11:45:58,902]: [_trace.py]: atrace: 87:       DEBUG:    [start_tls.complete return_value=<httpcore._backends.anyio.AnyIOStream object at 0x7f664fc60e30>]
[2025-07-10 11:45:58,902]: [_trace.py]: atrace: 87:       DEBUG:    [send_request_headers.started request=<Request [b'POST']>]
[2025-07-10 11:45:58,903]: [_trace.py]: atrace: 87:       DEBUG:    [send_request_headers.complete]
[2025-07-10 11:45:58,903]: [_trace.py]: atrace: 87:       DEBUG:    [send_request_body.started request=<Request [b'POST']>]
[2025-07-10 11:45:58,903]: [_trace.py]: atrace: 87:       DEBUG:    [send_request_body.complete]
[2025-07-10 11:45:58,903]: [_trace.py]: atrace: 87:       DEBUG:    [receive_response_headers.started request=<Request [b'POST']>]
[2025-07-10 11:45:59,051]: [_trace.py]: atrace: 87:       DEBUG:    [receive_response_headers.complete return_value=(b'HTTP/1.1', 200, b'OK', [(b'Server', b'nginx/1.18.0'), (b'Date', b'Thu, 10 Jul 2025 11:45:58 GMT'), (b'Content-Type', b'application/json'), (b'Content-Length', b'258'), (b'Connection', b'keep-alive'), (b'Strict-Transport-Security', b'max-age=31536000; includeSubDomains; preload'), (b'Access-Control-Allow-Origin', b'*'), (b'Access-Control-Allow-Methods', b'GET, POST, OPTIONS'), (b'Access-Control-Expose-Headers', b'Content-Length,Content-Type,Date,Server,Connection')])]
[2025-07-10 11:45:59,052]: [_client.py]: _send_single_request: 1740:       INFO:    [HTTP Request: POST https://api.telegram.org/bot6030805959:AAGUHAMxLYc-PrevgKouJ3ZyM7ktu56ftjo/getMe "HTTP/1.1 200 OK"]
[2025-07-10 11:45:59,052]: [_trace.py]: atrace: 87:       DEBUG:    [receive_response_body.started request=<Request [b'POST']>]
[2025-07-10 11:45:59,052]: [_trace.py]: atrace: 87:       DEBUG:    [receive_response_body.complete]
[2025-07-10 11:45:59,052]: [_trace.py]: atrace: 87:       DEBUG:    [response_closed.started]
[2025-07-10 11:45:59,052]: [_trace.py]: atrace: 87:       DEBUG:    [response_closed.complete]
[2025-07-10 11:45:59,052]: [_bot.py]: _do_post: 652:       DEBUG:    [Call to Bot API endpoint `getMe` finished with return value `{'id': 6030805959, 'is_bot': True, 'first_name': 'TyPHoone', 'username': 'TyPHoone_Project_bot', 'can_join_groups': True, 'can_read_all_group_messages': False, 'supports_inline_queries': False, 'can_connect_to_business': False, 'has_main_web_app': False}`]
[2025-07-10 11:45:59,055]: [_bot.py]: _do_post: 643:       DEBUG:    [Calling Bot API endpoint `sendDocument` with parameters `{'chat_id': '-4119703192', 'document': <telegram._files.inputfile.InputFile object at 0x7f664f0a2400>}`]
[2025-07-10 11:45:59,055]: [_trace.py]: atrace: 87:       DEBUG:    [send_request_headers.started request=<Request [b'POST']>]
[2025-07-10 11:45:59,056]: [_trace.py]: atrace: 87:       DEBUG:    [send_request_headers.complete]
[2025-07-10 11:45:59,056]: [_trace.py]: atrace: 87:       DEBUG:    [send_request_body.started request=<Request [b'POST']>]
[2025-07-10 11:45:59,056]: [_trace.py]: atrace: 87:       DEBUG:    [send_request_body.complete]
[2025-07-10 11:45:59,056]: [_trace.py]: atrace: 87:       DEBUG:    [receive_response_headers.started request=<Request [b'POST']>]
[2025-07-10 11:45:59,418]: [_trace.py]: atrace: 87:       DEBUG:    [receive_response_headers.complete return_value=(b'HTTP/1.1', 200, b'OK', [(b'Server', b'nginx/1.18.0'), (b'Date', b'Thu, 10 Jul 2025 11:45:59 GMT'), (b'Content-Type', b'application/json'), (b'Content-Length', b'584'), (b'Connection', b'keep-alive'), (b'Strict-Transport-Security', b'max-age=31536000; includeSubDomains; preload'), (b'Access-Control-Allow-Origin', b'*'), (b'Access-Control-Allow-Methods', b'GET, POST, OPTIONS'), (b'Access-Control-Expose-Headers', b'Content-Length,Content-Type,Date,Server,Connection')])]
[2025-07-10 11:45:59,418]: [_client.py]: _send_single_request: 1740:       INFO:    [HTTP Request: POST https://api.telegram.org/bot6030805959:AAGUHAMxLYc-PrevgKouJ3ZyM7ktu56ftjo/sendDocument "HTTP/1.1 200 OK"]
[2025-07-10 11:45:59,418]: [_trace.py]: atrace: 87:       DEBUG:    [receive_response_body.started request=<Request [b'POST']>]
[2025-07-10 11:45:59,418]: [_trace.py]: atrace: 87:       DEBUG:    [receive_response_body.complete]
[2025-07-10 11:45:59,418]: [_trace.py]: atrace: 87:       DEBUG:    [response_closed.started]
[2025-07-10 11:45:59,419]: [_trace.py]: atrace: 87:       DEBUG:    [response_closed.complete]
[2025-07-10 11:45:59,419]: [_bot.py]: _do_post: 652:       DEBUG:    [Call to Bot API endpoint `sendDocument` finished with return value `{'message_id': 2471, 'from': {'id': 6030805959, 'is_bot': True, 'first_name': 'TyPHoone', 'username': 'TyPHoone_Project_bot'}, 'chat': {'id': -4119703192, 'title': 'Robocop', 'type': 'group', 'all_members_are_administrators': True, 'accepted_gift_types': {'unlimited_gifts': False, 'limited_gifts': False, 'unique_gifts': False, 'premium_subscription': False}}, 'date': 1752147959, 'document': {'file_name': '(2025_07_10--11_42).log', 'mime_type': 'text/plain', 'file_id': 'BQACAgQAAxkDAAIJp2hvp_dSUkWODLRiVhdDK8M06B2hAAJ0GwAC3cF4UwO5KkANwqCgNgQ', 'file_unique_id': 'AgADdBsAAt3BeFM', 'file_size': 5937}}`]
[2025-07-10 11:45:59,419]: [_trace.py]: atrace: 87:       DEBUG:    [close.started]
[2025-07-10 11:45:59,420]: [_trace.py]: atrace: 87:       DEBUG:    [close.complete]
[2025-07-10 11:45:59,462]: [_bot.py]: _do_post: 643:       DEBUG:    [Calling Bot API endpoint `getMe` with parameters `{}`]
[2025-07-10 11:45:59,462]: [_trace.py]: atrace: 87:       DEBUG:    [connect_tcp.started host='api.telegram.org' port=443 local_address=None timeout=5.0 socket_options=None]
[2025-07-10 11:45:59,612]: [_trace.py]: atrace: 87:       DEBUG:    [connect_tcp.complete return_value=<httpcore._backends.anyio.AnyIOStream object at 0x7f664f0e8bc0>]
[2025-07-10 11:45:59,612]: [_trace.py]: atrace: 87:       DEBUG:    [start_tls.started ssl_context=<ssl.SSLContext object at 0x7f664fa8f650> server_hostname='api.telegram.org' timeout=5.0]
[2025-07-10 11:45:59,762]: [_trace.py]: atrace: 87:       DEBUG:    [start_tls.complete return_value=<httpcore._backends.anyio.AnyIOStream object at 0x7f664fc8ba70>]
[2025-07-10 11:45:59,762]: [_trace.py]: atrace: 87:       DEBUG:    [send_request_headers.started request=<Request [b'POST']>]
[2025-07-10 11:45:59,762]: [_trace.py]: atrace: 87:       DEBUG:    [send_request_headers.complete]
[2025-07-10 11:45:59,762]: [_trace.py]: atrace: 87:       DEBUG:    [send_request_body.started request=<Request [b'POST']>]
[2025-07-10 11:45:59,762]: [_trace.py]: atrace: 87:       DEBUG:    [send_request_body.complete]
[2025-07-10 11:45:59,762]: [_trace.py]: atrace: 87:       DEBUG:    [receive_response_headers.started request=<Request [b'POST']>]
[2025-07-10 11:45:59,910]: [_trace.py]: atrace: 87:       DEBUG:    [receive_response_headers.complete return_value=(b'HTTP/1.1', 200, b'OK', [(b'Server', b'nginx/1.18.0'), (b'Date', b'Thu, 10 Jul 2025 11:45:59 GMT'), (b'Content-Type', b'application/json'), (b'Content-Length', b'258'), (b'Connection', b'keep-alive'), (b'Strict-Transport-Security', b'max-age=31536000; includeSubDomains; preload'), (b'Access-Control-Allow-Origin', b'*'), (b'Access-Control-Allow-Methods', b'GET, POST, OPTIONS'), (b'Access-Control-Expose-Headers', b'Content-Length,Content-Type,Date,Server,Connection')])]
[2025-07-10 11:45:59,910]: [_client.py]: _send_single_request: 1740:       INFO:    [HTTP Request: POST https://api.telegram.org/bot6030805959:AAGUHAMxLYc-PrevgKouJ3ZyM7ktu56ftjo/getMe "HTTP/1.1 200 OK"]
[2025-07-10 11:45:59,910]: [_trace.py]: atrace: 87:       DEBUG:    [receive_response_body.started request=<Request [b'POST']>]
[2025-07-10 11:45:59,910]: [_trace.py]: atrace: 87:       DEBUG:    [receive_response_body.complete]
[2025-07-10 11:45:59,910]: [_trace.py]: atrace: 87:       DEBUG:    [response_closed.started]
[2025-07-10 11:45:59,910]: [_trace.py]: atrace: 87:       DEBUG:    [response_closed.complete]
[2025-07-10 11:45:59,911]: [_bot.py]: _do_post: 652:       DEBUG:    [Call to Bot API endpoint `getMe` finished with return value `{'id': 6030805959, 'is_bot': True, 'first_name': 'TyPHoone', 'username': 'TyPHoone_Project_bot', 'can_join_groups': True, 'can_read_all_group_messages': False, 'supports_inline_queries': False, 'can_connect_to_business': False, 'has_main_web_app': False}`]
[2025-07-10 11:45:59,913]: [_bot.py]: _do_post: 643:       DEBUG:    [Calling Bot API endpoint `sendDocument` with parameters `{'chat_id': '-4119703192', 'document': <telegram._files.inputfile.InputFile object at 0x7f664fadce80>}`]
[2025-07-10 11:45:59,914]: [_trace.py]: atrace: 87:       DEBUG:    [send_request_headers.started request=<Request [b'POST']>]
[2025-07-10 11:45:59,914]: [_trace.py]: atrace: 87:       DEBUG:    [send_request_headers.complete]
[2025-07-10 11:45:59,914]: [_trace.py]: atrace: 87:       DEBUG:    [send_request_body.started request=<Request [b'POST']>]
[2025-07-10 11:46:01,392]: [_trace.py]: atrace: 87:       DEBUG:    [send_request_body.complete]
[2025-07-10 11:46:01,392]: [_trace.py]: atrace: 87:       DEBUG:    [receive_response_headers.started request=<Request [b'POST']>]
[2025-07-10 11:46:02,075]: [_trace.py]: atrace: 87:       DEBUG:    [receive_response_headers.complete return_value=(b'HTTP/1.1', 200, b'OK', [(b'Server', b'nginx/1.18.0'), (b'Date', b'Thu, 10 Jul 2025 11:46:01 GMT'), (b'Content-Type', b'application/json'), (b'Content-Length', b'599'), (b'Connection', b'keep-alive'), (b'Strict-Transport-Security', b'max-age=31536000; includeSubDomains; preload'), (b'Access-Control-Allow-Origin', b'*'), (b'Access-Control-Allow-Methods', b'GET, POST, OPTIONS'), (b'Access-Control-Expose-Headers', b'Content-Length,Content-Type,Date,Server,Connection')])]
[2025-07-10 11:46:02,075]: [_client.py]: _send_single_request: 1740:       INFO:    [HTTP Request: POST https://api.telegram.org/bot6030805959:AAGUHAMxLYc-PrevgKouJ3ZyM7ktu56ftjo/sendDocument "HTTP/1.1 200 OK"]
[2025-07-10 11:46:02,075]: [_trace.py]: atrace: 87:       DEBUG:    [receive_response_body.started request=<Request [b'POST']>]
[2025-07-10 11:46:02,076]: [_trace.py]: atrace: 87:       DEBUG:    [receive_response_body.complete]
[2025-07-10 11:46:02,076]: [_trace.py]: atrace: 87:       DEBUG:    [response_closed.started]
[2025-07-10 11:46:02,076]: [_trace.py]: atrace: 87:       DEBUG:    [response_closed.complete]
[2025-07-10 11:46:02,076]: [_bot.py]: _do_post: 652:       DEBUG:    [Call to Bot API endpoint `sendDocument` finished with return value `{'message_id': 2472, 'from': {'id': 6030805959, 'is_bot': True, 'first_name': 'TyPHoone', 'username': 'TyPHoone_Project_bot'}, 'chat': {'id': -4119703192, 'title': 'Robocop', 'type': 'group', 'all_members_are_administrators': True, 'accepted_gift_types': {'unlimited_gifts': False, 'limited_gifts': False, 'unique_gifts': False, 'premium_subscription': False}}, 'date': 1752147961, 'document': {'file_name': '(2025_07_10--11_42)output.zip', 'mime_type': 'application/zip', 'file_id': 'BQACAgQAAxkDAAIJqGhvp_lp80sZObrEbr3LIHZiZ-IPAAJ1GwAC3cF4U2kCIqAGVZqaNgQ', 'file_unique_id': 'AgADdRsAAt3BeFM', 'file_size': 10137528}}`]
[2025-07-10 11:46:02,076]: [_trace.py]: atrace: 87:       DEBUG:    [close.started]
[2025-07-10 11:46:02,076]: [_trace.py]: atrace: 87:       DEBUG:    [close.complete]
[2025-07-10 11:46:02,077]: [Telegram_Sender.py]: runner: 61:       INFO:    [sent successfully]
[2025-07-10 11:46:02,077]: [Main.py]: <module>: 48:       INFO:    [Finished]
