[2024-07-26 11:37:33,232]: [Main.py]: <module>: 21:       INFO:    [Started]
[2024-07-26 11:37:34,891]: [Iron_Scraper.py]: Scrap: 32:       INFO:    [Data Scaraped Successfully]
[2024-07-26 11:37:35,078]: [Iron_Scraper.py]: Scrap: 70:       INFO:    [Scrapped Data Has No Problem]
[2024-07-26 11:37:35,078]: [Iron_Scraper.py]: Scrap: 83:       INFO:    [Data Saved Successfully]
[2024-07-26 11:37:35,078]: [Iron.py]: Run: 26:       INFO:    [Scraping Phase Completed]
[2024-07-26 11:37:35,079]: [Iron_Data_Processor.py]: Data_Reader: 61:       INFO:    [Data File Has Been Red Successfully]
[2024-07-26 11:37:35,079]: [Iron_Data_Processor.py]: Shaper: 78:       INFO:    [Data Shaped]
[2024-07-26 11:37:35,079]: [Iron_Data_Processor.py]: Process: 228:       INFO:    [Data Cleaned]
[2024-07-26 11:37:35,079]: [Iron_Data_Processor.py]: Make_Pages_Objects: 101:       INFO:    [Page Objects Has Been Made]
[2024-07-26 11:37:35,079]: [Iron_Data_Processor.py]: Make_Pages_Objects: 101:       INFO:    [Page Objects Has Been Made]
[2024-07-26 11:37:35,079]: [Iron_Data_Processor.py]: Load_Data: 118:       INFO:    [Data Has Been Load]
[2024-07-26 11:37:35,079]: [Iron_Data_Processor.py]: Load_Data: 118:       INFO:    [Data Has Been Load]
[2024-07-26 11:37:35,080]: [Iron_Data_Processor.py]: Load_positions: 140:       INFO:    [Positions Are Ready]
[2024-07-26 11:37:35,080]: [Iron_Data_Processor.py]: Load_positions: 140:       INFO:    [Positions Are Ready]
[2024-07-26 11:37:36,204]: [Iron_Data_Processor.py]: Make_Tagged_Images: 193:       INFO:    [Images Has Been Made]
[2024-07-26 11:37:37,164]: [Iron_Data_Processor.py]: Make_Tagged_Images: 193:       INFO:    [Images Has Been Made]
[2024-07-26 11:37:37,419]: [Iron_Data_Processor.py]: Make_Cover_Page: 215:       INFO:    [Made Cover Pages]
[2024-07-26 11:37:37,420]: [Iron.py]: Run: 29:       INFO:    [Imagination Phase Completed]
[2024-07-26 11:37:41,483]: [Phone_Scraper.py]: Scrap: 58:       INFO:    [Data Scraped]
[2024-07-26 11:37:41,483]: [Phone_Scraper.py]: Scrap: 71:       INFO:    [Scraped Data Successfully]
[2024-07-26 11:37:41,483]: [Phone.py]: Run: 26:       INFO:    [Scraping Phase Complete]
[2024-07-26 11:37:41,483]: [Phone_Data_Processor.py]: data_reader: 38:       INFO:    [Scraped Data Loaded]
[2024-07-26 11:37:41,484]: [Phone_Data_Processor.py]: filter_list: 65:       INFO:    [Persian Phrases Are deleted]
[2024-07-26 11:37:41,485]: [Phone_Data_Processor.py]: reshape_list: 87:       INFO:    [Date Reshaped]
[2024-07-26 11:37:41,485]: [Phone_Data_Processor.py]: separate_brands: 124:       INFO:    [Brands Are Separated]
[2024-07-26 11:37:41,486]: [Phone_Data_Processor.py]: delete_extra_spaces: 141:       INFO:    [Extra Spaces Are Deleted]
[2024-07-26 11:37:42,144]: [Phone.py]: Run: 29:       INFO:    [Imagination Phase Complete]
[2024-07-26 11:37:42,144]: [selector_events.py]: __init__: 64:       DEBUG:    [Using selector: EpollSelector]
[2024-07-26 11:37:42,478]: [_bot.py]: _do_post: 643:       DEBUG:    [Calling Bot API endpoint `getMe` with parameters `{}`]
[2024-07-26 11:37:42,482]: [_trace.py]: atrace: 85:       DEBUG:    [connect_tcp.started host='api.telegram.org' port=443 local_address=None timeout=5.0 socket_options=None]
[2024-07-26 11:37:42,596]: [_trace.py]: atrace: 85:       DEBUG:    [connect_tcp.complete return_value=<httpcore._backends.anyio.AnyIOStream object at 0x7f073795cbf0>]
[2024-07-26 11:37:42,596]: [_trace.py]: atrace: 85:       DEBUG:    [start_tls.started ssl_context=<ssl.SSLContext object at 0x7f073822ea50> server_hostname='api.telegram.org' timeout=5.0]
[2024-07-26 11:37:42,686]: [_trace.py]: atrace: 85:       DEBUG:    [start_tls.complete return_value=<httpcore._backends.anyio.AnyIOStream object at 0x7f0738223cb0>]
[2024-07-26 11:37:42,686]: [_trace.py]: atrace: 85:       DEBUG:    [send_request_headers.started request=<Request [b'POST']>]
[2024-07-26 11:37:42,687]: [_trace.py]: atrace: 85:       DEBUG:    [send_request_headers.complete]
[2024-07-26 11:37:42,687]: [_trace.py]: atrace: 85:       DEBUG:    [send_request_body.started request=<Request [b'POST']>]
[2024-07-26 11:37:42,687]: [_trace.py]: atrace: 85:       DEBUG:    [send_request_body.complete]
[2024-07-26 11:37:42,687]: [_trace.py]: atrace: 85:       DEBUG:    [receive_response_headers.started request=<Request [b'POST']>]
[2024-07-26 11:37:42,776]: [_trace.py]: atrace: 85:       DEBUG:    [receive_response_headers.complete return_value=(b'HTTP/1.1', 200, b'OK', [(b'Server', b'nginx/1.18.0'), (b'Date', b'Fri, 26 Jul 2024 11:37:42 GMT'), (b'Content-Type', b'application/json'), (b'Content-Length', b'233'), (b'Connection', b'keep-alive'), (b'Strict-Transport-Security', b'max-age=31536000; includeSubDomains; preload'), (b'Access-Control-Allow-Origin', b'*'), (b'Access-Control-Allow-Methods', b'GET, POST, OPTIONS'), (b'Access-Control-Expose-Headers', b'Content-Length,Content-Type,Date,Server,Connection')])]
[2024-07-26 11:37:42,776]: [_client.py]: _send_single_request: 1773:       INFO:    [HTTP Request: POST https://api.telegram.org/bot6030805959:AAGUHAMxLYc-PrevgKouJ3ZyM7ktu56ftjo/getMe "HTTP/1.1 200 OK"]
[2024-07-26 11:37:42,776]: [_trace.py]: atrace: 85:       DEBUG:    [receive_response_body.started request=<Request [b'POST']>]
[2024-07-26 11:37:42,777]: [_trace.py]: atrace: 85:       DEBUG:    [receive_response_body.complete]
[2024-07-26 11:37:42,777]: [_trace.py]: atrace: 85:       DEBUG:    [response_closed.started]
[2024-07-26 11:37:42,777]: [_trace.py]: atrace: 85:       DEBUG:    [response_closed.complete]
[2024-07-26 11:37:42,777]: [_bot.py]: _do_post: 652:       DEBUG:    [Call to Bot API endpoint `getMe` finished with return value `{'id': 6030805959, 'is_bot': True, 'first_name': 'TyPHoone', 'username': 'TyPHoone_Project_bot', 'can_join_groups': True, 'can_read_all_group_messages': False, 'supports_inline_queries': False, 'can_connect_to_business': False}`]
[2024-07-26 11:37:42,780]: [_bot.py]: _do_post: 643:       DEBUG:    [Calling Bot API endpoint `sendDocument` with parameters `{'chat_id': '-4119703192', 'document': <telegram._files.inputfile.InputFile object at 0x7f0737918f80>}`]
[2024-07-26 11:37:42,781]: [_trace.py]: atrace: 85:       DEBUG:    [send_request_headers.started request=<Request [b'POST']>]
[2024-07-26 11:37:42,781]: [_trace.py]: atrace: 85:       DEBUG:    [send_request_headers.complete]
[2024-07-26 11:37:42,781]: [_trace.py]: atrace: 85:       DEBUG:    [send_request_body.started request=<Request [b'POST']>]
[2024-07-26 11:37:42,781]: [_trace.py]: atrace: 85:       DEBUG:    [send_request_body.complete]
[2024-07-26 11:37:42,781]: [_trace.py]: atrace: 85:       DEBUG:    [receive_response_headers.started request=<Request [b'POST']>]
[2024-07-26 11:37:42,992]: [_trace.py]: atrace: 85:       DEBUG:    [receive_response_headers.complete return_value=(b'HTTP/1.1', 200, b'OK', [(b'Server', b'nginx/1.18.0'), (b'Date', b'Fri, 26 Jul 2024 11:37:42 GMT'), (b'Content-Type', b'application/json'), (b'Content-Length', b'463'), (b'Connection', b'keep-alive'), (b'Strict-Transport-Security', b'max-age=31536000; includeSubDomains; preload'), (b'Access-Control-Allow-Origin', b'*'), (b'Access-Control-Allow-Methods', b'GET, POST, OPTIONS'), (b'Access-Control-Expose-Headers', b'Content-Length,Content-Type,Date,Server,Connection')])]
[2024-07-26 11:37:42,992]: [_client.py]: _send_single_request: 1773:       INFO:    [HTTP Request: POST https://api.telegram.org/bot6030805959:AAGUHAMxLYc-PrevgKouJ3ZyM7ktu56ftjo/sendDocument "HTTP/1.1 200 OK"]
[2024-07-26 11:37:42,992]: [_trace.py]: atrace: 85:       DEBUG:    [receive_response_body.started request=<Request [b'POST']>]
[2024-07-26 11:37:42,992]: [_trace.py]: atrace: 85:       DEBUG:    [receive_response_body.complete]
[2024-07-26 11:37:42,992]: [_trace.py]: atrace: 85:       DEBUG:    [response_closed.started]
[2024-07-26 11:37:42,992]: [_trace.py]: atrace: 85:       DEBUG:    [response_closed.complete]
[2024-07-26 11:37:42,993]: [_bot.py]: _do_post: 652:       DEBUG:    [Call to Bot API endpoint `sendDocument` finished with return value `{'message_id': 935, 'from': {'id': 6030805959, 'is_bot': True, 'first_name': 'TyPHoone', 'username': 'TyPHoone_Project_bot'}, 'chat': {'id': -4119703192, 'title': 'Robocop', 'type': 'group', 'all_members_are_administrators': True}, 'date': 1721993862, 'document': {'file_name': '(2024_07_26--11_37).log', 'mime_type': 'text/plain', 'file_id': 'BQACAgQAAxkDAAIDp2ajioaz-p7Hfo6IabB0w83Ve30YAAKVFgACg2khUX3cdvMyM33VNQQ', 'file_unique_id': 'AgADlRYAAoNpIVE', 'file_size': 5910}}`]
[2024-07-26 11:37:42,993]: [_trace.py]: atrace: 85:       DEBUG:    [close.started]
[2024-07-26 11:37:42,993]: [_trace.py]: atrace: 85:       DEBUG:    [close.complete]
[2024-07-26 11:37:42,993]: [_config.py]: load_ssl_context: 80:       DEBUG:    [load_ssl_context verify=True cert=None trust_env=True http2=False]
[2024-07-26 11:37:42,994]: [_config.py]: load_ssl_context_verify: 146:       DEBUG:    [load_verify_locations cafile='/opt/hostedtoolcache/Python/3.12.4/x64/lib/python3.12/site-packages/certifi/cacert.pem']
[2024-07-26 11:37:43,021]: [_config.py]: load_ssl_context: 80:       DEBUG:    [load_ssl_context verify=True cert=None trust_env=True http2=False]
[2024-07-26 11:37:43,022]: [_config.py]: load_ssl_context_verify: 146:       DEBUG:    [load_verify_locations cafile='/opt/hostedtoolcache/Python/3.12.4/x64/lib/python3.12/site-packages/certifi/cacert.pem']
[2024-07-26 11:37:43,048]: [_bot.py]: _do_post: 643:       DEBUG:    [Calling Bot API endpoint `getMe` with parameters `{}`]
[2024-07-26 11:37:43,048]: [_trace.py]: atrace: 85:       DEBUG:    [connect_tcp.started host='api.telegram.org' port=443 local_address=None timeout=5.0 socket_options=None]
[2024-07-26 11:37:43,138]: [_trace.py]: atrace: 85:       DEBUG:    [connect_tcp.complete return_value=<httpcore._backends.anyio.AnyIOStream object at 0x7f073795cbc0>]
[2024-07-26 11:37:43,139]: [_trace.py]: atrace: 85:       DEBUG:    [start_tls.started ssl_context=<ssl.SSLContext object at 0x7f073822e850> server_hostname='api.telegram.org' timeout=5.0]
[2024-07-26 11:37:43,231]: [_trace.py]: atrace: 85:       DEBUG:    [start_tls.complete return_value=<httpcore._backends.anyio.AnyIOStream object at 0x7f073795c170>]
[2024-07-26 11:37:43,232]: [_trace.py]: atrace: 85:       DEBUG:    [send_request_headers.started request=<Request [b'POST']>]
[2024-07-26 11:37:43,232]: [_trace.py]: atrace: 85:       DEBUG:    [send_request_headers.complete]
[2024-07-26 11:37:43,232]: [_trace.py]: atrace: 85:       DEBUG:    [send_request_body.started request=<Request [b'POST']>]
[2024-07-26 11:37:43,232]: [_trace.py]: atrace: 85:       DEBUG:    [send_request_body.complete]
[2024-07-26 11:37:43,232]: [_trace.py]: atrace: 85:       DEBUG:    [receive_response_headers.started request=<Request [b'POST']>]
[2024-07-26 11:37:43,322]: [_trace.py]: atrace: 85:       DEBUG:    [receive_response_headers.complete return_value=(b'HTTP/1.1', 200, b'OK', [(b'Server', b'nginx/1.18.0'), (b'Date', b'Fri, 26 Jul 2024 11:37:43 GMT'), (b'Content-Type', b'application/json'), (b'Content-Length', b'233'), (b'Connection', b'keep-alive'), (b'Strict-Transport-Security', b'max-age=31536000; includeSubDomains; preload'), (b'Access-Control-Allow-Origin', b'*'), (b'Access-Control-Allow-Methods', b'GET, POST, OPTIONS'), (b'Access-Control-Expose-Headers', b'Content-Length,Content-Type,Date,Server,Connection')])]
[2024-07-26 11:37:43,322]: [_client.py]: _send_single_request: 1773:       INFO:    [HTTP Request: POST https://api.telegram.org/bot6030805959:AAGUHAMxLYc-PrevgKouJ3ZyM7ktu56ftjo/getMe "HTTP/1.1 200 OK"]
[2024-07-26 11:37:43,322]: [_trace.py]: atrace: 85:       DEBUG:    [receive_response_body.started request=<Request [b'POST']>]
[2024-07-26 11:37:43,322]: [_trace.py]: atrace: 85:       DEBUG:    [receive_response_body.complete]
[2024-07-26 11:37:43,322]: [_trace.py]: atrace: 85:       DEBUG:    [response_closed.started]
[2024-07-26 11:37:43,322]: [_trace.py]: atrace: 85:       DEBUG:    [response_closed.complete]
[2024-07-26 11:37:43,322]: [_bot.py]: _do_post: 652:       DEBUG:    [Call to Bot API endpoint `getMe` finished with return value `{'id': 6030805959, 'is_bot': True, 'first_name': 'TyPHoone', 'username': 'TyPHoone_Project_bot', 'can_join_groups': True, 'can_read_all_group_messages': False, 'supports_inline_queries': False, 'can_connect_to_business': False}`]
[2024-07-26 11:37:43,325]: [_bot.py]: _do_post: 643:       DEBUG:    [Calling Bot API endpoint `sendDocument` with parameters `{'chat_id': '-4119703192', 'document': <telegram._files.inputfile.InputFile object at 0x7f073791aa40>}`]
[2024-07-26 11:37:43,325]: [_trace.py]: atrace: 85:       DEBUG:    [send_request_headers.started request=<Request [b'POST']>]
[2024-07-26 11:37:43,326]: [_trace.py]: atrace: 85:       DEBUG:    [send_request_headers.complete]
[2024-07-26 11:37:43,326]: [_trace.py]: atrace: 85:       DEBUG:    [send_request_body.started request=<Request [b'POST']>]
[2024-07-26 11:37:44,142]: [_trace.py]: atrace: 85:       DEBUG:    [send_request_body.complete]
[2024-07-26 11:37:44,142]: [_trace.py]: atrace: 85:       DEBUG:    [receive_response_headers.started request=<Request [b'POST']>]
[2024-07-26 11:37:45,324]: [_trace.py]: atrace: 85:       DEBUG:    [receive_response_headers.complete return_value=(b'HTTP/1.1', 200, b'OK', [(b'Server', b'nginx/1.18.0'), (b'Date', b'Fri, 26 Jul 2024 11:37:45 GMT'), (b'Content-Type', b'application/json'), (b'Content-Length', b'478'), (b'Connection', b'keep-alive'), (b'Strict-Transport-Security', b'max-age=31536000; includeSubDomains; preload'), (b'Access-Control-Allow-Origin', b'*'), (b'Access-Control-Allow-Methods', b'GET, POST, OPTIONS'), (b'Access-Control-Expose-Headers', b'Content-Length,Content-Type,Date,Server,Connection')])]
[2024-07-26 11:37:45,325]: [_client.py]: _send_single_request: 1773:       INFO:    [HTTP Request: POST https://api.telegram.org/bot6030805959:AAGUHAMxLYc-PrevgKouJ3ZyM7ktu56ftjo/sendDocument "HTTP/1.1 200 OK"]
[2024-07-26 11:37:45,325]: [_trace.py]: atrace: 85:       DEBUG:    [receive_response_body.started request=<Request [b'POST']>]
[2024-07-26 11:37:45,325]: [_trace.py]: atrace: 85:       DEBUG:    [receive_response_body.complete]
[2024-07-26 11:37:45,325]: [_trace.py]: atrace: 85:       DEBUG:    [response_closed.started]
[2024-07-26 11:37:45,325]: [_trace.py]: atrace: 85:       DEBUG:    [response_closed.complete]
[2024-07-26 11:37:45,325]: [_bot.py]: _do_post: 652:       DEBUG:    [Call to Bot API endpoint `sendDocument` finished with return value `{'message_id': 936, 'from': {'id': 6030805959, 'is_bot': True, 'first_name': 'TyPHoone', 'username': 'TyPHoone_Project_bot'}, 'chat': {'id': -4119703192, 'title': 'Robocop', 'type': 'group', 'all_members_are_administrators': True}, 'date': 1721993865, 'document': {'file_name': '(2024_07_26--11_37)output.zip', 'mime_type': 'application/zip', 'file_id': 'BQACAgQAAxkDAAIDqGajiohToPv2eaP8yKR4okwDbDG4AAKWFgACg2khUT49poEcCSEAATUE', 'file_unique_id': 'AgADlhYAAoNpIVE', 'file_size': 9890955}}`]
[2024-07-26 11:37:45,326]: [_trace.py]: atrace: 85:       DEBUG:    [close.started]
[2024-07-26 11:37:45,326]: [_trace.py]: atrace: 85:       DEBUG:    [close.complete]
[2024-07-26 11:37:45,326]: [Telegram_Sender.py]: runner: 61:       INFO:    [sent successfully]
[2024-07-26 11:37:45,327]: [Main.py]: <module>: 48:       INFO:    [Finished]
