[2024-07-01 11:37:39,712]: [Main.py]: <module>: 21:       INFO:    [Started]
[2024-07-01 11:37:41,365]: [Iron_Scraper.py]: Scrap: 32:       INFO:    [Data Scaraped Successfully]
[2024-07-01 11:37:41,582]: [Iron_Scraper.py]: Scrap: 70:       INFO:    [Scrapped Data Has No Problem]
[2024-07-01 11:37:41,583]: [Iron_Scraper.py]: Scrap: 83:       INFO:    [Data Saved Successfully]
[2024-07-01 11:37:41,583]: [Iron.py]: Run: 26:       INFO:    [Scraping Phase Completed]
[2024-07-01 11:37:41,583]: [Iron_Data_Processor.py]: Data_Reader: 61:       INFO:    [Data File Has Been Red Successfully]
[2024-07-01 11:37:41,583]: [Iron_Data_Processor.py]: Shaper: 78:       INFO:    [Data Shaped]
[2024-07-01 11:37:41,584]: [Iron_Data_Processor.py]: Process: 228:       INFO:    [Data Cleaned]
[2024-07-01 11:37:41,584]: [Iron_Data_Processor.py]: Make_Pages_Objects: 101:       INFO:    [Page Objects Has Been Made]
[2024-07-01 11:37:41,584]: [Iron_Data_Processor.py]: Make_Pages_Objects: 101:       INFO:    [Page Objects Has Been Made]
[2024-07-01 11:37:41,584]: [Iron_Data_Processor.py]: Load_Data: 118:       INFO:    [Data Has Been Load]
[2024-07-01 11:37:41,584]: [Iron_Data_Processor.py]: Load_Data: 118:       INFO:    [Data Has Been Load]
[2024-07-01 11:37:41,584]: [Iron_Data_Processor.py]: Load_positions: 140:       INFO:    [Positions Are Ready]
[2024-07-01 11:37:41,584]: [Iron_Data_Processor.py]: Load_positions: 140:       INFO:    [Positions Are Ready]
[2024-07-01 11:37:42,732]: [Iron_Data_Processor.py]: Make_Tagged_Images: 193:       INFO:    [Images Has Been Made]
[2024-07-01 11:37:43,694]: [Iron_Data_Processor.py]: Make_Tagged_Images: 193:       INFO:    [Images Has Been Made]
[2024-07-01 11:37:44,156]: [Iron_Data_Processor.py]: Make_Cover_Page: 215:       INFO:    [Made Cover Pages]
[2024-07-01 11:37:44,157]: [Iron.py]: Run: 29:       INFO:    [Imagination Phase Completed]
[2024-07-01 11:37:48,540]: [Phone_Scraper.py]: Scrap: 58:       INFO:    [Data Scraped]
[2024-07-01 11:37:48,540]: [Phone_Scraper.py]: Scrap: 71:       INFO:    [Scraped Data Successfully]
[2024-07-01 11:37:48,540]: [Phone.py]: Run: 26:       INFO:    [Scraping Phase Complete]
[2024-07-01 11:37:48,541]: [Phone_Data_Processor.py]: data_reader: 38:       INFO:    [Scraped Data Loaded]
[2024-07-01 11:37:48,542]: [Phone_Data_Processor.py]: filter_list: 65:       INFO:    [Persian Phrases Are deleted]
[2024-07-01 11:37:48,542]: [Phone_Data_Processor.py]: reshape_list: 87:       INFO:    [Date Reshaped]
[2024-07-01 11:37:48,542]: [Phone_Data_Processor.py]: separate_brands: 124:       INFO:    [Brands Are Separated]
[2024-07-01 11:37:48,543]: [Phone_Data_Processor.py]: delete_extra_spaces: 141:       INFO:    [Extra Spaces Are Deleted]
[2024-07-01 11:37:49,025]: [Phone.py]: Run: 29:       INFO:    [Imagination Phase Complete]
[2024-07-01 11:37:49,025]: [selector_events.py]: __init__: 64:       DEBUG:    [Using selector: EpollSelector]
[2024-07-01 11:37:49,341]: [_bot.py]: _do_post: 643:       DEBUG:    [Calling Bot API endpoint `getMe` with parameters `{}`]
[2024-07-01 11:37:49,345]: [_trace.py]: atrace: 85:       DEBUG:    [connect_tcp.started host='api.telegram.org' port=443 local_address=None timeout=5.0 socket_options=None]
[2024-07-01 11:37:49,470]: [_trace.py]: atrace: 85:       DEBUG:    [connect_tcp.complete return_value=<httpcore._backends.anyio.AnyIOStream object at 0x7f381f120cb0>]
[2024-07-01 11:37:49,471]: [_trace.py]: atrace: 85:       DEBUG:    [start_tls.started ssl_context=<ssl.SSLContext object at 0x7f381f1369d0> server_hostname='api.telegram.org' timeout=5.0]
[2024-07-01 11:37:49,572]: [_trace.py]: atrace: 85:       DEBUG:    [start_tls.complete return_value=<httpcore._backends.anyio.AnyIOStream object at 0x7f381ec7e270>]
[2024-07-01 11:37:49,573]: [_trace.py]: atrace: 85:       DEBUG:    [send_request_headers.started request=<Request [b'POST']>]
[2024-07-01 11:37:49,573]: [_trace.py]: atrace: 85:       DEBUG:    [send_request_headers.complete]
[2024-07-01 11:37:49,573]: [_trace.py]: atrace: 85:       DEBUG:    [send_request_body.started request=<Request [b'POST']>]
[2024-07-01 11:37:49,573]: [_trace.py]: atrace: 85:       DEBUG:    [send_request_body.complete]
[2024-07-01 11:37:49,573]: [_trace.py]: atrace: 85:       DEBUG:    [receive_response_headers.started request=<Request [b'POST']>]
[2024-07-01 11:37:49,756]: [_trace.py]: atrace: 85:       DEBUG:    [receive_response_headers.complete return_value=(b'HTTP/1.1', 200, b'OK', [(b'Server', b'nginx/1.18.0'), (b'Date', b'Mon, 01 Jul 2024 11:37:49 GMT'), (b'Content-Type', b'application/json'), (b'Content-Length', b'233'), (b'Connection', b'keep-alive'), (b'Strict-Transport-Security', b'max-age=31536000; includeSubDomains; preload'), (b'Access-Control-Allow-Origin', b'*'), (b'Access-Control-Allow-Methods', b'GET, POST, OPTIONS'), (b'Access-Control-Expose-Headers', b'Content-Length,Content-Type,Date,Server,Connection')])]
[2024-07-01 11:37:49,757]: [_client.py]: _send_single_request: 1773:       INFO:    [HTTP Request: POST https://api.telegram.org/bot6030805959:AAGUHAMxLYc-PrevgKouJ3ZyM7ktu56ftjo/getMe "HTTP/1.1 200 OK"]
[2024-07-01 11:37:49,757]: [_trace.py]: atrace: 85:       DEBUG:    [receive_response_body.started request=<Request [b'POST']>]
[2024-07-01 11:37:49,757]: [_trace.py]: atrace: 85:       DEBUG:    [receive_response_body.complete]
[2024-07-01 11:37:49,757]: [_trace.py]: atrace: 85:       DEBUG:    [response_closed.started]
[2024-07-01 11:37:49,757]: [_trace.py]: atrace: 85:       DEBUG:    [response_closed.complete]
[2024-07-01 11:37:49,757]: [_bot.py]: _do_post: 652:       DEBUG:    [Call to Bot API endpoint `getMe` finished with return value `{'id': 6030805959, 'is_bot': True, 'first_name': 'TyPHoone', 'username': 'TyPHoone_Project_bot', 'can_join_groups': True, 'can_read_all_group_messages': False, 'supports_inline_queries': False, 'can_connect_to_business': False}`]
[2024-07-01 11:37:49,760]: [_bot.py]: _do_post: 643:       DEBUG:    [Calling Bot API endpoint `sendDocument` with parameters `{'chat_id': '-4119703192', 'document': <telegram._files.inputfile.InputFile object at 0x7f381e83f680>}`]
[2024-07-01 11:37:49,761]: [_trace.py]: atrace: 85:       DEBUG:    [send_request_headers.started request=<Request [b'POST']>]
[2024-07-01 11:37:49,761]: [_trace.py]: atrace: 85:       DEBUG:    [send_request_headers.complete]
[2024-07-01 11:37:49,761]: [_trace.py]: atrace: 85:       DEBUG:    [send_request_body.started request=<Request [b'POST']>]
[2024-07-01 11:37:49,762]: [_trace.py]: atrace: 85:       DEBUG:    [send_request_body.complete]
[2024-07-01 11:37:49,762]: [_trace.py]: atrace: 85:       DEBUG:    [receive_response_headers.started request=<Request [b'POST']>]
[2024-07-01 11:37:50,131]: [_trace.py]: atrace: 85:       DEBUG:    [receive_response_headers.complete return_value=(b'HTTP/1.1', 200, b'OK', [(b'Server', b'nginx/1.18.0'), (b'Date', b'Mon, 01 Jul 2024 11:37:50 GMT'), (b'Content-Type', b'application/json'), (b'Content-Length', b'463'), (b'Connection', b'keep-alive'), (b'Strict-Transport-Security', b'max-age=31536000; includeSubDomains; preload'), (b'Access-Control-Allow-Origin', b'*'), (b'Access-Control-Allow-Methods', b'GET, POST, OPTIONS'), (b'Access-Control-Expose-Headers', b'Content-Length,Content-Type,Date,Server,Connection')])]
[2024-07-01 11:37:50,132]: [_client.py]: _send_single_request: 1773:       INFO:    [HTTP Request: POST https://api.telegram.org/bot6030805959:AAGUHAMxLYc-PrevgKouJ3ZyM7ktu56ftjo/sendDocument "HTTP/1.1 200 OK"]
[2024-07-01 11:37:50,132]: [_trace.py]: atrace: 85:       DEBUG:    [receive_response_body.started request=<Request [b'POST']>]
[2024-07-01 11:37:50,132]: [_trace.py]: atrace: 85:       DEBUG:    [receive_response_body.complete]
[2024-07-01 11:37:50,132]: [_trace.py]: atrace: 85:       DEBUG:    [response_closed.started]
[2024-07-01 11:37:50,132]: [_trace.py]: atrace: 85:       DEBUG:    [response_closed.complete]
[2024-07-01 11:37:50,132]: [_bot.py]: _do_post: 652:       DEBUG:    [Call to Bot API endpoint `sendDocument` finished with return value `{'message_id': 885, 'from': {'id': 6030805959, 'is_bot': True, 'first_name': 'TyPHoone', 'username': 'TyPHoone_Project_bot'}, 'chat': {'id': -4119703192, 'title': 'Robocop', 'type': 'group', 'all_members_are_administrators': True}, 'date': 1719833870, 'document': {'file_name': '(2024_07_01--11_37).log', 'mime_type': 'text/plain', 'file_id': 'BQACAgQAAxkDAAIDdWaClQ417mZRRX2ru-DwW3yt0E1vAAK7FwAC1IQYUI4VfwSCN4EKNQQ', 'file_unique_id': 'AgADuxcAAtSEGFA', 'file_size': 5910}}`]
[2024-07-01 11:37:50,133]: [_trace.py]: atrace: 85:       DEBUG:    [close.started]
[2024-07-01 11:37:50,133]: [_trace.py]: atrace: 85:       DEBUG:    [close.complete]
[2024-07-01 11:37:50,133]: [_config.py]: load_ssl_context: 80:       DEBUG:    [load_ssl_context verify=True cert=None trust_env=True http2=False]
[2024-07-01 11:37:50,133]: [_config.py]: load_ssl_context_verify: 146:       DEBUG:    [load_verify_locations cafile='/opt/hostedtoolcache/Python/3.12.4/x64/lib/python3.12/site-packages/certifi/cacert.pem']
[2024-07-01 11:37:50,161]: [_config.py]: load_ssl_context: 80:       DEBUG:    [load_ssl_context verify=True cert=None trust_env=True http2=False]
[2024-07-01 11:37:50,162]: [_config.py]: load_ssl_context_verify: 146:       DEBUG:    [load_verify_locations cafile='/opt/hostedtoolcache/Python/3.12.4/x64/lib/python3.12/site-packages/certifi/cacert.pem']
[2024-07-01 11:37:50,188]: [_bot.py]: _do_post: 643:       DEBUG:    [Calling Bot API endpoint `getMe` with parameters `{}`]
[2024-07-01 11:37:50,188]: [_trace.py]: atrace: 85:       DEBUG:    [connect_tcp.started host='api.telegram.org' port=443 local_address=None timeout=5.0 socket_options=None]
[2024-07-01 11:37:50,292]: [_trace.py]: atrace: 85:       DEBUG:    [connect_tcp.complete return_value=<httpcore._backends.anyio.AnyIOStream object at 0x7f381e844f50>]
[2024-07-01 11:37:50,292]: [_trace.py]: atrace: 85:       DEBUG:    [start_tls.started ssl_context=<ssl.SSLContext object at 0x7f381f1367d0> server_hostname='api.telegram.org' timeout=5.0]
[2024-07-01 11:37:50,397]: [_trace.py]: atrace: 85:       DEBUG:    [start_tls.complete return_value=<httpcore._backends.anyio.AnyIOStream object at 0x7f381e844d70>]
[2024-07-01 11:37:50,397]: [_trace.py]: atrace: 85:       DEBUG:    [send_request_headers.started request=<Request [b'POST']>]
[2024-07-01 11:37:50,397]: [_trace.py]: atrace: 85:       DEBUG:    [send_request_headers.complete]
[2024-07-01 11:37:50,397]: [_trace.py]: atrace: 85:       DEBUG:    [send_request_body.started request=<Request [b'POST']>]
[2024-07-01 11:37:50,398]: [_trace.py]: atrace: 85:       DEBUG:    [send_request_body.complete]
[2024-07-01 11:37:50,398]: [_trace.py]: atrace: 85:       DEBUG:    [receive_response_headers.started request=<Request [b'POST']>]
[2024-07-01 11:37:50,508]: [_trace.py]: atrace: 85:       DEBUG:    [receive_response_headers.complete return_value=(b'HTTP/1.1', 200, b'OK', [(b'Server', b'nginx/1.18.0'), (b'Date', b'Mon, 01 Jul 2024 11:37:50 GMT'), (b'Content-Type', b'application/json'), (b'Content-Length', b'233'), (b'Connection', b'keep-alive'), (b'Strict-Transport-Security', b'max-age=31536000; includeSubDomains; preload'), (b'Access-Control-Allow-Origin', b'*'), (b'Access-Control-Allow-Methods', b'GET, POST, OPTIONS'), (b'Access-Control-Expose-Headers', b'Content-Length,Content-Type,Date,Server,Connection')])]
[2024-07-01 11:37:50,509]: [_client.py]: _send_single_request: 1773:       INFO:    [HTTP Request: POST https://api.telegram.org/bot6030805959:AAGUHAMxLYc-PrevgKouJ3ZyM7ktu56ftjo/getMe "HTTP/1.1 200 OK"]
[2024-07-01 11:37:50,509]: [_trace.py]: atrace: 85:       DEBUG:    [receive_response_body.started request=<Request [b'POST']>]
[2024-07-01 11:37:50,509]: [_trace.py]: atrace: 85:       DEBUG:    [receive_response_body.complete]
[2024-07-01 11:37:50,509]: [_trace.py]: atrace: 85:       DEBUG:    [response_closed.started]
[2024-07-01 11:37:50,509]: [_trace.py]: atrace: 85:       DEBUG:    [response_closed.complete]
[2024-07-01 11:37:50,509]: [_bot.py]: _do_post: 652:       DEBUG:    [Call to Bot API endpoint `getMe` finished with return value `{'id': 6030805959, 'is_bot': True, 'first_name': 'TyPHoone', 'username': 'TyPHoone_Project_bot', 'can_join_groups': True, 'can_read_all_group_messages': False, 'supports_inline_queries': False, 'can_connect_to_business': False}`]
[2024-07-01 11:37:50,511]: [_bot.py]: _do_post: 643:       DEBUG:    [Calling Bot API endpoint `sendDocument` with parameters `{'chat_id': '-4119703192', 'document': <telegram._files.inputfile.InputFile object at 0x7f381e83fc40>}`]
[2024-07-01 11:37:50,512]: [_trace.py]: atrace: 85:       DEBUG:    [send_request_headers.started request=<Request [b'POST']>]
[2024-07-01 11:37:50,512]: [_trace.py]: atrace: 85:       DEBUG:    [send_request_headers.complete]
[2024-07-01 11:37:50,512]: [_trace.py]: atrace: 85:       DEBUG:    [send_request_body.started request=<Request [b'POST']>]
[2024-07-01 11:37:51,465]: [_trace.py]: atrace: 85:       DEBUG:    [send_request_body.complete]
[2024-07-01 11:37:51,465]: [_trace.py]: atrace: 85:       DEBUG:    [receive_response_headers.started request=<Request [b'POST']>]
[2024-07-01 11:37:52,239]: [_trace.py]: atrace: 85:       DEBUG:    [receive_response_headers.complete return_value=(b'HTTP/1.1', 200, b'OK', [(b'Server', b'nginx/1.18.0'), (b'Date', b'Mon, 01 Jul 2024 11:37:52 GMT'), (b'Content-Type', b'application/json'), (b'Content-Length', b'477'), (b'Connection', b'keep-alive'), (b'Strict-Transport-Security', b'max-age=31536000; includeSubDomains; preload'), (b'Access-Control-Allow-Origin', b'*'), (b'Access-Control-Allow-Methods', b'GET, POST, OPTIONS'), (b'Access-Control-Expose-Headers', b'Content-Length,Content-Type,Date,Server,Connection')])]
[2024-07-01 11:37:52,239]: [_client.py]: _send_single_request: 1773:       INFO:    [HTTP Request: POST https://api.telegram.org/bot6030805959:AAGUHAMxLYc-PrevgKouJ3ZyM7ktu56ftjo/sendDocument "HTTP/1.1 200 OK"]
[2024-07-01 11:37:52,239]: [_trace.py]: atrace: 85:       DEBUG:    [receive_response_body.started request=<Request [b'POST']>]
[2024-07-01 11:37:52,239]: [_trace.py]: atrace: 85:       DEBUG:    [receive_response_body.complete]
[2024-07-01 11:37:52,240]: [_trace.py]: atrace: 85:       DEBUG:    [response_closed.started]
[2024-07-01 11:37:52,240]: [_trace.py]: atrace: 85:       DEBUG:    [response_closed.complete]
[2024-07-01 11:37:52,240]: [_bot.py]: _do_post: 652:       DEBUG:    [Call to Bot API endpoint `sendDocument` finished with return value `{'message_id': 886, 'from': {'id': 6030805959, 'is_bot': True, 'first_name': 'TyPHoone', 'username': 'TyPHoone_Project_bot'}, 'chat': {'id': -4119703192, 'title': 'Robocop', 'type': 'group', 'all_members_are_administrators': True}, 'date': 1719833872, 'document': {'file_name': '(2024_07_01--11_37)output.zip', 'mime_type': 'application/zip', 'file_id': 'BQACAgQAAxkDAAIDdmaClQ-zDELsqqpxegMIoW5Hp2-jAAK8FwAC1IQYUEEL5A4dnZ9TNQQ', 'file_unique_id': 'AgADvBcAAtSEGFA', 'file_size': 9415583}}`]
[2024-07-01 11:37:52,240]: [_trace.py]: atrace: 85:       DEBUG:    [close.started]
[2024-07-01 11:37:52,240]: [_trace.py]: atrace: 85:       DEBUG:    [close.complete]
[2024-07-01 11:37:52,240]: [Telegram_Sender.py]: runner: 61:       INFO:    [sent successfully]
[2024-07-01 11:37:52,241]: [Main.py]: <module>: 48:       INFO:    [Finished]
