[2025-02-26 11:38:43,060]: [Main.py]: <module>: 21:       INFO:    [Started]
[2025-02-26 11:38:44,352]: [Iron_Scraper.py]: Scrap: 32:       INFO:    [Data Scaraped Successfully]
[2025-02-26 11:38:44,411]: [Iron_Scraper.py]: Scrap: 70:       INFO:    [Scrapped Data Has No Problem]
[2025-02-26 11:38:44,411]: [Iron_Scraper.py]: Scrap: 83:       INFO:    [Data Saved Successfully]
[2025-02-26 11:38:44,411]: [Iron.py]: Run: 26:       INFO:    [Scraping Phase Completed]
[2025-02-26 11:38:44,412]: [Iron_Data_Processor.py]: Data_Reader: 61:       INFO:    [Data File Has Been Red Successfully]
[2025-02-26 11:38:44,412]: [Iron_Data_Processor.py]: Shaper: 78:       INFO:    [Data Shaped]
[2025-02-26 11:38:44,412]: [Iron_Data_Processor.py]: Process: 228:       INFO:    [Data Cleaned]
[2025-02-26 11:38:44,412]: [Iron_Data_Processor.py]: Make_Pages_Objects: 101:       INFO:    [Page Objects Has Been Made]
[2025-02-26 11:38:44,412]: [Iron_Data_Processor.py]: Make_Pages_Objects: 101:       INFO:    [Page Objects Has Been Made]
[2025-02-26 11:38:44,412]: [Iron_Data_Processor.py]: Load_Data: 118:       INFO:    [Data Has Been Load]
[2025-02-26 11:38:44,412]: [Iron_Data_Processor.py]: Load_Data: 118:       INFO:    [Data Has Been Load]
[2025-02-26 11:38:44,412]: [Iron_Data_Processor.py]: Load_positions: 140:       INFO:    [Positions Are Ready]
[2025-02-26 11:38:44,412]: [Iron_Data_Processor.py]: Load_positions: 140:       INFO:    [Positions Are Ready]
[2025-02-26 11:38:45,473]: [Iron_Data_Processor.py]: Make_Tagged_Images: 193:       INFO:    [Images Has Been Made]
[2025-02-26 11:38:46,363]: [Iron_Data_Processor.py]: Make_Tagged_Images: 193:       INFO:    [Images Has Been Made]
[2025-02-26 11:38:46,616]: [Iron_Data_Processor.py]: Make_Cover_Page: 215:       INFO:    [Made Cover Pages]
[2025-02-26 11:38:46,616]: [Iron.py]: Run: 29:       INFO:    [Imagination Phase Completed]
[2025-02-26 11:38:49,405]: [Phone_Scraper.py]: Scrap: 58:       INFO:    [Data Scraped]
[2025-02-26 11:38:49,406]: [Phone_Scraper.py]: Scrap: 71:       INFO:    [Scraped Data Successfully]
[2025-02-26 11:38:49,406]: [Phone.py]: Run: 26:       INFO:    [Scraping Phase Complete]
[2025-02-26 11:38:49,406]: [Phone_Data_Processor.py]: data_reader: 38:       INFO:    [Scraped Data Loaded]
[2025-02-26 11:38:49,407]: [Phone_Data_Processor.py]: filter_list: 65:       INFO:    [Persian Phrases Are deleted]
[2025-02-26 11:38:49,408]: [Phone_Data_Processor.py]: reshape_list: 87:       INFO:    [Date Reshaped]
[2025-02-26 11:38:49,408]: [Phone_Data_Processor.py]: separate_brands: 124:       INFO:    [Brands Are Separated]
[2025-02-26 11:38:49,408]: [Phone_Data_Processor.py]: delete_extra_spaces: 141:       INFO:    [Extra Spaces Are Deleted]
[2025-02-26 11:38:50,160]: [Phone.py]: Run: 29:       INFO:    [Imagination Phase Complete]
[2025-02-26 11:38:50,160]: [selector_events.py]: __init__: 64:       DEBUG:    [Using selector: EpollSelector]
[2025-02-26 11:38:50,426]: [_bot.py]: _do_post: 643:       DEBUG:    [Calling Bot API endpoint `getMe` with parameters `{}`]
[2025-02-26 11:38:50,430]: [_trace.py]: atrace: 87:       DEBUG:    [connect_tcp.started host='api.telegram.org' port=443 local_address=None timeout=5.0 socket_options=None]
[2025-02-26 11:38:50,560]: [_trace.py]: atrace: 87:       DEBUG:    [connect_tcp.complete return_value=<httpcore._backends.anyio.AnyIOStream object at 0x7f27634f68a0>]
[2025-02-26 11:38:50,560]: [_trace.py]: atrace: 87:       DEBUG:    [start_tls.started ssl_context=<ssl.SSLContext object at 0x7f2763b2f4d0> server_hostname='api.telegram.org' timeout=5.0]
[2025-02-26 11:38:50,652]: [_trace.py]: atrace: 87:       DEBUG:    [start_tls.complete return_value=<httpcore._backends.anyio.AnyIOStream object at 0x7f2764494c20>]
[2025-02-26 11:38:50,652]: [_trace.py]: atrace: 87:       DEBUG:    [send_request_headers.started request=<Request [b'POST']>]
[2025-02-26 11:38:50,653]: [_trace.py]: atrace: 87:       DEBUG:    [send_request_headers.complete]
[2025-02-26 11:38:50,653]: [_trace.py]: atrace: 87:       DEBUG:    [send_request_body.started request=<Request [b'POST']>]
[2025-02-26 11:38:50,653]: [_trace.py]: atrace: 87:       DEBUG:    [send_request_body.complete]
[2025-02-26 11:38:50,653]: [_trace.py]: atrace: 87:       DEBUG:    [receive_response_headers.started request=<Request [b'POST']>]
[2025-02-26 11:38:50,742]: [_trace.py]: atrace: 87:       DEBUG:    [receive_response_headers.complete return_value=(b'HTTP/1.1', 200, b'OK', [(b'Server', b'nginx/1.18.0'), (b'Date', b'Wed, 26 Feb 2025 11:38:50 GMT'), (b'Content-Type', b'application/json'), (b'Content-Length', b'258'), (b'Connection', b'keep-alive'), (b'Strict-Transport-Security', b'max-age=31536000; includeSubDomains; preload'), (b'Access-Control-Allow-Origin', b'*'), (b'Access-Control-Allow-Methods', b'GET, POST, OPTIONS'), (b'Access-Control-Expose-Headers', b'Content-Length,Content-Type,Date,Server,Connection')])]
[2025-02-26 11:38:50,743]: [_client.py]: _send_single_request: 1740:       INFO:    [HTTP Request: POST https://api.telegram.org/bot6030805959:AAGUHAMxLYc-PrevgKouJ3ZyM7ktu56ftjo/getMe "HTTP/1.1 200 OK"]
[2025-02-26 11:38:50,743]: [_trace.py]: atrace: 87:       DEBUG:    [receive_response_body.started request=<Request [b'POST']>]
[2025-02-26 11:38:50,743]: [_trace.py]: atrace: 87:       DEBUG:    [receive_response_body.complete]
[2025-02-26 11:38:50,743]: [_trace.py]: atrace: 87:       DEBUG:    [response_closed.started]
[2025-02-26 11:38:50,743]: [_trace.py]: atrace: 87:       DEBUG:    [response_closed.complete]
[2025-02-26 11:38:50,743]: [_bot.py]: _do_post: 652:       DEBUG:    [Call to Bot API endpoint `getMe` finished with return value `{'id': 6030805959, 'is_bot': True, 'first_name': 'TyPHoone', 'username': 'TyPHoone_Project_bot', 'can_join_groups': True, 'can_read_all_group_messages': False, 'supports_inline_queries': False, 'can_connect_to_business': False, 'has_main_web_app': False}`]
[2025-02-26 11:38:50,746]: [_bot.py]: _do_post: 643:       DEBUG:    [Calling Bot API endpoint `sendDocument` with parameters `{'chat_id': '-4119703192', 'document': <telegram._files.inputfile.InputFile object at 0x7f2763309440>}`]
[2025-02-26 11:38:50,747]: [_trace.py]: atrace: 87:       DEBUG:    [send_request_headers.started request=<Request [b'POST']>]
[2025-02-26 11:38:50,747]: [_trace.py]: atrace: 87:       DEBUG:    [send_request_headers.complete]
[2025-02-26 11:38:50,747]: [_trace.py]: atrace: 87:       DEBUG:    [send_request_body.started request=<Request [b'POST']>]
[2025-02-26 11:38:50,747]: [_trace.py]: atrace: 87:       DEBUG:    [send_request_body.complete]
[2025-02-26 11:38:50,747]: [_trace.py]: atrace: 87:       DEBUG:    [receive_response_headers.started request=<Request [b'POST']>]
[2025-02-26 11:38:50,975]: [_trace.py]: atrace: 87:       DEBUG:    [receive_response_headers.complete return_value=(b'HTTP/1.1', 200, b'OK', [(b'Server', b'nginx/1.18.0'), (b'Date', b'Wed, 26 Feb 2025 11:38:50 GMT'), (b'Content-Type', b'application/json'), (b'Content-Length', b'464'), (b'Connection', b'keep-alive'), (b'Strict-Transport-Security', b'max-age=31536000; includeSubDomains; preload'), (b'Access-Control-Allow-Origin', b'*'), (b'Access-Control-Allow-Methods', b'GET, POST, OPTIONS'), (b'Access-Control-Expose-Headers', b'Content-Length,Content-Type,Date,Server,Connection')])]
[2025-02-26 11:38:50,975]: [_client.py]: _send_single_request: 1740:       INFO:    [HTTP Request: POST https://api.telegram.org/bot6030805959:AAGUHAMxLYc-PrevgKouJ3ZyM7ktu56ftjo/sendDocument "HTTP/1.1 200 OK"]
[2025-02-26 11:38:50,976]: [_trace.py]: atrace: 87:       DEBUG:    [receive_response_body.started request=<Request [b'POST']>]
[2025-02-26 11:38:50,976]: [_trace.py]: atrace: 87:       DEBUG:    [receive_response_body.complete]
[2025-02-26 11:38:50,976]: [_trace.py]: atrace: 87:       DEBUG:    [response_closed.started]
[2025-02-26 11:38:50,976]: [_trace.py]: atrace: 87:       DEBUG:    [response_closed.complete]
[2025-02-26 11:38:50,976]: [_bot.py]: _do_post: 652:       DEBUG:    [Call to Bot API endpoint `sendDocument` finished with return value `{'message_id': 2197, 'from': {'id': 6030805959, 'is_bot': True, 'first_name': 'TyPHoone', 'username': 'TyPHoone_Project_bot'}, 'chat': {'id': -4119703192, 'title': 'Robocop', 'type': 'group', 'all_members_are_administrators': True}, 'date': 1740569930, 'document': {'file_name': '(2025_02_26--11_38).log', 'mime_type': 'text/plain', 'file_id': 'BQACAgQAAxkDAAIIlWe-_Upm2DxK4aiTj4b6n89_cFQIAAIIFQACqpD5USOhilYBWEXYNgQ', 'file_unique_id': 'AgADCBUAAqqQ-VE', 'file_size': 5937}}`]
[2025-02-26 11:38:50,977]: [_trace.py]: atrace: 87:       DEBUG:    [close.started]
[2025-02-26 11:38:50,977]: [_trace.py]: atrace: 87:       DEBUG:    [close.complete]
[2025-02-26 11:38:51,021]: [_bot.py]: _do_post: 643:       DEBUG:    [Calling Bot API endpoint `getMe` with parameters `{}`]
[2025-02-26 11:38:51,022]: [_trace.py]: atrace: 87:       DEBUG:    [connect_tcp.started host='api.telegram.org' port=443 local_address=None timeout=5.0 socket_options=None]
[2025-02-26 11:38:51,113]: [_trace.py]: atrace: 87:       DEBUG:    [connect_tcp.complete return_value=<httpcore._backends.anyio.AnyIOStream object at 0x7f2763b5eb40>]
[2025-02-26 11:38:51,113]: [_trace.py]: atrace: 87:       DEBUG:    [start_tls.started ssl_context=<ssl.SSLContext object at 0x7f2763b2f2d0> server_hostname='api.telegram.org' timeout=5.0]
[2025-02-26 11:38:51,208]: [_trace.py]: atrace: 87:       DEBUG:    [start_tls.complete return_value=<httpcore._backends.anyio.AnyIOStream object at 0x7f27634f4470>]
[2025-02-26 11:38:51,208]: [_trace.py]: atrace: 87:       DEBUG:    [send_request_headers.started request=<Request [b'POST']>]
[2025-02-26 11:38:51,208]: [_trace.py]: atrace: 87:       DEBUG:    [send_request_headers.complete]
[2025-02-26 11:38:51,208]: [_trace.py]: atrace: 87:       DEBUG:    [send_request_body.started request=<Request [b'POST']>]
[2025-02-26 11:38:51,209]: [_trace.py]: atrace: 87:       DEBUG:    [send_request_body.complete]
[2025-02-26 11:38:51,209]: [_trace.py]: atrace: 87:       DEBUG:    [receive_response_headers.started request=<Request [b'POST']>]
[2025-02-26 11:38:51,299]: [_trace.py]: atrace: 87:       DEBUG:    [receive_response_headers.complete return_value=(b'HTTP/1.1', 200, b'OK', [(b'Server', b'nginx/1.18.0'), (b'Date', b'Wed, 26 Feb 2025 11:38:51 GMT'), (b'Content-Type', b'application/json'), (b'Content-Length', b'258'), (b'Connection', b'keep-alive'), (b'Strict-Transport-Security', b'max-age=31536000; includeSubDomains; preload'), (b'Access-Control-Allow-Origin', b'*'), (b'Access-Control-Allow-Methods', b'GET, POST, OPTIONS'), (b'Access-Control-Expose-Headers', b'Content-Length,Content-Type,Date,Server,Connection')])]
[2025-02-26 11:38:51,300]: [_client.py]: _send_single_request: 1740:       INFO:    [HTTP Request: POST https://api.telegram.org/bot6030805959:AAGUHAMxLYc-PrevgKouJ3ZyM7ktu56ftjo/getMe "HTTP/1.1 200 OK"]
[2025-02-26 11:38:51,300]: [_trace.py]: atrace: 87:       DEBUG:    [receive_response_body.started request=<Request [b'POST']>]
[2025-02-26 11:38:51,300]: [_trace.py]: atrace: 87:       DEBUG:    [receive_response_body.complete]
[2025-02-26 11:38:51,300]: [_trace.py]: atrace: 87:       DEBUG:    [response_closed.started]
[2025-02-26 11:38:51,300]: [_trace.py]: atrace: 87:       DEBUG:    [response_closed.complete]
[2025-02-26 11:38:51,300]: [_bot.py]: _do_post: 652:       DEBUG:    [Call to Bot API endpoint `getMe` finished with return value `{'id': 6030805959, 'is_bot': True, 'first_name': 'TyPHoone', 'username': 'TyPHoone_Project_bot', 'can_join_groups': True, 'can_read_all_group_messages': False, 'supports_inline_queries': False, 'can_connect_to_business': False, 'has_main_web_app': False}`]
[2025-02-26 11:38:51,302]: [_bot.py]: _do_post: 643:       DEBUG:    [Calling Bot API endpoint `sendDocument` with parameters `{'chat_id': '-4119703192', 'document': <telegram._files.inputfile.InputFile object at 0x7f2763b84380>}`]
[2025-02-26 11:38:51,303]: [_trace.py]: atrace: 87:       DEBUG:    [send_request_headers.started request=<Request [b'POST']>]
[2025-02-26 11:38:51,303]: [_trace.py]: atrace: 87:       DEBUG:    [send_request_headers.complete]
[2025-02-26 11:38:51,303]: [_trace.py]: atrace: 87:       DEBUG:    [send_request_body.started request=<Request [b'POST']>]
[2025-02-26 11:38:52,138]: [_trace.py]: atrace: 87:       DEBUG:    [send_request_body.complete]
[2025-02-26 11:38:52,138]: [_trace.py]: atrace: 87:       DEBUG:    [receive_response_headers.started request=<Request [b'POST']>]
[2025-02-26 11:38:52,942]: [_trace.py]: atrace: 87:       DEBUG:    [receive_response_headers.complete return_value=(b'HTTP/1.1', 200, b'OK', [(b'Server', b'nginx/1.18.0'), (b'Date', b'Wed, 26 Feb 2025 11:38:52 GMT'), (b'Content-Type', b'application/json'), (b'Content-Length', b'478'), (b'Connection', b'keep-alive'), (b'Strict-Transport-Security', b'max-age=31536000; includeSubDomains; preload'), (b'Access-Control-Allow-Origin', b'*'), (b'Access-Control-Allow-Methods', b'GET, POST, OPTIONS'), (b'Access-Control-Expose-Headers', b'Content-Length,Content-Type,Date,Server,Connection')])]
[2025-02-26 11:38:52,942]: [_client.py]: _send_single_request: 1740:       INFO:    [HTTP Request: POST https://api.telegram.org/bot6030805959:AAGUHAMxLYc-PrevgKouJ3ZyM7ktu56ftjo/sendDocument "HTTP/1.1 200 OK"]
[2025-02-26 11:38:52,942]: [_trace.py]: atrace: 87:       DEBUG:    [receive_response_body.started request=<Request [b'POST']>]
[2025-02-26 11:38:52,942]: [_trace.py]: atrace: 87:       DEBUG:    [receive_response_body.complete]
[2025-02-26 11:38:52,942]: [_trace.py]: atrace: 87:       DEBUG:    [response_closed.started]
[2025-02-26 11:38:52,942]: [_trace.py]: atrace: 87:       DEBUG:    [response_closed.complete]
[2025-02-26 11:38:52,942]: [_bot.py]: _do_post: 652:       DEBUG:    [Call to Bot API endpoint `sendDocument` finished with return value `{'message_id': 2198, 'from': {'id': 6030805959, 'is_bot': True, 'first_name': 'TyPHoone', 'username': 'TyPHoone_Project_bot'}, 'chat': {'id': -4119703192, 'title': 'Robocop', 'type': 'group', 'all_members_are_administrators': True}, 'date': 1740569932, 'document': {'file_name': '(2025_02_26--11_38)output.zip', 'mime_type': 'application/zip', 'file_id': 'BQACAgQAAxkDAAIIlme-_UxOfb90OIks_g9Id8u9M_cdAAIJFQACqpD5UXgtUy-LRbyiNgQ', 'file_unique_id': 'AgADCRUAAqqQ-VE', 'file_size': 9851453}}`]
[2025-02-26 11:38:52,943]: [_trace.py]: atrace: 87:       DEBUG:    [close.started]
[2025-02-26 11:38:52,943]: [_trace.py]: atrace: 87:       DEBUG:    [close.complete]
[2025-02-26 11:38:52,943]: [Telegram_Sender.py]: runner: 61:       INFO:    [sent successfully]
[2025-02-26 11:38:52,944]: [Main.py]: <module>: 48:       INFO:    [Finished]
