[2026-02-22 11:47:51,900]: [Main.py]: <module>: 21:       INFO:    [Started]
[2026-02-22 11:47:53,479]: [Iron_Scraper.py]: Scrap: 32:       INFO:    [Data Scaraped Successfully]
[2026-02-22 11:47:53,683]: [Iron_Scraper.py]: Scrap: 70:       INFO:    [Scrapped Data Has No Problem]
[2026-02-22 11:47:53,684]: [Iron_Scraper.py]: Scrap: 83:       INFO:    [Data Saved Successfully]
[2026-02-22 11:47:53,684]: [Iron.py]: Run: 26:       INFO:    [Scraping Phase Completed]
[2026-02-22 11:47:53,684]: [Iron_Data_Processor.py]: Data_Reader: 61:       INFO:    [Data File Has Been Red Successfully]
[2026-02-22 11:47:53,684]: [Iron_Data_Processor.py]: Shaper: 78:       INFO:    [Data Shaped]
[2026-02-22 11:47:53,685]: [Iron_Data_Processor.py]: Process: 228:       INFO:    [Data Cleaned]
[2026-02-22 11:47:53,685]: [Iron_Data_Processor.py]: Make_Pages_Objects: 101:       INFO:    [Page Objects Has Been Made]
[2026-02-22 11:47:53,685]: [Iron_Data_Processor.py]: Make_Pages_Objects: 101:       INFO:    [Page Objects Has Been Made]
[2026-02-22 11:47:53,685]: [Iron_Data_Processor.py]: Load_Data: 118:       INFO:    [Data Has Been Load]
[2026-02-22 11:47:53,685]: [Iron_Data_Processor.py]: Load_Data: 118:       INFO:    [Data Has Been Load]
[2026-02-22 11:47:53,685]: [Iron_Data_Processor.py]: Load_positions: 140:       INFO:    [Positions Are Ready]
[2026-02-22 11:47:53,685]: [Iron_Data_Processor.py]: Load_positions: 140:       INFO:    [Positions Are Ready]
[2026-02-22 11:47:54,811]: [Iron_Data_Processor.py]: Make_Tagged_Images: 193:       INFO:    [Images Has Been Made]
[2026-02-22 11:47:55,767]: [Iron_Data_Processor.py]: Make_Tagged_Images: 193:       INFO:    [Images Has Been Made]
[2026-02-22 11:47:56,023]: [Iron_Data_Processor.py]: Make_Cover_Page: 215:       INFO:    [Made Cover Pages]
[2026-02-22 11:47:56,023]: [Iron.py]: Run: 29:       INFO:    [Imagination Phase Completed]
[2026-02-22 11:47:59,832]: [Phone_Scraper.py]: Scrap: 58:       INFO:    [Data Scraped]
[2026-02-22 11:47:59,832]: [Phone_Scraper.py]: Scrap: 71:       INFO:    [Scraped Data Successfully]
[2026-02-22 11:47:59,832]: [Phone.py]: Run: 26:       INFO:    [Scraping Phase Complete]
[2026-02-22 11:47:59,833]: [Phone_Data_Processor.py]: data_reader: 38:       INFO:    [Scraped Data Loaded]
[2026-02-22 11:47:59,833]: [Phone_Data_Processor.py]: filter_list: 65:       INFO:    [Persian Phrases Are deleted]
[2026-02-22 11:47:59,834]: [Phone_Data_Processor.py]: reshape_list: 87:       INFO:    [Date Reshaped]
[2026-02-22 11:47:59,834]: [Phone_Data_Processor.py]: separate_brands: 124:       INFO:    [Brands Are Separated]
[2026-02-22 11:47:59,834]: [Phone_Data_Processor.py]: delete_extra_spaces: 141:       INFO:    [Extra Spaces Are Deleted]
[2026-02-22 11:48:00,459]: [Phone.py]: Run: 29:       INFO:    [Imagination Phase Complete]
[2026-02-22 11:48:00,459]: [selector_events.py]: __init__: 64:       DEBUG:    [Using selector: EpollSelector]
[2026-02-22 11:48:00,731]: [_bot.py]: _do_post: 643:       DEBUG:    [Calling Bot API endpoint `getMe` with parameters `{}`]
[2026-02-22 11:48:00,736]: [_trace.py]: atrace: 87:       DEBUG:    [connect_tcp.started host='api.telegram.org' port=443 local_address=None timeout=5.0 socket_options=None]
[2026-02-22 11:48:00,872]: [_trace.py]: atrace: 87:       DEBUG:    [connect_tcp.complete return_value=<httpcore._backends.anyio.AnyIOStream object at 0x7fe595e2eba0>]
[2026-02-22 11:48:00,872]: [_trace.py]: atrace: 87:       DEBUG:    [start_tls.started ssl_context=<ssl.SSLContext object at 0x7fe595ecdc50> server_hostname='api.telegram.org' timeout=5.0]
[2026-02-22 11:48:00,977]: [_trace.py]: atrace: 87:       DEBUG:    [start_tls.complete return_value=<httpcore._backends.anyio.AnyIOStream object at 0x7fe596145130>]
[2026-02-22 11:48:00,977]: [_trace.py]: atrace: 87:       DEBUG:    [send_request_headers.started request=<Request [b'POST']>]
[2026-02-22 11:48:00,977]: [_trace.py]: atrace: 87:       DEBUG:    [send_request_headers.complete]
[2026-02-22 11:48:00,978]: [_trace.py]: atrace: 87:       DEBUG:    [send_request_body.started request=<Request [b'POST']>]
[2026-02-22 11:48:00,978]: [_trace.py]: atrace: 87:       DEBUG:    [send_request_body.complete]
[2026-02-22 11:48:00,978]: [_trace.py]: atrace: 87:       DEBUG:    [receive_response_headers.started request=<Request [b'POST']>]
[2026-02-22 11:48:03,598]: [_trace.py]: atrace: 87:       DEBUG:    [receive_response_headers.complete return_value=(b'HTTP/1.1', 401, b'Unauthorized', [(b'Server', b'nginx/1.18.0'), (b'Date', b'Sun, 22 Feb 2026 11:48:03 GMT'), (b'Content-Type', b'application/json'), (b'Content-Length', b'58'), (b'Connection', b'keep-alive'), (b'Strict-Transport-Security', b'max-age=31536000; includeSubDomains; preload'), (b'Access-Control-Allow-Origin', b'*'), (b'Access-Control-Expose-Headers', b'Content-Length,Content-Type,Date,Server,Connection')])]
[2026-02-22 11:48:03,598]: [_client.py]: _send_single_request: 1740:       INFO:    [HTTP Request: POST https://api.telegram.org/bot6030805959:AAGUHAMxLYc-PrevgKouJ3ZyM7ktu56ftjo/getMe "HTTP/1.1 401 Unauthorized"]
[2026-02-22 11:48:03,598]: [_trace.py]: atrace: 87:       DEBUG:    [receive_response_body.started request=<Request [b'POST']>]
[2026-02-22 11:48:03,598]: [_trace.py]: atrace: 87:       DEBUG:    [receive_response_body.complete]
[2026-02-22 11:48:03,599]: [_trace.py]: atrace: 87:       DEBUG:    [response_closed.started]
[2026-02-22 11:48:03,599]: [_trace.py]: atrace: 87:       DEBUG:    [response_closed.complete]
[2026-02-22 11:48:03,599]: [_bot.py]: shutdown: 777:       DEBUG:    [This Bot is already shut down. Returning.]
[2026-02-22 11:48:03,599]: [Telegram_Sender.py]: runner: 59:       CRITICAL:    [didnt sent]
[2026-02-22 11:48:03,600]: [Main.py]: <module>: 48:       INFO:    [Finished]
