[2025-01-15 11:39:04,794]: [Main.py]: <module>: 21:       INFO:    [Started]
[2025-01-15 11:39:06,452]: [Iron_Scraper.py]: Scrap: 32:       INFO:    [Data Scaraped Successfully]
[2025-01-15 11:39:06,501]: [Iron_Scraper.py]: Scrap: 70:       INFO:    [Scrapped Data Has No Problem]
[2025-01-15 11:39:06,501]: [Iron_Scraper.py]: Scrap: 83:       INFO:    [Data Saved Successfully]
[2025-01-15 11:39:06,501]: [Iron.py]: Run: 26:       INFO:    [Scraping Phase Completed]
[2025-01-15 11:39:06,501]: [Iron_Data_Processor.py]: Data_Reader: 61:       INFO:    [Data File Has Been Red Successfully]
[2025-01-15 11:39:06,501]: [Iron_Data_Processor.py]: Shaper: 78:       INFO:    [Data Shaped]
[2025-01-15 11:39:06,501]: [Iron_Data_Processor.py]: Process: 228:       INFO:    [Data Cleaned]
[2025-01-15 11:39:06,501]: [Iron_Data_Processor.py]: Make_Pages_Objects: 101:       INFO:    [Page Objects Has Been Made]
[2025-01-15 11:39:06,501]: [Iron_Data_Processor.py]: Make_Pages_Objects: 101:       INFO:    [Page Objects Has Been Made]
[2025-01-15 11:39:06,501]: [Iron_Data_Processor.py]: Load_Data: 118:       INFO:    [Data Has Been Load]
[2025-01-15 11:39:06,501]: [Iron_Data_Processor.py]: Load_Data: 118:       INFO:    [Data Has Been Load]
[2025-01-15 11:39:06,502]: [Iron_Data_Processor.py]: Load_positions: 140:       INFO:    [Positions Are Ready]
[2025-01-15 11:39:06,502]: [Iron_Data_Processor.py]: Load_positions: 140:       INFO:    [Positions Are Ready]
[2025-01-15 11:39:07,578]: [Iron_Data_Processor.py]: Make_Tagged_Images: 193:       INFO:    [Images Has Been Made]
[2025-01-15 11:39:08,471]: [Iron_Data_Processor.py]: Make_Tagged_Images: 193:       INFO:    [Images Has Been Made]
[2025-01-15 11:39:08,723]: [Iron_Data_Processor.py]: Make_Cover_Page: 215:       INFO:    [Made Cover Pages]
[2025-01-15 11:39:08,723]: [Iron.py]: Run: 29:       INFO:    [Imagination Phase Completed]
[2025-01-15 11:39:12,016]: [Phone_Scraper.py]: Scrap: 58:       INFO:    [Data Scraped]
[2025-01-15 11:39:12,016]: [Phone_Scraper.py]: Scrap: 71:       INFO:    [Scraped Data Successfully]
[2025-01-15 11:39:12,016]: [Phone.py]: Run: 26:       INFO:    [Scraping Phase Complete]
[2025-01-15 11:39:12,017]: [Phone_Data_Processor.py]: data_reader: 38:       INFO:    [Scraped Data Loaded]
[2025-01-15 11:39:12,018]: [Phone_Data_Processor.py]: filter_list: 65:       INFO:    [Persian Phrases Are deleted]
[2025-01-15 11:39:12,018]: [Phone_Data_Processor.py]: reshape_list: 87:       INFO:    [Date Reshaped]
[2025-01-15 11:39:12,018]: [Phone_Data_Processor.py]: separate_brands: 124:       INFO:    [Brands Are Separated]
[2025-01-15 11:39:12,019]: [Phone_Data_Processor.py]: delete_extra_spaces: 141:       INFO:    [Extra Spaces Are Deleted]
[2025-01-15 11:39:12,766]: [Phone.py]: Run: 29:       INFO:    [Imagination Phase Complete]
[2025-01-15 11:39:12,766]: [selector_events.py]: __init__: 64:       DEBUG:    [Using selector: EpollSelector]
[2025-01-15 11:39:13,037]: [_bot.py]: _do_post: 643:       DEBUG:    [Calling Bot API endpoint `getMe` with parameters `{}`]
[2025-01-15 11:39:13,042]: [_trace.py]: atrace: 87:       DEBUG:    [connect_tcp.started host='api.telegram.org' port=443 local_address=None timeout=5.0 socket_options=None]
[2025-01-15 11:39:13,174]: [_trace.py]: atrace: 87:       DEBUG:    [connect_tcp.complete return_value=<httpcore._backends.anyio.AnyIOStream object at 0x7f685857cbc0>]
[2025-01-15 11:39:13,174]: [_trace.py]: atrace: 87:       DEBUG:    [start_tls.started ssl_context=<ssl.SSLContext object at 0x7f6858c0ead0> server_hostname='api.telegram.org' timeout=5.0]
[2025-01-15 11:39:13,281]: [_trace.py]: atrace: 87:       DEBUG:    [start_tls.complete return_value=<httpcore._backends.anyio.AnyIOStream object at 0x7f68633012b0>]
[2025-01-15 11:39:13,281]: [_trace.py]: atrace: 87:       DEBUG:    [send_request_headers.started request=<Request [b'POST']>]
[2025-01-15 11:39:13,282]: [_trace.py]: atrace: 87:       DEBUG:    [send_request_headers.complete]
[2025-01-15 11:39:13,282]: [_trace.py]: atrace: 87:       DEBUG:    [send_request_body.started request=<Request [b'POST']>]
[2025-01-15 11:39:13,282]: [_trace.py]: atrace: 87:       DEBUG:    [send_request_body.complete]
[2025-01-15 11:39:13,282]: [_trace.py]: atrace: 87:       DEBUG:    [receive_response_headers.started request=<Request [b'POST']>]
[2025-01-15 11:39:13,391]: [_trace.py]: atrace: 87:       DEBUG:    [receive_response_headers.complete return_value=(b'HTTP/1.1', 200, b'OK', [(b'Server', b'nginx/1.18.0'), (b'Date', b'Wed, 15 Jan 2025 11:39:13 GMT'), (b'Content-Type', b'application/json'), (b'Content-Length', b'258'), (b'Connection', b'keep-alive'), (b'Strict-Transport-Security', b'max-age=31536000; includeSubDomains; preload'), (b'Access-Control-Allow-Origin', b'*'), (b'Access-Control-Allow-Methods', b'GET, POST, OPTIONS'), (b'Access-Control-Expose-Headers', b'Content-Length,Content-Type,Date,Server,Connection')])]
[2025-01-15 11:39:13,391]: [_client.py]: _send_single_request: 1740:       INFO:    [HTTP Request: POST https://api.telegram.org/bot6030805959:AAGUHAMxLYc-PrevgKouJ3ZyM7ktu56ftjo/getMe "HTTP/1.1 200 OK"]
[2025-01-15 11:39:13,391]: [_trace.py]: atrace: 87:       DEBUG:    [receive_response_body.started request=<Request [b'POST']>]
[2025-01-15 11:39:13,391]: [_trace.py]: atrace: 87:       DEBUG:    [receive_response_body.complete]
[2025-01-15 11:39:13,391]: [_trace.py]: atrace: 87:       DEBUG:    [response_closed.started]
[2025-01-15 11:39:13,391]: [_trace.py]: atrace: 87:       DEBUG:    [response_closed.complete]
[2025-01-15 11:39:13,392]: [_bot.py]: _do_post: 652:       DEBUG:    [Call to Bot API endpoint `getMe` finished with return value `{'id': 6030805959, 'is_bot': True, 'first_name': 'TyPHoone', 'username': 'TyPHoone_Project_bot', 'can_join_groups': True, 'can_read_all_group_messages': False, 'supports_inline_queries': False, 'can_connect_to_business': False, 'has_main_web_app': False}`]
[2025-01-15 11:39:13,395]: [_bot.py]: _do_post: 643:       DEBUG:    [Calling Bot API endpoint `sendDocument` with parameters `{'chat_id': '-4119703192', 'document': <telegram._files.inputfile.InputFile object at 0x7f68632b2340>}`]
[2025-01-15 11:39:13,396]: [_trace.py]: atrace: 87:       DEBUG:    [send_request_headers.started request=<Request [b'POST']>]
[2025-01-15 11:39:13,396]: [_trace.py]: atrace: 87:       DEBUG:    [send_request_headers.complete]
[2025-01-15 11:39:13,396]: [_trace.py]: atrace: 87:       DEBUG:    [send_request_body.started request=<Request [b'POST']>]
[2025-01-15 11:39:13,397]: [_trace.py]: atrace: 87:       DEBUG:    [send_request_body.complete]
[2025-01-15 11:39:13,397]: [_trace.py]: atrace: 87:       DEBUG:    [receive_response_headers.started request=<Request [b'POST']>]
[2025-01-15 11:39:13,688]: [_trace.py]: atrace: 87:       DEBUG:    [receive_response_headers.complete return_value=(b'HTTP/1.1', 200, b'OK', [(b'Server', b'nginx/1.18.0'), (b'Date', b'Wed, 15 Jan 2025 11:39:13 GMT'), (b'Content-Type', b'application/json'), (b'Content-Length', b'465'), (b'Connection', b'keep-alive'), (b'Strict-Transport-Security', b'max-age=31536000; includeSubDomains; preload'), (b'Access-Control-Allow-Origin', b'*'), (b'Access-Control-Allow-Methods', b'GET, POST, OPTIONS'), (b'Access-Control-Expose-Headers', b'Content-Length,Content-Type,Date,Server,Connection')])]
[2025-01-15 11:39:13,688]: [_client.py]: _send_single_request: 1740:       INFO:    [HTTP Request: POST https://api.telegram.org/bot6030805959:AAGUHAMxLYc-PrevgKouJ3ZyM7ktu56ftjo/sendDocument "HTTP/1.1 200 OK"]
[2025-01-15 11:39:13,688]: [_trace.py]: atrace: 87:       DEBUG:    [receive_response_body.started request=<Request [b'POST']>]
[2025-01-15 11:39:13,688]: [_trace.py]: atrace: 87:       DEBUG:    [receive_response_body.complete]
[2025-01-15 11:39:13,688]: [_trace.py]: atrace: 87:       DEBUG:    [response_closed.started]
[2025-01-15 11:39:13,688]: [_trace.py]: atrace: 87:       DEBUG:    [response_closed.complete]
[2025-01-15 11:39:13,689]: [_bot.py]: _do_post: 652:       DEBUG:    [Call to Bot API endpoint `sendDocument` finished with return value `{'message_id': 2113, 'from': {'id': 6030805959, 'is_bot': True, 'first_name': 'TyPHoone', 'username': 'TyPHoone_Project_bot'}, 'chat': {'id': -4119703192, 'title': 'Robocop', 'type': 'group', 'all_members_are_administrators': True}, 'date': 1736941153, 'document': {'file_name': '(2025_01_15--11_39).log', 'mime_type': 'text/plain', 'file_id': 'BQACAgQAAxkDAAIIQWeHnmG-u-neIAABM3ziPfvqMoupLgACiBgAAiyHOVCIDKF0Zq3puDYE', 'file_unique_id': 'AgADiBgAAiyHOVA', 'file_size': 5937}}`]
[2025-01-15 11:39:13,689]: [_trace.py]: atrace: 87:       DEBUG:    [close.started]
[2025-01-15 11:39:13,689]: [_trace.py]: atrace: 87:       DEBUG:    [close.complete]
[2025-01-15 11:39:13,733]: [_bot.py]: _do_post: 643:       DEBUG:    [Calling Bot API endpoint `getMe` with parameters `{}`]
[2025-01-15 11:39:13,733]: [_trace.py]: atrace: 87:       DEBUG:    [connect_tcp.started host='api.telegram.org' port=443 local_address=None timeout=5.0 socket_options=None]
[2025-01-15 11:39:13,839]: [_trace.py]: atrace: 87:       DEBUG:    [connect_tcp.complete return_value=<httpcore._backends.anyio.AnyIOStream object at 0x7f685843d490>]
[2025-01-15 11:39:13,840]: [_trace.py]: atrace: 87:       DEBUG:    [start_tls.started ssl_context=<ssl.SSLContext object at 0x7f6858c0e8d0> server_hostname='api.telegram.org' timeout=5.0]
[2025-01-15 11:39:13,949]: [_trace.py]: atrace: 87:       DEBUG:    [start_tls.complete return_value=<httpcore._backends.anyio.AnyIOStream object at 0x7f685857c620>]
[2025-01-15 11:39:13,949]: [_trace.py]: atrace: 87:       DEBUG:    [send_request_headers.started request=<Request [b'POST']>]
[2025-01-15 11:39:13,950]: [_trace.py]: atrace: 87:       DEBUG:    [send_request_headers.complete]
[2025-01-15 11:39:13,950]: [_trace.py]: atrace: 87:       DEBUG:    [send_request_body.started request=<Request [b'POST']>]
[2025-01-15 11:39:13,950]: [_trace.py]: atrace: 87:       DEBUG:    [send_request_body.complete]
[2025-01-15 11:39:13,950]: [_trace.py]: atrace: 87:       DEBUG:    [receive_response_headers.started request=<Request [b'POST']>]
[2025-01-15 11:39:14,055]: [_trace.py]: atrace: 87:       DEBUG:    [receive_response_headers.complete return_value=(b'HTTP/1.1', 200, b'OK', [(b'Server', b'nginx/1.18.0'), (b'Date', b'Wed, 15 Jan 2025 11:39:14 GMT'), (b'Content-Type', b'application/json'), (b'Content-Length', b'258'), (b'Connection', b'keep-alive'), (b'Strict-Transport-Security', b'max-age=31536000; includeSubDomains; preload'), (b'Access-Control-Allow-Origin', b'*'), (b'Access-Control-Allow-Methods', b'GET, POST, OPTIONS'), (b'Access-Control-Expose-Headers', b'Content-Length,Content-Type,Date,Server,Connection')])]
[2025-01-15 11:39:14,056]: [_client.py]: _send_single_request: 1740:       INFO:    [HTTP Request: POST https://api.telegram.org/bot6030805959:AAGUHAMxLYc-PrevgKouJ3ZyM7ktu56ftjo/getMe "HTTP/1.1 200 OK"]
[2025-01-15 11:39:14,056]: [_trace.py]: atrace: 87:       DEBUG:    [receive_response_body.started request=<Request [b'POST']>]
[2025-01-15 11:39:14,056]: [_trace.py]: atrace: 87:       DEBUG:    [receive_response_body.complete]
[2025-01-15 11:39:14,056]: [_trace.py]: atrace: 87:       DEBUG:    [response_closed.started]
[2025-01-15 11:39:14,056]: [_trace.py]: atrace: 87:       DEBUG:    [response_closed.complete]
[2025-01-15 11:39:14,056]: [_bot.py]: _do_post: 652:       DEBUG:    [Call to Bot API endpoint `getMe` finished with return value `{'id': 6030805959, 'is_bot': True, 'first_name': 'TyPHoone', 'username': 'TyPHoone_Project_bot', 'can_join_groups': True, 'can_read_all_group_messages': False, 'supports_inline_queries': False, 'can_connect_to_business': False, 'has_main_web_app': False}`]
[2025-01-15 11:39:14,059]: [_bot.py]: _do_post: 643:       DEBUG:    [Calling Bot API endpoint `sendDocument` with parameters `{'chat_id': '-4119703192', 'document': <telegram._files.inputfile.InputFile object at 0x7f68585d4f40>}`]
[2025-01-15 11:39:14,059]: [_trace.py]: atrace: 87:       DEBUG:    [send_request_headers.started request=<Request [b'POST']>]
[2025-01-15 11:39:14,059]: [_trace.py]: atrace: 87:       DEBUG:    [send_request_headers.complete]
[2025-01-15 11:39:14,059]: [_trace.py]: atrace: 87:       DEBUG:    [send_request_body.started request=<Request [b'POST']>]
[2025-01-15 11:39:15,127]: [_trace.py]: atrace: 87:       DEBUG:    [send_request_body.complete]
[2025-01-15 11:39:15,127]: [_trace.py]: atrace: 87:       DEBUG:    [receive_response_headers.started request=<Request [b'POST']>]
[2025-01-15 11:39:16,335]: [_trace.py]: atrace: 87:       DEBUG:    [receive_response_headers.complete return_value=(b'HTTP/1.1', 200, b'OK', [(b'Server', b'nginx/1.18.0'), (b'Date', b'Wed, 15 Jan 2025 11:39:16 GMT'), (b'Content-Type', b'application/json'), (b'Content-Length', b'479'), (b'Connection', b'keep-alive'), (b'Strict-Transport-Security', b'max-age=31536000; includeSubDomains; preload'), (b'Access-Control-Allow-Origin', b'*'), (b'Access-Control-Allow-Methods', b'GET, POST, OPTIONS'), (b'Access-Control-Expose-Headers', b'Content-Length,Content-Type,Date,Server,Connection')])]
[2025-01-15 11:39:16,335]: [_client.py]: _send_single_request: 1740:       INFO:    [HTTP Request: POST https://api.telegram.org/bot6030805959:AAGUHAMxLYc-PrevgKouJ3ZyM7ktu56ftjo/sendDocument "HTTP/1.1 200 OK"]
[2025-01-15 11:39:16,335]: [_trace.py]: atrace: 87:       DEBUG:    [receive_response_body.started request=<Request [b'POST']>]
[2025-01-15 11:39:16,335]: [_trace.py]: atrace: 87:       DEBUG:    [receive_response_body.complete]
[2025-01-15 11:39:16,335]: [_trace.py]: atrace: 87:       DEBUG:    [response_closed.started]
[2025-01-15 11:39:16,336]: [_trace.py]: atrace: 87:       DEBUG:    [response_closed.complete]
[2025-01-15 11:39:16,336]: [_bot.py]: _do_post: 652:       DEBUG:    [Call to Bot API endpoint `sendDocument` finished with return value `{'message_id': 2114, 'from': {'id': 6030805959, 'is_bot': True, 'first_name': 'TyPHoone', 'username': 'TyPHoone_Project_bot'}, 'chat': {'id': -4119703192, 'title': 'Robocop', 'type': 'group', 'all_members_are_administrators': True}, 'date': 1736941156, 'document': {'file_name': '(2025_01_15--11_39)output.zip', 'mime_type': 'application/zip', 'file_id': 'BQACAgQAAxkDAAIIQmeHnmNi3yFdAAEwirPl3HwIX9WwRwACihgAAiyHOVCxB0_PZULtTTYE', 'file_unique_id': 'AgADihgAAiyHOVA', 'file_size': 9839858}}`]
[2025-01-15 11:39:16,336]: [_trace.py]: atrace: 87:       DEBUG:    [close.started]
[2025-01-15 11:39:16,336]: [_trace.py]: atrace: 87:       DEBUG:    [close.complete]
[2025-01-15 11:39:16,336]: [Telegram_Sender.py]: runner: 61:       INFO:    [sent successfully]
[2025-01-15 11:39:16,337]: [Main.py]: <module>: 48:       INFO:    [Finished]
