[2025-04-13 11:38:57,260]: [Main.py]: <module>: 21:       INFO:    [Started]
[2025-04-13 11:38:59,255]: [Iron_Scraper.py]: Scrap: 32:       INFO:    [Data Scaraped Successfully]
[2025-04-13 11:38:59,452]: [Iron_Scraper.py]: Scrap: 70:       INFO:    [Scrapped Data Has No Problem]
[2025-04-13 11:38:59,453]: [Iron_Scraper.py]: Scrap: 83:       INFO:    [Data Saved Successfully]
[2025-04-13 11:38:59,453]: [Iron.py]: Run: 26:       INFO:    [Scraping Phase Completed]
[2025-04-13 11:38:59,453]: [Iron_Data_Processor.py]: Data_Reader: 61:       INFO:    [Data File Has Been Red Successfully]
[2025-04-13 11:38:59,453]: [Iron_Data_Processor.py]: Shaper: 78:       INFO:    [Data Shaped]
[2025-04-13 11:38:59,453]: [Iron_Data_Processor.py]: Process: 228:       INFO:    [Data Cleaned]
[2025-04-13 11:38:59,454]: [Iron_Data_Processor.py]: Make_Pages_Objects: 101:       INFO:    [Page Objects Has Been Made]
[2025-04-13 11:38:59,454]: [Iron_Data_Processor.py]: Make_Pages_Objects: 101:       INFO:    [Page Objects Has Been Made]
[2025-04-13 11:38:59,454]: [Iron_Data_Processor.py]: Load_Data: 118:       INFO:    [Data Has Been Load]
[2025-04-13 11:38:59,454]: [Iron_Data_Processor.py]: Load_Data: 118:       INFO:    [Data Has Been Load]
[2025-04-13 11:38:59,454]: [Iron_Data_Processor.py]: Load_positions: 140:       INFO:    [Positions Are Ready]
[2025-04-13 11:38:59,454]: [Iron_Data_Processor.py]: Load_positions: 140:       INFO:    [Positions Are Ready]
[2025-04-13 11:39:00,554]: [Iron_Data_Processor.py]: Make_Tagged_Images: 193:       INFO:    [Images Has Been Made]
[2025-04-13 11:39:01,500]: [Iron_Data_Processor.py]: Make_Tagged_Images: 193:       INFO:    [Images Has Been Made]
[2025-04-13 11:39:01,753]: [Iron_Data_Processor.py]: Make_Cover_Page: 215:       INFO:    [Made Cover Pages]
[2025-04-13 11:39:01,753]: [Iron.py]: Run: 29:       INFO:    [Imagination Phase Completed]
[2025-04-13 11:39:14,849]: [Phone_Scraper.py]: Scrap: 58:       INFO:    [Data Scraped]
[2025-04-13 11:39:14,849]: [Phone_Scraper.py]: Scrap: 71:       INFO:    [Scraped Data Successfully]
[2025-04-13 11:39:14,849]: [Phone.py]: Run: 26:       INFO:    [Scraping Phase Complete]
[2025-04-13 11:39:14,850]: [Phone_Data_Processor.py]: data_reader: 38:       INFO:    [Scraped Data Loaded]
[2025-04-13 11:39:14,850]: [Phone_Data_Processor.py]: filter_list: 65:       INFO:    [Persian Phrases Are deleted]
[2025-04-13 11:39:14,851]: [Phone_Data_Processor.py]: reshape_list: 87:       INFO:    [Date Reshaped]
[2025-04-13 11:39:14,851]: [Phone_Data_Processor.py]: separate_brands: 124:       INFO:    [Brands Are Separated]
[2025-04-13 11:39:14,851]: [Phone_Data_Processor.py]: delete_extra_spaces: 141:       INFO:    [Extra Spaces Are Deleted]
[2025-04-13 11:39:15,584]: [Phone.py]: Run: 29:       INFO:    [Imagination Phase Complete]
[2025-04-13 11:39:15,584]: [selector_events.py]: __init__: 64:       DEBUG:    [Using selector: EpollSelector]
[2025-04-13 11:39:15,853]: [_bot.py]: _do_post: 643:       DEBUG:    [Calling Bot API endpoint `getMe` with parameters `{}`]
[2025-04-13 11:39:15,857]: [_trace.py]: atrace: 87:       DEBUG:    [connect_tcp.started host='api.telegram.org' port=443 local_address=None timeout=5.0 socket_options=None]
[2025-04-13 11:39:16,084]: [_trace.py]: atrace: 87:       DEBUG:    [connect_tcp.complete return_value=<httpcore._backends.anyio.AnyIOStream object at 0x7fe6b3b4c2c0>]
[2025-04-13 11:39:16,084]: [_trace.py]: atrace: 87:       DEBUG:    [start_tls.started ssl_context=<ssl.SSLContext object at 0x7fe6abfa8350> server_hostname='api.telegram.org' timeout=5.0]
[2025-04-13 11:39:16,237]: [_trace.py]: atrace: 87:       DEBUG:    [start_tls.complete return_value=<httpcore._backends.anyio.AnyIOStream object at 0x7fe6aba5f080>]
[2025-04-13 11:39:16,237]: [_trace.py]: atrace: 87:       DEBUG:    [send_request_headers.started request=<Request [b'POST']>]
[2025-04-13 11:39:16,237]: [_trace.py]: atrace: 87:       DEBUG:    [send_request_headers.complete]
[2025-04-13 11:39:16,237]: [_trace.py]: atrace: 87:       DEBUG:    [send_request_body.started request=<Request [b'POST']>]
[2025-04-13 11:39:16,238]: [_trace.py]: atrace: 87:       DEBUG:    [send_request_body.complete]
[2025-04-13 11:39:16,238]: [_trace.py]: atrace: 87:       DEBUG:    [receive_response_headers.started request=<Request [b'POST']>]
[2025-04-13 11:39:16,387]: [_trace.py]: atrace: 87:       DEBUG:    [receive_response_headers.complete return_value=(b'HTTP/1.1', 200, b'OK', [(b'Server', b'nginx/1.18.0'), (b'Date', b'Sun, 13 Apr 2025 11:39:16 GMT'), (b'Content-Type', b'application/json'), (b'Content-Length', b'258'), (b'Connection', b'keep-alive'), (b'Strict-Transport-Security', b'max-age=31536000; includeSubDomains; preload'), (b'Access-Control-Allow-Origin', b'*'), (b'Access-Control-Allow-Methods', b'GET, POST, OPTIONS'), (b'Access-Control-Expose-Headers', b'Content-Length,Content-Type,Date,Server,Connection')])]
[2025-04-13 11:39:16,387]: [_client.py]: _send_single_request: 1740:       INFO:    [HTTP Request: POST https://api.telegram.org/bot6030805959:AAGUHAMxLYc-PrevgKouJ3ZyM7ktu56ftjo/getMe "HTTP/1.1 200 OK"]
[2025-04-13 11:39:16,387]: [_trace.py]: atrace: 87:       DEBUG:    [receive_response_body.started request=<Request [b'POST']>]
[2025-04-13 11:39:16,388]: [_trace.py]: atrace: 87:       DEBUG:    [receive_response_body.complete]
[2025-04-13 11:39:16,388]: [_trace.py]: atrace: 87:       DEBUG:    [response_closed.started]
[2025-04-13 11:39:16,388]: [_trace.py]: atrace: 87:       DEBUG:    [response_closed.complete]
[2025-04-13 11:39:16,388]: [_bot.py]: _do_post: 652:       DEBUG:    [Call to Bot API endpoint `getMe` finished with return value `{'id': 6030805959, 'is_bot': True, 'first_name': 'TyPHoone', 'username': 'TyPHoone_Project_bot', 'can_join_groups': True, 'can_read_all_group_messages': False, 'supports_inline_queries': False, 'can_connect_to_business': False, 'has_main_web_app': False}`]
[2025-04-13 11:39:16,391]: [_bot.py]: _do_post: 643:       DEBUG:    [Calling Bot API endpoint `sendDocument` with parameters `{'chat_id': '-4119703192', 'document': <telegram._files.inputfile.InputFile object at 0x7fe6ab56d5c0>}`]
[2025-04-13 11:39:16,391]: [_trace.py]: atrace: 87:       DEBUG:    [send_request_headers.started request=<Request [b'POST']>]
[2025-04-13 11:39:16,391]: [_trace.py]: atrace: 87:       DEBUG:    [send_request_headers.complete]
[2025-04-13 11:39:16,391]: [_trace.py]: atrace: 87:       DEBUG:    [send_request_body.started request=<Request [b'POST']>]
[2025-04-13 11:39:16,392]: [_trace.py]: atrace: 87:       DEBUG:    [send_request_body.complete]
[2025-04-13 11:39:16,392]: [_trace.py]: atrace: 87:       DEBUG:    [receive_response_headers.started request=<Request [b'POST']>]
[2025-04-13 11:39:16,819]: [_trace.py]: atrace: 87:       DEBUG:    [receive_response_headers.complete return_value=(b'HTTP/1.1', 200, b'OK', [(b'Server', b'nginx/1.18.0'), (b'Date', b'Sun, 13 Apr 2025 11:39:16 GMT'), (b'Content-Type', b'application/json'), (b'Content-Length', b'584'), (b'Connection', b'keep-alive'), (b'Strict-Transport-Security', b'max-age=31536000; includeSubDomains; preload'), (b'Access-Control-Allow-Origin', b'*'), (b'Access-Control-Allow-Methods', b'GET, POST, OPTIONS'), (b'Access-Control-Expose-Headers', b'Content-Length,Content-Type,Date,Server,Connection')])]
[2025-04-13 11:39:16,819]: [_client.py]: _send_single_request: 1740:       INFO:    [HTTP Request: POST https://api.telegram.org/bot6030805959:AAGUHAMxLYc-PrevgKouJ3ZyM7ktu56ftjo/sendDocument "HTTP/1.1 200 OK"]
[2025-04-13 11:39:16,819]: [_trace.py]: atrace: 87:       DEBUG:    [receive_response_body.started request=<Request [b'POST']>]
[2025-04-13 11:39:16,819]: [_trace.py]: atrace: 87:       DEBUG:    [receive_response_body.complete]
[2025-04-13 11:39:16,819]: [_trace.py]: atrace: 87:       DEBUG:    [response_closed.started]
[2025-04-13 11:39:16,820]: [_trace.py]: atrace: 87:       DEBUG:    [response_closed.complete]
[2025-04-13 11:39:16,820]: [_bot.py]: _do_post: 652:       DEBUG:    [Call to Bot API endpoint `sendDocument` finished with return value `{'message_id': 2291, 'from': {'id': 6030805959, 'is_bot': True, 'first_name': 'TyPHoone', 'username': 'TyPHoone_Project_bot'}, 'chat': {'id': -4119703192, 'title': 'Robocop', 'type': 'group', 'all_members_are_administrators': True, 'accepted_gift_types': {'unlimited_gifts': False, 'limited_gifts': False, 'unique_gifts': False, 'premium_subscription': False}}, 'date': 1744544356, 'document': {'file_name': '(2025_04_13--11_38).log', 'mime_type': 'text/plain', 'file_id': 'BQACAgQAAxkDAAII82f7omRlBSCxiQSCU6OV0corLkdKAAIpFQACTG7gU70CY-OcrpyuNgQ', 'file_unique_id': 'AgADKRUAAkxu4FM', 'file_size': 5937}}`]
[2025-04-13 11:39:16,820]: [_trace.py]: atrace: 87:       DEBUG:    [close.started]
[2025-04-13 11:39:16,820]: [_trace.py]: atrace: 87:       DEBUG:    [close.complete]
[2025-04-13 11:39:16,865]: [_bot.py]: _do_post: 643:       DEBUG:    [Calling Bot API endpoint `getMe` with parameters `{}`]
[2025-04-13 11:39:16,866]: [_trace.py]: atrace: 87:       DEBUG:    [connect_tcp.started host='api.telegram.org' port=443 local_address=None timeout=5.0 socket_options=None]
[2025-04-13 11:39:17,007]: [_trace.py]: atrace: 87:       DEBUG:    [connect_tcp.complete return_value=<httpcore._backends.anyio.AnyIOStream object at 0x7fe6ab59e960>]
[2025-04-13 11:39:17,008]: [_trace.py]: atrace: 87:       DEBUG:    [start_tls.started ssl_context=<ssl.SSLContext object at 0x7fe6abf3fc50> server_hostname='api.telegram.org' timeout=5.0]
[2025-04-13 11:39:17,150]: [_trace.py]: atrace: 87:       DEBUG:    [start_tls.complete return_value=<httpcore._backends.anyio.AnyIOStream object at 0x7fe6abaf0620>]
[2025-04-13 11:39:17,150]: [_trace.py]: atrace: 87:       DEBUG:    [send_request_headers.started request=<Request [b'POST']>]
[2025-04-13 11:39:17,150]: [_trace.py]: atrace: 87:       DEBUG:    [send_request_headers.complete]
[2025-04-13 11:39:17,150]: [_trace.py]: atrace: 87:       DEBUG:    [send_request_body.started request=<Request [b'POST']>]
[2025-04-13 11:39:17,150]: [_trace.py]: atrace: 87:       DEBUG:    [send_request_body.complete]
[2025-04-13 11:39:17,150]: [_trace.py]: atrace: 87:       DEBUG:    [receive_response_headers.started request=<Request [b'POST']>]
[2025-04-13 11:39:17,292]: [_trace.py]: atrace: 87:       DEBUG:    [receive_response_headers.complete return_value=(b'HTTP/1.1', 200, b'OK', [(b'Server', b'nginx/1.18.0'), (b'Date', b'Sun, 13 Apr 2025 11:39:17 GMT'), (b'Content-Type', b'application/json'), (b'Content-Length', b'258'), (b'Connection', b'keep-alive'), (b'Strict-Transport-Security', b'max-age=31536000; includeSubDomains; preload'), (b'Access-Control-Allow-Origin', b'*'), (b'Access-Control-Allow-Methods', b'GET, POST, OPTIONS'), (b'Access-Control-Expose-Headers', b'Content-Length,Content-Type,Date,Server,Connection')])]
[2025-04-13 11:39:17,292]: [_client.py]: _send_single_request: 1740:       INFO:    [HTTP Request: POST https://api.telegram.org/bot6030805959:AAGUHAMxLYc-PrevgKouJ3ZyM7ktu56ftjo/getMe "HTTP/1.1 200 OK"]
[2025-04-13 11:39:17,292]: [_trace.py]: atrace: 87:       DEBUG:    [receive_response_body.started request=<Request [b'POST']>]
[2025-04-13 11:39:17,292]: [_trace.py]: atrace: 87:       DEBUG:    [receive_response_body.complete]
[2025-04-13 11:39:17,292]: [_trace.py]: atrace: 87:       DEBUG:    [response_closed.started]
[2025-04-13 11:39:17,292]: [_trace.py]: atrace: 87:       DEBUG:    [response_closed.complete]
[2025-04-13 11:39:17,293]: [_bot.py]: _do_post: 652:       DEBUG:    [Call to Bot API endpoint `getMe` finished with return value `{'id': 6030805959, 'is_bot': True, 'first_name': 'TyPHoone', 'username': 'TyPHoone_Project_bot', 'can_join_groups': True, 'can_read_all_group_messages': False, 'supports_inline_queries': False, 'can_connect_to_business': False, 'has_main_web_app': False}`]
[2025-04-13 11:39:17,295]: [_bot.py]: _do_post: 643:       DEBUG:    [Calling Bot API endpoint `sendDocument` with parameters `{'chat_id': '-4119703192', 'document': <telegram._files.inputfile.InputFile object at 0x7fe6abf99440>}`]
[2025-04-13 11:39:17,296]: [_trace.py]: atrace: 87:       DEBUG:    [send_request_headers.started request=<Request [b'POST']>]
[2025-04-13 11:39:17,296]: [_trace.py]: atrace: 87:       DEBUG:    [send_request_headers.complete]
[2025-04-13 11:39:17,296]: [_trace.py]: atrace: 87:       DEBUG:    [send_request_body.started request=<Request [b'POST']>]
[2025-04-13 11:39:18,707]: [_trace.py]: atrace: 87:       DEBUG:    [send_request_body.complete]
[2025-04-13 11:39:18,707]: [_trace.py]: atrace: 87:       DEBUG:    [receive_response_headers.started request=<Request [b'POST']>]
[2025-04-13 11:39:19,793]: [_trace.py]: atrace: 87:       DEBUG:    [receive_response_headers.complete return_value=(b'HTTP/1.1', 200, b'OK', [(b'Server', b'nginx/1.18.0'), (b'Date', b'Sun, 13 Apr 2025 11:39:19 GMT'), (b'Content-Type', b'application/json'), (b'Content-Length', b'599'), (b'Connection', b'keep-alive'), (b'Strict-Transport-Security', b'max-age=31536000; includeSubDomains; preload'), (b'Access-Control-Allow-Origin', b'*'), (b'Access-Control-Allow-Methods', b'GET, POST, OPTIONS'), (b'Access-Control-Expose-Headers', b'Content-Length,Content-Type,Date,Server,Connection')])]
[2025-04-13 11:39:19,793]: [_client.py]: _send_single_request: 1740:       INFO:    [HTTP Request: POST https://api.telegram.org/bot6030805959:AAGUHAMxLYc-PrevgKouJ3ZyM7ktu56ftjo/sendDocument "HTTP/1.1 200 OK"]
[2025-04-13 11:39:19,793]: [_trace.py]: atrace: 87:       DEBUG:    [receive_response_body.started request=<Request [b'POST']>]
[2025-04-13 11:39:19,793]: [_trace.py]: atrace: 87:       DEBUG:    [receive_response_body.complete]
[2025-04-13 11:39:19,794]: [_trace.py]: atrace: 87:       DEBUG:    [response_closed.started]
[2025-04-13 11:39:19,794]: [_trace.py]: atrace: 87:       DEBUG:    [response_closed.complete]
[2025-04-13 11:39:19,794]: [_bot.py]: _do_post: 652:       DEBUG:    [Call to Bot API endpoint `sendDocument` finished with return value `{'message_id': 2292, 'from': {'id': 6030805959, 'is_bot': True, 'first_name': 'TyPHoone', 'username': 'TyPHoone_Project_bot'}, 'chat': {'id': -4119703192, 'title': 'Robocop', 'type': 'group', 'all_members_are_administrators': True, 'accepted_gift_types': {'unlimited_gifts': False, 'limited_gifts': False, 'unique_gifts': False, 'premium_subscription': False}}, 'date': 1744544359, 'document': {'file_name': '(2025_04_13--11_38)output.zip', 'mime_type': 'application/zip', 'file_id': 'BQACAgQAAxkDAAII9Gf7omcqBIBIbP-HMvPZZFwx8vRuAAIqFQACTG7gU-8U0KoB07F0NgQ', 'file_unique_id': 'AgADKhUAAkxu4FM', 'file_size': 10121188}}`]
[2025-04-13 11:39:19,794]: [_trace.py]: atrace: 87:       DEBUG:    [close.started]
[2025-04-13 11:39:19,794]: [_trace.py]: atrace: 87:       DEBUG:    [close.complete]
[2025-04-13 11:39:19,794]: [Telegram_Sender.py]: runner: 61:       INFO:    [sent successfully]
[2025-04-13 11:39:19,795]: [Main.py]: <module>: 48:       INFO:    [Finished]
