[2024-10-16 11:39:26,612]: [Main.py]: <module>: 21:       INFO:    [Started]
[2024-10-16 11:39:28,606]: [Iron_Scraper.py]: Scrap: 32:       INFO:    [Data Scaraped Successfully]
[2024-10-16 11:39:28,795]: [Iron_Scraper.py]: Scrap: 70:       INFO:    [Scrapped Data Has No Problem]
[2024-10-16 11:39:28,796]: [Iron_Scraper.py]: Scrap: 83:       INFO:    [Data Saved Successfully]
[2024-10-16 11:39:28,796]: [Iron.py]: Run: 26:       INFO:    [Scraping Phase Completed]
[2024-10-16 11:39:28,796]: [Iron_Data_Processor.py]: Data_Reader: 61:       INFO:    [Data File Has Been Red Successfully]
[2024-10-16 11:39:28,796]: [Iron_Data_Processor.py]: Shaper: 78:       INFO:    [Data Shaped]
[2024-10-16 11:39:28,797]: [Iron_Data_Processor.py]: Process: 228:       INFO:    [Data Cleaned]
[2024-10-16 11:39:28,797]: [Iron_Data_Processor.py]: Make_Pages_Objects: 101:       INFO:    [Page Objects Has Been Made]
[2024-10-16 11:39:28,797]: [Iron_Data_Processor.py]: Make_Pages_Objects: 101:       INFO:    [Page Objects Has Been Made]
[2024-10-16 11:39:28,797]: [Iron_Data_Processor.py]: Load_Data: 118:       INFO:    [Data Has Been Load]
[2024-10-16 11:39:28,797]: [Iron_Data_Processor.py]: Load_Data: 118:       INFO:    [Data Has Been Load]
[2024-10-16 11:39:28,797]: [Iron_Data_Processor.py]: Load_positions: 140:       INFO:    [Positions Are Ready]
[2024-10-16 11:39:28,797]: [Iron_Data_Processor.py]: Load_positions: 140:       INFO:    [Positions Are Ready]
[2024-10-16 11:39:29,924]: [Iron_Data_Processor.py]: Make_Tagged_Images: 193:       INFO:    [Images Has Been Made]
[2024-10-16 11:39:30,878]: [Iron_Data_Processor.py]: Make_Tagged_Images: 193:       INFO:    [Images Has Been Made]
[2024-10-16 11:39:31,133]: [Iron_Data_Processor.py]: Make_Cover_Page: 215:       INFO:    [Made Cover Pages]
[2024-10-16 11:39:31,133]: [Iron.py]: Run: 29:       INFO:    [Imagination Phase Completed]
[2024-10-16 11:39:34,460]: [Phone_Scraper.py]: Scrap: 58:       INFO:    [Data Scraped]
[2024-10-16 11:39:34,460]: [Phone_Scraper.py]: Scrap: 71:       INFO:    [Scraped Data Successfully]
[2024-10-16 11:39:34,460]: [Phone.py]: Run: 26:       INFO:    [Scraping Phase Complete]
[2024-10-16 11:39:34,460]: [Phone_Data_Processor.py]: data_reader: 38:       INFO:    [Scraped Data Loaded]
[2024-10-16 11:39:34,462]: [Phone_Data_Processor.py]: filter_list: 65:       INFO:    [Persian Phrases Are deleted]
[2024-10-16 11:39:34,462]: [Phone_Data_Processor.py]: reshape_list: 87:       INFO:    [Date Reshaped]
[2024-10-16 11:39:34,463]: [Phone_Data_Processor.py]: separate_brands: 124:       INFO:    [Brands Are Separated]
[2024-10-16 11:39:34,463]: [Phone_Data_Processor.py]: delete_extra_spaces: 141:       INFO:    [Extra Spaces Are Deleted]
[2024-10-16 11:39:35,237]: [Phone.py]: Run: 29:       INFO:    [Imagination Phase Complete]
[2024-10-16 11:39:35,237]: [selector_events.py]: __init__: 64:       DEBUG:    [Using selector: EpollSelector]
[2024-10-16 11:39:35,578]: [_bot.py]: _do_post: 643:       DEBUG:    [Calling Bot API endpoint `getMe` with parameters `{}`]
[2024-10-16 11:39:35,583]: [_trace.py]: atrace: 85:       DEBUG:    [connect_tcp.started host='api.telegram.org' port=443 local_address=None timeout=5.0 socket_options=None]
[2024-10-16 11:39:35,798]: [_trace.py]: atrace: 85:       DEBUG:    [connect_tcp.complete return_value=<httpcore._backends.anyio.AnyIOStream object at 0x7f29a2d09880>]
[2024-10-16 11:39:35,798]: [_trace.py]: atrace: 85:       DEBUG:    [start_tls.started ssl_context=<ssl.SSLContext object at 0x7f29a2b3bad0> server_hostname='api.telegram.org' timeout=5.0]
[2024-10-16 11:39:35,951]: [_trace.py]: atrace: 85:       DEBUG:    [start_tls.complete return_value=<httpcore._backends.anyio.AnyIOStream object at 0x7f29a2c62c00>]
[2024-10-16 11:39:35,951]: [_trace.py]: atrace: 85:       DEBUG:    [send_request_headers.started request=<Request [b'POST']>]
[2024-10-16 11:39:35,951]: [_trace.py]: atrace: 85:       DEBUG:    [send_request_headers.complete]
[2024-10-16 11:39:35,951]: [_trace.py]: atrace: 85:       DEBUG:    [send_request_body.started request=<Request [b'POST']>]
[2024-10-16 11:39:35,952]: [_trace.py]: atrace: 85:       DEBUG:    [send_request_body.complete]
[2024-10-16 11:39:35,952]: [_trace.py]: atrace: 85:       DEBUG:    [receive_response_headers.started request=<Request [b'POST']>]
[2024-10-16 11:39:36,102]: [_trace.py]: atrace: 85:       DEBUG:    [receive_response_headers.complete return_value=(b'HTTP/1.1', 200, b'OK', [(b'Server', b'nginx/1.18.0'), (b'Date', b'Wed, 16 Oct 2024 11:39:36 GMT'), (b'Content-Type', b'application/json'), (b'Content-Length', b'258'), (b'Connection', b'keep-alive'), (b'Strict-Transport-Security', b'max-age=31536000; includeSubDomains; preload'), (b'Access-Control-Allow-Origin', b'*'), (b'Access-Control-Allow-Methods', b'GET, POST, OPTIONS'), (b'Access-Control-Expose-Headers', b'Content-Length,Content-Type,Date,Server,Connection')])]
[2024-10-16 11:39:36,102]: [_client.py]: _send_single_request: 1786:       INFO:    [HTTP Request: POST https://api.telegram.org/bot6030805959:AAGUHAMxLYc-PrevgKouJ3ZyM7ktu56ftjo/getMe "HTTP/1.1 200 OK"]
[2024-10-16 11:39:36,103]: [_trace.py]: atrace: 85:       DEBUG:    [receive_response_body.started request=<Request [b'POST']>]
[2024-10-16 11:39:36,103]: [_trace.py]: atrace: 85:       DEBUG:    [receive_response_body.complete]
[2024-10-16 11:39:36,103]: [_trace.py]: atrace: 85:       DEBUG:    [response_closed.started]
[2024-10-16 11:39:36,103]: [_trace.py]: atrace: 85:       DEBUG:    [response_closed.complete]
[2024-10-16 11:39:36,103]: [_bot.py]: _do_post: 652:       DEBUG:    [Call to Bot API endpoint `getMe` finished with return value `{'id': 6030805959, 'is_bot': True, 'first_name': 'TyPHoone', 'username': 'TyPHoone_Project_bot', 'can_join_groups': True, 'can_read_all_group_messages': False, 'supports_inline_queries': False, 'can_connect_to_business': False, 'has_main_web_app': False}`]
[2024-10-16 11:39:36,106]: [_bot.py]: _do_post: 643:       DEBUG:    [Calling Bot API endpoint `sendDocument` with parameters `{'chat_id': '-4119703192', 'document': <telegram._files.inputfile.InputFile object at 0x7f29a217e1c0>}`]
[2024-10-16 11:39:36,107]: [_trace.py]: atrace: 85:       DEBUG:    [send_request_headers.started request=<Request [b'POST']>]
[2024-10-16 11:39:36,107]: [_trace.py]: atrace: 85:       DEBUG:    [send_request_headers.complete]
[2024-10-16 11:39:36,107]: [_trace.py]: atrace: 85:       DEBUG:    [send_request_body.started request=<Request [b'POST']>]
[2024-10-16 11:39:36,108]: [_trace.py]: atrace: 85:       DEBUG:    [send_request_body.complete]
[2024-10-16 11:39:36,108]: [_trace.py]: atrace: 85:       DEBUG:    [receive_response_headers.started request=<Request [b'POST']>]
[2024-10-16 11:39:36,541]: [_trace.py]: atrace: 85:       DEBUG:    [receive_response_headers.complete return_value=(b'HTTP/1.1', 200, b'OK', [(b'Server', b'nginx/1.18.0'), (b'Date', b'Wed, 16 Oct 2024 11:39:36 GMT'), (b'Content-Type', b'application/json'), (b'Content-Length', b'464'), (b'Connection', b'keep-alive'), (b'Strict-Transport-Security', b'max-age=31536000; includeSubDomains; preload'), (b'Access-Control-Allow-Origin', b'*'), (b'Access-Control-Allow-Methods', b'GET, POST, OPTIONS'), (b'Access-Control-Expose-Headers', b'Content-Length,Content-Type,Date,Server,Connection')])]
[2024-10-16 11:39:36,541]: [_client.py]: _send_single_request: 1786:       INFO:    [HTTP Request: POST https://api.telegram.org/bot6030805959:AAGUHAMxLYc-PrevgKouJ3ZyM7ktu56ftjo/sendDocument "HTTP/1.1 200 OK"]
[2024-10-16 11:39:36,542]: [_trace.py]: atrace: 85:       DEBUG:    [receive_response_body.started request=<Request [b'POST']>]
[2024-10-16 11:39:36,542]: [_trace.py]: atrace: 85:       DEBUG:    [receive_response_body.complete]
[2024-10-16 11:39:36,542]: [_trace.py]: atrace: 85:       DEBUG:    [response_closed.started]
[2024-10-16 11:39:36,542]: [_trace.py]: atrace: 85:       DEBUG:    [response_closed.complete]
[2024-10-16 11:39:36,542]: [_bot.py]: _do_post: 652:       DEBUG:    [Call to Bot API endpoint `sendDocument` finished with return value `{'message_id': 1931, 'from': {'id': 6030805959, 'is_bot': True, 'first_name': 'TyPHoone', 'username': 'TyPHoone_Project_bot'}, 'chat': {'id': -4119703192, 'title': 'Robocop', 'type': 'group', 'all_members_are_administrators': True}, 'date': 1729078776, 'document': {'file_name': '(2024_10_16--11_39).log', 'mime_type': 'text/plain', 'file_id': 'BQACAgQAAxkDAAIHi2cPpfhvOYyz5XOAbeGncuAim7GeAAJAFQACQu6AUHJzneE5p8oXNgQ', 'file_unique_id': 'AgADQBUAAkLugFA', 'file_size': 5937}}`]
[2024-10-16 11:39:36,542]: [_trace.py]: atrace: 85:       DEBUG:    [close.started]
[2024-10-16 11:39:36,543]: [_trace.py]: atrace: 85:       DEBUG:    [close.complete]
[2024-10-16 11:39:36,543]: [_config.py]: load_ssl_context: 82:       DEBUG:    [load_ssl_context verify=True cert=None trust_env=True http2=False]
[2024-10-16 11:39:36,543]: [_config.py]: load_ssl_context_verify: 148:       DEBUG:    [load_verify_locations cafile='/opt/hostedtoolcache/Python/3.12.7/x64/lib/python3.12/site-packages/certifi/cacert.pem']
[2024-10-16 11:39:36,572]: [_config.py]: load_ssl_context: 82:       DEBUG:    [load_ssl_context verify=True cert=None trust_env=True http2=False]
[2024-10-16 11:39:36,573]: [_config.py]: load_ssl_context_verify: 148:       DEBUG:    [load_verify_locations cafile='/opt/hostedtoolcache/Python/3.12.7/x64/lib/python3.12/site-packages/certifi/cacert.pem']
[2024-10-16 11:39:36,601]: [_bot.py]: _do_post: 643:       DEBUG:    [Calling Bot API endpoint `getMe` with parameters `{}`]
[2024-10-16 11:39:36,601]: [_trace.py]: atrace: 85:       DEBUG:    [connect_tcp.started host='api.telegram.org' port=443 local_address=None timeout=5.0 socket_options=None]
[2024-10-16 11:39:36,751]: [_trace.py]: atrace: 85:       DEBUG:    [connect_tcp.complete return_value=<httpcore._backends.anyio.AnyIOStream object at 0x7f29a2199010>]
[2024-10-16 11:39:36,751]: [_trace.py]: atrace: 85:       DEBUG:    [start_tls.started ssl_context=<ssl.SSLContext object at 0x7f29a2b3b8d0> server_hostname='api.telegram.org' timeout=5.0]
[2024-10-16 11:39:36,902]: [_trace.py]: atrace: 85:       DEBUG:    [start_tls.complete return_value=<httpcore._backends.anyio.AnyIOStream object at 0x7f29a31e8380>]
[2024-10-16 11:39:36,902]: [_trace.py]: atrace: 85:       DEBUG:    [send_request_headers.started request=<Request [b'POST']>]
[2024-10-16 11:39:36,902]: [_trace.py]: atrace: 85:       DEBUG:    [send_request_headers.complete]
[2024-10-16 11:39:36,902]: [_trace.py]: atrace: 85:       DEBUG:    [send_request_body.started request=<Request [b'POST']>]
[2024-10-16 11:39:36,902]: [_trace.py]: atrace: 85:       DEBUG:    [send_request_body.complete]
[2024-10-16 11:39:36,902]: [_trace.py]: atrace: 85:       DEBUG:    [receive_response_headers.started request=<Request [b'POST']>]
[2024-10-16 11:39:37,052]: [_trace.py]: atrace: 85:       DEBUG:    [receive_response_headers.complete return_value=(b'HTTP/1.1', 200, b'OK', [(b'Server', b'nginx/1.18.0'), (b'Date', b'Wed, 16 Oct 2024 11:39:36 GMT'), (b'Content-Type', b'application/json'), (b'Content-Length', b'258'), (b'Connection', b'keep-alive'), (b'Strict-Transport-Security', b'max-age=31536000; includeSubDomains; preload'), (b'Access-Control-Allow-Origin', b'*'), (b'Access-Control-Allow-Methods', b'GET, POST, OPTIONS'), (b'Access-Control-Expose-Headers', b'Content-Length,Content-Type,Date,Server,Connection')])]
[2024-10-16 11:39:37,053]: [_client.py]: _send_single_request: 1786:       INFO:    [HTTP Request: POST https://api.telegram.org/bot6030805959:AAGUHAMxLYc-PrevgKouJ3ZyM7ktu56ftjo/getMe "HTTP/1.1 200 OK"]
[2024-10-16 11:39:37,053]: [_trace.py]: atrace: 85:       DEBUG:    [receive_response_body.started request=<Request [b'POST']>]
[2024-10-16 11:39:37,053]: [_trace.py]: atrace: 85:       DEBUG:    [receive_response_body.complete]
[2024-10-16 11:39:37,053]: [_trace.py]: atrace: 85:       DEBUG:    [response_closed.started]
[2024-10-16 11:39:37,053]: [_trace.py]: atrace: 85:       DEBUG:    [response_closed.complete]
[2024-10-16 11:39:37,053]: [_bot.py]: _do_post: 652:       DEBUG:    [Call to Bot API endpoint `getMe` finished with return value `{'id': 6030805959, 'is_bot': True, 'first_name': 'TyPHoone', 'username': 'TyPHoone_Project_bot', 'can_join_groups': True, 'can_read_all_group_messages': False, 'supports_inline_queries': False, 'can_connect_to_business': False, 'has_main_web_app': False}`]
[2024-10-16 11:39:37,056]: [_bot.py]: _do_post: 643:       DEBUG:    [Calling Bot API endpoint `sendDocument` with parameters `{'chat_id': '-4119703192', 'document': <telegram._files.inputfile.InputFile object at 0x7f29b01aa280>}`]
[2024-10-16 11:39:37,056]: [_trace.py]: atrace: 85:       DEBUG:    [send_request_headers.started request=<Request [b'POST']>]
[2024-10-16 11:39:37,057]: [_trace.py]: atrace: 85:       DEBUG:    [send_request_headers.complete]
[2024-10-16 11:39:37,057]: [_trace.py]: atrace: 85:       DEBUG:    [send_request_body.started request=<Request [b'POST']>]
[2024-10-16 11:39:38,539]: [_trace.py]: atrace: 85:       DEBUG:    [send_request_body.complete]
[2024-10-16 11:39:38,540]: [_trace.py]: atrace: 85:       DEBUG:    [receive_response_headers.started request=<Request [b'POST']>]
[2024-10-16 11:39:39,548]: [_trace.py]: atrace: 85:       DEBUG:    [receive_response_headers.complete return_value=(b'HTTP/1.1', 200, b'OK', [(b'Server', b'nginx/1.18.0'), (b'Date', b'Wed, 16 Oct 2024 11:39:39 GMT'), (b'Content-Type', b'application/json'), (b'Content-Length', b'479'), (b'Connection', b'keep-alive'), (b'Strict-Transport-Security', b'max-age=31536000; includeSubDomains; preload'), (b'Access-Control-Allow-Origin', b'*'), (b'Access-Control-Allow-Methods', b'GET, POST, OPTIONS'), (b'Access-Control-Expose-Headers', b'Content-Length,Content-Type,Date,Server,Connection')])]
[2024-10-16 11:39:39,548]: [_client.py]: _send_single_request: 1786:       INFO:    [HTTP Request: POST https://api.telegram.org/bot6030805959:AAGUHAMxLYc-PrevgKouJ3ZyM7ktu56ftjo/sendDocument "HTTP/1.1 200 OK"]
[2024-10-16 11:39:39,548]: [_trace.py]: atrace: 85:       DEBUG:    [receive_response_body.started request=<Request [b'POST']>]
[2024-10-16 11:39:39,548]: [_trace.py]: atrace: 85:       DEBUG:    [receive_response_body.complete]
[2024-10-16 11:39:39,548]: [_trace.py]: atrace: 85:       DEBUG:    [response_closed.started]
[2024-10-16 11:39:39,548]: [_trace.py]: atrace: 85:       DEBUG:    [response_closed.complete]
[2024-10-16 11:39:39,549]: [_bot.py]: _do_post: 652:       DEBUG:    [Call to Bot API endpoint `sendDocument` finished with return value `{'message_id': 1932, 'from': {'id': 6030805959, 'is_bot': True, 'first_name': 'TyPHoone', 'username': 'TyPHoone_Project_bot'}, 'chat': {'id': -4119703192, 'title': 'Robocop', 'type': 'group', 'all_members_are_administrators': True}, 'date': 1729078779, 'document': {'file_name': '(2024_10_16--11_39)output.zip', 'mime_type': 'application/zip', 'file_id': 'BQACAgQAAxkDAAIHjGcPpft540XSq3-ERjxD2o9af6oOAAJBFQACQu6AUAa7rPjwjJSLNgQ', 'file_unique_id': 'AgADQRUAAkLugFA', 'file_size': 10211513}}`]
[2024-10-16 11:39:39,549]: [_trace.py]: atrace: 85:       DEBUG:    [close.started]
[2024-10-16 11:39:39,549]: [_trace.py]: atrace: 85:       DEBUG:    [close.complete]
[2024-10-16 11:39:39,549]: [Telegram_Sender.py]: runner: 61:       INFO:    [sent successfully]
[2024-10-16 11:39:39,550]: [Main.py]: <module>: 48:       INFO:    [Finished]
