[2024-05-01 23:33:24,245]: [Main.py]: <module>: 21:       INFO:    [Started]
[2024-05-01 23:33:26,553]: [Iron_Scraper.py]: Scrap: 32:       INFO:    [Data Scaraped Successfully]
[2024-05-01 23:33:26,751]: [Iron_Scraper.py]: Scrap: 70:       INFO:    [Scrapped Data Has No Problem]
[2024-05-01 23:33:26,751]: [Iron_Scraper.py]: Scrap: 83:       INFO:    [Data Saved Successfully]
[2024-05-01 23:33:26,751]: [Iron.py]: Run: 26:       INFO:    [Scraping Phase Completed]
[2024-05-01 23:33:26,752]: [Iron_Data_Processor.py]: Data_Reader: 61:       INFO:    [Data File Has Been Red Successfully]
[2024-05-01 23:33:26,752]: [Iron_Data_Processor.py]: Shaper: 78:       INFO:    [Data Shaped]
[2024-05-01 23:33:26,752]: [Iron_Data_Processor.py]: Process: 226:       INFO:    [Data Cleaned]
[2024-05-01 23:33:26,752]: [Iron_Data_Processor.py]: Make_Pages_Objects: 101:       INFO:    [Page Objects Has Been Made]
[2024-05-01 23:33:26,752]: [Iron_Data_Processor.py]: Make_Pages_Objects: 101:       INFO:    [Page Objects Has Been Made]
[2024-05-01 23:33:26,752]: [Iron_Data_Processor.py]: Load_Data: 118:       INFO:    [Data Has Been Load]
[2024-05-01 23:33:26,752]: [Iron_Data_Processor.py]: Load_Data: 118:       INFO:    [Data Has Been Load]
[2024-05-01 23:33:26,752]: [Iron_Data_Processor.py]: Load_positions: 140:       INFO:    [Positions Are Ready]
[2024-05-01 23:33:26,753]: [Iron_Data_Processor.py]: Load_positions: 140:       INFO:    [Positions Are Ready]
[2024-05-01 23:33:27,873]: [Iron_Data_Processor.py]: Make_Tagged_Images: 193:       INFO:    [Images Has Been Made]
[2024-05-01 23:33:28,829]: [Iron_Data_Processor.py]: Make_Tagged_Images: 193:       INFO:    [Images Has Been Made]
[2024-05-01 23:33:29,255]: [Iron_Data_Processor.py]: Make_Cover_Page: 213:       INFO:    [Made Cover Pages]
[2024-05-01 23:33:29,255]: [Iron.py]: Run: 29:       INFO:    [Imagination Phase Completed]
[2024-05-01 23:33:33,806]: [Phone_Scraper.py]: Scrap: 58:       INFO:    [Data Scraped]
[2024-05-01 23:33:33,806]: [Phone_Scraper.py]: Scrap: 71:       INFO:    [Scraped Data Successfully]
[2024-05-01 23:33:33,806]: [Phone.py]: Run: 26:       INFO:    [Scraping Phase Complete]
[2024-05-01 23:33:33,806]: [Phone_Data_Processor.py]: data_reader: 37:       INFO:    [Scraped Data Loaded]
[2024-05-01 23:33:33,808]: [Phone_Data_Processor.py]: filter_list: 64:       INFO:    [Persian Phrases Are deleted]
[2024-05-01 23:33:33,809]: [Phone_Data_Processor.py]: reshape_list: 86:       INFO:    [Date Reshaped]
[2024-05-01 23:33:33,809]: [Phone_Data_Processor.py]: separate_brands: 123:       INFO:    [Brands Are Separated]
[2024-05-01 23:33:33,809]: [Phone_Data_Processor.py]: delete_extra_spaces: 140:       INFO:    [Extra Spaces Are Deleted]
[2024-05-01 23:33:34,810]: [Phone.py]: Run: 29:       INFO:    [Imagination Phase Complete]
[2024-05-01 23:33:34,810]: [selector_events.py]: __init__: 64:       DEBUG:    [Using selector: EpollSelector]
[2024-05-01 23:33:34,811]: [_bot.py]: _do_post: 643:       DEBUG:    [Calling Bot API endpoint `getMe` with parameters `{}`]
[2024-05-01 23:33:34,814]: [_trace.py]: atrace: 85:       DEBUG:    [connect_tcp.started host='api.telegram.org' port=443 local_address=None timeout=5.0 socket_options=None]
[2024-05-01 23:33:35,016]: [_trace.py]: atrace: 85:       DEBUG:    [connect_tcp.complete return_value=<httpcore._backends.anyio.AnyIOStream object at 0x7f0223731f10>]
[2024-05-01 23:33:35,016]: [_trace.py]: atrace: 85:       DEBUG:    [start_tls.started ssl_context=<ssl.SSLContext object at 0x7f022372dd50> server_hostname='api.telegram.org' timeout=5.0]
[2024-05-01 23:33:35,156]: [_trace.py]: atrace: 85:       DEBUG:    [start_tls.complete return_value=<httpcore._backends.anyio.AnyIOStream object at 0x7f0223867bc0>]
[2024-05-01 23:33:35,157]: [_trace.py]: atrace: 85:       DEBUG:    [send_request_headers.started request=<Request [b'POST']>]
[2024-05-01 23:33:35,157]: [_trace.py]: atrace: 85:       DEBUG:    [send_request_headers.complete]
[2024-05-01 23:33:35,157]: [_trace.py]: atrace: 85:       DEBUG:    [send_request_body.started request=<Request [b'POST']>]
[2024-05-01 23:33:35,157]: [_trace.py]: atrace: 85:       DEBUG:    [send_request_body.complete]
[2024-05-01 23:33:35,157]: [_trace.py]: atrace: 85:       DEBUG:    [receive_response_headers.started request=<Request [b'POST']>]
[2024-05-01 23:33:35,296]: [_trace.py]: atrace: 85:       DEBUG:    [receive_response_headers.complete return_value=(b'HTTP/1.1', 200, b'OK', [(b'Server', b'nginx/1.18.0'), (b'Date', b'Wed, 01 May 2024 23:33:35 GMT'), (b'Content-Type', b'application/json'), (b'Content-Length', b'233'), (b'Connection', b'keep-alive'), (b'Strict-Transport-Security', b'max-age=31536000; includeSubDomains; preload'), (b'Access-Control-Allow-Origin', b'*'), (b'Access-Control-Allow-Methods', b'GET, POST, OPTIONS'), (b'Access-Control-Expose-Headers', b'Content-Length,Content-Type,Date,Server,Connection')])]
[2024-05-01 23:33:35,296]: [_client.py]: _send_single_request: 1773:       INFO:    [HTTP Request: POST https://api.telegram.org/bot6030805959:AAGUHAMxLYc-PrevgKouJ3ZyM7ktu56ftjo/getMe "HTTP/1.1 200 OK"]
[2024-05-01 23:33:35,296]: [_trace.py]: atrace: 85:       DEBUG:    [receive_response_body.started request=<Request [b'POST']>]
[2024-05-01 23:33:35,297]: [_trace.py]: atrace: 85:       DEBUG:    [receive_response_body.complete]
[2024-05-01 23:33:35,297]: [_trace.py]: atrace: 85:       DEBUG:    [response_closed.started]
[2024-05-01 23:33:35,297]: [_trace.py]: atrace: 85:       DEBUG:    [response_closed.complete]
[2024-05-01 23:33:35,297]: [_bot.py]: _do_post: 652:       DEBUG:    [Call to Bot API endpoint `getMe` finished with return value `{'id': 6030805959, 'is_bot': True, 'first_name': 'TyPHoone', 'username': 'TyPHoone_Project_bot', 'can_join_groups': True, 'can_read_all_group_messages': False, 'supports_inline_queries': False, 'can_connect_to_business': False}`]
[2024-05-01 23:33:35,300]: [_bot.py]: _do_post: 643:       DEBUG:    [Calling Bot API endpoint `sendDocument` with parameters `{'chat_id': '-4119703192', 'document': <telegram._files.inputfile.InputFile object at 0x7f0222c9da80>}`]
[2024-05-01 23:33:35,301]: [_trace.py]: atrace: 85:       DEBUG:    [send_request_headers.started request=<Request [b'POST']>]
[2024-05-01 23:33:35,301]: [_trace.py]: atrace: 85:       DEBUG:    [send_request_headers.complete]
[2024-05-01 23:33:35,301]: [_trace.py]: atrace: 85:       DEBUG:    [send_request_body.started request=<Request [b'POST']>]
[2024-05-01 23:33:35,851]: [_trace.py]: atrace: 85:       DEBUG:    [send_request_body.complete]
[2024-05-01 23:33:35,851]: [_trace.py]: atrace: 85:       DEBUG:    [receive_response_headers.started request=<Request [b'POST']>]
[2024-05-01 23:33:36,227]: [_trace.py]: atrace: 85:       DEBUG:    [receive_response_headers.complete return_value=(b'HTTP/1.1', 200, b'OK', [(b'Server', b'nginx/1.18.0'), (b'Date', b'Wed, 01 May 2024 23:33:36 GMT'), (b'Content-Type', b'application/json'), (b'Content-Length', b'819'), (b'Connection', b'keep-alive'), (b'Strict-Transport-Security', b'max-age=31536000; includeSubDomains; preload'), (b'Access-Control-Allow-Origin', b'*'), (b'Access-Control-Allow-Methods', b'GET, POST, OPTIONS'), (b'Access-Control-Expose-Headers', b'Content-Length,Content-Type,Date,Server,Connection')])]
[2024-05-01 23:33:36,227]: [_client.py]: _send_single_request: 1773:       INFO:    [HTTP Request: POST https://api.telegram.org/bot6030805959:AAGUHAMxLYc-PrevgKouJ3ZyM7ktu56ftjo/sendDocument "HTTP/1.1 200 OK"]
[2024-05-01 23:33:36,227]: [_trace.py]: atrace: 85:       DEBUG:    [receive_response_body.started request=<Request [b'POST']>]
[2024-05-01 23:33:36,227]: [_trace.py]: atrace: 85:       DEBUG:    [receive_response_body.complete]
[2024-05-01 23:33:36,227]: [_trace.py]: atrace: 85:       DEBUG:    [response_closed.started]
[2024-05-01 23:33:36,228]: [_trace.py]: atrace: 85:       DEBUG:    [response_closed.complete]
[2024-05-01 23:33:36,228]: [_bot.py]: _do_post: 652:       DEBUG:    [Call to Bot API endpoint `sendDocument` finished with return value `{'message_id': 511, 'from': {'id': 6030805959, 'is_bot': True, 'first_name': 'TyPHoone', 'username': 'TyPHoone_Project_bot'}, 'chat': {'id': -4119703192, 'title': 'Robocop', 'type': 'group', 'all_members_are_administrators': True}, 'date': 1714606416, 'document': {'file_name': '1-Tir_Ahan.png', 'mime_type': 'image/png', 'thumbnail': {'file_id': 'AAMCBAADGQMAAgH_ZjLRUFI1uHuYD2pSnm8E9DPxMLYAAicWAAKOWZhRO2VqSOEiTrwBAAdtAAM0BA', 'file_unique_id': 'AQADJxYAAo5ZmFFy', 'file_size': 38506, 'width': 320, 'height': 320}, 'thumb': {'file_id': 'AAMCBAADGQMAAgH_ZjLRUFI1uHuYD2pSnm8E9DPxMLYAAicWAAKOWZhRO2VqSOEiTrwBAAdtAAM0BA', 'file_unique_id': 'AQADJxYAAo5ZmFFy', 'file_size': 38506, 'width': 320, 'height': 320}, 'file_id': 'BQACAgQAAxkDAAIB_2Yy0VBSNbh7mA9qUp5vBPQz8TC2AAInFgACjlmYUTtlakjhIk68NAQ', 'file_unique_id': 'AgADJxYAAo5ZmFE', 'file_size': 459629}}`]
[2024-05-01 23:33:36,228]: [_bot.py]: _do_post: 643:       DEBUG:    [Calling Bot API endpoint `sendDocument` with parameters `{'chat_id': '-4119703192', 'document': <telegram._files.inputfile.InputFile object at 0x7f0222c9cfc0>}`]
[2024-05-01 23:33:36,229]: [_trace.py]: atrace: 85:       DEBUG:    [send_request_headers.started request=<Request [b'POST']>]
[2024-05-01 23:33:36,229]: [_trace.py]: atrace: 85:       DEBUG:    [send_request_headers.complete]
[2024-05-01 23:33:36,229]: [_trace.py]: atrace: 85:       DEBUG:    [send_request_body.started request=<Request [b'POST']>]
[2024-05-01 23:33:36,230]: [_trace.py]: atrace: 85:       DEBUG:    [send_request_body.complete]
[2024-05-01 23:33:36,230]: [_trace.py]: atrace: 85:       DEBUG:    [receive_response_headers.started request=<Request [b'POST']>]
[2024-05-01 23:33:36,452]: [_trace.py]: atrace: 85:       DEBUG:    [receive_response_headers.complete return_value=(b'HTTP/1.1', 200, b'OK', [(b'Server', b'nginx/1.18.0'), (b'Date', b'Wed, 01 May 2024 23:33:36 GMT'), (b'Content-Type', b'application/json'), (b'Content-Length', b'829'), (b'Connection', b'keep-alive'), (b'Strict-Transport-Security', b'max-age=31536000; includeSubDomains; preload'), (b'Access-Control-Allow-Origin', b'*'), (b'Access-Control-Allow-Methods', b'GET, POST, OPTIONS'), (b'Access-Control-Expose-Headers', b'Content-Length,Content-Type,Date,Server,Connection')])]
[2024-05-01 23:33:36,453]: [_client.py]: _send_single_request: 1773:       INFO:    [HTTP Request: POST https://api.telegram.org/bot6030805959:AAGUHAMxLYc-PrevgKouJ3ZyM7ktu56ftjo/sendDocument "HTTP/1.1 200 OK"]
[2024-05-01 23:33:36,453]: [_trace.py]: atrace: 85:       DEBUG:    [receive_response_body.started request=<Request [b'POST']>]
[2024-05-01 23:33:36,453]: [_trace.py]: atrace: 85:       DEBUG:    [receive_response_body.complete]
[2024-05-01 23:33:36,453]: [_trace.py]: atrace: 85:       DEBUG:    [response_closed.started]
[2024-05-01 23:33:36,453]: [_trace.py]: atrace: 85:       DEBUG:    [response_closed.complete]
[2024-05-01 23:33:36,453]: [_bot.py]: _do_post: 652:       DEBUG:    [Call to Bot API endpoint `sendDocument` finished with return value `{'message_id': 512, 'from': {'id': 6030805959, 'is_bot': True, 'first_name': 'TyPHoone', 'username': 'TyPHoone_Project_bot'}, 'chat': {'id': -4119703192, 'title': 'Robocop', 'type': 'group', 'all_members_are_administrators': True}, 'date': 1714606416, 'document': {'file_name': '9-Waraq_Galwanize.png', 'mime_type': 'image/png', 'thumbnail': {'file_id': 'AAMCBAADGQMAAgIAAWYy0VCaOpxZOb8NVfiG7CiKT-M2AAIoFgACjlmYUaE4PsHbAfDeAQAHbQADNAQ', 'file_unique_id': 'AQADKBYAAo5ZmFFy', 'file_size': 38440, 'width': 320, 'height': 320}, 'thumb': {'file_id': 'AAMCBAADGQMAAgIAAWYy0VCaOpxZOb8NVfiG7CiKT-M2AAIoFgACjlmYUaE4PsHbAfDeAQAHbQADNAQ', 'file_unique_id': 'AQADKBYAAo5ZmFFy', 'file_size': 38440, 'width': 320, 'height': 320}, 'file_id': 'BQACAgQAAxkDAAICAAFmMtFQmjqcWTm_DVX4huwoik_jNgACKBYAAo5ZmFGhOD7B2wHw3jQE', 'file_unique_id': 'AgADKBYAAo5ZmFE', 'file_size': 428872}}`]
[2024-05-01 23:33:36,453]: [_bot.py]: _do_post: 643:       DEBUG:    [Calling Bot API endpoint `sendDocument` with parameters `{'chat_id': '-4119703192', 'document': <telegram._files.inputfile.InputFile object at 0x7f022327c2c0>}`]
[2024-05-01 23:33:36,454]: [_trace.py]: atrace: 85:       DEBUG:    [send_request_headers.started request=<Request [b'POST']>]
[2024-05-01 23:33:36,454]: [_trace.py]: atrace: 85:       DEBUG:    [send_request_headers.complete]
[2024-05-01 23:33:36,454]: [_trace.py]: atrace: 85:       DEBUG:    [send_request_body.started request=<Request [b'POST']>]
[2024-05-01 23:33:36,455]: [_trace.py]: atrace: 85:       DEBUG:    [send_request_body.complete]
[2024-05-01 23:33:36,455]: [_trace.py]: atrace: 85:       DEBUG:    [receive_response_headers.started request=<Request [b'POST']>]
[2024-05-01 23:33:36,719]: [_trace.py]: atrace: 85:       DEBUG:    [receive_response_headers.complete return_value=(b'HTTP/1.1', 200, b'OK', [(b'Server', b'nginx/1.18.0'), (b'Date', b'Wed, 01 May 2024 23:33:36 GMT'), (b'Content-Type', b'application/json'), (b'Content-Length', b'818'), (b'Connection', b'keep-alive'), (b'Strict-Transport-Security', b'max-age=31536000; includeSubDomains; preload'), (b'Access-Control-Allow-Origin', b'*'), (b'Access-Control-Allow-Methods', b'GET, POST, OPTIONS'), (b'Access-Control-Expose-Headers', b'Content-Length,Content-Type,Date,Server,Connection')])]
[2024-05-01 23:33:36,719]: [_client.py]: _send_single_request: 1773:       INFO:    [HTTP Request: POST https://api.telegram.org/bot6030805959:AAGUHAMxLYc-PrevgKouJ3ZyM7ktu56ftjo/sendDocument "HTTP/1.1 200 OK"]
[2024-05-01 23:33:36,719]: [_trace.py]: atrace: 85:       DEBUG:    [receive_response_body.started request=<Request [b'POST']>]
[2024-05-01 23:33:36,719]: [_trace.py]: atrace: 85:       DEBUG:    [receive_response_body.complete]
[2024-05-01 23:33:36,719]: [_trace.py]: atrace: 85:       DEBUG:    [response_closed.started]
[2024-05-01 23:33:36,719]: [_trace.py]: atrace: 85:       DEBUG:    [response_closed.complete]
[2024-05-01 23:33:36,720]: [_bot.py]: _do_post: 652:       DEBUG:    [Call to Bot API endpoint `sendDocument` finished with return value `{'message_id': 513, 'from': {'id': 6030805959, 'is_bot': True, 'first_name': 'TyPHoone', 'username': 'TyPHoone_Project_bot'}, 'chat': {'id': -4119703192, 'title': 'Robocop', 'type': 'group', 'all_members_are_administrators': True}, 'date': 1714606416, 'document': {'file_name': '2-Milgerd.png', 'mime_type': 'image/png', 'thumbnail': {'file_id': 'AAMCBAADGQMAAgIBZjLRUJXJLZ0MFgvYBgToS4k--jsAAikWAAKOWZhRUFf6q3ThUDkBAAdtAAM0BA', 'file_unique_id': 'AQADKRYAAo5ZmFFy', 'file_size': 42486, 'width': 320, 'height': 320}, 'thumb': {'file_id': 'AAMCBAADGQMAAgIBZjLRUJXJLZ0MFgvYBgToS4k--jsAAikWAAKOWZhRUFf6q3ThUDkBAAdtAAM0BA', 'file_unique_id': 'AQADKRYAAo5ZmFFy', 'file_size': 42486, 'width': 320, 'height': 320}, 'file_id': 'BQACAgQAAxkDAAICAWYy0VCVyS2dDBYL2AYE6EuJPvo7AAIpFgACjlmYUVBX-qt04VA5NAQ', 'file_unique_id': 'AgADKRYAAo5ZmFE', 'file_size': 418074}}`]
[2024-05-01 23:33:36,720]: [_bot.py]: _do_post: 643:       DEBUG:    [Calling Bot API endpoint `sendDocument` with parameters `{'chat_id': '-4119703192', 'document': <telegram._files.inputfile.InputFile object at 0x7f0222cd3ac0>}`]
[2024-05-01 23:33:36,720]: [_trace.py]: atrace: 85:       DEBUG:    [send_request_headers.started request=<Request [b'POST']>]
[2024-05-01 23:33:36,720]: [_trace.py]: atrace: 85:       DEBUG:    [send_request_headers.complete]
[2024-05-01 23:33:36,721]: [_trace.py]: atrace: 85:       DEBUG:    [send_request_body.started request=<Request [b'POST']>]
[2024-05-01 23:33:36,721]: [_trace.py]: atrace: 85:       DEBUG:    [send_request_body.complete]
[2024-05-01 23:33:36,721]: [_trace.py]: atrace: 85:       DEBUG:    [receive_response_headers.started request=<Request [b'POST']>]
[2024-05-01 23:33:37,012]: [_trace.py]: atrace: 85:       DEBUG:    [receive_response_headers.complete return_value=(b'HTTP/1.1', 200, b'OK', [(b'Server', b'nginx/1.18.0'), (b'Date', b'Wed, 01 May 2024 23:33:36 GMT'), (b'Content-Type', b'application/json'), (b'Content-Length', b'817'), (b'Connection', b'keep-alive'), (b'Strict-Transport-Security', b'max-age=31536000; includeSubDomains; preload'), (b'Access-Control-Allow-Origin', b'*'), (b'Access-Control-Allow-Methods', b'GET, POST, OPTIONS'), (b'Access-Control-Expose-Headers', b'Content-Length,Content-Type,Date,Server,Connection')])]
[2024-05-01 23:33:37,012]: [_client.py]: _send_single_request: 1773:       INFO:    [HTTP Request: POST https://api.telegram.org/bot6030805959:AAGUHAMxLYc-PrevgKouJ3ZyM7ktu56ftjo/sendDocument "HTTP/1.1 200 OK"]
[2024-05-01 23:33:37,013]: [_trace.py]: atrace: 85:       DEBUG:    [receive_response_body.started request=<Request [b'POST']>]
[2024-05-01 23:33:37,013]: [_trace.py]: atrace: 85:       DEBUG:    [receive_response_body.complete]
[2024-05-01 23:33:37,013]: [_trace.py]: atrace: 85:       DEBUG:    [response_closed.started]
[2024-05-01 23:33:37,013]: [_trace.py]: atrace: 85:       DEBUG:    [response_closed.complete]
[2024-05-01 23:33:37,013]: [_bot.py]: _do_post: 652:       DEBUG:    [Call to Bot API endpoint `sendDocument` finished with return value `{'message_id': 514, 'from': {'id': 6030805959, 'is_bot': True, 'first_name': 'TyPHoone', 'username': 'TyPHoone_Project_bot'}, 'chat': {'id': -4119703192, 'title': 'Robocop', 'type': 'group', 'all_members_are_administrators': True}, 'date': 1714606416, 'document': {'file_name': '5-Nabshi.png', 'mime_type': 'image/png', 'thumbnail': {'file_id': 'AAMCBAADGQMAAgICZjLRUM0OPHM6lfjG4Q0vXLhp_YgAAioWAAKOWZhR5FVSyYVSTbsBAAdtAAM0BA', 'file_unique_id': 'AQADKhYAAo5ZmFFy', 'file_size': 32054, 'width': 320, 'height': 320}, 'thumb': {'file_id': 'AAMCBAADGQMAAgICZjLRUM0OPHM6lfjG4Q0vXLhp_YgAAioWAAKOWZhR5FVSyYVSTbsBAAdtAAM0BA', 'file_unique_id': 'AQADKhYAAo5ZmFFy', 'file_size': 32054, 'width': 320, 'height': 320}, 'file_id': 'BQACAgQAAxkDAAICAmYy0VDNDjxzOpX4xuENL1y4af2IAAIqFgACjlmYUeRVUsmFUk27NAQ', 'file_unique_id': 'AgADKhYAAo5ZmFE', 'file_size': 449777}}`]
[2024-05-01 23:33:37,013]: [_bot.py]: _do_post: 643:       DEBUG:    [Calling Bot API endpoint `sendDocument` with parameters `{'chat_id': '-4119703192', 'document': <telegram._files.inputfile.InputFile object at 0x7f022327c2c0>}`]
[2024-05-01 23:33:37,014]: [_trace.py]: atrace: 85:       DEBUG:    [send_request_headers.started request=<Request [b'POST']>]
[2024-05-01 23:33:37,014]: [_trace.py]: atrace: 85:       DEBUG:    [send_request_headers.complete]
[2024-05-01 23:33:37,014]: [_trace.py]: atrace: 85:       DEBUG:    [send_request_body.started request=<Request [b'POST']>]
[2024-05-01 23:33:37,015]: [_trace.py]: atrace: 85:       DEBUG:    [send_request_body.complete]
[2024-05-01 23:33:37,015]: [_trace.py]: atrace: 85:       DEBUG:    [receive_response_headers.started request=<Request [b'POST']>]
[2024-05-01 23:33:37,238]: [_trace.py]: atrace: 85:       DEBUG:    [receive_response_headers.complete return_value=(b'HTTP/1.1', 200, b'OK', [(b'Server', b'nginx/1.18.0'), (b'Date', b'Wed, 01 May 2024 23:33:37 GMT'), (b'Content-Type', b'application/json'), (b'Content-Length', b'821'), (b'Connection', b'keep-alive'), (b'Strict-Transport-Security', b'max-age=31536000; includeSubDomains; preload'), (b'Access-Control-Allow-Origin', b'*'), (b'Access-Control-Allow-Methods', b'GET, POST, OPTIONS'), (b'Access-Control-Expose-Headers', b'Content-Length,Content-Type,Date,Server,Connection')])]
[2024-05-01 23:33:37,238]: [_client.py]: _send_single_request: 1773:       INFO:    [HTTP Request: POST https://api.telegram.org/bot6030805959:AAGUHAMxLYc-PrevgKouJ3ZyM7ktu56ftjo/sendDocument "HTTP/1.1 200 OK"]
[2024-05-01 23:33:37,239]: [_trace.py]: atrace: 85:       DEBUG:    [receive_response_body.started request=<Request [b'POST']>]
[2024-05-01 23:33:37,239]: [_trace.py]: atrace: 85:       DEBUG:    [receive_response_body.complete]
[2024-05-01 23:33:37,239]: [_trace.py]: atrace: 85:       DEBUG:    [response_closed.started]
[2024-05-01 23:33:37,239]: [_trace.py]: atrace: 85:       DEBUG:    [response_closed.complete]
[2024-05-01 23:33:37,239]: [_bot.py]: _do_post: 652:       DEBUG:    [Call to Bot API endpoint `sendDocument` finished with return value `{'message_id': 515, 'from': {'id': 6030805959, 'is_bot': True, 'first_name': 'TyPHoone', 'username': 'TyPHoone_Project_bot'}, 'chat': {'id': -4119703192, 'title': 'Robocop', 'type': 'group', 'all_members_are_administrators': True}, 'date': 1714606417, 'document': {'file_name': '6-Waraq_Siah.png', 'mime_type': 'image/png', 'thumbnail': {'file_id': 'AAMCBAADGQMAAgIDZjLRUdhgHATMjzyYxwObQpmz0pgAAisWAAKOWZhRPVOz4IPpWGABAAdtAAM0BA', 'file_unique_id': 'AQADKxYAAo5ZmFFy', 'file_size': 43089, 'width': 320, 'height': 320}, 'thumb': {'file_id': 'AAMCBAADGQMAAgIDZjLRUdhgHATMjzyYxwObQpmz0pgAAisWAAKOWZhRPVOz4IPpWGABAAdtAAM0BA', 'file_unique_id': 'AQADKxYAAo5ZmFFy', 'file_size': 43089, 'width': 320, 'height': 320}, 'file_id': 'BQACAgQAAxkDAAICA2Yy0VHYYBwEzI88mMcDm0KZs9KYAAIrFgACjlmYUT1Ts-CD6VhgNAQ', 'file_unique_id': 'AgADKxYAAo5ZmFE', 'file_size': 424026}}`]
[2024-05-01 23:33:37,239]: [_bot.py]: _do_post: 643:       DEBUG:    [Calling Bot API endpoint `sendDocument` with parameters `{'chat_id': '-4119703192', 'document': <telegram._files.inputfile.InputFile object at 0x7f0222cd3ac0>}`]
[2024-05-01 23:33:37,240]: [_trace.py]: atrace: 85:       DEBUG:    [send_request_headers.started request=<Request [b'POST']>]
[2024-05-01 23:33:37,240]: [_trace.py]: atrace: 85:       DEBUG:    [send_request_headers.complete]
[2024-05-01 23:33:37,240]: [_trace.py]: atrace: 85:       DEBUG:    [send_request_body.started request=<Request [b'POST']>]
[2024-05-01 23:33:37,241]: [_trace.py]: atrace: 85:       DEBUG:    [send_request_body.complete]
[2024-05-01 23:33:37,241]: [_trace.py]: atrace: 85:       DEBUG:    [receive_response_headers.started request=<Request [b'POST']>]
[2024-05-01 23:33:41,482]: [_trace.py]: atrace: 85:       DEBUG:    [receive_response_headers.complete return_value=(b'HTTP/1.1', 200, b'OK', [(b'Server', b'nginx/1.18.0'), (b'Date', b'Wed, 01 May 2024 23:33:41 GMT'), (b'Content-Type', b'application/json'), (b'Content-Length', b'818'), (b'Connection', b'keep-alive'), (b'Strict-Transport-Security', b'max-age=31536000; includeSubDomains; preload'), (b'Access-Control-Allow-Origin', b'*'), (b'Access-Control-Allow-Methods', b'GET, POST, OPTIONS'), (b'Access-Control-Expose-Headers', b'Content-Length,Content-Type,Date,Server,Connection')])]
[2024-05-01 23:33:41,482]: [_client.py]: _send_single_request: 1773:       INFO:    [HTTP Request: POST https://api.telegram.org/bot6030805959:AAGUHAMxLYc-PrevgKouJ3ZyM7ktu56ftjo/sendDocument "HTTP/1.1 200 OK"]
[2024-05-01 23:33:41,483]: [_trace.py]: atrace: 85:       DEBUG:    [receive_response_body.started request=<Request [b'POST']>]
[2024-05-01 23:33:41,483]: [_trace.py]: atrace: 85:       DEBUG:    [receive_response_body.complete]
[2024-05-01 23:33:41,483]: [_trace.py]: atrace: 85:       DEBUG:    [response_closed.started]
[2024-05-01 23:33:41,483]: [_trace.py]: atrace: 85:       DEBUG:    [response_closed.complete]
[2024-05-01 23:33:41,483]: [_bot.py]: _do_post: 652:       DEBUG:    [Call to Bot API endpoint `sendDocument` finished with return value `{'message_id': 516, 'from': {'id': 6030805959, 'is_bot': True, 'first_name': 'TyPHoone', 'username': 'TyPHoone_Project_bot'}, 'chat': {'id': -4119703192, 'title': 'Robocop', 'type': 'group', 'all_members_are_administrators': True}, 'date': 1714606421, 'document': {'file_name': '4-Nawdani.png', 'mime_type': 'image/png', 'thumbnail': {'file_id': 'AAMCBAADGQMAAgIEZjLRVZVXRqy-NHCWiKe-wuoafmoAAiwWAAKOWZhRW4hRrE8zpKMBAAdtAAM0BA', 'file_unique_id': 'AQADLBYAAo5ZmFFy', 'file_size': 32927, 'width': 320, 'height': 320}, 'thumb': {'file_id': 'AAMCBAADGQMAAgIEZjLRVZVXRqy-NHCWiKe-wuoafmoAAiwWAAKOWZhRW4hRrE8zpKMBAAdtAAM0BA', 'file_unique_id': 'AQADLBYAAo5ZmFFy', 'file_size': 32927, 'width': 320, 'height': 320}, 'file_id': 'BQACAgQAAxkDAAICBGYy0VWVV0asvjRwloinvsLqGn5qAAIsFgACjlmYUVuIUaxPM6SjNAQ', 'file_unique_id': 'AgADLBYAAo5ZmFE', 'file_size': 430873}}`]
[2024-05-01 23:33:41,483]: [_bot.py]: _do_post: 643:       DEBUG:    [Calling Bot API endpoint `sendDocument` with parameters `{'chat_id': '-4119703192', 'document': <telegram._files.inputfile.InputFile object at 0x7f022327c2c0>}`]
[2024-05-01 23:33:41,484]: [_trace.py]: atrace: 85:       DEBUG:    [send_request_headers.started request=<Request [b'POST']>]
[2024-05-01 23:33:41,484]: [_trace.py]: atrace: 85:       DEBUG:    [send_request_headers.complete]
[2024-05-01 23:33:41,484]: [_trace.py]: atrace: 85:       DEBUG:    [send_request_body.started request=<Request [b'POST']>]
[2024-05-01 23:33:41,485]: [_trace.py]: atrace: 85:       DEBUG:    [send_request_body.complete]
[2024-05-01 23:33:41,485]: [_trace.py]: atrace: 85:       DEBUG:    [receive_response_headers.started request=<Request [b'POST']>]
[2024-05-01 23:33:42,428]: [_trace.py]: atrace: 85:       DEBUG:    [receive_response_headers.complete return_value=(b'HTTP/1.1', 200, b'OK', [(b'Server', b'nginx/1.18.0'), (b'Date', b'Wed, 01 May 2024 23:33:42 GMT'), (b'Content-Type', b'application/json'), (b'Content-Length', b'818'), (b'Connection', b'keep-alive'), (b'Strict-Transport-Security', b'max-age=31536000; includeSubDomains; preload'), (b'Access-Control-Allow-Origin', b'*'), (b'Access-Control-Allow-Methods', b'GET, POST, OPTIONS'), (b'Access-Control-Expose-Headers', b'Content-Length,Content-Type,Date,Server,Connection')])]
[2024-05-01 23:33:42,428]: [_client.py]: _send_single_request: 1773:       INFO:    [HTTP Request: POST https://api.telegram.org/bot6030805959:AAGUHAMxLYc-PrevgKouJ3ZyM7ktu56ftjo/sendDocument "HTTP/1.1 200 OK"]
[2024-05-01 23:33:42,428]: [_trace.py]: atrace: 85:       DEBUG:    [receive_response_body.started request=<Request [b'POST']>]
[2024-05-01 23:33:42,428]: [_trace.py]: atrace: 85:       DEBUG:    [receive_response_body.complete]
[2024-05-01 23:33:42,428]: [_trace.py]: atrace: 85:       DEBUG:    [response_closed.started]
[2024-05-01 23:33:42,429]: [_trace.py]: atrace: 85:       DEBUG:    [response_closed.complete]
[2024-05-01 23:33:42,429]: [_bot.py]: _do_post: 652:       DEBUG:    [Call to Bot API endpoint `sendDocument` finished with return value `{'message_id': 517, 'from': {'id': 6030805959, 'is_bot': True, 'first_name': 'TyPHoone', 'username': 'TyPHoone_Project_bot'}, 'chat': {'id': -4119703192, 'title': 'Robocop', 'type': 'group', 'all_members_are_administrators': True}, 'date': 1714606422, 'document': {'file_name': '3-Profill.png', 'mime_type': 'image/png', 'thumbnail': {'file_id': 'AAMCBAADGQMAAgIFZjLRVsrX4vtb8G5JR0dXwEyL1rgAAi0WAAKOWZhROGF217EN6O8BAAdtAAM0BA', 'file_unique_id': 'AQADLRYAAo5ZmFFy', 'file_size': 32350, 'width': 320, 'height': 320}, 'thumb': {'file_id': 'AAMCBAADGQMAAgIFZjLRVsrX4vtb8G5JR0dXwEyL1rgAAi0WAAKOWZhROGF217EN6O8BAAdtAAM0BA', 'file_unique_id': 'AQADLRYAAo5ZmFFy', 'file_size': 32350, 'width': 320, 'height': 320}, 'file_id': 'BQACAgQAAxkDAAICBWYy0VbK1-L7W_BuSUdHV8BMi9a4AAItFgACjlmYUThhdtexDejvNAQ', 'file_unique_id': 'AgADLRYAAo5ZmFE', 'file_size': 391313}}`]
[2024-05-01 23:33:42,429]: [_bot.py]: _do_post: 643:       DEBUG:    [Calling Bot API endpoint `sendDocument` with parameters `{'chat_id': '-4119703192', 'document': <telegram._files.inputfile.InputFile object at 0x7f0222cd3ac0>}`]
[2024-05-01 23:33:42,430]: [_trace.py]: atrace: 85:       DEBUG:    [send_request_headers.started request=<Request [b'POST']>]
[2024-05-01 23:33:42,430]: [_trace.py]: atrace: 85:       DEBUG:    [send_request_headers.complete]
[2024-05-01 23:33:42,430]: [_trace.py]: atrace: 85:       DEBUG:    [send_request_body.started request=<Request [b'POST']>]
[2024-05-01 23:33:42,431]: [_trace.py]: atrace: 85:       DEBUG:    [send_request_body.complete]
[2024-05-01 23:33:42,431]: [_trace.py]: atrace: 85:       DEBUG:    [receive_response_headers.started request=<Request [b'POST']>]
[2024-05-01 23:33:42,663]: [_trace.py]: atrace: 85:       DEBUG:    [receive_response_headers.complete return_value=(b'HTTP/1.1', 200, b'OK', [(b'Server', b'nginx/1.18.0'), (b'Date', b'Wed, 01 May 2024 23:33:42 GMT'), (b'Content-Type', b'application/json'), (b'Content-Length', b'824'), (b'Connection', b'keep-alive'), (b'Strict-Transport-Security', b'max-age=31536000; includeSubDomains; preload'), (b'Access-Control-Allow-Origin', b'*'), (b'Access-Control-Allow-Methods', b'GET, POST, OPTIONS'), (b'Access-Control-Expose-Headers', b'Content-Length,Content-Type,Date,Server,Connection')])]
[2024-05-01 23:33:42,663]: [_client.py]: _send_single_request: 1773:       INFO:    [HTTP Request: POST https://api.telegram.org/bot6030805959:AAGUHAMxLYc-PrevgKouJ3ZyM7ktu56ftjo/sendDocument "HTTP/1.1 200 OK"]
[2024-05-01 23:33:42,663]: [_trace.py]: atrace: 85:       DEBUG:    [receive_response_body.started request=<Request [b'POST']>]
[2024-05-01 23:33:42,663]: [_trace.py]: atrace: 85:       DEBUG:    [receive_response_body.complete]
[2024-05-01 23:33:42,663]: [_trace.py]: atrace: 85:       DEBUG:    [response_closed.started]
[2024-05-01 23:33:42,663]: [_trace.py]: atrace: 85:       DEBUG:    [response_closed.complete]
[2024-05-01 23:33:42,663]: [_bot.py]: _do_post: 652:       DEBUG:    [Call to Bot API endpoint `sendDocument` finished with return value `{'message_id': 518, 'from': {'id': 6030805959, 'is_bot': True, 'first_name': 'TyPHoone', 'username': 'TyPHoone_Project_bot'}, 'chat': {'id': -4119703192, 'title': 'Robocop', 'type': 'group', 'all_members_are_administrators': True}, 'date': 1714606422, 'document': {'file_name': '7-Tasme_Maftoul.png', 'mime_type': 'image/png', 'thumbnail': {'file_id': 'AAMCBAADGQMAAgIGZjLRVhnBbnlqsj9GlKivn_xmvlQAAi4WAAKOWZhR1X45Hs504EQBAAdtAAM0BA', 'file_unique_id': 'AQADLhYAAo5ZmFFy', 'file_size': 35662, 'width': 320, 'height': 320}, 'thumb': {'file_id': 'AAMCBAADGQMAAgIGZjLRVhnBbnlqsj9GlKivn_xmvlQAAi4WAAKOWZhR1X45Hs504EQBAAdtAAM0BA', 'file_unique_id': 'AQADLhYAAo5ZmFFy', 'file_size': 35662, 'width': 320, 'height': 320}, 'file_id': 'BQACAgQAAxkDAAICBmYy0VYZwW55arI_RpSor5_8Zr5UAAIuFgACjlmYUdV-OR7OdOBENAQ', 'file_unique_id': 'AgADLhYAAo5ZmFE', 'file_size': 385511}}`]
[2024-05-01 23:33:42,664]: [_bot.py]: _do_post: 643:       DEBUG:    [Calling Bot API endpoint `sendDocument` with parameters `{'chat_id': '-4119703192', 'document': <telegram._files.inputfile.InputFile object at 0x7f022327c2c0>}`]
[2024-05-01 23:33:42,664]: [_trace.py]: atrace: 85:       DEBUG:    [send_request_headers.started request=<Request [b'POST']>]
[2024-05-01 23:33:42,664]: [_trace.py]: atrace: 85:       DEBUG:    [send_request_headers.complete]
[2024-05-01 23:33:42,664]: [_trace.py]: atrace: 85:       DEBUG:    [send_request_body.started request=<Request [b'POST']>]
[2024-05-01 23:33:42,665]: [_trace.py]: atrace: 85:       DEBUG:    [send_request_body.complete]
[2024-05-01 23:33:42,665]: [_trace.py]: atrace: 85:       DEBUG:    [receive_response_headers.started request=<Request [b'POST']>]
[2024-05-01 23:33:42,902]: [_trace.py]: atrace: 85:       DEBUG:    [receive_response_headers.complete return_value=(b'HTTP/1.1', 200, b'OK', [(b'Server', b'nginx/1.18.0'), (b'Date', b'Wed, 01 May 2024 23:33:42 GMT'), (b'Content-Type', b'application/json'), (b'Content-Length', b'818'), (b'Connection', b'keep-alive'), (b'Strict-Transport-Security', b'max-age=31536000; includeSubDomains; preload'), (b'Access-Control-Allow-Origin', b'*'), (b'Access-Control-Allow-Methods', b'GET, POST, OPTIONS'), (b'Access-Control-Expose-Headers', b'Content-Length,Content-Type,Date,Server,Connection')])]
[2024-05-01 23:33:42,903]: [_client.py]: _send_single_request: 1773:       INFO:    [HTTP Request: POST https://api.telegram.org/bot6030805959:AAGUHAMxLYc-PrevgKouJ3ZyM7ktu56ftjo/sendDocument "HTTP/1.1 200 OK"]
[2024-05-01 23:33:42,903]: [_trace.py]: atrace: 85:       DEBUG:    [receive_response_body.started request=<Request [b'POST']>]
[2024-05-01 23:33:42,903]: [_trace.py]: atrace: 85:       DEBUG:    [receive_response_body.complete]
[2024-05-01 23:33:42,903]: [_trace.py]: atrace: 85:       DEBUG:    [response_closed.started]
[2024-05-01 23:33:42,903]: [_trace.py]: atrace: 85:       DEBUG:    [response_closed.complete]
[2024-05-01 23:33:42,903]: [_bot.py]: _do_post: 652:       DEBUG:    [Call to Bot API endpoint `sendDocument` finished with return value `{'message_id': 519, 'from': {'id': 6030805959, 'is_bot': True, 'first_name': 'TyPHoone', 'username': 'TyPHoone_Project_bot'}, 'chat': {'id': -4119703192, 'title': 'Robocop', 'type': 'group', 'all_members_are_administrators': True}, 'date': 1714606422, 'document': {'file_name': '8-Khamoot.png', 'mime_type': 'image/png', 'thumbnail': {'file_id': 'AAMCBAADGQMAAgIHZjLRVj2fzO-dLrHc8-UvrItUtb8AAi8WAAKOWZhR0XXomgEWtKoBAAdtAAM0BA', 'file_unique_id': 'AQADLxYAAo5ZmFFy', 'file_size': 27553, 'width': 320, 'height': 320}, 'thumb': {'file_id': 'AAMCBAADGQMAAgIHZjLRVj2fzO-dLrHc8-UvrItUtb8AAi8WAAKOWZhR0XXomgEWtKoBAAdtAAM0BA', 'file_unique_id': 'AQADLxYAAo5ZmFFy', 'file_size': 27553, 'width': 320, 'height': 320}, 'file_id': 'BQACAgQAAxkDAAICB2Yy0VY9n8zvnS6x3PPlL6yLVLW_AAIvFgACjlmYUdF16JoBFrSqNAQ', 'file_unique_id': 'AgADLxYAAo5ZmFE', 'file_size': 432784}}`]
[2024-05-01 23:33:42,904]: [_bot.py]: _do_post: 643:       DEBUG:    [Calling Bot API endpoint `sendDocument` with parameters `{'chat_id': '-4119703192', 'document': <telegram._files.inputfile.InputFile object at 0x7f0222cd3ac0>}`]
[2024-05-01 23:33:42,904]: [_trace.py]: atrace: 85:       DEBUG:    [send_request_headers.started request=<Request [b'POST']>]
[2024-05-01 23:33:42,904]: [_trace.py]: atrace: 85:       DEBUG:    [send_request_headers.complete]
[2024-05-01 23:33:42,904]: [_trace.py]: atrace: 85:       DEBUG:    [send_request_body.started request=<Request [b'POST']>]
[2024-05-01 23:33:42,906]: [_trace.py]: atrace: 85:       DEBUG:    [send_request_body.complete]
[2024-05-01 23:33:42,906]: [_trace.py]: atrace: 85:       DEBUG:    [receive_response_headers.started request=<Request [b'POST']>]
[2024-05-01 23:33:43,242]: [_trace.py]: atrace: 85:       DEBUG:    [receive_response_headers.complete return_value=(b'HTTP/1.1', 200, b'OK', [(b'Server', b'nginx/1.18.0'), (b'Date', b'Wed, 01 May 2024 23:33:43 GMT'), (b'Content-Type', b'application/json'), (b'Content-Length', b'816'), (b'Connection', b'keep-alive'), (b'Strict-Transport-Security', b'max-age=31536000; includeSubDomains; preload'), (b'Access-Control-Allow-Origin', b'*'), (b'Access-Control-Allow-Methods', b'GET, POST, OPTIONS'), (b'Access-Control-Expose-Headers', b'Content-Length,Content-Type,Date,Server,Connection')])]
[2024-05-01 23:33:43,242]: [_client.py]: _send_single_request: 1773:       INFO:    [HTTP Request: POST https://api.telegram.org/bot6030805959:AAGUHAMxLYc-PrevgKouJ3ZyM7ktu56ftjo/sendDocument "HTTP/1.1 200 OK"]
[2024-05-01 23:33:43,242]: [_trace.py]: atrace: 85:       DEBUG:    [receive_response_body.started request=<Request [b'POST']>]
[2024-05-01 23:33:43,242]: [_trace.py]: atrace: 85:       DEBUG:    [receive_response_body.complete]
[2024-05-01 23:33:43,243]: [_trace.py]: atrace: 85:       DEBUG:    [response_closed.started]
[2024-05-01 23:33:43,243]: [_trace.py]: atrace: 85:       DEBUG:    [response_closed.complete]
[2024-05-01 23:33:43,243]: [_bot.py]: _do_post: 652:       DEBUG:    [Call to Bot API endpoint `sendDocument` finished with return value `{'message_id': 520, 'from': {'id': 6030805959, 'is_bot': True, 'first_name': 'TyPHoone', 'username': 'TyPHoone_Project_bot'}, 'chat': {'id': -4119703192, 'title': 'Robocop', 'type': 'group', 'all_members_are_administrators': True}, 'date': 1714606423, 'document': {'file_name': '0-cover.png', 'mime_type': 'image/png', 'thumbnail': {'file_id': 'AAMCBAADGQMAAgIIZjLRVyYH49D3ck6dvcU6nJ1inNgAAjAWAAKOWZhRE4-OC6SqFTMBAAdtAAM0BA', 'file_unique_id': 'AQADMBYAAo5ZmFFy', 'file_size': 33676, 'width': 320, 'height': 320}, 'thumb': {'file_id': 'AAMCBAADGQMAAgIIZjLRVyYH49D3ck6dvcU6nJ1inNgAAjAWAAKOWZhRE4-OC6SqFTMBAAdtAAM0BA', 'file_unique_id': 'AQADMBYAAo5ZmFFy', 'file_size': 33676, 'width': 320, 'height': 320}, 'file_id': 'BQACAgQAAxkDAAICCGYy0VcmB-PQ93JOnb3FOpydYpzYAAIwFgACjlmYUROPjgukqhUzNAQ', 'file_unique_id': 'AgADMBYAAo5ZmFE', 'file_size': 830514}}`]
[2024-05-01 23:33:43,243]: [_trace.py]: atrace: 85:       DEBUG:    [close.started]
[2024-05-01 23:33:43,243]: [_trace.py]: atrace: 85:       DEBUG:    [close.complete]
[2024-05-01 23:33:43,244]: [_config.py]: load_ssl_context: 80:       DEBUG:    [load_ssl_context verify=True cert=None trust_env=True http2=False]
[2024-05-01 23:33:43,244]: [_config.py]: load_ssl_context_verify: 146:       DEBUG:    [load_verify_locations cafile='/opt/hostedtoolcache/Python/3.12.3/x64/lib/python3.12/site-packages/certifi/cacert.pem']
[2024-05-01 23:33:43,271]: [_config.py]: load_ssl_context: 80:       DEBUG:    [load_ssl_context verify=True cert=None trust_env=True http2=False]
[2024-05-01 23:33:43,271]: [_config.py]: load_ssl_context_verify: 146:       DEBUG:    [load_verify_locations cafile='/opt/hostedtoolcache/Python/3.12.3/x64/lib/python3.12/site-packages/certifi/cacert.pem']
[2024-05-01 23:33:43,297]: [_bot.py]: _do_post: 643:       DEBUG:    [Calling Bot API endpoint `getMe` with parameters `{}`]
[2024-05-01 23:33:43,297]: [_trace.py]: atrace: 85:       DEBUG:    [connect_tcp.started host='api.telegram.org' port=443 local_address=None timeout=5.0 socket_options=None]
[2024-05-01 23:33:43,440]: [_trace.py]: atrace: 85:       DEBUG:    [connect_tcp.complete return_value=<httpcore._backends.anyio.AnyIOStream object at 0x7f0221b2e1e0>]
[2024-05-01 23:33:43,440]: [_trace.py]: atrace: 85:       DEBUG:    [start_tls.started ssl_context=<ssl.SSLContext object at 0x7f022372db50> server_hostname='api.telegram.org' timeout=5.0]
[2024-05-01 23:33:43,584]: [_trace.py]: atrace: 85:       DEBUG:    [start_tls.complete return_value=<httpcore._backends.anyio.AnyIOStream object at 0x7f022df60590>]
[2024-05-01 23:33:43,584]: [_trace.py]: atrace: 85:       DEBUG:    [send_request_headers.started request=<Request [b'POST']>]
[2024-05-01 23:33:43,584]: [_trace.py]: atrace: 85:       DEBUG:    [send_request_headers.complete]
[2024-05-01 23:33:43,584]: [_trace.py]: atrace: 85:       DEBUG:    [send_request_body.started request=<Request [b'POST']>]
[2024-05-01 23:33:43,584]: [_trace.py]: atrace: 85:       DEBUG:    [send_request_body.complete]
[2024-05-01 23:33:43,584]: [_trace.py]: atrace: 85:       DEBUG:    [receive_response_headers.started request=<Request [b'POST']>]
[2024-05-01 23:33:43,727]: [_trace.py]: atrace: 85:       DEBUG:    [receive_response_headers.complete return_value=(b'HTTP/1.1', 200, b'OK', [(b'Server', b'nginx/1.18.0'), (b'Date', b'Wed, 01 May 2024 23:33:43 GMT'), (b'Content-Type', b'application/json'), (b'Content-Length', b'233'), (b'Connection', b'keep-alive'), (b'Strict-Transport-Security', b'max-age=31536000; includeSubDomains; preload'), (b'Access-Control-Allow-Origin', b'*'), (b'Access-Control-Allow-Methods', b'GET, POST, OPTIONS'), (b'Access-Control-Expose-Headers', b'Content-Length,Content-Type,Date,Server,Connection')])]
[2024-05-01 23:33:43,727]: [_client.py]: _send_single_request: 1773:       INFO:    [HTTP Request: POST https://api.telegram.org/bot6030805959:AAGUHAMxLYc-PrevgKouJ3ZyM7ktu56ftjo/getMe "HTTP/1.1 200 OK"]
[2024-05-01 23:33:43,727]: [_trace.py]: atrace: 85:       DEBUG:    [receive_response_body.started request=<Request [b'POST']>]
[2024-05-01 23:33:43,728]: [_trace.py]: atrace: 85:       DEBUG:    [receive_response_body.complete]
[2024-05-01 23:33:43,728]: [_trace.py]: atrace: 85:       DEBUG:    [response_closed.started]
[2024-05-01 23:33:43,728]: [_trace.py]: atrace: 85:       DEBUG:    [response_closed.complete]
[2024-05-01 23:33:43,728]: [_bot.py]: _do_post: 652:       DEBUG:    [Call to Bot API endpoint `getMe` finished with return value `{'id': 6030805959, 'is_bot': True, 'first_name': 'TyPHoone', 'username': 'TyPHoone_Project_bot', 'can_join_groups': True, 'can_read_all_group_messages': False, 'supports_inline_queries': False, 'can_connect_to_business': False}`]
[2024-05-01 23:33:43,728]: [_bot.py]: _do_post: 643:       DEBUG:    [Calling Bot API endpoint `sendDocument` with parameters `{'chat_id': '-4119703192', 'document': <telegram._files.inputfile.InputFile object at 0x7f0221b480c0>}`]
[2024-05-01 23:33:43,728]: [_trace.py]: atrace: 85:       DEBUG:    [send_request_headers.started request=<Request [b'POST']>]
[2024-05-01 23:33:43,729]: [_trace.py]: atrace: 85:       DEBUG:    [send_request_headers.complete]
[2024-05-01 23:33:43,729]: [_trace.py]: atrace: 85:       DEBUG:    [send_request_body.started request=<Request [b'POST']>]
[2024-05-01 23:33:44,298]: [_trace.py]: atrace: 85:       DEBUG:    [send_request_body.complete]
[2024-05-01 23:33:44,299]: [_trace.py]: atrace: 85:       DEBUG:    [receive_response_headers.started request=<Request [b'POST']>]
[2024-05-01 23:33:47,679]: [_trace.py]: atrace: 85:       DEBUG:    [receive_response_headers.complete return_value=(b'HTTP/1.1', 200, b'OK', [(b'Server', b'nginx/1.18.0'), (b'Date', b'Wed, 01 May 2024 23:33:47 GMT'), (b'Content-Type', b'application/json'), (b'Content-Length', b'819'), (b'Connection', b'keep-alive'), (b'Strict-Transport-Security', b'max-age=31536000; includeSubDomains; preload'), (b'Access-Control-Allow-Origin', b'*'), (b'Access-Control-Allow-Methods', b'GET, POST, OPTIONS'), (b'Access-Control-Expose-Headers', b'Content-Length,Content-Type,Date,Server,Connection')])]
[2024-05-01 23:33:47,679]: [_client.py]: _send_single_request: 1773:       INFO:    [HTTP Request: POST https://api.telegram.org/bot6030805959:AAGUHAMxLYc-PrevgKouJ3ZyM7ktu56ftjo/sendDocument "HTTP/1.1 200 OK"]
[2024-05-01 23:33:47,679]: [_trace.py]: atrace: 85:       DEBUG:    [receive_response_body.started request=<Request [b'POST']>]
[2024-05-01 23:33:47,680]: [_trace.py]: atrace: 85:       DEBUG:    [receive_response_body.complete]
[2024-05-01 23:33:47,680]: [_trace.py]: atrace: 85:       DEBUG:    [response_closed.started]
[2024-05-01 23:33:47,680]: [_trace.py]: atrace: 85:       DEBUG:    [response_closed.complete]
[2024-05-01 23:33:47,680]: [_bot.py]: _do_post: 652:       DEBUG:    [Call to Bot API endpoint `sendDocument` finished with return value `{'message_id': 521, 'from': {'id': 6030805959, 'is_bot': True, 'first_name': 'TyPHoone', 'username': 'TyPHoone_Project_bot'}, 'chat': {'id': -4119703192, 'title': 'Robocop', 'type': 'group', 'all_members_are_administrators': True}, 'date': 1714606427, 'document': {'file_name': '1-Tir_Ahan.png', 'mime_type': 'image/png', 'thumbnail': {'file_id': 'AAMCBAADGQMAAgIJZjLRWxUlNssgDaGfVdQPCIPNFW0AAjEWAAKOWZhRj2ugLRC4h3wBAAdtAAM0BA', 'file_unique_id': 'AQADMRYAAo5ZmFFy', 'file_size': 37998, 'width': 320, 'height': 320}, 'thumb': {'file_id': 'AAMCBAADGQMAAgIJZjLRWxUlNssgDaGfVdQPCIPNFW0AAjEWAAKOWZhRj2ugLRC4h3wBAAdtAAM0BA', 'file_unique_id': 'AQADMRYAAo5ZmFFy', 'file_size': 37998, 'width': 320, 'height': 320}, 'file_id': 'BQACAgQAAxkDAAICCWYy0VsVJTbLIA2hn1XUDwiDzRVtAAIxFgACjlmYUY9roC0QuId8NAQ', 'file_unique_id': 'AgADMRYAAo5ZmFE', 'file_size': 425618}}`]
[2024-05-01 23:33:47,680]: [_bot.py]: _do_post: 643:       DEBUG:    [Calling Bot API endpoint `sendDocument` with parameters `{'chat_id': '-4119703192', 'document': <telegram._files.inputfile.InputFile object at 0x7f0221b4a0c0>}`]
[2024-05-01 23:33:47,681]: [_trace.py]: atrace: 85:       DEBUG:    [send_request_headers.started request=<Request [b'POST']>]
[2024-05-01 23:33:47,681]: [_trace.py]: atrace: 85:       DEBUG:    [send_request_headers.complete]
[2024-05-01 23:33:47,681]: [_trace.py]: atrace: 85:       DEBUG:    [send_request_body.started request=<Request [b'POST']>]
[2024-05-01 23:33:47,682]: [_trace.py]: atrace: 85:       DEBUG:    [send_request_body.complete]
[2024-05-01 23:33:47,682]: [_trace.py]: atrace: 85:       DEBUG:    [receive_response_headers.started request=<Request [b'POST']>]
[2024-05-01 23:33:48,617]: [_trace.py]: atrace: 85:       DEBUG:    [receive_response_headers.complete return_value=(b'HTTP/1.1', 200, b'OK', [(b'Server', b'nginx/1.18.0'), (b'Date', b'Wed, 01 May 2024 23:33:48 GMT'), (b'Content-Type', b'application/json'), (b'Content-Length', b'826'), (b'Connection', b'keep-alive'), (b'Strict-Transport-Security', b'max-age=31536000; includeSubDomains; preload'), (b'Access-Control-Allow-Origin', b'*'), (b'Access-Control-Allow-Methods', b'GET, POST, OPTIONS'), (b'Access-Control-Expose-Headers', b'Content-Length,Content-Type,Date,Server,Connection')])]
[2024-05-01 23:33:48,617]: [_client.py]: _send_single_request: 1773:       INFO:    [HTTP Request: POST https://api.telegram.org/bot6030805959:AAGUHAMxLYc-PrevgKouJ3ZyM7ktu56ftjo/sendDocument "HTTP/1.1 200 OK"]
[2024-05-01 23:33:48,618]: [_trace.py]: atrace: 85:       DEBUG:    [receive_response_body.started request=<Request [b'POST']>]
[2024-05-01 23:33:48,618]: [_trace.py]: atrace: 85:       DEBUG:    [receive_response_body.complete]
[2024-05-01 23:33:48,618]: [_trace.py]: atrace: 85:       DEBUG:    [response_closed.started]
[2024-05-01 23:33:48,618]: [_trace.py]: atrace: 85:       DEBUG:    [response_closed.complete]
[2024-05-01 23:33:48,618]: [_bot.py]: _do_post: 652:       DEBUG:    [Call to Bot API endpoint `sendDocument` finished with return value `{'message_id': 522, 'from': {'id': 6030805959, 'is_bot': True, 'first_name': 'TyPHoone', 'username': 'TyPHoone_Project_bot'}, 'chat': {'id': -4119703192, 'title': 'Robocop', 'type': 'group', 'all_members_are_administrators': True}, 'date': 1714606428, 'document': {'file_name': '9-Waraq_Galwanize.png', 'mime_type': 'image/png', 'thumbnail': {'file_id': 'AAMCBAADGQMAAgIKZjLRXF_E-KdliumGXNUjgUCOGogAAjIWAAKOWZhRovQRPGAi_j0BAAdtAAM0BA', 'file_unique_id': 'AQADMhYAAo5ZmFFy', 'file_size': 37978, 'width': 320, 'height': 320}, 'thumb': {'file_id': 'AAMCBAADGQMAAgIKZjLRXF_E-KdliumGXNUjgUCOGogAAjIWAAKOWZhRovQRPGAi_j0BAAdtAAM0BA', 'file_unique_id': 'AQADMhYAAo5ZmFFy', 'file_size': 37978, 'width': 320, 'height': 320}, 'file_id': 'BQACAgQAAxkDAAICCmYy0VxfxPinZYrphlzVI4FAjhqIAAIyFgACjlmYUaL0ETxgIv49NAQ', 'file_unique_id': 'AgADMhYAAo5ZmFE', 'file_size': 406220}}`]
[2024-05-01 23:33:48,619]: [_bot.py]: _do_post: 643:       DEBUG:    [Calling Bot API endpoint `sendDocument` with parameters `{'chat_id': '-4119703192', 'document': <telegram._files.inputfile.InputFile object at 0x7f0221b3a5c0>}`]
[2024-05-01 23:33:48,619]: [_trace.py]: atrace: 85:       DEBUG:    [send_request_headers.started request=<Request [b'POST']>]
[2024-05-01 23:33:48,621]: [_trace.py]: atrace: 85:       DEBUG:    [send_request_headers.complete]
[2024-05-01 23:33:48,621]: [_trace.py]: atrace: 85:       DEBUG:    [send_request_body.started request=<Request [b'POST']>]
[2024-05-01 23:33:48,622]: [_trace.py]: atrace: 85:       DEBUG:    [send_request_body.complete]
[2024-05-01 23:33:48,622]: [_trace.py]: atrace: 85:       DEBUG:    [receive_response_headers.started request=<Request [b'POST']>]
[2024-05-01 23:33:48,861]: [_trace.py]: atrace: 85:       DEBUG:    [receive_response_headers.complete return_value=(b'HTTP/1.1', 200, b'OK', [(b'Server', b'nginx/1.18.0'), (b'Date', b'Wed, 01 May 2024 23:33:48 GMT'), (b'Content-Type', b'application/json'), (b'Content-Length', b'818'), (b'Connection', b'keep-alive'), (b'Strict-Transport-Security', b'max-age=31536000; includeSubDomains; preload'), (b'Access-Control-Allow-Origin', b'*'), (b'Access-Control-Allow-Methods', b'GET, POST, OPTIONS'), (b'Access-Control-Expose-Headers', b'Content-Length,Content-Type,Date,Server,Connection')])]
[2024-05-01 23:33:48,861]: [_client.py]: _send_single_request: 1773:       INFO:    [HTTP Request: POST https://api.telegram.org/bot6030805959:AAGUHAMxLYc-PrevgKouJ3ZyM7ktu56ftjo/sendDocument "HTTP/1.1 200 OK"]
[2024-05-01 23:33:48,861]: [_trace.py]: atrace: 85:       DEBUG:    [receive_response_body.started request=<Request [b'POST']>]
[2024-05-01 23:33:48,861]: [_trace.py]: atrace: 85:       DEBUG:    [receive_response_body.complete]
[2024-05-01 23:33:48,861]: [_trace.py]: atrace: 85:       DEBUG:    [response_closed.started]
[2024-05-01 23:33:48,861]: [_trace.py]: atrace: 85:       DEBUG:    [response_closed.complete]
[2024-05-01 23:33:48,861]: [_bot.py]: _do_post: 652:       DEBUG:    [Call to Bot API endpoint `sendDocument` finished with return value `{'message_id': 523, 'from': {'id': 6030805959, 'is_bot': True, 'first_name': 'TyPHoone', 'username': 'TyPHoone_Project_bot'}, 'chat': {'id': -4119703192, 'title': 'Robocop', 'type': 'group', 'all_members_are_administrators': True}, 'date': 1714606428, 'document': {'file_name': '2-Milgerd.png', 'mime_type': 'image/png', 'thumbnail': {'file_id': 'AAMCBAADGQMAAgILZjLRXOe3FvVoYhQ7_cydi_-UMscAAjMWAAKOWZhR7RI9vWcDP3YBAAdtAAM0BA', 'file_unique_id': 'AQADMxYAAo5ZmFFy', 'file_size': 41813, 'width': 320, 'height': 320}, 'thumb': {'file_id': 'AAMCBAADGQMAAgILZjLRXOe3FvVoYhQ7_cydi_-UMscAAjMWAAKOWZhR7RI9vWcDP3YBAAdtAAM0BA', 'file_unique_id': 'AQADMxYAAo5ZmFFy', 'file_size': 41813, 'width': 320, 'height': 320}, 'file_id': 'BQACAgQAAxkDAAICC2Yy0Vzntxb1aGIUO_3MnYv_lDLHAAIzFgACjlmYUe0SPb1nAz92NAQ', 'file_unique_id': 'AgADMxYAAo5ZmFE', 'file_size': 411748}}`]
[2024-05-01 23:33:48,862]: [_bot.py]: _do_post: 643:       DEBUG:    [Calling Bot API endpoint `sendDocument` with parameters `{'chat_id': '-4119703192', 'document': <telegram._files.inputfile.InputFile object at 0x7f0223740340>}`]
[2024-05-01 23:33:48,862]: [_trace.py]: atrace: 85:       DEBUG:    [send_request_headers.started request=<Request [b'POST']>]
[2024-05-01 23:33:48,862]: [_trace.py]: atrace: 85:       DEBUG:    [send_request_headers.complete]
[2024-05-01 23:33:48,862]: [_trace.py]: atrace: 85:       DEBUG:    [send_request_body.started request=<Request [b'POST']>]
[2024-05-01 23:33:48,863]: [_trace.py]: atrace: 85:       DEBUG:    [send_request_body.complete]
[2024-05-01 23:33:48,863]: [_trace.py]: atrace: 85:       DEBUG:    [receive_response_headers.started request=<Request [b'POST']>]
[2024-05-01 23:33:49,142]: [_trace.py]: atrace: 85:       DEBUG:    [receive_response_headers.complete return_value=(b'HTTP/1.1', 200, b'OK', [(b'Server', b'nginx/1.18.0'), (b'Date', b'Wed, 01 May 2024 23:33:49 GMT'), (b'Content-Type', b'application/json'), (b'Content-Length', b'817'), (b'Connection', b'keep-alive'), (b'Strict-Transport-Security', b'max-age=31536000; includeSubDomains; preload'), (b'Access-Control-Allow-Origin', b'*'), (b'Access-Control-Allow-Methods', b'GET, POST, OPTIONS'), (b'Access-Control-Expose-Headers', b'Content-Length,Content-Type,Date,Server,Connection')])]
[2024-05-01 23:33:49,142]: [_client.py]: _send_single_request: 1773:       INFO:    [HTTP Request: POST https://api.telegram.org/bot6030805959:AAGUHAMxLYc-PrevgKouJ3ZyM7ktu56ftjo/sendDocument "HTTP/1.1 200 OK"]
[2024-05-01 23:33:49,142]: [_trace.py]: atrace: 85:       DEBUG:    [receive_response_body.started request=<Request [b'POST']>]
[2024-05-01 23:33:49,142]: [_trace.py]: atrace: 85:       DEBUG:    [receive_response_body.complete]
[2024-05-01 23:33:49,142]: [_trace.py]: atrace: 85:       DEBUG:    [response_closed.started]
[2024-05-01 23:33:49,142]: [_trace.py]: atrace: 85:       DEBUG:    [response_closed.complete]
[2024-05-01 23:33:49,142]: [_bot.py]: _do_post: 652:       DEBUG:    [Call to Bot API endpoint `sendDocument` finished with return value `{'message_id': 524, 'from': {'id': 6030805959, 'is_bot': True, 'first_name': 'TyPHoone', 'username': 'TyPHoone_Project_bot'}, 'chat': {'id': -4119703192, 'title': 'Robocop', 'type': 'group', 'all_members_are_administrators': True}, 'date': 1714606429, 'document': {'file_name': '5-Nabshi.png', 'mime_type': 'image/png', 'thumbnail': {'file_id': 'AAMCBAADGQMAAgIMZjLRXOl5w9oxbJwG_u7u2_7L6kYAAjQWAAKOWZhRot0yO7yRWHsBAAdtAAM0BA', 'file_unique_id': 'AQADNBYAAo5ZmFFy', 'file_size': 31528, 'width': 320, 'height': 320}, 'thumb': {'file_id': 'AAMCBAADGQMAAgIMZjLRXOl5w9oxbJwG_u7u2_7L6kYAAjQWAAKOWZhRot0yO7yRWHsBAAdtAAM0BA', 'file_unique_id': 'AQADNBYAAo5ZmFFy', 'file_size': 31528, 'width': 320, 'height': 320}, 'file_id': 'BQACAgQAAxkDAAICDGYy0VzpecPaMWycBv7u7tv-y-pGAAI0FgACjlmYUaLdMju8kVh7NAQ', 'file_unique_id': 'AgADNBYAAo5ZmFE', 'file_size': 395211}}`]
[2024-05-01 23:33:49,143]: [_bot.py]: _do_post: 643:       DEBUG:    [Calling Bot API endpoint `sendDocument` with parameters `{'chat_id': '-4119703192', 'document': <telegram._files.inputfile.InputFile object at 0x7f0223740540>}`]
[2024-05-01 23:33:49,143]: [_trace.py]: atrace: 85:       DEBUG:    [send_request_headers.started request=<Request [b'POST']>]
[2024-05-01 23:33:49,143]: [_trace.py]: atrace: 85:       DEBUG:    [send_request_headers.complete]
[2024-05-01 23:33:49,143]: [_trace.py]: atrace: 85:       DEBUG:    [send_request_body.started request=<Request [b'POST']>]
[2024-05-01 23:33:49,144]: [_trace.py]: atrace: 85:       DEBUG:    [send_request_body.complete]
[2024-05-01 23:33:49,144]: [_trace.py]: atrace: 85:       DEBUG:    [receive_response_headers.started request=<Request [b'POST']>]
[2024-05-01 23:33:49,417]: [_trace.py]: atrace: 85:       DEBUG:    [receive_response_headers.complete return_value=(b'HTTP/1.1', 200, b'OK', [(b'Server', b'nginx/1.18.0'), (b'Date', b'Wed, 01 May 2024 23:33:49 GMT'), (b'Content-Type', b'application/json'), (b'Content-Length', b'821'), (b'Connection', b'keep-alive'), (b'Strict-Transport-Security', b'max-age=31536000; includeSubDomains; preload'), (b'Access-Control-Allow-Origin', b'*'), (b'Access-Control-Allow-Methods', b'GET, POST, OPTIONS'), (b'Access-Control-Expose-Headers', b'Content-Length,Content-Type,Date,Server,Connection')])]
[2024-05-01 23:33:49,417]: [_client.py]: _send_single_request: 1773:       INFO:    [HTTP Request: POST https://api.telegram.org/bot6030805959:AAGUHAMxLYc-PrevgKouJ3ZyM7ktu56ftjo/sendDocument "HTTP/1.1 200 OK"]
[2024-05-01 23:33:49,418]: [_trace.py]: atrace: 85:       DEBUG:    [receive_response_body.started request=<Request [b'POST']>]
[2024-05-01 23:33:49,418]: [_trace.py]: atrace: 85:       DEBUG:    [receive_response_body.complete]
[2024-05-01 23:33:49,418]: [_trace.py]: atrace: 85:       DEBUG:    [response_closed.started]
[2024-05-01 23:33:49,418]: [_trace.py]: atrace: 85:       DEBUG:    [response_closed.complete]
[2024-05-01 23:33:49,418]: [_bot.py]: _do_post: 652:       DEBUG:    [Call to Bot API endpoint `sendDocument` finished with return value `{'message_id': 525, 'from': {'id': 6030805959, 'is_bot': True, 'first_name': 'TyPHoone', 'username': 'TyPHoone_Project_bot'}, 'chat': {'id': -4119703192, 'title': 'Robocop', 'type': 'group', 'all_members_are_administrators': True}, 'date': 1714606429, 'document': {'file_name': '6-Waraq_Siah.png', 'mime_type': 'image/png', 'thumbnail': {'file_id': 'AAMCBAADGQMAAgINZjLRXZXykst7vDXY2u8YDjpecfkAAjUWAAKOWZhRYcZFhMNDRMsBAAdtAAM0BA', 'file_unique_id': 'AQADNRYAAo5ZmFFy', 'file_size': 42590, 'width': 320, 'height': 320}, 'thumb': {'file_id': 'AAMCBAADGQMAAgINZjLRXZXykst7vDXY2u8YDjpecfkAAjUWAAKOWZhRYcZFhMNDRMsBAAdtAAM0BA', 'file_unique_id': 'AQADNRYAAo5ZmFFy', 'file_size': 42590, 'width': 320, 'height': 320}, 'file_id': 'BQACAgQAAxkDAAICDWYy0V2V8pLLe7w12NrvGA46XnH5AAI1FgACjlmYUWHGRYTDQ0TLNAQ', 'file_unique_id': 'AgADNRYAAo5ZmFE', 'file_size': 417882}}`]
[2024-05-01 23:33:49,418]: [_bot.py]: _do_post: 643:       DEBUG:    [Calling Bot API endpoint `sendDocument` with parameters `{'chat_id': '-4119703192', 'document': <telegram._files.inputfile.InputFile object at 0x7f0223740340>}`]
[2024-05-01 23:33:49,419]: [_trace.py]: atrace: 85:       DEBUG:    [send_request_headers.started request=<Request [b'POST']>]
[2024-05-01 23:33:49,419]: [_trace.py]: atrace: 85:       DEBUG:    [send_request_headers.complete]
[2024-05-01 23:33:49,419]: [_trace.py]: atrace: 85:       DEBUG:    [send_request_body.started request=<Request [b'POST']>]
[2024-05-01 23:33:49,420]: [_trace.py]: atrace: 85:       DEBUG:    [send_request_body.complete]
[2024-05-01 23:33:49,420]: [_trace.py]: atrace: 85:       DEBUG:    [receive_response_headers.started request=<Request [b'POST']>]
[2024-05-01 23:33:54,425]: [_trace.py]: atrace: 85:       DEBUG:    [receive_response_headers.failed exception=ReadTimeout(TimeoutError())]
[2024-05-01 23:33:54,425]: [_trace.py]: atrace: 85:       DEBUG:    [response_closed.started]
[2024-05-01 23:33:54,425]: [_trace.py]: atrace: 85:       DEBUG:    [response_closed.complete]
[2024-05-01 23:33:54,426]: [Telegram_Sender.py]: runner: 39:       CRITICAL:    [Files Didnt sent]
[2024-05-01 23:33:54,427]: [Main.py]: <module>: 48:       INFO:    [Finished]
