[2024-10-20 11:39:32,235]: [Main.py]: <module>: 21:       INFO:    [Started]
[2024-10-20 11:39:33,786]: [Iron_Scraper.py]: Scrap: 32:       INFO:    [Data Scaraped Successfully]
[2024-10-20 11:39:33,971]: [Iron_Scraper.py]: Scrap: 70:       INFO:    [Scrapped Data Has No Problem]
[2024-10-20 11:39:33,971]: [Iron_Scraper.py]: Scrap: 83:       INFO:    [Data Saved Successfully]
[2024-10-20 11:39:33,971]: [Iron.py]: Run: 26:       INFO:    [Scraping Phase Completed]
[2024-10-20 11:39:33,972]: [Iron_Data_Processor.py]: Data_Reader: 61:       INFO:    [Data File Has Been Red Successfully]
[2024-10-20 11:39:33,972]: [Iron_Data_Processor.py]: Shaper: 78:       INFO:    [Data Shaped]
[2024-10-20 11:39:33,972]: [Iron_Data_Processor.py]: Process: 228:       INFO:    [Data Cleaned]
[2024-10-20 11:39:33,972]: [Iron_Data_Processor.py]: Make_Pages_Objects: 101:       INFO:    [Page Objects Has Been Made]
[2024-10-20 11:39:33,972]: [Iron_Data_Processor.py]: Make_Pages_Objects: 101:       INFO:    [Page Objects Has Been Made]
[2024-10-20 11:39:33,972]: [Iron_Data_Processor.py]: Load_Data: 118:       INFO:    [Data Has Been Load]
[2024-10-20 11:39:33,972]: [Iron_Data_Processor.py]: Load_Data: 118:       INFO:    [Data Has Been Load]
[2024-10-20 11:39:33,973]: [Iron_Data_Processor.py]: Load_positions: 140:       INFO:    [Positions Are Ready]
[2024-10-20 11:39:33,973]: [Iron_Data_Processor.py]: Load_positions: 140:       INFO:    [Positions Are Ready]
[2024-10-20 11:39:35,097]: [Iron_Data_Processor.py]: Make_Tagged_Images: 193:       INFO:    [Images Has Been Made]
[2024-10-20 11:39:36,053]: [Iron_Data_Processor.py]: Make_Tagged_Images: 193:       INFO:    [Images Has Been Made]
[2024-10-20 11:39:36,306]: [Iron_Data_Processor.py]: Make_Cover_Page: 215:       INFO:    [Made Cover Pages]
[2024-10-20 11:39:36,306]: [Iron.py]: Run: 29:       INFO:    [Imagination Phase Completed]
[2024-10-20 11:39:38,816]: [Phone_Scraper.py]: Scrap: 58:       INFO:    [Data Scraped]
[2024-10-20 11:39:38,816]: [Phone_Scraper.py]: Scrap: 71:       INFO:    [Scraped Data Successfully]
[2024-10-20 11:39:38,816]: [Phone.py]: Run: 26:       INFO:    [Scraping Phase Complete]
[2024-10-20 11:39:38,816]: [Phone_Data_Processor.py]: data_reader: 38:       INFO:    [Scraped Data Loaded]
[2024-10-20 11:39:38,818]: [Phone_Data_Processor.py]: filter_list: 65:       INFO:    [Persian Phrases Are deleted]
[2024-10-20 11:39:38,818]: [Phone_Data_Processor.py]: reshape_list: 87:       INFO:    [Date Reshaped]
[2024-10-20 11:39:38,818]: [Phone_Data_Processor.py]: separate_brands: 124:       INFO:    [Brands Are Separated]
[2024-10-20 11:39:38,819]: [Phone_Data_Processor.py]: delete_extra_spaces: 141:       INFO:    [Extra Spaces Are Deleted]
[2024-10-20 11:39:39,581]: [Phone.py]: Run: 29:       INFO:    [Imagination Phase Complete]
[2024-10-20 11:39:39,581]: [selector_events.py]: __init__: 64:       DEBUG:    [Using selector: EpollSelector]
[2024-10-20 11:39:39,922]: [_bot.py]: _do_post: 643:       DEBUG:    [Calling Bot API endpoint `getMe` with parameters `{}`]
[2024-10-20 11:39:39,927]: [_trace.py]: atrace: 85:       DEBUG:    [connect_tcp.started host='api.telegram.org' port=443 local_address=None timeout=5.0 socket_options=None]
[2024-10-20 11:39:40,060]: [_trace.py]: atrace: 85:       DEBUG:    [connect_tcp.complete return_value=<httpcore._backends.anyio.AnyIOStream object at 0x7fa8276b8f80>]
[2024-10-20 11:39:40,060]: [_trace.py]: atrace: 85:       DEBUG:    [start_tls.started ssl_context=<ssl.SSLContext object at 0x7fa827f3bad0> server_hostname='api.telegram.org' timeout=5.0]
[2024-10-20 11:39:40,148]: [_trace.py]: atrace: 85:       DEBUG:    [start_tls.complete return_value=<httpcore._backends.anyio.AnyIOStream object at 0x7fa8285b7ec0>]
[2024-10-20 11:39:40,149]: [_trace.py]: atrace: 85:       DEBUG:    [send_request_headers.started request=<Request [b'POST']>]
[2024-10-20 11:39:40,149]: [_trace.py]: atrace: 85:       DEBUG:    [send_request_headers.complete]
[2024-10-20 11:39:40,149]: [_trace.py]: atrace: 85:       DEBUG:    [send_request_body.started request=<Request [b'POST']>]
[2024-10-20 11:39:40,149]: [_trace.py]: atrace: 85:       DEBUG:    [send_request_body.complete]
[2024-10-20 11:39:40,149]: [_trace.py]: atrace: 85:       DEBUG:    [receive_response_headers.started request=<Request [b'POST']>]
[2024-10-20 11:39:40,240]: [_trace.py]: atrace: 85:       DEBUG:    [receive_response_headers.complete return_value=(b'HTTP/1.1', 200, b'OK', [(b'Server', b'nginx/1.18.0'), (b'Date', b'Sun, 20 Oct 2024 11:39:40 GMT'), (b'Content-Type', b'application/json'), (b'Content-Length', b'258'), (b'Connection', b'keep-alive'), (b'Strict-Transport-Security', b'max-age=31536000; includeSubDomains; preload'), (b'Access-Control-Allow-Origin', b'*'), (b'Access-Control-Allow-Methods', b'GET, POST, OPTIONS'), (b'Access-Control-Expose-Headers', b'Content-Length,Content-Type,Date,Server,Connection')])]
[2024-10-20 11:39:40,241]: [_client.py]: _send_single_request: 1786:       INFO:    [HTTP Request: POST https://api.telegram.org/bot6030805959:AAGUHAMxLYc-PrevgKouJ3ZyM7ktu56ftjo/getMe "HTTP/1.1 200 OK"]
[2024-10-20 11:39:40,241]: [_trace.py]: atrace: 85:       DEBUG:    [receive_response_body.started request=<Request [b'POST']>]
[2024-10-20 11:39:40,241]: [_trace.py]: atrace: 85:       DEBUG:    [receive_response_body.complete]
[2024-10-20 11:39:40,241]: [_trace.py]: atrace: 85:       DEBUG:    [response_closed.started]
[2024-10-20 11:39:40,241]: [_trace.py]: atrace: 85:       DEBUG:    [response_closed.complete]
[2024-10-20 11:39:40,241]: [_bot.py]: _do_post: 652:       DEBUG:    [Call to Bot API endpoint `getMe` finished with return value `{'id': 6030805959, 'is_bot': True, 'first_name': 'TyPHoone', 'username': 'TyPHoone_Project_bot', 'can_join_groups': True, 'can_read_all_group_messages': False, 'supports_inline_queries': False, 'can_connect_to_business': False, 'has_main_web_app': False}`]
[2024-10-20 11:39:40,245]: [_bot.py]: _do_post: 643:       DEBUG:    [Calling Bot API endpoint `sendDocument` with parameters `{'chat_id': '-4119703192', 'document': <telegram._files.inputfile.InputFile object at 0x7fa827579200>}`]
[2024-10-20 11:39:40,246]: [_trace.py]: atrace: 85:       DEBUG:    [send_request_headers.started request=<Request [b'POST']>]
[2024-10-20 11:39:40,246]: [_trace.py]: atrace: 85:       DEBUG:    [send_request_headers.complete]
[2024-10-20 11:39:40,246]: [_trace.py]: atrace: 85:       DEBUG:    [send_request_body.started request=<Request [b'POST']>]
[2024-10-20 11:39:40,247]: [_trace.py]: atrace: 85:       DEBUG:    [send_request_body.complete]
[2024-10-20 11:39:40,247]: [_trace.py]: atrace: 85:       DEBUG:    [receive_response_headers.started request=<Request [b'POST']>]
[2024-10-20 11:39:40,368]: [_trace.py]: atrace: 85:       DEBUG:    [receive_response_headers.complete return_value=(b'HTTP/1.1', 200, b'OK', [(b'Server', b'nginx/1.18.0'), (b'Date', b'Sun, 20 Oct 2024 11:39:40 GMT'), (b'Content-Type', b'application/json'), (b'Content-Length', b'464'), (b'Connection', b'keep-alive'), (b'Strict-Transport-Security', b'max-age=31536000; includeSubDomains; preload'), (b'Access-Control-Allow-Origin', b'*'), (b'Access-Control-Allow-Methods', b'GET, POST, OPTIONS'), (b'Access-Control-Expose-Headers', b'Content-Length,Content-Type,Date,Server,Connection')])]
[2024-10-20 11:39:40,369]: [_client.py]: _send_single_request: 1786:       INFO:    [HTTP Request: POST https://api.telegram.org/bot6030805959:AAGUHAMxLYc-PrevgKouJ3ZyM7ktu56ftjo/sendDocument "HTTP/1.1 200 OK"]
[2024-10-20 11:39:40,369]: [_trace.py]: atrace: 85:       DEBUG:    [receive_response_body.started request=<Request [b'POST']>]
[2024-10-20 11:39:40,369]: [_trace.py]: atrace: 85:       DEBUG:    [receive_response_body.complete]
[2024-10-20 11:39:40,369]: [_trace.py]: atrace: 85:       DEBUG:    [response_closed.started]
[2024-10-20 11:39:40,369]: [_trace.py]: atrace: 85:       DEBUG:    [response_closed.complete]
[2024-10-20 11:39:40,369]: [_bot.py]: _do_post: 652:       DEBUG:    [Call to Bot API endpoint `sendDocument` finished with return value `{'message_id': 1940, 'from': {'id': 6030805959, 'is_bot': True, 'first_name': 'TyPHoone', 'username': 'TyPHoone_Project_bot'}, 'chat': {'id': -4119703192, 'title': 'Robocop', 'type': 'group', 'all_members_are_administrators': True}, 'date': 1729424380, 'document': {'file_name': '(2024_10_20--11_39).log', 'mime_type': 'text/plain', 'file_id': 'BQACAgQAAxkDAAIHlGcU6_zJvEaSO4qUCsr2xKPOIAlUAAIdFgACVqepUAIHX7gX5KwmNgQ', 'file_unique_id': 'AgADHRYAAlanqVA', 'file_size': 5937}}`]
[2024-10-20 11:39:40,370]: [_trace.py]: atrace: 85:       DEBUG:    [close.started]
[2024-10-20 11:39:40,370]: [_trace.py]: atrace: 85:       DEBUG:    [close.complete]
[2024-10-20 11:39:40,370]: [_config.py]: load_ssl_context: 82:       DEBUG:    [load_ssl_context verify=True cert=None trust_env=True http2=False]
[2024-10-20 11:39:40,371]: [_config.py]: load_ssl_context_verify: 148:       DEBUG:    [load_verify_locations cafile='/opt/hostedtoolcache/Python/3.12.7/x64/lib/python3.12/site-packages/certifi/cacert.pem']
[2024-10-20 11:39:40,400]: [_config.py]: load_ssl_context: 82:       DEBUG:    [load_ssl_context verify=True cert=None trust_env=True http2=False]
[2024-10-20 11:39:40,401]: [_config.py]: load_ssl_context_verify: 148:       DEBUG:    [load_verify_locations cafile='/opt/hostedtoolcache/Python/3.12.7/x64/lib/python3.12/site-packages/certifi/cacert.pem']
[2024-10-20 11:39:40,428]: [_bot.py]: _do_post: 643:       DEBUG:    [Calling Bot API endpoint `getMe` with parameters `{}`]
[2024-10-20 11:39:40,428]: [_trace.py]: atrace: 85:       DEBUG:    [connect_tcp.started host='api.telegram.org' port=443 local_address=None timeout=5.0 socket_options=None]
[2024-10-20 11:39:40,514]: [_trace.py]: atrace: 85:       DEBUG:    [connect_tcp.complete return_value=<httpcore._backends.anyio.AnyIOStream object at 0x7fa82752a7b0>]
[2024-10-20 11:39:40,514]: [_trace.py]: atrace: 85:       DEBUG:    [start_tls.started ssl_context=<ssl.SSLContext object at 0x7fa827f3b8d0> server_hostname='api.telegram.org' timeout=5.0]
[2024-10-20 11:39:40,600]: [_trace.py]: atrace: 85:       DEBUG:    [start_tls.complete return_value=<httpcore._backends.anyio.AnyIOStream object at 0x7fa8281b95b0>]
[2024-10-20 11:39:40,600]: [_trace.py]: atrace: 85:       DEBUG:    [send_request_headers.started request=<Request [b'POST']>]
[2024-10-20 11:39:40,601]: [_trace.py]: atrace: 85:       DEBUG:    [send_request_headers.complete]
[2024-10-20 11:39:40,601]: [_trace.py]: atrace: 85:       DEBUG:    [send_request_body.started request=<Request [b'POST']>]
[2024-10-20 11:39:40,601]: [_trace.py]: atrace: 85:       DEBUG:    [send_request_body.complete]
[2024-10-20 11:39:40,601]: [_trace.py]: atrace: 85:       DEBUG:    [receive_response_headers.started request=<Request [b'POST']>]
[2024-10-20 11:39:40,687]: [_trace.py]: atrace: 85:       DEBUG:    [receive_response_headers.complete return_value=(b'HTTP/1.1', 200, b'OK', [(b'Server', b'nginx/1.18.0'), (b'Date', b'Sun, 20 Oct 2024 11:39:40 GMT'), (b'Content-Type', b'application/json'), (b'Content-Length', b'258'), (b'Connection', b'keep-alive'), (b'Strict-Transport-Security', b'max-age=31536000; includeSubDomains; preload'), (b'Access-Control-Allow-Origin', b'*'), (b'Access-Control-Allow-Methods', b'GET, POST, OPTIONS'), (b'Access-Control-Expose-Headers', b'Content-Length,Content-Type,Date,Server,Connection')])]
[2024-10-20 11:39:40,687]: [_client.py]: _send_single_request: 1786:       INFO:    [HTTP Request: POST https://api.telegram.org/bot6030805959:AAGUHAMxLYc-PrevgKouJ3ZyM7ktu56ftjo/getMe "HTTP/1.1 200 OK"]
[2024-10-20 11:39:40,687]: [_trace.py]: atrace: 85:       DEBUG:    [receive_response_body.started request=<Request [b'POST']>]
[2024-10-20 11:39:40,687]: [_trace.py]: atrace: 85:       DEBUG:    [receive_response_body.complete]
[2024-10-20 11:39:40,687]: [_trace.py]: atrace: 85:       DEBUG:    [response_closed.started]
[2024-10-20 11:39:40,687]: [_trace.py]: atrace: 85:       DEBUG:    [response_closed.complete]
[2024-10-20 11:39:40,687]: [_bot.py]: _do_post: 652:       DEBUG:    [Call to Bot API endpoint `getMe` finished with return value `{'id': 6030805959, 'is_bot': True, 'first_name': 'TyPHoone', 'username': 'TyPHoone_Project_bot', 'can_join_groups': True, 'can_read_all_group_messages': False, 'supports_inline_queries': False, 'can_connect_to_business': False, 'has_main_web_app': False}`]
[2024-10-20 11:39:40,690]: [_bot.py]: _do_post: 643:       DEBUG:    [Calling Bot API endpoint `sendDocument` with parameters `{'chat_id': '-4119703192', 'document': <telegram._files.inputfile.InputFile object at 0x7fa836f02180>}`]
[2024-10-20 11:39:40,690]: [_trace.py]: atrace: 85:       DEBUG:    [send_request_headers.started request=<Request [b'POST']>]
[2024-10-20 11:39:40,690]: [_trace.py]: atrace: 85:       DEBUG:    [send_request_headers.complete]
[2024-10-20 11:39:40,691]: [_trace.py]: atrace: 85:       DEBUG:    [send_request_body.started request=<Request [b'POST']>]
[2024-10-20 11:39:41,543]: [_trace.py]: atrace: 85:       DEBUG:    [send_request_body.complete]
[2024-10-20 11:39:41,543]: [_trace.py]: atrace: 85:       DEBUG:    [receive_response_headers.started request=<Request [b'POST']>]
[2024-10-20 11:39:42,193]: [_trace.py]: atrace: 85:       DEBUG:    [receive_response_headers.complete return_value=(b'HTTP/1.1', 200, b'OK', [(b'Server', b'nginx/1.18.0'), (b'Date', b'Sun, 20 Oct 2024 11:39:42 GMT'), (b'Content-Type', b'application/json'), (b'Content-Length', b'479'), (b'Connection', b'keep-alive'), (b'Strict-Transport-Security', b'max-age=31536000; includeSubDomains; preload'), (b'Access-Control-Allow-Origin', b'*'), (b'Access-Control-Allow-Methods', b'GET, POST, OPTIONS'), (b'Access-Control-Expose-Headers', b'Content-Length,Content-Type,Date,Server,Connection')])]
[2024-10-20 11:39:42,193]: [_client.py]: _send_single_request: 1786:       INFO:    [HTTP Request: POST https://api.telegram.org/bot6030805959:AAGUHAMxLYc-PrevgKouJ3ZyM7ktu56ftjo/sendDocument "HTTP/1.1 200 OK"]
[2024-10-20 11:39:42,193]: [_trace.py]: atrace: 85:       DEBUG:    [receive_response_body.started request=<Request [b'POST']>]
[2024-10-20 11:39:42,193]: [_trace.py]: atrace: 85:       DEBUG:    [receive_response_body.complete]
[2024-10-20 11:39:42,193]: [_trace.py]: atrace: 85:       DEBUG:    [response_closed.started]
[2024-10-20 11:39:42,194]: [_trace.py]: atrace: 85:       DEBUG:    [response_closed.complete]
[2024-10-20 11:39:42,194]: [_bot.py]: _do_post: 652:       DEBUG:    [Call to Bot API endpoint `sendDocument` finished with return value `{'message_id': 1941, 'from': {'id': 6030805959, 'is_bot': True, 'first_name': 'TyPHoone', 'username': 'TyPHoone_Project_bot'}, 'chat': {'id': -4119703192, 'title': 'Robocop', 'type': 'group', 'all_members_are_administrators': True}, 'date': 1729424382, 'document': {'file_name': '(2024_10_20--11_39)output.zip', 'mime_type': 'application/zip', 'file_id': 'BQACAgQAAxkDAAIHlWcU6_26__n-Fud03rmDm9XlJ7vYAAIeFgACVqepUPRTvgYJAR2_NgQ', 'file_unique_id': 'AgADHhYAAlanqVA', 'file_size': 10167770}}`]
[2024-10-20 11:39:42,194]: [_trace.py]: atrace: 85:       DEBUG:    [close.started]
[2024-10-20 11:39:42,194]: [_trace.py]: atrace: 85:       DEBUG:    [close.complete]
[2024-10-20 11:39:42,194]: [Telegram_Sender.py]: runner: 61:       INFO:    [sent successfully]
[2024-10-20 11:39:42,195]: [Main.py]: <module>: 48:       INFO:    [Finished]
