[2024-10-13 11:38:45,042]: [Main.py]: <module>: 21:       INFO:    [Started]
[2024-10-13 11:38:47,107]: [Iron_Scraper.py]: Scrap: 32:       INFO:    [Data Scaraped Successfully]
[2024-10-13 11:38:47,293]: [Iron_Scraper.py]: Scrap: 70:       INFO:    [Scrapped Data Has No Problem]
[2024-10-13 11:38:47,293]: [Iron_Scraper.py]: Scrap: 83:       INFO:    [Data Saved Successfully]
[2024-10-13 11:38:47,293]: [Iron.py]: Run: 26:       INFO:    [Scraping Phase Completed]
[2024-10-13 11:38:47,293]: [Iron_Data_Processor.py]: Data_Reader: 61:       INFO:    [Data File Has Been Red Successfully]
[2024-10-13 11:38:47,294]: [Iron_Data_Processor.py]: Shaper: 78:       INFO:    [Data Shaped]
[2024-10-13 11:38:47,294]: [Iron_Data_Processor.py]: Process: 228:       INFO:    [Data Cleaned]
[2024-10-13 11:38:47,294]: [Iron_Data_Processor.py]: Make_Pages_Objects: 101:       INFO:    [Page Objects Has Been Made]
[2024-10-13 11:38:47,294]: [Iron_Data_Processor.py]: Make_Pages_Objects: 101:       INFO:    [Page Objects Has Been Made]
[2024-10-13 11:38:47,294]: [Iron_Data_Processor.py]: Load_Data: 118:       INFO:    [Data Has Been Load]
[2024-10-13 11:38:47,294]: [Iron_Data_Processor.py]: Load_Data: 118:       INFO:    [Data Has Been Load]
[2024-10-13 11:38:47,294]: [Iron_Data_Processor.py]: Load_positions: 140:       INFO:    [Positions Are Ready]
[2024-10-13 11:38:47,294]: [Iron_Data_Processor.py]: Load_positions: 140:       INFO:    [Positions Are Ready]
[2024-10-13 11:38:48,414]: [Iron_Data_Processor.py]: Make_Tagged_Images: 193:       INFO:    [Images Has Been Made]
[2024-10-13 11:38:49,368]: [Iron_Data_Processor.py]: Make_Tagged_Images: 193:       INFO:    [Images Has Been Made]
[2024-10-13 11:38:49,621]: [Iron_Data_Processor.py]: Make_Cover_Page: 215:       INFO:    [Made Cover Pages]
[2024-10-13 11:38:49,621]: [Iron.py]: Run: 29:       INFO:    [Imagination Phase Completed]
[2024-10-13 11:38:53,602]: [Phone_Scraper.py]: Scrap: 58:       INFO:    [Data Scraped]
[2024-10-13 11:38:53,602]: [Phone_Scraper.py]: Scrap: 71:       INFO:    [Scraped Data Successfully]
[2024-10-13 11:38:53,602]: [Phone.py]: Run: 26:       INFO:    [Scraping Phase Complete]
[2024-10-13 11:38:53,603]: [Phone_Data_Processor.py]: data_reader: 38:       INFO:    [Scraped Data Loaded]
[2024-10-13 11:38:53,604]: [Phone_Data_Processor.py]: filter_list: 65:       INFO:    [Persian Phrases Are deleted]
[2024-10-13 11:38:53,605]: [Phone_Data_Processor.py]: reshape_list: 87:       INFO:    [Date Reshaped]
[2024-10-13 11:38:53,605]: [Phone_Data_Processor.py]: separate_brands: 124:       INFO:    [Brands Are Separated]
[2024-10-13 11:38:53,605]: [Phone_Data_Processor.py]: delete_extra_spaces: 141:       INFO:    [Extra Spaces Are Deleted]
[2024-10-13 11:38:54,378]: [Phone.py]: Run: 29:       INFO:    [Imagination Phase Complete]
[2024-10-13 11:38:54,378]: [selector_events.py]: __init__: 64:       DEBUG:    [Using selector: EpollSelector]
[2024-10-13 11:38:54,720]: [_bot.py]: _do_post: 643:       DEBUG:    [Calling Bot API endpoint `getMe` with parameters `{}`]
[2024-10-13 11:38:54,725]: [_trace.py]: atrace: 85:       DEBUG:    [connect_tcp.started host='api.telegram.org' port=443 local_address=None timeout=5.0 socket_options=None]
[2024-10-13 11:38:54,948]: [_trace.py]: atrace: 85:       DEBUG:    [connect_tcp.complete return_value=<httpcore._backends.anyio.AnyIOStream object at 0x7f6046bdcc80>]
[2024-10-13 11:38:54,948]: [_trace.py]: atrace: 85:       DEBUG:    [start_tls.started ssl_context=<ssl.SSLContext object at 0x7f604743fad0> server_hostname='api.telegram.org' timeout=5.0]
[2024-10-13 11:38:55,100]: [_trace.py]: atrace: 85:       DEBUG:    [start_tls.complete return_value=<httpcore._backends.anyio.AnyIOStream object at 0x7f60485dac00>]
[2024-10-13 11:38:55,101]: [_trace.py]: atrace: 85:       DEBUG:    [send_request_headers.started request=<Request [b'POST']>]
[2024-10-13 11:38:55,101]: [_trace.py]: atrace: 85:       DEBUG:    [send_request_headers.complete]
[2024-10-13 11:38:55,101]: [_trace.py]: atrace: 85:       DEBUG:    [send_request_body.started request=<Request [b'POST']>]
[2024-10-13 11:38:55,101]: [_trace.py]: atrace: 85:       DEBUG:    [send_request_body.complete]
[2024-10-13 11:38:55,101]: [_trace.py]: atrace: 85:       DEBUG:    [receive_response_headers.started request=<Request [b'POST']>]
[2024-10-13 11:38:55,251]: [_trace.py]: atrace: 85:       DEBUG:    [receive_response_headers.complete return_value=(b'HTTP/1.1', 200, b'OK', [(b'Server', b'nginx/1.18.0'), (b'Date', b'Sun, 13 Oct 2024 11:38:55 GMT'), (b'Content-Type', b'application/json'), (b'Content-Length', b'258'), (b'Connection', b'keep-alive'), (b'Strict-Transport-Security', b'max-age=31536000; includeSubDomains; preload'), (b'Access-Control-Allow-Origin', b'*'), (b'Access-Control-Allow-Methods', b'GET, POST, OPTIONS'), (b'Access-Control-Expose-Headers', b'Content-Length,Content-Type,Date,Server,Connection')])]
[2024-10-13 11:38:55,252]: [_client.py]: _send_single_request: 1786:       INFO:    [HTTP Request: POST https://api.telegram.org/bot6030805959:AAGUHAMxLYc-PrevgKouJ3ZyM7ktu56ftjo/getMe "HTTP/1.1 200 OK"]
[2024-10-13 11:38:55,252]: [_trace.py]: atrace: 85:       DEBUG:    [receive_response_body.started request=<Request [b'POST']>]
[2024-10-13 11:38:55,252]: [_trace.py]: atrace: 85:       DEBUG:    [receive_response_body.complete]
[2024-10-13 11:38:55,252]: [_trace.py]: atrace: 85:       DEBUG:    [response_closed.started]
[2024-10-13 11:38:55,252]: [_trace.py]: atrace: 85:       DEBUG:    [response_closed.complete]
[2024-10-13 11:38:55,252]: [_bot.py]: _do_post: 652:       DEBUG:    [Call to Bot API endpoint `getMe` finished with return value `{'id': 6030805959, 'is_bot': True, 'first_name': 'TyPHoone', 'username': 'TyPHoone_Project_bot', 'can_join_groups': True, 'can_read_all_group_messages': False, 'supports_inline_queries': False, 'can_connect_to_business': False, 'has_main_web_app': False}`]
[2024-10-13 11:38:55,256]: [_bot.py]: _do_post: 643:       DEBUG:    [Calling Bot API endpoint `sendDocument` with parameters `{'chat_id': '-4119703192', 'document': <telegram._files.inputfile.InputFile object at 0x7f6046a815c0>}`]
[2024-10-13 11:38:55,256]: [_trace.py]: atrace: 85:       DEBUG:    [send_request_headers.started request=<Request [b'POST']>]
[2024-10-13 11:38:55,256]: [_trace.py]: atrace: 85:       DEBUG:    [send_request_headers.complete]
[2024-10-13 11:38:55,256]: [_trace.py]: atrace: 85:       DEBUG:    [send_request_body.started request=<Request [b'POST']>]
[2024-10-13 11:38:55,257]: [_trace.py]: atrace: 85:       DEBUG:    [send_request_body.complete]
[2024-10-13 11:38:55,257]: [_trace.py]: atrace: 85:       DEBUG:    [receive_response_headers.started request=<Request [b'POST']>]
[2024-10-13 11:38:55,657]: [_trace.py]: atrace: 85:       DEBUG:    [receive_response_headers.complete return_value=(b'HTTP/1.1', 200, b'OK', [(b'Server', b'nginx/1.18.0'), (b'Date', b'Sun, 13 Oct 2024 11:38:55 GMT'), (b'Content-Type', b'application/json'), (b'Content-Length', b'464'), (b'Connection', b'keep-alive'), (b'Strict-Transport-Security', b'max-age=31536000; includeSubDomains; preload'), (b'Access-Control-Allow-Origin', b'*'), (b'Access-Control-Allow-Methods', b'GET, POST, OPTIONS'), (b'Access-Control-Expose-Headers', b'Content-Length,Content-Type,Date,Server,Connection')])]
[2024-10-13 11:38:55,658]: [_client.py]: _send_single_request: 1786:       INFO:    [HTTP Request: POST https://api.telegram.org/bot6030805959:AAGUHAMxLYc-PrevgKouJ3ZyM7ktu56ftjo/sendDocument "HTTP/1.1 200 OK"]
[2024-10-13 11:38:55,658]: [_trace.py]: atrace: 85:       DEBUG:    [receive_response_body.started request=<Request [b'POST']>]
[2024-10-13 11:38:55,658]: [_trace.py]: atrace: 85:       DEBUG:    [receive_response_body.complete]
[2024-10-13 11:38:55,658]: [_trace.py]: atrace: 85:       DEBUG:    [response_closed.started]
[2024-10-13 11:38:55,658]: [_trace.py]: atrace: 85:       DEBUG:    [response_closed.complete]
[2024-10-13 11:38:55,658]: [_bot.py]: _do_post: 652:       DEBUG:    [Call to Bot API endpoint `sendDocument` finished with return value `{'message_id': 1925, 'from': {'id': 6030805959, 'is_bot': True, 'first_name': 'TyPHoone', 'username': 'TyPHoone_Project_bot'}, 'chat': {'id': -4119703192, 'title': 'Robocop', 'type': 'group', 'all_members_are_administrators': True}, 'date': 1728819535, 'document': {'file_name': '(2024_10_13--11_38).log', 'mime_type': 'text/plain', 'file_id': 'BQACAgQAAxkDAAIHhWcLsU9sdxAnvcdJs-g__ttiyMUnAALwFAAC0SVhUHCjr8FXNRpHNgQ', 'file_unique_id': 'AgAD8BQAAtElYVA', 'file_size': 5937}}`]
[2024-10-13 11:38:55,659]: [_trace.py]: atrace: 85:       DEBUG:    [close.started]
[2024-10-13 11:38:55,659]: [_trace.py]: atrace: 85:       DEBUG:    [close.complete]
[2024-10-13 11:38:55,659]: [_config.py]: load_ssl_context: 82:       DEBUG:    [load_ssl_context verify=True cert=None trust_env=True http2=False]
[2024-10-13 11:38:55,659]: [_config.py]: load_ssl_context_verify: 148:       DEBUG:    [load_verify_locations cafile='/opt/hostedtoolcache/Python/3.12.7/x64/lib/python3.12/site-packages/certifi/cacert.pem']
[2024-10-13 11:38:55,688]: [_config.py]: load_ssl_context: 82:       DEBUG:    [load_ssl_context verify=True cert=None trust_env=True http2=False]
[2024-10-13 11:38:55,689]: [_config.py]: load_ssl_context_verify: 148:       DEBUG:    [load_verify_locations cafile='/opt/hostedtoolcache/Python/3.12.7/x64/lib/python3.12/site-packages/certifi/cacert.pem']
[2024-10-13 11:38:55,717]: [_bot.py]: _do_post: 643:       DEBUG:    [Calling Bot API endpoint `getMe` with parameters `{}`]
[2024-10-13 11:38:55,718]: [_trace.py]: atrace: 85:       DEBUG:    [connect_tcp.started host='api.telegram.org' port=443 local_address=None timeout=5.0 socket_options=None]
[2024-10-13 11:38:55,868]: [_trace.py]: atrace: 85:       DEBUG:    [connect_tcp.complete return_value=<httpcore._backends.anyio.AnyIOStream object at 0x7f6046a9f1d0>]
[2024-10-13 11:38:55,868]: [_trace.py]: atrace: 85:       DEBUG:    [start_tls.started ssl_context=<ssl.SSLContext object at 0x7f604743f8d0> server_hostname='api.telegram.org' timeout=5.0]
[2024-10-13 11:38:56,020]: [_trace.py]: atrace: 85:       DEBUG:    [start_tls.complete return_value=<httpcore._backends.anyio.AnyIOStream object at 0x7f6047e48bc0>]
[2024-10-13 11:38:56,020]: [_trace.py]: atrace: 85:       DEBUG:    [send_request_headers.started request=<Request [b'POST']>]
[2024-10-13 11:38:56,021]: [_trace.py]: atrace: 85:       DEBUG:    [send_request_headers.complete]
[2024-10-13 11:38:56,021]: [_trace.py]: atrace: 85:       DEBUG:    [send_request_body.started request=<Request [b'POST']>]
[2024-10-13 11:38:56,021]: [_trace.py]: atrace: 85:       DEBUG:    [send_request_body.complete]
[2024-10-13 11:38:56,021]: [_trace.py]: atrace: 85:       DEBUG:    [receive_response_headers.started request=<Request [b'POST']>]
[2024-10-13 11:38:56,176]: [_trace.py]: atrace: 85:       DEBUG:    [receive_response_headers.complete return_value=(b'HTTP/1.1', 200, b'OK', [(b'Server', b'nginx/1.18.0'), (b'Date', b'Sun, 13 Oct 2024 11:38:56 GMT'), (b'Content-Type', b'application/json'), (b'Content-Length', b'258'), (b'Connection', b'keep-alive'), (b'Strict-Transport-Security', b'max-age=31536000; includeSubDomains; preload'), (b'Access-Control-Allow-Origin', b'*'), (b'Access-Control-Allow-Methods', b'GET, POST, OPTIONS'), (b'Access-Control-Expose-Headers', b'Content-Length,Content-Type,Date,Server,Connection')])]
[2024-10-13 11:38:56,176]: [_client.py]: _send_single_request: 1786:       INFO:    [HTTP Request: POST https://api.telegram.org/bot6030805959:AAGUHAMxLYc-PrevgKouJ3ZyM7ktu56ftjo/getMe "HTTP/1.1 200 OK"]
[2024-10-13 11:38:56,176]: [_trace.py]: atrace: 85:       DEBUG:    [receive_response_body.started request=<Request [b'POST']>]
[2024-10-13 11:38:56,176]: [_trace.py]: atrace: 85:       DEBUG:    [receive_response_body.complete]
[2024-10-13 11:38:56,176]: [_trace.py]: atrace: 85:       DEBUG:    [response_closed.started]
[2024-10-13 11:38:56,176]: [_trace.py]: atrace: 85:       DEBUG:    [response_closed.complete]
[2024-10-13 11:38:56,176]: [_bot.py]: _do_post: 652:       DEBUG:    [Call to Bot API endpoint `getMe` finished with return value `{'id': 6030805959, 'is_bot': True, 'first_name': 'TyPHoone', 'username': 'TyPHoone_Project_bot', 'can_join_groups': True, 'can_read_all_group_messages': False, 'supports_inline_queries': False, 'can_connect_to_business': False, 'has_main_web_app': False}`]
[2024-10-13 11:38:56,179]: [_bot.py]: _do_post: 643:       DEBUG:    [Calling Bot API endpoint `sendDocument` with parameters `{'chat_id': '-4119703192', 'document': <telegram._files.inputfile.InputFile object at 0x7f6046a81600>}`]
[2024-10-13 11:38:56,179]: [_trace.py]: atrace: 85:       DEBUG:    [send_request_headers.started request=<Request [b'POST']>]
[2024-10-13 11:38:56,179]: [_trace.py]: atrace: 85:       DEBUG:    [send_request_headers.complete]
[2024-10-13 11:38:56,179]: [_trace.py]: atrace: 85:       DEBUG:    [send_request_body.started request=<Request [b'POST']>]
[2024-10-13 11:38:57,674]: [_trace.py]: atrace: 85:       DEBUG:    [send_request_body.complete]
[2024-10-13 11:38:57,675]: [_trace.py]: atrace: 85:       DEBUG:    [receive_response_headers.started request=<Request [b'POST']>]
[2024-10-13 11:38:58,676]: [_trace.py]: atrace: 85:       DEBUG:    [receive_response_headers.complete return_value=(b'HTTP/1.1', 200, b'OK', [(b'Server', b'nginx/1.18.0'), (b'Date', b'Sun, 13 Oct 2024 11:38:58 GMT'), (b'Content-Type', b'application/json'), (b'Content-Length', b'479'), (b'Connection', b'keep-alive'), (b'Strict-Transport-Security', b'max-age=31536000; includeSubDomains; preload'), (b'Access-Control-Allow-Origin', b'*'), (b'Access-Control-Allow-Methods', b'GET, POST, OPTIONS'), (b'Access-Control-Expose-Headers', b'Content-Length,Content-Type,Date,Server,Connection')])]
[2024-10-13 11:38:58,676]: [_client.py]: _send_single_request: 1786:       INFO:    [HTTP Request: POST https://api.telegram.org/bot6030805959:AAGUHAMxLYc-PrevgKouJ3ZyM7ktu56ftjo/sendDocument "HTTP/1.1 200 OK"]
[2024-10-13 11:38:58,677]: [_trace.py]: atrace: 85:       DEBUG:    [receive_response_body.started request=<Request [b'POST']>]
[2024-10-13 11:38:58,677]: [_trace.py]: atrace: 85:       DEBUG:    [receive_response_body.complete]
[2024-10-13 11:38:58,677]: [_trace.py]: atrace: 85:       DEBUG:    [response_closed.started]
[2024-10-13 11:38:58,677]: [_trace.py]: atrace: 85:       DEBUG:    [response_closed.complete]
[2024-10-13 11:38:58,677]: [_bot.py]: _do_post: 652:       DEBUG:    [Call to Bot API endpoint `sendDocument` finished with return value `{'message_id': 1926, 'from': {'id': 6030805959, 'is_bot': True, 'first_name': 'TyPHoone', 'username': 'TyPHoone_Project_bot'}, 'chat': {'id': -4119703192, 'title': 'Robocop', 'type': 'group', 'all_members_are_administrators': True}, 'date': 1728819538, 'document': {'file_name': '(2024_10_13--11_38)output.zip', 'mime_type': 'application/zip', 'file_id': 'BQACAgQAAxkDAAIHhmcLsVL06yXVCrZlDCNNhBJNR2B3AALxFAAC0SVhUBlnatHgowhHNgQ', 'file_unique_id': 'AgAD8RQAAtElYVA', 'file_size': 10218757}}`]
[2024-10-13 11:38:58,678]: [_trace.py]: atrace: 85:       DEBUG:    [close.started]
[2024-10-13 11:38:58,678]: [_trace.py]: atrace: 85:       DEBUG:    [close.complete]
[2024-10-13 11:38:58,678]: [Telegram_Sender.py]: runner: 61:       INFO:    [sent successfully]
[2024-10-13 11:38:58,679]: [Main.py]: <module>: 48:       INFO:    [Finished]
