[2024-05-01 23:26:22,098]: [Main.py]: <module>: 21:       INFO:    [Started]
[2024-05-01 23:26:23,487]: [Iron_Scraper.py]: Scrap: 32:       INFO:    [Data Scaraped Successfully]
[2024-05-01 23:26:23,675]: [Iron_Scraper.py]: Scrap: 70:       INFO:    [Scrapped Data Has No Problem]
[2024-05-01 23:26:23,676]: [Iron_Scraper.py]: Scrap: 83:       INFO:    [Data Saved Successfully]
[2024-05-01 23:26:23,676]: [Iron.py]: Run: 26:       INFO:    [Scraping Phase Completed]
[2024-05-01 23:26:23,676]: [Iron_Data_Processor.py]: Data_Reader: 61:       INFO:    [Data File Has Been Red Successfully]
[2024-05-01 23:26:23,676]: [Iron_Data_Processor.py]: Shaper: 78:       INFO:    [Data Shaped]
[2024-05-01 23:26:23,676]: [Iron_Data_Processor.py]: Process: 226:       INFO:    [Data Cleaned]
[2024-05-01 23:26:23,677]: [Iron_Data_Processor.py]: Make_Pages_Objects: 101:       INFO:    [Page Objects Has Been Made]
[2024-05-01 23:26:23,677]: [Iron_Data_Processor.py]: Make_Pages_Objects: 101:       INFO:    [Page Objects Has Been Made]
[2024-05-01 23:26:23,677]: [Iron_Data_Processor.py]: Load_Data: 118:       INFO:    [Data Has Been Load]
[2024-05-01 23:26:23,677]: [Iron_Data_Processor.py]: Load_Data: 118:       INFO:    [Data Has Been Load]
[2024-05-01 23:26:23,677]: [Iron_Data_Processor.py]: Load_positions: 140:       INFO:    [Positions Are Ready]
[2024-05-01 23:26:23,677]: [Iron_Data_Processor.py]: Load_positions: 140:       INFO:    [Positions Are Ready]
[2024-05-01 23:26:24,799]: [Iron_Data_Processor.py]: Make_Tagged_Images: 193:       INFO:    [Images Has Been Made]
[2024-05-01 23:26:25,750]: [Iron_Data_Processor.py]: Make_Tagged_Images: 193:       INFO:    [Images Has Been Made]
[2024-05-01 23:26:26,174]: [Iron_Data_Processor.py]: Make_Cover_Page: 213:       INFO:    [Made Cover Pages]
[2024-05-01 23:26:26,174]: [Iron.py]: Run: 29:       INFO:    [Imagination Phase Completed]
[2024-05-01 23:26:29,728]: [Phone_Scraper.py]: Scrap: 58:       INFO:    [Data Scraped]
[2024-05-01 23:26:29,728]: [Phone_Scraper.py]: Scrap: 71:       INFO:    [Scraped Data Successfully]
[2024-05-01 23:26:29,728]: [Phone.py]: Run: 26:       INFO:    [Scraping Phase Complete]
[2024-05-01 23:26:29,729]: [Phone_Data_Processor.py]: data_reader: 37:       INFO:    [Scraped Data Loaded]
[2024-05-01 23:26:29,730]: [Phone_Data_Processor.py]: filter_list: 64:       INFO:    [Persian Phrases Are deleted]
[2024-05-01 23:26:29,731]: [Phone_Data_Processor.py]: reshape_list: 86:       INFO:    [Date Reshaped]
[2024-05-01 23:26:29,731]: [Phone_Data_Processor.py]: separate_brands: 123:       INFO:    [Brands Are Separated]
[2024-05-01 23:26:29,732]: [Phone_Data_Processor.py]: delete_extra_spaces: 140:       INFO:    [Extra Spaces Are Deleted]
[2024-05-01 23:26:30,741]: [Phone.py]: Run: 29:       INFO:    [Imagination Phase Complete]
[2024-05-01 23:26:30,742]: [selector_events.py]: __init__: 64:       DEBUG:    [Using selector: EpollSelector]
[2024-05-01 23:26:30,742]: [_bot.py]: _do_post: 643:       DEBUG:    [Calling Bot API endpoint `getMe` with parameters `{}`]
[2024-05-01 23:26:30,746]: [_trace.py]: atrace: 85:       DEBUG:    [connect_tcp.started host='api.telegram.org' port=443 local_address=None timeout=5.0 socket_options=None]
[2024-05-01 23:26:30,853]: [_trace.py]: atrace: 85:       DEBUG:    [connect_tcp.complete return_value=<httpcore._backends.anyio.AnyIOStream object at 0x7feddfdaef90>]
[2024-05-01 23:26:30,853]: [_trace.py]: atrace: 85:       DEBUG:    [start_tls.started ssl_context=<ssl.SSLContext object at 0x7fede0845d50> server_hostname='api.telegram.org' timeout=5.0]
[2024-05-01 23:26:30,944]: [_trace.py]: atrace: 85:       DEBUG:    [start_tls.complete return_value=<httpcore._backends.anyio.AnyIOStream object at 0x7feddfdada90>]
[2024-05-01 23:26:30,944]: [_trace.py]: atrace: 85:       DEBUG:    [send_request_headers.started request=<Request [b'POST']>]
[2024-05-01 23:26:30,945]: [_trace.py]: atrace: 85:       DEBUG:    [send_request_headers.complete]
[2024-05-01 23:26:30,945]: [_trace.py]: atrace: 85:       DEBUG:    [send_request_body.started request=<Request [b'POST']>]
[2024-05-01 23:26:30,945]: [_trace.py]: atrace: 85:       DEBUG:    [send_request_body.complete]
[2024-05-01 23:26:30,945]: [_trace.py]: atrace: 85:       DEBUG:    [receive_response_headers.started request=<Request [b'POST']>]
[2024-05-01 23:26:31,034]: [_trace.py]: atrace: 85:       DEBUG:    [receive_response_headers.complete return_value=(b'HTTP/1.1', 200, b'OK', [(b'Server', b'nginx/1.18.0'), (b'Date', b'Wed, 01 May 2024 23:26:30 GMT'), (b'Content-Type', b'application/json'), (b'Content-Length', b'233'), (b'Connection', b'keep-alive'), (b'Strict-Transport-Security', b'max-age=31536000; includeSubDomains; preload'), (b'Access-Control-Allow-Origin', b'*'), (b'Access-Control-Allow-Methods', b'GET, POST, OPTIONS'), (b'Access-Control-Expose-Headers', b'Content-Length,Content-Type,Date,Server,Connection')])]
[2024-05-01 23:26:31,034]: [_client.py]: _send_single_request: 1773:       INFO:    [HTTP Request: POST https://api.telegram.org/bot6030805959:AAGUHAMxLYc-PrevgKouJ3ZyM7ktu56ftjo/getMe "HTTP/1.1 200 OK"]
[2024-05-01 23:26:31,034]: [_trace.py]: atrace: 85:       DEBUG:    [receive_response_body.started request=<Request [b'POST']>]
[2024-05-01 23:26:31,034]: [_trace.py]: atrace: 85:       DEBUG:    [receive_response_body.complete]
[2024-05-01 23:26:31,034]: [_trace.py]: atrace: 85:       DEBUG:    [response_closed.started]
[2024-05-01 23:26:31,034]: [_trace.py]: atrace: 85:       DEBUG:    [response_closed.complete]
[2024-05-01 23:26:31,035]: [_bot.py]: _do_post: 652:       DEBUG:    [Call to Bot API endpoint `getMe` finished with return value `{'id': 6030805959, 'is_bot': True, 'first_name': 'TyPHoone', 'username': 'TyPHoone_Project_bot', 'can_join_groups': True, 'can_read_all_group_messages': False, 'supports_inline_queries': False, 'can_connect_to_business': False}`]
[2024-05-01 23:26:31,038]: [_bot.py]: _do_post: 643:       DEBUG:    [Calling Bot API endpoint `sendDocument` with parameters `{'chat_id': '-4119703192', 'document': <telegram._files.inputfile.InputFile object at 0x7feddfdc69c0>}`]
[2024-05-01 23:26:31,038]: [_trace.py]: atrace: 85:       DEBUG:    [send_request_headers.started request=<Request [b'POST']>]
[2024-05-01 23:26:31,038]: [_trace.py]: atrace: 85:       DEBUG:    [send_request_headers.complete]
[2024-05-01 23:26:31,039]: [_trace.py]: atrace: 85:       DEBUG:    [send_request_body.started request=<Request [b'POST']>]
[2024-05-01 23:26:31,304]: [_trace.py]: atrace: 85:       DEBUG:    [send_request_body.complete]
[2024-05-01 23:26:31,304]: [_trace.py]: atrace: 85:       DEBUG:    [receive_response_headers.started request=<Request [b'POST']>]
[2024-05-01 23:26:31,666]: [_trace.py]: atrace: 85:       DEBUG:    [receive_response_headers.complete return_value=(b'HTTP/1.1', 200, b'OK', [(b'Server', b'nginx/1.18.0'), (b'Date', b'Wed, 01 May 2024 23:26:31 GMT'), (b'Content-Type', b'application/json'), (b'Content-Length', b'819'), (b'Connection', b'keep-alive'), (b'Strict-Transport-Security', b'max-age=31536000; includeSubDomains; preload'), (b'Access-Control-Allow-Origin', b'*'), (b'Access-Control-Allow-Methods', b'GET, POST, OPTIONS'), (b'Access-Control-Expose-Headers', b'Content-Length,Content-Type,Date,Server,Connection')])]
[2024-05-01 23:26:31,666]: [_client.py]: _send_single_request: 1773:       INFO:    [HTTP Request: POST https://api.telegram.org/bot6030805959:AAGUHAMxLYc-PrevgKouJ3ZyM7ktu56ftjo/sendDocument "HTTP/1.1 200 OK"]
[2024-05-01 23:26:31,666]: [_trace.py]: atrace: 85:       DEBUG:    [receive_response_body.started request=<Request [b'POST']>]
[2024-05-01 23:26:31,667]: [_trace.py]: atrace: 85:       DEBUG:    [receive_response_body.complete]
[2024-05-01 23:26:31,667]: [_trace.py]: atrace: 85:       DEBUG:    [response_closed.started]
[2024-05-01 23:26:31,667]: [_trace.py]: atrace: 85:       DEBUG:    [response_closed.complete]
[2024-05-01 23:26:31,667]: [_bot.py]: _do_post: 652:       DEBUG:    [Call to Bot API endpoint `sendDocument` finished with return value `{'message_id': 505, 'from': {'id': 6030805959, 'is_bot': True, 'first_name': 'TyPHoone', 'username': 'TyPHoone_Project_bot'}, 'chat': {'id': -4119703192, 'title': 'Robocop', 'type': 'group', 'all_members_are_administrators': True}, 'date': 1714605991, 'document': {'file_name': '1-Tir_Ahan.png', 'mime_type': 'image/png', 'thumbnail': {'file_id': 'AAMCBAADGQMAAgH5ZjLPp_Bem7nQB-MwwL7KBL4RLk0AAiEWAAKOWZhRun1HBaS8p0YBAAdtAAM0BA', 'file_unique_id': 'AQADIRYAAo5ZmFFy', 'file_size': 38506, 'width': 320, 'height': 320}, 'thumb': {'file_id': 'AAMCBAADGQMAAgH5ZjLPp_Bem7nQB-MwwL7KBL4RLk0AAiEWAAKOWZhRun1HBaS8p0YBAAdtAAM0BA', 'file_unique_id': 'AQADIRYAAo5ZmFFy', 'file_size': 38506, 'width': 320, 'height': 320}, 'file_id': 'BQACAgQAAxkDAAIB-WYyz6fwXpu50AfjMMC-ygS-ES5NAAIhFgACjlmYUbp9RwWkvKdGNAQ', 'file_unique_id': 'AgADIRYAAo5ZmFE', 'file_size': 459629}}`]
[2024-05-01 23:26:31,668]: [_bot.py]: _do_post: 643:       DEBUG:    [Calling Bot API endpoint `sendDocument` with parameters `{'chat_id': '-4119703192', 'document': <telegram._files.inputfile.InputFile object at 0x7feddfdc5ac0>}`]
[2024-05-01 23:26:31,669]: [_trace.py]: atrace: 85:       DEBUG:    [send_request_headers.started request=<Request [b'POST']>]
[2024-05-01 23:26:31,669]: [_trace.py]: atrace: 85:       DEBUG:    [send_request_headers.complete]
[2024-05-01 23:26:31,669]: [_trace.py]: atrace: 85:       DEBUG:    [send_request_body.started request=<Request [b'POST']>]
[2024-05-01 23:26:31,670]: [_trace.py]: atrace: 85:       DEBUG:    [send_request_body.complete]
[2024-05-01 23:26:31,671]: [_trace.py]: atrace: 85:       DEBUG:    [receive_response_headers.started request=<Request [b'POST']>]
[2024-05-01 23:26:31,847]: [_trace.py]: atrace: 85:       DEBUG:    [receive_response_headers.complete return_value=(b'HTTP/1.1', 200, b'OK', [(b'Server', b'nginx/1.18.0'), (b'Date', b'Wed, 01 May 2024 23:26:31 GMT'), (b'Content-Type', b'application/json'), (b'Content-Length', b'826'), (b'Connection', b'keep-alive'), (b'Strict-Transport-Security', b'max-age=31536000; includeSubDomains; preload'), (b'Access-Control-Allow-Origin', b'*'), (b'Access-Control-Allow-Methods', b'GET, POST, OPTIONS'), (b'Access-Control-Expose-Headers', b'Content-Length,Content-Type,Date,Server,Connection')])]
[2024-05-01 23:26:31,847]: [_client.py]: _send_single_request: 1773:       INFO:    [HTTP Request: POST https://api.telegram.org/bot6030805959:AAGUHAMxLYc-PrevgKouJ3ZyM7ktu56ftjo/sendDocument "HTTP/1.1 200 OK"]
[2024-05-01 23:26:31,847]: [_trace.py]: atrace: 85:       DEBUG:    [receive_response_body.started request=<Request [b'POST']>]
[2024-05-01 23:26:31,847]: [_trace.py]: atrace: 85:       DEBUG:    [receive_response_body.complete]
[2024-05-01 23:26:31,847]: [_trace.py]: atrace: 85:       DEBUG:    [response_closed.started]
[2024-05-01 23:26:31,848]: [_trace.py]: atrace: 85:       DEBUG:    [response_closed.complete]
[2024-05-01 23:26:31,848]: [_bot.py]: _do_post: 652:       DEBUG:    [Call to Bot API endpoint `sendDocument` finished with return value `{'message_id': 506, 'from': {'id': 6030805959, 'is_bot': True, 'first_name': 'TyPHoone', 'username': 'TyPHoone_Project_bot'}, 'chat': {'id': -4119703192, 'title': 'Robocop', 'type': 'group', 'all_members_are_administrators': True}, 'date': 1714605991, 'document': {'file_name': '9-Waraq_Galwanize.png', 'mime_type': 'image/png', 'thumbnail': {'file_id': 'AAMCBAADGQMAAgH6ZjLPpzu1DoW-pTPl2ihFikRj01IAAiIWAAKOWZhRhbyF-Cm1ItcBAAdtAAM0BA', 'file_unique_id': 'AQADIhYAAo5ZmFFy', 'file_size': 38440, 'width': 320, 'height': 320}, 'thumb': {'file_id': 'AAMCBAADGQMAAgH6ZjLPpzu1DoW-pTPl2ihFikRj01IAAiIWAAKOWZhRhbyF-Cm1ItcBAAdtAAM0BA', 'file_unique_id': 'AQADIhYAAo5ZmFFy', 'file_size': 38440, 'width': 320, 'height': 320}, 'file_id': 'BQACAgQAAxkDAAIB-mYyz6c7tQ6FvqUz5dooRYpEY9NSAAIiFgACjlmYUYW8hfgptSLXNAQ', 'file_unique_id': 'AgADIhYAAo5ZmFE', 'file_size': 428872}}`]
[2024-05-01 23:26:31,848]: [_bot.py]: _do_post: 643:       DEBUG:    [Calling Bot API endpoint `sendDocument` with parameters `{'chat_id': '-4119703192', 'document': <telegram._files.inputfile.InputFile object at 0x7feddfdc69c0>}`]
[2024-05-01 23:26:31,849]: [_trace.py]: atrace: 85:       DEBUG:    [send_request_headers.started request=<Request [b'POST']>]
[2024-05-01 23:26:31,849]: [_trace.py]: atrace: 85:       DEBUG:    [send_request_headers.complete]
[2024-05-01 23:26:31,849]: [_trace.py]: atrace: 85:       DEBUG:    [send_request_body.started request=<Request [b'POST']>]
[2024-05-01 23:26:31,850]: [_trace.py]: atrace: 85:       DEBUG:    [send_request_body.complete]
[2024-05-01 23:26:31,850]: [_trace.py]: atrace: 85:       DEBUG:    [receive_response_headers.started request=<Request [b'POST']>]
[2024-05-01 23:26:32,029]: [_trace.py]: atrace: 85:       DEBUG:    [receive_response_headers.complete return_value=(b'HTTP/1.1', 200, b'OK', [(b'Server', b'nginx/1.18.0'), (b'Date', b'Wed, 01 May 2024 23:26:31 GMT'), (b'Content-Type', b'application/json'), (b'Content-Length', b'818'), (b'Connection', b'keep-alive'), (b'Strict-Transport-Security', b'max-age=31536000; includeSubDomains; preload'), (b'Access-Control-Allow-Origin', b'*'), (b'Access-Control-Allow-Methods', b'GET, POST, OPTIONS'), (b'Access-Control-Expose-Headers', b'Content-Length,Content-Type,Date,Server,Connection')])]
[2024-05-01 23:26:32,029]: [_client.py]: _send_single_request: 1773:       INFO:    [HTTP Request: POST https://api.telegram.org/bot6030805959:AAGUHAMxLYc-PrevgKouJ3ZyM7ktu56ftjo/sendDocument "HTTP/1.1 200 OK"]
[2024-05-01 23:26:32,030]: [_trace.py]: atrace: 85:       DEBUG:    [receive_response_body.started request=<Request [b'POST']>]
[2024-05-01 23:26:32,030]: [_trace.py]: atrace: 85:       DEBUG:    [receive_response_body.complete]
[2024-05-01 23:26:32,030]: [_trace.py]: atrace: 85:       DEBUG:    [response_closed.started]
[2024-05-01 23:26:32,030]: [_trace.py]: atrace: 85:       DEBUG:    [response_closed.complete]
[2024-05-01 23:26:32,030]: [_bot.py]: _do_post: 652:       DEBUG:    [Call to Bot API endpoint `sendDocument` finished with return value `{'message_id': 507, 'from': {'id': 6030805959, 'is_bot': True, 'first_name': 'TyPHoone', 'username': 'TyPHoone_Project_bot'}, 'chat': {'id': -4119703192, 'title': 'Robocop', 'type': 'group', 'all_members_are_administrators': True}, 'date': 1714605991, 'document': {'file_name': '2-Milgerd.png', 'mime_type': 'image/png', 'thumbnail': {'file_id': 'AAMCBAADGQMAAgH7ZjLPpzPeJFP4Mv40_kJxfQGHfRgAAiMWAAKOWZhR5RirK3cbEWkBAAdtAAM0BA', 'file_unique_id': 'AQADIxYAAo5ZmFFy', 'file_size': 42486, 'width': 320, 'height': 320}, 'thumb': {'file_id': 'AAMCBAADGQMAAgH7ZjLPpzPeJFP4Mv40_kJxfQGHfRgAAiMWAAKOWZhR5RirK3cbEWkBAAdtAAM0BA', 'file_unique_id': 'AQADIxYAAo5ZmFFy', 'file_size': 42486, 'width': 320, 'height': 320}, 'file_id': 'BQACAgQAAxkDAAIB-2Yyz6cz3iRT-DL-NP5CcX0Bh30YAAIjFgACjlmYUeUYqyt3GxFpNAQ', 'file_unique_id': 'AgADIxYAAo5ZmFE', 'file_size': 418074}}`]
[2024-05-01 23:26:32,031]: [_bot.py]: _do_post: 643:       DEBUG:    [Calling Bot API endpoint `sendDocument` with parameters `{'chat_id': '-4119703192', 'document': <telegram._files.inputfile.InputFile object at 0x7feddfdc5ac0>}`]
[2024-05-01 23:26:32,031]: [_trace.py]: atrace: 85:       DEBUG:    [send_request_headers.started request=<Request [b'POST']>]
[2024-05-01 23:26:32,031]: [_trace.py]: atrace: 85:       DEBUG:    [send_request_headers.complete]
[2024-05-01 23:26:32,031]: [_trace.py]: atrace: 85:       DEBUG:    [send_request_body.started request=<Request [b'POST']>]
[2024-05-01 23:26:32,032]: [_trace.py]: atrace: 85:       DEBUG:    [send_request_body.complete]
[2024-05-01 23:26:32,032]: [_trace.py]: atrace: 85:       DEBUG:    [receive_response_headers.started request=<Request [b'POST']>]
[2024-05-01 23:26:32,209]: [_trace.py]: atrace: 85:       DEBUG:    [receive_response_headers.complete return_value=(b'HTTP/1.1', 200, b'OK', [(b'Server', b'nginx/1.18.0'), (b'Date', b'Wed, 01 May 2024 23:26:32 GMT'), (b'Content-Type', b'application/json'), (b'Content-Length', b'817'), (b'Connection', b'keep-alive'), (b'Strict-Transport-Security', b'max-age=31536000; includeSubDomains; preload'), (b'Access-Control-Allow-Origin', b'*'), (b'Access-Control-Allow-Methods', b'GET, POST, OPTIONS'), (b'Access-Control-Expose-Headers', b'Content-Length,Content-Type,Date,Server,Connection')])]
[2024-05-01 23:26:32,210]: [_client.py]: _send_single_request: 1773:       INFO:    [HTTP Request: POST https://api.telegram.org/bot6030805959:AAGUHAMxLYc-PrevgKouJ3ZyM7ktu56ftjo/sendDocument "HTTP/1.1 200 OK"]
[2024-05-01 23:26:32,210]: [_trace.py]: atrace: 85:       DEBUG:    [receive_response_body.started request=<Request [b'POST']>]
[2024-05-01 23:26:32,210]: [_trace.py]: atrace: 85:       DEBUG:    [receive_response_body.complete]
[2024-05-01 23:26:32,210]: [_trace.py]: atrace: 85:       DEBUG:    [response_closed.started]
[2024-05-01 23:26:32,210]: [_trace.py]: atrace: 85:       DEBUG:    [response_closed.complete]
[2024-05-01 23:26:32,210]: [_bot.py]: _do_post: 652:       DEBUG:    [Call to Bot API endpoint `sendDocument` finished with return value `{'message_id': 508, 'from': {'id': 6030805959, 'is_bot': True, 'first_name': 'TyPHoone', 'username': 'TyPHoone_Project_bot'}, 'chat': {'id': -4119703192, 'title': 'Robocop', 'type': 'group', 'all_members_are_administrators': True}, 'date': 1714605992, 'document': {'file_name': '5-Nabshi.png', 'mime_type': 'image/png', 'thumbnail': {'file_id': 'AAMCBAADGQMAAgH8ZjLPqASCqOd7sWXjsjx0YIZH628AAiQWAAKOWZhRycrLUxA7CboBAAdtAAM0BA', 'file_unique_id': 'AQADJBYAAo5ZmFFy', 'file_size': 32054, 'width': 320, 'height': 320}, 'thumb': {'file_id': 'AAMCBAADGQMAAgH8ZjLPqASCqOd7sWXjsjx0YIZH628AAiQWAAKOWZhRycrLUxA7CboBAAdtAAM0BA', 'file_unique_id': 'AQADJBYAAo5ZmFFy', 'file_size': 32054, 'width': 320, 'height': 320}, 'file_id': 'BQACAgQAAxkDAAIB_GYyz6gEgqjne7Fl47I8dGCGR-tvAAIkFgACjlmYUcnKy1MQOwm6NAQ', 'file_unique_id': 'AgADJBYAAo5ZmFE', 'file_size': 449777}}`]
[2024-05-01 23:26:32,211]: [_bot.py]: _do_post: 643:       DEBUG:    [Calling Bot API endpoint `sendDocument` with parameters `{'chat_id': '-4119703192', 'document': <telegram._files.inputfile.InputFile object at 0x7feddfdc69c0>}`]
[2024-05-01 23:26:32,211]: [_trace.py]: atrace: 85:       DEBUG:    [send_request_headers.started request=<Request [b'POST']>]
[2024-05-01 23:26:32,211]: [_trace.py]: atrace: 85:       DEBUG:    [send_request_headers.complete]
[2024-05-01 23:26:32,211]: [_trace.py]: atrace: 85:       DEBUG:    [send_request_body.started request=<Request [b'POST']>]
[2024-05-01 23:26:32,212]: [_trace.py]: atrace: 85:       DEBUG:    [send_request_body.complete]
[2024-05-01 23:26:32,212]: [_trace.py]: atrace: 85:       DEBUG:    [receive_response_headers.started request=<Request [b'POST']>]
[2024-05-01 23:26:32,390]: [_trace.py]: atrace: 85:       DEBUG:    [receive_response_headers.complete return_value=(b'HTTP/1.1', 200, b'OK', [(b'Server', b'nginx/1.18.0'), (b'Date', b'Wed, 01 May 2024 23:26:32 GMT'), (b'Content-Type', b'application/json'), (b'Content-Length', b'821'), (b'Connection', b'keep-alive'), (b'Strict-Transport-Security', b'max-age=31536000; includeSubDomains; preload'), (b'Access-Control-Allow-Origin', b'*'), (b'Access-Control-Allow-Methods', b'GET, POST, OPTIONS'), (b'Access-Control-Expose-Headers', b'Content-Length,Content-Type,Date,Server,Connection')])]
[2024-05-01 23:26:32,391]: [_client.py]: _send_single_request: 1773:       INFO:    [HTTP Request: POST https://api.telegram.org/bot6030805959:AAGUHAMxLYc-PrevgKouJ3ZyM7ktu56ftjo/sendDocument "HTTP/1.1 200 OK"]
[2024-05-01 23:26:32,391]: [_trace.py]: atrace: 85:       DEBUG:    [receive_response_body.started request=<Request [b'POST']>]
[2024-05-01 23:26:32,391]: [_trace.py]: atrace: 85:       DEBUG:    [receive_response_body.complete]
[2024-05-01 23:26:32,391]: [_trace.py]: atrace: 85:       DEBUG:    [response_closed.started]
[2024-05-01 23:26:32,391]: [_trace.py]: atrace: 85:       DEBUG:    [response_closed.complete]
[2024-05-01 23:26:32,391]: [_bot.py]: _do_post: 652:       DEBUG:    [Call to Bot API endpoint `sendDocument` finished with return value `{'message_id': 509, 'from': {'id': 6030805959, 'is_bot': True, 'first_name': 'TyPHoone', 'username': 'TyPHoone_Project_bot'}, 'chat': {'id': -4119703192, 'title': 'Robocop', 'type': 'group', 'all_members_are_administrators': True}, 'date': 1714605992, 'document': {'file_name': '6-Waraq_Siah.png', 'mime_type': 'image/png', 'thumbnail': {'file_id': 'AAMCBAADGQMAAgH9ZjLPqEUeUvxnPEnnLfy6zn_cFzIAAiUWAAKOWZhRDBCTKmh5r9cBAAdtAAM0BA', 'file_unique_id': 'AQADJRYAAo5ZmFFy', 'file_size': 43089, 'width': 320, 'height': 320}, 'thumb': {'file_id': 'AAMCBAADGQMAAgH9ZjLPqEUeUvxnPEnnLfy6zn_cFzIAAiUWAAKOWZhRDBCTKmh5r9cBAAdtAAM0BA', 'file_unique_id': 'AQADJRYAAo5ZmFFy', 'file_size': 43089, 'width': 320, 'height': 320}, 'file_id': 'BQACAgQAAxkDAAIB_WYyz6hFHlL8ZzxJ5y38us5_3BcyAAIlFgACjlmYUQwQkypoea_XNAQ', 'file_unique_id': 'AgADJRYAAo5ZmFE', 'file_size': 424026}}`]
[2024-05-01 23:26:32,392]: [_bot.py]: _do_post: 643:       DEBUG:    [Calling Bot API endpoint `sendDocument` with parameters `{'chat_id': '-4119703192', 'document': <telegram._files.inputfile.InputFile object at 0x7feddfd913c0>}`]
[2024-05-01 23:26:32,392]: [_trace.py]: atrace: 85:       DEBUG:    [send_request_headers.started request=<Request [b'POST']>]
[2024-05-01 23:26:32,392]: [_trace.py]: atrace: 85:       DEBUG:    [send_request_headers.complete]
[2024-05-01 23:26:32,392]: [_trace.py]: atrace: 85:       DEBUG:    [send_request_body.started request=<Request [b'POST']>]
[2024-05-01 23:26:32,393]: [_trace.py]: atrace: 85:       DEBUG:    [send_request_body.complete]
[2024-05-01 23:26:32,393]: [_trace.py]: atrace: 85:       DEBUG:    [receive_response_headers.started request=<Request [b'POST']>]
[2024-05-01 23:26:37,399]: [_trace.py]: atrace: 85:       DEBUG:    [receive_response_headers.failed exception=ReadTimeout(TimeoutError())]
[2024-05-01 23:26:37,399]: [_trace.py]: atrace: 85:       DEBUG:    [response_closed.started]
[2024-05-01 23:26:37,399]: [_trace.py]: atrace: 85:       DEBUG:    [response_closed.complete]
[2024-05-01 23:26:37,399]: [Telegram_Sender.py]: runner: 39:       CRITICAL:    [Files Didnt sent]
[2024-05-01 23:26:37,400]: [Main.py]: <module>: 48:       INFO:    [Finished]
