[2025-11-30 11:38:35,916]: [Main.py]: <module>: 21:       INFO:    [Started]
[2025-11-30 11:38:37,751]: [Iron_Scraper.py]: Scrap: 32:       INFO:    [Data Scaraped Successfully]
[2025-11-30 11:38:37,960]: [Iron_Scraper.py]: Scrap: 70:       INFO:    [Scrapped Data Has No Problem]
[2025-11-30 11:38:37,960]: [Iron_Scraper.py]: Scrap: 83:       INFO:    [Data Saved Successfully]
[2025-11-30 11:38:37,960]: [Iron.py]: Run: 26:       INFO:    [Scraping Phase Completed]
[2025-11-30 11:38:37,961]: [Iron_Data_Processor.py]: Data_Reader: 61:       INFO:    [Data File Has Been Red Successfully]
[2025-11-30 11:38:37,961]: [Iron_Data_Processor.py]: Shaper: 78:       INFO:    [Data Shaped]
[2025-11-30 11:38:37,961]: [Iron_Data_Processor.py]: Process: 228:       INFO:    [Data Cleaned]
[2025-11-30 11:38:37,961]: [Iron_Data_Processor.py]: Make_Pages_Objects: 101:       INFO:    [Page Objects Has Been Made]
[2025-11-30 11:38:37,961]: [Iron_Data_Processor.py]: Make_Pages_Objects: 101:       INFO:    [Page Objects Has Been Made]
[2025-11-30 11:38:37,961]: [Iron_Data_Processor.py]: Load_Data: 118:       INFO:    [Data Has Been Load]
[2025-11-30 11:38:37,961]: [Iron_Data_Processor.py]: Load_Data: 118:       INFO:    [Data Has Been Load]
[2025-11-30 11:38:37,962]: [Iron_Data_Processor.py]: Load_positions: 140:       INFO:    [Positions Are Ready]
[2025-11-30 11:38:37,962]: [Iron_Data_Processor.py]: Load_positions: 140:       INFO:    [Positions Are Ready]
[2025-11-30 11:38:39,087]: [Iron_Data_Processor.py]: Make_Tagged_Images: 193:       INFO:    [Images Has Been Made]
[2025-11-30 11:38:40,037]: [Iron_Data_Processor.py]: Make_Tagged_Images: 193:       INFO:    [Images Has Been Made]
[2025-11-30 11:38:40,292]: [Iron_Data_Processor.py]: Make_Cover_Page: 215:       INFO:    [Made Cover Pages]
[2025-11-30 11:38:40,293]: [Iron.py]: Run: 29:       INFO:    [Imagination Phase Completed]
[2025-11-30 11:38:43,555]: [Phone_Scraper.py]: Scrap: 58:       INFO:    [Data Scraped]
[2025-11-30 11:38:43,556]: [Phone_Scraper.py]: Scrap: 71:       INFO:    [Scraped Data Successfully]
[2025-11-30 11:38:43,556]: [Phone.py]: Run: 26:       INFO:    [Scraping Phase Complete]
[2025-11-30 11:38:43,556]: [Phone_Data_Processor.py]: data_reader: 38:       INFO:    [Scraped Data Loaded]
[2025-11-30 11:38:43,557]: [Phone_Data_Processor.py]: filter_list: 65:       INFO:    [Persian Phrases Are deleted]
[2025-11-30 11:38:43,557]: [Phone_Data_Processor.py]: reshape_list: 87:       INFO:    [Date Reshaped]
[2025-11-30 11:38:43,558]: [Phone_Data_Processor.py]: separate_brands: 124:       INFO:    [Brands Are Separated]
[2025-11-30 11:38:43,558]: [Phone_Data_Processor.py]: delete_extra_spaces: 141:       INFO:    [Extra Spaces Are Deleted]
[2025-11-30 11:38:44,308]: [Phone.py]: Run: 29:       INFO:    [Imagination Phase Complete]
[2025-11-30 11:38:44,308]: [selector_events.py]: __init__: 64:       DEBUG:    [Using selector: EpollSelector]
[2025-11-30 11:38:44,587]: [_bot.py]: _do_post: 643:       DEBUG:    [Calling Bot API endpoint `getMe` with parameters `{}`]
[2025-11-30 11:38:44,592]: [_trace.py]: atrace: 87:       DEBUG:    [connect_tcp.started host='api.telegram.org' port=443 local_address=None timeout=5.0 socket_options=None]
[2025-11-30 11:38:44,745]: [_trace.py]: atrace: 87:       DEBUG:    [connect_tcp.complete return_value=<httpcore._backends.anyio.AnyIOStream object at 0x7f4b2c5f6bd0>]
[2025-11-30 11:38:44,745]: [_trace.py]: atrace: 87:       DEBUG:    [start_tls.started ssl_context=<ssl.SSLContext object at 0x7f4b2cfb1e50> server_hostname='api.telegram.org' timeout=5.0]
[2025-11-30 11:38:44,866]: [_trace.py]: atrace: 87:       DEBUG:    [start_tls.complete return_value=<httpcore._backends.anyio.AnyIOStream object at 0x7f4b2d0cdac0>]
[2025-11-30 11:38:44,866]: [_trace.py]: atrace: 87:       DEBUG:    [send_request_headers.started request=<Request [b'POST']>]
[2025-11-30 11:38:44,866]: [_trace.py]: atrace: 87:       DEBUG:    [send_request_headers.complete]
[2025-11-30 11:38:44,866]: [_trace.py]: atrace: 87:       DEBUG:    [send_request_body.started request=<Request [b'POST']>]
[2025-11-30 11:38:44,867]: [_trace.py]: atrace: 87:       DEBUG:    [send_request_body.complete]
[2025-11-30 11:38:44,867]: [_trace.py]: atrace: 87:       DEBUG:    [receive_response_headers.started request=<Request [b'POST']>]
[2025-11-30 11:38:44,986]: [_trace.py]: atrace: 87:       DEBUG:    [receive_response_headers.complete return_value=(b'HTTP/1.1', 200, b'OK', [(b'Server', b'nginx/1.18.0'), (b'Date', b'Sun, 30 Nov 2025 11:38:44 GMT'), (b'Content-Type', b'application/json'), (b'Content-Length', b'258'), (b'Connection', b'keep-alive'), (b'Strict-Transport-Security', b'max-age=31536000; includeSubDomains; preload'), (b'Access-Control-Allow-Origin', b'*'), (b'Access-Control-Allow-Methods', b'GET, POST, OPTIONS'), (b'Access-Control-Expose-Headers', b'Content-Length,Content-Type,Date,Server,Connection')])]
[2025-11-30 11:38:44,986]: [_client.py]: _send_single_request: 1740:       INFO:    [HTTP Request: POST https://api.telegram.org/bot6030805959:AAGUHAMxLYc-PrevgKouJ3ZyM7ktu56ftjo/getMe "HTTP/1.1 200 OK"]
[2025-11-30 11:38:44,987]: [_trace.py]: atrace: 87:       DEBUG:    [receive_response_body.started request=<Request [b'POST']>]
[2025-11-30 11:38:44,987]: [_trace.py]: atrace: 87:       DEBUG:    [receive_response_body.complete]
[2025-11-30 11:38:44,987]: [_trace.py]: atrace: 87:       DEBUG:    [response_closed.started]
[2025-11-30 11:38:44,987]: [_trace.py]: atrace: 87:       DEBUG:    [response_closed.complete]
[2025-11-30 11:38:44,987]: [_bot.py]: _do_post: 652:       DEBUG:    [Call to Bot API endpoint `getMe` finished with return value `{'id': 6030805959, 'is_bot': True, 'first_name': 'TyPHoone', 'username': 'TyPHoone_Project_bot', 'can_join_groups': True, 'can_read_all_group_messages': False, 'supports_inline_queries': False, 'can_connect_to_business': False, 'has_main_web_app': False}`]
[2025-11-30 11:38:44,990]: [_bot.py]: _do_post: 643:       DEBUG:    [Calling Bot API endpoint `sendDocument` with parameters `{'chat_id': '-4119703192', 'document': <telegram._files.inputfile.InputFile object at 0x7f4b2cf4f800>}`]
[2025-11-30 11:38:44,991]: [_trace.py]: atrace: 87:       DEBUG:    [send_request_headers.started request=<Request [b'POST']>]
[2025-11-30 11:38:44,991]: [_trace.py]: atrace: 87:       DEBUG:    [send_request_headers.complete]
[2025-11-30 11:38:44,991]: [_trace.py]: atrace: 87:       DEBUG:    [send_request_body.started request=<Request [b'POST']>]
[2025-11-30 11:38:44,992]: [_trace.py]: atrace: 87:       DEBUG:    [send_request_body.complete]
[2025-11-30 11:38:44,992]: [_trace.py]: atrace: 87:       DEBUG:    [receive_response_headers.started request=<Request [b'POST']>]
[2025-11-30 11:38:45,173]: [_trace.py]: atrace: 87:       DEBUG:    [receive_response_headers.complete return_value=(b'HTTP/1.1', 200, b'OK', [(b'Server', b'nginx/1.18.0'), (b'Date', b'Sun, 30 Nov 2025 11:38:45 GMT'), (b'Content-Type', b'application/json'), (b'Content-Length', b'584'), (b'Connection', b'keep-alive'), (b'Strict-Transport-Security', b'max-age=31536000; includeSubDomains; preload'), (b'Access-Control-Allow-Origin', b'*'), (b'Access-Control-Allow-Methods', b'GET, POST, OPTIONS'), (b'Access-Control-Expose-Headers', b'Content-Length,Content-Type,Date,Server,Connection')])]
[2025-11-30 11:38:45,173]: [_client.py]: _send_single_request: 1740:       INFO:    [HTTP Request: POST https://api.telegram.org/bot6030805959:AAGUHAMxLYc-PrevgKouJ3ZyM7ktu56ftjo/sendDocument "HTTP/1.1 200 OK"]
[2025-11-30 11:38:45,173]: [_trace.py]: atrace: 87:       DEBUG:    [receive_response_body.started request=<Request [b'POST']>]
[2025-11-30 11:38:45,173]: [_trace.py]: atrace: 87:       DEBUG:    [receive_response_body.complete]
[2025-11-30 11:38:45,173]: [_trace.py]: atrace: 87:       DEBUG:    [response_closed.started]
[2025-11-30 11:38:45,174]: [_trace.py]: atrace: 87:       DEBUG:    [response_closed.complete]
[2025-11-30 11:38:45,174]: [_bot.py]: _do_post: 652:       DEBUG:    [Call to Bot API endpoint `sendDocument` finished with return value `{'message_id': 2758, 'from': {'id': 6030805959, 'is_bot': True, 'first_name': 'TyPHoone', 'username': 'TyPHoone_Project_bot'}, 'chat': {'id': -4119703192, 'title': 'Robocop', 'type': 'group', 'all_members_are_administrators': True, 'accepted_gift_types': {'unlimited_gifts': False, 'limited_gifts': False, 'unique_gifts': False, 'premium_subscription': False}}, 'date': 1764502725, 'document': {'file_name': '(2025_11_30--11_38).log', 'mime_type': 'text/plain', 'file_id': 'BQACAgQAAxkDAAIKxmksLMWk5UzBOtLTwTxvhrX_bcITAAIcIgACgbZhUQpm4hhEYOxoNgQ', 'file_unique_id': 'AgADHCIAAoG2YVE', 'file_size': 5937}}`]
[2025-11-30 11:38:45,175]: [_trace.py]: atrace: 87:       DEBUG:    [close.started]
[2025-11-30 11:38:45,175]: [_trace.py]: atrace: 87:       DEBUG:    [close.complete]
[2025-11-30 11:38:45,217]: [_bot.py]: _do_post: 643:       DEBUG:    [Calling Bot API endpoint `getMe` with parameters `{}`]
[2025-11-30 11:38:45,218]: [_trace.py]: atrace: 87:       DEBUG:    [connect_tcp.started host='api.telegram.org' port=443 local_address=None timeout=5.0 socket_options=None]
[2025-11-30 11:38:45,329]: [_trace.py]: atrace: 87:       DEBUG:    [connect_tcp.complete return_value=<httpcore._backends.anyio.AnyIOStream object at 0x7f4b2c469520>]
[2025-11-30 11:38:45,329]: [_trace.py]: atrace: 87:       DEBUG:    [start_tls.started ssl_context=<ssl.SSLContext object at 0x7f4b2cfb1d50> server_hostname='api.telegram.org' timeout=5.0]
[2025-11-30 11:38:45,441]: [_trace.py]: atrace: 87:       DEBUG:    [start_tls.complete return_value=<httpcore._backends.anyio.AnyIOStream object at 0x7f4b2caaed80>]
[2025-11-30 11:38:45,442]: [_trace.py]: atrace: 87:       DEBUG:    [send_request_headers.started request=<Request [b'POST']>]
[2025-11-30 11:38:45,442]: [_trace.py]: atrace: 87:       DEBUG:    [send_request_headers.complete]
[2025-11-30 11:38:45,442]: [_trace.py]: atrace: 87:       DEBUG:    [send_request_body.started request=<Request [b'POST']>]
[2025-11-30 11:38:45,442]: [_trace.py]: atrace: 87:       DEBUG:    [send_request_body.complete]
[2025-11-30 11:38:45,442]: [_trace.py]: atrace: 87:       DEBUG:    [receive_response_headers.started request=<Request [b'POST']>]
[2025-11-30 11:38:45,552]: [_trace.py]: atrace: 87:       DEBUG:    [receive_response_headers.complete return_value=(b'HTTP/1.1', 200, b'OK', [(b'Server', b'nginx/1.18.0'), (b'Date', b'Sun, 30 Nov 2025 11:38:45 GMT'), (b'Content-Type', b'application/json'), (b'Content-Length', b'258'), (b'Connection', b'keep-alive'), (b'Strict-Transport-Security', b'max-age=31536000; includeSubDomains; preload'), (b'Access-Control-Allow-Origin', b'*'), (b'Access-Control-Allow-Methods', b'GET, POST, OPTIONS'), (b'Access-Control-Expose-Headers', b'Content-Length,Content-Type,Date,Server,Connection')])]
[2025-11-30 11:38:45,552]: [_client.py]: _send_single_request: 1740:       INFO:    [HTTP Request: POST https://api.telegram.org/bot6030805959:AAGUHAMxLYc-PrevgKouJ3ZyM7ktu56ftjo/getMe "HTTP/1.1 200 OK"]
[2025-11-30 11:38:45,552]: [_trace.py]: atrace: 87:       DEBUG:    [receive_response_body.started request=<Request [b'POST']>]
[2025-11-30 11:38:45,552]: [_trace.py]: atrace: 87:       DEBUG:    [receive_response_body.complete]
[2025-11-30 11:38:45,553]: [_trace.py]: atrace: 87:       DEBUG:    [response_closed.started]
[2025-11-30 11:38:45,553]: [_trace.py]: atrace: 87:       DEBUG:    [response_closed.complete]
[2025-11-30 11:38:45,553]: [_bot.py]: _do_post: 652:       DEBUG:    [Call to Bot API endpoint `getMe` finished with return value `{'id': 6030805959, 'is_bot': True, 'first_name': 'TyPHoone', 'username': 'TyPHoone_Project_bot', 'can_join_groups': True, 'can_read_all_group_messages': False, 'supports_inline_queries': False, 'can_connect_to_business': False, 'has_main_web_app': False}`]
[2025-11-30 11:38:45,556]: [_bot.py]: _do_post: 643:       DEBUG:    [Calling Bot API endpoint `sendDocument` with parameters `{'chat_id': '-4119703192', 'document': <telegram._files.inputfile.InputFile object at 0x7f4b2cfece00>}`]
[2025-11-30 11:38:45,556]: [_trace.py]: atrace: 87:       DEBUG:    [send_request_headers.started request=<Request [b'POST']>]
[2025-11-30 11:38:45,556]: [_trace.py]: atrace: 87:       DEBUG:    [send_request_headers.complete]
[2025-11-30 11:38:45,556]: [_trace.py]: atrace: 87:       DEBUG:    [send_request_body.started request=<Request [b'POST']>]
[2025-11-30 11:38:46,557]: [_trace.py]: atrace: 87:       DEBUG:    [send_request_body.complete]
[2025-11-30 11:38:46,557]: [_trace.py]: atrace: 87:       DEBUG:    [receive_response_headers.started request=<Request [b'POST']>]
[2025-11-30 11:38:47,733]: [_trace.py]: atrace: 87:       DEBUG:    [receive_response_headers.complete return_value=(b'HTTP/1.1', 200, b'OK', [(b'Server', b'nginx/1.18.0'), (b'Date', b'Sun, 30 Nov 2025 11:38:47 GMT'), (b'Content-Type', b'application/json'), (b'Content-Length', b'599'), (b'Connection', b'keep-alive'), (b'Strict-Transport-Security', b'max-age=31536000; includeSubDomains; preload'), (b'Access-Control-Allow-Origin', b'*'), (b'Access-Control-Allow-Methods', b'GET, POST, OPTIONS'), (b'Access-Control-Expose-Headers', b'Content-Length,Content-Type,Date,Server,Connection')])]
[2025-11-30 11:38:47,733]: [_client.py]: _send_single_request: 1740:       INFO:    [HTTP Request: POST https://api.telegram.org/bot6030805959:AAGUHAMxLYc-PrevgKouJ3ZyM7ktu56ftjo/sendDocument "HTTP/1.1 200 OK"]
[2025-11-30 11:38:47,733]: [_trace.py]: atrace: 87:       DEBUG:    [receive_response_body.started request=<Request [b'POST']>]
[2025-11-30 11:38:47,733]: [_trace.py]: atrace: 87:       DEBUG:    [receive_response_body.complete]
[2025-11-30 11:38:47,733]: [_trace.py]: atrace: 87:       DEBUG:    [response_closed.started]
[2025-11-30 11:38:47,734]: [_trace.py]: atrace: 87:       DEBUG:    [response_closed.complete]
[2025-11-30 11:38:47,734]: [_bot.py]: _do_post: 652:       DEBUG:    [Call to Bot API endpoint `sendDocument` finished with return value `{'message_id': 2759, 'from': {'id': 6030805959, 'is_bot': True, 'first_name': 'TyPHoone', 'username': 'TyPHoone_Project_bot'}, 'chat': {'id': -4119703192, 'title': 'Robocop', 'type': 'group', 'all_members_are_administrators': True, 'accepted_gift_types': {'unlimited_gifts': False, 'limited_gifts': False, 'unique_gifts': False, 'premium_subscription': False}}, 'date': 1764502727, 'document': {'file_name': '(2025_11_30--11_38)output.zip', 'mime_type': 'application/zip', 'file_id': 'BQACAgQAAxkDAAIKx2ksLMdVAk8wR3EPti3XtKpBiFk7AAIdIgACgbZhUbCPS15wSeopNgQ', 'file_unique_id': 'AgADHSIAAoG2YVE', 'file_size': 10145387}}`]
[2025-11-30 11:38:47,734]: [_trace.py]: atrace: 87:       DEBUG:    [close.started]
[2025-11-30 11:38:47,734]: [_trace.py]: atrace: 87:       DEBUG:    [close.complete]
[2025-11-30 11:38:47,734]: [Telegram_Sender.py]: runner: 61:       INFO:    [sent successfully]
[2025-11-30 11:38:47,735]: [Main.py]: <module>: 48:       INFO:    [Finished]
