[2024-10-21 11:39:37,066]: [Main.py]: <module>: 21:       INFO:    [Started]
[2024-10-21 11:39:44,064]: [Iron_Scraper.py]: Scrap: 32:       INFO:    [Data Scaraped Successfully]
[2024-10-21 11:39:44,268]: [Iron_Scraper.py]: Scrap: 70:       INFO:    [Scrapped Data Has No Problem]
[2024-10-21 11:39:44,268]: [Iron_Scraper.py]: Scrap: 83:       INFO:    [Data Saved Successfully]
[2024-10-21 11:39:44,268]: [Iron.py]: Run: 26:       INFO:    [Scraping Phase Completed]
[2024-10-21 11:39:44,269]: [Iron_Data_Processor.py]: Data_Reader: 61:       INFO:    [Data File Has Been Red Successfully]
[2024-10-21 11:39:44,269]: [Iron_Data_Processor.py]: Shaper: 78:       INFO:    [Data Shaped]
[2024-10-21 11:39:44,269]: [Iron_Data_Processor.py]: Process: 228:       INFO:    [Data Cleaned]
[2024-10-21 11:39:44,269]: [Iron_Data_Processor.py]: Make_Pages_Objects: 101:       INFO:    [Page Objects Has Been Made]
[2024-10-21 11:39:44,269]: [Iron_Data_Processor.py]: Make_Pages_Objects: 101:       INFO:    [Page Objects Has Been Made]
[2024-10-21 11:39:44,269]: [Iron_Data_Processor.py]: Load_Data: 118:       INFO:    [Data Has Been Load]
[2024-10-21 11:39:44,269]: [Iron_Data_Processor.py]: Load_Data: 118:       INFO:    [Data Has Been Load]
[2024-10-21 11:39:44,270]: [Iron_Data_Processor.py]: Load_positions: 140:       INFO:    [Positions Are Ready]
[2024-10-21 11:39:44,270]: [Iron_Data_Processor.py]: Load_positions: 140:       INFO:    [Positions Are Ready]
[2024-10-21 11:39:45,402]: [Iron_Data_Processor.py]: Make_Tagged_Images: 193:       INFO:    [Images Has Been Made]
[2024-10-21 11:39:46,354]: [Iron_Data_Processor.py]: Make_Tagged_Images: 193:       INFO:    [Images Has Been Made]
[2024-10-21 11:39:46,608]: [Iron_Data_Processor.py]: Make_Cover_Page: 215:       INFO:    [Made Cover Pages]
[2024-10-21 11:39:46,608]: [Iron.py]: Run: 29:       INFO:    [Imagination Phase Completed]
[2024-10-21 11:39:50,566]: [Phone_Scraper.py]: Scrap: 58:       INFO:    [Data Scraped]
[2024-10-21 11:39:50,566]: [Phone_Scraper.py]: Scrap: 71:       INFO:    [Scraped Data Successfully]
[2024-10-21 11:39:50,566]: [Phone.py]: Run: 26:       INFO:    [Scraping Phase Complete]
[2024-10-21 11:39:50,567]: [Phone_Data_Processor.py]: data_reader: 38:       INFO:    [Scraped Data Loaded]
[2024-10-21 11:39:50,568]: [Phone_Data_Processor.py]: filter_list: 65:       INFO:    [Persian Phrases Are deleted]
[2024-10-21 11:39:50,568]: [Phone_Data_Processor.py]: reshape_list: 87:       INFO:    [Date Reshaped]
[2024-10-21 11:39:50,569]: [Phone_Data_Processor.py]: separate_brands: 124:       INFO:    [Brands Are Separated]
[2024-10-21 11:39:50,569]: [Phone_Data_Processor.py]: delete_extra_spaces: 141:       INFO:    [Extra Spaces Are Deleted]
[2024-10-21 11:39:51,327]: [Phone.py]: Run: 29:       INFO:    [Imagination Phase Complete]
[2024-10-21 11:39:51,327]: [selector_events.py]: __init__: 64:       DEBUG:    [Using selector: EpollSelector]
[2024-10-21 11:39:51,666]: [_bot.py]: _do_post: 643:       DEBUG:    [Calling Bot API endpoint `getMe` with parameters `{}`]
[2024-10-21 11:39:51,671]: [_trace.py]: atrace: 85:       DEBUG:    [connect_tcp.started host='api.telegram.org' port=443 local_address=None timeout=5.0 socket_options=None]
[2024-10-21 11:39:51,873]: [_trace.py]: atrace: 85:       DEBUG:    [connect_tcp.complete return_value=<httpcore._backends.anyio.AnyIOStream object at 0x7fa509b746e0>]
[2024-10-21 11:39:51,873]: [_trace.py]: atrace: 85:       DEBUG:    [start_tls.started ssl_context=<ssl.SSLContext object at 0x7fa50a03fad0> server_hostname='api.telegram.org' timeout=5.0]
[2024-10-21 11:39:52,023]: [_trace.py]: atrace: 85:       DEBUG:    [start_tls.complete return_value=<httpcore._backends.anyio.AnyIOStream object at 0x7fa509b74410>]
[2024-10-21 11:39:52,023]: [_trace.py]: atrace: 85:       DEBUG:    [send_request_headers.started request=<Request [b'POST']>]
[2024-10-21 11:39:52,023]: [_trace.py]: atrace: 85:       DEBUG:    [send_request_headers.complete]
[2024-10-21 11:39:52,023]: [_trace.py]: atrace: 85:       DEBUG:    [send_request_body.started request=<Request [b'POST']>]
[2024-10-21 11:39:52,024]: [_trace.py]: atrace: 85:       DEBUG:    [send_request_body.complete]
[2024-10-21 11:39:52,024]: [_trace.py]: atrace: 85:       DEBUG:    [receive_response_headers.started request=<Request [b'POST']>]
[2024-10-21 11:39:52,188]: [_trace.py]: atrace: 85:       DEBUG:    [receive_response_headers.complete return_value=(b'HTTP/1.1', 200, b'OK', [(b'Server', b'nginx/1.18.0'), (b'Date', b'Mon, 21 Oct 2024 11:39:52 GMT'), (b'Content-Type', b'application/json'), (b'Content-Length', b'258'), (b'Connection', b'keep-alive'), (b'Strict-Transport-Security', b'max-age=31536000; includeSubDomains; preload'), (b'Access-Control-Allow-Origin', b'*'), (b'Access-Control-Allow-Methods', b'GET, POST, OPTIONS'), (b'Access-Control-Expose-Headers', b'Content-Length,Content-Type,Date,Server,Connection')])]
[2024-10-21 11:39:52,188]: [_client.py]: _send_single_request: 1786:       INFO:    [HTTP Request: POST https://api.telegram.org/bot6030805959:AAGUHAMxLYc-PrevgKouJ3ZyM7ktu56ftjo/getMe "HTTP/1.1 200 OK"]
[2024-10-21 11:39:52,188]: [_trace.py]: atrace: 85:       DEBUG:    [receive_response_body.started request=<Request [b'POST']>]
[2024-10-21 11:39:52,188]: [_trace.py]: atrace: 85:       DEBUG:    [receive_response_body.complete]
[2024-10-21 11:39:52,189]: [_trace.py]: atrace: 85:       DEBUG:    [response_closed.started]
[2024-10-21 11:39:52,189]: [_trace.py]: atrace: 85:       DEBUG:    [response_closed.complete]
[2024-10-21 11:39:52,189]: [_bot.py]: _do_post: 652:       DEBUG:    [Call to Bot API endpoint `getMe` finished with return value `{'id': 6030805959, 'is_bot': True, 'first_name': 'TyPHoone', 'username': 'TyPHoone_Project_bot', 'can_join_groups': True, 'can_read_all_group_messages': False, 'supports_inline_queries': False, 'can_connect_to_business': False, 'has_main_web_app': False}`]
[2024-10-21 11:39:52,193]: [_bot.py]: _do_post: 643:       DEBUG:    [Calling Bot API endpoint `sendDocument` with parameters `{'chat_id': '-4119703192', 'document': <telegram._files.inputfile.InputFile object at 0x7fa509671800>}`]
[2024-10-21 11:39:52,193]: [_trace.py]: atrace: 85:       DEBUG:    [send_request_headers.started request=<Request [b'POST']>]
[2024-10-21 11:39:52,194]: [_trace.py]: atrace: 85:       DEBUG:    [send_request_headers.complete]
[2024-10-21 11:39:52,194]: [_trace.py]: atrace: 85:       DEBUG:    [send_request_body.started request=<Request [b'POST']>]
[2024-10-21 11:39:52,194]: [_trace.py]: atrace: 85:       DEBUG:    [send_request_body.complete]
[2024-10-21 11:39:52,194]: [_trace.py]: atrace: 85:       DEBUG:    [receive_response_headers.started request=<Request [b'POST']>]
[2024-10-21 11:39:52,551]: [_trace.py]: atrace: 85:       DEBUG:    [receive_response_headers.complete return_value=(b'HTTP/1.1', 200, b'OK', [(b'Server', b'nginx/1.18.0'), (b'Date', b'Mon, 21 Oct 2024 11:39:52 GMT'), (b'Content-Type', b'application/json'), (b'Content-Length', b'464'), (b'Connection', b'keep-alive'), (b'Strict-Transport-Security', b'max-age=31536000; includeSubDomains; preload'), (b'Access-Control-Allow-Origin', b'*'), (b'Access-Control-Allow-Methods', b'GET, POST, OPTIONS'), (b'Access-Control-Expose-Headers', b'Content-Length,Content-Type,Date,Server,Connection')])]
[2024-10-21 11:39:52,551]: [_client.py]: _send_single_request: 1786:       INFO:    [HTTP Request: POST https://api.telegram.org/bot6030805959:AAGUHAMxLYc-PrevgKouJ3ZyM7ktu56ftjo/sendDocument "HTTP/1.1 200 OK"]
[2024-10-21 11:39:52,551]: [_trace.py]: atrace: 85:       DEBUG:    [receive_response_body.started request=<Request [b'POST']>]
[2024-10-21 11:39:52,551]: [_trace.py]: atrace: 85:       DEBUG:    [receive_response_body.complete]
[2024-10-21 11:39:52,552]: [_trace.py]: atrace: 85:       DEBUG:    [response_closed.started]
[2024-10-21 11:39:52,552]: [_trace.py]: atrace: 85:       DEBUG:    [response_closed.complete]
[2024-10-21 11:39:52,552]: [_bot.py]: _do_post: 652:       DEBUG:    [Call to Bot API endpoint `sendDocument` finished with return value `{'message_id': 1942, 'from': {'id': 6030805959, 'is_bot': True, 'first_name': 'TyPHoone', 'username': 'TyPHoone_Project_bot'}, 'chat': {'id': -4119703192, 'title': 'Robocop', 'type': 'group', 'all_members_are_administrators': True}, 'date': 1729510792, 'document': {'file_name': '(2024_10_21--11_39).log', 'mime_type': 'text/plain', 'file_id': 'BQACAgQAAxkDAAIHlmcWPYiZPA-v5OpegOuD-LHj6pOTAALgHAACfNuxUHxFYVV4EjXqNgQ', 'file_unique_id': 'AgAD4BwAAnzbsVA', 'file_size': 5937}}`]
[2024-10-21 11:39:52,552]: [_trace.py]: atrace: 85:       DEBUG:    [close.started]
[2024-10-21 11:39:52,552]: [_trace.py]: atrace: 85:       DEBUG:    [close.complete]
[2024-10-21 11:39:52,553]: [_config.py]: load_ssl_context: 82:       DEBUG:    [load_ssl_context verify=True cert=None trust_env=True http2=False]
[2024-10-21 11:39:52,553]: [_config.py]: load_ssl_context_verify: 148:       DEBUG:    [load_verify_locations cafile='/opt/hostedtoolcache/Python/3.12.7/x64/lib/python3.12/site-packages/certifi/cacert.pem']
[2024-10-21 11:39:52,581]: [_config.py]: load_ssl_context: 82:       DEBUG:    [load_ssl_context verify=True cert=None trust_env=True http2=False]
[2024-10-21 11:39:52,582]: [_config.py]: load_ssl_context_verify: 148:       DEBUG:    [load_verify_locations cafile='/opt/hostedtoolcache/Python/3.12.7/x64/lib/python3.12/site-packages/certifi/cacert.pem']
[2024-10-21 11:39:52,609]: [_bot.py]: _do_post: 643:       DEBUG:    [Calling Bot API endpoint `getMe` with parameters `{}`]
[2024-10-21 11:39:52,610]: [_trace.py]: atrace: 85:       DEBUG:    [connect_tcp.started host='api.telegram.org' port=443 local_address=None timeout=5.0 socket_options=None]
[2024-10-21 11:39:52,759]: [_trace.py]: atrace: 85:       DEBUG:    [connect_tcp.complete return_value=<httpcore._backends.anyio.AnyIOStream object at 0x7fa509795a30>]
[2024-10-21 11:39:52,759]: [_trace.py]: atrace: 85:       DEBUG:    [start_tls.started ssl_context=<ssl.SSLContext object at 0x7fa50a03f8d0> server_hostname='api.telegram.org' timeout=5.0]
[2024-10-21 11:39:52,909]: [_trace.py]: atrace: 85:       DEBUG:    [start_tls.complete return_value=<httpcore._backends.anyio.AnyIOStream object at 0x7fa50a20eae0>]
[2024-10-21 11:39:52,909]: [_trace.py]: atrace: 85:       DEBUG:    [send_request_headers.started request=<Request [b'POST']>]
[2024-10-21 11:39:52,909]: [_trace.py]: atrace: 85:       DEBUG:    [send_request_headers.complete]
[2024-10-21 11:39:52,909]: [_trace.py]: atrace: 85:       DEBUG:    [send_request_body.started request=<Request [b'POST']>]
[2024-10-21 11:39:52,909]: [_trace.py]: atrace: 85:       DEBUG:    [send_request_body.complete]
[2024-10-21 11:39:52,910]: [_trace.py]: atrace: 85:       DEBUG:    [receive_response_headers.started request=<Request [b'POST']>]
[2024-10-21 11:39:53,080]: [_trace.py]: atrace: 85:       DEBUG:    [receive_response_headers.complete return_value=(b'HTTP/1.1', 200, b'OK', [(b'Server', b'nginx/1.18.0'), (b'Date', b'Mon, 21 Oct 2024 11:39:53 GMT'), (b'Content-Type', b'application/json'), (b'Content-Length', b'258'), (b'Connection', b'keep-alive'), (b'Strict-Transport-Security', b'max-age=31536000; includeSubDomains; preload'), (b'Access-Control-Allow-Origin', b'*'), (b'Access-Control-Allow-Methods', b'GET, POST, OPTIONS'), (b'Access-Control-Expose-Headers', b'Content-Length,Content-Type,Date,Server,Connection')])]
[2024-10-21 11:39:53,080]: [_client.py]: _send_single_request: 1786:       INFO:    [HTTP Request: POST https://api.telegram.org/bot6030805959:AAGUHAMxLYc-PrevgKouJ3ZyM7ktu56ftjo/getMe "HTTP/1.1 200 OK"]
[2024-10-21 11:39:53,080]: [_trace.py]: atrace: 85:       DEBUG:    [receive_response_body.started request=<Request [b'POST']>]
[2024-10-21 11:39:53,080]: [_trace.py]: atrace: 85:       DEBUG:    [receive_response_body.complete]
[2024-10-21 11:39:53,081]: [_trace.py]: atrace: 85:       DEBUG:    [response_closed.started]
[2024-10-21 11:39:53,081]: [_trace.py]: atrace: 85:       DEBUG:    [response_closed.complete]
[2024-10-21 11:39:53,081]: [_bot.py]: _do_post: 652:       DEBUG:    [Call to Bot API endpoint `getMe` finished with return value `{'id': 6030805959, 'is_bot': True, 'first_name': 'TyPHoone', 'username': 'TyPHoone_Project_bot', 'can_join_groups': True, 'can_read_all_group_messages': False, 'supports_inline_queries': False, 'can_connect_to_business': False, 'has_main_web_app': False}`]
[2024-10-21 11:39:53,083]: [_bot.py]: _do_post: 643:       DEBUG:    [Calling Bot API endpoint `sendDocument` with parameters `{'chat_id': '-4119703192', 'document': <telegram._files.inputfile.InputFile object at 0x7fa50a9fae40>}`]
[2024-10-21 11:39:53,084]: [_trace.py]: atrace: 85:       DEBUG:    [send_request_headers.started request=<Request [b'POST']>]
[2024-10-21 11:39:53,084]: [_trace.py]: atrace: 85:       DEBUG:    [send_request_headers.complete]
[2024-10-21 11:39:53,084]: [_trace.py]: atrace: 85:       DEBUG:    [send_request_body.started request=<Request [b'POST']>]
[2024-10-21 11:39:54,564]: [_trace.py]: atrace: 85:       DEBUG:    [send_request_body.complete]
[2024-10-21 11:39:54,564]: [_trace.py]: atrace: 85:       DEBUG:    [receive_response_headers.started request=<Request [b'POST']>]
[2024-10-21 11:39:55,389]: [_trace.py]: atrace: 85:       DEBUG:    [receive_response_headers.complete return_value=(b'HTTP/1.1', 200, b'OK', [(b'Server', b'nginx/1.18.0'), (b'Date', b'Mon, 21 Oct 2024 11:39:55 GMT'), (b'Content-Type', b'application/json'), (b'Content-Length', b'479'), (b'Connection', b'keep-alive'), (b'Strict-Transport-Security', b'max-age=31536000; includeSubDomains; preload'), (b'Access-Control-Allow-Origin', b'*'), (b'Access-Control-Allow-Methods', b'GET, POST, OPTIONS'), (b'Access-Control-Expose-Headers', b'Content-Length,Content-Type,Date,Server,Connection')])]
[2024-10-21 11:39:55,389]: [_client.py]: _send_single_request: 1786:       INFO:    [HTTP Request: POST https://api.telegram.org/bot6030805959:AAGUHAMxLYc-PrevgKouJ3ZyM7ktu56ftjo/sendDocument "HTTP/1.1 200 OK"]
[2024-10-21 11:39:55,389]: [_trace.py]: atrace: 85:       DEBUG:    [receive_response_body.started request=<Request [b'POST']>]
[2024-10-21 11:39:55,389]: [_trace.py]: atrace: 85:       DEBUG:    [receive_response_body.complete]
[2024-10-21 11:39:55,389]: [_trace.py]: atrace: 85:       DEBUG:    [response_closed.started]
[2024-10-21 11:39:55,389]: [_trace.py]: atrace: 85:       DEBUG:    [response_closed.complete]
[2024-10-21 11:39:55,390]: [_bot.py]: _do_post: 652:       DEBUG:    [Call to Bot API endpoint `sendDocument` finished with return value `{'message_id': 1943, 'from': {'id': 6030805959, 'is_bot': True, 'first_name': 'TyPHoone', 'username': 'TyPHoone_Project_bot'}, 'chat': {'id': -4119703192, 'title': 'Robocop', 'type': 'group', 'all_members_are_administrators': True}, 'date': 1729510795, 'document': {'file_name': '(2024_10_21--11_39)output.zip', 'mime_type': 'application/zip', 'file_id': 'BQACAgQAAxkDAAIHl2cWPYvkDS3k0JdkqH3y5_EP0B8UAALhHAACfNuxUNQGJhgDtd7rNgQ', 'file_unique_id': 'AgAD4RwAAnzbsVA', 'file_size': 10153414}}`]
[2024-10-21 11:39:55,390]: [_trace.py]: atrace: 85:       DEBUG:    [close.started]
[2024-10-21 11:39:55,390]: [_trace.py]: atrace: 85:       DEBUG:    [close.complete]
[2024-10-21 11:39:55,390]: [Telegram_Sender.py]: runner: 61:       INFO:    [sent successfully]
[2024-10-21 11:39:55,391]: [Main.py]: <module>: 48:       INFO:    [Finished]
