[2025-10-04 11:39:25,084]: [Main.py]: <module>: 21:       INFO:    [Started]
[2025-10-04 11:39:26,535]: [Iron_Scraper.py]: Scrap: 32:       INFO:    [Data Scaraped Successfully]
[2025-10-04 11:39:26,739]: [Iron_Scraper.py]: Scrap: 70:       INFO:    [Scrapped Data Has No Problem]
[2025-10-04 11:39:26,739]: [Iron_Scraper.py]: Scrap: 83:       INFO:    [Data Saved Successfully]
[2025-10-04 11:39:26,739]: [Iron.py]: Run: 26:       INFO:    [Scraping Phase Completed]
[2025-10-04 11:39:26,740]: [Iron_Data_Processor.py]: Data_Reader: 61:       INFO:    [Data File Has Been Red Successfully]
[2025-10-04 11:39:26,740]: [Iron_Data_Processor.py]: Shaper: 78:       INFO:    [Data Shaped]
[2025-10-04 11:39:26,740]: [Iron_Data_Processor.py]: Process: 228:       INFO:    [Data Cleaned]
[2025-10-04 11:39:26,740]: [Iron_Data_Processor.py]: Make_Pages_Objects: 101:       INFO:    [Page Objects Has Been Made]
[2025-10-04 11:39:26,740]: [Iron_Data_Processor.py]: Make_Pages_Objects: 101:       INFO:    [Page Objects Has Been Made]
[2025-10-04 11:39:26,740]: [Iron_Data_Processor.py]: Load_Data: 118:       INFO:    [Data Has Been Load]
[2025-10-04 11:39:26,740]: [Iron_Data_Processor.py]: Load_Data: 118:       INFO:    [Data Has Been Load]
[2025-10-04 11:39:26,741]: [Iron_Data_Processor.py]: Load_positions: 140:       INFO:    [Positions Are Ready]
[2025-10-04 11:39:26,741]: [Iron_Data_Processor.py]: Load_positions: 140:       INFO:    [Positions Are Ready]
[2025-10-04 11:39:27,865]: [Iron_Data_Processor.py]: Make_Tagged_Images: 193:       INFO:    [Images Has Been Made]
[2025-10-04 11:39:28,822]: [Iron_Data_Processor.py]: Make_Tagged_Images: 193:       INFO:    [Images Has Been Made]
[2025-10-04 11:39:29,077]: [Iron_Data_Processor.py]: Make_Cover_Page: 215:       INFO:    [Made Cover Pages]
[2025-10-04 11:39:29,077]: [Iron.py]: Run: 29:       INFO:    [Imagination Phase Completed]
[2025-10-04 11:39:32,314]: [Phone_Scraper.py]: Scrap: 58:       INFO:    [Data Scraped]
[2025-10-04 11:39:32,314]: [Phone_Scraper.py]: Scrap: 71:       INFO:    [Scraped Data Successfully]
[2025-10-04 11:39:32,314]: [Phone.py]: Run: 26:       INFO:    [Scraping Phase Complete]
[2025-10-04 11:39:32,314]: [Phone_Data_Processor.py]: data_reader: 38:       INFO:    [Scraped Data Loaded]
[2025-10-04 11:39:32,315]: [Phone_Data_Processor.py]: filter_list: 65:       INFO:    [Persian Phrases Are deleted]
[2025-10-04 11:39:32,316]: [Phone_Data_Processor.py]: reshape_list: 87:       INFO:    [Date Reshaped]
[2025-10-04 11:39:32,316]: [Phone_Data_Processor.py]: separate_brands: 124:       INFO:    [Brands Are Separated]
[2025-10-04 11:39:32,316]: [Phone_Data_Processor.py]: delete_extra_spaces: 141:       INFO:    [Extra Spaces Are Deleted]
[2025-10-04 11:39:33,060]: [Phone.py]: Run: 29:       INFO:    [Imagination Phase Complete]
[2025-10-04 11:39:33,061]: [selector_events.py]: __init__: 64:       DEBUG:    [Using selector: EpollSelector]
[2025-10-04 11:39:33,339]: [_bot.py]: _do_post: 643:       DEBUG:    [Calling Bot API endpoint `getMe` with parameters `{}`]
[2025-10-04 11:39:33,343]: [_trace.py]: atrace: 87:       DEBUG:    [connect_tcp.started host='api.telegram.org' port=443 local_address=None timeout=5.0 socket_options=None]
[2025-10-04 11:39:33,563]: [_trace.py]: atrace: 87:       DEBUG:    [connect_tcp.complete return_value=<httpcore._backends.anyio.AnyIOStream object at 0x7fb7aae824e0>]
[2025-10-04 11:39:33,564]: [_trace.py]: atrace: 87:       DEBUG:    [start_tls.started ssl_context=<ssl.SSLContext object at 0x7fb7aa1adf50> server_hostname='api.telegram.org' timeout=5.0]
[2025-10-04 11:39:33,668]: [_trace.py]: atrace: 87:       DEBUG:    [start_tls.complete return_value=<httpcore._backends.anyio.AnyIOStream object at 0x7fb7a9cfc530>]
[2025-10-04 11:39:33,669]: [_trace.py]: atrace: 87:       DEBUG:    [send_request_headers.started request=<Request [b'POST']>]
[2025-10-04 11:39:33,669]: [_trace.py]: atrace: 87:       DEBUG:    [send_request_headers.complete]
[2025-10-04 11:39:33,669]: [_trace.py]: atrace: 87:       DEBUG:    [send_request_body.started request=<Request [b'POST']>]
[2025-10-04 11:39:33,669]: [_trace.py]: atrace: 87:       DEBUG:    [send_request_body.complete]
[2025-10-04 11:39:33,669]: [_trace.py]: atrace: 87:       DEBUG:    [receive_response_headers.started request=<Request [b'POST']>]
[2025-10-04 11:39:33,770]: [_trace.py]: atrace: 87:       DEBUG:    [receive_response_headers.complete return_value=(b'HTTP/1.1', 200, b'OK', [(b'Server', b'nginx/1.18.0'), (b'Date', b'Sat, 04 Oct 2025 11:39:33 GMT'), (b'Content-Type', b'application/json'), (b'Content-Length', b'258'), (b'Connection', b'keep-alive'), (b'Strict-Transport-Security', b'max-age=31536000; includeSubDomains; preload'), (b'Access-Control-Allow-Origin', b'*'), (b'Access-Control-Allow-Methods', b'GET, POST, OPTIONS'), (b'Access-Control-Expose-Headers', b'Content-Length,Content-Type,Date,Server,Connection')])]
[2025-10-04 11:39:33,770]: [_client.py]: _send_single_request: 1740:       INFO:    [HTTP Request: POST https://api.telegram.org/bot6030805959:AAGUHAMxLYc-PrevgKouJ3ZyM7ktu56ftjo/getMe "HTTP/1.1 200 OK"]
[2025-10-04 11:39:33,770]: [_trace.py]: atrace: 87:       DEBUG:    [receive_response_body.started request=<Request [b'POST']>]
[2025-10-04 11:39:33,771]: [_trace.py]: atrace: 87:       DEBUG:    [receive_response_body.complete]
[2025-10-04 11:39:33,771]: [_trace.py]: atrace: 87:       DEBUG:    [response_closed.started]
[2025-10-04 11:39:33,771]: [_trace.py]: atrace: 87:       DEBUG:    [response_closed.complete]
[2025-10-04 11:39:33,771]: [_bot.py]: _do_post: 652:       DEBUG:    [Call to Bot API endpoint `getMe` finished with return value `{'id': 6030805959, 'is_bot': True, 'first_name': 'TyPHoone', 'username': 'TyPHoone_Project_bot', 'can_join_groups': True, 'can_read_all_group_messages': False, 'supports_inline_queries': False, 'can_connect_to_business': False, 'has_main_web_app': False}`]
[2025-10-04 11:39:33,774]: [_bot.py]: _do_post: 643:       DEBUG:    [Calling Bot API endpoint `sendDocument` with parameters `{'chat_id': '-4119703192', 'document': <telegram._files.inputfile.InputFile object at 0x7fb7a9b62040>}`]
[2025-10-04 11:39:33,775]: [_trace.py]: atrace: 87:       DEBUG:    [send_request_headers.started request=<Request [b'POST']>]
[2025-10-04 11:39:33,775]: [_trace.py]: atrace: 87:       DEBUG:    [send_request_headers.complete]
[2025-10-04 11:39:33,775]: [_trace.py]: atrace: 87:       DEBUG:    [send_request_body.started request=<Request [b'POST']>]
[2025-10-04 11:39:33,775]: [_trace.py]: atrace: 87:       DEBUG:    [send_request_body.complete]
[2025-10-04 11:39:33,775]: [_trace.py]: atrace: 87:       DEBUG:    [receive_response_headers.started request=<Request [b'POST']>]
[2025-10-04 11:39:34,031]: [_trace.py]: atrace: 87:       DEBUG:    [receive_response_headers.complete return_value=(b'HTTP/1.1', 200, b'OK', [(b'Server', b'nginx/1.18.0'), (b'Date', b'Sat, 04 Oct 2025 11:39:33 GMT'), (b'Content-Type', b'application/json'), (b'Content-Length', b'584'), (b'Connection', b'keep-alive'), (b'Strict-Transport-Security', b'max-age=31536000; includeSubDomains; preload'), (b'Access-Control-Allow-Origin', b'*'), (b'Access-Control-Allow-Methods', b'GET, POST, OPTIONS'), (b'Access-Control-Expose-Headers', b'Content-Length,Content-Type,Date,Server,Connection')])]
[2025-10-04 11:39:34,032]: [_client.py]: _send_single_request: 1740:       INFO:    [HTTP Request: POST https://api.telegram.org/bot6030805959:AAGUHAMxLYc-PrevgKouJ3ZyM7ktu56ftjo/sendDocument "HTTP/1.1 200 OK"]
[2025-10-04 11:39:34,032]: [_trace.py]: atrace: 87:       DEBUG:    [receive_response_body.started request=<Request [b'POST']>]
[2025-10-04 11:39:34,032]: [_trace.py]: atrace: 87:       DEBUG:    [receive_response_body.complete]
[2025-10-04 11:39:34,032]: [_trace.py]: atrace: 87:       DEBUG:    [response_closed.started]
[2025-10-04 11:39:34,032]: [_trace.py]: atrace: 87:       DEBUG:    [response_closed.complete]
[2025-10-04 11:39:34,032]: [_bot.py]: _do_post: 652:       DEBUG:    [Call to Bot API endpoint `sendDocument` finished with return value `{'message_id': 2643, 'from': {'id': 6030805959, 'is_bot': True, 'first_name': 'TyPHoone', 'username': 'TyPHoone_Project_bot'}, 'chat': {'id': -4119703192, 'title': 'Robocop', 'type': 'group', 'all_members_are_administrators': True, 'accepted_gift_types': {'unlimited_gifts': False, 'limited_gifts': False, 'unique_gifts': False, 'premium_subscription': False}}, 'date': 1759577973, 'document': {'file_name': '(2025_10_04--11_39).log', 'mime_type': 'text/plain', 'file_id': 'BQACAgQAAxkDAAIKU2jhB3V-Xq3KERvclcNeG8H8MHchAAJdFwACnewJU9uV5-oJim4ENgQ', 'file_unique_id': 'AgADXRcAAp3sCVM', 'file_size': 5937}}`]
[2025-10-04 11:39:34,033]: [_trace.py]: atrace: 87:       DEBUG:    [close.started]
[2025-10-04 11:39:34,033]: [_trace.py]: atrace: 87:       DEBUG:    [close.complete]
[2025-10-04 11:39:34,076]: [_bot.py]: _do_post: 643:       DEBUG:    [Calling Bot API endpoint `getMe` with parameters `{}`]
[2025-10-04 11:39:34,077]: [_trace.py]: atrace: 87:       DEBUG:    [connect_tcp.started host='api.telegram.org' port=443 local_address=None timeout=5.0 socket_options=None]
[2025-10-04 11:39:34,179]: [_trace.py]: atrace: 87:       DEBUG:    [connect_tcp.complete return_value=<httpcore._backends.anyio.AnyIOStream object at 0x7fb7a980a3c0>]
[2025-10-04 11:39:34,179]: [_trace.py]: atrace: 87:       DEBUG:    [start_tls.started ssl_context=<ssl.SSLContext object at 0x7fb7aa1ade50> server_hostname='api.telegram.org' timeout=5.0]
[2025-10-04 11:39:34,282]: [_trace.py]: atrace: 87:       DEBUG:    [start_tls.complete return_value=<httpcore._backends.anyio.AnyIOStream object at 0x7fb7a9b640e0>]
[2025-10-04 11:39:34,283]: [_trace.py]: atrace: 87:       DEBUG:    [send_request_headers.started request=<Request [b'POST']>]
[2025-10-04 11:39:34,283]: [_trace.py]: atrace: 87:       DEBUG:    [send_request_headers.complete]
[2025-10-04 11:39:34,283]: [_trace.py]: atrace: 87:       DEBUG:    [send_request_body.started request=<Request [b'POST']>]
[2025-10-04 11:39:34,283]: [_trace.py]: atrace: 87:       DEBUG:    [send_request_body.complete]
[2025-10-04 11:39:34,283]: [_trace.py]: atrace: 87:       DEBUG:    [receive_response_headers.started request=<Request [b'POST']>]
[2025-10-04 11:39:34,384]: [_trace.py]: atrace: 87:       DEBUG:    [receive_response_headers.complete return_value=(b'HTTP/1.1', 200, b'OK', [(b'Server', b'nginx/1.18.0'), (b'Date', b'Sat, 04 Oct 2025 11:39:34 GMT'), (b'Content-Type', b'application/json'), (b'Content-Length', b'258'), (b'Connection', b'keep-alive'), (b'Strict-Transport-Security', b'max-age=31536000; includeSubDomains; preload'), (b'Access-Control-Allow-Origin', b'*'), (b'Access-Control-Allow-Methods', b'GET, POST, OPTIONS'), (b'Access-Control-Expose-Headers', b'Content-Length,Content-Type,Date,Server,Connection')])]
[2025-10-04 11:39:34,385]: [_client.py]: _send_single_request: 1740:       INFO:    [HTTP Request: POST https://api.telegram.org/bot6030805959:AAGUHAMxLYc-PrevgKouJ3ZyM7ktu56ftjo/getMe "HTTP/1.1 200 OK"]
[2025-10-04 11:39:34,385]: [_trace.py]: atrace: 87:       DEBUG:    [receive_response_body.started request=<Request [b'POST']>]
[2025-10-04 11:39:34,385]: [_trace.py]: atrace: 87:       DEBUG:    [receive_response_body.complete]
[2025-10-04 11:39:34,385]: [_trace.py]: atrace: 87:       DEBUG:    [response_closed.started]
[2025-10-04 11:39:34,385]: [_trace.py]: atrace: 87:       DEBUG:    [response_closed.complete]
[2025-10-04 11:39:34,385]: [_bot.py]: _do_post: 652:       DEBUG:    [Call to Bot API endpoint `getMe` finished with return value `{'id': 6030805959, 'is_bot': True, 'first_name': 'TyPHoone', 'username': 'TyPHoone_Project_bot', 'can_join_groups': True, 'can_read_all_group_messages': False, 'supports_inline_queries': False, 'can_connect_to_business': False, 'has_main_web_app': False}`]
[2025-10-04 11:39:34,388]: [_bot.py]: _do_post: 643:       DEBUG:    [Calling Bot API endpoint `sendDocument` with parameters `{'chat_id': '-4119703192', 'document': <telegram._files.inputfile.InputFile object at 0x7fb7aa1d1b80>}`]
[2025-10-04 11:39:34,388]: [_trace.py]: atrace: 87:       DEBUG:    [send_request_headers.started request=<Request [b'POST']>]
[2025-10-04 11:39:34,388]: [_trace.py]: atrace: 87:       DEBUG:    [send_request_headers.complete]
[2025-10-04 11:39:34,388]: [_trace.py]: atrace: 87:       DEBUG:    [send_request_body.started request=<Request [b'POST']>]
[2025-10-04 11:39:35,355]: [_trace.py]: atrace: 87:       DEBUG:    [send_request_body.complete]
[2025-10-04 11:39:35,355]: [_trace.py]: atrace: 87:       DEBUG:    [receive_response_headers.started request=<Request [b'POST']>]
[2025-10-04 11:39:36,048]: [_trace.py]: atrace: 87:       DEBUG:    [receive_response_headers.complete return_value=(b'HTTP/1.1', 200, b'OK', [(b'Server', b'nginx/1.18.0'), (b'Date', b'Sat, 04 Oct 2025 11:39:35 GMT'), (b'Content-Type', b'application/json'), (b'Content-Length', b'599'), (b'Connection', b'keep-alive'), (b'Strict-Transport-Security', b'max-age=31536000; includeSubDomains; preload'), (b'Access-Control-Allow-Origin', b'*'), (b'Access-Control-Allow-Methods', b'GET, POST, OPTIONS'), (b'Access-Control-Expose-Headers', b'Content-Length,Content-Type,Date,Server,Connection')])]
[2025-10-04 11:39:36,048]: [_client.py]: _send_single_request: 1740:       INFO:    [HTTP Request: POST https://api.telegram.org/bot6030805959:AAGUHAMxLYc-PrevgKouJ3ZyM7ktu56ftjo/sendDocument "HTTP/1.1 200 OK"]
[2025-10-04 11:39:36,048]: [_trace.py]: atrace: 87:       DEBUG:    [receive_response_body.started request=<Request [b'POST']>]
[2025-10-04 11:39:36,049]: [_trace.py]: atrace: 87:       DEBUG:    [receive_response_body.complete]
[2025-10-04 11:39:36,049]: [_trace.py]: atrace: 87:       DEBUG:    [response_closed.started]
[2025-10-04 11:39:36,049]: [_trace.py]: atrace: 87:       DEBUG:    [response_closed.complete]
[2025-10-04 11:39:36,049]: [_bot.py]: _do_post: 652:       DEBUG:    [Call to Bot API endpoint `sendDocument` finished with return value `{'message_id': 2644, 'from': {'id': 6030805959, 'is_bot': True, 'first_name': 'TyPHoone', 'username': 'TyPHoone_Project_bot'}, 'chat': {'id': -4119703192, 'title': 'Robocop', 'type': 'group', 'all_members_are_administrators': True, 'accepted_gift_types': {'unlimited_gifts': False, 'limited_gifts': False, 'unique_gifts': False, 'premium_subscription': False}}, 'date': 1759577975, 'document': {'file_name': '(2025_10_04--11_39)output.zip', 'mime_type': 'application/zip', 'file_id': 'BQACAgQAAxkDAAIKVGjhB3fe46VrUFI6FpgytCxi3HqIAAJeFwACnewJU5_2gRuybARTNgQ', 'file_unique_id': 'AgADXhcAAp3sCVM', 'file_size': 10116339}}`]
[2025-10-04 11:39:36,049]: [_trace.py]: atrace: 87:       DEBUG:    [close.started]
[2025-10-04 11:39:36,049]: [_trace.py]: atrace: 87:       DEBUG:    [close.complete]
[2025-10-04 11:39:36,050]: [Telegram_Sender.py]: runner: 61:       INFO:    [sent successfully]
[2025-10-04 11:39:36,050]: [Main.py]: <module>: 48:       INFO:    [Finished]
