[2024-12-04 11:40:43,549]: [Main.py]: <module>: 21:       INFO:    [Started]
[2024-12-04 11:40:45,155]: [Iron_Scraper.py]: Scrap: 32:       INFO:    [Data Scaraped Successfully]
[2024-12-04 11:40:45,209]: [Iron_Scraper.py]: Scrap: 70:       INFO:    [Scrapped Data Has No Problem]
[2024-12-04 11:40:45,209]: [Iron_Scraper.py]: Scrap: 83:       INFO:    [Data Saved Successfully]
[2024-12-04 11:40:45,209]: [Iron.py]: Run: 26:       INFO:    [Scraping Phase Completed]
[2024-12-04 11:40:45,209]: [Iron_Data_Processor.py]: Data_Reader: 61:       INFO:    [Data File Has Been Red Successfully]
[2024-12-04 11:40:45,209]: [Iron_Data_Processor.py]: Shaper: 78:       INFO:    [Data Shaped]
[2024-12-04 11:40:45,210]: [Iron_Data_Processor.py]: Process: 228:       INFO:    [Data Cleaned]
[2024-12-04 11:40:45,210]: [Iron_Data_Processor.py]: Make_Pages_Objects: 101:       INFO:    [Page Objects Has Been Made]
[2024-12-04 11:40:45,210]: [Iron_Data_Processor.py]: Make_Pages_Objects: 101:       INFO:    [Page Objects Has Been Made]
[2024-12-04 11:40:45,210]: [Iron_Data_Processor.py]: Load_Data: 118:       INFO:    [Data Has Been Load]
[2024-12-04 11:40:45,210]: [Iron_Data_Processor.py]: Load_Data: 118:       INFO:    [Data Has Been Load]
[2024-12-04 11:40:45,210]: [Iron_Data_Processor.py]: Load_positions: 140:       INFO:    [Positions Are Ready]
[2024-12-04 11:40:45,210]: [Iron_Data_Processor.py]: Load_positions: 140:       INFO:    [Positions Are Ready]
[2024-12-04 11:40:46,280]: [Iron_Data_Processor.py]: Make_Tagged_Images: 193:       INFO:    [Images Has Been Made]
[2024-12-04 11:40:47,177]: [Iron_Data_Processor.py]: Make_Tagged_Images: 193:       INFO:    [Images Has Been Made]
[2024-12-04 11:40:47,432]: [Iron_Data_Processor.py]: Make_Cover_Page: 215:       INFO:    [Made Cover Pages]
[2024-12-04 11:40:47,432]: [Iron.py]: Run: 29:       INFO:    [Imagination Phase Completed]
[2024-12-04 11:40:50,543]: [Phone_Scraper.py]: Scrap: 58:       INFO:    [Data Scraped]
[2024-12-04 11:40:50,543]: [Phone_Scraper.py]: Scrap: 71:       INFO:    [Scraped Data Successfully]
[2024-12-04 11:40:50,543]: [Phone.py]: Run: 26:       INFO:    [Scraping Phase Complete]
[2024-12-04 11:40:50,543]: [Phone_Data_Processor.py]: data_reader: 38:       INFO:    [Scraped Data Loaded]
[2024-12-04 11:40:50,544]: [Phone_Data_Processor.py]: filter_list: 65:       INFO:    [Persian Phrases Are deleted]
[2024-12-04 11:40:50,545]: [Phone_Data_Processor.py]: reshape_list: 87:       INFO:    [Date Reshaped]
[2024-12-04 11:40:50,545]: [Phone_Data_Processor.py]: separate_brands: 124:       INFO:    [Brands Are Separated]
[2024-12-04 11:40:50,546]: [Phone_Data_Processor.py]: delete_extra_spaces: 141:       INFO:    [Extra Spaces Are Deleted]
[2024-12-04 11:40:51,310]: [Phone.py]: Run: 29:       INFO:    [Imagination Phase Complete]
[2024-12-04 11:40:51,310]: [selector_events.py]: __init__: 64:       DEBUG:    [Using selector: EpollSelector]
[2024-12-04 11:40:51,636]: [_bot.py]: _do_post: 643:       DEBUG:    [Calling Bot API endpoint `getMe` with parameters `{}`]
[2024-12-04 11:40:51,641]: [_trace.py]: atrace: 87:       DEBUG:    [connect_tcp.started host='api.telegram.org' port=443 local_address=None timeout=5.0 socket_options=None]
[2024-12-04 11:40:51,775]: [_trace.py]: atrace: 87:       DEBUG:    [connect_tcp.complete return_value=<httpcore._backends.anyio.AnyIOStream object at 0x7fa19c6be330>]
[2024-12-04 11:40:51,775]: [_trace.py]: atrace: 87:       DEBUG:    [start_tls.started ssl_context=<ssl.SSLContext object at 0x7fa19cd3d450> server_hostname='api.telegram.org' timeout=5.0]
[2024-12-04 11:40:51,868]: [_trace.py]: atrace: 87:       DEBUG:    [start_tls.complete return_value=<httpcore._backends.anyio.AnyIOStream object at 0x7fa19df1bd10>]
[2024-12-04 11:40:51,869]: [_trace.py]: atrace: 87:       DEBUG:    [send_request_headers.started request=<Request [b'POST']>]
[2024-12-04 11:40:51,869]: [_trace.py]: atrace: 87:       DEBUG:    [send_request_headers.complete]
[2024-12-04 11:40:51,869]: [_trace.py]: atrace: 87:       DEBUG:    [send_request_body.started request=<Request [b'POST']>]
[2024-12-04 11:40:51,869]: [_trace.py]: atrace: 87:       DEBUG:    [send_request_body.complete]
[2024-12-04 11:40:51,869]: [_trace.py]: atrace: 87:       DEBUG:    [receive_response_headers.started request=<Request [b'POST']>]
[2024-12-04 11:40:51,958]: [_trace.py]: atrace: 87:       DEBUG:    [receive_response_headers.complete return_value=(b'HTTP/1.1', 200, b'OK', [(b'Server', b'nginx/1.18.0'), (b'Date', b'Wed, 04 Dec 2024 11:40:51 GMT'), (b'Content-Type', b'application/json'), (b'Content-Length', b'258'), (b'Connection', b'keep-alive'), (b'Strict-Transport-Security', b'max-age=31536000; includeSubDomains; preload'), (b'Access-Control-Allow-Origin', b'*'), (b'Access-Control-Allow-Methods', b'GET, POST, OPTIONS'), (b'Access-Control-Expose-Headers', b'Content-Length,Content-Type,Date,Server,Connection')])]
[2024-12-04 11:40:51,959]: [_client.py]: _send_single_request: 1742:       INFO:    [HTTP Request: POST https://api.telegram.org/bot6030805959:AAGUHAMxLYc-PrevgKouJ3ZyM7ktu56ftjo/getMe "HTTP/1.1 200 OK"]
[2024-12-04 11:40:51,959]: [_trace.py]: atrace: 87:       DEBUG:    [receive_response_body.started request=<Request [b'POST']>]
[2024-12-04 11:40:51,959]: [_trace.py]: atrace: 87:       DEBUG:    [receive_response_body.complete]
[2024-12-04 11:40:51,959]: [_trace.py]: atrace: 87:       DEBUG:    [response_closed.started]
[2024-12-04 11:40:51,959]: [_trace.py]: atrace: 87:       DEBUG:    [response_closed.complete]
[2024-12-04 11:40:51,959]: [_bot.py]: _do_post: 652:       DEBUG:    [Call to Bot API endpoint `getMe` finished with return value `{'id': 6030805959, 'is_bot': True, 'first_name': 'TyPHoone', 'username': 'TyPHoone_Project_bot', 'can_join_groups': True, 'can_read_all_group_messages': False, 'supports_inline_queries': False, 'can_connect_to_business': False, 'has_main_web_app': False}`]
[2024-12-04 11:40:51,963]: [_bot.py]: _do_post: 643:       DEBUG:    [Calling Bot API endpoint `sendDocument` with parameters `{'chat_id': '-4119703192', 'document': <telegram._files.inputfile.InputFile object at 0x7fa19c52dd00>}`]
[2024-12-04 11:40:51,963]: [_trace.py]: atrace: 87:       DEBUG:    [send_request_headers.started request=<Request [b'POST']>]
[2024-12-04 11:40:51,963]: [_trace.py]: atrace: 87:       DEBUG:    [send_request_headers.complete]
[2024-12-04 11:40:51,963]: [_trace.py]: atrace: 87:       DEBUG:    [send_request_body.started request=<Request [b'POST']>]
[2024-12-04 11:40:51,964]: [_trace.py]: atrace: 87:       DEBUG:    [send_request_body.complete]
[2024-12-04 11:40:51,964]: [_trace.py]: atrace: 87:       DEBUG:    [receive_response_headers.started request=<Request [b'POST']>]
[2024-12-04 11:40:52,147]: [_trace.py]: atrace: 87:       DEBUG:    [receive_response_headers.complete return_value=(b'HTTP/1.1', 200, b'OK', [(b'Server', b'nginx/1.18.0'), (b'Date', b'Wed, 04 Dec 2024 11:40:52 GMT'), (b'Content-Type', b'application/json'), (b'Content-Length', b'464'), (b'Connection', b'keep-alive'), (b'Strict-Transport-Security', b'max-age=31536000; includeSubDomains; preload'), (b'Access-Control-Allow-Origin', b'*'), (b'Access-Control-Allow-Methods', b'GET, POST, OPTIONS'), (b'Access-Control-Expose-Headers', b'Content-Length,Content-Type,Date,Server,Connection')])]
[2024-12-04 11:40:52,147]: [_client.py]: _send_single_request: 1742:       INFO:    [HTTP Request: POST https://api.telegram.org/bot6030805959:AAGUHAMxLYc-PrevgKouJ3ZyM7ktu56ftjo/sendDocument "HTTP/1.1 200 OK"]
[2024-12-04 11:40:52,147]: [_trace.py]: atrace: 87:       DEBUG:    [receive_response_body.started request=<Request [b'POST']>]
[2024-12-04 11:40:52,147]: [_trace.py]: atrace: 87:       DEBUG:    [receive_response_body.complete]
[2024-12-04 11:40:52,147]: [_trace.py]: atrace: 87:       DEBUG:    [response_closed.started]
[2024-12-04 11:40:52,147]: [_trace.py]: atrace: 87:       DEBUG:    [response_closed.complete]
[2024-12-04 11:40:52,148]: [_bot.py]: _do_post: 652:       DEBUG:    [Call to Bot API endpoint `sendDocument` finished with return value `{'message_id': 2028, 'from': {'id': 6030805959, 'is_bot': True, 'first_name': 'TyPHoone', 'username': 'TyPHoone_Project_bot'}, 'chat': {'id': -4119703192, 'title': 'Robocop', 'type': 'group', 'all_members_are_administrators': True}, 'date': 1733312452, 'document': {'file_name': '(2024_12_04--11_40).log', 'mime_type': 'text/plain', 'file_id': 'BQACAgQAAxkDAAIH7GdQP8TVYNPqwRLpjICHBKQfU0lTAAJ8FAACDnOAUgjeZAsDWZUdNgQ', 'file_unique_id': 'AgADfBQAAg5zgFI', 'file_size': 5937}}`]
[2024-12-04 11:40:52,148]: [_trace.py]: atrace: 87:       DEBUG:    [close.started]
[2024-12-04 11:40:52,148]: [_trace.py]: atrace: 87:       DEBUG:    [close.complete]
[2024-12-04 11:40:52,205]: [_bot.py]: _do_post: 643:       DEBUG:    [Calling Bot API endpoint `getMe` with parameters `{}`]
[2024-12-04 11:40:52,206]: [_trace.py]: atrace: 87:       DEBUG:    [connect_tcp.started host='api.telegram.org' port=443 local_address=None timeout=5.0 socket_options=None]
[2024-12-04 11:40:52,296]: [_trace.py]: atrace: 87:       DEBUG:    [connect_tcp.complete return_value=<httpcore._backends.anyio.AnyIOStream object at 0x7fa19cd55b80>]
[2024-12-04 11:40:52,297]: [_trace.py]: atrace: 87:       DEBUG:    [start_tls.started ssl_context=<ssl.SSLContext object at 0x7fa19cd3d250> server_hostname='api.telegram.org' timeout=5.0]
[2024-12-04 11:40:52,388]: [_trace.py]: atrace: 87:       DEBUG:    [start_tls.complete return_value=<httpcore._backends.anyio.AnyIOStream object at 0x7fa19df1bd10>]
[2024-12-04 11:40:52,388]: [_trace.py]: atrace: 87:       DEBUG:    [send_request_headers.started request=<Request [b'POST']>]
[2024-12-04 11:40:52,388]: [_trace.py]: atrace: 87:       DEBUG:    [send_request_headers.complete]
[2024-12-04 11:40:52,388]: [_trace.py]: atrace: 87:       DEBUG:    [send_request_body.started request=<Request [b'POST']>]
[2024-12-04 11:40:52,389]: [_trace.py]: atrace: 87:       DEBUG:    [send_request_body.complete]
[2024-12-04 11:40:52,389]: [_trace.py]: atrace: 87:       DEBUG:    [receive_response_headers.started request=<Request [b'POST']>]
[2024-12-04 11:40:52,478]: [_trace.py]: atrace: 87:       DEBUG:    [receive_response_headers.complete return_value=(b'HTTP/1.1', 200, b'OK', [(b'Server', b'nginx/1.18.0'), (b'Date', b'Wed, 04 Dec 2024 11:40:52 GMT'), (b'Content-Type', b'application/json'), (b'Content-Length', b'258'), (b'Connection', b'keep-alive'), (b'Strict-Transport-Security', b'max-age=31536000; includeSubDomains; preload'), (b'Access-Control-Allow-Origin', b'*'), (b'Access-Control-Allow-Methods', b'GET, POST, OPTIONS'), (b'Access-Control-Expose-Headers', b'Content-Length,Content-Type,Date,Server,Connection')])]
[2024-12-04 11:40:52,478]: [_client.py]: _send_single_request: 1742:       INFO:    [HTTP Request: POST https://api.telegram.org/bot6030805959:AAGUHAMxLYc-PrevgKouJ3ZyM7ktu56ftjo/getMe "HTTP/1.1 200 OK"]
[2024-12-04 11:40:52,478]: [_trace.py]: atrace: 87:       DEBUG:    [receive_response_body.started request=<Request [b'POST']>]
[2024-12-04 11:40:52,478]: [_trace.py]: atrace: 87:       DEBUG:    [receive_response_body.complete]
[2024-12-04 11:40:52,478]: [_trace.py]: atrace: 87:       DEBUG:    [response_closed.started]
[2024-12-04 11:40:52,478]: [_trace.py]: atrace: 87:       DEBUG:    [response_closed.complete]
[2024-12-04 11:40:52,479]: [_bot.py]: _do_post: 652:       DEBUG:    [Call to Bot API endpoint `getMe` finished with return value `{'id': 6030805959, 'is_bot': True, 'first_name': 'TyPHoone', 'username': 'TyPHoone_Project_bot', 'can_join_groups': True, 'can_read_all_group_messages': False, 'supports_inline_queries': False, 'can_connect_to_business': False, 'has_main_web_app': False}`]
[2024-12-04 11:40:52,481]: [_bot.py]: _do_post: 643:       DEBUG:    [Calling Bot API endpoint `sendDocument` with parameters `{'chat_id': '-4119703192', 'document': <telegram._files.inputfile.InputFile object at 0x7fa19cd5c380>}`]
[2024-12-04 11:40:52,482]: [_trace.py]: atrace: 87:       DEBUG:    [send_request_headers.started request=<Request [b'POST']>]
[2024-12-04 11:40:52,482]: [_trace.py]: atrace: 87:       DEBUG:    [send_request_headers.complete]
[2024-12-04 11:40:52,482]: [_trace.py]: atrace: 87:       DEBUG:    [send_request_body.started request=<Request [b'POST']>]
[2024-12-04 11:40:53,299]: [_trace.py]: atrace: 87:       DEBUG:    [send_request_body.complete]
[2024-12-04 11:40:53,299]: [_trace.py]: atrace: 87:       DEBUG:    [receive_response_headers.started request=<Request [b'POST']>]
[2024-12-04 11:40:54,024]: [_trace.py]: atrace: 87:       DEBUG:    [receive_response_headers.complete return_value=(b'HTTP/1.1', 200, b'OK', [(b'Server', b'nginx/1.18.0'), (b'Date', b'Wed, 04 Dec 2024 11:40:53 GMT'), (b'Content-Type', b'application/json'), (b'Content-Length', b'478'), (b'Connection', b'keep-alive'), (b'Strict-Transport-Security', b'max-age=31536000; includeSubDomains; preload'), (b'Access-Control-Allow-Origin', b'*'), (b'Access-Control-Allow-Methods', b'GET, POST, OPTIONS'), (b'Access-Control-Expose-Headers', b'Content-Length,Content-Type,Date,Server,Connection')])]
[2024-12-04 11:40:54,024]: [_client.py]: _send_single_request: 1742:       INFO:    [HTTP Request: POST https://api.telegram.org/bot6030805959:AAGUHAMxLYc-PrevgKouJ3ZyM7ktu56ftjo/sendDocument "HTTP/1.1 200 OK"]
[2024-12-04 11:40:54,024]: [_trace.py]: atrace: 87:       DEBUG:    [receive_response_body.started request=<Request [b'POST']>]
[2024-12-04 11:40:54,024]: [_trace.py]: atrace: 87:       DEBUG:    [receive_response_body.complete]
[2024-12-04 11:40:54,024]: [_trace.py]: atrace: 87:       DEBUG:    [response_closed.started]
[2024-12-04 11:40:54,024]: [_trace.py]: atrace: 87:       DEBUG:    [response_closed.complete]
[2024-12-04 11:40:54,025]: [_bot.py]: _do_post: 652:       DEBUG:    [Call to Bot API endpoint `sendDocument` finished with return value `{'message_id': 2029, 'from': {'id': 6030805959, 'is_bot': True, 'first_name': 'TyPHoone', 'username': 'TyPHoone_Project_bot'}, 'chat': {'id': -4119703192, 'title': 'Robocop', 'type': 'group', 'all_members_are_administrators': True}, 'date': 1733312453, 'document': {'file_name': '(2024_12_04--11_40)output.zip', 'mime_type': 'application/zip', 'file_id': 'BQACAgQAAxkDAAIH7WdQP8U2LNElLLMXS9hsPgpuSxe1AAJ9FAACDnOAUlQVciG0kJklNgQ', 'file_unique_id': 'AgADfRQAAg5zgFI', 'file_size': 9857318}}`]
[2024-12-04 11:40:54,025]: [_trace.py]: atrace: 87:       DEBUG:    [close.started]
[2024-12-04 11:40:54,025]: [_trace.py]: atrace: 87:       DEBUG:    [close.complete]
[2024-12-04 11:40:54,025]: [Telegram_Sender.py]: runner: 61:       INFO:    [sent successfully]
[2024-12-04 11:40:54,026]: [Main.py]: <module>: 48:       INFO:    [Finished]
