[2025-12-30 11:42:56,820]: [Main.py]: <module>: 21:       INFO:    [Started]
[2025-12-30 11:42:58,651]: [Iron_Scraper.py]: Scrap: 32:       INFO:    [Data Scaraped Successfully]
[2025-12-30 11:42:58,855]: [Iron_Scraper.py]: Scrap: 70:       INFO:    [Scrapped Data Has No Problem]
[2025-12-30 11:42:58,855]: [Iron_Scraper.py]: Scrap: 83:       INFO:    [Data Saved Successfully]
[2025-12-30 11:42:58,855]: [Iron.py]: Run: 26:       INFO:    [Scraping Phase Completed]
[2025-12-30 11:42:58,856]: [Iron_Data_Processor.py]: Data_Reader: 61:       INFO:    [Data File Has Been Red Successfully]
[2025-12-30 11:42:58,856]: [Iron_Data_Processor.py]: Shaper: 78:       INFO:    [Data Shaped]
[2025-12-30 11:42:58,856]: [Iron_Data_Processor.py]: Process: 228:       INFO:    [Data Cleaned]
[2025-12-30 11:42:58,856]: [Iron_Data_Processor.py]: Make_Pages_Objects: 101:       INFO:    [Page Objects Has Been Made]
[2025-12-30 11:42:58,856]: [Iron_Data_Processor.py]: Make_Pages_Objects: 101:       INFO:    [Page Objects Has Been Made]
[2025-12-30 11:42:58,856]: [Iron_Data_Processor.py]: Load_Data: 118:       INFO:    [Data Has Been Load]
[2025-12-30 11:42:58,856]: [Iron_Data_Processor.py]: Load_Data: 118:       INFO:    [Data Has Been Load]
[2025-12-30 11:42:58,857]: [Iron_Data_Processor.py]: Load_positions: 140:       INFO:    [Positions Are Ready]
[2025-12-30 11:42:58,857]: [Iron_Data_Processor.py]: Load_positions: 140:       INFO:    [Positions Are Ready]
[2025-12-30 11:42:59,977]: [Iron_Data_Processor.py]: Make_Tagged_Images: 193:       INFO:    [Images Has Been Made]
[2025-12-30 11:43:00,924]: [Iron_Data_Processor.py]: Make_Tagged_Images: 193:       INFO:    [Images Has Been Made]
[2025-12-30 11:43:01,178]: [Iron_Data_Processor.py]: Make_Cover_Page: 215:       INFO:    [Made Cover Pages]
[2025-12-30 11:43:01,178]: [Iron.py]: Run: 29:       INFO:    [Imagination Phase Completed]
[2025-12-30 11:43:04,713]: [Phone_Scraper.py]: Scrap: 58:       INFO:    [Data Scraped]
[2025-12-30 11:43:04,714]: [Phone_Scraper.py]: Scrap: 71:       INFO:    [Scraped Data Successfully]
[2025-12-30 11:43:04,714]: [Phone.py]: Run: 26:       INFO:    [Scraping Phase Complete]
[2025-12-30 11:43:04,714]: [Phone_Data_Processor.py]: data_reader: 38:       INFO:    [Scraped Data Loaded]
[2025-12-30 11:43:04,715]: [Phone_Data_Processor.py]: filter_list: 65:       INFO:    [Persian Phrases Are deleted]
[2025-12-30 11:43:04,715]: [Phone_Data_Processor.py]: reshape_list: 87:       INFO:    [Date Reshaped]
[2025-12-30 11:43:04,716]: [Phone_Data_Processor.py]: separate_brands: 124:       INFO:    [Brands Are Separated]
[2025-12-30 11:43:04,716]: [Phone_Data_Processor.py]: delete_extra_spaces: 141:       INFO:    [Extra Spaces Are Deleted]
[2025-12-30 11:43:05,447]: [Phone.py]: Run: 29:       INFO:    [Imagination Phase Complete]
[2025-12-30 11:43:05,448]: [selector_events.py]: __init__: 64:       DEBUG:    [Using selector: EpollSelector]
[2025-12-30 11:43:05,728]: [_bot.py]: _do_post: 643:       DEBUG:    [Calling Bot API endpoint `getMe` with parameters `{}`]
[2025-12-30 11:43:05,733]: [_trace.py]: atrace: 87:       DEBUG:    [connect_tcp.started host='api.telegram.org' port=443 local_address=None timeout=5.0 socket_options=None]
[2025-12-30 11:43:05,922]: [_trace.py]: atrace: 87:       DEBUG:    [connect_tcp.complete return_value=<httpcore._backends.anyio.AnyIOStream object at 0x7fdffa8c1010>]
[2025-12-30 11:43:05,922]: [_trace.py]: atrace: 87:       DEBUG:    [start_tls.started ssl_context=<ssl.SSLContext object at 0x7fdffb2b5ed0> server_hostname='api.telegram.org' timeout=5.0]
[2025-12-30 11:43:06,082]: [_trace.py]: atrace: 87:       DEBUG:    [start_tls.complete return_value=<httpcore._backends.anyio.AnyIOStream object at 0x7fdffa885670>]
[2025-12-30 11:43:06,082]: [_trace.py]: atrace: 87:       DEBUG:    [send_request_headers.started request=<Request [b'POST']>]
[2025-12-30 11:43:06,082]: [_trace.py]: atrace: 87:       DEBUG:    [send_request_headers.complete]
[2025-12-30 11:43:06,082]: [_trace.py]: atrace: 87:       DEBUG:    [send_request_body.started request=<Request [b'POST']>]
[2025-12-30 11:43:06,082]: [_trace.py]: atrace: 87:       DEBUG:    [send_request_body.complete]
[2025-12-30 11:43:06,082]: [_trace.py]: atrace: 87:       DEBUG:    [receive_response_headers.started request=<Request [b'POST']>]
[2025-12-30 11:43:06,295]: [_trace.py]: atrace: 87:       DEBUG:    [receive_response_headers.complete return_value=(b'HTTP/1.1', 200, b'OK', [(b'Server', b'nginx/1.18.0'), (b'Date', b'Tue, 30 Dec 2025 11:43:06 GMT'), (b'Content-Type', b'application/json'), (b'Content-Length', b'285'), (b'Connection', b'keep-alive'), (b'Strict-Transport-Security', b'max-age=31536000; includeSubDomains; preload'), (b'Access-Control-Allow-Origin', b'*'), (b'Access-Control-Allow-Methods', b'GET, POST, OPTIONS'), (b'Access-Control-Expose-Headers', b'Content-Length,Content-Type,Date,Server,Connection')])]
[2025-12-30 11:43:06,295]: [_client.py]: _send_single_request: 1740:       INFO:    [HTTP Request: POST https://api.telegram.org/bot6030805959:AAGUHAMxLYc-PrevgKouJ3ZyM7ktu56ftjo/getMe "HTTP/1.1 200 OK"]
[2025-12-30 11:43:06,295]: [_trace.py]: atrace: 87:       DEBUG:    [receive_response_body.started request=<Request [b'POST']>]
[2025-12-30 11:43:06,295]: [_trace.py]: atrace: 87:       DEBUG:    [receive_response_body.complete]
[2025-12-30 11:43:06,296]: [_trace.py]: atrace: 87:       DEBUG:    [response_closed.started]
[2025-12-30 11:43:06,296]: [_trace.py]: atrace: 87:       DEBUG:    [response_closed.complete]
[2025-12-30 11:43:06,296]: [_bot.py]: _do_post: 652:       DEBUG:    [Call to Bot API endpoint `getMe` finished with return value `{'id': 6030805959, 'is_bot': True, 'first_name': 'TyPHoone', 'username': 'TyPHoone_Project_bot', 'can_join_groups': True, 'can_read_all_group_messages': False, 'supports_inline_queries': False, 'can_connect_to_business': False, 'has_main_web_app': False, 'has_topics_enabled': False}`]
[2025-12-30 11:43:06,299]: [_bot.py]: _do_post: 643:       DEBUG:    [Calling Bot API endpoint `sendDocument` with parameters `{'chat_id': '-4119703192', 'document': <telegram._files.inputfile.InputFile object at 0x7fdffa8fbf00>}`]
[2025-12-30 11:43:06,299]: [_trace.py]: atrace: 87:       DEBUG:    [send_request_headers.started request=<Request [b'POST']>]
[2025-12-30 11:43:06,300]: [_trace.py]: atrace: 87:       DEBUG:    [send_request_headers.complete]
[2025-12-30 11:43:06,300]: [_trace.py]: atrace: 87:       DEBUG:    [send_request_body.started request=<Request [b'POST']>]
[2025-12-30 11:43:06,300]: [_trace.py]: atrace: 87:       DEBUG:    [send_request_body.complete]
[2025-12-30 11:43:06,300]: [_trace.py]: atrace: 87:       DEBUG:    [receive_response_headers.started request=<Request [b'POST']>]
[2025-12-30 11:43:06,889]: [_trace.py]: atrace: 87:       DEBUG:    [receive_response_headers.complete return_value=(b'HTTP/1.1', 200, b'OK', [(b'Server', b'nginx/1.18.0'), (b'Date', b'Tue, 30 Dec 2025 11:43:06 GMT'), (b'Content-Type', b'application/json'), (b'Content-Length', b'612'), (b'Connection', b'keep-alive'), (b'Strict-Transport-Security', b'max-age=31536000; includeSubDomains; preload'), (b'Access-Control-Allow-Origin', b'*'), (b'Access-Control-Allow-Methods', b'GET, POST, OPTIONS'), (b'Access-Control-Expose-Headers', b'Content-Length,Content-Type,Date,Server,Connection')])]
[2025-12-30 11:43:06,889]: [_client.py]: _send_single_request: 1740:       INFO:    [HTTP Request: POST https://api.telegram.org/bot6030805959:AAGUHAMxLYc-PrevgKouJ3ZyM7ktu56ftjo/sendDocument "HTTP/1.1 200 OK"]
[2025-12-30 11:43:06,889]: [_trace.py]: atrace: 87:       DEBUG:    [receive_response_body.started request=<Request [b'POST']>]
[2025-12-30 11:43:06,889]: [_trace.py]: atrace: 87:       DEBUG:    [receive_response_body.complete]
[2025-12-30 11:43:06,890]: [_trace.py]: atrace: 87:       DEBUG:    [response_closed.started]
[2025-12-30 11:43:06,890]: [_trace.py]: atrace: 87:       DEBUG:    [response_closed.complete]
[2025-12-30 11:43:06,890]: [_bot.py]: _do_post: 652:       DEBUG:    [Call to Bot API endpoint `sendDocument` finished with return value `{'message_id': 2829, 'from': {'id': 6030805959, 'is_bot': True, 'first_name': 'TyPHoone', 'username': 'TyPHoone_Project_bot'}, 'chat': {'id': -4119703192, 'title': 'Robocop', 'type': 'group', 'all_members_are_administrators': True, 'accepted_gift_types': {'unlimited_gifts': False, 'limited_gifts': False, 'unique_gifts': False, 'premium_subscription': False, 'gifts_from_channels': False}}, 'date': 1767094986, 'document': {'file_name': '(2025_12_30--11_42).log', 'mime_type': 'text/plain', 'file_id': 'BQACAgQAAxkDAAILDWlTuspyh-5l3oao70hAu9QQFvqRAAL2GgACCISgUgH1fLYmrtrXOAQ', 'file_unique_id': 'AgAD9hoAAgiEoFI', 'file_size': 5966}}`]
[2025-12-30 11:43:06,891]: [_trace.py]: atrace: 87:       DEBUG:    [close.started]
[2025-12-30 11:43:06,891]: [_trace.py]: atrace: 87:       DEBUG:    [close.complete]
[2025-12-30 11:43:06,934]: [_bot.py]: _do_post: 643:       DEBUG:    [Calling Bot API endpoint `getMe` with parameters `{}`]
[2025-12-30 11:43:06,935]: [_trace.py]: atrace: 87:       DEBUG:    [connect_tcp.started host='api.telegram.org' port=443 local_address=None timeout=5.0 socket_options=None]
[2025-12-30 11:43:07,085]: [_trace.py]: atrace: 87:       DEBUG:    [connect_tcp.complete return_value=<httpcore._backends.anyio.AnyIOStream object at 0x7fdff9729e80>]
[2025-12-30 11:43:07,085]: [_trace.py]: atrace: 87:       DEBUG:    [start_tls.started ssl_context=<ssl.SSLContext object at 0x7fdffb2b5dd0> server_hostname='api.telegram.org' timeout=5.0]
[2025-12-30 11:43:07,237]: [_trace.py]: atrace: 87:       DEBUG:    [start_tls.complete return_value=<httpcore._backends.anyio.AnyIOStream object at 0x7fdffac59be0>]
[2025-12-30 11:43:07,237]: [_trace.py]: atrace: 87:       DEBUG:    [send_request_headers.started request=<Request [b'POST']>]
[2025-12-30 11:43:07,237]: [_trace.py]: atrace: 87:       DEBUG:    [send_request_headers.complete]
[2025-12-30 11:43:07,237]: [_trace.py]: atrace: 87:       DEBUG:    [send_request_body.started request=<Request [b'POST']>]
[2025-12-30 11:43:07,237]: [_trace.py]: atrace: 87:       DEBUG:    [send_request_body.complete]
[2025-12-30 11:43:07,237]: [_trace.py]: atrace: 87:       DEBUG:    [receive_response_headers.started request=<Request [b'POST']>]
[2025-12-30 11:43:07,387]: [_trace.py]: atrace: 87:       DEBUG:    [receive_response_headers.complete return_value=(b'HTTP/1.1', 200, b'OK', [(b'Server', b'nginx/1.18.0'), (b'Date', b'Tue, 30 Dec 2025 11:43:07 GMT'), (b'Content-Type', b'application/json'), (b'Content-Length', b'285'), (b'Connection', b'keep-alive'), (b'Strict-Transport-Security', b'max-age=31536000; includeSubDomains; preload'), (b'Access-Control-Allow-Origin', b'*'), (b'Access-Control-Allow-Methods', b'GET, POST, OPTIONS'), (b'Access-Control-Expose-Headers', b'Content-Length,Content-Type,Date,Server,Connection')])]
[2025-12-30 11:43:07,387]: [_client.py]: _send_single_request: 1740:       INFO:    [HTTP Request: POST https://api.telegram.org/bot6030805959:AAGUHAMxLYc-PrevgKouJ3ZyM7ktu56ftjo/getMe "HTTP/1.1 200 OK"]
[2025-12-30 11:43:07,387]: [_trace.py]: atrace: 87:       DEBUG:    [receive_response_body.started request=<Request [b'POST']>]
[2025-12-30 11:43:07,387]: [_trace.py]: atrace: 87:       DEBUG:    [receive_response_body.complete]
[2025-12-30 11:43:07,387]: [_trace.py]: atrace: 87:       DEBUG:    [response_closed.started]
[2025-12-30 11:43:07,387]: [_trace.py]: atrace: 87:       DEBUG:    [response_closed.complete]
[2025-12-30 11:43:07,388]: [_bot.py]: _do_post: 652:       DEBUG:    [Call to Bot API endpoint `getMe` finished with return value `{'id': 6030805959, 'is_bot': True, 'first_name': 'TyPHoone', 'username': 'TyPHoone_Project_bot', 'can_join_groups': True, 'can_read_all_group_messages': False, 'supports_inline_queries': False, 'can_connect_to_business': False, 'has_main_web_app': False, 'has_topics_enabled': False}`]
[2025-12-30 11:43:07,390]: [_bot.py]: _do_post: 643:       DEBUG:    [Calling Bot API endpoint `sendDocument` with parameters `{'chat_id': '-4119703192', 'document': <telegram._files.inputfile.InputFile object at 0x7fdffb2ed340>}`]
[2025-12-30 11:43:07,391]: [_trace.py]: atrace: 87:       DEBUG:    [send_request_headers.started request=<Request [b'POST']>]
[2025-12-30 11:43:07,391]: [_trace.py]: atrace: 87:       DEBUG:    [send_request_headers.complete]
[2025-12-30 11:43:07,391]: [_trace.py]: atrace: 87:       DEBUG:    [send_request_body.started request=<Request [b'POST']>]
[2025-12-30 11:43:08,741]: [_trace.py]: atrace: 87:       DEBUG:    [send_request_body.complete]
[2025-12-30 11:43:08,742]: [_trace.py]: atrace: 87:       DEBUG:    [receive_response_headers.started request=<Request [b'POST']>]
[2025-12-30 11:43:09,588]: [_trace.py]: atrace: 87:       DEBUG:    [receive_response_headers.complete return_value=(b'HTTP/1.1', 200, b'OK', [(b'Server', b'nginx/1.18.0'), (b'Date', b'Tue, 30 Dec 2025 11:43:09 GMT'), (b'Content-Type', b'application/json'), (b'Content-Length', b'627'), (b'Connection', b'keep-alive'), (b'Strict-Transport-Security', b'max-age=31536000; includeSubDomains; preload'), (b'Access-Control-Allow-Origin', b'*'), (b'Access-Control-Allow-Methods', b'GET, POST, OPTIONS'), (b'Access-Control-Expose-Headers', b'Content-Length,Content-Type,Date,Server,Connection')])]
[2025-12-30 11:43:09,588]: [_client.py]: _send_single_request: 1740:       INFO:    [HTTP Request: POST https://api.telegram.org/bot6030805959:AAGUHAMxLYc-PrevgKouJ3ZyM7ktu56ftjo/sendDocument "HTTP/1.1 200 OK"]
[2025-12-30 11:43:09,589]: [_trace.py]: atrace: 87:       DEBUG:    [receive_response_body.started request=<Request [b'POST']>]
[2025-12-30 11:43:09,589]: [_trace.py]: atrace: 87:       DEBUG:    [receive_response_body.complete]
[2025-12-30 11:43:09,589]: [_trace.py]: atrace: 87:       DEBUG:    [response_closed.started]
[2025-12-30 11:43:09,589]: [_trace.py]: atrace: 87:       DEBUG:    [response_closed.complete]
[2025-12-30 11:43:09,589]: [_bot.py]: _do_post: 652:       DEBUG:    [Call to Bot API endpoint `sendDocument` finished with return value `{'message_id': 2830, 'from': {'id': 6030805959, 'is_bot': True, 'first_name': 'TyPHoone', 'username': 'TyPHoone_Project_bot'}, 'chat': {'id': -4119703192, 'title': 'Robocop', 'type': 'group', 'all_members_are_administrators': True, 'accepted_gift_types': {'unlimited_gifts': False, 'limited_gifts': False, 'unique_gifts': False, 'premium_subscription': False, 'gifts_from_channels': False}}, 'date': 1767094989, 'document': {'file_name': '(2025_12_30--11_42)output.zip', 'mime_type': 'application/zip', 'file_id': 'BQACAgQAAxkDAAILDmlTus18KV3Ab_8S57i00D82DJixAAL3GgACCISgUkI5YPhqZPS3OAQ', 'file_unique_id': 'AgAD9xoAAgiEoFI', 'file_size': 10085310}}`]
[2025-12-30 11:43:09,590]: [_trace.py]: atrace: 87:       DEBUG:    [close.started]
[2025-12-30 11:43:09,590]: [_trace.py]: atrace: 87:       DEBUG:    [close.complete]
[2025-12-30 11:43:09,590]: [Telegram_Sender.py]: runner: 61:       INFO:    [sent successfully]
[2025-12-30 11:43:09,591]: [Main.py]: <module>: 48:       INFO:    [Finished]
