[2025-04-08 11:39:02,384]: [Main.py]: <module>: 21:       INFO:    [Started]
[2025-04-08 11:39:05,062]: [Iron_Scraper.py]: Scrap: 32:       INFO:    [Data Scaraped Successfully]
[2025-04-08 11:39:05,258]: [Iron_Scraper.py]: Scrap: 70:       INFO:    [Scrapped Data Has No Problem]
[2025-04-08 11:39:05,259]: [Iron_Scraper.py]: Scrap: 83:       INFO:    [Data Saved Successfully]
[2025-04-08 11:39:05,259]: [Iron.py]: Run: 26:       INFO:    [Scraping Phase Completed]
[2025-04-08 11:39:05,259]: [Iron_Data_Processor.py]: Data_Reader: 61:       INFO:    [Data File Has Been Red Successfully]
[2025-04-08 11:39:05,259]: [Iron_Data_Processor.py]: Shaper: 78:       INFO:    [Data Shaped]
[2025-04-08 11:39:05,259]: [Iron_Data_Processor.py]: Process: 228:       INFO:    [Data Cleaned]
[2025-04-08 11:39:05,260]: [Iron_Data_Processor.py]: Make_Pages_Objects: 101:       INFO:    [Page Objects Has Been Made]
[2025-04-08 11:39:05,260]: [Iron_Data_Processor.py]: Make_Pages_Objects: 101:       INFO:    [Page Objects Has Been Made]
[2025-04-08 11:39:05,260]: [Iron_Data_Processor.py]: Load_Data: 118:       INFO:    [Data Has Been Load]
[2025-04-08 11:39:05,260]: [Iron_Data_Processor.py]: Load_Data: 118:       INFO:    [Data Has Been Load]
[2025-04-08 11:39:05,260]: [Iron_Data_Processor.py]: Load_positions: 140:       INFO:    [Positions Are Ready]
[2025-04-08 11:39:05,260]: [Iron_Data_Processor.py]: Load_positions: 140:       INFO:    [Positions Are Ready]
[2025-04-08 11:39:06,372]: [Iron_Data_Processor.py]: Make_Tagged_Images: 193:       INFO:    [Images Has Been Made]
[2025-04-08 11:39:07,314]: [Iron_Data_Processor.py]: Make_Tagged_Images: 193:       INFO:    [Images Has Been Made]
[2025-04-08 11:39:07,567]: [Iron_Data_Processor.py]: Make_Cover_Page: 215:       INFO:    [Made Cover Pages]
[2025-04-08 11:39:07,567]: [Iron.py]: Run: 29:       INFO:    [Imagination Phase Completed]
[2025-04-08 11:39:10,919]: [Phone_Scraper.py]: Scrap: 58:       INFO:    [Data Scraped]
[2025-04-08 11:39:10,920]: [Phone_Scraper.py]: Scrap: 71:       INFO:    [Scraped Data Successfully]
[2025-04-08 11:39:10,920]: [Phone.py]: Run: 26:       INFO:    [Scraping Phase Complete]
[2025-04-08 11:39:10,920]: [Phone_Data_Processor.py]: data_reader: 38:       INFO:    [Scraped Data Loaded]
[2025-04-08 11:39:10,921]: [Phone_Data_Processor.py]: filter_list: 65:       INFO:    [Persian Phrases Are deleted]
[2025-04-08 11:39:10,921]: [Phone_Data_Processor.py]: reshape_list: 87:       INFO:    [Date Reshaped]
[2025-04-08 11:39:10,922]: [Phone_Data_Processor.py]: separate_brands: 124:       INFO:    [Brands Are Separated]
[2025-04-08 11:39:10,922]: [Phone_Data_Processor.py]: delete_extra_spaces: 141:       INFO:    [Extra Spaces Are Deleted]
[2025-04-08 11:39:11,550]: [Phone.py]: Run: 29:       INFO:    [Imagination Phase Complete]
[2025-04-08 11:39:11,550]: [selector_events.py]: __init__: 64:       DEBUG:    [Using selector: EpollSelector]
[2025-04-08 11:39:11,822]: [_bot.py]: _do_post: 643:       DEBUG:    [Calling Bot API endpoint `getMe` with parameters `{}`]
[2025-04-08 11:39:11,826]: [_trace.py]: atrace: 87:       DEBUG:    [connect_tcp.started host='api.telegram.org' port=443 local_address=None timeout=5.0 socket_options=None]
[2025-04-08 11:39:12,035]: [_trace.py]: atrace: 87:       DEBUG:    [connect_tcp.complete return_value=<httpcore._backends.anyio.AnyIOStream object at 0x7fa244bf74a0>]
[2025-04-08 11:39:12,035]: [_trace.py]: atrace: 87:       DEBUG:    [start_tls.started ssl_context=<ssl.SSLContext object at 0x7fa23efac1d0> server_hostname='api.telegram.org' timeout=5.0]
[2025-04-08 11:39:12,176]: [_trace.py]: atrace: 87:       DEBUG:    [start_tls.complete return_value=<httpcore._backends.anyio.AnyIOStream object at 0x7fa23f9431a0>]
[2025-04-08 11:39:12,176]: [_trace.py]: atrace: 87:       DEBUG:    [send_request_headers.started request=<Request [b'POST']>]
[2025-04-08 11:39:12,177]: [_trace.py]: atrace: 87:       DEBUG:    [send_request_headers.complete]
[2025-04-08 11:39:12,177]: [_trace.py]: atrace: 87:       DEBUG:    [send_request_body.started request=<Request [b'POST']>]
[2025-04-08 11:39:12,177]: [_trace.py]: atrace: 87:       DEBUG:    [send_request_body.complete]
[2025-04-08 11:39:12,177]: [_trace.py]: atrace: 87:       DEBUG:    [receive_response_headers.started request=<Request [b'POST']>]
[2025-04-08 11:39:12,315]: [_trace.py]: atrace: 87:       DEBUG:    [receive_response_headers.complete return_value=(b'HTTP/1.1', 200, b'OK', [(b'Server', b'nginx/1.18.0'), (b'Date', b'Tue, 08 Apr 2025 11:39:12 GMT'), (b'Content-Type', b'application/json'), (b'Content-Length', b'258'), (b'Connection', b'keep-alive'), (b'Strict-Transport-Security', b'max-age=31536000; includeSubDomains; preload'), (b'Access-Control-Allow-Origin', b'*'), (b'Access-Control-Allow-Methods', b'GET, POST, OPTIONS'), (b'Access-Control-Expose-Headers', b'Content-Length,Content-Type,Date,Server,Connection')])]
[2025-04-08 11:39:12,315]: [_client.py]: _send_single_request: 1740:       INFO:    [HTTP Request: POST https://api.telegram.org/bot6030805959:AAGUHAMxLYc-PrevgKouJ3ZyM7ktu56ftjo/getMe "HTTP/1.1 200 OK"]
[2025-04-08 11:39:12,315]: [_trace.py]: atrace: 87:       DEBUG:    [receive_response_body.started request=<Request [b'POST']>]
[2025-04-08 11:39:12,315]: [_trace.py]: atrace: 87:       DEBUG:    [receive_response_body.complete]
[2025-04-08 11:39:12,315]: [_trace.py]: atrace: 87:       DEBUG:    [response_closed.started]
[2025-04-08 11:39:12,315]: [_trace.py]: atrace: 87:       DEBUG:    [response_closed.complete]
[2025-04-08 11:39:12,316]: [_bot.py]: _do_post: 652:       DEBUG:    [Call to Bot API endpoint `getMe` finished with return value `{'id': 6030805959, 'is_bot': True, 'first_name': 'TyPHoone', 'username': 'TyPHoone_Project_bot', 'can_join_groups': True, 'can_read_all_group_messages': False, 'supports_inline_queries': False, 'can_connect_to_business': False, 'has_main_web_app': False}`]
[2025-04-08 11:39:12,319]: [_bot.py]: _do_post: 643:       DEBUG:    [Calling Bot API endpoint `sendDocument` with parameters `{'chat_id': '-4119703192', 'document': <telegram._files.inputfile.InputFile object at 0x7fa24c7e1fc0>}`]
[2025-04-08 11:39:12,319]: [_trace.py]: atrace: 87:       DEBUG:    [send_request_headers.started request=<Request [b'POST']>]
[2025-04-08 11:39:12,319]: [_trace.py]: atrace: 87:       DEBUG:    [send_request_headers.complete]
[2025-04-08 11:39:12,319]: [_trace.py]: atrace: 87:       DEBUG:    [send_request_body.started request=<Request [b'POST']>]
[2025-04-08 11:39:12,320]: [_trace.py]: atrace: 87:       DEBUG:    [send_request_body.complete]
[2025-04-08 11:39:12,320]: [_trace.py]: atrace: 87:       DEBUG:    [receive_response_headers.started request=<Request [b'POST']>]
[2025-04-08 11:39:12,633]: [_trace.py]: atrace: 87:       DEBUG:    [receive_response_headers.complete return_value=(b'HTTP/1.1', 200, b'OK', [(b'Server', b'nginx/1.18.0'), (b'Date', b'Tue, 08 Apr 2025 11:39:12 GMT'), (b'Content-Type', b'application/json'), (b'Content-Length', b'464'), (b'Connection', b'keep-alive'), (b'Strict-Transport-Security', b'max-age=31536000; includeSubDomains; preload'), (b'Access-Control-Allow-Origin', b'*'), (b'Access-Control-Allow-Methods', b'GET, POST, OPTIONS'), (b'Access-Control-Expose-Headers', b'Content-Length,Content-Type,Date,Server,Connection')])]
[2025-04-08 11:39:12,633]: [_client.py]: _send_single_request: 1740:       INFO:    [HTTP Request: POST https://api.telegram.org/bot6030805959:AAGUHAMxLYc-PrevgKouJ3ZyM7ktu56ftjo/sendDocument "HTTP/1.1 200 OK"]
[2025-04-08 11:39:12,634]: [_trace.py]: atrace: 87:       DEBUG:    [receive_response_body.started request=<Request [b'POST']>]
[2025-04-08 11:39:12,634]: [_trace.py]: atrace: 87:       DEBUG:    [receive_response_body.complete]
[2025-04-08 11:39:12,634]: [_trace.py]: atrace: 87:       DEBUG:    [response_closed.started]
[2025-04-08 11:39:12,634]: [_trace.py]: atrace: 87:       DEBUG:    [response_closed.complete]
[2025-04-08 11:39:12,634]: [_bot.py]: _do_post: 652:       DEBUG:    [Call to Bot API endpoint `sendDocument` finished with return value `{'message_id': 2281, 'from': {'id': 6030805959, 'is_bot': True, 'first_name': 'TyPHoone', 'username': 'TyPHoone_Project_bot'}, 'chat': {'id': -4119703192, 'title': 'Robocop', 'type': 'group', 'all_members_are_administrators': True}, 'date': 1744112352, 'document': {'file_name': '(2025_04_08--11_39).log', 'mime_type': 'text/plain', 'file_id': 'BQACAgQAAxkDAAII6Wf1CuAv_GMz92Zs6N_Q-0IhwYIJAAJ6GAAC49GpU00wHinBbE81NgQ', 'file_unique_id': 'AgADehgAAuPRqVM', 'file_size': 5937}}`]
[2025-04-08 11:39:12,634]: [_trace.py]: atrace: 87:       DEBUG:    [close.started]
[2025-04-08 11:39:12,635]: [_trace.py]: atrace: 87:       DEBUG:    [close.complete]
[2025-04-08 11:39:12,679]: [_bot.py]: _do_post: 643:       DEBUG:    [Calling Bot API endpoint `getMe` with parameters `{}`]
[2025-04-08 11:39:12,679]: [_trace.py]: atrace: 87:       DEBUG:    [connect_tcp.started host='api.telegram.org' port=443 local_address=None timeout=5.0 socket_options=None]
[2025-04-08 11:39:12,823]: [_trace.py]: atrace: 87:       DEBUG:    [connect_tcp.complete return_value=<httpcore._backends.anyio.AnyIOStream object at 0x7fa23f76d8b0>]
[2025-04-08 11:39:12,823]: [_trace.py]: atrace: 87:       DEBUG:    [start_tls.started ssl_context=<ssl.SSLContext object at 0x7fa23ef43f50> server_hostname='api.telegram.org' timeout=5.0]
[2025-04-08 11:39:12,967]: [_trace.py]: atrace: 87:       DEBUG:    [start_tls.complete return_value=<httpcore._backends.anyio.AnyIOStream object at 0x7fa23f7110a0>]
[2025-04-08 11:39:12,967]: [_trace.py]: atrace: 87:       DEBUG:    [send_request_headers.started request=<Request [b'POST']>]
[2025-04-08 11:39:12,967]: [_trace.py]: atrace: 87:       DEBUG:    [send_request_headers.complete]
[2025-04-08 11:39:12,967]: [_trace.py]: atrace: 87:       DEBUG:    [send_request_body.started request=<Request [b'POST']>]
[2025-04-08 11:39:12,967]: [_trace.py]: atrace: 87:       DEBUG:    [send_request_body.complete]
[2025-04-08 11:39:12,967]: [_trace.py]: atrace: 87:       DEBUG:    [receive_response_headers.started request=<Request [b'POST']>]
[2025-04-08 11:39:13,112]: [_trace.py]: atrace: 87:       DEBUG:    [receive_response_headers.complete return_value=(b'HTTP/1.1', 200, b'OK', [(b'Server', b'nginx/1.18.0'), (b'Date', b'Tue, 08 Apr 2025 11:39:13 GMT'), (b'Content-Type', b'application/json'), (b'Content-Length', b'258'), (b'Connection', b'keep-alive'), (b'Strict-Transport-Security', b'max-age=31536000; includeSubDomains; preload'), (b'Access-Control-Allow-Origin', b'*'), (b'Access-Control-Allow-Methods', b'GET, POST, OPTIONS'), (b'Access-Control-Expose-Headers', b'Content-Length,Content-Type,Date,Server,Connection')])]
[2025-04-08 11:39:13,112]: [_client.py]: _send_single_request: 1740:       INFO:    [HTTP Request: POST https://api.telegram.org/bot6030805959:AAGUHAMxLYc-PrevgKouJ3ZyM7ktu56ftjo/getMe "HTTP/1.1 200 OK"]
[2025-04-08 11:39:13,112]: [_trace.py]: atrace: 87:       DEBUG:    [receive_response_body.started request=<Request [b'POST']>]
[2025-04-08 11:39:13,112]: [_trace.py]: atrace: 87:       DEBUG:    [receive_response_body.complete]
[2025-04-08 11:39:13,113]: [_trace.py]: atrace: 87:       DEBUG:    [response_closed.started]
[2025-04-08 11:39:13,113]: [_trace.py]: atrace: 87:       DEBUG:    [response_closed.complete]
[2025-04-08 11:39:13,113]: [_bot.py]: _do_post: 652:       DEBUG:    [Call to Bot API endpoint `getMe` finished with return value `{'id': 6030805959, 'is_bot': True, 'first_name': 'TyPHoone', 'username': 'TyPHoone_Project_bot', 'can_join_groups': True, 'can_read_all_group_messages': False, 'supports_inline_queries': False, 'can_connect_to_business': False, 'has_main_web_app': False}`]
[2025-04-08 11:39:13,115]: [_bot.py]: _do_post: 643:       DEBUG:    [Calling Bot API endpoint `sendDocument` with parameters `{'chat_id': '-4119703192', 'document': <telegram._files.inputfile.InputFile object at 0x7fa23ef9ffc0>}`]
[2025-04-08 11:39:13,116]: [_trace.py]: atrace: 87:       DEBUG:    [send_request_headers.started request=<Request [b'POST']>]
[2025-04-08 11:39:13,116]: [_trace.py]: atrace: 87:       DEBUG:    [send_request_headers.complete]
[2025-04-08 11:39:13,116]: [_trace.py]: atrace: 87:       DEBUG:    [send_request_body.started request=<Request [b'POST']>]
[2025-04-08 11:39:14,559]: [_trace.py]: atrace: 87:       DEBUG:    [send_request_body.complete]
[2025-04-08 11:39:14,559]: [_trace.py]: atrace: 87:       DEBUG:    [receive_response_headers.started request=<Request [b'POST']>]
[2025-04-08 11:39:15,166]: [_trace.py]: atrace: 87:       DEBUG:    [receive_response_headers.complete return_value=(b'HTTP/1.1', 200, b'OK', [(b'Server', b'nginx/1.18.0'), (b'Date', b'Tue, 08 Apr 2025 11:39:15 GMT'), (b'Content-Type', b'application/json'), (b'Content-Length', b'478'), (b'Connection', b'keep-alive'), (b'Strict-Transport-Security', b'max-age=31536000; includeSubDomains; preload'), (b'Access-Control-Allow-Origin', b'*'), (b'Access-Control-Allow-Methods', b'GET, POST, OPTIONS'), (b'Access-Control-Expose-Headers', b'Content-Length,Content-Type,Date,Server,Connection')])]
[2025-04-08 11:39:15,166]: [_client.py]: _send_single_request: 1740:       INFO:    [HTTP Request: POST https://api.telegram.org/bot6030805959:AAGUHAMxLYc-PrevgKouJ3ZyM7ktu56ftjo/sendDocument "HTTP/1.1 200 OK"]
[2025-04-08 11:39:15,166]: [_trace.py]: atrace: 87:       DEBUG:    [receive_response_body.started request=<Request [b'POST']>]
[2025-04-08 11:39:15,166]: [_trace.py]: atrace: 87:       DEBUG:    [receive_response_body.complete]
[2025-04-08 11:39:15,166]: [_trace.py]: atrace: 87:       DEBUG:    [response_closed.started]
[2025-04-08 11:39:15,166]: [_trace.py]: atrace: 87:       DEBUG:    [response_closed.complete]
[2025-04-08 11:39:15,167]: [_bot.py]: _do_post: 652:       DEBUG:    [Call to Bot API endpoint `sendDocument` finished with return value `{'message_id': 2282, 'from': {'id': 6030805959, 'is_bot': True, 'first_name': 'TyPHoone', 'username': 'TyPHoone_Project_bot'}, 'chat': {'id': -4119703192, 'title': 'Robocop', 'type': 'group', 'all_members_are_administrators': True}, 'date': 1744112355, 'document': {'file_name': '(2025_04_08--11_39)output.zip', 'mime_type': 'application/zip', 'file_id': 'BQACAgQAAxkDAAII6mf1CuISoxMRrHqx6MVBGVuZYD0-AAJ7GAAC49GpUxTPj2E7P-EHNgQ', 'file_unique_id': 'AgADexgAAuPRqVM', 'file_size': 9857556}}`]
[2025-04-08 11:39:15,167]: [_trace.py]: atrace: 87:       DEBUG:    [close.started]
[2025-04-08 11:39:15,167]: [_trace.py]: atrace: 87:       DEBUG:    [close.complete]
[2025-04-08 11:39:15,167]: [Telegram_Sender.py]: runner: 61:       INFO:    [sent successfully]
[2025-04-08 11:39:15,168]: [Main.py]: <module>: 48:       INFO:    [Finished]
