[2024-05-02 01:25:10,976]: [Main.py]: <module>: 21:       INFO:    [Started]
[2024-05-02 01:25:13,156]: [Iron_Scraper.py]: Scrap: 32:       INFO:    [Data Scaraped Successfully]
[2024-05-02 01:25:13,348]: [Iron_Scraper.py]: Scrap: 70:       INFO:    [Scrapped Data Has No Problem]
[2024-05-02 01:25:13,348]: [Iron_Scraper.py]: Scrap: 83:       INFO:    [Data Saved Successfully]
[2024-05-02 01:25:13,348]: [Iron.py]: Run: 26:       INFO:    [Scraping Phase Completed]
[2024-05-02 01:25:13,348]: [Iron_Data_Processor.py]: Data_Reader: 61:       INFO:    [Data File Has Been Red Successfully]
[2024-05-02 01:25:13,349]: [Iron_Data_Processor.py]: Shaper: 78:       INFO:    [Data Shaped]
[2024-05-02 01:25:13,349]: [Iron_Data_Processor.py]: Process: 228:       INFO:    [Data Cleaned]
[2024-05-02 01:25:13,349]: [Iron_Data_Processor.py]: Make_Pages_Objects: 101:       INFO:    [Page Objects Has Been Made]
[2024-05-02 01:25:13,349]: [Iron_Data_Processor.py]: Make_Pages_Objects: 101:       INFO:    [Page Objects Has Been Made]
[2024-05-02 01:25:13,349]: [Iron_Data_Processor.py]: Load_Data: 118:       INFO:    [Data Has Been Load]
[2024-05-02 01:25:13,349]: [Iron_Data_Processor.py]: Load_Data: 118:       INFO:    [Data Has Been Load]
[2024-05-02 01:25:13,349]: [Iron_Data_Processor.py]: Load_positions: 140:       INFO:    [Positions Are Ready]
[2024-05-02 01:25:13,349]: [Iron_Data_Processor.py]: Load_positions: 140:       INFO:    [Positions Are Ready]
[2024-05-02 01:25:14,483]: [Iron_Data_Processor.py]: Make_Tagged_Images: 193:       INFO:    [Images Has Been Made]
[2024-05-02 01:25:15,443]: [Iron_Data_Processor.py]: Make_Tagged_Images: 193:       INFO:    [Images Has Been Made]
[2024-05-02 01:25:15,700]: [Iron_Data_Processor.py]: Make_Cover_Page: 215:       INFO:    [Made Cover Pages]
[2024-05-02 01:25:15,700]: [Iron.py]: Run: 29:       INFO:    [Imagination Phase Completed]
[2024-05-02 01:25:19,836]: [Phone_Scraper.py]: Scrap: 58:       INFO:    [Data Scraped]
[2024-05-02 01:25:19,837]: [Phone_Scraper.py]: Scrap: 71:       INFO:    [Scraped Data Successfully]
[2024-05-02 01:25:19,837]: [Phone.py]: Run: 26:       INFO:    [Scraping Phase Complete]
[2024-05-02 01:25:19,837]: [Phone_Data_Processor.py]: data_reader: 38:       INFO:    [Scraped Data Loaded]
[2024-05-02 01:25:19,839]: [Phone_Data_Processor.py]: filter_list: 65:       INFO:    [Persian Phrases Are deleted]
[2024-05-02 01:25:19,839]: [Phone_Data_Processor.py]: reshape_list: 87:       INFO:    [Date Reshaped]
[2024-05-02 01:25:19,840]: [Phone_Data_Processor.py]: separate_brands: 124:       INFO:    [Brands Are Separated]
[2024-05-02 01:25:19,840]: [Phone_Data_Processor.py]: delete_extra_spaces: 141:       INFO:    [Extra Spaces Are Deleted]
[2024-05-02 01:25:20,720]: [Phone.py]: Run: 29:       INFO:    [Imagination Phase Complete]
[2024-05-02 01:25:20,721]: [selector_events.py]: __init__: 64:       DEBUG:    [Using selector: EpollSelector]
[2024-05-02 01:25:20,721]: [_bot.py]: _do_post: 643:       DEBUG:    [Calling Bot API endpoint `getMe` with parameters `{}`]
[2024-05-02 01:25:20,725]: [_trace.py]: atrace: 85:       DEBUG:    [connect_tcp.started host='api.telegram.org' port=443 local_address=None timeout=5.0 socket_options=None]
[2024-05-02 01:25:20,930]: [_trace.py]: atrace: 85:       DEBUG:    [connect_tcp.complete return_value=<httpcore._backends.anyio.AnyIOStream object at 0x7f55fe0a44d0>]
[2024-05-02 01:25:20,930]: [_trace.py]: atrace: 85:       DEBUG:    [start_tls.started ssl_context=<ssl.SSLContext object at 0x7f55feb39d50> server_hostname='api.telegram.org' timeout=5.0]
[2024-05-02 01:25:21,081]: [_trace.py]: atrace: 85:       DEBUG:    [start_tls.complete return_value=<httpcore._backends.anyio.AnyIOStream object at 0x7f55fe0a5af0>]
[2024-05-02 01:25:21,082]: [_trace.py]: atrace: 85:       DEBUG:    [send_request_headers.started request=<Request [b'POST']>]
[2024-05-02 01:25:21,082]: [_trace.py]: atrace: 85:       DEBUG:    [send_request_headers.complete]
[2024-05-02 01:25:21,082]: [_trace.py]: atrace: 85:       DEBUG:    [send_request_body.started request=<Request [b'POST']>]
[2024-05-02 01:25:21,082]: [_trace.py]: atrace: 85:       DEBUG:    [send_request_body.complete]
[2024-05-02 01:25:21,082]: [_trace.py]: atrace: 85:       DEBUG:    [receive_response_headers.started request=<Request [b'POST']>]
[2024-05-02 01:25:21,232]: [_trace.py]: atrace: 85:       DEBUG:    [receive_response_headers.complete return_value=(b'HTTP/1.1', 200, b'OK', [(b'Server', b'nginx/1.18.0'), (b'Date', b'Thu, 02 May 2024 01:25:21 GMT'), (b'Content-Type', b'application/json'), (b'Content-Length', b'233'), (b'Connection', b'keep-alive'), (b'Strict-Transport-Security', b'max-age=31536000; includeSubDomains; preload'), (b'Access-Control-Allow-Origin', b'*'), (b'Access-Control-Allow-Methods', b'GET, POST, OPTIONS'), (b'Access-Control-Expose-Headers', b'Content-Length,Content-Type,Date,Server,Connection')])]
[2024-05-02 01:25:21,232]: [_client.py]: _send_single_request: 1773:       INFO:    [HTTP Request: POST https://api.telegram.org/bot6030805959:AAGUHAMxLYc-PrevgKouJ3ZyM7ktu56ftjo/getMe "HTTP/1.1 200 OK"]
[2024-05-02 01:25:21,232]: [_trace.py]: atrace: 85:       DEBUG:    [receive_response_body.started request=<Request [b'POST']>]
[2024-05-02 01:25:21,232]: [_trace.py]: atrace: 85:       DEBUG:    [receive_response_body.complete]
[2024-05-02 01:25:21,232]: [_trace.py]: atrace: 85:       DEBUG:    [response_closed.started]
[2024-05-02 01:25:21,232]: [_trace.py]: atrace: 85:       DEBUG:    [response_closed.complete]
[2024-05-02 01:25:21,232]: [_bot.py]: _do_post: 652:       DEBUG:    [Call to Bot API endpoint `getMe` finished with return value `{'id': 6030805959, 'is_bot': True, 'first_name': 'TyPHoone', 'username': 'TyPHoone_Project_bot', 'can_join_groups': True, 'can_read_all_group_messages': False, 'supports_inline_queries': False, 'can_connect_to_business': False}`]
[2024-05-02 01:25:21,236]: [_bot.py]: _do_post: 643:       DEBUG:    [Calling Bot API endpoint `sendDocument` with parameters `{'chat_id': '-4119703192', 'document': <telegram._files.inputfile.InputFile object at 0x7f55fe0a9e40>}`]
[2024-05-02 01:25:21,236]: [_trace.py]: atrace: 85:       DEBUG:    [send_request_headers.started request=<Request [b'POST']>]
[2024-05-02 01:25:21,236]: [_trace.py]: atrace: 85:       DEBUG:    [send_request_headers.complete]
[2024-05-02 01:25:21,236]: [_trace.py]: atrace: 85:       DEBUG:    [send_request_body.started request=<Request [b'POST']>]
[2024-05-02 01:25:21,679]: [_trace.py]: atrace: 85:       DEBUG:    [send_request_body.complete]
[2024-05-02 01:25:21,679]: [_trace.py]: atrace: 85:       DEBUG:    [receive_response_headers.started request=<Request [b'POST']>]
[2024-05-02 01:25:22,100]: [_trace.py]: atrace: 85:       DEBUG:    [receive_response_headers.complete return_value=(b'HTTP/1.1', 200, b'OK', [(b'Server', b'nginx/1.18.0'), (b'Date', b'Thu, 02 May 2024 01:25:22 GMT'), (b'Content-Type', b'application/json'), (b'Content-Length', b'816'), (b'Connection', b'keep-alive'), (b'Strict-Transport-Security', b'max-age=31536000; includeSubDomains; preload'), (b'Access-Control-Allow-Origin', b'*'), (b'Access-Control-Allow-Methods', b'GET, POST, OPTIONS'), (b'Access-Control-Expose-Headers', b'Content-Length,Content-Type,Date,Server,Connection')])]
[2024-05-02 01:25:22,101]: [_client.py]: _send_single_request: 1773:       INFO:    [HTTP Request: POST https://api.telegram.org/bot6030805959:AAGUHAMxLYc-PrevgKouJ3ZyM7ktu56ftjo/sendDocument "HTTP/1.1 200 OK"]
[2024-05-02 01:25:22,101]: [_trace.py]: atrace: 85:       DEBUG:    [receive_response_body.started request=<Request [b'POST']>]
[2024-05-02 01:25:22,101]: [_trace.py]: atrace: 85:       DEBUG:    [receive_response_body.complete]
[2024-05-02 01:25:22,101]: [_trace.py]: atrace: 85:       DEBUG:    [response_closed.started]
[2024-05-02 01:25:22,101]: [_trace.py]: atrace: 85:       DEBUG:    [response_closed.complete]
[2024-05-02 01:25:22,101]: [_bot.py]: _do_post: 652:       DEBUG:    [Call to Bot API endpoint `sendDocument` finished with return value `{'message_id': 749, 'from': {'id': 6030805959, 'is_bot': True, 'first_name': 'TyPHoone', 'username': 'TyPHoone_Project_bot'}, 'chat': {'id': -4119703192, 'title': 'Robocop', 'type': 'group', 'all_members_are_administrators': True}, 'date': 1714613122, 'document': {'file_name': 'xiaomi5.png', 'mime_type': 'image/png', 'thumbnail': {'file_id': 'AAMCBAADGQMAAgLtZjLrgWDgaymC-9gL4rnJd20bGAYAAhcXAAKOWZhRLfLg1UBNqtUBAAdtAAM0BA', 'file_unique_id': 'AQADFxcAAo5ZmFFy', 'file_size': 34377, 'width': 320, 'height': 320}, 'thumb': {'file_id': 'AAMCBAADGQMAAgLtZjLrgWDgaymC-9gL4rnJd20bGAYAAhcXAAKOWZhRLfLg1UBNqtUBAAdtAAM0BA', 'file_unique_id': 'AQADFxcAAo5ZmFFy', 'file_size': 34377, 'width': 320, 'height': 320}, 'file_id': 'BQACAgQAAxkDAAIC7WYy64Fg4GspgvvYC-K5yXdtGxgGAAIXFwACjlmYUS3y4NVATarVNAQ', 'file_unique_id': 'AgADFxcAAo5ZmFE', 'file_size': 378934}}`]
[2024-05-02 01:25:22,102]: [_bot.py]: _do_post: 643:       DEBUG:    [Calling Bot API endpoint `sendDocument` with parameters `{'chat_id': '-4119703192', 'document': <telegram._files.inputfile.InputFile object at 0x7f55fe699ac0>}`]
[2024-05-02 01:25:22,102]: [_trace.py]: atrace: 85:       DEBUG:    [send_request_headers.started request=<Request [b'POST']>]
[2024-05-02 01:25:22,103]: [_trace.py]: atrace: 85:       DEBUG:    [send_request_headers.complete]
[2024-05-02 01:25:22,103]: [_trace.py]: atrace: 85:       DEBUG:    [send_request_body.started request=<Request [b'POST']>]
[2024-05-02 01:25:22,103]: [_trace.py]: atrace: 85:       DEBUG:    [send_request_body.complete]
[2024-05-02 01:25:22,103]: [_trace.py]: atrace: 85:       DEBUG:    [receive_response_headers.started request=<Request [b'POST']>]
[2024-05-02 01:25:22,358]: [_trace.py]: atrace: 85:       DEBUG:    [receive_response_headers.complete return_value=(b'HTTP/1.1', 200, b'OK', [(b'Server', b'nginx/1.18.0'), (b'Date', b'Thu, 02 May 2024 01:25:22 GMT'), (b'Content-Type', b'application/json'), (b'Content-Length', b'817'), (b'Connection', b'keep-alive'), (b'Strict-Transport-Security', b'max-age=31536000; includeSubDomains; preload'), (b'Access-Control-Allow-Origin', b'*'), (b'Access-Control-Allow-Methods', b'GET, POST, OPTIONS'), (b'Access-Control-Expose-Headers', b'Content-Length,Content-Type,Date,Server,Connection')])]
[2024-05-02 01:25:22,358]: [_client.py]: _send_single_request: 1773:       INFO:    [HTTP Request: POST https://api.telegram.org/bot6030805959:AAGUHAMxLYc-PrevgKouJ3ZyM7ktu56ftjo/sendDocument "HTTP/1.1 200 OK"]
[2024-05-02 01:25:22,358]: [_trace.py]: atrace: 85:       DEBUG:    [receive_response_body.started request=<Request [b'POST']>]
[2024-05-02 01:25:22,358]: [_trace.py]: atrace: 85:       DEBUG:    [receive_response_body.complete]
[2024-05-02 01:25:22,358]: [_trace.py]: atrace: 85:       DEBUG:    [response_closed.started]
[2024-05-02 01:25:22,358]: [_trace.py]: atrace: 85:       DEBUG:    [response_closed.complete]
[2024-05-02 01:25:22,358]: [_bot.py]: _do_post: 652:       DEBUG:    [Call to Bot API endpoint `sendDocument` finished with return value `{'message_id': 750, 'from': {'id': 6030805959, 'is_bot': True, 'first_name': 'TyPHoone', 'username': 'TyPHoone_Project_bot'}, 'chat': {'id': -4119703192, 'title': 'Robocop', 'type': 'group', 'all_members_are_administrators': True}, 'date': 1714613122, 'document': {'file_name': 'samsung3.png', 'mime_type': 'image/png', 'thumbnail': {'file_id': 'AAMCBAADGQMAAgLuZjLrgsQjKT1iMIFtZClFsY7ojUYAAhgXAAKOWZhRONb_qgQ-EdUBAAdtAAM0BA', 'file_unique_id': 'AQADGBcAAo5ZmFFy', 'file_size': 26007, 'width': 320, 'height': 320}, 'thumb': {'file_id': 'AAMCBAADGQMAAgLuZjLrgsQjKT1iMIFtZClFsY7ojUYAAhgXAAKOWZhRONb_qgQ-EdUBAAdtAAM0BA', 'file_unique_id': 'AQADGBcAAo5ZmFFy', 'file_size': 26007, 'width': 320, 'height': 320}, 'file_id': 'BQACAgQAAxkDAAIC7mYy64LEIyk9YjCBbWQpRbGO6I1GAAIYFwACjlmYUTjW_6oEPhHVNAQ', 'file_unique_id': 'AgADGBcAAo5ZmFE', 'file_size': 243411}}`]
[2024-05-02 01:25:22,359]: [_bot.py]: _do_post: 643:       DEBUG:    [Calling Bot API endpoint `sendDocument` with parameters `{'chat_id': '-4119703192', 'document': <telegram._files.inputfile.InputFile object at 0x7f55fe0b94c0>}`]
[2024-05-02 01:25:22,359]: [_trace.py]: atrace: 85:       DEBUG:    [send_request_headers.started request=<Request [b'POST']>]
[2024-05-02 01:25:22,360]: [_trace.py]: atrace: 85:       DEBUG:    [send_request_headers.complete]
[2024-05-02 01:25:22,360]: [_trace.py]: atrace: 85:       DEBUG:    [send_request_body.started request=<Request [b'POST']>]
[2024-05-02 01:25:22,361]: [_trace.py]: atrace: 85:       DEBUG:    [send_request_body.complete]
[2024-05-02 01:25:22,361]: [_trace.py]: atrace: 85:       DEBUG:    [receive_response_headers.started request=<Request [b'POST']>]
[2024-05-02 01:25:22,580]: [_trace.py]: atrace: 85:       DEBUG:    [receive_response_headers.complete return_value=(b'HTTP/1.1', 200, b'OK', [(b'Server', b'nginx/1.18.0'), (b'Date', b'Thu, 02 May 2024 01:25:22 GMT'), (b'Content-Type', b'application/json'), (b'Content-Length', b'816'), (b'Connection', b'keep-alive'), (b'Strict-Transport-Security', b'max-age=31536000; includeSubDomains; preload'), (b'Access-Control-Allow-Origin', b'*'), (b'Access-Control-Allow-Methods', b'GET, POST, OPTIONS'), (b'Access-Control-Expose-Headers', b'Content-Length,Content-Type,Date,Server,Connection')])]
[2024-05-02 01:25:22,580]: [_client.py]: _send_single_request: 1773:       INFO:    [HTTP Request: POST https://api.telegram.org/bot6030805959:AAGUHAMxLYc-PrevgKouJ3ZyM7ktu56ftjo/sendDocument "HTTP/1.1 200 OK"]
[2024-05-02 01:25:22,580]: [_trace.py]: atrace: 85:       DEBUG:    [receive_response_body.started request=<Request [b'POST']>]
[2024-05-02 01:25:22,580]: [_trace.py]: atrace: 85:       DEBUG:    [receive_response_body.complete]
[2024-05-02 01:25:22,580]: [_trace.py]: atrace: 85:       DEBUG:    [response_closed.started]
[2024-05-02 01:25:22,580]: [_trace.py]: atrace: 85:       DEBUG:    [response_closed.complete]
[2024-05-02 01:25:22,580]: [_bot.py]: _do_post: 652:       DEBUG:    [Call to Bot API endpoint `sendDocument` finished with return value `{'message_id': 751, 'from': {'id': 6030805959, 'is_bot': True, 'first_name': 'TyPHoone', 'username': 'TyPHoone_Project_bot'}, 'chat': {'id': -4119703192, 'title': 'Robocop', 'type': 'group', 'all_members_are_administrators': True}, 'date': 1714613122, 'document': {'file_name': 'xiaomi4.png', 'mime_type': 'image/png', 'thumbnail': {'file_id': 'AAMCBAADGQMAAgLvZjLrgrdFJbdONOCKPNPcwvO0Jj8AAhkXAAKOWZhRdzrKO8t6FZcBAAdtAAM0BA', 'file_unique_id': 'AQADGRcAAo5ZmFFy', 'file_size': 39818, 'width': 320, 'height': 320}, 'thumb': {'file_id': 'AAMCBAADGQMAAgLvZjLrgrdFJbdONOCKPNPcwvO0Jj8AAhkXAAKOWZhRdzrKO8t6FZcBAAdtAAM0BA', 'file_unique_id': 'AQADGRcAAo5ZmFFy', 'file_size': 39818, 'width': 320, 'height': 320}, 'file_id': 'BQACAgQAAxkDAAIC72Yy64K3RSW3TjTgijzT3MLztCY_AAIZFwACjlmYUXc6yjvLehWXNAQ', 'file_unique_id': 'AgADGRcAAo5ZmFE', 'file_size': 431471}}`]
[2024-05-02 01:25:22,581]: [_bot.py]: _do_post: 643:       DEBUG:    [Calling Bot API endpoint `sendDocument` with parameters `{'chat_id': '-4119703192', 'document': <telegram._files.inputfile.InputFile object at 0x7f55fe699ac0>}`]
[2024-05-02 01:25:22,581]: [_trace.py]: atrace: 85:       DEBUG:    [send_request_headers.started request=<Request [b'POST']>]
[2024-05-02 01:25:22,581]: [_trace.py]: atrace: 85:       DEBUG:    [send_request_headers.complete]
[2024-05-02 01:25:22,582]: [_trace.py]: atrace: 85:       DEBUG:    [send_request_body.started request=<Request [b'POST']>]
[2024-05-02 01:25:22,582]: [_trace.py]: atrace: 85:       DEBUG:    [send_request_body.complete]
[2024-05-02 01:25:22,582]: [_trace.py]: atrace: 85:       DEBUG:    [receive_response_headers.started request=<Request [b'POST']>]
[2024-05-02 01:25:22,842]: [_trace.py]: atrace: 85:       DEBUG:    [receive_response_headers.complete return_value=(b'HTTP/1.1', 200, b'OK', [(b'Server', b'nginx/1.18.0'), (b'Date', b'Thu, 02 May 2024 01:25:22 GMT'), (b'Content-Type', b'application/json'), (b'Content-Length', b'815'), (b'Connection', b'keep-alive'), (b'Strict-Transport-Security', b'max-age=31536000; includeSubDomains; preload'), (b'Access-Control-Allow-Origin', b'*'), (b'Access-Control-Allow-Methods', b'GET, POST, OPTIONS'), (b'Access-Control-Expose-Headers', b'Content-Length,Content-Type,Date,Server,Connection')])]
[2024-05-02 01:25:22,842]: [_client.py]: _send_single_request: 1773:       INFO:    [HTTP Request: POST https://api.telegram.org/bot6030805959:AAGUHAMxLYc-PrevgKouJ3ZyM7ktu56ftjo/sendDocument "HTTP/1.1 200 OK"]
[2024-05-02 01:25:22,843]: [_trace.py]: atrace: 85:       DEBUG:    [receive_response_body.started request=<Request [b'POST']>]
[2024-05-02 01:25:22,843]: [_trace.py]: atrace: 85:       DEBUG:    [receive_response_body.complete]
[2024-05-02 01:25:22,843]: [_trace.py]: atrace: 85:       DEBUG:    [response_closed.started]
[2024-05-02 01:25:22,843]: [_trace.py]: atrace: 85:       DEBUG:    [response_closed.complete]
[2024-05-02 01:25:22,843]: [_bot.py]: _do_post: 652:       DEBUG:    [Call to Bot API endpoint `sendDocument` finished with return value `{'message_id': 752, 'from': {'id': 6030805959, 'is_bot': True, 'first_name': 'TyPHoone', 'username': 'TyPHoone_Project_bot'}, 'chat': {'id': -4119703192, 'title': 'Robocop', 'type': 'group', 'all_members_are_administrators': True}, 'date': 1714613122, 'document': {'file_name': 'nokia6.png', 'mime_type': 'image/png', 'thumbnail': {'file_id': 'AAMCBAADGQMAAgLwZjLrgsNryVpVsI1IksX_S1UnR4IAAhoXAAKOWZhRBS72weB9YlEBAAdtAAM0BA', 'file_unique_id': 'AQADGhcAAo5ZmFFy', 'file_size': 26058, 'width': 320, 'height': 320}, 'thumb': {'file_id': 'AAMCBAADGQMAAgLwZjLrgsNryVpVsI1IksX_S1UnR4IAAhoXAAKOWZhRBS72weB9YlEBAAdtAAM0BA', 'file_unique_id': 'AQADGhcAAo5ZmFFy', 'file_size': 26058, 'width': 320, 'height': 320}, 'file_id': 'BQACAgQAAxkDAAIC8GYy64LDa8laVbCNSJLF_0tVJ0eCAAIaFwACjlmYUQUu9sHgfWJRNAQ', 'file_unique_id': 'AgADGhcAAo5ZmFE', 'file_size': 282691}}`]
[2024-05-02 01:25:22,843]: [_bot.py]: _do_post: 643:       DEBUG:    [Calling Bot API endpoint `sendDocument` with parameters `{'chat_id': '-4119703192', 'document': <telegram._files.inputfile.InputFile object at 0x7f55fe0b94c0>}`]
[2024-05-02 01:25:22,844]: [_trace.py]: atrace: 85:       DEBUG:    [send_request_headers.started request=<Request [b'POST']>]
[2024-05-02 01:25:22,844]: [_trace.py]: atrace: 85:       DEBUG:    [send_request_headers.complete]
[2024-05-02 01:25:22,844]: [_trace.py]: atrace: 85:       DEBUG:    [send_request_body.started request=<Request [b'POST']>]
[2024-05-02 01:25:22,845]: [_trace.py]: atrace: 85:       DEBUG:    [send_request_body.complete]
[2024-05-02 01:25:22,845]: [_trace.py]: atrace: 85:       DEBUG:    [receive_response_headers.started request=<Request [b'POST']>]
[2024-05-02 01:25:23,067]: [_trace.py]: atrace: 85:       DEBUG:    [receive_response_headers.complete return_value=(b'HTTP/1.1', 200, b'OK', [(b'Server', b'nginx/1.18.0'), (b'Date', b'Thu, 02 May 2024 01:25:22 GMT'), (b'Content-Type', b'application/json'), (b'Content-Length', b'817'), (b'Connection', b'keep-alive'), (b'Strict-Transport-Security', b'max-age=31536000; includeSubDomains; preload'), (b'Access-Control-Allow-Origin', b'*'), (b'Access-Control-Allow-Methods', b'GET, POST, OPTIONS'), (b'Access-Control-Expose-Headers', b'Content-Length,Content-Type,Date,Server,Connection')])]
[2024-05-02 01:25:23,067]: [_client.py]: _send_single_request: 1773:       INFO:    [HTTP Request: POST https://api.telegram.org/bot6030805959:AAGUHAMxLYc-PrevgKouJ3ZyM7ktu56ftjo/sendDocument "HTTP/1.1 200 OK"]
[2024-05-02 01:25:23,067]: [_trace.py]: atrace: 85:       DEBUG:    [receive_response_body.started request=<Request [b'POST']>]
[2024-05-02 01:25:23,068]: [_trace.py]: atrace: 85:       DEBUG:    [receive_response_body.complete]
[2024-05-02 01:25:23,068]: [_trace.py]: atrace: 85:       DEBUG:    [response_closed.started]
[2024-05-02 01:25:23,068]: [_trace.py]: atrace: 85:       DEBUG:    [response_closed.complete]
[2024-05-02 01:25:23,068]: [_bot.py]: _do_post: 652:       DEBUG:    [Call to Bot API endpoint `sendDocument` finished with return value `{'message_id': 753, 'from': {'id': 6030805959, 'is_bot': True, 'first_name': 'TyPHoone', 'username': 'TyPHoone_Project_bot'}, 'chat': {'id': -4119703192, 'title': 'Robocop', 'type': 'group', 'all_members_are_administrators': True}, 'date': 1714613122, 'document': {'file_name': 'samsung1.png', 'mime_type': 'image/png', 'thumbnail': {'file_id': 'AAMCBAADGQMAAgLxZjLrgvze8VxubVmCPvAF8ZJOIMsAAhsXAAKOWZhRUvE59YJz8pgBAAdtAAM0BA', 'file_unique_id': 'AQADGxcAAo5ZmFFy', 'file_size': 35766, 'width': 320, 'height': 320}, 'thumb': {'file_id': 'AAMCBAADGQMAAgLxZjLrgvze8VxubVmCPvAF8ZJOIMsAAhsXAAKOWZhRUvE59YJz8pgBAAdtAAM0BA', 'file_unique_id': 'AQADGxcAAo5ZmFFy', 'file_size': 35766, 'width': 320, 'height': 320}, 'file_id': 'BQACAgQAAxkDAAIC8WYy64L83vFcbm1Zgj7wBfGSTiDLAAIbFwACjlmYUVLxOfWCc_KYNAQ', 'file_unique_id': 'AgADGxcAAo5ZmFE', 'file_size': 334168}}`]
[2024-05-02 01:25:23,068]: [_bot.py]: _do_post: 643:       DEBUG:    [Calling Bot API endpoint `sendDocument` with parameters `{'chat_id': '-4119703192', 'document': <telegram._files.inputfile.InputFile object at 0x7f55fe699ac0>}`]
[2024-05-02 01:25:23,069]: [_trace.py]: atrace: 85:       DEBUG:    [send_request_headers.started request=<Request [b'POST']>]
[2024-05-02 01:25:23,069]: [_trace.py]: atrace: 85:       DEBUG:    [send_request_headers.complete]
[2024-05-02 01:25:23,069]: [_trace.py]: atrace: 85:       DEBUG:    [send_request_body.started request=<Request [b'POST']>]
[2024-05-02 01:25:23,070]: [_trace.py]: atrace: 85:       DEBUG:    [send_request_body.complete]
[2024-05-02 01:25:23,070]: [_trace.py]: atrace: 85:       DEBUG:    [receive_response_headers.started request=<Request [b'POST']>]
[2024-05-02 01:25:28,075]: [_trace.py]: atrace: 85:       DEBUG:    [receive_response_headers.failed exception=ReadTimeout(TimeoutError())]
[2024-05-02 01:25:28,076]: [_trace.py]: atrace: 85:       DEBUG:    [response_closed.started]
[2024-05-02 01:25:28,076]: [_trace.py]: atrace: 85:       DEBUG:    [response_closed.complete]
[2024-05-02 01:25:28,076]: [Telegram_Sender.py]: runner: 39:       CRITICAL:    [Files Didnt sent]
[2024-05-02 01:25:28,077]: [Main.py]: <module>: 48:       INFO:    [Finished]
