[2024-06-08 11:37:22,553]: [Main.py]: <module>: 21:       INFO:    [Started]
[2024-06-08 11:37:23,970]: [Iron_Scraper.py]: Scrap: 32:       INFO:    [Data Scaraped Successfully]
[2024-06-08 11:37:24,165]: [Iron_Scraper.py]: Scrap: 70:       INFO:    [Scrapped Data Has No Problem]
[2024-06-08 11:37:24,165]: [Iron_Scraper.py]: Scrap: 83:       INFO:    [Data Saved Successfully]
[2024-06-08 11:37:24,165]: [Iron.py]: Run: 26:       INFO:    [Scraping Phase Completed]
[2024-06-08 11:37:24,165]: [Iron_Data_Processor.py]: Data_Reader: 61:       INFO:    [Data File Has Been Red Successfully]
[2024-06-08 11:37:24,165]: [Iron_Data_Processor.py]: Shaper: 78:       INFO:    [Data Shaped]
[2024-06-08 11:37:24,166]: [Iron_Data_Processor.py]: Process: 228:       INFO:    [Data Cleaned]
[2024-06-08 11:37:24,166]: [Iron_Data_Processor.py]: Make_Pages_Objects: 101:       INFO:    [Page Objects Has Been Made]
[2024-06-08 11:37:24,166]: [Iron_Data_Processor.py]: Make_Pages_Objects: 101:       INFO:    [Page Objects Has Been Made]
[2024-06-08 11:37:24,166]: [Iron_Data_Processor.py]: Load_Data: 118:       INFO:    [Data Has Been Load]
[2024-06-08 11:37:24,166]: [Iron_Data_Processor.py]: Load_Data: 118:       INFO:    [Data Has Been Load]
[2024-06-08 11:37:24,166]: [Iron_Data_Processor.py]: Load_positions: 140:       INFO:    [Positions Are Ready]
[2024-06-08 11:37:24,166]: [Iron_Data_Processor.py]: Load_positions: 140:       INFO:    [Positions Are Ready]
[2024-06-08 11:37:25,289]: [Iron_Data_Processor.py]: Make_Tagged_Images: 193:       INFO:    [Images Has Been Made]
[2024-06-08 11:37:26,240]: [Iron_Data_Processor.py]: Make_Tagged_Images: 193:       INFO:    [Images Has Been Made]
[2024-06-08 11:37:26,495]: [Iron_Data_Processor.py]: Make_Cover_Page: 215:       INFO:    [Made Cover Pages]
[2024-06-08 11:37:26,495]: [Iron.py]: Run: 29:       INFO:    [Imagination Phase Completed]
[2024-06-08 11:37:29,722]: [Phone_Scraper.py]: Scrap: 58:       INFO:    [Data Scraped]
[2024-06-08 11:37:29,723]: [Phone_Scraper.py]: Scrap: 71:       INFO:    [Scraped Data Successfully]
[2024-06-08 11:37:29,723]: [Phone.py]: Run: 26:       INFO:    [Scraping Phase Complete]
[2024-06-08 11:37:29,723]: [Phone_Data_Processor.py]: data_reader: 38:       INFO:    [Scraped Data Loaded]
[2024-06-08 11:37:29,725]: [Phone_Data_Processor.py]: filter_list: 65:       INFO:    [Persian Phrases Are deleted]
[2024-06-08 11:37:29,725]: [Phone_Data_Processor.py]: reshape_list: 87:       INFO:    [Date Reshaped]
[2024-06-08 11:37:29,726]: [Phone_Data_Processor.py]: separate_brands: 124:       INFO:    [Brands Are Separated]
[2024-06-08 11:37:29,726]: [Phone_Data_Processor.py]: delete_extra_spaces: 141:       INFO:    [Extra Spaces Are Deleted]
[2024-06-08 11:37:30,599]: [Phone.py]: Run: 29:       INFO:    [Imagination Phase Complete]
[2024-06-08 11:37:30,599]: [selector_events.py]: __init__: 64:       DEBUG:    [Using selector: EpollSelector]
[2024-06-08 11:37:30,946]: [_bot.py]: _do_post: 643:       DEBUG:    [Calling Bot API endpoint `getMe` with parameters `{}`]
[2024-06-08 11:37:30,950]: [_trace.py]: atrace: 85:       DEBUG:    [connect_tcp.started host='api.telegram.org' port=443 local_address=None timeout=5.0 socket_options=None]
[2024-06-08 11:37:31,044]: [_trace.py]: atrace: 85:       DEBUG:    [connect_tcp.complete return_value=<httpcore._backends.anyio.AnyIOStream object at 0x7f5b21f9deb0>]
[2024-06-08 11:37:31,044]: [_trace.py]: atrace: 85:       DEBUG:    [start_tls.started ssl_context=<ssl.SSLContext object at 0x7f5b21936450> server_hostname='api.telegram.org' timeout=5.0]
[2024-06-08 11:37:31,129]: [_trace.py]: atrace: 85:       DEBUG:    [start_tls.complete return_value=<httpcore._backends.anyio.AnyIOStream object at 0x7f5b21ae7350>]
[2024-06-08 11:37:31,129]: [_trace.py]: atrace: 85:       DEBUG:    [send_request_headers.started request=<Request [b'POST']>]
[2024-06-08 11:37:31,129]: [_trace.py]: atrace: 85:       DEBUG:    [send_request_headers.complete]
[2024-06-08 11:37:31,129]: [_trace.py]: atrace: 85:       DEBUG:    [send_request_body.started request=<Request [b'POST']>]
[2024-06-08 11:37:31,129]: [_trace.py]: atrace: 85:       DEBUG:    [send_request_body.complete]
[2024-06-08 11:37:31,129]: [_trace.py]: atrace: 85:       DEBUG:    [receive_response_headers.started request=<Request [b'POST']>]
[2024-06-08 11:37:31,210]: [_trace.py]: atrace: 85:       DEBUG:    [receive_response_headers.complete return_value=(b'HTTP/1.1', 200, b'OK', [(b'Server', b'nginx/1.18.0'), (b'Date', b'Sat, 08 Jun 2024 11:37:31 GMT'), (b'Content-Type', b'application/json'), (b'Content-Length', b'233'), (b'Connection', b'keep-alive'), (b'Strict-Transport-Security', b'max-age=31536000; includeSubDomains; preload'), (b'Access-Control-Allow-Origin', b'*'), (b'Access-Control-Allow-Methods', b'GET, POST, OPTIONS'), (b'Access-Control-Expose-Headers', b'Content-Length,Content-Type,Date,Server,Connection')])]
[2024-06-08 11:37:31,210]: [_client.py]: _send_single_request: 1773:       INFO:    [HTTP Request: POST https://api.telegram.org/bot6030805959:AAGUHAMxLYc-PrevgKouJ3ZyM7ktu56ftjo/getMe "HTTP/1.1 200 OK"]
[2024-06-08 11:37:31,211]: [_trace.py]: atrace: 85:       DEBUG:    [receive_response_body.started request=<Request [b'POST']>]
[2024-06-08 11:37:31,211]: [_trace.py]: atrace: 85:       DEBUG:    [receive_response_body.complete]
[2024-06-08 11:37:31,211]: [_trace.py]: atrace: 85:       DEBUG:    [response_closed.started]
[2024-06-08 11:37:31,211]: [_trace.py]: atrace: 85:       DEBUG:    [response_closed.complete]
[2024-06-08 11:37:31,211]: [_bot.py]: _do_post: 652:       DEBUG:    [Call to Bot API endpoint `getMe` finished with return value `{'id': 6030805959, 'is_bot': True, 'first_name': 'TyPHoone', 'username': 'TyPHoone_Project_bot', 'can_join_groups': True, 'can_read_all_group_messages': False, 'supports_inline_queries': False, 'can_connect_to_business': False}`]
[2024-06-08 11:37:31,214]: [_bot.py]: _do_post: 643:       DEBUG:    [Calling Bot API endpoint `sendDocument` with parameters `{'chat_id': '-4119703192', 'document': <telegram._files.inputfile.InputFile object at 0x7f5b21ba5240>}`]
[2024-06-08 11:37:31,215]: [_trace.py]: atrace: 85:       DEBUG:    [send_request_headers.started request=<Request [b'POST']>]
[2024-06-08 11:37:31,215]: [_trace.py]: atrace: 85:       DEBUG:    [send_request_headers.complete]
[2024-06-08 11:37:31,215]: [_trace.py]: atrace: 85:       DEBUG:    [send_request_body.started request=<Request [b'POST']>]
[2024-06-08 11:37:31,215]: [_trace.py]: atrace: 85:       DEBUG:    [send_request_body.complete]
[2024-06-08 11:37:31,216]: [_trace.py]: atrace: 85:       DEBUG:    [receive_response_headers.started request=<Request [b'POST']>]
[2024-06-08 11:37:31,374]: [_trace.py]: atrace: 85:       DEBUG:    [receive_response_headers.complete return_value=(b'HTTP/1.1', 200, b'OK', [(b'Server', b'nginx/1.18.0'), (b'Date', b'Sat, 08 Jun 2024 11:37:31 GMT'), (b'Content-Type', b'application/json'), (b'Content-Length', b'463'), (b'Connection', b'keep-alive'), (b'Strict-Transport-Security', b'max-age=31536000; includeSubDomains; preload'), (b'Access-Control-Allow-Origin', b'*'), (b'Access-Control-Allow-Methods', b'GET, POST, OPTIONS'), (b'Access-Control-Expose-Headers', b'Content-Length,Content-Type,Date,Server,Connection')])]
[2024-06-08 11:37:31,374]: [_client.py]: _send_single_request: 1773:       INFO:    [HTTP Request: POST https://api.telegram.org/bot6030805959:AAGUHAMxLYc-PrevgKouJ3ZyM7ktu56ftjo/sendDocument "HTTP/1.1 200 OK"]
[2024-06-08 11:37:31,375]: [_trace.py]: atrace: 85:       DEBUG:    [receive_response_body.started request=<Request [b'POST']>]
[2024-06-08 11:37:31,375]: [_trace.py]: atrace: 85:       DEBUG:    [receive_response_body.complete]
[2024-06-08 11:37:31,375]: [_trace.py]: atrace: 85:       DEBUG:    [response_closed.started]
[2024-06-08 11:37:31,375]: [_trace.py]: atrace: 85:       DEBUG:    [response_closed.complete]
[2024-06-08 11:37:31,375]: [_bot.py]: _do_post: 652:       DEBUG:    [Call to Bot API endpoint `sendDocument` finished with return value `{'message_id': 838, 'from': {'id': 6030805959, 'is_bot': True, 'first_name': 'TyPHoone', 'username': 'TyPHoone_Project_bot'}, 'chat': {'id': -4119703192, 'title': 'Robocop', 'type': 'group', 'all_members_are_administrators': True}, 'date': 1717846651, 'document': {'file_name': '(2024_06_08--11_37).log', 'mime_type': 'text/plain', 'file_id': 'BQACAgQAAxkDAAIDRmZkQnt9dp3yxbi4OzrtjHa4cFCZAAK0FAACv-woU-j8vZZKDQ8eNQQ', 'file_unique_id': 'AgADtBQAAr_sKFM', 'file_size': 5910}}`]
[2024-06-08 11:37:31,376]: [_trace.py]: atrace: 85:       DEBUG:    [close.started]
[2024-06-08 11:37:31,376]: [_trace.py]: atrace: 85:       DEBUG:    [close.complete]
[2024-06-08 11:37:31,376]: [_config.py]: load_ssl_context: 80:       DEBUG:    [load_ssl_context verify=True cert=None trust_env=True http2=False]
[2024-06-08 11:37:31,376]: [_config.py]: load_ssl_context_verify: 146:       DEBUG:    [load_verify_locations cafile='/opt/hostedtoolcache/Python/3.12.3/x64/lib/python3.12/site-packages/certifi/cacert.pem']
[2024-06-08 11:37:31,404]: [_config.py]: load_ssl_context: 80:       DEBUG:    [load_ssl_context verify=True cert=None trust_env=True http2=False]
[2024-06-08 11:37:31,404]: [_config.py]: load_ssl_context_verify: 146:       DEBUG:    [load_verify_locations cafile='/opt/hostedtoolcache/Python/3.12.3/x64/lib/python3.12/site-packages/certifi/cacert.pem']
[2024-06-08 11:37:31,431]: [_bot.py]: _do_post: 643:       DEBUG:    [Calling Bot API endpoint `getMe` with parameters `{}`]
[2024-06-08 11:37:31,431]: [_trace.py]: atrace: 85:       DEBUG:    [connect_tcp.started host='api.telegram.org' port=443 local_address=None timeout=5.0 socket_options=None]
[2024-06-08 11:37:31,517]: [_trace.py]: atrace: 85:       DEBUG:    [connect_tcp.complete return_value=<httpcore._backends.anyio.AnyIOStream object at 0x7f5b20fbd370>]
[2024-06-08 11:37:31,517]: [_trace.py]: atrace: 85:       DEBUG:    [start_tls.started ssl_context=<ssl.SSLContext object at 0x7f5b21936250> server_hostname='api.telegram.org' timeout=5.0]
[2024-06-08 11:37:31,603]: [_trace.py]: atrace: 85:       DEBUG:    [start_tls.complete return_value=<httpcore._backends.anyio.AnyIOStream object at 0x7f5b20ffa810>]
[2024-06-08 11:37:31,603]: [_trace.py]: atrace: 85:       DEBUG:    [send_request_headers.started request=<Request [b'POST']>]
[2024-06-08 11:37:31,604]: [_trace.py]: atrace: 85:       DEBUG:    [send_request_headers.complete]
[2024-06-08 11:37:31,604]: [_trace.py]: atrace: 85:       DEBUG:    [send_request_body.started request=<Request [b'POST']>]
[2024-06-08 11:37:31,604]: [_trace.py]: atrace: 85:       DEBUG:    [send_request_body.complete]
[2024-06-08 11:37:31,604]: [_trace.py]: atrace: 85:       DEBUG:    [receive_response_headers.started request=<Request [b'POST']>]
[2024-06-08 11:37:31,689]: [_trace.py]: atrace: 85:       DEBUG:    [receive_response_headers.complete return_value=(b'HTTP/1.1', 200, b'OK', [(b'Server', b'nginx/1.18.0'), (b'Date', b'Sat, 08 Jun 2024 11:37:31 GMT'), (b'Content-Type', b'application/json'), (b'Content-Length', b'233'), (b'Connection', b'keep-alive'), (b'Strict-Transport-Security', b'max-age=31536000; includeSubDomains; preload'), (b'Access-Control-Allow-Origin', b'*'), (b'Access-Control-Allow-Methods', b'GET, POST, OPTIONS'), (b'Access-Control-Expose-Headers', b'Content-Length,Content-Type,Date,Server,Connection')])]
[2024-06-08 11:37:31,689]: [_client.py]: _send_single_request: 1773:       INFO:    [HTTP Request: POST https://api.telegram.org/bot6030805959:AAGUHAMxLYc-PrevgKouJ3ZyM7ktu56ftjo/getMe "HTTP/1.1 200 OK"]
[2024-06-08 11:37:31,689]: [_trace.py]: atrace: 85:       DEBUG:    [receive_response_body.started request=<Request [b'POST']>]
[2024-06-08 11:37:31,689]: [_trace.py]: atrace: 85:       DEBUG:    [receive_response_body.complete]
[2024-06-08 11:37:31,689]: [_trace.py]: atrace: 85:       DEBUG:    [response_closed.started]
[2024-06-08 11:37:31,689]: [_trace.py]: atrace: 85:       DEBUG:    [response_closed.complete]
[2024-06-08 11:37:31,689]: [_bot.py]: _do_post: 652:       DEBUG:    [Call to Bot API endpoint `getMe` finished with return value `{'id': 6030805959, 'is_bot': True, 'first_name': 'TyPHoone', 'username': 'TyPHoone_Project_bot', 'can_join_groups': True, 'can_read_all_group_messages': False, 'supports_inline_queries': False, 'can_connect_to_business': False}`]
[2024-06-08 11:37:31,692]: [_bot.py]: _do_post: 643:       DEBUG:    [Calling Bot API endpoint `sendDocument` with parameters `{'chat_id': '-4119703192', 'document': <telegram._files.inputfile.InputFile object at 0x7f5b21945200>}`]
[2024-06-08 11:37:31,692]: [_trace.py]: atrace: 85:       DEBUG:    [send_request_headers.started request=<Request [b'POST']>]
[2024-06-08 11:37:31,694]: [_trace.py]: atrace: 85:       DEBUG:    [send_request_headers.complete]
[2024-06-08 11:37:31,694]: [_trace.py]: atrace: 85:       DEBUG:    [send_request_body.started request=<Request [b'POST']>]
[2024-06-08 11:37:32,542]: [_trace.py]: atrace: 85:       DEBUG:    [send_request_body.complete]
[2024-06-08 11:37:32,543]: [_trace.py]: atrace: 85:       DEBUG:    [receive_response_headers.started request=<Request [b'POST']>]
[2024-06-08 11:37:33,253]: [_trace.py]: atrace: 85:       DEBUG:    [receive_response_headers.complete return_value=(b'HTTP/1.1', 200, b'OK', [(b'Server', b'nginx/1.18.0'), (b'Date', b'Sat, 08 Jun 2024 11:37:33 GMT'), (b'Content-Type', b'application/json'), (b'Content-Length', b'478'), (b'Connection', b'keep-alive'), (b'Strict-Transport-Security', b'max-age=31536000; includeSubDomains; preload'), (b'Access-Control-Allow-Origin', b'*'), (b'Access-Control-Allow-Methods', b'GET, POST, OPTIONS'), (b'Access-Control-Expose-Headers', b'Content-Length,Content-Type,Date,Server,Connection')])]
[2024-06-08 11:37:33,253]: [_client.py]: _send_single_request: 1773:       INFO:    [HTTP Request: POST https://api.telegram.org/bot6030805959:AAGUHAMxLYc-PrevgKouJ3ZyM7ktu56ftjo/sendDocument "HTTP/1.1 200 OK"]
[2024-06-08 11:37:33,253]: [_trace.py]: atrace: 85:       DEBUG:    [receive_response_body.started request=<Request [b'POST']>]
[2024-06-08 11:37:33,254]: [_trace.py]: atrace: 85:       DEBUG:    [receive_response_body.complete]
[2024-06-08 11:37:33,254]: [_trace.py]: atrace: 85:       DEBUG:    [response_closed.started]
[2024-06-08 11:37:33,254]: [_trace.py]: atrace: 85:       DEBUG:    [response_closed.complete]
[2024-06-08 11:37:33,254]: [_bot.py]: _do_post: 652:       DEBUG:    [Call to Bot API endpoint `sendDocument` finished with return value `{'message_id': 839, 'from': {'id': 6030805959, 'is_bot': True, 'first_name': 'TyPHoone', 'username': 'TyPHoone_Project_bot'}, 'chat': {'id': -4119703192, 'title': 'Robocop', 'type': 'group', 'all_members_are_administrators': True}, 'date': 1717846653, 'document': {'file_name': '(2024_06_08--11_37)output.zip', 'mime_type': 'application/zip', 'file_id': 'BQACAgQAAxkDAAIDR2ZkQnxagu8pCeFjgV5OE26OIAhtAAK1FAACv-woU7JhN6YXE0CiNQQ', 'file_unique_id': 'AgADtRQAAr_sKFM', 'file_size': 10436760}}`]
[2024-06-08 11:37:33,254]: [_trace.py]: atrace: 85:       DEBUG:    [close.started]
[2024-06-08 11:37:33,255]: [_trace.py]: atrace: 85:       DEBUG:    [close.complete]
[2024-06-08 11:37:33,255]: [Telegram_Sender.py]: runner: 61:       INFO:    [sent successfully]
[2024-06-08 11:37:33,255]: [Main.py]: <module>: 48:       INFO:    [Finished]
