[2025-03-16 11:37:07,623]: [Main.py]: <module>: 21:       INFO:    [Started]
[2025-03-16 11:37:09,117]: [Iron_Scraper.py]: Scrap: 32:       INFO:    [Data Scaraped Successfully]
[2025-03-16 11:37:09,315]: [Iron_Scraper.py]: Scrap: 70:       INFO:    [Scrapped Data Has No Problem]
[2025-03-16 11:37:09,315]: [Iron_Scraper.py]: Scrap: 83:       INFO:    [Data Saved Successfully]
[2025-03-16 11:37:09,316]: [Iron.py]: Run: 26:       INFO:    [Scraping Phase Completed]
[2025-03-16 11:37:09,316]: [Iron_Data_Processor.py]: Data_Reader: 61:       INFO:    [Data File Has Been Red Successfully]
[2025-03-16 11:37:09,316]: [Iron_Data_Processor.py]: Shaper: 78:       INFO:    [Data Shaped]
[2025-03-16 11:37:09,316]: [Iron_Data_Processor.py]: Process: 228:       INFO:    [Data Cleaned]
[2025-03-16 11:37:09,316]: [Iron_Data_Processor.py]: Make_Pages_Objects: 101:       INFO:    [Page Objects Has Been Made]
[2025-03-16 11:37:09,316]: [Iron_Data_Processor.py]: Make_Pages_Objects: 101:       INFO:    [Page Objects Has Been Made]
[2025-03-16 11:37:09,316]: [Iron_Data_Processor.py]: Load_Data: 118:       INFO:    [Data Has Been Load]
[2025-03-16 11:37:09,316]: [Iron_Data_Processor.py]: Load_Data: 118:       INFO:    [Data Has Been Load]
[2025-03-16 11:37:09,317]: [Iron_Data_Processor.py]: Load_positions: 140:       INFO:    [Positions Are Ready]
[2025-03-16 11:37:09,317]: [Iron_Data_Processor.py]: Load_positions: 140:       INFO:    [Positions Are Ready]
[2025-03-16 11:37:10,429]: [Iron_Data_Processor.py]: Make_Tagged_Images: 193:       INFO:    [Images Has Been Made]
[2025-03-16 11:37:11,373]: [Iron_Data_Processor.py]: Make_Tagged_Images: 193:       INFO:    [Images Has Been Made]
[2025-03-16 11:37:11,628]: [Iron_Data_Processor.py]: Make_Cover_Page: 215:       INFO:    [Made Cover Pages]
[2025-03-16 11:37:11,629]: [Iron.py]: Run: 29:       INFO:    [Imagination Phase Completed]
[2025-03-16 11:37:15,068]: [Phone_Scraper.py]: Scrap: 58:       INFO:    [Data Scraped]
[2025-03-16 11:37:15,069]: [Phone_Scraper.py]: Scrap: 71:       INFO:    [Scraped Data Successfully]
[2025-03-16 11:37:15,069]: [Phone.py]: Run: 26:       INFO:    [Scraping Phase Complete]
[2025-03-16 11:37:15,069]: [Phone_Data_Processor.py]: data_reader: 38:       INFO:    [Scraped Data Loaded]
[2025-03-16 11:37:15,070]: [Phone_Data_Processor.py]: filter_list: 65:       INFO:    [Persian Phrases Are deleted]
[2025-03-16 11:37:15,071]: [Phone_Data_Processor.py]: reshape_list: 87:       INFO:    [Date Reshaped]
[2025-03-16 11:37:15,071]: [Phone_Data_Processor.py]: separate_brands: 124:       INFO:    [Brands Are Separated]
[2025-03-16 11:37:15,071]: [Phone_Data_Processor.py]: delete_extra_spaces: 141:       INFO:    [Extra Spaces Are Deleted]
[2025-03-16 11:37:15,827]: [Phone.py]: Run: 29:       INFO:    [Imagination Phase Complete]
[2025-03-16 11:37:15,827]: [selector_events.py]: __init__: 64:       DEBUG:    [Using selector: EpollSelector]
[2025-03-16 11:37:16,104]: [_bot.py]: _do_post: 643:       DEBUG:    [Calling Bot API endpoint `getMe` with parameters `{}`]
[2025-03-16 11:37:16,108]: [_trace.py]: atrace: 87:       DEBUG:    [connect_tcp.started host='api.telegram.org' port=443 local_address=None timeout=5.0 socket_options=None]
[2025-03-16 11:37:16,225]: [_trace.py]: atrace: 87:       DEBUG:    [connect_tcp.complete return_value=<httpcore._backends.anyio.AnyIOStream object at 0x7f52e39727e0>]
[2025-03-16 11:37:16,225]: [_trace.py]: atrace: 87:       DEBUG:    [start_tls.started ssl_context=<ssl.SSLContext object at 0x7f52e2f3b4d0> server_hostname='api.telegram.org' timeout=5.0]
[2025-03-16 11:37:16,317]: [_trace.py]: atrace: 87:       DEBUG:    [start_tls.complete return_value=<httpcore._backends.anyio.AnyIOStream object at 0x7f52e8b1a000>]
[2025-03-16 11:37:16,317]: [_trace.py]: atrace: 87:       DEBUG:    [send_request_headers.started request=<Request [b'POST']>]
[2025-03-16 11:37:16,317]: [_trace.py]: atrace: 87:       DEBUG:    [send_request_headers.complete]
[2025-03-16 11:37:16,317]: [_trace.py]: atrace: 87:       DEBUG:    [send_request_body.started request=<Request [b'POST']>]
[2025-03-16 11:37:16,317]: [_trace.py]: atrace: 87:       DEBUG:    [send_request_body.complete]
[2025-03-16 11:37:16,317]: [_trace.py]: atrace: 87:       DEBUG:    [receive_response_headers.started request=<Request [b'POST']>]
[2025-03-16 11:37:16,407]: [_trace.py]: atrace: 87:       DEBUG:    [receive_response_headers.complete return_value=(b'HTTP/1.1', 200, b'OK', [(b'Server', b'nginx/1.18.0'), (b'Date', b'Sun, 16 Mar 2025 11:37:16 GMT'), (b'Content-Type', b'application/json'), (b'Content-Length', b'258'), (b'Connection', b'keep-alive'), (b'Strict-Transport-Security', b'max-age=31536000; includeSubDomains; preload'), (b'Access-Control-Allow-Origin', b'*'), (b'Access-Control-Allow-Methods', b'GET, POST, OPTIONS'), (b'Access-Control-Expose-Headers', b'Content-Length,Content-Type,Date,Server,Connection')])]
[2025-03-16 11:37:16,407]: [_client.py]: _send_single_request: 1740:       INFO:    [HTTP Request: POST https://api.telegram.org/bot6030805959:AAGUHAMxLYc-PrevgKouJ3ZyM7ktu56ftjo/getMe "HTTP/1.1 200 OK"]
[2025-03-16 11:37:16,407]: [_trace.py]: atrace: 87:       DEBUG:    [receive_response_body.started request=<Request [b'POST']>]
[2025-03-16 11:37:16,407]: [_trace.py]: atrace: 87:       DEBUG:    [receive_response_body.complete]
[2025-03-16 11:37:16,407]: [_trace.py]: atrace: 87:       DEBUG:    [response_closed.started]
[2025-03-16 11:37:16,407]: [_trace.py]: atrace: 87:       DEBUG:    [response_closed.complete]
[2025-03-16 11:37:16,407]: [_bot.py]: _do_post: 652:       DEBUG:    [Call to Bot API endpoint `getMe` finished with return value `{'id': 6030805959, 'is_bot': True, 'first_name': 'TyPHoone', 'username': 'TyPHoone_Project_bot', 'can_join_groups': True, 'can_read_all_group_messages': False, 'supports_inline_queries': False, 'can_connect_to_business': False, 'has_main_web_app': False}`]
[2025-03-16 11:37:16,410]: [_bot.py]: _do_post: 643:       DEBUG:    [Calling Bot API endpoint `sendDocument` with parameters `{'chat_id': '-4119703192', 'document': <telegram._files.inputfile.InputFile object at 0x7f52e26ecd40>}`]
[2025-03-16 11:37:16,411]: [_trace.py]: atrace: 87:       DEBUG:    [send_request_headers.started request=<Request [b'POST']>]
[2025-03-16 11:37:16,411]: [_trace.py]: atrace: 87:       DEBUG:    [send_request_headers.complete]
[2025-03-16 11:37:16,411]: [_trace.py]: atrace: 87:       DEBUG:    [send_request_body.started request=<Request [b'POST']>]
[2025-03-16 11:37:16,412]: [_trace.py]: atrace: 87:       DEBUG:    [send_request_body.complete]
[2025-03-16 11:37:16,412]: [_trace.py]: atrace: 87:       DEBUG:    [receive_response_headers.started request=<Request [b'POST']>]
[2025-03-16 11:37:16,767]: [_trace.py]: atrace: 87:       DEBUG:    [receive_response_headers.complete return_value=(b'HTTP/1.1', 200, b'OK', [(b'Server', b'nginx/1.18.0'), (b'Date', b'Sun, 16 Mar 2025 11:37:16 GMT'), (b'Content-Type', b'application/json'), (b'Content-Length', b'464'), (b'Connection', b'keep-alive'), (b'Strict-Transport-Security', b'max-age=31536000; includeSubDomains; preload'), (b'Access-Control-Allow-Origin', b'*'), (b'Access-Control-Allow-Methods', b'GET, POST, OPTIONS'), (b'Access-Control-Expose-Headers', b'Content-Length,Content-Type,Date,Server,Connection')])]
[2025-03-16 11:37:16,767]: [_client.py]: _send_single_request: 1740:       INFO:    [HTTP Request: POST https://api.telegram.org/bot6030805959:AAGUHAMxLYc-PrevgKouJ3ZyM7ktu56ftjo/sendDocument "HTTP/1.1 200 OK"]
[2025-03-16 11:37:16,767]: [_trace.py]: atrace: 87:       DEBUG:    [receive_response_body.started request=<Request [b'POST']>]
[2025-03-16 11:37:16,767]: [_trace.py]: atrace: 87:       DEBUG:    [receive_response_body.complete]
[2025-03-16 11:37:16,767]: [_trace.py]: atrace: 87:       DEBUG:    [response_closed.started]
[2025-03-16 11:37:16,767]: [_trace.py]: atrace: 87:       DEBUG:    [response_closed.complete]
[2025-03-16 11:37:16,767]: [_bot.py]: _do_post: 652:       DEBUG:    [Call to Bot API endpoint `sendDocument` finished with return value `{'message_id': 2235, 'from': {'id': 6030805959, 'is_bot': True, 'first_name': 'TyPHoone', 'username': 'TyPHoone_Project_bot'}, 'chat': {'id': -4119703192, 'title': 'Robocop', 'type': 'group', 'all_members_are_administrators': True}, 'date': 1742125036, 'document': {'file_name': '(2025_03_16--11_37).log', 'mime_type': 'text/plain', 'file_id': 'BQACAgQAAxkDAAIIu2fWt-wp2UCnYRi4kfRVI6ie6cuNAAK4HwACeBK5Ul47ihkgj46cNgQ', 'file_unique_id': 'AgADuB8AAngSuVI', 'file_size': 5937}}`]
[2025-03-16 11:37:16,768]: [_trace.py]: atrace: 87:       DEBUG:    [close.started]
[2025-03-16 11:37:16,768]: [_trace.py]: atrace: 87:       DEBUG:    [close.complete]
[2025-03-16 11:37:16,813]: [_bot.py]: _do_post: 643:       DEBUG:    [Calling Bot API endpoint `getMe` with parameters `{}`]
[2025-03-16 11:37:16,813]: [_trace.py]: atrace: 87:       DEBUG:    [connect_tcp.started host='api.telegram.org' port=443 local_address=None timeout=5.0 socket_options=None]
[2025-03-16 11:37:16,903]: [_trace.py]: atrace: 87:       DEBUG:    [connect_tcp.complete return_value=<httpcore._backends.anyio.AnyIOStream object at 0x7f52e2582f90>]
[2025-03-16 11:37:16,903]: [_trace.py]: atrace: 87:       DEBUG:    [start_tls.started ssl_context=<ssl.SSLContext object at 0x7f52e2f3b2d0> server_hostname='api.telegram.org' timeout=5.0]
[2025-03-16 11:37:16,993]: [_trace.py]: atrace: 87:       DEBUG:    [start_tls.complete return_value=<httpcore._backends.anyio.AnyIOStream object at 0x7f52e2ad4f50>]
[2025-03-16 11:37:16,994]: [_trace.py]: atrace: 87:       DEBUG:    [send_request_headers.started request=<Request [b'POST']>]
[2025-03-16 11:37:16,994]: [_trace.py]: atrace: 87:       DEBUG:    [send_request_headers.complete]
[2025-03-16 11:37:16,994]: [_trace.py]: atrace: 87:       DEBUG:    [send_request_body.started request=<Request [b'POST']>]
[2025-03-16 11:37:16,994]: [_trace.py]: atrace: 87:       DEBUG:    [send_request_body.complete]
[2025-03-16 11:37:16,994]: [_trace.py]: atrace: 87:       DEBUG:    [receive_response_headers.started request=<Request [b'POST']>]
[2025-03-16 11:37:17,083]: [_trace.py]: atrace: 87:       DEBUG:    [receive_response_headers.complete return_value=(b'HTTP/1.1', 200, b'OK', [(b'Server', b'nginx/1.18.0'), (b'Date', b'Sun, 16 Mar 2025 11:37:17 GMT'), (b'Content-Type', b'application/json'), (b'Content-Length', b'258'), (b'Connection', b'keep-alive'), (b'Strict-Transport-Security', b'max-age=31536000; includeSubDomains; preload'), (b'Access-Control-Allow-Origin', b'*'), (b'Access-Control-Allow-Methods', b'GET, POST, OPTIONS'), (b'Access-Control-Expose-Headers', b'Content-Length,Content-Type,Date,Server,Connection')])]
[2025-03-16 11:37:17,083]: [_client.py]: _send_single_request: 1740:       INFO:    [HTTP Request: POST https://api.telegram.org/bot6030805959:AAGUHAMxLYc-PrevgKouJ3ZyM7ktu56ftjo/getMe "HTTP/1.1 200 OK"]
[2025-03-16 11:37:17,083]: [_trace.py]: atrace: 87:       DEBUG:    [receive_response_body.started request=<Request [b'POST']>]
[2025-03-16 11:37:17,083]: [_trace.py]: atrace: 87:       DEBUG:    [receive_response_body.complete]
[2025-03-16 11:37:17,083]: [_trace.py]: atrace: 87:       DEBUG:    [response_closed.started]
[2025-03-16 11:37:17,083]: [_trace.py]: atrace: 87:       DEBUG:    [response_closed.complete]
[2025-03-16 11:37:17,083]: [_bot.py]: _do_post: 652:       DEBUG:    [Call to Bot API endpoint `getMe` finished with return value `{'id': 6030805959, 'is_bot': True, 'first_name': 'TyPHoone', 'username': 'TyPHoone_Project_bot', 'can_join_groups': True, 'can_read_all_group_messages': False, 'supports_inline_queries': False, 'can_connect_to_business': False, 'has_main_web_app': False}`]
[2025-03-16 11:37:17,086]: [_bot.py]: _do_post: 643:       DEBUG:    [Calling Bot API endpoint `sendDocument` with parameters `{'chat_id': '-4119703192', 'document': <telegram._files.inputfile.InputFile object at 0x7f52e2f902c0>}`]
[2025-03-16 11:37:17,087]: [_trace.py]: atrace: 87:       DEBUG:    [send_request_headers.started request=<Request [b'POST']>]
[2025-03-16 11:37:17,087]: [_trace.py]: atrace: 87:       DEBUG:    [send_request_headers.complete]
[2025-03-16 11:37:17,087]: [_trace.py]: atrace: 87:       DEBUG:    [send_request_body.started request=<Request [b'POST']>]
[2025-03-16 11:37:17,974]: [_trace.py]: atrace: 87:       DEBUG:    [send_request_body.complete]
[2025-03-16 11:37:17,974]: [_trace.py]: atrace: 87:       DEBUG:    [receive_response_headers.started request=<Request [b'POST']>]
[2025-03-16 11:37:18,742]: [_trace.py]: atrace: 87:       DEBUG:    [receive_response_headers.complete return_value=(b'HTTP/1.1', 200, b'OK', [(b'Server', b'nginx/1.18.0'), (b'Date', b'Sun, 16 Mar 2025 11:37:18 GMT'), (b'Content-Type', b'application/json'), (b'Content-Length', b'479'), (b'Connection', b'keep-alive'), (b'Strict-Transport-Security', b'max-age=31536000; includeSubDomains; preload'), (b'Access-Control-Allow-Origin', b'*'), (b'Access-Control-Allow-Methods', b'GET, POST, OPTIONS'), (b'Access-Control-Expose-Headers', b'Content-Length,Content-Type,Date,Server,Connection')])]
[2025-03-16 11:37:18,742]: [_client.py]: _send_single_request: 1740:       INFO:    [HTTP Request: POST https://api.telegram.org/bot6030805959:AAGUHAMxLYc-PrevgKouJ3ZyM7ktu56ftjo/sendDocument "HTTP/1.1 200 OK"]
[2025-03-16 11:37:18,742]: [_trace.py]: atrace: 87:       DEBUG:    [receive_response_body.started request=<Request [b'POST']>]
[2025-03-16 11:37:18,742]: [_trace.py]: atrace: 87:       DEBUG:    [receive_response_body.complete]
[2025-03-16 11:37:18,742]: [_trace.py]: atrace: 87:       DEBUG:    [response_closed.started]
[2025-03-16 11:37:18,742]: [_trace.py]: atrace: 87:       DEBUG:    [response_closed.complete]
[2025-03-16 11:37:18,743]: [_bot.py]: _do_post: 652:       DEBUG:    [Call to Bot API endpoint `sendDocument` finished with return value `{'message_id': 2236, 'from': {'id': 6030805959, 'is_bot': True, 'first_name': 'TyPHoone', 'username': 'TyPHoone_Project_bot'}, 'chat': {'id': -4119703192, 'title': 'Robocop', 'type': 'group', 'all_members_are_administrators': True}, 'date': 1742125038, 'document': {'file_name': '(2025_03_16--11_37)output.zip', 'mime_type': 'application/zip', 'file_id': 'BQACAgQAAxkDAAIIvGfWt-6abmJ0BBGvw8iu6MZ0iZoRAAK5HwACeBK5UtXEwLKDRbhxNgQ', 'file_unique_id': 'AgADuR8AAngSuVI', 'file_size': 10109366}}`]
[2025-03-16 11:37:18,743]: [_trace.py]: atrace: 87:       DEBUG:    [close.started]
[2025-03-16 11:37:18,743]: [_trace.py]: atrace: 87:       DEBUG:    [close.complete]
[2025-03-16 11:37:18,743]: [Telegram_Sender.py]: runner: 61:       INFO:    [sent successfully]
[2025-03-16 11:37:18,744]: [Main.py]: <module>: 48:       INFO:    [Finished]
