[2025-01-27 11:39:16,644]: [Main.py]: <module>: 21:       INFO:    [Started]
[2025-01-27 11:39:18,680]: [Iron_Scraper.py]: Scrap: 32:       INFO:    [Data Scaraped Successfully]
[2025-01-27 11:39:18,726]: [Iron_Scraper.py]: Scrap: 70:       INFO:    [Scrapped Data Has No Problem]
[2025-01-27 11:39:18,726]: [Iron_Scraper.py]: Scrap: 83:       INFO:    [Data Saved Successfully]
[2025-01-27 11:39:18,726]: [Iron.py]: Run: 26:       INFO:    [Scraping Phase Completed]
[2025-01-27 11:39:18,727]: [Iron_Data_Processor.py]: Data_Reader: 61:       INFO:    [Data File Has Been Red Successfully]
[2025-01-27 11:39:18,727]: [Iron_Data_Processor.py]: Shaper: 78:       INFO:    [Data Shaped]
[2025-01-27 11:39:18,727]: [Iron_Data_Processor.py]: Process: 228:       INFO:    [Data Cleaned]
[2025-01-27 11:39:18,727]: [Iron_Data_Processor.py]: Make_Pages_Objects: 101:       INFO:    [Page Objects Has Been Made]
[2025-01-27 11:39:18,727]: [Iron_Data_Processor.py]: Make_Pages_Objects: 101:       INFO:    [Page Objects Has Been Made]
[2025-01-27 11:39:18,727]: [Iron_Data_Processor.py]: Load_Data: 118:       INFO:    [Data Has Been Load]
[2025-01-27 11:39:18,727]: [Iron_Data_Processor.py]: Load_Data: 118:       INFO:    [Data Has Been Load]
[2025-01-27 11:39:18,727]: [Iron_Data_Processor.py]: Load_positions: 140:       INFO:    [Positions Are Ready]
[2025-01-27 11:39:18,727]: [Iron_Data_Processor.py]: Load_positions: 140:       INFO:    [Positions Are Ready]
[2025-01-27 11:39:19,788]: [Iron_Data_Processor.py]: Make_Tagged_Images: 193:       INFO:    [Images Has Been Made]
[2025-01-27 11:39:20,682]: [Iron_Data_Processor.py]: Make_Tagged_Images: 193:       INFO:    [Images Has Been Made]
[2025-01-27 11:39:20,935]: [Iron_Data_Processor.py]: Make_Cover_Page: 215:       INFO:    [Made Cover Pages]
[2025-01-27 11:39:20,935]: [Iron.py]: Run: 29:       INFO:    [Imagination Phase Completed]
[2025-01-27 11:39:25,318]: [Phone_Scraper.py]: Scrap: 58:       INFO:    [Data Scraped]
[2025-01-27 11:39:25,318]: [Phone_Scraper.py]: Scrap: 71:       INFO:    [Scraped Data Successfully]
[2025-01-27 11:39:25,318]: [Phone.py]: Run: 26:       INFO:    [Scraping Phase Complete]
[2025-01-27 11:39:25,318]: [Phone_Data_Processor.py]: data_reader: 38:       INFO:    [Scraped Data Loaded]
[2025-01-27 11:39:25,319]: [Phone_Data_Processor.py]: filter_list: 65:       INFO:    [Persian Phrases Are deleted]
[2025-01-27 11:39:25,320]: [Phone_Data_Processor.py]: reshape_list: 87:       INFO:    [Date Reshaped]
[2025-01-27 11:39:25,320]: [Phone_Data_Processor.py]: separate_brands: 124:       INFO:    [Brands Are Separated]
[2025-01-27 11:39:25,320]: [Phone_Data_Processor.py]: delete_extra_spaces: 141:       INFO:    [Extra Spaces Are Deleted]
[2025-01-27 11:39:26,056]: [Phone.py]: Run: 29:       INFO:    [Imagination Phase Complete]
[2025-01-27 11:39:26,056]: [selector_events.py]: __init__: 64:       DEBUG:    [Using selector: EpollSelector]
[2025-01-27 11:39:26,323]: [_bot.py]: _do_post: 643:       DEBUG:    [Calling Bot API endpoint `getMe` with parameters `{}`]
[2025-01-27 11:39:26,327]: [_trace.py]: atrace: 87:       DEBUG:    [connect_tcp.started host='api.telegram.org' port=443 local_address=None timeout=5.0 socket_options=None]
[2025-01-27 11:39:26,643]: [_trace.py]: atrace: 87:       DEBUG:    [connect_tcp.complete return_value=<httpcore._backends.anyio.AnyIOStream object at 0x7f298b6a71a0>]
[2025-01-27 11:39:26,643]: [_trace.py]: atrace: 87:       DEBUG:    [start_tls.started ssl_context=<ssl.SSLContext object at 0x7f298bd0aad0> server_hostname='api.telegram.org' timeout=5.0]
[2025-01-27 11:39:26,786]: [_trace.py]: atrace: 87:       DEBUG:    [start_tls.complete return_value=<httpcore._backends.anyio.AnyIOStream object at 0x7f298c579640>]
[2025-01-27 11:39:26,786]: [_trace.py]: atrace: 87:       DEBUG:    [send_request_headers.started request=<Request [b'POST']>]
[2025-01-27 11:39:26,786]: [_trace.py]: atrace: 87:       DEBUG:    [send_request_headers.complete]
[2025-01-27 11:39:26,787]: [_trace.py]: atrace: 87:       DEBUG:    [send_request_body.started request=<Request [b'POST']>]
[2025-01-27 11:39:26,787]: [_trace.py]: atrace: 87:       DEBUG:    [send_request_body.complete]
[2025-01-27 11:39:26,787]: [_trace.py]: atrace: 87:       DEBUG:    [receive_response_headers.started request=<Request [b'POST']>]
[2025-01-27 11:39:26,929]: [_trace.py]: atrace: 87:       DEBUG:    [receive_response_headers.complete return_value=(b'HTTP/1.1', 200, b'OK', [(b'Server', b'nginx/1.18.0'), (b'Date', b'Mon, 27 Jan 2025 11:39:26 GMT'), (b'Content-Type', b'application/json'), (b'Content-Length', b'258'), (b'Connection', b'keep-alive'), (b'Strict-Transport-Security', b'max-age=31536000; includeSubDomains; preload'), (b'Access-Control-Allow-Origin', b'*'), (b'Access-Control-Allow-Methods', b'GET, POST, OPTIONS'), (b'Access-Control-Expose-Headers', b'Content-Length,Content-Type,Date,Server,Connection')])]
[2025-01-27 11:39:26,929]: [_client.py]: _send_single_request: 1740:       INFO:    [HTTP Request: POST https://api.telegram.org/bot6030805959:AAGUHAMxLYc-PrevgKouJ3ZyM7ktu56ftjo/getMe "HTTP/1.1 200 OK"]
[2025-01-27 11:39:26,929]: [_trace.py]: atrace: 87:       DEBUG:    [receive_response_body.started request=<Request [b'POST']>]
[2025-01-27 11:39:26,929]: [_trace.py]: atrace: 87:       DEBUG:    [receive_response_body.complete]
[2025-01-27 11:39:26,929]: [_trace.py]: atrace: 87:       DEBUG:    [response_closed.started]
[2025-01-27 11:39:26,929]: [_trace.py]: atrace: 87:       DEBUG:    [response_closed.complete]
[2025-01-27 11:39:26,929]: [_bot.py]: _do_post: 652:       DEBUG:    [Call to Bot API endpoint `getMe` finished with return value `{'id': 6030805959, 'is_bot': True, 'first_name': 'TyPHoone', 'username': 'TyPHoone_Project_bot', 'can_join_groups': True, 'can_read_all_group_messages': False, 'supports_inline_queries': False, 'can_connect_to_business': False, 'has_main_web_app': False}`]
[2025-01-27 11:39:26,932]: [_bot.py]: _do_post: 643:       DEBUG:    [Calling Bot API endpoint `sendDocument` with parameters `{'chat_id': '-4119703192', 'document': <telegram._files.inputfile.InputFile object at 0x7f298b6e9680>}`]
[2025-01-27 11:39:26,933]: [_trace.py]: atrace: 87:       DEBUG:    [send_request_headers.started request=<Request [b'POST']>]
[2025-01-27 11:39:26,933]: [_trace.py]: atrace: 87:       DEBUG:    [send_request_headers.complete]
[2025-01-27 11:39:26,933]: [_trace.py]: atrace: 87:       DEBUG:    [send_request_body.started request=<Request [b'POST']>]
[2025-01-27 11:39:26,933]: [_trace.py]: atrace: 87:       DEBUG:    [send_request_body.complete]
[2025-01-27 11:39:26,934]: [_trace.py]: atrace: 87:       DEBUG:    [receive_response_headers.started request=<Request [b'POST']>]
[2025-01-27 11:39:27,161]: [_trace.py]: atrace: 87:       DEBUG:    [receive_response_headers.complete return_value=(b'HTTP/1.1', 200, b'OK', [(b'Server', b'nginx/1.18.0'), (b'Date', b'Mon, 27 Jan 2025 11:39:27 GMT'), (b'Content-Type', b'application/json'), (b'Content-Length', b'464'), (b'Connection', b'keep-alive'), (b'Strict-Transport-Security', b'max-age=31536000; includeSubDomains; preload'), (b'Access-Control-Allow-Origin', b'*'), (b'Access-Control-Allow-Methods', b'GET, POST, OPTIONS'), (b'Access-Control-Expose-Headers', b'Content-Length,Content-Type,Date,Server,Connection')])]
[2025-01-27 11:39:27,161]: [_client.py]: _send_single_request: 1740:       INFO:    [HTTP Request: POST https://api.telegram.org/bot6030805959:AAGUHAMxLYc-PrevgKouJ3ZyM7ktu56ftjo/sendDocument "HTTP/1.1 200 OK"]
[2025-01-27 11:39:27,161]: [_trace.py]: atrace: 87:       DEBUG:    [receive_response_body.started request=<Request [b'POST']>]
[2025-01-27 11:39:27,161]: [_trace.py]: atrace: 87:       DEBUG:    [receive_response_body.complete]
[2025-01-27 11:39:27,161]: [_trace.py]: atrace: 87:       DEBUG:    [response_closed.started]
[2025-01-27 11:39:27,161]: [_trace.py]: atrace: 87:       DEBUG:    [response_closed.complete]
[2025-01-27 11:39:27,162]: [_bot.py]: _do_post: 652:       DEBUG:    [Call to Bot API endpoint `sendDocument` finished with return value `{'message_id': 2137, 'from': {'id': 6030805959, 'is_bot': True, 'first_name': 'TyPHoone', 'username': 'TyPHoone_Project_bot'}, 'chat': {'id': -4119703192, 'title': 'Robocop', 'type': 'group', 'all_members_are_administrators': True}, 'date': 1737977967, 'document': {'file_name': '(2025_01_27--11_39).log', 'mime_type': 'text/plain', 'file_id': 'BQACAgQAAxkDAAIIWWeXcG-t2lhplsdx31cwO4iNTye-AAJSGQACqMnBUGESoUXaprAsNgQ', 'file_unique_id': 'AgADUhkAAqjJwVA', 'file_size': 5937}}`]
[2025-01-27 11:39:27,162]: [_trace.py]: atrace: 87:       DEBUG:    [close.started]
[2025-01-27 11:39:27,162]: [_trace.py]: atrace: 87:       DEBUG:    [close.complete]
[2025-01-27 11:39:27,207]: [_bot.py]: _do_post: 643:       DEBUG:    [Calling Bot API endpoint `getMe` with parameters `{}`]
[2025-01-27 11:39:27,207]: [_trace.py]: atrace: 87:       DEBUG:    [connect_tcp.started host='api.telegram.org' port=443 local_address=None timeout=5.0 socket_options=None]
[2025-01-27 11:39:27,347]: [_trace.py]: atrace: 87:       DEBUG:    [connect_tcp.complete return_value=<httpcore._backends.anyio.AnyIOStream object at 0x7f298b529970>]
[2025-01-27 11:39:27,347]: [_trace.py]: atrace: 87:       DEBUG:    [start_tls.started ssl_context=<ssl.SSLContext object at 0x7f298bd0a8d0> server_hostname='api.telegram.org' timeout=5.0]
[2025-01-27 11:39:27,489]: [_trace.py]: atrace: 87:       DEBUG:    [start_tls.complete return_value=<httpcore._backends.anyio.AnyIOStream object at 0x7f298bd164e0>]
[2025-01-27 11:39:27,489]: [_trace.py]: atrace: 87:       DEBUG:    [send_request_headers.started request=<Request [b'POST']>]
[2025-01-27 11:39:27,489]: [_trace.py]: atrace: 87:       DEBUG:    [send_request_headers.complete]
[2025-01-27 11:39:27,489]: [_trace.py]: atrace: 87:       DEBUG:    [send_request_body.started request=<Request [b'POST']>]
[2025-01-27 11:39:27,489]: [_trace.py]: atrace: 87:       DEBUG:    [send_request_body.complete]
[2025-01-27 11:39:27,489]: [_trace.py]: atrace: 87:       DEBUG:    [receive_response_headers.started request=<Request [b'POST']>]
[2025-01-27 11:39:27,627]: [_trace.py]: atrace: 87:       DEBUG:    [receive_response_headers.complete return_value=(b'HTTP/1.1', 200, b'OK', [(b'Server', b'nginx/1.18.0'), (b'Date', b'Mon, 27 Jan 2025 11:39:27 GMT'), (b'Content-Type', b'application/json'), (b'Content-Length', b'258'), (b'Connection', b'keep-alive'), (b'Strict-Transport-Security', b'max-age=31536000; includeSubDomains; preload'), (b'Access-Control-Allow-Origin', b'*'), (b'Access-Control-Allow-Methods', b'GET, POST, OPTIONS'), (b'Access-Control-Expose-Headers', b'Content-Length,Content-Type,Date,Server,Connection')])]
[2025-01-27 11:39:27,628]: [_client.py]: _send_single_request: 1740:       INFO:    [HTTP Request: POST https://api.telegram.org/bot6030805959:AAGUHAMxLYc-PrevgKouJ3ZyM7ktu56ftjo/getMe "HTTP/1.1 200 OK"]
[2025-01-27 11:39:27,628]: [_trace.py]: atrace: 87:       DEBUG:    [receive_response_body.started request=<Request [b'POST']>]
[2025-01-27 11:39:27,628]: [_trace.py]: atrace: 87:       DEBUG:    [receive_response_body.complete]
[2025-01-27 11:39:27,628]: [_trace.py]: atrace: 87:       DEBUG:    [response_closed.started]
[2025-01-27 11:39:27,628]: [_trace.py]: atrace: 87:       DEBUG:    [response_closed.complete]
[2025-01-27 11:39:27,628]: [_bot.py]: _do_post: 652:       DEBUG:    [Call to Bot API endpoint `getMe` finished with return value `{'id': 6030805959, 'is_bot': True, 'first_name': 'TyPHoone', 'username': 'TyPHoone_Project_bot', 'can_join_groups': True, 'can_read_all_group_messages': False, 'supports_inline_queries': False, 'can_connect_to_business': False, 'has_main_web_app': False}`]
[2025-01-27 11:39:27,630]: [_bot.py]: _do_post: 643:       DEBUG:    [Calling Bot API endpoint `sendDocument` with parameters `{'chat_id': '-4119703192', 'document': <telegram._files.inputfile.InputFile object at 0x7f298bd52c00>}`]
[2025-01-27 11:39:27,631]: [_trace.py]: atrace: 87:       DEBUG:    [send_request_headers.started request=<Request [b'POST']>]
[2025-01-27 11:39:27,631]: [_trace.py]: atrace: 87:       DEBUG:    [send_request_headers.complete]
[2025-01-27 11:39:27,631]: [_trace.py]: atrace: 87:       DEBUG:    [send_request_body.started request=<Request [b'POST']>]
[2025-01-27 11:39:28,885]: [_trace.py]: atrace: 87:       DEBUG:    [send_request_body.complete]
[2025-01-27 11:39:28,885]: [_trace.py]: atrace: 87:       DEBUG:    [receive_response_headers.started request=<Request [b'POST']>]
[2025-01-27 11:39:29,561]: [_trace.py]: atrace: 87:       DEBUG:    [receive_response_headers.complete return_value=(b'HTTP/1.1', 200, b'OK', [(b'Server', b'nginx/1.18.0'), (b'Date', b'Mon, 27 Jan 2025 11:39:29 GMT'), (b'Content-Type', b'application/json'), (b'Content-Length', b'478'), (b'Connection', b'keep-alive'), (b'Strict-Transport-Security', b'max-age=31536000; includeSubDomains; preload'), (b'Access-Control-Allow-Origin', b'*'), (b'Access-Control-Allow-Methods', b'GET, POST, OPTIONS'), (b'Access-Control-Expose-Headers', b'Content-Length,Content-Type,Date,Server,Connection')])]
[2025-01-27 11:39:29,561]: [_client.py]: _send_single_request: 1740:       INFO:    [HTTP Request: POST https://api.telegram.org/bot6030805959:AAGUHAMxLYc-PrevgKouJ3ZyM7ktu56ftjo/sendDocument "HTTP/1.1 200 OK"]
[2025-01-27 11:39:29,561]: [_trace.py]: atrace: 87:       DEBUG:    [receive_response_body.started request=<Request [b'POST']>]
[2025-01-27 11:39:29,561]: [_trace.py]: atrace: 87:       DEBUG:    [receive_response_body.complete]
[2025-01-27 11:39:29,561]: [_trace.py]: atrace: 87:       DEBUG:    [response_closed.started]
[2025-01-27 11:39:29,561]: [_trace.py]: atrace: 87:       DEBUG:    [response_closed.complete]
[2025-01-27 11:39:29,561]: [_bot.py]: _do_post: 652:       DEBUG:    [Call to Bot API endpoint `sendDocument` finished with return value `{'message_id': 2138, 'from': {'id': 6030805959, 'is_bot': True, 'first_name': 'TyPHoone', 'username': 'TyPHoone_Project_bot'}, 'chat': {'id': -4119703192, 'title': 'Robocop', 'type': 'group', 'all_members_are_administrators': True}, 'date': 1737977969, 'document': {'file_name': '(2025_01_27--11_39)output.zip', 'mime_type': 'application/zip', 'file_id': 'BQACAgQAAxkDAAIIWmeXcHGQqdfll8njcrE6NfNTB9TKAAJTGQACqMnBUHgGfm7FOPMDNgQ', 'file_unique_id': 'AgADUxkAAqjJwVA', 'file_size': 9791405}}`]
[2025-01-27 11:39:29,562]: [_trace.py]: atrace: 87:       DEBUG:    [close.started]
[2025-01-27 11:39:29,562]: [_trace.py]: atrace: 87:       DEBUG:    [close.complete]
[2025-01-27 11:39:29,562]: [Telegram_Sender.py]: runner: 61:       INFO:    [sent successfully]
[2025-01-27 11:39:29,563]: [Main.py]: <module>: 48:       INFO:    [Finished]
