[2024-07-05 11:37:39,088]: [Main.py]: <module>: 21:       INFO:    [Started]
[2024-07-05 11:37:40,955]: [Iron_Scraper.py]: Scrap: 32:       INFO:    [Data Scaraped Successfully]
[2024-07-05 11:37:41,153]: [Iron_Scraper.py]: Scrap: 70:       INFO:    [Scrapped Data Has No Problem]
[2024-07-05 11:37:41,154]: [Iron_Scraper.py]: Scrap: 83:       INFO:    [Data Saved Successfully]
[2024-07-05 11:37:41,154]: [Iron.py]: Run: 26:       INFO:    [Scraping Phase Completed]
[2024-07-05 11:37:41,154]: [Iron_Data_Processor.py]: Data_Reader: 61:       INFO:    [Data File Has Been Red Successfully]
[2024-07-05 11:37:41,154]: [Iron_Data_Processor.py]: Shaper: 78:       INFO:    [Data Shaped]
[2024-07-05 11:37:41,155]: [Iron_Data_Processor.py]: Process: 228:       INFO:    [Data Cleaned]
[2024-07-05 11:37:41,155]: [Iron_Data_Processor.py]: Make_Pages_Objects: 101:       INFO:    [Page Objects Has Been Made]
[2024-07-05 11:37:41,155]: [Iron_Data_Processor.py]: Make_Pages_Objects: 101:       INFO:    [Page Objects Has Been Made]
[2024-07-05 11:37:41,155]: [Iron_Data_Processor.py]: Load_Data: 118:       INFO:    [Data Has Been Load]
[2024-07-05 11:37:41,155]: [Iron_Data_Processor.py]: Load_Data: 118:       INFO:    [Data Has Been Load]
[2024-07-05 11:37:41,155]: [Iron_Data_Processor.py]: Load_positions: 140:       INFO:    [Positions Are Ready]
[2024-07-05 11:37:41,155]: [Iron_Data_Processor.py]: Load_positions: 140:       INFO:    [Positions Are Ready]
[2024-07-05 11:37:42,279]: [Iron_Data_Processor.py]: Make_Tagged_Images: 193:       INFO:    [Images Has Been Made]
[2024-07-05 11:37:43,230]: [Iron_Data_Processor.py]: Make_Tagged_Images: 193:       INFO:    [Images Has Been Made]
[2024-07-05 11:37:43,483]: [Iron_Data_Processor.py]: Make_Cover_Page: 215:       INFO:    [Made Cover Pages]
[2024-07-05 11:37:43,483]: [Iron.py]: Run: 29:       INFO:    [Imagination Phase Completed]
[2024-07-05 11:37:47,421]: [Phone_Scraper.py]: Scrap: 58:       INFO:    [Data Scraped]
[2024-07-05 11:37:47,421]: [Phone_Scraper.py]: Scrap: 71:       INFO:    [Scraped Data Successfully]
[2024-07-05 11:37:47,421]: [Phone.py]: Run: 26:       INFO:    [Scraping Phase Complete]
[2024-07-05 11:37:47,422]: [Phone_Data_Processor.py]: data_reader: 38:       INFO:    [Scraped Data Loaded]
[2024-07-05 11:37:47,423]: [Phone_Data_Processor.py]: filter_list: 65:       INFO:    [Persian Phrases Are deleted]
[2024-07-05 11:37:47,423]: [Phone_Data_Processor.py]: reshape_list: 87:       INFO:    [Date Reshaped]
[2024-07-05 11:37:47,423]: [Phone_Data_Processor.py]: separate_brands: 124:       INFO:    [Brands Are Separated]
[2024-07-05 11:37:47,424]: [Phone_Data_Processor.py]: delete_extra_spaces: 141:       INFO:    [Extra Spaces Are Deleted]
[2024-07-05 11:37:48,044]: [Phone.py]: Run: 29:       INFO:    [Imagination Phase Complete]
[2024-07-05 11:37:48,044]: [selector_events.py]: __init__: 64:       DEBUG:    [Using selector: EpollSelector]
[2024-07-05 11:37:48,370]: [_bot.py]: _do_post: 643:       DEBUG:    [Calling Bot API endpoint `getMe` with parameters `{}`]
[2024-07-05 11:37:48,374]: [_trace.py]: atrace: 85:       DEBUG:    [connect_tcp.started host='api.telegram.org' port=443 local_address=None timeout=5.0 socket_options=None]
[2024-07-05 11:37:48,499]: [_trace.py]: atrace: 85:       DEBUG:    [connect_tcp.complete return_value=<httpcore._backends.anyio.AnyIOStream object at 0x7fe7afc4a060>]
[2024-07-05 11:37:48,499]: [_trace.py]: atrace: 85:       DEBUG:    [start_tls.started ssl_context=<ssl.SSLContext object at 0x7fe7af2469d0> server_hostname='api.telegram.org' timeout=5.0]
[2024-07-05 11:37:48,602]: [_trace.py]: atrace: 85:       DEBUG:    [start_tls.complete return_value=<httpcore._backends.anyio.AnyIOStream object at 0x7fe7af493ec0>]
[2024-07-05 11:37:48,602]: [_trace.py]: atrace: 85:       DEBUG:    [send_request_headers.started request=<Request [b'POST']>]
[2024-07-05 11:37:48,602]: [_trace.py]: atrace: 85:       DEBUG:    [send_request_headers.complete]
[2024-07-05 11:37:48,603]: [_trace.py]: atrace: 85:       DEBUG:    [send_request_body.started request=<Request [b'POST']>]
[2024-07-05 11:37:48,603]: [_trace.py]: atrace: 85:       DEBUG:    [send_request_body.complete]
[2024-07-05 11:37:48,603]: [_trace.py]: atrace: 85:       DEBUG:    [receive_response_headers.started request=<Request [b'POST']>]
[2024-07-05 11:37:48,703]: [_trace.py]: atrace: 85:       DEBUG:    [receive_response_headers.complete return_value=(b'HTTP/1.1', 200, b'OK', [(b'Server', b'nginx/1.18.0'), (b'Date', b'Fri, 05 Jul 2024 11:37:48 GMT'), (b'Content-Type', b'application/json'), (b'Content-Length', b'233'), (b'Connection', b'keep-alive'), (b'Strict-Transport-Security', b'max-age=31536000; includeSubDomains; preload'), (b'Access-Control-Allow-Origin', b'*'), (b'Access-Control-Allow-Methods', b'GET, POST, OPTIONS'), (b'Access-Control-Expose-Headers', b'Content-Length,Content-Type,Date,Server,Connection')])]
[2024-07-05 11:37:48,703]: [_client.py]: _send_single_request: 1773:       INFO:    [HTTP Request: POST https://api.telegram.org/bot6030805959:AAGUHAMxLYc-PrevgKouJ3ZyM7ktu56ftjo/getMe "HTTP/1.1 200 OK"]
[2024-07-05 11:37:48,703]: [_trace.py]: atrace: 85:       DEBUG:    [receive_response_body.started request=<Request [b'POST']>]
[2024-07-05 11:37:48,703]: [_trace.py]: atrace: 85:       DEBUG:    [receive_response_body.complete]
[2024-07-05 11:37:48,703]: [_trace.py]: atrace: 85:       DEBUG:    [response_closed.started]
[2024-07-05 11:37:48,703]: [_trace.py]: atrace: 85:       DEBUG:    [response_closed.complete]
[2024-07-05 11:37:48,703]: [_bot.py]: _do_post: 652:       DEBUG:    [Call to Bot API endpoint `getMe` finished with return value `{'id': 6030805959, 'is_bot': True, 'first_name': 'TyPHoone', 'username': 'TyPHoone_Project_bot', 'can_join_groups': True, 'can_read_all_group_messages': False, 'supports_inline_queries': False, 'can_connect_to_business': False}`]
[2024-07-05 11:37:48,707]: [_bot.py]: _do_post: 643:       DEBUG:    [Calling Bot API endpoint `sendDocument` with parameters `{'chat_id': '-4119703192', 'document': <telegram._files.inputfile.InputFile object at 0x7fe7ae93d180>}`]
[2024-07-05 11:37:48,707]: [_trace.py]: atrace: 85:       DEBUG:    [send_request_headers.started request=<Request [b'POST']>]
[2024-07-05 11:37:48,707]: [_trace.py]: atrace: 85:       DEBUG:    [send_request_headers.complete]
[2024-07-05 11:37:48,707]: [_trace.py]: atrace: 85:       DEBUG:    [send_request_body.started request=<Request [b'POST']>]
[2024-07-05 11:37:48,708]: [_trace.py]: atrace: 85:       DEBUG:    [send_request_body.complete]
[2024-07-05 11:37:48,708]: [_trace.py]: atrace: 85:       DEBUG:    [receive_response_headers.started request=<Request [b'POST']>]
[2024-07-05 11:37:48,956]: [_trace.py]: atrace: 85:       DEBUG:    [receive_response_headers.complete return_value=(b'HTTP/1.1', 200, b'OK', [(b'Server', b'nginx/1.18.0'), (b'Date', b'Fri, 05 Jul 2024 11:37:48 GMT'), (b'Content-Type', b'application/json'), (b'Content-Length', b'463'), (b'Connection', b'keep-alive'), (b'Strict-Transport-Security', b'max-age=31536000; includeSubDomains; preload'), (b'Access-Control-Allow-Origin', b'*'), (b'Access-Control-Allow-Methods', b'GET, POST, OPTIONS'), (b'Access-Control-Expose-Headers', b'Content-Length,Content-Type,Date,Server,Connection')])]
[2024-07-05 11:37:48,956]: [_client.py]: _send_single_request: 1773:       INFO:    [HTTP Request: POST https://api.telegram.org/bot6030805959:AAGUHAMxLYc-PrevgKouJ3ZyM7ktu56ftjo/sendDocument "HTTP/1.1 200 OK"]
[2024-07-05 11:37:48,957]: [_trace.py]: atrace: 85:       DEBUG:    [receive_response_body.started request=<Request [b'POST']>]
[2024-07-05 11:37:48,957]: [_trace.py]: atrace: 85:       DEBUG:    [receive_response_body.complete]
[2024-07-05 11:37:48,957]: [_trace.py]: atrace: 85:       DEBUG:    [response_closed.started]
[2024-07-05 11:37:48,957]: [_trace.py]: atrace: 85:       DEBUG:    [response_closed.complete]
[2024-07-05 11:37:48,957]: [_bot.py]: _do_post: 652:       DEBUG:    [Call to Bot API endpoint `sendDocument` finished with return value `{'message_id': 893, 'from': {'id': 6030805959, 'is_bot': True, 'first_name': 'TyPHoone', 'username': 'TyPHoone_Project_bot'}, 'chat': {'id': -4119703192, 'title': 'Robocop', 'type': 'group', 'all_members_are_administrators': True}, 'date': 1720179468, 'document': {'file_name': '(2024_07_05--11_37).log', 'mime_type': 'text/plain', 'file_id': 'BQACAgQAAxkDAAIDfWaH2wylsGzGHuQgdzz4K9eFbZRlAAKdEgACmTg5UJJ2NqJ5iL3TNQQ', 'file_unique_id': 'AgADnRIAApk4OVA', 'file_size': 5910}}`]
[2024-07-05 11:37:48,957]: [_trace.py]: atrace: 85:       DEBUG:    [close.started]
[2024-07-05 11:37:48,958]: [_trace.py]: atrace: 85:       DEBUG:    [close.complete]
[2024-07-05 11:37:48,958]: [_config.py]: load_ssl_context: 80:       DEBUG:    [load_ssl_context verify=True cert=None trust_env=True http2=False]
[2024-07-05 11:37:48,958]: [_config.py]: load_ssl_context_verify: 146:       DEBUG:    [load_verify_locations cafile='/opt/hostedtoolcache/Python/3.12.4/x64/lib/python3.12/site-packages/certifi/cacert.pem']
[2024-07-05 11:37:48,986]: [_config.py]: load_ssl_context: 80:       DEBUG:    [load_ssl_context verify=True cert=None trust_env=True http2=False]
[2024-07-05 11:37:48,987]: [_config.py]: load_ssl_context_verify: 146:       DEBUG:    [load_verify_locations cafile='/opt/hostedtoolcache/Python/3.12.4/x64/lib/python3.12/site-packages/certifi/cacert.pem']
[2024-07-05 11:37:49,013]: [_bot.py]: _do_post: 643:       DEBUG:    [Calling Bot API endpoint `getMe` with parameters `{}`]
[2024-07-05 11:37:49,014]: [_trace.py]: atrace: 85:       DEBUG:    [connect_tcp.started host='api.telegram.org' port=443 local_address=None timeout=5.0 socket_options=None]
[2024-07-05 11:37:49,116]: [_trace.py]: atrace: 85:       DEBUG:    [connect_tcp.complete return_value=<httpcore._backends.anyio.AnyIOStream object at 0x7fe7afc4a060>]
[2024-07-05 11:37:49,117]: [_trace.py]: atrace: 85:       DEBUG:    [start_tls.started ssl_context=<ssl.SSLContext object at 0x7fe7af2467d0> server_hostname='api.telegram.org' timeout=5.0]
[2024-07-05 11:37:49,222]: [_trace.py]: atrace: 85:       DEBUG:    [start_tls.complete return_value=<httpcore._backends.anyio.AnyIOStream object at 0x7fe7aef0c350>]
[2024-07-05 11:37:49,222]: [_trace.py]: atrace: 85:       DEBUG:    [send_request_headers.started request=<Request [b'POST']>]
[2024-07-05 11:37:49,223]: [_trace.py]: atrace: 85:       DEBUG:    [send_request_headers.complete]
[2024-07-05 11:37:49,223]: [_trace.py]: atrace: 85:       DEBUG:    [send_request_body.started request=<Request [b'POST']>]
[2024-07-05 11:37:49,223]: [_trace.py]: atrace: 85:       DEBUG:    [send_request_body.complete]
[2024-07-05 11:37:49,223]: [_trace.py]: atrace: 85:       DEBUG:    [receive_response_headers.started request=<Request [b'POST']>]
[2024-07-05 11:37:49,326]: [_trace.py]: atrace: 85:       DEBUG:    [receive_response_headers.complete return_value=(b'HTTP/1.1', 200, b'OK', [(b'Server', b'nginx/1.18.0'), (b'Date', b'Fri, 05 Jul 2024 11:37:49 GMT'), (b'Content-Type', b'application/json'), (b'Content-Length', b'233'), (b'Connection', b'keep-alive'), (b'Strict-Transport-Security', b'max-age=31536000; includeSubDomains; preload'), (b'Access-Control-Allow-Origin', b'*'), (b'Access-Control-Allow-Methods', b'GET, POST, OPTIONS'), (b'Access-Control-Expose-Headers', b'Content-Length,Content-Type,Date,Server,Connection')])]
[2024-07-05 11:37:49,326]: [_client.py]: _send_single_request: 1773:       INFO:    [HTTP Request: POST https://api.telegram.org/bot6030805959:AAGUHAMxLYc-PrevgKouJ3ZyM7ktu56ftjo/getMe "HTTP/1.1 200 OK"]
[2024-07-05 11:37:49,326]: [_trace.py]: atrace: 85:       DEBUG:    [receive_response_body.started request=<Request [b'POST']>]
[2024-07-05 11:37:49,327]: [_trace.py]: atrace: 85:       DEBUG:    [receive_response_body.complete]
[2024-07-05 11:37:49,327]: [_trace.py]: atrace: 85:       DEBUG:    [response_closed.started]
[2024-07-05 11:37:49,327]: [_trace.py]: atrace: 85:       DEBUG:    [response_closed.complete]
[2024-07-05 11:37:49,327]: [_bot.py]: _do_post: 652:       DEBUG:    [Call to Bot API endpoint `getMe` finished with return value `{'id': 6030805959, 'is_bot': True, 'first_name': 'TyPHoone', 'username': 'TyPHoone_Project_bot', 'can_join_groups': True, 'can_read_all_group_messages': False, 'supports_inline_queries': False, 'can_connect_to_business': False}`]
[2024-07-05 11:37:49,329]: [_bot.py]: _do_post: 643:       DEBUG:    [Calling Bot API endpoint `sendDocument` with parameters `{'chat_id': '-4119703192', 'document': <telegram._files.inputfile.InputFile object at 0x7fe7ae93d1c0>}`]
[2024-07-05 11:37:49,330]: [_trace.py]: atrace: 85:       DEBUG:    [send_request_headers.started request=<Request [b'POST']>]
[2024-07-05 11:37:49,330]: [_trace.py]: atrace: 85:       DEBUG:    [send_request_headers.complete]
[2024-07-05 11:37:49,330]: [_trace.py]: atrace: 85:       DEBUG:    [send_request_body.started request=<Request [b'POST']>]
[2024-07-05 11:37:50,249]: [_trace.py]: atrace: 85:       DEBUG:    [send_request_body.complete]
[2024-07-05 11:37:50,250]: [_trace.py]: atrace: 85:       DEBUG:    [receive_response_headers.started request=<Request [b'POST']>]
[2024-07-05 11:37:51,113]: [_trace.py]: atrace: 85:       DEBUG:    [receive_response_headers.complete return_value=(b'HTTP/1.1', 200, b'OK', [(b'Server', b'nginx/1.18.0'), (b'Date', b'Fri, 05 Jul 2024 11:37:51 GMT'), (b'Content-Type', b'application/json'), (b'Content-Length', b'477'), (b'Connection', b'keep-alive'), (b'Strict-Transport-Security', b'max-age=31536000; includeSubDomains; preload'), (b'Access-Control-Allow-Origin', b'*'), (b'Access-Control-Allow-Methods', b'GET, POST, OPTIONS'), (b'Access-Control-Expose-Headers', b'Content-Length,Content-Type,Date,Server,Connection')])]
[2024-07-05 11:37:51,113]: [_client.py]: _send_single_request: 1773:       INFO:    [HTTP Request: POST https://api.telegram.org/bot6030805959:AAGUHAMxLYc-PrevgKouJ3ZyM7ktu56ftjo/sendDocument "HTTP/1.1 200 OK"]
[2024-07-05 11:37:51,113]: [_trace.py]: atrace: 85:       DEBUG:    [receive_response_body.started request=<Request [b'POST']>]
[2024-07-05 11:37:51,113]: [_trace.py]: atrace: 85:       DEBUG:    [receive_response_body.complete]
[2024-07-05 11:37:51,114]: [_trace.py]: atrace: 85:       DEBUG:    [response_closed.started]
[2024-07-05 11:37:51,114]: [_trace.py]: atrace: 85:       DEBUG:    [response_closed.complete]
[2024-07-05 11:37:51,114]: [_bot.py]: _do_post: 652:       DEBUG:    [Call to Bot API endpoint `sendDocument` finished with return value `{'message_id': 894, 'from': {'id': 6030805959, 'is_bot': True, 'first_name': 'TyPHoone', 'username': 'TyPHoone_Project_bot'}, 'chat': {'id': -4119703192, 'title': 'Robocop', 'type': 'group', 'all_members_are_administrators': True}, 'date': 1720179471, 'document': {'file_name': '(2024_07_05--11_37)output.zip', 'mime_type': 'application/zip', 'file_id': 'BQACAgQAAxkDAAIDfmaH2w7KA0EdG4mOXbHWck9n2-uWAAKeEgACmTg5UGUdMrzOzZHINQQ', 'file_unique_id': 'AgADnhIAApk4OVA', 'file_size': 9765031}}`]
[2024-07-05 11:37:51,114]: [_trace.py]: atrace: 85:       DEBUG:    [close.started]
[2024-07-05 11:37:51,114]: [_trace.py]: atrace: 85:       DEBUG:    [close.complete]
[2024-07-05 11:37:51,114]: [Telegram_Sender.py]: runner: 61:       INFO:    [sent successfully]
[2024-07-05 11:37:51,115]: [Main.py]: <module>: 48:       INFO:    [Finished]
