[2025-10-06 11:39:23,592]: [Main.py]: <module>: 21:       INFO:    [Started]
[2025-10-06 11:39:25,479]: [Iron_Scraper.py]: Scrap: 32:       INFO:    [Data Scaraped Successfully]
[2025-10-06 11:39:25,678]: [Iron_Scraper.py]: Scrap: 70:       INFO:    [Scrapped Data Has No Problem]
[2025-10-06 11:39:25,678]: [Iron_Scraper.py]: Scrap: 83:       INFO:    [Data Saved Successfully]
[2025-10-06 11:39:25,678]: [Iron.py]: Run: 26:       INFO:    [Scraping Phase Completed]
[2025-10-06 11:39:25,679]: [Iron_Data_Processor.py]: Data_Reader: 61:       INFO:    [Data File Has Been Red Successfully]
[2025-10-06 11:39:25,679]: [Iron_Data_Processor.py]: Shaper: 78:       INFO:    [Data Shaped]
[2025-10-06 11:39:25,679]: [Iron_Data_Processor.py]: Process: 228:       INFO:    [Data Cleaned]
[2025-10-06 11:39:25,679]: [Iron_Data_Processor.py]: Make_Pages_Objects: 101:       INFO:    [Page Objects Has Been Made]
[2025-10-06 11:39:25,679]: [Iron_Data_Processor.py]: Make_Pages_Objects: 101:       INFO:    [Page Objects Has Been Made]
[2025-10-06 11:39:25,679]: [Iron_Data_Processor.py]: Load_Data: 118:       INFO:    [Data Has Been Load]
[2025-10-06 11:39:25,679]: [Iron_Data_Processor.py]: Load_Data: 118:       INFO:    [Data Has Been Load]
[2025-10-06 11:39:25,680]: [Iron_Data_Processor.py]: Load_positions: 140:       INFO:    [Positions Are Ready]
[2025-10-06 11:39:25,680]: [Iron_Data_Processor.py]: Load_positions: 140:       INFO:    [Positions Are Ready]
[2025-10-06 11:39:26,806]: [Iron_Data_Processor.py]: Make_Tagged_Images: 193:       INFO:    [Images Has Been Made]
[2025-10-06 11:39:27,757]: [Iron_Data_Processor.py]: Make_Tagged_Images: 193:       INFO:    [Images Has Been Made]
[2025-10-06 11:39:28,013]: [Iron_Data_Processor.py]: Make_Cover_Page: 215:       INFO:    [Made Cover Pages]
[2025-10-06 11:39:28,013]: [Iron.py]: Run: 29:       INFO:    [Imagination Phase Completed]
[2025-10-06 11:39:30,949]: [Phone_Scraper.py]: Scrap: 58:       INFO:    [Data Scraped]
[2025-10-06 11:39:30,949]: [Phone_Scraper.py]: Scrap: 71:       INFO:    [Scraped Data Successfully]
[2025-10-06 11:39:30,949]: [Phone.py]: Run: 26:       INFO:    [Scraping Phase Complete]
[2025-10-06 11:39:30,950]: [Phone_Data_Processor.py]: data_reader: 38:       INFO:    [Scraped Data Loaded]
[2025-10-06 11:39:30,951]: [Phone_Data_Processor.py]: filter_list: 65:       INFO:    [Persian Phrases Are deleted]
[2025-10-06 11:39:30,951]: [Phone_Data_Processor.py]: reshape_list: 87:       INFO:    [Date Reshaped]
[2025-10-06 11:39:30,951]: [Phone_Data_Processor.py]: separate_brands: 124:       INFO:    [Brands Are Separated]
[2025-10-06 11:39:30,952]: [Phone_Data_Processor.py]: delete_extra_spaces: 141:       INFO:    [Extra Spaces Are Deleted]
[2025-10-06 11:39:31,699]: [Phone.py]: Run: 29:       INFO:    [Imagination Phase Complete]
[2025-10-06 11:39:31,700]: [selector_events.py]: __init__: 64:       DEBUG:    [Using selector: EpollSelector]
[2025-10-06 11:39:31,980]: [_bot.py]: _do_post: 643:       DEBUG:    [Calling Bot API endpoint `getMe` with parameters `{}`]
[2025-10-06 11:39:31,984]: [_trace.py]: atrace: 87:       DEBUG:    [connect_tcp.started host='api.telegram.org' port=443 local_address=None timeout=5.0 socket_options=None]
[2025-10-06 11:39:32,196]: [_trace.py]: atrace: 87:       DEBUG:    [connect_tcp.complete return_value=<httpcore._backends.anyio.AnyIOStream object at 0x7f88fa4cc650>]
[2025-10-06 11:39:32,197]: [_trace.py]: atrace: 87:       DEBUG:    [start_tls.started ssl_context=<ssl.SSLContext object at 0x7f88faeb5f50> server_hostname='api.telegram.org' timeout=5.0]
[2025-10-06 11:39:32,334]: [_trace.py]: atrace: 87:       DEBUG:    [start_tls.complete return_value=<httpcore._backends.anyio.AnyIOStream object at 0x7f88fb02d640>]
[2025-10-06 11:39:32,335]: [_trace.py]: atrace: 87:       DEBUG:    [send_request_headers.started request=<Request [b'POST']>]
[2025-10-06 11:39:32,335]: [_trace.py]: atrace: 87:       DEBUG:    [send_request_headers.complete]
[2025-10-06 11:39:32,335]: [_trace.py]: atrace: 87:       DEBUG:    [send_request_body.started request=<Request [b'POST']>]
[2025-10-06 11:39:32,335]: [_trace.py]: atrace: 87:       DEBUG:    [send_request_body.complete]
[2025-10-06 11:39:32,335]: [_trace.py]: atrace: 87:       DEBUG:    [receive_response_headers.started request=<Request [b'POST']>]
[2025-10-06 11:39:32,472]: [_trace.py]: atrace: 87:       DEBUG:    [receive_response_headers.complete return_value=(b'HTTP/1.1', 200, b'OK', [(b'Server', b'nginx/1.18.0'), (b'Date', b'Mon, 06 Oct 2025 11:39:32 GMT'), (b'Content-Type', b'application/json'), (b'Content-Length', b'258'), (b'Connection', b'keep-alive'), (b'Strict-Transport-Security', b'max-age=31536000; includeSubDomains; preload'), (b'Access-Control-Allow-Origin', b'*'), (b'Access-Control-Allow-Methods', b'GET, POST, OPTIONS'), (b'Access-Control-Expose-Headers', b'Content-Length,Content-Type,Date,Server,Connection')])]
[2025-10-06 11:39:32,472]: [_client.py]: _send_single_request: 1740:       INFO:    [HTTP Request: POST https://api.telegram.org/bot6030805959:AAGUHAMxLYc-PrevgKouJ3ZyM7ktu56ftjo/getMe "HTTP/1.1 200 OK"]
[2025-10-06 11:39:32,472]: [_trace.py]: atrace: 87:       DEBUG:    [receive_response_body.started request=<Request [b'POST']>]
[2025-10-06 11:39:32,473]: [_trace.py]: atrace: 87:       DEBUG:    [receive_response_body.complete]
[2025-10-06 11:39:32,473]: [_trace.py]: atrace: 87:       DEBUG:    [response_closed.started]
[2025-10-06 11:39:32,473]: [_trace.py]: atrace: 87:       DEBUG:    [response_closed.complete]
[2025-10-06 11:39:32,473]: [_bot.py]: _do_post: 652:       DEBUG:    [Call to Bot API endpoint `getMe` finished with return value `{'id': 6030805959, 'is_bot': True, 'first_name': 'TyPHoone', 'username': 'TyPHoone_Project_bot', 'can_join_groups': True, 'can_read_all_group_messages': False, 'supports_inline_queries': False, 'can_connect_to_business': False, 'has_main_web_app': False}`]
[2025-10-06 11:39:32,476]: [_bot.py]: _do_post: 643:       DEBUG:    [Calling Bot API endpoint `sendDocument` with parameters `{'chat_id': '-4119703192', 'document': <telegram._files.inputfile.InputFile object at 0x7f88fa4d9380>}`]
[2025-10-06 11:39:32,476]: [_trace.py]: atrace: 87:       DEBUG:    [send_request_headers.started request=<Request [b'POST']>]
[2025-10-06 11:39:32,477]: [_trace.py]: atrace: 87:       DEBUG:    [send_request_headers.complete]
[2025-10-06 11:39:32,477]: [_trace.py]: atrace: 87:       DEBUG:    [send_request_body.started request=<Request [b'POST']>]
[2025-10-06 11:39:32,477]: [_trace.py]: atrace: 87:       DEBUG:    [send_request_body.complete]
[2025-10-06 11:39:32,477]: [_trace.py]: atrace: 87:       DEBUG:    [receive_response_headers.started request=<Request [b'POST']>]
[2025-10-06 11:39:33,021]: [_trace.py]: atrace: 87:       DEBUG:    [receive_response_headers.complete return_value=(b'HTTP/1.1', 200, b'OK', [(b'Server', b'nginx/1.18.0'), (b'Date', b'Mon, 06 Oct 2025 11:39:32 GMT'), (b'Content-Type', b'application/json'), (b'Content-Length', b'584'), (b'Connection', b'keep-alive'), (b'Strict-Transport-Security', b'max-age=31536000; includeSubDomains; preload'), (b'Access-Control-Allow-Origin', b'*'), (b'Access-Control-Allow-Methods', b'GET, POST, OPTIONS'), (b'Access-Control-Expose-Headers', b'Content-Length,Content-Type,Date,Server,Connection')])]
[2025-10-06 11:39:33,021]: [_client.py]: _send_single_request: 1740:       INFO:    [HTTP Request: POST https://api.telegram.org/bot6030805959:AAGUHAMxLYc-PrevgKouJ3ZyM7ktu56ftjo/sendDocument "HTTP/1.1 200 OK"]
[2025-10-06 11:39:33,021]: [_trace.py]: atrace: 87:       DEBUG:    [receive_response_body.started request=<Request [b'POST']>]
[2025-10-06 11:39:33,021]: [_trace.py]: atrace: 87:       DEBUG:    [receive_response_body.complete]
[2025-10-06 11:39:33,021]: [_trace.py]: atrace: 87:       DEBUG:    [response_closed.started]
[2025-10-06 11:39:33,021]: [_trace.py]: atrace: 87:       DEBUG:    [response_closed.complete]
[2025-10-06 11:39:33,021]: [_bot.py]: _do_post: 652:       DEBUG:    [Call to Bot API endpoint `sendDocument` finished with return value `{'message_id': 2647, 'from': {'id': 6030805959, 'is_bot': True, 'first_name': 'TyPHoone', 'username': 'TyPHoone_Project_bot'}, 'chat': {'id': -4119703192, 'title': 'Robocop', 'type': 'group', 'all_members_are_administrators': True, 'accepted_gift_types': {'unlimited_gifts': False, 'limited_gifts': False, 'unique_gifts': False, 'premium_subscription': False}}, 'date': 1759750772, 'document': {'file_name': '(2025_10_06--11_39).log', 'mime_type': 'text/plain', 'file_id': 'BQACAgQAAxkDAAIKV2jjqnQ1G23tZoiGTTHxTyJkUBovAAINGAACOmUgU5jhZGx8khnlNgQ', 'file_unique_id': 'AgADDRgAAjplIFM', 'file_size': 5937}}`]
[2025-10-06 11:39:33,022]: [_trace.py]: atrace: 87:       DEBUG:    [close.started]
[2025-10-06 11:39:33,022]: [_trace.py]: atrace: 87:       DEBUG:    [close.complete]
[2025-10-06 11:39:33,067]: [_bot.py]: _do_post: 643:       DEBUG:    [Calling Bot API endpoint `getMe` with parameters `{}`]
[2025-10-06 11:39:33,067]: [_trace.py]: atrace: 87:       DEBUG:    [connect_tcp.started host='api.telegram.org' port=443 local_address=None timeout=5.0 socket_options=None]
[2025-10-06 11:39:33,201]: [_trace.py]: atrace: 87:       DEBUG:    [connect_tcp.complete return_value=<httpcore._backends.anyio.AnyIOStream object at 0x7f88fa33ee10>]
[2025-10-06 11:39:33,201]: [_trace.py]: atrace: 87:       DEBUG:    [start_tls.started ssl_context=<ssl.SSLContext object at 0x7f88faeb5e50> server_hostname='api.telegram.org' timeout=5.0]
[2025-10-06 11:39:33,335]: [_trace.py]: atrace: 87:       DEBUG:    [start_tls.complete return_value=<httpcore._backends.anyio.AnyIOStream object at 0x7f88fa973ad0>]
[2025-10-06 11:39:33,335]: [_trace.py]: atrace: 87:       DEBUG:    [send_request_headers.started request=<Request [b'POST']>]
[2025-10-06 11:39:33,336]: [_trace.py]: atrace: 87:       DEBUG:    [send_request_headers.complete]
[2025-10-06 11:39:33,336]: [_trace.py]: atrace: 87:       DEBUG:    [send_request_body.started request=<Request [b'POST']>]
[2025-10-06 11:39:33,336]: [_trace.py]: atrace: 87:       DEBUG:    [send_request_body.complete]
[2025-10-06 11:39:33,336]: [_trace.py]: atrace: 87:       DEBUG:    [receive_response_headers.started request=<Request [b'POST']>]
[2025-10-06 11:39:33,469]: [_trace.py]: atrace: 87:       DEBUG:    [receive_response_headers.complete return_value=(b'HTTP/1.1', 200, b'OK', [(b'Server', b'nginx/1.18.0'), (b'Date', b'Mon, 06 Oct 2025 11:39:33 GMT'), (b'Content-Type', b'application/json'), (b'Content-Length', b'258'), (b'Connection', b'keep-alive'), (b'Strict-Transport-Security', b'max-age=31536000; includeSubDomains; preload'), (b'Access-Control-Allow-Origin', b'*'), (b'Access-Control-Allow-Methods', b'GET, POST, OPTIONS'), (b'Access-Control-Expose-Headers', b'Content-Length,Content-Type,Date,Server,Connection')])]
[2025-10-06 11:39:33,469]: [_client.py]: _send_single_request: 1740:       INFO:    [HTTP Request: POST https://api.telegram.org/bot6030805959:AAGUHAMxLYc-PrevgKouJ3ZyM7ktu56ftjo/getMe "HTTP/1.1 200 OK"]
[2025-10-06 11:39:33,469]: [_trace.py]: atrace: 87:       DEBUG:    [receive_response_body.started request=<Request [b'POST']>]
[2025-10-06 11:39:33,469]: [_trace.py]: atrace: 87:       DEBUG:    [receive_response_body.complete]
[2025-10-06 11:39:33,469]: [_trace.py]: atrace: 87:       DEBUG:    [response_closed.started]
[2025-10-06 11:39:33,469]: [_trace.py]: atrace: 87:       DEBUG:    [response_closed.complete]
[2025-10-06 11:39:33,470]: [_bot.py]: _do_post: 652:       DEBUG:    [Call to Bot API endpoint `getMe` finished with return value `{'id': 6030805959, 'is_bot': True, 'first_name': 'TyPHoone', 'username': 'TyPHoone_Project_bot', 'can_join_groups': True, 'can_read_all_group_messages': False, 'supports_inline_queries': False, 'can_connect_to_business': False, 'has_main_web_app': False}`]
[2025-10-06 11:39:33,472]: [_bot.py]: _do_post: 643:       DEBUG:    [Calling Bot API endpoint `sendDocument` with parameters `{'chat_id': '-4119703192', 'document': <telegram._files.inputfile.InputFile object at 0x7f88faeda400>}`]
[2025-10-06 11:39:33,473]: [_trace.py]: atrace: 87:       DEBUG:    [send_request_headers.started request=<Request [b'POST']>]
[2025-10-06 11:39:33,473]: [_trace.py]: atrace: 87:       DEBUG:    [send_request_headers.complete]
[2025-10-06 11:39:33,473]: [_trace.py]: atrace: 87:       DEBUG:    [send_request_body.started request=<Request [b'POST']>]
[2025-10-06 11:39:34,794]: [_trace.py]: atrace: 87:       DEBUG:    [send_request_body.complete]
[2025-10-06 11:39:34,794]: [_trace.py]: atrace: 87:       DEBUG:    [receive_response_headers.started request=<Request [b'POST']>]
[2025-10-06 11:39:35,567]: [_trace.py]: atrace: 87:       DEBUG:    [receive_response_headers.complete return_value=(b'HTTP/1.1', 200, b'OK', [(b'Server', b'nginx/1.18.0'), (b'Date', b'Mon, 06 Oct 2025 11:39:35 GMT'), (b'Content-Type', b'application/json'), (b'Content-Length', b'599'), (b'Connection', b'keep-alive'), (b'Strict-Transport-Security', b'max-age=31536000; includeSubDomains; preload'), (b'Access-Control-Allow-Origin', b'*'), (b'Access-Control-Allow-Methods', b'GET, POST, OPTIONS'), (b'Access-Control-Expose-Headers', b'Content-Length,Content-Type,Date,Server,Connection')])]
[2025-10-06 11:39:35,567]: [_client.py]: _send_single_request: 1740:       INFO:    [HTTP Request: POST https://api.telegram.org/bot6030805959:AAGUHAMxLYc-PrevgKouJ3ZyM7ktu56ftjo/sendDocument "HTTP/1.1 200 OK"]
[2025-10-06 11:39:35,568]: [_trace.py]: atrace: 87:       DEBUG:    [receive_response_body.started request=<Request [b'POST']>]
[2025-10-06 11:39:35,568]: [_trace.py]: atrace: 87:       DEBUG:    [receive_response_body.complete]
[2025-10-06 11:39:35,568]: [_trace.py]: atrace: 87:       DEBUG:    [response_closed.started]
[2025-10-06 11:39:35,568]: [_trace.py]: atrace: 87:       DEBUG:    [response_closed.complete]
[2025-10-06 11:39:35,568]: [_bot.py]: _do_post: 652:       DEBUG:    [Call to Bot API endpoint `sendDocument` finished with return value `{'message_id': 2648, 'from': {'id': 6030805959, 'is_bot': True, 'first_name': 'TyPHoone', 'username': 'TyPHoone_Project_bot'}, 'chat': {'id': -4119703192, 'title': 'Robocop', 'type': 'group', 'all_members_are_administrators': True, 'accepted_gift_types': {'unlimited_gifts': False, 'limited_gifts': False, 'unique_gifts': False, 'premium_subscription': False}}, 'date': 1759750775, 'document': {'file_name': '(2025_10_06--11_39)output.zip', 'mime_type': 'application/zip', 'file_id': 'BQACAgQAAxkDAAIKWGjjqnf7fZFMNiHqaeP11x0EYdGxAAIOGAACOmUgU1aWBzSxjZPRNgQ', 'file_unique_id': 'AgADDhgAAjplIFM', 'file_size': 10147752}}`]
[2025-10-06 11:39:35,568]: [_trace.py]: atrace: 87:       DEBUG:    [close.started]
[2025-10-06 11:39:35,568]: [_trace.py]: atrace: 87:       DEBUG:    [close.complete]
[2025-10-06 11:39:35,569]: [Telegram_Sender.py]: runner: 61:       INFO:    [sent successfully]
[2025-10-06 11:39:35,569]: [Main.py]: <module>: 48:       INFO:    [Finished]
