[2024-10-18 11:38:44,014]: [Main.py]: <module>: 21:       INFO:    [Started]
[2024-10-18 11:38:46,193]: [Iron_Scraper.py]: Scrap: 32:       INFO:    [Data Scaraped Successfully]
[2024-10-18 11:38:46,377]: [Iron_Scraper.py]: Scrap: 70:       INFO:    [Scrapped Data Has No Problem]
[2024-10-18 11:38:46,377]: [Iron_Scraper.py]: Scrap: 83:       INFO:    [Data Saved Successfully]
[2024-10-18 11:38:46,377]: [Iron.py]: Run: 26:       INFO:    [Scraping Phase Completed]
[2024-10-18 11:38:46,377]: [Iron_Data_Processor.py]: Data_Reader: 61:       INFO:    [Data File Has Been Red Successfully]
[2024-10-18 11:38:46,378]: [Iron_Data_Processor.py]: Shaper: 78:       INFO:    [Data Shaped]
[2024-10-18 11:38:46,378]: [Iron_Data_Processor.py]: Process: 228:       INFO:    [Data Cleaned]
[2024-10-18 11:38:46,378]: [Iron_Data_Processor.py]: Make_Pages_Objects: 101:       INFO:    [Page Objects Has Been Made]
[2024-10-18 11:38:46,378]: [Iron_Data_Processor.py]: Make_Pages_Objects: 101:       INFO:    [Page Objects Has Been Made]
[2024-10-18 11:38:46,378]: [Iron_Data_Processor.py]: Load_Data: 118:       INFO:    [Data Has Been Load]
[2024-10-18 11:38:46,378]: [Iron_Data_Processor.py]: Load_Data: 118:       INFO:    [Data Has Been Load]
[2024-10-18 11:38:46,378]: [Iron_Data_Processor.py]: Load_positions: 140:       INFO:    [Positions Are Ready]
[2024-10-18 11:38:46,379]: [Iron_Data_Processor.py]: Load_positions: 140:       INFO:    [Positions Are Ready]
[2024-10-18 11:38:47,500]: [Iron_Data_Processor.py]: Make_Tagged_Images: 193:       INFO:    [Images Has Been Made]
[2024-10-18 11:38:48,452]: [Iron_Data_Processor.py]: Make_Tagged_Images: 193:       INFO:    [Images Has Been Made]
[2024-10-18 11:38:48,706]: [Iron_Data_Processor.py]: Make_Cover_Page: 215:       INFO:    [Made Cover Pages]
[2024-10-18 11:38:48,707]: [Iron.py]: Run: 29:       INFO:    [Imagination Phase Completed]
[2024-10-18 11:38:51,842]: [Phone_Scraper.py]: Scrap: 58:       INFO:    [Data Scraped]
[2024-10-18 11:38:51,843]: [Phone_Scraper.py]: Scrap: 71:       INFO:    [Scraped Data Successfully]
[2024-10-18 11:38:51,843]: [Phone.py]: Run: 26:       INFO:    [Scraping Phase Complete]
[2024-10-18 11:38:51,843]: [Phone_Data_Processor.py]: data_reader: 38:       INFO:    [Scraped Data Loaded]
[2024-10-18 11:38:51,844]: [Phone_Data_Processor.py]: filter_list: 65:       INFO:    [Persian Phrases Are deleted]
[2024-10-18 11:38:51,845]: [Phone_Data_Processor.py]: reshape_list: 87:       INFO:    [Date Reshaped]
[2024-10-18 11:38:51,845]: [Phone_Data_Processor.py]: separate_brands: 124:       INFO:    [Brands Are Separated]
[2024-10-18 11:38:51,846]: [Phone_Data_Processor.py]: delete_extra_spaces: 141:       INFO:    [Extra Spaces Are Deleted]
[2024-10-18 11:38:52,613]: [Phone.py]: Run: 29:       INFO:    [Imagination Phase Complete]
[2024-10-18 11:38:52,613]: [selector_events.py]: __init__: 64:       DEBUG:    [Using selector: EpollSelector]
[2024-10-18 11:38:52,951]: [_bot.py]: _do_post: 643:       DEBUG:    [Calling Bot API endpoint `getMe` with parameters `{}`]
[2024-10-18 11:38:52,956]: [_trace.py]: atrace: 85:       DEBUG:    [connect_tcp.started host='api.telegram.org' port=443 local_address=None timeout=5.0 socket_options=None]
[2024-10-18 11:38:53,160]: [_trace.py]: atrace: 85:       DEBUG:    [connect_tcp.complete return_value=<httpcore._backends.anyio.AnyIOStream object at 0x7fa4cfd85e80>]
[2024-10-18 11:38:53,160]: [_trace.py]: atrace: 85:       DEBUG:    [start_tls.started ssl_context=<ssl.SSLContext object at 0x7fa4c513bad0> server_hostname='api.telegram.org' timeout=5.0]
[2024-10-18 11:38:53,265]: [_trace.py]: atrace: 85:       DEBUG:    [start_tls.complete return_value=<httpcore._backends.anyio.AnyIOStream object at 0x7fa4c547b170>]
[2024-10-18 11:38:53,265]: [_trace.py]: atrace: 85:       DEBUG:    [send_request_headers.started request=<Request [b'POST']>]
[2024-10-18 11:38:53,265]: [_trace.py]: atrace: 85:       DEBUG:    [send_request_headers.complete]
[2024-10-18 11:38:53,265]: [_trace.py]: atrace: 85:       DEBUG:    [send_request_body.started request=<Request [b'POST']>]
[2024-10-18 11:38:53,265]: [_trace.py]: atrace: 85:       DEBUG:    [send_request_body.complete]
[2024-10-18 11:38:53,265]: [_trace.py]: atrace: 85:       DEBUG:    [receive_response_headers.started request=<Request [b'POST']>]
[2024-10-18 11:38:53,365]: [_trace.py]: atrace: 85:       DEBUG:    [receive_response_headers.complete return_value=(b'HTTP/1.1', 200, b'OK', [(b'Server', b'nginx/1.18.0'), (b'Date', b'Fri, 18 Oct 2024 11:38:53 GMT'), (b'Content-Type', b'application/json'), (b'Content-Length', b'258'), (b'Connection', b'keep-alive'), (b'Strict-Transport-Security', b'max-age=31536000; includeSubDomains; preload'), (b'Access-Control-Allow-Origin', b'*'), (b'Access-Control-Allow-Methods', b'GET, POST, OPTIONS'), (b'Access-Control-Expose-Headers', b'Content-Length,Content-Type,Date,Server,Connection')])]
[2024-10-18 11:38:53,366]: [_client.py]: _send_single_request: 1786:       INFO:    [HTTP Request: POST https://api.telegram.org/bot6030805959:AAGUHAMxLYc-PrevgKouJ3ZyM7ktu56ftjo/getMe "HTTP/1.1 200 OK"]
[2024-10-18 11:38:53,366]: [_trace.py]: atrace: 85:       DEBUG:    [receive_response_body.started request=<Request [b'POST']>]
[2024-10-18 11:38:53,366]: [_trace.py]: atrace: 85:       DEBUG:    [receive_response_body.complete]
[2024-10-18 11:38:53,366]: [_trace.py]: atrace: 85:       DEBUG:    [response_closed.started]
[2024-10-18 11:38:53,366]: [_trace.py]: atrace: 85:       DEBUG:    [response_closed.complete]
[2024-10-18 11:38:53,366]: [_bot.py]: _do_post: 652:       DEBUG:    [Call to Bot API endpoint `getMe` finished with return value `{'id': 6030805959, 'is_bot': True, 'first_name': 'TyPHoone', 'username': 'TyPHoone_Project_bot', 'can_join_groups': True, 'can_read_all_group_messages': False, 'supports_inline_queries': False, 'can_connect_to_business': False, 'has_main_web_app': False}`]
[2024-10-18 11:38:53,369]: [_bot.py]: _do_post: 643:       DEBUG:    [Calling Bot API endpoint `sendDocument` with parameters `{'chat_id': '-4119703192', 'document': <telegram._files.inputfile.InputFile object at 0x7fa4c4c95dc0>}`]
[2024-10-18 11:38:53,370]: [_trace.py]: atrace: 85:       DEBUG:    [send_request_headers.started request=<Request [b'POST']>]
[2024-10-18 11:38:53,370]: [_trace.py]: atrace: 85:       DEBUG:    [send_request_headers.complete]
[2024-10-18 11:38:53,370]: [_trace.py]: atrace: 85:       DEBUG:    [send_request_body.started request=<Request [b'POST']>]
[2024-10-18 11:38:53,371]: [_trace.py]: atrace: 85:       DEBUG:    [send_request_body.complete]
[2024-10-18 11:38:53,371]: [_trace.py]: atrace: 85:       DEBUG:    [receive_response_headers.started request=<Request [b'POST']>]
[2024-10-18 11:38:53,646]: [_trace.py]: atrace: 85:       DEBUG:    [receive_response_headers.complete return_value=(b'HTTP/1.1', 200, b'OK', [(b'Server', b'nginx/1.18.0'), (b'Date', b'Fri, 18 Oct 2024 11:38:53 GMT'), (b'Content-Type', b'application/json'), (b'Content-Length', b'464'), (b'Connection', b'keep-alive'), (b'Strict-Transport-Security', b'max-age=31536000; includeSubDomains; preload'), (b'Access-Control-Allow-Origin', b'*'), (b'Access-Control-Allow-Methods', b'GET, POST, OPTIONS'), (b'Access-Control-Expose-Headers', b'Content-Length,Content-Type,Date,Server,Connection')])]
[2024-10-18 11:38:53,646]: [_client.py]: _send_single_request: 1786:       INFO:    [HTTP Request: POST https://api.telegram.org/bot6030805959:AAGUHAMxLYc-PrevgKouJ3ZyM7ktu56ftjo/sendDocument "HTTP/1.1 200 OK"]
[2024-10-18 11:38:53,646]: [_trace.py]: atrace: 85:       DEBUG:    [receive_response_body.started request=<Request [b'POST']>]
[2024-10-18 11:38:53,646]: [_trace.py]: atrace: 85:       DEBUG:    [receive_response_body.complete]
[2024-10-18 11:38:53,646]: [_trace.py]: atrace: 85:       DEBUG:    [response_closed.started]
[2024-10-18 11:38:53,646]: [_trace.py]: atrace: 85:       DEBUG:    [response_closed.complete]
[2024-10-18 11:38:53,647]: [_bot.py]: _do_post: 652:       DEBUG:    [Call to Bot API endpoint `sendDocument` finished with return value `{'message_id': 1936, 'from': {'id': 6030805959, 'is_bot': True, 'first_name': 'TyPHoone', 'username': 'TyPHoone_Project_bot'}, 'chat': {'id': -4119703192, 'title': 'Robocop', 'type': 'group', 'all_members_are_administrators': True}, 'date': 1729251533, 'document': {'file_name': '(2024_10_18--11_38).log', 'mime_type': 'text/plain', 'file_id': 'BQACAgQAAxkDAAIHkGcSSM3Cp_nbnWCMg6j3aI_0J9LBAALbGQACySSZUE_xkNyGabfbNgQ', 'file_unique_id': 'AgAD2xkAAskkmVA', 'file_size': 5937}}`]
[2024-10-18 11:38:53,647]: [_trace.py]: atrace: 85:       DEBUG:    [close.started]
[2024-10-18 11:38:53,647]: [_trace.py]: atrace: 85:       DEBUG:    [close.complete]
[2024-10-18 11:38:53,647]: [_config.py]: load_ssl_context: 82:       DEBUG:    [load_ssl_context verify=True cert=None trust_env=True http2=False]
[2024-10-18 11:38:53,648]: [_config.py]: load_ssl_context_verify: 148:       DEBUG:    [load_verify_locations cafile='/opt/hostedtoolcache/Python/3.12.7/x64/lib/python3.12/site-packages/certifi/cacert.pem']
[2024-10-18 11:38:53,677]: [_config.py]: load_ssl_context: 82:       DEBUG:    [load_ssl_context verify=True cert=None trust_env=True http2=False]
[2024-10-18 11:38:53,677]: [_config.py]: load_ssl_context_verify: 148:       DEBUG:    [load_verify_locations cafile='/opt/hostedtoolcache/Python/3.12.7/x64/lib/python3.12/site-packages/certifi/cacert.pem']
[2024-10-18 11:38:53,705]: [_bot.py]: _do_post: 643:       DEBUG:    [Calling Bot API endpoint `getMe` with parameters `{}`]
[2024-10-18 11:38:53,706]: [_trace.py]: atrace: 85:       DEBUG:    [connect_tcp.started host='api.telegram.org' port=443 local_address=None timeout=5.0 socket_options=None]
[2024-10-18 11:38:53,812]: [_trace.py]: atrace: 85:       DEBUG:    [connect_tcp.complete return_value=<httpcore._backends.anyio.AnyIOStream object at 0x7fa4c4799e80>]
[2024-10-18 11:38:53,812]: [_trace.py]: atrace: 85:       DEBUG:    [start_tls.started ssl_context=<ssl.SSLContext object at 0x7fa4c513b8d0> server_hostname='api.telegram.org' timeout=5.0]
[2024-10-18 11:38:53,915]: [_trace.py]: atrace: 85:       DEBUG:    [start_tls.complete return_value=<httpcore._backends.anyio.AnyIOStream object at 0x7fa4c48b6780>]
[2024-10-18 11:38:53,915]: [_trace.py]: atrace: 85:       DEBUG:    [send_request_headers.started request=<Request [b'POST']>]
[2024-10-18 11:38:53,915]: [_trace.py]: atrace: 85:       DEBUG:    [send_request_headers.complete]
[2024-10-18 11:38:53,915]: [_trace.py]: atrace: 85:       DEBUG:    [send_request_body.started request=<Request [b'POST']>]
[2024-10-18 11:38:53,915]: [_trace.py]: atrace: 85:       DEBUG:    [send_request_body.complete]
[2024-10-18 11:38:53,915]: [_trace.py]: atrace: 85:       DEBUG:    [receive_response_headers.started request=<Request [b'POST']>]
[2024-10-18 11:38:54,016]: [_trace.py]: atrace: 85:       DEBUG:    [receive_response_headers.complete return_value=(b'HTTP/1.1', 200, b'OK', [(b'Server', b'nginx/1.18.0'), (b'Date', b'Fri, 18 Oct 2024 11:38:53 GMT'), (b'Content-Type', b'application/json'), (b'Content-Length', b'258'), (b'Connection', b'keep-alive'), (b'Strict-Transport-Security', b'max-age=31536000; includeSubDomains; preload'), (b'Access-Control-Allow-Origin', b'*'), (b'Access-Control-Allow-Methods', b'GET, POST, OPTIONS'), (b'Access-Control-Expose-Headers', b'Content-Length,Content-Type,Date,Server,Connection')])]
[2024-10-18 11:38:54,016]: [_client.py]: _send_single_request: 1786:       INFO:    [HTTP Request: POST https://api.telegram.org/bot6030805959:AAGUHAMxLYc-PrevgKouJ3ZyM7ktu56ftjo/getMe "HTTP/1.1 200 OK"]
[2024-10-18 11:38:54,016]: [_trace.py]: atrace: 85:       DEBUG:    [receive_response_body.started request=<Request [b'POST']>]
[2024-10-18 11:38:54,016]: [_trace.py]: atrace: 85:       DEBUG:    [receive_response_body.complete]
[2024-10-18 11:38:54,017]: [_trace.py]: atrace: 85:       DEBUG:    [response_closed.started]
[2024-10-18 11:38:54,017]: [_trace.py]: atrace: 85:       DEBUG:    [response_closed.complete]
[2024-10-18 11:38:54,017]: [_bot.py]: _do_post: 652:       DEBUG:    [Call to Bot API endpoint `getMe` finished with return value `{'id': 6030805959, 'is_bot': True, 'first_name': 'TyPHoone', 'username': 'TyPHoone_Project_bot', 'can_join_groups': True, 'can_read_all_group_messages': False, 'supports_inline_queries': False, 'can_connect_to_business': False, 'has_main_web_app': False}`]
[2024-10-18 11:38:54,019]: [_bot.py]: _do_post: 643:       DEBUG:    [Calling Bot API endpoint `sendDocument` with parameters `{'chat_id': '-4119703192', 'document': <telegram._files.inputfile.InputFile object at 0x7fa4c4796c40>}`]
[2024-10-18 11:38:54,020]: [_trace.py]: atrace: 85:       DEBUG:    [send_request_headers.started request=<Request [b'POST']>]
[2024-10-18 11:38:54,020]: [_trace.py]: atrace: 85:       DEBUG:    [send_request_headers.complete]
[2024-10-18 11:38:54,020]: [_trace.py]: atrace: 85:       DEBUG:    [send_request_body.started request=<Request [b'POST']>]
[2024-10-18 11:38:55,034]: [_trace.py]: atrace: 85:       DEBUG:    [send_request_body.complete]
[2024-10-18 11:38:55,034]: [_trace.py]: atrace: 85:       DEBUG:    [receive_response_headers.started request=<Request [b'POST']>]
[2024-10-18 11:38:55,870]: [_trace.py]: atrace: 85:       DEBUG:    [receive_response_headers.complete return_value=(b'HTTP/1.1', 200, b'OK', [(b'Server', b'nginx/1.18.0'), (b'Date', b'Fri, 18 Oct 2024 11:38:55 GMT'), (b'Content-Type', b'application/json'), (b'Content-Length', b'479'), (b'Connection', b'keep-alive'), (b'Strict-Transport-Security', b'max-age=31536000; includeSubDomains; preload'), (b'Access-Control-Allow-Origin', b'*'), (b'Access-Control-Allow-Methods', b'GET, POST, OPTIONS'), (b'Access-Control-Expose-Headers', b'Content-Length,Content-Type,Date,Server,Connection')])]
[2024-10-18 11:38:55,870]: [_client.py]: _send_single_request: 1786:       INFO:    [HTTP Request: POST https://api.telegram.org/bot6030805959:AAGUHAMxLYc-PrevgKouJ3ZyM7ktu56ftjo/sendDocument "HTTP/1.1 200 OK"]
[2024-10-18 11:38:55,870]: [_trace.py]: atrace: 85:       DEBUG:    [receive_response_body.started request=<Request [b'POST']>]
[2024-10-18 11:38:55,870]: [_trace.py]: atrace: 85:       DEBUG:    [receive_response_body.complete]
[2024-10-18 11:38:55,870]: [_trace.py]: atrace: 85:       DEBUG:    [response_closed.started]
[2024-10-18 11:38:55,870]: [_trace.py]: atrace: 85:       DEBUG:    [response_closed.complete]
[2024-10-18 11:38:55,870]: [_bot.py]: _do_post: 652:       DEBUG:    [Call to Bot API endpoint `sendDocument` finished with return value `{'message_id': 1937, 'from': {'id': 6030805959, 'is_bot': True, 'first_name': 'TyPHoone', 'username': 'TyPHoone_Project_bot'}, 'chat': {'id': -4119703192, 'title': 'Robocop', 'type': 'group', 'all_members_are_administrators': True}, 'date': 1729251535, 'document': {'file_name': '(2024_10_18--11_38)output.zip', 'mime_type': 'application/zip', 'file_id': 'BQACAgQAAxkDAAIHkWcSSM9phMTznhJdh6c69Kdo18XwAALcGQACySSZUAoN0W0WfGrvNgQ', 'file_unique_id': 'AgAD3BkAAskkmVA', 'file_size': 10210427}}`]
[2024-10-18 11:38:55,871]: [_trace.py]: atrace: 85:       DEBUG:    [close.started]
[2024-10-18 11:38:55,871]: [_trace.py]: atrace: 85:       DEBUG:    [close.complete]
[2024-10-18 11:38:55,871]: [Telegram_Sender.py]: runner: 61:       INFO:    [sent successfully]
[2024-10-18 11:38:55,872]: [Main.py]: <module>: 48:       INFO:    [Finished]
