[2024-12-20 11:38:59,218]: [Main.py]: <module>: 21:       INFO:    [Started]
[2024-12-20 11:39:00,800]: [Iron_Scraper.py]: Scrap: 32:       INFO:    [Data Scaraped Successfully]
[2024-12-20 11:39:00,847]: [Iron_Scraper.py]: Scrap: 70:       INFO:    [Scrapped Data Has No Problem]
[2024-12-20 11:39:00,847]: [Iron_Scraper.py]: Scrap: 83:       INFO:    [Data Saved Successfully]
[2024-12-20 11:39:00,847]: [Iron.py]: Run: 26:       INFO:    [Scraping Phase Completed]
[2024-12-20 11:39:00,847]: [Iron_Data_Processor.py]: Data_Reader: 61:       INFO:    [Data File Has Been Red Successfully]
[2024-12-20 11:39:00,847]: [Iron_Data_Processor.py]: Shaper: 78:       INFO:    [Data Shaped]
[2024-12-20 11:39:00,847]: [Iron_Data_Processor.py]: Process: 228:       INFO:    [Data Cleaned]
[2024-12-20 11:39:00,847]: [Iron_Data_Processor.py]: Make_Pages_Objects: 101:       INFO:    [Page Objects Has Been Made]
[2024-12-20 11:39:00,847]: [Iron_Data_Processor.py]: Make_Pages_Objects: 101:       INFO:    [Page Objects Has Been Made]
[2024-12-20 11:39:00,847]: [Iron_Data_Processor.py]: Load_Data: 118:       INFO:    [Data Has Been Load]
[2024-12-20 11:39:00,847]: [Iron_Data_Processor.py]: Load_Data: 118:       INFO:    [Data Has Been Load]
[2024-12-20 11:39:00,847]: [Iron_Data_Processor.py]: Load_positions: 140:       INFO:    [Positions Are Ready]
[2024-12-20 11:39:00,847]: [Iron_Data_Processor.py]: Load_positions: 140:       INFO:    [Positions Are Ready]
[2024-12-20 11:39:01,912]: [Iron_Data_Processor.py]: Make_Tagged_Images: 193:       INFO:    [Images Has Been Made]
[2024-12-20 11:39:02,807]: [Iron_Data_Processor.py]: Make_Tagged_Images: 193:       INFO:    [Images Has Been Made]
[2024-12-20 11:39:03,059]: [Iron_Data_Processor.py]: Make_Cover_Page: 215:       INFO:    [Made Cover Pages]
[2024-12-20 11:39:03,059]: [Iron.py]: Run: 29:       INFO:    [Imagination Phase Completed]
[2024-12-20 11:39:06,306]: [Phone_Scraper.py]: Scrap: 58:       INFO:    [Data Scraped]
[2024-12-20 11:39:06,306]: [Phone_Scraper.py]: Scrap: 71:       INFO:    [Scraped Data Successfully]
[2024-12-20 11:39:06,306]: [Phone.py]: Run: 26:       INFO:    [Scraping Phase Complete]
[2024-12-20 11:39:06,307]: [Phone_Data_Processor.py]: data_reader: 38:       INFO:    [Scraped Data Loaded]
[2024-12-20 11:39:06,308]: [Phone_Data_Processor.py]: filter_list: 65:       INFO:    [Persian Phrases Are deleted]
[2024-12-20 11:39:06,308]: [Phone_Data_Processor.py]: reshape_list: 87:       INFO:    [Date Reshaped]
[2024-12-20 11:39:06,308]: [Phone_Data_Processor.py]: separate_brands: 124:       INFO:    [Brands Are Separated]
[2024-12-20 11:39:06,309]: [Phone_Data_Processor.py]: delete_extra_spaces: 141:       INFO:    [Extra Spaces Are Deleted]
[2024-12-20 11:39:06,944]: [Phone.py]: Run: 29:       INFO:    [Imagination Phase Complete]
[2024-12-20 11:39:06,944]: [selector_events.py]: __init__: 64:       DEBUG:    [Using selector: EpollSelector]
[2024-12-20 11:39:07,206]: [_bot.py]: _do_post: 643:       DEBUG:    [Calling Bot API endpoint `getMe` with parameters `{}`]
[2024-12-20 11:39:07,211]: [_trace.py]: atrace: 87:       DEBUG:    [connect_tcp.started host='api.telegram.org' port=443 local_address=None timeout=5.0 socket_options=None]
[2024-12-20 11:39:07,302]: [_trace.py]: atrace: 87:       DEBUG:    [connect_tcp.complete return_value=<httpcore._backends.anyio.AnyIOStream object at 0x7f94cb02c440>]
[2024-12-20 11:39:07,302]: [_trace.py]: atrace: 87:       DEBUG:    [start_tls.started ssl_context=<ssl.SSLContext object at 0x7f94cb30aa50> server_hostname='api.telegram.org' timeout=5.0]
[2024-12-20 11:39:07,389]: [_trace.py]: atrace: 87:       DEBUG:    [start_tls.complete return_value=<httpcore._backends.anyio.AnyIOStream object at 0x7f94cac5bb90>]
[2024-12-20 11:39:07,389]: [_trace.py]: atrace: 87:       DEBUG:    [send_request_headers.started request=<Request [b'POST']>]
[2024-12-20 11:39:07,390]: [_trace.py]: atrace: 87:       DEBUG:    [send_request_headers.complete]
[2024-12-20 11:39:07,390]: [_trace.py]: atrace: 87:       DEBUG:    [send_request_body.started request=<Request [b'POST']>]
[2024-12-20 11:39:07,390]: [_trace.py]: atrace: 87:       DEBUG:    [send_request_body.complete]
[2024-12-20 11:39:07,390]: [_trace.py]: atrace: 87:       DEBUG:    [receive_response_headers.started request=<Request [b'POST']>]
[2024-12-20 11:39:07,475]: [_trace.py]: atrace: 87:       DEBUG:    [receive_response_headers.complete return_value=(b'HTTP/1.1', 200, b'OK', [(b'Server', b'nginx/1.18.0'), (b'Date', b'Fri, 20 Dec 2024 11:39:07 GMT'), (b'Content-Type', b'application/json'), (b'Content-Length', b'258'), (b'Connection', b'keep-alive'), (b'Strict-Transport-Security', b'max-age=31536000; includeSubDomains; preload'), (b'Access-Control-Allow-Origin', b'*'), (b'Access-Control-Allow-Methods', b'GET, POST, OPTIONS'), (b'Access-Control-Expose-Headers', b'Content-Length,Content-Type,Date,Server,Connection')])]
[2024-12-20 11:39:07,475]: [_client.py]: _send_single_request: 1740:       INFO:    [HTTP Request: POST https://api.telegram.org/bot6030805959:AAGUHAMxLYc-PrevgKouJ3ZyM7ktu56ftjo/getMe "HTTP/1.1 200 OK"]
[2024-12-20 11:39:07,475]: [_trace.py]: atrace: 87:       DEBUG:    [receive_response_body.started request=<Request [b'POST']>]
[2024-12-20 11:39:07,476]: [_trace.py]: atrace: 87:       DEBUG:    [receive_response_body.complete]
[2024-12-20 11:39:07,476]: [_trace.py]: atrace: 87:       DEBUG:    [response_closed.started]
[2024-12-20 11:39:07,476]: [_trace.py]: atrace: 87:       DEBUG:    [response_closed.complete]
[2024-12-20 11:39:07,476]: [_bot.py]: _do_post: 652:       DEBUG:    [Call to Bot API endpoint `getMe` finished with return value `{'id': 6030805959, 'is_bot': True, 'first_name': 'TyPHoone', 'username': 'TyPHoone_Project_bot', 'can_join_groups': True, 'can_read_all_group_messages': False, 'supports_inline_queries': False, 'can_connect_to_business': False, 'has_main_web_app': False}`]
[2024-12-20 11:39:07,479]: [_bot.py]: _do_post: 643:       DEBUG:    [Calling Bot API endpoint `sendDocument` with parameters `{'chat_id': '-4119703192', 'document': <telegram._files.inputfile.InputFile object at 0x7f94cacfd540>}`]
[2024-12-20 11:39:07,479]: [_trace.py]: atrace: 87:       DEBUG:    [send_request_headers.started request=<Request [b'POST']>]
[2024-12-20 11:39:07,480]: [_trace.py]: atrace: 87:       DEBUG:    [send_request_headers.complete]
[2024-12-20 11:39:07,480]: [_trace.py]: atrace: 87:       DEBUG:    [send_request_body.started request=<Request [b'POST']>]
[2024-12-20 11:39:07,480]: [_trace.py]: atrace: 87:       DEBUG:    [send_request_body.complete]
[2024-12-20 11:39:07,480]: [_trace.py]: atrace: 87:       DEBUG:    [receive_response_headers.started request=<Request [b'POST']>]
[2024-12-20 11:39:07,608]: [_trace.py]: atrace: 87:       DEBUG:    [receive_response_headers.complete return_value=(b'HTTP/1.1', 200, b'OK', [(b'Server', b'nginx/1.18.0'), (b'Date', b'Fri, 20 Dec 2024 11:39:07 GMT'), (b'Content-Type', b'application/json'), (b'Content-Length', b'464'), (b'Connection', b'keep-alive'), (b'Strict-Transport-Security', b'max-age=31536000; includeSubDomains; preload'), (b'Access-Control-Allow-Origin', b'*'), (b'Access-Control-Allow-Methods', b'GET, POST, OPTIONS'), (b'Access-Control-Expose-Headers', b'Content-Length,Content-Type,Date,Server,Connection')])]
[2024-12-20 11:39:07,609]: [_client.py]: _send_single_request: 1740:       INFO:    [HTTP Request: POST https://api.telegram.org/bot6030805959:AAGUHAMxLYc-PrevgKouJ3ZyM7ktu56ftjo/sendDocument "HTTP/1.1 200 OK"]
[2024-12-20 11:39:07,609]: [_trace.py]: atrace: 87:       DEBUG:    [receive_response_body.started request=<Request [b'POST']>]
[2024-12-20 11:39:07,609]: [_trace.py]: atrace: 87:       DEBUG:    [receive_response_body.complete]
[2024-12-20 11:39:07,609]: [_trace.py]: atrace: 87:       DEBUG:    [response_closed.started]
[2024-12-20 11:39:07,609]: [_trace.py]: atrace: 87:       DEBUG:    [response_closed.complete]
[2024-12-20 11:39:07,609]: [_bot.py]: _do_post: 652:       DEBUG:    [Call to Bot API endpoint `sendDocument` finished with return value `{'message_id': 2061, 'from': {'id': 6030805959, 'is_bot': True, 'first_name': 'TyPHoone', 'username': 'TyPHoone_Project_bot'}, 'chat': {'id': -4119703192, 'title': 'Robocop', 'type': 'group', 'all_members_are_administrators': True}, 'date': 1734694747, 'document': {'file_name': '(2024_12_20--11_38).log', 'mime_type': 'text/plain', 'file_id': 'BQACAgQAAxkDAAIIDWdlV1uPdtiRyy7IDHicEc1NgXxDAALYEwACGHUwU0zdziCe6roPNgQ', 'file_unique_id': 'AgAD2BMAAhh1MFM', 'file_size': 5937}}`]
[2024-12-20 11:39:07,610]: [_trace.py]: atrace: 87:       DEBUG:    [close.started]
[2024-12-20 11:39:07,610]: [_trace.py]: atrace: 87:       DEBUG:    [close.complete]
[2024-12-20 11:39:07,654]: [_bot.py]: _do_post: 643:       DEBUG:    [Calling Bot API endpoint `getMe` with parameters `{}`]
[2024-12-20 11:39:07,654]: [_trace.py]: atrace: 87:       DEBUG:    [connect_tcp.started host='api.telegram.org' port=443 local_address=None timeout=5.0 socket_options=None]
[2024-12-20 11:39:07,739]: [_trace.py]: atrace: 87:       DEBUG:    [connect_tcp.complete return_value=<httpcore._backends.anyio.AnyIOStream object at 0x7f94cab379b0>]
[2024-12-20 11:39:07,739]: [_trace.py]: atrace: 87:       DEBUG:    [start_tls.started ssl_context=<ssl.SSLContext object at 0x7f94cb30a850> server_hostname='api.telegram.org' timeout=5.0]
[2024-12-20 11:39:07,826]: [_trace.py]: atrace: 87:       DEBUG:    [start_tls.complete return_value=<httpcore._backends.anyio.AnyIOStream object at 0x7f94cac8fc50>]
[2024-12-20 11:39:07,826]: [_trace.py]: atrace: 87:       DEBUG:    [send_request_headers.started request=<Request [b'POST']>]
[2024-12-20 11:39:07,826]: [_trace.py]: atrace: 87:       DEBUG:    [send_request_headers.complete]
[2024-12-20 11:39:07,827]: [_trace.py]: atrace: 87:       DEBUG:    [send_request_body.started request=<Request [b'POST']>]
[2024-12-20 11:39:07,827]: [_trace.py]: atrace: 87:       DEBUG:    [send_request_body.complete]
[2024-12-20 11:39:07,827]: [_trace.py]: atrace: 87:       DEBUG:    [receive_response_headers.started request=<Request [b'POST']>]
[2024-12-20 11:39:07,976]: [_trace.py]: atrace: 87:       DEBUG:    [receive_response_headers.complete return_value=(b'HTTP/1.1', 200, b'OK', [(b'Server', b'nginx/1.18.0'), (b'Date', b'Fri, 20 Dec 2024 11:39:07 GMT'), (b'Content-Type', b'application/json'), (b'Content-Length', b'258'), (b'Connection', b'keep-alive'), (b'Strict-Transport-Security', b'max-age=31536000; includeSubDomains; preload'), (b'Access-Control-Allow-Origin', b'*'), (b'Access-Control-Allow-Methods', b'GET, POST, OPTIONS'), (b'Access-Control-Expose-Headers', b'Content-Length,Content-Type,Date,Server,Connection')])]
[2024-12-20 11:39:07,976]: [_client.py]: _send_single_request: 1740:       INFO:    [HTTP Request: POST https://api.telegram.org/bot6030805959:AAGUHAMxLYc-PrevgKouJ3ZyM7ktu56ftjo/getMe "HTTP/1.1 200 OK"]
[2024-12-20 11:39:07,977]: [_trace.py]: atrace: 87:       DEBUG:    [receive_response_body.started request=<Request [b'POST']>]
[2024-12-20 11:39:07,977]: [_trace.py]: atrace: 87:       DEBUG:    [receive_response_body.complete]
[2024-12-20 11:39:07,977]: [_trace.py]: atrace: 87:       DEBUG:    [response_closed.started]
[2024-12-20 11:39:07,977]: [_trace.py]: atrace: 87:       DEBUG:    [response_closed.complete]
[2024-12-20 11:39:07,977]: [_bot.py]: _do_post: 652:       DEBUG:    [Call to Bot API endpoint `getMe` finished with return value `{'id': 6030805959, 'is_bot': True, 'first_name': 'TyPHoone', 'username': 'TyPHoone_Project_bot', 'can_join_groups': True, 'can_read_all_group_messages': False, 'supports_inline_queries': False, 'can_connect_to_business': False, 'has_main_web_app': False}`]
[2024-12-20 11:39:07,979]: [_bot.py]: _do_post: 643:       DEBUG:    [Calling Bot API endpoint `sendDocument` with parameters `{'chat_id': '-4119703192', 'document': <telegram._files.inputfile.InputFile object at 0x7f94cbb34c80>}`]
[2024-12-20 11:39:07,980]: [_trace.py]: atrace: 87:       DEBUG:    [send_request_headers.started request=<Request [b'POST']>]
[2024-12-20 11:39:07,980]: [_trace.py]: atrace: 87:       DEBUG:    [send_request_headers.complete]
[2024-12-20 11:39:07,980]: [_trace.py]: atrace: 87:       DEBUG:    [send_request_body.started request=<Request [b'POST']>]
[2024-12-20 11:39:08,901]: [_trace.py]: atrace: 87:       DEBUG:    [send_request_body.complete]
[2024-12-20 11:39:08,901]: [_trace.py]: atrace: 87:       DEBUG:    [receive_response_headers.started request=<Request [b'POST']>]
[2024-12-20 11:39:09,741]: [_trace.py]: atrace: 87:       DEBUG:    [receive_response_headers.complete return_value=(b'HTTP/1.1', 200, b'OK', [(b'Server', b'nginx/1.18.0'), (b'Date', b'Fri, 20 Dec 2024 11:39:09 GMT'), (b'Content-Type', b'application/json'), (b'Content-Length', b'478'), (b'Connection', b'keep-alive'), (b'Strict-Transport-Security', b'max-age=31536000; includeSubDomains; preload'), (b'Access-Control-Allow-Origin', b'*'), (b'Access-Control-Allow-Methods', b'GET, POST, OPTIONS'), (b'Access-Control-Expose-Headers', b'Content-Length,Content-Type,Date,Server,Connection')])]
[2024-12-20 11:39:09,742]: [_client.py]: _send_single_request: 1740:       INFO:    [HTTP Request: POST https://api.telegram.org/bot6030805959:AAGUHAMxLYc-PrevgKouJ3ZyM7ktu56ftjo/sendDocument "HTTP/1.1 200 OK"]
[2024-12-20 11:39:09,742]: [_trace.py]: atrace: 87:       DEBUG:    [receive_response_body.started request=<Request [b'POST']>]
[2024-12-20 11:39:09,742]: [_trace.py]: atrace: 87:       DEBUG:    [receive_response_body.complete]
[2024-12-20 11:39:09,742]: [_trace.py]: atrace: 87:       DEBUG:    [response_closed.started]
[2024-12-20 11:39:09,742]: [_trace.py]: atrace: 87:       DEBUG:    [response_closed.complete]
[2024-12-20 11:39:09,742]: [_bot.py]: _do_post: 652:       DEBUG:    [Call to Bot API endpoint `sendDocument` finished with return value `{'message_id': 2062, 'from': {'id': 6030805959, 'is_bot': True, 'first_name': 'TyPHoone', 'username': 'TyPHoone_Project_bot'}, 'chat': {'id': -4119703192, 'title': 'Robocop', 'type': 'group', 'all_members_are_administrators': True}, 'date': 1734694749, 'document': {'file_name': '(2024_12_20--11_38)output.zip', 'mime_type': 'application/zip', 'file_id': 'BQACAgQAAxkDAAIIDmdlV1316uWm4CFPF7c1N_sVra7PAALZEwACGHUwU2Rj8-XWSHmANgQ', 'file_unique_id': 'AgAD2RMAAhh1MFM', 'file_size': 9571791}}`]
[2024-12-20 11:39:09,743]: [_trace.py]: atrace: 87:       DEBUG:    [close.started]
[2024-12-20 11:39:09,743]: [_trace.py]: atrace: 87:       DEBUG:    [close.complete]
[2024-12-20 11:39:09,743]: [Telegram_Sender.py]: runner: 61:       INFO:    [sent successfully]
[2024-12-20 11:39:09,744]: [Main.py]: <module>: 48:       INFO:    [Finished]
