[2024-04-26 14:36:59,241]: [Main.py]: <module>: 21:       INFO:    [Started]
[2024-04-26 14:37:01,136]: [Iron_Scraper.py]: Scrap: 32:       INFO:    [Data Scaraped Successfully]
[2024-04-26 14:37:01,351]: [Iron_Scraper.py]: Scrap: 70:       INFO:    [Scrapped Data Has No Problem]
[2024-04-26 14:37:01,352]: [Iron_Scraper.py]: Scrap: 83:       INFO:    [Data Saved Successfully]
[2024-04-26 14:37:01,352]: [Iron.py]: Run: 26:       INFO:    [Scraping Phase Completed]
[2024-04-26 14:37:01,352]: [Iron_Data_Processor.py]: Data_Reader: 61:       INFO:    [Data File Has Been Red Successfully]
[2024-04-26 14:37:01,352]: [Iron_Data_Processor.py]: Shaper: 78:       INFO:    [Data Shaped]
[2024-04-26 14:37:01,353]: [Iron_Data_Processor.py]: Process: 225:       INFO:    [Data Cleaned]
[2024-04-26 14:37:01,353]: [Iron_Data_Processor.py]: Make_Pages_Objects: 101:       INFO:    [Page Objects Has Been Made]
[2024-04-26 14:37:01,353]: [Iron_Data_Processor.py]: Make_Pages_Objects: 101:       INFO:    [Page Objects Has Been Made]
[2024-04-26 14:37:01,353]: [Iron_Data_Processor.py]: Load_Data: 118:       INFO:    [Data Has Been Load]
[2024-04-26 14:37:01,353]: [Iron_Data_Processor.py]: Load_Data: 118:       INFO:    [Data Has Been Load]
[2024-04-26 14:37:01,353]: [Iron_Data_Processor.py]: Load_positions: 140:       INFO:    [Positions Are Ready]
[2024-04-26 14:37:01,353]: [Iron_Data_Processor.py]: Load_positions: 140:       INFO:    [Positions Are Ready]
[2024-04-26 14:37:03,061]: [Iron_Data_Processor.py]: Make_Tagged_Images: 192:       INFO:    [Images Has Been Made]
[2024-04-26 14:37:04,614]: [Iron_Data_Processor.py]: Make_Tagged_Images: 192:       INFO:    [Images Has Been Made]
[2024-04-26 14:37:05,049]: [Iron_Data_Processor.py]: Make_Cover_Page: 212:       INFO:    [Made Cover Pages]
[2024-04-26 14:37:05,049]: [Iron.py]: Run: 29:       INFO:    [Imagination Phase Completed]
[2024-04-26 14:37:09,286]: [Phone_Scraper.py]: Scrap: 58:       INFO:    [Data Scraped]
[2024-04-26 14:37:09,286]: [Phone_Scraper.py]: Scrap: 71:       INFO:    [Scraped Data Successfully]
[2024-04-26 14:37:09,286]: [Phone.py]: Run: 26:       INFO:    [Scraping Phase Complete]
[2024-04-26 14:37:09,287]: [Phone_Data_Processor.py]: data_reader: 37:       INFO:    [Scraped Data Loaded]
[2024-04-26 14:37:09,288]: [Phone_Data_Processor.py]: filter_list: 64:       INFO:    [Persian Phrases Are deleted]
[2024-04-26 14:37:09,289]: [Phone_Data_Processor.py]: reshape_list: 86:       INFO:    [Date Reshaped]
[2024-04-26 14:37:09,289]: [Phone_Data_Processor.py]: separate_brands: 123:       INFO:    [Brands Are Separated]
[2024-04-26 14:37:09,290]: [Phone_Data_Processor.py]: delete_extra_spaces: 140:       INFO:    [Extra Spaces Are Deleted]
[2024-04-26 14:37:10,333]: [Phone.py]: Run: 29:       INFO:    [Imagination Phase Complete]
[2024-04-26 14:37:10,334]: [selector_events.py]: __init__: 64:       DEBUG:    [Using selector: EpollSelector]
[2024-04-26 14:37:10,334]: [_bot.py]: _do_post: 643:       DEBUG:    [Calling Bot API endpoint `getMe` with parameters `{}`]
[2024-04-26 14:37:10,338]: [_trace.py]: atrace: 85:       DEBUG:    [connect_tcp.started host='api.telegram.org' port=443 local_address=None timeout=5.0 socket_options=None]
[2024-04-26 14:37:10,547]: [_trace.py]: atrace: 85:       DEBUG:    [connect_tcp.complete return_value=<httpcore._backends.anyio.AnyIOStream object at 0x7fdf446dbe90>]
[2024-04-26 14:37:10,547]: [_trace.py]: atrace: 85:       DEBUG:    [start_tls.started ssl_context=<ssl.SSLContext object at 0x7fdf45135d50> server_hostname='api.telegram.org' timeout=5.0]
[2024-04-26 14:37:10,696]: [_trace.py]: atrace: 85:       DEBUG:    [start_tls.complete return_value=<httpcore._backends.anyio.AnyIOStream object at 0x7fdf452a7050>]
[2024-04-26 14:37:10,697]: [_trace.py]: atrace: 85:       DEBUG:    [send_request_headers.started request=<Request [b'POST']>]
[2024-04-26 14:37:10,697]: [_trace.py]: atrace: 85:       DEBUG:    [send_request_headers.complete]
[2024-04-26 14:37:10,697]: [_trace.py]: atrace: 85:       DEBUG:    [send_request_body.started request=<Request [b'POST']>]
[2024-04-26 14:37:10,697]: [_trace.py]: atrace: 85:       DEBUG:    [send_request_body.complete]
[2024-04-26 14:37:10,697]: [_trace.py]: atrace: 85:       DEBUG:    [receive_response_headers.started request=<Request [b'POST']>]
[2024-04-26 14:37:10,846]: [_trace.py]: atrace: 85:       DEBUG:    [receive_response_headers.complete return_value=(b'HTTP/1.1', 200, b'OK', [(b'Server', b'nginx/1.18.0'), (b'Date', b'Fri, 26 Apr 2024 14:37:10 GMT'), (b'Content-Type', b'application/json'), (b'Content-Length', b'237'), (b'Connection', b'keep-alive'), (b'Strict-Transport-Security', b'max-age=31536000; includeSubDomains; preload'), (b'Access-Control-Allow-Origin', b'*'), (b'Access-Control-Allow-Methods', b'GET, POST, OPTIONS'), (b'Access-Control-Expose-Headers', b'Content-Length,Content-Type,Date,Server,Connection')])]
[2024-04-26 14:37:10,846]: [_client.py]: _send_single_request: 1773:       INFO:    [HTTP Request: POST https://api.telegram.org/bot6030805959:AAGUHAMxLYc-PrevgKouJ3ZyM7ktu56ftjo/getMe "HTTP/1.1 200 OK"]
[2024-04-26 14:37:10,847]: [_trace.py]: atrace: 85:       DEBUG:    [receive_response_body.started request=<Request [b'POST']>]
[2024-04-26 14:37:10,847]: [_trace.py]: atrace: 85:       DEBUG:    [receive_response_body.complete]
[2024-04-26 14:37:10,847]: [_trace.py]: atrace: 85:       DEBUG:    [response_closed.started]
[2024-04-26 14:37:10,847]: [_trace.py]: atrace: 85:       DEBUG:    [response_closed.complete]
[2024-04-26 14:37:10,847]: [_bot.py]: _do_post: 652:       DEBUG:    [Call to Bot API endpoint `getMe` finished with return value `{'id': 6030805959, 'is_bot': True, 'first_name': 'TyPHoone_bot', 'username': 'TyPHoone_Project_bot', 'can_join_groups': True, 'can_read_all_group_messages': False, 'supports_inline_queries': False, 'can_connect_to_business': False}`]
[2024-04-26 14:37:10,851]: [_bot.py]: _do_post: 643:       DEBUG:    [Calling Bot API endpoint `sendDocument` with parameters `{'chat_id': '-4119703192', 'document': <telegram._files.inputfile.InputFile object at 0x7fdf44678880>}`]
[2024-04-26 14:37:10,851]: [_trace.py]: atrace: 85:       DEBUG:    [send_request_headers.started request=<Request [b'POST']>]
[2024-04-26 14:37:10,851]: [_trace.py]: atrace: 85:       DEBUG:    [send_request_headers.complete]
[2024-04-26 14:37:10,851]: [_trace.py]: atrace: 85:       DEBUG:    [send_request_body.started request=<Request [b'POST']>]
[2024-04-26 14:37:11,441]: [_trace.py]: atrace: 85:       DEBUG:    [send_request_body.complete]
[2024-04-26 14:37:11,442]: [_trace.py]: atrace: 85:       DEBUG:    [receive_response_headers.started request=<Request [b'POST']>]
[2024-04-26 14:37:12,408]: [_trace.py]: atrace: 85:       DEBUG:    [receive_response_headers.complete return_value=(b'HTTP/1.1', 200, b'OK', [(b'Server', b'nginx/1.18.0'), (b'Date', b'Fri, 26 Apr 2024 14:37:12 GMT'), (b'Content-Type', b'application/json'), (b'Content-Length', b'823'), (b'Connection', b'keep-alive'), (b'Strict-Transport-Security', b'max-age=31536000; includeSubDomains; preload'), (b'Access-Control-Allow-Origin', b'*'), (b'Access-Control-Allow-Methods', b'GET, POST, OPTIONS'), (b'Access-Control-Expose-Headers', b'Content-Length,Content-Type,Date,Server,Connection')])]
[2024-04-26 14:37:12,408]: [_client.py]: _send_single_request: 1773:       INFO:    [HTTP Request: POST https://api.telegram.org/bot6030805959:AAGUHAMxLYc-PrevgKouJ3ZyM7ktu56ftjo/sendDocument "HTTP/1.1 200 OK"]
[2024-04-26 14:37:12,408]: [_trace.py]: atrace: 85:       DEBUG:    [receive_response_body.started request=<Request [b'POST']>]
[2024-04-26 14:37:12,409]: [_trace.py]: atrace: 85:       DEBUG:    [receive_response_body.complete]
[2024-04-26 14:37:12,409]: [_trace.py]: atrace: 85:       DEBUG:    [response_closed.started]
[2024-04-26 14:37:12,409]: [_trace.py]: atrace: 85:       DEBUG:    [response_closed.complete]
[2024-04-26 14:37:12,409]: [_bot.py]: _do_post: 652:       DEBUG:    [Call to Bot API endpoint `sendDocument` finished with return value `{'message_id': 346, 'from': {'id': 6030805959, 'is_bot': True, 'first_name': 'TyPHoone_bot', 'username': 'TyPHoone_Project_bot'}, 'chat': {'id': -4119703192, 'title': 'Robocop', 'type': 'group', 'all_members_are_administrators': True}, 'date': 1714142232, 'document': {'file_name': '1-Tir_Ahan.png', 'mime_type': 'image/png', 'thumbnail': {'file_id': 'AAMCBAADGQMAAgFaZiu8GAnO4Ia-zjIqEsKJGxawXCoAAtUWAALuyGBRhL7GUAuFEGEBAAdtAAM0BA', 'file_unique_id': 'AQAD1RYAAu7IYFFy', 'file_size': 39323, 'width': 320, 'height': 320}, 'thumb': {'file_id': 'AAMCBAADGQMAAgFaZiu8GAnO4Ia-zjIqEsKJGxawXCoAAtUWAALuyGBRhL7GUAuFEGEBAAdtAAM0BA', 'file_unique_id': 'AQAD1RYAAu7IYFFy', 'file_size': 39323, 'width': 320, 'height': 320}, 'file_id': 'BQACAgQAAxkDAAIBWmYrvBgJzuCGvs4yKhLCiRsWsFwqAALVFgAC7shgUYS-xlALhRBhNAQ', 'file_unique_id': 'AgAD1RYAAu7IYFE', 'file_size': 824492}}`]
[2024-04-26 14:37:12,410]: [_bot.py]: _do_post: 643:       DEBUG:    [Calling Bot API endpoint `sendDocument` with parameters `{'chat_id': '-4119703192', 'document': <telegram._files.inputfile.InputFile object at 0x7fdf446a6e00>}`]
[2024-04-26 14:37:12,410]: [_trace.py]: atrace: 85:       DEBUG:    [send_request_headers.started request=<Request [b'POST']>]
[2024-04-26 14:37:12,410]: [_trace.py]: atrace: 85:       DEBUG:    [send_request_headers.complete]
[2024-04-26 14:37:12,410]: [_trace.py]: atrace: 85:       DEBUG:    [send_request_body.started request=<Request [b'POST']>]
[2024-04-26 14:37:12,412]: [_trace.py]: atrace: 85:       DEBUG:    [send_request_body.complete]
[2024-04-26 14:37:12,412]: [_trace.py]: atrace: 85:       DEBUG:    [receive_response_headers.started request=<Request [b'POST']>]
[2024-04-26 14:37:12,886]: [_trace.py]: atrace: 85:       DEBUG:    [receive_response_headers.complete return_value=(b'HTTP/1.1', 200, b'OK', [(b'Server', b'nginx/1.18.0'), (b'Date', b'Fri, 26 Apr 2024 14:37:12 GMT'), (b'Content-Type', b'application/json'), (b'Content-Length', b'830'), (b'Connection', b'keep-alive'), (b'Strict-Transport-Security', b'max-age=31536000; includeSubDomains; preload'), (b'Access-Control-Allow-Origin', b'*'), (b'Access-Control-Allow-Methods', b'GET, POST, OPTIONS'), (b'Access-Control-Expose-Headers', b'Content-Length,Content-Type,Date,Server,Connection')])]
[2024-04-26 14:37:12,887]: [_client.py]: _send_single_request: 1773:       INFO:    [HTTP Request: POST https://api.telegram.org/bot6030805959:AAGUHAMxLYc-PrevgKouJ3ZyM7ktu56ftjo/sendDocument "HTTP/1.1 200 OK"]
[2024-04-26 14:37:12,887]: [_trace.py]: atrace: 85:       DEBUG:    [receive_response_body.started request=<Request [b'POST']>]
[2024-04-26 14:37:12,887]: [_trace.py]: atrace: 85:       DEBUG:    [receive_response_body.complete]
[2024-04-26 14:37:12,887]: [_trace.py]: atrace: 85:       DEBUG:    [response_closed.started]
[2024-04-26 14:37:12,887]: [_trace.py]: atrace: 85:       DEBUG:    [response_closed.complete]
[2024-04-26 14:37:12,887]: [_bot.py]: _do_post: 652:       DEBUG:    [Call to Bot API endpoint `sendDocument` finished with return value `{'message_id': 347, 'from': {'id': 6030805959, 'is_bot': True, 'first_name': 'TyPHoone_bot', 'username': 'TyPHoone_Project_bot'}, 'chat': {'id': -4119703192, 'title': 'Robocop', 'type': 'group', 'all_members_are_administrators': True}, 'date': 1714142232, 'document': {'file_name': '9-Waraq_Galwanize.png', 'mime_type': 'image/png', 'thumbnail': {'file_id': 'AAMCBAADGQMAAgFbZiu8GFCPtHMshvPkcG3QERjJoAQAAtYWAALuyGBRzG-lyzfoloQBAAdtAAM0BA', 'file_unique_id': 'AQAD1hYAAu7IYFFy', 'file_size': 39436, 'width': 320, 'height': 320}, 'thumb': {'file_id': 'AAMCBAADGQMAAgFbZiu8GFCPtHMshvPkcG3QERjJoAQAAtYWAALuyGBRzG-lyzfoloQBAAdtAAM0BA', 'file_unique_id': 'AQAD1hYAAu7IYFFy', 'file_size': 39436, 'width': 320, 'height': 320}, 'file_id': 'BQACAgQAAxkDAAIBW2YrvBhQj7RzLIbz5HBt0BEYyaAEAALWFgAC7shgUcxvpcs36JaENAQ', 'file_unique_id': 'AgAD1hYAAu7IYFE', 'file_size': 764419}}`]
[2024-04-26 14:37:12,888]: [_bot.py]: _do_post: 643:       DEBUG:    [Calling Bot API endpoint `sendDocument` with parameters `{'chat_id': '-4119703192', 'document': <telegram._files.inputfile.InputFile object at 0x7fdf44678880>}`]
[2024-04-26 14:37:12,889]: [_trace.py]: atrace: 85:       DEBUG:    [send_request_headers.started request=<Request [b'POST']>]
[2024-04-26 14:37:12,889]: [_trace.py]: atrace: 85:       DEBUG:    [send_request_headers.complete]
[2024-04-26 14:37:12,889]: [_trace.py]: atrace: 85:       DEBUG:    [send_request_body.started request=<Request [b'POST']>]
[2024-04-26 14:37:12,891]: [_trace.py]: atrace: 85:       DEBUG:    [send_request_body.complete]
[2024-04-26 14:37:12,891]: [_trace.py]: atrace: 85:       DEBUG:    [receive_response_headers.started request=<Request [b'POST']>]
[2024-04-26 14:37:13,167]: [_trace.py]: atrace: 85:       DEBUG:    [receive_response_headers.complete return_value=(b'HTTP/1.1', 200, b'OK', [(b'Server', b'nginx/1.18.0'), (b'Date', b'Fri, 26 Apr 2024 14:37:13 GMT'), (b'Content-Type', b'application/json'), (b'Content-Length', b'822'), (b'Connection', b'keep-alive'), (b'Strict-Transport-Security', b'max-age=31536000; includeSubDomains; preload'), (b'Access-Control-Allow-Origin', b'*'), (b'Access-Control-Allow-Methods', b'GET, POST, OPTIONS'), (b'Access-Control-Expose-Headers', b'Content-Length,Content-Type,Date,Server,Connection')])]
[2024-04-26 14:37:13,167]: [_client.py]: _send_single_request: 1773:       INFO:    [HTTP Request: POST https://api.telegram.org/bot6030805959:AAGUHAMxLYc-PrevgKouJ3ZyM7ktu56ftjo/sendDocument "HTTP/1.1 200 OK"]
[2024-04-26 14:37:13,168]: [_trace.py]: atrace: 85:       DEBUG:    [receive_response_body.started request=<Request [b'POST']>]
[2024-04-26 14:37:13,168]: [_trace.py]: atrace: 85:       DEBUG:    [receive_response_body.complete]
[2024-04-26 14:37:13,168]: [_trace.py]: atrace: 85:       DEBUG:    [response_closed.started]
[2024-04-26 14:37:13,168]: [_trace.py]: atrace: 85:       DEBUG:    [response_closed.complete]
[2024-04-26 14:37:13,168]: [_bot.py]: _do_post: 652:       DEBUG:    [Call to Bot API endpoint `sendDocument` finished with return value `{'message_id': 348, 'from': {'id': 6030805959, 'is_bot': True, 'first_name': 'TyPHoone_bot', 'username': 'TyPHoone_Project_bot'}, 'chat': {'id': -4119703192, 'title': 'Robocop', 'type': 'group', 'all_members_are_administrators': True}, 'date': 1714142233, 'document': {'file_name': '2-Milgerd.png', 'mime_type': 'image/png', 'thumbnail': {'file_id': 'AAMCBAADGQMAAgFcZiu8GH_j54EiohKgicaiWP5luIYAAtcWAALuyGBRxPbONHnX0PsBAAdtAAM0BA', 'file_unique_id': 'AQAD1xYAAu7IYFFy', 'file_size': 43384, 'width': 320, 'height': 320}, 'thumb': {'file_id': 'AAMCBAADGQMAAgFcZiu8GH_j54EiohKgicaiWP5luIYAAtcWAALuyGBRxPbONHnX0PsBAAdtAAM0BA', 'file_unique_id': 'AQAD1xYAAu7IYFFy', 'file_size': 43384, 'width': 320, 'height': 320}, 'file_id': 'BQACAgQAAxkDAAIBXGYrvBh_4-eBIqISoInGolj-ZbiGAALXFgAC7shgUcT2zjR519D7NAQ', 'file_unique_id': 'AgAD1xYAAu7IYFE', 'file_size': 705635}}`]
[2024-04-26 14:37:13,169]: [_bot.py]: _do_post: 643:       DEBUG:    [Calling Bot API endpoint `sendDocument` with parameters `{'chat_id': '-4119703192', 'document': <telegram._files.inputfile.InputFile object at 0x7fdf44678880>}`]
[2024-04-26 14:37:13,169]: [_trace.py]: atrace: 85:       DEBUG:    [send_request_headers.started request=<Request [b'POST']>]
[2024-04-26 14:37:13,169]: [_trace.py]: atrace: 85:       DEBUG:    [send_request_headers.complete]
[2024-04-26 14:37:13,170]: [_trace.py]: atrace: 85:       DEBUG:    [send_request_body.started request=<Request [b'POST']>]
[2024-04-26 14:37:13,171]: [_trace.py]: atrace: 85:       DEBUG:    [send_request_body.complete]
[2024-04-26 14:37:13,171]: [_trace.py]: atrace: 85:       DEBUG:    [receive_response_headers.started request=<Request [b'POST']>]
[2024-04-26 14:37:13,462]: [_trace.py]: atrace: 85:       DEBUG:    [receive_response_headers.complete return_value=(b'HTTP/1.1', 200, b'OK', [(b'Server', b'nginx/1.18.0'), (b'Date', b'Fri, 26 Apr 2024 14:37:13 GMT'), (b'Content-Type', b'application/json'), (b'Content-Length', b'821'), (b'Connection', b'keep-alive'), (b'Strict-Transport-Security', b'max-age=31536000; includeSubDomains; preload'), (b'Access-Control-Allow-Origin', b'*'), (b'Access-Control-Allow-Methods', b'GET, POST, OPTIONS'), (b'Access-Control-Expose-Headers', b'Content-Length,Content-Type,Date,Server,Connection')])]
[2024-04-26 14:37:13,462]: [_client.py]: _send_single_request: 1773:       INFO:    [HTTP Request: POST https://api.telegram.org/bot6030805959:AAGUHAMxLYc-PrevgKouJ3ZyM7ktu56ftjo/sendDocument "HTTP/1.1 200 OK"]
[2024-04-26 14:37:13,462]: [_trace.py]: atrace: 85:       DEBUG:    [receive_response_body.started request=<Request [b'POST']>]
[2024-04-26 14:37:13,462]: [_trace.py]: atrace: 85:       DEBUG:    [receive_response_body.complete]
[2024-04-26 14:37:13,462]: [_trace.py]: atrace: 85:       DEBUG:    [response_closed.started]
[2024-04-26 14:37:13,462]: [_trace.py]: atrace: 85:       DEBUG:    [response_closed.complete]
[2024-04-26 14:37:13,462]: [_bot.py]: _do_post: 652:       DEBUG:    [Call to Bot API endpoint `sendDocument` finished with return value `{'message_id': 349, 'from': {'id': 6030805959, 'is_bot': True, 'first_name': 'TyPHoone_bot', 'username': 'TyPHoone_Project_bot'}, 'chat': {'id': -4119703192, 'title': 'Robocop', 'type': 'group', 'all_members_are_administrators': True}, 'date': 1714142233, 'document': {'file_name': '5-Nabshi.png', 'mime_type': 'image/png', 'thumbnail': {'file_id': 'AAMCBAADGQMAAgFdZiu8GXNNCjqpq5SP70tdaZz1JEMAAtgWAALuyGBRxq0rgxqQSpsBAAdtAAM0BA', 'file_unique_id': 'AQAD2BYAAu7IYFFy', 'file_size': 32735, 'width': 320, 'height': 320}, 'thumb': {'file_id': 'AAMCBAADGQMAAgFdZiu8GXNNCjqpq5SP70tdaZz1JEMAAtgWAALuyGBRxq0rgxqQSpsBAAdtAAM0BA', 'file_unique_id': 'AQAD2BYAAu7IYFFy', 'file_size': 32735, 'width': 320, 'height': 320}, 'file_id': 'BQACAgQAAxkDAAIBXWYrvBlzTQo6qauUj-9LXWmc9SRDAALYFgAC7shgUcatK4MakEqbNAQ', 'file_unique_id': 'AgAD2BYAAu7IYFE', 'file_size': 850214}}`]
[2024-04-26 14:37:13,463]: [_bot.py]: _do_post: 643:       DEBUG:    [Calling Bot API endpoint `sendDocument` with parameters `{'chat_id': '-4119703192', 'document': <telegram._files.inputfile.InputFile object at 0x7fdf446e2980>}`]
[2024-04-26 14:37:13,463]: [_trace.py]: atrace: 85:       DEBUG:    [send_request_headers.started request=<Request [b'POST']>]
[2024-04-26 14:37:13,463]: [_trace.py]: atrace: 85:       DEBUG:    [send_request_headers.complete]
[2024-04-26 14:37:13,464]: [_trace.py]: atrace: 85:       DEBUG:    [send_request_body.started request=<Request [b'POST']>]
[2024-04-26 14:37:13,465]: [_trace.py]: atrace: 85:       DEBUG:    [send_request_body.complete]
[2024-04-26 14:37:13,465]: [_trace.py]: atrace: 85:       DEBUG:    [receive_response_headers.started request=<Request [b'POST']>]
[2024-04-26 14:37:13,824]: [_trace.py]: atrace: 85:       DEBUG:    [receive_response_headers.complete return_value=(b'HTTP/1.1', 200, b'OK', [(b'Server', b'nginx/1.18.0'), (b'Date', b'Fri, 26 Apr 2024 14:37:13 GMT'), (b'Content-Type', b'application/json'), (b'Content-Length', b'825'), (b'Connection', b'keep-alive'), (b'Strict-Transport-Security', b'max-age=31536000; includeSubDomains; preload'), (b'Access-Control-Allow-Origin', b'*'), (b'Access-Control-Allow-Methods', b'GET, POST, OPTIONS'), (b'Access-Control-Expose-Headers', b'Content-Length,Content-Type,Date,Server,Connection')])]
[2024-04-26 14:37:13,824]: [_client.py]: _send_single_request: 1773:       INFO:    [HTTP Request: POST https://api.telegram.org/bot6030805959:AAGUHAMxLYc-PrevgKouJ3ZyM7ktu56ftjo/sendDocument "HTTP/1.1 200 OK"]
[2024-04-26 14:37:13,825]: [_trace.py]: atrace: 85:       DEBUG:    [receive_response_body.started request=<Request [b'POST']>]
[2024-04-26 14:37:13,825]: [_trace.py]: atrace: 85:       DEBUG:    [receive_response_body.complete]
[2024-04-26 14:37:13,825]: [_trace.py]: atrace: 85:       DEBUG:    [response_closed.started]
[2024-04-26 14:37:13,826]: [_trace.py]: atrace: 85:       DEBUG:    [response_closed.complete]
[2024-04-26 14:37:13,826]: [_bot.py]: _do_post: 652:       DEBUG:    [Call to Bot API endpoint `sendDocument` finished with return value `{'message_id': 350, 'from': {'id': 6030805959, 'is_bot': True, 'first_name': 'TyPHoone_bot', 'username': 'TyPHoone_Project_bot'}, 'chat': {'id': -4119703192, 'title': 'Robocop', 'type': 'group', 'all_members_are_administrators': True}, 'date': 1714142233, 'document': {'file_name': '6-Waraq_Siah.png', 'mime_type': 'image/png', 'thumbnail': {'file_id': 'AAMCBAADGQMAAgFeZiu8GWG7yniR5t357cmf5NtcopUAAtkWAALuyGBRdcC0T0Lq-rUBAAdtAAM0BA', 'file_unique_id': 'AQAD2RYAAu7IYFFy', 'file_size': 44011, 'width': 320, 'height': 320}, 'thumb': {'file_id': 'AAMCBAADGQMAAgFeZiu8GWG7yniR5t357cmf5NtcopUAAtkWAALuyGBRdcC0T0Lq-rUBAAdtAAM0BA', 'file_unique_id': 'AQAD2RYAAu7IYFFy', 'file_size': 44011, 'width': 320, 'height': 320}, 'file_id': 'BQACAgQAAxkDAAIBXmYrvBlhu8p4kebd-e3Jn-TbXKKVAALZFgAC7shgUXXAtE9C6vq1NAQ', 'file_unique_id': 'AgAD2RYAAu7IYFE', 'file_size': 709535}}`]
[2024-04-26 14:37:13,826]: [_bot.py]: _do_post: 643:       DEBUG:    [Calling Bot API endpoint `sendDocument` with parameters `{'chat_id': '-4119703192', 'document': <telegram._files.inputfile.InputFile object at 0x7fdf4454e9c0>}`]
[2024-04-26 14:37:13,827]: [_trace.py]: atrace: 85:       DEBUG:    [send_request_headers.started request=<Request [b'POST']>]
[2024-04-26 14:37:13,827]: [_trace.py]: atrace: 85:       DEBUG:    [send_request_headers.complete]
[2024-04-26 14:37:13,827]: [_trace.py]: atrace: 85:       DEBUG:    [send_request_body.started request=<Request [b'POST']>]
[2024-04-26 14:37:13,828]: [_trace.py]: atrace: 85:       DEBUG:    [send_request_body.complete]
[2024-04-26 14:37:13,828]: [_trace.py]: atrace: 85:       DEBUG:    [receive_response_headers.started request=<Request [b'POST']>]
[2024-04-26 14:37:18,165]: [_trace.py]: atrace: 85:       DEBUG:    [receive_response_headers.complete return_value=(b'HTTP/1.1', 200, b'OK', [(b'Server', b'nginx/1.18.0'), (b'Date', b'Fri, 26 Apr 2024 14:37:18 GMT'), (b'Content-Type', b'application/json'), (b'Content-Length', b'822'), (b'Connection', b'keep-alive'), (b'Strict-Transport-Security', b'max-age=31536000; includeSubDomains; preload'), (b'Access-Control-Allow-Origin', b'*'), (b'Access-Control-Allow-Methods', b'GET, POST, OPTIONS'), (b'Access-Control-Expose-Headers', b'Content-Length,Content-Type,Date,Server,Connection')])]
[2024-04-26 14:37:18,166]: [_client.py]: _send_single_request: 1773:       INFO:    [HTTP Request: POST https://api.telegram.org/bot6030805959:AAGUHAMxLYc-PrevgKouJ3ZyM7ktu56ftjo/sendDocument "HTTP/1.1 200 OK"]
[2024-04-26 14:37:18,166]: [_trace.py]: atrace: 85:       DEBUG:    [receive_response_body.started request=<Request [b'POST']>]
[2024-04-26 14:37:18,166]: [_trace.py]: atrace: 85:       DEBUG:    [receive_response_body.complete]
[2024-04-26 14:37:18,166]: [_trace.py]: atrace: 85:       DEBUG:    [response_closed.started]
[2024-04-26 14:37:18,166]: [_trace.py]: atrace: 85:       DEBUG:    [response_closed.complete]
[2024-04-26 14:37:18,166]: [_bot.py]: _do_post: 652:       DEBUG:    [Call to Bot API endpoint `sendDocument` finished with return value `{'message_id': 351, 'from': {'id': 6030805959, 'is_bot': True, 'first_name': 'TyPHoone_bot', 'username': 'TyPHoone_Project_bot'}, 'chat': {'id': -4119703192, 'title': 'Robocop', 'type': 'group', 'all_members_are_administrators': True}, 'date': 1714142238, 'document': {'file_name': '4-Nawdani.png', 'mime_type': 'image/png', 'thumbnail': {'file_id': 'AAMCBAADGQMAAgFfZiu8HZ2to0r-kq_cvOpytIEyTJ0AAtoWAALuyGBREM1AuwSmIVEBAAdtAAM0BA', 'file_unique_id': 'AQAD2hYAAu7IYFFy', 'file_size': 33616, 'width': 320, 'height': 320}, 'thumb': {'file_id': 'AAMCBAADGQMAAgFfZiu8HZ2to0r-kq_cvOpytIEyTJ0AAtoWAALuyGBREM1AuwSmIVEBAAdtAAM0BA', 'file_unique_id': 'AQAD2hYAAu7IYFFy', 'file_size': 33616, 'width': 320, 'height': 320}, 'file_id': 'BQACAgQAAxkDAAIBX2YrvB2draNK_pKv3LzqcrSBMkydAALaFgAC7shgURDNQLsEpiFRNAQ', 'file_unique_id': 'AgAD2hYAAu7IYFE', 'file_size': 811807}}`]
[2024-04-26 14:37:18,167]: [_bot.py]: _do_post: 643:       DEBUG:    [Calling Bot API endpoint `sendDocument` with parameters `{'chat_id': '-4119703192', 'document': <telegram._files.inputfile.InputFile object at 0x7fdf44de4ec0>}`]
[2024-04-26 14:37:18,167]: [_trace.py]: atrace: 85:       DEBUG:    [send_request_headers.started request=<Request [b'POST']>]
[2024-04-26 14:37:18,167]: [_trace.py]: atrace: 85:       DEBUG:    [send_request_headers.complete]
[2024-04-26 14:37:18,167]: [_trace.py]: atrace: 85:       DEBUG:    [send_request_body.started request=<Request [b'POST']>]
[2024-04-26 14:37:18,169]: [_trace.py]: atrace: 85:       DEBUG:    [send_request_body.complete]
[2024-04-26 14:37:18,169]: [_trace.py]: atrace: 85:       DEBUG:    [receive_response_headers.started request=<Request [b'POST']>]
[2024-04-26 14:37:19,308]: [_trace.py]: atrace: 85:       DEBUG:    [receive_response_headers.complete return_value=(b'HTTP/1.1', 200, b'OK', [(b'Server', b'nginx/1.18.0'), (b'Date', b'Fri, 26 Apr 2024 14:37:19 GMT'), (b'Content-Type', b'application/json'), (b'Content-Length', b'822'), (b'Connection', b'keep-alive'), (b'Strict-Transport-Security', b'max-age=31536000; includeSubDomains; preload'), (b'Access-Control-Allow-Origin', b'*'), (b'Access-Control-Allow-Methods', b'GET, POST, OPTIONS'), (b'Access-Control-Expose-Headers', b'Content-Length,Content-Type,Date,Server,Connection')])]
[2024-04-26 14:37:19,309]: [_client.py]: _send_single_request: 1773:       INFO:    [HTTP Request: POST https://api.telegram.org/bot6030805959:AAGUHAMxLYc-PrevgKouJ3ZyM7ktu56ftjo/sendDocument "HTTP/1.1 200 OK"]
[2024-04-26 14:37:19,309]: [_trace.py]: atrace: 85:       DEBUG:    [receive_response_body.started request=<Request [b'POST']>]
[2024-04-26 14:37:19,309]: [_trace.py]: atrace: 85:       DEBUG:    [receive_response_body.complete]
[2024-04-26 14:37:19,309]: [_trace.py]: atrace: 85:       DEBUG:    [response_closed.started]
[2024-04-26 14:37:19,309]: [_trace.py]: atrace: 85:       DEBUG:    [response_closed.complete]
[2024-04-26 14:37:19,309]: [_bot.py]: _do_post: 652:       DEBUG:    [Call to Bot API endpoint `sendDocument` finished with return value `{'message_id': 352, 'from': {'id': 6030805959, 'is_bot': True, 'first_name': 'TyPHoone_bot', 'username': 'TyPHoone_Project_bot'}, 'chat': {'id': -4119703192, 'title': 'Robocop', 'type': 'group', 'all_members_are_administrators': True}, 'date': 1714142239, 'document': {'file_name': '3-Profill.png', 'mime_type': 'image/png', 'thumbnail': {'file_id': 'AAMCBAADGQMAAgFgZiu8H2kIg9vetlaBYTSLyeBfSKUAAtsWAALuyGBRgTvQgy2jjHgBAAdtAAM0BA', 'file_unique_id': 'AQAD2xYAAu7IYFFy', 'file_size': 33055, 'width': 320, 'height': 320}, 'thumb': {'file_id': 'AAMCBAADGQMAAgFgZiu8H2kIg9vetlaBYTSLyeBfSKUAAtsWAALuyGBRgTvQgy2jjHgBAAdtAAM0BA', 'file_unique_id': 'AQAD2xYAAu7IYFFy', 'file_size': 33055, 'width': 320, 'height': 320}, 'file_id': 'BQACAgQAAxkDAAIBYGYrvB9pCIPb3rZWgWE0i8ngX0ilAALbFgAC7shgUYE70IMto4x4NAQ', 'file_unique_id': 'AgAD2xYAAu7IYFE', 'file_size': 716854}}`]
[2024-04-26 14:37:19,310]: [_bot.py]: _do_post: 643:       DEBUG:    [Calling Bot API endpoint `sendDocument` with parameters `{'chat_id': '-4119703192', 'document': <telegram._files.inputfile.InputFile object at 0x7fdf4454fcc0>}`]
[2024-04-26 14:37:19,310]: [_trace.py]: atrace: 85:       DEBUG:    [send_request_headers.started request=<Request [b'POST']>]
[2024-04-26 14:37:19,311]: [_trace.py]: atrace: 85:       DEBUG:    [send_request_headers.complete]
[2024-04-26 14:37:19,311]: [_trace.py]: atrace: 85:       DEBUG:    [send_request_body.started request=<Request [b'POST']>]
[2024-04-26 14:37:19,312]: [_trace.py]: atrace: 85:       DEBUG:    [send_request_body.complete]
[2024-04-26 14:37:19,312]: [_trace.py]: atrace: 85:       DEBUG:    [receive_response_headers.started request=<Request [b'POST']>]
[2024-04-26 14:37:19,976]: [_trace.py]: atrace: 85:       DEBUG:    [receive_response_headers.complete return_value=(b'HTTP/1.1', 200, b'OK', [(b'Server', b'nginx/1.18.0'), (b'Date', b'Fri, 26 Apr 2024 14:37:19 GMT'), (b'Content-Type', b'application/json'), (b'Content-Length', b'828'), (b'Connection', b'keep-alive'), (b'Strict-Transport-Security', b'max-age=31536000; includeSubDomains; preload'), (b'Access-Control-Allow-Origin', b'*'), (b'Access-Control-Allow-Methods', b'GET, POST, OPTIONS'), (b'Access-Control-Expose-Headers', b'Content-Length,Content-Type,Date,Server,Connection')])]
[2024-04-26 14:37:19,976]: [_client.py]: _send_single_request: 1773:       INFO:    [HTTP Request: POST https://api.telegram.org/bot6030805959:AAGUHAMxLYc-PrevgKouJ3ZyM7ktu56ftjo/sendDocument "HTTP/1.1 200 OK"]
[2024-04-26 14:37:19,976]: [_trace.py]: atrace: 85:       DEBUG:    [receive_response_body.started request=<Request [b'POST']>]
[2024-04-26 14:37:19,976]: [_trace.py]: atrace: 85:       DEBUG:    [receive_response_body.complete]
[2024-04-26 14:37:19,976]: [_trace.py]: atrace: 85:       DEBUG:    [response_closed.started]
[2024-04-26 14:37:19,976]: [_trace.py]: atrace: 85:       DEBUG:    [response_closed.complete]
[2024-04-26 14:37:19,976]: [_bot.py]: _do_post: 652:       DEBUG:    [Call to Bot API endpoint `sendDocument` finished with return value `{'message_id': 353, 'from': {'id': 6030805959, 'is_bot': True, 'first_name': 'TyPHoone_bot', 'username': 'TyPHoone_Project_bot'}, 'chat': {'id': -4119703192, 'title': 'Robocop', 'type': 'group', 'all_members_are_administrators': True}, 'date': 1714142239, 'document': {'file_name': '7-Tasme_Maftoul.png', 'mime_type': 'image/png', 'thumbnail': {'file_id': 'AAMCBAADGQMAAgFhZiu8H9D-hzA_MJxEVNq9BPF8SQkAAtwWAALuyGBRl4BbaguY8fsBAAdtAAM0BA', 'file_unique_id': 'AQAD3BYAAu7IYFFy', 'file_size': 36333, 'width': 320, 'height': 320}, 'thumb': {'file_id': 'AAMCBAADGQMAAgFhZiu8H9D-hzA_MJxEVNq9BPF8SQkAAtwWAALuyGBRl4BbaguY8fsBAAdtAAM0BA', 'file_unique_id': 'AQAD3BYAAu7IYFFy', 'file_size': 36333, 'width': 320, 'height': 320}, 'file_id': 'BQACAgQAAxkDAAIBYWYrvB_Q_ocwPzCcRFTavQTxfEkJAALcFgAC7shgUZeAW2oLmPH7NAQ', 'file_unique_id': 'AgAD3BYAAu7IYFE', 'file_size': 686635}}`]
[2024-04-26 14:37:19,977]: [_bot.py]: _do_post: 643:       DEBUG:    [Calling Bot API endpoint `sendDocument` with parameters `{'chat_id': '-4119703192', 'document': <telegram._files.inputfile.InputFile object at 0x7fdf44de4ec0>}`]
[2024-04-26 14:37:19,977]: [_trace.py]: atrace: 85:       DEBUG:    [send_request_headers.started request=<Request [b'POST']>]
[2024-04-26 14:37:19,978]: [_trace.py]: atrace: 85:       DEBUG:    [send_request_headers.complete]
[2024-04-26 14:37:19,978]: [_trace.py]: atrace: 85:       DEBUG:    [send_request_body.started request=<Request [b'POST']>]
[2024-04-26 14:37:19,979]: [_trace.py]: atrace: 85:       DEBUG:    [send_request_body.complete]
[2024-04-26 14:37:19,979]: [_trace.py]: atrace: 85:       DEBUG:    [receive_response_headers.started request=<Request [b'POST']>]
[2024-04-26 14:37:20,530]: [_trace.py]: atrace: 85:       DEBUG:    [receive_response_headers.complete return_value=(b'HTTP/1.1', 200, b'OK', [(b'Server', b'nginx/1.18.0'), (b'Date', b'Fri, 26 Apr 2024 14:37:20 GMT'), (b'Content-Type', b'application/json'), (b'Content-Length', b'822'), (b'Connection', b'keep-alive'), (b'Strict-Transport-Security', b'max-age=31536000; includeSubDomains; preload'), (b'Access-Control-Allow-Origin', b'*'), (b'Access-Control-Allow-Methods', b'GET, POST, OPTIONS'), (b'Access-Control-Expose-Headers', b'Content-Length,Content-Type,Date,Server,Connection')])]
[2024-04-26 14:37:20,530]: [_client.py]: _send_single_request: 1773:       INFO:    [HTTP Request: POST https://api.telegram.org/bot6030805959:AAGUHAMxLYc-PrevgKouJ3ZyM7ktu56ftjo/sendDocument "HTTP/1.1 200 OK"]
[2024-04-26 14:37:20,530]: [_trace.py]: atrace: 85:       DEBUG:    [receive_response_body.started request=<Request [b'POST']>]
[2024-04-26 14:37:20,530]: [_trace.py]: atrace: 85:       DEBUG:    [receive_response_body.complete]
[2024-04-26 14:37:20,530]: [_trace.py]: atrace: 85:       DEBUG:    [response_closed.started]
[2024-04-26 14:37:20,530]: [_trace.py]: atrace: 85:       DEBUG:    [response_closed.complete]
[2024-04-26 14:37:20,530]: [_bot.py]: _do_post: 652:       DEBUG:    [Call to Bot API endpoint `sendDocument` finished with return value `{'message_id': 354, 'from': {'id': 6030805959, 'is_bot': True, 'first_name': 'TyPHoone_bot', 'username': 'TyPHoone_Project_bot'}, 'chat': {'id': -4119703192, 'title': 'Robocop', 'type': 'group', 'all_members_are_administrators': True}, 'date': 1714142240, 'document': {'file_name': '8-Khamoot.png', 'mime_type': 'image/png', 'thumbnail': {'file_id': 'AAMCBAADGQMAAgFiZiu8IG_BXFm23d74A6j_nKJqkC0AAt0WAALuyGBR1npk3i6LNWoBAAdtAAM0BA', 'file_unique_id': 'AQAD3RYAAu7IYFFy', 'file_size': 28050, 'width': 320, 'height': 320}, 'thumb': {'file_id': 'AAMCBAADGQMAAgFiZiu8IG_BXFm23d74A6j_nKJqkC0AAt0WAALuyGBR1npk3i6LNWoBAAdtAAM0BA', 'file_unique_id': 'AQAD3RYAAu7IYFFy', 'file_size': 28050, 'width': 320, 'height': 320}, 'file_id': 'BQACAgQAAxkDAAIBYmYrvCBvwVxZtt3e-AOo_5yiapAtAALdFgAC7shgUdZ6ZN4uizVqNAQ', 'file_unique_id': 'AgAD3RYAAu7IYFE', 'file_size': 845752}}`]
[2024-04-26 14:37:20,531]: [_bot.py]: _do_post: 643:       DEBUG:    [Calling Bot API endpoint `sendDocument` with parameters `{'chat_id': '-4119703192', 'document': <telegram._files.inputfile.InputFile object at 0x7fdf4454fcc0>}`]
[2024-04-26 14:37:20,531]: [_trace.py]: atrace: 85:       DEBUG:    [send_request_headers.started request=<Request [b'POST']>]
[2024-04-26 14:37:20,532]: [_trace.py]: atrace: 85:       DEBUG:    [send_request_headers.complete]
[2024-04-26 14:37:20,532]: [_trace.py]: atrace: 85:       DEBUG:    [send_request_body.started request=<Request [b'POST']>]
[2024-04-26 14:37:20,533]: [_trace.py]: atrace: 85:       DEBUG:    [send_request_body.complete]
[2024-04-26 14:37:20,533]: [_trace.py]: atrace: 85:       DEBUG:    [receive_response_headers.started request=<Request [b'POST']>]
[2024-04-26 14:37:21,098]: [_trace.py]: atrace: 85:       DEBUG:    [receive_response_headers.complete return_value=(b'HTTP/1.1', 200, b'OK', [(b'Server', b'nginx/1.18.0'), (b'Date', b'Fri, 26 Apr 2024 14:37:21 GMT'), (b'Content-Type', b'application/json'), (b'Content-Length', b'820'), (b'Connection', b'keep-alive'), (b'Strict-Transport-Security', b'max-age=31536000; includeSubDomains; preload'), (b'Access-Control-Allow-Origin', b'*'), (b'Access-Control-Allow-Methods', b'GET, POST, OPTIONS'), (b'Access-Control-Expose-Headers', b'Content-Length,Content-Type,Date,Server,Connection')])]
[2024-04-26 14:37:21,098]: [_client.py]: _send_single_request: 1773:       INFO:    [HTTP Request: POST https://api.telegram.org/bot6030805959:AAGUHAMxLYc-PrevgKouJ3ZyM7ktu56ftjo/sendDocument "HTTP/1.1 200 OK"]
[2024-04-26 14:37:21,098]: [_trace.py]: atrace: 85:       DEBUG:    [receive_response_body.started request=<Request [b'POST']>]
[2024-04-26 14:37:21,098]: [_trace.py]: atrace: 85:       DEBUG:    [receive_response_body.complete]
[2024-04-26 14:37:21,098]: [_trace.py]: atrace: 85:       DEBUG:    [response_closed.started]
[2024-04-26 14:37:21,098]: [_trace.py]: atrace: 85:       DEBUG:    [response_closed.complete]
[2024-04-26 14:37:21,099]: [_bot.py]: _do_post: 652:       DEBUG:    [Call to Bot API endpoint `sendDocument` finished with return value `{'message_id': 355, 'from': {'id': 6030805959, 'is_bot': True, 'first_name': 'TyPHoone_bot', 'username': 'TyPHoone_Project_bot'}, 'chat': {'id': -4119703192, 'title': 'Robocop', 'type': 'group', 'all_members_are_administrators': True}, 'date': 1714142241, 'document': {'file_name': '0-cover.png', 'mime_type': 'image/png', 'thumbnail': {'file_id': 'AAMCBAADGQMAAgFjZiu8IHjtxotjz9QUOvrs9z9-1mAAAt4WAALuyGBRWGWExKng5PsBAAdtAAM0BA', 'file_unique_id': 'AQAD3hYAAu7IYFFy', 'file_size': 33678, 'width': 320, 'height': 320}, 'thumb': {'file_id': 'AAMCBAADGQMAAgFjZiu8IHjtxotjz9QUOvrs9z9-1mAAAt4WAALuyGBRWGWExKng5PsBAAdtAAM0BA', 'file_unique_id': 'AQAD3hYAAu7IYFFy', 'file_size': 33678, 'width': 320, 'height': 320}, 'file_id': 'BQACAgQAAxkDAAIBY2YrvCB47caLY8_UFDr67Pc_ftZgAALeFgAC7shgUVhlhMSp4OT7NAQ', 'file_unique_id': 'AgAD3hYAAu7IYFE', 'file_size': 830790}}`]
[2024-04-26 14:37:21,099]: [_trace.py]: atrace: 85:       DEBUG:    [close.started]
[2024-04-26 14:37:21,099]: [_trace.py]: atrace: 85:       DEBUG:    [close.complete]
[2024-04-26 14:37:21,099]: [_config.py]: load_ssl_context: 80:       DEBUG:    [load_ssl_context verify=True cert=None trust_env=True http2=False]
[2024-04-26 14:37:21,100]: [_config.py]: load_ssl_context_verify: 146:       DEBUG:    [load_verify_locations cafile='/opt/hostedtoolcache/Python/3.12.3/x64/lib/python3.12/site-packages/certifi/cacert.pem']
[2024-04-26 14:37:21,128]: [_config.py]: load_ssl_context: 80:       DEBUG:    [load_ssl_context verify=True cert=None trust_env=True http2=False]
[2024-04-26 14:37:21,128]: [_config.py]: load_ssl_context_verify: 146:       DEBUG:    [load_verify_locations cafile='/opt/hostedtoolcache/Python/3.12.3/x64/lib/python3.12/site-packages/certifi/cacert.pem']
[2024-04-26 14:37:21,155]: [_bot.py]: _do_post: 643:       DEBUG:    [Calling Bot API endpoint `getMe` with parameters `{}`]
[2024-04-26 14:37:21,156]: [_trace.py]: atrace: 85:       DEBUG:    [connect_tcp.started host='api.telegram.org' port=443 local_address=None timeout=5.0 socket_options=None]
[2024-04-26 14:37:21,304]: [_trace.py]: atrace: 85:       DEBUG:    [connect_tcp.complete return_value=<httpcore._backends.anyio.AnyIOStream object at 0x7fdf446a8620>]
[2024-04-26 14:37:21,304]: [_trace.py]: atrace: 85:       DEBUG:    [start_tls.started ssl_context=<ssl.SSLContext object at 0x7fdf45135b50> server_hostname='api.telegram.org' timeout=5.0]
[2024-04-26 14:37:21,456]: [_trace.py]: atrace: 85:       DEBUG:    [start_tls.complete return_value=<httpcore._backends.anyio.AnyIOStream object at 0x7fdf454efce0>]
[2024-04-26 14:37:21,457]: [_trace.py]: atrace: 85:       DEBUG:    [send_request_headers.started request=<Request [b'POST']>]
[2024-04-26 14:37:21,457]: [_trace.py]: atrace: 85:       DEBUG:    [send_request_headers.complete]
[2024-04-26 14:37:21,457]: [_trace.py]: atrace: 85:       DEBUG:    [send_request_body.started request=<Request [b'POST']>]
[2024-04-26 14:37:21,457]: [_trace.py]: atrace: 85:       DEBUG:    [send_request_body.complete]
[2024-04-26 14:37:21,457]: [_trace.py]: atrace: 85:       DEBUG:    [receive_response_headers.started request=<Request [b'POST']>]
[2024-04-26 14:37:21,607]: [_trace.py]: atrace: 85:       DEBUG:    [receive_response_headers.complete return_value=(b'HTTP/1.1', 200, b'OK', [(b'Server', b'nginx/1.18.0'), (b'Date', b'Fri, 26 Apr 2024 14:37:21 GMT'), (b'Content-Type', b'application/json'), (b'Content-Length', b'237'), (b'Connection', b'keep-alive'), (b'Strict-Transport-Security', b'max-age=31536000; includeSubDomains; preload'), (b'Access-Control-Allow-Origin', b'*'), (b'Access-Control-Allow-Methods', b'GET, POST, OPTIONS'), (b'Access-Control-Expose-Headers', b'Content-Length,Content-Type,Date,Server,Connection')])]
[2024-04-26 14:37:21,607]: [_client.py]: _send_single_request: 1773:       INFO:    [HTTP Request: POST https://api.telegram.org/bot6030805959:AAGUHAMxLYc-PrevgKouJ3ZyM7ktu56ftjo/getMe "HTTP/1.1 200 OK"]
[2024-04-26 14:37:21,607]: [_trace.py]: atrace: 85:       DEBUG:    [receive_response_body.started request=<Request [b'POST']>]
[2024-04-26 14:37:21,607]: [_trace.py]: atrace: 85:       DEBUG:    [receive_response_body.complete]
[2024-04-26 14:37:21,607]: [_trace.py]: atrace: 85:       DEBUG:    [response_closed.started]
[2024-04-26 14:37:21,607]: [_trace.py]: atrace: 85:       DEBUG:    [response_closed.complete]
[2024-04-26 14:37:21,608]: [_bot.py]: _do_post: 652:       DEBUG:    [Call to Bot API endpoint `getMe` finished with return value `{'id': 6030805959, 'is_bot': True, 'first_name': 'TyPHoone_bot', 'username': 'TyPHoone_Project_bot', 'can_join_groups': True, 'can_read_all_group_messages': False, 'supports_inline_queries': False, 'can_connect_to_business': False}`]
[2024-04-26 14:37:21,608]: [_trace.py]: atrace: 85:       DEBUG:    [close.started]
[2024-04-26 14:37:21,608]: [_trace.py]: atrace: 85:       DEBUG:    [close.complete]
[2024-04-26 14:37:21,608]: [Telegram_Sender.py]: runner: 39:       CRITICAL:    [Files Didnt sent]
[2024-04-26 14:37:21,609]: [Main.py]: <module>: 48:       INFO:    [Finished]
