[2026-01-07 11:44:33,266]: [Main.py]: <module>: 21:       INFO:    [Started]
[2026-01-07 11:44:35,307]: [Iron_Scraper.py]: Scrap: 32:       INFO:    [Data Scaraped Successfully]
[2026-01-07 11:44:35,511]: [Iron_Scraper.py]: Scrap: 70:       INFO:    [Scrapped Data Has No Problem]
[2026-01-07 11:44:35,512]: [Iron_Scraper.py]: Scrap: 83:       INFO:    [Data Saved Successfully]
[2026-01-07 11:44:35,512]: [Iron.py]: Run: 26:       INFO:    [Scraping Phase Completed]
[2026-01-07 11:44:35,512]: [Iron_Data_Processor.py]: Data_Reader: 61:       INFO:    [Data File Has Been Red Successfully]
[2026-01-07 11:44:35,512]: [Iron_Data_Processor.py]: Shaper: 78:       INFO:    [Data Shaped]
[2026-01-07 11:44:35,513]: [Iron_Data_Processor.py]: Process: 228:       INFO:    [Data Cleaned]
[2026-01-07 11:44:35,513]: [Iron_Data_Processor.py]: Make_Pages_Objects: 101:       INFO:    [Page Objects Has Been Made]
[2026-01-07 11:44:35,513]: [Iron_Data_Processor.py]: Make_Pages_Objects: 101:       INFO:    [Page Objects Has Been Made]
[2026-01-07 11:44:35,513]: [Iron_Data_Processor.py]: Load_Data: 118:       INFO:    [Data Has Been Load]
[2026-01-07 11:44:35,513]: [Iron_Data_Processor.py]: Load_Data: 118:       INFO:    [Data Has Been Load]
[2026-01-07 11:44:35,513]: [Iron_Data_Processor.py]: Load_positions: 140:       INFO:    [Positions Are Ready]
[2026-01-07 11:44:35,513]: [Iron_Data_Processor.py]: Load_positions: 140:       INFO:    [Positions Are Ready]
[2026-01-07 11:44:36,636]: [Iron_Data_Processor.py]: Make_Tagged_Images: 193:       INFO:    [Images Has Been Made]
[2026-01-07 11:44:37,589]: [Iron_Data_Processor.py]: Make_Tagged_Images: 193:       INFO:    [Images Has Been Made]
[2026-01-07 11:44:37,846]: [Iron_Data_Processor.py]: Make_Cover_Page: 215:       INFO:    [Made Cover Pages]
[2026-01-07 11:44:37,847]: [Iron.py]: Run: 29:       INFO:    [Imagination Phase Completed]
[2026-01-07 11:44:40,903]: [Phone_Scraper.py]: Scrap: 58:       INFO:    [Data Scraped]
[2026-01-07 11:44:40,903]: [Phone_Scraper.py]: Scrap: 71:       INFO:    [Scraped Data Successfully]
[2026-01-07 11:44:40,903]: [Phone.py]: Run: 26:       INFO:    [Scraping Phase Complete]
[2026-01-07 11:44:40,903]: [Phone_Data_Processor.py]: data_reader: 38:       INFO:    [Scraped Data Loaded]
[2026-01-07 11:44:40,904]: [Phone_Data_Processor.py]: filter_list: 65:       INFO:    [Persian Phrases Are deleted]
[2026-01-07 11:44:40,905]: [Phone_Data_Processor.py]: reshape_list: 87:       INFO:    [Date Reshaped]
[2026-01-07 11:44:40,905]: [Phone_Data_Processor.py]: separate_brands: 124:       INFO:    [Brands Are Separated]
[2026-01-07 11:44:40,905]: [Phone_Data_Processor.py]: delete_extra_spaces: 141:       INFO:    [Extra Spaces Are Deleted]
[2026-01-07 11:44:41,668]: [Phone.py]: Run: 29:       INFO:    [Imagination Phase Complete]
[2026-01-07 11:44:41,669]: [selector_events.py]: __init__: 64:       DEBUG:    [Using selector: EpollSelector]
[2026-01-07 11:44:41,942]: [_bot.py]: _do_post: 643:       DEBUG:    [Calling Bot API endpoint `getMe` with parameters `{}`]
[2026-01-07 11:44:41,947]: [_trace.py]: atrace: 87:       DEBUG:    [connect_tcp.started host='api.telegram.org' port=443 local_address=None timeout=5.0 socket_options=None]
[2026-01-07 11:44:42,176]: [_trace.py]: atrace: 87:       DEBUG:    [connect_tcp.complete return_value=<httpcore._backends.anyio.AnyIOStream object at 0x7f94ececd970>]
[2026-01-07 11:44:42,176]: [_trace.py]: atrace: 87:       DEBUG:    [start_tls.started ssl_context=<ssl.SSLContext object at 0x7f94ed3cdc50> server_hostname='api.telegram.org' timeout=5.0]
[2026-01-07 11:44:42,334]: [_trace.py]: atrace: 87:       DEBUG:    [start_tls.complete return_value=<httpcore._backends.anyio.AnyIOStream object at 0x7f94ec99c3b0>]
[2026-01-07 11:44:42,334]: [_trace.py]: atrace: 87:       DEBUG:    [send_request_headers.started request=<Request [b'POST']>]
[2026-01-07 11:44:42,334]: [_trace.py]: atrace: 87:       DEBUG:    [send_request_headers.complete]
[2026-01-07 11:44:42,334]: [_trace.py]: atrace: 87:       DEBUG:    [send_request_body.started request=<Request [b'POST']>]
[2026-01-07 11:44:42,334]: [_trace.py]: atrace: 87:       DEBUG:    [send_request_body.complete]
[2026-01-07 11:44:42,334]: [_trace.py]: atrace: 87:       DEBUG:    [receive_response_headers.started request=<Request [b'POST']>]
[2026-01-07 11:44:42,491]: [_trace.py]: atrace: 87:       DEBUG:    [receive_response_headers.complete return_value=(b'HTTP/1.1', 200, b'OK', [(b'Server', b'nginx/1.18.0'), (b'Date', b'Wed, 07 Jan 2026 11:44:42 GMT'), (b'Content-Type', b'application/json'), (b'Content-Length', b'285'), (b'Connection', b'keep-alive'), (b'Strict-Transport-Security', b'max-age=31536000; includeSubDomains; preload'), (b'Access-Control-Allow-Origin', b'*'), (b'Access-Control-Allow-Methods', b'GET, POST, OPTIONS'), (b'Access-Control-Expose-Headers', b'Content-Length,Content-Type,Date,Server,Connection')])]
[2026-01-07 11:44:42,492]: [_client.py]: _send_single_request: 1740:       INFO:    [HTTP Request: POST https://api.telegram.org/bot6030805959:AAGUHAMxLYc-PrevgKouJ3ZyM7ktu56ftjo/getMe "HTTP/1.1 200 OK"]
[2026-01-07 11:44:42,492]: [_trace.py]: atrace: 87:       DEBUG:    [receive_response_body.started request=<Request [b'POST']>]
[2026-01-07 11:44:42,492]: [_trace.py]: atrace: 87:       DEBUG:    [receive_response_body.complete]
[2026-01-07 11:44:42,492]: [_trace.py]: atrace: 87:       DEBUG:    [response_closed.started]
[2026-01-07 11:44:42,492]: [_trace.py]: atrace: 87:       DEBUG:    [response_closed.complete]
[2026-01-07 11:44:42,493]: [_bot.py]: _do_post: 652:       DEBUG:    [Call to Bot API endpoint `getMe` finished with return value `{'id': 6030805959, 'is_bot': True, 'first_name': 'TyPHoone', 'username': 'TyPHoone_Project_bot', 'can_join_groups': True, 'can_read_all_group_messages': False, 'supports_inline_queries': False, 'can_connect_to_business': False, 'has_main_web_app': False, 'has_topics_enabled': False}`]
[2026-01-07 11:44:42,496]: [_bot.py]: _do_post: 643:       DEBUG:    [Calling Bot API endpoint `sendDocument` with parameters `{'chat_id': '-4119703192', 'document': <telegram._files.inputfile.InputFile object at 0x7f94ec95d940>}`]
[2026-01-07 11:44:42,496]: [_trace.py]: atrace: 87:       DEBUG:    [send_request_headers.started request=<Request [b'POST']>]
[2026-01-07 11:44:42,496]: [_trace.py]: atrace: 87:       DEBUG:    [send_request_headers.complete]
[2026-01-07 11:44:42,497]: [_trace.py]: atrace: 87:       DEBUG:    [send_request_body.started request=<Request [b'POST']>]
[2026-01-07 11:44:42,497]: [_trace.py]: atrace: 87:       DEBUG:    [send_request_body.complete]
[2026-01-07 11:44:42,497]: [_trace.py]: atrace: 87:       DEBUG:    [receive_response_headers.started request=<Request [b'POST']>]
[2026-01-07 11:44:42,856]: [_trace.py]: atrace: 87:       DEBUG:    [receive_response_headers.complete return_value=(b'HTTP/1.1', 200, b'OK', [(b'Server', b'nginx/1.18.0'), (b'Date', b'Wed, 07 Jan 2026 11:44:42 GMT'), (b'Content-Type', b'application/json'), (b'Content-Length', b'612'), (b'Connection', b'keep-alive'), (b'Strict-Transport-Security', b'max-age=31536000; includeSubDomains; preload'), (b'Access-Control-Allow-Origin', b'*'), (b'Access-Control-Allow-Methods', b'GET, POST, OPTIONS'), (b'Access-Control-Expose-Headers', b'Content-Length,Content-Type,Date,Server,Connection')])]
[2026-01-07 11:44:42,856]: [_client.py]: _send_single_request: 1740:       INFO:    [HTTP Request: POST https://api.telegram.org/bot6030805959:AAGUHAMxLYc-PrevgKouJ3ZyM7ktu56ftjo/sendDocument "HTTP/1.1 200 OK"]
[2026-01-07 11:44:42,856]: [_trace.py]: atrace: 87:       DEBUG:    [receive_response_body.started request=<Request [b'POST']>]
[2026-01-07 11:44:42,856]: [_trace.py]: atrace: 87:       DEBUG:    [receive_response_body.complete]
[2026-01-07 11:44:42,857]: [_trace.py]: atrace: 87:       DEBUG:    [response_closed.started]
[2026-01-07 11:44:42,857]: [_trace.py]: atrace: 87:       DEBUG:    [response_closed.complete]
[2026-01-07 11:44:42,857]: [_bot.py]: _do_post: 652:       DEBUG:    [Call to Bot API endpoint `sendDocument` finished with return value `{'message_id': 2845, 'from': {'id': 6030805959, 'is_bot': True, 'first_name': 'TyPHoone', 'username': 'TyPHoone_Project_bot'}, 'chat': {'id': -4119703192, 'title': 'Robocop', 'type': 'group', 'all_members_are_administrators': True, 'accepted_gift_types': {'unlimited_gifts': False, 'limited_gifts': False, 'unique_gifts': False, 'premium_subscription': False, 'gifts_from_channels': False}}, 'date': 1767786282, 'document': {'file_name': '(2026_01_07--11_44).log', 'mime_type': 'text/plain', 'file_id': 'BQACAgQAAxkDAAILHWleRyqlIbNdf9IF8IPc4FhFFvc8AAJTHQACPGDwUgoFZwraKVDWOAQ', 'file_unique_id': 'AgADUx0AAjxg8FI', 'file_size': 5966}}`]
[2026-01-07 11:44:42,858]: [_trace.py]: atrace: 87:       DEBUG:    [close.started]
[2026-01-07 11:44:42,858]: [_trace.py]: atrace: 87:       DEBUG:    [close.complete]
[2026-01-07 11:44:42,898]: [_bot.py]: _do_post: 643:       DEBUG:    [Calling Bot API endpoint `getMe` with parameters `{}`]
[2026-01-07 11:44:42,898]: [_trace.py]: atrace: 87:       DEBUG:    [connect_tcp.started host='api.telegram.org' port=443 local_address=None timeout=5.0 socket_options=None]
[2026-01-07 11:44:43,057]: [_trace.py]: atrace: 87:       DEBUG:    [connect_tcp.complete return_value=<httpcore._backends.anyio.AnyIOStream object at 0x7f94eca05700>]
[2026-01-07 11:44:43,057]: [_trace.py]: atrace: 87:       DEBUG:    [start_tls.started ssl_context=<ssl.SSLContext object at 0x7f94ed3cdb50> server_hostname='api.telegram.org' timeout=5.0]
[2026-01-07 11:44:43,215]: [_trace.py]: atrace: 87:       DEBUG:    [start_tls.complete return_value=<httpcore._backends.anyio.AnyIOStream object at 0x7f94f7fc62a0>]
[2026-01-07 11:44:43,215]: [_trace.py]: atrace: 87:       DEBUG:    [send_request_headers.started request=<Request [b'POST']>]
[2026-01-07 11:44:43,215]: [_trace.py]: atrace: 87:       DEBUG:    [send_request_headers.complete]
[2026-01-07 11:44:43,215]: [_trace.py]: atrace: 87:       DEBUG:    [send_request_body.started request=<Request [b'POST']>]
[2026-01-07 11:44:43,215]: [_trace.py]: atrace: 87:       DEBUG:    [send_request_body.complete]
[2026-01-07 11:44:43,215]: [_trace.py]: atrace: 87:       DEBUG:    [receive_response_headers.started request=<Request [b'POST']>]
[2026-01-07 11:44:43,371]: [_trace.py]: atrace: 87:       DEBUG:    [receive_response_headers.complete return_value=(b'HTTP/1.1', 200, b'OK', [(b'Server', b'nginx/1.18.0'), (b'Date', b'Wed, 07 Jan 2026 11:44:43 GMT'), (b'Content-Type', b'application/json'), (b'Content-Length', b'285'), (b'Connection', b'keep-alive'), (b'Strict-Transport-Security', b'max-age=31536000; includeSubDomains; preload'), (b'Access-Control-Allow-Origin', b'*'), (b'Access-Control-Allow-Methods', b'GET, POST, OPTIONS'), (b'Access-Control-Expose-Headers', b'Content-Length,Content-Type,Date,Server,Connection')])]
[2026-01-07 11:44:43,371]: [_client.py]: _send_single_request: 1740:       INFO:    [HTTP Request: POST https://api.telegram.org/bot6030805959:AAGUHAMxLYc-PrevgKouJ3ZyM7ktu56ftjo/getMe "HTTP/1.1 200 OK"]
[2026-01-07 11:44:43,371]: [_trace.py]: atrace: 87:       DEBUG:    [receive_response_body.started request=<Request [b'POST']>]
[2026-01-07 11:44:43,372]: [_trace.py]: atrace: 87:       DEBUG:    [receive_response_body.complete]
[2026-01-07 11:44:43,372]: [_trace.py]: atrace: 87:       DEBUG:    [response_closed.started]
[2026-01-07 11:44:43,372]: [_trace.py]: atrace: 87:       DEBUG:    [response_closed.complete]
[2026-01-07 11:44:43,372]: [_bot.py]: _do_post: 652:       DEBUG:    [Call to Bot API endpoint `getMe` finished with return value `{'id': 6030805959, 'is_bot': True, 'first_name': 'TyPHoone', 'username': 'TyPHoone_Project_bot', 'can_join_groups': True, 'can_read_all_group_messages': False, 'supports_inline_queries': False, 'can_connect_to_business': False, 'has_main_web_app': False, 'has_topics_enabled': False}`]
[2026-01-07 11:44:43,378]: [_bot.py]: _do_post: 643:       DEBUG:    [Calling Bot API endpoint `sendDocument` with parameters `{'chat_id': '-4119703192', 'document': <telegram._files.inputfile.InputFile object at 0x7f94ed3f8d80>}`]
[2026-01-07 11:44:43,378]: [_trace.py]: atrace: 87:       DEBUG:    [send_request_headers.started request=<Request [b'POST']>]
[2026-01-07 11:44:43,378]: [_trace.py]: atrace: 87:       DEBUG:    [send_request_headers.complete]
[2026-01-07 11:44:43,378]: [_trace.py]: atrace: 87:       DEBUG:    [send_request_body.started request=<Request [b'POST']>]
[2026-01-07 11:44:44,805]: [_trace.py]: atrace: 87:       DEBUG:    [send_request_body.complete]
[2026-01-07 11:44:44,805]: [_trace.py]: atrace: 87:       DEBUG:    [receive_response_headers.started request=<Request [b'POST']>]
[2026-01-07 11:44:45,791]: [_trace.py]: atrace: 87:       DEBUG:    [receive_response_headers.complete return_value=(b'HTTP/1.1', 200, b'OK', [(b'Server', b'nginx/1.18.0'), (b'Date', b'Wed, 07 Jan 2026 11:44:45 GMT'), (b'Content-Type', b'application/json'), (b'Content-Length', b'627'), (b'Connection', b'keep-alive'), (b'Strict-Transport-Security', b'max-age=31536000; includeSubDomains; preload'), (b'Access-Control-Allow-Origin', b'*'), (b'Access-Control-Allow-Methods', b'GET, POST, OPTIONS'), (b'Access-Control-Expose-Headers', b'Content-Length,Content-Type,Date,Server,Connection')])]
[2026-01-07 11:44:45,791]: [_client.py]: _send_single_request: 1740:       INFO:    [HTTP Request: POST https://api.telegram.org/bot6030805959:AAGUHAMxLYc-PrevgKouJ3ZyM7ktu56ftjo/sendDocument "HTTP/1.1 200 OK"]
[2026-01-07 11:44:45,791]: [_trace.py]: atrace: 87:       DEBUG:    [receive_response_body.started request=<Request [b'POST']>]
[2026-01-07 11:44:45,792]: [_trace.py]: atrace: 87:       DEBUG:    [receive_response_body.complete]
[2026-01-07 11:44:45,792]: [_trace.py]: atrace: 87:       DEBUG:    [response_closed.started]
[2026-01-07 11:44:45,792]: [_trace.py]: atrace: 87:       DEBUG:    [response_closed.complete]
[2026-01-07 11:44:45,792]: [_bot.py]: _do_post: 652:       DEBUG:    [Call to Bot API endpoint `sendDocument` finished with return value `{'message_id': 2846, 'from': {'id': 6030805959, 'is_bot': True, 'first_name': 'TyPHoone', 'username': 'TyPHoone_Project_bot'}, 'chat': {'id': -4119703192, 'title': 'Robocop', 'type': 'group', 'all_members_are_administrators': True, 'accepted_gift_types': {'unlimited_gifts': False, 'limited_gifts': False, 'unique_gifts': False, 'premium_subscription': False, 'gifts_from_channels': False}}, 'date': 1767786285, 'document': {'file_name': '(2026_01_07--11_44)output.zip', 'mime_type': 'application/zip', 'file_id': 'BQACAgQAAxkDAAILHmleRy3c6ZFA6xXLEelaR_oBAkXqAAJUHQACPGDwUvgby9OUHT8gOAQ', 'file_unique_id': 'AgADVB0AAjxg8FI', 'file_size': 10053660}}`]
[2026-01-07 11:44:45,793]: [_trace.py]: atrace: 87:       DEBUG:    [close.started]
[2026-01-07 11:44:45,793]: [_trace.py]: atrace: 87:       DEBUG:    [close.complete]
[2026-01-07 11:44:45,793]: [Telegram_Sender.py]: runner: 61:       INFO:    [sent successfully]
[2026-01-07 11:44:45,794]: [Main.py]: <module>: 48:       INFO:    [Finished]
