[2025-03-09 11:36:53,564]: [Main.py]: <module>: 21:       INFO:    [Started]
[2025-03-09 11:36:55,434]: [Iron_Scraper.py]: Scrap: 32:       INFO:    [Data Scaraped Successfully]
[2025-03-09 11:36:55,632]: [Iron_Scraper.py]: Scrap: 70:       INFO:    [Scrapped Data Has No Problem]
[2025-03-09 11:36:55,632]: [Iron_Scraper.py]: Scrap: 83:       INFO:    [Data Saved Successfully]
[2025-03-09 11:36:55,632]: [Iron.py]: Run: 26:       INFO:    [Scraping Phase Completed]
[2025-03-09 11:36:55,633]: [Iron_Data_Processor.py]: Data_Reader: 61:       INFO:    [Data File Has Been Red Successfully]
[2025-03-09 11:36:55,633]: [Iron_Data_Processor.py]: Shaper: 78:       INFO:    [Data Shaped]
[2025-03-09 11:36:55,633]: [Iron_Data_Processor.py]: Process: 228:       INFO:    [Data Cleaned]
[2025-03-09 11:36:55,633]: [Iron_Data_Processor.py]: Make_Pages_Objects: 101:       INFO:    [Page Objects Has Been Made]
[2025-03-09 11:36:55,633]: [Iron_Data_Processor.py]: Make_Pages_Objects: 101:       INFO:    [Page Objects Has Been Made]
[2025-03-09 11:36:55,633]: [Iron_Data_Processor.py]: Load_Data: 118:       INFO:    [Data Has Been Load]
[2025-03-09 11:36:55,633]: [Iron_Data_Processor.py]: Load_Data: 118:       INFO:    [Data Has Been Load]
[2025-03-09 11:36:55,633]: [Iron_Data_Processor.py]: Load_positions: 140:       INFO:    [Positions Are Ready]
[2025-03-09 11:36:55,634]: [Iron_Data_Processor.py]: Load_positions: 140:       INFO:    [Positions Are Ready]
[2025-03-09 11:36:56,746]: [Iron_Data_Processor.py]: Make_Tagged_Images: 193:       INFO:    [Images Has Been Made]
[2025-03-09 11:36:57,689]: [Iron_Data_Processor.py]: Make_Tagged_Images: 193:       INFO:    [Images Has Been Made]
[2025-03-09 11:36:57,942]: [Iron_Data_Processor.py]: Make_Cover_Page: 215:       INFO:    [Made Cover Pages]
[2025-03-09 11:36:57,943]: [Iron.py]: Run: 29:       INFO:    [Imagination Phase Completed]
[2025-03-09 11:37:02,159]: [Phone_Scraper.py]: Scrap: 58:       INFO:    [Data Scraped]
[2025-03-09 11:37:02,160]: [Phone_Scraper.py]: Scrap: 71:       INFO:    [Scraped Data Successfully]
[2025-03-09 11:37:02,160]: [Phone.py]: Run: 26:       INFO:    [Scraping Phase Complete]
[2025-03-09 11:37:02,160]: [Phone_Data_Processor.py]: data_reader: 38:       INFO:    [Scraped Data Loaded]
[2025-03-09 11:37:02,161]: [Phone_Data_Processor.py]: filter_list: 65:       INFO:    [Persian Phrases Are deleted]
[2025-03-09 11:37:02,162]: [Phone_Data_Processor.py]: reshape_list: 87:       INFO:    [Date Reshaped]
[2025-03-09 11:37:02,162]: [Phone_Data_Processor.py]: separate_brands: 124:       INFO:    [Brands Are Separated]
[2025-03-09 11:37:02,162]: [Phone_Data_Processor.py]: delete_extra_spaces: 141:       INFO:    [Extra Spaces Are Deleted]
[2025-03-09 11:37:02,920]: [Phone.py]: Run: 29:       INFO:    [Imagination Phase Complete]
[2025-03-09 11:37:02,920]: [selector_events.py]: __init__: 64:       DEBUG:    [Using selector: EpollSelector]
[2025-03-09 11:37:03,197]: [_bot.py]: _do_post: 643:       DEBUG:    [Calling Bot API endpoint `getMe` with parameters `{}`]
[2025-03-09 11:37:03,201]: [_trace.py]: atrace: 87:       DEBUG:    [connect_tcp.started host='api.telegram.org' port=443 local_address=None timeout=5.0 socket_options=None]
[2025-03-09 11:37:03,554]: [_trace.py]: atrace: 87:       DEBUG:    [connect_tcp.complete return_value=<httpcore._backends.anyio.AnyIOStream object at 0x7fb9642af3e0>]
[2025-03-09 11:37:03,554]: [_trace.py]: atrace: 87:       DEBUG:    [start_tls.started ssl_context=<ssl.SSLContext object at 0x7fb96473b4d0> server_hostname='api.telegram.org' timeout=5.0]
[2025-03-09 11:37:03,700]: [_trace.py]: atrace: 87:       DEBUG:    [start_tls.complete return_value=<httpcore._backends.anyio.AnyIOStream object at 0x7fb96472e0c0>]
[2025-03-09 11:37:03,700]: [_trace.py]: atrace: 87:       DEBUG:    [send_request_headers.started request=<Request [b'POST']>]
[2025-03-09 11:37:03,700]: [_trace.py]: atrace: 87:       DEBUG:    [send_request_headers.complete]
[2025-03-09 11:37:03,700]: [_trace.py]: atrace: 87:       DEBUG:    [send_request_body.started request=<Request [b'POST']>]
[2025-03-09 11:37:03,701]: [_trace.py]: atrace: 87:       DEBUG:    [send_request_body.complete]
[2025-03-09 11:37:03,701]: [_trace.py]: atrace: 87:       DEBUG:    [receive_response_headers.started request=<Request [b'POST']>]
[2025-03-09 11:37:03,858]: [_trace.py]: atrace: 87:       DEBUG:    [receive_response_headers.complete return_value=(b'HTTP/1.1', 200, b'OK', [(b'Server', b'nginx/1.18.0'), (b'Date', b'Sun, 09 Mar 2025 11:37:03 GMT'), (b'Content-Type', b'application/json'), (b'Content-Length', b'258'), (b'Connection', b'keep-alive'), (b'Strict-Transport-Security', b'max-age=31536000; includeSubDomains; preload'), (b'Access-Control-Allow-Origin', b'*'), (b'Access-Control-Allow-Methods', b'GET, POST, OPTIONS'), (b'Access-Control-Expose-Headers', b'Content-Length,Content-Type,Date,Server,Connection')])]
[2025-03-09 11:37:03,858]: [_client.py]: _send_single_request: 1740:       INFO:    [HTTP Request: POST https://api.telegram.org/bot6030805959:AAGUHAMxLYc-PrevgKouJ3ZyM7ktu56ftjo/getMe "HTTP/1.1 200 OK"]
[2025-03-09 11:37:03,859]: [_trace.py]: atrace: 87:       DEBUG:    [receive_response_body.started request=<Request [b'POST']>]
[2025-03-09 11:37:03,859]: [_trace.py]: atrace: 87:       DEBUG:    [receive_response_body.complete]
[2025-03-09 11:37:03,859]: [_trace.py]: atrace: 87:       DEBUG:    [response_closed.started]
[2025-03-09 11:37:03,859]: [_trace.py]: atrace: 87:       DEBUG:    [response_closed.complete]
[2025-03-09 11:37:03,859]: [_bot.py]: _do_post: 652:       DEBUG:    [Call to Bot API endpoint `getMe` finished with return value `{'id': 6030805959, 'is_bot': True, 'first_name': 'TyPHoone', 'username': 'TyPHoone_Project_bot', 'can_join_groups': True, 'can_read_all_group_messages': False, 'supports_inline_queries': False, 'can_connect_to_business': False, 'has_main_web_app': False}`]
[2025-03-09 11:37:03,862]: [_bot.py]: _do_post: 643:       DEBUG:    [Calling Bot API endpoint `sendDocument` with parameters `{'chat_id': '-4119703192', 'document': <telegram._files.inputfile.InputFile object at 0x7fb963d43540>}`]
[2025-03-09 11:37:03,862]: [_trace.py]: atrace: 87:       DEBUG:    [send_request_headers.started request=<Request [b'POST']>]
[2025-03-09 11:37:03,863]: [_trace.py]: atrace: 87:       DEBUG:    [send_request_headers.complete]
[2025-03-09 11:37:03,863]: [_trace.py]: atrace: 87:       DEBUG:    [send_request_body.started request=<Request [b'POST']>]
[2025-03-09 11:37:03,863]: [_trace.py]: atrace: 87:       DEBUG:    [send_request_body.complete]
[2025-03-09 11:37:03,863]: [_trace.py]: atrace: 87:       DEBUG:    [receive_response_headers.started request=<Request [b'POST']>]
[2025-03-09 11:37:04,200]: [_trace.py]: atrace: 87:       DEBUG:    [receive_response_headers.complete return_value=(b'HTTP/1.1', 200, b'OK', [(b'Server', b'nginx/1.18.0'), (b'Date', b'Sun, 09 Mar 2025 11:37:04 GMT'), (b'Content-Type', b'application/json'), (b'Content-Length', b'464'), (b'Connection', b'keep-alive'), (b'Strict-Transport-Security', b'max-age=31536000; includeSubDomains; preload'), (b'Access-Control-Allow-Origin', b'*'), (b'Access-Control-Allow-Methods', b'GET, POST, OPTIONS'), (b'Access-Control-Expose-Headers', b'Content-Length,Content-Type,Date,Server,Connection')])]
[2025-03-09 11:37:04,200]: [_client.py]: _send_single_request: 1740:       INFO:    [HTTP Request: POST https://api.telegram.org/bot6030805959:AAGUHAMxLYc-PrevgKouJ3ZyM7ktu56ftjo/sendDocument "HTTP/1.1 200 OK"]
[2025-03-09 11:37:04,200]: [_trace.py]: atrace: 87:       DEBUG:    [receive_response_body.started request=<Request [b'POST']>]
[2025-03-09 11:37:04,200]: [_trace.py]: atrace: 87:       DEBUG:    [receive_response_body.complete]
[2025-03-09 11:37:04,201]: [_trace.py]: atrace: 87:       DEBUG:    [response_closed.started]
[2025-03-09 11:37:04,201]: [_trace.py]: atrace: 87:       DEBUG:    [response_closed.complete]
[2025-03-09 11:37:04,201]: [_bot.py]: _do_post: 652:       DEBUG:    [Call to Bot API endpoint `sendDocument` finished with return value `{'message_id': 2221, 'from': {'id': 6030805959, 'is_bot': True, 'first_name': 'TyPHoone', 'username': 'TyPHoone_Project_bot'}, 'chat': {'id': -4119703192, 'title': 'Robocop', 'type': 'group', 'all_members_are_administrators': True}, 'date': 1741520224, 'document': {'file_name': '(2025_03_09--11_36).log', 'mime_type': 'text/plain', 'file_id': 'BQACAgQAAxkDAAIIrWfNfWBooXxd86eqmRj8cWWxQeJWAAL-FAACTjJwUiMvmxguDJDgNgQ', 'file_unique_id': 'AgAD_hQAAk4ycFI', 'file_size': 5937}}`]
[2025-03-09 11:37:04,201]: [_trace.py]: atrace: 87:       DEBUG:    [close.started]
[2025-03-09 11:37:04,201]: [_trace.py]: atrace: 87:       DEBUG:    [close.complete]
[2025-03-09 11:37:04,246]: [_bot.py]: _do_post: 643:       DEBUG:    [Calling Bot API endpoint `getMe` with parameters `{}`]
[2025-03-09 11:37:04,247]: [_trace.py]: atrace: 87:       DEBUG:    [connect_tcp.started host='api.telegram.org' port=443 local_address=None timeout=5.0 socket_options=None]
[2025-03-09 11:37:04,391]: [_trace.py]: atrace: 87:       DEBUG:    [connect_tcp.complete return_value=<httpcore._backends.anyio.AnyIOStream object at 0x7fb963d7b1a0>]
[2025-03-09 11:37:04,391]: [_trace.py]: atrace: 87:       DEBUG:    [start_tls.started ssl_context=<ssl.SSLContext object at 0x7fb96473b2d0> server_hostname='api.telegram.org' timeout=5.0]
[2025-03-09 11:37:04,537]: [_trace.py]: atrace: 87:       DEBUG:    [start_tls.complete return_value=<httpcore._backends.anyio.AnyIOStream object at 0x7fb96472c200>]
[2025-03-09 11:37:04,538]: [_trace.py]: atrace: 87:       DEBUG:    [send_request_headers.started request=<Request [b'POST']>]
[2025-03-09 11:37:04,538]: [_trace.py]: atrace: 87:       DEBUG:    [send_request_headers.complete]
[2025-03-09 11:37:04,538]: [_trace.py]: atrace: 87:       DEBUG:    [send_request_body.started request=<Request [b'POST']>]
[2025-03-09 11:37:04,538]: [_trace.py]: atrace: 87:       DEBUG:    [send_request_body.complete]
[2025-03-09 11:37:04,538]: [_trace.py]: atrace: 87:       DEBUG:    [receive_response_headers.started request=<Request [b'POST']>]
[2025-03-09 11:37:04,719]: [_trace.py]: atrace: 87:       DEBUG:    [receive_response_headers.complete return_value=(b'HTTP/1.1', 200, b'OK', [(b'Server', b'nginx/1.18.0'), (b'Date', b'Sun, 09 Mar 2025 11:37:04 GMT'), (b'Content-Type', b'application/json'), (b'Content-Length', b'258'), (b'Connection', b'keep-alive'), (b'Strict-Transport-Security', b'max-age=31536000; includeSubDomains; preload'), (b'Access-Control-Allow-Origin', b'*'), (b'Access-Control-Allow-Methods', b'GET, POST, OPTIONS'), (b'Access-Control-Expose-Headers', b'Content-Length,Content-Type,Date,Server,Connection')])]
[2025-03-09 11:37:04,719]: [_client.py]: _send_single_request: 1740:       INFO:    [HTTP Request: POST https://api.telegram.org/bot6030805959:AAGUHAMxLYc-PrevgKouJ3ZyM7ktu56ftjo/getMe "HTTP/1.1 200 OK"]
[2025-03-09 11:37:04,720]: [_trace.py]: atrace: 87:       DEBUG:    [receive_response_body.started request=<Request [b'POST']>]
[2025-03-09 11:37:04,720]: [_trace.py]: atrace: 87:       DEBUG:    [receive_response_body.complete]
[2025-03-09 11:37:04,720]: [_trace.py]: atrace: 87:       DEBUG:    [response_closed.started]
[2025-03-09 11:37:04,720]: [_trace.py]: atrace: 87:       DEBUG:    [response_closed.complete]
[2025-03-09 11:37:04,720]: [_bot.py]: _do_post: 652:       DEBUG:    [Call to Bot API endpoint `getMe` finished with return value `{'id': 6030805959, 'is_bot': True, 'first_name': 'TyPHoone', 'username': 'TyPHoone_Project_bot', 'can_join_groups': True, 'can_read_all_group_messages': False, 'supports_inline_queries': False, 'can_connect_to_business': False, 'has_main_web_app': False}`]
[2025-03-09 11:37:04,723]: [_bot.py]: _do_post: 643:       DEBUG:    [Calling Bot API endpoint `sendDocument` with parameters `{'chat_id': '-4119703192', 'document': <telegram._files.inputfile.InputFile object at 0x7fb964790080>}`]
[2025-03-09 11:37:04,723]: [_trace.py]: atrace: 87:       DEBUG:    [send_request_headers.started request=<Request [b'POST']>]
[2025-03-09 11:37:04,723]: [_trace.py]: atrace: 87:       DEBUG:    [send_request_headers.complete]
[2025-03-09 11:37:04,723]: [_trace.py]: atrace: 87:       DEBUG:    [send_request_body.started request=<Request [b'POST']>]
[2025-03-09 11:37:06,154]: [_trace.py]: atrace: 87:       DEBUG:    [send_request_body.complete]
[2025-03-09 11:37:06,154]: [_trace.py]: atrace: 87:       DEBUG:    [receive_response_headers.started request=<Request [b'POST']>]
[2025-03-09 11:37:06,948]: [_trace.py]: atrace: 87:       DEBUG:    [receive_response_headers.complete return_value=(b'HTTP/1.1', 200, b'OK', [(b'Server', b'nginx/1.18.0'), (b'Date', b'Sun, 09 Mar 2025 11:37:06 GMT'), (b'Content-Type', b'application/json'), (b'Content-Length', b'479'), (b'Connection', b'keep-alive'), (b'Strict-Transport-Security', b'max-age=31536000; includeSubDomains; preload'), (b'Access-Control-Allow-Origin', b'*'), (b'Access-Control-Allow-Methods', b'GET, POST, OPTIONS'), (b'Access-Control-Expose-Headers', b'Content-Length,Content-Type,Date,Server,Connection')])]
[2025-03-09 11:37:06,948]: [_client.py]: _send_single_request: 1740:       INFO:    [HTTP Request: POST https://api.telegram.org/bot6030805959:AAGUHAMxLYc-PrevgKouJ3ZyM7ktu56ftjo/sendDocument "HTTP/1.1 200 OK"]
[2025-03-09 11:37:06,948]: [_trace.py]: atrace: 87:       DEBUG:    [receive_response_body.started request=<Request [b'POST']>]
[2025-03-09 11:37:06,948]: [_trace.py]: atrace: 87:       DEBUG:    [receive_response_body.complete]
[2025-03-09 11:37:06,948]: [_trace.py]: atrace: 87:       DEBUG:    [response_closed.started]
[2025-03-09 11:37:06,948]: [_trace.py]: atrace: 87:       DEBUG:    [response_closed.complete]
[2025-03-09 11:37:06,949]: [_bot.py]: _do_post: 652:       DEBUG:    [Call to Bot API endpoint `sendDocument` finished with return value `{'message_id': 2222, 'from': {'id': 6030805959, 'is_bot': True, 'first_name': 'TyPHoone', 'username': 'TyPHoone_Project_bot'}, 'chat': {'id': -4119703192, 'title': 'Robocop', 'type': 'group', 'all_members_are_administrators': True}, 'date': 1741520226, 'document': {'file_name': '(2025_03_09--11_36)output.zip', 'mime_type': 'application/zip', 'file_id': 'BQACAgQAAxkDAAIIrmfNfWLM6lhndSd7kSa495FxXLzTAAL_FAACTjJwUqX9lqIBtnTuNgQ', 'file_unique_id': 'AgAD_xQAAk4ycFI', 'file_size': 10124302}}`]
[2025-03-09 11:37:06,949]: [_trace.py]: atrace: 87:       DEBUG:    [close.started]
[2025-03-09 11:37:06,949]: [_trace.py]: atrace: 87:       DEBUG:    [close.complete]
[2025-03-09 11:37:06,949]: [Telegram_Sender.py]: runner: 61:       INFO:    [sent successfully]
[2025-03-09 11:37:06,950]: [Main.py]: <module>: 48:       INFO:    [Finished]
