[2024-10-10 11:38:59,812]: [Main.py]: <module>: 21:       INFO:    [Started]
[2024-10-10 11:39:03,704]: [Iron_Scraper.py]: Scrap: 32:       INFO:    [Data Scaraped Successfully]
[2024-10-10 11:39:03,889]: [Iron_Scraper.py]: Scrap: 70:       INFO:    [Scrapped Data Has No Problem]
[2024-10-10 11:39:03,889]: [Iron_Scraper.py]: Scrap: 83:       INFO:    [Data Saved Successfully]
[2024-10-10 11:39:03,889]: [Iron.py]: Run: 26:       INFO:    [Scraping Phase Completed]
[2024-10-10 11:39:03,890]: [Iron_Data_Processor.py]: Data_Reader: 61:       INFO:    [Data File Has Been Red Successfully]
[2024-10-10 11:39:03,890]: [Iron_Data_Processor.py]: Shaper: 78:       INFO:    [Data Shaped]
[2024-10-10 11:39:03,890]: [Iron_Data_Processor.py]: Process: 228:       INFO:    [Data Cleaned]
[2024-10-10 11:39:03,890]: [Iron_Data_Processor.py]: Make_Pages_Objects: 101:       INFO:    [Page Objects Has Been Made]
[2024-10-10 11:39:03,890]: [Iron_Data_Processor.py]: Make_Pages_Objects: 101:       INFO:    [Page Objects Has Been Made]
[2024-10-10 11:39:03,890]: [Iron_Data_Processor.py]: Load_Data: 118:       INFO:    [Data Has Been Load]
[2024-10-10 11:39:03,890]: [Iron_Data_Processor.py]: Load_Data: 118:       INFO:    [Data Has Been Load]
[2024-10-10 11:39:03,891]: [Iron_Data_Processor.py]: Load_positions: 140:       INFO:    [Positions Are Ready]
[2024-10-10 11:39:03,891]: [Iron_Data_Processor.py]: Load_positions: 140:       INFO:    [Positions Are Ready]
[2024-10-10 11:39:05,017]: [Iron_Data_Processor.py]: Make_Tagged_Images: 193:       INFO:    [Images Has Been Made]
[2024-10-10 11:39:05,970]: [Iron_Data_Processor.py]: Make_Tagged_Images: 193:       INFO:    [Images Has Been Made]
[2024-10-10 11:39:06,224]: [Iron_Data_Processor.py]: Make_Cover_Page: 215:       INFO:    [Made Cover Pages]
[2024-10-10 11:39:06,225]: [Iron.py]: Run: 29:       INFO:    [Imagination Phase Completed]
[2024-10-10 11:39:10,591]: [Phone_Scraper.py]: Scrap: 58:       INFO:    [Data Scraped]
[2024-10-10 11:39:10,592]: [Phone_Scraper.py]: Scrap: 71:       INFO:    [Scraped Data Successfully]
[2024-10-10 11:39:10,592]: [Phone.py]: Run: 26:       INFO:    [Scraping Phase Complete]
[2024-10-10 11:39:10,592]: [Phone_Data_Processor.py]: data_reader: 38:       INFO:    [Scraped Data Loaded]
[2024-10-10 11:39:10,593]: [Phone_Data_Processor.py]: filter_list: 65:       INFO:    [Persian Phrases Are deleted]
[2024-10-10 11:39:10,594]: [Phone_Data_Processor.py]: reshape_list: 87:       INFO:    [Date Reshaped]
[2024-10-10 11:39:10,594]: [Phone_Data_Processor.py]: separate_brands: 124:       INFO:    [Brands Are Separated]
[2024-10-10 11:39:10,595]: [Phone_Data_Processor.py]: delete_extra_spaces: 141:       INFO:    [Extra Spaces Are Deleted]
[2024-10-10 11:39:11,356]: [Phone.py]: Run: 29:       INFO:    [Imagination Phase Complete]
[2024-10-10 11:39:11,356]: [selector_events.py]: __init__: 64:       DEBUG:    [Using selector: EpollSelector]
[2024-10-10 11:39:11,694]: [_bot.py]: _do_post: 643:       DEBUG:    [Calling Bot API endpoint `getMe` with parameters `{}`]
[2024-10-10 11:39:11,699]: [_trace.py]: atrace: 85:       DEBUG:    [connect_tcp.started host='api.telegram.org' port=443 local_address=None timeout=5.0 socket_options=None]
[2024-10-10 11:39:11,809]: [_trace.py]: atrace: 85:       DEBUG:    [connect_tcp.complete return_value=<httpcore._backends.anyio.AnyIOStream object at 0x7ff1682b27b0>]
[2024-10-10 11:39:11,809]: [_trace.py]: atrace: 85:       DEBUG:    [start_tls.started ssl_context=<ssl.SSLContext object at 0x7ff168b33ad0> server_hostname='api.telegram.org' timeout=5.0]
[2024-10-10 11:39:11,896]: [_trace.py]: atrace: 85:       DEBUG:    [start_tls.complete return_value=<httpcore._backends.anyio.AnyIOStream object at 0x7ff1687aac00>]
[2024-10-10 11:39:11,896]: [_trace.py]: atrace: 85:       DEBUG:    [send_request_headers.started request=<Request [b'POST']>]
[2024-10-10 11:39:11,897]: [_trace.py]: atrace: 85:       DEBUG:    [send_request_headers.complete]
[2024-10-10 11:39:11,897]: [_trace.py]: atrace: 85:       DEBUG:    [send_request_body.started request=<Request [b'POST']>]
[2024-10-10 11:39:11,897]: [_trace.py]: atrace: 85:       DEBUG:    [send_request_body.complete]
[2024-10-10 11:39:11,897]: [_trace.py]: atrace: 85:       DEBUG:    [receive_response_headers.started request=<Request [b'POST']>]
[2024-10-10 11:39:12,024]: [_trace.py]: atrace: 85:       DEBUG:    [receive_response_headers.complete return_value=(b'HTTP/1.1', 200, b'OK', [(b'Server', b'nginx/1.18.0'), (b'Date', b'Thu, 10 Oct 2024 11:39:11 GMT'), (b'Content-Type', b'application/json'), (b'Content-Length', b'258'), (b'Connection', b'keep-alive'), (b'Strict-Transport-Security', b'max-age=31536000; includeSubDomains; preload'), (b'Access-Control-Allow-Origin', b'*'), (b'Access-Control-Allow-Methods', b'GET, POST, OPTIONS'), (b'Access-Control-Expose-Headers', b'Content-Length,Content-Type,Date,Server,Connection')])]
[2024-10-10 11:39:12,025]: [_client.py]: _send_single_request: 1786:       INFO:    [HTTP Request: POST https://api.telegram.org/bot6030805959:AAGUHAMxLYc-PrevgKouJ3ZyM7ktu56ftjo/getMe "HTTP/1.1 200 OK"]
[2024-10-10 11:39:12,025]: [_trace.py]: atrace: 85:       DEBUG:    [receive_response_body.started request=<Request [b'POST']>]
[2024-10-10 11:39:12,025]: [_trace.py]: atrace: 85:       DEBUG:    [receive_response_body.complete]
[2024-10-10 11:39:12,025]: [_trace.py]: atrace: 85:       DEBUG:    [response_closed.started]
[2024-10-10 11:39:12,025]: [_trace.py]: atrace: 85:       DEBUG:    [response_closed.complete]
[2024-10-10 11:39:12,025]: [_bot.py]: _do_post: 652:       DEBUG:    [Call to Bot API endpoint `getMe` finished with return value `{'id': 6030805959, 'is_bot': True, 'first_name': 'TyPHoone', 'username': 'TyPHoone_Project_bot', 'can_join_groups': True, 'can_read_all_group_messages': False, 'supports_inline_queries': False, 'can_connect_to_business': False, 'has_main_web_app': False}`]
[2024-10-10 11:39:12,029]: [_bot.py]: _do_post: 643:       DEBUG:    [Calling Bot API endpoint `sendDocument` with parameters `{'chat_id': '-4119703192', 'document': <telegram._files.inputfile.InputFile object at 0x7ff16814ccc0>}`]
[2024-10-10 11:39:12,030]: [_trace.py]: atrace: 85:       DEBUG:    [send_request_headers.started request=<Request [b'POST']>]
[2024-10-10 11:39:12,030]: [_trace.py]: atrace: 85:       DEBUG:    [send_request_headers.complete]
[2024-10-10 11:39:12,030]: [_trace.py]: atrace: 85:       DEBUG:    [send_request_body.started request=<Request [b'POST']>]
[2024-10-10 11:39:12,031]: [_trace.py]: atrace: 85:       DEBUG:    [send_request_body.complete]
[2024-10-10 11:39:12,031]: [_trace.py]: atrace: 85:       DEBUG:    [receive_response_headers.started request=<Request [b'POST']>]
[2024-10-10 11:39:12,275]: [_trace.py]: atrace: 85:       DEBUG:    [receive_response_headers.complete return_value=(b'HTTP/1.1', 200, b'OK', [(b'Server', b'nginx/1.18.0'), (b'Date', b'Thu, 10 Oct 2024 11:39:12 GMT'), (b'Content-Type', b'application/json'), (b'Content-Length', b'464'), (b'Connection', b'keep-alive'), (b'Strict-Transport-Security', b'max-age=31536000; includeSubDomains; preload'), (b'Access-Control-Allow-Origin', b'*'), (b'Access-Control-Allow-Methods', b'GET, POST, OPTIONS'), (b'Access-Control-Expose-Headers', b'Content-Length,Content-Type,Date,Server,Connection')])]
[2024-10-10 11:39:12,276]: [_client.py]: _send_single_request: 1786:       INFO:    [HTTP Request: POST https://api.telegram.org/bot6030805959:AAGUHAMxLYc-PrevgKouJ3ZyM7ktu56ftjo/sendDocument "HTTP/1.1 200 OK"]
[2024-10-10 11:39:12,276]: [_trace.py]: atrace: 85:       DEBUG:    [receive_response_body.started request=<Request [b'POST']>]
[2024-10-10 11:39:12,276]: [_trace.py]: atrace: 85:       DEBUG:    [receive_response_body.complete]
[2024-10-10 11:39:12,276]: [_trace.py]: atrace: 85:       DEBUG:    [response_closed.started]
[2024-10-10 11:39:12,276]: [_trace.py]: atrace: 85:       DEBUG:    [response_closed.complete]
[2024-10-10 11:39:12,276]: [_bot.py]: _do_post: 652:       DEBUG:    [Call to Bot API endpoint `sendDocument` finished with return value `{'message_id': 1919, 'from': {'id': 6030805959, 'is_bot': True, 'first_name': 'TyPHoone', 'username': 'TyPHoone_Project_bot'}, 'chat': {'id': -4119703192, 'title': 'Robocop', 'type': 'group', 'all_members_are_administrators': True}, 'date': 1728560352, 'document': {'file_name': '(2024_10_10--11_38).log', 'mime_type': 'text/plain', 'file_id': 'BQACAgQAAxkDAAIHf2cHvOAJyuvYrtV0461m2bZf4Y_HAAIzFAAC7lpBUFRNwdl447j9NgQ', 'file_unique_id': 'AgADMxQAAu5aQVA', 'file_size': 5937}}`]
[2024-10-10 11:39:12,277]: [_trace.py]: atrace: 85:       DEBUG:    [close.started]
[2024-10-10 11:39:12,277]: [_trace.py]: atrace: 85:       DEBUG:    [close.complete]
[2024-10-10 11:39:12,277]: [_config.py]: load_ssl_context: 82:       DEBUG:    [load_ssl_context verify=True cert=None trust_env=True http2=False]
[2024-10-10 11:39:12,278]: [_config.py]: load_ssl_context_verify: 148:       DEBUG:    [load_verify_locations cafile='/opt/hostedtoolcache/Python/3.12.7/x64/lib/python3.12/site-packages/certifi/cacert.pem']
[2024-10-10 11:39:12,305]: [_config.py]: load_ssl_context: 82:       DEBUG:    [load_ssl_context verify=True cert=None trust_env=True http2=False]
[2024-10-10 11:39:12,305]: [_config.py]: load_ssl_context_verify: 148:       DEBUG:    [load_verify_locations cafile='/opt/hostedtoolcache/Python/3.12.7/x64/lib/python3.12/site-packages/certifi/cacert.pem']
[2024-10-10 11:39:12,332]: [_bot.py]: _do_post: 643:       DEBUG:    [Calling Bot API endpoint `getMe` with parameters `{}`]
[2024-10-10 11:39:12,332]: [_trace.py]: atrace: 85:       DEBUG:    [connect_tcp.started host='api.telegram.org' port=443 local_address=None timeout=5.0 socket_options=None]
[2024-10-10 11:39:12,417]: [_trace.py]: atrace: 85:       DEBUG:    [connect_tcp.complete return_value=<httpcore._backends.anyio.AnyIOStream object at 0x7ff1682b3200>]
[2024-10-10 11:39:12,417]: [_trace.py]: atrace: 85:       DEBUG:    [start_tls.started ssl_context=<ssl.SSLContext object at 0x7ff168b338d0> server_hostname='api.telegram.org' timeout=5.0]
[2024-10-10 11:39:12,503]: [_trace.py]: atrace: 85:       DEBUG:    [start_tls.complete return_value=<httpcore._backends.anyio.AnyIOStream object at 0x7ff168c287d0>]
[2024-10-10 11:39:12,503]: [_trace.py]: atrace: 85:       DEBUG:    [send_request_headers.started request=<Request [b'POST']>]
[2024-10-10 11:39:12,503]: [_trace.py]: atrace: 85:       DEBUG:    [send_request_headers.complete]
[2024-10-10 11:39:12,503]: [_trace.py]: atrace: 85:       DEBUG:    [send_request_body.started request=<Request [b'POST']>]
[2024-10-10 11:39:12,503]: [_trace.py]: atrace: 85:       DEBUG:    [send_request_body.complete]
[2024-10-10 11:39:12,503]: [_trace.py]: atrace: 85:       DEBUG:    [receive_response_headers.started request=<Request [b'POST']>]
[2024-10-10 11:39:12,588]: [_trace.py]: atrace: 85:       DEBUG:    [receive_response_headers.complete return_value=(b'HTTP/1.1', 200, b'OK', [(b'Server', b'nginx/1.18.0'), (b'Date', b'Thu, 10 Oct 2024 11:39:12 GMT'), (b'Content-Type', b'application/json'), (b'Content-Length', b'258'), (b'Connection', b'keep-alive'), (b'Strict-Transport-Security', b'max-age=31536000; includeSubDomains; preload'), (b'Access-Control-Allow-Origin', b'*'), (b'Access-Control-Allow-Methods', b'GET, POST, OPTIONS'), (b'Access-Control-Expose-Headers', b'Content-Length,Content-Type,Date,Server,Connection')])]
[2024-10-10 11:39:12,588]: [_client.py]: _send_single_request: 1786:       INFO:    [HTTP Request: POST https://api.telegram.org/bot6030805959:AAGUHAMxLYc-PrevgKouJ3ZyM7ktu56ftjo/getMe "HTTP/1.1 200 OK"]
[2024-10-10 11:39:12,588]: [_trace.py]: atrace: 85:       DEBUG:    [receive_response_body.started request=<Request [b'POST']>]
[2024-10-10 11:39:12,588]: [_trace.py]: atrace: 85:       DEBUG:    [receive_response_body.complete]
[2024-10-10 11:39:12,588]: [_trace.py]: atrace: 85:       DEBUG:    [response_closed.started]
[2024-10-10 11:39:12,588]: [_trace.py]: atrace: 85:       DEBUG:    [response_closed.complete]
[2024-10-10 11:39:12,588]: [_bot.py]: _do_post: 652:       DEBUG:    [Call to Bot API endpoint `getMe` finished with return value `{'id': 6030805959, 'is_bot': True, 'first_name': 'TyPHoone', 'username': 'TyPHoone_Project_bot', 'can_join_groups': True, 'can_read_all_group_messages': False, 'supports_inline_queries': False, 'can_connect_to_business': False, 'has_main_web_app': False}`]
[2024-10-10 11:39:12,591]: [_bot.py]: _do_post: 643:       DEBUG:    [Calling Bot API endpoint `sendDocument` with parameters `{'chat_id': '-4119703192', 'document': <telegram._files.inputfile.InputFile object at 0x7ff16814d080>}`]
[2024-10-10 11:39:12,591]: [_trace.py]: atrace: 85:       DEBUG:    [send_request_headers.started request=<Request [b'POST']>]
[2024-10-10 11:39:12,591]: [_trace.py]: atrace: 85:       DEBUG:    [send_request_headers.complete]
[2024-10-10 11:39:12,592]: [_trace.py]: atrace: 85:       DEBUG:    [send_request_body.started request=<Request [b'POST']>]
[2024-10-10 11:39:13,400]: [_trace.py]: atrace: 85:       DEBUG:    [send_request_body.complete]
[2024-10-10 11:39:13,401]: [_trace.py]: atrace: 85:       DEBUG:    [receive_response_headers.started request=<Request [b'POST']>]
[2024-10-10 11:39:14,036]: [_trace.py]: atrace: 85:       DEBUG:    [receive_response_headers.complete return_value=(b'HTTP/1.1', 200, b'OK', [(b'Server', b'nginx/1.18.0'), (b'Date', b'Thu, 10 Oct 2024 11:39:13 GMT'), (b'Content-Type', b'application/json'), (b'Content-Length', b'479'), (b'Connection', b'keep-alive'), (b'Strict-Transport-Security', b'max-age=31536000; includeSubDomains; preload'), (b'Access-Control-Allow-Origin', b'*'), (b'Access-Control-Allow-Methods', b'GET, POST, OPTIONS'), (b'Access-Control-Expose-Headers', b'Content-Length,Content-Type,Date,Server,Connection')])]
[2024-10-10 11:39:14,036]: [_client.py]: _send_single_request: 1786:       INFO:    [HTTP Request: POST https://api.telegram.org/bot6030805959:AAGUHAMxLYc-PrevgKouJ3ZyM7ktu56ftjo/sendDocument "HTTP/1.1 200 OK"]
[2024-10-10 11:39:14,036]: [_trace.py]: atrace: 85:       DEBUG:    [receive_response_body.started request=<Request [b'POST']>]
[2024-10-10 11:39:14,036]: [_trace.py]: atrace: 85:       DEBUG:    [receive_response_body.complete]
[2024-10-10 11:39:14,036]: [_trace.py]: atrace: 85:       DEBUG:    [response_closed.started]
[2024-10-10 11:39:14,037]: [_trace.py]: atrace: 85:       DEBUG:    [response_closed.complete]
[2024-10-10 11:39:14,037]: [_bot.py]: _do_post: 652:       DEBUG:    [Call to Bot API endpoint `sendDocument` finished with return value `{'message_id': 1920, 'from': {'id': 6030805959, 'is_bot': True, 'first_name': 'TyPHoone', 'username': 'TyPHoone_Project_bot'}, 'chat': {'id': -4119703192, 'title': 'Robocop', 'type': 'group', 'all_members_are_administrators': True}, 'date': 1728560353, 'document': {'file_name': '(2024_10_10--11_38)output.zip', 'mime_type': 'application/zip', 'file_id': 'BQACAgQAAxkDAAIHgGcHvOEGIbCxjRo2oYmb4fyRuyqrAAI0FAAC7lpBUG2vwBkJ7iw5NgQ', 'file_unique_id': 'AgADNBQAAu5aQVA', 'file_size': 10161863}}`]
[2024-10-10 11:39:14,037]: [_trace.py]: atrace: 85:       DEBUG:    [close.started]
[2024-10-10 11:39:14,037]: [_trace.py]: atrace: 85:       DEBUG:    [close.complete]
[2024-10-10 11:39:14,037]: [Telegram_Sender.py]: runner: 61:       INFO:    [sent successfully]
[2024-10-10 11:39:14,038]: [Main.py]: <module>: 48:       INFO:    [Finished]
