[2025-02-18 11:39:08,883]: [Main.py]: <module>: 21:       INFO:    [Started]
[2025-02-18 11:39:10,828]: [Iron_Scraper.py]: Scrap: 32:       INFO:    [Data Scaraped Successfully]
[2025-02-18 11:39:10,887]: [Iron_Scraper.py]: Scrap: 70:       INFO:    [Scrapped Data Has No Problem]
[2025-02-18 11:39:10,887]: [Iron_Scraper.py]: Scrap: 83:       INFO:    [Data Saved Successfully]
[2025-02-18 11:39:10,887]: [Iron.py]: Run: 26:       INFO:    [Scraping Phase Completed]
[2025-02-18 11:39:10,887]: [Iron_Data_Processor.py]: Data_Reader: 61:       INFO:    [Data File Has Been Red Successfully]
[2025-02-18 11:39:10,887]: [Iron_Data_Processor.py]: Shaper: 78:       INFO:    [Data Shaped]
[2025-02-18 11:39:10,887]: [Iron_Data_Processor.py]: Process: 228:       INFO:    [Data Cleaned]
[2025-02-18 11:39:10,887]: [Iron_Data_Processor.py]: Make_Pages_Objects: 101:       INFO:    [Page Objects Has Been Made]
[2025-02-18 11:39:10,887]: [Iron_Data_Processor.py]: Make_Pages_Objects: 101:       INFO:    [Page Objects Has Been Made]
[2025-02-18 11:39:10,887]: [Iron_Data_Processor.py]: Load_Data: 118:       INFO:    [Data Has Been Load]
[2025-02-18 11:39:10,887]: [Iron_Data_Processor.py]: Load_Data: 118:       INFO:    [Data Has Been Load]
[2025-02-18 11:39:10,888]: [Iron_Data_Processor.py]: Load_positions: 140:       INFO:    [Positions Are Ready]
[2025-02-18 11:39:10,888]: [Iron_Data_Processor.py]: Load_positions: 140:       INFO:    [Positions Are Ready]
[2025-02-18 11:39:11,957]: [Iron_Data_Processor.py]: Make_Tagged_Images: 193:       INFO:    [Images Has Been Made]
[2025-02-18 11:39:12,857]: [Iron_Data_Processor.py]: Make_Tagged_Images: 193:       INFO:    [Images Has Been Made]
[2025-02-18 11:39:13,111]: [Iron_Data_Processor.py]: Make_Cover_Page: 215:       INFO:    [Made Cover Pages]
[2025-02-18 11:39:13,111]: [Iron.py]: Run: 29:       INFO:    [Imagination Phase Completed]
[2025-02-18 11:39:15,903]: [Phone_Scraper.py]: Scrap: 58:       INFO:    [Data Scraped]
[2025-02-18 11:39:15,903]: [Phone_Scraper.py]: Scrap: 71:       INFO:    [Scraped Data Successfully]
[2025-02-18 11:39:15,903]: [Phone.py]: Run: 26:       INFO:    [Scraping Phase Complete]
[2025-02-18 11:39:15,903]: [Phone_Data_Processor.py]: data_reader: 38:       INFO:    [Scraped Data Loaded]
[2025-02-18 11:39:15,904]: [Phone_Data_Processor.py]: filter_list: 65:       INFO:    [Persian Phrases Are deleted]
[2025-02-18 11:39:15,905]: [Phone_Data_Processor.py]: reshape_list: 87:       INFO:    [Date Reshaped]
[2025-02-18 11:39:15,905]: [Phone_Data_Processor.py]: separate_brands: 124:       INFO:    [Brands Are Separated]
[2025-02-18 11:39:15,905]: [Phone_Data_Processor.py]: delete_extra_spaces: 141:       INFO:    [Extra Spaces Are Deleted]
[2025-02-18 11:39:16,639]: [Phone.py]: Run: 29:       INFO:    [Imagination Phase Complete]
[2025-02-18 11:39:16,639]: [selector_events.py]: __init__: 64:       DEBUG:    [Using selector: EpollSelector]
[2025-02-18 11:39:16,907]: [_bot.py]: _do_post: 643:       DEBUG:    [Calling Bot API endpoint `getMe` with parameters `{}`]
[2025-02-18 11:39:16,912]: [_trace.py]: atrace: 87:       DEBUG:    [connect_tcp.started host='api.telegram.org' port=443 local_address=None timeout=5.0 socket_options=None]
[2025-02-18 11:39:17,045]: [_trace.py]: atrace: 87:       DEBUG:    [connect_tcp.complete return_value=<httpcore._backends.anyio.AnyIOStream object at 0x7fa3190f3bc0>]
[2025-02-18 11:39:17,045]: [_trace.py]: atrace: 87:       DEBUG:    [start_tls.started ssl_context=<ssl.SSLContext object at 0x7fa31972b4d0> server_hostname='api.telegram.org' timeout=5.0]
[2025-02-18 11:39:17,152]: [_trace.py]: atrace: 87:       DEBUG:    [start_tls.complete return_value=<httpcore._backends.anyio.AnyIOStream object at 0x7fa31a0b5cd0>]
[2025-02-18 11:39:17,153]: [_trace.py]: atrace: 87:       DEBUG:    [send_request_headers.started request=<Request [b'POST']>]
[2025-02-18 11:39:17,153]: [_trace.py]: atrace: 87:       DEBUG:    [send_request_headers.complete]
[2025-02-18 11:39:17,153]: [_trace.py]: atrace: 87:       DEBUG:    [send_request_body.started request=<Request [b'POST']>]
[2025-02-18 11:39:17,153]: [_trace.py]: atrace: 87:       DEBUG:    [send_request_body.complete]
[2025-02-18 11:39:17,153]: [_trace.py]: atrace: 87:       DEBUG:    [receive_response_headers.started request=<Request [b'POST']>]
[2025-02-18 11:39:17,257]: [_trace.py]: atrace: 87:       DEBUG:    [receive_response_headers.complete return_value=(b'HTTP/1.1', 200, b'OK', [(b'Server', b'nginx/1.18.0'), (b'Date', b'Tue, 18 Feb 2025 11:39:17 GMT'), (b'Content-Type', b'application/json'), (b'Content-Length', b'258'), (b'Connection', b'keep-alive'), (b'Strict-Transport-Security', b'max-age=31536000; includeSubDomains; preload'), (b'Access-Control-Allow-Origin', b'*'), (b'Access-Control-Allow-Methods', b'GET, POST, OPTIONS'), (b'Access-Control-Expose-Headers', b'Content-Length,Content-Type,Date,Server,Connection')])]
[2025-02-18 11:39:17,258]: [_client.py]: _send_single_request: 1740:       INFO:    [HTTP Request: POST https://api.telegram.org/bot6030805959:AAGUHAMxLYc-PrevgKouJ3ZyM7ktu56ftjo/getMe "HTTP/1.1 200 OK"]
[2025-02-18 11:39:17,258]: [_trace.py]: atrace: 87:       DEBUG:    [receive_response_body.started request=<Request [b'POST']>]
[2025-02-18 11:39:17,258]: [_trace.py]: atrace: 87:       DEBUG:    [receive_response_body.complete]
[2025-02-18 11:39:17,258]: [_trace.py]: atrace: 87:       DEBUG:    [response_closed.started]
[2025-02-18 11:39:17,258]: [_trace.py]: atrace: 87:       DEBUG:    [response_closed.complete]
[2025-02-18 11:39:17,258]: [_bot.py]: _do_post: 652:       DEBUG:    [Call to Bot API endpoint `getMe` finished with return value `{'id': 6030805959, 'is_bot': True, 'first_name': 'TyPHoone', 'username': 'TyPHoone_Project_bot', 'can_join_groups': True, 'can_read_all_group_messages': False, 'supports_inline_queries': False, 'can_connect_to_business': False, 'has_main_web_app': False}`]
[2025-02-18 11:39:17,261]: [_bot.py]: _do_post: 643:       DEBUG:    [Calling Bot API endpoint `sendDocument` with parameters `{'chat_id': '-4119703192', 'document': <telegram._files.inputfile.InputFile object at 0x7fa318f25340>}`]
[2025-02-18 11:39:17,262]: [_trace.py]: atrace: 87:       DEBUG:    [send_request_headers.started request=<Request [b'POST']>]
[2025-02-18 11:39:17,262]: [_trace.py]: atrace: 87:       DEBUG:    [send_request_headers.complete]
[2025-02-18 11:39:17,262]: [_trace.py]: atrace: 87:       DEBUG:    [send_request_body.started request=<Request [b'POST']>]
[2025-02-18 11:39:17,263]: [_trace.py]: atrace: 87:       DEBUG:    [send_request_body.complete]
[2025-02-18 11:39:17,263]: [_trace.py]: atrace: 87:       DEBUG:    [receive_response_headers.started request=<Request [b'POST']>]
[2025-02-18 11:39:17,664]: [_trace.py]: atrace: 87:       DEBUG:    [receive_response_headers.complete return_value=(b'HTTP/1.1', 200, b'OK', [(b'Server', b'nginx/1.18.0'), (b'Date', b'Tue, 18 Feb 2025 11:39:17 GMT'), (b'Content-Type', b'application/json'), (b'Content-Length', b'464'), (b'Connection', b'keep-alive'), (b'Strict-Transport-Security', b'max-age=31536000; includeSubDomains; preload'), (b'Access-Control-Allow-Origin', b'*'), (b'Access-Control-Allow-Methods', b'GET, POST, OPTIONS'), (b'Access-Control-Expose-Headers', b'Content-Length,Content-Type,Date,Server,Connection')])]
[2025-02-18 11:39:17,665]: [_client.py]: _send_single_request: 1740:       INFO:    [HTTP Request: POST https://api.telegram.org/bot6030805959:AAGUHAMxLYc-PrevgKouJ3ZyM7ktu56ftjo/sendDocument "HTTP/1.1 200 OK"]
[2025-02-18 11:39:17,665]: [_trace.py]: atrace: 87:       DEBUG:    [receive_response_body.started request=<Request [b'POST']>]
[2025-02-18 11:39:17,665]: [_trace.py]: atrace: 87:       DEBUG:    [receive_response_body.complete]
[2025-02-18 11:39:17,665]: [_trace.py]: atrace: 87:       DEBUG:    [response_closed.started]
[2025-02-18 11:39:17,665]: [_trace.py]: atrace: 87:       DEBUG:    [response_closed.complete]
[2025-02-18 11:39:17,665]: [_bot.py]: _do_post: 652:       DEBUG:    [Call to Bot API endpoint `sendDocument` finished with return value `{'message_id': 2181, 'from': {'id': 6030805959, 'is_bot': True, 'first_name': 'TyPHoone', 'username': 'TyPHoone_Project_bot'}, 'chat': {'id': -4119703192, 'title': 'Robocop', 'type': 'group', 'all_members_are_administrators': True}, 'date': 1739878757, 'document': {'file_name': '(2025_02_18--11_39).log', 'mime_type': 'text/plain', 'file_id': 'BQACAgQAAxkDAAIIhWe0cWVJpY6nmFyqEq9mqcyf_O0nAAIWFgACeneoUQaQ7rNY8xLVNgQ', 'file_unique_id': 'AgADFhYAAnp3qFE', 'file_size': 5937}}`]
[2025-02-18 11:39:17,666]: [_trace.py]: atrace: 87:       DEBUG:    [close.started]
[2025-02-18 11:39:17,666]: [_trace.py]: atrace: 87:       DEBUG:    [close.complete]
[2025-02-18 11:39:17,711]: [_bot.py]: _do_post: 643:       DEBUG:    [Calling Bot API endpoint `getMe` with parameters `{}`]
[2025-02-18 11:39:17,712]: [_trace.py]: atrace: 87:       DEBUG:    [connect_tcp.started host='api.telegram.org' port=443 local_address=None timeout=5.0 socket_options=None]
[2025-02-18 11:39:17,818]: [_trace.py]: atrace: 87:       DEBUG:    [connect_tcp.complete return_value=<httpcore._backends.anyio.AnyIOStream object at 0x7fa318f4b590>]
[2025-02-18 11:39:17,818]: [_trace.py]: atrace: 87:       DEBUG:    [start_tls.started ssl_context=<ssl.SSLContext object at 0x7fa31972b2d0> server_hostname='api.telegram.org' timeout=5.0]
[2025-02-18 11:39:17,929]: [_trace.py]: atrace: 87:       DEBUG:    [start_tls.complete return_value=<httpcore._backends.anyio.AnyIOStream object at 0x7fa3190a2f90>]
[2025-02-18 11:39:17,929]: [_trace.py]: atrace: 87:       DEBUG:    [send_request_headers.started request=<Request [b'POST']>]
[2025-02-18 11:39:17,929]: [_trace.py]: atrace: 87:       DEBUG:    [send_request_headers.complete]
[2025-02-18 11:39:17,929]: [_trace.py]: atrace: 87:       DEBUG:    [send_request_body.started request=<Request [b'POST']>]
[2025-02-18 11:39:17,929]: [_trace.py]: atrace: 87:       DEBUG:    [send_request_body.complete]
[2025-02-18 11:39:17,929]: [_trace.py]: atrace: 87:       DEBUG:    [receive_response_headers.started request=<Request [b'POST']>]
[2025-02-18 11:39:18,037]: [_trace.py]: atrace: 87:       DEBUG:    [receive_response_headers.complete return_value=(b'HTTP/1.1', 200, b'OK', [(b'Server', b'nginx/1.18.0'), (b'Date', b'Tue, 18 Feb 2025 11:39:17 GMT'), (b'Content-Type', b'application/json'), (b'Content-Length', b'258'), (b'Connection', b'keep-alive'), (b'Strict-Transport-Security', b'max-age=31536000; includeSubDomains; preload'), (b'Access-Control-Allow-Origin', b'*'), (b'Access-Control-Allow-Methods', b'GET, POST, OPTIONS'), (b'Access-Control-Expose-Headers', b'Content-Length,Content-Type,Date,Server,Connection')])]
[2025-02-18 11:39:18,037]: [_client.py]: _send_single_request: 1740:       INFO:    [HTTP Request: POST https://api.telegram.org/bot6030805959:AAGUHAMxLYc-PrevgKouJ3ZyM7ktu56ftjo/getMe "HTTP/1.1 200 OK"]
[2025-02-18 11:39:18,037]: [_trace.py]: atrace: 87:       DEBUG:    [receive_response_body.started request=<Request [b'POST']>]
[2025-02-18 11:39:18,037]: [_trace.py]: atrace: 87:       DEBUG:    [receive_response_body.complete]
[2025-02-18 11:39:18,037]: [_trace.py]: atrace: 87:       DEBUG:    [response_closed.started]
[2025-02-18 11:39:18,037]: [_trace.py]: atrace: 87:       DEBUG:    [response_closed.complete]
[2025-02-18 11:39:18,037]: [_bot.py]: _do_post: 652:       DEBUG:    [Call to Bot API endpoint `getMe` finished with return value `{'id': 6030805959, 'is_bot': True, 'first_name': 'TyPHoone', 'username': 'TyPHoone_Project_bot', 'can_join_groups': True, 'can_read_all_group_messages': False, 'supports_inline_queries': False, 'can_connect_to_business': False, 'has_main_web_app': False}`]
[2025-02-18 11:39:18,040]: [_bot.py]: _do_post: 643:       DEBUG:    [Calling Bot API endpoint `sendDocument` with parameters `{'chat_id': '-4119703192', 'document': <telegram._files.inputfile.InputFile object at 0x7fa319788300>}`]
[2025-02-18 11:39:18,041]: [_trace.py]: atrace: 87:       DEBUG:    [send_request_headers.started request=<Request [b'POST']>]
[2025-02-18 11:39:18,041]: [_trace.py]: atrace: 87:       DEBUG:    [send_request_headers.complete]
[2025-02-18 11:39:18,041]: [_trace.py]: atrace: 87:       DEBUG:    [send_request_body.started request=<Request [b'POST']>]
[2025-02-18 11:39:19,008]: [_trace.py]: atrace: 87:       DEBUG:    [send_request_body.complete]
[2025-02-18 11:39:19,008]: [_trace.py]: atrace: 87:       DEBUG:    [receive_response_headers.started request=<Request [b'POST']>]
[2025-02-18 11:39:19,997]: [_trace.py]: atrace: 87:       DEBUG:    [receive_response_headers.complete return_value=(b'HTTP/1.1', 200, b'OK', [(b'Server', b'nginx/1.18.0'), (b'Date', b'Tue, 18 Feb 2025 11:39:19 GMT'), (b'Content-Type', b'application/json'), (b'Content-Length', b'478'), (b'Connection', b'keep-alive'), (b'Strict-Transport-Security', b'max-age=31536000; includeSubDomains; preload'), (b'Access-Control-Allow-Origin', b'*'), (b'Access-Control-Allow-Methods', b'GET, POST, OPTIONS'), (b'Access-Control-Expose-Headers', b'Content-Length,Content-Type,Date,Server,Connection')])]
[2025-02-18 11:39:19,997]: [_client.py]: _send_single_request: 1740:       INFO:    [HTTP Request: POST https://api.telegram.org/bot6030805959:AAGUHAMxLYc-PrevgKouJ3ZyM7ktu56ftjo/sendDocument "HTTP/1.1 200 OK"]
[2025-02-18 11:39:19,997]: [_trace.py]: atrace: 87:       DEBUG:    [receive_response_body.started request=<Request [b'POST']>]
[2025-02-18 11:39:19,997]: [_trace.py]: atrace: 87:       DEBUG:    [receive_response_body.complete]
[2025-02-18 11:39:19,997]: [_trace.py]: atrace: 87:       DEBUG:    [response_closed.started]
[2025-02-18 11:39:19,997]: [_trace.py]: atrace: 87:       DEBUG:    [response_closed.complete]
[2025-02-18 11:39:19,998]: [_bot.py]: _do_post: 652:       DEBUG:    [Call to Bot API endpoint `sendDocument` finished with return value `{'message_id': 2182, 'from': {'id': 6030805959, 'is_bot': True, 'first_name': 'TyPHoone', 'username': 'TyPHoone_Project_bot'}, 'chat': {'id': -4119703192, 'title': 'Robocop', 'type': 'group', 'all_members_are_administrators': True}, 'date': 1739878759, 'document': {'file_name': '(2025_02_18--11_39)output.zip', 'mime_type': 'application/zip', 'file_id': 'BQACAgQAAxkDAAIIhme0cWeNg7kJvhRLZ2kDGeWb1IG2AAIXFgACeneoUVZpQC_a0Qh-NgQ', 'file_unique_id': 'AgADFxYAAnp3qFE', 'file_size': 9778411}}`]
[2025-02-18 11:39:19,998]: [_trace.py]: atrace: 87:       DEBUG:    [close.started]
[2025-02-18 11:39:19,998]: [_trace.py]: atrace: 87:       DEBUG:    [close.complete]
[2025-02-18 11:39:19,998]: [Telegram_Sender.py]: runner: 61:       INFO:    [sent successfully]
[2025-02-18 11:39:19,999]: [Main.py]: <module>: 48:       INFO:    [Finished]
