[2025-02-13 11:39:24,103]: [Main.py]: <module>: 21:       INFO:    [Started]
[2025-02-13 11:39:26,168]: [Iron_Scraper.py]: Scrap: 32:       INFO:    [Data Scaraped Successfully]
[2025-02-13 11:39:26,223]: [Iron_Scraper.py]: Scrap: 70:       INFO:    [Scrapped Data Has No Problem]
[2025-02-13 11:39:26,223]: [Iron_Scraper.py]: Scrap: 83:       INFO:    [Data Saved Successfully]
[2025-02-13 11:39:26,224]: [Iron.py]: Run: 26:       INFO:    [Scraping Phase Completed]
[2025-02-13 11:39:26,224]: [Iron_Data_Processor.py]: Data_Reader: 61:       INFO:    [Data File Has Been Red Successfully]
[2025-02-13 11:39:26,224]: [Iron_Data_Processor.py]: Shaper: 78:       INFO:    [Data Shaped]
[2025-02-13 11:39:26,224]: [Iron_Data_Processor.py]: Process: 228:       INFO:    [Data Cleaned]
[2025-02-13 11:39:26,224]: [Iron_Data_Processor.py]: Make_Pages_Objects: 101:       INFO:    [Page Objects Has Been Made]
[2025-02-13 11:39:26,224]: [Iron_Data_Processor.py]: Make_Pages_Objects: 101:       INFO:    [Page Objects Has Been Made]
[2025-02-13 11:39:26,224]: [Iron_Data_Processor.py]: Load_Data: 118:       INFO:    [Data Has Been Load]
[2025-02-13 11:39:26,224]: [Iron_Data_Processor.py]: Load_Data: 118:       INFO:    [Data Has Been Load]
[2025-02-13 11:39:26,224]: [Iron_Data_Processor.py]: Load_positions: 140:       INFO:    [Positions Are Ready]
[2025-02-13 11:39:26,224]: [Iron_Data_Processor.py]: Load_positions: 140:       INFO:    [Positions Are Ready]
[2025-02-13 11:39:27,288]: [Iron_Data_Processor.py]: Make_Tagged_Images: 193:       INFO:    [Images Has Been Made]
[2025-02-13 11:39:28,177]: [Iron_Data_Processor.py]: Make_Tagged_Images: 193:       INFO:    [Images Has Been Made]
[2025-02-13 11:39:28,429]: [Iron_Data_Processor.py]: Make_Cover_Page: 215:       INFO:    [Made Cover Pages]
[2025-02-13 11:39:28,429]: [Iron.py]: Run: 29:       INFO:    [Imagination Phase Completed]
[2025-02-13 11:39:32,570]: [Phone_Scraper.py]: Scrap: 58:       INFO:    [Data Scraped]
[2025-02-13 11:39:32,570]: [Phone_Scraper.py]: Scrap: 71:       INFO:    [Scraped Data Successfully]
[2025-02-13 11:39:32,570]: [Phone.py]: Run: 26:       INFO:    [Scraping Phase Complete]
[2025-02-13 11:39:32,571]: [Phone_Data_Processor.py]: data_reader: 38:       INFO:    [Scraped Data Loaded]
[2025-02-13 11:39:32,572]: [Phone_Data_Processor.py]: filter_list: 65:       INFO:    [Persian Phrases Are deleted]
[2025-02-13 11:39:32,572]: [Phone_Data_Processor.py]: reshape_list: 87:       INFO:    [Date Reshaped]
[2025-02-13 11:39:32,572]: [Phone_Data_Processor.py]: separate_brands: 124:       INFO:    [Brands Are Separated]
[2025-02-13 11:39:32,573]: [Phone_Data_Processor.py]: delete_extra_spaces: 141:       INFO:    [Extra Spaces Are Deleted]
[2025-02-13 11:39:33,185]: [Phone.py]: Run: 29:       INFO:    [Imagination Phase Complete]
[2025-02-13 11:39:33,185]: [selector_events.py]: __init__: 64:       DEBUG:    [Using selector: EpollSelector]
[2025-02-13 11:39:33,446]: [_bot.py]: _do_post: 643:       DEBUG:    [Calling Bot API endpoint `getMe` with parameters `{}`]
[2025-02-13 11:39:33,450]: [_trace.py]: atrace: 87:       DEBUG:    [connect_tcp.started host='api.telegram.org' port=443 local_address=None timeout=5.0 socket_options=None]
[2025-02-13 11:39:33,730]: [_trace.py]: atrace: 87:       DEBUG:    [connect_tcp.complete return_value=<httpcore._backends.anyio.AnyIOStream object at 0x7f171efe56a0>]
[2025-02-13 11:39:33,730]: [_trace.py]: atrace: 87:       DEBUG:    [start_tls.started ssl_context=<ssl.SSLContext object at 0x7f171f6374d0> server_hostname='api.telegram.org' timeout=5.0]
[2025-02-13 11:39:33,881]: [_trace.py]: atrace: 87:       DEBUG:    [start_tls.complete return_value=<httpcore._backends.anyio.AnyIOStream object at 0x7f171f33aa50>]
[2025-02-13 11:39:33,882]: [_trace.py]: atrace: 87:       DEBUG:    [send_request_headers.started request=<Request [b'POST']>]
[2025-02-13 11:39:33,882]: [_trace.py]: atrace: 87:       DEBUG:    [send_request_headers.complete]
[2025-02-13 11:39:33,882]: [_trace.py]: atrace: 87:       DEBUG:    [send_request_body.started request=<Request [b'POST']>]
[2025-02-13 11:39:33,882]: [_trace.py]: atrace: 87:       DEBUG:    [send_request_body.complete]
[2025-02-13 11:39:33,882]: [_trace.py]: atrace: 87:       DEBUG:    [receive_response_headers.started request=<Request [b'POST']>]
[2025-02-13 11:39:34,031]: [_trace.py]: atrace: 87:       DEBUG:    [receive_response_headers.complete return_value=(b'HTTP/1.1', 200, b'OK', [(b'Server', b'nginx/1.18.0'), (b'Date', b'Thu, 13 Feb 2025 11:39:33 GMT'), (b'Content-Type', b'application/json'), (b'Content-Length', b'258'), (b'Connection', b'keep-alive'), (b'Strict-Transport-Security', b'max-age=31536000; includeSubDomains; preload'), (b'Access-Control-Allow-Origin', b'*'), (b'Access-Control-Allow-Methods', b'GET, POST, OPTIONS'), (b'Access-Control-Expose-Headers', b'Content-Length,Content-Type,Date,Server,Connection')])]
[2025-02-13 11:39:34,032]: [_client.py]: _send_single_request: 1740:       INFO:    [HTTP Request: POST https://api.telegram.org/bot6030805959:AAGUHAMxLYc-PrevgKouJ3ZyM7ktu56ftjo/getMe "HTTP/1.1 200 OK"]
[2025-02-13 11:39:34,032]: [_trace.py]: atrace: 87:       DEBUG:    [receive_response_body.started request=<Request [b'POST']>]
[2025-02-13 11:39:34,032]: [_trace.py]: atrace: 87:       DEBUG:    [receive_response_body.complete]
[2025-02-13 11:39:34,032]: [_trace.py]: atrace: 87:       DEBUG:    [response_closed.started]
[2025-02-13 11:39:34,032]: [_trace.py]: atrace: 87:       DEBUG:    [response_closed.complete]
[2025-02-13 11:39:34,032]: [_bot.py]: _do_post: 652:       DEBUG:    [Call to Bot API endpoint `getMe` finished with return value `{'id': 6030805959, 'is_bot': True, 'first_name': 'TyPHoone', 'username': 'TyPHoone_Project_bot', 'can_join_groups': True, 'can_read_all_group_messages': False, 'supports_inline_queries': False, 'can_connect_to_business': False, 'has_main_web_app': False}`]
[2025-02-13 11:39:34,035]: [_bot.py]: _do_post: 643:       DEBUG:    [Calling Bot API endpoint `sendDocument` with parameters `{'chat_id': '-4119703192', 'document': <telegram._files.inputfile.InputFile object at 0x7f171f7dfa00>}`]
[2025-02-13 11:39:34,036]: [_trace.py]: atrace: 87:       DEBUG:    [send_request_headers.started request=<Request [b'POST']>]
[2025-02-13 11:39:34,036]: [_trace.py]: atrace: 87:       DEBUG:    [send_request_headers.complete]
[2025-02-13 11:39:34,036]: [_trace.py]: atrace: 87:       DEBUG:    [send_request_body.started request=<Request [b'POST']>]
[2025-02-13 11:39:34,036]: [_trace.py]: atrace: 87:       DEBUG:    [send_request_body.complete]
[2025-02-13 11:39:34,037]: [_trace.py]: atrace: 87:       DEBUG:    [receive_response_headers.started request=<Request [b'POST']>]
[2025-02-13 11:39:34,370]: [_trace.py]: atrace: 87:       DEBUG:    [receive_response_headers.complete return_value=(b'HTTP/1.1', 200, b'OK', [(b'Server', b'nginx/1.18.0'), (b'Date', b'Thu, 13 Feb 2025 11:39:34 GMT'), (b'Content-Type', b'application/json'), (b'Content-Length', b'464'), (b'Connection', b'keep-alive'), (b'Strict-Transport-Security', b'max-age=31536000; includeSubDomains; preload'), (b'Access-Control-Allow-Origin', b'*'), (b'Access-Control-Allow-Methods', b'GET, POST, OPTIONS'), (b'Access-Control-Expose-Headers', b'Content-Length,Content-Type,Date,Server,Connection')])]
[2025-02-13 11:39:34,370]: [_client.py]: _send_single_request: 1740:       INFO:    [HTTP Request: POST https://api.telegram.org/bot6030805959:AAGUHAMxLYc-PrevgKouJ3ZyM7ktu56ftjo/sendDocument "HTTP/1.1 200 OK"]
[2025-02-13 11:39:34,370]: [_trace.py]: atrace: 87:       DEBUG:    [receive_response_body.started request=<Request [b'POST']>]
[2025-02-13 11:39:34,370]: [_trace.py]: atrace: 87:       DEBUG:    [receive_response_body.complete]
[2025-02-13 11:39:34,370]: [_trace.py]: atrace: 87:       DEBUG:    [response_closed.started]
[2025-02-13 11:39:34,370]: [_trace.py]: atrace: 87:       DEBUG:    [response_closed.complete]
[2025-02-13 11:39:34,370]: [_bot.py]: _do_post: 652:       DEBUG:    [Call to Bot API endpoint `sendDocument` finished with return value `{'message_id': 2171, 'from': {'id': 6030805959, 'is_bot': True, 'first_name': 'TyPHoone', 'username': 'TyPHoone_Project_bot'}, 'chat': {'id': -4119703192, 'title': 'Robocop', 'type': 'group', 'all_members_are_administrators': True}, 'date': 1739446774, 'document': {'file_name': '(2025_02_13--11_39).log', 'mime_type': 'text/plain', 'file_id': 'BQACAgQAAxkDAAIIe2et2fZ-f19QPN_nWugnFfluN55qAAJvGAACw1xxUWNUn9QBDqzmNgQ', 'file_unique_id': 'AgADbxgAAsNccVE', 'file_size': 5937}}`]
[2025-02-13 11:39:34,371]: [_trace.py]: atrace: 87:       DEBUG:    [close.started]
[2025-02-13 11:39:34,371]: [_trace.py]: atrace: 87:       DEBUG:    [close.complete]
[2025-02-13 11:39:34,416]: [_bot.py]: _do_post: 643:       DEBUG:    [Calling Bot API endpoint `getMe` with parameters `{}`]
[2025-02-13 11:39:34,416]: [_trace.py]: atrace: 87:       DEBUG:    [connect_tcp.started host='api.telegram.org' port=443 local_address=None timeout=5.0 socket_options=None]
[2025-02-13 11:39:34,567]: [_trace.py]: atrace: 87:       DEBUG:    [connect_tcp.complete return_value=<httpcore._backends.anyio.AnyIOStream object at 0x7f171ee5ade0>]
[2025-02-13 11:39:34,567]: [_trace.py]: atrace: 87:       DEBUG:    [start_tls.started ssl_context=<ssl.SSLContext object at 0x7f171f6372d0> server_hostname='api.telegram.org' timeout=5.0]
[2025-02-13 11:39:34,721]: [_trace.py]: atrace: 87:       DEBUG:    [start_tls.complete return_value=<httpcore._backends.anyio.AnyIOStream object at 0x7f171f7f0470>]
[2025-02-13 11:39:34,721]: [_trace.py]: atrace: 87:       DEBUG:    [send_request_headers.started request=<Request [b'POST']>]
[2025-02-13 11:39:34,721]: [_trace.py]: atrace: 87:       DEBUG:    [send_request_headers.complete]
[2025-02-13 11:39:34,721]: [_trace.py]: atrace: 87:       DEBUG:    [send_request_body.started request=<Request [b'POST']>]
[2025-02-13 11:39:34,721]: [_trace.py]: atrace: 87:       DEBUG:    [send_request_body.complete]
[2025-02-13 11:39:34,721]: [_trace.py]: atrace: 87:       DEBUG:    [receive_response_headers.started request=<Request [b'POST']>]
[2025-02-13 11:39:34,872]: [_trace.py]: atrace: 87:       DEBUG:    [receive_response_headers.complete return_value=(b'HTTP/1.1', 200, b'OK', [(b'Server', b'nginx/1.18.0'), (b'Date', b'Thu, 13 Feb 2025 11:39:34 GMT'), (b'Content-Type', b'application/json'), (b'Content-Length', b'258'), (b'Connection', b'keep-alive'), (b'Strict-Transport-Security', b'max-age=31536000; includeSubDomains; preload'), (b'Access-Control-Allow-Origin', b'*'), (b'Access-Control-Allow-Methods', b'GET, POST, OPTIONS'), (b'Access-Control-Expose-Headers', b'Content-Length,Content-Type,Date,Server,Connection')])]
[2025-02-13 11:39:34,872]: [_client.py]: _send_single_request: 1740:       INFO:    [HTTP Request: POST https://api.telegram.org/bot6030805959:AAGUHAMxLYc-PrevgKouJ3ZyM7ktu56ftjo/getMe "HTTP/1.1 200 OK"]
[2025-02-13 11:39:34,872]: [_trace.py]: atrace: 87:       DEBUG:    [receive_response_body.started request=<Request [b'POST']>]
[2025-02-13 11:39:34,872]: [_trace.py]: atrace: 87:       DEBUG:    [receive_response_body.complete]
[2025-02-13 11:39:34,872]: [_trace.py]: atrace: 87:       DEBUG:    [response_closed.started]
[2025-02-13 11:39:34,872]: [_trace.py]: atrace: 87:       DEBUG:    [response_closed.complete]
[2025-02-13 11:39:34,872]: [_bot.py]: _do_post: 652:       DEBUG:    [Call to Bot API endpoint `getMe` finished with return value `{'id': 6030805959, 'is_bot': True, 'first_name': 'TyPHoone', 'username': 'TyPHoone_Project_bot', 'can_join_groups': True, 'can_read_all_group_messages': False, 'supports_inline_queries': False, 'can_connect_to_business': False, 'has_main_web_app': False}`]
[2025-02-13 11:39:34,875]: [_bot.py]: _do_post: 643:       DEBUG:    [Calling Bot API endpoint `sendDocument` with parameters `{'chat_id': '-4119703192', 'document': <telegram._files.inputfile.InputFile object at 0x7f171f735f40>}`]
[2025-02-13 11:39:34,875]: [_trace.py]: atrace: 87:       DEBUG:    [send_request_headers.started request=<Request [b'POST']>]
[2025-02-13 11:39:34,875]: [_trace.py]: atrace: 87:       DEBUG:    [send_request_headers.complete]
[2025-02-13 11:39:34,875]: [_trace.py]: atrace: 87:       DEBUG:    [send_request_body.started request=<Request [b'POST']>]
[2025-02-13 11:39:36,381]: [_trace.py]: atrace: 87:       DEBUG:    [send_request_body.complete]
[2025-02-13 11:39:36,381]: [_trace.py]: atrace: 87:       DEBUG:    [receive_response_headers.started request=<Request [b'POST']>]
[2025-02-13 11:39:36,927]: [_trace.py]: atrace: 87:       DEBUG:    [receive_response_headers.complete return_value=(b'HTTP/1.1', 200, b'OK', [(b'Server', b'nginx/1.18.0'), (b'Date', b'Thu, 13 Feb 2025 11:39:36 GMT'), (b'Content-Type', b'application/json'), (b'Content-Length', b'478'), (b'Connection', b'keep-alive'), (b'Strict-Transport-Security', b'max-age=31536000; includeSubDomains; preload'), (b'Access-Control-Allow-Origin', b'*'), (b'Access-Control-Allow-Methods', b'GET, POST, OPTIONS'), (b'Access-Control-Expose-Headers', b'Content-Length,Content-Type,Date,Server,Connection')])]
[2025-02-13 11:39:36,928]: [_client.py]: _send_single_request: 1740:       INFO:    [HTTP Request: POST https://api.telegram.org/bot6030805959:AAGUHAMxLYc-PrevgKouJ3ZyM7ktu56ftjo/sendDocument "HTTP/1.1 200 OK"]
[2025-02-13 11:39:36,928]: [_trace.py]: atrace: 87:       DEBUG:    [receive_response_body.started request=<Request [b'POST']>]
[2025-02-13 11:39:36,928]: [_trace.py]: atrace: 87:       DEBUG:    [receive_response_body.complete]
[2025-02-13 11:39:36,928]: [_trace.py]: atrace: 87:       DEBUG:    [response_closed.started]
[2025-02-13 11:39:36,928]: [_trace.py]: atrace: 87:       DEBUG:    [response_closed.complete]
[2025-02-13 11:39:36,928]: [_bot.py]: _do_post: 652:       DEBUG:    [Call to Bot API endpoint `sendDocument` finished with return value `{'message_id': 2172, 'from': {'id': 6030805959, 'is_bot': True, 'first_name': 'TyPHoone', 'username': 'TyPHoone_Project_bot'}, 'chat': {'id': -4119703192, 'title': 'Robocop', 'type': 'group', 'all_members_are_administrators': True}, 'date': 1739446776, 'document': {'file_name': '(2025_02_13--11_39)output.zip', 'mime_type': 'application/zip', 'file_id': 'BQACAgQAAxkDAAIIfGet2fhakFRAWyqxPDJ0rUp2qLOkAAJwGAACw1xxUVbNVpkPw4uLNgQ', 'file_unique_id': 'AgADcBgAAsNccVE', 'file_size': 9503809}}`]
[2025-02-13 11:39:36,928]: [_trace.py]: atrace: 87:       DEBUG:    [close.started]
[2025-02-13 11:39:36,929]: [_trace.py]: atrace: 87:       DEBUG:    [close.complete]
[2025-02-13 11:39:36,929]: [Telegram_Sender.py]: runner: 61:       INFO:    [sent successfully]
[2025-02-13 11:39:36,929]: [Main.py]: <module>: 48:       INFO:    [Finished]
