[2025-04-06 11:38:23,550]: [Main.py]: <module>: 21:       INFO:    [Started]
[2025-04-06 11:38:25,188]: [Iron_Scraper.py]: Scrap: 32:       INFO:    [Data Scaraped Successfully]
[2025-04-06 11:38:25,388]: [Iron_Scraper.py]: Scrap: 70:       INFO:    [Scrapped Data Has No Problem]
[2025-04-06 11:38:25,388]: [Iron_Scraper.py]: Scrap: 83:       INFO:    [Data Saved Successfully]
[2025-04-06 11:38:25,388]: [Iron.py]: Run: 26:       INFO:    [Scraping Phase Completed]
[2025-04-06 11:38:25,389]: [Iron_Data_Processor.py]: Data_Reader: 61:       INFO:    [Data File Has Been Red Successfully]
[2025-04-06 11:38:25,389]: [Iron_Data_Processor.py]: Shaper: 78:       INFO:    [Data Shaped]
[2025-04-06 11:38:25,389]: [Iron_Data_Processor.py]: Process: 228:       INFO:    [Data Cleaned]
[2025-04-06 11:38:25,389]: [Iron_Data_Processor.py]: Make_Pages_Objects: 101:       INFO:    [Page Objects Has Been Made]
[2025-04-06 11:38:25,389]: [Iron_Data_Processor.py]: Make_Pages_Objects: 101:       INFO:    [Page Objects Has Been Made]
[2025-04-06 11:38:25,389]: [Iron_Data_Processor.py]: Load_Data: 118:       INFO:    [Data Has Been Load]
[2025-04-06 11:38:25,389]: [Iron_Data_Processor.py]: Load_Data: 118:       INFO:    [Data Has Been Load]
[2025-04-06 11:38:25,389]: [Iron_Data_Processor.py]: Load_positions: 140:       INFO:    [Positions Are Ready]
[2025-04-06 11:38:25,389]: [Iron_Data_Processor.py]: Load_positions: 140:       INFO:    [Positions Are Ready]
[2025-04-06 11:38:26,499]: [Iron_Data_Processor.py]: Make_Tagged_Images: 193:       INFO:    [Images Has Been Made]
[2025-04-06 11:38:27,438]: [Iron_Data_Processor.py]: Make_Tagged_Images: 193:       INFO:    [Images Has Been Made]
[2025-04-06 11:38:27,689]: [Iron_Data_Processor.py]: Make_Cover_Page: 215:       INFO:    [Made Cover Pages]
[2025-04-06 11:38:27,689]: [Iron.py]: Run: 29:       INFO:    [Imagination Phase Completed]
[2025-04-06 11:38:31,682]: [Phone_Scraper.py]: Scrap: 58:       INFO:    [Data Scraped]
[2025-04-06 11:38:31,682]: [Phone_Scraper.py]: Scrap: 71:       INFO:    [Scraped Data Successfully]
[2025-04-06 11:38:31,682]: [Phone.py]: Run: 26:       INFO:    [Scraping Phase Complete]
[2025-04-06 11:38:31,682]: [Phone_Data_Processor.py]: data_reader: 38:       INFO:    [Scraped Data Loaded]
[2025-04-06 11:38:31,683]: [Phone_Data_Processor.py]: filter_list: 65:       INFO:    [Persian Phrases Are deleted]
[2025-04-06 11:38:31,684]: [Phone_Data_Processor.py]: reshape_list: 87:       INFO:    [Date Reshaped]
[2025-04-06 11:38:31,684]: [Phone_Data_Processor.py]: separate_brands: 124:       INFO:    [Brands Are Separated]
[2025-04-06 11:38:31,684]: [Phone_Data_Processor.py]: delete_extra_spaces: 141:       INFO:    [Extra Spaces Are Deleted]
[2025-04-06 11:38:32,287]: [Phone.py]: Run: 29:       INFO:    [Imagination Phase Complete]
[2025-04-06 11:38:32,287]: [selector_events.py]: __init__: 64:       DEBUG:    [Using selector: EpollSelector]
[2025-04-06 11:38:32,555]: [_bot.py]: _do_post: 643:       DEBUG:    [Calling Bot API endpoint `getMe` with parameters `{}`]
[2025-04-06 11:38:32,559]: [_trace.py]: atrace: 87:       DEBUG:    [connect_tcp.started host='api.telegram.org' port=443 local_address=None timeout=5.0 socket_options=None]
[2025-04-06 11:38:32,739]: [_trace.py]: atrace: 87:       DEBUG:    [connect_tcp.complete return_value=<httpcore._backends.anyio.AnyIOStream object at 0x7f085d66b8c0>]
[2025-04-06 11:38:32,739]: [_trace.py]: atrace: 87:       DEBUG:    [start_tls.started ssl_context=<ssl.SSLContext object at 0x7f085dfa42d0> server_hostname='api.telegram.org' timeout=5.0]
[2025-04-06 11:38:32,855]: [_trace.py]: atrace: 87:       DEBUG:    [start_tls.complete return_value=<httpcore._backends.anyio.AnyIOStream object at 0x7f085d66ba70>]
[2025-04-06 11:38:32,856]: [_trace.py]: atrace: 87:       DEBUG:    [send_request_headers.started request=<Request [b'POST']>]
[2025-04-06 11:38:32,856]: [_trace.py]: atrace: 87:       DEBUG:    [send_request_headers.complete]
[2025-04-06 11:38:32,856]: [_trace.py]: atrace: 87:       DEBUG:    [send_request_body.started request=<Request [b'POST']>]
[2025-04-06 11:38:32,856]: [_trace.py]: atrace: 87:       DEBUG:    [send_request_body.complete]
[2025-04-06 11:38:32,856]: [_trace.py]: atrace: 87:       DEBUG:    [receive_response_headers.started request=<Request [b'POST']>]
[2025-04-06 11:38:33,005]: [_trace.py]: atrace: 87:       DEBUG:    [receive_response_headers.complete return_value=(b'HTTP/1.1', 200, b'OK', [(b'Server', b'nginx/1.18.0'), (b'Date', b'Sun, 06 Apr 2025 11:38:32 GMT'), (b'Content-Type', b'application/json'), (b'Content-Length', b'258'), (b'Connection', b'keep-alive'), (b'Strict-Transport-Security', b'max-age=31536000; includeSubDomains; preload'), (b'Access-Control-Allow-Origin', b'*'), (b'Access-Control-Allow-Methods', b'GET, POST, OPTIONS'), (b'Access-Control-Expose-Headers', b'Content-Length,Content-Type,Date,Server,Connection')])]
[2025-04-06 11:38:33,005]: [_client.py]: _send_single_request: 1740:       INFO:    [HTTP Request: POST https://api.telegram.org/bot6030805959:AAGUHAMxLYc-PrevgKouJ3ZyM7ktu56ftjo/getMe "HTTP/1.1 200 OK"]
[2025-04-06 11:38:33,006]: [_trace.py]: atrace: 87:       DEBUG:    [receive_response_body.started request=<Request [b'POST']>]
[2025-04-06 11:38:33,006]: [_trace.py]: atrace: 87:       DEBUG:    [receive_response_body.complete]
[2025-04-06 11:38:33,006]: [_trace.py]: atrace: 87:       DEBUG:    [response_closed.started]
[2025-04-06 11:38:33,006]: [_trace.py]: atrace: 87:       DEBUG:    [response_closed.complete]
[2025-04-06 11:38:33,006]: [_bot.py]: _do_post: 652:       DEBUG:    [Call to Bot API endpoint `getMe` finished with return value `{'id': 6030805959, 'is_bot': True, 'first_name': 'TyPHoone', 'username': 'TyPHoone_Project_bot', 'can_join_groups': True, 'can_read_all_group_messages': False, 'supports_inline_queries': False, 'can_connect_to_business': False, 'has_main_web_app': False}`]
[2025-04-06 11:38:33,009]: [_bot.py]: _do_post: 643:       DEBUG:    [Calling Bot API endpoint `sendDocument` with parameters `{'chat_id': '-4119703192', 'document': <telegram._files.inputfile.InputFile object at 0x7f085d5219c0>}`]
[2025-04-06 11:38:33,009]: [_trace.py]: atrace: 87:       DEBUG:    [send_request_headers.started request=<Request [b'POST']>]
[2025-04-06 11:38:33,009]: [_trace.py]: atrace: 87:       DEBUG:    [send_request_headers.complete]
[2025-04-06 11:38:33,009]: [_trace.py]: atrace: 87:       DEBUG:    [send_request_body.started request=<Request [b'POST']>]
[2025-04-06 11:38:33,010]: [_trace.py]: atrace: 87:       DEBUG:    [send_request_body.complete]
[2025-04-06 11:38:33,010]: [_trace.py]: atrace: 87:       DEBUG:    [receive_response_headers.started request=<Request [b'POST']>]
[2025-04-06 11:38:33,293]: [_trace.py]: atrace: 87:       DEBUG:    [receive_response_headers.complete return_value=(b'HTTP/1.1', 200, b'OK', [(b'Server', b'nginx/1.18.0'), (b'Date', b'Sun, 06 Apr 2025 11:38:33 GMT'), (b'Content-Type', b'application/json'), (b'Content-Length', b'464'), (b'Connection', b'keep-alive'), (b'Strict-Transport-Security', b'max-age=31536000; includeSubDomains; preload'), (b'Access-Control-Allow-Origin', b'*'), (b'Access-Control-Allow-Methods', b'GET, POST, OPTIONS'), (b'Access-Control-Expose-Headers', b'Content-Length,Content-Type,Date,Server,Connection')])]
[2025-04-06 11:38:33,293]: [_client.py]: _send_single_request: 1740:       INFO:    [HTTP Request: POST https://api.telegram.org/bot6030805959:AAGUHAMxLYc-PrevgKouJ3ZyM7ktu56ftjo/sendDocument "HTTP/1.1 200 OK"]
[2025-04-06 11:38:33,293]: [_trace.py]: atrace: 87:       DEBUG:    [receive_response_body.started request=<Request [b'POST']>]
[2025-04-06 11:38:33,293]: [_trace.py]: atrace: 87:       DEBUG:    [receive_response_body.complete]
[2025-04-06 11:38:33,293]: [_trace.py]: atrace: 87:       DEBUG:    [response_closed.started]
[2025-04-06 11:38:33,293]: [_trace.py]: atrace: 87:       DEBUG:    [response_closed.complete]
[2025-04-06 11:38:33,293]: [_bot.py]: _do_post: 652:       DEBUG:    [Call to Bot API endpoint `sendDocument` finished with return value `{'message_id': 2277, 'from': {'id': 6030805959, 'is_bot': True, 'first_name': 'TyPHoone', 'username': 'TyPHoone_Project_bot'}, 'chat': {'id': -4119703192, 'title': 'Robocop', 'type': 'group', 'all_members_are_administrators': True}, 'date': 1743939513, 'document': {'file_name': '(2025_04_06--11_38).log', 'mime_type': 'text/plain', 'file_id': 'BQACAgQAAxkDAAII5WfyZ7lbgcJeGxFgm-cRRKIESftfAALJFQACAySYUxcYLd1UwONXNgQ', 'file_unique_id': 'AgADyRUAAgMkmFM', 'file_size': 5937}}`]
[2025-04-06 11:38:33,294]: [_trace.py]: atrace: 87:       DEBUG:    [close.started]
[2025-04-06 11:38:33,294]: [_trace.py]: atrace: 87:       DEBUG:    [close.complete]
[2025-04-06 11:38:33,337]: [_bot.py]: _do_post: 643:       DEBUG:    [Calling Bot API endpoint `getMe` with parameters `{}`]
[2025-04-06 11:38:33,338]: [_trace.py]: atrace: 87:       DEBUG:    [connect_tcp.started host='api.telegram.org' port=443 local_address=None timeout=5.0 socket_options=None]
[2025-04-06 11:38:33,454]: [_trace.py]: atrace: 87:       DEBUG:    [connect_tcp.complete return_value=<httpcore._backends.anyio.AnyIOStream object at 0x7f085d561f40>]
[2025-04-06 11:38:33,454]: [_trace.py]: atrace: 87:       DEBUG:    [start_tls.started ssl_context=<ssl.SSLContext object at 0x7f085df3fbd0> server_hostname='api.telegram.org' timeout=5.0]
[2025-04-06 11:38:33,573]: [_trace.py]: atrace: 87:       DEBUG:    [start_tls.complete return_value=<httpcore._backends.anyio.AnyIOStream object at 0x7f085d6abe00>]
[2025-04-06 11:38:33,573]: [_trace.py]: atrace: 87:       DEBUG:    [send_request_headers.started request=<Request [b'POST']>]
[2025-04-06 11:38:33,574]: [_trace.py]: atrace: 87:       DEBUG:    [send_request_headers.complete]
[2025-04-06 11:38:33,574]: [_trace.py]: atrace: 87:       DEBUG:    [send_request_body.started request=<Request [b'POST']>]
[2025-04-06 11:38:33,574]: [_trace.py]: atrace: 87:       DEBUG:    [send_request_body.complete]
[2025-04-06 11:38:33,574]: [_trace.py]: atrace: 87:       DEBUG:    [receive_response_headers.started request=<Request [b'POST']>]
[2025-04-06 11:38:33,689]: [_trace.py]: atrace: 87:       DEBUG:    [receive_response_headers.complete return_value=(b'HTTP/1.1', 200, b'OK', [(b'Server', b'nginx/1.18.0'), (b'Date', b'Sun, 06 Apr 2025 11:38:33 GMT'), (b'Content-Type', b'application/json'), (b'Content-Length', b'258'), (b'Connection', b'keep-alive'), (b'Strict-Transport-Security', b'max-age=31536000; includeSubDomains; preload'), (b'Access-Control-Allow-Origin', b'*'), (b'Access-Control-Allow-Methods', b'GET, POST, OPTIONS'), (b'Access-Control-Expose-Headers', b'Content-Length,Content-Type,Date,Server,Connection')])]
[2025-04-06 11:38:33,689]: [_client.py]: _send_single_request: 1740:       INFO:    [HTTP Request: POST https://api.telegram.org/bot6030805959:AAGUHAMxLYc-PrevgKouJ3ZyM7ktu56ftjo/getMe "HTTP/1.1 200 OK"]
[2025-04-06 11:38:33,689]: [_trace.py]: atrace: 87:       DEBUG:    [receive_response_body.started request=<Request [b'POST']>]
[2025-04-06 11:38:33,689]: [_trace.py]: atrace: 87:       DEBUG:    [receive_response_body.complete]
[2025-04-06 11:38:33,689]: [_trace.py]: atrace: 87:       DEBUG:    [response_closed.started]
[2025-04-06 11:38:33,689]: [_trace.py]: atrace: 87:       DEBUG:    [response_closed.complete]
[2025-04-06 11:38:33,689]: [_bot.py]: _do_post: 652:       DEBUG:    [Call to Bot API endpoint `getMe` finished with return value `{'id': 6030805959, 'is_bot': True, 'first_name': 'TyPHoone', 'username': 'TyPHoone_Project_bot', 'can_join_groups': True, 'can_read_all_group_messages': False, 'supports_inline_queries': False, 'can_connect_to_business': False, 'has_main_web_app': False}`]
[2025-04-06 11:38:33,692]: [_bot.py]: _do_post: 643:       DEBUG:    [Calling Bot API endpoint `sendDocument` with parameters `{'chat_id': '-4119703192', 'document': <telegram._files.inputfile.InputFile object at 0x7f085df9f8c0>}`]
[2025-04-06 11:38:33,692]: [_trace.py]: atrace: 87:       DEBUG:    [send_request_headers.started request=<Request [b'POST']>]
[2025-04-06 11:38:33,692]: [_trace.py]: atrace: 87:       DEBUG:    [send_request_headers.complete]
[2025-04-06 11:38:33,692]: [_trace.py]: atrace: 87:       DEBUG:    [send_request_body.started request=<Request [b'POST']>]
[2025-04-06 11:38:34,777]: [_trace.py]: atrace: 87:       DEBUG:    [send_request_body.complete]
[2025-04-06 11:38:34,777]: [_trace.py]: atrace: 87:       DEBUG:    [receive_response_headers.started request=<Request [b'POST']>]
[2025-04-06 11:38:35,520]: [_trace.py]: atrace: 87:       DEBUG:    [receive_response_headers.complete return_value=(b'HTTP/1.1', 200, b'OK', [(b'Server', b'nginx/1.18.0'), (b'Date', b'Sun, 06 Apr 2025 11:38:35 GMT'), (b'Content-Type', b'application/json'), (b'Content-Length', b'478'), (b'Connection', b'keep-alive'), (b'Strict-Transport-Security', b'max-age=31536000; includeSubDomains; preload'), (b'Access-Control-Allow-Origin', b'*'), (b'Access-Control-Allow-Methods', b'GET, POST, OPTIONS'), (b'Access-Control-Expose-Headers', b'Content-Length,Content-Type,Date,Server,Connection')])]
[2025-04-06 11:38:35,520]: [_client.py]: _send_single_request: 1740:       INFO:    [HTTP Request: POST https://api.telegram.org/bot6030805959:AAGUHAMxLYc-PrevgKouJ3ZyM7ktu56ftjo/sendDocument "HTTP/1.1 200 OK"]
[2025-04-06 11:38:35,520]: [_trace.py]: atrace: 87:       DEBUG:    [receive_response_body.started request=<Request [b'POST']>]
[2025-04-06 11:38:35,520]: [_trace.py]: atrace: 87:       DEBUG:    [receive_response_body.complete]
[2025-04-06 11:38:35,520]: [_trace.py]: atrace: 87:       DEBUG:    [response_closed.started]
[2025-04-06 11:38:35,520]: [_trace.py]: atrace: 87:       DEBUG:    [response_closed.complete]
[2025-04-06 11:38:35,520]: [_bot.py]: _do_post: 652:       DEBUG:    [Call to Bot API endpoint `sendDocument` finished with return value `{'message_id': 2278, 'from': {'id': 6030805959, 'is_bot': True, 'first_name': 'TyPHoone', 'username': 'TyPHoone_Project_bot'}, 'chat': {'id': -4119703192, 'title': 'Robocop', 'type': 'group', 'all_members_are_administrators': True}, 'date': 1743939515, 'document': {'file_name': '(2025_04_06--11_38)output.zip', 'mime_type': 'application/zip', 'file_id': 'BQACAgQAAxkDAAII5mfyZ7viEkQ4nhZUgv81smDsdvpcAALKFQACAySYU4y1gQhC5Z2jNgQ', 'file_unique_id': 'AgADyhUAAgMkmFM', 'file_size': 9787415}}`]
[2025-04-06 11:38:35,521]: [_trace.py]: atrace: 87:       DEBUG:    [close.started]
[2025-04-06 11:38:35,521]: [_trace.py]: atrace: 87:       DEBUG:    [close.complete]
[2025-04-06 11:38:35,521]: [Telegram_Sender.py]: runner: 61:       INFO:    [sent successfully]
[2025-04-06 11:38:35,522]: [Main.py]: <module>: 48:       INFO:    [Finished]
