[2025-08-19 11:39:58,193]: [Main.py]: <module>: 21:       INFO:    [Started]
[2025-08-19 11:40:08,230]: [Iron_Scraper.py]: Scrap: 30:       CRITICAL:    [Scrapping Faild]
[2025-08-19 11:40:08,230]: [Iron_Scraper.py]: Scrap: 68:       CRITICAL:    [Something Went Wrong About Scraped Data]
[2025-08-19 11:40:08,230]: [Iron_Scraper.py]: Scrap: 81:       CRITICAL:    [Saving Data Failed]
[2025-08-19 11:40:08,230]: [Iron.py]: Run: 26:       INFO:    [Scraping Phase Completed]
[2025-08-19 11:40:08,231]: [Iron_Data_Processor.py]: Data_Reader: 61:       INFO:    [Data File Has Been Red Successfully]
[2025-08-19 11:40:08,231]: [Iron_Data_Processor.py]: Shaper: 78:       INFO:    [Data Shaped]
[2025-08-19 11:40:08,231]: [Iron_Data_Processor.py]: Process: 228:       INFO:    [Data Cleaned]
[2025-08-19 11:40:08,231]: [Iron_Data_Processor.py]: Make_Pages_Objects: 101:       INFO:    [Page Objects Has Been Made]
[2025-08-19 11:40:08,231]: [Iron_Data_Processor.py]: Make_Pages_Objects: 101:       INFO:    [Page Objects Has Been Made]
[2025-08-19 11:40:08,231]: [Iron_Data_Processor.py]: Load_Data: 118:       INFO:    [Data Has Been Load]
[2025-08-19 11:40:08,231]: [Iron_Data_Processor.py]: Load_Data: 118:       INFO:    [Data Has Been Load]
[2025-08-19 11:40:08,231]: [Iron_Data_Processor.py]: Load_positions: 140:       INFO:    [Positions Are Ready]
[2025-08-19 11:40:08,231]: [Iron_Data_Processor.py]: Load_positions: 140:       INFO:    [Positions Are Ready]
[2025-08-19 11:40:09,315]: [Iron_Data_Processor.py]: Make_Tagged_Images: 193:       INFO:    [Images Has Been Made]
[2025-08-19 11:40:10,214]: [Iron_Data_Processor.py]: Make_Tagged_Images: 193:       INFO:    [Images Has Been Made]
[2025-08-19 11:40:10,469]: [Iron_Data_Processor.py]: Make_Cover_Page: 215:       INFO:    [Made Cover Pages]
[2025-08-19 11:40:10,469]: [Iron.py]: Run: 29:       INFO:    [Imagination Phase Completed]
[2025-08-19 11:40:14,726]: [Phone_Scraper.py]: Scrap: 58:       INFO:    [Data Scraped]
[2025-08-19 11:40:14,726]: [Phone_Scraper.py]: Scrap: 71:       INFO:    [Scraped Data Successfully]
[2025-08-19 11:40:14,726]: [Phone.py]: Run: 26:       INFO:    [Scraping Phase Complete]
[2025-08-19 11:40:14,727]: [Phone_Data_Processor.py]: data_reader: 38:       INFO:    [Scraped Data Loaded]
[2025-08-19 11:40:14,728]: [Phone_Data_Processor.py]: filter_list: 65:       INFO:    [Persian Phrases Are deleted]
[2025-08-19 11:40:14,728]: [Phone_Data_Processor.py]: reshape_list: 87:       INFO:    [Date Reshaped]
[2025-08-19 11:40:14,728]: [Phone_Data_Processor.py]: separate_brands: 124:       INFO:    [Brands Are Separated]
[2025-08-19 11:40:14,729]: [Phone_Data_Processor.py]: delete_extra_spaces: 141:       INFO:    [Extra Spaces Are Deleted]
[2025-08-19 11:40:15,615]: [Phone.py]: Run: 29:       INFO:    [Imagination Phase Complete]
[2025-08-19 11:40:15,615]: [selector_events.py]: __init__: 64:       DEBUG:    [Using selector: EpollSelector]
[2025-08-19 11:40:15,893]: [_bot.py]: _do_post: 643:       DEBUG:    [Calling Bot API endpoint `getMe` with parameters `{}`]
[2025-08-19 11:40:15,898]: [_trace.py]: atrace: 87:       DEBUG:    [connect_tcp.started host='api.telegram.org' port=443 local_address=None timeout=5.0 socket_options=None]
[2025-08-19 11:40:16,182]: [_trace.py]: atrace: 87:       DEBUG:    [connect_tcp.complete return_value=<httpcore._backends.anyio.AnyIOStream object at 0x7f8359f7e570>]
[2025-08-19 11:40:16,182]: [_trace.py]: atrace: 87:       DEBUG:    [start_tls.started ssl_context=<ssl.SSLContext object at 0x7f835a5b5c50> server_hostname='api.telegram.org' timeout=5.0]
[2025-08-19 11:40:16,333]: [_trace.py]: atrace: 87:       DEBUG:    [start_tls.complete return_value=<httpcore._backends.anyio.AnyIOStream object at 0x7f8359f4b830>]
[2025-08-19 11:40:16,334]: [_trace.py]: atrace: 87:       DEBUG:    [send_request_headers.started request=<Request [b'POST']>]
[2025-08-19 11:40:16,334]: [_trace.py]: atrace: 87:       DEBUG:    [send_request_headers.complete]
[2025-08-19 11:40:16,334]: [_trace.py]: atrace: 87:       DEBUG:    [send_request_body.started request=<Request [b'POST']>]
[2025-08-19 11:40:16,334]: [_trace.py]: atrace: 87:       DEBUG:    [send_request_body.complete]
[2025-08-19 11:40:16,334]: [_trace.py]: atrace: 87:       DEBUG:    [receive_response_headers.started request=<Request [b'POST']>]
[2025-08-19 11:40:16,484]: [_trace.py]: atrace: 87:       DEBUG:    [receive_response_headers.complete return_value=(b'HTTP/1.1', 200, b'OK', [(b'Server', b'nginx/1.18.0'), (b'Date', b'Tue, 19 Aug 2025 11:40:16 GMT'), (b'Content-Type', b'application/json'), (b'Content-Length', b'258'), (b'Connection', b'keep-alive'), (b'Strict-Transport-Security', b'max-age=31536000; includeSubDomains; preload'), (b'Access-Control-Allow-Origin', b'*'), (b'Access-Control-Allow-Methods', b'GET, POST, OPTIONS'), (b'Access-Control-Expose-Headers', b'Content-Length,Content-Type,Date,Server,Connection')])]
[2025-08-19 11:40:16,484]: [_client.py]: _send_single_request: 1740:       INFO:    [HTTP Request: POST https://api.telegram.org/bot6030805959:AAGUHAMxLYc-PrevgKouJ3ZyM7ktu56ftjo/getMe "HTTP/1.1 200 OK"]
[2025-08-19 11:40:16,484]: [_trace.py]: atrace: 87:       DEBUG:    [receive_response_body.started request=<Request [b'POST']>]
[2025-08-19 11:40:16,484]: [_trace.py]: atrace: 87:       DEBUG:    [receive_response_body.complete]
[2025-08-19 11:40:16,484]: [_trace.py]: atrace: 87:       DEBUG:    [response_closed.started]
[2025-08-19 11:40:16,484]: [_trace.py]: atrace: 87:       DEBUG:    [response_closed.complete]
[2025-08-19 11:40:16,484]: [_bot.py]: _do_post: 652:       DEBUG:    [Call to Bot API endpoint `getMe` finished with return value `{'id': 6030805959, 'is_bot': True, 'first_name': 'TyPHoone', 'username': 'TyPHoone_Project_bot', 'can_join_groups': True, 'can_read_all_group_messages': False, 'supports_inline_queries': False, 'can_connect_to_business': False, 'has_main_web_app': False}`]
[2025-08-19 11:40:16,487]: [_bot.py]: _do_post: 643:       DEBUG:    [Calling Bot API endpoint `sendDocument` with parameters `{'chat_id': '-4119703192', 'document': <telegram._files.inputfile.InputFile object at 0x7f8359f1d400>}`]
[2025-08-19 11:40:16,488]: [_trace.py]: atrace: 87:       DEBUG:    [send_request_headers.started request=<Request [b'POST']>]
[2025-08-19 11:40:16,488]: [_trace.py]: atrace: 87:       DEBUG:    [send_request_headers.complete]
[2025-08-19 11:40:16,488]: [_trace.py]: atrace: 87:       DEBUG:    [send_request_body.started request=<Request [b'POST']>]
[2025-08-19 11:40:16,489]: [_trace.py]: atrace: 87:       DEBUG:    [send_request_body.complete]
[2025-08-19 11:40:16,489]: [_trace.py]: atrace: 87:       DEBUG:    [receive_response_headers.started request=<Request [b'POST']>]
[2025-08-19 11:40:16,682]: [_trace.py]: atrace: 87:       DEBUG:    [receive_response_headers.complete return_value=(b'HTTP/1.1', 200, b'OK', [(b'Server', b'nginx/1.18.0'), (b'Date', b'Tue, 19 Aug 2025 11:40:16 GMT'), (b'Content-Type', b'application/json'), (b'Content-Length', b'586'), (b'Connection', b'keep-alive'), (b'Strict-Transport-Security', b'max-age=31536000; includeSubDomains; preload'), (b'Access-Control-Allow-Origin', b'*'), (b'Access-Control-Allow-Methods', b'GET, POST, OPTIONS'), (b'Access-Control-Expose-Headers', b'Content-Length,Content-Type,Date,Server,Connection')])]
[2025-08-19 11:40:16,683]: [_client.py]: _send_single_request: 1740:       INFO:    [HTTP Request: POST https://api.telegram.org/bot6030805959:AAGUHAMxLYc-PrevgKouJ3ZyM7ktu56ftjo/sendDocument "HTTP/1.1 200 OK"]
[2025-08-19 11:40:16,683]: [_trace.py]: atrace: 87:       DEBUG:    [receive_response_body.started request=<Request [b'POST']>]
[2025-08-19 11:40:16,683]: [_trace.py]: atrace: 87:       DEBUG:    [receive_response_body.complete]
[2025-08-19 11:40:16,683]: [_trace.py]: atrace: 87:       DEBUG:    [response_closed.started]
[2025-08-19 11:40:16,683]: [_trace.py]: atrace: 87:       DEBUG:    [response_closed.complete]
[2025-08-19 11:40:16,683]: [_bot.py]: _do_post: 652:       DEBUG:    [Call to Bot API endpoint `sendDocument` finished with return value `{'message_id': 2551, 'from': {'id': 6030805959, 'is_bot': True, 'first_name': 'TyPHoone', 'username': 'TyPHoone_Project_bot'}, 'chat': {'id': -4119703192, 'title': 'Robocop', 'type': 'group', 'all_members_are_administrators': True, 'accepted_gift_types': {'unlimited_gifts': False, 'limited_gifts': False, 'unique_gifts': False, 'premium_subscription': False}}, 'date': 1755603616, 'document': {'file_name': '(2025_08_19--11_39).log', 'mime_type': 'text/plain', 'file_id': 'BQACAgQAAxkDAAIJ92ikYqBYP5GUdUVUQsUrlL6YU1V0AAKWGwACvgABKVFOAzAkkjAVNjYE', 'file_unique_id': 'AgADlhsAAr4AASlR', 'file_size': 5944}}`]
[2025-08-19 11:40:16,684]: [_trace.py]: atrace: 87:       DEBUG:    [close.started]
[2025-08-19 11:40:16,684]: [_trace.py]: atrace: 87:       DEBUG:    [close.complete]
[2025-08-19 11:40:16,727]: [_bot.py]: _do_post: 643:       DEBUG:    [Calling Bot API endpoint `getMe` with parameters `{}`]
[2025-08-19 11:40:16,727]: [_trace.py]: atrace: 87:       DEBUG:    [connect_tcp.started host='api.telegram.org' port=443 local_address=None timeout=5.0 socket_options=None]
[2025-08-19 11:40:16,876]: [_trace.py]: atrace: 87:       DEBUG:    [connect_tcp.complete return_value=<httpcore._backends.anyio.AnyIOStream object at 0x7f835a004350>]
[2025-08-19 11:40:16,876]: [_trace.py]: atrace: 87:       DEBUG:    [start_tls.started ssl_context=<ssl.SSLContext object at 0x7f835a5b5b50> server_hostname='api.telegram.org' timeout=5.0]
[2025-08-19 11:40:17,026]: [_trace.py]: atrace: 87:       DEBUG:    [start_tls.complete return_value=<httpcore._backends.anyio.AnyIOStream object at 0x7f8359f2eed0>]
[2025-08-19 11:40:17,026]: [_trace.py]: atrace: 87:       DEBUG:    [send_request_headers.started request=<Request [b'POST']>]
[2025-08-19 11:40:17,026]: [_trace.py]: atrace: 87:       DEBUG:    [send_request_headers.complete]
[2025-08-19 11:40:17,026]: [_trace.py]: atrace: 87:       DEBUG:    [send_request_body.started request=<Request [b'POST']>]
[2025-08-19 11:40:17,026]: [_trace.py]: atrace: 87:       DEBUG:    [send_request_body.complete]
[2025-08-19 11:40:17,026]: [_trace.py]: atrace: 87:       DEBUG:    [receive_response_headers.started request=<Request [b'POST']>]
[2025-08-19 11:40:17,176]: [_trace.py]: atrace: 87:       DEBUG:    [receive_response_headers.complete return_value=(b'HTTP/1.1', 200, b'OK', [(b'Server', b'nginx/1.18.0'), (b'Date', b'Tue, 19 Aug 2025 11:40:17 GMT'), (b'Content-Type', b'application/json'), (b'Content-Length', b'258'), (b'Connection', b'keep-alive'), (b'Strict-Transport-Security', b'max-age=31536000; includeSubDomains; preload'), (b'Access-Control-Allow-Origin', b'*'), (b'Access-Control-Allow-Methods', b'GET, POST, OPTIONS'), (b'Access-Control-Expose-Headers', b'Content-Length,Content-Type,Date,Server,Connection')])]
[2025-08-19 11:40:17,176]: [_client.py]: _send_single_request: 1740:       INFO:    [HTTP Request: POST https://api.telegram.org/bot6030805959:AAGUHAMxLYc-PrevgKouJ3ZyM7ktu56ftjo/getMe "HTTP/1.1 200 OK"]
[2025-08-19 11:40:17,176]: [_trace.py]: atrace: 87:       DEBUG:    [receive_response_body.started request=<Request [b'POST']>]
[2025-08-19 11:40:17,177]: [_trace.py]: atrace: 87:       DEBUG:    [receive_response_body.complete]
[2025-08-19 11:40:17,177]: [_trace.py]: atrace: 87:       DEBUG:    [response_closed.started]
[2025-08-19 11:40:17,177]: [_trace.py]: atrace: 87:       DEBUG:    [response_closed.complete]
[2025-08-19 11:40:17,177]: [_bot.py]: _do_post: 652:       DEBUG:    [Call to Bot API endpoint `getMe` finished with return value `{'id': 6030805959, 'is_bot': True, 'first_name': 'TyPHoone', 'username': 'TyPHoone_Project_bot', 'can_join_groups': True, 'can_read_all_group_messages': False, 'supports_inline_queries': False, 'can_connect_to_business': False, 'has_main_web_app': False}`]
[2025-08-19 11:40:17,179]: [_bot.py]: _do_post: 643:       DEBUG:    [Calling Bot API endpoint `sendDocument` with parameters `{'chat_id': '-4119703192', 'document': <telegram._files.inputfile.InputFile object at 0x7f835a5d2300>}`]
[2025-08-19 11:40:17,180]: [_trace.py]: atrace: 87:       DEBUG:    [send_request_headers.started request=<Request [b'POST']>]
[2025-08-19 11:40:17,180]: [_trace.py]: atrace: 87:       DEBUG:    [send_request_headers.complete]
[2025-08-19 11:40:17,180]: [_trace.py]: atrace: 87:       DEBUG:    [send_request_body.started request=<Request [b'POST']>]
[2025-08-19 11:40:18,653]: [_trace.py]: atrace: 87:       DEBUG:    [send_request_body.complete]
[2025-08-19 11:40:18,653]: [_trace.py]: atrace: 87:       DEBUG:    [receive_response_headers.started request=<Request [b'POST']>]
[2025-08-19 11:40:19,347]: [_trace.py]: atrace: 87:       DEBUG:    [receive_response_headers.complete return_value=(b'HTTP/1.1', 200, b'OK', [(b'Server', b'nginx/1.18.0'), (b'Date', b'Tue, 19 Aug 2025 11:40:19 GMT'), (b'Content-Type', b'application/json'), (b'Content-Length', b'601'), (b'Connection', b'keep-alive'), (b'Strict-Transport-Security', b'max-age=31536000; includeSubDomains; preload'), (b'Access-Control-Allow-Origin', b'*'), (b'Access-Control-Allow-Methods', b'GET, POST, OPTIONS'), (b'Access-Control-Expose-Headers', b'Content-Length,Content-Type,Date,Server,Connection')])]
[2025-08-19 11:40:19,347]: [_client.py]: _send_single_request: 1740:       INFO:    [HTTP Request: POST https://api.telegram.org/bot6030805959:AAGUHAMxLYc-PrevgKouJ3ZyM7ktu56ftjo/sendDocument "HTTP/1.1 200 OK"]
[2025-08-19 11:40:19,347]: [_trace.py]: atrace: 87:       DEBUG:    [receive_response_body.started request=<Request [b'POST']>]
[2025-08-19 11:40:19,348]: [_trace.py]: atrace: 87:       DEBUG:    [receive_response_body.complete]
[2025-08-19 11:40:19,348]: [_trace.py]: atrace: 87:       DEBUG:    [response_closed.started]
[2025-08-19 11:40:19,348]: [_trace.py]: atrace: 87:       DEBUG:    [response_closed.complete]
[2025-08-19 11:40:19,348]: [_bot.py]: _do_post: 652:       DEBUG:    [Call to Bot API endpoint `sendDocument` finished with return value `{'message_id': 2552, 'from': {'id': 6030805959, 'is_bot': True, 'first_name': 'TyPHoone', 'username': 'TyPHoone_Project_bot'}, 'chat': {'id': -4119703192, 'title': 'Robocop', 'type': 'group', 'all_members_are_administrators': True, 'accepted_gift_types': {'unlimited_gifts': False, 'limited_gifts': False, 'unique_gifts': False, 'premium_subscription': False}}, 'date': 1755603619, 'document': {'file_name': '(2025_08_19--11_39)output.zip', 'mime_type': 'application/zip', 'file_id': 'BQACAgQAAxkDAAIJ-GikYqIi4mnKPNplVAua1_BqvCTFAAKXGwACvgABKVF2VcBTOJgYqzYE', 'file_unique_id': 'AgADlxsAAr4AASlR', 'file_size': 10219307}}`]
[2025-08-19 11:40:19,348]: [_trace.py]: atrace: 87:       DEBUG:    [close.started]
[2025-08-19 11:40:19,348]: [_trace.py]: atrace: 87:       DEBUG:    [close.complete]
[2025-08-19 11:40:19,348]: [Telegram_Sender.py]: runner: 61:       INFO:    [sent successfully]
[2025-08-19 11:40:19,349]: [Main.py]: <module>: 48:       INFO:    [Finished]
