[2024-11-27 11:39:52,088]: [Main.py]: <module>: 21:       INFO:    [Started]
[2024-11-27 11:39:53,779]: [Iron_Scraper.py]: Scrap: 32:       INFO:    [Data Scaraped Successfully]
[2024-11-27 11:39:53,831]: [Iron_Scraper.py]: Scrap: 70:       INFO:    [Scrapped Data Has No Problem]
[2024-11-27 11:39:53,831]: [Iron_Scraper.py]: Scrap: 83:       INFO:    [Data Saved Successfully]
[2024-11-27 11:39:53,831]: [Iron.py]: Run: 26:       INFO:    [Scraping Phase Completed]
[2024-11-27 11:39:53,832]: [Iron_Data_Processor.py]: Data_Reader: 61:       INFO:    [Data File Has Been Red Successfully]
[2024-11-27 11:39:53,832]: [Iron_Data_Processor.py]: Shaper: 78:       INFO:    [Data Shaped]
[2024-11-27 11:39:53,832]: [Iron_Data_Processor.py]: Process: 228:       INFO:    [Data Cleaned]
[2024-11-27 11:39:53,832]: [Iron_Data_Processor.py]: Make_Pages_Objects: 101:       INFO:    [Page Objects Has Been Made]
[2024-11-27 11:39:53,832]: [Iron_Data_Processor.py]: Make_Pages_Objects: 101:       INFO:    [Page Objects Has Been Made]
[2024-11-27 11:39:53,832]: [Iron_Data_Processor.py]: Load_Data: 118:       INFO:    [Data Has Been Load]
[2024-11-27 11:39:53,832]: [Iron_Data_Processor.py]: Load_Data: 118:       INFO:    [Data Has Been Load]
[2024-11-27 11:39:53,832]: [Iron_Data_Processor.py]: Load_positions: 140:       INFO:    [Positions Are Ready]
[2024-11-27 11:39:53,832]: [Iron_Data_Processor.py]: Load_positions: 140:       INFO:    [Positions Are Ready]
[2024-11-27 11:39:54,919]: [Iron_Data_Processor.py]: Make_Tagged_Images: 193:       INFO:    [Images Has Been Made]
[2024-11-27 11:39:55,841]: [Iron_Data_Processor.py]: Make_Tagged_Images: 193:       INFO:    [Images Has Been Made]
[2024-11-27 11:39:56,102]: [Iron_Data_Processor.py]: Make_Cover_Page: 215:       INFO:    [Made Cover Pages]
[2024-11-27 11:39:56,102]: [Iron.py]: Run: 29:       INFO:    [Imagination Phase Completed]
[2024-11-27 11:39:59,859]: [Phone_Scraper.py]: Scrap: 58:       INFO:    [Data Scraped]
[2024-11-27 11:39:59,859]: [Phone_Scraper.py]: Scrap: 71:       INFO:    [Scraped Data Successfully]
[2024-11-27 11:39:59,860]: [Phone.py]: Run: 26:       INFO:    [Scraping Phase Complete]
[2024-11-27 11:39:59,860]: [Phone_Data_Processor.py]: data_reader: 38:       INFO:    [Scraped Data Loaded]
[2024-11-27 11:39:59,861]: [Phone_Data_Processor.py]: filter_list: 65:       INFO:    [Persian Phrases Are deleted]
[2024-11-27 11:39:59,862]: [Phone_Data_Processor.py]: reshape_list: 87:       INFO:    [Date Reshaped]
[2024-11-27 11:39:59,862]: [Phone_Data_Processor.py]: separate_brands: 124:       INFO:    [Brands Are Separated]
[2024-11-27 11:39:59,862]: [Phone_Data_Processor.py]: delete_extra_spaces: 141:       INFO:    [Extra Spaces Are Deleted]
[2024-11-27 11:40:00,647]: [Phone.py]: Run: 29:       INFO:    [Imagination Phase Complete]
[2024-11-27 11:40:00,647]: [selector_events.py]: __init__: 64:       DEBUG:    [Using selector: EpollSelector]
[2024-11-27 11:40:00,975]: [_bot.py]: _do_post: 643:       DEBUG:    [Calling Bot API endpoint `getMe` with parameters `{}`]
[2024-11-27 11:40:00,979]: [_trace.py]: atrace: 87:       DEBUG:    [connect_tcp.started host='api.telegram.org' port=443 local_address=None timeout=5.0 socket_options=None]
[2024-11-27 11:40:01,116]: [_trace.py]: atrace: 87:       DEBUG:    [connect_tcp.complete return_value=<httpcore._backends.anyio.AnyIOStream object at 0x7f5dc5a30cb0>]
[2024-11-27 11:40:01,116]: [_trace.py]: atrace: 87:       DEBUG:    [start_tls.started ssl_context=<ssl.SSLContext object at 0x7f5dc6243bd0> server_hostname='api.telegram.org' timeout=5.0]
[2024-11-27 11:40:01,227]: [_trace.py]: atrace: 87:       DEBUG:    [start_tls.complete return_value=<httpcore._backends.anyio.AnyIOStream object at 0x7f5dc6588200>]
[2024-11-27 11:40:01,227]: [_trace.py]: atrace: 87:       DEBUG:    [send_request_headers.started request=<Request [b'POST']>]
[2024-11-27 11:40:01,227]: [_trace.py]: atrace: 87:       DEBUG:    [send_request_headers.complete]
[2024-11-27 11:40:01,228]: [_trace.py]: atrace: 87:       DEBUG:    [send_request_body.started request=<Request [b'POST']>]
[2024-11-27 11:40:01,228]: [_trace.py]: atrace: 87:       DEBUG:    [send_request_body.complete]
[2024-11-27 11:40:01,228]: [_trace.py]: atrace: 87:       DEBUG:    [receive_response_headers.started request=<Request [b'POST']>]
[2024-11-27 11:40:01,338]: [_trace.py]: atrace: 87:       DEBUG:    [receive_response_headers.complete return_value=(b'HTTP/1.1', 200, b'OK', [(b'Server', b'nginx/1.18.0'), (b'Date', b'Wed, 27 Nov 2024 11:40:01 GMT'), (b'Content-Type', b'application/json'), (b'Content-Length', b'258'), (b'Connection', b'keep-alive'), (b'Strict-Transport-Security', b'max-age=31536000; includeSubDomains; preload'), (b'Access-Control-Allow-Origin', b'*'), (b'Access-Control-Allow-Methods', b'GET, POST, OPTIONS'), (b'Access-Control-Expose-Headers', b'Content-Length,Content-Type,Date,Server,Connection')])]
[2024-11-27 11:40:01,338]: [_client.py]: _send_single_request: 1786:       INFO:    [HTTP Request: POST https://api.telegram.org/bot6030805959:AAGUHAMxLYc-PrevgKouJ3ZyM7ktu56ftjo/getMe "HTTP/1.1 200 OK"]
[2024-11-27 11:40:01,338]: [_trace.py]: atrace: 87:       DEBUG:    [receive_response_body.started request=<Request [b'POST']>]
[2024-11-27 11:40:01,338]: [_trace.py]: atrace: 87:       DEBUG:    [receive_response_body.complete]
[2024-11-27 11:40:01,338]: [_trace.py]: atrace: 87:       DEBUG:    [response_closed.started]
[2024-11-27 11:40:01,338]: [_trace.py]: atrace: 87:       DEBUG:    [response_closed.complete]
[2024-11-27 11:40:01,338]: [_bot.py]: _do_post: 652:       DEBUG:    [Call to Bot API endpoint `getMe` finished with return value `{'id': 6030805959, 'is_bot': True, 'first_name': 'TyPHoone', 'username': 'TyPHoone_Project_bot', 'can_join_groups': True, 'can_read_all_group_messages': False, 'supports_inline_queries': False, 'can_connect_to_business': False, 'has_main_web_app': False}`]
[2024-11-27 11:40:01,342]: [_bot.py]: _do_post: 643:       DEBUG:    [Calling Bot API endpoint `sendDocument` with parameters `{'chat_id': '-4119703192', 'document': <telegram._files.inputfile.InputFile object at 0x7f5dc5c035c0>}`]
[2024-11-27 11:40:01,342]: [_trace.py]: atrace: 87:       DEBUG:    [send_request_headers.started request=<Request [b'POST']>]
[2024-11-27 11:40:01,343]: [_trace.py]: atrace: 87:       DEBUG:    [send_request_headers.complete]
[2024-11-27 11:40:01,343]: [_trace.py]: atrace: 87:       DEBUG:    [send_request_body.started request=<Request [b'POST']>]
[2024-11-27 11:40:01,343]: [_trace.py]: atrace: 87:       DEBUG:    [send_request_body.complete]
[2024-11-27 11:40:01,343]: [_trace.py]: atrace: 87:       DEBUG:    [receive_response_headers.started request=<Request [b'POST']>]
[2024-11-27 11:40:01,586]: [_trace.py]: atrace: 87:       DEBUG:    [receive_response_headers.complete return_value=(b'HTTP/1.1', 200, b'OK', [(b'Server', b'nginx/1.18.0'), (b'Date', b'Wed, 27 Nov 2024 11:40:01 GMT'), (b'Content-Type', b'application/json'), (b'Content-Length', b'464'), (b'Connection', b'keep-alive'), (b'Strict-Transport-Security', b'max-age=31536000; includeSubDomains; preload'), (b'Access-Control-Allow-Origin', b'*'), (b'Access-Control-Allow-Methods', b'GET, POST, OPTIONS'), (b'Access-Control-Expose-Headers', b'Content-Length,Content-Type,Date,Server,Connection')])]
[2024-11-27 11:40:01,586]: [_client.py]: _send_single_request: 1786:       INFO:    [HTTP Request: POST https://api.telegram.org/bot6030805959:AAGUHAMxLYc-PrevgKouJ3ZyM7ktu56ftjo/sendDocument "HTTP/1.1 200 OK"]
[2024-11-27 11:40:01,586]: [_trace.py]: atrace: 87:       DEBUG:    [receive_response_body.started request=<Request [b'POST']>]
[2024-11-27 11:40:01,587]: [_trace.py]: atrace: 87:       DEBUG:    [receive_response_body.complete]
[2024-11-27 11:40:01,587]: [_trace.py]: atrace: 87:       DEBUG:    [response_closed.started]
[2024-11-27 11:40:01,587]: [_trace.py]: atrace: 87:       DEBUG:    [response_closed.complete]
[2024-11-27 11:40:01,587]: [_bot.py]: _do_post: 652:       DEBUG:    [Call to Bot API endpoint `sendDocument` finished with return value `{'message_id': 2014, 'from': {'id': 6030805959, 'is_bot': True, 'first_name': 'TyPHoone', 'username': 'TyPHoone_Project_bot'}, 'chat': {'id': -4119703192, 'title': 'Robocop', 'type': 'group', 'all_members_are_administrators': True}, 'date': 1732707601, 'document': {'file_name': '(2024_11_27--11_39).log', 'mime_type': 'text/plain', 'file_id': 'BQACAgQAAxkDAAIH3mdHBRFSGkH3cj6x9IZ6zoQqfjQWAAImFgACglI4Un3xeDDageglNgQ', 'file_unique_id': 'AgADJhYAAoJSOFI', 'file_size': 5937}}`]
[2024-11-27 11:40:01,587]: [_trace.py]: atrace: 87:       DEBUG:    [close.started]
[2024-11-27 11:40:01,588]: [_trace.py]: atrace: 87:       DEBUG:    [close.complete]
[2024-11-27 11:40:01,588]: [_config.py]: load_ssl_context: 82:       DEBUG:    [load_ssl_context verify=True cert=None trust_env=True http2=False]
[2024-11-27 11:40:01,588]: [_config.py]: load_ssl_context_verify: 148:       DEBUG:    [load_verify_locations cafile='/opt/hostedtoolcache/Python/3.12.7/x64/lib/python3.12/site-packages/certifi/cacert.pem']
[2024-11-27 11:40:01,616]: [_config.py]: load_ssl_context: 82:       DEBUG:    [load_ssl_context verify=True cert=None trust_env=True http2=False]
[2024-11-27 11:40:01,617]: [_config.py]: load_ssl_context_verify: 148:       DEBUG:    [load_verify_locations cafile='/opt/hostedtoolcache/Python/3.12.7/x64/lib/python3.12/site-packages/certifi/cacert.pem']
[2024-11-27 11:40:01,645]: [_bot.py]: _do_post: 643:       DEBUG:    [Calling Bot API endpoint `getMe` with parameters `{}`]
[2024-11-27 11:40:01,645]: [_trace.py]: atrace: 87:       DEBUG:    [connect_tcp.started host='api.telegram.org' port=443 local_address=None timeout=5.0 socket_options=None]
[2024-11-27 11:40:01,751]: [_trace.py]: atrace: 87:       DEBUG:    [connect_tcp.complete return_value=<httpcore._backends.anyio.AnyIOStream object at 0x7f5dc5ab0110>]
[2024-11-27 11:40:01,751]: [_trace.py]: atrace: 87:       DEBUG:    [start_tls.started ssl_context=<ssl.SSLContext object at 0x7f5dc62439d0> server_hostname='api.telegram.org' timeout=5.0]
[2024-11-27 11:40:01,857]: [_trace.py]: atrace: 87:       DEBUG:    [start_tls.complete return_value=<httpcore._backends.anyio.AnyIOStream object at 0x7f5dc5aa3d70>]
[2024-11-27 11:40:01,857]: [_trace.py]: atrace: 87:       DEBUG:    [send_request_headers.started request=<Request [b'POST']>]
[2024-11-27 11:40:01,857]: [_trace.py]: atrace: 87:       DEBUG:    [send_request_headers.complete]
[2024-11-27 11:40:01,857]: [_trace.py]: atrace: 87:       DEBUG:    [send_request_body.started request=<Request [b'POST']>]
[2024-11-27 11:40:01,857]: [_trace.py]: atrace: 87:       DEBUG:    [send_request_body.complete]
[2024-11-27 11:40:01,857]: [_trace.py]: atrace: 87:       DEBUG:    [receive_response_headers.started request=<Request [b'POST']>]
[2024-11-27 11:40:01,962]: [_trace.py]: atrace: 87:       DEBUG:    [receive_response_headers.complete return_value=(b'HTTP/1.1', 200, b'OK', [(b'Server', b'nginx/1.18.0'), (b'Date', b'Wed, 27 Nov 2024 11:40:01 GMT'), (b'Content-Type', b'application/json'), (b'Content-Length', b'258'), (b'Connection', b'keep-alive'), (b'Strict-Transport-Security', b'max-age=31536000; includeSubDomains; preload'), (b'Access-Control-Allow-Origin', b'*'), (b'Access-Control-Allow-Methods', b'GET, POST, OPTIONS'), (b'Access-Control-Expose-Headers', b'Content-Length,Content-Type,Date,Server,Connection')])]
[2024-11-27 11:40:01,962]: [_client.py]: _send_single_request: 1786:       INFO:    [HTTP Request: POST https://api.telegram.org/bot6030805959:AAGUHAMxLYc-PrevgKouJ3ZyM7ktu56ftjo/getMe "HTTP/1.1 200 OK"]
[2024-11-27 11:40:01,962]: [_trace.py]: atrace: 87:       DEBUG:    [receive_response_body.started request=<Request [b'POST']>]
[2024-11-27 11:40:01,962]: [_trace.py]: atrace: 87:       DEBUG:    [receive_response_body.complete]
[2024-11-27 11:40:01,963]: [_trace.py]: atrace: 87:       DEBUG:    [response_closed.started]
[2024-11-27 11:40:01,963]: [_trace.py]: atrace: 87:       DEBUG:    [response_closed.complete]
[2024-11-27 11:40:01,963]: [_bot.py]: _do_post: 652:       DEBUG:    [Call to Bot API endpoint `getMe` finished with return value `{'id': 6030805959, 'is_bot': True, 'first_name': 'TyPHoone', 'username': 'TyPHoone_Project_bot', 'can_join_groups': True, 'can_read_all_group_messages': False, 'supports_inline_queries': False, 'can_connect_to_business': False, 'has_main_web_app': False}`]
[2024-11-27 11:40:01,965]: [_bot.py]: _do_post: 643:       DEBUG:    [Calling Bot API endpoint `sendDocument` with parameters `{'chat_id': '-4119703192', 'document': <telegram._files.inputfile.InputFile object at 0x7f5dc62701c0>}`]
[2024-11-27 11:40:01,966]: [_trace.py]: atrace: 87:       DEBUG:    [send_request_headers.started request=<Request [b'POST']>]
[2024-11-27 11:40:01,966]: [_trace.py]: atrace: 87:       DEBUG:    [send_request_headers.complete]
[2024-11-27 11:40:01,966]: [_trace.py]: atrace: 87:       DEBUG:    [send_request_body.started request=<Request [b'POST']>]
[2024-11-27 11:40:03,006]: [_trace.py]: atrace: 87:       DEBUG:    [send_request_body.complete]
[2024-11-27 11:40:03,006]: [_trace.py]: atrace: 87:       DEBUG:    [receive_response_headers.started request=<Request [b'POST']>]
[2024-11-27 11:40:03,588]: [_trace.py]: atrace: 87:       DEBUG:    [receive_response_headers.complete return_value=(b'HTTP/1.1', 200, b'OK', [(b'Server', b'nginx/1.18.0'), (b'Date', b'Wed, 27 Nov 2024 11:40:03 GMT'), (b'Content-Type', b'application/json'), (b'Content-Length', b'478'), (b'Connection', b'keep-alive'), (b'Strict-Transport-Security', b'max-age=31536000; includeSubDomains; preload'), (b'Access-Control-Allow-Origin', b'*'), (b'Access-Control-Allow-Methods', b'GET, POST, OPTIONS'), (b'Access-Control-Expose-Headers', b'Content-Length,Content-Type,Date,Server,Connection')])]
[2024-11-27 11:40:03,588]: [_client.py]: _send_single_request: 1786:       INFO:    [HTTP Request: POST https://api.telegram.org/bot6030805959:AAGUHAMxLYc-PrevgKouJ3ZyM7ktu56ftjo/sendDocument "HTTP/1.1 200 OK"]
[2024-11-27 11:40:03,589]: [_trace.py]: atrace: 87:       DEBUG:    [receive_response_body.started request=<Request [b'POST']>]
[2024-11-27 11:40:03,589]: [_trace.py]: atrace: 87:       DEBUG:    [receive_response_body.complete]
[2024-11-27 11:40:03,589]: [_trace.py]: atrace: 87:       DEBUG:    [response_closed.started]
[2024-11-27 11:40:03,589]: [_trace.py]: atrace: 87:       DEBUG:    [response_closed.complete]
[2024-11-27 11:40:03,589]: [_bot.py]: _do_post: 652:       DEBUG:    [Call to Bot API endpoint `sendDocument` finished with return value `{'message_id': 2015, 'from': {'id': 6030805959, 'is_bot': True, 'first_name': 'TyPHoone', 'username': 'TyPHoone_Project_bot'}, 'chat': {'id': -4119703192, 'title': 'Robocop', 'type': 'group', 'all_members_are_administrators': True}, 'date': 1732707603, 'document': {'file_name': '(2024_11_27--11_39)output.zip', 'mime_type': 'application/zip', 'file_id': 'BQACAgQAAxkDAAIH32dHBRPAKf4sLVdmx6gzzM17y6BLAAInFgACglI4UveXJaD3H3W2NgQ', 'file_unique_id': 'AgADJxYAAoJSOFI', 'file_size': 9944361}}`]
[2024-11-27 11:40:03,589]: [_trace.py]: atrace: 87:       DEBUG:    [close.started]
[2024-11-27 11:40:03,590]: [_trace.py]: atrace: 87:       DEBUG:    [close.complete]
[2024-11-27 11:40:03,590]: [Telegram_Sender.py]: runner: 61:       INFO:    [sent successfully]
[2024-11-27 11:40:03,590]: [Main.py]: <module>: 48:       INFO:    [Finished]
