[2026-01-03 11:41:12,503]: [Main.py]: <module>: 21:       INFO:    [Started]
[2026-01-03 11:41:14,590]: [Iron_Scraper.py]: Scrap: 32:       INFO:    [Data Scaraped Successfully]
[2026-01-03 11:41:14,764]: [Iron_Scraper.py]: Scrap: 70:       INFO:    [Scrapped Data Has No Problem]
[2026-01-03 11:41:14,764]: [Iron_Scraper.py]: Scrap: 83:       INFO:    [Data Saved Successfully]
[2026-01-03 11:41:14,764]: [Iron.py]: Run: 26:       INFO:    [Scraping Phase Completed]
[2026-01-03 11:41:14,764]: [Iron_Data_Processor.py]: Data_Reader: 61:       INFO:    [Data File Has Been Red Successfully]
[2026-01-03 11:41:14,764]: [Iron_Data_Processor.py]: Shaper: 78:       INFO:    [Data Shaped]
[2026-01-03 11:41:14,765]: [Iron_Data_Processor.py]: Process: 228:       INFO:    [Data Cleaned]
[2026-01-03 11:41:14,765]: [Iron_Data_Processor.py]: Make_Pages_Objects: 101:       INFO:    [Page Objects Has Been Made]
[2026-01-03 11:41:14,765]: [Iron_Data_Processor.py]: Make_Pages_Objects: 101:       INFO:    [Page Objects Has Been Made]
[2026-01-03 11:41:14,765]: [Iron_Data_Processor.py]: Load_Data: 118:       INFO:    [Data Has Been Load]
[2026-01-03 11:41:14,765]: [Iron_Data_Processor.py]: Load_Data: 118:       INFO:    [Data Has Been Load]
[2026-01-03 11:41:14,765]: [Iron_Data_Processor.py]: Load_positions: 140:       INFO:    [Positions Are Ready]
[2026-01-03 11:41:14,765]: [Iron_Data_Processor.py]: Load_positions: 140:       INFO:    [Positions Are Ready]
[2026-01-03 11:41:15,786]: [Iron_Data_Processor.py]: Make_Tagged_Images: 193:       INFO:    [Images Has Been Made]
[2026-01-03 11:41:16,657]: [Iron_Data_Processor.py]: Make_Tagged_Images: 193:       INFO:    [Images Has Been Made]
[2026-01-03 11:41:16,887]: [Iron_Data_Processor.py]: Make_Cover_Page: 215:       INFO:    [Made Cover Pages]
[2026-01-03 11:41:16,888]: [Iron.py]: Run: 29:       INFO:    [Imagination Phase Completed]
[2026-01-03 11:41:20,301]: [Phone_Scraper.py]: Scrap: 58:       INFO:    [Data Scraped]
[2026-01-03 11:41:20,302]: [Phone_Scraper.py]: Scrap: 71:       INFO:    [Scraped Data Successfully]
[2026-01-03 11:41:20,302]: [Phone.py]: Run: 26:       INFO:    [Scraping Phase Complete]
[2026-01-03 11:41:20,302]: [Phone_Data_Processor.py]: data_reader: 38:       INFO:    [Scraped Data Loaded]
[2026-01-03 11:41:20,303]: [Phone_Data_Processor.py]: filter_list: 65:       INFO:    [Persian Phrases Are deleted]
[2026-01-03 11:41:20,303]: [Phone_Data_Processor.py]: reshape_list: 87:       INFO:    [Date Reshaped]
[2026-01-03 11:41:20,303]: [Phone_Data_Processor.py]: separate_brands: 124:       INFO:    [Brands Are Separated]
[2026-01-03 11:41:20,304]: [Phone_Data_Processor.py]: delete_extra_spaces: 141:       INFO:    [Extra Spaces Are Deleted]
[2026-01-03 11:41:20,990]: [Phone.py]: Run: 29:       INFO:    [Imagination Phase Complete]
[2026-01-03 11:41:20,990]: [selector_events.py]: __init__: 64:       DEBUG:    [Using selector: EpollSelector]
[2026-01-03 11:41:21,266]: [_bot.py]: _do_post: 643:       DEBUG:    [Calling Bot API endpoint `getMe` with parameters `{}`]
[2026-01-03 11:41:21,270]: [_trace.py]: atrace: 87:       DEBUG:    [connect_tcp.started host='api.telegram.org' port=443 local_address=None timeout=5.0 socket_options=None]
[2026-01-03 11:41:21,476]: [_trace.py]: atrace: 87:       DEBUG:    [connect_tcp.complete return_value=<httpcore._backends.anyio.AnyIOStream object at 0x7f4d3e982060>]
[2026-01-03 11:41:21,476]: [_trace.py]: atrace: 87:       DEBUG:    [start_tls.started ssl_context=<ssl.SSLContext object at 0x7f4d3f3b1f50> server_hostname='api.telegram.org' timeout=5.0]
[2026-01-03 11:41:21,615]: [_trace.py]: atrace: 87:       DEBUG:    [start_tls.complete return_value=<httpcore._backends.anyio.AnyIOStream object at 0x7f4d400ebfe0>]
[2026-01-03 11:41:21,615]: [_trace.py]: atrace: 87:       DEBUG:    [send_request_headers.started request=<Request [b'POST']>]
[2026-01-03 11:41:21,615]: [_trace.py]: atrace: 87:       DEBUG:    [send_request_headers.complete]
[2026-01-03 11:41:21,615]: [_trace.py]: atrace: 87:       DEBUG:    [send_request_body.started request=<Request [b'POST']>]
[2026-01-03 11:41:21,616]: [_trace.py]: atrace: 87:       DEBUG:    [send_request_body.complete]
[2026-01-03 11:41:21,616]: [_trace.py]: atrace: 87:       DEBUG:    [receive_response_headers.started request=<Request [b'POST']>]
[2026-01-03 11:41:21,752]: [_trace.py]: atrace: 87:       DEBUG:    [receive_response_headers.complete return_value=(b'HTTP/1.1', 200, b'OK', [(b'Server', b'nginx/1.18.0'), (b'Date', b'Sat, 03 Jan 2026 11:41:21 GMT'), (b'Content-Type', b'application/json'), (b'Content-Length', b'285'), (b'Connection', b'keep-alive'), (b'Strict-Transport-Security', b'max-age=31536000; includeSubDomains; preload'), (b'Access-Control-Allow-Origin', b'*'), (b'Access-Control-Allow-Methods', b'GET, POST, OPTIONS'), (b'Access-Control-Expose-Headers', b'Content-Length,Content-Type,Date,Server,Connection')])]
[2026-01-03 11:41:21,752]: [_client.py]: _send_single_request: 1740:       INFO:    [HTTP Request: POST https://api.telegram.org/bot6030805959:AAGUHAMxLYc-PrevgKouJ3ZyM7ktu56ftjo/getMe "HTTP/1.1 200 OK"]
[2026-01-03 11:41:21,752]: [_trace.py]: atrace: 87:       DEBUG:    [receive_response_body.started request=<Request [b'POST']>]
[2026-01-03 11:41:21,752]: [_trace.py]: atrace: 87:       DEBUG:    [receive_response_body.complete]
[2026-01-03 11:41:21,753]: [_trace.py]: atrace: 87:       DEBUG:    [response_closed.started]
[2026-01-03 11:41:21,753]: [_trace.py]: atrace: 87:       DEBUG:    [response_closed.complete]
[2026-01-03 11:41:21,753]: [_bot.py]: _do_post: 652:       DEBUG:    [Call to Bot API endpoint `getMe` finished with return value `{'id': 6030805959, 'is_bot': True, 'first_name': 'TyPHoone', 'username': 'TyPHoone_Project_bot', 'can_join_groups': True, 'can_read_all_group_messages': False, 'supports_inline_queries': False, 'can_connect_to_business': False, 'has_main_web_app': False, 'has_topics_enabled': False}`]
[2026-01-03 11:41:21,756]: [_bot.py]: _do_post: 643:       DEBUG:    [Calling Bot API endpoint `sendDocument` with parameters `{'chat_id': '-4119703192', 'document': <telegram._files.inputfile.InputFile object at 0x7f4d3e9842c0>}`]
[2026-01-03 11:41:21,756]: [_trace.py]: atrace: 87:       DEBUG:    [send_request_headers.started request=<Request [b'POST']>]
[2026-01-03 11:41:21,757]: [_trace.py]: atrace: 87:       DEBUG:    [send_request_headers.complete]
[2026-01-03 11:41:21,757]: [_trace.py]: atrace: 87:       DEBUG:    [send_request_body.started request=<Request [b'POST']>]
[2026-01-03 11:41:21,757]: [_trace.py]: atrace: 87:       DEBUG:    [send_request_body.complete]
[2026-01-03 11:41:21,757]: [_trace.py]: atrace: 87:       DEBUG:    [receive_response_headers.started request=<Request [b'POST']>]
[2026-01-03 11:41:22,097]: [_trace.py]: atrace: 87:       DEBUG:    [receive_response_headers.complete return_value=(b'HTTP/1.1', 200, b'OK', [(b'Server', b'nginx/1.18.0'), (b'Date', b'Sat, 03 Jan 2026 11:41:22 GMT'), (b'Content-Type', b'application/json'), (b'Content-Length', b'613'), (b'Connection', b'keep-alive'), (b'Strict-Transport-Security', b'max-age=31536000; includeSubDomains; preload'), (b'Access-Control-Allow-Origin', b'*'), (b'Access-Control-Allow-Methods', b'GET, POST, OPTIONS'), (b'Access-Control-Expose-Headers', b'Content-Length,Content-Type,Date,Server,Connection')])]
[2026-01-03 11:41:22,098]: [_client.py]: _send_single_request: 1740:       INFO:    [HTTP Request: POST https://api.telegram.org/bot6030805959:AAGUHAMxLYc-PrevgKouJ3ZyM7ktu56ftjo/sendDocument "HTTP/1.1 200 OK"]
[2026-01-03 11:41:22,098]: [_trace.py]: atrace: 87:       DEBUG:    [receive_response_body.started request=<Request [b'POST']>]
[2026-01-03 11:41:22,098]: [_trace.py]: atrace: 87:       DEBUG:    [receive_response_body.complete]
[2026-01-03 11:41:22,098]: [_trace.py]: atrace: 87:       DEBUG:    [response_closed.started]
[2026-01-03 11:41:22,098]: [_trace.py]: atrace: 87:       DEBUG:    [response_closed.complete]
[2026-01-03 11:41:22,099]: [_bot.py]: _do_post: 652:       DEBUG:    [Call to Bot API endpoint `sendDocument` finished with return value `{'message_id': 2837, 'from': {'id': 6030805959, 'is_bot': True, 'first_name': 'TyPHoone', 'username': 'TyPHoone_Project_bot'}, 'chat': {'id': -4119703192, 'title': 'Robocop', 'type': 'group', 'all_members_are_administrators': True, 'accepted_gift_types': {'unlimited_gifts': False, 'limited_gifts': False, 'unique_gifts': False, 'premium_subscription': False, 'gifts_from_channels': False}}, 'date': 1767440482, 'document': {'file_name': '(2026_01_03--11_41).log', 'mime_type': 'text/plain', 'file_id': 'BQACAgQAAxkDAAILFWlZAAFhgh1FFZvBWBqs9YMHkX7VFwACPSUAArvhyFLYznhQjRkYfjgE', 'file_unique_id': 'AgADPSUAArvhyFI', 'file_size': 5966}}`]
[2026-01-03 11:41:22,100]: [_trace.py]: atrace: 87:       DEBUG:    [close.started]
[2026-01-03 11:41:22,100]: [_trace.py]: atrace: 87:       DEBUG:    [close.complete]
[2026-01-03 11:41:22,143]: [_bot.py]: _do_post: 643:       DEBUG:    [Calling Bot API endpoint `getMe` with parameters `{}`]
[2026-01-03 11:41:22,143]: [_trace.py]: atrace: 87:       DEBUG:    [connect_tcp.started host='api.telegram.org' port=443 local_address=None timeout=5.0 socket_options=None]
[2026-01-03 11:41:22,288]: [_trace.py]: atrace: 87:       DEBUG:    [connect_tcp.complete return_value=<httpcore._backends.anyio.AnyIOStream object at 0x7f4d3e9d7a40>]
[2026-01-03 11:41:22,288]: [_trace.py]: atrace: 87:       DEBUG:    [start_tls.started ssl_context=<ssl.SSLContext object at 0x7f4d3f3b1e50> server_hostname='api.telegram.org' timeout=5.0]
[2026-01-03 11:41:22,426]: [_trace.py]: atrace: 87:       DEBUG:    [start_tls.complete return_value=<httpcore._backends.anyio.AnyIOStream object at 0x7f4d3ee784d0>]
[2026-01-03 11:41:22,426]: [_trace.py]: atrace: 87:       DEBUG:    [send_request_headers.started request=<Request [b'POST']>]
[2026-01-03 11:41:22,426]: [_trace.py]: atrace: 87:       DEBUG:    [send_request_headers.complete]
[2026-01-03 11:41:22,426]: [_trace.py]: atrace: 87:       DEBUG:    [send_request_body.started request=<Request [b'POST']>]
[2026-01-03 11:41:22,426]: [_trace.py]: atrace: 87:       DEBUG:    [send_request_body.complete]
[2026-01-03 11:41:22,426]: [_trace.py]: atrace: 87:       DEBUG:    [receive_response_headers.started request=<Request [b'POST']>]
[2026-01-03 11:41:22,562]: [_trace.py]: atrace: 87:       DEBUG:    [receive_response_headers.complete return_value=(b'HTTP/1.1', 200, b'OK', [(b'Server', b'nginx/1.18.0'), (b'Date', b'Sat, 03 Jan 2026 11:41:22 GMT'), (b'Content-Type', b'application/json'), (b'Content-Length', b'285'), (b'Connection', b'keep-alive'), (b'Strict-Transport-Security', b'max-age=31536000; includeSubDomains; preload'), (b'Access-Control-Allow-Origin', b'*'), (b'Access-Control-Allow-Methods', b'GET, POST, OPTIONS'), (b'Access-Control-Expose-Headers', b'Content-Length,Content-Type,Date,Server,Connection')])]
[2026-01-03 11:41:22,562]: [_client.py]: _send_single_request: 1740:       INFO:    [HTTP Request: POST https://api.telegram.org/bot6030805959:AAGUHAMxLYc-PrevgKouJ3ZyM7ktu56ftjo/getMe "HTTP/1.1 200 OK"]
[2026-01-03 11:41:22,562]: [_trace.py]: atrace: 87:       DEBUG:    [receive_response_body.started request=<Request [b'POST']>]
[2026-01-03 11:41:22,563]: [_trace.py]: atrace: 87:       DEBUG:    [receive_response_body.complete]
[2026-01-03 11:41:22,563]: [_trace.py]: atrace: 87:       DEBUG:    [response_closed.started]
[2026-01-03 11:41:22,563]: [_trace.py]: atrace: 87:       DEBUG:    [response_closed.complete]
[2026-01-03 11:41:22,563]: [_bot.py]: _do_post: 652:       DEBUG:    [Call to Bot API endpoint `getMe` finished with return value `{'id': 6030805959, 'is_bot': True, 'first_name': 'TyPHoone', 'username': 'TyPHoone_Project_bot', 'can_join_groups': True, 'can_read_all_group_messages': False, 'supports_inline_queries': False, 'can_connect_to_business': False, 'has_main_web_app': False, 'has_topics_enabled': False}`]
[2026-01-03 11:41:22,567]: [_bot.py]: _do_post: 643:       DEBUG:    [Calling Bot API endpoint `sendDocument` with parameters `{'chat_id': '-4119703192', 'document': <telegram._files.inputfile.InputFile object at 0x7f4d3f3e8f80>}`]
[2026-01-03 11:41:22,568]: [_trace.py]: atrace: 87:       DEBUG:    [send_request_headers.started request=<Request [b'POST']>]
[2026-01-03 11:41:22,568]: [_trace.py]: atrace: 87:       DEBUG:    [send_request_headers.complete]
[2026-01-03 11:41:22,568]: [_trace.py]: atrace: 87:       DEBUG:    [send_request_body.started request=<Request [b'POST']>]
[2026-01-03 11:41:23,846]: [_trace.py]: atrace: 87:       DEBUG:    [send_request_body.complete]
[2026-01-03 11:41:23,847]: [_trace.py]: atrace: 87:       DEBUG:    [receive_response_headers.started request=<Request [b'POST']>]
[2026-01-03 11:41:24,912]: [_trace.py]: atrace: 87:       DEBUG:    [receive_response_headers.complete return_value=(b'HTTP/1.1', 200, b'OK', [(b'Server', b'nginx/1.18.0'), (b'Date', b'Sat, 03 Jan 2026 11:41:24 GMT'), (b'Content-Type', b'application/json'), (b'Content-Length', b'628'), (b'Connection', b'keep-alive'), (b'Strict-Transport-Security', b'max-age=31536000; includeSubDomains; preload'), (b'Access-Control-Allow-Origin', b'*'), (b'Access-Control-Allow-Methods', b'GET, POST, OPTIONS'), (b'Access-Control-Expose-Headers', b'Content-Length,Content-Type,Date,Server,Connection')])]
[2026-01-03 11:41:24,912]: [_client.py]: _send_single_request: 1740:       INFO:    [HTTP Request: POST https://api.telegram.org/bot6030805959:AAGUHAMxLYc-PrevgKouJ3ZyM7ktu56ftjo/sendDocument "HTTP/1.1 200 OK"]
[2026-01-03 11:41:24,912]: [_trace.py]: atrace: 87:       DEBUG:    [receive_response_body.started request=<Request [b'POST']>]
[2026-01-03 11:41:24,912]: [_trace.py]: atrace: 87:       DEBUG:    [receive_response_body.complete]
[2026-01-03 11:41:24,912]: [_trace.py]: atrace: 87:       DEBUG:    [response_closed.started]
[2026-01-03 11:41:24,913]: [_trace.py]: atrace: 87:       DEBUG:    [response_closed.complete]
[2026-01-03 11:41:24,913]: [_bot.py]: _do_post: 652:       DEBUG:    [Call to Bot API endpoint `sendDocument` finished with return value `{'message_id': 2838, 'from': {'id': 6030805959, 'is_bot': True, 'first_name': 'TyPHoone', 'username': 'TyPHoone_Project_bot'}, 'chat': {'id': -4119703192, 'title': 'Robocop', 'type': 'group', 'all_members_are_administrators': True, 'accepted_gift_types': {'unlimited_gifts': False, 'limited_gifts': False, 'unique_gifts': False, 'premium_subscription': False, 'gifts_from_channels': False}}, 'date': 1767440484, 'document': {'file_name': '(2026_01_03--11_41)output.zip', 'mime_type': 'application/zip', 'file_id': 'BQACAgQAAxkDAAILFmlZAAFkcKhvu0e2DcfD1xEgLQNzPQACPiUAArvhyFIWVp6M_53K1TgE', 'file_unique_id': 'AgADPiUAArvhyFI', 'file_size': 10038587}}`]
[2026-01-03 11:41:24,913]: [_trace.py]: atrace: 87:       DEBUG:    [close.started]
[2026-01-03 11:41:24,913]: [_trace.py]: atrace: 87:       DEBUG:    [close.complete]
[2026-01-03 11:41:24,914]: [Telegram_Sender.py]: runner: 61:       INFO:    [sent successfully]
[2026-01-03 11:41:24,914]: [Main.py]: <module>: 48:       INFO:    [Finished]
