[2025-09-26 11:39:22,022]: [Main.py]: <module>: 21:       INFO:    [Started]
[2025-09-26 11:39:28,334]: [Iron_Scraper.py]: Scrap: 32:       INFO:    [Data Scaraped Successfully]
[2025-09-26 11:39:28,531]: [Iron_Scraper.py]: Scrap: 70:       INFO:    [Scrapped Data Has No Problem]
[2025-09-26 11:39:28,531]: [Iron_Scraper.py]: Scrap: 83:       INFO:    [Data Saved Successfully]
[2025-09-26 11:39:28,531]: [Iron.py]: Run: 26:       INFO:    [Scraping Phase Completed]
[2025-09-26 11:39:28,532]: [Iron_Data_Processor.py]: Data_Reader: 61:       INFO:    [Data File Has Been Red Successfully]
[2025-09-26 11:39:28,532]: [Iron_Data_Processor.py]: Shaper: 78:       INFO:    [Data Shaped]
[2025-09-26 11:39:28,532]: [Iron_Data_Processor.py]: Process: 228:       INFO:    [Data Cleaned]
[2025-09-26 11:39:28,532]: [Iron_Data_Processor.py]: Make_Pages_Objects: 101:       INFO:    [Page Objects Has Been Made]
[2025-09-26 11:39:28,532]: [Iron_Data_Processor.py]: Make_Pages_Objects: 101:       INFO:    [Page Objects Has Been Made]
[2025-09-26 11:39:28,532]: [Iron_Data_Processor.py]: Load_Data: 118:       INFO:    [Data Has Been Load]
[2025-09-26 11:39:28,532]: [Iron_Data_Processor.py]: Load_Data: 118:       INFO:    [Data Has Been Load]
[2025-09-26 11:39:28,532]: [Iron_Data_Processor.py]: Load_positions: 140:       INFO:    [Positions Are Ready]
[2025-09-26 11:39:28,533]: [Iron_Data_Processor.py]: Load_positions: 140:       INFO:    [Positions Are Ready]
[2025-09-26 11:39:29,651]: [Iron_Data_Processor.py]: Make_Tagged_Images: 193:       INFO:    [Images Has Been Made]
[2025-09-26 11:39:30,592]: [Iron_Data_Processor.py]: Make_Tagged_Images: 193:       INFO:    [Images Has Been Made]
[2025-09-26 11:39:30,843]: [Iron_Data_Processor.py]: Make_Cover_Page: 215:       INFO:    [Made Cover Pages]
[2025-09-26 11:39:30,844]: [Iron.py]: Run: 29:       INFO:    [Imagination Phase Completed]
[2025-09-26 11:39:33,946]: [Phone_Scraper.py]: Scrap: 58:       INFO:    [Data Scraped]
[2025-09-26 11:39:33,947]: [Phone_Scraper.py]: Scrap: 71:       INFO:    [Scraped Data Successfully]
[2025-09-26 11:39:33,947]: [Phone.py]: Run: 26:       INFO:    [Scraping Phase Complete]
[2025-09-26 11:39:33,947]: [Phone_Data_Processor.py]: data_reader: 38:       INFO:    [Scraped Data Loaded]
[2025-09-26 11:39:33,948]: [Phone_Data_Processor.py]: filter_list: 65:       INFO:    [Persian Phrases Are deleted]
[2025-09-26 11:39:33,948]: [Phone_Data_Processor.py]: reshape_list: 87:       INFO:    [Date Reshaped]
[2025-09-26 11:39:33,949]: [Phone_Data_Processor.py]: separate_brands: 124:       INFO:    [Brands Are Separated]
[2025-09-26 11:39:33,949]: [Phone_Data_Processor.py]: delete_extra_spaces: 141:       INFO:    [Extra Spaces Are Deleted]
[2025-09-26 11:39:34,686]: [Phone.py]: Run: 29:       INFO:    [Imagination Phase Complete]
[2025-09-26 11:39:34,686]: [selector_events.py]: __init__: 64:       DEBUG:    [Using selector: EpollSelector]
[2025-09-26 11:39:34,964]: [_bot.py]: _do_post: 643:       DEBUG:    [Calling Bot API endpoint `getMe` with parameters `{}`]
[2025-09-26 11:39:34,969]: [_trace.py]: atrace: 87:       DEBUG:    [connect_tcp.started host='api.telegram.org' port=443 local_address=None timeout=5.0 socket_options=None]
[2025-09-26 11:39:35,207]: [_trace.py]: atrace: 87:       DEBUG:    [connect_tcp.complete return_value=<httpcore._backends.anyio.AnyIOStream object at 0x7f166a96e990>]
[2025-09-26 11:39:35,207]: [_trace.py]: atrace: 87:       DEBUG:    [start_tls.started ssl_context=<ssl.SSLContext object at 0x7f166b3a9dd0> server_hostname='api.telegram.org' timeout=5.0]
[2025-09-26 11:39:35,359]: [_trace.py]: atrace: 87:       DEBUG:    [start_tls.complete return_value=<httpcore._backends.anyio.AnyIOStream object at 0x7f166c0f7a40>]
[2025-09-26 11:39:35,360]: [_trace.py]: atrace: 87:       DEBUG:    [send_request_headers.started request=<Request [b'POST']>]
[2025-09-26 11:39:35,360]: [_trace.py]: atrace: 87:       DEBUG:    [send_request_headers.complete]
[2025-09-26 11:39:35,360]: [_trace.py]: atrace: 87:       DEBUG:    [send_request_body.started request=<Request [b'POST']>]
[2025-09-26 11:39:35,360]: [_trace.py]: atrace: 87:       DEBUG:    [send_request_body.complete]
[2025-09-26 11:39:35,360]: [_trace.py]: atrace: 87:       DEBUG:    [receive_response_headers.started request=<Request [b'POST']>]
[2025-09-26 11:39:35,510]: [_trace.py]: atrace: 87:       DEBUG:    [receive_response_headers.complete return_value=(b'HTTP/1.1', 200, b'OK', [(b'Server', b'nginx/1.18.0'), (b'Date', b'Fri, 26 Sep 2025 11:39:35 GMT'), (b'Content-Type', b'application/json'), (b'Content-Length', b'258'), (b'Connection', b'keep-alive'), (b'Strict-Transport-Security', b'max-age=31536000; includeSubDomains; preload'), (b'Access-Control-Allow-Origin', b'*'), (b'Access-Control-Allow-Methods', b'GET, POST, OPTIONS'), (b'Access-Control-Expose-Headers', b'Content-Length,Content-Type,Date,Server,Connection')])]
[2025-09-26 11:39:35,510]: [_client.py]: _send_single_request: 1740:       INFO:    [HTTP Request: POST https://api.telegram.org/bot6030805959:AAGUHAMxLYc-PrevgKouJ3ZyM7ktu56ftjo/getMe "HTTP/1.1 200 OK"]
[2025-09-26 11:39:35,510]: [_trace.py]: atrace: 87:       DEBUG:    [receive_response_body.started request=<Request [b'POST']>]
[2025-09-26 11:39:35,510]: [_trace.py]: atrace: 87:       DEBUG:    [receive_response_body.complete]
[2025-09-26 11:39:35,511]: [_trace.py]: atrace: 87:       DEBUG:    [response_closed.started]
[2025-09-26 11:39:35,511]: [_trace.py]: atrace: 87:       DEBUG:    [response_closed.complete]
[2025-09-26 11:39:35,511]: [_bot.py]: _do_post: 652:       DEBUG:    [Call to Bot API endpoint `getMe` finished with return value `{'id': 6030805959, 'is_bot': True, 'first_name': 'TyPHoone', 'username': 'TyPHoone_Project_bot', 'can_join_groups': True, 'can_read_all_group_messages': False, 'supports_inline_queries': False, 'can_connect_to_business': False, 'has_main_web_app': False}`]
[2025-09-26 11:39:35,514]: [_bot.py]: _do_post: 643:       DEBUG:    [Calling Bot API endpoint `sendDocument` with parameters `{'chat_id': '-4119703192', 'document': <telegram._files.inputfile.InputFile object at 0x7f166a9597c0>}`]
[2025-09-26 11:39:35,515]: [_trace.py]: atrace: 87:       DEBUG:    [send_request_headers.started request=<Request [b'POST']>]
[2025-09-26 11:39:35,515]: [_trace.py]: atrace: 87:       DEBUG:    [send_request_headers.complete]
[2025-09-26 11:39:35,515]: [_trace.py]: atrace: 87:       DEBUG:    [send_request_body.started request=<Request [b'POST']>]
[2025-09-26 11:39:35,516]: [_trace.py]: atrace: 87:       DEBUG:    [send_request_body.complete]
[2025-09-26 11:39:35,516]: [_trace.py]: atrace: 87:       DEBUG:    [receive_response_headers.started request=<Request [b'POST']>]
[2025-09-26 11:39:35,893]: [_trace.py]: atrace: 87:       DEBUG:    [receive_response_headers.complete return_value=(b'HTTP/1.1', 200, b'OK', [(b'Server', b'nginx/1.18.0'), (b'Date', b'Fri, 26 Sep 2025 11:39:35 GMT'), (b'Content-Type', b'application/json'), (b'Content-Length', b'584'), (b'Connection', b'keep-alive'), (b'Strict-Transport-Security', b'max-age=31536000; includeSubDomains; preload'), (b'Access-Control-Allow-Origin', b'*'), (b'Access-Control-Allow-Methods', b'GET, POST, OPTIONS'), (b'Access-Control-Expose-Headers', b'Content-Length,Content-Type,Date,Server,Connection')])]
[2025-09-26 11:39:35,894]: [_client.py]: _send_single_request: 1740:       INFO:    [HTTP Request: POST https://api.telegram.org/bot6030805959:AAGUHAMxLYc-PrevgKouJ3ZyM7ktu56ftjo/sendDocument "HTTP/1.1 200 OK"]
[2025-09-26 11:39:35,894]: [_trace.py]: atrace: 87:       DEBUG:    [receive_response_body.started request=<Request [b'POST']>]
[2025-09-26 11:39:35,894]: [_trace.py]: atrace: 87:       DEBUG:    [receive_response_body.complete]
[2025-09-26 11:39:35,894]: [_trace.py]: atrace: 87:       DEBUG:    [response_closed.started]
[2025-09-26 11:39:35,894]: [_trace.py]: atrace: 87:       DEBUG:    [response_closed.complete]
[2025-09-26 11:39:35,894]: [_bot.py]: _do_post: 652:       DEBUG:    [Call to Bot API endpoint `sendDocument` finished with return value `{'message_id': 2627, 'from': {'id': 6030805959, 'is_bot': True, 'first_name': 'TyPHoone', 'username': 'TyPHoone_Project_bot'}, 'chat': {'id': -4119703192, 'title': 'Robocop', 'type': 'group', 'all_members_are_administrators': True, 'accepted_gift_types': {'unlimited_gifts': False, 'limited_gifts': False, 'unique_gifts': False, 'premium_subscription': False}}, 'date': 1758886775, 'document': {'file_name': '(2025_09_26--11_39).log', 'mime_type': 'text/plain', 'file_id': 'BQACAgQAAxkDAAIKQ2jWe3dS0dhYVWl1dEpX-Osd31BJAAL3HwACC7iwUvXad-1Dj3rSNgQ', 'file_unique_id': 'AgAD9x8AAgu4sFI', 'file_size': 5937}}`]
[2025-09-26 11:39:35,895]: [_trace.py]: atrace: 87:       DEBUG:    [close.started]
[2025-09-26 11:39:35,895]: [_trace.py]: atrace: 87:       DEBUG:    [close.complete]
[2025-09-26 11:39:35,938]: [_bot.py]: _do_post: 643:       DEBUG:    [Calling Bot API endpoint `getMe` with parameters `{}`]
[2025-09-26 11:39:35,939]: [_trace.py]: atrace: 87:       DEBUG:    [connect_tcp.started host='api.telegram.org' port=443 local_address=None timeout=5.0 socket_options=None]
[2025-09-26 11:39:36,091]: [_trace.py]: atrace: 87:       DEBUG:    [connect_tcp.complete return_value=<httpcore._backends.anyio.AnyIOStream object at 0x7f166a9c2210>]
[2025-09-26 11:39:36,091]: [_trace.py]: atrace: 87:       DEBUG:    [start_tls.started ssl_context=<ssl.SSLContext object at 0x7f166b3a9cd0> server_hostname='api.telegram.org' timeout=5.0]
[2025-09-26 11:39:36,245]: [_trace.py]: atrace: 87:       DEBUG:    [start_tls.complete return_value=<httpcore._backends.anyio.AnyIOStream object at 0x7f166b52b9e0>]
[2025-09-26 11:39:36,245]: [_trace.py]: atrace: 87:       DEBUG:    [send_request_headers.started request=<Request [b'POST']>]
[2025-09-26 11:39:36,246]: [_trace.py]: atrace: 87:       DEBUG:    [send_request_headers.complete]
[2025-09-26 11:39:36,246]: [_trace.py]: atrace: 87:       DEBUG:    [send_request_body.started request=<Request [b'POST']>]
[2025-09-26 11:39:36,246]: [_trace.py]: atrace: 87:       DEBUG:    [send_request_body.complete]
[2025-09-26 11:39:36,246]: [_trace.py]: atrace: 87:       DEBUG:    [receive_response_headers.started request=<Request [b'POST']>]
[2025-09-26 11:39:36,399]: [_trace.py]: atrace: 87:       DEBUG:    [receive_response_headers.complete return_value=(b'HTTP/1.1', 200, b'OK', [(b'Server', b'nginx/1.18.0'), (b'Date', b'Fri, 26 Sep 2025 11:39:36 GMT'), (b'Content-Type', b'application/json'), (b'Content-Length', b'258'), (b'Connection', b'keep-alive'), (b'Strict-Transport-Security', b'max-age=31536000; includeSubDomains; preload'), (b'Access-Control-Allow-Origin', b'*'), (b'Access-Control-Allow-Methods', b'GET, POST, OPTIONS'), (b'Access-Control-Expose-Headers', b'Content-Length,Content-Type,Date,Server,Connection')])]
[2025-09-26 11:39:36,399]: [_client.py]: _send_single_request: 1740:       INFO:    [HTTP Request: POST https://api.telegram.org/bot6030805959:AAGUHAMxLYc-PrevgKouJ3ZyM7ktu56ftjo/getMe "HTTP/1.1 200 OK"]
[2025-09-26 11:39:36,399]: [_trace.py]: atrace: 87:       DEBUG:    [receive_response_body.started request=<Request [b'POST']>]
[2025-09-26 11:39:36,399]: [_trace.py]: atrace: 87:       DEBUG:    [receive_response_body.complete]
[2025-09-26 11:39:36,399]: [_trace.py]: atrace: 87:       DEBUG:    [response_closed.started]
[2025-09-26 11:39:36,399]: [_trace.py]: atrace: 87:       DEBUG:    [response_closed.complete]
[2025-09-26 11:39:36,399]: [_bot.py]: _do_post: 652:       DEBUG:    [Call to Bot API endpoint `getMe` finished with return value `{'id': 6030805959, 'is_bot': True, 'first_name': 'TyPHoone', 'username': 'TyPHoone_Project_bot', 'can_join_groups': True, 'can_read_all_group_messages': False, 'supports_inline_queries': False, 'can_connect_to_business': False, 'has_main_web_app': False}`]
[2025-09-26 11:39:36,401]: [_bot.py]: _do_post: 643:       DEBUG:    [Calling Bot API endpoint `sendDocument` with parameters `{'chat_id': '-4119703192', 'document': <telegram._files.inputfile.InputFile object at 0x7f166b3dcfc0>}`]
[2025-09-26 11:39:36,402]: [_trace.py]: atrace: 87:       DEBUG:    [send_request_headers.started request=<Request [b'POST']>]
[2025-09-26 11:39:36,402]: [_trace.py]: atrace: 87:       DEBUG:    [send_request_headers.complete]
[2025-09-26 11:39:36,402]: [_trace.py]: atrace: 87:       DEBUG:    [send_request_body.started request=<Request [b'POST']>]
[2025-09-26 11:39:37,772]: [_trace.py]: atrace: 87:       DEBUG:    [send_request_body.complete]
[2025-09-26 11:39:37,772]: [_trace.py]: atrace: 87:       DEBUG:    [receive_response_headers.started request=<Request [b'POST']>]
[2025-09-26 11:39:38,502]: [_trace.py]: atrace: 87:       DEBUG:    [receive_response_headers.complete return_value=(b'HTTP/1.1', 200, b'OK', [(b'Server', b'nginx/1.18.0'), (b'Date', b'Fri, 26 Sep 2025 11:39:38 GMT'), (b'Content-Type', b'application/json'), (b'Content-Length', b'599'), (b'Connection', b'keep-alive'), (b'Strict-Transport-Security', b'max-age=31536000; includeSubDomains; preload'), (b'Access-Control-Allow-Origin', b'*'), (b'Access-Control-Allow-Methods', b'GET, POST, OPTIONS'), (b'Access-Control-Expose-Headers', b'Content-Length,Content-Type,Date,Server,Connection')])]
[2025-09-26 11:39:38,502]: [_client.py]: _send_single_request: 1740:       INFO:    [HTTP Request: POST https://api.telegram.org/bot6030805959:AAGUHAMxLYc-PrevgKouJ3ZyM7ktu56ftjo/sendDocument "HTTP/1.1 200 OK"]
[2025-09-26 11:39:38,503]: [_trace.py]: atrace: 87:       DEBUG:    [receive_response_body.started request=<Request [b'POST']>]
[2025-09-26 11:39:38,503]: [_trace.py]: atrace: 87:       DEBUG:    [receive_response_body.complete]
[2025-09-26 11:39:38,503]: [_trace.py]: atrace: 87:       DEBUG:    [response_closed.started]
[2025-09-26 11:39:38,503]: [_trace.py]: atrace: 87:       DEBUG:    [response_closed.complete]
[2025-09-26 11:39:38,503]: [_bot.py]: _do_post: 652:       DEBUG:    [Call to Bot API endpoint `sendDocument` finished with return value `{'message_id': 2628, 'from': {'id': 6030805959, 'is_bot': True, 'first_name': 'TyPHoone', 'username': 'TyPHoone_Project_bot'}, 'chat': {'id': -4119703192, 'title': 'Robocop', 'type': 'group', 'all_members_are_administrators': True, 'accepted_gift_types': {'unlimited_gifts': False, 'limited_gifts': False, 'unique_gifts': False, 'premium_subscription': False}}, 'date': 1758886778, 'document': {'file_name': '(2025_09_26--11_39)output.zip', 'mime_type': 'application/zip', 'file_id': 'BQACAgQAAxkDAAIKRGjWe3pZg68K_FFFTx4UwNLI14qwAAL4HwACC7iwUvvvjPOvy9hNNgQ', 'file_unique_id': 'AgAD-B8AAgu4sFI', 'file_size': 10074131}}`]
[2025-09-26 11:39:38,504]: [_trace.py]: atrace: 87:       DEBUG:    [close.started]
[2025-09-26 11:39:38,504]: [_trace.py]: atrace: 87:       DEBUG:    [close.complete]
[2025-09-26 11:39:38,504]: [Telegram_Sender.py]: runner: 61:       INFO:    [sent successfully]
[2025-09-26 11:39:38,505]: [Main.py]: <module>: 48:       INFO:    [Finished]
