[2024-12-25 11:39:15,452]: [Main.py]: <module>: 21:       INFO:    [Started]
[2024-12-25 11:39:17,608]: [Iron_Scraper.py]: Scrap: 32:       INFO:    [Data Scaraped Successfully]
[2024-12-25 11:39:17,657]: [Iron_Scraper.py]: Scrap: 70:       INFO:    [Scrapped Data Has No Problem]
[2024-12-25 11:39:17,657]: [Iron_Scraper.py]: Scrap: 83:       INFO:    [Data Saved Successfully]
[2024-12-25 11:39:17,657]: [Iron.py]: Run: 26:       INFO:    [Scraping Phase Completed]
[2024-12-25 11:39:17,657]: [Iron_Data_Processor.py]: Data_Reader: 61:       INFO:    [Data File Has Been Red Successfully]
[2024-12-25 11:39:17,657]: [Iron_Data_Processor.py]: Shaper: 78:       INFO:    [Data Shaped]
[2024-12-25 11:39:17,657]: [Iron_Data_Processor.py]: Process: 228:       INFO:    [Data Cleaned]
[2024-12-25 11:39:17,657]: [Iron_Data_Processor.py]: Make_Pages_Objects: 101:       INFO:    [Page Objects Has Been Made]
[2024-12-25 11:39:17,657]: [Iron_Data_Processor.py]: Make_Pages_Objects: 101:       INFO:    [Page Objects Has Been Made]
[2024-12-25 11:39:17,657]: [Iron_Data_Processor.py]: Load_Data: 118:       INFO:    [Data Has Been Load]
[2024-12-25 11:39:17,657]: [Iron_Data_Processor.py]: Load_Data: 118:       INFO:    [Data Has Been Load]
[2024-12-25 11:39:17,658]: [Iron_Data_Processor.py]: Load_positions: 140:       INFO:    [Positions Are Ready]
[2024-12-25 11:39:17,658]: [Iron_Data_Processor.py]: Load_positions: 140:       INFO:    [Positions Are Ready]
[2024-12-25 11:39:18,718]: [Iron_Data_Processor.py]: Make_Tagged_Images: 193:       INFO:    [Images Has Been Made]
[2024-12-25 11:39:19,610]: [Iron_Data_Processor.py]: Make_Tagged_Images: 193:       INFO:    [Images Has Been Made]
[2024-12-25 11:39:19,862]: [Iron_Data_Processor.py]: Make_Cover_Page: 215:       INFO:    [Made Cover Pages]
[2024-12-25 11:39:19,863]: [Iron.py]: Run: 29:       INFO:    [Imagination Phase Completed]
[2024-12-25 11:39:23,526]: [Phone_Scraper.py]: Scrap: 58:       INFO:    [Data Scraped]
[2024-12-25 11:39:23,526]: [Phone_Scraper.py]: Scrap: 71:       INFO:    [Scraped Data Successfully]
[2024-12-25 11:39:23,526]: [Phone.py]: Run: 26:       INFO:    [Scraping Phase Complete]
[2024-12-25 11:39:23,527]: [Phone_Data_Processor.py]: data_reader: 38:       INFO:    [Scraped Data Loaded]
[2024-12-25 11:39:23,528]: [Phone_Data_Processor.py]: filter_list: 65:       INFO:    [Persian Phrases Are deleted]
[2024-12-25 11:39:23,528]: [Phone_Data_Processor.py]: reshape_list: 87:       INFO:    [Date Reshaped]
[2024-12-25 11:39:23,529]: [Phone_Data_Processor.py]: separate_brands: 124:       INFO:    [Brands Are Separated]
[2024-12-25 11:39:23,529]: [Phone_Data_Processor.py]: delete_extra_spaces: 141:       INFO:    [Extra Spaces Are Deleted]
[2024-12-25 11:39:24,289]: [Phone.py]: Run: 29:       INFO:    [Imagination Phase Complete]
[2024-12-25 11:39:24,289]: [selector_events.py]: __init__: 64:       DEBUG:    [Using selector: EpollSelector]
[2024-12-25 11:39:24,559]: [_bot.py]: _do_post: 643:       DEBUG:    [Calling Bot API endpoint `getMe` with parameters `{}`]
[2024-12-25 11:39:24,563]: [_trace.py]: atrace: 87:       DEBUG:    [connect_tcp.started host='api.telegram.org' port=443 local_address=None timeout=5.0 socket_options=None]
[2024-12-25 11:39:24,767]: [_trace.py]: atrace: 87:       DEBUG:    [connect_tcp.complete return_value=<httpcore._backends.anyio.AnyIOStream object at 0x7f6f7bae9130>]
[2024-12-25 11:39:24,767]: [_trace.py]: atrace: 87:       DEBUG:    [start_tls.started ssl_context=<ssl.SSLContext object at 0x7f6f7c10aa50> server_hostname='api.telegram.org' timeout=5.0]
[2024-12-25 11:39:24,918]: [_trace.py]: atrace: 87:       DEBUG:    [start_tls.complete return_value=<httpcore._backends.anyio.AnyIOStream object at 0x7f6f7bfcbb90>]
[2024-12-25 11:39:24,919]: [_trace.py]: atrace: 87:       DEBUG:    [send_request_headers.started request=<Request [b'POST']>]
[2024-12-25 11:39:24,919]: [_trace.py]: atrace: 87:       DEBUG:    [send_request_headers.complete]
[2024-12-25 11:39:24,919]: [_trace.py]: atrace: 87:       DEBUG:    [send_request_body.started request=<Request [b'POST']>]
[2024-12-25 11:39:24,919]: [_trace.py]: atrace: 87:       DEBUG:    [send_request_body.complete]
[2024-12-25 11:39:24,919]: [_trace.py]: atrace: 87:       DEBUG:    [receive_response_headers.started request=<Request [b'POST']>]
[2024-12-25 11:39:25,069]: [_trace.py]: atrace: 87:       DEBUG:    [receive_response_headers.complete return_value=(b'HTTP/1.1', 200, b'OK', [(b'Server', b'nginx/1.18.0'), (b'Date', b'Wed, 25 Dec 2024 11:39:24 GMT'), (b'Content-Type', b'application/json'), (b'Content-Length', b'258'), (b'Connection', b'keep-alive'), (b'Strict-Transport-Security', b'max-age=31536000; includeSubDomains; preload'), (b'Access-Control-Allow-Origin', b'*'), (b'Access-Control-Allow-Methods', b'GET, POST, OPTIONS'), (b'Access-Control-Expose-Headers', b'Content-Length,Content-Type,Date,Server,Connection')])]
[2024-12-25 11:39:25,069]: [_client.py]: _send_single_request: 1740:       INFO:    [HTTP Request: POST https://api.telegram.org/bot6030805959:AAGUHAMxLYc-PrevgKouJ3ZyM7ktu56ftjo/getMe "HTTP/1.1 200 OK"]
[2024-12-25 11:39:25,070]: [_trace.py]: atrace: 87:       DEBUG:    [receive_response_body.started request=<Request [b'POST']>]
[2024-12-25 11:39:25,070]: [_trace.py]: atrace: 87:       DEBUG:    [receive_response_body.complete]
[2024-12-25 11:39:25,070]: [_trace.py]: atrace: 87:       DEBUG:    [response_closed.started]
[2024-12-25 11:39:25,070]: [_trace.py]: atrace: 87:       DEBUG:    [response_closed.complete]
[2024-12-25 11:39:25,070]: [_bot.py]: _do_post: 652:       DEBUG:    [Call to Bot API endpoint `getMe` finished with return value `{'id': 6030805959, 'is_bot': True, 'first_name': 'TyPHoone', 'username': 'TyPHoone_Project_bot', 'can_join_groups': True, 'can_read_all_group_messages': False, 'supports_inline_queries': False, 'can_connect_to_business': False, 'has_main_web_app': False}`]
[2024-12-25 11:39:25,073]: [_bot.py]: _do_post: 643:       DEBUG:    [Calling Bot API endpoint `sendDocument` with parameters `{'chat_id': '-4119703192', 'document': <telegram._files.inputfile.InputFile object at 0x7f6f7b9584c0>}`]
[2024-12-25 11:39:25,073]: [_trace.py]: atrace: 87:       DEBUG:    [send_request_headers.started request=<Request [b'POST']>]
[2024-12-25 11:39:25,074]: [_trace.py]: atrace: 87:       DEBUG:    [send_request_headers.complete]
[2024-12-25 11:39:25,074]: [_trace.py]: atrace: 87:       DEBUG:    [send_request_body.started request=<Request [b'POST']>]
[2024-12-25 11:39:25,074]: [_trace.py]: atrace: 87:       DEBUG:    [send_request_body.complete]
[2024-12-25 11:39:25,074]: [_trace.py]: atrace: 87:       DEBUG:    [receive_response_headers.started request=<Request [b'POST']>]
[2024-12-25 11:39:25,399]: [_trace.py]: atrace: 87:       DEBUG:    [receive_response_headers.complete return_value=(b'HTTP/1.1', 200, b'OK', [(b'Server', b'nginx/1.18.0'), (b'Date', b'Wed, 25 Dec 2024 11:39:25 GMT'), (b'Content-Type', b'application/json'), (b'Content-Length', b'464'), (b'Connection', b'keep-alive'), (b'Strict-Transport-Security', b'max-age=31536000; includeSubDomains; preload'), (b'Access-Control-Allow-Origin', b'*'), (b'Access-Control-Allow-Methods', b'GET, POST, OPTIONS'), (b'Access-Control-Expose-Headers', b'Content-Length,Content-Type,Date,Server,Connection')])]
[2024-12-25 11:39:25,399]: [_client.py]: _send_single_request: 1740:       INFO:    [HTTP Request: POST https://api.telegram.org/bot6030805959:AAGUHAMxLYc-PrevgKouJ3ZyM7ktu56ftjo/sendDocument "HTTP/1.1 200 OK"]
[2024-12-25 11:39:25,399]: [_trace.py]: atrace: 87:       DEBUG:    [receive_response_body.started request=<Request [b'POST']>]
[2024-12-25 11:39:25,399]: [_trace.py]: atrace: 87:       DEBUG:    [receive_response_body.complete]
[2024-12-25 11:39:25,399]: [_trace.py]: atrace: 87:       DEBUG:    [response_closed.started]
[2024-12-25 11:39:25,399]: [_trace.py]: atrace: 87:       DEBUG:    [response_closed.complete]
[2024-12-25 11:39:25,399]: [_bot.py]: _do_post: 652:       DEBUG:    [Call to Bot API endpoint `sendDocument` finished with return value `{'message_id': 2071, 'from': {'id': 6030805959, 'is_bot': True, 'first_name': 'TyPHoone', 'username': 'TyPHoone_Project_bot'}, 'chat': {'id': -4119703192, 'title': 'Robocop', 'type': 'group', 'all_members_are_administrators': True}, 'date': 1735126765, 'document': {'file_name': '(2024_12_25--11_39).log', 'mime_type': 'text/plain', 'file_id': 'BQACAgQAAxkDAAIIF2dr7u2Snv1kFFD3nrwUGT9ThmEHAAKPFAACtG9gU_ROalrhae-xNgQ', 'file_unique_id': 'AgADjxQAArRvYFM', 'file_size': 5937}}`]
[2024-12-25 11:39:25,400]: [_trace.py]: atrace: 87:       DEBUG:    [close.started]
[2024-12-25 11:39:25,400]: [_trace.py]: atrace: 87:       DEBUG:    [close.complete]
[2024-12-25 11:39:25,444]: [_bot.py]: _do_post: 643:       DEBUG:    [Calling Bot API endpoint `getMe` with parameters `{}`]
[2024-12-25 11:39:25,444]: [_trace.py]: atrace: 87:       DEBUG:    [connect_tcp.started host='api.telegram.org' port=443 local_address=None timeout=5.0 socket_options=None]
[2024-12-25 11:39:25,594]: [_trace.py]: atrace: 87:       DEBUG:    [connect_tcp.complete return_value=<httpcore._backends.anyio.AnyIOStream object at 0x7f6f7b987b30>]
[2024-12-25 11:39:25,594]: [_trace.py]: atrace: 87:       DEBUG:    [start_tls.started ssl_context=<ssl.SSLContext object at 0x7f6f7c10a850> server_hostname='api.telegram.org' timeout=5.0]
[2024-12-25 11:39:25,744]: [_trace.py]: atrace: 87:       DEBUG:    [start_tls.complete return_value=<httpcore._backends.anyio.AnyIOStream object at 0x7f6f7b96de80>]
[2024-12-25 11:39:25,744]: [_trace.py]: atrace: 87:       DEBUG:    [send_request_headers.started request=<Request [b'POST']>]
[2024-12-25 11:39:25,745]: [_trace.py]: atrace: 87:       DEBUG:    [send_request_headers.complete]
[2024-12-25 11:39:25,745]: [_trace.py]: atrace: 87:       DEBUG:    [send_request_body.started request=<Request [b'POST']>]
[2024-12-25 11:39:25,745]: [_trace.py]: atrace: 87:       DEBUG:    [send_request_body.complete]
[2024-12-25 11:39:25,745]: [_trace.py]: atrace: 87:       DEBUG:    [receive_response_headers.started request=<Request [b'POST']>]
[2024-12-25 11:39:25,894]: [_trace.py]: atrace: 87:       DEBUG:    [receive_response_headers.complete return_value=(b'HTTP/1.1', 200, b'OK', [(b'Server', b'nginx/1.18.0'), (b'Date', b'Wed, 25 Dec 2024 11:39:25 GMT'), (b'Content-Type', b'application/json'), (b'Content-Length', b'258'), (b'Connection', b'keep-alive'), (b'Strict-Transport-Security', b'max-age=31536000; includeSubDomains; preload'), (b'Access-Control-Allow-Origin', b'*'), (b'Access-Control-Allow-Methods', b'GET, POST, OPTIONS'), (b'Access-Control-Expose-Headers', b'Content-Length,Content-Type,Date,Server,Connection')])]
[2024-12-25 11:39:25,894]: [_client.py]: _send_single_request: 1740:       INFO:    [HTTP Request: POST https://api.telegram.org/bot6030805959:AAGUHAMxLYc-PrevgKouJ3ZyM7ktu56ftjo/getMe "HTTP/1.1 200 OK"]
[2024-12-25 11:39:25,894]: [_trace.py]: atrace: 87:       DEBUG:    [receive_response_body.started request=<Request [b'POST']>]
[2024-12-25 11:39:25,894]: [_trace.py]: atrace: 87:       DEBUG:    [receive_response_body.complete]
[2024-12-25 11:39:25,894]: [_trace.py]: atrace: 87:       DEBUG:    [response_closed.started]
[2024-12-25 11:39:25,894]: [_trace.py]: atrace: 87:       DEBUG:    [response_closed.complete]
[2024-12-25 11:39:25,895]: [_bot.py]: _do_post: 652:       DEBUG:    [Call to Bot API endpoint `getMe` finished with return value `{'id': 6030805959, 'is_bot': True, 'first_name': 'TyPHoone', 'username': 'TyPHoone_Project_bot', 'can_join_groups': True, 'can_read_all_group_messages': False, 'supports_inline_queries': False, 'can_connect_to_business': False, 'has_main_web_app': False}`]
[2024-12-25 11:39:25,897]: [_bot.py]: _do_post: 643:       DEBUG:    [Calling Bot API endpoint `sendDocument` with parameters `{'chat_id': '-4119703192', 'document': <telegram._files.inputfile.InputFile object at 0x7f6f7c156700>}`]
[2024-12-25 11:39:25,898]: [_trace.py]: atrace: 87:       DEBUG:    [send_request_headers.started request=<Request [b'POST']>]
[2024-12-25 11:39:25,898]: [_trace.py]: atrace: 87:       DEBUG:    [send_request_headers.complete]
[2024-12-25 11:39:25,898]: [_trace.py]: atrace: 87:       DEBUG:    [send_request_body.started request=<Request [b'POST']>]
[2024-12-25 11:39:27,310]: [_trace.py]: atrace: 87:       DEBUG:    [send_request_body.complete]
[2024-12-25 11:39:27,310]: [_trace.py]: atrace: 87:       DEBUG:    [receive_response_headers.started request=<Request [b'POST']>]
[2024-12-25 11:39:28,056]: [_trace.py]: atrace: 87:       DEBUG:    [receive_response_headers.complete return_value=(b'HTTP/1.1', 200, b'OK', [(b'Server', b'nginx/1.18.0'), (b'Date', b'Wed, 25 Dec 2024 11:39:27 GMT'), (b'Content-Type', b'application/json'), (b'Content-Length', b'478'), (b'Connection', b'keep-alive'), (b'Strict-Transport-Security', b'max-age=31536000; includeSubDomains; preload'), (b'Access-Control-Allow-Origin', b'*'), (b'Access-Control-Allow-Methods', b'GET, POST, OPTIONS'), (b'Access-Control-Expose-Headers', b'Content-Length,Content-Type,Date,Server,Connection')])]
[2024-12-25 11:39:28,056]: [_client.py]: _send_single_request: 1740:       INFO:    [HTTP Request: POST https://api.telegram.org/bot6030805959:AAGUHAMxLYc-PrevgKouJ3ZyM7ktu56ftjo/sendDocument "HTTP/1.1 200 OK"]
[2024-12-25 11:39:28,056]: [_trace.py]: atrace: 87:       DEBUG:    [receive_response_body.started request=<Request [b'POST']>]
[2024-12-25 11:39:28,056]: [_trace.py]: atrace: 87:       DEBUG:    [receive_response_body.complete]
[2024-12-25 11:39:28,056]: [_trace.py]: atrace: 87:       DEBUG:    [response_closed.started]
[2024-12-25 11:39:28,057]: [_trace.py]: atrace: 87:       DEBUG:    [response_closed.complete]
[2024-12-25 11:39:28,057]: [_bot.py]: _do_post: 652:       DEBUG:    [Call to Bot API endpoint `sendDocument` finished with return value `{'message_id': 2072, 'from': {'id': 6030805959, 'is_bot': True, 'first_name': 'TyPHoone', 'username': 'TyPHoone_Project_bot'}, 'chat': {'id': -4119703192, 'title': 'Robocop', 'type': 'group', 'all_members_are_administrators': True}, 'date': 1735126767, 'document': {'file_name': '(2024_12_25--11_39)output.zip', 'mime_type': 'application/zip', 'file_id': 'BQACAgQAAxkDAAIIGGdr7u9BWfi_gGcbdmwY8FmWD5mQAAKQFAACtG9gU0V2pXuCtXjdNgQ', 'file_unique_id': 'AgADkBQAArRvYFM', 'file_size': 9894077}}`]
[2024-12-25 11:39:28,057]: [_trace.py]: atrace: 87:       DEBUG:    [close.started]
[2024-12-25 11:39:28,057]: [_trace.py]: atrace: 87:       DEBUG:    [close.complete]
[2024-12-25 11:39:28,057]: [Telegram_Sender.py]: runner: 61:       INFO:    [sent successfully]
[2024-12-25 11:39:28,058]: [Main.py]: <module>: 48:       INFO:    [Finished]
