[2024-04-26 14:26:00,230]: [Main.py]: <module>: 21:       INFO:    [Started]
[2024-04-26 14:26:01,490]: [Iron_Scraper.py]: Scrap: 32:       INFO:    [Data Scaraped Successfully]
[2024-04-26 14:26:01,681]: [Iron_Scraper.py]: Scrap: 70:       INFO:    [Scrapped Data Has No Problem]
[2024-04-26 14:26:01,681]: [Iron_Scraper.py]: Scrap: 83:       INFO:    [Data Saved Successfully]
[2024-04-26 14:26:01,681]: [Iron.py]: Run: 26:       INFO:    [Scraping Phase Completed]
[2024-04-26 14:26:01,682]: [Iron_Data_Processor.py]: Data_Reader: 61:       INFO:    [Data File Has Been Red Successfully]
[2024-04-26 14:26:01,682]: [Iron_Data_Processor.py]: Shaper: 78:       INFO:    [Data Shaped]
[2024-04-26 14:26:01,682]: [Iron_Data_Processor.py]: Process: 225:       INFO:    [Data Cleaned]
[2024-04-26 14:26:01,682]: [Iron_Data_Processor.py]: Make_Pages_Objects: 101:       INFO:    [Page Objects Has Been Made]
[2024-04-26 14:26:01,682]: [Iron_Data_Processor.py]: Make_Pages_Objects: 101:       INFO:    [Page Objects Has Been Made]
[2024-04-26 14:26:01,682]: [Iron_Data_Processor.py]: Load_Data: 118:       INFO:    [Data Has Been Load]
[2024-04-26 14:26:01,682]: [Iron_Data_Processor.py]: Load_Data: 118:       INFO:    [Data Has Been Load]
[2024-04-26 14:26:01,682]: [Iron_Data_Processor.py]: Load_positions: 140:       INFO:    [Positions Are Ready]
[2024-04-26 14:26:01,683]: [Iron_Data_Processor.py]: Load_positions: 140:       INFO:    [Positions Are Ready]
[2024-04-26 14:26:03,390]: [Iron_Data_Processor.py]: Make_Tagged_Images: 192:       INFO:    [Images Has Been Made]
[2024-04-26 14:26:04,897]: [Iron_Data_Processor.py]: Make_Tagged_Images: 192:       INFO:    [Images Has Been Made]
[2024-04-26 14:26:05,319]: [Iron_Data_Processor.py]: Make_Cover_Page: 212:       INFO:    [Made Cover Pages]
[2024-04-26 14:26:05,319]: [Iron.py]: Run: 29:       INFO:    [Imagination Phase Completed]
[2024-04-26 14:26:09,001]: [Phone_Scraper.py]: Scrap: 58:       INFO:    [Data Scraped]
[2024-04-26 14:26:09,001]: [Phone_Scraper.py]: Scrap: 71:       INFO:    [Scraped Data Successfully]
[2024-04-26 14:26:09,001]: [Phone.py]: Run: 26:       INFO:    [Scraping Phase Complete]
[2024-04-26 14:26:09,002]: [Phone_Data_Processor.py]: data_reader: 37:       INFO:    [Scraped Data Loaded]
[2024-04-26 14:26:09,003]: [Phone_Data_Processor.py]: filter_list: 64:       INFO:    [Persian Phrases Are deleted]
[2024-04-26 14:26:09,004]: [Phone_Data_Processor.py]: reshape_list: 86:       INFO:    [Date Reshaped]
[2024-04-26 14:26:09,004]: [Phone_Data_Processor.py]: separate_brands: 123:       INFO:    [Brands Are Separated]
[2024-04-26 14:26:09,005]: [Phone_Data_Processor.py]: delete_extra_spaces: 140:       INFO:    [Extra Spaces Are Deleted]
[2024-04-26 14:26:10,037]: [Phone.py]: Run: 29:       INFO:    [Imagination Phase Complete]
[2024-04-26 14:26:10,038]: [selector_events.py]: __init__: 64:       DEBUG:    [Using selector: EpollSelector]
[2024-04-26 14:26:10,038]: [_bot.py]: _do_post: 643:       DEBUG:    [Calling Bot API endpoint `getMe` with parameters `{}`]
[2024-04-26 14:26:10,042]: [_trace.py]: atrace: 85:       DEBUG:    [connect_tcp.started host='api.telegram.org' port=443 local_address=None timeout=5.0 socket_options=None]
[2024-04-26 14:26:10,147]: [_trace.py]: atrace: 85:       DEBUG:    [connect_tcp.complete return_value=<httpcore._backends.anyio.AnyIOStream object at 0x7f7cf7b2ea50>]
[2024-04-26 14:26:10,147]: [_trace.py]: atrace: 85:       DEBUG:    [start_tls.started ssl_context=<ssl.SSLContext object at 0x7f7cf7b35d50> server_hostname='api.telegram.org' timeout=5.0]
[2024-04-26 14:26:10,239]: [_trace.py]: atrace: 85:       DEBUG:    [start_tls.complete return_value=<httpcore._backends.anyio.AnyIOStream object at 0x7f7cf8d831a0>]
[2024-04-26 14:26:10,239]: [_trace.py]: atrace: 85:       DEBUG:    [send_request_headers.started request=<Request [b'POST']>]
[2024-04-26 14:26:10,239]: [_trace.py]: atrace: 85:       DEBUG:    [send_request_headers.complete]
[2024-04-26 14:26:10,239]: [_trace.py]: atrace: 85:       DEBUG:    [send_request_body.started request=<Request [b'POST']>]
[2024-04-26 14:26:10,239]: [_trace.py]: atrace: 85:       DEBUG:    [send_request_body.complete]
[2024-04-26 14:26:10,240]: [_trace.py]: atrace: 85:       DEBUG:    [receive_response_headers.started request=<Request [b'POST']>]
[2024-04-26 14:26:10,348]: [_trace.py]: atrace: 85:       DEBUG:    [receive_response_headers.complete return_value=(b'HTTP/1.1', 200, b'OK', [(b'Server', b'nginx/1.18.0'), (b'Date', b'Fri, 26 Apr 2024 14:26:10 GMT'), (b'Content-Type', b'application/json'), (b'Content-Length', b'237'), (b'Connection', b'keep-alive'), (b'Strict-Transport-Security', b'max-age=31536000; includeSubDomains; preload'), (b'Access-Control-Allow-Origin', b'*'), (b'Access-Control-Allow-Methods', b'GET, POST, OPTIONS'), (b'Access-Control-Expose-Headers', b'Content-Length,Content-Type,Date,Server,Connection')])]
[2024-04-26 14:26:10,349]: [_client.py]: _send_single_request: 1773:       INFO:    [HTTP Request: POST https://api.telegram.org/bot6030805959:AAGUHAMxLYc-PrevgKouJ3ZyM7ktu56ftjo/getMe "HTTP/1.1 200 OK"]
[2024-04-26 14:26:10,349]: [_trace.py]: atrace: 85:       DEBUG:    [receive_response_body.started request=<Request [b'POST']>]
[2024-04-26 14:26:10,349]: [_trace.py]: atrace: 85:       DEBUG:    [receive_response_body.complete]
[2024-04-26 14:26:10,349]: [_trace.py]: atrace: 85:       DEBUG:    [response_closed.started]
[2024-04-26 14:26:10,349]: [_trace.py]: atrace: 85:       DEBUG:    [response_closed.complete]
[2024-04-26 14:26:10,349]: [_bot.py]: _do_post: 652:       DEBUG:    [Call to Bot API endpoint `getMe` finished with return value `{'id': 6030805959, 'is_bot': True, 'first_name': 'TyPHoone_bot', 'username': 'TyPHoone_Project_bot', 'can_join_groups': True, 'can_read_all_group_messages': False, 'supports_inline_queries': False, 'can_connect_to_business': False}`]
[2024-04-26 14:26:10,353]: [_bot.py]: _do_post: 643:       DEBUG:    [Calling Bot API endpoint `sendDocument` with parameters `{'chat_id': '-4119703192', 'document': <telegram._files.inputfile.InputFile object at 0x7f7d02770fc0>}`]
[2024-04-26 14:26:10,353]: [_trace.py]: atrace: 85:       DEBUG:    [send_request_headers.started request=<Request [b'POST']>]
[2024-04-26 14:26:10,353]: [_trace.py]: atrace: 85:       DEBUG:    [send_request_headers.complete]
[2024-04-26 14:26:10,353]: [_trace.py]: atrace: 85:       DEBUG:    [send_request_body.started request=<Request [b'POST']>]
[2024-04-26 14:26:10,354]: [_trace.py]: atrace: 85:       DEBUG:    [send_request_body.complete]
[2024-04-26 14:26:10,354]: [_trace.py]: atrace: 85:       DEBUG:    [receive_response_headers.started request=<Request [b'POST']>]
[2024-04-26 14:26:10,572]: [_trace.py]: atrace: 85:       DEBUG:    [receive_response_headers.complete return_value=(b'HTTP/1.1', 200, b'OK', [(b'Server', b'nginx/1.18.0'), (b'Date', b'Fri, 26 Apr 2024 14:26:10 GMT'), (b'Content-Type', b'application/json'), (b'Content-Length', b'467'), (b'Connection', b'keep-alive'), (b'Strict-Transport-Security', b'max-age=31536000; includeSubDomains; preload'), (b'Access-Control-Allow-Origin', b'*'), (b'Access-Control-Allow-Methods', b'GET, POST, OPTIONS'), (b'Access-Control-Expose-Headers', b'Content-Length,Content-Type,Date,Server,Connection')])]
[2024-04-26 14:26:10,572]: [_client.py]: _send_single_request: 1773:       INFO:    [HTTP Request: POST https://api.telegram.org/bot6030805959:AAGUHAMxLYc-PrevgKouJ3ZyM7ktu56ftjo/sendDocument "HTTP/1.1 200 OK"]
[2024-04-26 14:26:10,572]: [_trace.py]: atrace: 85:       DEBUG:    [receive_response_body.started request=<Request [b'POST']>]
[2024-04-26 14:26:10,573]: [_trace.py]: atrace: 85:       DEBUG:    [receive_response_body.complete]
[2024-04-26 14:26:10,573]: [_trace.py]: atrace: 85:       DEBUG:    [response_closed.started]
[2024-04-26 14:26:10,573]: [_trace.py]: atrace: 85:       DEBUG:    [response_closed.complete]
[2024-04-26 14:26:10,573]: [_bot.py]: _do_post: 652:       DEBUG:    [Call to Bot API endpoint `sendDocument` finished with return value `{'message_id': 295, 'from': {'id': 6030805959, 'is_bot': True, 'first_name': 'TyPHoone_bot', 'username': 'TyPHoone_Project_bot'}, 'chat': {'id': -4119703192, 'title': 'Robocop', 'type': 'group', 'all_members_are_administrators': True}, 'date': 1714141570, 'document': {'file_name': '(2024_04_26--14_26).log', 'mime_type': 'text/plain', 'file_id': 'BQACAgQAAxkDAAIBJ2YruYJ9Cs3qhHXGSVT23jOaJdU9AAKhFgAC7shgUV421ygO1weDNAQ', 'file_unique_id': 'AgADoRYAAu7IYFE', 'file_size': 5914}}`]
[2024-04-26 14:26:10,573]: [_trace.py]: atrace: 85:       DEBUG:    [close.started]
[2024-04-26 14:26:10,574]: [_trace.py]: atrace: 85:       DEBUG:    [close.complete]
[2024-04-26 14:26:10,574]: [_config.py]: load_ssl_context: 80:       DEBUG:    [load_ssl_context verify=True cert=None trust_env=True http2=False]
[2024-04-26 14:26:10,574]: [_config.py]: load_ssl_context_verify: 146:       DEBUG:    [load_verify_locations cafile='/opt/hostedtoolcache/Python/3.12.3/x64/lib/python3.12/site-packages/certifi/cacert.pem']
[2024-04-26 14:26:10,602]: [_config.py]: load_ssl_context: 80:       DEBUG:    [load_ssl_context verify=True cert=None trust_env=True http2=False]
[2024-04-26 14:26:10,603]: [_config.py]: load_ssl_context_verify: 146:       DEBUG:    [load_verify_locations cafile='/opt/hostedtoolcache/Python/3.12.3/x64/lib/python3.12/site-packages/certifi/cacert.pem']
[2024-04-26 14:26:10,629]: [_bot.py]: _do_post: 643:       DEBUG:    [Calling Bot API endpoint `getMe` with parameters `{}`]
[2024-04-26 14:26:10,630]: [_trace.py]: atrace: 85:       DEBUG:    [connect_tcp.started host='api.telegram.org' port=443 local_address=None timeout=5.0 socket_options=None]
[2024-04-26 14:26:10,719]: [_trace.py]: atrace: 85:       DEBUG:    [connect_tcp.complete return_value=<httpcore._backends.anyio.AnyIOStream object at 0x7f7cf6f4ac60>]
[2024-04-26 14:26:10,719]: [_trace.py]: atrace: 85:       DEBUG:    [start_tls.started ssl_context=<ssl.SSLContext object at 0x7f7cf7b35b50> server_hostname='api.telegram.org' timeout=5.0]
[2024-04-26 14:26:10,809]: [_trace.py]: atrace: 85:       DEBUG:    [start_tls.complete return_value=<httpcore._backends.anyio.AnyIOStream object at 0x7f7cf7ceaf00>]
[2024-04-26 14:26:10,810]: [_trace.py]: atrace: 85:       DEBUG:    [send_request_headers.started request=<Request [b'POST']>]
[2024-04-26 14:26:10,810]: [_trace.py]: atrace: 85:       DEBUG:    [send_request_headers.complete]
[2024-04-26 14:26:10,810]: [_trace.py]: atrace: 85:       DEBUG:    [send_request_body.started request=<Request [b'POST']>]
[2024-04-26 14:26:10,810]: [_trace.py]: atrace: 85:       DEBUG:    [send_request_body.complete]
[2024-04-26 14:26:10,810]: [_trace.py]: atrace: 85:       DEBUG:    [receive_response_headers.started request=<Request [b'POST']>]
[2024-04-26 14:26:10,899]: [_trace.py]: atrace: 85:       DEBUG:    [receive_response_headers.complete return_value=(b'HTTP/1.1', 200, b'OK', [(b'Server', b'nginx/1.18.0'), (b'Date', b'Fri, 26 Apr 2024 14:26:10 GMT'), (b'Content-Type', b'application/json'), (b'Content-Length', b'237'), (b'Connection', b'keep-alive'), (b'Strict-Transport-Security', b'max-age=31536000; includeSubDomains; preload'), (b'Access-Control-Allow-Origin', b'*'), (b'Access-Control-Allow-Methods', b'GET, POST, OPTIONS'), (b'Access-Control-Expose-Headers', b'Content-Length,Content-Type,Date,Server,Connection')])]
[2024-04-26 14:26:10,899]: [_client.py]: _send_single_request: 1773:       INFO:    [HTTP Request: POST https://api.telegram.org/bot6030805959:AAGUHAMxLYc-PrevgKouJ3ZyM7ktu56ftjo/getMe "HTTP/1.1 200 OK"]
[2024-04-26 14:26:10,899]: [_trace.py]: atrace: 85:       DEBUG:    [receive_response_body.started request=<Request [b'POST']>]
[2024-04-26 14:26:10,899]: [_trace.py]: atrace: 85:       DEBUG:    [receive_response_body.complete]
[2024-04-26 14:26:10,900]: [_trace.py]: atrace: 85:       DEBUG:    [response_closed.started]
[2024-04-26 14:26:10,900]: [_trace.py]: atrace: 85:       DEBUG:    [response_closed.complete]
[2024-04-26 14:26:10,900]: [_bot.py]: _do_post: 652:       DEBUG:    [Call to Bot API endpoint `getMe` finished with return value `{'id': 6030805959, 'is_bot': True, 'first_name': 'TyPHoone_bot', 'username': 'TyPHoone_Project_bot', 'can_join_groups': True, 'can_read_all_group_messages': False, 'supports_inline_queries': False, 'can_connect_to_business': False}`]
[2024-04-26 14:26:10,900]: [_bot.py]: _do_post: 643:       DEBUG:    [Calling Bot API endpoint `sendDocument` with parameters `{'chat_id': '-4119703192', 'document': <telegram._files.inputfile.InputFile object at 0x7f7cf6f4fc00>}`]
[2024-04-26 14:26:10,901]: [_trace.py]: atrace: 85:       DEBUG:    [send_request_headers.started request=<Request [b'POST']>]
[2024-04-26 14:26:10,901]: [_trace.py]: atrace: 85:       DEBUG:    [send_request_headers.complete]
[2024-04-26 14:26:10,901]: [_trace.py]: atrace: 85:       DEBUG:    [send_request_body.started request=<Request [b'POST']>]
[2024-04-26 14:26:11,341]: [_trace.py]: atrace: 85:       DEBUG:    [send_request_body.complete]
[2024-04-26 14:26:11,341]: [_trace.py]: atrace: 85:       DEBUG:    [receive_response_headers.started request=<Request [b'POST']>]
[2024-04-26 14:26:11,794]: [_trace.py]: atrace: 85:       DEBUG:    [receive_response_headers.complete return_value=(b'HTTP/1.1', 200, b'OK', [(b'Server', b'nginx/1.18.0'), (b'Date', b'Fri, 26 Apr 2024 14:26:11 GMT'), (b'Content-Type', b'application/json'), (b'Content-Length', b'823'), (b'Connection', b'keep-alive'), (b'Strict-Transport-Security', b'max-age=31536000; includeSubDomains; preload'), (b'Access-Control-Allow-Origin', b'*'), (b'Access-Control-Allow-Methods', b'GET, POST, OPTIONS'), (b'Access-Control-Expose-Headers', b'Content-Length,Content-Type,Date,Server,Connection')])]
[2024-04-26 14:26:11,794]: [_client.py]: _send_single_request: 1773:       INFO:    [HTTP Request: POST https://api.telegram.org/bot6030805959:AAGUHAMxLYc-PrevgKouJ3ZyM7ktu56ftjo/sendDocument "HTTP/1.1 200 OK"]
[2024-04-26 14:26:11,795]: [_trace.py]: atrace: 85:       DEBUG:    [receive_response_body.started request=<Request [b'POST']>]
[2024-04-26 14:26:11,795]: [_trace.py]: atrace: 85:       DEBUG:    [receive_response_body.complete]
[2024-04-26 14:26:11,795]: [_trace.py]: atrace: 85:       DEBUG:    [response_closed.started]
[2024-04-26 14:26:11,795]: [_trace.py]: atrace: 85:       DEBUG:    [response_closed.complete]
[2024-04-26 14:26:11,795]: [_bot.py]: _do_post: 652:       DEBUG:    [Call to Bot API endpoint `sendDocument` finished with return value `{'message_id': 296, 'from': {'id': 6030805959, 'is_bot': True, 'first_name': 'TyPHoone_bot', 'username': 'TyPHoone_Project_bot'}, 'chat': {'id': -4119703192, 'title': 'Robocop', 'type': 'group', 'all_members_are_administrators': True}, 'date': 1714141571, 'document': {'file_name': '1-Tir_Ahan.png', 'mime_type': 'image/png', 'thumbnail': {'file_id': 'AAMCBAADGQMAAgEoZiu5g_vhvguL1RefSgjY870F9tIAAqIWAALuyGBRmJioMJjB-s8BAAdtAAM0BA', 'file_unique_id': 'AQADohYAAu7IYFFy', 'file_size': 38071, 'width': 320, 'height': 320}, 'thumb': {'file_id': 'AAMCBAADGQMAAgEoZiu5g_vhvguL1RefSgjY870F9tIAAqIWAALuyGBRmJioMJjB-s8BAAdtAAM0BA', 'file_unique_id': 'AQADohYAAu7IYFFy', 'file_size': 38071, 'width': 320, 'height': 320}, 'file_id': 'BQACAgQAAxkDAAIBKGYruYP74b4Li9UXn0oI2PO9BfbSAAKiFgAC7shgUZiYqDCYwfrPNAQ', 'file_unique_id': 'AgADohYAAu7IYFE', 'file_size': 800285}}`]
[2024-04-26 14:26:11,796]: [_bot.py]: _do_post: 643:       DEBUG:    [Calling Bot API endpoint `sendDocument` with parameters `{'chat_id': '-4119703192', 'document': <telegram._files.inputfile.InputFile object at 0x7f7cf6f4fbc0>}`]
[2024-04-26 14:26:11,798]: [_trace.py]: atrace: 85:       DEBUG:    [send_request_headers.started request=<Request [b'POST']>]
[2024-04-26 14:26:11,798]: [_trace.py]: atrace: 85:       DEBUG:    [send_request_headers.complete]
[2024-04-26 14:26:11,798]: [_trace.py]: atrace: 85:       DEBUG:    [send_request_body.started request=<Request [b'POST']>]
[2024-04-26 14:26:11,799]: [_trace.py]: atrace: 85:       DEBUG:    [send_request_body.complete]
[2024-04-26 14:26:11,799]: [_trace.py]: atrace: 85:       DEBUG:    [receive_response_headers.started request=<Request [b'POST']>]
[2024-04-26 14:26:12,412]: [_trace.py]: atrace: 85:       DEBUG:    [receive_response_headers.complete return_value=(b'HTTP/1.1', 200, b'OK', [(b'Server', b'nginx/1.18.0'), (b'Date', b'Fri, 26 Apr 2024 14:26:12 GMT'), (b'Content-Type', b'application/json'), (b'Content-Length', b'830'), (b'Connection', b'keep-alive'), (b'Strict-Transport-Security', b'max-age=31536000; includeSubDomains; preload'), (b'Access-Control-Allow-Origin', b'*'), (b'Access-Control-Allow-Methods', b'GET, POST, OPTIONS'), (b'Access-Control-Expose-Headers', b'Content-Length,Content-Type,Date,Server,Connection')])]
[2024-04-26 14:26:12,412]: [_client.py]: _send_single_request: 1773:       INFO:    [HTTP Request: POST https://api.telegram.org/bot6030805959:AAGUHAMxLYc-PrevgKouJ3ZyM7ktu56ftjo/sendDocument "HTTP/1.1 200 OK"]
[2024-04-26 14:26:12,412]: [_trace.py]: atrace: 85:       DEBUG:    [receive_response_body.started request=<Request [b'POST']>]
[2024-04-26 14:26:12,412]: [_trace.py]: atrace: 85:       DEBUG:    [receive_response_body.complete]
[2024-04-26 14:26:12,412]: [_trace.py]: atrace: 85:       DEBUG:    [response_closed.started]
[2024-04-26 14:26:12,412]: [_trace.py]: atrace: 85:       DEBUG:    [response_closed.complete]
[2024-04-26 14:26:12,412]: [_bot.py]: _do_post: 652:       DEBUG:    [Call to Bot API endpoint `sendDocument` finished with return value `{'message_id': 297, 'from': {'id': 6030805959, 'is_bot': True, 'first_name': 'TyPHoone_bot', 'username': 'TyPHoone_Project_bot'}, 'chat': {'id': -4119703192, 'title': 'Robocop', 'type': 'group', 'all_members_are_administrators': True}, 'date': 1714141572, 'document': {'file_name': '9-Waraq_Galwanize.png', 'mime_type': 'image/png', 'thumbnail': {'file_id': 'AAMCBAADGQMAAgEpZiu5hB4oAs87p3Gk1t_axqxRLO8AAqMWAALuyGBRmM1NPYYwtfEBAAdtAAM0BA', 'file_unique_id': 'AQADoxYAAu7IYFFy', 'file_size': 38228, 'width': 320, 'height': 320}, 'thumb': {'file_id': 'AAMCBAADGQMAAgEpZiu5hB4oAs87p3Gk1t_axqxRLO8AAqMWAALuyGBRmM1NPYYwtfEBAAdtAAM0BA', 'file_unique_id': 'AQADoxYAAu7IYFFy', 'file_size': 38228, 'width': 320, 'height': 320}, 'file_id': 'BQACAgQAAxkDAAIBKWYruYQeKALPO6dxpNbf2sasUSzvAAKjFgAC7shgUZjNTT2GMLXxNAQ', 'file_unique_id': 'AgADoxYAAu7IYFE', 'file_size': 771618}}`]
[2024-04-26 14:26:12,413]: [_bot.py]: _do_post: 643:       DEBUG:    [Calling Bot API endpoint `sendDocument` with parameters `{'chat_id': '-4119703192', 'document': <telegram._files.inputfile.InputFile object at 0x7f7cf7b441c0>}`]
[2024-04-26 14:26:12,413]: [_trace.py]: atrace: 85:       DEBUG:    [send_request_headers.started request=<Request [b'POST']>]
[2024-04-26 14:26:12,414]: [_trace.py]: atrace: 85:       DEBUG:    [send_request_headers.complete]
[2024-04-26 14:26:12,414]: [_trace.py]: atrace: 85:       DEBUG:    [send_request_body.started request=<Request [b'POST']>]
[2024-04-26 14:26:12,415]: [_trace.py]: atrace: 85:       DEBUG:    [send_request_body.complete]
[2024-04-26 14:26:12,415]: [_trace.py]: atrace: 85:       DEBUG:    [receive_response_headers.started request=<Request [b'POST']>]
[2024-04-26 14:26:12,741]: [_trace.py]: atrace: 85:       DEBUG:    [receive_response_headers.complete return_value=(b'HTTP/1.1', 200, b'OK', [(b'Server', b'nginx/1.18.0'), (b'Date', b'Fri, 26 Apr 2024 14:26:12 GMT'), (b'Content-Type', b'application/json'), (b'Content-Length', b'822'), (b'Connection', b'keep-alive'), (b'Strict-Transport-Security', b'max-age=31536000; includeSubDomains; preload'), (b'Access-Control-Allow-Origin', b'*'), (b'Access-Control-Allow-Methods', b'GET, POST, OPTIONS'), (b'Access-Control-Expose-Headers', b'Content-Length,Content-Type,Date,Server,Connection')])]
[2024-04-26 14:26:12,741]: [_client.py]: _send_single_request: 1773:       INFO:    [HTTP Request: POST https://api.telegram.org/bot6030805959:AAGUHAMxLYc-PrevgKouJ3ZyM7ktu56ftjo/sendDocument "HTTP/1.1 200 OK"]
[2024-04-26 14:26:12,741]: [_trace.py]: atrace: 85:       DEBUG:    [receive_response_body.started request=<Request [b'POST']>]
[2024-04-26 14:26:12,741]: [_trace.py]: atrace: 85:       DEBUG:    [receive_response_body.complete]
[2024-04-26 14:26:12,741]: [_trace.py]: atrace: 85:       DEBUG:    [response_closed.started]
[2024-04-26 14:26:12,741]: [_trace.py]: atrace: 85:       DEBUG:    [response_closed.complete]
[2024-04-26 14:26:12,741]: [_bot.py]: _do_post: 652:       DEBUG:    [Call to Bot API endpoint `sendDocument` finished with return value `{'message_id': 298, 'from': {'id': 6030805959, 'is_bot': True, 'first_name': 'TyPHoone_bot', 'username': 'TyPHoone_Project_bot'}, 'chat': {'id': -4119703192, 'title': 'Robocop', 'type': 'group', 'all_members_are_administrators': True}, 'date': 1714141572, 'document': {'file_name': '2-Milgerd.png', 'mime_type': 'image/png', 'thumbnail': {'file_id': 'AAMCBAADGQMAAgEqZiu5hLD5aHEh69JbFQoa0xuqBvgAAqQWAALuyGBRbdDmaByHQsoBAAdtAAM0BA', 'file_unique_id': 'AQADpBYAAu7IYFFy', 'file_size': 41941, 'width': 320, 'height': 320}, 'thumb': {'file_id': 'AAMCBAADGQMAAgEqZiu5hLD5aHEh69JbFQoa0xuqBvgAAqQWAALuyGBRbdDmaByHQsoBAAdtAAM0BA', 'file_unique_id': 'AQADpBYAAu7IYFFy', 'file_size': 41941, 'width': 320, 'height': 320}, 'file_id': 'BQACAgQAAxkDAAIBKmYruYSw-WhxIevSWxUKGtMbqgb4AAKkFgAC7shgUW3Q5mgch0LKNAQ', 'file_unique_id': 'AgADpBYAAu7IYFE', 'file_size': 789580}}`]
[2024-04-26 14:26:12,742]: [_bot.py]: _do_post: 643:       DEBUG:    [Calling Bot API endpoint `sendDocument` with parameters `{'chat_id': '-4119703192', 'document': <telegram._files.inputfile.InputFile object at 0x7f7d02770fc0>}`]
[2024-04-26 14:26:12,742]: [_trace.py]: atrace: 85:       DEBUG:    [send_request_headers.started request=<Request [b'POST']>]
[2024-04-26 14:26:12,743]: [_trace.py]: atrace: 85:       DEBUG:    [send_request_headers.complete]
[2024-04-26 14:26:12,743]: [_trace.py]: atrace: 85:       DEBUG:    [send_request_body.started request=<Request [b'POST']>]
[2024-04-26 14:26:12,744]: [_trace.py]: atrace: 85:       DEBUG:    [send_request_body.complete]
[2024-04-26 14:26:12,744]: [_trace.py]: atrace: 85:       DEBUG:    [receive_response_headers.started request=<Request [b'POST']>]
[2024-04-26 14:26:13,033]: [_trace.py]: atrace: 85:       DEBUG:    [receive_response_headers.complete return_value=(b'HTTP/1.1', 200, b'OK', [(b'Server', b'nginx/1.18.0'), (b'Date', b'Fri, 26 Apr 2024 14:26:12 GMT'), (b'Content-Type', b'application/json'), (b'Content-Length', b'821'), (b'Connection', b'keep-alive'), (b'Strict-Transport-Security', b'max-age=31536000; includeSubDomains; preload'), (b'Access-Control-Allow-Origin', b'*'), (b'Access-Control-Allow-Methods', b'GET, POST, OPTIONS'), (b'Access-Control-Expose-Headers', b'Content-Length,Content-Type,Date,Server,Connection')])]
[2024-04-26 14:26:13,033]: [_client.py]: _send_single_request: 1773:       INFO:    [HTTP Request: POST https://api.telegram.org/bot6030805959:AAGUHAMxLYc-PrevgKouJ3ZyM7ktu56ftjo/sendDocument "HTTP/1.1 200 OK"]
[2024-04-26 14:26:13,033]: [_trace.py]: atrace: 85:       DEBUG:    [receive_response_body.started request=<Request [b'POST']>]
[2024-04-26 14:26:13,033]: [_trace.py]: atrace: 85:       DEBUG:    [receive_response_body.complete]
[2024-04-26 14:26:13,034]: [_trace.py]: atrace: 85:       DEBUG:    [response_closed.started]
[2024-04-26 14:26:13,034]: [_trace.py]: atrace: 85:       DEBUG:    [response_closed.complete]
[2024-04-26 14:26:13,034]: [_bot.py]: _do_post: 652:       DEBUG:    [Call to Bot API endpoint `sendDocument` finished with return value `{'message_id': 299, 'from': {'id': 6030805959, 'is_bot': True, 'first_name': 'TyPHoone_bot', 'username': 'TyPHoone_Project_bot'}, 'chat': {'id': -4119703192, 'title': 'Robocop', 'type': 'group', 'all_members_are_administrators': True}, 'date': 1714141572, 'document': {'file_name': '5-Nabshi.png', 'mime_type': 'image/png', 'thumbnail': {'file_id': 'AAMCBAADGQMAAgErZiu5hPnCQnDEPosyvBCj458NkdUAAqUWAALuyGBRtoQEy1AwCg0BAAdtAAM0BA', 'file_unique_id': 'AQADpRYAAu7IYFFy', 'file_size': 31624, 'width': 320, 'height': 320}, 'thumb': {'file_id': 'AAMCBAADGQMAAgErZiu5hPnCQnDEPosyvBCj458NkdUAAqUWAALuyGBRtoQEy1AwCg0BAAdtAAM0BA', 'file_unique_id': 'AQADpRYAAu7IYFFy', 'file_size': 31624, 'width': 320, 'height': 320}, 'file_id': 'BQACAgQAAxkDAAIBK2YruYT5wkJwxD6LMrwQo-OfDZHVAAKlFgAC7shgUbaEBMtQMAoNNAQ', 'file_unique_id': 'AgADpRYAAu7IYFE', 'file_size': 739717}}`]
[2024-04-26 14:26:13,034]: [_bot.py]: _do_post: 643:       DEBUG:    [Calling Bot API endpoint `sendDocument` with parameters `{'chat_id': '-4119703192', 'document': <telegram._files.inputfile.InputFile object at 0x7f7cf7b33480>}`]
[2024-04-26 14:26:13,035]: [_trace.py]: atrace: 85:       DEBUG:    [send_request_headers.started request=<Request [b'POST']>]
[2024-04-26 14:26:13,035]: [_trace.py]: atrace: 85:       DEBUG:    [send_request_headers.complete]
[2024-04-26 14:26:13,035]: [_trace.py]: atrace: 85:       DEBUG:    [send_request_body.started request=<Request [b'POST']>]
[2024-04-26 14:26:13,036]: [_trace.py]: atrace: 85:       DEBUG:    [send_request_body.complete]
[2024-04-26 14:26:13,036]: [_trace.py]: atrace: 85:       DEBUG:    [receive_response_headers.started request=<Request [b'POST']>]
[2024-04-26 14:26:16,403]: [_trace.py]: atrace: 85:       DEBUG:    [receive_response_headers.complete return_value=(b'HTTP/1.1', 200, b'OK', [(b'Server', b'nginx/1.18.0'), (b'Date', b'Fri, 26 Apr 2024 14:26:16 GMT'), (b'Content-Type', b'application/json'), (b'Content-Length', b'825'), (b'Connection', b'keep-alive'), (b'Strict-Transport-Security', b'max-age=31536000; includeSubDomains; preload'), (b'Access-Control-Allow-Origin', b'*'), (b'Access-Control-Allow-Methods', b'GET, POST, OPTIONS'), (b'Access-Control-Expose-Headers', b'Content-Length,Content-Type,Date,Server,Connection')])]
[2024-04-26 14:26:16,403]: [_client.py]: _send_single_request: 1773:       INFO:    [HTTP Request: POST https://api.telegram.org/bot6030805959:AAGUHAMxLYc-PrevgKouJ3ZyM7ktu56ftjo/sendDocument "HTTP/1.1 200 OK"]
[2024-04-26 14:26:16,403]: [_trace.py]: atrace: 85:       DEBUG:    [receive_response_body.started request=<Request [b'POST']>]
[2024-04-26 14:26:16,403]: [_trace.py]: atrace: 85:       DEBUG:    [receive_response_body.complete]
[2024-04-26 14:26:16,403]: [_trace.py]: atrace: 85:       DEBUG:    [response_closed.started]
[2024-04-26 14:26:16,404]: [_trace.py]: atrace: 85:       DEBUG:    [response_closed.complete]
[2024-04-26 14:26:16,404]: [_bot.py]: _do_post: 652:       DEBUG:    [Call to Bot API endpoint `sendDocument` finished with return value `{'message_id': 300, 'from': {'id': 6030805959, 'is_bot': True, 'first_name': 'TyPHoone_bot', 'username': 'TyPHoone_Project_bot'}, 'chat': {'id': -4119703192, 'title': 'Robocop', 'type': 'group', 'all_members_are_administrators': True}, 'date': 1714141576, 'document': {'file_name': '6-Waraq_Siah.png', 'mime_type': 'image/png', 'thumbnail': {'file_id': 'AAMCBAADGQMAAgEsZiu5iGnNpIkPIWGnDebnbyZNsYwAAqYWAALuyGBRn_TLx81wwgwBAAdtAAM0BA', 'file_unique_id': 'AQADphYAAu7IYFFy', 'file_size': 42779, 'width': 320, 'height': 320}, 'thumb': {'file_id': 'AAMCBAADGQMAAgEsZiu5iGnNpIkPIWGnDebnbyZNsYwAAqYWAALuyGBRn_TLx81wwgwBAAdtAAM0BA', 'file_unique_id': 'AQADphYAAu7IYFFy', 'file_size': 42779, 'width': 320, 'height': 320}, 'file_id': 'BQACAgQAAxkDAAIBLGYruYhpzaSJDyFhpw3m528mTbGMAAKmFgAC7shgUZ_0y8fNcMIMNAQ', 'file_unique_id': 'AgADphYAAu7IYFE', 'file_size': 799003}}`]
[2024-04-26 14:26:16,404]: [_bot.py]: _do_post: 643:       DEBUG:    [Calling Bot API endpoint `sendDocument` with parameters `{'chat_id': '-4119703192', 'document': <telegram._files.inputfile.InputFile object at 0x7f7d02770fc0>}`]
[2024-04-26 14:26:16,405]: [_trace.py]: atrace: 85:       DEBUG:    [send_request_headers.started request=<Request [b'POST']>]
[2024-04-26 14:26:16,405]: [_trace.py]: atrace: 85:       DEBUG:    [send_request_headers.complete]
[2024-04-26 14:26:16,405]: [_trace.py]: atrace: 85:       DEBUG:    [send_request_body.started request=<Request [b'POST']>]
[2024-04-26 14:26:16,406]: [_trace.py]: atrace: 85:       DEBUG:    [send_request_body.complete]
[2024-04-26 14:26:16,406]: [_trace.py]: atrace: 85:       DEBUG:    [receive_response_headers.started request=<Request [b'POST']>]
[2024-04-26 14:26:17,231]: [_trace.py]: atrace: 85:       DEBUG:    [receive_response_headers.complete return_value=(b'HTTP/1.1', 200, b'OK', [(b'Server', b'nginx/1.18.0'), (b'Date', b'Fri, 26 Apr 2024 14:26:17 GMT'), (b'Content-Type', b'application/json'), (b'Content-Length', b'822'), (b'Connection', b'keep-alive'), (b'Strict-Transport-Security', b'max-age=31536000; includeSubDomains; preload'), (b'Access-Control-Allow-Origin', b'*'), (b'Access-Control-Allow-Methods', b'GET, POST, OPTIONS'), (b'Access-Control-Expose-Headers', b'Content-Length,Content-Type,Date,Server,Connection')])]
[2024-04-26 14:26:17,232]: [_client.py]: _send_single_request: 1773:       INFO:    [HTTP Request: POST https://api.telegram.org/bot6030805959:AAGUHAMxLYc-PrevgKouJ3ZyM7ktu56ftjo/sendDocument "HTTP/1.1 200 OK"]
[2024-04-26 14:26:17,232]: [_trace.py]: atrace: 85:       DEBUG:    [receive_response_body.started request=<Request [b'POST']>]
[2024-04-26 14:26:17,232]: [_trace.py]: atrace: 85:       DEBUG:    [receive_response_body.complete]
[2024-04-26 14:26:17,232]: [_trace.py]: atrace: 85:       DEBUG:    [response_closed.started]
[2024-04-26 14:26:17,232]: [_trace.py]: atrace: 85:       DEBUG:    [response_closed.complete]
[2024-04-26 14:26:17,232]: [_bot.py]: _do_post: 652:       DEBUG:    [Call to Bot API endpoint `sendDocument` finished with return value `{'message_id': 301, 'from': {'id': 6030805959, 'is_bot': True, 'first_name': 'TyPHoone_bot', 'username': 'TyPHoone_Project_bot'}, 'chat': {'id': -4119703192, 'title': 'Robocop', 'type': 'group', 'all_members_are_administrators': True}, 'date': 1714141577, 'document': {'file_name': '4-Nawdani.png', 'mime_type': 'image/png', 'thumbnail': {'file_id': 'AAMCBAADGQMAAgEtZiu5if6nbt5gkDOT4hif2FlGaPYAAqcWAALuyGBRaXUD-tSJOpkBAAdtAAM0BA', 'file_unique_id': 'AQADpxYAAu7IYFFy', 'file_size': 32369, 'width': 320, 'height': 320}, 'thumb': {'file_id': 'AAMCBAADGQMAAgEtZiu5if6nbt5gkDOT4hif2FlGaPYAAqcWAALuyGBRaXUD-tSJOpkBAAdtAAM0BA', 'file_unique_id': 'AQADpxYAAu7IYFFy', 'file_size': 32369, 'width': 320, 'height': 320}, 'file_id': 'BQACAgQAAxkDAAIBLWYruYn-p27eYJAzk-IYn9hZRmj2AAKnFgAC7shgUWl1A_rUiTqZNAQ', 'file_unique_id': 'AgADpxYAAu7IYFE', 'file_size': 724873}}`]
[2024-04-26 14:26:17,233]: [_bot.py]: _do_post: 643:       DEBUG:    [Calling Bot API endpoint `sendDocument` with parameters `{'chat_id': '-4119703192', 'document': <telegram._files.inputfile.InputFile object at 0x7f7cf7b33480>}`]
[2024-04-26 14:26:17,233]: [_trace.py]: atrace: 85:       DEBUG:    [send_request_headers.started request=<Request [b'POST']>]
[2024-04-26 14:26:17,233]: [_trace.py]: atrace: 85:       DEBUG:    [send_request_headers.complete]
[2024-04-26 14:26:17,233]: [_trace.py]: atrace: 85:       DEBUG:    [send_request_body.started request=<Request [b'POST']>]
[2024-04-26 14:26:17,234]: [_trace.py]: atrace: 85:       DEBUG:    [send_request_body.complete]
[2024-04-26 14:26:17,234]: [_trace.py]: atrace: 85:       DEBUG:    [receive_response_headers.started request=<Request [b'POST']>]
[2024-04-26 14:26:17,676]: [_trace.py]: atrace: 85:       DEBUG:    [receive_response_headers.complete return_value=(b'HTTP/1.1', 200, b'OK', [(b'Server', b'nginx/1.18.0'), (b'Date', b'Fri, 26 Apr 2024 14:26:17 GMT'), (b'Content-Type', b'application/json'), (b'Content-Length', b'822'), (b'Connection', b'keep-alive'), (b'Strict-Transport-Security', b'max-age=31536000; includeSubDomains; preload'), (b'Access-Control-Allow-Origin', b'*'), (b'Access-Control-Allow-Methods', b'GET, POST, OPTIONS'), (b'Access-Control-Expose-Headers', b'Content-Length,Content-Type,Date,Server,Connection')])]
[2024-04-26 14:26:17,677]: [_client.py]: _send_single_request: 1773:       INFO:    [HTTP Request: POST https://api.telegram.org/bot6030805959:AAGUHAMxLYc-PrevgKouJ3ZyM7ktu56ftjo/sendDocument "HTTP/1.1 200 OK"]
[2024-04-26 14:26:17,677]: [_trace.py]: atrace: 85:       DEBUG:    [receive_response_body.started request=<Request [b'POST']>]
[2024-04-26 14:26:17,677]: [_trace.py]: atrace: 85:       DEBUG:    [receive_response_body.complete]
[2024-04-26 14:26:17,677]: [_trace.py]: atrace: 85:       DEBUG:    [response_closed.started]
[2024-04-26 14:26:17,677]: [_trace.py]: atrace: 85:       DEBUG:    [response_closed.complete]
[2024-04-26 14:26:17,677]: [_bot.py]: _do_post: 652:       DEBUG:    [Call to Bot API endpoint `sendDocument` finished with return value `{'message_id': 302, 'from': {'id': 6030805959, 'is_bot': True, 'first_name': 'TyPHoone_bot', 'username': 'TyPHoone_Project_bot'}, 'chat': {'id': -4119703192, 'title': 'Robocop', 'type': 'group', 'all_members_are_administrators': True}, 'date': 1714141577, 'document': {'file_name': '3-Profill.png', 'mime_type': 'image/png', 'thumbnail': {'file_id': 'AAMCBAADGQMAAgEuZiu5iSLfCrRwDx6_OXlLc6IqGYYAAqgWAALuyGBRsGEKuZyMcPEBAAdtAAM0BA', 'file_unique_id': 'AQADqBYAAu7IYFFy', 'file_size': 31969, 'width': 320, 'height': 320}, 'thumb': {'file_id': 'AAMCBAADGQMAAgEuZiu5iSLfCrRwDx6_OXlLc6IqGYYAAqgWAALuyGBRsGEKuZyMcPEBAAdtAAM0BA', 'file_unique_id': 'AQADqBYAAu7IYFFy', 'file_size': 31969, 'width': 320, 'height': 320}, 'file_id': 'BQACAgQAAxkDAAIBLmYruYki3wq0cA8evzl5S3OiKhmGAAKoFgAC7shgUbBhCrmcjHDxNAQ', 'file_unique_id': 'AgADqBYAAu7IYFE', 'file_size': 668049}}`]
[2024-04-26 14:26:17,678]: [_bot.py]: _do_post: 643:       DEBUG:    [Calling Bot API endpoint `sendDocument` with parameters `{'chat_id': '-4119703192', 'document': <telegram._files.inputfile.InputFile object at 0x7f7d02770fc0>}`]
[2024-04-26 14:26:17,678]: [_trace.py]: atrace: 85:       DEBUG:    [send_request_headers.started request=<Request [b'POST']>]
[2024-04-26 14:26:17,678]: [_trace.py]: atrace: 85:       DEBUG:    [send_request_headers.complete]
[2024-04-26 14:26:17,678]: [_trace.py]: atrace: 85:       DEBUG:    [send_request_body.started request=<Request [b'POST']>]
[2024-04-26 14:26:17,679]: [_trace.py]: atrace: 85:       DEBUG:    [send_request_body.complete]
[2024-04-26 14:26:17,679]: [_trace.py]: atrace: 85:       DEBUG:    [receive_response_headers.started request=<Request [b'POST']>]
[2024-04-26 14:26:18,099]: [_trace.py]: atrace: 85:       DEBUG:    [receive_response_headers.complete return_value=(b'HTTP/1.1', 200, b'OK', [(b'Server', b'nginx/1.18.0'), (b'Date', b'Fri, 26 Apr 2024 14:26:18 GMT'), (b'Content-Type', b'application/json'), (b'Content-Length', b'828'), (b'Connection', b'keep-alive'), (b'Strict-Transport-Security', b'max-age=31536000; includeSubDomains; preload'), (b'Access-Control-Allow-Origin', b'*'), (b'Access-Control-Allow-Methods', b'GET, POST, OPTIONS'), (b'Access-Control-Expose-Headers', b'Content-Length,Content-Type,Date,Server,Connection')])]
[2024-04-26 14:26:18,099]: [_client.py]: _send_single_request: 1773:       INFO:    [HTTP Request: POST https://api.telegram.org/bot6030805959:AAGUHAMxLYc-PrevgKouJ3ZyM7ktu56ftjo/sendDocument "HTTP/1.1 200 OK"]
[2024-04-26 14:26:18,099]: [_trace.py]: atrace: 85:       DEBUG:    [receive_response_body.started request=<Request [b'POST']>]
[2024-04-26 14:26:18,099]: [_trace.py]: atrace: 85:       DEBUG:    [receive_response_body.complete]
[2024-04-26 14:26:18,099]: [_trace.py]: atrace: 85:       DEBUG:    [response_closed.started]
[2024-04-26 14:26:18,099]: [_trace.py]: atrace: 85:       DEBUG:    [response_closed.complete]
[2024-04-26 14:26:18,100]: [_bot.py]: _do_post: 652:       DEBUG:    [Call to Bot API endpoint `sendDocument` finished with return value `{'message_id': 303, 'from': {'id': 6030805959, 'is_bot': True, 'first_name': 'TyPHoone_bot', 'username': 'TyPHoone_Project_bot'}, 'chat': {'id': -4119703192, 'title': 'Robocop', 'type': 'group', 'all_members_are_administrators': True}, 'date': 1714141578, 'document': {'file_name': '7-Tasme_Maftoul.png', 'mime_type': 'image/png', 'thumbnail': {'file_id': 'AAMCBAADGQMAAgEvZiu5ibvkhEY11N_BqpMlj14JSNwAAqkWAALuyGBRfb8JRmu6nawBAAdtAAM0BA', 'file_unique_id': 'AQADqRYAAu7IYFFy', 'file_size': 35245, 'width': 320, 'height': 320}, 'thumb': {'file_id': 'AAMCBAADGQMAAgEvZiu5ibvkhEY11N_BqpMlj14JSNwAAqkWAALuyGBRfb8JRmu6nawBAAdtAAM0BA', 'file_unique_id': 'AQADqRYAAu7IYFFy', 'file_size': 35245, 'width': 320, 'height': 320}, 'file_id': 'BQACAgQAAxkDAAIBL2YruYm75IRGNdTfwaqTJY9eCUjcAAKpFgAC7shgUX2_CUZrup2sNAQ', 'file_unique_id': 'AgADqRYAAu7IYFE', 'file_size': 694602}}`]
[2024-04-26 14:26:18,100]: [_bot.py]: _do_post: 643:       DEBUG:    [Calling Bot API endpoint `sendDocument` with parameters `{'chat_id': '-4119703192', 'document': <telegram._files.inputfile.InputFile object at 0x7f7cf70bc400>}`]
[2024-04-26 14:26:18,101]: [_trace.py]: atrace: 85:       DEBUG:    [send_request_headers.started request=<Request [b'POST']>]
[2024-04-26 14:26:18,101]: [_trace.py]: atrace: 85:       DEBUG:    [send_request_headers.complete]
[2024-04-26 14:26:18,101]: [_trace.py]: atrace: 85:       DEBUG:    [send_request_body.started request=<Request [b'POST']>]
[2024-04-26 14:26:18,102]: [_trace.py]: atrace: 85:       DEBUG:    [send_request_body.complete]
[2024-04-26 14:26:18,103]: [_trace.py]: atrace: 85:       DEBUG:    [receive_response_headers.started request=<Request [b'POST']>]
[2024-04-26 14:26:18,682]: [_trace.py]: atrace: 85:       DEBUG:    [receive_response_headers.complete return_value=(b'HTTP/1.1', 200, b'OK', [(b'Server', b'nginx/1.18.0'), (b'Date', b'Fri, 26 Apr 2024 14:26:18 GMT'), (b'Content-Type', b'application/json'), (b'Content-Length', b'825'), (b'Connection', b'keep-alive'), (b'Strict-Transport-Security', b'max-age=31536000; includeSubDomains; preload'), (b'Access-Control-Allow-Origin', b'*'), (b'Access-Control-Allow-Methods', b'GET, POST, OPTIONS'), (b'Access-Control-Expose-Headers', b'Content-Length,Content-Type,Date,Server,Connection')])]
[2024-04-26 14:26:18,682]: [_client.py]: _send_single_request: 1773:       INFO:    [HTTP Request: POST https://api.telegram.org/bot6030805959:AAGUHAMxLYc-PrevgKouJ3ZyM7ktu56ftjo/sendDocument "HTTP/1.1 200 OK"]
[2024-04-26 14:26:18,682]: [_trace.py]: atrace: 85:       DEBUG:    [receive_response_body.started request=<Request [b'POST']>]
[2024-04-26 14:26:18,682]: [_trace.py]: atrace: 85:       DEBUG:    [receive_response_body.complete]
[2024-04-26 14:26:18,682]: [_trace.py]: atrace: 85:       DEBUG:    [response_closed.started]
[2024-04-26 14:26:18,683]: [_trace.py]: atrace: 85:       DEBUG:    [response_closed.complete]
[2024-04-26 14:26:18,683]: [_bot.py]: _do_post: 652:       DEBUG:    [Call to Bot API endpoint `sendDocument` finished with return value `{'message_id': 304, 'from': {'id': 6030805959, 'is_bot': True, 'first_name': 'TyPHoone_bot', 'username': 'TyPHoone_Project_bot'}, 'chat': {'id': -4119703192, 'title': 'Robocop', 'type': 'group', 'all_members_are_administrators': True}, 'date': 1714141578, 'document': {'file_name': '8-Khamoot.png', 'mime_type': 'image/png', 'thumbnail': {'file_id': 'AAMCBAADGQMAAgEwZiu5ihZwbarMoAazIgABxG1lY2k0AAKqFgAC7shgUck0RwNaeRAnAQAHbQADNAQ', 'file_unique_id': 'AQADqhYAAu7IYFFy', 'file_size': 26974, 'width': 320, 'height': 320}, 'thumb': {'file_id': 'AAMCBAADGQMAAgEwZiu5ihZwbarMoAazIgABxG1lY2k0AAKqFgAC7shgUck0RwNaeRAnAQAHbQADNAQ', 'file_unique_id': 'AQADqhYAAu7IYFFy', 'file_size': 26974, 'width': 320, 'height': 320}, 'file_id': 'BQACAgQAAxkDAAIBMGYruYoWcG2qzKAGsyIAAcRtZWNpNAACqhYAAu7IYFHJNEcDWnkQJzQE', 'file_unique_id': 'AgADqhYAAu7IYFE', 'file_size': 673373}}`]
[2024-04-26 14:26:18,683]: [_bot.py]: _do_post: 643:       DEBUG:    [Calling Bot API endpoint `sendDocument` with parameters `{'chat_id': '-4119703192', 'document': <telegram._files.inputfile.InputFile object at 0x7f7cf7062bc0>}`]
[2024-04-26 14:26:18,684]: [_trace.py]: atrace: 85:       DEBUG:    [send_request_headers.started request=<Request [b'POST']>]
[2024-04-26 14:26:18,684]: [_trace.py]: atrace: 85:       DEBUG:    [send_request_headers.complete]
[2024-04-26 14:26:18,684]: [_trace.py]: atrace: 85:       DEBUG:    [send_request_body.started request=<Request [b'POST']>]
[2024-04-26 14:26:18,685]: [_trace.py]: atrace: 85:       DEBUG:    [send_request_body.complete]
[2024-04-26 14:26:18,685]: [_trace.py]: atrace: 85:       DEBUG:    [receive_response_headers.started request=<Request [b'POST']>]
[2024-04-26 14:26:22,215]: [_trace.py]: atrace: 85:       DEBUG:    [receive_response_headers.complete return_value=(b'HTTP/1.1', 200, b'OK', [(b'Server', b'nginx/1.18.0'), (b'Date', b'Fri, 26 Apr 2024 14:26:22 GMT'), (b'Content-Type', b'application/json'), (b'Content-Length', b'820'), (b'Connection', b'keep-alive'), (b'Strict-Transport-Security', b'max-age=31536000; includeSubDomains; preload'), (b'Access-Control-Allow-Origin', b'*'), (b'Access-Control-Allow-Methods', b'GET, POST, OPTIONS'), (b'Access-Control-Expose-Headers', b'Content-Length,Content-Type,Date,Server,Connection')])]
[2024-04-26 14:26:22,216]: [_client.py]: _send_single_request: 1773:       INFO:    [HTTP Request: POST https://api.telegram.org/bot6030805959:AAGUHAMxLYc-PrevgKouJ3ZyM7ktu56ftjo/sendDocument "HTTP/1.1 200 OK"]
[2024-04-26 14:26:22,216]: [_trace.py]: atrace: 85:       DEBUG:    [receive_response_body.started request=<Request [b'POST']>]
[2024-04-26 14:26:22,216]: [_trace.py]: atrace: 85:       DEBUG:    [receive_response_body.complete]
[2024-04-26 14:26:22,216]: [_trace.py]: atrace: 85:       DEBUG:    [response_closed.started]
[2024-04-26 14:26:22,216]: [_trace.py]: atrace: 85:       DEBUG:    [response_closed.complete]
[2024-04-26 14:26:22,216]: [_bot.py]: _do_post: 652:       DEBUG:    [Call to Bot API endpoint `sendDocument` finished with return value `{'message_id': 305, 'from': {'id': 6030805959, 'is_bot': True, 'first_name': 'TyPHoone_bot', 'username': 'TyPHoone_Project_bot'}, 'chat': {'id': -4119703192, 'title': 'Robocop', 'type': 'group', 'all_members_are_administrators': True}, 'date': 1714141582, 'document': {'file_name': '0-cover.png', 'mime_type': 'image/png', 'thumbnail': {'file_id': 'AAMCBAADGQMAAgExZiu5jZb7GPZNcBTj93Fi_9Y7xq0AAqsWAALuyGBRSnEtuGZUyBYBAAdtAAM0BA', 'file_unique_id': 'AQADqxYAAu7IYFFy', 'file_size': 33658, 'width': 320, 'height': 320}, 'thumb': {'file_id': 'AAMCBAADGQMAAgExZiu5jZb7GPZNcBTj93Fi_9Y7xq0AAqsWAALuyGBRSnEtuGZUyBYBAAdtAAM0BA', 'file_unique_id': 'AQADqxYAAu7IYFFy', 'file_size': 33658, 'width': 320, 'height': 320}, 'file_id': 'BQACAgQAAxkDAAIBMWYruY2W-xj2TXAU4_dxYv_WO8atAAKrFgAC7shgUUpxLbhmVMgWNAQ', 'file_unique_id': 'AgADqxYAAu7IYFE', 'file_size': 832102}}`]
[2024-04-26 14:26:22,217]: [_trace.py]: atrace: 85:       DEBUG:    [close.started]
[2024-04-26 14:26:22,217]: [_trace.py]: atrace: 85:       DEBUG:    [close.complete]
[2024-04-26 14:26:22,217]: [_config.py]: load_ssl_context: 80:       DEBUG:    [load_ssl_context verify=True cert=None trust_env=True http2=False]
[2024-04-26 14:26:22,218]: [_config.py]: load_ssl_context_verify: 146:       DEBUG:    [load_verify_locations cafile='/opt/hostedtoolcache/Python/3.12.3/x64/lib/python3.12/site-packages/certifi/cacert.pem']
[2024-04-26 14:26:22,246]: [_config.py]: load_ssl_context: 80:       DEBUG:    [load_ssl_context verify=True cert=None trust_env=True http2=False]
[2024-04-26 14:26:22,246]: [_config.py]: load_ssl_context_verify: 146:       DEBUG:    [load_verify_locations cafile='/opt/hostedtoolcache/Python/3.12.3/x64/lib/python3.12/site-packages/certifi/cacert.pem']
[2024-04-26 14:26:22,274]: [_bot.py]: _do_post: 643:       DEBUG:    [Calling Bot API endpoint `getMe` with parameters `{}`]
[2024-04-26 14:26:22,274]: [_trace.py]: atrace: 85:       DEBUG:    [connect_tcp.started host='api.telegram.org' port=443 local_address=None timeout=5.0 socket_options=None]
[2024-04-26 14:26:22,363]: [_trace.py]: atrace: 85:       DEBUG:    [connect_tcp.complete return_value=<httpcore._backends.anyio.AnyIOStream object at 0x7f7cf70d8200>]
[2024-04-26 14:26:22,363]: [_trace.py]: atrace: 85:       DEBUG:    [start_tls.started ssl_context=<ssl.SSLContext object at 0x7f7cf73a0f50> server_hostname='api.telegram.org' timeout=5.0]
[2024-04-26 14:26:22,456]: [_trace.py]: atrace: 85:       DEBUG:    [start_tls.complete return_value=<httpcore._backends.anyio.AnyIOStream object at 0x7f7cf70a92b0>]
[2024-04-26 14:26:22,456]: [_trace.py]: atrace: 85:       DEBUG:    [send_request_headers.started request=<Request [b'POST']>]
[2024-04-26 14:26:22,457]: [_trace.py]: atrace: 85:       DEBUG:    [send_request_headers.complete]
[2024-04-26 14:26:22,457]: [_trace.py]: atrace: 85:       DEBUG:    [send_request_body.started request=<Request [b'POST']>]
[2024-04-26 14:26:22,457]: [_trace.py]: atrace: 85:       DEBUG:    [send_request_body.complete]
[2024-04-26 14:26:22,457]: [_trace.py]: atrace: 85:       DEBUG:    [receive_response_headers.started request=<Request [b'POST']>]
[2024-04-26 14:26:22,549]: [_trace.py]: atrace: 85:       DEBUG:    [receive_response_headers.complete return_value=(b'HTTP/1.1', 200, b'OK', [(b'Server', b'nginx/1.18.0'), (b'Date', b'Fri, 26 Apr 2024 14:26:22 GMT'), (b'Content-Type', b'application/json'), (b'Content-Length', b'237'), (b'Connection', b'keep-alive'), (b'Strict-Transport-Security', b'max-age=31536000; includeSubDomains; preload'), (b'Access-Control-Allow-Origin', b'*'), (b'Access-Control-Allow-Methods', b'GET, POST, OPTIONS'), (b'Access-Control-Expose-Headers', b'Content-Length,Content-Type,Date,Server,Connection')])]
[2024-04-26 14:26:22,550]: [_client.py]: _send_single_request: 1773:       INFO:    [HTTP Request: POST https://api.telegram.org/bot6030805959:AAGUHAMxLYc-PrevgKouJ3ZyM7ktu56ftjo/getMe "HTTP/1.1 200 OK"]
[2024-04-26 14:26:22,550]: [_trace.py]: atrace: 85:       DEBUG:    [receive_response_body.started request=<Request [b'POST']>]
[2024-04-26 14:26:22,550]: [_trace.py]: atrace: 85:       DEBUG:    [receive_response_body.complete]
[2024-04-26 14:26:22,550]: [_trace.py]: atrace: 85:       DEBUG:    [response_closed.started]
[2024-04-26 14:26:22,550]: [_trace.py]: atrace: 85:       DEBUG:    [response_closed.complete]
[2024-04-26 14:26:22,550]: [_bot.py]: _do_post: 652:       DEBUG:    [Call to Bot API endpoint `getMe` finished with return value `{'id': 6030805959, 'is_bot': True, 'first_name': 'TyPHoone_bot', 'username': 'TyPHoone_Project_bot', 'can_join_groups': True, 'can_read_all_group_messages': False, 'supports_inline_queries': False, 'can_connect_to_business': False}`]
[2024-04-26 14:26:22,551]: [_bot.py]: _do_post: 643:       DEBUG:    [Calling Bot API endpoint `sendDocument` with parameters `{'chat_id': '-4119703192', 'document': <telegram._files.inputfile.InputFile object at 0x7f7cf70c42c0>}`]
[2024-04-26 14:26:22,551]: [_trace.py]: atrace: 85:       DEBUG:    [send_request_headers.started request=<Request [b'POST']>]
[2024-04-26 14:26:22,551]: [_trace.py]: atrace: 85:       DEBUG:    [send_request_headers.complete]
[2024-04-26 14:26:22,551]: [_trace.py]: atrace: 85:       DEBUG:    [send_request_body.started request=<Request [b'POST']>]
[2024-04-26 14:26:22,905]: [_trace.py]: atrace: 85:       DEBUG:    [send_request_body.complete]
[2024-04-26 14:26:22,905]: [_trace.py]: atrace: 85:       DEBUG:    [receive_response_headers.started request=<Request [b'POST']>]
[2024-04-26 14:26:23,320]: [_trace.py]: atrace: 85:       DEBUG:    [receive_response_headers.complete return_value=(b'HTTP/1.1', 200, b'OK', [(b'Server', b'nginx/1.18.0'), (b'Date', b'Fri, 26 Apr 2024 14:26:23 GMT'), (b'Content-Type', b'application/json'), (b'Content-Length', b'823'), (b'Connection', b'keep-alive'), (b'Strict-Transport-Security', b'max-age=31536000; includeSubDomains; preload'), (b'Access-Control-Allow-Origin', b'*'), (b'Access-Control-Allow-Methods', b'GET, POST, OPTIONS'), (b'Access-Control-Expose-Headers', b'Content-Length,Content-Type,Date,Server,Connection')])]
[2024-04-26 14:26:23,320]: [_client.py]: _send_single_request: 1773:       INFO:    [HTTP Request: POST https://api.telegram.org/bot6030805959:AAGUHAMxLYc-PrevgKouJ3ZyM7ktu56ftjo/sendDocument "HTTP/1.1 200 OK"]
[2024-04-26 14:26:23,321]: [_trace.py]: atrace: 85:       DEBUG:    [receive_response_body.started request=<Request [b'POST']>]
[2024-04-26 14:26:23,321]: [_trace.py]: atrace: 85:       DEBUG:    [receive_response_body.complete]
[2024-04-26 14:26:23,321]: [_trace.py]: atrace: 85:       DEBUG:    [response_closed.started]
[2024-04-26 14:26:23,321]: [_trace.py]: atrace: 85:       DEBUG:    [response_closed.complete]
[2024-04-26 14:26:23,321]: [_bot.py]: _do_post: 652:       DEBUG:    [Call to Bot API endpoint `sendDocument` finished with return value `{'message_id': 306, 'from': {'id': 6030805959, 'is_bot': True, 'first_name': 'TyPHoone_bot', 'username': 'TyPHoone_Project_bot'}, 'chat': {'id': -4119703192, 'title': 'Robocop', 'type': 'group', 'all_members_are_administrators': True}, 'date': 1714141583, 'document': {'file_name': '1-Tir_Ahan.png', 'mime_type': 'image/png', 'thumbnail': {'file_id': 'AAMCBAADGQMAAgEyZiu5jxlNrzsd3bWp-EAdy2hCxFQAAqwWAALuyGBRXjHgqYFiZH8BAAdtAAM0BA', 'file_unique_id': 'AQADrBYAAu7IYFFy', 'file_size': 39323, 'width': 320, 'height': 320}, 'thumb': {'file_id': 'AAMCBAADGQMAAgEyZiu5jxlNrzsd3bWp-EAdy2hCxFQAAqwWAALuyGBRXjHgqYFiZH8BAAdtAAM0BA', 'file_unique_id': 'AQADrBYAAu7IYFFy', 'file_size': 39323, 'width': 320, 'height': 320}, 'file_id': 'BQACAgQAAxkDAAIBMmYruY8ZTa87Hd21qfhAHctoQsRUAAKsFgAC7shgUV4x4KmBYmR_NAQ', 'file_unique_id': 'AgADrBYAAu7IYFE', 'file_size': 824492}}`]
[2024-04-26 14:26:23,322]: [_bot.py]: _do_post: 643:       DEBUG:    [Calling Bot API endpoint `sendDocument` with parameters `{'chat_id': '-4119703192', 'document': <telegram._files.inputfile.InputFile object at 0x7f7cf70c4bc0>}`]
[2024-04-26 14:26:23,322]: [_trace.py]: atrace: 85:       DEBUG:    [send_request_headers.started request=<Request [b'POST']>]
[2024-04-26 14:26:23,322]: [_trace.py]: atrace: 85:       DEBUG:    [send_request_headers.complete]
[2024-04-26 14:26:23,322]: [_trace.py]: atrace: 85:       DEBUG:    [send_request_body.started request=<Request [b'POST']>]
[2024-04-26 14:26:23,323]: [_trace.py]: atrace: 85:       DEBUG:    [send_request_body.complete]
[2024-04-26 14:26:23,323]: [_trace.py]: atrace: 85:       DEBUG:    [receive_response_headers.started request=<Request [b'POST']>]
[2024-04-26 14:26:23,699]: [_trace.py]: atrace: 85:       DEBUG:    [receive_response_headers.complete return_value=(b'HTTP/1.1', 200, b'OK', [(b'Server', b'nginx/1.18.0'), (b'Date', b'Fri, 26 Apr 2024 14:26:23 GMT'), (b'Content-Type', b'application/json'), (b'Content-Length', b'830'), (b'Connection', b'keep-alive'), (b'Strict-Transport-Security', b'max-age=31536000; includeSubDomains; preload'), (b'Access-Control-Allow-Origin', b'*'), (b'Access-Control-Allow-Methods', b'GET, POST, OPTIONS'), (b'Access-Control-Expose-Headers', b'Content-Length,Content-Type,Date,Server,Connection')])]
[2024-04-26 14:26:23,699]: [_client.py]: _send_single_request: 1773:       INFO:    [HTTP Request: POST https://api.telegram.org/bot6030805959:AAGUHAMxLYc-PrevgKouJ3ZyM7ktu56ftjo/sendDocument "HTTP/1.1 200 OK"]
[2024-04-26 14:26:23,699]: [_trace.py]: atrace: 85:       DEBUG:    [receive_response_body.started request=<Request [b'POST']>]
[2024-04-26 14:26:23,700]: [_trace.py]: atrace: 85:       DEBUG:    [receive_response_body.complete]
[2024-04-26 14:26:23,700]: [_trace.py]: atrace: 85:       DEBUG:    [response_closed.started]
[2024-04-26 14:26:23,700]: [_trace.py]: atrace: 85:       DEBUG:    [response_closed.complete]
[2024-04-26 14:26:23,700]: [_bot.py]: _do_post: 652:       DEBUG:    [Call to Bot API endpoint `sendDocument` finished with return value `{'message_id': 307, 'from': {'id': 6030805959, 'is_bot': True, 'first_name': 'TyPHoone_bot', 'username': 'TyPHoone_Project_bot'}, 'chat': {'id': -4119703192, 'title': 'Robocop', 'type': 'group', 'all_members_are_administrators': True}, 'date': 1714141583, 'document': {'file_name': '9-Waraq_Galwanize.png', 'mime_type': 'image/png', 'thumbnail': {'file_id': 'AAMCBAADGQMAAgEzZiu5jwP1WQIMKbRupexMc6OZSTsAAq0WAALuyGBRKdpEaMQyNA4BAAdtAAM0BA', 'file_unique_id': 'AQADrRYAAu7IYFFy', 'file_size': 39436, 'width': 320, 'height': 320}, 'thumb': {'file_id': 'AAMCBAADGQMAAgEzZiu5jwP1WQIMKbRupexMc6OZSTsAAq0WAALuyGBRKdpEaMQyNA4BAAdtAAM0BA', 'file_unique_id': 'AQADrRYAAu7IYFFy', 'file_size': 39436, 'width': 320, 'height': 320}, 'file_id': 'BQACAgQAAxkDAAIBM2YruY8D9VkCDCm0bqXsTHOjmUk7AAKtFgAC7shgUSnaRGjEMjQONAQ', 'file_unique_id': 'AgADrRYAAu7IYFE', 'file_size': 764419}}`]
[2024-04-26 14:26:23,701]: [_bot.py]: _do_post: 643:       DEBUG:    [Calling Bot API endpoint `sendDocument` with parameters `{'chat_id': '-4119703192', 'document': <telegram._files.inputfile.InputFile object at 0x7f7cf6f4e480>}`]
[2024-04-26 14:26:23,701]: [_trace.py]: atrace: 85:       DEBUG:    [send_request_headers.started request=<Request [b'POST']>]
[2024-04-26 14:26:23,702]: [_trace.py]: atrace: 85:       DEBUG:    [send_request_headers.complete]
[2024-04-26 14:26:23,702]: [_trace.py]: atrace: 85:       DEBUG:    [send_request_body.started request=<Request [b'POST']>]
[2024-04-26 14:26:23,703]: [_trace.py]: atrace: 85:       DEBUG:    [send_request_body.complete]
[2024-04-26 14:26:23,704]: [_trace.py]: atrace: 85:       DEBUG:    [receive_response_headers.started request=<Request [b'POST']>]
[2024-04-26 14:26:24,096]: [_trace.py]: atrace: 85:       DEBUG:    [receive_response_headers.complete return_value=(b'HTTP/1.1', 200, b'OK', [(b'Server', b'nginx/1.18.0'), (b'Date', b'Fri, 26 Apr 2024 14:26:24 GMT'), (b'Content-Type', b'application/json'), (b'Content-Length', b'822'), (b'Connection', b'keep-alive'), (b'Strict-Transport-Security', b'max-age=31536000; includeSubDomains; preload'), (b'Access-Control-Allow-Origin', b'*'), (b'Access-Control-Allow-Methods', b'GET, POST, OPTIONS'), (b'Access-Control-Expose-Headers', b'Content-Length,Content-Type,Date,Server,Connection')])]
[2024-04-26 14:26:24,096]: [_client.py]: _send_single_request: 1773:       INFO:    [HTTP Request: POST https://api.telegram.org/bot6030805959:AAGUHAMxLYc-PrevgKouJ3ZyM7ktu56ftjo/sendDocument "HTTP/1.1 200 OK"]
[2024-04-26 14:26:24,096]: [_trace.py]: atrace: 85:       DEBUG:    [receive_response_body.started request=<Request [b'POST']>]
[2024-04-26 14:26:24,096]: [_trace.py]: atrace: 85:       DEBUG:    [receive_response_body.complete]
[2024-04-26 14:26:24,096]: [_trace.py]: atrace: 85:       DEBUG:    [response_closed.started]
[2024-04-26 14:26:24,096]: [_trace.py]: atrace: 85:       DEBUG:    [response_closed.complete]
[2024-04-26 14:26:24,096]: [_bot.py]: _do_post: 652:       DEBUG:    [Call to Bot API endpoint `sendDocument` finished with return value `{'message_id': 308, 'from': {'id': 6030805959, 'is_bot': True, 'first_name': 'TyPHoone_bot', 'username': 'TyPHoone_Project_bot'}, 'chat': {'id': -4119703192, 'title': 'Robocop', 'type': 'group', 'all_members_are_administrators': True}, 'date': 1714141584, 'document': {'file_name': '2-Milgerd.png', 'mime_type': 'image/png', 'thumbnail': {'file_id': 'AAMCBAADGQMAAgE0Ziu5j7QnvdX2-rPJSJBVn0BVwdoAAq4WAALuyGBRf9U86nK5xLEBAAdtAAM0BA', 'file_unique_id': 'AQADrhYAAu7IYFFy', 'file_size': 43384, 'width': 320, 'height': 320}, 'thumb': {'file_id': 'AAMCBAADGQMAAgE0Ziu5j7QnvdX2-rPJSJBVn0BVwdoAAq4WAALuyGBRf9U86nK5xLEBAAdtAAM0BA', 'file_unique_id': 'AQADrhYAAu7IYFFy', 'file_size': 43384, 'width': 320, 'height': 320}, 'file_id': 'BQACAgQAAxkDAAIBNGYruY-0J73V9vqzyUiQVZ9AVcHaAAKuFgAC7shgUX_VPOpyucSxNAQ', 'file_unique_id': 'AgADrhYAAu7IYFE', 'file_size': 705635}}`]
[2024-04-26 14:26:24,097]: [_bot.py]: _do_post: 643:       DEBUG:    [Calling Bot API endpoint `sendDocument` with parameters `{'chat_id': '-4119703192', 'document': <telegram._files.inputfile.InputFile object at 0x7f7cf7099a00>}`]
[2024-04-26 14:26:24,097]: [_trace.py]: atrace: 85:       DEBUG:    [send_request_headers.started request=<Request [b'POST']>]
[2024-04-26 14:26:24,098]: [_trace.py]: atrace: 85:       DEBUG:    [send_request_headers.complete]
[2024-04-26 14:26:24,098]: [_trace.py]: atrace: 85:       DEBUG:    [send_request_body.started request=<Request [b'POST']>]
[2024-04-26 14:26:24,099]: [_trace.py]: atrace: 85:       DEBUG:    [send_request_body.complete]
[2024-04-26 14:26:24,099]: [_trace.py]: atrace: 85:       DEBUG:    [receive_response_headers.started request=<Request [b'POST']>]
[2024-04-26 14:26:24,494]: [_trace.py]: atrace: 85:       DEBUG:    [receive_response_headers.complete return_value=(b'HTTP/1.1', 200, b'OK', [(b'Server', b'nginx/1.18.0'), (b'Date', b'Fri, 26 Apr 2024 14:26:24 GMT'), (b'Content-Type', b'application/json'), (b'Content-Length', b'821'), (b'Connection', b'keep-alive'), (b'Strict-Transport-Security', b'max-age=31536000; includeSubDomains; preload'), (b'Access-Control-Allow-Origin', b'*'), (b'Access-Control-Allow-Methods', b'GET, POST, OPTIONS'), (b'Access-Control-Expose-Headers', b'Content-Length,Content-Type,Date,Server,Connection')])]
[2024-04-26 14:26:24,494]: [_client.py]: _send_single_request: 1773:       INFO:    [HTTP Request: POST https://api.telegram.org/bot6030805959:AAGUHAMxLYc-PrevgKouJ3ZyM7ktu56ftjo/sendDocument "HTTP/1.1 200 OK"]
[2024-04-26 14:26:24,494]: [_trace.py]: atrace: 85:       DEBUG:    [receive_response_body.started request=<Request [b'POST']>]
[2024-04-26 14:26:24,494]: [_trace.py]: atrace: 85:       DEBUG:    [receive_response_body.complete]
[2024-04-26 14:26:24,494]: [_trace.py]: atrace: 85:       DEBUG:    [response_closed.started]
[2024-04-26 14:26:24,494]: [_trace.py]: atrace: 85:       DEBUG:    [response_closed.complete]
[2024-04-26 14:26:24,495]: [_bot.py]: _do_post: 652:       DEBUG:    [Call to Bot API endpoint `sendDocument` finished with return value `{'message_id': 309, 'from': {'id': 6030805959, 'is_bot': True, 'first_name': 'TyPHoone_bot', 'username': 'TyPHoone_Project_bot'}, 'chat': {'id': -4119703192, 'title': 'Robocop', 'type': 'group', 'all_members_are_administrators': True}, 'date': 1714141584, 'document': {'file_name': '5-Nabshi.png', 'mime_type': 'image/png', 'thumbnail': {'file_id': 'AAMCBAADGQMAAgE1Ziu5kJ0FHF1eKg2_aLC4Fb1Gvu8AAq8WAALuyGBRpJhwAsjX-YsBAAdtAAM0BA', 'file_unique_id': 'AQADrxYAAu7IYFFy', 'file_size': 32735, 'width': 320, 'height': 320}, 'thumb': {'file_id': 'AAMCBAADGQMAAgE1Ziu5kJ0FHF1eKg2_aLC4Fb1Gvu8AAq8WAALuyGBRpJhwAsjX-YsBAAdtAAM0BA', 'file_unique_id': 'AQADrxYAAu7IYFFy', 'file_size': 32735, 'width': 320, 'height': 320}, 'file_id': 'BQACAgQAAxkDAAIBNWYruZCdBRxdXioNv2iwuBW9Rr7vAAKvFgAC7shgUaSYcALI1_mLNAQ', 'file_unique_id': 'AgADrxYAAu7IYFE', 'file_size': 850214}}`]
[2024-04-26 14:26:24,495]: [_bot.py]: _do_post: 643:       DEBUG:    [Calling Bot API endpoint `sendDocument` with parameters `{'chat_id': '-4119703192', 'document': <telegram._files.inputfile.InputFile object at 0x7f7cf7e71ec0>}`]
[2024-04-26 14:26:24,496]: [_trace.py]: atrace: 85:       DEBUG:    [send_request_headers.started request=<Request [b'POST']>]
[2024-04-26 14:26:24,496]: [_trace.py]: atrace: 85:       DEBUG:    [send_request_headers.complete]
[2024-04-26 14:26:24,496]: [_trace.py]: atrace: 85:       DEBUG:    [send_request_body.started request=<Request [b'POST']>]
[2024-04-26 14:26:24,497]: [_trace.py]: atrace: 85:       DEBUG:    [send_request_body.complete]
[2024-04-26 14:26:24,497]: [_trace.py]: atrace: 85:       DEBUG:    [receive_response_headers.started request=<Request [b'POST']>]
[2024-04-26 14:26:27,759]: [_trace.py]: atrace: 85:       DEBUG:    [receive_response_headers.complete return_value=(b'HTTP/1.1', 200, b'OK', [(b'Server', b'nginx/1.18.0'), (b'Date', b'Fri, 26 Apr 2024 14:26:27 GMT'), (b'Content-Type', b'application/json'), (b'Content-Length', b'825'), (b'Connection', b'keep-alive'), (b'Strict-Transport-Security', b'max-age=31536000; includeSubDomains; preload'), (b'Access-Control-Allow-Origin', b'*'), (b'Access-Control-Allow-Methods', b'GET, POST, OPTIONS'), (b'Access-Control-Expose-Headers', b'Content-Length,Content-Type,Date,Server,Connection')])]
[2024-04-26 14:26:27,760]: [_client.py]: _send_single_request: 1773:       INFO:    [HTTP Request: POST https://api.telegram.org/bot6030805959:AAGUHAMxLYc-PrevgKouJ3ZyM7ktu56ftjo/sendDocument "HTTP/1.1 200 OK"]
[2024-04-26 14:26:27,760]: [_trace.py]: atrace: 85:       DEBUG:    [receive_response_body.started request=<Request [b'POST']>]
[2024-04-26 14:26:27,760]: [_trace.py]: atrace: 85:       DEBUG:    [receive_response_body.complete]
[2024-04-26 14:26:27,760]: [_trace.py]: atrace: 85:       DEBUG:    [response_closed.started]
[2024-04-26 14:26:27,760]: [_trace.py]: atrace: 85:       DEBUG:    [response_closed.complete]
[2024-04-26 14:26:27,760]: [_bot.py]: _do_post: 652:       DEBUG:    [Call to Bot API endpoint `sendDocument` finished with return value `{'message_id': 310, 'from': {'id': 6030805959, 'is_bot': True, 'first_name': 'TyPHoone_bot', 'username': 'TyPHoone_Project_bot'}, 'chat': {'id': -4119703192, 'title': 'Robocop', 'type': 'group', 'all_members_are_administrators': True}, 'date': 1714141587, 'document': {'file_name': '6-Waraq_Siah.png', 'mime_type': 'image/png', 'thumbnail': {'file_id': 'AAMCBAADGQMAAgE2Ziu5kw4qqpqbHlSnX-5q4dsWKZ8AArAWAALuyGBRDDCjiXks1vkBAAdtAAM0BA', 'file_unique_id': 'AQADsBYAAu7IYFFy', 'file_size': 44011, 'width': 320, 'height': 320}, 'thumb': {'file_id': 'AAMCBAADGQMAAgE2Ziu5kw4qqpqbHlSnX-5q4dsWKZ8AArAWAALuyGBRDDCjiXks1vkBAAdtAAM0BA', 'file_unique_id': 'AQADsBYAAu7IYFFy', 'file_size': 44011, 'width': 320, 'height': 320}, 'file_id': 'BQACAgQAAxkDAAIBNmYruZMOKqqamx5Up1_uauHbFimfAAKwFgAC7shgUQwwo4l5LNb5NAQ', 'file_unique_id': 'AgADsBYAAu7IYFE', 'file_size': 709535}}`]
[2024-04-26 14:26:27,761]: [_bot.py]: _do_post: 643:       DEBUG:    [Calling Bot API endpoint `sendDocument` with parameters `{'chat_id': '-4119703192', 'document': <telegram._files.inputfile.InputFile object at 0x7f7cf7099a00>}`]
[2024-04-26 14:26:27,761]: [_trace.py]: atrace: 85:       DEBUG:    [send_request_headers.started request=<Request [b'POST']>]
[2024-04-26 14:26:27,761]: [_trace.py]: atrace: 85:       DEBUG:    [send_request_headers.complete]
[2024-04-26 14:26:27,761]: [_trace.py]: atrace: 85:       DEBUG:    [send_request_body.started request=<Request [b'POST']>]
[2024-04-26 14:26:27,763]: [_trace.py]: atrace: 85:       DEBUG:    [send_request_body.complete]
[2024-04-26 14:26:27,763]: [_trace.py]: atrace: 85:       DEBUG:    [receive_response_headers.started request=<Request [b'POST']>]
[2024-04-26 14:26:28,441]: [_trace.py]: atrace: 85:       DEBUG:    [receive_response_headers.complete return_value=(b'HTTP/1.1', 200, b'OK', [(b'Server', b'nginx/1.18.0'), (b'Date', b'Fri, 26 Apr 2024 14:26:28 GMT'), (b'Content-Type', b'application/json'), (b'Content-Length', b'822'), (b'Connection', b'keep-alive'), (b'Strict-Transport-Security', b'max-age=31536000; includeSubDomains; preload'), (b'Access-Control-Allow-Origin', b'*'), (b'Access-Control-Allow-Methods', b'GET, POST, OPTIONS'), (b'Access-Control-Expose-Headers', b'Content-Length,Content-Type,Date,Server,Connection')])]
[2024-04-26 14:26:28,441]: [_client.py]: _send_single_request: 1773:       INFO:    [HTTP Request: POST https://api.telegram.org/bot6030805959:AAGUHAMxLYc-PrevgKouJ3ZyM7ktu56ftjo/sendDocument "HTTP/1.1 200 OK"]
[2024-04-26 14:26:28,441]: [_trace.py]: atrace: 85:       DEBUG:    [receive_response_body.started request=<Request [b'POST']>]
[2024-04-26 14:26:28,441]: [_trace.py]: atrace: 85:       DEBUG:    [receive_response_body.complete]
[2024-04-26 14:26:28,441]: [_trace.py]: atrace: 85:       DEBUG:    [response_closed.started]
[2024-04-26 14:26:28,441]: [_trace.py]: atrace: 85:       DEBUG:    [response_closed.complete]
[2024-04-26 14:26:28,441]: [_bot.py]: _do_post: 652:       DEBUG:    [Call to Bot API endpoint `sendDocument` finished with return value `{'message_id': 311, 'from': {'id': 6030805959, 'is_bot': True, 'first_name': 'TyPHoone_bot', 'username': 'TyPHoone_Project_bot'}, 'chat': {'id': -4119703192, 'title': 'Robocop', 'type': 'group', 'all_members_are_administrators': True}, 'date': 1714141588, 'document': {'file_name': '4-Nawdani.png', 'mime_type': 'image/png', 'thumbnail': {'file_id': 'AAMCBAADGQMAAgE3Ziu5lOxlZdmeePfCxrHOxR7AUDgAArEWAALuyGBR5UK-ygpVZr8BAAdtAAM0BA', 'file_unique_id': 'AQADsRYAAu7IYFFy', 'file_size': 33616, 'width': 320, 'height': 320}, 'thumb': {'file_id': 'AAMCBAADGQMAAgE3Ziu5lOxlZdmeePfCxrHOxR7AUDgAArEWAALuyGBR5UK-ygpVZr8BAAdtAAM0BA', 'file_unique_id': 'AQADsRYAAu7IYFFy', 'file_size': 33616, 'width': 320, 'height': 320}, 'file_id': 'BQACAgQAAxkDAAIBN2YruZTsZWXZnnj3wsaxzsUewFA4AAKxFgAC7shgUeVCvsoKVWa_NAQ', 'file_unique_id': 'AgADsRYAAu7IYFE', 'file_size': 811807}}`]
[2024-04-26 14:26:28,442]: [_bot.py]: _do_post: 643:       DEBUG:    [Calling Bot API endpoint `sendDocument` with parameters `{'chat_id': '-4119703192', 'document': <telegram._files.inputfile.InputFile object at 0x7f7cf710a2c0>}`]
[2024-04-26 14:26:28,442]: [_trace.py]: atrace: 85:       DEBUG:    [send_request_headers.started request=<Request [b'POST']>]
[2024-04-26 14:26:28,443]: [_trace.py]: atrace: 85:       DEBUG:    [send_request_headers.complete]
[2024-04-26 14:26:28,443]: [_trace.py]: atrace: 85:       DEBUG:    [send_request_body.started request=<Request [b'POST']>]
[2024-04-26 14:26:28,444]: [_trace.py]: atrace: 85:       DEBUG:    [send_request_body.complete]
[2024-04-26 14:26:28,444]: [_trace.py]: atrace: 85:       DEBUG:    [receive_response_headers.started request=<Request [b'POST']>]
[2024-04-26 14:26:28,682]: [_trace.py]: atrace: 85:       DEBUG:    [receive_response_headers.complete return_value=(b'HTTP/1.1', 200, b'OK', [(b'Server', b'nginx/1.18.0'), (b'Date', b'Fri, 26 Apr 2024 14:26:28 GMT'), (b'Content-Type', b'application/json'), (b'Content-Length', b'822'), (b'Connection', b'keep-alive'), (b'Strict-Transport-Security', b'max-age=31536000; includeSubDomains; preload'), (b'Access-Control-Allow-Origin', b'*'), (b'Access-Control-Allow-Methods', b'GET, POST, OPTIONS'), (b'Access-Control-Expose-Headers', b'Content-Length,Content-Type,Date,Server,Connection')])]
[2024-04-26 14:26:28,682]: [_client.py]: _send_single_request: 1773:       INFO:    [HTTP Request: POST https://api.telegram.org/bot6030805959:AAGUHAMxLYc-PrevgKouJ3ZyM7ktu56ftjo/sendDocument "HTTP/1.1 200 OK"]
[2024-04-26 14:26:28,682]: [_trace.py]: atrace: 85:       DEBUG:    [receive_response_body.started request=<Request [b'POST']>]
[2024-04-26 14:26:28,682]: [_trace.py]: atrace: 85:       DEBUG:    [receive_response_body.complete]
[2024-04-26 14:26:28,682]: [_trace.py]: atrace: 85:       DEBUG:    [response_closed.started]
[2024-04-26 14:26:28,682]: [_trace.py]: atrace: 85:       DEBUG:    [response_closed.complete]
[2024-04-26 14:26:28,683]: [_bot.py]: _do_post: 652:       DEBUG:    [Call to Bot API endpoint `sendDocument` finished with return value `{'message_id': 312, 'from': {'id': 6030805959, 'is_bot': True, 'first_name': 'TyPHoone_bot', 'username': 'TyPHoone_Project_bot'}, 'chat': {'id': -4119703192, 'title': 'Robocop', 'type': 'group', 'all_members_are_administrators': True}, 'date': 1714141588, 'document': {'file_name': '3-Profill.png', 'mime_type': 'image/png', 'thumbnail': {'file_id': 'AAMCBAADGQMAAgE4Ziu5lNp3TnHJtsY6bitkYBAPh3gAArIWAALuyGBRm4l-AfmypyoBAAdtAAM0BA', 'file_unique_id': 'AQADshYAAu7IYFFy', 'file_size': 33055, 'width': 320, 'height': 320}, 'thumb': {'file_id': 'AAMCBAADGQMAAgE4Ziu5lNp3TnHJtsY6bitkYBAPh3gAArIWAALuyGBRm4l-AfmypyoBAAdtAAM0BA', 'file_unique_id': 'AQADshYAAu7IYFFy', 'file_size': 33055, 'width': 320, 'height': 320}, 'file_id': 'BQACAgQAAxkDAAIBOGYruZTad05xybbGOm4rZGAQD4d4AAKyFgAC7shgUZuJfgH5sqcqNAQ', 'file_unique_id': 'AgADshYAAu7IYFE', 'file_size': 716854}}`]
[2024-04-26 14:26:28,683]: [_bot.py]: _do_post: 643:       DEBUG:    [Calling Bot API endpoint `sendDocument` with parameters `{'chat_id': '-4119703192', 'document': <telegram._files.inputfile.InputFile object at 0x7f7cf7099a00>}`]
[2024-04-26 14:26:28,684]: [_trace.py]: atrace: 85:       DEBUG:    [send_request_headers.started request=<Request [b'POST']>]
[2024-04-26 14:26:28,684]: [_trace.py]: atrace: 85:       DEBUG:    [send_request_headers.complete]
[2024-04-26 14:26:28,684]: [_trace.py]: atrace: 85:       DEBUG:    [send_request_body.started request=<Request [b'POST']>]
[2024-04-26 14:26:28,685]: [_trace.py]: atrace: 85:       DEBUG:    [send_request_body.complete]
[2024-04-26 14:26:28,685]: [_trace.py]: atrace: 85:       DEBUG:    [receive_response_headers.started request=<Request [b'POST']>]
[2024-04-26 14:26:28,931]: [_trace.py]: atrace: 85:       DEBUG:    [receive_response_headers.complete return_value=(b'HTTP/1.1', 200, b'OK', [(b'Server', b'nginx/1.18.0'), (b'Date', b'Fri, 26 Apr 2024 14:26:28 GMT'), (b'Content-Type', b'application/json'), (b'Content-Length', b'828'), (b'Connection', b'keep-alive'), (b'Strict-Transport-Security', b'max-age=31536000; includeSubDomains; preload'), (b'Access-Control-Allow-Origin', b'*'), (b'Access-Control-Allow-Methods', b'GET, POST, OPTIONS'), (b'Access-Control-Expose-Headers', b'Content-Length,Content-Type,Date,Server,Connection')])]
[2024-04-26 14:26:28,931]: [_client.py]: _send_single_request: 1773:       INFO:    [HTTP Request: POST https://api.telegram.org/bot6030805959:AAGUHAMxLYc-PrevgKouJ3ZyM7ktu56ftjo/sendDocument "HTTP/1.1 200 OK"]
[2024-04-26 14:26:28,931]: [_trace.py]: atrace: 85:       DEBUG:    [receive_response_body.started request=<Request [b'POST']>]
[2024-04-26 14:26:28,931]: [_trace.py]: atrace: 85:       DEBUG:    [receive_response_body.complete]
[2024-04-26 14:26:28,931]: [_trace.py]: atrace: 85:       DEBUG:    [response_closed.started]
[2024-04-26 14:26:28,932]: [_trace.py]: atrace: 85:       DEBUG:    [response_closed.complete]
[2024-04-26 14:26:28,932]: [_bot.py]: _do_post: 652:       DEBUG:    [Call to Bot API endpoint `sendDocument` finished with return value `{'message_id': 313, 'from': {'id': 6030805959, 'is_bot': True, 'first_name': 'TyPHoone_bot', 'username': 'TyPHoone_Project_bot'}, 'chat': {'id': -4119703192, 'title': 'Robocop', 'type': 'group', 'all_members_are_administrators': True}, 'date': 1714141588, 'document': {'file_name': '7-Tasme_Maftoul.png', 'mime_type': 'image/png', 'thumbnail': {'file_id': 'AAMCBAADGQMAAgE5Ziu5lDNfhHu4iLNh4dOfpruCi2MAArMWAALuyGBRLKq0tAvx944BAAdtAAM0BA', 'file_unique_id': 'AQADsxYAAu7IYFFy', 'file_size': 36333, 'width': 320, 'height': 320}, 'thumb': {'file_id': 'AAMCBAADGQMAAgE5Ziu5lDNfhHu4iLNh4dOfpruCi2MAArMWAALuyGBRLKq0tAvx944BAAdtAAM0BA', 'file_unique_id': 'AQADsxYAAu7IYFFy', 'file_size': 36333, 'width': 320, 'height': 320}, 'file_id': 'BQACAgQAAxkDAAIBOWYruZQzX4R7uIizYeHTn6a7gotjAAKzFgAC7shgUSyqtLQL8feONAQ', 'file_unique_id': 'AgADsxYAAu7IYFE', 'file_size': 686635}}`]
[2024-04-26 14:26:28,932]: [_bot.py]: _do_post: 643:       DEBUG:    [Calling Bot API endpoint `sendDocument` with parameters `{'chat_id': '-4119703192', 'document': <telegram._files.inputfile.InputFile object at 0x7f7cf710a2c0>}`]
[2024-04-26 14:26:28,933]: [_trace.py]: atrace: 85:       DEBUG:    [send_request_headers.started request=<Request [b'POST']>]
[2024-04-26 14:26:28,933]: [_trace.py]: atrace: 85:       DEBUG:    [send_request_headers.complete]
[2024-04-26 14:26:28,933]: [_trace.py]: atrace: 85:       DEBUG:    [send_request_body.started request=<Request [b'POST']>]
[2024-04-26 14:26:28,934]: [_trace.py]: atrace: 85:       DEBUG:    [send_request_body.complete]
[2024-04-26 14:26:28,934]: [_trace.py]: atrace: 85:       DEBUG:    [receive_response_headers.started request=<Request [b'POST']>]
[2024-04-26 14:26:29,403]: [_trace.py]: atrace: 85:       DEBUG:    [receive_response_headers.complete return_value=(b'HTTP/1.1', 200, b'OK', [(b'Server', b'nginx/1.18.0'), (b'Date', b'Fri, 26 Apr 2024 14:26:29 GMT'), (b'Content-Type', b'application/json'), (b'Content-Length', b'822'), (b'Connection', b'keep-alive'), (b'Strict-Transport-Security', b'max-age=31536000; includeSubDomains; preload'), (b'Access-Control-Allow-Origin', b'*'), (b'Access-Control-Allow-Methods', b'GET, POST, OPTIONS'), (b'Access-Control-Expose-Headers', b'Content-Length,Content-Type,Date,Server,Connection')])]
[2024-04-26 14:26:29,404]: [_client.py]: _send_single_request: 1773:       INFO:    [HTTP Request: POST https://api.telegram.org/bot6030805959:AAGUHAMxLYc-PrevgKouJ3ZyM7ktu56ftjo/sendDocument "HTTP/1.1 200 OK"]
[2024-04-26 14:26:29,404]: [_trace.py]: atrace: 85:       DEBUG:    [receive_response_body.started request=<Request [b'POST']>]
[2024-04-26 14:26:29,404]: [_trace.py]: atrace: 85:       DEBUG:    [receive_response_body.complete]
[2024-04-26 14:26:29,404]: [_trace.py]: atrace: 85:       DEBUG:    [response_closed.started]
[2024-04-26 14:26:29,404]: [_trace.py]: atrace: 85:       DEBUG:    [response_closed.complete]
[2024-04-26 14:26:29,404]: [_bot.py]: _do_post: 652:       DEBUG:    [Call to Bot API endpoint `sendDocument` finished with return value `{'message_id': 314, 'from': {'id': 6030805959, 'is_bot': True, 'first_name': 'TyPHoone_bot', 'username': 'TyPHoone_Project_bot'}, 'chat': {'id': -4119703192, 'title': 'Robocop', 'type': 'group', 'all_members_are_administrators': True}, 'date': 1714141589, 'document': {'file_name': '8-Khamoot.png', 'mime_type': 'image/png', 'thumbnail': {'file_id': 'AAMCBAADGQMAAgE6Ziu5leEMfJG4FTOpU96s5OFStwsAArQWAALuyGBRyfwCRf0TYi8BAAdtAAM0BA', 'file_unique_id': 'AQADtBYAAu7IYFFy', 'file_size': 28050, 'width': 320, 'height': 320}, 'thumb': {'file_id': 'AAMCBAADGQMAAgE6Ziu5leEMfJG4FTOpU96s5OFStwsAArQWAALuyGBRyfwCRf0TYi8BAAdtAAM0BA', 'file_unique_id': 'AQADtBYAAu7IYFFy', 'file_size': 28050, 'width': 320, 'height': 320}, 'file_id': 'BQACAgQAAxkDAAIBOmYruZXhDHyRuBUzqVPerOThUrcLAAK0FgAC7shgUcn8AkX9E2IvNAQ', 'file_unique_id': 'AgADtBYAAu7IYFE', 'file_size': 845752}}`]
[2024-04-26 14:26:29,405]: [_bot.py]: _do_post: 643:       DEBUG:    [Calling Bot API endpoint `sendDocument` with parameters `{'chat_id': '-4119703192', 'document': <telegram._files.inputfile.InputFile object at 0x7f7cf7099a00>}`]
[2024-04-26 14:26:29,405]: [_trace.py]: atrace: 85:       DEBUG:    [send_request_headers.started request=<Request [b'POST']>]
[2024-04-26 14:26:29,405]: [_trace.py]: atrace: 85:       DEBUG:    [send_request_headers.complete]
[2024-04-26 14:26:29,406]: [_trace.py]: atrace: 85:       DEBUG:    [send_request_body.started request=<Request [b'POST']>]
[2024-04-26 14:26:29,407]: [_trace.py]: atrace: 85:       DEBUG:    [send_request_body.complete]
[2024-04-26 14:26:29,407]: [_trace.py]: atrace: 85:       DEBUG:    [receive_response_headers.started request=<Request [b'POST']>]
[2024-04-26 14:26:29,563]: [_trace.py]: atrace: 85:       DEBUG:    [receive_response_headers.complete return_value=(b'HTTP/1.1', 429, b'Too Many Requests', [(b'Server', b'nginx/1.18.0'), (b'Date', b'Fri, 26 Apr 2024 14:26:29 GMT'), (b'Content-Type', b'application/json'), (b'Content-Length', b'111'), (b'Connection', b'keep-alive'), (b'Retry-After', b'41'), (b'Strict-Transport-Security', b'max-age=31536000; includeSubDomains; preload'), (b'Access-Control-Allow-Origin', b'*'), (b'Access-Control-Expose-Headers', b'Content-Length,Content-Type,Date,Server,Connection')])]
[2024-04-26 14:26:29,563]: [_client.py]: _send_single_request: 1773:       INFO:    [HTTP Request: POST https://api.telegram.org/bot6030805959:AAGUHAMxLYc-PrevgKouJ3ZyM7ktu56ftjo/sendDocument "HTTP/1.1 429 Too Many Requests"]
[2024-04-26 14:26:29,563]: [_trace.py]: atrace: 85:       DEBUG:    [receive_response_body.started request=<Request [b'POST']>]
[2024-04-26 14:26:29,563]: [_trace.py]: atrace: 85:       DEBUG:    [receive_response_body.complete]
[2024-04-26 14:26:29,563]: [_trace.py]: atrace: 85:       DEBUG:    [response_closed.started]
[2024-04-26 14:26:29,563]: [_trace.py]: atrace: 85:       DEBUG:    [response_closed.complete]
[2024-04-26 14:26:29,563]: [_trace.py]: atrace: 85:       DEBUG:    [close.started]
[2024-04-26 14:26:29,563]: [_trace.py]: atrace: 85:       DEBUG:    [close.complete]
[2024-04-26 14:26:29,564]: [Telegram_Sender.py]: runner: 37:       CRITICAL:    [Files Didnt sent]
[2024-04-26 14:26:29,564]: [Main.py]: <module>: 48:       INFO:    [Finished]
