[2026-01-06 11:43:33,125]: [Main.py]: <module>: 21:       INFO:    [Started]
[2026-01-06 11:43:34,338]: [Iron_Scraper.py]: Scrap: 32:       INFO:    [Data Scaraped Successfully]
[2026-01-06 11:43:34,543]: [Iron_Scraper.py]: Scrap: 70:       INFO:    [Scrapped Data Has No Problem]
[2026-01-06 11:43:34,543]: [Iron_Scraper.py]: Scrap: 83:       INFO:    [Data Saved Successfully]
[2026-01-06 11:43:34,543]: [Iron.py]: Run: 26:       INFO:    [Scraping Phase Completed]
[2026-01-06 11:43:34,544]: [Iron_Data_Processor.py]: Data_Reader: 61:       INFO:    [Data File Has Been Red Successfully]
[2026-01-06 11:43:34,544]: [Iron_Data_Processor.py]: Shaper: 78:       INFO:    [Data Shaped]
[2026-01-06 11:43:34,544]: [Iron_Data_Processor.py]: Process: 228:       INFO:    [Data Cleaned]
[2026-01-06 11:43:34,544]: [Iron_Data_Processor.py]: Make_Pages_Objects: 101:       INFO:    [Page Objects Has Been Made]
[2026-01-06 11:43:34,544]: [Iron_Data_Processor.py]: Make_Pages_Objects: 101:       INFO:    [Page Objects Has Been Made]
[2026-01-06 11:43:34,544]: [Iron_Data_Processor.py]: Load_Data: 118:       INFO:    [Data Has Been Load]
[2026-01-06 11:43:34,544]: [Iron_Data_Processor.py]: Load_Data: 118:       INFO:    [Data Has Been Load]
[2026-01-06 11:43:34,545]: [Iron_Data_Processor.py]: Load_positions: 140:       INFO:    [Positions Are Ready]
[2026-01-06 11:43:34,545]: [Iron_Data_Processor.py]: Load_positions: 140:       INFO:    [Positions Are Ready]
[2026-01-06 11:43:35,674]: [Iron_Data_Processor.py]: Make_Tagged_Images: 193:       INFO:    [Images Has Been Made]
[2026-01-06 11:43:36,630]: [Iron_Data_Processor.py]: Make_Tagged_Images: 193:       INFO:    [Images Has Been Made]
[2026-01-06 11:43:36,886]: [Iron_Data_Processor.py]: Make_Cover_Page: 215:       INFO:    [Made Cover Pages]
[2026-01-06 11:43:36,886]: [Iron.py]: Run: 29:       INFO:    [Imagination Phase Completed]
[2026-01-06 11:43:39,469]: [Phone_Scraper.py]: Scrap: 58:       INFO:    [Data Scraped]
[2026-01-06 11:43:39,469]: [Phone_Scraper.py]: Scrap: 71:       INFO:    [Scraped Data Successfully]
[2026-01-06 11:43:39,469]: [Phone.py]: Run: 26:       INFO:    [Scraping Phase Complete]
[2026-01-06 11:43:39,469]: [Phone_Data_Processor.py]: data_reader: 38:       INFO:    [Scraped Data Loaded]
[2026-01-06 11:43:39,470]: [Phone_Data_Processor.py]: filter_list: 65:       INFO:    [Persian Phrases Are deleted]
[2026-01-06 11:43:39,471]: [Phone_Data_Processor.py]: reshape_list: 87:       INFO:    [Date Reshaped]
[2026-01-06 11:43:39,471]: [Phone_Data_Processor.py]: separate_brands: 124:       INFO:    [Brands Are Separated]
[2026-01-06 11:43:39,471]: [Phone_Data_Processor.py]: delete_extra_spaces: 141:       INFO:    [Extra Spaces Are Deleted]
[2026-01-06 11:43:40,199]: [Phone.py]: Run: 29:       INFO:    [Imagination Phase Complete]
[2026-01-06 11:43:40,199]: [selector_events.py]: __init__: 64:       DEBUG:    [Using selector: EpollSelector]
[2026-01-06 11:43:40,476]: [_bot.py]: _do_post: 643:       DEBUG:    [Calling Bot API endpoint `getMe` with parameters `{}`]
[2026-01-06 11:43:40,480]: [_trace.py]: atrace: 87:       DEBUG:    [connect_tcp.started host='api.telegram.org' port=443 local_address=None timeout=5.0 socket_options=None]
[2026-01-06 11:43:40,598]: [_trace.py]: atrace: 87:       DEBUG:    [connect_tcp.complete return_value=<httpcore._backends.anyio.AnyIOStream object at 0x7f62e1ca3590>]
[2026-01-06 11:43:40,598]: [_trace.py]: atrace: 87:       DEBUG:    [start_tls.started ssl_context=<ssl.SSLContext object at 0x7f62e26b9ed0> server_hostname='api.telegram.org' timeout=5.0]
[2026-01-06 11:43:40,696]: [_trace.py]: atrace: 87:       DEBUG:    [start_tls.complete return_value=<httpcore._backends.anyio.AnyIOStream object at 0x7f62e290c1d0>]
[2026-01-06 11:43:40,696]: [_trace.py]: atrace: 87:       DEBUG:    [send_request_headers.started request=<Request [b'POST']>]
[2026-01-06 11:43:40,696]: [_trace.py]: atrace: 87:       DEBUG:    [send_request_headers.complete]
[2026-01-06 11:43:40,696]: [_trace.py]: atrace: 87:       DEBUG:    [send_request_body.started request=<Request [b'POST']>]
[2026-01-06 11:43:40,696]: [_trace.py]: atrace: 87:       DEBUG:    [send_request_body.complete]
[2026-01-06 11:43:40,697]: [_trace.py]: atrace: 87:       DEBUG:    [receive_response_headers.started request=<Request [b'POST']>]
[2026-01-06 11:43:40,787]: [_trace.py]: atrace: 87:       DEBUG:    [receive_response_headers.complete return_value=(b'HTTP/1.1', 200, b'OK', [(b'Server', b'nginx/1.18.0'), (b'Date', b'Tue, 06 Jan 2026 11:43:40 GMT'), (b'Content-Type', b'application/json'), (b'Content-Length', b'285'), (b'Connection', b'keep-alive'), (b'Strict-Transport-Security', b'max-age=31536000; includeSubDomains; preload'), (b'Access-Control-Allow-Origin', b'*'), (b'Access-Control-Allow-Methods', b'GET, POST, OPTIONS'), (b'Access-Control-Expose-Headers', b'Content-Length,Content-Type,Date,Server,Connection')])]
[2026-01-06 11:43:40,787]: [_client.py]: _send_single_request: 1740:       INFO:    [HTTP Request: POST https://api.telegram.org/bot6030805959:AAGUHAMxLYc-PrevgKouJ3ZyM7ktu56ftjo/getMe "HTTP/1.1 200 OK"]
[2026-01-06 11:43:40,787]: [_trace.py]: atrace: 87:       DEBUG:    [receive_response_body.started request=<Request [b'POST']>]
[2026-01-06 11:43:40,787]: [_trace.py]: atrace: 87:       DEBUG:    [receive_response_body.complete]
[2026-01-06 11:43:40,788]: [_trace.py]: atrace: 87:       DEBUG:    [response_closed.started]
[2026-01-06 11:43:40,788]: [_trace.py]: atrace: 87:       DEBUG:    [response_closed.complete]
[2026-01-06 11:43:40,788]: [_bot.py]: _do_post: 652:       DEBUG:    [Call to Bot API endpoint `getMe` finished with return value `{'id': 6030805959, 'is_bot': True, 'first_name': 'TyPHoone', 'username': 'TyPHoone_Project_bot', 'can_join_groups': True, 'can_read_all_group_messages': False, 'supports_inline_queries': False, 'can_connect_to_business': False, 'has_main_web_app': False, 'has_topics_enabled': False}`]
[2026-01-06 11:43:40,791]: [_bot.py]: _do_post: 643:       DEBUG:    [Calling Bot API endpoint `sendDocument` with parameters `{'chat_id': '-4119703192', 'document': <telegram._files.inputfile.InputFile object at 0x7f62e1ce6140>}`]
[2026-01-06 11:43:40,792]: [_trace.py]: atrace: 87:       DEBUG:    [send_request_headers.started request=<Request [b'POST']>]
[2026-01-06 11:43:40,792]: [_trace.py]: atrace: 87:       DEBUG:    [send_request_headers.complete]
[2026-01-06 11:43:40,792]: [_trace.py]: atrace: 87:       DEBUG:    [send_request_body.started request=<Request [b'POST']>]
[2026-01-06 11:43:40,793]: [_trace.py]: atrace: 87:       DEBUG:    [send_request_body.complete]
[2026-01-06 11:43:40,793]: [_trace.py]: atrace: 87:       DEBUG:    [receive_response_headers.started request=<Request [b'POST']>]
[2026-01-06 11:43:43,253]: [_trace.py]: atrace: 87:       DEBUG:    [receive_response_headers.complete return_value=(b'HTTP/1.1', 200, b'OK', [(b'Server', b'nginx/1.18.0'), (b'Date', b'Tue, 06 Jan 2026 11:43:43 GMT'), (b'Content-Type', b'application/json'), (b'Content-Length', b'613'), (b'Connection', b'keep-alive'), (b'Strict-Transport-Security', b'max-age=31536000; includeSubDomains; preload'), (b'Access-Control-Allow-Origin', b'*'), (b'Access-Control-Allow-Methods', b'GET, POST, OPTIONS'), (b'Access-Control-Expose-Headers', b'Content-Length,Content-Type,Date,Server,Connection')])]
[2026-01-06 11:43:43,253]: [_client.py]: _send_single_request: 1740:       INFO:    [HTTP Request: POST https://api.telegram.org/bot6030805959:AAGUHAMxLYc-PrevgKouJ3ZyM7ktu56ftjo/sendDocument "HTTP/1.1 200 OK"]
[2026-01-06 11:43:43,253]: [_trace.py]: atrace: 87:       DEBUG:    [receive_response_body.started request=<Request [b'POST']>]
[2026-01-06 11:43:43,253]: [_trace.py]: atrace: 87:       DEBUG:    [receive_response_body.complete]
[2026-01-06 11:43:43,253]: [_trace.py]: atrace: 87:       DEBUG:    [response_closed.started]
[2026-01-06 11:43:43,253]: [_trace.py]: atrace: 87:       DEBUG:    [response_closed.complete]
[2026-01-06 11:43:43,254]: [_bot.py]: _do_post: 652:       DEBUG:    [Call to Bot API endpoint `sendDocument` finished with return value `{'message_id': 2843, 'from': {'id': 6030805959, 'is_bot': True, 'first_name': 'TyPHoone', 'username': 'TyPHoone_Project_bot'}, 'chat': {'id': -4119703192, 'title': 'Robocop', 'type': 'group', 'all_members_are_administrators': True, 'accepted_gift_types': {'unlimited_gifts': False, 'limited_gifts': False, 'unique_gifts': False, 'premium_subscription': False, 'gifts_from_channels': False}}, 'date': 1767699823, 'document': {'file_name': '(2026_01_06--11_43).log', 'mime_type': 'text/plain', 'file_id': 'BQACAgQAAxkDAAILG2lc9W--k4tk0_FJAAG2sLYWmcz8kQACnx0AAjxg6FI_Y_fxMKOHIzgE', 'file_unique_id': 'AgADnx0AAjxg6FI', 'file_size': 5966}}`]
[2026-01-06 11:43:43,254]: [_trace.py]: atrace: 87:       DEBUG:    [close.started]
[2026-01-06 11:43:43,255]: [_trace.py]: atrace: 87:       DEBUG:    [close.complete]
[2026-01-06 11:43:43,299]: [_bot.py]: _do_post: 643:       DEBUG:    [Calling Bot API endpoint `getMe` with parameters `{}`]
[2026-01-06 11:43:43,300]: [_trace.py]: atrace: 87:       DEBUG:    [connect_tcp.started host='api.telegram.org' port=443 local_address=None timeout=5.0 socket_options=None]
[2026-01-06 11:43:43,392]: [_trace.py]: atrace: 87:       DEBUG:    [connect_tcp.complete return_value=<httpcore._backends.anyio.AnyIOStream object at 0x7f62e0b16420>]
[2026-01-06 11:43:43,392]: [_trace.py]: atrace: 87:       DEBUG:    [start_tls.started ssl_context=<ssl.SSLContext object at 0x7f62e26b9dd0> server_hostname='api.telegram.org' timeout=5.0]
[2026-01-06 11:43:43,486]: [_trace.py]: atrace: 87:       DEBUG:    [start_tls.complete return_value=<httpcore._backends.anyio.AnyIOStream object at 0x7f62e2b76660>]
[2026-01-06 11:43:43,486]: [_trace.py]: atrace: 87:       DEBUG:    [send_request_headers.started request=<Request [b'POST']>]
[2026-01-06 11:43:43,487]: [_trace.py]: atrace: 87:       DEBUG:    [send_request_headers.complete]
[2026-01-06 11:43:43,487]: [_trace.py]: atrace: 87:       DEBUG:    [send_request_body.started request=<Request [b'POST']>]
[2026-01-06 11:43:43,487]: [_trace.py]: atrace: 87:       DEBUG:    [send_request_body.complete]
[2026-01-06 11:43:43,487]: [_trace.py]: atrace: 87:       DEBUG:    [receive_response_headers.started request=<Request [b'POST']>]
[2026-01-06 11:43:43,577]: [_trace.py]: atrace: 87:       DEBUG:    [receive_response_headers.complete return_value=(b'HTTP/1.1', 200, b'OK', [(b'Server', b'nginx/1.18.0'), (b'Date', b'Tue, 06 Jan 2026 11:43:43 GMT'), (b'Content-Type', b'application/json'), (b'Content-Length', b'285'), (b'Connection', b'keep-alive'), (b'Strict-Transport-Security', b'max-age=31536000; includeSubDomains; preload'), (b'Access-Control-Allow-Origin', b'*'), (b'Access-Control-Allow-Methods', b'GET, POST, OPTIONS'), (b'Access-Control-Expose-Headers', b'Content-Length,Content-Type,Date,Server,Connection')])]
[2026-01-06 11:43:43,577]: [_client.py]: _send_single_request: 1740:       INFO:    [HTTP Request: POST https://api.telegram.org/bot6030805959:AAGUHAMxLYc-PrevgKouJ3ZyM7ktu56ftjo/getMe "HTTP/1.1 200 OK"]
[2026-01-06 11:43:43,578]: [_trace.py]: atrace: 87:       DEBUG:    [receive_response_body.started request=<Request [b'POST']>]
[2026-01-06 11:43:43,578]: [_trace.py]: atrace: 87:       DEBUG:    [receive_response_body.complete]
[2026-01-06 11:43:43,578]: [_trace.py]: atrace: 87:       DEBUG:    [response_closed.started]
[2026-01-06 11:43:43,578]: [_trace.py]: atrace: 87:       DEBUG:    [response_closed.complete]
[2026-01-06 11:43:43,578]: [_bot.py]: _do_post: 652:       DEBUG:    [Call to Bot API endpoint `getMe` finished with return value `{'id': 6030805959, 'is_bot': True, 'first_name': 'TyPHoone', 'username': 'TyPHoone_Project_bot', 'can_join_groups': True, 'can_read_all_group_messages': False, 'supports_inline_queries': False, 'can_connect_to_business': False, 'has_main_web_app': False, 'has_topics_enabled': False}`]
[2026-01-06 11:43:43,581]: [_bot.py]: _do_post: 643:       DEBUG:    [Calling Bot API endpoint `sendDocument` with parameters `{'chat_id': '-4119703192', 'document': <telegram._files.inputfile.InputFile object at 0x7f62e26f15c0>}`]
[2026-01-06 11:43:43,581]: [_trace.py]: atrace: 87:       DEBUG:    [send_request_headers.started request=<Request [b'POST']>]
[2026-01-06 11:43:43,582]: [_trace.py]: atrace: 87:       DEBUG:    [send_request_headers.complete]
[2026-01-06 11:43:43,582]: [_trace.py]: atrace: 87:       DEBUG:    [send_request_body.started request=<Request [b'POST']>]
[2026-01-06 11:43:44,433]: [_trace.py]: atrace: 87:       DEBUG:    [send_request_body.complete]
[2026-01-06 11:43:44,433]: [_trace.py]: atrace: 87:       DEBUG:    [receive_response_headers.started request=<Request [b'POST']>]
[2026-01-06 11:43:45,225]: [_trace.py]: atrace: 87:       DEBUG:    [receive_response_headers.complete return_value=(b'HTTP/1.1', 200, b'OK', [(b'Server', b'nginx/1.18.0'), (b'Date', b'Tue, 06 Jan 2026 11:43:45 GMT'), (b'Content-Type', b'application/json'), (b'Content-Length', b'627'), (b'Connection', b'keep-alive'), (b'Strict-Transport-Security', b'max-age=31536000; includeSubDomains; preload'), (b'Access-Control-Allow-Origin', b'*'), (b'Access-Control-Allow-Methods', b'GET, POST, OPTIONS'), (b'Access-Control-Expose-Headers', b'Content-Length,Content-Type,Date,Server,Connection')])]
[2026-01-06 11:43:45,226]: [_client.py]: _send_single_request: 1740:       INFO:    [HTTP Request: POST https://api.telegram.org/bot6030805959:AAGUHAMxLYc-PrevgKouJ3ZyM7ktu56ftjo/sendDocument "HTTP/1.1 200 OK"]
[2026-01-06 11:43:45,226]: [_trace.py]: atrace: 87:       DEBUG:    [receive_response_body.started request=<Request [b'POST']>]
[2026-01-06 11:43:45,226]: [_trace.py]: atrace: 87:       DEBUG:    [receive_response_body.complete]
[2026-01-06 11:43:45,226]: [_trace.py]: atrace: 87:       DEBUG:    [response_closed.started]
[2026-01-06 11:43:45,226]: [_trace.py]: atrace: 87:       DEBUG:    [response_closed.complete]
[2026-01-06 11:43:45,226]: [_bot.py]: _do_post: 652:       DEBUG:    [Call to Bot API endpoint `sendDocument` finished with return value `{'message_id': 2844, 'from': {'id': 6030805959, 'is_bot': True, 'first_name': 'TyPHoone', 'username': 'TyPHoone_Project_bot'}, 'chat': {'id': -4119703192, 'title': 'Robocop', 'type': 'group', 'all_members_are_administrators': True, 'accepted_gift_types': {'unlimited_gifts': False, 'limited_gifts': False, 'unique_gifts': False, 'premium_subscription': False, 'gifts_from_channels': False}}, 'date': 1767699825, 'document': {'file_name': '(2026_01_06--11_43)output.zip', 'mime_type': 'application/zip', 'file_id': 'BQACAgQAAxkDAAILHGlc9XBS4SvpLihfmuJ9wxyzNFpfAAKgHQACPGDoUkIs2SCaezf1OAQ', 'file_unique_id': 'AgADoB0AAjxg6FI', 'file_size': 10054725}}`]
[2026-01-06 11:43:45,227]: [_trace.py]: atrace: 87:       DEBUG:    [close.started]
[2026-01-06 11:43:45,227]: [_trace.py]: atrace: 87:       DEBUG:    [close.complete]
[2026-01-06 11:43:45,227]: [Telegram_Sender.py]: runner: 61:       INFO:    [sent successfully]
[2026-01-06 11:43:45,228]: [Main.py]: <module>: 48:       INFO:    [Finished]
