[2025-04-01 11:38:31,521]: [Main.py]: <module>: 21:       INFO:    [Started]
[2025-04-01 11:38:33,396]: [Iron_Scraper.py]: Scrap: 32:       INFO:    [Data Scaraped Successfully]
[2025-04-01 11:38:33,597]: [Iron_Scraper.py]: Scrap: 70:       INFO:    [Scrapped Data Has No Problem]
[2025-04-01 11:38:33,598]: [Iron_Scraper.py]: Scrap: 83:       INFO:    [Data Saved Successfully]
[2025-04-01 11:38:33,598]: [Iron.py]: Run: 26:       INFO:    [Scraping Phase Completed]
[2025-04-01 11:38:33,598]: [Iron_Data_Processor.py]: Data_Reader: 61:       INFO:    [Data File Has Been Red Successfully]
[2025-04-01 11:38:33,598]: [Iron_Data_Processor.py]: Shaper: 78:       INFO:    [Data Shaped]
[2025-04-01 11:38:33,598]: [Iron_Data_Processor.py]: Process: 228:       INFO:    [Data Cleaned]
[2025-04-01 11:38:33,598]: [Iron_Data_Processor.py]: Make_Pages_Objects: 101:       INFO:    [Page Objects Has Been Made]
[2025-04-01 11:38:33,599]: [Iron_Data_Processor.py]: Make_Pages_Objects: 101:       INFO:    [Page Objects Has Been Made]
[2025-04-01 11:38:33,599]: [Iron_Data_Processor.py]: Load_Data: 118:       INFO:    [Data Has Been Load]
[2025-04-01 11:38:33,599]: [Iron_Data_Processor.py]: Load_Data: 118:       INFO:    [Data Has Been Load]
[2025-04-01 11:38:33,599]: [Iron_Data_Processor.py]: Load_positions: 140:       INFO:    [Positions Are Ready]
[2025-04-01 11:38:33,599]: [Iron_Data_Processor.py]: Load_positions: 140:       INFO:    [Positions Are Ready]
[2025-04-01 11:38:34,712]: [Iron_Data_Processor.py]: Make_Tagged_Images: 193:       INFO:    [Images Has Been Made]
[2025-04-01 11:38:35,655]: [Iron_Data_Processor.py]: Make_Tagged_Images: 193:       INFO:    [Images Has Been Made]
[2025-04-01 11:38:35,909]: [Iron_Data_Processor.py]: Make_Cover_Page: 215:       INFO:    [Made Cover Pages]
[2025-04-01 11:38:35,910]: [Iron.py]: Run: 29:       INFO:    [Imagination Phase Completed]
[2025-04-01 11:38:39,525]: [Phone_Scraper.py]: Scrap: 58:       INFO:    [Data Scraped]
[2025-04-01 11:38:39,526]: [Phone_Scraper.py]: Scrap: 71:       INFO:    [Scraped Data Successfully]
[2025-04-01 11:38:39,526]: [Phone.py]: Run: 26:       INFO:    [Scraping Phase Complete]
[2025-04-01 11:38:39,526]: [Phone_Data_Processor.py]: data_reader: 38:       INFO:    [Scraped Data Loaded]
[2025-04-01 11:38:39,527]: [Phone_Data_Processor.py]: filter_list: 65:       INFO:    [Persian Phrases Are deleted]
[2025-04-01 11:38:39,527]: [Phone_Data_Processor.py]: reshape_list: 87:       INFO:    [Date Reshaped]
[2025-04-01 11:38:39,528]: [Phone_Data_Processor.py]: separate_brands: 124:       INFO:    [Brands Are Separated]
[2025-04-01 11:38:39,528]: [Phone_Data_Processor.py]: delete_extra_spaces: 141:       INFO:    [Extra Spaces Are Deleted]
[2025-04-01 11:38:40,262]: [Phone.py]: Run: 29:       INFO:    [Imagination Phase Complete]
[2025-04-01 11:38:40,263]: [selector_events.py]: __init__: 64:       DEBUG:    [Using selector: EpollSelector]
[2025-04-01 11:38:40,540]: [_bot.py]: _do_post: 643:       DEBUG:    [Calling Bot API endpoint `getMe` with parameters `{}`]
[2025-04-01 11:38:40,544]: [_trace.py]: atrace: 87:       DEBUG:    [connect_tcp.started host='api.telegram.org' port=443 local_address=None timeout=5.0 socket_options=None]
[2025-04-01 11:38:40,678]: [_trace.py]: atrace: 87:       DEBUG:    [connect_tcp.complete return_value=<httpcore._backends.anyio.AnyIOStream object at 0x7f6db292e840>]
[2025-04-01 11:38:40,678]: [_trace.py]: atrace: 87:       DEBUG:    [start_tls.started ssl_context=<ssl.SSLContext object at 0x7f6db29a0350> server_hostname='api.telegram.org' timeout=5.0]
[2025-04-01 11:38:40,769]: [_trace.py]: atrace: 87:       DEBUG:    [start_tls.complete return_value=<httpcore._backends.anyio.AnyIOStream object at 0x7f6dc09ccd70>]
[2025-04-01 11:38:40,769]: [_trace.py]: atrace: 87:       DEBUG:    [send_request_headers.started request=<Request [b'POST']>]
[2025-04-01 11:38:40,769]: [_trace.py]: atrace: 87:       DEBUG:    [send_request_headers.complete]
[2025-04-01 11:38:40,770]: [_trace.py]: atrace: 87:       DEBUG:    [send_request_body.started request=<Request [b'POST']>]
[2025-04-01 11:38:40,770]: [_trace.py]: atrace: 87:       DEBUG:    [send_request_body.complete]
[2025-04-01 11:38:40,770]: [_trace.py]: atrace: 87:       DEBUG:    [receive_response_headers.started request=<Request [b'POST']>]
[2025-04-01 11:38:40,859]: [_trace.py]: atrace: 87:       DEBUG:    [receive_response_headers.complete return_value=(b'HTTP/1.1', 200, b'OK', [(b'Server', b'nginx/1.18.0'), (b'Date', b'Tue, 01 Apr 2025 11:38:40 GMT'), (b'Content-Type', b'application/json'), (b'Content-Length', b'258'), (b'Connection', b'keep-alive'), (b'Strict-Transport-Security', b'max-age=31536000; includeSubDomains; preload'), (b'Access-Control-Allow-Origin', b'*'), (b'Access-Control-Allow-Methods', b'GET, POST, OPTIONS'), (b'Access-Control-Expose-Headers', b'Content-Length,Content-Type,Date,Server,Connection')])]
[2025-04-01 11:38:40,859]: [_client.py]: _send_single_request: 1740:       INFO:    [HTTP Request: POST https://api.telegram.org/bot6030805959:AAGUHAMxLYc-PrevgKouJ3ZyM7ktu56ftjo/getMe "HTTP/1.1 200 OK"]
[2025-04-01 11:38:40,859]: [_trace.py]: atrace: 87:       DEBUG:    [receive_response_body.started request=<Request [b'POST']>]
[2025-04-01 11:38:40,859]: [_trace.py]: atrace: 87:       DEBUG:    [receive_response_body.complete]
[2025-04-01 11:38:40,859]: [_trace.py]: atrace: 87:       DEBUG:    [response_closed.started]
[2025-04-01 11:38:40,860]: [_trace.py]: atrace: 87:       DEBUG:    [response_closed.complete]
[2025-04-01 11:38:40,860]: [_bot.py]: _do_post: 652:       DEBUG:    [Call to Bot API endpoint `getMe` finished with return value `{'id': 6030805959, 'is_bot': True, 'first_name': 'TyPHoone', 'username': 'TyPHoone_Project_bot', 'can_join_groups': True, 'can_read_all_group_messages': False, 'supports_inline_queries': False, 'can_connect_to_business': False, 'has_main_web_app': False}`]
[2025-04-01 11:38:40,863]: [_bot.py]: _do_post: 643:       DEBUG:    [Calling Bot API endpoint `sendDocument` with parameters `{'chat_id': '-4119703192', 'document': <telegram._files.inputfile.InputFile object at 0x7f6dbd715c80>}`]
[2025-04-01 11:38:40,863]: [_trace.py]: atrace: 87:       DEBUG:    [send_request_headers.started request=<Request [b'POST']>]
[2025-04-01 11:38:40,863]: [_trace.py]: atrace: 87:       DEBUG:    [send_request_headers.complete]
[2025-04-01 11:38:40,863]: [_trace.py]: atrace: 87:       DEBUG:    [send_request_body.started request=<Request [b'POST']>]
[2025-04-01 11:38:40,864]: [_trace.py]: atrace: 87:       DEBUG:    [send_request_body.complete]
[2025-04-01 11:38:40,864]: [_trace.py]: atrace: 87:       DEBUG:    [receive_response_headers.started request=<Request [b'POST']>]
[2025-04-01 11:38:41,101]: [_trace.py]: atrace: 87:       DEBUG:    [receive_response_headers.complete return_value=(b'HTTP/1.1', 200, b'OK', [(b'Server', b'nginx/1.18.0'), (b'Date', b'Tue, 01 Apr 2025 11:38:41 GMT'), (b'Content-Type', b'application/json'), (b'Content-Length', b'464'), (b'Connection', b'keep-alive'), (b'Strict-Transport-Security', b'max-age=31536000; includeSubDomains; preload'), (b'Access-Control-Allow-Origin', b'*'), (b'Access-Control-Allow-Methods', b'GET, POST, OPTIONS'), (b'Access-Control-Expose-Headers', b'Content-Length,Content-Type,Date,Server,Connection')])]
[2025-04-01 11:38:41,101]: [_client.py]: _send_single_request: 1740:       INFO:    [HTTP Request: POST https://api.telegram.org/bot6030805959:AAGUHAMxLYc-PrevgKouJ3ZyM7ktu56ftjo/sendDocument "HTTP/1.1 200 OK"]
[2025-04-01 11:38:41,101]: [_trace.py]: atrace: 87:       DEBUG:    [receive_response_body.started request=<Request [b'POST']>]
[2025-04-01 11:38:41,101]: [_trace.py]: atrace: 87:       DEBUG:    [receive_response_body.complete]
[2025-04-01 11:38:41,101]: [_trace.py]: atrace: 87:       DEBUG:    [response_closed.started]
[2025-04-01 11:38:41,101]: [_trace.py]: atrace: 87:       DEBUG:    [response_closed.complete]
[2025-04-01 11:38:41,102]: [_bot.py]: _do_post: 652:       DEBUG:    [Call to Bot API endpoint `sendDocument` finished with return value `{'message_id': 2267, 'from': {'id': 6030805959, 'is_bot': True, 'first_name': 'TyPHoone', 'username': 'TyPHoone_Project_bot'}, 'chat': {'id': -4119703192, 'title': 'Robocop', 'type': 'group', 'all_members_are_administrators': True}, 'date': 1743507521, 'document': {'file_name': '(2025_04_01--11_38).log', 'mime_type': 'text/plain', 'file_id': 'BQACAgQAAxkDAAII22fr0EHmSj2o8Yzf1EBfvsSfIXRSAAKaFAACTJ1hUwcIcYoV7AXtNgQ', 'file_unique_id': 'AgADmhQAAkydYVM', 'file_size': 5937}}`]
[2025-04-01 11:38:41,102]: [_trace.py]: atrace: 87:       DEBUG:    [close.started]
[2025-04-01 11:38:41,102]: [_trace.py]: atrace: 87:       DEBUG:    [close.complete]
[2025-04-01 11:38:41,148]: [_bot.py]: _do_post: 643:       DEBUG:    [Calling Bot API endpoint `getMe` with parameters `{}`]
[2025-04-01 11:38:41,148]: [_trace.py]: atrace: 87:       DEBUG:    [connect_tcp.started host='api.telegram.org' port=443 local_address=None timeout=5.0 socket_options=None]
[2025-04-01 11:38:41,238]: [_trace.py]: atrace: 87:       DEBUG:    [connect_tcp.complete return_value=<httpcore._backends.anyio.AnyIOStream object at 0x7f6db1f97fe0>]
[2025-04-01 11:38:41,238]: [_trace.py]: atrace: 87:       DEBUG:    [start_tls.started ssl_context=<ssl.SSLContext object at 0x7f6db293bc50> server_hostname='api.telegram.org' timeout=5.0]
[2025-04-01 11:38:41,330]: [_trace.py]: atrace: 87:       DEBUG:    [start_tls.complete return_value=<httpcore._backends.anyio.AnyIOStream object at 0x7f6db3296a20>]
[2025-04-01 11:38:41,330]: [_trace.py]: atrace: 87:       DEBUG:    [send_request_headers.started request=<Request [b'POST']>]
[2025-04-01 11:38:41,330]: [_trace.py]: atrace: 87:       DEBUG:    [send_request_headers.complete]
[2025-04-01 11:38:41,330]: [_trace.py]: atrace: 87:       DEBUG:    [send_request_body.started request=<Request [b'POST']>]
[2025-04-01 11:38:41,330]: [_trace.py]: atrace: 87:       DEBUG:    [send_request_body.complete]
[2025-04-01 11:38:41,330]: [_trace.py]: atrace: 87:       DEBUG:    [receive_response_headers.started request=<Request [b'POST']>]
[2025-04-01 11:38:41,419]: [_trace.py]: atrace: 87:       DEBUG:    [receive_response_headers.complete return_value=(b'HTTP/1.1', 200, b'OK', [(b'Server', b'nginx/1.18.0'), (b'Date', b'Tue, 01 Apr 2025 11:38:41 GMT'), (b'Content-Type', b'application/json'), (b'Content-Length', b'258'), (b'Connection', b'keep-alive'), (b'Strict-Transport-Security', b'max-age=31536000; includeSubDomains; preload'), (b'Access-Control-Allow-Origin', b'*'), (b'Access-Control-Allow-Methods', b'GET, POST, OPTIONS'), (b'Access-Control-Expose-Headers', b'Content-Length,Content-Type,Date,Server,Connection')])]
[2025-04-01 11:38:41,420]: [_client.py]: _send_single_request: 1740:       INFO:    [HTTP Request: POST https://api.telegram.org/bot6030805959:AAGUHAMxLYc-PrevgKouJ3ZyM7ktu56ftjo/getMe "HTTP/1.1 200 OK"]
[2025-04-01 11:38:41,420]: [_trace.py]: atrace: 87:       DEBUG:    [receive_response_body.started request=<Request [b'POST']>]
[2025-04-01 11:38:41,420]: [_trace.py]: atrace: 87:       DEBUG:    [receive_response_body.complete]
[2025-04-01 11:38:41,420]: [_trace.py]: atrace: 87:       DEBUG:    [response_closed.started]
[2025-04-01 11:38:41,420]: [_trace.py]: atrace: 87:       DEBUG:    [response_closed.complete]
[2025-04-01 11:38:41,420]: [_bot.py]: _do_post: 652:       DEBUG:    [Call to Bot API endpoint `getMe` finished with return value `{'id': 6030805959, 'is_bot': True, 'first_name': 'TyPHoone', 'username': 'TyPHoone_Project_bot', 'can_join_groups': True, 'can_read_all_group_messages': False, 'supports_inline_queries': False, 'can_connect_to_business': False, 'has_main_web_app': False}`]
[2025-04-01 11:38:41,423]: [_bot.py]: _do_post: 643:       DEBUG:    [Calling Bot API endpoint `sendDocument` with parameters `{'chat_id': '-4119703192', 'document': <telegram._files.inputfile.InputFile object at 0x7f6db2997d00>}`]
[2025-04-01 11:38:41,423]: [_trace.py]: atrace: 87:       DEBUG:    [send_request_headers.started request=<Request [b'POST']>]
[2025-04-01 11:38:41,424]: [_trace.py]: atrace: 87:       DEBUG:    [send_request_headers.complete]
[2025-04-01 11:38:41,424]: [_trace.py]: atrace: 87:       DEBUG:    [send_request_body.started request=<Request [b'POST']>]
[2025-04-01 11:38:42,247]: [_trace.py]: atrace: 87:       DEBUG:    [send_request_body.complete]
[2025-04-01 11:38:42,247]: [_trace.py]: atrace: 87:       DEBUG:    [receive_response_headers.started request=<Request [b'POST']>]
[2025-04-01 11:38:43,119]: [_trace.py]: atrace: 87:       DEBUG:    [receive_response_headers.complete return_value=(b'HTTP/1.1', 200, b'OK', [(b'Server', b'nginx/1.18.0'), (b'Date', b'Tue, 01 Apr 2025 11:38:43 GMT'), (b'Content-Type', b'application/json'), (b'Content-Length', b'479'), (b'Connection', b'keep-alive'), (b'Strict-Transport-Security', b'max-age=31536000; includeSubDomains; preload'), (b'Access-Control-Allow-Origin', b'*'), (b'Access-Control-Allow-Methods', b'GET, POST, OPTIONS'), (b'Access-Control-Expose-Headers', b'Content-Length,Content-Type,Date,Server,Connection')])]
[2025-04-01 11:38:43,119]: [_client.py]: _send_single_request: 1740:       INFO:    [HTTP Request: POST https://api.telegram.org/bot6030805959:AAGUHAMxLYc-PrevgKouJ3ZyM7ktu56ftjo/sendDocument "HTTP/1.1 200 OK"]
[2025-04-01 11:38:43,120]: [_trace.py]: atrace: 87:       DEBUG:    [receive_response_body.started request=<Request [b'POST']>]
[2025-04-01 11:38:43,120]: [_trace.py]: atrace: 87:       DEBUG:    [receive_response_body.complete]
[2025-04-01 11:38:43,120]: [_trace.py]: atrace: 87:       DEBUG:    [response_closed.started]
[2025-04-01 11:38:43,120]: [_trace.py]: atrace: 87:       DEBUG:    [response_closed.complete]
[2025-04-01 11:38:43,120]: [_bot.py]: _do_post: 652:       DEBUG:    [Call to Bot API endpoint `sendDocument` finished with return value `{'message_id': 2268, 'from': {'id': 6030805959, 'is_bot': True, 'first_name': 'TyPHoone', 'username': 'TyPHoone_Project_bot'}, 'chat': {'id': -4119703192, 'title': 'Robocop', 'type': 'group', 'all_members_are_administrators': True}, 'date': 1743507523, 'document': {'file_name': '(2025_04_01--11_38)output.zip', 'mime_type': 'application/zip', 'file_id': 'BQACAgQAAxkDAAII3Gfr0EKJVkDo34x7rKafpe7kJ34YAAKbFAACTJ1hU9blz8eRuV7uNgQ', 'file_unique_id': 'AgADmxQAAkydYVM', 'file_size': 10106769}}`]
[2025-04-01 11:38:43,120]: [_trace.py]: atrace: 87:       DEBUG:    [close.started]
[2025-04-01 11:38:43,121]: [_trace.py]: atrace: 87:       DEBUG:    [close.complete]
[2025-04-01 11:38:43,121]: [Telegram_Sender.py]: runner: 61:       INFO:    [sent successfully]
[2025-04-01 11:38:43,121]: [Main.py]: <module>: 48:       INFO:    [Finished]
