[2025-12-18 11:43:43,259]: [Main.py]: <module>: 21:       INFO:    [Started]
[2025-12-18 11:43:44,948]: [Iron_Scraper.py]: Scrap: 32:       INFO:    [Data Scaraped Successfully]
[2025-12-18 11:43:45,146]: [Iron_Scraper.py]: Scrap: 70:       INFO:    [Scrapped Data Has No Problem]
[2025-12-18 11:43:45,146]: [Iron_Scraper.py]: Scrap: 83:       INFO:    [Data Saved Successfully]
[2025-12-18 11:43:45,146]: [Iron.py]: Run: 26:       INFO:    [Scraping Phase Completed]
[2025-12-18 11:43:45,146]: [Iron_Data_Processor.py]: Data_Reader: 61:       INFO:    [Data File Has Been Red Successfully]
[2025-12-18 11:43:45,146]: [Iron_Data_Processor.py]: Shaper: 78:       INFO:    [Data Shaped]
[2025-12-18 11:43:45,147]: [Iron_Data_Processor.py]: Process: 228:       INFO:    [Data Cleaned]
[2025-12-18 11:43:45,147]: [Iron_Data_Processor.py]: Make_Pages_Objects: 101:       INFO:    [Page Objects Has Been Made]
[2025-12-18 11:43:45,147]: [Iron_Data_Processor.py]: Make_Pages_Objects: 101:       INFO:    [Page Objects Has Been Made]
[2025-12-18 11:43:45,147]: [Iron_Data_Processor.py]: Load_Data: 118:       INFO:    [Data Has Been Load]
[2025-12-18 11:43:45,147]: [Iron_Data_Processor.py]: Load_Data: 118:       INFO:    [Data Has Been Load]
[2025-12-18 11:43:45,318]: [Iron_Data_Processor.py]: Load_positions: 140:       INFO:    [Positions Are Ready]
[2025-12-18 11:43:45,318]: [Iron_Data_Processor.py]: Load_positions: 140:       INFO:    [Positions Are Ready]
[2025-12-18 11:43:46,961]: [Iron_Data_Processor.py]: Make_Tagged_Images: 193:       INFO:    [Images Has Been Made]
[2025-12-18 11:43:47,913]: [Iron_Data_Processor.py]: Make_Tagged_Images: 193:       INFO:    [Images Has Been Made]
[2025-12-18 11:43:48,169]: [Iron_Data_Processor.py]: Make_Cover_Page: 215:       INFO:    [Made Cover Pages]
[2025-12-18 11:43:48,169]: [Iron.py]: Run: 29:       INFO:    [Imagination Phase Completed]
[2025-12-18 11:43:51,991]: [Phone_Scraper.py]: Scrap: 58:       INFO:    [Data Scraped]
[2025-12-18 11:43:51,991]: [Phone_Scraper.py]: Scrap: 71:       INFO:    [Scraped Data Successfully]
[2025-12-18 11:43:51,991]: [Phone.py]: Run: 26:       INFO:    [Scraping Phase Complete]
[2025-12-18 11:43:51,991]: [Phone_Data_Processor.py]: data_reader: 38:       INFO:    [Scraped Data Loaded]
[2025-12-18 11:43:51,992]: [Phone_Data_Processor.py]: filter_list: 65:       INFO:    [Persian Phrases Are deleted]
[2025-12-18 11:43:51,993]: [Phone_Data_Processor.py]: reshape_list: 87:       INFO:    [Date Reshaped]
[2025-12-18 11:43:51,993]: [Phone_Data_Processor.py]: separate_brands: 124:       INFO:    [Brands Are Separated]
[2025-12-18 11:43:51,993]: [Phone_Data_Processor.py]: delete_extra_spaces: 141:       INFO:    [Extra Spaces Are Deleted]
[2025-12-18 11:43:52,729]: [Phone.py]: Run: 29:       INFO:    [Imagination Phase Complete]
[2025-12-18 11:43:52,729]: [selector_events.py]: __init__: 64:       DEBUG:    [Using selector: EpollSelector]
[2025-12-18 11:43:53,006]: [_bot.py]: _do_post: 643:       DEBUG:    [Calling Bot API endpoint `getMe` with parameters `{}`]
[2025-12-18 11:43:53,011]: [_trace.py]: atrace: 87:       DEBUG:    [connect_tcp.started host='api.telegram.org' port=443 local_address=None timeout=5.0 socket_options=None]
[2025-12-18 11:43:53,248]: [_trace.py]: atrace: 87:       DEBUG:    [connect_tcp.complete return_value=<httpcore._backends.anyio.AnyIOStream object at 0x7f70e14cfe00>]
[2025-12-18 11:43:53,248]: [_trace.py]: atrace: 87:       DEBUG:    [start_tls.started ssl_context=<ssl.SSLContext object at 0x7f70e1eb1ed0> server_hostname='api.telegram.org' timeout=5.0]
[2025-12-18 11:43:53,406]: [_trace.py]: atrace: 87:       DEBUG:    [start_tls.complete return_value=<httpcore._backends.anyio.AnyIOStream object at 0x7f70e1f63e60>]
[2025-12-18 11:43:53,406]: [_trace.py]: atrace: 87:       DEBUG:    [send_request_headers.started request=<Request [b'POST']>]
[2025-12-18 11:43:53,406]: [_trace.py]: atrace: 87:       DEBUG:    [send_request_headers.complete]
[2025-12-18 11:43:53,407]: [_trace.py]: atrace: 87:       DEBUG:    [send_request_body.started request=<Request [b'POST']>]
[2025-12-18 11:43:53,407]: [_trace.py]: atrace: 87:       DEBUG:    [send_request_body.complete]
[2025-12-18 11:43:53,407]: [_trace.py]: atrace: 87:       DEBUG:    [receive_response_headers.started request=<Request [b'POST']>]
[2025-12-18 11:43:53,564]: [_trace.py]: atrace: 87:       DEBUG:    [receive_response_headers.complete return_value=(b'HTTP/1.1', 200, b'OK', [(b'Server', b'nginx/1.18.0'), (b'Date', b'Thu, 18 Dec 2025 11:43:53 GMT'), (b'Content-Type', b'application/json'), (b'Content-Length', b'258'), (b'Connection', b'keep-alive'), (b'Strict-Transport-Security', b'max-age=31536000; includeSubDomains; preload'), (b'Access-Control-Allow-Origin', b'*'), (b'Access-Control-Allow-Methods', b'GET, POST, OPTIONS'), (b'Access-Control-Expose-Headers', b'Content-Length,Content-Type,Date,Server,Connection')])]
[2025-12-18 11:43:53,564]: [_client.py]: _send_single_request: 1740:       INFO:    [HTTP Request: POST https://api.telegram.org/bot6030805959:AAGUHAMxLYc-PrevgKouJ3ZyM7ktu56ftjo/getMe "HTTP/1.1 200 OK"]
[2025-12-18 11:43:53,564]: [_trace.py]: atrace: 87:       DEBUG:    [receive_response_body.started request=<Request [b'POST']>]
[2025-12-18 11:43:53,564]: [_trace.py]: atrace: 87:       DEBUG:    [receive_response_body.complete]
[2025-12-18 11:43:53,565]: [_trace.py]: atrace: 87:       DEBUG:    [response_closed.started]
[2025-12-18 11:43:53,565]: [_trace.py]: atrace: 87:       DEBUG:    [response_closed.complete]
[2025-12-18 11:43:53,565]: [_bot.py]: _do_post: 652:       DEBUG:    [Call to Bot API endpoint `getMe` finished with return value `{'id': 6030805959, 'is_bot': True, 'first_name': 'TyPHoone', 'username': 'TyPHoone_Project_bot', 'can_join_groups': True, 'can_read_all_group_messages': False, 'supports_inline_queries': False, 'can_connect_to_business': False, 'has_main_web_app': False}`]
[2025-12-18 11:43:53,568]: [_bot.py]: _do_post: 643:       DEBUG:    [Calling Bot API endpoint `sendDocument` with parameters `{'chat_id': '-4119703192', 'document': <telegram._files.inputfile.InputFile object at 0x7f70e150f540>}`]
[2025-12-18 11:43:53,569]: [_trace.py]: atrace: 87:       DEBUG:    [send_request_headers.started request=<Request [b'POST']>]
[2025-12-18 11:43:53,569]: [_trace.py]: atrace: 87:       DEBUG:    [send_request_headers.complete]
[2025-12-18 11:43:53,569]: [_trace.py]: atrace: 87:       DEBUG:    [send_request_body.started request=<Request [b'POST']>]
[2025-12-18 11:43:53,569]: [_trace.py]: atrace: 87:       DEBUG:    [send_request_body.complete]
[2025-12-18 11:43:53,569]: [_trace.py]: atrace: 87:       DEBUG:    [receive_response_headers.started request=<Request [b'POST']>]
[2025-12-18 11:43:53,927]: [_trace.py]: atrace: 87:       DEBUG:    [receive_response_headers.complete return_value=(b'HTTP/1.1', 200, b'OK', [(b'Server', b'nginx/1.18.0'), (b'Date', b'Thu, 18 Dec 2025 11:43:53 GMT'), (b'Content-Type', b'application/json'), (b'Content-Length', b'584'), (b'Connection', b'keep-alive'), (b'Strict-Transport-Security', b'max-age=31536000; includeSubDomains; preload'), (b'Access-Control-Allow-Origin', b'*'), (b'Access-Control-Allow-Methods', b'GET, POST, OPTIONS'), (b'Access-Control-Expose-Headers', b'Content-Length,Content-Type,Date,Server,Connection')])]
[2025-12-18 11:43:53,927]: [_client.py]: _send_single_request: 1740:       INFO:    [HTTP Request: POST https://api.telegram.org/bot6030805959:AAGUHAMxLYc-PrevgKouJ3ZyM7ktu56ftjo/sendDocument "HTTP/1.1 200 OK"]
[2025-12-18 11:43:53,927]: [_trace.py]: atrace: 87:       DEBUG:    [receive_response_body.started request=<Request [b'POST']>]
[2025-12-18 11:43:53,927]: [_trace.py]: atrace: 87:       DEBUG:    [receive_response_body.complete]
[2025-12-18 11:43:53,927]: [_trace.py]: atrace: 87:       DEBUG:    [response_closed.started]
[2025-12-18 11:43:53,928]: [_trace.py]: atrace: 87:       DEBUG:    [response_closed.complete]
[2025-12-18 11:43:53,928]: [_bot.py]: _do_post: 652:       DEBUG:    [Call to Bot API endpoint `sendDocument` finished with return value `{'message_id': 2794, 'from': {'id': 6030805959, 'is_bot': True, 'first_name': 'TyPHoone', 'username': 'TyPHoone_Project_bot'}, 'chat': {'id': -4119703192, 'title': 'Robocop', 'type': 'group', 'all_members_are_administrators': True, 'accepted_gift_types': {'unlimited_gifts': False, 'limited_gifts': False, 'unique_gifts': False, 'premium_subscription': False}}, 'date': 1766058233, 'document': {'file_name': '(2025_12_18--11_43).log', 'mime_type': 'text/plain', 'file_id': 'BQACAgQAAxkDAAIK6mlD6PmZzfciZRZJm35Yy27r5NGdAALqHQACO90hUpi9PR7paFOJNgQ', 'file_unique_id': 'AgAD6h0AAjvdIVI', 'file_size': 5937}}`]
[2025-12-18 11:43:53,929]: [_trace.py]: atrace: 87:       DEBUG:    [close.started]
[2025-12-18 11:43:53,929]: [_trace.py]: atrace: 87:       DEBUG:    [close.complete]
[2025-12-18 11:43:53,971]: [_bot.py]: _do_post: 643:       DEBUG:    [Calling Bot API endpoint `getMe` with parameters `{}`]
[2025-12-18 11:43:53,972]: [_trace.py]: atrace: 87:       DEBUG:    [connect_tcp.started host='api.telegram.org' port=443 local_address=None timeout=5.0 socket_options=None]
[2025-12-18 11:43:54,122]: [_trace.py]: atrace: 87:       DEBUG:    [connect_tcp.complete return_value=<httpcore._backends.anyio.AnyIOStream object at 0x7f70e1349b20>]
[2025-12-18 11:43:54,122]: [_trace.py]: atrace: 87:       DEBUG:    [start_tls.started ssl_context=<ssl.SSLContext object at 0x7f70e1eb1dd0> server_hostname='api.telegram.org' timeout=5.0]
[2025-12-18 11:43:54,274]: [_trace.py]: atrace: 87:       DEBUG:    [start_tls.complete return_value=<httpcore._backends.anyio.AnyIOStream object at 0x7f70efcd1010>]
[2025-12-18 11:43:54,275]: [_trace.py]: atrace: 87:       DEBUG:    [send_request_headers.started request=<Request [b'POST']>]
[2025-12-18 11:43:54,275]: [_trace.py]: atrace: 87:       DEBUG:    [send_request_headers.complete]
[2025-12-18 11:43:54,275]: [_trace.py]: atrace: 87:       DEBUG:    [send_request_body.started request=<Request [b'POST']>]
[2025-12-18 11:43:54,275]: [_trace.py]: atrace: 87:       DEBUG:    [send_request_body.complete]
[2025-12-18 11:43:54,275]: [_trace.py]: atrace: 87:       DEBUG:    [receive_response_headers.started request=<Request [b'POST']>]
[2025-12-18 11:43:54,424]: [_trace.py]: atrace: 87:       DEBUG:    [receive_response_headers.complete return_value=(b'HTTP/1.1', 200, b'OK', [(b'Server', b'nginx/1.18.0'), (b'Date', b'Thu, 18 Dec 2025 11:43:54 GMT'), (b'Content-Type', b'application/json'), (b'Content-Length', b'258'), (b'Connection', b'keep-alive'), (b'Strict-Transport-Security', b'max-age=31536000; includeSubDomains; preload'), (b'Access-Control-Allow-Origin', b'*'), (b'Access-Control-Allow-Methods', b'GET, POST, OPTIONS'), (b'Access-Control-Expose-Headers', b'Content-Length,Content-Type,Date,Server,Connection')])]
[2025-12-18 11:43:54,424]: [_client.py]: _send_single_request: 1740:       INFO:    [HTTP Request: POST https://api.telegram.org/bot6030805959:AAGUHAMxLYc-PrevgKouJ3ZyM7ktu56ftjo/getMe "HTTP/1.1 200 OK"]
[2025-12-18 11:43:54,424]: [_trace.py]: atrace: 87:       DEBUG:    [receive_response_body.started request=<Request [b'POST']>]
[2025-12-18 11:43:54,424]: [_trace.py]: atrace: 87:       DEBUG:    [receive_response_body.complete]
[2025-12-18 11:43:54,425]: [_trace.py]: atrace: 87:       DEBUG:    [response_closed.started]
[2025-12-18 11:43:54,425]: [_trace.py]: atrace: 87:       DEBUG:    [response_closed.complete]
[2025-12-18 11:43:54,425]: [_bot.py]: _do_post: 652:       DEBUG:    [Call to Bot API endpoint `getMe` finished with return value `{'id': 6030805959, 'is_bot': True, 'first_name': 'TyPHoone', 'username': 'TyPHoone_Project_bot', 'can_join_groups': True, 'can_read_all_group_messages': False, 'supports_inline_queries': False, 'can_connect_to_business': False, 'has_main_web_app': False}`]
[2025-12-18 11:43:54,427]: [_bot.py]: _do_post: 643:       DEBUG:    [Calling Bot API endpoint `sendDocument` with parameters `{'chat_id': '-4119703192', 'document': <telegram._files.inputfile.InputFile object at 0x7f70e1ee9380>}`]
[2025-12-18 11:43:54,428]: [_trace.py]: atrace: 87:       DEBUG:    [send_request_headers.started request=<Request [b'POST']>]
[2025-12-18 11:43:54,428]: [_trace.py]: atrace: 87:       DEBUG:    [send_request_headers.complete]
[2025-12-18 11:43:54,428]: [_trace.py]: atrace: 87:       DEBUG:    [send_request_body.started request=<Request [b'POST']>]
[2025-12-18 11:43:55,939]: [_trace.py]: atrace: 87:       DEBUG:    [send_request_body.complete]
[2025-12-18 11:43:55,939]: [_trace.py]: atrace: 87:       DEBUG:    [receive_response_headers.started request=<Request [b'POST']>]
[2025-12-18 11:43:56,920]: [_trace.py]: atrace: 87:       DEBUG:    [receive_response_headers.complete return_value=(b'HTTP/1.1', 200, b'OK', [(b'Server', b'nginx/1.18.0'), (b'Date', b'Thu, 18 Dec 2025 11:43:56 GMT'), (b'Content-Type', b'application/json'), (b'Content-Length', b'599'), (b'Connection', b'keep-alive'), (b'Strict-Transport-Security', b'max-age=31536000; includeSubDomains; preload'), (b'Access-Control-Allow-Origin', b'*'), (b'Access-Control-Allow-Methods', b'GET, POST, OPTIONS'), (b'Access-Control-Expose-Headers', b'Content-Length,Content-Type,Date,Server,Connection')])]
[2025-12-18 11:43:56,920]: [_client.py]: _send_single_request: 1740:       INFO:    [HTTP Request: POST https://api.telegram.org/bot6030805959:AAGUHAMxLYc-PrevgKouJ3ZyM7ktu56ftjo/sendDocument "HTTP/1.1 200 OK"]
[2025-12-18 11:43:56,920]: [_trace.py]: atrace: 87:       DEBUG:    [receive_response_body.started request=<Request [b'POST']>]
[2025-12-18 11:43:56,921]: [_trace.py]: atrace: 87:       DEBUG:    [receive_response_body.complete]
[2025-12-18 11:43:56,921]: [_trace.py]: atrace: 87:       DEBUG:    [response_closed.started]
[2025-12-18 11:43:56,921]: [_trace.py]: atrace: 87:       DEBUG:    [response_closed.complete]
[2025-12-18 11:43:56,921]: [_bot.py]: _do_post: 652:       DEBUG:    [Call to Bot API endpoint `sendDocument` finished with return value `{'message_id': 2795, 'from': {'id': 6030805959, 'is_bot': True, 'first_name': 'TyPHoone', 'username': 'TyPHoone_Project_bot'}, 'chat': {'id': -4119703192, 'title': 'Robocop', 'type': 'group', 'all_members_are_administrators': True, 'accepted_gift_types': {'unlimited_gifts': False, 'limited_gifts': False, 'unique_gifts': False, 'premium_subscription': False}}, 'date': 1766058236, 'document': {'file_name': '(2025_12_18--11_43)output.zip', 'mime_type': 'application/zip', 'file_id': 'BQACAgQAAxkDAAIK62lD6PxdJbCvdjrpbI9zP6nUz9zHAALrHQACO90hUhc4CiUIRhk3NgQ', 'file_unique_id': 'AgAD6x0AAjvdIVI', 'file_size': 10078136}}`]
[2025-12-18 11:43:56,922]: [_trace.py]: atrace: 87:       DEBUG:    [close.started]
[2025-12-18 11:43:56,922]: [_trace.py]: atrace: 87:       DEBUG:    [close.complete]
[2025-12-18 11:43:56,922]: [Telegram_Sender.py]: runner: 61:       INFO:    [sent successfully]
[2025-12-18 11:43:56,922]: [Main.py]: <module>: 48:       INFO:    [Finished]
