[2024-09-15 11:39:33,878]: [Main.py]: <module>: 21:       INFO:    [Started]
[2024-09-15 11:39:35,914]: [Iron_Scraper.py]: Scrap: 32:       INFO:    [Data Scaraped Successfully]
[2024-09-15 11:39:36,103]: [Iron_Scraper.py]: Scrap: 70:       INFO:    [Scrapped Data Has No Problem]
[2024-09-15 11:39:36,103]: [Iron_Scraper.py]: Scrap: 83:       INFO:    [Data Saved Successfully]
[2024-09-15 11:39:36,103]: [Iron.py]: Run: 26:       INFO:    [Scraping Phase Completed]
[2024-09-15 11:39:36,103]: [Iron_Data_Processor.py]: Data_Reader: 61:       INFO:    [Data File Has Been Red Successfully]
[2024-09-15 11:39:36,103]: [Iron_Data_Processor.py]: Shaper: 78:       INFO:    [Data Shaped]
[2024-09-15 11:39:36,104]: [Iron_Data_Processor.py]: Process: 228:       INFO:    [Data Cleaned]
[2024-09-15 11:39:36,104]: [Iron_Data_Processor.py]: Make_Pages_Objects: 101:       INFO:    [Page Objects Has Been Made]
[2024-09-15 11:39:36,104]: [Iron_Data_Processor.py]: Make_Pages_Objects: 101:       INFO:    [Page Objects Has Been Made]
[2024-09-15 11:39:36,104]: [Iron_Data_Processor.py]: Load_Data: 118:       INFO:    [Data Has Been Load]
[2024-09-15 11:39:36,104]: [Iron_Data_Processor.py]: Load_Data: 118:       INFO:    [Data Has Been Load]
[2024-09-15 11:39:36,104]: [Iron_Data_Processor.py]: Load_positions: 140:       INFO:    [Positions Are Ready]
[2024-09-15 11:39:36,104]: [Iron_Data_Processor.py]: Load_positions: 140:       INFO:    [Positions Are Ready]
[2024-09-15 11:39:37,242]: [Iron_Data_Processor.py]: Make_Tagged_Images: 193:       INFO:    [Images Has Been Made]
[2024-09-15 11:39:38,287]: [Iron_Data_Processor.py]: Make_Tagged_Images: 193:       INFO:    [Images Has Been Made]
[2024-09-15 11:39:38,541]: [Iron_Data_Processor.py]: Make_Cover_Page: 215:       INFO:    [Made Cover Pages]
[2024-09-15 11:39:38,541]: [Iron.py]: Run: 29:       INFO:    [Imagination Phase Completed]
[2024-09-15 11:39:41,508]: [Phone_Scraper.py]: Scrap: 58:       INFO:    [Data Scraped]
[2024-09-15 11:39:41,508]: [Phone_Scraper.py]: Scrap: 71:       INFO:    [Scraped Data Successfully]
[2024-09-15 11:39:41,508]: [Phone.py]: Run: 26:       INFO:    [Scraping Phase Complete]
[2024-09-15 11:39:41,508]: [Phone_Data_Processor.py]: data_reader: 38:       INFO:    [Scraped Data Loaded]
[2024-09-15 11:39:41,510]: [Phone_Data_Processor.py]: filter_list: 65:       INFO:    [Persian Phrases Are deleted]
[2024-09-15 11:39:41,510]: [Phone_Data_Processor.py]: reshape_list: 87:       INFO:    [Date Reshaped]
[2024-09-15 11:39:41,510]: [Phone_Data_Processor.py]: separate_brands: 124:       INFO:    [Brands Are Separated]
[2024-09-15 11:39:41,511]: [Phone_Data_Processor.py]: delete_extra_spaces: 141:       INFO:    [Extra Spaces Are Deleted]
[2024-09-15 11:39:42,268]: [Phone.py]: Run: 29:       INFO:    [Imagination Phase Complete]
[2024-09-15 11:39:42,268]: [selector_events.py]: __init__: 64:       DEBUG:    [Using selector: EpollSelector]
[2024-09-15 11:39:42,606]: [_bot.py]: _do_post: 643:       DEBUG:    [Calling Bot API endpoint `getMe` with parameters `{}`]
[2024-09-15 11:39:42,611]: [_trace.py]: atrace: 85:       DEBUG:    [connect_tcp.started host='api.telegram.org' port=443 local_address=None timeout=5.0 socket_options=None]
[2024-09-15 11:39:42,969]: [_trace.py]: atrace: 85:       DEBUG:    [connect_tcp.complete return_value=<httpcore._backends.anyio.AnyIOStream object at 0x7f3df2513fb0>]
[2024-09-15 11:39:42,969]: [_trace.py]: atrace: 85:       DEBUG:    [start_tls.started ssl_context=<ssl.SSLContext object at 0x7f3df233fc50> server_hostname='api.telegram.org' timeout=5.0]
[2024-09-15 11:39:43,113]: [_trace.py]: atrace: 85:       DEBUG:    [start_tls.complete return_value=<httpcore._backends.anyio.AnyIOStream object at 0x7f3df25ba3c0>]
[2024-09-15 11:39:43,113]: [_trace.py]: atrace: 85:       DEBUG:    [send_request_headers.started request=<Request [b'POST']>]
[2024-09-15 11:39:43,113]: [_trace.py]: atrace: 85:       DEBUG:    [send_request_headers.complete]
[2024-09-15 11:39:43,113]: [_trace.py]: atrace: 85:       DEBUG:    [send_request_body.started request=<Request [b'POST']>]
[2024-09-15 11:39:43,113]: [_trace.py]: atrace: 85:       DEBUG:    [send_request_body.complete]
[2024-09-15 11:39:43,113]: [_trace.py]: atrace: 85:       DEBUG:    [receive_response_headers.started request=<Request [b'POST']>]
[2024-09-15 11:39:43,256]: [_trace.py]: atrace: 85:       DEBUG:    [receive_response_headers.complete return_value=(b'HTTP/1.1', 200, b'OK', [(b'Server', b'nginx/1.18.0'), (b'Date', b'Sun, 15 Sep 2024 11:39:43 GMT'), (b'Content-Type', b'application/json'), (b'Content-Length', b'258'), (b'Connection', b'keep-alive'), (b'Strict-Transport-Security', b'max-age=31536000; includeSubDomains; preload'), (b'Access-Control-Allow-Origin', b'*'), (b'Access-Control-Allow-Methods', b'GET, POST, OPTIONS'), (b'Access-Control-Expose-Headers', b'Content-Length,Content-Type,Date,Server,Connection')])]
[2024-09-15 11:39:43,257]: [_client.py]: _send_single_request: 1786:       INFO:    [HTTP Request: POST https://api.telegram.org/bot6030805959:AAGUHAMxLYc-PrevgKouJ3ZyM7ktu56ftjo/getMe "HTTP/1.1 200 OK"]
[2024-09-15 11:39:43,257]: [_trace.py]: atrace: 85:       DEBUG:    [receive_response_body.started request=<Request [b'POST']>]
[2024-09-15 11:39:43,257]: [_trace.py]: atrace: 85:       DEBUG:    [receive_response_body.complete]
[2024-09-15 11:39:43,257]: [_trace.py]: atrace: 85:       DEBUG:    [response_closed.started]
[2024-09-15 11:39:43,257]: [_trace.py]: atrace: 85:       DEBUG:    [response_closed.complete]
[2024-09-15 11:39:43,257]: [_bot.py]: _do_post: 652:       DEBUG:    [Call to Bot API endpoint `getMe` finished with return value `{'id': 6030805959, 'is_bot': True, 'first_name': 'TyPHoone', 'username': 'TyPHoone_Project_bot', 'can_join_groups': True, 'can_read_all_group_messages': False, 'supports_inline_queries': False, 'can_connect_to_business': False, 'has_main_web_app': False}`]
[2024-09-15 11:39:43,260]: [_bot.py]: _do_post: 643:       DEBUG:    [Calling Bot API endpoint `sendDocument` with parameters `{'chat_id': '-4119703192', 'document': <telegram._files.inputfile.InputFile object at 0x7f3df1957200>}`]
[2024-09-15 11:39:43,261]: [_trace.py]: atrace: 85:       DEBUG:    [send_request_headers.started request=<Request [b'POST']>]
[2024-09-15 11:39:43,261]: [_trace.py]: atrace: 85:       DEBUG:    [send_request_headers.complete]
[2024-09-15 11:39:43,261]: [_trace.py]: atrace: 85:       DEBUG:    [send_request_body.started request=<Request [b'POST']>]
[2024-09-15 11:39:43,262]: [_trace.py]: atrace: 85:       DEBUG:    [send_request_body.complete]
[2024-09-15 11:39:43,262]: [_trace.py]: atrace: 85:       DEBUG:    [receive_response_headers.started request=<Request [b'POST']>]
[2024-09-15 11:39:43,443]: [_trace.py]: atrace: 85:       DEBUG:    [receive_response_headers.complete return_value=(b'HTTP/1.1', 200, b'OK', [(b'Server', b'nginx/1.18.0'), (b'Date', b'Sun, 15 Sep 2024 11:39:43 GMT'), (b'Content-Type', b'application/json'), (b'Content-Length', b'465'), (b'Connection', b'keep-alive'), (b'Strict-Transport-Security', b'max-age=31536000; includeSubDomains; preload'), (b'Access-Control-Allow-Origin', b'*'), (b'Access-Control-Allow-Methods', b'GET, POST, OPTIONS'), (b'Access-Control-Expose-Headers', b'Content-Length,Content-Type,Date,Server,Connection')])]
[2024-09-15 11:39:43,444]: [_client.py]: _send_single_request: 1786:       INFO:    [HTTP Request: POST https://api.telegram.org/bot6030805959:AAGUHAMxLYc-PrevgKouJ3ZyM7ktu56ftjo/sendDocument "HTTP/1.1 200 OK"]
[2024-09-15 11:39:43,444]: [_trace.py]: atrace: 85:       DEBUG:    [receive_response_body.started request=<Request [b'POST']>]
[2024-09-15 11:39:43,444]: [_trace.py]: atrace: 85:       DEBUG:    [receive_response_body.complete]
[2024-09-15 11:39:43,444]: [_trace.py]: atrace: 85:       DEBUG:    [response_closed.started]
[2024-09-15 11:39:43,444]: [_trace.py]: atrace: 85:       DEBUG:    [response_closed.complete]
[2024-09-15 11:39:43,444]: [_bot.py]: _do_post: 652:       DEBUG:    [Call to Bot API endpoint `sendDocument` finished with return value `{'message_id': 1867, 'from': {'id': 6030805959, 'is_bot': True, 'first_name': 'TyPHoone', 'username': 'TyPHoone_Project_bot'}, 'chat': {'id': -4119703192, 'title': 'Robocop', 'type': 'group', 'all_members_are_administrators': True}, 'date': 1726400383, 'document': {'file_name': '(2024_09_15--11_39).log', 'mime_type': 'text/plain', 'file_id': 'BQACAgQAAxkDAAIHS2bmx3-ga2_Ac6g-zdIAAakX7nHEgwACwxYAAo59OVMnLv0Nj6CSQjYE', 'file_unique_id': 'AgADwxYAAo59OVM', 'file_size': 5937}}`]
[2024-09-15 11:39:43,445]: [_trace.py]: atrace: 85:       DEBUG:    [close.started]
[2024-09-15 11:39:43,445]: [_trace.py]: atrace: 85:       DEBUG:    [close.complete]
[2024-09-15 11:39:43,445]: [_config.py]: load_ssl_context: 82:       DEBUG:    [load_ssl_context verify=True cert=None trust_env=True http2=False]
[2024-09-15 11:39:43,445]: [_config.py]: load_ssl_context_verify: 148:       DEBUG:    [load_verify_locations cafile='/opt/hostedtoolcache/Python/3.12.5/x64/lib/python3.12/site-packages/certifi/cacert.pem']
[2024-09-15 11:39:43,472]: [_config.py]: load_ssl_context: 82:       DEBUG:    [load_ssl_context verify=True cert=None trust_env=True http2=False]
[2024-09-15 11:39:43,473]: [_config.py]: load_ssl_context_verify: 148:       DEBUG:    [load_verify_locations cafile='/opt/hostedtoolcache/Python/3.12.5/x64/lib/python3.12/site-packages/certifi/cacert.pem']
[2024-09-15 11:39:43,499]: [_bot.py]: _do_post: 643:       DEBUG:    [Calling Bot API endpoint `getMe` with parameters `{}`]
[2024-09-15 11:39:43,499]: [_trace.py]: atrace: 85:       DEBUG:    [connect_tcp.started host='api.telegram.org' port=443 local_address=None timeout=5.0 socket_options=None]
[2024-09-15 11:39:43,639]: [_trace.py]: atrace: 85:       DEBUG:    [connect_tcp.complete return_value=<httpcore._backends.anyio.AnyIOStream object at 0x7f3df254bfe0>]
[2024-09-15 11:39:43,639]: [_trace.py]: atrace: 85:       DEBUG:    [start_tls.started ssl_context=<ssl.SSLContext object at 0x7f3df233fa50> server_hostname='api.telegram.org' timeout=5.0]
[2024-09-15 11:39:43,781]: [_trace.py]: atrace: 85:       DEBUG:    [start_tls.complete return_value=<httpcore._backends.anyio.AnyIOStream object at 0x7f3df1976a20>]
[2024-09-15 11:39:43,781]: [_trace.py]: atrace: 85:       DEBUG:    [send_request_headers.started request=<Request [b'POST']>]
[2024-09-15 11:39:43,781]: [_trace.py]: atrace: 85:       DEBUG:    [send_request_headers.complete]
[2024-09-15 11:39:43,781]: [_trace.py]: atrace: 85:       DEBUG:    [send_request_body.started request=<Request [b'POST']>]
[2024-09-15 11:39:43,781]: [_trace.py]: atrace: 85:       DEBUG:    [send_request_body.complete]
[2024-09-15 11:39:43,781]: [_trace.py]: atrace: 85:       DEBUG:    [receive_response_headers.started request=<Request [b'POST']>]
[2024-09-15 11:39:43,921]: [_trace.py]: atrace: 85:       DEBUG:    [receive_response_headers.complete return_value=(b'HTTP/1.1', 200, b'OK', [(b'Server', b'nginx/1.18.0'), (b'Date', b'Sun, 15 Sep 2024 11:39:43 GMT'), (b'Content-Type', b'application/json'), (b'Content-Length', b'258'), (b'Connection', b'keep-alive'), (b'Strict-Transport-Security', b'max-age=31536000; includeSubDomains; preload'), (b'Access-Control-Allow-Origin', b'*'), (b'Access-Control-Allow-Methods', b'GET, POST, OPTIONS'), (b'Access-Control-Expose-Headers', b'Content-Length,Content-Type,Date,Server,Connection')])]
[2024-09-15 11:39:43,921]: [_client.py]: _send_single_request: 1786:       INFO:    [HTTP Request: POST https://api.telegram.org/bot6030805959:AAGUHAMxLYc-PrevgKouJ3ZyM7ktu56ftjo/getMe "HTTP/1.1 200 OK"]
[2024-09-15 11:39:43,921]: [_trace.py]: atrace: 85:       DEBUG:    [receive_response_body.started request=<Request [b'POST']>]
[2024-09-15 11:39:43,921]: [_trace.py]: atrace: 85:       DEBUG:    [receive_response_body.complete]
[2024-09-15 11:39:43,921]: [_trace.py]: atrace: 85:       DEBUG:    [response_closed.started]
[2024-09-15 11:39:43,922]: [_trace.py]: atrace: 85:       DEBUG:    [response_closed.complete]
[2024-09-15 11:39:43,922]: [_bot.py]: _do_post: 652:       DEBUG:    [Call to Bot API endpoint `getMe` finished with return value `{'id': 6030805959, 'is_bot': True, 'first_name': 'TyPHoone', 'username': 'TyPHoone_Project_bot', 'can_join_groups': True, 'can_read_all_group_messages': False, 'supports_inline_queries': False, 'can_connect_to_business': False, 'has_main_web_app': False}`]
[2024-09-15 11:39:43,924]: [_bot.py]: _do_post: 643:       DEBUG:    [Calling Bot API endpoint `sendDocument` with parameters `{'chat_id': '-4119703192', 'document': <telegram._files.inputfile.InputFile object at 0x7f3df19552c0>}`]
[2024-09-15 11:39:43,924]: [_trace.py]: atrace: 85:       DEBUG:    [send_request_headers.started request=<Request [b'POST']>]
[2024-09-15 11:39:43,925]: [_trace.py]: atrace: 85:       DEBUG:    [send_request_headers.complete]
[2024-09-15 11:39:43,925]: [_trace.py]: atrace: 85:       DEBUG:    [send_request_body.started request=<Request [b'POST']>]
[2024-09-15 11:40:03,926]: [_trace.py]: atrace: 85:       DEBUG:    [send_request_body.failed exception=WriteTimeout(TimeoutError())]
[2024-09-15 11:40:03,926]: [_trace.py]: atrace: 85:       DEBUG:    [response_closed.started]
[2024-09-15 11:40:03,927]: [_trace.py]: atrace: 85:       DEBUG:    [response_closed.complete]
[2024-09-15 11:40:03,927]: [Telegram_Sender.py]: runner: 59:       CRITICAL:    [didnt sent]
[2024-09-15 11:40:03,928]: [Main.py]: <module>: 48:       INFO:    [Finished]
