[2024-09-07 11:38:46,736]: [Main.py]: <module>: 21:       INFO:    [Started]
[2024-09-07 11:38:48,766]: [Iron_Scraper.py]: Scrap: 32:       INFO:    [Data Scaraped Successfully]
[2024-09-07 11:38:48,951]: [Iron_Scraper.py]: Scrap: 70:       INFO:    [Scrapped Data Has No Problem]
[2024-09-07 11:38:48,951]: [Iron_Scraper.py]: Scrap: 83:       INFO:    [Data Saved Successfully]
[2024-09-07 11:38:48,951]: [Iron.py]: Run: 26:       INFO:    [Scraping Phase Completed]
[2024-09-07 11:38:48,951]: [Iron_Data_Processor.py]: Data_Reader: 61:       INFO:    [Data File Has Been Red Successfully]
[2024-09-07 11:38:48,952]: [Iron_Data_Processor.py]: Shaper: 78:       INFO:    [Data Shaped]
[2024-09-07 11:38:48,952]: [Iron_Data_Processor.py]: Process: 228:       INFO:    [Data Cleaned]
[2024-09-07 11:38:48,952]: [Iron_Data_Processor.py]: Make_Pages_Objects: 101:       INFO:    [Page Objects Has Been Made]
[2024-09-07 11:38:48,952]: [Iron_Data_Processor.py]: Make_Pages_Objects: 101:       INFO:    [Page Objects Has Been Made]
[2024-09-07 11:38:48,952]: [Iron_Data_Processor.py]: Load_Data: 118:       INFO:    [Data Has Been Load]
[2024-09-07 11:38:48,952]: [Iron_Data_Processor.py]: Load_Data: 118:       INFO:    [Data Has Been Load]
[2024-09-07 11:38:48,952]: [Iron_Data_Processor.py]: Load_positions: 140:       INFO:    [Positions Are Ready]
[2024-09-07 11:38:48,952]: [Iron_Data_Processor.py]: Load_positions: 140:       INFO:    [Positions Are Ready]
[2024-09-07 11:38:50,071]: [Iron_Data_Processor.py]: Make_Tagged_Images: 193:       INFO:    [Images Has Been Made]
[2024-09-07 11:38:51,021]: [Iron_Data_Processor.py]: Make_Tagged_Images: 193:       INFO:    [Images Has Been Made]
[2024-09-07 11:38:51,274]: [Iron_Data_Processor.py]: Make_Cover_Page: 215:       INFO:    [Made Cover Pages]
[2024-09-07 11:38:51,274]: [Iron.py]: Run: 29:       INFO:    [Imagination Phase Completed]
[2024-09-07 11:38:55,180]: [Phone_Scraper.py]: Scrap: 58:       INFO:    [Data Scraped]
[2024-09-07 11:38:55,180]: [Phone_Scraper.py]: Scrap: 71:       INFO:    [Scraped Data Successfully]
[2024-09-07 11:38:55,181]: [Phone.py]: Run: 26:       INFO:    [Scraping Phase Complete]
[2024-09-07 11:38:55,181]: [Phone_Data_Processor.py]: data_reader: 38:       INFO:    [Scraped Data Loaded]
[2024-09-07 11:38:55,182]: [Phone_Data_Processor.py]: filter_list: 65:       INFO:    [Persian Phrases Are deleted]
[2024-09-07 11:38:55,183]: [Phone_Data_Processor.py]: reshape_list: 87:       INFO:    [Date Reshaped]
[2024-09-07 11:38:55,183]: [Phone_Data_Processor.py]: separate_brands: 124:       INFO:    [Brands Are Separated]
[2024-09-07 11:38:55,183]: [Phone_Data_Processor.py]: delete_extra_spaces: 141:       INFO:    [Extra Spaces Are Deleted]
[2024-09-07 11:38:55,955]: [Phone.py]: Run: 29:       INFO:    [Imagination Phase Complete]
[2024-09-07 11:38:55,955]: [selector_events.py]: __init__: 64:       DEBUG:    [Using selector: EpollSelector]
[2024-09-07 11:38:56,295]: [_bot.py]: _do_post: 643:       DEBUG:    [Calling Bot API endpoint `getMe` with parameters `{}`]
[2024-09-07 11:38:56,299]: [_trace.py]: atrace: 85:       DEBUG:    [connect_tcp.started host='api.telegram.org' port=443 local_address=None timeout=5.0 socket_options=None]
[2024-09-07 11:38:56,503]: [_trace.py]: atrace: 85:       DEBUG:    [connect_tcp.complete return_value=<httpcore._backends.anyio.AnyIOStream object at 0x7f03de3abfb0>]
[2024-09-07 11:38:56,503]: [_trace.py]: atrace: 85:       DEBUG:    [start_tls.started ssl_context=<ssl.SSLContext object at 0x7f03de043c50> server_hostname='api.telegram.org' timeout=5.0]
[2024-09-07 11:38:56,654]: [_trace.py]: atrace: 85:       DEBUG:    [start_tls.complete return_value=<httpcore._backends.anyio.AnyIOStream object at 0x7f03de5934a0>]
[2024-09-07 11:38:56,654]: [_trace.py]: atrace: 85:       DEBUG:    [send_request_headers.started request=<Request [b'POST']>]
[2024-09-07 11:38:56,654]: [_trace.py]: atrace: 85:       DEBUG:    [send_request_headers.complete]
[2024-09-07 11:38:56,654]: [_trace.py]: atrace: 85:       DEBUG:    [send_request_body.started request=<Request [b'POST']>]
[2024-09-07 11:38:56,654]: [_trace.py]: atrace: 85:       DEBUG:    [send_request_body.complete]
[2024-09-07 11:38:56,654]: [_trace.py]: atrace: 85:       DEBUG:    [receive_response_headers.started request=<Request [b'POST']>]
[2024-09-07 11:38:56,808]: [_trace.py]: atrace: 85:       DEBUG:    [receive_response_headers.complete return_value=(b'HTTP/1.1', 200, b'OK', [(b'Server', b'nginx/1.18.0'), (b'Date', b'Sat, 07 Sep 2024 11:38:56 GMT'), (b'Content-Type', b'application/json'), (b'Content-Length', b'258'), (b'Connection', b'keep-alive'), (b'Strict-Transport-Security', b'max-age=31536000; includeSubDomains; preload'), (b'Access-Control-Allow-Origin', b'*'), (b'Access-Control-Allow-Methods', b'GET, POST, OPTIONS'), (b'Access-Control-Expose-Headers', b'Content-Length,Content-Type,Date,Server,Connection')])]
[2024-09-07 11:38:56,808]: [_client.py]: _send_single_request: 1786:       INFO:    [HTTP Request: POST https://api.telegram.org/bot6030805959:AAGUHAMxLYc-PrevgKouJ3ZyM7ktu56ftjo/getMe "HTTP/1.1 200 OK"]
[2024-09-07 11:38:56,808]: [_trace.py]: atrace: 85:       DEBUG:    [receive_response_body.started request=<Request [b'POST']>]
[2024-09-07 11:38:56,808]: [_trace.py]: atrace: 85:       DEBUG:    [receive_response_body.complete]
[2024-09-07 11:38:56,808]: [_trace.py]: atrace: 85:       DEBUG:    [response_closed.started]
[2024-09-07 11:38:56,808]: [_trace.py]: atrace: 85:       DEBUG:    [response_closed.complete]
[2024-09-07 11:38:56,809]: [_bot.py]: _do_post: 652:       DEBUG:    [Call to Bot API endpoint `getMe` finished with return value `{'id': 6030805959, 'is_bot': True, 'first_name': 'TyPHoone', 'username': 'TyPHoone_Project_bot', 'can_join_groups': True, 'can_read_all_group_messages': False, 'supports_inline_queries': False, 'can_connect_to_business': False, 'has_main_web_app': False}`]
[2024-09-07 11:38:56,812]: [_bot.py]: _do_post: 643:       DEBUG:    [Calling Bot API endpoint `sendDocument` with parameters `{'chat_id': '-4119703192', 'document': <telegram._files.inputfile.InputFile object at 0x7f03de0644c0>}`]
[2024-09-07 11:38:56,812]: [_trace.py]: atrace: 85:       DEBUG:    [send_request_headers.started request=<Request [b'POST']>]
[2024-09-07 11:38:56,813]: [_trace.py]: atrace: 85:       DEBUG:    [send_request_headers.complete]
[2024-09-07 11:38:56,813]: [_trace.py]: atrace: 85:       DEBUG:    [send_request_body.started request=<Request [b'POST']>]
[2024-09-07 11:38:56,813]: [_trace.py]: atrace: 85:       DEBUG:    [send_request_body.complete]
[2024-09-07 11:38:56,813]: [_trace.py]: atrace: 85:       DEBUG:    [receive_response_headers.started request=<Request [b'POST']>]
[2024-09-07 11:38:57,204]: [_trace.py]: atrace: 85:       DEBUG:    [receive_response_headers.complete return_value=(b'HTTP/1.1', 200, b'OK', [(b'Server', b'nginx/1.18.0'), (b'Date', b'Sat, 07 Sep 2024 11:38:57 GMT'), (b'Content-Type', b'application/json'), (b'Content-Length', b'464'), (b'Connection', b'keep-alive'), (b'Strict-Transport-Security', b'max-age=31536000; includeSubDomains; preload'), (b'Access-Control-Allow-Origin', b'*'), (b'Access-Control-Allow-Methods', b'GET, POST, OPTIONS'), (b'Access-Control-Expose-Headers', b'Content-Length,Content-Type,Date,Server,Connection')])]
[2024-09-07 11:38:57,204]: [_client.py]: _send_single_request: 1786:       INFO:    [HTTP Request: POST https://api.telegram.org/bot6030805959:AAGUHAMxLYc-PrevgKouJ3ZyM7ktu56ftjo/sendDocument "HTTP/1.1 200 OK"]
[2024-09-07 11:38:57,204]: [_trace.py]: atrace: 85:       DEBUG:    [receive_response_body.started request=<Request [b'POST']>]
[2024-09-07 11:38:57,204]: [_trace.py]: atrace: 85:       DEBUG:    [receive_response_body.complete]
[2024-09-07 11:38:57,204]: [_trace.py]: atrace: 85:       DEBUG:    [response_closed.started]
[2024-09-07 11:38:57,204]: [_trace.py]: atrace: 85:       DEBUG:    [response_closed.complete]
[2024-09-07 11:38:57,204]: [_bot.py]: _do_post: 652:       DEBUG:    [Call to Bot API endpoint `sendDocument` finished with return value `{'message_id': 1851, 'from': {'id': 6030805959, 'is_bot': True, 'first_name': 'TyPHoone', 'username': 'TyPHoone_Project_bot'}, 'chat': {'id': -4119703192, 'title': 'Robocop', 'type': 'group', 'all_members_are_administrators': True}, 'date': 1725709137, 'document': {'file_name': '(2024_09_07--11_38).log', 'mime_type': 'text/plain', 'file_id': 'BQACAgQAAxkDAAIHO2bcO1HBgAFvF4CGVA3PGFjhKPZwAAJ_FwACJ1bhUkHZOM1vORJkNgQ', 'file_unique_id': 'AgADfxcAAidW4VI', 'file_size': 5937}}`]
[2024-09-07 11:38:57,205]: [_trace.py]: atrace: 85:       DEBUG:    [close.started]
[2024-09-07 11:38:57,205]: [_trace.py]: atrace: 85:       DEBUG:    [close.complete]
[2024-09-07 11:38:57,205]: [_config.py]: load_ssl_context: 82:       DEBUG:    [load_ssl_context verify=True cert=None trust_env=True http2=False]
[2024-09-07 11:38:57,206]: [_config.py]: load_ssl_context_verify: 148:       DEBUG:    [load_verify_locations cafile='/opt/hostedtoolcache/Python/3.12.5/x64/lib/python3.12/site-packages/certifi/cacert.pem']
[2024-09-07 11:38:57,233]: [_config.py]: load_ssl_context: 82:       DEBUG:    [load_ssl_context verify=True cert=None trust_env=True http2=False]
[2024-09-07 11:38:57,233]: [_config.py]: load_ssl_context_verify: 148:       DEBUG:    [load_verify_locations cafile='/opt/hostedtoolcache/Python/3.12.5/x64/lib/python3.12/site-packages/certifi/cacert.pem']
[2024-09-07 11:38:57,261]: [_bot.py]: _do_post: 643:       DEBUG:    [Calling Bot API endpoint `getMe` with parameters `{}`]
[2024-09-07 11:38:57,262]: [_trace.py]: atrace: 85:       DEBUG:    [connect_tcp.started host='api.telegram.org' port=443 local_address=None timeout=5.0 socket_options=None]
[2024-09-07 11:38:57,412]: [_trace.py]: atrace: 85:       DEBUG:    [connect_tcp.complete return_value=<httpcore._backends.anyio.AnyIOStream object at 0x7f03de1eb770>]
[2024-09-07 11:38:57,412]: [_trace.py]: atrace: 85:       DEBUG:    [start_tls.started ssl_context=<ssl.SSLContext object at 0x7f03de043a50> server_hostname='api.telegram.org' timeout=5.0]
[2024-09-07 11:38:57,565]: [_trace.py]: atrace: 85:       DEBUG:    [start_tls.complete return_value=<httpcore._backends.anyio.AnyIOStream object at 0x7f03ddb42180>]
[2024-09-07 11:38:57,565]: [_trace.py]: atrace: 85:       DEBUG:    [send_request_headers.started request=<Request [b'POST']>]
[2024-09-07 11:38:57,565]: [_trace.py]: atrace: 85:       DEBUG:    [send_request_headers.complete]
[2024-09-07 11:38:57,565]: [_trace.py]: atrace: 85:       DEBUG:    [send_request_body.started request=<Request [b'POST']>]
[2024-09-07 11:38:57,565]: [_trace.py]: atrace: 85:       DEBUG:    [send_request_body.complete]
[2024-09-07 11:38:57,565]: [_trace.py]: atrace: 85:       DEBUG:    [receive_response_headers.started request=<Request [b'POST']>]
[2024-09-07 11:38:57,714]: [_trace.py]: atrace: 85:       DEBUG:    [receive_response_headers.complete return_value=(b'HTTP/1.1', 200, b'OK', [(b'Server', b'nginx/1.18.0'), (b'Date', b'Sat, 07 Sep 2024 11:38:57 GMT'), (b'Content-Type', b'application/json'), (b'Content-Length', b'258'), (b'Connection', b'keep-alive'), (b'Strict-Transport-Security', b'max-age=31536000; includeSubDomains; preload'), (b'Access-Control-Allow-Origin', b'*'), (b'Access-Control-Allow-Methods', b'GET, POST, OPTIONS'), (b'Access-Control-Expose-Headers', b'Content-Length,Content-Type,Date,Server,Connection')])]
[2024-09-07 11:38:57,715]: [_client.py]: _send_single_request: 1786:       INFO:    [HTTP Request: POST https://api.telegram.org/bot6030805959:AAGUHAMxLYc-PrevgKouJ3ZyM7ktu56ftjo/getMe "HTTP/1.1 200 OK"]
[2024-09-07 11:38:57,715]: [_trace.py]: atrace: 85:       DEBUG:    [receive_response_body.started request=<Request [b'POST']>]
[2024-09-07 11:38:57,715]: [_trace.py]: atrace: 85:       DEBUG:    [receive_response_body.complete]
[2024-09-07 11:38:57,715]: [_trace.py]: atrace: 85:       DEBUG:    [response_closed.started]
[2024-09-07 11:38:57,715]: [_trace.py]: atrace: 85:       DEBUG:    [response_closed.complete]
[2024-09-07 11:38:57,715]: [_bot.py]: _do_post: 652:       DEBUG:    [Call to Bot API endpoint `getMe` finished with return value `{'id': 6030805959, 'is_bot': True, 'first_name': 'TyPHoone', 'username': 'TyPHoone_Project_bot', 'can_join_groups': True, 'can_read_all_group_messages': False, 'supports_inline_queries': False, 'can_connect_to_business': False, 'has_main_web_app': False}`]
[2024-09-07 11:38:57,717]: [_bot.py]: _do_post: 643:       DEBUG:    [Calling Bot API endpoint `sendDocument` with parameters `{'chat_id': '-4119703192', 'document': <telegram._files.inputfile.InputFile object at 0x7f03dd632180>}`]
[2024-09-07 11:38:57,718]: [_trace.py]: atrace: 85:       DEBUG:    [send_request_headers.started request=<Request [b'POST']>]
[2024-09-07 11:38:57,718]: [_trace.py]: atrace: 85:       DEBUG:    [send_request_headers.complete]
[2024-09-07 11:38:57,718]: [_trace.py]: atrace: 85:       DEBUG:    [send_request_body.started request=<Request [b'POST']>]
[2024-09-07 11:38:59,204]: [_trace.py]: atrace: 85:       DEBUG:    [send_request_body.complete]
[2024-09-07 11:38:59,204]: [_trace.py]: atrace: 85:       DEBUG:    [receive_response_headers.started request=<Request [b'POST']>]
[2024-09-07 11:39:00,066]: [_trace.py]: atrace: 85:       DEBUG:    [receive_response_headers.complete return_value=(b'HTTP/1.1', 200, b'OK', [(b'Server', b'nginx/1.18.0'), (b'Date', b'Sat, 07 Sep 2024 11:38:59 GMT'), (b'Content-Type', b'application/json'), (b'Content-Length', b'479'), (b'Connection', b'keep-alive'), (b'Strict-Transport-Security', b'max-age=31536000; includeSubDomains; preload'), (b'Access-Control-Allow-Origin', b'*'), (b'Access-Control-Allow-Methods', b'GET, POST, OPTIONS'), (b'Access-Control-Expose-Headers', b'Content-Length,Content-Type,Date,Server,Connection')])]
[2024-09-07 11:39:00,066]: [_client.py]: _send_single_request: 1786:       INFO:    [HTTP Request: POST https://api.telegram.org/bot6030805959:AAGUHAMxLYc-PrevgKouJ3ZyM7ktu56ftjo/sendDocument "HTTP/1.1 200 OK"]
[2024-09-07 11:39:00,066]: [_trace.py]: atrace: 85:       DEBUG:    [receive_response_body.started request=<Request [b'POST']>]
[2024-09-07 11:39:00,066]: [_trace.py]: atrace: 85:       DEBUG:    [receive_response_body.complete]
[2024-09-07 11:39:00,066]: [_trace.py]: atrace: 85:       DEBUG:    [response_closed.started]
[2024-09-07 11:39:00,066]: [_trace.py]: atrace: 85:       DEBUG:    [response_closed.complete]
[2024-09-07 11:39:00,067]: [_bot.py]: _do_post: 652:       DEBUG:    [Call to Bot API endpoint `sendDocument` finished with return value `{'message_id': 1852, 'from': {'id': 6030805959, 'is_bot': True, 'first_name': 'TyPHoone', 'username': 'TyPHoone_Project_bot'}, 'chat': {'id': -4119703192, 'title': 'Robocop', 'type': 'group', 'all_members_are_administrators': True}, 'date': 1725709139, 'document': {'file_name': '(2024_09_07--11_38)output.zip', 'mime_type': 'application/zip', 'file_id': 'BQACAgQAAxkDAAIHPGbcO1OObJlkpS_cnu_zlPe_In-tAAKAFwACJ1bhUkhP99kFBS8wNgQ', 'file_unique_id': 'AgADgBcAAidW4VI', 'file_size': 10227720}}`]
[2024-09-07 11:39:00,067]: [_trace.py]: atrace: 85:       DEBUG:    [close.started]
[2024-09-07 11:39:00,067]: [_trace.py]: atrace: 85:       DEBUG:    [close.complete]
[2024-09-07 11:39:00,067]: [Telegram_Sender.py]: runner: 61:       INFO:    [sent successfully]
[2024-09-07 11:39:00,068]: [Main.py]: <module>: 48:       INFO:    [Finished]
