[2025-01-19 11:38:29,756]: [Main.py]: <module>: 21:       INFO:    [Started]
[2025-01-19 11:38:31,389]: [Iron_Scraper.py]: Scrap: 32:       INFO:    [Data Scaraped Successfully]
[2025-01-19 11:38:31,435]: [Iron_Scraper.py]: Scrap: 70:       INFO:    [Scrapped Data Has No Problem]
[2025-01-19 11:38:31,435]: [Iron_Scraper.py]: Scrap: 83:       INFO:    [Data Saved Successfully]
[2025-01-19 11:38:31,435]: [Iron.py]: Run: 26:       INFO:    [Scraping Phase Completed]
[2025-01-19 11:38:31,436]: [Iron_Data_Processor.py]: Data_Reader: 61:       INFO:    [Data File Has Been Red Successfully]
[2025-01-19 11:38:31,436]: [Iron_Data_Processor.py]: Shaper: 78:       INFO:    [Data Shaped]
[2025-01-19 11:38:31,436]: [Iron_Data_Processor.py]: Process: 228:       INFO:    [Data Cleaned]
[2025-01-19 11:38:31,436]: [Iron_Data_Processor.py]: Make_Pages_Objects: 101:       INFO:    [Page Objects Has Been Made]
[2025-01-19 11:38:31,436]: [Iron_Data_Processor.py]: Make_Pages_Objects: 101:       INFO:    [Page Objects Has Been Made]
[2025-01-19 11:38:31,436]: [Iron_Data_Processor.py]: Load_Data: 118:       INFO:    [Data Has Been Load]
[2025-01-19 11:38:31,436]: [Iron_Data_Processor.py]: Load_Data: 118:       INFO:    [Data Has Been Load]
[2025-01-19 11:38:31,436]: [Iron_Data_Processor.py]: Load_positions: 140:       INFO:    [Positions Are Ready]
[2025-01-19 11:38:31,436]: [Iron_Data_Processor.py]: Load_positions: 140:       INFO:    [Positions Are Ready]
[2025-01-19 11:38:32,500]: [Iron_Data_Processor.py]: Make_Tagged_Images: 193:       INFO:    [Images Has Been Made]
[2025-01-19 11:38:33,396]: [Iron_Data_Processor.py]: Make_Tagged_Images: 193:       INFO:    [Images Has Been Made]
[2025-01-19 11:38:33,648]: [Iron_Data_Processor.py]: Make_Cover_Page: 215:       INFO:    [Made Cover Pages]
[2025-01-19 11:38:33,648]: [Iron.py]: Run: 29:       INFO:    [Imagination Phase Completed]
[2025-01-19 11:38:38,397]: [Phone_Scraper.py]: Scrap: 58:       INFO:    [Data Scraped]
[2025-01-19 11:38:38,397]: [Phone_Scraper.py]: Scrap: 71:       INFO:    [Scraped Data Successfully]
[2025-01-19 11:38:38,397]: [Phone.py]: Run: 26:       INFO:    [Scraping Phase Complete]
[2025-01-19 11:38:38,398]: [Phone_Data_Processor.py]: data_reader: 38:       INFO:    [Scraped Data Loaded]
[2025-01-19 11:38:38,399]: [Phone_Data_Processor.py]: filter_list: 65:       INFO:    [Persian Phrases Are deleted]
[2025-01-19 11:38:38,399]: [Phone_Data_Processor.py]: reshape_list: 87:       INFO:    [Date Reshaped]
[2025-01-19 11:38:38,399]: [Phone_Data_Processor.py]: separate_brands: 124:       INFO:    [Brands Are Separated]
[2025-01-19 11:38:38,400]: [Phone_Data_Processor.py]: delete_extra_spaces: 141:       INFO:    [Extra Spaces Are Deleted]
[2025-01-19 11:38:39,139]: [Phone.py]: Run: 29:       INFO:    [Imagination Phase Complete]
[2025-01-19 11:38:39,139]: [selector_events.py]: __init__: 64:       DEBUG:    [Using selector: EpollSelector]
[2025-01-19 11:38:39,407]: [_bot.py]: _do_post: 643:       DEBUG:    [Calling Bot API endpoint `getMe` with parameters `{}`]
[2025-01-19 11:38:39,411]: [_trace.py]: atrace: 87:       DEBUG:    [connect_tcp.started host='api.telegram.org' port=443 local_address=None timeout=5.0 socket_options=None]
[2025-01-19 11:38:39,537]: [_trace.py]: atrace: 87:       DEBUG:    [connect_tcp.complete return_value=<httpcore._backends.anyio.AnyIOStream object at 0x7f09ebe7ef30>]
[2025-01-19 11:38:39,537]: [_trace.py]: atrace: 87:       DEBUG:    [start_tls.started ssl_context=<ssl.SSLContext object at 0x7f09ec512ad0> server_hostname='api.telegram.org' timeout=5.0]
[2025-01-19 11:38:39,630]: [_trace.py]: atrace: 87:       DEBUG:    [start_tls.complete return_value=<httpcore._backends.anyio.AnyIOStream object at 0x7f09ec51ef90>]
[2025-01-19 11:38:39,630]: [_trace.py]: atrace: 87:       DEBUG:    [send_request_headers.started request=<Request [b'POST']>]
[2025-01-19 11:38:39,631]: [_trace.py]: atrace: 87:       DEBUG:    [send_request_headers.complete]
[2025-01-19 11:38:39,631]: [_trace.py]: atrace: 87:       DEBUG:    [send_request_body.started request=<Request [b'POST']>]
[2025-01-19 11:38:39,631]: [_trace.py]: atrace: 87:       DEBUG:    [send_request_body.complete]
[2025-01-19 11:38:39,631]: [_trace.py]: atrace: 87:       DEBUG:    [receive_response_headers.started request=<Request [b'POST']>]
[2025-01-19 11:38:39,720]: [_trace.py]: atrace: 87:       DEBUG:    [receive_response_headers.complete return_value=(b'HTTP/1.1', 200, b'OK', [(b'Server', b'nginx/1.18.0'), (b'Date', b'Sun, 19 Jan 2025 11:38:39 GMT'), (b'Content-Type', b'application/json'), (b'Content-Length', b'258'), (b'Connection', b'keep-alive'), (b'Strict-Transport-Security', b'max-age=31536000; includeSubDomains; preload'), (b'Access-Control-Allow-Origin', b'*'), (b'Access-Control-Allow-Methods', b'GET, POST, OPTIONS'), (b'Access-Control-Expose-Headers', b'Content-Length,Content-Type,Date,Server,Connection')])]
[2025-01-19 11:38:39,720]: [_client.py]: _send_single_request: 1740:       INFO:    [HTTP Request: POST https://api.telegram.org/bot6030805959:AAGUHAMxLYc-PrevgKouJ3ZyM7ktu56ftjo/getMe "HTTP/1.1 200 OK"]
[2025-01-19 11:38:39,721]: [_trace.py]: atrace: 87:       DEBUG:    [receive_response_body.started request=<Request [b'POST']>]
[2025-01-19 11:38:39,721]: [_trace.py]: atrace: 87:       DEBUG:    [receive_response_body.complete]
[2025-01-19 11:38:39,721]: [_trace.py]: atrace: 87:       DEBUG:    [response_closed.started]
[2025-01-19 11:38:39,721]: [_trace.py]: atrace: 87:       DEBUG:    [response_closed.complete]
[2025-01-19 11:38:39,721]: [_bot.py]: _do_post: 652:       DEBUG:    [Call to Bot API endpoint `getMe` finished with return value `{'id': 6030805959, 'is_bot': True, 'first_name': 'TyPHoone', 'username': 'TyPHoone_Project_bot', 'can_join_groups': True, 'can_read_all_group_messages': False, 'supports_inline_queries': False, 'can_connect_to_business': False, 'has_main_web_app': False}`]
[2025-01-19 11:38:39,724]: [_bot.py]: _do_post: 643:       DEBUG:    [Calling Bot API endpoint `sendDocument` with parameters `{'chat_id': '-4119703192', 'document': <telegram._files.inputfile.InputFile object at 0x7f09ebd07580>}`]
[2025-01-19 11:38:39,725]: [_trace.py]: atrace: 87:       DEBUG:    [send_request_headers.started request=<Request [b'POST']>]
[2025-01-19 11:38:39,725]: [_trace.py]: atrace: 87:       DEBUG:    [send_request_headers.complete]
[2025-01-19 11:38:39,725]: [_trace.py]: atrace: 87:       DEBUG:    [send_request_body.started request=<Request [b'POST']>]
[2025-01-19 11:38:39,726]: [_trace.py]: atrace: 87:       DEBUG:    [send_request_body.complete]
[2025-01-19 11:38:39,726]: [_trace.py]: atrace: 87:       DEBUG:    [receive_response_headers.started request=<Request [b'POST']>]
[2025-01-19 11:38:39,991]: [_trace.py]: atrace: 87:       DEBUG:    [receive_response_headers.complete return_value=(b'HTTP/1.1', 200, b'OK', [(b'Server', b'nginx/1.18.0'), (b'Date', b'Sun, 19 Jan 2025 11:38:39 GMT'), (b'Content-Type', b'application/json'), (b'Content-Length', b'464'), (b'Connection', b'keep-alive'), (b'Strict-Transport-Security', b'max-age=31536000; includeSubDomains; preload'), (b'Access-Control-Allow-Origin', b'*'), (b'Access-Control-Allow-Methods', b'GET, POST, OPTIONS'), (b'Access-Control-Expose-Headers', b'Content-Length,Content-Type,Date,Server,Connection')])]
[2025-01-19 11:38:39,991]: [_client.py]: _send_single_request: 1740:       INFO:    [HTTP Request: POST https://api.telegram.org/bot6030805959:AAGUHAMxLYc-PrevgKouJ3ZyM7ktu56ftjo/sendDocument "HTTP/1.1 200 OK"]
[2025-01-19 11:38:39,991]: [_trace.py]: atrace: 87:       DEBUG:    [receive_response_body.started request=<Request [b'POST']>]
[2025-01-19 11:38:39,991]: [_trace.py]: atrace: 87:       DEBUG:    [receive_response_body.complete]
[2025-01-19 11:38:39,991]: [_trace.py]: atrace: 87:       DEBUG:    [response_closed.started]
[2025-01-19 11:38:39,991]: [_trace.py]: atrace: 87:       DEBUG:    [response_closed.complete]
[2025-01-19 11:38:39,991]: [_bot.py]: _do_post: 652:       DEBUG:    [Call to Bot API endpoint `sendDocument` finished with return value `{'message_id': 2121, 'from': {'id': 6030805959, 'is_bot': True, 'first_name': 'TyPHoone', 'username': 'TyPHoone_Project_bot'}, 'chat': {'id': -4119703192, 'title': 'Robocop', 'type': 'group', 'all_members_are_administrators': True}, 'date': 1737286719, 'document': {'file_name': '(2025_01_19--11_38).log', 'mime_type': 'text/plain', 'file_id': 'BQACAgQAAxkDAAIISWeM5D8tCzJuikZcgeDU0QGpomqrAAJAFwACYE1oUGsTASHZcbv3NgQ', 'file_unique_id': 'AgADQBcAAmBNaFA', 'file_size': 5937}}`]
[2025-01-19 11:38:39,992]: [_trace.py]: atrace: 87:       DEBUG:    [close.started]
[2025-01-19 11:38:39,992]: [_trace.py]: atrace: 87:       DEBUG:    [close.complete]
[2025-01-19 11:38:40,036]: [_bot.py]: _do_post: 643:       DEBUG:    [Calling Bot API endpoint `getMe` with parameters `{}`]
[2025-01-19 11:38:40,037]: [_trace.py]: atrace: 87:       DEBUG:    [connect_tcp.started host='api.telegram.org' port=443 local_address=None timeout=5.0 socket_options=None]
[2025-01-19 11:38:40,127]: [_trace.py]: atrace: 87:       DEBUG:    [connect_tcp.complete return_value=<httpcore._backends.anyio.AnyIOStream object at 0x7f09ebe7e9f0>]
[2025-01-19 11:38:40,127]: [_trace.py]: atrace: 87:       DEBUG:    [start_tls.started ssl_context=<ssl.SSLContext object at 0x7f09ec5128d0> server_hostname='api.telegram.org' timeout=5.0]
[2025-01-19 11:38:40,217]: [_trace.py]: atrace: 87:       DEBUG:    [start_tls.complete return_value=<httpcore._backends.anyio.AnyIOStream object at 0x7f09ebee0a40>]
[2025-01-19 11:38:40,218]: [_trace.py]: atrace: 87:       DEBUG:    [send_request_headers.started request=<Request [b'POST']>]
[2025-01-19 11:38:40,218]: [_trace.py]: atrace: 87:       DEBUG:    [send_request_headers.complete]
[2025-01-19 11:38:40,218]: [_trace.py]: atrace: 87:       DEBUG:    [send_request_body.started request=<Request [b'POST']>]
[2025-01-19 11:38:40,218]: [_trace.py]: atrace: 87:       DEBUG:    [send_request_body.complete]
[2025-01-19 11:38:40,218]: [_trace.py]: atrace: 87:       DEBUG:    [receive_response_headers.started request=<Request [b'POST']>]
[2025-01-19 11:38:40,307]: [_trace.py]: atrace: 87:       DEBUG:    [receive_response_headers.complete return_value=(b'HTTP/1.1', 200, b'OK', [(b'Server', b'nginx/1.18.0'), (b'Date', b'Sun, 19 Jan 2025 11:38:40 GMT'), (b'Content-Type', b'application/json'), (b'Content-Length', b'258'), (b'Connection', b'keep-alive'), (b'Strict-Transport-Security', b'max-age=31536000; includeSubDomains; preload'), (b'Access-Control-Allow-Origin', b'*'), (b'Access-Control-Allow-Methods', b'GET, POST, OPTIONS'), (b'Access-Control-Expose-Headers', b'Content-Length,Content-Type,Date,Server,Connection')])]
[2025-01-19 11:38:40,308]: [_client.py]: _send_single_request: 1740:       INFO:    [HTTP Request: POST https://api.telegram.org/bot6030805959:AAGUHAMxLYc-PrevgKouJ3ZyM7ktu56ftjo/getMe "HTTP/1.1 200 OK"]
[2025-01-19 11:38:40,308]: [_trace.py]: atrace: 87:       DEBUG:    [receive_response_body.started request=<Request [b'POST']>]
[2025-01-19 11:38:40,308]: [_trace.py]: atrace: 87:       DEBUG:    [receive_response_body.complete]
[2025-01-19 11:38:40,308]: [_trace.py]: atrace: 87:       DEBUG:    [response_closed.started]
[2025-01-19 11:38:40,308]: [_trace.py]: atrace: 87:       DEBUG:    [response_closed.complete]
[2025-01-19 11:38:40,308]: [_bot.py]: _do_post: 652:       DEBUG:    [Call to Bot API endpoint `getMe` finished with return value `{'id': 6030805959, 'is_bot': True, 'first_name': 'TyPHoone', 'username': 'TyPHoone_Project_bot', 'can_join_groups': True, 'can_read_all_group_messages': False, 'supports_inline_queries': False, 'can_connect_to_business': False, 'has_main_web_app': False}`]
[2025-01-19 11:38:40,311]: [_bot.py]: _do_post: 643:       DEBUG:    [Calling Bot API endpoint `sendDocument` with parameters `{'chat_id': '-4119703192', 'document': <telegram._files.inputfile.InputFile object at 0x7f09eceb6800>}`]
[2025-01-19 11:38:40,311]: [_trace.py]: atrace: 87:       DEBUG:    [send_request_headers.started request=<Request [b'POST']>]
[2025-01-19 11:38:40,311]: [_trace.py]: atrace: 87:       DEBUG:    [send_request_headers.complete]
[2025-01-19 11:38:40,311]: [_trace.py]: atrace: 87:       DEBUG:    [send_request_body.started request=<Request [b'POST']>]
[2025-01-19 11:38:41,122]: [_trace.py]: atrace: 87:       DEBUG:    [send_request_body.complete]
[2025-01-19 11:38:41,122]: [_trace.py]: atrace: 87:       DEBUG:    [receive_response_headers.started request=<Request [b'POST']>]
[2025-01-19 11:38:42,028]: [_trace.py]: atrace: 87:       DEBUG:    [receive_response_headers.complete return_value=(b'HTTP/1.1', 200, b'OK', [(b'Server', b'nginx/1.18.0'), (b'Date', b'Sun, 19 Jan 2025 11:38:41 GMT'), (b'Content-Type', b'application/json'), (b'Content-Length', b'478'), (b'Connection', b'keep-alive'), (b'Strict-Transport-Security', b'max-age=31536000; includeSubDomains; preload'), (b'Access-Control-Allow-Origin', b'*'), (b'Access-Control-Allow-Methods', b'GET, POST, OPTIONS'), (b'Access-Control-Expose-Headers', b'Content-Length,Content-Type,Date,Server,Connection')])]
[2025-01-19 11:38:42,029]: [_client.py]: _send_single_request: 1740:       INFO:    [HTTP Request: POST https://api.telegram.org/bot6030805959:AAGUHAMxLYc-PrevgKouJ3ZyM7ktu56ftjo/sendDocument "HTTP/1.1 200 OK"]
[2025-01-19 11:38:42,029]: [_trace.py]: atrace: 87:       DEBUG:    [receive_response_body.started request=<Request [b'POST']>]
[2025-01-19 11:38:42,029]: [_trace.py]: atrace: 87:       DEBUG:    [receive_response_body.complete]
[2025-01-19 11:38:42,029]: [_trace.py]: atrace: 87:       DEBUG:    [response_closed.started]
[2025-01-19 11:38:42,029]: [_trace.py]: atrace: 87:       DEBUG:    [response_closed.complete]
[2025-01-19 11:38:42,029]: [_bot.py]: _do_post: 652:       DEBUG:    [Call to Bot API endpoint `sendDocument` finished with return value `{'message_id': 2122, 'from': {'id': 6030805959, 'is_bot': True, 'first_name': 'TyPHoone', 'username': 'TyPHoone_Project_bot'}, 'chat': {'id': -4119703192, 'title': 'Robocop', 'type': 'group', 'all_members_are_administrators': True}, 'date': 1737286721, 'document': {'file_name': '(2025_01_19--11_38)output.zip', 'mime_type': 'application/zip', 'file_id': 'BQACAgQAAxkDAAIISmeM5EEvebVgDrJJQV7df0sN--Y1AAJBFwACYE1oUPW_bKUkuzGxNgQ', 'file_unique_id': 'AgADQRcAAmBNaFA', 'file_size': 9813396}}`]
[2025-01-19 11:38:42,030]: [_trace.py]: atrace: 87:       DEBUG:    [close.started]
[2025-01-19 11:38:42,030]: [_trace.py]: atrace: 87:       DEBUG:    [close.complete]
[2025-01-19 11:38:42,030]: [Telegram_Sender.py]: runner: 61:       INFO:    [sent successfully]
[2025-01-19 11:38:42,031]: [Main.py]: <module>: 48:       INFO:    [Finished]
