[2024-07-12 11:38:10,083]: [Main.py]: <module>: 21:       INFO:    [Started]
[2024-07-12 11:38:11,699]: [Iron_Scraper.py]: Scrap: 32:       INFO:    [Data Scaraped Successfully]
[2024-07-12 11:38:11,896]: [Iron_Scraper.py]: Scrap: 70:       INFO:    [Scrapped Data Has No Problem]
[2024-07-12 11:38:11,897]: [Iron_Scraper.py]: Scrap: 83:       INFO:    [Data Saved Successfully]
[2024-07-12 11:38:11,897]: [Iron.py]: Run: 26:       INFO:    [Scraping Phase Completed]
[2024-07-12 11:38:11,897]: [Iron_Data_Processor.py]: Data_Reader: 61:       INFO:    [Data File Has Been Red Successfully]
[2024-07-12 11:38:11,897]: [Iron_Data_Processor.py]: Shaper: 78:       INFO:    [Data Shaped]
[2024-07-12 11:38:11,898]: [Iron_Data_Processor.py]: Process: 228:       INFO:    [Data Cleaned]
[2024-07-12 11:38:11,898]: [Iron_Data_Processor.py]: Make_Pages_Objects: 101:       INFO:    [Page Objects Has Been Made]
[2024-07-12 11:38:11,898]: [Iron_Data_Processor.py]: Make_Pages_Objects: 101:       INFO:    [Page Objects Has Been Made]
[2024-07-12 11:38:11,898]: [Iron_Data_Processor.py]: Load_Data: 118:       INFO:    [Data Has Been Load]
[2024-07-12 11:38:11,898]: [Iron_Data_Processor.py]: Load_Data: 118:       INFO:    [Data Has Been Load]
[2024-07-12 11:38:11,898]: [Iron_Data_Processor.py]: Load_positions: 140:       INFO:    [Positions Are Ready]
[2024-07-12 11:38:11,898]: [Iron_Data_Processor.py]: Load_positions: 140:       INFO:    [Positions Are Ready]
[2024-07-12 11:38:13,031]: [Iron_Data_Processor.py]: Make_Tagged_Images: 193:       INFO:    [Images Has Been Made]
[2024-07-12 11:38:13,987]: [Iron_Data_Processor.py]: Make_Tagged_Images: 193:       INFO:    [Images Has Been Made]
[2024-07-12 11:38:14,249]: [Iron_Data_Processor.py]: Make_Cover_Page: 215:       INFO:    [Made Cover Pages]
[2024-07-12 11:38:14,249]: [Iron.py]: Run: 29:       INFO:    [Imagination Phase Completed]
[2024-07-12 11:38:18,336]: [Phone_Scraper.py]: Scrap: 58:       INFO:    [Data Scraped]
[2024-07-12 11:38:18,337]: [Phone_Scraper.py]: Scrap: 71:       INFO:    [Scraped Data Successfully]
[2024-07-12 11:38:18,337]: [Phone.py]: Run: 26:       INFO:    [Scraping Phase Complete]
[2024-07-12 11:38:18,337]: [Phone_Data_Processor.py]: data_reader: 38:       INFO:    [Scraped Data Loaded]
[2024-07-12 11:38:18,338]: [Phone_Data_Processor.py]: filter_list: 65:       INFO:    [Persian Phrases Are deleted]
[2024-07-12 11:38:18,338]: [Phone_Data_Processor.py]: reshape_list: 87:       INFO:    [Date Reshaped]
[2024-07-12 11:38:18,339]: [Phone_Data_Processor.py]: separate_brands: 124:       INFO:    [Brands Are Separated]
[2024-07-12 11:38:18,339]: [Phone_Data_Processor.py]: delete_extra_spaces: 141:       INFO:    [Extra Spaces Are Deleted]
[2024-07-12 11:38:18,969]: [Phone.py]: Run: 29:       INFO:    [Imagination Phase Complete]
[2024-07-12 11:38:18,970]: [selector_events.py]: __init__: 64:       DEBUG:    [Using selector: EpollSelector]
[2024-07-12 11:38:19,299]: [_bot.py]: _do_post: 643:       DEBUG:    [Calling Bot API endpoint `getMe` with parameters `{}`]
[2024-07-12 11:38:19,304]: [_trace.py]: atrace: 85:       DEBUG:    [connect_tcp.started host='api.telegram.org' port=443 local_address=None timeout=5.0 socket_options=None]
[2024-07-12 11:38:19,392]: [_trace.py]: atrace: 85:       DEBUG:    [connect_tcp.complete return_value=<httpcore._backends.anyio.AnyIOStream object at 0x7f1c3c0a5730>]
[2024-07-12 11:38:19,392]: [_trace.py]: atrace: 85:       DEBUG:    [start_tls.started ssl_context=<ssl.SSLContext object at 0x7f1c3c536a50> server_hostname='api.telegram.org' timeout=5.0]
[2024-07-12 11:38:19,481]: [_trace.py]: atrace: 85:       DEBUG:    [start_tls.complete return_value=<httpcore._backends.anyio.AnyIOStream object at 0x7f1c3c6fa630>]
[2024-07-12 11:38:19,481]: [_trace.py]: atrace: 85:       DEBUG:    [send_request_headers.started request=<Request [b'POST']>]
[2024-07-12 11:38:19,481]: [_trace.py]: atrace: 85:       DEBUG:    [send_request_headers.complete]
[2024-07-12 11:38:19,481]: [_trace.py]: atrace: 85:       DEBUG:    [send_request_body.started request=<Request [b'POST']>]
[2024-07-12 11:38:19,481]: [_trace.py]: atrace: 85:       DEBUG:    [send_request_body.complete]
[2024-07-12 11:38:19,481]: [_trace.py]: atrace: 85:       DEBUG:    [receive_response_headers.started request=<Request [b'POST']>]
[2024-07-12 11:38:19,566]: [_trace.py]: atrace: 85:       DEBUG:    [receive_response_headers.complete return_value=(b'HTTP/1.1', 200, b'OK', [(b'Server', b'nginx/1.18.0'), (b'Date', b'Fri, 12 Jul 2024 11:38:19 GMT'), (b'Content-Type', b'application/json'), (b'Content-Length', b'233'), (b'Connection', b'keep-alive'), (b'Strict-Transport-Security', b'max-age=31536000; includeSubDomains; preload'), (b'Access-Control-Allow-Origin', b'*'), (b'Access-Control-Allow-Methods', b'GET, POST, OPTIONS'), (b'Access-Control-Expose-Headers', b'Content-Length,Content-Type,Date,Server,Connection')])]
[2024-07-12 11:38:19,566]: [_client.py]: _send_single_request: 1773:       INFO:    [HTTP Request: POST https://api.telegram.org/bot6030805959:AAGUHAMxLYc-PrevgKouJ3ZyM7ktu56ftjo/getMe "HTTP/1.1 200 OK"]
[2024-07-12 11:38:19,567]: [_trace.py]: atrace: 85:       DEBUG:    [receive_response_body.started request=<Request [b'POST']>]
[2024-07-12 11:38:19,567]: [_trace.py]: atrace: 85:       DEBUG:    [receive_response_body.complete]
[2024-07-12 11:38:19,567]: [_trace.py]: atrace: 85:       DEBUG:    [response_closed.started]
[2024-07-12 11:38:19,567]: [_trace.py]: atrace: 85:       DEBUG:    [response_closed.complete]
[2024-07-12 11:38:19,567]: [_bot.py]: _do_post: 652:       DEBUG:    [Call to Bot API endpoint `getMe` finished with return value `{'id': 6030805959, 'is_bot': True, 'first_name': 'TyPHoone', 'username': 'TyPHoone_Project_bot', 'can_join_groups': True, 'can_read_all_group_messages': False, 'supports_inline_queries': False, 'can_connect_to_business': False}`]
[2024-07-12 11:38:19,570]: [_bot.py]: _do_post: 643:       DEBUG:    [Calling Bot API endpoint `sendDocument` with parameters `{'chat_id': '-4119703192', 'document': <telegram._files.inputfile.InputFile object at 0x7f1c3bcaaec0>}`]
[2024-07-12 11:38:19,571]: [_trace.py]: atrace: 85:       DEBUG:    [send_request_headers.started request=<Request [b'POST']>]
[2024-07-12 11:38:19,571]: [_trace.py]: atrace: 85:       DEBUG:    [send_request_headers.complete]
[2024-07-12 11:38:19,571]: [_trace.py]: atrace: 85:       DEBUG:    [send_request_body.started request=<Request [b'POST']>]
[2024-07-12 11:38:19,572]: [_trace.py]: atrace: 85:       DEBUG:    [send_request_body.complete]
[2024-07-12 11:38:19,572]: [_trace.py]: atrace: 85:       DEBUG:    [receive_response_headers.started request=<Request [b'POST']>]
[2024-07-12 11:38:19,792]: [_trace.py]: atrace: 85:       DEBUG:    [receive_response_headers.complete return_value=(b'HTTP/1.1', 200, b'OK', [(b'Server', b'nginx/1.18.0'), (b'Date', b'Fri, 12 Jul 2024 11:38:19 GMT'), (b'Content-Type', b'application/json'), (b'Content-Length', b'463'), (b'Connection', b'keep-alive'), (b'Strict-Transport-Security', b'max-age=31536000; includeSubDomains; preload'), (b'Access-Control-Allow-Origin', b'*'), (b'Access-Control-Allow-Methods', b'GET, POST, OPTIONS'), (b'Access-Control-Expose-Headers', b'Content-Length,Content-Type,Date,Server,Connection')])]
[2024-07-12 11:38:19,792]: [_client.py]: _send_single_request: 1773:       INFO:    [HTTP Request: POST https://api.telegram.org/bot6030805959:AAGUHAMxLYc-PrevgKouJ3ZyM7ktu56ftjo/sendDocument "HTTP/1.1 200 OK"]
[2024-07-12 11:38:19,793]: [_trace.py]: atrace: 85:       DEBUG:    [receive_response_body.started request=<Request [b'POST']>]
[2024-07-12 11:38:19,793]: [_trace.py]: atrace: 85:       DEBUG:    [receive_response_body.complete]
[2024-07-12 11:38:19,793]: [_trace.py]: atrace: 85:       DEBUG:    [response_closed.started]
[2024-07-12 11:38:19,793]: [_trace.py]: atrace: 85:       DEBUG:    [response_closed.complete]
[2024-07-12 11:38:19,793]: [_bot.py]: _do_post: 652:       DEBUG:    [Call to Bot API endpoint `sendDocument` finished with return value `{'message_id': 907, 'from': {'id': 6030805959, 'is_bot': True, 'first_name': 'TyPHoone', 'username': 'TyPHoone_Project_bot'}, 'chat': {'id': -4119703192, 'title': 'Robocop', 'type': 'group', 'all_members_are_administrators': True}, 'date': 1720784299, 'document': {'file_name': '(2024_07_12--11_38).log', 'mime_type': 'text/plain', 'file_id': 'BQACAgQAAxkDAAIDi2aRFau87m_ZxkgrIFjIE5PGSvoNAALtEwAC3w2IUEPgzU2mIRyoNQQ', 'file_unique_id': 'AgAD7RMAAt8NiFA', 'file_size': 5910}}`]
[2024-07-12 11:38:19,794]: [_trace.py]: atrace: 85:       DEBUG:    [close.started]
[2024-07-12 11:38:19,794]: [_trace.py]: atrace: 85:       DEBUG:    [close.complete]
[2024-07-12 11:38:19,794]: [_config.py]: load_ssl_context: 80:       DEBUG:    [load_ssl_context verify=True cert=None trust_env=True http2=False]
[2024-07-12 11:38:19,794]: [_config.py]: load_ssl_context_verify: 146:       DEBUG:    [load_verify_locations cafile='/opt/hostedtoolcache/Python/3.12.4/x64/lib/python3.12/site-packages/certifi/cacert.pem']
[2024-07-12 11:38:19,822]: [_config.py]: load_ssl_context: 80:       DEBUG:    [load_ssl_context verify=True cert=None trust_env=True http2=False]
[2024-07-12 11:38:19,822]: [_config.py]: load_ssl_context_verify: 146:       DEBUG:    [load_verify_locations cafile='/opt/hostedtoolcache/Python/3.12.4/x64/lib/python3.12/site-packages/certifi/cacert.pem']
[2024-07-12 11:38:19,849]: [_bot.py]: _do_post: 643:       DEBUG:    [Calling Bot API endpoint `getMe` with parameters `{}`]
[2024-07-12 11:38:19,850]: [_trace.py]: atrace: 85:       DEBUG:    [connect_tcp.started host='api.telegram.org' port=443 local_address=None timeout=5.0 socket_options=None]
[2024-07-12 11:38:19,936]: [_trace.py]: atrace: 85:       DEBUG:    [connect_tcp.complete return_value=<httpcore._backends.anyio.AnyIOStream object at 0x7f1c3c0a5730>]
[2024-07-12 11:38:19,937]: [_trace.py]: atrace: 85:       DEBUG:    [start_tls.started ssl_context=<ssl.SSLContext object at 0x7f1c3c536850> server_hostname='api.telegram.org' timeout=5.0]
[2024-07-12 11:38:20,023]: [_trace.py]: atrace: 85:       DEBUG:    [start_tls.complete return_value=<httpcore._backends.anyio.AnyIOStream object at 0x7f1c3bc82450>]
[2024-07-12 11:38:20,023]: [_trace.py]: atrace: 85:       DEBUG:    [send_request_headers.started request=<Request [b'POST']>]
[2024-07-12 11:38:20,023]: [_trace.py]: atrace: 85:       DEBUG:    [send_request_headers.complete]
[2024-07-12 11:38:20,023]: [_trace.py]: atrace: 85:       DEBUG:    [send_request_body.started request=<Request [b'POST']>]
[2024-07-12 11:38:20,023]: [_trace.py]: atrace: 85:       DEBUG:    [send_request_body.complete]
[2024-07-12 11:38:20,023]: [_trace.py]: atrace: 85:       DEBUG:    [receive_response_headers.started request=<Request [b'POST']>]
[2024-07-12 11:38:20,108]: [_trace.py]: atrace: 85:       DEBUG:    [receive_response_headers.complete return_value=(b'HTTP/1.1', 200, b'OK', [(b'Server', b'nginx/1.18.0'), (b'Date', b'Fri, 12 Jul 2024 11:38:20 GMT'), (b'Content-Type', b'application/json'), (b'Content-Length', b'233'), (b'Connection', b'keep-alive'), (b'Strict-Transport-Security', b'max-age=31536000; includeSubDomains; preload'), (b'Access-Control-Allow-Origin', b'*'), (b'Access-Control-Allow-Methods', b'GET, POST, OPTIONS'), (b'Access-Control-Expose-Headers', b'Content-Length,Content-Type,Date,Server,Connection')])]
[2024-07-12 11:38:20,108]: [_client.py]: _send_single_request: 1773:       INFO:    [HTTP Request: POST https://api.telegram.org/bot6030805959:AAGUHAMxLYc-PrevgKouJ3ZyM7ktu56ftjo/getMe "HTTP/1.1 200 OK"]
[2024-07-12 11:38:20,108]: [_trace.py]: atrace: 85:       DEBUG:    [receive_response_body.started request=<Request [b'POST']>]
[2024-07-12 11:38:20,108]: [_trace.py]: atrace: 85:       DEBUG:    [receive_response_body.complete]
[2024-07-12 11:38:20,108]: [_trace.py]: atrace: 85:       DEBUG:    [response_closed.started]
[2024-07-12 11:38:20,108]: [_trace.py]: atrace: 85:       DEBUG:    [response_closed.complete]
[2024-07-12 11:38:20,109]: [_bot.py]: _do_post: 652:       DEBUG:    [Call to Bot API endpoint `getMe` finished with return value `{'id': 6030805959, 'is_bot': True, 'first_name': 'TyPHoone', 'username': 'TyPHoone_Project_bot', 'can_join_groups': True, 'can_read_all_group_messages': False, 'supports_inline_queries': False, 'can_connect_to_business': False}`]
[2024-07-12 11:38:20,111]: [_bot.py]: _do_post: 643:       DEBUG:    [Calling Bot API endpoint `sendDocument` with parameters `{'chat_id': '-4119703192', 'document': <telegram._files.inputfile.InputFile object at 0x7f1c3bcabfc0>}`]
[2024-07-12 11:38:20,111]: [_trace.py]: atrace: 85:       DEBUG:    [send_request_headers.started request=<Request [b'POST']>]
[2024-07-12 11:38:20,111]: [_trace.py]: atrace: 85:       DEBUG:    [send_request_headers.complete]
[2024-07-12 11:38:20,112]: [_trace.py]: atrace: 85:       DEBUG:    [send_request_body.started request=<Request [b'POST']>]
[2024-07-12 11:38:20,935]: [_trace.py]: atrace: 85:       DEBUG:    [send_request_body.complete]
[2024-07-12 11:38:20,935]: [_trace.py]: atrace: 85:       DEBUG:    [receive_response_headers.started request=<Request [b'POST']>]
[2024-07-12 11:38:21,671]: [_trace.py]: atrace: 85:       DEBUG:    [receive_response_headers.complete return_value=(b'HTTP/1.1', 200, b'OK', [(b'Server', b'nginx/1.18.0'), (b'Date', b'Fri, 12 Jul 2024 11:38:21 GMT'), (b'Content-Type', b'application/json'), (b'Content-Length', b'477'), (b'Connection', b'keep-alive'), (b'Strict-Transport-Security', b'max-age=31536000; includeSubDomains; preload'), (b'Access-Control-Allow-Origin', b'*'), (b'Access-Control-Allow-Methods', b'GET, POST, OPTIONS'), (b'Access-Control-Expose-Headers', b'Content-Length,Content-Type,Date,Server,Connection')])]
[2024-07-12 11:38:21,672]: [_client.py]: _send_single_request: 1773:       INFO:    [HTTP Request: POST https://api.telegram.org/bot6030805959:AAGUHAMxLYc-PrevgKouJ3ZyM7ktu56ftjo/sendDocument "HTTP/1.1 200 OK"]
[2024-07-12 11:38:21,672]: [_trace.py]: atrace: 85:       DEBUG:    [receive_response_body.started request=<Request [b'POST']>]
[2024-07-12 11:38:21,672]: [_trace.py]: atrace: 85:       DEBUG:    [receive_response_body.complete]
[2024-07-12 11:38:21,672]: [_trace.py]: atrace: 85:       DEBUG:    [response_closed.started]
[2024-07-12 11:38:21,672]: [_trace.py]: atrace: 85:       DEBUG:    [response_closed.complete]
[2024-07-12 11:38:21,672]: [_bot.py]: _do_post: 652:       DEBUG:    [Call to Bot API endpoint `sendDocument` finished with return value `{'message_id': 908, 'from': {'id': 6030805959, 'is_bot': True, 'first_name': 'TyPHoone', 'username': 'TyPHoone_Project_bot'}, 'chat': {'id': -4119703192, 'title': 'Robocop', 'type': 'group', 'all_members_are_administrators': True}, 'date': 1720784301, 'document': {'file_name': '(2024_07_12--11_38)output.zip', 'mime_type': 'application/zip', 'file_id': 'BQACAgQAAxkDAAIDjGaRFa3C_FsCaA1gakLRP7sEYMP_AALuEwAC3w2IUHll9u40ieWwNQQ', 'file_unique_id': 'AgAD7hMAAt8NiFA', 'file_size': 9794541}}`]
[2024-07-12 11:38:21,673]: [_trace.py]: atrace: 85:       DEBUG:    [close.started]
[2024-07-12 11:38:21,673]: [_trace.py]: atrace: 85:       DEBUG:    [close.complete]
[2024-07-12 11:38:21,673]: [Telegram_Sender.py]: runner: 61:       INFO:    [sent successfully]
[2024-07-12 11:38:21,674]: [Main.py]: <module>: 48:       INFO:    [Finished]
