[2026-03-17 12:03:37,490]: [Main.py]: <module>: 21:       INFO:    [Started]
[2026-03-17 12:03:47,531]: [Iron_Scraper.py]: Scrap: 30:       CRITICAL:    [Scrapping Faild]
[2026-03-17 12:03:47,531]: [Iron_Scraper.py]: Scrap: 68:       CRITICAL:    [Something Went Wrong About Scraped Data]
[2026-03-17 12:03:47,531]: [Iron_Scraper.py]: Scrap: 81:       CRITICAL:    [Saving Data Failed]
[2026-03-17 12:03:47,531]: [Iron.py]: Run: 26:       INFO:    [Scraping Phase Completed]
[2026-03-17 12:03:47,531]: [Iron_Data_Processor.py]: Data_Reader: 61:       INFO:    [Data File Has Been Red Successfully]
[2026-03-17 12:03:47,531]: [Iron_Data_Processor.py]: Shaper: 78:       INFO:    [Data Shaped]
[2026-03-17 12:03:47,531]: [Iron_Data_Processor.py]: Process: 228:       INFO:    [Data Cleaned]
[2026-03-17 12:03:47,531]: [Iron_Data_Processor.py]: Make_Pages_Objects: 101:       INFO:    [Page Objects Has Been Made]
[2026-03-17 12:03:47,532]: [Iron_Data_Processor.py]: Make_Pages_Objects: 101:       INFO:    [Page Objects Has Been Made]
[2026-03-17 12:03:47,532]: [Iron_Data_Processor.py]: Load_Data: 118:       INFO:    [Data Has Been Load]
[2026-03-17 12:03:47,532]: [Iron_Data_Processor.py]: Load_Data: 118:       INFO:    [Data Has Been Load]
[2026-03-17 12:03:47,532]: [Iron_Data_Processor.py]: Load_positions: 140:       INFO:    [Positions Are Ready]
[2026-03-17 12:03:47,532]: [Iron_Data_Processor.py]: Load_positions: 140:       INFO:    [Positions Are Ready]
[2026-03-17 12:03:48,767]: [Iron_Data_Processor.py]: Make_Tagged_Images: 193:       INFO:    [Images Has Been Made]
[2026-03-17 12:03:49,777]: [Iron_Data_Processor.py]: Make_Tagged_Images: 193:       INFO:    [Images Has Been Made]
[2026-03-17 12:03:50,068]: [Iron_Data_Processor.py]: Make_Cover_Page: 215:       INFO:    [Made Cover Pages]
[2026-03-17 12:03:50,068]: [Iron.py]: Run: 29:       INFO:    [Imagination Phase Completed]
[2026-03-17 12:06:06,190]: [Phone_Scraper.py]: Scrap: 56:       CRITICAL:    [Couldent Scrap Data]
[2026-03-17 12:06:06,190]: [Phone_Scraper.py]: Scrap: 69:       CRITICAL:    [Couldent Save Scraped Data]
[2026-03-17 12:06:06,190]: [Phone.py]: Run: 26:       INFO:    [Scraping Phase Complete]
[2026-03-17 12:06:06,190]: [Phone_Data_Processor.py]: data_reader: 38:       INFO:    [Scraped Data Loaded]
[2026-03-17 12:06:06,190]: [Phone_Data_Processor.py]: filter_list: 65:       INFO:    [Persian Phrases Are deleted]
[2026-03-17 12:06:06,190]: [Phone_Data_Processor.py]: reshape_list: 85:       ERROR:    [Failed To Reshape Data]
[2026-03-17 12:06:06,190]: [Phone_Data_Processor.py]: separate_brands: 122:       CRITICAL:    [Couldnt Separate Brands From Each Other]
[2026-03-17 12:06:06,190]: [Phone_Data_Processor.py]: delete_extra_spaces: 141:       INFO:    [Extra Spaces Are Deleted]
[2026-03-17 12:06:06,190]: [Phone.py]: Run: 29:       INFO:    [Imagination Phase Complete]
[2026-03-17 12:06:06,190]: [selector_events.py]: __init__: 64:       DEBUG:    [Using selector: EpollSelector]
[2026-03-17 12:06:06,437]: [_bot.py]: _do_post: 643:       DEBUG:    [Calling Bot API endpoint `getMe` with parameters `{}`]
[2026-03-17 12:06:06,442]: [_trace.py]: atrace: 87:       DEBUG:    [connect_tcp.started host='api.telegram.org' port=443 local_address=None timeout=5.0 socket_options=None]
[2026-03-17 12:06:06,599]: [_trace.py]: atrace: 87:       DEBUG:    [connect_tcp.complete return_value=<httpcore._backends.anyio.AnyIOStream object at 0x7f772c3eef00>]
[2026-03-17 12:06:06,599]: [_trace.py]: atrace: 87:       DEBUG:    [start_tls.started ssl_context=<ssl.SSLContext object at 0x7f772c3bdcd0> server_hostname='api.telegram.org' timeout=5.0]
[2026-03-17 12:06:06,694]: [_trace.py]: atrace: 87:       DEBUG:    [start_tls.complete return_value=<httpcore._backends.anyio.AnyIOStream object at 0x7f772d148140>]
[2026-03-17 12:06:06,694]: [_trace.py]: atrace: 87:       DEBUG:    [send_request_headers.started request=<Request [b'POST']>]
[2026-03-17 12:06:06,695]: [_trace.py]: atrace: 87:       DEBUG:    [send_request_headers.complete]
[2026-03-17 12:06:06,695]: [_trace.py]: atrace: 87:       DEBUG:    [send_request_body.started request=<Request [b'POST']>]
[2026-03-17 12:06:06,695]: [_trace.py]: atrace: 87:       DEBUG:    [send_request_body.complete]
[2026-03-17 12:06:06,695]: [_trace.py]: atrace: 87:       DEBUG:    [receive_response_headers.started request=<Request [b'POST']>]
[2026-03-17 12:06:09,205]: [_trace.py]: atrace: 87:       DEBUG:    [receive_response_headers.complete return_value=(b'HTTP/1.1', 401, b'Unauthorized', [(b'Server', b'nginx/1.18.0'), (b'Date', b'Tue, 17 Mar 2026 12:06:09 GMT'), (b'Content-Type', b'application/json'), (b'Content-Length', b'58'), (b'Connection', b'keep-alive'), (b'Strict-Transport-Security', b'max-age=31536000; includeSubDomains; preload'), (b'Access-Control-Allow-Origin', b'*'), (b'Access-Control-Expose-Headers', b'Content-Length,Content-Type,Date,Server,Connection')])]
[2026-03-17 12:06:09,205]: [_client.py]: _send_single_request: 1740:       INFO:    [HTTP Request: POST https://api.telegram.org/bot6030805959:AAGUHAMxLYc-PrevgKouJ3ZyM7ktu56ftjo/getMe "HTTP/1.1 401 Unauthorized"]
[2026-03-17 12:06:09,205]: [_trace.py]: atrace: 87:       DEBUG:    [receive_response_body.started request=<Request [b'POST']>]
[2026-03-17 12:06:09,205]: [_trace.py]: atrace: 87:       DEBUG:    [receive_response_body.complete]
[2026-03-17 12:06:09,206]: [_trace.py]: atrace: 87:       DEBUG:    [response_closed.started]
[2026-03-17 12:06:09,206]: [_trace.py]: atrace: 87:       DEBUG:    [response_closed.complete]
[2026-03-17 12:06:09,206]: [_bot.py]: shutdown: 777:       DEBUG:    [This Bot is already shut down. Returning.]
[2026-03-17 12:06:09,206]: [Telegram_Sender.py]: runner: 59:       CRITICAL:    [didnt sent]
[2026-03-17 12:06:09,207]: [Main.py]: <module>: 48:       INFO:    [Finished]
