[2025-11-11 11:41:12,187]: [Main.py]: <module>: 21:       INFO:    [Started]
[2025-11-11 11:41:13,554]: [Iron_Scraper.py]: Scrap: 32:       INFO:    [Data Scaraped Successfully]
[2025-11-11 11:41:13,757]: [Iron_Scraper.py]: Scrap: 70:       INFO:    [Scrapped Data Has No Problem]
[2025-11-11 11:41:13,758]: [Iron_Scraper.py]: Scrap: 83:       INFO:    [Data Saved Successfully]
[2025-11-11 11:41:13,758]: [Iron.py]: Run: 26:       INFO:    [Scraping Phase Completed]
[2025-11-11 11:41:13,758]: [Iron_Data_Processor.py]: Data_Reader: 61:       INFO:    [Data File Has Been Red Successfully]
[2025-11-11 11:41:13,758]: [Iron_Data_Processor.py]: Shaper: 78:       INFO:    [Data Shaped]
[2025-11-11 11:41:13,759]: [Iron_Data_Processor.py]: Process: 228:       INFO:    [Data Cleaned]
[2025-11-11 11:41:13,759]: [Iron_Data_Processor.py]: Make_Pages_Objects: 101:       INFO:    [Page Objects Has Been Made]
[2025-11-11 11:41:13,759]: [Iron_Data_Processor.py]: Make_Pages_Objects: 101:       INFO:    [Page Objects Has Been Made]
[2025-11-11 11:41:13,759]: [Iron_Data_Processor.py]: Load_Data: 118:       INFO:    [Data Has Been Load]
[2025-11-11 11:41:13,759]: [Iron_Data_Processor.py]: Load_Data: 118:       INFO:    [Data Has Been Load]
[2025-11-11 11:41:13,760]: [Iron_Data_Processor.py]: Load_positions: 140:       INFO:    [Positions Are Ready]
[2025-11-11 11:41:13,761]: [Iron_Data_Processor.py]: Load_positions: 140:       INFO:    [Positions Are Ready]
[2025-11-11 11:41:14,881]: [Iron_Data_Processor.py]: Make_Tagged_Images: 193:       INFO:    [Images Has Been Made]
[2025-11-11 11:41:15,826]: [Iron_Data_Processor.py]: Make_Tagged_Images: 193:       INFO:    [Images Has Been Made]
[2025-11-11 11:41:16,080]: [Iron_Data_Processor.py]: Make_Cover_Page: 215:       INFO:    [Made Cover Pages]
[2025-11-11 11:41:16,080]: [Iron.py]: Run: 29:       INFO:    [Imagination Phase Completed]
[2025-11-11 11:41:19,735]: [Phone_Scraper.py]: Scrap: 58:       INFO:    [Data Scraped]
[2025-11-11 11:41:19,735]: [Phone_Scraper.py]: Scrap: 71:       INFO:    [Scraped Data Successfully]
[2025-11-11 11:41:19,735]: [Phone.py]: Run: 26:       INFO:    [Scraping Phase Complete]
[2025-11-11 11:41:19,736]: [Phone_Data_Processor.py]: data_reader: 38:       INFO:    [Scraped Data Loaded]
[2025-11-11 11:41:19,737]: [Phone_Data_Processor.py]: filter_list: 65:       INFO:    [Persian Phrases Are deleted]
[2025-11-11 11:41:19,737]: [Phone_Data_Processor.py]: reshape_list: 87:       INFO:    [Date Reshaped]
[2025-11-11 11:41:19,737]: [Phone_Data_Processor.py]: separate_brands: 124:       INFO:    [Brands Are Separated]
[2025-11-11 11:41:19,738]: [Phone_Data_Processor.py]: delete_extra_spaces: 141:       INFO:    [Extra Spaces Are Deleted]
[2025-11-11 11:41:20,483]: [Phone.py]: Run: 29:       INFO:    [Imagination Phase Complete]
[2025-11-11 11:41:20,483]: [selector_events.py]: __init__: 64:       DEBUG:    [Using selector: EpollSelector]
[2025-11-11 11:41:20,761]: [_bot.py]: _do_post: 643:       DEBUG:    [Calling Bot API endpoint `getMe` with parameters `{}`]
[2025-11-11 11:41:20,766]: [_trace.py]: atrace: 87:       DEBUG:    [connect_tcp.started host='api.telegram.org' port=443 local_address=None timeout=5.0 socket_options=None]
[2025-11-11 11:41:20,913]: [_trace.py]: atrace: 87:       DEBUG:    [connect_tcp.complete return_value=<httpcore._backends.anyio.AnyIOStream object at 0x7f042ad82510>]
[2025-11-11 11:41:20,913]: [_trace.py]: atrace: 87:       DEBUG:    [start_tls.started ssl_context=<ssl.SSLContext object at 0x7f042a2b9e50> server_hostname='api.telegram.org' timeout=5.0]
[2025-11-11 11:41:21,018]: [_trace.py]: atrace: 87:       DEBUG:    [start_tls.complete return_value=<httpcore._backends.anyio.AnyIOStream object at 0x7f0436fc98e0>]
[2025-11-11 11:41:21,018]: [_trace.py]: atrace: 87:       DEBUG:    [send_request_headers.started request=<Request [b'POST']>]
[2025-11-11 11:41:21,019]: [_trace.py]: atrace: 87:       DEBUG:    [send_request_headers.complete]
[2025-11-11 11:41:21,019]: [_trace.py]: atrace: 87:       DEBUG:    [send_request_body.started request=<Request [b'POST']>]
[2025-11-11 11:41:21,019]: [_trace.py]: atrace: 87:       DEBUG:    [send_request_body.complete]
[2025-11-11 11:41:21,019]: [_trace.py]: atrace: 87:       DEBUG:    [receive_response_headers.started request=<Request [b'POST']>]
[2025-11-11 11:41:21,129]: [_trace.py]: atrace: 87:       DEBUG:    [receive_response_headers.complete return_value=(b'HTTP/1.1', 200, b'OK', [(b'Server', b'nginx/1.18.0'), (b'Date', b'Tue, 11 Nov 2025 11:41:21 GMT'), (b'Content-Type', b'application/json'), (b'Content-Length', b'258'), (b'Connection', b'keep-alive'), (b'Strict-Transport-Security', b'max-age=31536000; includeSubDomains; preload'), (b'Access-Control-Allow-Origin', b'*'), (b'Access-Control-Allow-Methods', b'GET, POST, OPTIONS'), (b'Access-Control-Expose-Headers', b'Content-Length,Content-Type,Date,Server,Connection')])]
[2025-11-11 11:41:21,130]: [_client.py]: _send_single_request: 1740:       INFO:    [HTTP Request: POST https://api.telegram.org/bot6030805959:AAGUHAMxLYc-PrevgKouJ3ZyM7ktu56ftjo/getMe "HTTP/1.1 200 OK"]
[2025-11-11 11:41:21,130]: [_trace.py]: atrace: 87:       DEBUG:    [receive_response_body.started request=<Request [b'POST']>]
[2025-11-11 11:41:21,130]: [_trace.py]: atrace: 87:       DEBUG:    [receive_response_body.complete]
[2025-11-11 11:41:21,130]: [_trace.py]: atrace: 87:       DEBUG:    [response_closed.started]
[2025-11-11 11:41:21,130]: [_trace.py]: atrace: 87:       DEBUG:    [response_closed.complete]
[2025-11-11 11:41:21,130]: [_bot.py]: _do_post: 652:       DEBUG:    [Call to Bot API endpoint `getMe` finished with return value `{'id': 6030805959, 'is_bot': True, 'first_name': 'TyPHoone', 'username': 'TyPHoone_Project_bot', 'can_join_groups': True, 'can_read_all_group_messages': False, 'supports_inline_queries': False, 'can_connect_to_business': False, 'has_main_web_app': False}`]
[2025-11-11 11:41:21,133]: [_bot.py]: _do_post: 643:       DEBUG:    [Calling Bot API endpoint `sendDocument` with parameters `{'chat_id': '-4119703192', 'document': <telegram._files.inputfile.InputFile object at 0x7f04298b1cc0>}`]
[2025-11-11 11:41:21,134]: [_trace.py]: atrace: 87:       DEBUG:    [send_request_headers.started request=<Request [b'POST']>]
[2025-11-11 11:41:21,134]: [_trace.py]: atrace: 87:       DEBUG:    [send_request_headers.complete]
[2025-11-11 11:41:21,134]: [_trace.py]: atrace: 87:       DEBUG:    [send_request_body.started request=<Request [b'POST']>]
[2025-11-11 11:41:21,135]: [_trace.py]: atrace: 87:       DEBUG:    [send_request_body.complete]
[2025-11-11 11:41:21,135]: [_trace.py]: atrace: 87:       DEBUG:    [receive_response_headers.started request=<Request [b'POST']>]
[2025-11-11 11:41:21,384]: [_trace.py]: atrace: 87:       DEBUG:    [receive_response_headers.complete return_value=(b'HTTP/1.1', 200, b'OK', [(b'Server', b'nginx/1.18.0'), (b'Date', b'Tue, 11 Nov 2025 11:41:21 GMT'), (b'Content-Type', b'application/json'), (b'Content-Length', b'584'), (b'Connection', b'keep-alive'), (b'Strict-Transport-Security', b'max-age=31536000; includeSubDomains; preload'), (b'Access-Control-Allow-Origin', b'*'), (b'Access-Control-Allow-Methods', b'GET, POST, OPTIONS'), (b'Access-Control-Expose-Headers', b'Content-Length,Content-Type,Date,Server,Connection')])]
[2025-11-11 11:41:21,385]: [_client.py]: _send_single_request: 1740:       INFO:    [HTTP Request: POST https://api.telegram.org/bot6030805959:AAGUHAMxLYc-PrevgKouJ3ZyM7ktu56ftjo/sendDocument "HTTP/1.1 200 OK"]
[2025-11-11 11:41:21,385]: [_trace.py]: atrace: 87:       DEBUG:    [receive_response_body.started request=<Request [b'POST']>]
[2025-11-11 11:41:21,385]: [_trace.py]: atrace: 87:       DEBUG:    [receive_response_body.complete]
[2025-11-11 11:41:21,385]: [_trace.py]: atrace: 87:       DEBUG:    [response_closed.started]
[2025-11-11 11:41:21,385]: [_trace.py]: atrace: 87:       DEBUG:    [response_closed.complete]
[2025-11-11 11:41:21,385]: [_bot.py]: _do_post: 652:       DEBUG:    [Call to Bot API endpoint `sendDocument` finished with return value `{'message_id': 2720, 'from': {'id': 6030805959, 'is_bot': True, 'first_name': 'TyPHoone', 'username': 'TyPHoone_Project_bot'}, 'chat': {'id': -4119703192, 'title': 'Robocop', 'type': 'group', 'all_members_are_administrators': True, 'accepted_gift_types': {'unlimited_gifts': False, 'limited_gifts': False, 'unique_gifts': False, 'premium_subscription': False}}, 'date': 1762861281, 'document': {'file_name': '(2025_11_11--11_41).log', 'mime_type': 'text/plain', 'file_id': 'BQACAgQAAxkDAAIKoGkTIOF0tTJh0HHwDBK3M-WdLtYgAAIWGgACLpCZULAipGou16AfNgQ', 'file_unique_id': 'AgADFhoAAi6QmVA', 'file_size': 5937}}`]
[2025-11-11 11:41:21,386]: [_trace.py]: atrace: 87:       DEBUG:    [close.started]
[2025-11-11 11:41:21,386]: [_trace.py]: atrace: 87:       DEBUG:    [close.complete]
[2025-11-11 11:41:21,430]: [_bot.py]: _do_post: 643:       DEBUG:    [Calling Bot API endpoint `getMe` with parameters `{}`]
[2025-11-11 11:41:21,431]: [_trace.py]: atrace: 87:       DEBUG:    [connect_tcp.started host='api.telegram.org' port=443 local_address=None timeout=5.0 socket_options=None]
[2025-11-11 11:41:21,533]: [_trace.py]: atrace: 87:       DEBUG:    [connect_tcp.complete return_value=<httpcore._backends.anyio.AnyIOStream object at 0x7f04298fe240>]
[2025-11-11 11:41:21,533]: [_trace.py]: atrace: 87:       DEBUG:    [start_tls.started ssl_context=<ssl.SSLContext object at 0x7f042a2b9d50> server_hostname='api.telegram.org' timeout=5.0]
[2025-11-11 11:41:21,637]: [_trace.py]: atrace: 87:       DEBUG:    [start_tls.complete return_value=<httpcore._backends.anyio.AnyIOStream object at 0x7f042a4b9be0>]
[2025-11-11 11:41:21,637]: [_trace.py]: atrace: 87:       DEBUG:    [send_request_headers.started request=<Request [b'POST']>]
[2025-11-11 11:41:21,637]: [_trace.py]: atrace: 87:       DEBUG:    [send_request_headers.complete]
[2025-11-11 11:41:21,637]: [_trace.py]: atrace: 87:       DEBUG:    [send_request_body.started request=<Request [b'POST']>]
[2025-11-11 11:41:21,637]: [_trace.py]: atrace: 87:       DEBUG:    [send_request_body.complete]
[2025-11-11 11:41:21,637]: [_trace.py]: atrace: 87:       DEBUG:    [receive_response_headers.started request=<Request [b'POST']>]
[2025-11-11 11:41:21,739]: [_trace.py]: atrace: 87:       DEBUG:    [receive_response_headers.complete return_value=(b'HTTP/1.1', 200, b'OK', [(b'Server', b'nginx/1.18.0'), (b'Date', b'Tue, 11 Nov 2025 11:41:21 GMT'), (b'Content-Type', b'application/json'), (b'Content-Length', b'258'), (b'Connection', b'keep-alive'), (b'Strict-Transport-Security', b'max-age=31536000; includeSubDomains; preload'), (b'Access-Control-Allow-Origin', b'*'), (b'Access-Control-Allow-Methods', b'GET, POST, OPTIONS'), (b'Access-Control-Expose-Headers', b'Content-Length,Content-Type,Date,Server,Connection')])]
[2025-11-11 11:41:21,739]: [_client.py]: _send_single_request: 1740:       INFO:    [HTTP Request: POST https://api.telegram.org/bot6030805959:AAGUHAMxLYc-PrevgKouJ3ZyM7ktu56ftjo/getMe "HTTP/1.1 200 OK"]
[2025-11-11 11:41:21,739]: [_trace.py]: atrace: 87:       DEBUG:    [receive_response_body.started request=<Request [b'POST']>]
[2025-11-11 11:41:21,739]: [_trace.py]: atrace: 87:       DEBUG:    [receive_response_body.complete]
[2025-11-11 11:41:21,739]: [_trace.py]: atrace: 87:       DEBUG:    [response_closed.started]
[2025-11-11 11:41:21,740]: [_trace.py]: atrace: 87:       DEBUG:    [response_closed.complete]
[2025-11-11 11:41:21,740]: [_bot.py]: _do_post: 652:       DEBUG:    [Call to Bot API endpoint `getMe` finished with return value `{'id': 6030805959, 'is_bot': True, 'first_name': 'TyPHoone', 'username': 'TyPHoone_Project_bot', 'can_join_groups': True, 'can_read_all_group_messages': False, 'supports_inline_queries': False, 'can_connect_to_business': False, 'has_main_web_app': False}`]
[2025-11-11 11:41:21,742]: [_bot.py]: _do_post: 643:       DEBUG:    [Calling Bot API endpoint `sendDocument` with parameters `{'chat_id': '-4119703192', 'document': <telegram._files.inputfile.InputFile object at 0x7f042a2dea40>}`]
[2025-11-11 11:41:21,742]: [_trace.py]: atrace: 87:       DEBUG:    [send_request_headers.started request=<Request [b'POST']>]
[2025-11-11 11:41:21,743]: [_trace.py]: atrace: 87:       DEBUG:    [send_request_headers.complete]
[2025-11-11 11:41:21,743]: [_trace.py]: atrace: 87:       DEBUG:    [send_request_body.started request=<Request [b'POST']>]
[2025-11-11 11:41:22,665]: [_trace.py]: atrace: 87:       DEBUG:    [send_request_body.complete]
[2025-11-11 11:41:22,665]: [_trace.py]: atrace: 87:       DEBUG:    [receive_response_headers.started request=<Request [b'POST']>]
[2025-11-11 11:41:23,496]: [_trace.py]: atrace: 87:       DEBUG:    [receive_response_headers.complete return_value=(b'HTTP/1.1', 200, b'OK', [(b'Server', b'nginx/1.18.0'), (b'Date', b'Tue, 11 Nov 2025 11:41:23 GMT'), (b'Content-Type', b'application/json'), (b'Content-Length', b'599'), (b'Connection', b'keep-alive'), (b'Strict-Transport-Security', b'max-age=31536000; includeSubDomains; preload'), (b'Access-Control-Allow-Origin', b'*'), (b'Access-Control-Allow-Methods', b'GET, POST, OPTIONS'), (b'Access-Control-Expose-Headers', b'Content-Length,Content-Type,Date,Server,Connection')])]
[2025-11-11 11:41:23,496]: [_client.py]: _send_single_request: 1740:       INFO:    [HTTP Request: POST https://api.telegram.org/bot6030805959:AAGUHAMxLYc-PrevgKouJ3ZyM7ktu56ftjo/sendDocument "HTTP/1.1 200 OK"]
[2025-11-11 11:41:23,497]: [_trace.py]: atrace: 87:       DEBUG:    [receive_response_body.started request=<Request [b'POST']>]
[2025-11-11 11:41:23,497]: [_trace.py]: atrace: 87:       DEBUG:    [receive_response_body.complete]
[2025-11-11 11:41:23,497]: [_trace.py]: atrace: 87:       DEBUG:    [response_closed.started]
[2025-11-11 11:41:23,497]: [_trace.py]: atrace: 87:       DEBUG:    [response_closed.complete]
[2025-11-11 11:41:23,497]: [_bot.py]: _do_post: 652:       DEBUG:    [Call to Bot API endpoint `sendDocument` finished with return value `{'message_id': 2721, 'from': {'id': 6030805959, 'is_bot': True, 'first_name': 'TyPHoone', 'username': 'TyPHoone_Project_bot'}, 'chat': {'id': -4119703192, 'title': 'Robocop', 'type': 'group', 'all_members_are_administrators': True, 'accepted_gift_types': {'unlimited_gifts': False, 'limited_gifts': False, 'unique_gifts': False, 'premium_subscription': False}}, 'date': 1762861283, 'document': {'file_name': '(2025_11_11--11_41)output.zip', 'mime_type': 'application/zip', 'file_id': 'BQACAgQAAxkDAAIKoWkTIOPNbCvDycat_JIt22hYk8rVAAIXGgACLpCZUFoNM0SoAT6jNgQ', 'file_unique_id': 'AgADFxoAAi6QmVA', 'file_size': 10113537}}`]
[2025-11-11 11:41:23,497]: [_trace.py]: atrace: 87:       DEBUG:    [close.started]
[2025-11-11 11:41:23,498]: [_trace.py]: atrace: 87:       DEBUG:    [close.complete]
[2025-11-11 11:41:23,498]: [Telegram_Sender.py]: runner: 61:       INFO:    [sent successfully]
[2025-11-11 11:41:23,498]: [Main.py]: <module>: 48:       INFO:    [Finished]
