[2025-10-29 11:41:05,916]: [Main.py]: <module>: 21:       INFO:    [Started]
[2025-10-29 11:41:07,390]: [Iron_Scraper.py]: Scrap: 32:       INFO:    [Data Scaraped Successfully]
[2025-10-29 11:41:07,592]: [Iron_Scraper.py]: Scrap: 70:       INFO:    [Scrapped Data Has No Problem]
[2025-10-29 11:41:07,592]: [Iron_Scraper.py]: Scrap: 83:       INFO:    [Data Saved Successfully]
[2025-10-29 11:41:07,592]: [Iron.py]: Run: 26:       INFO:    [Scraping Phase Completed]
[2025-10-29 11:41:07,593]: [Iron_Data_Processor.py]: Data_Reader: 61:       INFO:    [Data File Has Been Red Successfully]
[2025-10-29 11:41:07,593]: [Iron_Data_Processor.py]: Shaper: 78:       INFO:    [Data Shaped]
[2025-10-29 11:41:07,593]: [Iron_Data_Processor.py]: Process: 228:       INFO:    [Data Cleaned]
[2025-10-29 11:41:07,593]: [Iron_Data_Processor.py]: Make_Pages_Objects: 101:       INFO:    [Page Objects Has Been Made]
[2025-10-29 11:41:07,593]: [Iron_Data_Processor.py]: Make_Pages_Objects: 101:       INFO:    [Page Objects Has Been Made]
[2025-10-29 11:41:07,593]: [Iron_Data_Processor.py]: Load_Data: 118:       INFO:    [Data Has Been Load]
[2025-10-29 11:41:07,593]: [Iron_Data_Processor.py]: Load_Data: 118:       INFO:    [Data Has Been Load]
[2025-10-29 11:41:07,594]: [Iron_Data_Processor.py]: Load_positions: 140:       INFO:    [Positions Are Ready]
[2025-10-29 11:41:07,594]: [Iron_Data_Processor.py]: Load_positions: 140:       INFO:    [Positions Are Ready]
[2025-10-29 11:41:08,718]: [Iron_Data_Processor.py]: Make_Tagged_Images: 193:       INFO:    [Images Has Been Made]
[2025-10-29 11:41:09,666]: [Iron_Data_Processor.py]: Make_Tagged_Images: 193:       INFO:    [Images Has Been Made]
[2025-10-29 11:41:09,920]: [Iron_Data_Processor.py]: Make_Cover_Page: 215:       INFO:    [Made Cover Pages]
[2025-10-29 11:41:09,920]: [Iron.py]: Run: 29:       INFO:    [Imagination Phase Completed]
[2025-10-29 11:41:13,321]: [Phone_Scraper.py]: Scrap: 58:       INFO:    [Data Scraped]
[2025-10-29 11:41:13,321]: [Phone_Scraper.py]: Scrap: 71:       INFO:    [Scraped Data Successfully]
[2025-10-29 11:41:13,321]: [Phone.py]: Run: 26:       INFO:    [Scraping Phase Complete]
[2025-10-29 11:41:13,321]: [Phone_Data_Processor.py]: data_reader: 38:       INFO:    [Scraped Data Loaded]
[2025-10-29 11:41:13,322]: [Phone_Data_Processor.py]: filter_list: 65:       INFO:    [Persian Phrases Are deleted]
[2025-10-29 11:41:13,323]: [Phone_Data_Processor.py]: reshape_list: 87:       INFO:    [Date Reshaped]
[2025-10-29 11:41:13,323]: [Phone_Data_Processor.py]: separate_brands: 124:       INFO:    [Brands Are Separated]
[2025-10-29 11:41:13,323]: [Phone_Data_Processor.py]: delete_extra_spaces: 141:       INFO:    [Extra Spaces Are Deleted]
[2025-10-29 11:41:14,065]: [Phone.py]: Run: 29:       INFO:    [Imagination Phase Complete]
[2025-10-29 11:41:14,066]: [selector_events.py]: __init__: 64:       DEBUG:    [Using selector: EpollSelector]
[2025-10-29 11:41:14,341]: [_bot.py]: _do_post: 643:       DEBUG:    [Calling Bot API endpoint `getMe` with parameters `{}`]
[2025-10-29 11:41:14,346]: [_trace.py]: atrace: 87:       DEBUG:    [connect_tcp.started host='api.telegram.org' port=443 local_address=None timeout=5.0 socket_options=None]
[2025-10-29 11:41:14,481]: [_trace.py]: atrace: 87:       DEBUG:    [connect_tcp.complete return_value=<httpcore._backends.anyio.AnyIOStream object at 0x7fc7e9782060>]
[2025-10-29 11:41:14,481]: [_trace.py]: atrace: 87:       DEBUG:    [start_tls.started ssl_context=<ssl.SSLContext object at 0x7fc7ea1b1f50> server_hostname='api.telegram.org' timeout=5.0]
[2025-10-29 11:41:14,584]: [_trace.py]: atrace: 87:       DEBUG:    [start_tls.complete return_value=<httpcore._backends.anyio.AnyIOStream object at 0x7fc7ea250e30>]
[2025-10-29 11:41:14,584]: [_trace.py]: atrace: 87:       DEBUG:    [send_request_headers.started request=<Request [b'POST']>]
[2025-10-29 11:41:14,584]: [_trace.py]: atrace: 87:       DEBUG:    [send_request_headers.complete]
[2025-10-29 11:41:14,584]: [_trace.py]: atrace: 87:       DEBUG:    [send_request_body.started request=<Request [b'POST']>]
[2025-10-29 11:41:14,585]: [_trace.py]: atrace: 87:       DEBUG:    [send_request_body.complete]
[2025-10-29 11:41:14,585]: [_trace.py]: atrace: 87:       DEBUG:    [receive_response_headers.started request=<Request [b'POST']>]
[2025-10-29 11:41:14,686]: [_trace.py]: atrace: 87:       DEBUG:    [receive_response_headers.complete return_value=(b'HTTP/1.1', 200, b'OK', [(b'Server', b'nginx/1.18.0'), (b'Date', b'Wed, 29 Oct 2025 11:41:14 GMT'), (b'Content-Type', b'application/json'), (b'Content-Length', b'258'), (b'Connection', b'keep-alive'), (b'Strict-Transport-Security', b'max-age=31536000; includeSubDomains; preload'), (b'Access-Control-Allow-Origin', b'*'), (b'Access-Control-Allow-Methods', b'GET, POST, OPTIONS'), (b'Access-Control-Expose-Headers', b'Content-Length,Content-Type,Date,Server,Connection')])]
[2025-10-29 11:41:14,686]: [_client.py]: _send_single_request: 1740:       INFO:    [HTTP Request: POST https://api.telegram.org/bot6030805959:AAGUHAMxLYc-PrevgKouJ3ZyM7ktu56ftjo/getMe "HTTP/1.1 200 OK"]
[2025-10-29 11:41:14,687]: [_trace.py]: atrace: 87:       DEBUG:    [receive_response_body.started request=<Request [b'POST']>]
[2025-10-29 11:41:14,687]: [_trace.py]: atrace: 87:       DEBUG:    [receive_response_body.complete]
[2025-10-29 11:41:14,687]: [_trace.py]: atrace: 87:       DEBUG:    [response_closed.started]
[2025-10-29 11:41:14,687]: [_trace.py]: atrace: 87:       DEBUG:    [response_closed.complete]
[2025-10-29 11:41:14,687]: [_bot.py]: _do_post: 652:       DEBUG:    [Call to Bot API endpoint `getMe` finished with return value `{'id': 6030805959, 'is_bot': True, 'first_name': 'TyPHoone', 'username': 'TyPHoone_Project_bot', 'can_join_groups': True, 'can_read_all_group_messages': False, 'supports_inline_queries': False, 'can_connect_to_business': False, 'has_main_web_app': False}`]
[2025-10-29 11:41:14,690]: [_bot.py]: _do_post: 643:       DEBUG:    [Calling Bot API endpoint `sendDocument` with parameters `{'chat_id': '-4119703192', 'document': <telegram._files.inputfile.InputFile object at 0x7fc7e97b5900>}`]
[2025-10-29 11:41:14,690]: [_trace.py]: atrace: 87:       DEBUG:    [send_request_headers.started request=<Request [b'POST']>]
[2025-10-29 11:41:14,691]: [_trace.py]: atrace: 87:       DEBUG:    [send_request_headers.complete]
[2025-10-29 11:41:14,691]: [_trace.py]: atrace: 87:       DEBUG:    [send_request_body.started request=<Request [b'POST']>]
[2025-10-29 11:41:14,691]: [_trace.py]: atrace: 87:       DEBUG:    [send_request_body.complete]
[2025-10-29 11:41:14,691]: [_trace.py]: atrace: 87:       DEBUG:    [receive_response_headers.started request=<Request [b'POST']>]
[2025-10-29 11:41:14,941]: [_trace.py]: atrace: 87:       DEBUG:    [receive_response_headers.complete return_value=(b'HTTP/1.1', 200, b'OK', [(b'Server', b'nginx/1.18.0'), (b'Date', b'Wed, 29 Oct 2025 11:41:14 GMT'), (b'Content-Type', b'application/json'), (b'Content-Length', b'584'), (b'Connection', b'keep-alive'), (b'Strict-Transport-Security', b'max-age=31536000; includeSubDomains; preload'), (b'Access-Control-Allow-Origin', b'*'), (b'Access-Control-Allow-Methods', b'GET, POST, OPTIONS'), (b'Access-Control-Expose-Headers', b'Content-Length,Content-Type,Date,Server,Connection')])]
[2025-10-29 11:41:14,941]: [_client.py]: _send_single_request: 1740:       INFO:    [HTTP Request: POST https://api.telegram.org/bot6030805959:AAGUHAMxLYc-PrevgKouJ3ZyM7ktu56ftjo/sendDocument "HTTP/1.1 200 OK"]
[2025-10-29 11:41:14,941]: [_trace.py]: atrace: 87:       DEBUG:    [receive_response_body.started request=<Request [b'POST']>]
[2025-10-29 11:41:14,941]: [_trace.py]: atrace: 87:       DEBUG:    [receive_response_body.complete]
[2025-10-29 11:41:14,941]: [_trace.py]: atrace: 87:       DEBUG:    [response_closed.started]
[2025-10-29 11:41:14,941]: [_trace.py]: atrace: 87:       DEBUG:    [response_closed.complete]
[2025-10-29 11:41:14,941]: [_bot.py]: _do_post: 652:       DEBUG:    [Call to Bot API endpoint `sendDocument` finished with return value `{'message_id': 2693, 'from': {'id': 6030805959, 'is_bot': True, 'first_name': 'TyPHoone', 'username': 'TyPHoone_Project_bot'}, 'chat': {'id': -4119703192, 'title': 'Robocop', 'type': 'group', 'all_members_are_administrators': True, 'accepted_gift_types': {'unlimited_gifts': False, 'limited_gifts': False, 'unique_gifts': False, 'premium_subscription': False}}, 'date': 1761738074, 'document': {'file_name': '(2025_10_29--11_41).log', 'mime_type': 'text/plain', 'file_id': 'BQACAgQAAxkDAAIKhWkB_VpQcYTzh9uU8MAQnS1PfJ7gAALdGAACHnoQULqUDOMxRq-jNgQ', 'file_unique_id': 'AgAD3RgAAh56EFA', 'file_size': 5937}}`]
[2025-10-29 11:41:14,942]: [_trace.py]: atrace: 87:       DEBUG:    [close.started]
[2025-10-29 11:41:14,942]: [_trace.py]: atrace: 87:       DEBUG:    [close.complete]
[2025-10-29 11:41:14,986]: [_bot.py]: _do_post: 643:       DEBUG:    [Calling Bot API endpoint `getMe` with parameters `{}`]
[2025-10-29 11:41:14,987]: [_trace.py]: atrace: 87:       DEBUG:    [connect_tcp.started host='api.telegram.org' port=443 local_address=None timeout=5.0 socket_options=None]
[2025-10-29 11:41:15,092]: [_trace.py]: atrace: 87:       DEBUG:    [connect_tcp.complete return_value=<httpcore._backends.anyio.AnyIOStream object at 0x7fc7e97e5f10>]
[2025-10-29 11:41:15,093]: [_trace.py]: atrace: 87:       DEBUG:    [start_tls.started ssl_context=<ssl.SSLContext object at 0x7fc7ea1b1e50> server_hostname='api.telegram.org' timeout=5.0]
[2025-10-29 11:41:15,200]: [_trace.py]: atrace: 87:       DEBUG:    [start_tls.complete return_value=<httpcore._backends.anyio.AnyIOStream object at 0x7fc7ea400380>]
[2025-10-29 11:41:15,200]: [_trace.py]: atrace: 87:       DEBUG:    [send_request_headers.started request=<Request [b'POST']>]
[2025-10-29 11:41:15,200]: [_trace.py]: atrace: 87:       DEBUG:    [send_request_headers.complete]
[2025-10-29 11:41:15,200]: [_trace.py]: atrace: 87:       DEBUG:    [send_request_body.started request=<Request [b'POST']>]
[2025-10-29 11:41:15,200]: [_trace.py]: atrace: 87:       DEBUG:    [send_request_body.complete]
[2025-10-29 11:41:15,200]: [_trace.py]: atrace: 87:       DEBUG:    [receive_response_headers.started request=<Request [b'POST']>]
[2025-10-29 11:41:15,312]: [_trace.py]: atrace: 87:       DEBUG:    [receive_response_headers.complete return_value=(b'HTTP/1.1', 200, b'OK', [(b'Server', b'nginx/1.18.0'), (b'Date', b'Wed, 29 Oct 2025 11:41:15 GMT'), (b'Content-Type', b'application/json'), (b'Content-Length', b'258'), (b'Connection', b'keep-alive'), (b'Strict-Transport-Security', b'max-age=31536000; includeSubDomains; preload'), (b'Access-Control-Allow-Origin', b'*'), (b'Access-Control-Allow-Methods', b'GET, POST, OPTIONS'), (b'Access-Control-Expose-Headers', b'Content-Length,Content-Type,Date,Server,Connection')])]
[2025-10-29 11:41:15,312]: [_client.py]: _send_single_request: 1740:       INFO:    [HTTP Request: POST https://api.telegram.org/bot6030805959:AAGUHAMxLYc-PrevgKouJ3ZyM7ktu56ftjo/getMe "HTTP/1.1 200 OK"]
[2025-10-29 11:41:15,312]: [_trace.py]: atrace: 87:       DEBUG:    [receive_response_body.started request=<Request [b'POST']>]
[2025-10-29 11:41:15,312]: [_trace.py]: atrace: 87:       DEBUG:    [receive_response_body.complete]
[2025-10-29 11:41:15,312]: [_trace.py]: atrace: 87:       DEBUG:    [response_closed.started]
[2025-10-29 11:41:15,312]: [_trace.py]: atrace: 87:       DEBUG:    [response_closed.complete]
[2025-10-29 11:41:15,313]: [_bot.py]: _do_post: 652:       DEBUG:    [Call to Bot API endpoint `getMe` finished with return value `{'id': 6030805959, 'is_bot': True, 'first_name': 'TyPHoone', 'username': 'TyPHoone_Project_bot', 'can_join_groups': True, 'can_read_all_group_messages': False, 'supports_inline_queries': False, 'can_connect_to_business': False, 'has_main_web_app': False}`]
[2025-10-29 11:41:15,315]: [_bot.py]: _do_post: 643:       DEBUG:    [Calling Bot API endpoint `sendDocument` with parameters `{'chat_id': '-4119703192', 'document': <telegram._files.inputfile.InputFile object at 0x7fc7ea1d2a80>}`]
[2025-10-29 11:41:15,315]: [_trace.py]: atrace: 87:       DEBUG:    [send_request_headers.started request=<Request [b'POST']>]
[2025-10-29 11:41:15,315]: [_trace.py]: atrace: 87:       DEBUG:    [send_request_headers.complete]
[2025-10-29 11:41:15,316]: [_trace.py]: atrace: 87:       DEBUG:    [send_request_body.started request=<Request [b'POST']>]
[2025-10-29 11:41:16,371]: [_trace.py]: atrace: 87:       DEBUG:    [send_request_body.complete]
[2025-10-29 11:41:16,371]: [_trace.py]: atrace: 87:       DEBUG:    [receive_response_headers.started request=<Request [b'POST']>]
[2025-10-29 11:41:17,000]: [_trace.py]: atrace: 87:       DEBUG:    [receive_response_headers.complete return_value=(b'HTTP/1.1', 200, b'OK', [(b'Server', b'nginx/1.18.0'), (b'Date', b'Wed, 29 Oct 2025 11:41:16 GMT'), (b'Content-Type', b'application/json'), (b'Content-Length', b'599'), (b'Connection', b'keep-alive'), (b'Strict-Transport-Security', b'max-age=31536000; includeSubDomains; preload'), (b'Access-Control-Allow-Origin', b'*'), (b'Access-Control-Allow-Methods', b'GET, POST, OPTIONS'), (b'Access-Control-Expose-Headers', b'Content-Length,Content-Type,Date,Server,Connection')])]
[2025-10-29 11:41:17,001]: [_client.py]: _send_single_request: 1740:       INFO:    [HTTP Request: POST https://api.telegram.org/bot6030805959:AAGUHAMxLYc-PrevgKouJ3ZyM7ktu56ftjo/sendDocument "HTTP/1.1 200 OK"]
[2025-10-29 11:41:17,001]: [_trace.py]: atrace: 87:       DEBUG:    [receive_response_body.started request=<Request [b'POST']>]
[2025-10-29 11:41:17,001]: [_trace.py]: atrace: 87:       DEBUG:    [receive_response_body.complete]
[2025-10-29 11:41:17,001]: [_trace.py]: atrace: 87:       DEBUG:    [response_closed.started]
[2025-10-29 11:41:17,001]: [_trace.py]: atrace: 87:       DEBUG:    [response_closed.complete]
[2025-10-29 11:41:17,001]: [_bot.py]: _do_post: 652:       DEBUG:    [Call to Bot API endpoint `sendDocument` finished with return value `{'message_id': 2694, 'from': {'id': 6030805959, 'is_bot': True, 'first_name': 'TyPHoone', 'username': 'TyPHoone_Project_bot'}, 'chat': {'id': -4119703192, 'title': 'Robocop', 'type': 'group', 'all_members_are_administrators': True, 'accepted_gift_types': {'unlimited_gifts': False, 'limited_gifts': False, 'unique_gifts': False, 'premium_subscription': False}}, 'date': 1761738076, 'document': {'file_name': '(2025_10_29--11_41)output.zip', 'mime_type': 'application/zip', 'file_id': 'BQACAgQAAxkDAAIKhmkB_Vwyz6XNUgK4q3F0hgjmWfjGAALeGAACHnoQUB516KAcNENdNgQ', 'file_unique_id': 'AgAD3hgAAh56EFA', 'file_size': 10104038}}`]
[2025-10-29 11:41:17,002]: [_trace.py]: atrace: 87:       DEBUG:    [close.started]
[2025-10-29 11:41:17,002]: [_trace.py]: atrace: 87:       DEBUG:    [close.complete]
[2025-10-29 11:41:17,002]: [Telegram_Sender.py]: runner: 61:       INFO:    [sent successfully]
[2025-10-29 11:41:17,003]: [Main.py]: <module>: 48:       INFO:    [Finished]
