[2025-01-20 11:39:12,744]: [Main.py]: <module>: 21:       INFO:    [Started]
[2025-01-20 11:39:14,667]: [Iron_Scraper.py]: Scrap: 32:       INFO:    [Data Scaraped Successfully]
[2025-01-20 11:39:14,713]: [Iron_Scraper.py]: Scrap: 70:       INFO:    [Scrapped Data Has No Problem]
[2025-01-20 11:39:14,714]: [Iron_Scraper.py]: Scrap: 83:       INFO:    [Data Saved Successfully]
[2025-01-20 11:39:14,714]: [Iron.py]: Run: 26:       INFO:    [Scraping Phase Completed]
[2025-01-20 11:39:14,714]: [Iron_Data_Processor.py]: Data_Reader: 61:       INFO:    [Data File Has Been Red Successfully]
[2025-01-20 11:39:14,714]: [Iron_Data_Processor.py]: Shaper: 78:       INFO:    [Data Shaped]
[2025-01-20 11:39:14,714]: [Iron_Data_Processor.py]: Process: 228:       INFO:    [Data Cleaned]
[2025-01-20 11:39:14,714]: [Iron_Data_Processor.py]: Make_Pages_Objects: 101:       INFO:    [Page Objects Has Been Made]
[2025-01-20 11:39:14,714]: [Iron_Data_Processor.py]: Make_Pages_Objects: 101:       INFO:    [Page Objects Has Been Made]
[2025-01-20 11:39:14,714]: [Iron_Data_Processor.py]: Load_Data: 118:       INFO:    [Data Has Been Load]
[2025-01-20 11:39:14,714]: [Iron_Data_Processor.py]: Load_Data: 118:       INFO:    [Data Has Been Load]
[2025-01-20 11:39:14,714]: [Iron_Data_Processor.py]: Load_positions: 140:       INFO:    [Positions Are Ready]
[2025-01-20 11:39:14,714]: [Iron_Data_Processor.py]: Load_positions: 140:       INFO:    [Positions Are Ready]
[2025-01-20 11:39:15,773]: [Iron_Data_Processor.py]: Make_Tagged_Images: 193:       INFO:    [Images Has Been Made]
[2025-01-20 11:39:16,662]: [Iron_Data_Processor.py]: Make_Tagged_Images: 193:       INFO:    [Images Has Been Made]
[2025-01-20 11:39:16,914]: [Iron_Data_Processor.py]: Make_Cover_Page: 215:       INFO:    [Made Cover Pages]
[2025-01-20 11:39:16,914]: [Iron.py]: Run: 29:       INFO:    [Imagination Phase Completed]
[2025-01-20 11:39:21,697]: [Phone_Scraper.py]: Scrap: 58:       INFO:    [Data Scraped]
[2025-01-20 11:39:21,697]: [Phone_Scraper.py]: Scrap: 71:       INFO:    [Scraped Data Successfully]
[2025-01-20 11:39:21,697]: [Phone.py]: Run: 26:       INFO:    [Scraping Phase Complete]
[2025-01-20 11:39:21,697]: [Phone_Data_Processor.py]: data_reader: 38:       INFO:    [Scraped Data Loaded]
[2025-01-20 11:39:21,698]: [Phone_Data_Processor.py]: filter_list: 65:       INFO:    [Persian Phrases Are deleted]
[2025-01-20 11:39:21,699]: [Phone_Data_Processor.py]: reshape_list: 87:       INFO:    [Date Reshaped]
[2025-01-20 11:39:21,699]: [Phone_Data_Processor.py]: separate_brands: 124:       INFO:    [Brands Are Separated]
[2025-01-20 11:39:21,700]: [Phone_Data_Processor.py]: delete_extra_spaces: 141:       INFO:    [Extra Spaces Are Deleted]
[2025-01-20 11:39:22,429]: [Phone.py]: Run: 29:       INFO:    [Imagination Phase Complete]
[2025-01-20 11:39:22,430]: [selector_events.py]: __init__: 64:       DEBUG:    [Using selector: EpollSelector]
[2025-01-20 11:39:22,700]: [_bot.py]: _do_post: 643:       DEBUG:    [Calling Bot API endpoint `getMe` with parameters `{}`]
[2025-01-20 11:39:22,704]: [_trace.py]: atrace: 87:       DEBUG:    [connect_tcp.started host='api.telegram.org' port=443 local_address=None timeout=5.0 socket_options=None]
[2025-01-20 11:39:22,923]: [_trace.py]: atrace: 87:       DEBUG:    [connect_tcp.complete return_value=<httpcore._backends.anyio.AnyIOStream object at 0x7fd7af09d2b0>]
[2025-01-20 11:39:22,923]: [_trace.py]: atrace: 87:       DEBUG:    [start_tls.started ssl_context=<ssl.SSLContext object at 0x7fd7afffead0> server_hostname='api.telegram.org' timeout=5.0]
[2025-01-20 11:39:23,031]: [_trace.py]: atrace: 87:       DEBUG:    [start_tls.complete return_value=<httpcore._backends.anyio.AnyIOStream object at 0x7fd7b00f96a0>]
[2025-01-20 11:39:23,031]: [_trace.py]: atrace: 87:       DEBUG:    [send_request_headers.started request=<Request [b'POST']>]
[2025-01-20 11:39:23,031]: [_trace.py]: atrace: 87:       DEBUG:    [send_request_headers.complete]
[2025-01-20 11:39:23,031]: [_trace.py]: atrace: 87:       DEBUG:    [send_request_body.started request=<Request [b'POST']>]
[2025-01-20 11:39:23,032]: [_trace.py]: atrace: 87:       DEBUG:    [send_request_body.complete]
[2025-01-20 11:39:23,032]: [_trace.py]: atrace: 87:       DEBUG:    [receive_response_headers.started request=<Request [b'POST']>]
[2025-01-20 11:39:23,136]: [_trace.py]: atrace: 87:       DEBUG:    [receive_response_headers.complete return_value=(b'HTTP/1.1', 200, b'OK', [(b'Server', b'nginx/1.18.0'), (b'Date', b'Mon, 20 Jan 2025 11:39:23 GMT'), (b'Content-Type', b'application/json'), (b'Content-Length', b'258'), (b'Connection', b'keep-alive'), (b'Strict-Transport-Security', b'max-age=31536000; includeSubDomains; preload'), (b'Access-Control-Allow-Origin', b'*'), (b'Access-Control-Allow-Methods', b'GET, POST, OPTIONS'), (b'Access-Control-Expose-Headers', b'Content-Length,Content-Type,Date,Server,Connection')])]
[2025-01-20 11:39:23,136]: [_client.py]: _send_single_request: 1740:       INFO:    [HTTP Request: POST https://api.telegram.org/bot6030805959:AAGUHAMxLYc-PrevgKouJ3ZyM7ktu56ftjo/getMe "HTTP/1.1 200 OK"]
[2025-01-20 11:39:23,136]: [_trace.py]: atrace: 87:       DEBUG:    [receive_response_body.started request=<Request [b'POST']>]
[2025-01-20 11:39:23,136]: [_trace.py]: atrace: 87:       DEBUG:    [receive_response_body.complete]
[2025-01-20 11:39:23,136]: [_trace.py]: atrace: 87:       DEBUG:    [response_closed.started]
[2025-01-20 11:39:23,137]: [_trace.py]: atrace: 87:       DEBUG:    [response_closed.complete]
[2025-01-20 11:39:23,137]: [_bot.py]: _do_post: 652:       DEBUG:    [Call to Bot API endpoint `getMe` finished with return value `{'id': 6030805959, 'is_bot': True, 'first_name': 'TyPHoone', 'username': 'TyPHoone_Project_bot', 'can_join_groups': True, 'can_read_all_group_messages': False, 'supports_inline_queries': False, 'can_connect_to_business': False, 'has_main_web_app': False}`]
[2025-01-20 11:39:23,139]: [_bot.py]: _do_post: 643:       DEBUG:    [Calling Bot API endpoint `sendDocument` with parameters `{'chat_id': '-4119703192', 'document': <telegram._files.inputfile.InputFile object at 0x7fd7af0f9b00>}`]
[2025-01-20 11:39:23,140]: [_trace.py]: atrace: 87:       DEBUG:    [send_request_headers.started request=<Request [b'POST']>]
[2025-01-20 11:39:23,140]: [_trace.py]: atrace: 87:       DEBUG:    [send_request_headers.complete]
[2025-01-20 11:39:23,140]: [_trace.py]: atrace: 87:       DEBUG:    [send_request_body.started request=<Request [b'POST']>]
[2025-01-20 11:39:23,141]: [_trace.py]: atrace: 87:       DEBUG:    [send_request_body.complete]
[2025-01-20 11:39:23,141]: [_trace.py]: atrace: 87:       DEBUG:    [receive_response_headers.started request=<Request [b'POST']>]
[2025-01-20 11:39:23,434]: [_trace.py]: atrace: 87:       DEBUG:    [receive_response_headers.complete return_value=(b'HTTP/1.1', 200, b'OK', [(b'Server', b'nginx/1.18.0'), (b'Date', b'Mon, 20 Jan 2025 11:39:23 GMT'), (b'Content-Type', b'application/json'), (b'Content-Length', b'464'), (b'Connection', b'keep-alive'), (b'Strict-Transport-Security', b'max-age=31536000; includeSubDomains; preload'), (b'Access-Control-Allow-Origin', b'*'), (b'Access-Control-Allow-Methods', b'GET, POST, OPTIONS'), (b'Access-Control-Expose-Headers', b'Content-Length,Content-Type,Date,Server,Connection')])]
[2025-01-20 11:39:23,434]: [_client.py]: _send_single_request: 1740:       INFO:    [HTTP Request: POST https://api.telegram.org/bot6030805959:AAGUHAMxLYc-PrevgKouJ3ZyM7ktu56ftjo/sendDocument "HTTP/1.1 200 OK"]
[2025-01-20 11:39:23,435]: [_trace.py]: atrace: 87:       DEBUG:    [receive_response_body.started request=<Request [b'POST']>]
[2025-01-20 11:39:23,435]: [_trace.py]: atrace: 87:       DEBUG:    [receive_response_body.complete]
[2025-01-20 11:39:23,435]: [_trace.py]: atrace: 87:       DEBUG:    [response_closed.started]
[2025-01-20 11:39:23,435]: [_trace.py]: atrace: 87:       DEBUG:    [response_closed.complete]
[2025-01-20 11:39:23,435]: [_bot.py]: _do_post: 652:       DEBUG:    [Call to Bot API endpoint `sendDocument` finished with return value `{'message_id': 2123, 'from': {'id': 6030805959, 'is_bot': True, 'first_name': 'TyPHoone', 'username': 'TyPHoone_Project_bot'}, 'chat': {'id': -4119703192, 'title': 'Robocop', 'type': 'group', 'all_members_are_administrators': True}, 'date': 1737373163, 'document': {'file_name': '(2025_01_20--11_39).log', 'mime_type': 'text/plain', 'file_id': 'BQACAgQAAxkDAAIIS2eONevkunydHBKJpwaK2ZEurXtkAAI4GQACD6h4UIABHOOGhu6MNgQ', 'file_unique_id': 'AgADOBkAAg-oeFA', 'file_size': 5937}}`]
[2025-01-20 11:39:23,435]: [_trace.py]: atrace: 87:       DEBUG:    [close.started]
[2025-01-20 11:39:23,436]: [_trace.py]: atrace: 87:       DEBUG:    [close.complete]
[2025-01-20 11:39:23,479]: [_bot.py]: _do_post: 643:       DEBUG:    [Calling Bot API endpoint `getMe` with parameters `{}`]
[2025-01-20 11:39:23,479]: [_trace.py]: atrace: 87:       DEBUG:    [connect_tcp.started host='api.telegram.org' port=443 local_address=None timeout=5.0 socket_options=None]
[2025-01-20 11:39:23,583]: [_trace.py]: atrace: 87:       DEBUG:    [connect_tcp.complete return_value=<httpcore._backends.anyio.AnyIOStream object at 0x7fd7aef397c0>]
[2025-01-20 11:39:23,583]: [_trace.py]: atrace: 87:       DEBUG:    [start_tls.started ssl_context=<ssl.SSLContext object at 0x7fd7afffe8d0> server_hostname='api.telegram.org' timeout=5.0]
[2025-01-20 11:39:23,690]: [_trace.py]: atrace: 87:       DEBUG:    [start_tls.complete return_value=<httpcore._backends.anyio.AnyIOStream object at 0x7fd7aff70ec0>]
[2025-01-20 11:39:23,690]: [_trace.py]: atrace: 87:       DEBUG:    [send_request_headers.started request=<Request [b'POST']>]
[2025-01-20 11:39:23,690]: [_trace.py]: atrace: 87:       DEBUG:    [send_request_headers.complete]
[2025-01-20 11:39:23,690]: [_trace.py]: atrace: 87:       DEBUG:    [send_request_body.started request=<Request [b'POST']>]
[2025-01-20 11:39:23,690]: [_trace.py]: atrace: 87:       DEBUG:    [send_request_body.complete]
[2025-01-20 11:39:23,690]: [_trace.py]: atrace: 87:       DEBUG:    [receive_response_headers.started request=<Request [b'POST']>]
[2025-01-20 11:39:23,793]: [_trace.py]: atrace: 87:       DEBUG:    [receive_response_headers.complete return_value=(b'HTTP/1.1', 200, b'OK', [(b'Server', b'nginx/1.18.0'), (b'Date', b'Mon, 20 Jan 2025 11:39:23 GMT'), (b'Content-Type', b'application/json'), (b'Content-Length', b'258'), (b'Connection', b'keep-alive'), (b'Strict-Transport-Security', b'max-age=31536000; includeSubDomains; preload'), (b'Access-Control-Allow-Origin', b'*'), (b'Access-Control-Allow-Methods', b'GET, POST, OPTIONS'), (b'Access-Control-Expose-Headers', b'Content-Length,Content-Type,Date,Server,Connection')])]
[2025-01-20 11:39:23,794]: [_client.py]: _send_single_request: 1740:       INFO:    [HTTP Request: POST https://api.telegram.org/bot6030805959:AAGUHAMxLYc-PrevgKouJ3ZyM7ktu56ftjo/getMe "HTTP/1.1 200 OK"]
[2025-01-20 11:39:23,794]: [_trace.py]: atrace: 87:       DEBUG:    [receive_response_body.started request=<Request [b'POST']>]
[2025-01-20 11:39:23,794]: [_trace.py]: atrace: 87:       DEBUG:    [receive_response_body.complete]
[2025-01-20 11:39:23,794]: [_trace.py]: atrace: 87:       DEBUG:    [response_closed.started]
[2025-01-20 11:39:23,794]: [_trace.py]: atrace: 87:       DEBUG:    [response_closed.complete]
[2025-01-20 11:39:23,794]: [_bot.py]: _do_post: 652:       DEBUG:    [Call to Bot API endpoint `getMe` finished with return value `{'id': 6030805959, 'is_bot': True, 'first_name': 'TyPHoone', 'username': 'TyPHoone_Project_bot', 'can_join_groups': True, 'can_read_all_group_messages': False, 'supports_inline_queries': False, 'can_connect_to_business': False, 'has_main_web_app': False}`]
[2025-01-20 11:39:23,797]: [_bot.py]: _do_post: 643:       DEBUG:    [Calling Bot API endpoint `sendDocument` with parameters `{'chat_id': '-4119703192', 'document': <telegram._files.inputfile.InputFile object at 0x7fd7af746c80>}`]
[2025-01-20 11:39:23,797]: [_trace.py]: atrace: 87:       DEBUG:    [send_request_headers.started request=<Request [b'POST']>]
[2025-01-20 11:39:23,797]: [_trace.py]: atrace: 87:       DEBUG:    [send_request_headers.complete]
[2025-01-20 11:39:23,797]: [_trace.py]: atrace: 87:       DEBUG:    [send_request_body.started request=<Request [b'POST']>]
[2025-01-20 11:39:24,829]: [_trace.py]: atrace: 87:       DEBUG:    [send_request_body.complete]
[2025-01-20 11:39:24,830]: [_trace.py]: atrace: 87:       DEBUG:    [receive_response_headers.started request=<Request [b'POST']>]
[2025-01-20 11:39:25,645]: [_trace.py]: atrace: 87:       DEBUG:    [receive_response_headers.complete return_value=(b'HTTP/1.1', 200, b'OK', [(b'Server', b'nginx/1.18.0'), (b'Date', b'Mon, 20 Jan 2025 11:39:25 GMT'), (b'Content-Type', b'application/json'), (b'Content-Length', b'478'), (b'Connection', b'keep-alive'), (b'Strict-Transport-Security', b'max-age=31536000; includeSubDomains; preload'), (b'Access-Control-Allow-Origin', b'*'), (b'Access-Control-Allow-Methods', b'GET, POST, OPTIONS'), (b'Access-Control-Expose-Headers', b'Content-Length,Content-Type,Date,Server,Connection')])]
[2025-01-20 11:39:25,645]: [_client.py]: _send_single_request: 1740:       INFO:    [HTTP Request: POST https://api.telegram.org/bot6030805959:AAGUHAMxLYc-PrevgKouJ3ZyM7ktu56ftjo/sendDocument "HTTP/1.1 200 OK"]
[2025-01-20 11:39:25,646]: [_trace.py]: atrace: 87:       DEBUG:    [receive_response_body.started request=<Request [b'POST']>]
[2025-01-20 11:39:25,646]: [_trace.py]: atrace: 87:       DEBUG:    [receive_response_body.complete]
[2025-01-20 11:39:25,646]: [_trace.py]: atrace: 87:       DEBUG:    [response_closed.started]
[2025-01-20 11:39:25,646]: [_trace.py]: atrace: 87:       DEBUG:    [response_closed.complete]
[2025-01-20 11:39:25,646]: [_bot.py]: _do_post: 652:       DEBUG:    [Call to Bot API endpoint `sendDocument` finished with return value `{'message_id': 2124, 'from': {'id': 6030805959, 'is_bot': True, 'first_name': 'TyPHoone', 'username': 'TyPHoone_Project_bot'}, 'chat': {'id': -4119703192, 'title': 'Robocop', 'type': 'group', 'all_members_are_administrators': True}, 'date': 1737373165, 'document': {'file_name': '(2025_01_20--11_39)output.zip', 'mime_type': 'application/zip', 'file_id': 'BQACAgQAAxkDAAIITGeONe14ktWHjE5Op5sq6NnlEIUxAAI5GQACD6h4UHdIijluFBJcNgQ', 'file_unique_id': 'AgADORkAAg-oeFA', 'file_size': 9797791}}`]
[2025-01-20 11:39:25,646]: [_trace.py]: atrace: 87:       DEBUG:    [close.started]
[2025-01-20 11:39:25,647]: [_trace.py]: atrace: 87:       DEBUG:    [close.complete]
[2025-01-20 11:39:25,647]: [Telegram_Sender.py]: runner: 61:       INFO:    [sent successfully]
[2025-01-20 11:39:25,647]: [Main.py]: <module>: 48:       INFO:    [Finished]
