[2024-09-27 11:39:07,429]: [Main.py]: <module>: 21:       INFO:    [Started]
[2024-09-27 11:39:09,456]: [Iron_Scraper.py]: Scrap: 32:       INFO:    [Data Scaraped Successfully]
[2024-09-27 11:39:09,641]: [Iron_Scraper.py]: Scrap: 70:       INFO:    [Scrapped Data Has No Problem]
[2024-09-27 11:39:09,641]: [Iron_Scraper.py]: Scrap: 83:       INFO:    [Data Saved Successfully]
[2024-09-27 11:39:09,641]: [Iron.py]: Run: 26:       INFO:    [Scraping Phase Completed]
[2024-09-27 11:39:09,642]: [Iron_Data_Processor.py]: Data_Reader: 61:       INFO:    [Data File Has Been Red Successfully]
[2024-09-27 11:39:09,642]: [Iron_Data_Processor.py]: Shaper: 78:       INFO:    [Data Shaped]
[2024-09-27 11:39:09,642]: [Iron_Data_Processor.py]: Process: 228:       INFO:    [Data Cleaned]
[2024-09-27 11:39:09,642]: [Iron_Data_Processor.py]: Make_Pages_Objects: 101:       INFO:    [Page Objects Has Been Made]
[2024-09-27 11:39:09,642]: [Iron_Data_Processor.py]: Make_Pages_Objects: 101:       INFO:    [Page Objects Has Been Made]
[2024-09-27 11:39:09,642]: [Iron_Data_Processor.py]: Load_Data: 118:       INFO:    [Data Has Been Load]
[2024-09-27 11:39:09,642]: [Iron_Data_Processor.py]: Load_Data: 118:       INFO:    [Data Has Been Load]
[2024-09-27 11:39:09,642]: [Iron_Data_Processor.py]: Load_positions: 140:       INFO:    [Positions Are Ready]
[2024-09-27 11:39:09,643]: [Iron_Data_Processor.py]: Load_positions: 140:       INFO:    [Positions Are Ready]
[2024-09-27 11:39:10,763]: [Iron_Data_Processor.py]: Make_Tagged_Images: 193:       INFO:    [Images Has Been Made]
[2024-09-27 11:39:11,720]: [Iron_Data_Processor.py]: Make_Tagged_Images: 193:       INFO:    [Images Has Been Made]
[2024-09-27 11:39:11,977]: [Iron_Data_Processor.py]: Make_Cover_Page: 215:       INFO:    [Made Cover Pages]
[2024-09-27 11:39:11,977]: [Iron.py]: Run: 29:       INFO:    [Imagination Phase Completed]
[2024-09-27 11:39:16,580]: [Phone_Scraper.py]: Scrap: 58:       INFO:    [Data Scraped]
[2024-09-27 11:39:16,581]: [Phone_Scraper.py]: Scrap: 71:       INFO:    [Scraped Data Successfully]
[2024-09-27 11:39:16,581]: [Phone.py]: Run: 26:       INFO:    [Scraping Phase Complete]
[2024-09-27 11:39:16,581]: [Phone_Data_Processor.py]: data_reader: 38:       INFO:    [Scraped Data Loaded]
[2024-09-27 11:39:16,582]: [Phone_Data_Processor.py]: filter_list: 65:       INFO:    [Persian Phrases Are deleted]
[2024-09-27 11:39:16,583]: [Phone_Data_Processor.py]: reshape_list: 87:       INFO:    [Date Reshaped]
[2024-09-27 11:39:16,583]: [Phone_Data_Processor.py]: separate_brands: 124:       INFO:    [Brands Are Separated]
[2024-09-27 11:39:16,584]: [Phone_Data_Processor.py]: delete_extra_spaces: 141:       INFO:    [Extra Spaces Are Deleted]
[2024-09-27 11:39:17,356]: [Phone.py]: Run: 29:       INFO:    [Imagination Phase Complete]
[2024-09-27 11:39:17,357]: [selector_events.py]: __init__: 64:       DEBUG:    [Using selector: EpollSelector]
[2024-09-27 11:39:17,693]: [_bot.py]: _do_post: 643:       DEBUG:    [Calling Bot API endpoint `getMe` with parameters `{}`]
[2024-09-27 11:39:17,699]: [_trace.py]: atrace: 85:       DEBUG:    [connect_tcp.started host='api.telegram.org' port=443 local_address=None timeout=5.0 socket_options=None]
[2024-09-27 11:39:17,949]: [_trace.py]: atrace: 85:       DEBUG:    [connect_tcp.complete return_value=<httpcore._backends.anyio.AnyIOStream object at 0x7f648a9a0230>]
[2024-09-27 11:39:17,949]: [_trace.py]: atrace: 85:       DEBUG:    [start_tls.started ssl_context=<ssl.SSLContext object at 0x7f648ad1bad0> server_hostname='api.telegram.org' timeout=5.0]
[2024-09-27 11:39:18,107]: [_trace.py]: atrace: 85:       DEBUG:    [start_tls.complete return_value=<httpcore._backends.anyio.AnyIOStream object at 0x7f648b598680>]
[2024-09-27 11:39:18,107]: [_trace.py]: atrace: 85:       DEBUG:    [send_request_headers.started request=<Request [b'POST']>]
[2024-09-27 11:39:18,107]: [_trace.py]: atrace: 85:       DEBUG:    [send_request_headers.complete]
[2024-09-27 11:39:18,108]: [_trace.py]: atrace: 85:       DEBUG:    [send_request_body.started request=<Request [b'POST']>]
[2024-09-27 11:39:18,108]: [_trace.py]: atrace: 85:       DEBUG:    [send_request_body.complete]
[2024-09-27 11:39:18,108]: [_trace.py]: atrace: 85:       DEBUG:    [receive_response_headers.started request=<Request [b'POST']>]
[2024-09-27 11:39:18,264]: [_trace.py]: atrace: 85:       DEBUG:    [receive_response_headers.complete return_value=(b'HTTP/1.1', 200, b'OK', [(b'Server', b'nginx/1.18.0'), (b'Date', b'Fri, 27 Sep 2024 11:39:18 GMT'), (b'Content-Type', b'application/json'), (b'Content-Length', b'258'), (b'Connection', b'keep-alive'), (b'Strict-Transport-Security', b'max-age=31536000; includeSubDomains; preload'), (b'Access-Control-Allow-Origin', b'*'), (b'Access-Control-Allow-Methods', b'GET, POST, OPTIONS'), (b'Access-Control-Expose-Headers', b'Content-Length,Content-Type,Date,Server,Connection')])]
[2024-09-27 11:39:18,264]: [_client.py]: _send_single_request: 1786:       INFO:    [HTTP Request: POST https://api.telegram.org/bot6030805959:AAGUHAMxLYc-PrevgKouJ3ZyM7ktu56ftjo/getMe "HTTP/1.1 200 OK"]
[2024-09-27 11:39:18,264]: [_trace.py]: atrace: 85:       DEBUG:    [receive_response_body.started request=<Request [b'POST']>]
[2024-09-27 11:39:18,264]: [_trace.py]: atrace: 85:       DEBUG:    [receive_response_body.complete]
[2024-09-27 11:39:18,264]: [_trace.py]: atrace: 85:       DEBUG:    [response_closed.started]
[2024-09-27 11:39:18,264]: [_trace.py]: atrace: 85:       DEBUG:    [response_closed.complete]
[2024-09-27 11:39:18,265]: [_bot.py]: _do_post: 652:       DEBUG:    [Call to Bot API endpoint `getMe` finished with return value `{'id': 6030805959, 'is_bot': True, 'first_name': 'TyPHoone', 'username': 'TyPHoone_Project_bot', 'can_join_groups': True, 'can_read_all_group_messages': False, 'supports_inline_queries': False, 'can_connect_to_business': False, 'has_main_web_app': False}`]
[2024-09-27 11:39:18,268]: [_bot.py]: _do_post: 643:       DEBUG:    [Calling Bot API endpoint `sendDocument` with parameters `{'chat_id': '-4119703192', 'document': <telegram._files.inputfile.InputFile object at 0x7f648a4d4e80>}`]
[2024-09-27 11:39:18,268]: [_trace.py]: atrace: 85:       DEBUG:    [send_request_headers.started request=<Request [b'POST']>]
[2024-09-27 11:39:18,269]: [_trace.py]: atrace: 85:       DEBUG:    [send_request_headers.complete]
[2024-09-27 11:39:18,269]: [_trace.py]: atrace: 85:       DEBUG:    [send_request_body.started request=<Request [b'POST']>]
[2024-09-27 11:39:18,269]: [_trace.py]: atrace: 85:       DEBUG:    [send_request_body.complete]
[2024-09-27 11:39:18,269]: [_trace.py]: atrace: 85:       DEBUG:    [receive_response_headers.started request=<Request [b'POST']>]
[2024-09-27 11:39:18,470]: [_trace.py]: atrace: 85:       DEBUG:    [receive_response_headers.complete return_value=(b'HTTP/1.1', 200, b'OK', [(b'Server', b'nginx/1.18.0'), (b'Date', b'Fri, 27 Sep 2024 11:39:18 GMT'), (b'Content-Type', b'application/json'), (b'Content-Length', b'464'), (b'Connection', b'keep-alive'), (b'Strict-Transport-Security', b'max-age=31536000; includeSubDomains; preload'), (b'Access-Control-Allow-Origin', b'*'), (b'Access-Control-Allow-Methods', b'GET, POST, OPTIONS'), (b'Access-Control-Expose-Headers', b'Content-Length,Content-Type,Date,Server,Connection')])]
[2024-09-27 11:39:18,471]: [_client.py]: _send_single_request: 1786:       INFO:    [HTTP Request: POST https://api.telegram.org/bot6030805959:AAGUHAMxLYc-PrevgKouJ3ZyM7ktu56ftjo/sendDocument "HTTP/1.1 200 OK"]
[2024-09-27 11:39:18,471]: [_trace.py]: atrace: 85:       DEBUG:    [receive_response_body.started request=<Request [b'POST']>]
[2024-09-27 11:39:18,471]: [_trace.py]: atrace: 85:       DEBUG:    [receive_response_body.complete]
[2024-09-27 11:39:18,471]: [_trace.py]: atrace: 85:       DEBUG:    [response_closed.started]
[2024-09-27 11:39:18,471]: [_trace.py]: atrace: 85:       DEBUG:    [response_closed.complete]
[2024-09-27 11:39:18,471]: [_bot.py]: _do_post: 652:       DEBUG:    [Call to Bot API endpoint `sendDocument` finished with return value `{'message_id': 1891, 'from': {'id': 6030805959, 'is_bot': True, 'first_name': 'TyPHoone', 'username': 'TyPHoone_Project_bot'}, 'chat': {'id': -4119703192, 'title': 'Robocop', 'type': 'group', 'all_members_are_administrators': True}, 'date': 1727437158, 'document': {'file_name': '(2024_09_27--11_39).log', 'mime_type': 'text/plain', 'file_id': 'BQACAgQAAxkDAAIHY2b2mWY_K3-1pv19vpPocObKPX5JAAJ8FQACLWGxUynfw9JeMvIBNgQ', 'file_unique_id': 'AgADfBUAAi1hsVM', 'file_size': 5937}}`]
[2024-09-27 11:39:18,472]: [_trace.py]: atrace: 85:       DEBUG:    [close.started]
[2024-09-27 11:39:18,472]: [_trace.py]: atrace: 85:       DEBUG:    [close.complete]
[2024-09-27 11:39:18,472]: [_config.py]: load_ssl_context: 82:       DEBUG:    [load_ssl_context verify=True cert=None trust_env=True http2=False]
[2024-09-27 11:39:18,472]: [_config.py]: load_ssl_context_verify: 148:       DEBUG:    [load_verify_locations cafile='/opt/hostedtoolcache/Python/3.12.6/x64/lib/python3.12/site-packages/certifi/cacert.pem']
[2024-09-27 11:39:18,501]: [_config.py]: load_ssl_context: 82:       DEBUG:    [load_ssl_context verify=True cert=None trust_env=True http2=False]
[2024-09-27 11:39:18,501]: [_config.py]: load_ssl_context_verify: 148:       DEBUG:    [load_verify_locations cafile='/opt/hostedtoolcache/Python/3.12.6/x64/lib/python3.12/site-packages/certifi/cacert.pem']
[2024-09-27 11:39:18,530]: [_bot.py]: _do_post: 643:       DEBUG:    [Calling Bot API endpoint `getMe` with parameters `{}`]
[2024-09-27 11:39:18,530]: [_trace.py]: atrace: 85:       DEBUG:    [connect_tcp.started host='api.telegram.org' port=443 local_address=None timeout=5.0 socket_options=None]
[2024-09-27 11:39:18,683]: [_trace.py]: atrace: 85:       DEBUG:    [connect_tcp.complete return_value=<httpcore._backends.anyio.AnyIOStream object at 0x7f648a36a390>]
[2024-09-27 11:39:18,683]: [_trace.py]: atrace: 85:       DEBUG:    [start_tls.started ssl_context=<ssl.SSLContext object at 0x7f648ad1b8d0> server_hostname='api.telegram.org' timeout=5.0]
[2024-09-27 11:39:18,838]: [_trace.py]: atrace: 85:       DEBUG:    [start_tls.complete return_value=<httpcore._backends.anyio.AnyIOStream object at 0x7f648b7692b0>]
[2024-09-27 11:39:18,838]: [_trace.py]: atrace: 85:       DEBUG:    [send_request_headers.started request=<Request [b'POST']>]
[2024-09-27 11:39:18,838]: [_trace.py]: atrace: 85:       DEBUG:    [send_request_headers.complete]
[2024-09-27 11:39:18,838]: [_trace.py]: atrace: 85:       DEBUG:    [send_request_body.started request=<Request [b'POST']>]
[2024-09-27 11:39:18,838]: [_trace.py]: atrace: 85:       DEBUG:    [send_request_body.complete]
[2024-09-27 11:39:18,839]: [_trace.py]: atrace: 85:       DEBUG:    [receive_response_headers.started request=<Request [b'POST']>]
[2024-09-27 11:39:18,991]: [_trace.py]: atrace: 85:       DEBUG:    [receive_response_headers.complete return_value=(b'HTTP/1.1', 200, b'OK', [(b'Server', b'nginx/1.18.0'), (b'Date', b'Fri, 27 Sep 2024 11:39:18 GMT'), (b'Content-Type', b'application/json'), (b'Content-Length', b'258'), (b'Connection', b'keep-alive'), (b'Strict-Transport-Security', b'max-age=31536000; includeSubDomains; preload'), (b'Access-Control-Allow-Origin', b'*'), (b'Access-Control-Allow-Methods', b'GET, POST, OPTIONS'), (b'Access-Control-Expose-Headers', b'Content-Length,Content-Type,Date,Server,Connection')])]
[2024-09-27 11:39:18,992]: [_client.py]: _send_single_request: 1786:       INFO:    [HTTP Request: POST https://api.telegram.org/bot6030805959:AAGUHAMxLYc-PrevgKouJ3ZyM7ktu56ftjo/getMe "HTTP/1.1 200 OK"]
[2024-09-27 11:39:18,992]: [_trace.py]: atrace: 85:       DEBUG:    [receive_response_body.started request=<Request [b'POST']>]
[2024-09-27 11:39:18,992]: [_trace.py]: atrace: 85:       DEBUG:    [receive_response_body.complete]
[2024-09-27 11:39:18,992]: [_trace.py]: atrace: 85:       DEBUG:    [response_closed.started]
[2024-09-27 11:39:18,992]: [_trace.py]: atrace: 85:       DEBUG:    [response_closed.complete]
[2024-09-27 11:39:18,992]: [_bot.py]: _do_post: 652:       DEBUG:    [Call to Bot API endpoint `getMe` finished with return value `{'id': 6030805959, 'is_bot': True, 'first_name': 'TyPHoone', 'username': 'TyPHoone_Project_bot', 'can_join_groups': True, 'can_read_all_group_messages': False, 'supports_inline_queries': False, 'can_connect_to_business': False, 'has_main_web_app': False}`]
[2024-09-27 11:39:18,995]: [_bot.py]: _do_post: 643:       DEBUG:    [Calling Bot API endpoint `sendDocument` with parameters `{'chat_id': '-4119703192', 'document': <telegram._files.inputfile.InputFile object at 0x7f648a4d49c0>}`]
[2024-09-27 11:39:18,995]: [_trace.py]: atrace: 85:       DEBUG:    [send_request_headers.started request=<Request [b'POST']>]
[2024-09-27 11:39:18,996]: [_trace.py]: atrace: 85:       DEBUG:    [send_request_headers.complete]
[2024-09-27 11:39:18,996]: [_trace.py]: atrace: 85:       DEBUG:    [send_request_body.started request=<Request [b'POST']>]
[2024-09-27 11:39:20,533]: [_trace.py]: atrace: 85:       DEBUG:    [send_request_body.complete]
[2024-09-27 11:39:20,533]: [_trace.py]: atrace: 85:       DEBUG:    [receive_response_headers.started request=<Request [b'POST']>]
[2024-09-27 11:39:21,440]: [_trace.py]: atrace: 85:       DEBUG:    [receive_response_headers.complete return_value=(b'HTTP/1.1', 200, b'OK', [(b'Server', b'nginx/1.18.0'), (b'Date', b'Fri, 27 Sep 2024 11:39:21 GMT'), (b'Content-Type', b'application/json'), (b'Content-Length', b'479'), (b'Connection', b'keep-alive'), (b'Strict-Transport-Security', b'max-age=31536000; includeSubDomains; preload'), (b'Access-Control-Allow-Origin', b'*'), (b'Access-Control-Allow-Methods', b'GET, POST, OPTIONS'), (b'Access-Control-Expose-Headers', b'Content-Length,Content-Type,Date,Server,Connection')])]
[2024-09-27 11:39:21,441]: [_client.py]: _send_single_request: 1786:       INFO:    [HTTP Request: POST https://api.telegram.org/bot6030805959:AAGUHAMxLYc-PrevgKouJ3ZyM7ktu56ftjo/sendDocument "HTTP/1.1 200 OK"]
[2024-09-27 11:39:21,441]: [_trace.py]: atrace: 85:       DEBUG:    [receive_response_body.started request=<Request [b'POST']>]
[2024-09-27 11:39:21,441]: [_trace.py]: atrace: 85:       DEBUG:    [receive_response_body.complete]
[2024-09-27 11:39:21,441]: [_trace.py]: atrace: 85:       DEBUG:    [response_closed.started]
[2024-09-27 11:39:21,441]: [_trace.py]: atrace: 85:       DEBUG:    [response_closed.complete]
[2024-09-27 11:39:21,441]: [_bot.py]: _do_post: 652:       DEBUG:    [Call to Bot API endpoint `sendDocument` finished with return value `{'message_id': 1892, 'from': {'id': 6030805959, 'is_bot': True, 'first_name': 'TyPHoone', 'username': 'TyPHoone_Project_bot'}, 'chat': {'id': -4119703192, 'title': 'Robocop', 'type': 'group', 'all_members_are_administrators': True}, 'date': 1727437161, 'document': {'file_name': '(2024_09_27--11_39)output.zip', 'mime_type': 'application/zip', 'file_id': 'BQACAgQAAxkDAAIHZGb2mWjrgqNbKTBKg82ew4wyUBqhAAJ9FQACLWGxUx1zbcYXTDmRNgQ', 'file_unique_id': 'AgADfRUAAi1hsVM', 'file_size': 10206282}}`]
[2024-09-27 11:39:21,442]: [_trace.py]: atrace: 85:       DEBUG:    [close.started]
[2024-09-27 11:39:21,442]: [_trace.py]: atrace: 85:       DEBUG:    [close.complete]
[2024-09-27 11:39:21,442]: [Telegram_Sender.py]: runner: 61:       INFO:    [sent successfully]
[2024-09-27 11:39:21,443]: [Main.py]: <module>: 48:       INFO:    [Finished]
