[2025-03-24 11:38:13,925]: [Main.py]: <module>: 21:       INFO:    [Started]
[2025-03-24 11:38:15,843]: [Iron_Scraper.py]: Scrap: 32:       INFO:    [Data Scaraped Successfully]
[2025-03-24 11:38:16,042]: [Iron_Scraper.py]: Scrap: 70:       INFO:    [Scrapped Data Has No Problem]
[2025-03-24 11:38:16,042]: [Iron_Scraper.py]: Scrap: 83:       INFO:    [Data Saved Successfully]
[2025-03-24 11:38:16,042]: [Iron.py]: Run: 26:       INFO:    [Scraping Phase Completed]
[2025-03-24 11:38:16,042]: [Iron_Data_Processor.py]: Data_Reader: 61:       INFO:    [Data File Has Been Red Successfully]
[2025-03-24 11:38:16,043]: [Iron_Data_Processor.py]: Shaper: 78:       INFO:    [Data Shaped]
[2025-03-24 11:38:16,043]: [Iron_Data_Processor.py]: Process: 228:       INFO:    [Data Cleaned]
[2025-03-24 11:38:16,043]: [Iron_Data_Processor.py]: Make_Pages_Objects: 101:       INFO:    [Page Objects Has Been Made]
[2025-03-24 11:38:16,043]: [Iron_Data_Processor.py]: Make_Pages_Objects: 101:       INFO:    [Page Objects Has Been Made]
[2025-03-24 11:38:16,043]: [Iron_Data_Processor.py]: Load_Data: 118:       INFO:    [Data Has Been Load]
[2025-03-24 11:38:16,043]: [Iron_Data_Processor.py]: Load_Data: 118:       INFO:    [Data Has Been Load]
[2025-03-24 11:38:16,043]: [Iron_Data_Processor.py]: Load_positions: 140:       INFO:    [Positions Are Ready]
[2025-03-24 11:38:16,043]: [Iron_Data_Processor.py]: Load_positions: 140:       INFO:    [Positions Are Ready]
[2025-03-24 11:38:17,160]: [Iron_Data_Processor.py]: Make_Tagged_Images: 193:       INFO:    [Images Has Been Made]
[2025-03-24 11:38:18,103]: [Iron_Data_Processor.py]: Make_Tagged_Images: 193:       INFO:    [Images Has Been Made]
[2025-03-24 11:38:18,358]: [Iron_Data_Processor.py]: Make_Cover_Page: 215:       INFO:    [Made Cover Pages]
[2025-03-24 11:38:18,358]: [Iron.py]: Run: 29:       INFO:    [Imagination Phase Completed]
[2025-03-24 11:38:21,912]: [Phone_Scraper.py]: Scrap: 58:       INFO:    [Data Scraped]
[2025-03-24 11:38:21,912]: [Phone_Scraper.py]: Scrap: 71:       INFO:    [Scraped Data Successfully]
[2025-03-24 11:38:21,912]: [Phone.py]: Run: 26:       INFO:    [Scraping Phase Complete]
[2025-03-24 11:38:21,913]: [Phone_Data_Processor.py]: data_reader: 38:       INFO:    [Scraped Data Loaded]
[2025-03-24 11:38:21,913]: [Phone_Data_Processor.py]: filter_list: 65:       INFO:    [Persian Phrases Are deleted]
[2025-03-24 11:38:21,914]: [Phone_Data_Processor.py]: reshape_list: 87:       INFO:    [Date Reshaped]
[2025-03-24 11:38:21,914]: [Phone_Data_Processor.py]: separate_brands: 124:       INFO:    [Brands Are Separated]
[2025-03-24 11:38:21,915]: [Phone_Data_Processor.py]: delete_extra_spaces: 141:       INFO:    [Extra Spaces Are Deleted]
[2025-03-24 11:38:22,664]: [Phone.py]: Run: 29:       INFO:    [Imagination Phase Complete]
[2025-03-24 11:38:22,664]: [selector_events.py]: __init__: 64:       DEBUG:    [Using selector: EpollSelector]
[2025-03-24 11:38:22,943]: [_bot.py]: _do_post: 643:       DEBUG:    [Calling Bot API endpoint `getMe` with parameters `{}`]
[2025-03-24 11:38:22,947]: [_trace.py]: atrace: 87:       DEBUG:    [connect_tcp.started host='api.telegram.org' port=443 local_address=None timeout=5.0 socket_options=None]
[2025-03-24 11:38:23,236]: [_trace.py]: atrace: 87:       DEBUG:    [connect_tcp.complete return_value=<httpcore._backends.anyio.AnyIOStream object at 0x7fcb530de840>]
[2025-03-24 11:38:23,236]: [_trace.py]: atrace: 87:       DEBUG:    [start_tls.started ssl_context=<ssl.SSLContext object at 0x7fcb5273fbd0> server_hostname='api.telegram.org' timeout=5.0]
[2025-03-24 11:38:23,387]: [_trace.py]: atrace: 87:       DEBUG:    [start_tls.complete return_value=<httpcore._backends.anyio.AnyIOStream object at 0x7fcb5c74d070>]
[2025-03-24 11:38:23,387]: [_trace.py]: atrace: 87:       DEBUG:    [send_request_headers.started request=<Request [b'POST']>]
[2025-03-24 11:38:23,387]: [_trace.py]: atrace: 87:       DEBUG:    [send_request_headers.complete]
[2025-03-24 11:38:23,387]: [_trace.py]: atrace: 87:       DEBUG:    [send_request_body.started request=<Request [b'POST']>]
[2025-03-24 11:38:23,387]: [_trace.py]: atrace: 87:       DEBUG:    [send_request_body.complete]
[2025-03-24 11:38:23,387]: [_trace.py]: atrace: 87:       DEBUG:    [receive_response_headers.started request=<Request [b'POST']>]
[2025-03-24 11:38:23,536]: [_trace.py]: atrace: 87:       DEBUG:    [receive_response_headers.complete return_value=(b'HTTP/1.1', 200, b'OK', [(b'Server', b'nginx/1.18.0'), (b'Date', b'Mon, 24 Mar 2025 11:38:23 GMT'), (b'Content-Type', b'application/json'), (b'Content-Length', b'258'), (b'Connection', b'keep-alive'), (b'Strict-Transport-Security', b'max-age=31536000; includeSubDomains; preload'), (b'Access-Control-Allow-Origin', b'*'), (b'Access-Control-Allow-Methods', b'GET, POST, OPTIONS'), (b'Access-Control-Expose-Headers', b'Content-Length,Content-Type,Date,Server,Connection')])]
[2025-03-24 11:38:23,537]: [_client.py]: _send_single_request: 1740:       INFO:    [HTTP Request: POST https://api.telegram.org/bot6030805959:AAGUHAMxLYc-PrevgKouJ3ZyM7ktu56ftjo/getMe "HTTP/1.1 200 OK"]
[2025-03-24 11:38:23,537]: [_trace.py]: atrace: 87:       DEBUG:    [receive_response_body.started request=<Request [b'POST']>]
[2025-03-24 11:38:23,537]: [_trace.py]: atrace: 87:       DEBUG:    [receive_response_body.complete]
[2025-03-24 11:38:23,537]: [_trace.py]: atrace: 87:       DEBUG:    [response_closed.started]
[2025-03-24 11:38:23,537]: [_trace.py]: atrace: 87:       DEBUG:    [response_closed.complete]
[2025-03-24 11:38:23,537]: [_bot.py]: _do_post: 652:       DEBUG:    [Call to Bot API endpoint `getMe` finished with return value `{'id': 6030805959, 'is_bot': True, 'first_name': 'TyPHoone', 'username': 'TyPHoone_Project_bot', 'can_join_groups': True, 'can_read_all_group_messages': False, 'supports_inline_queries': False, 'can_connect_to_business': False, 'has_main_web_app': False}`]
[2025-03-24 11:38:23,540]: [_bot.py]: _do_post: 643:       DEBUG:    [Calling Bot API endpoint `sendDocument` with parameters `{'chat_id': '-4119703192', 'document': <telegram._files.inputfile.InputFile object at 0x7fcb51d43340>}`]
[2025-03-24 11:38:23,541]: [_trace.py]: atrace: 87:       DEBUG:    [send_request_headers.started request=<Request [b'POST']>]
[2025-03-24 11:38:23,541]: [_trace.py]: atrace: 87:       DEBUG:    [send_request_headers.complete]
[2025-03-24 11:38:23,541]: [_trace.py]: atrace: 87:       DEBUG:    [send_request_body.started request=<Request [b'POST']>]
[2025-03-24 11:38:23,541]: [_trace.py]: atrace: 87:       DEBUG:    [send_request_body.complete]
[2025-03-24 11:38:23,541]: [_trace.py]: atrace: 87:       DEBUG:    [receive_response_headers.started request=<Request [b'POST']>]
[2025-03-24 11:38:23,889]: [_trace.py]: atrace: 87:       DEBUG:    [receive_response_headers.complete return_value=(b'HTTP/1.1', 200, b'OK', [(b'Server', b'nginx/1.18.0'), (b'Date', b'Mon, 24 Mar 2025 11:38:23 GMT'), (b'Content-Type', b'application/json'), (b'Content-Length', b'464'), (b'Connection', b'keep-alive'), (b'Strict-Transport-Security', b'max-age=31536000; includeSubDomains; preload'), (b'Access-Control-Allow-Origin', b'*'), (b'Access-Control-Allow-Methods', b'GET, POST, OPTIONS'), (b'Access-Control-Expose-Headers', b'Content-Length,Content-Type,Date,Server,Connection')])]
[2025-03-24 11:38:23,889]: [_client.py]: _send_single_request: 1740:       INFO:    [HTTP Request: POST https://api.telegram.org/bot6030805959:AAGUHAMxLYc-PrevgKouJ3ZyM7ktu56ftjo/sendDocument "HTTP/1.1 200 OK"]
[2025-03-24 11:38:23,889]: [_trace.py]: atrace: 87:       DEBUG:    [receive_response_body.started request=<Request [b'POST']>]
[2025-03-24 11:38:23,890]: [_trace.py]: atrace: 87:       DEBUG:    [receive_response_body.complete]
[2025-03-24 11:38:23,890]: [_trace.py]: atrace: 87:       DEBUG:    [response_closed.started]
[2025-03-24 11:38:23,890]: [_trace.py]: atrace: 87:       DEBUG:    [response_closed.complete]
[2025-03-24 11:38:23,890]: [_bot.py]: _do_post: 652:       DEBUG:    [Call to Bot API endpoint `sendDocument` finished with return value `{'message_id': 2251, 'from': {'id': 6030805959, 'is_bot': True, 'first_name': 'TyPHoone', 'username': 'TyPHoone_Project_bot'}, 'chat': {'id': -4119703192, 'title': 'Robocop', 'type': 'group', 'all_members_are_administrators': True}, 'date': 1742816303, 'document': {'file_name': '(2025_03_24--11_38).log', 'mime_type': 'text/plain', 'file_id': 'BQACAgQAAxkDAAIIy2fhRC8mPNW03TkGPR1HXbNOv-LOAAKrHAACBAcIUxYT_FmZM-oXNgQ', 'file_unique_id': 'AgADqxwAAgQHCFM', 'file_size': 5937}}`]
[2025-03-24 11:38:23,890]: [_trace.py]: atrace: 87:       DEBUG:    [close.started]
[2025-03-24 11:38:23,890]: [_trace.py]: atrace: 87:       DEBUG:    [close.complete]
[2025-03-24 11:38:23,935]: [_bot.py]: _do_post: 643:       DEBUG:    [Calling Bot API endpoint `getMe` with parameters `{}`]
[2025-03-24 11:38:23,936]: [_trace.py]: atrace: 87:       DEBUG:    [connect_tcp.started host='api.telegram.org' port=443 local_address=None timeout=5.0 socket_options=None]
[2025-03-24 11:38:24,086]: [_trace.py]: atrace: 87:       DEBUG:    [connect_tcp.complete return_value=<httpcore._backends.anyio.AnyIOStream object at 0x7fcb51d87d70>]
[2025-03-24 11:38:24,086]: [_trace.py]: atrace: 87:       DEBUG:    [start_tls.started ssl_context=<ssl.SSLContext object at 0x7fcb5273f9d0> server_hostname='api.telegram.org' timeout=5.0]
[2025-03-24 11:38:24,236]: [_trace.py]: atrace: 87:       DEBUG:    [start_tls.complete return_value=<httpcore._backends.anyio.AnyIOStream object at 0x7fcb5c72fe60>]
[2025-03-24 11:38:24,237]: [_trace.py]: atrace: 87:       DEBUG:    [send_request_headers.started request=<Request [b'POST']>]
[2025-03-24 11:38:24,237]: [_trace.py]: atrace: 87:       DEBUG:    [send_request_headers.complete]
[2025-03-24 11:38:24,237]: [_trace.py]: atrace: 87:       DEBUG:    [send_request_body.started request=<Request [b'POST']>]
[2025-03-24 11:38:24,237]: [_trace.py]: atrace: 87:       DEBUG:    [send_request_body.complete]
[2025-03-24 11:38:24,237]: [_trace.py]: atrace: 87:       DEBUG:    [receive_response_headers.started request=<Request [b'POST']>]
[2025-03-24 11:38:24,387]: [_trace.py]: atrace: 87:       DEBUG:    [receive_response_headers.complete return_value=(b'HTTP/1.1', 200, b'OK', [(b'Server', b'nginx/1.18.0'), (b'Date', b'Mon, 24 Mar 2025 11:38:24 GMT'), (b'Content-Type', b'application/json'), (b'Content-Length', b'258'), (b'Connection', b'keep-alive'), (b'Strict-Transport-Security', b'max-age=31536000; includeSubDomains; preload'), (b'Access-Control-Allow-Origin', b'*'), (b'Access-Control-Allow-Methods', b'GET, POST, OPTIONS'), (b'Access-Control-Expose-Headers', b'Content-Length,Content-Type,Date,Server,Connection')])]
[2025-03-24 11:38:24,387]: [_client.py]: _send_single_request: 1740:       INFO:    [HTTP Request: POST https://api.telegram.org/bot6030805959:AAGUHAMxLYc-PrevgKouJ3ZyM7ktu56ftjo/getMe "HTTP/1.1 200 OK"]
[2025-03-24 11:38:24,387]: [_trace.py]: atrace: 87:       DEBUG:    [receive_response_body.started request=<Request [b'POST']>]
[2025-03-24 11:38:24,387]: [_trace.py]: atrace: 87:       DEBUG:    [receive_response_body.complete]
[2025-03-24 11:38:24,387]: [_trace.py]: atrace: 87:       DEBUG:    [response_closed.started]
[2025-03-24 11:38:24,387]: [_trace.py]: atrace: 87:       DEBUG:    [response_closed.complete]
[2025-03-24 11:38:24,387]: [_bot.py]: _do_post: 652:       DEBUG:    [Call to Bot API endpoint `getMe` finished with return value `{'id': 6030805959, 'is_bot': True, 'first_name': 'TyPHoone', 'username': 'TyPHoone_Project_bot', 'can_join_groups': True, 'can_read_all_group_messages': False, 'supports_inline_queries': False, 'can_connect_to_business': False, 'has_main_web_app': False}`]
[2025-03-24 11:38:24,390]: [_bot.py]: _do_post: 643:       DEBUG:    [Calling Bot API endpoint `sendDocument` with parameters `{'chat_id': '-4119703192', 'document': <telegram._files.inputfile.InputFile object at 0x7fcb5279e1c0>}`]
[2025-03-24 11:38:24,390]: [_trace.py]: atrace: 87:       DEBUG:    [send_request_headers.started request=<Request [b'POST']>]
[2025-03-24 11:38:24,390]: [_trace.py]: atrace: 87:       DEBUG:    [send_request_headers.complete]
[2025-03-24 11:38:24,390]: [_trace.py]: atrace: 87:       DEBUG:    [send_request_body.started request=<Request [b'POST']>]
[2025-03-24 11:38:25,783]: [_trace.py]: atrace: 87:       DEBUG:    [send_request_body.complete]
[2025-03-24 11:38:25,784]: [_trace.py]: atrace: 87:       DEBUG:    [receive_response_headers.started request=<Request [b'POST']>]
[2025-03-24 11:38:26,855]: [_trace.py]: atrace: 87:       DEBUG:    [receive_response_headers.complete return_value=(b'HTTP/1.1', 200, b'OK', [(b'Server', b'nginx/1.18.0'), (b'Date', b'Mon, 24 Mar 2025 11:38:26 GMT'), (b'Content-Type', b'application/json'), (b'Content-Length', b'479'), (b'Connection', b'keep-alive'), (b'Strict-Transport-Security', b'max-age=31536000; includeSubDomains; preload'), (b'Access-Control-Allow-Origin', b'*'), (b'Access-Control-Allow-Methods', b'GET, POST, OPTIONS'), (b'Access-Control-Expose-Headers', b'Content-Length,Content-Type,Date,Server,Connection')])]
[2025-03-24 11:38:26,856]: [_client.py]: _send_single_request: 1740:       INFO:    [HTTP Request: POST https://api.telegram.org/bot6030805959:AAGUHAMxLYc-PrevgKouJ3ZyM7ktu56ftjo/sendDocument "HTTP/1.1 200 OK"]
[2025-03-24 11:38:26,856]: [_trace.py]: atrace: 87:       DEBUG:    [receive_response_body.started request=<Request [b'POST']>]
[2025-03-24 11:38:26,856]: [_trace.py]: atrace: 87:       DEBUG:    [receive_response_body.complete]
[2025-03-24 11:38:26,856]: [_trace.py]: atrace: 87:       DEBUG:    [response_closed.started]
[2025-03-24 11:38:26,856]: [_trace.py]: atrace: 87:       DEBUG:    [response_closed.complete]
[2025-03-24 11:38:26,856]: [_bot.py]: _do_post: 652:       DEBUG:    [Call to Bot API endpoint `sendDocument` finished with return value `{'message_id': 2252, 'from': {'id': 6030805959, 'is_bot': True, 'first_name': 'TyPHoone', 'username': 'TyPHoone_Project_bot'}, 'chat': {'id': -4119703192, 'title': 'Robocop', 'type': 'group', 'all_members_are_administrators': True}, 'date': 1742816306, 'document': {'file_name': '(2025_03_24--11_38)output.zip', 'mime_type': 'application/zip', 'file_id': 'BQACAgQAAxkDAAIIzGfhRDKpGiqNkKyDA6-SQF6jksQUAAKsHAACBAcIU0FXv8_6JXlLNgQ', 'file_unique_id': 'AgADrBwAAgQHCFM', 'file_size': 10106691}}`]
[2025-03-24 11:38:26,857]: [_trace.py]: atrace: 87:       DEBUG:    [close.started]
[2025-03-24 11:38:26,857]: [_trace.py]: atrace: 87:       DEBUG:    [close.complete]
[2025-03-24 11:38:26,857]: [Telegram_Sender.py]: runner: 61:       INFO:    [sent successfully]
[2025-03-24 11:38:26,858]: [Main.py]: <module>: 48:       INFO:    [Finished]
