[2025-11-07 11:41:23,187]: [Main.py]: <module>: 21:       INFO:    [Started]
[2025-11-07 11:41:25,085]: [Iron_Scraper.py]: Scrap: 32:       INFO:    [Data Scaraped Successfully]
[2025-11-07 11:41:25,268]: [Iron_Scraper.py]: Scrap: 70:       INFO:    [Scrapped Data Has No Problem]
[2025-11-07 11:41:25,269]: [Iron_Scraper.py]: Scrap: 83:       INFO:    [Data Saved Successfully]
[2025-11-07 11:41:25,269]: [Iron.py]: Run: 26:       INFO:    [Scraping Phase Completed]
[2025-11-07 11:41:25,269]: [Iron_Data_Processor.py]: Data_Reader: 61:       INFO:    [Data File Has Been Red Successfully]
[2025-11-07 11:41:25,269]: [Iron_Data_Processor.py]: Shaper: 78:       INFO:    [Data Shaped]
[2025-11-07 11:41:25,269]: [Iron_Data_Processor.py]: Process: 228:       INFO:    [Data Cleaned]
[2025-11-07 11:41:25,269]: [Iron_Data_Processor.py]: Make_Pages_Objects: 101:       INFO:    [Page Objects Has Been Made]
[2025-11-07 11:41:25,270]: [Iron_Data_Processor.py]: Make_Pages_Objects: 101:       INFO:    [Page Objects Has Been Made]
[2025-11-07 11:41:25,270]: [Iron_Data_Processor.py]: Load_Data: 118:       INFO:    [Data Has Been Load]
[2025-11-07 11:41:25,270]: [Iron_Data_Processor.py]: Load_Data: 118:       INFO:    [Data Has Been Load]
[2025-11-07 11:41:25,270]: [Iron_Data_Processor.py]: Load_positions: 140:       INFO:    [Positions Are Ready]
[2025-11-07 11:41:25,270]: [Iron_Data_Processor.py]: Load_positions: 140:       INFO:    [Positions Are Ready]
[2025-11-07 11:41:26,305]: [Iron_Data_Processor.py]: Make_Tagged_Images: 193:       INFO:    [Images Has Been Made]
[2025-11-07 11:41:27,180]: [Iron_Data_Processor.py]: Make_Tagged_Images: 193:       INFO:    [Images Has Been Made]
[2025-11-07 11:41:27,412]: [Iron_Data_Processor.py]: Make_Cover_Page: 215:       INFO:    [Made Cover Pages]
[2025-11-07 11:41:27,412]: [Iron.py]: Run: 29:       INFO:    [Imagination Phase Completed]
[2025-11-07 11:41:31,543]: [Phone_Scraper.py]: Scrap: 58:       INFO:    [Data Scraped]
[2025-11-07 11:41:31,543]: [Phone_Scraper.py]: Scrap: 71:       INFO:    [Scraped Data Successfully]
[2025-11-07 11:41:31,544]: [Phone.py]: Run: 26:       INFO:    [Scraping Phase Complete]
[2025-11-07 11:41:31,544]: [Phone_Data_Processor.py]: data_reader: 38:       INFO:    [Scraped Data Loaded]
[2025-11-07 11:41:31,545]: [Phone_Data_Processor.py]: filter_list: 65:       INFO:    [Persian Phrases Are deleted]
[2025-11-07 11:41:31,545]: [Phone_Data_Processor.py]: reshape_list: 87:       INFO:    [Date Reshaped]
[2025-11-07 11:41:31,545]: [Phone_Data_Processor.py]: separate_brands: 124:       INFO:    [Brands Are Separated]
[2025-11-07 11:41:31,546]: [Phone_Data_Processor.py]: delete_extra_spaces: 141:       INFO:    [Extra Spaces Are Deleted]
[2025-11-07 11:41:32,255]: [Phone.py]: Run: 29:       INFO:    [Imagination Phase Complete]
[2025-11-07 11:41:32,256]: [selector_events.py]: __init__: 64:       DEBUG:    [Using selector: EpollSelector]
[2025-11-07 11:41:32,537]: [_bot.py]: _do_post: 643:       DEBUG:    [Calling Bot API endpoint `getMe` with parameters `{}`]
[2025-11-07 11:41:32,541]: [_trace.py]: atrace: 87:       DEBUG:    [connect_tcp.started host='api.telegram.org' port=443 local_address=None timeout=5.0 socket_options=None]
[2025-11-07 11:41:32,881]: [_trace.py]: atrace: 87:       DEBUG:    [connect_tcp.complete return_value=<httpcore._backends.anyio.AnyIOStream object at 0x7fec62f827b0>]
[2025-11-07 11:41:32,881]: [_trace.py]: atrace: 87:       DEBUG:    [start_tls.started ssl_context=<ssl.SSLContext object at 0x7fec639b5ed0> server_hostname='api.telegram.org' timeout=5.0]
[2025-11-07 11:41:33,024]: [_trace.py]: atrace: 87:       DEBUG:    [start_tls.complete return_value=<httpcore._backends.anyio.AnyIOStream object at 0x7fec630e3da0>]
[2025-11-07 11:41:33,025]: [_trace.py]: atrace: 87:       DEBUG:    [send_request_headers.started request=<Request [b'POST']>]
[2025-11-07 11:41:33,025]: [_trace.py]: atrace: 87:       DEBUG:    [send_request_headers.complete]
[2025-11-07 11:41:33,025]: [_trace.py]: atrace: 87:       DEBUG:    [send_request_body.started request=<Request [b'POST']>]
[2025-11-07 11:41:33,025]: [_trace.py]: atrace: 87:       DEBUG:    [send_request_body.complete]
[2025-11-07 11:41:33,025]: [_trace.py]: atrace: 87:       DEBUG:    [receive_response_headers.started request=<Request [b'POST']>]
[2025-11-07 11:41:33,168]: [_trace.py]: atrace: 87:       DEBUG:    [receive_response_headers.complete return_value=(b'HTTP/1.1', 200, b'OK', [(b'Server', b'nginx/1.18.0'), (b'Date', b'Fri, 07 Nov 2025 11:41:33 GMT'), (b'Content-Type', b'application/json'), (b'Content-Length', b'258'), (b'Connection', b'keep-alive'), (b'Strict-Transport-Security', b'max-age=31536000; includeSubDomains; preload'), (b'Access-Control-Allow-Origin', b'*'), (b'Access-Control-Allow-Methods', b'GET, POST, OPTIONS'), (b'Access-Control-Expose-Headers', b'Content-Length,Content-Type,Date,Server,Connection')])]
[2025-11-07 11:41:33,169]: [_client.py]: _send_single_request: 1740:       INFO:    [HTTP Request: POST https://api.telegram.org/bot6030805959:AAGUHAMxLYc-PrevgKouJ3ZyM7ktu56ftjo/getMe "HTTP/1.1 200 OK"]
[2025-11-07 11:41:33,169]: [_trace.py]: atrace: 87:       DEBUG:    [receive_response_body.started request=<Request [b'POST']>]
[2025-11-07 11:41:33,169]: [_trace.py]: atrace: 87:       DEBUG:    [receive_response_body.complete]
[2025-11-07 11:41:33,169]: [_trace.py]: atrace: 87:       DEBUG:    [response_closed.started]
[2025-11-07 11:41:33,169]: [_trace.py]: atrace: 87:       DEBUG:    [response_closed.complete]
[2025-11-07 11:41:33,169]: [_bot.py]: _do_post: 652:       DEBUG:    [Call to Bot API endpoint `getMe` finished with return value `{'id': 6030805959, 'is_bot': True, 'first_name': 'TyPHoone', 'username': 'TyPHoone_Project_bot', 'can_join_groups': True, 'can_read_all_group_messages': False, 'supports_inline_queries': False, 'can_connect_to_business': False, 'has_main_web_app': False}`]
[2025-11-07 11:41:33,172]: [_bot.py]: _do_post: 643:       DEBUG:    [Calling Bot API endpoint `sendDocument` with parameters `{'chat_id': '-4119703192', 'document': <telegram._files.inputfile.InputFile object at 0x7fec62f41400>}`]
[2025-11-07 11:41:33,173]: [_trace.py]: atrace: 87:       DEBUG:    [send_request_headers.started request=<Request [b'POST']>]
[2025-11-07 11:41:33,173]: [_trace.py]: atrace: 87:       DEBUG:    [send_request_headers.complete]
[2025-11-07 11:41:33,173]: [_trace.py]: atrace: 87:       DEBUG:    [send_request_body.started request=<Request [b'POST']>]
[2025-11-07 11:41:33,174]: [_trace.py]: atrace: 87:       DEBUG:    [send_request_body.complete]
[2025-11-07 11:41:33,174]: [_trace.py]: atrace: 87:       DEBUG:    [receive_response_headers.started request=<Request [b'POST']>]
[2025-11-07 11:41:33,512]: [_trace.py]: atrace: 87:       DEBUG:    [receive_response_headers.complete return_value=(b'HTTP/1.1', 200, b'OK', [(b'Server', b'nginx/1.18.0'), (b'Date', b'Fri, 07 Nov 2025 11:41:33 GMT'), (b'Content-Type', b'application/json'), (b'Content-Length', b'584'), (b'Connection', b'keep-alive'), (b'Strict-Transport-Security', b'max-age=31536000; includeSubDomains; preload'), (b'Access-Control-Allow-Origin', b'*'), (b'Access-Control-Allow-Methods', b'GET, POST, OPTIONS'), (b'Access-Control-Expose-Headers', b'Content-Length,Content-Type,Date,Server,Connection')])]
[2025-11-07 11:41:33,513]: [_client.py]: _send_single_request: 1740:       INFO:    [HTTP Request: POST https://api.telegram.org/bot6030805959:AAGUHAMxLYc-PrevgKouJ3ZyM7ktu56ftjo/sendDocument "HTTP/1.1 200 OK"]
[2025-11-07 11:41:33,513]: [_trace.py]: atrace: 87:       DEBUG:    [receive_response_body.started request=<Request [b'POST']>]
[2025-11-07 11:41:33,513]: [_trace.py]: atrace: 87:       DEBUG:    [receive_response_body.complete]
[2025-11-07 11:41:33,513]: [_trace.py]: atrace: 87:       DEBUG:    [response_closed.started]
[2025-11-07 11:41:33,513]: [_trace.py]: atrace: 87:       DEBUG:    [response_closed.complete]
[2025-11-07 11:41:33,513]: [_bot.py]: _do_post: 652:       DEBUG:    [Call to Bot API endpoint `sendDocument` finished with return value `{'message_id': 2712, 'from': {'id': 6030805959, 'is_bot': True, 'first_name': 'TyPHoone', 'username': 'TyPHoone_Project_bot'}, 'chat': {'id': -4119703192, 'title': 'Robocop', 'type': 'group', 'all_members_are_administrators': True, 'accepted_gift_types': {'unlimited_gifts': False, 'limited_gifts': False, 'unique_gifts': False, 'premium_subscription': False}}, 'date': 1762515693, 'document': {'file_name': '(2025_11_07--11_41).log', 'mime_type': 'text/plain', 'file_id': 'BQACAgQAAxkDAAIKmGkN2u0N4w7OncioNVNItsm_amQNAAJsIQACYvNpUO1F6s3pUYzXNgQ', 'file_unique_id': 'AgADbCEAAmLzaVA', 'file_size': 5937}}`]
[2025-11-07 11:41:33,514]: [_trace.py]: atrace: 87:       DEBUG:    [close.started]
[2025-11-07 11:41:33,514]: [_trace.py]: atrace: 87:       DEBUG:    [close.complete]
[2025-11-07 11:41:33,558]: [_bot.py]: _do_post: 643:       DEBUG:    [Calling Bot API endpoint `getMe` with parameters `{}`]
[2025-11-07 11:41:33,559]: [_trace.py]: atrace: 87:       DEBUG:    [connect_tcp.started host='api.telegram.org' port=443 local_address=None timeout=5.0 socket_options=None]
[2025-11-07 11:41:33,702]: [_trace.py]: atrace: 87:       DEBUG:    [connect_tcp.complete return_value=<httpcore._backends.anyio.AnyIOStream object at 0x7fec62ff05f0>]
[2025-11-07 11:41:33,702]: [_trace.py]: atrace: 87:       DEBUG:    [start_tls.started ssl_context=<ssl.SSLContext object at 0x7fec639b5dd0> server_hostname='api.telegram.org' timeout=5.0]
[2025-11-07 11:41:33,846]: [_trace.py]: atrace: 87:       DEBUG:    [start_tls.complete return_value=<httpcore._backends.anyio.AnyIOStream object at 0x7fec62fe3b60>]
[2025-11-07 11:41:33,846]: [_trace.py]: atrace: 87:       DEBUG:    [send_request_headers.started request=<Request [b'POST']>]
[2025-11-07 11:41:33,846]: [_trace.py]: atrace: 87:       DEBUG:    [send_request_headers.complete]
[2025-11-07 11:41:33,846]: [_trace.py]: atrace: 87:       DEBUG:    [send_request_body.started request=<Request [b'POST']>]
[2025-11-07 11:41:33,846]: [_trace.py]: atrace: 87:       DEBUG:    [send_request_body.complete]
[2025-11-07 11:41:33,846]: [_trace.py]: atrace: 87:       DEBUG:    [receive_response_headers.started request=<Request [b'POST']>]
[2025-11-07 11:41:33,987]: [_trace.py]: atrace: 87:       DEBUG:    [receive_response_headers.complete return_value=(b'HTTP/1.1', 200, b'OK', [(b'Server', b'nginx/1.18.0'), (b'Date', b'Fri, 07 Nov 2025 11:41:33 GMT'), (b'Content-Type', b'application/json'), (b'Content-Length', b'258'), (b'Connection', b'keep-alive'), (b'Strict-Transport-Security', b'max-age=31536000; includeSubDomains; preload'), (b'Access-Control-Allow-Origin', b'*'), (b'Access-Control-Allow-Methods', b'GET, POST, OPTIONS'), (b'Access-Control-Expose-Headers', b'Content-Length,Content-Type,Date,Server,Connection')])]
[2025-11-07 11:41:33,987]: [_client.py]: _send_single_request: 1740:       INFO:    [HTTP Request: POST https://api.telegram.org/bot6030805959:AAGUHAMxLYc-PrevgKouJ3ZyM7ktu56ftjo/getMe "HTTP/1.1 200 OK"]
[2025-11-07 11:41:33,987]: [_trace.py]: atrace: 87:       DEBUG:    [receive_response_body.started request=<Request [b'POST']>]
[2025-11-07 11:41:33,987]: [_trace.py]: atrace: 87:       DEBUG:    [receive_response_body.complete]
[2025-11-07 11:41:33,987]: [_trace.py]: atrace: 87:       DEBUG:    [response_closed.started]
[2025-11-07 11:41:33,987]: [_trace.py]: atrace: 87:       DEBUG:    [response_closed.complete]
[2025-11-07 11:41:33,988]: [_bot.py]: _do_post: 652:       DEBUG:    [Call to Bot API endpoint `getMe` finished with return value `{'id': 6030805959, 'is_bot': True, 'first_name': 'TyPHoone', 'username': 'TyPHoone_Project_bot', 'can_join_groups': True, 'can_read_all_group_messages': False, 'supports_inline_queries': False, 'can_connect_to_business': False, 'has_main_web_app': False}`]
[2025-11-07 11:41:33,992]: [_bot.py]: _do_post: 643:       DEBUG:    [Calling Bot API endpoint `sendDocument` with parameters `{'chat_id': '-4119703192', 'document': <telegram._files.inputfile.InputFile object at 0x7fec639d6b40>}`]
[2025-11-07 11:41:33,992]: [_trace.py]: atrace: 87:       DEBUG:    [send_request_headers.started request=<Request [b'POST']>]
[2025-11-07 11:41:33,993]: [_trace.py]: atrace: 87:       DEBUG:    [send_request_headers.complete]
[2025-11-07 11:41:33,993]: [_trace.py]: atrace: 87:       DEBUG:    [send_request_body.started request=<Request [b'POST']>]
[2025-11-07 11:41:35,398]: [_trace.py]: atrace: 87:       DEBUG:    [send_request_body.complete]
[2025-11-07 11:41:35,398]: [_trace.py]: atrace: 87:       DEBUG:    [receive_response_headers.started request=<Request [b'POST']>]
[2025-11-07 11:41:36,655]: [_trace.py]: atrace: 87:       DEBUG:    [receive_response_headers.complete return_value=(b'HTTP/1.1', 200, b'OK', [(b'Server', b'nginx/1.18.0'), (b'Date', b'Fri, 07 Nov 2025 11:41:36 GMT'), (b'Content-Type', b'application/json'), (b'Content-Length', b'600'), (b'Connection', b'keep-alive'), (b'Strict-Transport-Security', b'max-age=31536000; includeSubDomains; preload'), (b'Access-Control-Allow-Origin', b'*'), (b'Access-Control-Allow-Methods', b'GET, POST, OPTIONS'), (b'Access-Control-Expose-Headers', b'Content-Length,Content-Type,Date,Server,Connection')])]
[2025-11-07 11:41:36,655]: [_client.py]: _send_single_request: 1740:       INFO:    [HTTP Request: POST https://api.telegram.org/bot6030805959:AAGUHAMxLYc-PrevgKouJ3ZyM7ktu56ftjo/sendDocument "HTTP/1.1 200 OK"]
[2025-11-07 11:41:36,656]: [_trace.py]: atrace: 87:       DEBUG:    [receive_response_body.started request=<Request [b'POST']>]
[2025-11-07 11:41:36,656]: [_trace.py]: atrace: 87:       DEBUG:    [receive_response_body.complete]
[2025-11-07 11:41:36,656]: [_trace.py]: atrace: 87:       DEBUG:    [response_closed.started]
[2025-11-07 11:41:36,656]: [_trace.py]: atrace: 87:       DEBUG:    [response_closed.complete]
[2025-11-07 11:41:36,656]: [_bot.py]: _do_post: 652:       DEBUG:    [Call to Bot API endpoint `sendDocument` finished with return value `{'message_id': 2713, 'from': {'id': 6030805959, 'is_bot': True, 'first_name': 'TyPHoone', 'username': 'TyPHoone_Project_bot'}, 'chat': {'id': -4119703192, 'title': 'Robocop', 'type': 'group', 'all_members_are_administrators': True, 'accepted_gift_types': {'unlimited_gifts': False, 'limited_gifts': False, 'unique_gifts': False, 'premium_subscription': False}}, 'date': 1762515696, 'document': {'file_name': '(2025_11_07--11_41)output.zip', 'mime_type': 'application/zip', 'file_id': 'BQACAgQAAxkDAAIKmWkN2u8AAY5ZKwT53RW0fNWooD7bVQACbSEAAmLzaVBne9l5kJccUjYE', 'file_unique_id': 'AgADbSEAAmLzaVA', 'file_size': 10101725}}`]
[2025-11-07 11:41:36,656]: [_trace.py]: atrace: 87:       DEBUG:    [close.started]
[2025-11-07 11:41:36,657]: [_trace.py]: atrace: 87:       DEBUG:    [close.complete]
[2025-11-07 11:41:36,657]: [Telegram_Sender.py]: runner: 61:       INFO:    [sent successfully]
[2025-11-07 11:41:36,657]: [Main.py]: <module>: 48:       INFO:    [Finished]
