[2025-11-29 11:38:41,673]: [Main.py]: <module>: 21:       INFO:    [Started]
[2025-11-29 11:38:43,009]: [Iron_Scraper.py]: Scrap: 32:       INFO:    [Data Scaraped Successfully]
[2025-11-29 11:38:43,218]: [Iron_Scraper.py]: Scrap: 70:       INFO:    [Scrapped Data Has No Problem]
[2025-11-29 11:38:43,218]: [Iron_Scraper.py]: Scrap: 83:       INFO:    [Data Saved Successfully]
[2025-11-29 11:38:43,218]: [Iron.py]: Run: 26:       INFO:    [Scraping Phase Completed]
[2025-11-29 11:38:43,218]: [Iron_Data_Processor.py]: Data_Reader: 61:       INFO:    [Data File Has Been Red Successfully]
[2025-11-29 11:38:43,218]: [Iron_Data_Processor.py]: Shaper: 78:       INFO:    [Data Shaped]
[2025-11-29 11:38:43,219]: [Iron_Data_Processor.py]: Process: 228:       INFO:    [Data Cleaned]
[2025-11-29 11:38:43,219]: [Iron_Data_Processor.py]: Make_Pages_Objects: 101:       INFO:    [Page Objects Has Been Made]
[2025-11-29 11:38:43,219]: [Iron_Data_Processor.py]: Make_Pages_Objects: 101:       INFO:    [Page Objects Has Been Made]
[2025-11-29 11:38:43,219]: [Iron_Data_Processor.py]: Load_Data: 118:       INFO:    [Data Has Been Load]
[2025-11-29 11:38:43,219]: [Iron_Data_Processor.py]: Load_Data: 118:       INFO:    [Data Has Been Load]
[2025-11-29 11:38:43,219]: [Iron_Data_Processor.py]: Load_positions: 140:       INFO:    [Positions Are Ready]
[2025-11-29 11:38:43,219]: [Iron_Data_Processor.py]: Load_positions: 140:       INFO:    [Positions Are Ready]
[2025-11-29 11:38:44,352]: [Iron_Data_Processor.py]: Make_Tagged_Images: 193:       INFO:    [Images Has Been Made]
[2025-11-29 11:38:45,307]: [Iron_Data_Processor.py]: Make_Tagged_Images: 193:       INFO:    [Images Has Been Made]
[2025-11-29 11:38:45,560]: [Iron_Data_Processor.py]: Make_Cover_Page: 215:       INFO:    [Made Cover Pages]
[2025-11-29 11:38:45,560]: [Iron.py]: Run: 29:       INFO:    [Imagination Phase Completed]
[2025-11-29 11:38:48,574]: [Phone_Scraper.py]: Scrap: 58:       INFO:    [Data Scraped]
[2025-11-29 11:38:48,575]: [Phone_Scraper.py]: Scrap: 71:       INFO:    [Scraped Data Successfully]
[2025-11-29 11:38:48,575]: [Phone.py]: Run: 26:       INFO:    [Scraping Phase Complete]
[2025-11-29 11:38:48,575]: [Phone_Data_Processor.py]: data_reader: 38:       INFO:    [Scraped Data Loaded]
[2025-11-29 11:38:48,576]: [Phone_Data_Processor.py]: filter_list: 65:       INFO:    [Persian Phrases Are deleted]
[2025-11-29 11:38:48,577]: [Phone_Data_Processor.py]: reshape_list: 87:       INFO:    [Date Reshaped]
[2025-11-29 11:38:48,577]: [Phone_Data_Processor.py]: separate_brands: 124:       INFO:    [Brands Are Separated]
[2025-11-29 11:38:48,577]: [Phone_Data_Processor.py]: delete_extra_spaces: 141:       INFO:    [Extra Spaces Are Deleted]
[2025-11-29 11:38:49,330]: [Phone.py]: Run: 29:       INFO:    [Imagination Phase Complete]
[2025-11-29 11:38:49,330]: [selector_events.py]: __init__: 64:       DEBUG:    [Using selector: EpollSelector]
[2025-11-29 11:38:49,608]: [_bot.py]: _do_post: 643:       DEBUG:    [Calling Bot API endpoint `getMe` with parameters `{}`]
[2025-11-29 11:38:49,613]: [_trace.py]: atrace: 87:       DEBUG:    [connect_tcp.started host='api.telegram.org' port=443 local_address=None timeout=5.0 socket_options=None]
[2025-11-29 11:38:49,749]: [_trace.py]: atrace: 87:       DEBUG:    [connect_tcp.complete return_value=<httpcore._backends.anyio.AnyIOStream object at 0x7f67a5f68e30>]
[2025-11-29 11:38:49,749]: [_trace.py]: atrace: 87:       DEBUG:    [start_tls.started ssl_context=<ssl.SSLContext object at 0x7f67a65a9e50> server_hostname='api.telegram.org' timeout=5.0]
[2025-11-29 11:38:49,856]: [_trace.py]: atrace: 87:       DEBUG:    [start_tls.complete return_value=<httpcore._backends.anyio.AnyIOStream object at 0x7f67a5b4f350>]
[2025-11-29 11:38:49,856]: [_trace.py]: atrace: 87:       DEBUG:    [send_request_headers.started request=<Request [b'POST']>]
[2025-11-29 11:38:49,856]: [_trace.py]: atrace: 87:       DEBUG:    [send_request_headers.complete]
[2025-11-29 11:38:49,856]: [_trace.py]: atrace: 87:       DEBUG:    [send_request_body.started request=<Request [b'POST']>]
[2025-11-29 11:38:49,857]: [_trace.py]: atrace: 87:       DEBUG:    [send_request_body.complete]
[2025-11-29 11:38:49,857]: [_trace.py]: atrace: 87:       DEBUG:    [receive_response_headers.started request=<Request [b'POST']>]
[2025-11-29 11:38:49,966]: [_trace.py]: atrace: 87:       DEBUG:    [receive_response_headers.complete return_value=(b'HTTP/1.1', 200, b'OK', [(b'Server', b'nginx/1.18.0'), (b'Date', b'Sat, 29 Nov 2025 11:38:49 GMT'), (b'Content-Type', b'application/json'), (b'Content-Length', b'258'), (b'Connection', b'keep-alive'), (b'Strict-Transport-Security', b'max-age=31536000; includeSubDomains; preload'), (b'Access-Control-Allow-Origin', b'*'), (b'Access-Control-Allow-Methods', b'GET, POST, OPTIONS'), (b'Access-Control-Expose-Headers', b'Content-Length,Content-Type,Date,Server,Connection')])]
[2025-11-29 11:38:49,966]: [_client.py]: _send_single_request: 1740:       INFO:    [HTTP Request: POST https://api.telegram.org/bot6030805959:AAGUHAMxLYc-PrevgKouJ3ZyM7ktu56ftjo/getMe "HTTP/1.1 200 OK"]
[2025-11-29 11:38:49,966]: [_trace.py]: atrace: 87:       DEBUG:    [receive_response_body.started request=<Request [b'POST']>]
[2025-11-29 11:38:49,967]: [_trace.py]: atrace: 87:       DEBUG:    [receive_response_body.complete]
[2025-11-29 11:38:49,967]: [_trace.py]: atrace: 87:       DEBUG:    [response_closed.started]
[2025-11-29 11:38:49,967]: [_trace.py]: atrace: 87:       DEBUG:    [response_closed.complete]
[2025-11-29 11:38:49,967]: [_bot.py]: _do_post: 652:       DEBUG:    [Call to Bot API endpoint `getMe` finished with return value `{'id': 6030805959, 'is_bot': True, 'first_name': 'TyPHoone', 'username': 'TyPHoone_Project_bot', 'can_join_groups': True, 'can_read_all_group_messages': False, 'supports_inline_queries': False, 'can_connect_to_business': False, 'has_main_web_app': False}`]
[2025-11-29 11:38:49,970]: [_bot.py]: _do_post: 643:       DEBUG:    [Calling Bot API endpoint `sendDocument` with parameters `{'chat_id': '-4119703192', 'document': <telegram._files.inputfile.InputFile object at 0x7f67a5bf2480>}`]
[2025-11-29 11:38:49,971]: [_trace.py]: atrace: 87:       DEBUG:    [send_request_headers.started request=<Request [b'POST']>]
[2025-11-29 11:38:49,971]: [_trace.py]: atrace: 87:       DEBUG:    [send_request_headers.complete]
[2025-11-29 11:38:49,971]: [_trace.py]: atrace: 87:       DEBUG:    [send_request_body.started request=<Request [b'POST']>]
[2025-11-29 11:38:49,972]: [_trace.py]: atrace: 87:       DEBUG:    [send_request_body.complete]
[2025-11-29 11:38:49,972]: [_trace.py]: atrace: 87:       DEBUG:    [receive_response_headers.started request=<Request [b'POST']>]
[2025-11-29 11:38:50,238]: [_trace.py]: atrace: 87:       DEBUG:    [receive_response_headers.complete return_value=(b'HTTP/1.1', 200, b'OK', [(b'Server', b'nginx/1.18.0'), (b'Date', b'Sat, 29 Nov 2025 11:38:50 GMT'), (b'Content-Type', b'application/json'), (b'Content-Length', b'584'), (b'Connection', b'keep-alive'), (b'Strict-Transport-Security', b'max-age=31536000; includeSubDomains; preload'), (b'Access-Control-Allow-Origin', b'*'), (b'Access-Control-Allow-Methods', b'GET, POST, OPTIONS'), (b'Access-Control-Expose-Headers', b'Content-Length,Content-Type,Date,Server,Connection')])]
[2025-11-29 11:38:50,239]: [_client.py]: _send_single_request: 1740:       INFO:    [HTTP Request: POST https://api.telegram.org/bot6030805959:AAGUHAMxLYc-PrevgKouJ3ZyM7ktu56ftjo/sendDocument "HTTP/1.1 200 OK"]
[2025-11-29 11:38:50,239]: [_trace.py]: atrace: 87:       DEBUG:    [receive_response_body.started request=<Request [b'POST']>]
[2025-11-29 11:38:50,239]: [_trace.py]: atrace: 87:       DEBUG:    [receive_response_body.complete]
[2025-11-29 11:38:50,239]: [_trace.py]: atrace: 87:       DEBUG:    [response_closed.started]
[2025-11-29 11:38:50,239]: [_trace.py]: atrace: 87:       DEBUG:    [response_closed.complete]
[2025-11-29 11:38:50,239]: [_bot.py]: _do_post: 652:       DEBUG:    [Call to Bot API endpoint `sendDocument` finished with return value `{'message_id': 2756, 'from': {'id': 6030805959, 'is_bot': True, 'first_name': 'TyPHoone', 'username': 'TyPHoone_Project_bot'}, 'chat': {'id': -4119703192, 'title': 'Robocop', 'type': 'group', 'all_members_are_administrators': True, 'accepted_gift_types': {'unlimited_gifts': False, 'limited_gifts': False, 'unique_gifts': False, 'premium_subscription': False}}, 'date': 1764416330, 'document': {'file_name': '(2025_11_29--11_38).log', 'mime_type': 'text/plain', 'file_id': 'BQACAgQAAxkDAAIKxGkq20pfHguie383fhqS3xLX93iHAAJOGgACgbZZUXKkirq6lO8_NgQ', 'file_unique_id': 'AgADThoAAoG2WVE', 'file_size': 5937}}`]
[2025-11-29 11:38:50,240]: [_trace.py]: atrace: 87:       DEBUG:    [close.started]
[2025-11-29 11:38:50,240]: [_trace.py]: atrace: 87:       DEBUG:    [close.complete]
[2025-11-29 11:38:50,283]: [_bot.py]: _do_post: 643:       DEBUG:    [Calling Bot API endpoint `getMe` with parameters `{}`]
[2025-11-29 11:38:50,284]: [_trace.py]: atrace: 87:       DEBUG:    [connect_tcp.started host='api.telegram.org' port=443 local_address=None timeout=5.0 socket_options=None]
[2025-11-29 11:38:50,386]: [_trace.py]: atrace: 87:       DEBUG:    [connect_tcp.complete return_value=<httpcore._backends.anyio.AnyIOStream object at 0x7f67a5a5f3b0>]
[2025-11-29 11:38:50,386]: [_trace.py]: atrace: 87:       DEBUG:    [start_tls.started ssl_context=<ssl.SSLContext object at 0x7f67a65a9d50> server_hostname='api.telegram.org' timeout=5.0]
[2025-11-29 11:38:50,489]: [_trace.py]: atrace: 87:       DEBUG:    [start_tls.complete return_value=<httpcore._backends.anyio.AnyIOStream object at 0x7f67a6835e20>]
[2025-11-29 11:38:50,489]: [_trace.py]: atrace: 87:       DEBUG:    [send_request_headers.started request=<Request [b'POST']>]
[2025-11-29 11:38:50,490]: [_trace.py]: atrace: 87:       DEBUG:    [send_request_headers.complete]
[2025-11-29 11:38:50,490]: [_trace.py]: atrace: 87:       DEBUG:    [send_request_body.started request=<Request [b'POST']>]
[2025-11-29 11:38:50,490]: [_trace.py]: atrace: 87:       DEBUG:    [send_request_body.complete]
[2025-11-29 11:38:50,490]: [_trace.py]: atrace: 87:       DEBUG:    [receive_response_headers.started request=<Request [b'POST']>]
[2025-11-29 11:38:50,591]: [_trace.py]: atrace: 87:       DEBUG:    [receive_response_headers.complete return_value=(b'HTTP/1.1', 200, b'OK', [(b'Server', b'nginx/1.18.0'), (b'Date', b'Sat, 29 Nov 2025 11:38:50 GMT'), (b'Content-Type', b'application/json'), (b'Content-Length', b'258'), (b'Connection', b'keep-alive'), (b'Strict-Transport-Security', b'max-age=31536000; includeSubDomains; preload'), (b'Access-Control-Allow-Origin', b'*'), (b'Access-Control-Allow-Methods', b'GET, POST, OPTIONS'), (b'Access-Control-Expose-Headers', b'Content-Length,Content-Type,Date,Server,Connection')])]
[2025-11-29 11:38:50,591]: [_client.py]: _send_single_request: 1740:       INFO:    [HTTP Request: POST https://api.telegram.org/bot6030805959:AAGUHAMxLYc-PrevgKouJ3ZyM7ktu56ftjo/getMe "HTTP/1.1 200 OK"]
[2025-11-29 11:38:50,591]: [_trace.py]: atrace: 87:       DEBUG:    [receive_response_body.started request=<Request [b'POST']>]
[2025-11-29 11:38:50,591]: [_trace.py]: atrace: 87:       DEBUG:    [receive_response_body.complete]
[2025-11-29 11:38:50,592]: [_trace.py]: atrace: 87:       DEBUG:    [response_closed.started]
[2025-11-29 11:38:50,592]: [_trace.py]: atrace: 87:       DEBUG:    [response_closed.complete]
[2025-11-29 11:38:50,592]: [_bot.py]: _do_post: 652:       DEBUG:    [Call to Bot API endpoint `getMe` finished with return value `{'id': 6030805959, 'is_bot': True, 'first_name': 'TyPHoone', 'username': 'TyPHoone_Project_bot', 'can_join_groups': True, 'can_read_all_group_messages': False, 'supports_inline_queries': False, 'can_connect_to_business': False, 'has_main_web_app': False}`]
[2025-11-29 11:38:50,594]: [_bot.py]: _do_post: 643:       DEBUG:    [Calling Bot API endpoint `sendDocument` with parameters `{'chat_id': '-4119703192', 'document': <telegram._files.inputfile.InputFile object at 0x7f67a65c6880>}`]
[2025-11-29 11:38:50,595]: [_trace.py]: atrace: 87:       DEBUG:    [send_request_headers.started request=<Request [b'POST']>]
[2025-11-29 11:38:50,595]: [_trace.py]: atrace: 87:       DEBUG:    [send_request_headers.complete]
[2025-11-29 11:38:50,595]: [_trace.py]: atrace: 87:       DEBUG:    [send_request_body.started request=<Request [b'POST']>]
[2025-11-29 11:38:51,608]: [_trace.py]: atrace: 87:       DEBUG:    [send_request_body.complete]
[2025-11-29 11:38:51,609]: [_trace.py]: atrace: 87:       DEBUG:    [receive_response_headers.started request=<Request [b'POST']>]
[2025-11-29 11:38:52,281]: [_trace.py]: atrace: 87:       DEBUG:    [receive_response_headers.complete return_value=(b'HTTP/1.1', 200, b'OK', [(b'Server', b'nginx/1.18.0'), (b'Date', b'Sat, 29 Nov 2025 11:38:52 GMT'), (b'Content-Type', b'application/json'), (b'Content-Length', b'599'), (b'Connection', b'keep-alive'), (b'Strict-Transport-Security', b'max-age=31536000; includeSubDomains; preload'), (b'Access-Control-Allow-Origin', b'*'), (b'Access-Control-Allow-Methods', b'GET, POST, OPTIONS'), (b'Access-Control-Expose-Headers', b'Content-Length,Content-Type,Date,Server,Connection')])]
[2025-11-29 11:38:52,281]: [_client.py]: _send_single_request: 1740:       INFO:    [HTTP Request: POST https://api.telegram.org/bot6030805959:AAGUHAMxLYc-PrevgKouJ3ZyM7ktu56ftjo/sendDocument "HTTP/1.1 200 OK"]
[2025-11-29 11:38:52,281]: [_trace.py]: atrace: 87:       DEBUG:    [receive_response_body.started request=<Request [b'POST']>]
[2025-11-29 11:38:52,281]: [_trace.py]: atrace: 87:       DEBUG:    [receive_response_body.complete]
[2025-11-29 11:38:52,281]: [_trace.py]: atrace: 87:       DEBUG:    [response_closed.started]
[2025-11-29 11:38:52,282]: [_trace.py]: atrace: 87:       DEBUG:    [response_closed.complete]
[2025-11-29 11:38:52,282]: [_bot.py]: _do_post: 652:       DEBUG:    [Call to Bot API endpoint `sendDocument` finished with return value `{'message_id': 2757, 'from': {'id': 6030805959, 'is_bot': True, 'first_name': 'TyPHoone', 'username': 'TyPHoone_Project_bot'}, 'chat': {'id': -4119703192, 'title': 'Robocop', 'type': 'group', 'all_members_are_administrators': True, 'accepted_gift_types': {'unlimited_gifts': False, 'limited_gifts': False, 'unique_gifts': False, 'premium_subscription': False}}, 'date': 1764416332, 'document': {'file_name': '(2025_11_29--11_38)output.zip', 'mime_type': 'application/zip', 'file_id': 'BQACAgQAAxkDAAIKxWkq20tFVTs5vfLTKt5Ek9TGorNRAAJPGgACgbZZUVNegARw0GEHNgQ', 'file_unique_id': 'AgADTxoAAoG2WVE', 'file_size': 10167705}}`]
[2025-11-29 11:38:52,282]: [_trace.py]: atrace: 87:       DEBUG:    [close.started]
[2025-11-29 11:38:52,283]: [_trace.py]: atrace: 87:       DEBUG:    [close.complete]
[2025-11-29 11:38:52,283]: [Telegram_Sender.py]: runner: 61:       INFO:    [sent successfully]
[2025-11-29 11:38:52,283]: [Main.py]: <module>: 48:       INFO:    [Finished]
