[2025-03-18 11:38:31,954]: [Main.py]: <module>: 21:       INFO:    [Started]
[2025-03-18 11:38:33,815]: [Iron_Scraper.py]: Scrap: 32:       INFO:    [Data Scaraped Successfully]
[2025-03-18 11:38:34,024]: [Iron_Scraper.py]: Scrap: 70:       INFO:    [Scrapped Data Has No Problem]
[2025-03-18 11:38:34,024]: [Iron_Scraper.py]: Scrap: 83:       INFO:    [Data Saved Successfully]
[2025-03-18 11:38:34,024]: [Iron.py]: Run: 26:       INFO:    [Scraping Phase Completed]
[2025-03-18 11:38:34,024]: [Iron_Data_Processor.py]: Data_Reader: 61:       INFO:    [Data File Has Been Red Successfully]
[2025-03-18 11:38:34,024]: [Iron_Data_Processor.py]: Shaper: 78:       INFO:    [Data Shaped]
[2025-03-18 11:38:34,025]: [Iron_Data_Processor.py]: Process: 228:       INFO:    [Data Cleaned]
[2025-03-18 11:38:34,025]: [Iron_Data_Processor.py]: Make_Pages_Objects: 101:       INFO:    [Page Objects Has Been Made]
[2025-03-18 11:38:34,025]: [Iron_Data_Processor.py]: Make_Pages_Objects: 101:       INFO:    [Page Objects Has Been Made]
[2025-03-18 11:38:34,025]: [Iron_Data_Processor.py]: Load_Data: 118:       INFO:    [Data Has Been Load]
[2025-03-18 11:38:34,025]: [Iron_Data_Processor.py]: Load_Data: 118:       INFO:    [Data Has Been Load]
[2025-03-18 11:38:34,025]: [Iron_Data_Processor.py]: Load_positions: 140:       INFO:    [Positions Are Ready]
[2025-03-18 11:38:34,025]: [Iron_Data_Processor.py]: Load_positions: 140:       INFO:    [Positions Are Ready]
[2025-03-18 11:38:35,153]: [Iron_Data_Processor.py]: Make_Tagged_Images: 193:       INFO:    [Images Has Been Made]
[2025-03-18 11:38:36,108]: [Iron_Data_Processor.py]: Make_Tagged_Images: 193:       INFO:    [Images Has Been Made]
[2025-03-18 11:38:36,365]: [Iron_Data_Processor.py]: Make_Cover_Page: 215:       INFO:    [Made Cover Pages]
[2025-03-18 11:38:36,366]: [Iron.py]: Run: 29:       INFO:    [Imagination Phase Completed]
[2025-03-18 11:38:40,599]: [Phone_Scraper.py]: Scrap: 58:       INFO:    [Data Scraped]
[2025-03-18 11:38:40,600]: [Phone_Scraper.py]: Scrap: 71:       INFO:    [Scraped Data Successfully]
[2025-03-18 11:38:40,600]: [Phone.py]: Run: 26:       INFO:    [Scraping Phase Complete]
[2025-03-18 11:38:40,600]: [Phone_Data_Processor.py]: data_reader: 38:       INFO:    [Scraped Data Loaded]
[2025-03-18 11:38:40,601]: [Phone_Data_Processor.py]: filter_list: 65:       INFO:    [Persian Phrases Are deleted]
[2025-03-18 11:38:40,602]: [Phone_Data_Processor.py]: reshape_list: 87:       INFO:    [Date Reshaped]
[2025-03-18 11:38:40,602]: [Phone_Data_Processor.py]: separate_brands: 124:       INFO:    [Brands Are Separated]
[2025-03-18 11:38:40,602]: [Phone_Data_Processor.py]: delete_extra_spaces: 141:       INFO:    [Extra Spaces Are Deleted]
[2025-03-18 11:38:41,362]: [Phone.py]: Run: 29:       INFO:    [Imagination Phase Complete]
[2025-03-18 11:38:41,362]: [selector_events.py]: __init__: 64:       DEBUG:    [Using selector: EpollSelector]
[2025-03-18 11:38:41,639]: [_bot.py]: _do_post: 643:       DEBUG:    [Calling Bot API endpoint `getMe` with parameters `{}`]
[2025-03-18 11:38:41,644]: [_trace.py]: atrace: 87:       DEBUG:    [connect_tcp.started host='api.telegram.org' port=443 local_address=None timeout=5.0 socket_options=None]
[2025-03-18 11:38:41,895]: [_trace.py]: atrace: 87:       DEBUG:    [connect_tcp.complete return_value=<httpcore._backends.anyio.AnyIOStream object at 0x7f10fc9e0fb0>]
[2025-03-18 11:38:41,895]: [_trace.py]: atrace: 87:       DEBUG:    [start_tls.started ssl_context=<ssl.SSLContext object at 0x7f10fbf33bd0> server_hostname='api.telegram.org' timeout=5.0]
[2025-03-18 11:38:42,047]: [_trace.py]: atrace: 87:       DEBUG:    [start_tls.complete return_value=<httpcore._backends.anyio.AnyIOStream object at 0x7f1103b620c0>]
[2025-03-18 11:38:42,047]: [_trace.py]: atrace: 87:       DEBUG:    [send_request_headers.started request=<Request [b'POST']>]
[2025-03-18 11:38:42,047]: [_trace.py]: atrace: 87:       DEBUG:    [send_request_headers.complete]
[2025-03-18 11:38:42,047]: [_trace.py]: atrace: 87:       DEBUG:    [send_request_body.started request=<Request [b'POST']>]
[2025-03-18 11:38:42,047]: [_trace.py]: atrace: 87:       DEBUG:    [send_request_body.complete]
[2025-03-18 11:38:42,047]: [_trace.py]: atrace: 87:       DEBUG:    [receive_response_headers.started request=<Request [b'POST']>]
[2025-03-18 11:38:42,266]: [_trace.py]: atrace: 87:       DEBUG:    [receive_response_headers.complete return_value=(b'HTTP/1.1', 200, b'OK', [(b'Server', b'nginx/1.18.0'), (b'Date', b'Tue, 18 Mar 2025 11:38:42 GMT'), (b'Content-Type', b'application/json'), (b'Content-Length', b'258'), (b'Connection', b'keep-alive'), (b'Strict-Transport-Security', b'max-age=31536000; includeSubDomains; preload'), (b'Access-Control-Allow-Origin', b'*'), (b'Access-Control-Allow-Methods', b'GET, POST, OPTIONS'), (b'Access-Control-Expose-Headers', b'Content-Length,Content-Type,Date,Server,Connection')])]
[2025-03-18 11:38:42,267]: [_client.py]: _send_single_request: 1740:       INFO:    [HTTP Request: POST https://api.telegram.org/bot6030805959:AAGUHAMxLYc-PrevgKouJ3ZyM7ktu56ftjo/getMe "HTTP/1.1 200 OK"]
[2025-03-18 11:38:42,267]: [_trace.py]: atrace: 87:       DEBUG:    [receive_response_body.started request=<Request [b'POST']>]
[2025-03-18 11:38:42,267]: [_trace.py]: atrace: 87:       DEBUG:    [receive_response_body.complete]
[2025-03-18 11:38:42,267]: [_trace.py]: atrace: 87:       DEBUG:    [response_closed.started]
[2025-03-18 11:38:42,267]: [_trace.py]: atrace: 87:       DEBUG:    [response_closed.complete]
[2025-03-18 11:38:42,267]: [_bot.py]: _do_post: 652:       DEBUG:    [Call to Bot API endpoint `getMe` finished with return value `{'id': 6030805959, 'is_bot': True, 'first_name': 'TyPHoone', 'username': 'TyPHoone_Project_bot', 'can_join_groups': True, 'can_read_all_group_messages': False, 'supports_inline_queries': False, 'can_connect_to_business': False, 'has_main_web_app': False}`]
[2025-03-18 11:38:42,270]: [_bot.py]: _do_post: 643:       DEBUG:    [Calling Bot API endpoint `sendDocument` with parameters `{'chat_id': '-4119703192', 'document': <telegram._files.inputfile.InputFile object at 0x7f10fb55d9c0>}`]
[2025-03-18 11:38:42,270]: [_trace.py]: atrace: 87:       DEBUG:    [send_request_headers.started request=<Request [b'POST']>]
[2025-03-18 11:38:42,271]: [_trace.py]: atrace: 87:       DEBUG:    [send_request_headers.complete]
[2025-03-18 11:38:42,271]: [_trace.py]: atrace: 87:       DEBUG:    [send_request_body.started request=<Request [b'POST']>]
[2025-03-18 11:38:42,271]: [_trace.py]: atrace: 87:       DEBUG:    [send_request_body.complete]
[2025-03-18 11:38:42,271]: [_trace.py]: atrace: 87:       DEBUG:    [receive_response_headers.started request=<Request [b'POST']>]
[2025-03-18 11:38:42,944]: [_trace.py]: atrace: 87:       DEBUG:    [receive_response_headers.complete return_value=(b'HTTP/1.1', 200, b'OK', [(b'Server', b'nginx/1.18.0'), (b'Date', b'Tue, 18 Mar 2025 11:38:42 GMT'), (b'Content-Type', b'application/json'), (b'Content-Length', b'464'), (b'Connection', b'keep-alive'), (b'Strict-Transport-Security', b'max-age=31536000; includeSubDomains; preload'), (b'Access-Control-Allow-Origin', b'*'), (b'Access-Control-Allow-Methods', b'GET, POST, OPTIONS'), (b'Access-Control-Expose-Headers', b'Content-Length,Content-Type,Date,Server,Connection')])]
[2025-03-18 11:38:42,944]: [_client.py]: _send_single_request: 1740:       INFO:    [HTTP Request: POST https://api.telegram.org/bot6030805959:AAGUHAMxLYc-PrevgKouJ3ZyM7ktu56ftjo/sendDocument "HTTP/1.1 200 OK"]
[2025-03-18 11:38:42,944]: [_trace.py]: atrace: 87:       DEBUG:    [receive_response_body.started request=<Request [b'POST']>]
[2025-03-18 11:38:42,944]: [_trace.py]: atrace: 87:       DEBUG:    [receive_response_body.complete]
[2025-03-18 11:38:42,944]: [_trace.py]: atrace: 87:       DEBUG:    [response_closed.started]
[2025-03-18 11:38:42,944]: [_trace.py]: atrace: 87:       DEBUG:    [response_closed.complete]
[2025-03-18 11:38:42,945]: [_bot.py]: _do_post: 652:       DEBUG:    [Call to Bot API endpoint `sendDocument` finished with return value `{'message_id': 2239, 'from': {'id': 6030805959, 'is_bot': True, 'first_name': 'TyPHoone', 'username': 'TyPHoone_Project_bot'}, 'chat': {'id': -4119703192, 'title': 'Robocop', 'type': 'group', 'all_members_are_administrators': True}, 'date': 1742297922, 'document': {'file_name': '(2025_03_18--11_38).log', 'mime_type': 'text/plain', 'file_id': 'BQACAgQAAxkDAAIIv2fZW0JAhrlDlMZHwiHUVpstECLAAAIMFwAC-w_RUrCX4LazXRFkNgQ', 'file_unique_id': 'AgADDBcAAvsP0VI', 'file_size': 5937}}`]
[2025-03-18 11:38:42,945]: [_trace.py]: atrace: 87:       DEBUG:    [close.started]
[2025-03-18 11:38:42,945]: [_trace.py]: atrace: 87:       DEBUG:    [close.complete]
[2025-03-18 11:38:42,990]: [_bot.py]: _do_post: 643:       DEBUG:    [Calling Bot API endpoint `getMe` with parameters `{}`]
[2025-03-18 11:38:42,991]: [_trace.py]: atrace: 87:       DEBUG:    [connect_tcp.started host='api.telegram.org' port=443 local_address=None timeout=5.0 socket_options=None]
[2025-03-18 11:38:43,140]: [_trace.py]: atrace: 87:       DEBUG:    [connect_tcp.complete return_value=<httpcore._backends.anyio.AnyIOStream object at 0x7f10fb58bd70>]
[2025-03-18 11:38:43,140]: [_trace.py]: atrace: 87:       DEBUG:    [start_tls.started ssl_context=<ssl.SSLContext object at 0x7f10fbf339d0> server_hostname='api.telegram.org' timeout=5.0]
[2025-03-18 11:38:43,291]: [_trace.py]: atrace: 87:       DEBUG:    [start_tls.complete return_value=<httpcore._backends.anyio.AnyIOStream object at 0x7f1104dabce0>]
[2025-03-18 11:38:43,291]: [_trace.py]: atrace: 87:       DEBUG:    [send_request_headers.started request=<Request [b'POST']>]
[2025-03-18 11:38:43,291]: [_trace.py]: atrace: 87:       DEBUG:    [send_request_headers.complete]
[2025-03-18 11:38:43,291]: [_trace.py]: atrace: 87:       DEBUG:    [send_request_body.started request=<Request [b'POST']>]
[2025-03-18 11:38:43,291]: [_trace.py]: atrace: 87:       DEBUG:    [send_request_body.complete]
[2025-03-18 11:38:43,291]: [_trace.py]: atrace: 87:       DEBUG:    [receive_response_headers.started request=<Request [b'POST']>]
[2025-03-18 11:38:43,439]: [_trace.py]: atrace: 87:       DEBUG:    [receive_response_headers.complete return_value=(b'HTTP/1.1', 200, b'OK', [(b'Server', b'nginx/1.18.0'), (b'Date', b'Tue, 18 Mar 2025 11:38:43 GMT'), (b'Content-Type', b'application/json'), (b'Content-Length', b'258'), (b'Connection', b'keep-alive'), (b'Strict-Transport-Security', b'max-age=31536000; includeSubDomains; preload'), (b'Access-Control-Allow-Origin', b'*'), (b'Access-Control-Allow-Methods', b'GET, POST, OPTIONS'), (b'Access-Control-Expose-Headers', b'Content-Length,Content-Type,Date,Server,Connection')])]
[2025-03-18 11:38:43,439]: [_client.py]: _send_single_request: 1740:       INFO:    [HTTP Request: POST https://api.telegram.org/bot6030805959:AAGUHAMxLYc-PrevgKouJ3ZyM7ktu56ftjo/getMe "HTTP/1.1 200 OK"]
[2025-03-18 11:38:43,439]: [_trace.py]: atrace: 87:       DEBUG:    [receive_response_body.started request=<Request [b'POST']>]
[2025-03-18 11:38:43,440]: [_trace.py]: atrace: 87:       DEBUG:    [receive_response_body.complete]
[2025-03-18 11:38:43,440]: [_trace.py]: atrace: 87:       DEBUG:    [response_closed.started]
[2025-03-18 11:38:43,440]: [_trace.py]: atrace: 87:       DEBUG:    [response_closed.complete]
[2025-03-18 11:38:43,440]: [_bot.py]: _do_post: 652:       DEBUG:    [Call to Bot API endpoint `getMe` finished with return value `{'id': 6030805959, 'is_bot': True, 'first_name': 'TyPHoone', 'username': 'TyPHoone_Project_bot', 'can_join_groups': True, 'can_read_all_group_messages': False, 'supports_inline_queries': False, 'can_connect_to_business': False, 'has_main_web_app': False}`]
[2025-03-18 11:38:43,442]: [_bot.py]: _do_post: 643:       DEBUG:    [Calling Bot API endpoint `sendDocument` with parameters `{'chat_id': '-4119703192', 'document': <telegram._files.inputfile.InputFile object at 0x7f10fbf92240>}`]
[2025-03-18 11:38:43,443]: [_trace.py]: atrace: 87:       DEBUG:    [send_request_headers.started request=<Request [b'POST']>]
[2025-03-18 11:38:43,443]: [_trace.py]: atrace: 87:       DEBUG:    [send_request_headers.complete]
[2025-03-18 11:38:43,443]: [_trace.py]: atrace: 87:       DEBUG:    [send_request_body.started request=<Request [b'POST']>]
[2025-03-18 11:38:44,919]: [_trace.py]: atrace: 87:       DEBUG:    [send_request_body.complete]
[2025-03-18 11:38:44,920]: [_trace.py]: atrace: 87:       DEBUG:    [receive_response_headers.started request=<Request [b'POST']>]
[2025-03-18 11:38:45,594]: [_trace.py]: atrace: 87:       DEBUG:    [receive_response_headers.complete return_value=(b'HTTP/1.1', 200, b'OK', [(b'Server', b'nginx/1.18.0'), (b'Date', b'Tue, 18 Mar 2025 11:38:45 GMT'), (b'Content-Type', b'application/json'), (b'Content-Length', b'479'), (b'Connection', b'keep-alive'), (b'Strict-Transport-Security', b'max-age=31536000; includeSubDomains; preload'), (b'Access-Control-Allow-Origin', b'*'), (b'Access-Control-Allow-Methods', b'GET, POST, OPTIONS'), (b'Access-Control-Expose-Headers', b'Content-Length,Content-Type,Date,Server,Connection')])]
[2025-03-18 11:38:45,594]: [_client.py]: _send_single_request: 1740:       INFO:    [HTTP Request: POST https://api.telegram.org/bot6030805959:AAGUHAMxLYc-PrevgKouJ3ZyM7ktu56ftjo/sendDocument "HTTP/1.1 200 OK"]
[2025-03-18 11:38:45,595]: [_trace.py]: atrace: 87:       DEBUG:    [receive_response_body.started request=<Request [b'POST']>]
[2025-03-18 11:38:45,595]: [_trace.py]: atrace: 87:       DEBUG:    [receive_response_body.complete]
[2025-03-18 11:38:45,595]: [_trace.py]: atrace: 87:       DEBUG:    [response_closed.started]
[2025-03-18 11:38:45,595]: [_trace.py]: atrace: 87:       DEBUG:    [response_closed.complete]
[2025-03-18 11:38:45,595]: [_bot.py]: _do_post: 652:       DEBUG:    [Call to Bot API endpoint `sendDocument` finished with return value `{'message_id': 2240, 'from': {'id': 6030805959, 'is_bot': True, 'first_name': 'TyPHoone', 'username': 'TyPHoone_Project_bot'}, 'chat': {'id': -4119703192, 'title': 'Robocop', 'type': 'group', 'all_members_are_administrators': True}, 'date': 1742297925, 'document': {'file_name': '(2025_03_18--11_38)output.zip', 'mime_type': 'application/zip', 'file_id': 'BQACAgQAAxkDAAIIwGfZW0XTVeINY6mKC2wzTil9p6bmAAINFwAC-w_RUkdhFw4rAr9qNgQ', 'file_unique_id': 'AgADDRcAAvsP0VI', 'file_size': 10109375}}`]
[2025-03-18 11:38:45,595]: [_trace.py]: atrace: 87:       DEBUG:    [close.started]
[2025-03-18 11:38:45,596]: [_trace.py]: atrace: 87:       DEBUG:    [close.complete]
[2025-03-18 11:38:45,596]: [Telegram_Sender.py]: runner: 61:       INFO:    [sent successfully]
[2025-03-18 11:38:45,596]: [Main.py]: <module>: 48:       INFO:    [Finished]
