[2024-09-30 11:39:06,909]: [Main.py]: <module>: 21:       INFO:    [Started]
[2024-09-30 11:39:08,508]: [Iron_Scraper.py]: Scrap: 32:       INFO:    [Data Scaraped Successfully]
[2024-09-30 11:39:08,696]: [Iron_Scraper.py]: Scrap: 70:       INFO:    [Scrapped Data Has No Problem]
[2024-09-30 11:39:08,696]: [Iron_Scraper.py]: Scrap: 83:       INFO:    [Data Saved Successfully]
[2024-09-30 11:39:08,697]: [Iron.py]: Run: 26:       INFO:    [Scraping Phase Completed]
[2024-09-30 11:39:08,697]: [Iron_Data_Processor.py]: Data_Reader: 61:       INFO:    [Data File Has Been Red Successfully]
[2024-09-30 11:39:08,697]: [Iron_Data_Processor.py]: Shaper: 78:       INFO:    [Data Shaped]
[2024-09-30 11:39:08,697]: [Iron_Data_Processor.py]: Process: 228:       INFO:    [Data Cleaned]
[2024-09-30 11:39:08,697]: [Iron_Data_Processor.py]: Make_Pages_Objects: 101:       INFO:    [Page Objects Has Been Made]
[2024-09-30 11:39:08,697]: [Iron_Data_Processor.py]: Make_Pages_Objects: 101:       INFO:    [Page Objects Has Been Made]
[2024-09-30 11:39:08,698]: [Iron_Data_Processor.py]: Load_Data: 118:       INFO:    [Data Has Been Load]
[2024-09-30 11:39:08,698]: [Iron_Data_Processor.py]: Load_Data: 118:       INFO:    [Data Has Been Load]
[2024-09-30 11:39:08,698]: [Iron_Data_Processor.py]: Load_positions: 140:       INFO:    [Positions Are Ready]
[2024-09-30 11:39:08,698]: [Iron_Data_Processor.py]: Load_positions: 140:       INFO:    [Positions Are Ready]
[2024-09-30 11:39:09,833]: [Iron_Data_Processor.py]: Make_Tagged_Images: 193:       INFO:    [Images Has Been Made]
[2024-09-30 11:39:10,794]: [Iron_Data_Processor.py]: Make_Tagged_Images: 193:       INFO:    [Images Has Been Made]
[2024-09-30 11:39:11,051]: [Iron_Data_Processor.py]: Make_Cover_Page: 215:       INFO:    [Made Cover Pages]
[2024-09-30 11:39:11,051]: [Iron.py]: Run: 29:       INFO:    [Imagination Phase Completed]
[2024-09-30 11:39:14,683]: [Phone_Scraper.py]: Scrap: 58:       INFO:    [Data Scraped]
[2024-09-30 11:39:14,683]: [Phone_Scraper.py]: Scrap: 71:       INFO:    [Scraped Data Successfully]
[2024-09-30 11:39:14,683]: [Phone.py]: Run: 26:       INFO:    [Scraping Phase Complete]
[2024-09-30 11:39:14,683]: [Phone_Data_Processor.py]: data_reader: 38:       INFO:    [Scraped Data Loaded]
[2024-09-30 11:39:14,685]: [Phone_Data_Processor.py]: filter_list: 65:       INFO:    [Persian Phrases Are deleted]
[2024-09-30 11:39:14,685]: [Phone_Data_Processor.py]: reshape_list: 87:       INFO:    [Date Reshaped]
[2024-09-30 11:39:14,686]: [Phone_Data_Processor.py]: separate_brands: 124:       INFO:    [Brands Are Separated]
[2024-09-30 11:39:14,686]: [Phone_Data_Processor.py]: delete_extra_spaces: 141:       INFO:    [Extra Spaces Are Deleted]
[2024-09-30 11:39:15,455]: [Phone.py]: Run: 29:       INFO:    [Imagination Phase Complete]
[2024-09-30 11:39:15,455]: [selector_events.py]: __init__: 64:       DEBUG:    [Using selector: EpollSelector]
[2024-09-30 11:39:15,795]: [_bot.py]: _do_post: 643:       DEBUG:    [Calling Bot API endpoint `getMe` with parameters `{}`]
[2024-09-30 11:39:15,801]: [_trace.py]: atrace: 85:       DEBUG:    [connect_tcp.started host='api.telegram.org' port=443 local_address=None timeout=5.0 socket_options=None]
[2024-09-30 11:39:16,054]: [_trace.py]: atrace: 85:       DEBUG:    [connect_tcp.complete return_value=<httpcore._backends.anyio.AnyIOStream object at 0x7fcf3d013a10>]
[2024-09-30 11:39:16,054]: [_trace.py]: atrace: 85:       DEBUG:    [start_tls.started ssl_context=<ssl.SSLContext object at 0x7fcf3da17ad0> server_hostname='api.telegram.org' timeout=5.0]
[2024-09-30 11:39:16,157]: [_trace.py]: atrace: 85:       DEBUG:    [start_tls.complete return_value=<httpcore._backends.anyio.AnyIOStream object at 0x7fcf3e396b70>]
[2024-09-30 11:39:16,158]: [_trace.py]: atrace: 85:       DEBUG:    [send_request_headers.started request=<Request [b'POST']>]
[2024-09-30 11:39:16,158]: [_trace.py]: atrace: 85:       DEBUG:    [send_request_headers.complete]
[2024-09-30 11:39:16,158]: [_trace.py]: atrace: 85:       DEBUG:    [send_request_body.started request=<Request [b'POST']>]
[2024-09-30 11:39:16,158]: [_trace.py]: atrace: 85:       DEBUG:    [send_request_body.complete]
[2024-09-30 11:39:16,158]: [_trace.py]: atrace: 85:       DEBUG:    [receive_response_headers.started request=<Request [b'POST']>]
[2024-09-30 11:39:16,260]: [_trace.py]: atrace: 85:       DEBUG:    [receive_response_headers.complete return_value=(b'HTTP/1.1', 200, b'OK', [(b'Server', b'nginx/1.18.0'), (b'Date', b'Mon, 30 Sep 2024 11:39:16 GMT'), (b'Content-Type', b'application/json'), (b'Content-Length', b'258'), (b'Connection', b'keep-alive'), (b'Strict-Transport-Security', b'max-age=31536000; includeSubDomains; preload'), (b'Access-Control-Allow-Origin', b'*'), (b'Access-Control-Allow-Methods', b'GET, POST, OPTIONS'), (b'Access-Control-Expose-Headers', b'Content-Length,Content-Type,Date,Server,Connection')])]
[2024-09-30 11:39:16,260]: [_client.py]: _send_single_request: 1786:       INFO:    [HTTP Request: POST https://api.telegram.org/bot6030805959:AAGUHAMxLYc-PrevgKouJ3ZyM7ktu56ftjo/getMe "HTTP/1.1 200 OK"]
[2024-09-30 11:39:16,261]: [_trace.py]: atrace: 85:       DEBUG:    [receive_response_body.started request=<Request [b'POST']>]
[2024-09-30 11:39:16,261]: [_trace.py]: atrace: 85:       DEBUG:    [receive_response_body.complete]
[2024-09-30 11:39:16,261]: [_trace.py]: atrace: 85:       DEBUG:    [response_closed.started]
[2024-09-30 11:39:16,261]: [_trace.py]: atrace: 85:       DEBUG:    [response_closed.complete]
[2024-09-30 11:39:16,261]: [_bot.py]: _do_post: 652:       DEBUG:    [Call to Bot API endpoint `getMe` finished with return value `{'id': 6030805959, 'is_bot': True, 'first_name': 'TyPHoone', 'username': 'TyPHoone_Project_bot', 'can_join_groups': True, 'can_read_all_group_messages': False, 'supports_inline_queries': False, 'can_connect_to_business': False, 'has_main_web_app': False}`]
[2024-09-30 11:39:16,264]: [_bot.py]: _do_post: 643:       DEBUG:    [Calling Bot API endpoint `sendDocument` with parameters `{'chat_id': '-4119703192', 'document': <telegram._files.inputfile.InputFile object at 0x7fcf3d060040>}`]
[2024-09-30 11:39:16,265]: [_trace.py]: atrace: 85:       DEBUG:    [send_request_headers.started request=<Request [b'POST']>]
[2024-09-30 11:39:16,265]: [_trace.py]: atrace: 85:       DEBUG:    [send_request_headers.complete]
[2024-09-30 11:39:16,265]: [_trace.py]: atrace: 85:       DEBUG:    [send_request_body.started request=<Request [b'POST']>]
[2024-09-30 11:39:16,266]: [_trace.py]: atrace: 85:       DEBUG:    [send_request_body.complete]
[2024-09-30 11:39:16,266]: [_trace.py]: atrace: 85:       DEBUG:    [receive_response_headers.started request=<Request [b'POST']>]
[2024-09-30 11:39:16,424]: [_trace.py]: atrace: 85:       DEBUG:    [receive_response_headers.complete return_value=(b'HTTP/1.1', 200, b'OK', [(b'Server', b'nginx/1.18.0'), (b'Date', b'Mon, 30 Sep 2024 11:39:16 GMT'), (b'Content-Type', b'application/json'), (b'Content-Length', b'465'), (b'Connection', b'keep-alive'), (b'Strict-Transport-Security', b'max-age=31536000; includeSubDomains; preload'), (b'Access-Control-Allow-Origin', b'*'), (b'Access-Control-Allow-Methods', b'GET, POST, OPTIONS'), (b'Access-Control-Expose-Headers', b'Content-Length,Content-Type,Date,Server,Connection')])]
[2024-09-30 11:39:16,425]: [_client.py]: _send_single_request: 1786:       INFO:    [HTTP Request: POST https://api.telegram.org/bot6030805959:AAGUHAMxLYc-PrevgKouJ3ZyM7ktu56ftjo/sendDocument "HTTP/1.1 200 OK"]
[2024-09-30 11:39:16,425]: [_trace.py]: atrace: 85:       DEBUG:    [receive_response_body.started request=<Request [b'POST']>]
[2024-09-30 11:39:16,425]: [_trace.py]: atrace: 85:       DEBUG:    [receive_response_body.complete]
[2024-09-30 11:39:16,425]: [_trace.py]: atrace: 85:       DEBUG:    [response_closed.started]
[2024-09-30 11:39:16,425]: [_trace.py]: atrace: 85:       DEBUG:    [response_closed.complete]
[2024-09-30 11:39:16,425]: [_bot.py]: _do_post: 652:       DEBUG:    [Call to Bot API endpoint `sendDocument` finished with return value `{'message_id': 1897, 'from': {'id': 6030805959, 'is_bot': True, 'first_name': 'TyPHoone', 'username': 'TyPHoone_Project_bot'}, 'chat': {'id': -4119703192, 'title': 'Robocop', 'type': 'group', 'all_members_are_administrators': True}, 'date': 1727696356, 'document': {'file_name': '(2024_09_30--11_39).log', 'mime_type': 'text/plain', 'file_id': 'BQACAgQAAxkDAAIHaWb6jeQWWClpAe1cJaE-KkwzD_fPAAJZGgACvo_QUwABMAek375abDYE', 'file_unique_id': 'AgADWRoAAr6P0FM', 'file_size': 5937}}`]
[2024-09-30 11:39:16,426]: [_trace.py]: atrace: 85:       DEBUG:    [close.started]
[2024-09-30 11:39:16,426]: [_trace.py]: atrace: 85:       DEBUG:    [close.complete]
[2024-09-30 11:39:16,426]: [_config.py]: load_ssl_context: 82:       DEBUG:    [load_ssl_context verify=True cert=None trust_env=True http2=False]
[2024-09-30 11:39:16,426]: [_config.py]: load_ssl_context_verify: 148:       DEBUG:    [load_verify_locations cafile='/opt/hostedtoolcache/Python/3.12.6/x64/lib/python3.12/site-packages/certifi/cacert.pem']
[2024-09-30 11:39:16,453]: [_config.py]: load_ssl_context: 82:       DEBUG:    [load_ssl_context verify=True cert=None trust_env=True http2=False]
[2024-09-30 11:39:16,454]: [_config.py]: load_ssl_context_verify: 148:       DEBUG:    [load_verify_locations cafile='/opt/hostedtoolcache/Python/3.12.6/x64/lib/python3.12/site-packages/certifi/cacert.pem']
[2024-09-30 11:39:16,482]: [_bot.py]: _do_post: 643:       DEBUG:    [Calling Bot API endpoint `getMe` with parameters `{}`]
[2024-09-30 11:39:16,482]: [_trace.py]: atrace: 85:       DEBUG:    [connect_tcp.started host='api.telegram.org' port=443 local_address=None timeout=5.0 socket_options=None]
[2024-09-30 11:39:16,584]: [_trace.py]: atrace: 85:       DEBUG:    [connect_tcp.complete return_value=<httpcore._backends.anyio.AnyIOStream object at 0x7fcf3d080980>]
[2024-09-30 11:39:16,584]: [_trace.py]: atrace: 85:       DEBUG:    [start_tls.started ssl_context=<ssl.SSLContext object at 0x7fcf3da178d0> server_hostname='api.telegram.org' timeout=5.0]
[2024-09-30 11:39:16,687]: [_trace.py]: atrace: 85:       DEBUG:    [start_tls.complete return_value=<httpcore._backends.anyio.AnyIOStream object at 0x7fcf3d5116a0>]
[2024-09-30 11:39:16,687]: [_trace.py]: atrace: 85:       DEBUG:    [send_request_headers.started request=<Request [b'POST']>]
[2024-09-30 11:39:16,687]: [_trace.py]: atrace: 85:       DEBUG:    [send_request_headers.complete]
[2024-09-30 11:39:16,687]: [_trace.py]: atrace: 85:       DEBUG:    [send_request_body.started request=<Request [b'POST']>]
[2024-09-30 11:39:16,687]: [_trace.py]: atrace: 85:       DEBUG:    [send_request_body.complete]
[2024-09-30 11:39:16,687]: [_trace.py]: atrace: 85:       DEBUG:    [receive_response_headers.started request=<Request [b'POST']>]
[2024-09-30 11:39:16,788]: [_trace.py]: atrace: 85:       DEBUG:    [receive_response_headers.complete return_value=(b'HTTP/1.1', 200, b'OK', [(b'Server', b'nginx/1.18.0'), (b'Date', b'Mon, 30 Sep 2024 11:39:16 GMT'), (b'Content-Type', b'application/json'), (b'Content-Length', b'258'), (b'Connection', b'keep-alive'), (b'Strict-Transport-Security', b'max-age=31536000; includeSubDomains; preload'), (b'Access-Control-Allow-Origin', b'*'), (b'Access-Control-Allow-Methods', b'GET, POST, OPTIONS'), (b'Access-Control-Expose-Headers', b'Content-Length,Content-Type,Date,Server,Connection')])]
[2024-09-30 11:39:16,788]: [_client.py]: _send_single_request: 1786:       INFO:    [HTTP Request: POST https://api.telegram.org/bot6030805959:AAGUHAMxLYc-PrevgKouJ3ZyM7ktu56ftjo/getMe "HTTP/1.1 200 OK"]
[2024-09-30 11:39:16,788]: [_trace.py]: atrace: 85:       DEBUG:    [receive_response_body.started request=<Request [b'POST']>]
[2024-09-30 11:39:16,789]: [_trace.py]: atrace: 85:       DEBUG:    [receive_response_body.complete]
[2024-09-30 11:39:16,789]: [_trace.py]: atrace: 85:       DEBUG:    [response_closed.started]
[2024-09-30 11:39:16,789]: [_trace.py]: atrace: 85:       DEBUG:    [response_closed.complete]
[2024-09-30 11:39:16,789]: [_bot.py]: _do_post: 652:       DEBUG:    [Call to Bot API endpoint `getMe` finished with return value `{'id': 6030805959, 'is_bot': True, 'first_name': 'TyPHoone', 'username': 'TyPHoone_Project_bot', 'can_join_groups': True, 'can_read_all_group_messages': False, 'supports_inline_queries': False, 'can_connect_to_business': False, 'has_main_web_app': False}`]
[2024-09-30 11:39:16,792]: [_bot.py]: _do_post: 643:       DEBUG:    [Calling Bot API endpoint `sendDocument` with parameters `{'chat_id': '-4119703192', 'document': <telegram._files.inputfile.InputFile object at 0x7fcf3d060a40>}`]
[2024-09-30 11:39:16,792]: [_trace.py]: atrace: 85:       DEBUG:    [send_request_headers.started request=<Request [b'POST']>]
[2024-09-30 11:39:16,792]: [_trace.py]: atrace: 85:       DEBUG:    [send_request_headers.complete]
[2024-09-30 11:39:16,792]: [_trace.py]: atrace: 85:       DEBUG:    [send_request_body.started request=<Request [b'POST']>]
[2024-09-30 11:39:17,800]: [_trace.py]: atrace: 85:       DEBUG:    [send_request_body.complete]
[2024-09-30 11:39:17,800]: [_trace.py]: atrace: 85:       DEBUG:    [receive_response_headers.started request=<Request [b'POST']>]
[2024-09-30 11:39:18,632]: [_trace.py]: atrace: 85:       DEBUG:    [receive_response_headers.complete return_value=(b'HTTP/1.1', 200, b'OK', [(b'Server', b'nginx/1.18.0'), (b'Date', b'Mon, 30 Sep 2024 11:39:18 GMT'), (b'Content-Type', b'application/json'), (b'Content-Length', b'479'), (b'Connection', b'keep-alive'), (b'Strict-Transport-Security', b'max-age=31536000; includeSubDomains; preload'), (b'Access-Control-Allow-Origin', b'*'), (b'Access-Control-Allow-Methods', b'GET, POST, OPTIONS'), (b'Access-Control-Expose-Headers', b'Content-Length,Content-Type,Date,Server,Connection')])]
[2024-09-30 11:39:18,632]: [_client.py]: _send_single_request: 1786:       INFO:    [HTTP Request: POST https://api.telegram.org/bot6030805959:AAGUHAMxLYc-PrevgKouJ3ZyM7ktu56ftjo/sendDocument "HTTP/1.1 200 OK"]
[2024-09-30 11:39:18,632]: [_trace.py]: atrace: 85:       DEBUG:    [receive_response_body.started request=<Request [b'POST']>]
[2024-09-30 11:39:18,632]: [_trace.py]: atrace: 85:       DEBUG:    [receive_response_body.complete]
[2024-09-30 11:39:18,632]: [_trace.py]: atrace: 85:       DEBUG:    [response_closed.started]
[2024-09-30 11:39:18,632]: [_trace.py]: atrace: 85:       DEBUG:    [response_closed.complete]
[2024-09-30 11:39:18,632]: [_bot.py]: _do_post: 652:       DEBUG:    [Call to Bot API endpoint `sendDocument` finished with return value `{'message_id': 1898, 'from': {'id': 6030805959, 'is_bot': True, 'first_name': 'TyPHoone', 'username': 'TyPHoone_Project_bot'}, 'chat': {'id': -4119703192, 'title': 'Robocop', 'type': 'group', 'all_members_are_administrators': True}, 'date': 1727696358, 'document': {'file_name': '(2024_09_30--11_39)output.zip', 'mime_type': 'application/zip', 'file_id': 'BQACAgQAAxkDAAIHamb6jeagE0iWsPLxHbVbaG4eclruAAJaGgACvo_QUzizRRQM64b6NgQ', 'file_unique_id': 'AgADWhoAAr6P0FM', 'file_size': 10185458}}`]
[2024-09-30 11:39:18,633]: [_trace.py]: atrace: 85:       DEBUG:    [close.started]
[2024-09-30 11:39:18,633]: [_trace.py]: atrace: 85:       DEBUG:    [close.complete]
[2024-09-30 11:39:18,633]: [Telegram_Sender.py]: runner: 61:       INFO:    [sent successfully]
[2024-09-30 11:39:18,634]: [Main.py]: <module>: 48:       INFO:    [Finished]
