[2025-02-07 11:38:41,834]: [Main.py]: <module>: 21:       INFO:    [Started]
[2025-02-07 11:38:43,799]: [Iron_Scraper.py]: Scrap: 32:       INFO:    [Data Scaraped Successfully]
[2025-02-07 11:38:43,855]: [Iron_Scraper.py]: Scrap: 70:       INFO:    [Scrapped Data Has No Problem]
[2025-02-07 11:38:43,855]: [Iron_Scraper.py]: Scrap: 83:       INFO:    [Data Saved Successfully]
[2025-02-07 11:38:43,856]: [Iron.py]: Run: 26:       INFO:    [Scraping Phase Completed]
[2025-02-07 11:38:43,857]: [Iron_Data_Processor.py]: Data_Reader: 61:       INFO:    [Data File Has Been Red Successfully]
[2025-02-07 11:38:43,857]: [Iron_Data_Processor.py]: Shaper: 78:       INFO:    [Data Shaped]
[2025-02-07 11:38:43,857]: [Iron_Data_Processor.py]: Process: 228:       INFO:    [Data Cleaned]
[2025-02-07 11:38:43,857]: [Iron_Data_Processor.py]: Make_Pages_Objects: 101:       INFO:    [Page Objects Has Been Made]
[2025-02-07 11:38:43,857]: [Iron_Data_Processor.py]: Make_Pages_Objects: 101:       INFO:    [Page Objects Has Been Made]
[2025-02-07 11:38:43,857]: [Iron_Data_Processor.py]: Load_Data: 118:       INFO:    [Data Has Been Load]
[2025-02-07 11:38:43,857]: [Iron_Data_Processor.py]: Load_Data: 118:       INFO:    [Data Has Been Load]
[2025-02-07 11:38:43,857]: [Iron_Data_Processor.py]: Load_positions: 140:       INFO:    [Positions Are Ready]
[2025-02-07 11:38:43,857]: [Iron_Data_Processor.py]: Load_positions: 140:       INFO:    [Positions Are Ready]
[2025-02-07 11:38:44,917]: [Iron_Data_Processor.py]: Make_Tagged_Images: 193:       INFO:    [Images Has Been Made]
[2025-02-07 11:38:45,812]: [Iron_Data_Processor.py]: Make_Tagged_Images: 193:       INFO:    [Images Has Been Made]
[2025-02-07 11:38:46,064]: [Iron_Data_Processor.py]: Make_Cover_Page: 215:       INFO:    [Made Cover Pages]
[2025-02-07 11:38:46,064]: [Iron.py]: Run: 29:       INFO:    [Imagination Phase Completed]
[2025-02-07 11:38:50,636]: [Phone_Scraper.py]: Scrap: 58:       INFO:    [Data Scraped]
[2025-02-07 11:38:50,637]: [Phone_Scraper.py]: Scrap: 71:       INFO:    [Scraped Data Successfully]
[2025-02-07 11:38:50,637]: [Phone.py]: Run: 26:       INFO:    [Scraping Phase Complete]
[2025-02-07 11:38:50,637]: [Phone_Data_Processor.py]: data_reader: 38:       INFO:    [Scraped Data Loaded]
[2025-02-07 11:38:50,638]: [Phone_Data_Processor.py]: filter_list: 65:       INFO:    [Persian Phrases Are deleted]
[2025-02-07 11:38:50,638]: [Phone_Data_Processor.py]: reshape_list: 87:       INFO:    [Date Reshaped]
[2025-02-07 11:38:50,639]: [Phone_Data_Processor.py]: separate_brands: 124:       INFO:    [Brands Are Separated]
[2025-02-07 11:38:50,639]: [Phone_Data_Processor.py]: delete_extra_spaces: 141:       INFO:    [Extra Spaces Are Deleted]
[2025-02-07 11:38:51,247]: [Phone.py]: Run: 29:       INFO:    [Imagination Phase Complete]
[2025-02-07 11:38:51,248]: [selector_events.py]: __init__: 64:       DEBUG:    [Using selector: EpollSelector]
[2025-02-07 11:38:51,506]: [_bot.py]: _do_post: 643:       DEBUG:    [Calling Bot API endpoint `getMe` with parameters `{}`]
[2025-02-07 11:38:51,511]: [_trace.py]: atrace: 87:       DEBUG:    [connect_tcp.started host='api.telegram.org' port=443 local_address=None timeout=5.0 socket_options=None]
[2025-02-07 11:38:51,821]: [_trace.py]: atrace: 87:       DEBUG:    [connect_tcp.complete return_value=<httpcore._backends.anyio.AnyIOStream object at 0x7f5ed3ed57c0>]
[2025-02-07 11:38:51,821]: [_trace.py]: atrace: 87:       DEBUG:    [start_tls.started ssl_context=<ssl.SSLContext object at 0x7f5ed4533450> server_hostname='api.telegram.org' timeout=5.0]
[2025-02-07 11:38:51,973]: [_trace.py]: atrace: 87:       DEBUG:    [start_tls.complete return_value=<httpcore._backends.anyio.AnyIOStream object at 0x7f5edd3e0bc0>]
[2025-02-07 11:38:51,974]: [_trace.py]: atrace: 87:       DEBUG:    [send_request_headers.started request=<Request [b'POST']>]
[2025-02-07 11:38:51,974]: [_trace.py]: atrace: 87:       DEBUG:    [send_request_headers.complete]
[2025-02-07 11:38:51,974]: [_trace.py]: atrace: 87:       DEBUG:    [send_request_body.started request=<Request [b'POST']>]
[2025-02-07 11:38:51,974]: [_trace.py]: atrace: 87:       DEBUG:    [send_request_body.complete]
[2025-02-07 11:38:51,974]: [_trace.py]: atrace: 87:       DEBUG:    [receive_response_headers.started request=<Request [b'POST']>]
[2025-02-07 11:38:52,123]: [_trace.py]: atrace: 87:       DEBUG:    [receive_response_headers.complete return_value=(b'HTTP/1.1', 200, b'OK', [(b'Server', b'nginx/1.18.0'), (b'Date', b'Fri, 07 Feb 2025 11:38:52 GMT'), (b'Content-Type', b'application/json'), (b'Content-Length', b'258'), (b'Connection', b'keep-alive'), (b'Strict-Transport-Security', b'max-age=31536000; includeSubDomains; preload'), (b'Access-Control-Allow-Origin', b'*'), (b'Access-Control-Allow-Methods', b'GET, POST, OPTIONS'), (b'Access-Control-Expose-Headers', b'Content-Length,Content-Type,Date,Server,Connection')])]
[2025-02-07 11:38:52,124]: [_client.py]: _send_single_request: 1740:       INFO:    [HTTP Request: POST https://api.telegram.org/bot6030805959:AAGUHAMxLYc-PrevgKouJ3ZyM7ktu56ftjo/getMe "HTTP/1.1 200 OK"]
[2025-02-07 11:38:52,124]: [_trace.py]: atrace: 87:       DEBUG:    [receive_response_body.started request=<Request [b'POST']>]
[2025-02-07 11:38:52,124]: [_trace.py]: atrace: 87:       DEBUG:    [receive_response_body.complete]
[2025-02-07 11:38:52,124]: [_trace.py]: atrace: 87:       DEBUG:    [response_closed.started]
[2025-02-07 11:38:52,124]: [_trace.py]: atrace: 87:       DEBUG:    [response_closed.complete]
[2025-02-07 11:38:52,124]: [_bot.py]: _do_post: 652:       DEBUG:    [Call to Bot API endpoint `getMe` finished with return value `{'id': 6030805959, 'is_bot': True, 'first_name': 'TyPHoone', 'username': 'TyPHoone_Project_bot', 'can_join_groups': True, 'can_read_all_group_messages': False, 'supports_inline_queries': False, 'can_connect_to_business': False, 'has_main_web_app': False}`]
[2025-02-07 11:38:52,127]: [_bot.py]: _do_post: 643:       DEBUG:    [Calling Bot API endpoint `sendDocument` with parameters `{'chat_id': '-4119703192', 'document': <telegram._files.inputfile.InputFile object at 0x7f5edc1def00>}`]
[2025-02-07 11:38:52,128]: [_trace.py]: atrace: 87:       DEBUG:    [send_request_headers.started request=<Request [b'POST']>]
[2025-02-07 11:38:52,128]: [_trace.py]: atrace: 87:       DEBUG:    [send_request_headers.complete]
[2025-02-07 11:38:52,128]: [_trace.py]: atrace: 87:       DEBUG:    [send_request_body.started request=<Request [b'POST']>]
[2025-02-07 11:38:52,129]: [_trace.py]: atrace: 87:       DEBUG:    [send_request_body.complete]
[2025-02-07 11:38:52,129]: [_trace.py]: atrace: 87:       DEBUG:    [receive_response_headers.started request=<Request [b'POST']>]
[2025-02-07 11:38:52,469]: [_trace.py]: atrace: 87:       DEBUG:    [receive_response_headers.complete return_value=(b'HTTP/1.1', 200, b'OK', [(b'Server', b'nginx/1.18.0'), (b'Date', b'Fri, 07 Feb 2025 11:38:52 GMT'), (b'Content-Type', b'application/json'), (b'Content-Length', b'464'), (b'Connection', b'keep-alive'), (b'Strict-Transport-Security', b'max-age=31536000; includeSubDomains; preload'), (b'Access-Control-Allow-Origin', b'*'), (b'Access-Control-Allow-Methods', b'GET, POST, OPTIONS'), (b'Access-Control-Expose-Headers', b'Content-Length,Content-Type,Date,Server,Connection')])]
[2025-02-07 11:38:52,469]: [_client.py]: _send_single_request: 1740:       INFO:    [HTTP Request: POST https://api.telegram.org/bot6030805959:AAGUHAMxLYc-PrevgKouJ3ZyM7ktu56ftjo/sendDocument "HTTP/1.1 200 OK"]
[2025-02-07 11:38:52,469]: [_trace.py]: atrace: 87:       DEBUG:    [receive_response_body.started request=<Request [b'POST']>]
[2025-02-07 11:38:52,469]: [_trace.py]: atrace: 87:       DEBUG:    [receive_response_body.complete]
[2025-02-07 11:38:52,469]: [_trace.py]: atrace: 87:       DEBUG:    [response_closed.started]
[2025-02-07 11:38:52,469]: [_trace.py]: atrace: 87:       DEBUG:    [response_closed.complete]
[2025-02-07 11:38:52,469]: [_bot.py]: _do_post: 652:       DEBUG:    [Call to Bot API endpoint `sendDocument` finished with return value `{'message_id': 2159, 'from': {'id': 6030805959, 'is_bot': True, 'first_name': 'TyPHoone', 'username': 'TyPHoone_Project_bot'}, 'chat': {'id': -4119703192, 'title': 'Robocop', 'type': 'group', 'all_members_are_administrators': True}, 'date': 1738928332, 'document': {'file_name': '(2025_02_07--11_38).log', 'mime_type': 'text/plain', 'file_id': 'BQACAgQAAxkDAAIIb2el8My6Wx59VzvvBB65DSTz5NhkAAI1GQACY2wxURyFWl4bLXABNgQ', 'file_unique_id': 'AgADNRkAAmNsMVE', 'file_size': 5937}}`]
[2025-02-07 11:38:52,470]: [_trace.py]: atrace: 87:       DEBUG:    [close.started]
[2025-02-07 11:38:52,470]: [_trace.py]: atrace: 87:       DEBUG:    [close.complete]
[2025-02-07 11:38:52,515]: [_bot.py]: _do_post: 643:       DEBUG:    [Calling Bot API endpoint `getMe` with parameters `{}`]
[2025-02-07 11:38:52,515]: [_trace.py]: atrace: 87:       DEBUG:    [connect_tcp.started host='api.telegram.org' port=443 local_address=None timeout=5.0 socket_options=None]
[2025-02-07 11:38:52,667]: [_trace.py]: atrace: 87:       DEBUG:    [connect_tcp.complete return_value=<httpcore._backends.anyio.AnyIOStream object at 0x7f5ed3d44740>]
[2025-02-07 11:38:52,668]: [_trace.py]: atrace: 87:       DEBUG:    [start_tls.started ssl_context=<ssl.SSLContext object at 0x7f5ed4533250> server_hostname='api.telegram.org' timeout=5.0]
[2025-02-07 11:38:52,822]: [_trace.py]: atrace: 87:       DEBUG:    [start_tls.complete return_value=<httpcore._backends.anyio.AnyIOStream object at 0x7f5ed3d37e30>]
[2025-02-07 11:38:52,822]: [_trace.py]: atrace: 87:       DEBUG:    [send_request_headers.started request=<Request [b'POST']>]
[2025-02-07 11:38:52,822]: [_trace.py]: atrace: 87:       DEBUG:    [send_request_headers.complete]
[2025-02-07 11:38:52,822]: [_trace.py]: atrace: 87:       DEBUG:    [send_request_body.started request=<Request [b'POST']>]
[2025-02-07 11:38:52,822]: [_trace.py]: atrace: 87:       DEBUG:    [send_request_body.complete]
[2025-02-07 11:38:52,822]: [_trace.py]: atrace: 87:       DEBUG:    [receive_response_headers.started request=<Request [b'POST']>]
[2025-02-07 11:38:52,973]: [_trace.py]: atrace: 87:       DEBUG:    [receive_response_headers.complete return_value=(b'HTTP/1.1', 200, b'OK', [(b'Server', b'nginx/1.18.0'), (b'Date', b'Fri, 07 Feb 2025 11:38:52 GMT'), (b'Content-Type', b'application/json'), (b'Content-Length', b'258'), (b'Connection', b'keep-alive'), (b'Strict-Transport-Security', b'max-age=31536000; includeSubDomains; preload'), (b'Access-Control-Allow-Origin', b'*'), (b'Access-Control-Allow-Methods', b'GET, POST, OPTIONS'), (b'Access-Control-Expose-Headers', b'Content-Length,Content-Type,Date,Server,Connection')])]
[2025-02-07 11:38:52,974]: [_client.py]: _send_single_request: 1740:       INFO:    [HTTP Request: POST https://api.telegram.org/bot6030805959:AAGUHAMxLYc-PrevgKouJ3ZyM7ktu56ftjo/getMe "HTTP/1.1 200 OK"]
[2025-02-07 11:38:52,974]: [_trace.py]: atrace: 87:       DEBUG:    [receive_response_body.started request=<Request [b'POST']>]
[2025-02-07 11:38:52,974]: [_trace.py]: atrace: 87:       DEBUG:    [receive_response_body.complete]
[2025-02-07 11:38:52,974]: [_trace.py]: atrace: 87:       DEBUG:    [response_closed.started]
[2025-02-07 11:38:52,974]: [_trace.py]: atrace: 87:       DEBUG:    [response_closed.complete]
[2025-02-07 11:38:52,974]: [_bot.py]: _do_post: 652:       DEBUG:    [Call to Bot API endpoint `getMe` finished with return value `{'id': 6030805959, 'is_bot': True, 'first_name': 'TyPHoone', 'username': 'TyPHoone_Project_bot', 'can_join_groups': True, 'can_read_all_group_messages': False, 'supports_inline_queries': False, 'can_connect_to_business': False, 'has_main_web_app': False}`]
[2025-02-07 11:38:52,976]: [_bot.py]: _do_post: 643:       DEBUG:    [Calling Bot API endpoint `sendDocument` with parameters `{'chat_id': '-4119703192', 'document': <telegram._files.inputfile.InputFile object at 0x7f5ed458c1c0>}`]
[2025-02-07 11:38:52,977]: [_trace.py]: atrace: 87:       DEBUG:    [send_request_headers.started request=<Request [b'POST']>]
[2025-02-07 11:38:52,977]: [_trace.py]: atrace: 87:       DEBUG:    [send_request_headers.complete]
[2025-02-07 11:38:52,977]: [_trace.py]: atrace: 87:       DEBUG:    [send_request_body.started request=<Request [b'POST']>]
[2025-02-07 11:38:54,335]: [_trace.py]: atrace: 87:       DEBUG:    [send_request_body.complete]
[2025-02-07 11:38:54,335]: [_trace.py]: atrace: 87:       DEBUG:    [receive_response_headers.started request=<Request [b'POST']>]
[2025-02-07 11:38:55,335]: [_trace.py]: atrace: 87:       DEBUG:    [receive_response_headers.complete return_value=(b'HTTP/1.1', 200, b'OK', [(b'Server', b'nginx/1.18.0'), (b'Date', b'Fri, 07 Feb 2025 11:38:55 GMT'), (b'Content-Type', b'application/json'), (b'Content-Length', b'478'), (b'Connection', b'keep-alive'), (b'Strict-Transport-Security', b'max-age=31536000; includeSubDomains; preload'), (b'Access-Control-Allow-Origin', b'*'), (b'Access-Control-Allow-Methods', b'GET, POST, OPTIONS'), (b'Access-Control-Expose-Headers', b'Content-Length,Content-Type,Date,Server,Connection')])]
[2025-02-07 11:38:55,336]: [_client.py]: _send_single_request: 1740:       INFO:    [HTTP Request: POST https://api.telegram.org/bot6030805959:AAGUHAMxLYc-PrevgKouJ3ZyM7ktu56ftjo/sendDocument "HTTP/1.1 200 OK"]
[2025-02-07 11:38:55,336]: [_trace.py]: atrace: 87:       DEBUG:    [receive_response_body.started request=<Request [b'POST']>]
[2025-02-07 11:38:55,336]: [_trace.py]: atrace: 87:       DEBUG:    [receive_response_body.complete]
[2025-02-07 11:38:55,336]: [_trace.py]: atrace: 87:       DEBUG:    [response_closed.started]
[2025-02-07 11:38:55,336]: [_trace.py]: atrace: 87:       DEBUG:    [response_closed.complete]
[2025-02-07 11:38:55,336]: [_bot.py]: _do_post: 652:       DEBUG:    [Call to Bot API endpoint `sendDocument` finished with return value `{'message_id': 2160, 'from': {'id': 6030805959, 'is_bot': True, 'first_name': 'TyPHoone', 'username': 'TyPHoone_Project_bot'}, 'chat': {'id': -4119703192, 'title': 'Robocop', 'type': 'group', 'all_members_are_administrators': True}, 'date': 1738928335, 'document': {'file_name': '(2025_02_07--11_38)output.zip', 'mime_type': 'application/zip', 'file_id': 'BQACAgQAAxkDAAIIcGel8M4gHUlvnmuAf6Egwkpm5SK5AAI2GQACY2wxUb_lJskGZcseNgQ', 'file_unique_id': 'AgADNhkAAmNsMVE', 'file_size': 9489878}}`]
[2025-02-07 11:38:55,337]: [_trace.py]: atrace: 87:       DEBUG:    [close.started]
[2025-02-07 11:38:55,337]: [_trace.py]: atrace: 87:       DEBUG:    [close.complete]
[2025-02-07 11:38:55,337]: [Telegram_Sender.py]: runner: 61:       INFO:    [sent successfully]
[2025-02-07 11:38:55,338]: [Main.py]: <module>: 48:       INFO:    [Finished]
