[2025-11-21 11:40:50,811]: [Main.py]: <module>: 21:       INFO:    [Started]
[2025-11-21 11:40:52,856]: [Iron_Scraper.py]: Scrap: 32:       INFO:    [Data Scaraped Successfully]
[2025-11-21 11:40:53,056]: [Iron_Scraper.py]: Scrap: 70:       INFO:    [Scrapped Data Has No Problem]
[2025-11-21 11:40:53,056]: [Iron_Scraper.py]: Scrap: 83:       INFO:    [Data Saved Successfully]
[2025-11-21 11:40:53,056]: [Iron.py]: Run: 26:       INFO:    [Scraping Phase Completed]
[2025-11-21 11:40:53,056]: [Iron_Data_Processor.py]: Data_Reader: 61:       INFO:    [Data File Has Been Red Successfully]
[2025-11-21 11:40:53,057]: [Iron_Data_Processor.py]: Shaper: 78:       INFO:    [Data Shaped]
[2025-11-21 11:40:53,057]: [Iron_Data_Processor.py]: Process: 228:       INFO:    [Data Cleaned]
[2025-11-21 11:40:53,057]: [Iron_Data_Processor.py]: Make_Pages_Objects: 101:       INFO:    [Page Objects Has Been Made]
[2025-11-21 11:40:53,057]: [Iron_Data_Processor.py]: Make_Pages_Objects: 101:       INFO:    [Page Objects Has Been Made]
[2025-11-21 11:40:53,057]: [Iron_Data_Processor.py]: Load_Data: 118:       INFO:    [Data Has Been Load]
[2025-11-21 11:40:53,057]: [Iron_Data_Processor.py]: Load_Data: 118:       INFO:    [Data Has Been Load]
[2025-11-21 11:40:53,057]: [Iron_Data_Processor.py]: Load_positions: 140:       INFO:    [Positions Are Ready]
[2025-11-21 11:40:53,058]: [Iron_Data_Processor.py]: Load_positions: 140:       INFO:    [Positions Are Ready]
[2025-11-21 11:40:54,184]: [Iron_Data_Processor.py]: Make_Tagged_Images: 193:       INFO:    [Images Has Been Made]
[2025-11-21 11:40:55,124]: [Iron_Data_Processor.py]: Make_Tagged_Images: 193:       INFO:    [Images Has Been Made]
[2025-11-21 11:40:55,378]: [Iron_Data_Processor.py]: Make_Cover_Page: 215:       INFO:    [Made Cover Pages]
[2025-11-21 11:40:55,379]: [Iron.py]: Run: 29:       INFO:    [Imagination Phase Completed]
[2025-11-21 11:40:59,275]: [Phone_Scraper.py]: Scrap: 58:       INFO:    [Data Scraped]
[2025-11-21 11:40:59,276]: [Phone_Scraper.py]: Scrap: 71:       INFO:    [Scraped Data Successfully]
[2025-11-21 11:40:59,276]: [Phone.py]: Run: 26:       INFO:    [Scraping Phase Complete]
[2025-11-21 11:40:59,276]: [Phone_Data_Processor.py]: data_reader: 38:       INFO:    [Scraped Data Loaded]
[2025-11-21 11:40:59,277]: [Phone_Data_Processor.py]: filter_list: 65:       INFO:    [Persian Phrases Are deleted]
[2025-11-21 11:40:59,278]: [Phone_Data_Processor.py]: reshape_list: 87:       INFO:    [Date Reshaped]
[2025-11-21 11:40:59,278]: [Phone_Data_Processor.py]: separate_brands: 124:       INFO:    [Brands Are Separated]
[2025-11-21 11:40:59,278]: [Phone_Data_Processor.py]: delete_extra_spaces: 141:       INFO:    [Extra Spaces Are Deleted]
[2025-11-21 11:41:00,013]: [Phone.py]: Run: 29:       INFO:    [Imagination Phase Complete]
[2025-11-21 11:41:00,013]: [selector_events.py]: __init__: 64:       DEBUG:    [Using selector: EpollSelector]
[2025-11-21 11:41:00,289]: [_bot.py]: _do_post: 643:       DEBUG:    [Calling Bot API endpoint `getMe` with parameters `{}`]
[2025-11-21 11:41:00,293]: [_trace.py]: atrace: 87:       DEBUG:    [connect_tcp.started host='api.telegram.org' port=443 local_address=None timeout=5.0 socket_options=None]
[2025-11-21 11:41:00,444]: [_trace.py]: atrace: 87:       DEBUG:    [connect_tcp.complete return_value=<httpcore._backends.anyio.AnyIOStream object at 0x7fc52bcb6ba0>]
[2025-11-21 11:41:00,444]: [_trace.py]: atrace: 87:       DEBUG:    [start_tls.started ssl_context=<ssl.SSLContext object at 0x7fc52c6bde50> server_hostname='api.telegram.org' timeout=5.0]
[2025-11-21 11:41:00,589]: [_trace.py]: atrace: 87:       DEBUG:    [start_tls.complete return_value=<httpcore._backends.anyio.AnyIOStream object at 0x7fc52c7329f0>]
[2025-11-21 11:41:00,589]: [_trace.py]: atrace: 87:       DEBUG:    [send_request_headers.started request=<Request [b'POST']>]
[2025-11-21 11:41:00,589]: [_trace.py]: atrace: 87:       DEBUG:    [send_request_headers.complete]
[2025-11-21 11:41:00,589]: [_trace.py]: atrace: 87:       DEBUG:    [send_request_body.started request=<Request [b'POST']>]
[2025-11-21 11:41:00,589]: [_trace.py]: atrace: 87:       DEBUG:    [send_request_body.complete]
[2025-11-21 11:41:00,589]: [_trace.py]: atrace: 87:       DEBUG:    [receive_response_headers.started request=<Request [b'POST']>]
[2025-11-21 11:41:00,733]: [_trace.py]: atrace: 87:       DEBUG:    [receive_response_headers.complete return_value=(b'HTTP/1.1', 200, b'OK', [(b'Server', b'nginx/1.18.0'), (b'Date', b'Fri, 21 Nov 2025 11:41:00 GMT'), (b'Content-Type', b'application/json'), (b'Content-Length', b'258'), (b'Connection', b'keep-alive'), (b'Strict-Transport-Security', b'max-age=31536000; includeSubDomains; preload'), (b'Access-Control-Allow-Origin', b'*'), (b'Access-Control-Allow-Methods', b'GET, POST, OPTIONS'), (b'Access-Control-Expose-Headers', b'Content-Length,Content-Type,Date,Server,Connection')])]
[2025-11-21 11:41:00,733]: [_client.py]: _send_single_request: 1740:       INFO:    [HTTP Request: POST https://api.telegram.org/bot6030805959:AAGUHAMxLYc-PrevgKouJ3ZyM7ktu56ftjo/getMe "HTTP/1.1 200 OK"]
[2025-11-21 11:41:00,733]: [_trace.py]: atrace: 87:       DEBUG:    [receive_response_body.started request=<Request [b'POST']>]
[2025-11-21 11:41:00,733]: [_trace.py]: atrace: 87:       DEBUG:    [receive_response_body.complete]
[2025-11-21 11:41:00,733]: [_trace.py]: atrace: 87:       DEBUG:    [response_closed.started]
[2025-11-21 11:41:00,733]: [_trace.py]: atrace: 87:       DEBUG:    [response_closed.complete]
[2025-11-21 11:41:00,733]: [_bot.py]: _do_post: 652:       DEBUG:    [Call to Bot API endpoint `getMe` finished with return value `{'id': 6030805959, 'is_bot': True, 'first_name': 'TyPHoone', 'username': 'TyPHoone_Project_bot', 'can_join_groups': True, 'can_read_all_group_messages': False, 'supports_inline_queries': False, 'can_connect_to_business': False, 'has_main_web_app': False}`]
[2025-11-21 11:41:00,736]: [_bot.py]: _do_post: 643:       DEBUG:    [Calling Bot API endpoint `sendDocument` with parameters `{'chat_id': '-4119703192', 'document': <telegram._files.inputfile.InputFile object at 0x7fc52d12b8c0>}`]
[2025-11-21 11:41:00,737]: [_trace.py]: atrace: 87:       DEBUG:    [send_request_headers.started request=<Request [b'POST']>]
[2025-11-21 11:41:00,737]: [_trace.py]: atrace: 87:       DEBUG:    [send_request_headers.complete]
[2025-11-21 11:41:00,737]: [_trace.py]: atrace: 87:       DEBUG:    [send_request_body.started request=<Request [b'POST']>]
[2025-11-21 11:41:00,738]: [_trace.py]: atrace: 87:       DEBUG:    [send_request_body.complete]
[2025-11-21 11:41:00,738]: [_trace.py]: atrace: 87:       DEBUG:    [receive_response_headers.started request=<Request [b'POST']>]
[2025-11-21 11:41:01,062]: [_trace.py]: atrace: 87:       DEBUG:    [receive_response_headers.complete return_value=(b'HTTP/1.1', 200, b'OK', [(b'Server', b'nginx/1.18.0'), (b'Date', b'Fri, 21 Nov 2025 11:41:00 GMT'), (b'Content-Type', b'application/json'), (b'Content-Length', b'586'), (b'Connection', b'keep-alive'), (b'Strict-Transport-Security', b'max-age=31536000; includeSubDomains; preload'), (b'Access-Control-Allow-Origin', b'*'), (b'Access-Control-Allow-Methods', b'GET, POST, OPTIONS'), (b'Access-Control-Expose-Headers', b'Content-Length,Content-Type,Date,Server,Connection')])]
[2025-11-21 11:41:01,062]: [_client.py]: _send_single_request: 1740:       INFO:    [HTTP Request: POST https://api.telegram.org/bot6030805959:AAGUHAMxLYc-PrevgKouJ3ZyM7ktu56ftjo/sendDocument "HTTP/1.1 200 OK"]
[2025-11-21 11:41:01,063]: [_trace.py]: atrace: 87:       DEBUG:    [receive_response_body.started request=<Request [b'POST']>]
[2025-11-21 11:41:01,063]: [_trace.py]: atrace: 87:       DEBUG:    [receive_response_body.complete]
[2025-11-21 11:41:01,063]: [_trace.py]: atrace: 87:       DEBUG:    [response_closed.started]
[2025-11-21 11:41:01,063]: [_trace.py]: atrace: 87:       DEBUG:    [response_closed.complete]
[2025-11-21 11:41:01,063]: [_bot.py]: _do_post: 652:       DEBUG:    [Call to Bot API endpoint `sendDocument` finished with return value `{'message_id': 2740, 'from': {'id': 6030805959, 'is_bot': True, 'first_name': 'TyPHoone', 'username': 'TyPHoone_Project_bot'}, 'chat': {'id': -4119703192, 'title': 'Robocop', 'type': 'group', 'all_members_are_administrators': True, 'accepted_gift_types': {'unlimited_gifts': False, 'limited_gifts': False, 'unique_gifts': False, 'premium_subscription': False}}, 'date': 1763725260, 'document': {'file_name': '(2025_11_21--11_40).log', 'mime_type': 'text/plain', 'file_id': 'BQACAgQAAxkDAAIKtGkgT8yrAf6AClDXYIKj-5MFHp4GAAIvHgACIdwAAVFO8e5EMNJ95zYE', 'file_unique_id': 'AgADLx4AAiHcAAFR', 'file_size': 5937}}`]
[2025-11-21 11:41:01,064]: [_trace.py]: atrace: 87:       DEBUG:    [close.started]
[2025-11-21 11:41:01,064]: [_trace.py]: atrace: 87:       DEBUG:    [close.complete]
[2025-11-21 11:41:01,106]: [_bot.py]: _do_post: 643:       DEBUG:    [Calling Bot API endpoint `getMe` with parameters `{}`]
[2025-11-21 11:41:01,106]: [_trace.py]: atrace: 87:       DEBUG:    [connect_tcp.started host='api.telegram.org' port=443 local_address=None timeout=5.0 socket_options=None]
[2025-11-21 11:41:01,251]: [_trace.py]: atrace: 87:       DEBUG:    [connect_tcp.complete return_value=<httpcore._backends.anyio.AnyIOStream object at 0x7fc52bd10f50>]
[2025-11-21 11:41:01,251]: [_trace.py]: atrace: 87:       DEBUG:    [start_tls.started ssl_context=<ssl.SSLContext object at 0x7fc52c6bdd50> server_hostname='api.telegram.org' timeout=5.0]
[2025-11-21 11:41:01,400]: [_trace.py]: atrace: 87:       DEBUG:    [start_tls.complete return_value=<httpcore._backends.anyio.AnyIOStream object at 0x7fc52d193e90>]
[2025-11-21 11:41:01,400]: [_trace.py]: atrace: 87:       DEBUG:    [send_request_headers.started request=<Request [b'POST']>]
[2025-11-21 11:41:01,400]: [_trace.py]: atrace: 87:       DEBUG:    [send_request_headers.complete]
[2025-11-21 11:41:01,400]: [_trace.py]: atrace: 87:       DEBUG:    [send_request_body.started request=<Request [b'POST']>]
[2025-11-21 11:41:01,400]: [_trace.py]: atrace: 87:       DEBUG:    [send_request_body.complete]
[2025-11-21 11:41:01,400]: [_trace.py]: atrace: 87:       DEBUG:    [receive_response_headers.started request=<Request [b'POST']>]
[2025-11-21 11:41:01,544]: [_trace.py]: atrace: 87:       DEBUG:    [receive_response_headers.complete return_value=(b'HTTP/1.1', 200, b'OK', [(b'Server', b'nginx/1.18.0'), (b'Date', b'Fri, 21 Nov 2025 11:41:01 GMT'), (b'Content-Type', b'application/json'), (b'Content-Length', b'258'), (b'Connection', b'keep-alive'), (b'Strict-Transport-Security', b'max-age=31536000; includeSubDomains; preload'), (b'Access-Control-Allow-Origin', b'*'), (b'Access-Control-Allow-Methods', b'GET, POST, OPTIONS'), (b'Access-Control-Expose-Headers', b'Content-Length,Content-Type,Date,Server,Connection')])]
[2025-11-21 11:41:01,544]: [_client.py]: _send_single_request: 1740:       INFO:    [HTTP Request: POST https://api.telegram.org/bot6030805959:AAGUHAMxLYc-PrevgKouJ3ZyM7ktu56ftjo/getMe "HTTP/1.1 200 OK"]
[2025-11-21 11:41:01,545]: [_trace.py]: atrace: 87:       DEBUG:    [receive_response_body.started request=<Request [b'POST']>]
[2025-11-21 11:41:01,545]: [_trace.py]: atrace: 87:       DEBUG:    [receive_response_body.complete]
[2025-11-21 11:41:01,545]: [_trace.py]: atrace: 87:       DEBUG:    [response_closed.started]
[2025-11-21 11:41:01,545]: [_trace.py]: atrace: 87:       DEBUG:    [response_closed.complete]
[2025-11-21 11:41:01,545]: [_bot.py]: _do_post: 652:       DEBUG:    [Call to Bot API endpoint `getMe` finished with return value `{'id': 6030805959, 'is_bot': True, 'first_name': 'TyPHoone', 'username': 'TyPHoone_Project_bot', 'can_join_groups': True, 'can_read_all_group_messages': False, 'supports_inline_queries': False, 'can_connect_to_business': False, 'has_main_web_app': False}`]
[2025-11-21 11:41:01,548]: [_bot.py]: _do_post: 643:       DEBUG:    [Calling Bot API endpoint `sendDocument` with parameters `{'chat_id': '-4119703192', 'document': <telegram._files.inputfile.InputFile object at 0x7fc52c6e2e80>}`]
[2025-11-21 11:41:01,548]: [_trace.py]: atrace: 87:       DEBUG:    [send_request_headers.started request=<Request [b'POST']>]
[2025-11-21 11:41:01,548]: [_trace.py]: atrace: 87:       DEBUG:    [send_request_headers.complete]
[2025-11-21 11:41:01,548]: [_trace.py]: atrace: 87:       DEBUG:    [send_request_body.started request=<Request [b'POST']>]
[2025-11-21 11:41:02,853]: [_trace.py]: atrace: 87:       DEBUG:    [send_request_body.complete]
[2025-11-21 11:41:02,853]: [_trace.py]: atrace: 87:       DEBUG:    [receive_response_headers.started request=<Request [b'POST']>]
[2025-11-21 11:41:03,544]: [_trace.py]: atrace: 87:       DEBUG:    [receive_response_headers.complete return_value=(b'HTTP/1.1', 200, b'OK', [(b'Server', b'nginx/1.18.0'), (b'Date', b'Fri, 21 Nov 2025 11:41:03 GMT'), (b'Content-Type', b'application/json'), (b'Content-Length', b'601'), (b'Connection', b'keep-alive'), (b'Strict-Transport-Security', b'max-age=31536000; includeSubDomains; preload'), (b'Access-Control-Allow-Origin', b'*'), (b'Access-Control-Allow-Methods', b'GET, POST, OPTIONS'), (b'Access-Control-Expose-Headers', b'Content-Length,Content-Type,Date,Server,Connection')])]
[2025-11-21 11:41:03,545]: [_client.py]: _send_single_request: 1740:       INFO:    [HTTP Request: POST https://api.telegram.org/bot6030805959:AAGUHAMxLYc-PrevgKouJ3ZyM7ktu56ftjo/sendDocument "HTTP/1.1 200 OK"]
[2025-11-21 11:41:03,545]: [_trace.py]: atrace: 87:       DEBUG:    [receive_response_body.started request=<Request [b'POST']>]
[2025-11-21 11:41:03,545]: [_trace.py]: atrace: 87:       DEBUG:    [receive_response_body.complete]
[2025-11-21 11:41:03,545]: [_trace.py]: atrace: 87:       DEBUG:    [response_closed.started]
[2025-11-21 11:41:03,545]: [_trace.py]: atrace: 87:       DEBUG:    [response_closed.complete]
[2025-11-21 11:41:03,545]: [_bot.py]: _do_post: 652:       DEBUG:    [Call to Bot API endpoint `sendDocument` finished with return value `{'message_id': 2741, 'from': {'id': 6030805959, 'is_bot': True, 'first_name': 'TyPHoone', 'username': 'TyPHoone_Project_bot'}, 'chat': {'id': -4119703192, 'title': 'Robocop', 'type': 'group', 'all_members_are_administrators': True, 'accepted_gift_types': {'unlimited_gifts': False, 'limited_gifts': False, 'unique_gifts': False, 'premium_subscription': False}}, 'date': 1763725263, 'document': {'file_name': '(2025_11_21--11_40)output.zip', 'mime_type': 'application/zip', 'file_id': 'BQACAgQAAxkDAAIKtWkgT8_zX3ZA2647wCQTGZ9xXKr0AAIwHgACIdwAAVHoyhOQwrifvzYE', 'file_unique_id': 'AgADMB4AAiHcAAFR', 'file_size': 10111602}}`]
[2025-11-21 11:41:03,545]: [_trace.py]: atrace: 87:       DEBUG:    [close.started]
[2025-11-21 11:41:03,546]: [_trace.py]: atrace: 87:       DEBUG:    [close.complete]
[2025-11-21 11:41:03,546]: [Telegram_Sender.py]: runner: 61:       INFO:    [sent successfully]
[2025-11-21 11:41:03,546]: [Main.py]: <module>: 48:       INFO:    [Finished]
