[2024-04-26 14:38:51,434]: [Main.py]: <module>: 21:       INFO:    [Started]
[2024-04-26 14:38:53,530]: [Iron_Scraper.py]: Scrap: 32:       INFO:    [Data Scaraped Successfully]
[2024-04-26 14:38:53,724]: [Iron_Scraper.py]: Scrap: 70:       INFO:    [Scrapped Data Has No Problem]
[2024-04-26 14:38:53,724]: [Iron_Scraper.py]: Scrap: 83:       INFO:    [Data Saved Successfully]
[2024-04-26 14:38:53,724]: [Iron.py]: Run: 26:       INFO:    [Scraping Phase Completed]
[2024-04-26 14:38:53,725]: [Iron_Data_Processor.py]: Data_Reader: 61:       INFO:    [Data File Has Been Red Successfully]
[2024-04-26 14:38:53,725]: [Iron_Data_Processor.py]: Shaper: 78:       INFO:    [Data Shaped]
[2024-04-26 14:38:53,725]: [Iron_Data_Processor.py]: Process: 225:       INFO:    [Data Cleaned]
[2024-04-26 14:38:53,725]: [Iron_Data_Processor.py]: Make_Pages_Objects: 101:       INFO:    [Page Objects Has Been Made]
[2024-04-26 14:38:53,725]: [Iron_Data_Processor.py]: Make_Pages_Objects: 101:       INFO:    [Page Objects Has Been Made]
[2024-04-26 14:38:53,725]: [Iron_Data_Processor.py]: Load_Data: 118:       INFO:    [Data Has Been Load]
[2024-04-26 14:38:53,725]: [Iron_Data_Processor.py]: Load_Data: 118:       INFO:    [Data Has Been Load]
[2024-04-26 14:38:53,726]: [Iron_Data_Processor.py]: Load_positions: 140:       INFO:    [Positions Are Ready]
[2024-04-26 14:38:53,726]: [Iron_Data_Processor.py]: Load_positions: 140:       INFO:    [Positions Are Ready]
[2024-04-26 14:38:55,450]: [Iron_Data_Processor.py]: Make_Tagged_Images: 192:       INFO:    [Images Has Been Made]
[2024-04-26 14:38:56,967]: [Iron_Data_Processor.py]: Make_Tagged_Images: 192:       INFO:    [Images Has Been Made]
[2024-04-26 14:38:57,392]: [Iron_Data_Processor.py]: Make_Cover_Page: 212:       INFO:    [Made Cover Pages]
[2024-04-26 14:38:57,392]: [Iron.py]: Run: 29:       INFO:    [Imagination Phase Completed]
[2024-04-26 14:39:01,933]: [Phone_Scraper.py]: Scrap: 58:       INFO:    [Data Scraped]
[2024-04-26 14:39:01,933]: [Phone_Scraper.py]: Scrap: 71:       INFO:    [Scraped Data Successfully]
[2024-04-26 14:39:01,934]: [Phone.py]: Run: 26:       INFO:    [Scraping Phase Complete]
[2024-04-26 14:39:01,934]: [Phone_Data_Processor.py]: data_reader: 37:       INFO:    [Scraped Data Loaded]
[2024-04-26 14:39:01,935]: [Phone_Data_Processor.py]: filter_list: 64:       INFO:    [Persian Phrases Are deleted]
[2024-04-26 14:39:01,936]: [Phone_Data_Processor.py]: reshape_list: 86:       INFO:    [Date Reshaped]
[2024-04-26 14:39:01,936]: [Phone_Data_Processor.py]: separate_brands: 123:       INFO:    [Brands Are Separated]
[2024-04-26 14:39:01,937]: [Phone_Data_Processor.py]: delete_extra_spaces: 140:       INFO:    [Extra Spaces Are Deleted]
[2024-04-26 14:39:02,971]: [Phone.py]: Run: 29:       INFO:    [Imagination Phase Complete]
[2024-04-26 14:39:02,971]: [selector_events.py]: __init__: 64:       DEBUG:    [Using selector: EpollSelector]
[2024-04-26 14:39:02,971]: [_bot.py]: _do_post: 643:       DEBUG:    [Calling Bot API endpoint `getMe` with parameters `{}`]
[2024-04-26 14:39:02,975]: [_trace.py]: atrace: 85:       DEBUG:    [connect_tcp.started host='api.telegram.org' port=443 local_address=None timeout=5.0 socket_options=None]
[2024-04-26 14:39:03,185]: [_trace.py]: atrace: 85:       DEBUG:    [connect_tcp.complete return_value=<httpcore._backends.anyio.AnyIOStream object at 0x7fec027145f0>]
[2024-04-26 14:39:03,185]: [_trace.py]: atrace: 85:       DEBUG:    [start_tls.started ssl_context=<ssl.SSLContext object at 0x7fec02241d50> server_hostname='api.telegram.org' timeout=5.0]
[2024-04-26 14:39:03,335]: [_trace.py]: atrace: 85:       DEBUG:    [start_tls.complete return_value=<httpcore._backends.anyio.AnyIOStream object at 0x7fec02c84d70>]
[2024-04-26 14:39:03,335]: [_trace.py]: atrace: 85:       DEBUG:    [send_request_headers.started request=<Request [b'POST']>]
[2024-04-26 14:39:03,335]: [_trace.py]: atrace: 85:       DEBUG:    [send_request_headers.complete]
[2024-04-26 14:39:03,335]: [_trace.py]: atrace: 85:       DEBUG:    [send_request_body.started request=<Request [b'POST']>]
[2024-04-26 14:39:03,335]: [_trace.py]: atrace: 85:       DEBUG:    [send_request_body.complete]
[2024-04-26 14:39:03,335]: [_trace.py]: atrace: 85:       DEBUG:    [receive_response_headers.started request=<Request [b'POST']>]
[2024-04-26 14:39:03,483]: [_trace.py]: atrace: 85:       DEBUG:    [receive_response_headers.complete return_value=(b'HTTP/1.1', 200, b'OK', [(b'Server', b'nginx/1.18.0'), (b'Date', b'Fri, 26 Apr 2024 14:39:03 GMT'), (b'Content-Type', b'application/json'), (b'Content-Length', b'237'), (b'Connection', b'keep-alive'), (b'Strict-Transport-Security', b'max-age=31536000; includeSubDomains; preload'), (b'Access-Control-Allow-Origin', b'*'), (b'Access-Control-Allow-Methods', b'GET, POST, OPTIONS'), (b'Access-Control-Expose-Headers', b'Content-Length,Content-Type,Date,Server,Connection')])]
[2024-04-26 14:39:03,483]: [_client.py]: _send_single_request: 1773:       INFO:    [HTTP Request: POST https://api.telegram.org/bot6030805959:AAGUHAMxLYc-PrevgKouJ3ZyM7ktu56ftjo/getMe "HTTP/1.1 200 OK"]
[2024-04-26 14:39:03,483]: [_trace.py]: atrace: 85:       DEBUG:    [receive_response_body.started request=<Request [b'POST']>]
[2024-04-26 14:39:03,483]: [_trace.py]: atrace: 85:       DEBUG:    [receive_response_body.complete]
[2024-04-26 14:39:03,483]: [_trace.py]: atrace: 85:       DEBUG:    [response_closed.started]
[2024-04-26 14:39:03,483]: [_trace.py]: atrace: 85:       DEBUG:    [response_closed.complete]
[2024-04-26 14:39:03,484]: [_bot.py]: _do_post: 652:       DEBUG:    [Call to Bot API endpoint `getMe` finished with return value `{'id': 6030805959, 'is_bot': True, 'first_name': 'TyPHoone_bot', 'username': 'TyPHoone_Project_bot', 'can_join_groups': True, 'can_read_all_group_messages': False, 'supports_inline_queries': False, 'can_connect_to_business': False}`]
[2024-04-26 14:39:03,484]: [_trace.py]: atrace: 85:       DEBUG:    [close.started]
[2024-04-26 14:39:03,484]: [_trace.py]: atrace: 85:       DEBUG:    [close.complete]
[2024-04-26 14:39:03,484]: [Telegram_Sender.py]: runner: 40:       CRITICAL:    [Files Didnt sent]
[2024-04-26 14:39:03,485]: [Main.py]: <module>: 48:       INFO:    [Finished]
