[2025-09-15 11:39:58,224]: [Main.py]: <module>: 21:       INFO:    [Started]
[2025-09-15 11:40:00,128]: [Iron_Scraper.py]: Scrap: 32:       INFO:    [Data Scaraped Successfully]
[2025-09-15 11:40:00,329]: [Iron_Scraper.py]: Scrap: 70:       INFO:    [Scrapped Data Has No Problem]
[2025-09-15 11:40:00,329]: [Iron_Scraper.py]: Scrap: 83:       INFO:    [Data Saved Successfully]
[2025-09-15 11:40:00,329]: [Iron.py]: Run: 26:       INFO:    [Scraping Phase Completed]
[2025-09-15 11:40:00,330]: [Iron_Data_Processor.py]: Data_Reader: 61:       INFO:    [Data File Has Been Red Successfully]
[2025-09-15 11:40:00,330]: [Iron_Data_Processor.py]: Shaper: 78:       INFO:    [Data Shaped]
[2025-09-15 11:40:00,330]: [Iron_Data_Processor.py]: Process: 228:       INFO:    [Data Cleaned]
[2025-09-15 11:40:00,330]: [Iron_Data_Processor.py]: Make_Pages_Objects: 101:       INFO:    [Page Objects Has Been Made]
[2025-09-15 11:40:00,330]: [Iron_Data_Processor.py]: Make_Pages_Objects: 101:       INFO:    [Page Objects Has Been Made]
[2025-09-15 11:40:00,330]: [Iron_Data_Processor.py]: Load_Data: 118:       INFO:    [Data Has Been Load]
[2025-09-15 11:40:00,330]: [Iron_Data_Processor.py]: Load_Data: 118:       INFO:    [Data Has Been Load]
[2025-09-15 11:40:00,331]: [Iron_Data_Processor.py]: Load_positions: 140:       INFO:    [Positions Are Ready]
[2025-09-15 11:40:00,331]: [Iron_Data_Processor.py]: Load_positions: 140:       INFO:    [Positions Are Ready]
[2025-09-15 11:40:01,444]: [Iron_Data_Processor.py]: Make_Tagged_Images: 193:       INFO:    [Images Has Been Made]
[2025-09-15 11:40:02,386]: [Iron_Data_Processor.py]: Make_Tagged_Images: 193:       INFO:    [Images Has Been Made]
[2025-09-15 11:40:02,639]: [Iron_Data_Processor.py]: Make_Cover_Page: 215:       INFO:    [Made Cover Pages]
[2025-09-15 11:40:02,640]: [Iron.py]: Run: 29:       INFO:    [Imagination Phase Completed]
[2025-09-15 11:40:07,754]: [Phone_Scraper.py]: Scrap: 58:       INFO:    [Data Scraped]
[2025-09-15 11:40:07,754]: [Phone_Scraper.py]: Scrap: 71:       INFO:    [Scraped Data Successfully]
[2025-09-15 11:40:07,755]: [Phone.py]: Run: 26:       INFO:    [Scraping Phase Complete]
[2025-09-15 11:40:07,755]: [Phone_Data_Processor.py]: data_reader: 38:       INFO:    [Scraped Data Loaded]
[2025-09-15 11:40:07,756]: [Phone_Data_Processor.py]: filter_list: 65:       INFO:    [Persian Phrases Are deleted]
[2025-09-15 11:40:07,756]: [Phone_Data_Processor.py]: reshape_list: 87:       INFO:    [Date Reshaped]
[2025-09-15 11:40:07,756]: [Phone_Data_Processor.py]: separate_brands: 124:       INFO:    [Brands Are Separated]
[2025-09-15 11:40:07,757]: [Phone_Data_Processor.py]: delete_extra_spaces: 141:       INFO:    [Extra Spaces Are Deleted]
[2025-09-15 11:40:08,405]: [Phone.py]: Run: 29:       INFO:    [Imagination Phase Complete]
[2025-09-15 11:40:08,405]: [selector_events.py]: __init__: 64:       DEBUG:    [Using selector: EpollSelector]
[2025-09-15 11:40:08,677]: [_bot.py]: _do_post: 643:       DEBUG:    [Calling Bot API endpoint `getMe` with parameters `{}`]
[2025-09-15 11:40:08,682]: [_trace.py]: atrace: 87:       DEBUG:    [connect_tcp.started host='api.telegram.org' port=443 local_address=None timeout=5.0 socket_options=None]
[2025-09-15 11:40:08,922]: [_trace.py]: atrace: 87:       DEBUG:    [connect_tcp.complete return_value=<httpcore._backends.anyio.AnyIOStream object at 0x7fce44674770>]
[2025-09-15 11:40:08,922]: [_trace.py]: atrace: 87:       DEBUG:    [start_tls.started ssl_context=<ssl.SSLContext object at 0x7fce43db5cd0> server_hostname='api.telegram.org' timeout=5.0]
[2025-09-15 11:40:09,073]: [_trace.py]: atrace: 87:       DEBUG:    [start_tls.complete return_value=<httpcore._backends.anyio.AnyIOStream object at 0x7fce445f7aa0>]
[2025-09-15 11:40:09,074]: [_trace.py]: atrace: 87:       DEBUG:    [send_request_headers.started request=<Request [b'POST']>]
[2025-09-15 11:40:09,074]: [_trace.py]: atrace: 87:       DEBUG:    [send_request_headers.complete]
[2025-09-15 11:40:09,074]: [_trace.py]: atrace: 87:       DEBUG:    [send_request_body.started request=<Request [b'POST']>]
[2025-09-15 11:40:09,074]: [_trace.py]: atrace: 87:       DEBUG:    [send_request_body.complete]
[2025-09-15 11:40:09,074]: [_trace.py]: atrace: 87:       DEBUG:    [receive_response_headers.started request=<Request [b'POST']>]
[2025-09-15 11:40:09,223]: [_trace.py]: atrace: 87:       DEBUG:    [receive_response_headers.complete return_value=(b'HTTP/1.1', 200, b'OK', [(b'Server', b'nginx/1.18.0'), (b'Date', b'Mon, 15 Sep 2025 11:40:09 GMT'), (b'Content-Type', b'application/json'), (b'Content-Length', b'258'), (b'Connection', b'keep-alive'), (b'Strict-Transport-Security', b'max-age=31536000; includeSubDomains; preload'), (b'Access-Control-Allow-Origin', b'*'), (b'Access-Control-Allow-Methods', b'GET, POST, OPTIONS'), (b'Access-Control-Expose-Headers', b'Content-Length,Content-Type,Date,Server,Connection')])]
[2025-09-15 11:40:09,223]: [_client.py]: _send_single_request: 1740:       INFO:    [HTTP Request: POST https://api.telegram.org/bot6030805959:AAGUHAMxLYc-PrevgKouJ3ZyM7ktu56ftjo/getMe "HTTP/1.1 200 OK"]
[2025-09-15 11:40:09,223]: [_trace.py]: atrace: 87:       DEBUG:    [receive_response_body.started request=<Request [b'POST']>]
[2025-09-15 11:40:09,224]: [_trace.py]: atrace: 87:       DEBUG:    [receive_response_body.complete]
[2025-09-15 11:40:09,224]: [_trace.py]: atrace: 87:       DEBUG:    [response_closed.started]
[2025-09-15 11:40:09,224]: [_trace.py]: atrace: 87:       DEBUG:    [response_closed.complete]
[2025-09-15 11:40:09,224]: [_bot.py]: _do_post: 652:       DEBUG:    [Call to Bot API endpoint `getMe` finished with return value `{'id': 6030805959, 'is_bot': True, 'first_name': 'TyPHoone', 'username': 'TyPHoone_Project_bot', 'can_join_groups': True, 'can_read_all_group_messages': False, 'supports_inline_queries': False, 'can_connect_to_business': False, 'has_main_web_app': False}`]
[2025-09-15 11:40:09,227]: [_bot.py]: _do_post: 643:       DEBUG:    [Calling Bot API endpoint `sendDocument` with parameters `{'chat_id': '-4119703192', 'document': <telegram._files.inputfile.InputFile object at 0x7fce433a9200>}`]
[2025-09-15 11:40:09,227]: [_trace.py]: atrace: 87:       DEBUG:    [send_request_headers.started request=<Request [b'POST']>]
[2025-09-15 11:40:09,228]: [_trace.py]: atrace: 87:       DEBUG:    [send_request_headers.complete]
[2025-09-15 11:40:09,228]: [_trace.py]: atrace: 87:       DEBUG:    [send_request_body.started request=<Request [b'POST']>]
[2025-09-15 11:40:09,228]: [_trace.py]: atrace: 87:       DEBUG:    [send_request_body.complete]
[2025-09-15 11:40:09,228]: [_trace.py]: atrace: 87:       DEBUG:    [receive_response_headers.started request=<Request [b'POST']>]
[2025-09-15 11:40:09,434]: [_trace.py]: atrace: 87:       DEBUG:    [receive_response_headers.complete return_value=(b'HTTP/1.1', 200, b'OK', [(b'Server', b'nginx/1.18.0'), (b'Date', b'Mon, 15 Sep 2025 11:40:09 GMT'), (b'Content-Type', b'application/json'), (b'Content-Length', b'584'), (b'Connection', b'keep-alive'), (b'Strict-Transport-Security', b'max-age=31536000; includeSubDomains; preload'), (b'Access-Control-Allow-Origin', b'*'), (b'Access-Control-Allow-Methods', b'GET, POST, OPTIONS'), (b'Access-Control-Expose-Headers', b'Content-Length,Content-Type,Date,Server,Connection')])]
[2025-09-15 11:40:09,434]: [_client.py]: _send_single_request: 1740:       INFO:    [HTTP Request: POST https://api.telegram.org/bot6030805959:AAGUHAMxLYc-PrevgKouJ3ZyM7ktu56ftjo/sendDocument "HTTP/1.1 200 OK"]
[2025-09-15 11:40:09,434]: [_trace.py]: atrace: 87:       DEBUG:    [receive_response_body.started request=<Request [b'POST']>]
[2025-09-15 11:40:09,434]: [_trace.py]: atrace: 87:       DEBUG:    [receive_response_body.complete]
[2025-09-15 11:40:09,434]: [_trace.py]: atrace: 87:       DEBUG:    [response_closed.started]
[2025-09-15 11:40:09,434]: [_trace.py]: atrace: 87:       DEBUG:    [response_closed.complete]
[2025-09-15 11:40:09,435]: [_bot.py]: _do_post: 652:       DEBUG:    [Call to Bot API endpoint `sendDocument` finished with return value `{'message_id': 2605, 'from': {'id': 6030805959, 'is_bot': True, 'first_name': 'TyPHoone', 'username': 'TyPHoone_Project_bot'}, 'chat': {'id': -4119703192, 'title': 'Robocop', 'type': 'group', 'all_members_are_administrators': True, 'accepted_gift_types': {'unlimited_gifts': False, 'limited_gifts': False, 'unique_gifts': False, 'premium_subscription': False}}, 'date': 1757936409, 'document': {'file_name': '(2025_09_15--11_39).log', 'mime_type': 'text/plain', 'file_id': 'BQACAgQAAxkDAAIKLWjH-xkEnT_nqR4gmhL2ohcm636hAAL6GQACup1AUl8Z_ZkwrOAGNgQ', 'file_unique_id': 'AgAD-hkAArqdQFI', 'file_size': 5937}}`]
[2025-09-15 11:40:09,435]: [_trace.py]: atrace: 87:       DEBUG:    [close.started]
[2025-09-15 11:40:09,435]: [_trace.py]: atrace: 87:       DEBUG:    [close.complete]
[2025-09-15 11:40:09,479]: [_bot.py]: _do_post: 643:       DEBUG:    [Calling Bot API endpoint `getMe` with parameters `{}`]
[2025-09-15 11:40:09,480]: [_trace.py]: atrace: 87:       DEBUG:    [connect_tcp.started host='api.telegram.org' port=443 local_address=None timeout=5.0 socket_options=None]
[2025-09-15 11:40:09,632]: [_trace.py]: atrace: 87:       DEBUG:    [connect_tcp.complete return_value=<httpcore._backends.anyio.AnyIOStream object at 0x7fce433c5670>]
[2025-09-15 11:40:09,632]: [_trace.py]: atrace: 87:       DEBUG:    [start_tls.started ssl_context=<ssl.SSLContext object at 0x7fce43db5bd0> server_hostname='api.telegram.org' timeout=5.0]
[2025-09-15 11:40:09,785]: [_trace.py]: atrace: 87:       DEBUG:    [start_tls.complete return_value=<httpcore._backends.anyio.AnyIOStream object at 0x7fce43d9b860>]
[2025-09-15 11:40:09,785]: [_trace.py]: atrace: 87:       DEBUG:    [send_request_headers.started request=<Request [b'POST']>]
[2025-09-15 11:40:09,785]: [_trace.py]: atrace: 87:       DEBUG:    [send_request_headers.complete]
[2025-09-15 11:40:09,785]: [_trace.py]: atrace: 87:       DEBUG:    [send_request_body.started request=<Request [b'POST']>]
[2025-09-15 11:40:09,786]: [_trace.py]: atrace: 87:       DEBUG:    [send_request_body.complete]
[2025-09-15 11:40:09,786]: [_trace.py]: atrace: 87:       DEBUG:    [receive_response_headers.started request=<Request [b'POST']>]
[2025-09-15 11:40:09,937]: [_trace.py]: atrace: 87:       DEBUG:    [receive_response_headers.complete return_value=(b'HTTP/1.1', 200, b'OK', [(b'Server', b'nginx/1.18.0'), (b'Date', b'Mon, 15 Sep 2025 11:40:09 GMT'), (b'Content-Type', b'application/json'), (b'Content-Length', b'258'), (b'Connection', b'keep-alive'), (b'Strict-Transport-Security', b'max-age=31536000; includeSubDomains; preload'), (b'Access-Control-Allow-Origin', b'*'), (b'Access-Control-Allow-Methods', b'GET, POST, OPTIONS'), (b'Access-Control-Expose-Headers', b'Content-Length,Content-Type,Date,Server,Connection')])]
[2025-09-15 11:40:09,937]: [_client.py]: _send_single_request: 1740:       INFO:    [HTTP Request: POST https://api.telegram.org/bot6030805959:AAGUHAMxLYc-PrevgKouJ3ZyM7ktu56ftjo/getMe "HTTP/1.1 200 OK"]
[2025-09-15 11:40:09,937]: [_trace.py]: atrace: 87:       DEBUG:    [receive_response_body.started request=<Request [b'POST']>]
[2025-09-15 11:40:09,937]: [_trace.py]: atrace: 87:       DEBUG:    [receive_response_body.complete]
[2025-09-15 11:40:09,937]: [_trace.py]: atrace: 87:       DEBUG:    [response_closed.started]
[2025-09-15 11:40:09,937]: [_trace.py]: atrace: 87:       DEBUG:    [response_closed.complete]
[2025-09-15 11:40:09,937]: [_bot.py]: _do_post: 652:       DEBUG:    [Call to Bot API endpoint `getMe` finished with return value `{'id': 6030805959, 'is_bot': True, 'first_name': 'TyPHoone', 'username': 'TyPHoone_Project_bot', 'can_join_groups': True, 'can_read_all_group_messages': False, 'supports_inline_queries': False, 'can_connect_to_business': False, 'has_main_web_app': False}`]
[2025-09-15 11:40:09,940]: [_bot.py]: _do_post: 643:       DEBUG:    [Calling Bot API endpoint `sendDocument` with parameters `{'chat_id': '-4119703192', 'document': <telegram._files.inputfile.InputFile object at 0x7fce43dd2180>}`]
[2025-09-15 11:40:09,940]: [_trace.py]: atrace: 87:       DEBUG:    [send_request_headers.started request=<Request [b'POST']>]
[2025-09-15 11:40:09,941]: [_trace.py]: atrace: 87:       DEBUG:    [send_request_headers.complete]
[2025-09-15 11:40:09,941]: [_trace.py]: atrace: 87:       DEBUG:    [send_request_body.started request=<Request [b'POST']>]
[2025-09-15 11:40:11,318]: [_trace.py]: atrace: 87:       DEBUG:    [send_request_body.complete]
[2025-09-15 11:40:11,318]: [_trace.py]: atrace: 87:       DEBUG:    [receive_response_headers.started request=<Request [b'POST']>]
[2025-09-15 11:40:12,066]: [_trace.py]: atrace: 87:       DEBUG:    [receive_response_headers.complete return_value=(b'HTTP/1.1', 200, b'OK', [(b'Server', b'nginx/1.18.0'), (b'Date', b'Mon, 15 Sep 2025 11:40:11 GMT'), (b'Content-Type', b'application/json'), (b'Content-Length', b'598'), (b'Connection', b'keep-alive'), (b'Strict-Transport-Security', b'max-age=31536000; includeSubDomains; preload'), (b'Access-Control-Allow-Origin', b'*'), (b'Access-Control-Allow-Methods', b'GET, POST, OPTIONS'), (b'Access-Control-Expose-Headers', b'Content-Length,Content-Type,Date,Server,Connection')])]
[2025-09-15 11:40:12,067]: [_client.py]: _send_single_request: 1740:       INFO:    [HTTP Request: POST https://api.telegram.org/bot6030805959:AAGUHAMxLYc-PrevgKouJ3ZyM7ktu56ftjo/sendDocument "HTTP/1.1 200 OK"]
[2025-09-15 11:40:12,067]: [_trace.py]: atrace: 87:       DEBUG:    [receive_response_body.started request=<Request [b'POST']>]
[2025-09-15 11:40:12,067]: [_trace.py]: atrace: 87:       DEBUG:    [receive_response_body.complete]
[2025-09-15 11:40:12,067]: [_trace.py]: atrace: 87:       DEBUG:    [response_closed.started]
[2025-09-15 11:40:12,067]: [_trace.py]: atrace: 87:       DEBUG:    [response_closed.complete]
[2025-09-15 11:40:12,067]: [_bot.py]: _do_post: 652:       DEBUG:    [Call to Bot API endpoint `sendDocument` finished with return value `{'message_id': 2606, 'from': {'id': 6030805959, 'is_bot': True, 'first_name': 'TyPHoone', 'username': 'TyPHoone_Project_bot'}, 'chat': {'id': -4119703192, 'title': 'Robocop', 'type': 'group', 'all_members_are_administrators': True, 'accepted_gift_types': {'unlimited_gifts': False, 'limited_gifts': False, 'unique_gifts': False, 'premium_subscription': False}}, 'date': 1757936411, 'document': {'file_name': '(2025_09_15--11_39)output.zip', 'mime_type': 'application/zip', 'file_id': 'BQACAgQAAxkDAAIKLmjH-xs_yjZBebL7WKcTQ0WLPQJfAAL7GQACup1AUhq8-cV4aqweNgQ', 'file_unique_id': 'AgAD-xkAArqdQFI', 'file_size': 9883097}}`]
[2025-09-15 11:40:12,068]: [_trace.py]: atrace: 87:       DEBUG:    [close.started]
[2025-09-15 11:40:12,068]: [_trace.py]: atrace: 87:       DEBUG:    [close.complete]
[2025-09-15 11:40:12,068]: [Telegram_Sender.py]: runner: 61:       INFO:    [sent successfully]
[2025-09-15 11:40:12,069]: [Main.py]: <module>: 48:       INFO:    [Finished]
