[2024-05-02 01:21:58,083]: [Main.py]: <module>: 21:       INFO:    [Started]
[2024-05-02 01:21:59,999]: [Iron_Scraper.py]: Scrap: 32:       INFO:    [Data Scaraped Successfully]
[2024-05-02 01:22:00,193]: [Iron_Scraper.py]: Scrap: 70:       INFO:    [Scrapped Data Has No Problem]
[2024-05-02 01:22:00,194]: [Iron_Scraper.py]: Scrap: 83:       INFO:    [Data Saved Successfully]
[2024-05-02 01:22:00,194]: [Iron.py]: Run: 26:       INFO:    [Scraping Phase Completed]
[2024-05-02 01:22:00,194]: [Iron_Data_Processor.py]: Data_Reader: 61:       INFO:    [Data File Has Been Red Successfully]
[2024-05-02 01:22:00,194]: [Iron_Data_Processor.py]: Shaper: 78:       INFO:    [Data Shaped]
[2024-05-02 01:22:00,195]: [Iron_Data_Processor.py]: Process: 226:       INFO:    [Data Cleaned]
[2024-05-02 01:22:00,195]: [Iron_Data_Processor.py]: Make_Pages_Objects: 101:       INFO:    [Page Objects Has Been Made]
[2024-05-02 01:22:00,195]: [Iron_Data_Processor.py]: Make_Pages_Objects: 101:       INFO:    [Page Objects Has Been Made]
[2024-05-02 01:22:00,195]: [Iron_Data_Processor.py]: Load_Data: 118:       INFO:    [Data Has Been Load]
[2024-05-02 01:22:00,195]: [Iron_Data_Processor.py]: Load_Data: 118:       INFO:    [Data Has Been Load]
[2024-05-02 01:22:00,195]: [Iron_Data_Processor.py]: Load_positions: 140:       INFO:    [Positions Are Ready]
[2024-05-02 01:22:00,195]: [Iron_Data_Processor.py]: Load_positions: 140:       INFO:    [Positions Are Ready]
[2024-05-02 01:22:01,316]: [Iron_Data_Processor.py]: Make_Tagged_Images: 193:       INFO:    [Images Has Been Made]
[2024-05-02 01:22:02,273]: [Iron_Data_Processor.py]: Make_Tagged_Images: 193:       INFO:    [Images Has Been Made]
[2024-05-02 01:22:02,696]: [Iron_Data_Processor.py]: Make_Cover_Page: 213:       INFO:    [Made Cover Pages]
[2024-05-02 01:22:02,696]: [Iron.py]: Run: 29:       INFO:    [Imagination Phase Completed]
[2024-05-02 01:22:07,305]: [Phone_Scraper.py]: Scrap: 58:       INFO:    [Data Scraped]
[2024-05-02 01:22:07,305]: [Phone_Scraper.py]: Scrap: 71:       INFO:    [Scraped Data Successfully]
[2024-05-02 01:22:07,306]: [Phone.py]: Run: 26:       INFO:    [Scraping Phase Complete]
[2024-05-02 01:22:07,306]: [Phone_Data_Processor.py]: data_reader: 38:       INFO:    [Scraped Data Loaded]
[2024-05-02 01:22:07,307]: [Phone_Data_Processor.py]: filter_list: 65:       INFO:    [Persian Phrases Are deleted]
[2024-05-02 01:22:07,308]: [Phone_Data_Processor.py]: reshape_list: 87:       INFO:    [Date Reshaped]
[2024-05-02 01:22:07,308]: [Phone_Data_Processor.py]: separate_brands: 124:       INFO:    [Brands Are Separated]
[2024-05-02 01:22:07,309]: [Phone_Data_Processor.py]: delete_extra_spaces: 141:       INFO:    [Extra Spaces Are Deleted]
[2024-05-02 01:22:08,212]: [Phone.py]: Run: 29:       INFO:    [Imagination Phase Complete]
[2024-05-02 01:22:08,212]: [selector_events.py]: __init__: 64:       DEBUG:    [Using selector: EpollSelector]
[2024-05-02 01:22:08,212]: [_bot.py]: _do_post: 643:       DEBUG:    [Calling Bot API endpoint `getMe` with parameters `{}`]
[2024-05-02 01:22:08,216]: [_trace.py]: atrace: 85:       DEBUG:    [connect_tcp.started host='api.telegram.org' port=443 local_address=None timeout=5.0 socket_options=None]
[2024-05-02 01:22:08,427]: [_trace.py]: atrace: 85:       DEBUG:    [connect_tcp.complete return_value=<httpcore._backends.anyio.AnyIOStream object at 0x7ff59c0b0bc0>]
[2024-05-02 01:22:08,427]: [_trace.py]: atrace: 85:       DEBUG:    [start_tls.started ssl_context=<ssl.SSLContext object at 0x7ff59cb39d50> server_hostname='api.telegram.org' timeout=5.0]
[2024-05-02 01:22:08,576]: [_trace.py]: atrace: 85:       DEBUG:    [start_tls.complete return_value=<httpcore._backends.anyio.AnyIOStream object at 0x7ff59cd9b680>]
[2024-05-02 01:22:08,576]: [_trace.py]: atrace: 85:       DEBUG:    [send_request_headers.started request=<Request [b'POST']>]
[2024-05-02 01:22:08,577]: [_trace.py]: atrace: 85:       DEBUG:    [send_request_headers.complete]
[2024-05-02 01:22:08,577]: [_trace.py]: atrace: 85:       DEBUG:    [send_request_body.started request=<Request [b'POST']>]
[2024-05-02 01:22:08,577]: [_trace.py]: atrace: 85:       DEBUG:    [send_request_body.complete]
[2024-05-02 01:22:08,577]: [_trace.py]: atrace: 85:       DEBUG:    [receive_response_headers.started request=<Request [b'POST']>]
[2024-05-02 01:22:08,726]: [_trace.py]: atrace: 85:       DEBUG:    [receive_response_headers.complete return_value=(b'HTTP/1.1', 200, b'OK', [(b'Server', b'nginx/1.18.0'), (b'Date', b'Thu, 02 May 2024 01:22:08 GMT'), (b'Content-Type', b'application/json'), (b'Content-Length', b'233'), (b'Connection', b'keep-alive'), (b'Strict-Transport-Security', b'max-age=31536000; includeSubDomains; preload'), (b'Access-Control-Allow-Origin', b'*'), (b'Access-Control-Allow-Methods', b'GET, POST, OPTIONS'), (b'Access-Control-Expose-Headers', b'Content-Length,Content-Type,Date,Server,Connection')])]
[2024-05-02 01:22:08,726]: [_client.py]: _send_single_request: 1773:       INFO:    [HTTP Request: POST https://api.telegram.org/bot6030805959:AAGUHAMxLYc-PrevgKouJ3ZyM7ktu56ftjo/getMe "HTTP/1.1 200 OK"]
[2024-05-02 01:22:08,726]: [_trace.py]: atrace: 85:       DEBUG:    [receive_response_body.started request=<Request [b'POST']>]
[2024-05-02 01:22:08,727]: [_trace.py]: atrace: 85:       DEBUG:    [receive_response_body.complete]
[2024-05-02 01:22:08,727]: [_trace.py]: atrace: 85:       DEBUG:    [response_closed.started]
[2024-05-02 01:22:08,727]: [_trace.py]: atrace: 85:       DEBUG:    [response_closed.complete]
[2024-05-02 01:22:08,727]: [_bot.py]: _do_post: 652:       DEBUG:    [Call to Bot API endpoint `getMe` finished with return value `{'id': 6030805959, 'is_bot': True, 'first_name': 'TyPHoone', 'username': 'TyPHoone_Project_bot', 'can_join_groups': True, 'can_read_all_group_messages': False, 'supports_inline_queries': False, 'can_connect_to_business': False}`]
[2024-05-02 01:22:08,730]: [_bot.py]: _do_post: 643:       DEBUG:    [Calling Bot API endpoint `sendDocument` with parameters `{'chat_id': '-4119703192', 'document': <telegram._files.inputfile.InputFile object at 0x7ff59c06db40>}`]
[2024-05-02 01:22:08,731]: [_trace.py]: atrace: 85:       DEBUG:    [send_request_headers.started request=<Request [b'POST']>]
[2024-05-02 01:22:08,731]: [_trace.py]: atrace: 85:       DEBUG:    [send_request_headers.complete]
[2024-05-02 01:22:08,731]: [_trace.py]: atrace: 85:       DEBUG:    [send_request_body.started request=<Request [b'POST']>]
[2024-05-02 01:22:09,320]: [_trace.py]: atrace: 85:       DEBUG:    [send_request_body.complete]
[2024-05-02 01:22:09,320]: [_trace.py]: atrace: 85:       DEBUG:    [receive_response_headers.started request=<Request [b'POST']>]
[2024-05-02 01:22:09,686]: [_trace.py]: atrace: 85:       DEBUG:    [receive_response_headers.complete return_value=(b'HTTP/1.1', 200, b'OK', [(b'Server', b'nginx/1.18.0'), (b'Date', b'Thu, 02 May 2024 01:22:09 GMT'), (b'Content-Type', b'application/json'), (b'Content-Length', b'816'), (b'Connection', b'keep-alive'), (b'Strict-Transport-Security', b'max-age=31536000; includeSubDomains; preload'), (b'Access-Control-Allow-Origin', b'*'), (b'Access-Control-Allow-Methods', b'GET, POST, OPTIONS'), (b'Access-Control-Expose-Headers', b'Content-Length,Content-Type,Date,Server,Connection')])]
[2024-05-02 01:22:09,686]: [_client.py]: _send_single_request: 1773:       INFO:    [HTTP Request: POST https://api.telegram.org/bot6030805959:AAGUHAMxLYc-PrevgKouJ3ZyM7ktu56ftjo/sendDocument "HTTP/1.1 200 OK"]
[2024-05-02 01:22:09,686]: [_trace.py]: atrace: 85:       DEBUG:    [receive_response_body.started request=<Request [b'POST']>]
[2024-05-02 01:22:09,686]: [_trace.py]: atrace: 85:       DEBUG:    [receive_response_body.complete]
[2024-05-02 01:22:09,686]: [_trace.py]: atrace: 85:       DEBUG:    [response_closed.started]
[2024-05-02 01:22:09,687]: [_trace.py]: atrace: 85:       DEBUG:    [response_closed.complete]
[2024-05-02 01:22:09,687]: [_bot.py]: _do_post: 652:       DEBUG:    [Call to Bot API endpoint `sendDocument` finished with return value `{'message_id': 733, 'from': {'id': 6030805959, 'is_bot': True, 'first_name': 'TyPHoone', 'username': 'TyPHoone_Project_bot'}, 'chat': {'id': -4119703192, 'title': 'Robocop', 'type': 'group', 'all_members_are_administrators': True}, 'date': 1714612929, 'document': {'file_name': 'xiaomi5.png', 'mime_type': 'image/png', 'thumbnail': {'file_id': 'AAMCBAADGQMAAgLdZjLqwQYaheranvHjRsdoXipMktQAAgcXAAKOWZhRLg780ATwEmIBAAdtAAM0BA', 'file_unique_id': 'AQADBxcAAo5ZmFFy', 'file_size': 34377, 'width': 320, 'height': 320}, 'thumb': {'file_id': 'AAMCBAADGQMAAgLdZjLqwQYaheranvHjRsdoXipMktQAAgcXAAKOWZhRLg780ATwEmIBAAdtAAM0BA', 'file_unique_id': 'AQADBxcAAo5ZmFFy', 'file_size': 34377, 'width': 320, 'height': 320}, 'file_id': 'BQACAgQAAxkDAAIC3WYy6sEGGoXq2p7x40bHaF4qTJLUAAIHFwACjlmYUS4O_NAE8BJiNAQ', 'file_unique_id': 'AgADBxcAAo5ZmFE', 'file_size': 378934}}`]
[2024-05-02 01:22:09,687]: [_bot.py]: _do_post: 643:       DEBUG:    [Calling Bot API endpoint `sendDocument` with parameters `{'chat_id': '-4119703192', 'document': <telegram._files.inputfile.InputFile object at 0x7ff59c0ab600>}`]
[2024-05-02 01:22:09,688]: [_trace.py]: atrace: 85:       DEBUG:    [send_request_headers.started request=<Request [b'POST']>]
[2024-05-02 01:22:09,688]: [_trace.py]: atrace: 85:       DEBUG:    [send_request_headers.complete]
[2024-05-02 01:22:09,688]: [_trace.py]: atrace: 85:       DEBUG:    [send_request_body.started request=<Request [b'POST']>]
[2024-05-02 01:22:09,689]: [_trace.py]: atrace: 85:       DEBUG:    [send_request_body.complete]
[2024-05-02 01:22:09,689]: [_trace.py]: atrace: 85:       DEBUG:    [receive_response_headers.started request=<Request [b'POST']>]
[2024-05-02 01:22:09,906]: [_trace.py]: atrace: 85:       DEBUG:    [receive_response_headers.complete return_value=(b'HTTP/1.1', 200, b'OK', [(b'Server', b'nginx/1.18.0'), (b'Date', b'Thu, 02 May 2024 01:22:09 GMT'), (b'Content-Type', b'application/json'), (b'Content-Length', b'820'), (b'Connection', b'keep-alive'), (b'Strict-Transport-Security', b'max-age=31536000; includeSubDomains; preload'), (b'Access-Control-Allow-Origin', b'*'), (b'Access-Control-Allow-Methods', b'GET, POST, OPTIONS'), (b'Access-Control-Expose-Headers', b'Content-Length,Content-Type,Date,Server,Connection')])]
[2024-05-02 01:22:09,906]: [_client.py]: _send_single_request: 1773:       INFO:    [HTTP Request: POST https://api.telegram.org/bot6030805959:AAGUHAMxLYc-PrevgKouJ3ZyM7ktu56ftjo/sendDocument "HTTP/1.1 200 OK"]
[2024-05-02 01:22:09,906]: [_trace.py]: atrace: 85:       DEBUG:    [receive_response_body.started request=<Request [b'POST']>]
[2024-05-02 01:22:09,907]: [_trace.py]: atrace: 85:       DEBUG:    [receive_response_body.complete]
[2024-05-02 01:22:09,907]: [_trace.py]: atrace: 85:       DEBUG:    [response_closed.started]
[2024-05-02 01:22:09,907]: [_trace.py]: atrace: 85:       DEBUG:    [response_closed.complete]
[2024-05-02 01:22:09,907]: [_bot.py]: _do_post: 652:       DEBUG:    [Call to Bot API endpoint `sendDocument` finished with return value `{'message_id': 734, 'from': {'id': 6030805959, 'is_bot': True, 'first_name': 'TyPHoone', 'username': 'TyPHoone_Project_bot'}, 'chat': {'id': -4119703192, 'title': 'Robocop', 'type': 'group', 'all_members_are_administrators': True}, 'date': 1714612929, 'document': {'file_name': 'samsung3.png', 'mime_type': 'image/png', 'thumbnail': {'file_id': 'AAMCBAADGQMAAgLeZjLqwQeb9E4g5OeFotZQBXkHVo4AAggXAAKOWZhRAAEk04sy8rYjAQAHbQADNAQ', 'file_unique_id': 'AQADCBcAAo5ZmFFy', 'file_size': 26007, 'width': 320, 'height': 320}, 'thumb': {'file_id': 'AAMCBAADGQMAAgLeZjLqwQeb9E4g5OeFotZQBXkHVo4AAggXAAKOWZhRAAEk04sy8rYjAQAHbQADNAQ', 'file_unique_id': 'AQADCBcAAo5ZmFFy', 'file_size': 26007, 'width': 320, 'height': 320}, 'file_id': 'BQACAgQAAxkDAAIC3mYy6sEHm_ROIOTnhaLWUAV5B1aOAAIIFwACjlmYUQABJNOLMvK2IzQE', 'file_unique_id': 'AgADCBcAAo5ZmFE', 'file_size': 243411}}`]
[2024-05-02 01:22:09,908]: [_bot.py]: _do_post: 643:       DEBUG:    [Calling Bot API endpoint `sendDocument` with parameters `{'chat_id': '-4119703192', 'document': <telegram._files.inputfile.InputFile object at 0x7ff59c06db40>}`]
[2024-05-02 01:22:09,908]: [_trace.py]: atrace: 85:       DEBUG:    [send_request_headers.started request=<Request [b'POST']>]
[2024-05-02 01:22:09,908]: [_trace.py]: atrace: 85:       DEBUG:    [send_request_headers.complete]
[2024-05-02 01:22:09,908]: [_trace.py]: atrace: 85:       DEBUG:    [send_request_body.started request=<Request [b'POST']>]
[2024-05-02 01:22:09,910]: [_trace.py]: atrace: 85:       DEBUG:    [send_request_body.complete]
[2024-05-02 01:22:09,910]: [_trace.py]: atrace: 85:       DEBUG:    [receive_response_headers.started request=<Request [b'POST']>]
[2024-05-02 01:22:10,155]: [_trace.py]: atrace: 85:       DEBUG:    [receive_response_headers.complete return_value=(b'HTTP/1.1', 200, b'OK', [(b'Server', b'nginx/1.18.0'), (b'Date', b'Thu, 02 May 2024 01:22:10 GMT'), (b'Content-Type', b'application/json'), (b'Content-Length', b'816'), (b'Connection', b'keep-alive'), (b'Strict-Transport-Security', b'max-age=31536000; includeSubDomains; preload'), (b'Access-Control-Allow-Origin', b'*'), (b'Access-Control-Allow-Methods', b'GET, POST, OPTIONS'), (b'Access-Control-Expose-Headers', b'Content-Length,Content-Type,Date,Server,Connection')])]
[2024-05-02 01:22:10,156]: [_client.py]: _send_single_request: 1773:       INFO:    [HTTP Request: POST https://api.telegram.org/bot6030805959:AAGUHAMxLYc-PrevgKouJ3ZyM7ktu56ftjo/sendDocument "HTTP/1.1 200 OK"]
[2024-05-02 01:22:10,156]: [_trace.py]: atrace: 85:       DEBUG:    [receive_response_body.started request=<Request [b'POST']>]
[2024-05-02 01:22:10,156]: [_trace.py]: atrace: 85:       DEBUG:    [receive_response_body.complete]
[2024-05-02 01:22:10,156]: [_trace.py]: atrace: 85:       DEBUG:    [response_closed.started]
[2024-05-02 01:22:10,156]: [_trace.py]: atrace: 85:       DEBUG:    [response_closed.complete]
[2024-05-02 01:22:10,156]: [_bot.py]: _do_post: 652:       DEBUG:    [Call to Bot API endpoint `sendDocument` finished with return value `{'message_id': 735, 'from': {'id': 6030805959, 'is_bot': True, 'first_name': 'TyPHoone', 'username': 'TyPHoone_Project_bot'}, 'chat': {'id': -4119703192, 'title': 'Robocop', 'type': 'group', 'all_members_are_administrators': True}, 'date': 1714612930, 'document': {'file_name': 'xiaomi4.png', 'mime_type': 'image/png', 'thumbnail': {'file_id': 'AAMCBAADGQMAAgLfZjLqwsjloNI5PrLwgw1zogPvsrMAAgkXAAKOWZhRXDHpkNSu1dEBAAdtAAM0BA', 'file_unique_id': 'AQADCRcAAo5ZmFFy', 'file_size': 39818, 'width': 320, 'height': 320}, 'thumb': {'file_id': 'AAMCBAADGQMAAgLfZjLqwsjloNI5PrLwgw1zogPvsrMAAgkXAAKOWZhRXDHpkNSu1dEBAAdtAAM0BA', 'file_unique_id': 'AQADCRcAAo5ZmFFy', 'file_size': 39818, 'width': 320, 'height': 320}, 'file_id': 'BQACAgQAAxkDAAIC32Yy6sLI5aDSOT6y8IMNc6ID77KzAAIJFwACjlmYUVwx6ZDUrtXRNAQ', 'file_unique_id': 'AgADCRcAAo5ZmFE', 'file_size': 431471}}`]
[2024-05-02 01:22:10,157]: [_bot.py]: _do_post: 643:       DEBUG:    [Calling Bot API endpoint `sendDocument` with parameters `{'chat_id': '-4119703192', 'document': <telegram._files.inputfile.InputFile object at 0x7ff59c0dedc0>}`]
[2024-05-02 01:22:10,157]: [_trace.py]: atrace: 85:       DEBUG:    [send_request_headers.started request=<Request [b'POST']>]
[2024-05-02 01:22:10,157]: [_trace.py]: atrace: 85:       DEBUG:    [send_request_headers.complete]
[2024-05-02 01:22:10,157]: [_trace.py]: atrace: 85:       DEBUG:    [send_request_body.started request=<Request [b'POST']>]
[2024-05-02 01:22:10,158]: [_trace.py]: atrace: 85:       DEBUG:    [send_request_body.complete]
[2024-05-02 01:22:10,158]: [_trace.py]: atrace: 85:       DEBUG:    [receive_response_headers.started request=<Request [b'POST']>]
[2024-05-02 01:22:10,388]: [_trace.py]: atrace: 85:       DEBUG:    [receive_response_headers.complete return_value=(b'HTTP/1.1', 200, b'OK', [(b'Server', b'nginx/1.18.0'), (b'Date', b'Thu, 02 May 2024 01:22:10 GMT'), (b'Content-Type', b'application/json'), (b'Content-Length', b'815'), (b'Connection', b'keep-alive'), (b'Strict-Transport-Security', b'max-age=31536000; includeSubDomains; preload'), (b'Access-Control-Allow-Origin', b'*'), (b'Access-Control-Allow-Methods', b'GET, POST, OPTIONS'), (b'Access-Control-Expose-Headers', b'Content-Length,Content-Type,Date,Server,Connection')])]
[2024-05-02 01:22:10,388]: [_client.py]: _send_single_request: 1773:       INFO:    [HTTP Request: POST https://api.telegram.org/bot6030805959:AAGUHAMxLYc-PrevgKouJ3ZyM7ktu56ftjo/sendDocument "HTTP/1.1 200 OK"]
[2024-05-02 01:22:10,389]: [_trace.py]: atrace: 85:       DEBUG:    [receive_response_body.started request=<Request [b'POST']>]
[2024-05-02 01:22:10,389]: [_trace.py]: atrace: 85:       DEBUG:    [receive_response_body.complete]
[2024-05-02 01:22:10,389]: [_trace.py]: atrace: 85:       DEBUG:    [response_closed.started]
[2024-05-02 01:22:10,389]: [_trace.py]: atrace: 85:       DEBUG:    [response_closed.complete]
[2024-05-02 01:22:10,389]: [_bot.py]: _do_post: 652:       DEBUG:    [Call to Bot API endpoint `sendDocument` finished with return value `{'message_id': 736, 'from': {'id': 6030805959, 'is_bot': True, 'first_name': 'TyPHoone', 'username': 'TyPHoone_Project_bot'}, 'chat': {'id': -4119703192, 'title': 'Robocop', 'type': 'group', 'all_members_are_administrators': True}, 'date': 1714612930, 'document': {'file_name': 'nokia6.png', 'mime_type': 'image/png', 'thumbnail': {'file_id': 'AAMCBAADGQMAAgLgZjLqwq6DoE-aaJkI9VNijS7nFogAAgoXAAKOWZhRrfF4LTdKKHgBAAdtAAM0BA', 'file_unique_id': 'AQADChcAAo5ZmFFy', 'file_size': 26058, 'width': 320, 'height': 320}, 'thumb': {'file_id': 'AAMCBAADGQMAAgLgZjLqwq6DoE-aaJkI9VNijS7nFogAAgoXAAKOWZhRrfF4LTdKKHgBAAdtAAM0BA', 'file_unique_id': 'AQADChcAAo5ZmFFy', 'file_size': 26058, 'width': 320, 'height': 320}, 'file_id': 'BQACAgQAAxkDAAIC4GYy6sKug6BPmmiZCPVTYo0u5xaIAAIKFwACjlmYUa3xeC03Sih4NAQ', 'file_unique_id': 'AgADChcAAo5ZmFE', 'file_size': 282691}}`]
[2024-05-02 01:22:10,389]: [_bot.py]: _do_post: 643:       DEBUG:    [Calling Bot API endpoint `sendDocument` with parameters `{'chat_id': '-4119703192', 'document': <telegram._files.inputfile.InputFile object at 0x7ff59c06db40>}`]
[2024-05-02 01:22:10,390]: [_trace.py]: atrace: 85:       DEBUG:    [send_request_headers.started request=<Request [b'POST']>]
[2024-05-02 01:22:10,390]: [_trace.py]: atrace: 85:       DEBUG:    [send_request_headers.complete]
[2024-05-02 01:22:10,390]: [_trace.py]: atrace: 85:       DEBUG:    [send_request_body.started request=<Request [b'POST']>]
[2024-05-02 01:22:10,391]: [_trace.py]: atrace: 85:       DEBUG:    [send_request_body.complete]
[2024-05-02 01:22:10,391]: [_trace.py]: atrace: 85:       DEBUG:    [receive_response_headers.started request=<Request [b'POST']>]
[2024-05-02 01:22:10,612]: [_trace.py]: atrace: 85:       DEBUG:    [receive_response_headers.complete return_value=(b'HTTP/1.1', 200, b'OK', [(b'Server', b'nginx/1.18.0'), (b'Date', b'Thu, 02 May 2024 01:22:10 GMT'), (b'Content-Type', b'application/json'), (b'Content-Length', b'817'), (b'Connection', b'keep-alive'), (b'Strict-Transport-Security', b'max-age=31536000; includeSubDomains; preload'), (b'Access-Control-Allow-Origin', b'*'), (b'Access-Control-Allow-Methods', b'GET, POST, OPTIONS'), (b'Access-Control-Expose-Headers', b'Content-Length,Content-Type,Date,Server,Connection')])]
[2024-05-02 01:22:10,612]: [_client.py]: _send_single_request: 1773:       INFO:    [HTTP Request: POST https://api.telegram.org/bot6030805959:AAGUHAMxLYc-PrevgKouJ3ZyM7ktu56ftjo/sendDocument "HTTP/1.1 200 OK"]
[2024-05-02 01:22:10,612]: [_trace.py]: atrace: 85:       DEBUG:    [receive_response_body.started request=<Request [b'POST']>]
[2024-05-02 01:22:10,612]: [_trace.py]: atrace: 85:       DEBUG:    [receive_response_body.complete]
[2024-05-02 01:22:10,613]: [_trace.py]: atrace: 85:       DEBUG:    [response_closed.started]
[2024-05-02 01:22:10,613]: [_trace.py]: atrace: 85:       DEBUG:    [response_closed.complete]
[2024-05-02 01:22:10,613]: [_bot.py]: _do_post: 652:       DEBUG:    [Call to Bot API endpoint `sendDocument` finished with return value `{'message_id': 737, 'from': {'id': 6030805959, 'is_bot': True, 'first_name': 'TyPHoone', 'username': 'TyPHoone_Project_bot'}, 'chat': {'id': -4119703192, 'title': 'Robocop', 'type': 'group', 'all_members_are_administrators': True}, 'date': 1714612930, 'document': {'file_name': 'samsung1.png', 'mime_type': 'image/png', 'thumbnail': {'file_id': 'AAMCBAADGQMAAgLhZjLqwlKHujM05RLHBsbEs5eGxfoAAgsXAAKOWZhRbg_gMNfGvnYBAAdtAAM0BA', 'file_unique_id': 'AQADCxcAAo5ZmFFy', 'file_size': 35766, 'width': 320, 'height': 320}, 'thumb': {'file_id': 'AAMCBAADGQMAAgLhZjLqwlKHujM05RLHBsbEs5eGxfoAAgsXAAKOWZhRbg_gMNfGvnYBAAdtAAM0BA', 'file_unique_id': 'AQADCxcAAo5ZmFFy', 'file_size': 35766, 'width': 320, 'height': 320}, 'file_id': 'BQACAgQAAxkDAAIC4WYy6sJSh7ozNOUSxwbGxLOXhsX6AAILFwACjlmYUW4P4DDXxr52NAQ', 'file_unique_id': 'AgADCxcAAo5ZmFE', 'file_size': 334168}}`]
[2024-05-02 01:22:10,613]: [_bot.py]: _do_post: 643:       DEBUG:    [Calling Bot API endpoint `sendDocument` with parameters `{'chat_id': '-4119703192', 'document': <telegram._files.inputfile.InputFile object at 0x7ff5aabaf580>}`]
[2024-05-02 01:22:10,614]: [_trace.py]: atrace: 85:       DEBUG:    [send_request_headers.started request=<Request [b'POST']>]
[2024-05-02 01:22:10,614]: [_trace.py]: atrace: 85:       DEBUG:    [send_request_headers.complete]
[2024-05-02 01:22:10,614]: [_trace.py]: atrace: 85:       DEBUG:    [send_request_body.started request=<Request [b'POST']>]
[2024-05-02 01:22:10,615]: [_trace.py]: atrace: 85:       DEBUG:    [send_request_body.complete]
[2024-05-02 01:22:10,615]: [_trace.py]: atrace: 85:       DEBUG:    [receive_response_headers.started request=<Request [b'POST']>]
[2024-05-02 01:22:14,843]: [_trace.py]: atrace: 85:       DEBUG:    [receive_response_headers.complete return_value=(b'HTTP/1.1', 200, b'OK', [(b'Server', b'nginx/1.18.0'), (b'Date', b'Thu, 02 May 2024 01:22:14 GMT'), (b'Content-Type', b'application/json'), (b'Content-Length', b'817'), (b'Connection', b'keep-alive'), (b'Strict-Transport-Security', b'max-age=31536000; includeSubDomains; preload'), (b'Access-Control-Allow-Origin', b'*'), (b'Access-Control-Allow-Methods', b'GET, POST, OPTIONS'), (b'Access-Control-Expose-Headers', b'Content-Length,Content-Type,Date,Server,Connection')])]
[2024-05-02 01:22:14,844]: [_client.py]: _send_single_request: 1773:       INFO:    [HTTP Request: POST https://api.telegram.org/bot6030805959:AAGUHAMxLYc-PrevgKouJ3ZyM7ktu56ftjo/sendDocument "HTTP/1.1 200 OK"]
[2024-05-02 01:22:14,844]: [_trace.py]: atrace: 85:       DEBUG:    [receive_response_body.started request=<Request [b'POST']>]
[2024-05-02 01:22:14,844]: [_trace.py]: atrace: 85:       DEBUG:    [receive_response_body.complete]
[2024-05-02 01:22:14,844]: [_trace.py]: atrace: 85:       DEBUG:    [response_closed.started]
[2024-05-02 01:22:14,844]: [_trace.py]: atrace: 85:       DEBUG:    [response_closed.complete]
[2024-05-02 01:22:14,844]: [_bot.py]: _do_post: 652:       DEBUG:    [Call to Bot API endpoint `sendDocument` finished with return value `{'message_id': 738, 'from': {'id': 6030805959, 'is_bot': True, 'first_name': 'TyPHoone', 'username': 'TyPHoone_Project_bot'}, 'chat': {'id': -4119703192, 'title': 'Robocop', 'type': 'group', 'all_members_are_administrators': True}, 'date': 1714612934, 'document': {'file_name': 'samsung2.png', 'mime_type': 'image/png', 'thumbnail': {'file_id': 'AAMCBAADGQMAAgLiZjLqxoLeYv_ZTp04g0lcHm-Mx6MAAgwXAAKOWZhRl-qTUXjh8yIBAAdtAAM0BA', 'file_unique_id': 'AQADDBcAAo5ZmFFy', 'file_size': 38087, 'width': 320, 'height': 320}, 'thumb': {'file_id': 'AAMCBAADGQMAAgLiZjLqxoLeYv_ZTp04g0lcHm-Mx6MAAgwXAAKOWZhRl-qTUXjh8yIBAAdtAAM0BA', 'file_unique_id': 'AQADDBcAAo5ZmFFy', 'file_size': 38087, 'width': 320, 'height': 320}, 'file_id': 'BQACAgQAAxkDAAIC4mYy6saC3mL_2U6dOINJXB5vjMejAAIMFwACjlmYUZfqk1F44fMiNAQ', 'file_unique_id': 'AgADDBcAAo5ZmFE', 'file_size': 352145}}`]
[2024-05-02 01:22:14,845]: [_bot.py]: _do_post: 643:       DEBUG:    [Calling Bot API endpoint `sendDocument` with parameters `{'chat_id': '-4119703192', 'document': <telegram._files.inputfile.InputFile object at 0x7ff59c06db40>}`]
[2024-05-02 01:22:14,845]: [_trace.py]: atrace: 85:       DEBUG:    [send_request_headers.started request=<Request [b'POST']>]
[2024-05-02 01:22:14,845]: [_trace.py]: atrace: 85:       DEBUG:    [send_request_headers.complete]
[2024-05-02 01:22:14,846]: [_trace.py]: atrace: 85:       DEBUG:    [send_request_body.started request=<Request [b'POST']>]
[2024-05-02 01:22:14,846]: [_trace.py]: atrace: 85:       DEBUG:    [send_request_body.complete]
[2024-05-02 01:22:14,846]: [_trace.py]: atrace: 85:       DEBUG:    [receive_response_headers.started request=<Request [b'POST']>]
[2024-05-02 01:22:15,656]: [_trace.py]: atrace: 85:       DEBUG:    [receive_response_headers.complete return_value=(b'HTTP/1.1', 200, b'OK', [(b'Server', b'nginx/1.18.0'), (b'Date', b'Thu, 02 May 2024 01:22:15 GMT'), (b'Content-Type', b'application/json'), (b'Content-Length', b'817'), (b'Connection', b'keep-alive'), (b'Strict-Transport-Security', b'max-age=31536000; includeSubDomains; preload'), (b'Access-Control-Allow-Origin', b'*'), (b'Access-Control-Allow-Methods', b'GET, POST, OPTIONS'), (b'Access-Control-Expose-Headers', b'Content-Length,Content-Type,Date,Server,Connection')])]
[2024-05-02 01:22:15,656]: [_client.py]: _send_single_request: 1773:       INFO:    [HTTP Request: POST https://api.telegram.org/bot6030805959:AAGUHAMxLYc-PrevgKouJ3ZyM7ktu56ftjo/sendDocument "HTTP/1.1 200 OK"]
[2024-05-02 01:22:15,657]: [_trace.py]: atrace: 85:       DEBUG:    [receive_response_body.started request=<Request [b'POST']>]
[2024-05-02 01:22:15,657]: [_trace.py]: atrace: 85:       DEBUG:    [receive_response_body.complete]
[2024-05-02 01:22:15,657]: [_trace.py]: atrace: 85:       DEBUG:    [response_closed.started]
[2024-05-02 01:22:15,657]: [_trace.py]: atrace: 85:       DEBUG:    [response_closed.complete]
[2024-05-02 01:22:15,657]: [_bot.py]: _do_post: 652:       DEBUG:    [Call to Bot API endpoint `sendDocument` finished with return value `{'message_id': 739, 'from': {'id': 6030805959, 'is_bot': True, 'first_name': 'TyPHoone', 'username': 'TyPHoone_Project_bot'}, 'chat': {'id': -4119703192, 'title': 'Robocop', 'type': 'group', 'all_members_are_administrators': True}, 'date': 1714612935, 'document': {'file_name': 'samsung0.png', 'mime_type': 'image/png', 'thumbnail': {'file_id': 'AAMCBAADGQMAAgLjZjLqx5n-4j5ToVFmUT0rx3jPQs8AAg0XAAKOWZhRZ_QsCD97m3IBAAdtAAM0BA', 'file_unique_id': 'AQADDRcAAo5ZmFFy', 'file_size': 33305, 'width': 320, 'height': 320}, 'thumb': {'file_id': 'AAMCBAADGQMAAgLjZjLqx5n-4j5ToVFmUT0rx3jPQs8AAg0XAAKOWZhRZ_QsCD97m3IBAAdtAAM0BA', 'file_unique_id': 'AQADDRcAAo5ZmFFy', 'file_size': 33305, 'width': 320, 'height': 320}, 'file_id': 'BQACAgQAAxkDAAIC42Yy6seZ_uI-U6FRZlE9K8d4z0LPAAINFwACjlmYUWf0LAg_e5tyNAQ', 'file_unique_id': 'AgADDRcAAo5ZmFE', 'file_size': 315479}}`]
[2024-05-02 01:22:15,657]: [_trace.py]: atrace: 85:       DEBUG:    [close.started]
[2024-05-02 01:22:15,658]: [_trace.py]: atrace: 85:       DEBUG:    [close.complete]
[2024-05-02 01:22:15,658]: [_config.py]: load_ssl_context: 80:       DEBUG:    [load_ssl_context verify=True cert=None trust_env=True http2=False]
[2024-05-02 01:22:15,658]: [_config.py]: load_ssl_context_verify: 146:       DEBUG:    [load_verify_locations cafile='/opt/hostedtoolcache/Python/3.12.3/x64/lib/python3.12/site-packages/certifi/cacert.pem']
[2024-05-02 01:22:15,685]: [_config.py]: load_ssl_context: 80:       DEBUG:    [load_ssl_context verify=True cert=None trust_env=True http2=False]
[2024-05-02 01:22:15,685]: [_config.py]: load_ssl_context_verify: 146:       DEBUG:    [load_verify_locations cafile='/opt/hostedtoolcache/Python/3.12.3/x64/lib/python3.12/site-packages/certifi/cacert.pem']
[2024-05-02 01:22:15,711]: [_bot.py]: _do_post: 643:       DEBUG:    [Calling Bot API endpoint `getMe` with parameters `{}`]
[2024-05-02 01:22:15,711]: [_trace.py]: atrace: 85:       DEBUG:    [connect_tcp.started host='api.telegram.org' port=443 local_address=None timeout=5.0 socket_options=None]
[2024-05-02 01:22:15,860]: [_trace.py]: atrace: 85:       DEBUG:    [connect_tcp.complete return_value=<httpcore._backends.anyio.AnyIOStream object at 0x7ff59af3ad20>]
[2024-05-02 01:22:15,860]: [_trace.py]: atrace: 85:       DEBUG:    [start_tls.started ssl_context=<ssl.SSLContext object at 0x7ff59cb39b50> server_hostname='api.telegram.org' timeout=5.0]
[2024-05-02 01:22:16,010]: [_trace.py]: atrace: 85:       DEBUG:    [start_tls.complete return_value=<httpcore._backends.anyio.AnyIOStream object at 0x7ff59c0ff440>]
[2024-05-02 01:22:16,010]: [_trace.py]: atrace: 85:       DEBUG:    [send_request_headers.started request=<Request [b'POST']>]
[2024-05-02 01:22:16,010]: [_trace.py]: atrace: 85:       DEBUG:    [send_request_headers.complete]
[2024-05-02 01:22:16,010]: [_trace.py]: atrace: 85:       DEBUG:    [send_request_body.started request=<Request [b'POST']>]
[2024-05-02 01:22:16,011]: [_trace.py]: atrace: 85:       DEBUG:    [send_request_body.complete]
[2024-05-02 01:22:16,011]: [_trace.py]: atrace: 85:       DEBUG:    [receive_response_headers.started request=<Request [b'POST']>]
[2024-05-02 01:22:16,165]: [_trace.py]: atrace: 85:       DEBUG:    [receive_response_headers.complete return_value=(b'HTTP/1.1', 200, b'OK', [(b'Server', b'nginx/1.18.0'), (b'Date', b'Thu, 02 May 2024 01:22:16 GMT'), (b'Content-Type', b'application/json'), (b'Content-Length', b'233'), (b'Connection', b'keep-alive'), (b'Strict-Transport-Security', b'max-age=31536000; includeSubDomains; preload'), (b'Access-Control-Allow-Origin', b'*'), (b'Access-Control-Allow-Methods', b'GET, POST, OPTIONS'), (b'Access-Control-Expose-Headers', b'Content-Length,Content-Type,Date,Server,Connection')])]
[2024-05-02 01:22:16,165]: [_client.py]: _send_single_request: 1773:       INFO:    [HTTP Request: POST https://api.telegram.org/bot6030805959:AAGUHAMxLYc-PrevgKouJ3ZyM7ktu56ftjo/getMe "HTTP/1.1 200 OK"]
[2024-05-02 01:22:16,165]: [_trace.py]: atrace: 85:       DEBUG:    [receive_response_body.started request=<Request [b'POST']>]
[2024-05-02 01:22:16,165]: [_trace.py]: atrace: 85:       DEBUG:    [receive_response_body.complete]
[2024-05-02 01:22:16,165]: [_trace.py]: atrace: 85:       DEBUG:    [response_closed.started]
[2024-05-02 01:22:16,165]: [_trace.py]: atrace: 85:       DEBUG:    [response_closed.complete]
[2024-05-02 01:22:16,166]: [_bot.py]: _do_post: 652:       DEBUG:    [Call to Bot API endpoint `getMe` finished with return value `{'id': 6030805959, 'is_bot': True, 'first_name': 'TyPHoone', 'username': 'TyPHoone_Project_bot', 'can_join_groups': True, 'can_read_all_group_messages': False, 'supports_inline_queries': False, 'can_connect_to_business': False}`]
[2024-05-02 01:22:16,166]: [_bot.py]: _do_post: 643:       DEBUG:    [Calling Bot API endpoint `sendDocument` with parameters `{'chat_id': '-4119703192', 'document': <telegram._files.inputfile.InputFile object at 0x7ff59af47000>}`]
[2024-05-02 01:22:16,167]: [_trace.py]: atrace: 85:       DEBUG:    [send_request_headers.started request=<Request [b'POST']>]
[2024-05-02 01:22:16,167]: [_trace.py]: atrace: 85:       DEBUG:    [send_request_headers.complete]
[2024-05-02 01:22:16,167]: [_trace.py]: atrace: 85:       DEBUG:    [send_request_body.started request=<Request [b'POST']>]
[2024-05-02 01:22:16,610]: [_trace.py]: atrace: 85:       DEBUG:    [send_request_body.complete]
[2024-05-02 01:22:16,610]: [_trace.py]: atrace: 85:       DEBUG:    [receive_response_headers.started request=<Request [b'POST']>]
[2024-05-02 01:22:17,148]: [_trace.py]: atrace: 85:       DEBUG:    [receive_response_headers.complete return_value=(b'HTTP/1.1', 200, b'OK', [(b'Server', b'nginx/1.18.0'), (b'Date', b'Thu, 02 May 2024 01:22:17 GMT'), (b'Content-Type', b'application/json'), (b'Content-Length', b'819'), (b'Connection', b'keep-alive'), (b'Strict-Transport-Security', b'max-age=31536000; includeSubDomains; preload'), (b'Access-Control-Allow-Origin', b'*'), (b'Access-Control-Allow-Methods', b'GET, POST, OPTIONS'), (b'Access-Control-Expose-Headers', b'Content-Length,Content-Type,Date,Server,Connection')])]
[2024-05-02 01:22:17,148]: [_client.py]: _send_single_request: 1773:       INFO:    [HTTP Request: POST https://api.telegram.org/bot6030805959:AAGUHAMxLYc-PrevgKouJ3ZyM7ktu56ftjo/sendDocument "HTTP/1.1 200 OK"]
[2024-05-02 01:22:17,148]: [_trace.py]: atrace: 85:       DEBUG:    [receive_response_body.started request=<Request [b'POST']>]
[2024-05-02 01:22:17,149]: [_trace.py]: atrace: 85:       DEBUG:    [receive_response_body.complete]
[2024-05-02 01:22:17,149]: [_trace.py]: atrace: 85:       DEBUG:    [response_closed.started]
[2024-05-02 01:22:17,149]: [_trace.py]: atrace: 85:       DEBUG:    [response_closed.complete]
[2024-05-02 01:22:17,149]: [_bot.py]: _do_post: 652:       DEBUG:    [Call to Bot API endpoint `sendDocument` finished with return value `{'message_id': 740, 'from': {'id': 6030805959, 'is_bot': True, 'first_name': 'TyPHoone', 'username': 'TyPHoone_Project_bot'}, 'chat': {'id': -4119703192, 'title': 'Robocop', 'type': 'group', 'all_members_are_administrators': True}, 'date': 1714612937, 'document': {'file_name': '1-Tir_Ahan.png', 'mime_type': 'image/png', 'thumbnail': {'file_id': 'AAMCBAADGQMAAgLkZjLqyMW2btC2ugs8G03nFKYdHYAAAg4XAAKOWZhRUUUenN4nKbgBAAdtAAM0BA', 'file_unique_id': 'AQADDhcAAo5ZmFFy', 'file_size': 38506, 'width': 320, 'height': 320}, 'thumb': {'file_id': 'AAMCBAADGQMAAgLkZjLqyMW2btC2ugs8G03nFKYdHYAAAg4XAAKOWZhRUUUenN4nKbgBAAdtAAM0BA', 'file_unique_id': 'AQADDhcAAo5ZmFFy', 'file_size': 38506, 'width': 320, 'height': 320}, 'file_id': 'BQACAgQAAxkDAAIC5GYy6sjFtm7QtroLPBtN5xSmHR2AAAIOFwACjlmYUVFFHpzeJym4NAQ', 'file_unique_id': 'AgADDhcAAo5ZmFE', 'file_size': 459629}}`]
[2024-05-02 01:22:17,149]: [_bot.py]: _do_post: 643:       DEBUG:    [Calling Bot API endpoint `sendDocument` with parameters `{'chat_id': '-4119703192', 'document': <telegram._files.inputfile.InputFile object at 0x7ff59af477c0>}`]
[2024-05-02 01:22:17,150]: [_trace.py]: atrace: 85:       DEBUG:    [send_request_headers.started request=<Request [b'POST']>]
[2024-05-02 01:22:17,150]: [_trace.py]: atrace: 85:       DEBUG:    [send_request_headers.complete]
[2024-05-02 01:22:17,150]: [_trace.py]: atrace: 85:       DEBUG:    [send_request_body.started request=<Request [b'POST']>]
[2024-05-02 01:22:17,151]: [_trace.py]: atrace: 85:       DEBUG:    [send_request_body.complete]
[2024-05-02 01:22:17,151]: [_trace.py]: atrace: 85:       DEBUG:    [receive_response_headers.started request=<Request [b'POST']>]
[2024-05-02 01:22:17,376]: [_trace.py]: atrace: 85:       DEBUG:    [receive_response_headers.complete return_value=(b'HTTP/1.1', 200, b'OK', [(b'Server', b'nginx/1.18.0'), (b'Date', b'Thu, 02 May 2024 01:22:17 GMT'), (b'Content-Type', b'application/json'), (b'Content-Length', b'826'), (b'Connection', b'keep-alive'), (b'Strict-Transport-Security', b'max-age=31536000; includeSubDomains; preload'), (b'Access-Control-Allow-Origin', b'*'), (b'Access-Control-Allow-Methods', b'GET, POST, OPTIONS'), (b'Access-Control-Expose-Headers', b'Content-Length,Content-Type,Date,Server,Connection')])]
[2024-05-02 01:22:17,376]: [_client.py]: _send_single_request: 1773:       INFO:    [HTTP Request: POST https://api.telegram.org/bot6030805959:AAGUHAMxLYc-PrevgKouJ3ZyM7ktu56ftjo/sendDocument "HTTP/1.1 200 OK"]
[2024-05-02 01:22:17,376]: [_trace.py]: atrace: 85:       DEBUG:    [receive_response_body.started request=<Request [b'POST']>]
[2024-05-02 01:22:17,376]: [_trace.py]: atrace: 85:       DEBUG:    [receive_response_body.complete]
[2024-05-02 01:22:17,376]: [_trace.py]: atrace: 85:       DEBUG:    [response_closed.started]
[2024-05-02 01:22:17,377]: [_trace.py]: atrace: 85:       DEBUG:    [response_closed.complete]
[2024-05-02 01:22:17,377]: [_bot.py]: _do_post: 652:       DEBUG:    [Call to Bot API endpoint `sendDocument` finished with return value `{'message_id': 741, 'from': {'id': 6030805959, 'is_bot': True, 'first_name': 'TyPHoone', 'username': 'TyPHoone_Project_bot'}, 'chat': {'id': -4119703192, 'title': 'Robocop', 'type': 'group', 'all_members_are_administrators': True}, 'date': 1714612937, 'document': {'file_name': '9-Waraq_Galwanize.png', 'mime_type': 'image/png', 'thumbnail': {'file_id': 'AAMCBAADGQMAAgLlZjLqydFxJnmF8NWq-ZtJMNNrgXMAAg8XAAKOWZhR1Nc6u8uwH_EBAAdtAAM0BA', 'file_unique_id': 'AQADDxcAAo5ZmFFy', 'file_size': 38440, 'width': 320, 'height': 320}, 'thumb': {'file_id': 'AAMCBAADGQMAAgLlZjLqydFxJnmF8NWq-ZtJMNNrgXMAAg8XAAKOWZhR1Nc6u8uwH_EBAAdtAAM0BA', 'file_unique_id': 'AQADDxcAAo5ZmFFy', 'file_size': 38440, 'width': 320, 'height': 320}, 'file_id': 'BQACAgQAAxkDAAIC5WYy6snRcSZ5hfDVqvmbSTDTa4FzAAIPFwACjlmYUdTXOrvLsB_xNAQ', 'file_unique_id': 'AgADDxcAAo5ZmFE', 'file_size': 428872}}`]
[2024-05-02 01:22:17,377]: [_bot.py]: _do_post: 643:       DEBUG:    [Calling Bot API endpoint `sendDocument` with parameters `{'chat_id': '-4119703192', 'document': <telegram._files.inputfile.InputFile object at 0x7ff59af442c0>}`]
[2024-05-02 01:22:17,378]: [_trace.py]: atrace: 85:       DEBUG:    [send_request_headers.started request=<Request [b'POST']>]
[2024-05-02 01:22:17,378]: [_trace.py]: atrace: 85:       DEBUG:    [send_request_headers.complete]
[2024-05-02 01:22:17,378]: [_trace.py]: atrace: 85:       DEBUG:    [send_request_body.started request=<Request [b'POST']>]
[2024-05-02 01:22:17,379]: [_trace.py]: atrace: 85:       DEBUG:    [send_request_body.complete]
[2024-05-02 01:22:17,379]: [_trace.py]: atrace: 85:       DEBUG:    [receive_response_headers.started request=<Request [b'POST']>]
[2024-05-02 01:22:17,606]: [_trace.py]: atrace: 85:       DEBUG:    [receive_response_headers.complete return_value=(b'HTTP/1.1', 200, b'OK', [(b'Server', b'nginx/1.18.0'), (b'Date', b'Thu, 02 May 2024 01:22:17 GMT'), (b'Content-Type', b'application/json'), (b'Content-Length', b'818'), (b'Connection', b'keep-alive'), (b'Strict-Transport-Security', b'max-age=31536000; includeSubDomains; preload'), (b'Access-Control-Allow-Origin', b'*'), (b'Access-Control-Allow-Methods', b'GET, POST, OPTIONS'), (b'Access-Control-Expose-Headers', b'Content-Length,Content-Type,Date,Server,Connection')])]
[2024-05-02 01:22:17,606]: [_client.py]: _send_single_request: 1773:       INFO:    [HTTP Request: POST https://api.telegram.org/bot6030805959:AAGUHAMxLYc-PrevgKouJ3ZyM7ktu56ftjo/sendDocument "HTTP/1.1 200 OK"]
[2024-05-02 01:22:17,606]: [_trace.py]: atrace: 85:       DEBUG:    [receive_response_body.started request=<Request [b'POST']>]
[2024-05-02 01:22:17,606]: [_trace.py]: atrace: 85:       DEBUG:    [receive_response_body.complete]
[2024-05-02 01:22:17,606]: [_trace.py]: atrace: 85:       DEBUG:    [response_closed.started]
[2024-05-02 01:22:17,606]: [_trace.py]: atrace: 85:       DEBUG:    [response_closed.complete]
[2024-05-02 01:22:17,607]: [_bot.py]: _do_post: 652:       DEBUG:    [Call to Bot API endpoint `sendDocument` finished with return value `{'message_id': 742, 'from': {'id': 6030805959, 'is_bot': True, 'first_name': 'TyPHoone', 'username': 'TyPHoone_Project_bot'}, 'chat': {'id': -4119703192, 'title': 'Robocop', 'type': 'group', 'all_members_are_administrators': True}, 'date': 1714612937, 'document': {'file_name': '2-Milgerd.png', 'mime_type': 'image/png', 'thumbnail': {'file_id': 'AAMCBAADGQMAAgLmZjLqyYg5IHCaoj6W_54hzX32FXAAAhAXAAKOWZhR4fnzqgpVGMoBAAdtAAM0BA', 'file_unique_id': 'AQADEBcAAo5ZmFFy', 'file_size': 42486, 'width': 320, 'height': 320}, 'thumb': {'file_id': 'AAMCBAADGQMAAgLmZjLqyYg5IHCaoj6W_54hzX32FXAAAhAXAAKOWZhR4fnzqgpVGMoBAAdtAAM0BA', 'file_unique_id': 'AQADEBcAAo5ZmFFy', 'file_size': 42486, 'width': 320, 'height': 320}, 'file_id': 'BQACAgQAAxkDAAIC5mYy6smIOSBwmqI-lv-eIc199hVwAAIQFwACjlmYUeH586oKVRjKNAQ', 'file_unique_id': 'AgADEBcAAo5ZmFE', 'file_size': 418074}}`]
[2024-05-02 01:22:17,607]: [_bot.py]: _do_post: 643:       DEBUG:    [Calling Bot API endpoint `sendDocument` with parameters `{'chat_id': '-4119703192', 'document': <telegram._files.inputfile.InputFile object at 0x7ff59af44bc0>}`]
[2024-05-02 01:22:17,608]: [_trace.py]: atrace: 85:       DEBUG:    [send_request_headers.started request=<Request [b'POST']>]
[2024-05-02 01:22:17,608]: [_trace.py]: atrace: 85:       DEBUG:    [send_request_headers.complete]
[2024-05-02 01:22:17,608]: [_trace.py]: atrace: 85:       DEBUG:    [send_request_body.started request=<Request [b'POST']>]
[2024-05-02 01:22:17,609]: [_trace.py]: atrace: 85:       DEBUG:    [send_request_body.complete]
[2024-05-02 01:22:17,609]: [_trace.py]: atrace: 85:       DEBUG:    [receive_response_headers.started request=<Request [b'POST']>]
[2024-05-02 01:22:20,849]: [_trace.py]: atrace: 85:       DEBUG:    [receive_response_headers.complete return_value=(b'HTTP/1.1', 200, b'OK', [(b'Server', b'nginx/1.18.0'), (b'Date', b'Thu, 02 May 2024 01:22:20 GMT'), (b'Content-Type', b'application/json'), (b'Content-Length', b'817'), (b'Connection', b'keep-alive'), (b'Strict-Transport-Security', b'max-age=31536000; includeSubDomains; preload'), (b'Access-Control-Allow-Origin', b'*'), (b'Access-Control-Allow-Methods', b'GET, POST, OPTIONS'), (b'Access-Control-Expose-Headers', b'Content-Length,Content-Type,Date,Server,Connection')])]
[2024-05-02 01:22:20,850]: [_client.py]: _send_single_request: 1773:       INFO:    [HTTP Request: POST https://api.telegram.org/bot6030805959:AAGUHAMxLYc-PrevgKouJ3ZyM7ktu56ftjo/sendDocument "HTTP/1.1 200 OK"]
[2024-05-02 01:22:20,850]: [_trace.py]: atrace: 85:       DEBUG:    [receive_response_body.started request=<Request [b'POST']>]
[2024-05-02 01:22:20,850]: [_trace.py]: atrace: 85:       DEBUG:    [receive_response_body.complete]
[2024-05-02 01:22:20,850]: [_trace.py]: atrace: 85:       DEBUG:    [response_closed.started]
[2024-05-02 01:22:20,850]: [_trace.py]: atrace: 85:       DEBUG:    [response_closed.complete]
[2024-05-02 01:22:20,850]: [_bot.py]: _do_post: 652:       DEBUG:    [Call to Bot API endpoint `sendDocument` finished with return value `{'message_id': 743, 'from': {'id': 6030805959, 'is_bot': True, 'first_name': 'TyPHoone', 'username': 'TyPHoone_Project_bot'}, 'chat': {'id': -4119703192, 'title': 'Robocop', 'type': 'group', 'all_members_are_administrators': True}, 'date': 1714612940, 'document': {'file_name': '5-Nabshi.png', 'mime_type': 'image/png', 'thumbnail': {'file_id': 'AAMCBAADGQMAAgLnZjLqzAIL5wxcQqMbG9to3Y5jKagAAhEXAAKOWZhR-ej-A-WBjtABAAdtAAM0BA', 'file_unique_id': 'AQADERcAAo5ZmFFy', 'file_size': 32054, 'width': 320, 'height': 320}, 'thumb': {'file_id': 'AAMCBAADGQMAAgLnZjLqzAIL5wxcQqMbG9to3Y5jKagAAhEXAAKOWZhR-ej-A-WBjtABAAdtAAM0BA', 'file_unique_id': 'AQADERcAAo5ZmFFy', 'file_size': 32054, 'width': 320, 'height': 320}, 'file_id': 'BQACAgQAAxkDAAIC52Yy6swCC-cMXEKjGxvbaN2OYymoAAIRFwACjlmYUfno_gPlgY7QNAQ', 'file_unique_id': 'AgADERcAAo5ZmFE', 'file_size': 449777}}`]
[2024-05-02 01:22:20,851]: [_bot.py]: _do_post: 643:       DEBUG:    [Calling Bot API endpoint `sendDocument` with parameters `{'chat_id': '-4119703192', 'document': <telegram._files.inputfile.InputFile object at 0x7ff59cb4c480>}`]
[2024-05-02 01:22:20,851]: [_trace.py]: atrace: 85:       DEBUG:    [send_request_headers.started request=<Request [b'POST']>]
[2024-05-02 01:22:20,852]: [_trace.py]: atrace: 85:       DEBUG:    [send_request_headers.complete]
[2024-05-02 01:22:20,852]: [_trace.py]: atrace: 85:       DEBUG:    [send_request_body.started request=<Request [b'POST']>]
[2024-05-02 01:22:20,853]: [_trace.py]: atrace: 85:       DEBUG:    [send_request_body.complete]
[2024-05-02 01:22:20,853]: [_trace.py]: atrace: 85:       DEBUG:    [receive_response_headers.started request=<Request [b'POST']>]
[2024-05-02 01:22:21,666]: [_trace.py]: atrace: 85:       DEBUG:    [receive_response_headers.complete return_value=(b'HTTP/1.1', 200, b'OK', [(b'Server', b'nginx/1.18.0'), (b'Date', b'Thu, 02 May 2024 01:22:21 GMT'), (b'Content-Type', b'application/json'), (b'Content-Length', b'821'), (b'Connection', b'keep-alive'), (b'Strict-Transport-Security', b'max-age=31536000; includeSubDomains; preload'), (b'Access-Control-Allow-Origin', b'*'), (b'Access-Control-Allow-Methods', b'GET, POST, OPTIONS'), (b'Access-Control-Expose-Headers', b'Content-Length,Content-Type,Date,Server,Connection')])]
[2024-05-02 01:22:21,666]: [_client.py]: _send_single_request: 1773:       INFO:    [HTTP Request: POST https://api.telegram.org/bot6030805959:AAGUHAMxLYc-PrevgKouJ3ZyM7ktu56ftjo/sendDocument "HTTP/1.1 200 OK"]
[2024-05-02 01:22:21,666]: [_trace.py]: atrace: 85:       DEBUG:    [receive_response_body.started request=<Request [b'POST']>]
[2024-05-02 01:22:21,666]: [_trace.py]: atrace: 85:       DEBUG:    [receive_response_body.complete]
[2024-05-02 01:22:21,667]: [_trace.py]: atrace: 85:       DEBUG:    [response_closed.started]
[2024-05-02 01:22:21,667]: [_trace.py]: atrace: 85:       DEBUG:    [response_closed.complete]
[2024-05-02 01:22:21,667]: [_bot.py]: _do_post: 652:       DEBUG:    [Call to Bot API endpoint `sendDocument` finished with return value `{'message_id': 744, 'from': {'id': 6030805959, 'is_bot': True, 'first_name': 'TyPHoone', 'username': 'TyPHoone_Project_bot'}, 'chat': {'id': -4119703192, 'title': 'Robocop', 'type': 'group', 'all_members_are_administrators': True}, 'date': 1714612941, 'document': {'file_name': '6-Waraq_Siah.png', 'mime_type': 'image/png', 'thumbnail': {'file_id': 'AAMCBAADGQMAAgLoZjLqzfxPcCKPcWrg_P70KvDhMBMAAhIXAAKOWZhRvz0HD5_OzFQBAAdtAAM0BA', 'file_unique_id': 'AQADEhcAAo5ZmFFy', 'file_size': 43089, 'width': 320, 'height': 320}, 'thumb': {'file_id': 'AAMCBAADGQMAAgLoZjLqzfxPcCKPcWrg_P70KvDhMBMAAhIXAAKOWZhRvz0HD5_OzFQBAAdtAAM0BA', 'file_unique_id': 'AQADEhcAAo5ZmFFy', 'file_size': 43089, 'width': 320, 'height': 320}, 'file_id': 'BQACAgQAAxkDAAIC6GYy6s38T3Aij3Fq4Pz-9Crw4TATAAISFwACjlmYUb89Bw-fzsxUNAQ', 'file_unique_id': 'AgADEhcAAo5ZmFE', 'file_size': 424026}}`]
[2024-05-02 01:22:21,667]: [_bot.py]: _do_post: 643:       DEBUG:    [Calling Bot API endpoint `sendDocument` with parameters `{'chat_id': '-4119703192', 'document': <telegram._files.inputfile.InputFile object at 0x7ff59c0dc240>}`]
[2024-05-02 01:22:21,668]: [_trace.py]: atrace: 85:       DEBUG:    [send_request_headers.started request=<Request [b'POST']>]
[2024-05-02 01:22:21,670]: [_trace.py]: atrace: 85:       DEBUG:    [send_request_headers.complete]
[2024-05-02 01:22:21,670]: [_trace.py]: atrace: 85:       DEBUG:    [send_request_body.started request=<Request [b'POST']>]
[2024-05-02 01:22:21,671]: [_trace.py]: atrace: 85:       DEBUG:    [send_request_body.complete]
[2024-05-02 01:22:21,671]: [_trace.py]: atrace: 85:       DEBUG:    [receive_response_headers.started request=<Request [b'POST']>]
[2024-05-02 01:22:21,903]: [_trace.py]: atrace: 85:       DEBUG:    [receive_response_headers.complete return_value=(b'HTTP/1.1', 200, b'OK', [(b'Server', b'nginx/1.18.0'), (b'Date', b'Thu, 02 May 2024 01:22:21 GMT'), (b'Content-Type', b'application/json'), (b'Content-Length', b'818'), (b'Connection', b'keep-alive'), (b'Strict-Transport-Security', b'max-age=31536000; includeSubDomains; preload'), (b'Access-Control-Allow-Origin', b'*'), (b'Access-Control-Allow-Methods', b'GET, POST, OPTIONS'), (b'Access-Control-Expose-Headers', b'Content-Length,Content-Type,Date,Server,Connection')])]
[2024-05-02 01:22:21,903]: [_client.py]: _send_single_request: 1773:       INFO:    [HTTP Request: POST https://api.telegram.org/bot6030805959:AAGUHAMxLYc-PrevgKouJ3ZyM7ktu56ftjo/sendDocument "HTTP/1.1 200 OK"]
[2024-05-02 01:22:21,903]: [_trace.py]: atrace: 85:       DEBUG:    [receive_response_body.started request=<Request [b'POST']>]
[2024-05-02 01:22:21,904]: [_trace.py]: atrace: 85:       DEBUG:    [receive_response_body.complete]
[2024-05-02 01:22:21,904]: [_trace.py]: atrace: 85:       DEBUG:    [response_closed.started]
[2024-05-02 01:22:21,904]: [_trace.py]: atrace: 85:       DEBUG:    [response_closed.complete]
[2024-05-02 01:22:21,904]: [_bot.py]: _do_post: 652:       DEBUG:    [Call to Bot API endpoint `sendDocument` finished with return value `{'message_id': 745, 'from': {'id': 6030805959, 'is_bot': True, 'first_name': 'TyPHoone', 'username': 'TyPHoone_Project_bot'}, 'chat': {'id': -4119703192, 'title': 'Robocop', 'type': 'group', 'all_members_are_administrators': True}, 'date': 1714612941, 'document': {'file_name': '4-Nawdani.png', 'mime_type': 'image/png', 'thumbnail': {'file_id': 'AAMCBAADGQMAAgLpZjLqzTexxV04WQc-emhwtuXgzd4AAhMXAAKOWZhRIoqgNXwBvDUBAAdtAAM0BA', 'file_unique_id': 'AQADExcAAo5ZmFFy', 'file_size': 32927, 'width': 320, 'height': 320}, 'thumb': {'file_id': 'AAMCBAADGQMAAgLpZjLqzTexxV04WQc-emhwtuXgzd4AAhMXAAKOWZhRIoqgNXwBvDUBAAdtAAM0BA', 'file_unique_id': 'AQADExcAAo5ZmFFy', 'file_size': 32927, 'width': 320, 'height': 320}, 'file_id': 'BQACAgQAAxkDAAIC6WYy6s03scVdOFkHPnpocLbl4M3eAAITFwACjlmYUSKKoDV8Abw1NAQ', 'file_unique_id': 'AgADExcAAo5ZmFE', 'file_size': 430873}}`]
[2024-05-02 01:22:21,904]: [_bot.py]: _do_post: 643:       DEBUG:    [Calling Bot API endpoint `sendDocument` with parameters `{'chat_id': '-4119703192', 'document': <telegram._files.inputfile.InputFile object at 0x7ff59af59080>}`]
[2024-05-02 01:22:21,905]: [_trace.py]: atrace: 85:       DEBUG:    [send_request_headers.started request=<Request [b'POST']>]
[2024-05-02 01:22:21,905]: [_trace.py]: atrace: 85:       DEBUG:    [send_request_headers.complete]
[2024-05-02 01:22:21,905]: [_trace.py]: atrace: 85:       DEBUG:    [send_request_body.started request=<Request [b'POST']>]
[2024-05-02 01:22:21,906]: [_trace.py]: atrace: 85:       DEBUG:    [send_request_body.complete]
[2024-05-02 01:22:21,906]: [_trace.py]: atrace: 85:       DEBUG:    [receive_response_headers.started request=<Request [b'POST']>]
[2024-05-02 01:22:22,192]: [_trace.py]: atrace: 85:       DEBUG:    [receive_response_headers.complete return_value=(b'HTTP/1.1', 200, b'OK', [(b'Server', b'nginx/1.18.0'), (b'Date', b'Thu, 02 May 2024 01:22:22 GMT'), (b'Content-Type', b'application/json'), (b'Content-Length', b'818'), (b'Connection', b'keep-alive'), (b'Strict-Transport-Security', b'max-age=31536000; includeSubDomains; preload'), (b'Access-Control-Allow-Origin', b'*'), (b'Access-Control-Allow-Methods', b'GET, POST, OPTIONS'), (b'Access-Control-Expose-Headers', b'Content-Length,Content-Type,Date,Server,Connection')])]
[2024-05-02 01:22:22,192]: [_client.py]: _send_single_request: 1773:       INFO:    [HTTP Request: POST https://api.telegram.org/bot6030805959:AAGUHAMxLYc-PrevgKouJ3ZyM7ktu56ftjo/sendDocument "HTTP/1.1 200 OK"]
[2024-05-02 01:22:22,192]: [_trace.py]: atrace: 85:       DEBUG:    [receive_response_body.started request=<Request [b'POST']>]
[2024-05-02 01:22:22,192]: [_trace.py]: atrace: 85:       DEBUG:    [receive_response_body.complete]
[2024-05-02 01:22:22,192]: [_trace.py]: atrace: 85:       DEBUG:    [response_closed.started]
[2024-05-02 01:22:22,192]: [_trace.py]: atrace: 85:       DEBUG:    [response_closed.complete]
[2024-05-02 01:22:22,192]: [_bot.py]: _do_post: 652:       DEBUG:    [Call to Bot API endpoint `sendDocument` finished with return value `{'message_id': 746, 'from': {'id': 6030805959, 'is_bot': True, 'first_name': 'TyPHoone', 'username': 'TyPHoone_Project_bot'}, 'chat': {'id': -4119703192, 'title': 'Robocop', 'type': 'group', 'all_members_are_administrators': True}, 'date': 1714612942, 'document': {'file_name': '3-Profill.png', 'mime_type': 'image/png', 'thumbnail': {'file_id': 'AAMCBAADGQMAAgLqZjLqzemf88Qmm4zs73TV7JGFIjcAAhQXAAKOWZhRKBwVzeo5DcQBAAdtAAM0BA', 'file_unique_id': 'AQADFBcAAo5ZmFFy', 'file_size': 32350, 'width': 320, 'height': 320}, 'thumb': {'file_id': 'AAMCBAADGQMAAgLqZjLqzemf88Qmm4zs73TV7JGFIjcAAhQXAAKOWZhRKBwVzeo5DcQBAAdtAAM0BA', 'file_unique_id': 'AQADFBcAAo5ZmFFy', 'file_size': 32350, 'width': 320, 'height': 320}, 'file_id': 'BQACAgQAAxkDAAIC6mYy6s3pn_PEJpuM7O901eyRhSI3AAIUFwACjlmYUSgcFc3qOQ3ENAQ', 'file_unique_id': 'AgADFBcAAo5ZmFE', 'file_size': 391313}}`]
[2024-05-02 01:22:22,193]: [_bot.py]: _do_post: 643:       DEBUG:    [Calling Bot API endpoint `sendDocument` with parameters `{'chat_id': '-4119703192', 'document': <telegram._files.inputfile.InputFile object at 0x7ff59ceea600>}`]
[2024-05-02 01:22:22,193]: [_trace.py]: atrace: 85:       DEBUG:    [send_request_headers.started request=<Request [b'POST']>]
[2024-05-02 01:22:22,194]: [_trace.py]: atrace: 85:       DEBUG:    [send_request_headers.complete]
[2024-05-02 01:22:22,194]: [_trace.py]: atrace: 85:       DEBUG:    [send_request_body.started request=<Request [b'POST']>]
[2024-05-02 01:22:22,194]: [_trace.py]: atrace: 85:       DEBUG:    [send_request_body.complete]
[2024-05-02 01:22:22,195]: [_trace.py]: atrace: 85:       DEBUG:    [receive_response_headers.started request=<Request [b'POST']>]
[2024-05-02 01:22:22,419]: [_trace.py]: atrace: 85:       DEBUG:    [receive_response_headers.complete return_value=(b'HTTP/1.1', 200, b'OK', [(b'Server', b'nginx/1.18.0'), (b'Date', b'Thu, 02 May 2024 01:22:22 GMT'), (b'Content-Type', b'application/json'), (b'Content-Length', b'824'), (b'Connection', b'keep-alive'), (b'Strict-Transport-Security', b'max-age=31536000; includeSubDomains; preload'), (b'Access-Control-Allow-Origin', b'*'), (b'Access-Control-Allow-Methods', b'GET, POST, OPTIONS'), (b'Access-Control-Expose-Headers', b'Content-Length,Content-Type,Date,Server,Connection')])]
[2024-05-02 01:22:22,420]: [_client.py]: _send_single_request: 1773:       INFO:    [HTTP Request: POST https://api.telegram.org/bot6030805959:AAGUHAMxLYc-PrevgKouJ3ZyM7ktu56ftjo/sendDocument "HTTP/1.1 200 OK"]
[2024-05-02 01:22:22,420]: [_trace.py]: atrace: 85:       DEBUG:    [receive_response_body.started request=<Request [b'POST']>]
[2024-05-02 01:22:22,420]: [_trace.py]: atrace: 85:       DEBUG:    [receive_response_body.complete]
[2024-05-02 01:22:22,420]: [_trace.py]: atrace: 85:       DEBUG:    [response_closed.started]
[2024-05-02 01:22:22,420]: [_trace.py]: atrace: 85:       DEBUG:    [response_closed.complete]
[2024-05-02 01:22:22,420]: [_bot.py]: _do_post: 652:       DEBUG:    [Call to Bot API endpoint `sendDocument` finished with return value `{'message_id': 747, 'from': {'id': 6030805959, 'is_bot': True, 'first_name': 'TyPHoone', 'username': 'TyPHoone_Project_bot'}, 'chat': {'id': -4119703192, 'title': 'Robocop', 'type': 'group', 'all_members_are_administrators': True}, 'date': 1714612942, 'document': {'file_name': '7-Tasme_Maftoul.png', 'mime_type': 'image/png', 'thumbnail': {'file_id': 'AAMCBAADGQMAAgLrZjLqzpYMMJvcQjRxrmfVJHanjk0AAhUXAAKOWZhRBQxRh7rsXZEBAAdtAAM0BA', 'file_unique_id': 'AQADFRcAAo5ZmFFy', 'file_size': 35662, 'width': 320, 'height': 320}, 'thumb': {'file_id': 'AAMCBAADGQMAAgLrZjLqzpYMMJvcQjRxrmfVJHanjk0AAhUXAAKOWZhRBQxRh7rsXZEBAAdtAAM0BA', 'file_unique_id': 'AQADFRcAAo5ZmFFy', 'file_size': 35662, 'width': 320, 'height': 320}, 'file_id': 'BQACAgQAAxkDAAIC62Yy6s6WDDCb3EI0ca5n1SR2p45NAAIVFwACjlmYUQUMUYe67F2RNAQ', 'file_unique_id': 'AgADFRcAAo5ZmFE', 'file_size': 385511}}`]
[2024-05-02 01:22:22,421]: [_bot.py]: _do_post: 643:       DEBUG:    [Calling Bot API endpoint `sendDocument` with parameters `{'chat_id': '-4119703192', 'document': <telegram._files.inputfile.InputFile object at 0x7ff59af59e00>}`]
[2024-05-02 01:22:22,421]: [_trace.py]: atrace: 85:       DEBUG:    [send_request_headers.started request=<Request [b'POST']>]
[2024-05-02 01:22:22,421]: [_trace.py]: atrace: 85:       DEBUG:    [send_request_headers.complete]
[2024-05-02 01:22:22,421]: [_trace.py]: atrace: 85:       DEBUG:    [send_request_body.started request=<Request [b'POST']>]
[2024-05-02 01:22:22,422]: [_trace.py]: atrace: 85:       DEBUG:    [send_request_body.complete]
[2024-05-02 01:22:22,422]: [_trace.py]: atrace: 85:       DEBUG:    [receive_response_headers.started request=<Request [b'POST']>]
[2024-05-02 01:22:27,428]: [_trace.py]: atrace: 85:       DEBUG:    [receive_response_headers.failed exception=ReadTimeout(TimeoutError())]
[2024-05-02 01:22:27,428]: [_trace.py]: atrace: 85:       DEBUG:    [response_closed.started]
[2024-05-02 01:22:27,428]: [_trace.py]: atrace: 85:       DEBUG:    [response_closed.complete]
[2024-05-02 01:22:27,429]: [Telegram_Sender.py]: runner: 39:       CRITICAL:    [Files Didnt sent]
[2024-05-02 01:22:27,429]: [Main.py]: <module>: 48:       INFO:    [Finished]
