[2025-05-01 11:38:54,125]: [Main.py]: <module>: 21:       INFO:    [Started]
[2025-05-01 11:38:55,531]: [Iron_Scraper.py]: Scrap: 32:       INFO:    [Data Scaraped Successfully]
[2025-05-01 11:38:55,729]: [Iron_Scraper.py]: Scrap: 70:       INFO:    [Scrapped Data Has No Problem]
[2025-05-01 11:38:55,730]: [Iron_Scraper.py]: Scrap: 83:       INFO:    [Data Saved Successfully]
[2025-05-01 11:38:55,730]: [Iron.py]: Run: 26:       INFO:    [Scraping Phase Completed]
[2025-05-01 11:38:55,730]: [Iron_Data_Processor.py]: Data_Reader: 61:       INFO:    [Data File Has Been Red Successfully]
[2025-05-01 11:38:55,730]: [Iron_Data_Processor.py]: Shaper: 78:       INFO:    [Data Shaped]
[2025-05-01 11:38:55,731]: [Iron_Data_Processor.py]: Process: 228:       INFO:    [Data Cleaned]
[2025-05-01 11:38:55,731]: [Iron_Data_Processor.py]: Make_Pages_Objects: 101:       INFO:    [Page Objects Has Been Made]
[2025-05-01 11:38:55,731]: [Iron_Data_Processor.py]: Make_Pages_Objects: 101:       INFO:    [Page Objects Has Been Made]
[2025-05-01 11:38:55,731]: [Iron_Data_Processor.py]: Load_Data: 118:       INFO:    [Data Has Been Load]
[2025-05-01 11:38:55,731]: [Iron_Data_Processor.py]: Load_Data: 118:       INFO:    [Data Has Been Load]
[2025-05-01 11:38:55,731]: [Iron_Data_Processor.py]: Load_positions: 140:       INFO:    [Positions Are Ready]
[2025-05-01 11:38:55,731]: [Iron_Data_Processor.py]: Load_positions: 140:       INFO:    [Positions Are Ready]
[2025-05-01 11:38:56,844]: [Iron_Data_Processor.py]: Make_Tagged_Images: 193:       INFO:    [Images Has Been Made]
[2025-05-01 11:38:57,791]: [Iron_Data_Processor.py]: Make_Tagged_Images: 193:       INFO:    [Images Has Been Made]
[2025-05-01 11:38:58,042]: [Iron_Data_Processor.py]: Make_Cover_Page: 215:       INFO:    [Made Cover Pages]
[2025-05-01 11:38:58,042]: [Iron.py]: Run: 29:       INFO:    [Imagination Phase Completed]
[2025-05-01 11:39:01,411]: [Phone_Scraper.py]: Scrap: 58:       INFO:    [Data Scraped]
[2025-05-01 11:39:01,412]: [Phone_Scraper.py]: Scrap: 71:       INFO:    [Scraped Data Successfully]
[2025-05-01 11:39:01,412]: [Phone.py]: Run: 26:       INFO:    [Scraping Phase Complete]
[2025-05-01 11:39:01,412]: [Phone_Data_Processor.py]: data_reader: 38:       INFO:    [Scraped Data Loaded]
[2025-05-01 11:39:01,413]: [Phone_Data_Processor.py]: filter_list: 65:       INFO:    [Persian Phrases Are deleted]
[2025-05-01 11:39:01,414]: [Phone_Data_Processor.py]: reshape_list: 87:       INFO:    [Date Reshaped]
[2025-05-01 11:39:01,414]: [Phone_Data_Processor.py]: separate_brands: 124:       INFO:    [Brands Are Separated]
[2025-05-01 11:39:01,414]: [Phone_Data_Processor.py]: delete_extra_spaces: 141:       INFO:    [Extra Spaces Are Deleted]
[2025-05-01 11:39:02,188]: [Phone.py]: Run: 29:       INFO:    [Imagination Phase Complete]
[2025-05-01 11:39:02,188]: [selector_events.py]: __init__: 64:       DEBUG:    [Using selector: EpollSelector]
[2025-05-01 11:39:02,468]: [_bot.py]: _do_post: 643:       DEBUG:    [Calling Bot API endpoint `getMe` with parameters `{}`]
[2025-05-01 11:39:02,473]: [_trace.py]: atrace: 87:       DEBUG:    [connect_tcp.started host='api.telegram.org' port=443 local_address=None timeout=5.0 socket_options=None]
[2025-05-01 11:39:02,653]: [_trace.py]: atrace: 87:       DEBUG:    [connect_tcp.complete return_value=<httpcore._backends.anyio.AnyIOStream object at 0x7fd3c89ba7b0>]
[2025-05-01 11:39:02,653]: [_trace.py]: atrace: 87:       DEBUG:    [start_tls.started ssl_context=<ssl.SSLContext object at 0x7fd3c93737d0> server_hostname='api.telegram.org' timeout=5.0]
[2025-05-01 11:39:02,749]: [_trace.py]: atrace: 87:       DEBUG:    [start_tls.complete return_value=<httpcore._backends.anyio.AnyIOStream object at 0x7fd3c96b29f0>]
[2025-05-01 11:39:02,749]: [_trace.py]: atrace: 87:       DEBUG:    [send_request_headers.started request=<Request [b'POST']>]
[2025-05-01 11:39:02,749]: [_trace.py]: atrace: 87:       DEBUG:    [send_request_headers.complete]
[2025-05-01 11:39:02,750]: [_trace.py]: atrace: 87:       DEBUG:    [send_request_body.started request=<Request [b'POST']>]
[2025-05-01 11:39:02,750]: [_trace.py]: atrace: 87:       DEBUG:    [send_request_body.complete]
[2025-05-01 11:39:02,750]: [_trace.py]: atrace: 87:       DEBUG:    [receive_response_headers.started request=<Request [b'POST']>]
[2025-05-01 11:39:02,863]: [_trace.py]: atrace: 87:       DEBUG:    [receive_response_headers.complete return_value=(b'HTTP/1.1', 200, b'OK', [(b'Server', b'nginx/1.18.0'), (b'Date', b'Thu, 01 May 2025 11:39:02 GMT'), (b'Content-Type', b'application/json'), (b'Content-Length', b'258'), (b'Connection', b'keep-alive'), (b'Strict-Transport-Security', b'max-age=31536000; includeSubDomains; preload'), (b'Access-Control-Allow-Origin', b'*'), (b'Access-Control-Allow-Methods', b'GET, POST, OPTIONS'), (b'Access-Control-Expose-Headers', b'Content-Length,Content-Type,Date,Server,Connection')])]
[2025-05-01 11:39:02,864]: [_client.py]: _send_single_request: 1740:       INFO:    [HTTP Request: POST https://api.telegram.org/bot6030805959:AAGUHAMxLYc-PrevgKouJ3ZyM7ktu56ftjo/getMe "HTTP/1.1 200 OK"]
[2025-05-01 11:39:02,864]: [_trace.py]: atrace: 87:       DEBUG:    [receive_response_body.started request=<Request [b'POST']>]
[2025-05-01 11:39:02,864]: [_trace.py]: atrace: 87:       DEBUG:    [receive_response_body.complete]
[2025-05-01 11:39:02,864]: [_trace.py]: atrace: 87:       DEBUG:    [response_closed.started]
[2025-05-01 11:39:02,864]: [_trace.py]: atrace: 87:       DEBUG:    [response_closed.complete]
[2025-05-01 11:39:02,864]: [_bot.py]: _do_post: 652:       DEBUG:    [Call to Bot API endpoint `getMe` finished with return value `{'id': 6030805959, 'is_bot': True, 'first_name': 'TyPHoone', 'username': 'TyPHoone_Project_bot', 'can_join_groups': True, 'can_read_all_group_messages': False, 'supports_inline_queries': False, 'can_connect_to_business': False, 'has_main_web_app': False}`]
[2025-05-01 11:39:02,867]: [_bot.py]: _do_post: 643:       DEBUG:    [Calling Bot API endpoint `sendDocument` with parameters `{'chat_id': '-4119703192', 'document': <telegram._files.inputfile.InputFile object at 0x7fd3c89c4400>}`]
[2025-05-01 11:39:02,868]: [_trace.py]: atrace: 87:       DEBUG:    [send_request_headers.started request=<Request [b'POST']>]
[2025-05-01 11:39:02,868]: [_trace.py]: atrace: 87:       DEBUG:    [send_request_headers.complete]
[2025-05-01 11:39:02,868]: [_trace.py]: atrace: 87:       DEBUG:    [send_request_body.started request=<Request [b'POST']>]
[2025-05-01 11:39:02,869]: [_trace.py]: atrace: 87:       DEBUG:    [send_request_body.complete]
[2025-05-01 11:39:02,869]: [_trace.py]: atrace: 87:       DEBUG:    [receive_response_headers.started request=<Request [b'POST']>]
[2025-05-01 11:39:02,998]: [_trace.py]: atrace: 87:       DEBUG:    [receive_response_headers.complete return_value=(b'HTTP/1.1', 200, b'OK', [(b'Server', b'nginx/1.18.0'), (b'Date', b'Thu, 01 May 2025 11:39:02 GMT'), (b'Content-Type', b'application/json'), (b'Content-Length', b'584'), (b'Connection', b'keep-alive'), (b'Strict-Transport-Security', b'max-age=31536000; includeSubDomains; preload'), (b'Access-Control-Allow-Origin', b'*'), (b'Access-Control-Allow-Methods', b'GET, POST, OPTIONS'), (b'Access-Control-Expose-Headers', b'Content-Length,Content-Type,Date,Server,Connection')])]
[2025-05-01 11:39:02,998]: [_client.py]: _send_single_request: 1740:       INFO:    [HTTP Request: POST https://api.telegram.org/bot6030805959:AAGUHAMxLYc-PrevgKouJ3ZyM7ktu56ftjo/sendDocument "HTTP/1.1 200 OK"]
[2025-05-01 11:39:02,998]: [_trace.py]: atrace: 87:       DEBUG:    [receive_response_body.started request=<Request [b'POST']>]
[2025-05-01 11:39:02,998]: [_trace.py]: atrace: 87:       DEBUG:    [receive_response_body.complete]
[2025-05-01 11:39:02,998]: [_trace.py]: atrace: 87:       DEBUG:    [response_closed.started]
[2025-05-01 11:39:02,998]: [_trace.py]: atrace: 87:       DEBUG:    [response_closed.complete]
[2025-05-01 11:39:02,999]: [_bot.py]: _do_post: 652:       DEBUG:    [Call to Bot API endpoint `sendDocument` finished with return value `{'message_id': 2327, 'from': {'id': 6030805959, 'is_bot': True, 'first_name': 'TyPHoone', 'username': 'TyPHoone_Project_bot'}, 'chat': {'id': -4119703192, 'title': 'Robocop', 'type': 'group', 'all_members_are_administrators': True, 'accepted_gift_types': {'unlimited_gifts': False, 'limited_gifts': False, 'unique_gifts': False, 'premium_subscription': False}}, 'date': 1746099542, 'document': {'file_name': '(2025_05_01--11_38).log', 'mime_type': 'text/plain', 'file_id': 'BQACAgQAAxkDAAIJF2gTXVbVPdY81P02IZDaZ3jxKrJAAAKPGgACjqmYUE6CvSwzzahCNgQ', 'file_unique_id': 'AgADjxoAAo6pmFA', 'file_size': 5937}}`]
[2025-05-01 11:39:02,999]: [_trace.py]: atrace: 87:       DEBUG:    [close.started]
[2025-05-01 11:39:02,999]: [_trace.py]: atrace: 87:       DEBUG:    [close.complete]
[2025-05-01 11:39:03,042]: [_bot.py]: _do_post: 643:       DEBUG:    [Calling Bot API endpoint `getMe` with parameters `{}`]
[2025-05-01 11:39:03,042]: [_trace.py]: atrace: 87:       DEBUG:    [connect_tcp.started host='api.telegram.org' port=443 local_address=None timeout=5.0 socket_options=None]
[2025-05-01 11:39:03,132]: [_trace.py]: atrace: 87:       DEBUG:    [connect_tcp.complete return_value=<httpcore._backends.anyio.AnyIOStream object at 0x7fd3c8864ad0>]
[2025-05-01 11:39:03,132]: [_trace.py]: atrace: 87:       DEBUG:    [start_tls.started ssl_context=<ssl.SSLContext object at 0x7fd3c93736d0> server_hostname='api.telegram.org' timeout=5.0]
[2025-05-01 11:39:03,223]: [_trace.py]: atrace: 87:       DEBUG:    [start_tls.complete return_value=<httpcore._backends.anyio.AnyIOStream object at 0x7fd3c9c2d400>]
[2025-05-01 11:39:03,223]: [_trace.py]: atrace: 87:       DEBUG:    [send_request_headers.started request=<Request [b'POST']>]
[2025-05-01 11:39:03,223]: [_trace.py]: atrace: 87:       DEBUG:    [send_request_headers.complete]
[2025-05-01 11:39:03,223]: [_trace.py]: atrace: 87:       DEBUG:    [send_request_body.started request=<Request [b'POST']>]
[2025-05-01 11:39:03,223]: [_trace.py]: atrace: 87:       DEBUG:    [send_request_body.complete]
[2025-05-01 11:39:03,223]: [_trace.py]: atrace: 87:       DEBUG:    [receive_response_headers.started request=<Request [b'POST']>]
[2025-05-01 11:39:03,312]: [_trace.py]: atrace: 87:       DEBUG:    [receive_response_headers.complete return_value=(b'HTTP/1.1', 200, b'OK', [(b'Server', b'nginx/1.18.0'), (b'Date', b'Thu, 01 May 2025 11:39:03 GMT'), (b'Content-Type', b'application/json'), (b'Content-Length', b'258'), (b'Connection', b'keep-alive'), (b'Strict-Transport-Security', b'max-age=31536000; includeSubDomains; preload'), (b'Access-Control-Allow-Origin', b'*'), (b'Access-Control-Allow-Methods', b'GET, POST, OPTIONS'), (b'Access-Control-Expose-Headers', b'Content-Length,Content-Type,Date,Server,Connection')])]
[2025-05-01 11:39:03,312]: [_client.py]: _send_single_request: 1740:       INFO:    [HTTP Request: POST https://api.telegram.org/bot6030805959:AAGUHAMxLYc-PrevgKouJ3ZyM7ktu56ftjo/getMe "HTTP/1.1 200 OK"]
[2025-05-01 11:39:03,312]: [_trace.py]: atrace: 87:       DEBUG:    [receive_response_body.started request=<Request [b'POST']>]
[2025-05-01 11:39:03,312]: [_trace.py]: atrace: 87:       DEBUG:    [receive_response_body.complete]
[2025-05-01 11:39:03,312]: [_trace.py]: atrace: 87:       DEBUG:    [response_closed.started]
[2025-05-01 11:39:03,312]: [_trace.py]: atrace: 87:       DEBUG:    [response_closed.complete]
[2025-05-01 11:39:03,312]: [_bot.py]: _do_post: 652:       DEBUG:    [Call to Bot API endpoint `getMe` finished with return value `{'id': 6030805959, 'is_bot': True, 'first_name': 'TyPHoone', 'username': 'TyPHoone_Project_bot', 'can_join_groups': True, 'can_read_all_group_messages': False, 'supports_inline_queries': False, 'can_connect_to_business': False, 'has_main_web_app': False}`]
[2025-05-01 11:39:03,316]: [_bot.py]: _do_post: 643:       DEBUG:    [Calling Bot API endpoint `sendDocument` with parameters `{'chat_id': '-4119703192', 'document': <telegram._files.inputfile.InputFile object at 0x7fd3c8d294c0>}`]
[2025-05-01 11:39:03,316]: [_trace.py]: atrace: 87:       DEBUG:    [send_request_headers.started request=<Request [b'POST']>]
[2025-05-01 11:39:03,316]: [_trace.py]: atrace: 87:       DEBUG:    [send_request_headers.complete]
[2025-05-01 11:39:03,316]: [_trace.py]: atrace: 87:       DEBUG:    [send_request_body.started request=<Request [b'POST']>]
[2025-05-01 11:39:04,199]: [_trace.py]: atrace: 87:       DEBUG:    [send_request_body.complete]
[2025-05-01 11:39:04,200]: [_trace.py]: atrace: 87:       DEBUG:    [receive_response_headers.started request=<Request [b'POST']>]
[2025-05-01 11:39:04,846]: [_trace.py]: atrace: 87:       DEBUG:    [receive_response_headers.complete return_value=(b'HTTP/1.1', 200, b'OK', [(b'Server', b'nginx/1.18.0'), (b'Date', b'Thu, 01 May 2025 11:39:04 GMT'), (b'Content-Type', b'application/json'), (b'Content-Length', b'599'), (b'Connection', b'keep-alive'), (b'Strict-Transport-Security', b'max-age=31536000; includeSubDomains; preload'), (b'Access-Control-Allow-Origin', b'*'), (b'Access-Control-Allow-Methods', b'GET, POST, OPTIONS'), (b'Access-Control-Expose-Headers', b'Content-Length,Content-Type,Date,Server,Connection')])]
[2025-05-01 11:39:04,846]: [_client.py]: _send_single_request: 1740:       INFO:    [HTTP Request: POST https://api.telegram.org/bot6030805959:AAGUHAMxLYc-PrevgKouJ3ZyM7ktu56ftjo/sendDocument "HTTP/1.1 200 OK"]
[2025-05-01 11:39:04,846]: [_trace.py]: atrace: 87:       DEBUG:    [receive_response_body.started request=<Request [b'POST']>]
[2025-05-01 11:39:04,846]: [_trace.py]: atrace: 87:       DEBUG:    [receive_response_body.complete]
[2025-05-01 11:39:04,846]: [_trace.py]: atrace: 87:       DEBUG:    [response_closed.started]
[2025-05-01 11:39:04,846]: [_trace.py]: atrace: 87:       DEBUG:    [response_closed.complete]
[2025-05-01 11:39:04,847]: [_bot.py]: _do_post: 652:       DEBUG:    [Call to Bot API endpoint `sendDocument` finished with return value `{'message_id': 2328, 'from': {'id': 6030805959, 'is_bot': True, 'first_name': 'TyPHoone', 'username': 'TyPHoone_Project_bot'}, 'chat': {'id': -4119703192, 'title': 'Robocop', 'type': 'group', 'all_members_are_administrators': True, 'accepted_gift_types': {'unlimited_gifts': False, 'limited_gifts': False, 'unique_gifts': False, 'premium_subscription': False}}, 'date': 1746099544, 'document': {'file_name': '(2025_05_01--11_38)output.zip', 'mime_type': 'application/zip', 'file_id': 'BQACAgQAAxkDAAIJGGgTXVh0qijqOYlbDqAJJUVf1XzzAAKQGgACjqmYUP0Viu2K11LDNgQ', 'file_unique_id': 'AgADkBoAAo6pmFA', 'file_size': 10221050}}`]
[2025-05-01 11:39:04,847]: [_trace.py]: atrace: 87:       DEBUG:    [close.started]
[2025-05-01 11:39:04,847]: [_trace.py]: atrace: 87:       DEBUG:    [close.complete]
[2025-05-01 11:39:04,847]: [Telegram_Sender.py]: runner: 61:       INFO:    [sent successfully]
[2025-05-01 11:39:04,848]: [Main.py]: <module>: 48:       INFO:    [Finished]
