[2025-05-08 11:39:58,591]: [Main.py]: <module>: 21:       INFO:    [Started]
[2025-05-08 11:40:00,508]: [Iron_Scraper.py]: Scrap: 32:       INFO:    [Data Scaraped Successfully]
[2025-05-08 11:40:00,707]: [Iron_Scraper.py]: Scrap: 70:       INFO:    [Scrapped Data Has No Problem]
[2025-05-08 11:40:00,707]: [Iron_Scraper.py]: Scrap: 83:       INFO:    [Data Saved Successfully]
[2025-05-08 11:40:00,708]: [Iron.py]: Run: 26:       INFO:    [Scraping Phase Completed]
[2025-05-08 11:40:00,708]: [Iron_Data_Processor.py]: Data_Reader: 61:       INFO:    [Data File Has Been Red Successfully]
[2025-05-08 11:40:00,708]: [Iron_Data_Processor.py]: Shaper: 78:       INFO:    [Data Shaped]
[2025-05-08 11:40:00,708]: [Iron_Data_Processor.py]: Process: 228:       INFO:    [Data Cleaned]
[2025-05-08 11:40:00,708]: [Iron_Data_Processor.py]: Make_Pages_Objects: 101:       INFO:    [Page Objects Has Been Made]
[2025-05-08 11:40:00,708]: [Iron_Data_Processor.py]: Make_Pages_Objects: 101:       INFO:    [Page Objects Has Been Made]
[2025-05-08 11:40:00,708]: [Iron_Data_Processor.py]: Load_Data: 118:       INFO:    [Data Has Been Load]
[2025-05-08 11:40:00,708]: [Iron_Data_Processor.py]: Load_Data: 118:       INFO:    [Data Has Been Load]
[2025-05-08 11:40:00,709]: [Iron_Data_Processor.py]: Load_positions: 140:       INFO:    [Positions Are Ready]
[2025-05-08 11:40:00,709]: [Iron_Data_Processor.py]: Load_positions: 140:       INFO:    [Positions Are Ready]
[2025-05-08 11:40:01,830]: [Iron_Data_Processor.py]: Make_Tagged_Images: 193:       INFO:    [Images Has Been Made]
[2025-05-08 11:40:02,782]: [Iron_Data_Processor.py]: Make_Tagged_Images: 193:       INFO:    [Images Has Been Made]
[2025-05-08 11:40:03,035]: [Iron_Data_Processor.py]: Make_Cover_Page: 215:       INFO:    [Made Cover Pages]
[2025-05-08 11:40:03,035]: [Iron.py]: Run: 29:       INFO:    [Imagination Phase Completed]
[2025-05-08 11:40:07,118]: [Phone_Scraper.py]: Scrap: 58:       INFO:    [Data Scraped]
[2025-05-08 11:40:07,119]: [Phone_Scraper.py]: Scrap: 71:       INFO:    [Scraped Data Successfully]
[2025-05-08 11:40:07,119]: [Phone.py]: Run: 26:       INFO:    [Scraping Phase Complete]
[2025-05-08 11:40:07,119]: [Phone_Data_Processor.py]: data_reader: 38:       INFO:    [Scraped Data Loaded]
[2025-05-08 11:40:07,120]: [Phone_Data_Processor.py]: filter_list: 65:       INFO:    [Persian Phrases Are deleted]
[2025-05-08 11:40:07,120]: [Phone_Data_Processor.py]: reshape_list: 87:       INFO:    [Date Reshaped]
[2025-05-08 11:40:07,121]: [Phone_Data_Processor.py]: separate_brands: 124:       INFO:    [Brands Are Separated]
[2025-05-08 11:40:07,121]: [Phone_Data_Processor.py]: delete_extra_spaces: 141:       INFO:    [Extra Spaces Are Deleted]
[2025-05-08 11:40:07,884]: [Phone.py]: Run: 29:       INFO:    [Imagination Phase Complete]
[2025-05-08 11:40:07,885]: [selector_events.py]: __init__: 64:       DEBUG:    [Using selector: EpollSelector]
[2025-05-08 11:40:08,167]: [_bot.py]: _do_post: 643:       DEBUG:    [Calling Bot API endpoint `getMe` with parameters `{}`]
[2025-05-08 11:40:08,172]: [_trace.py]: atrace: 87:       DEBUG:    [connect_tcp.started host='api.telegram.org' port=443 local_address=None timeout=5.0 socket_options=None]
[2025-05-08 11:40:08,401]: [_trace.py]: atrace: 87:       DEBUG:    [connect_tcp.complete return_value=<httpcore._backends.anyio.AnyIOStream object at 0x7f938c3c9df0>]
[2025-05-08 11:40:08,401]: [_trace.py]: atrace: 87:       DEBUG:    [start_tls.started ssl_context=<ssl.SSLContext object at 0x7f93817777d0> server_hostname='api.telegram.org' timeout=5.0]
[2025-05-08 11:40:08,553]: [_trace.py]: atrace: 87:       DEBUG:    [start_tls.complete return_value=<httpcore._backends.anyio.AnyIOStream object at 0x7f938198b620>]
[2025-05-08 11:40:08,553]: [_trace.py]: atrace: 87:       DEBUG:    [send_request_headers.started request=<Request [b'POST']>]
[2025-05-08 11:40:08,554]: [_trace.py]: atrace: 87:       DEBUG:    [send_request_headers.complete]
[2025-05-08 11:40:08,554]: [_trace.py]: atrace: 87:       DEBUG:    [send_request_body.started request=<Request [b'POST']>]
[2025-05-08 11:40:08,554]: [_trace.py]: atrace: 87:       DEBUG:    [send_request_body.complete]
[2025-05-08 11:40:08,554]: [_trace.py]: atrace: 87:       DEBUG:    [receive_response_headers.started request=<Request [b'POST']>]
[2025-05-08 11:40:08,703]: [_trace.py]: atrace: 87:       DEBUG:    [receive_response_headers.complete return_value=(b'HTTP/1.1', 200, b'OK', [(b'Server', b'nginx/1.18.0'), (b'Date', b'Thu, 08 May 2025 11:40:08 GMT'), (b'Content-Type', b'application/json'), (b'Content-Length', b'258'), (b'Connection', b'keep-alive'), (b'Strict-Transport-Security', b'max-age=31536000; includeSubDomains; preload'), (b'Access-Control-Allow-Origin', b'*'), (b'Access-Control-Allow-Methods', b'GET, POST, OPTIONS'), (b'Access-Control-Expose-Headers', b'Content-Length,Content-Type,Date,Server,Connection')])]
[2025-05-08 11:40:08,703]: [_client.py]: _send_single_request: 1740:       INFO:    [HTTP Request: POST https://api.telegram.org/bot6030805959:AAGUHAMxLYc-PrevgKouJ3ZyM7ktu56ftjo/getMe "HTTP/1.1 200 OK"]
[2025-05-08 11:40:08,703]: [_trace.py]: atrace: 87:       DEBUG:    [receive_response_body.started request=<Request [b'POST']>]
[2025-05-08 11:40:08,704]: [_trace.py]: atrace: 87:       DEBUG:    [receive_response_body.complete]
[2025-05-08 11:40:08,704]: [_trace.py]: atrace: 87:       DEBUG:    [response_closed.started]
[2025-05-08 11:40:08,704]: [_trace.py]: atrace: 87:       DEBUG:    [response_closed.complete]
[2025-05-08 11:40:08,704]: [_bot.py]: _do_post: 652:       DEBUG:    [Call to Bot API endpoint `getMe` finished with return value `{'id': 6030805959, 'is_bot': True, 'first_name': 'TyPHoone', 'username': 'TyPHoone_Project_bot', 'can_join_groups': True, 'can_read_all_group_messages': False, 'supports_inline_queries': False, 'can_connect_to_business': False, 'has_main_web_app': False}`]
[2025-05-08 11:40:08,707]: [_bot.py]: _do_post: 643:       DEBUG:    [Calling Bot API endpoint `sendDocument` with parameters `{'chat_id': '-4119703192', 'document': <telegram._files.inputfile.InputFile object at 0x7f9381838b80>}`]
[2025-05-08 11:40:08,707]: [_trace.py]: atrace: 87:       DEBUG:    [send_request_headers.started request=<Request [b'POST']>]
[2025-05-08 11:40:08,708]: [_trace.py]: atrace: 87:       DEBUG:    [send_request_headers.complete]
[2025-05-08 11:40:08,708]: [_trace.py]: atrace: 87:       DEBUG:    [send_request_body.started request=<Request [b'POST']>]
[2025-05-08 11:40:08,708]: [_trace.py]: atrace: 87:       DEBUG:    [send_request_body.complete]
[2025-05-08 11:40:08,708]: [_trace.py]: atrace: 87:       DEBUG:    [receive_response_headers.started request=<Request [b'POST']>]
[2025-05-08 11:40:08,902]: [_trace.py]: atrace: 87:       DEBUG:    [receive_response_headers.complete return_value=(b'HTTP/1.1', 200, b'OK', [(b'Server', b'nginx/1.18.0'), (b'Date', b'Thu, 08 May 2025 11:40:08 GMT'), (b'Content-Type', b'application/json'), (b'Content-Length', b'584'), (b'Connection', b'keep-alive'), (b'Strict-Transport-Security', b'max-age=31536000; includeSubDomains; preload'), (b'Access-Control-Allow-Origin', b'*'), (b'Access-Control-Allow-Methods', b'GET, POST, OPTIONS'), (b'Access-Control-Expose-Headers', b'Content-Length,Content-Type,Date,Server,Connection')])]
[2025-05-08 11:40:08,902]: [_client.py]: _send_single_request: 1740:       INFO:    [HTTP Request: POST https://api.telegram.org/bot6030805959:AAGUHAMxLYc-PrevgKouJ3ZyM7ktu56ftjo/sendDocument "HTTP/1.1 200 OK"]
[2025-05-08 11:40:08,902]: [_trace.py]: atrace: 87:       DEBUG:    [receive_response_body.started request=<Request [b'POST']>]
[2025-05-08 11:40:08,902]: [_trace.py]: atrace: 87:       DEBUG:    [receive_response_body.complete]
[2025-05-08 11:40:08,902]: [_trace.py]: atrace: 87:       DEBUG:    [response_closed.started]
[2025-05-08 11:40:08,902]: [_trace.py]: atrace: 87:       DEBUG:    [response_closed.complete]
[2025-05-08 11:40:08,902]: [_bot.py]: _do_post: 652:       DEBUG:    [Call to Bot API endpoint `sendDocument` finished with return value `{'message_id': 2341, 'from': {'id': 6030805959, 'is_bot': True, 'first_name': 'TyPHoone', 'username': 'TyPHoone_Project_bot'}, 'chat': {'id': -4119703192, 'title': 'Robocop', 'type': 'group', 'all_members_are_administrators': True, 'accepted_gift_types': {'unlimited_gifts': False, 'limited_gifts': False, 'unique_gifts': False, 'premium_subscription': False}}, 'date': 1746704408, 'document': {'file_name': '(2025_05_08--11_39).log', 'mime_type': 'text/plain', 'file_id': 'BQACAgQAAxkDAAIJJWgcmBgJDyE5x7X4ATziIaAYdI-xAAIjHQACdmTgUD7ZQ-SBNKd3NgQ', 'file_unique_id': 'AgADIx0AAnZk4FA', 'file_size': 5937}}`]
[2025-05-08 11:40:08,903]: [_trace.py]: atrace: 87:       DEBUG:    [close.started]
[2025-05-08 11:40:08,903]: [_trace.py]: atrace: 87:       DEBUG:    [close.complete]
[2025-05-08 11:40:08,945]: [_bot.py]: _do_post: 643:       DEBUG:    [Calling Bot API endpoint `getMe` with parameters `{}`]
[2025-05-08 11:40:08,946]: [_trace.py]: atrace: 87:       DEBUG:    [connect_tcp.started host='api.telegram.org' port=443 local_address=None timeout=5.0 socket_options=None]
[2025-05-08 11:40:09,096]: [_trace.py]: atrace: 87:       DEBUG:    [connect_tcp.complete return_value=<httpcore._backends.anyio.AnyIOStream object at 0x7f9380c6a3c0>]
[2025-05-08 11:40:09,096]: [_trace.py]: atrace: 87:       DEBUG:    [start_tls.started ssl_context=<ssl.SSLContext object at 0x7f93817776d0> server_hostname='api.telegram.org' timeout=5.0]
[2025-05-08 11:40:09,247]: [_trace.py]: atrace: 87:       DEBUG:    [start_tls.complete return_value=<httpcore._backends.anyio.AnyIOStream object at 0x7f9380c1d460>]
[2025-05-08 11:40:09,247]: [_trace.py]: atrace: 87:       DEBUG:    [send_request_headers.started request=<Request [b'POST']>]
[2025-05-08 11:40:09,247]: [_trace.py]: atrace: 87:       DEBUG:    [send_request_headers.complete]
[2025-05-08 11:40:09,247]: [_trace.py]: atrace: 87:       DEBUG:    [send_request_body.started request=<Request [b'POST']>]
[2025-05-08 11:40:09,247]: [_trace.py]: atrace: 87:       DEBUG:    [send_request_body.complete]
[2025-05-08 11:40:09,247]: [_trace.py]: atrace: 87:       DEBUG:    [receive_response_headers.started request=<Request [b'POST']>]
[2025-05-08 11:40:09,396]: [_trace.py]: atrace: 87:       DEBUG:    [receive_response_headers.complete return_value=(b'HTTP/1.1', 200, b'OK', [(b'Server', b'nginx/1.18.0'), (b'Date', b'Thu, 08 May 2025 11:40:09 GMT'), (b'Content-Type', b'application/json'), (b'Content-Length', b'258'), (b'Connection', b'keep-alive'), (b'Strict-Transport-Security', b'max-age=31536000; includeSubDomains; preload'), (b'Access-Control-Allow-Origin', b'*'), (b'Access-Control-Allow-Methods', b'GET, POST, OPTIONS'), (b'Access-Control-Expose-Headers', b'Content-Length,Content-Type,Date,Server,Connection')])]
[2025-05-08 11:40:09,396]: [_client.py]: _send_single_request: 1740:       INFO:    [HTTP Request: POST https://api.telegram.org/bot6030805959:AAGUHAMxLYc-PrevgKouJ3ZyM7ktu56ftjo/getMe "HTTP/1.1 200 OK"]
[2025-05-08 11:40:09,396]: [_trace.py]: atrace: 87:       DEBUG:    [receive_response_body.started request=<Request [b'POST']>]
[2025-05-08 11:40:09,397]: [_trace.py]: atrace: 87:       DEBUG:    [receive_response_body.complete]
[2025-05-08 11:40:09,397]: [_trace.py]: atrace: 87:       DEBUG:    [response_closed.started]
[2025-05-08 11:40:09,397]: [_trace.py]: atrace: 87:       DEBUG:    [response_closed.complete]
[2025-05-08 11:40:09,397]: [_bot.py]: _do_post: 652:       DEBUG:    [Call to Bot API endpoint `getMe` finished with return value `{'id': 6030805959, 'is_bot': True, 'first_name': 'TyPHoone', 'username': 'TyPHoone_Project_bot', 'can_join_groups': True, 'can_read_all_group_messages': False, 'supports_inline_queries': False, 'can_connect_to_business': False, 'has_main_web_app': False}`]
[2025-05-08 11:40:09,400]: [_bot.py]: _do_post: 643:       DEBUG:    [Calling Bot API endpoint `sendDocument` with parameters `{'chat_id': '-4119703192', 'document': <telegram._files.inputfile.InputFile object at 0x7f93817c5d00>}`]
[2025-05-08 11:40:09,400]: [_trace.py]: atrace: 87:       DEBUG:    [send_request_headers.started request=<Request [b'POST']>]
[2025-05-08 11:40:09,400]: [_trace.py]: atrace: 87:       DEBUG:    [send_request_headers.complete]
[2025-05-08 11:40:09,400]: [_trace.py]: atrace: 87:       DEBUG:    [send_request_body.started request=<Request [b'POST']>]
[2025-05-08 11:40:10,907]: [_trace.py]: atrace: 87:       DEBUG:    [send_request_body.complete]
[2025-05-08 11:40:10,907]: [_trace.py]: atrace: 87:       DEBUG:    [receive_response_headers.started request=<Request [b'POST']>]
[2025-05-08 11:40:11,634]: [_trace.py]: atrace: 87:       DEBUG:    [receive_response_headers.complete return_value=(b'HTTP/1.1', 200, b'OK', [(b'Server', b'nginx/1.18.0'), (b'Date', b'Thu, 08 May 2025 11:40:11 GMT'), (b'Content-Type', b'application/json'), (b'Content-Length', b'599'), (b'Connection', b'keep-alive'), (b'Strict-Transport-Security', b'max-age=31536000; includeSubDomains; preload'), (b'Access-Control-Allow-Origin', b'*'), (b'Access-Control-Allow-Methods', b'GET, POST, OPTIONS'), (b'Access-Control-Expose-Headers', b'Content-Length,Content-Type,Date,Server,Connection')])]
[2025-05-08 11:40:11,635]: [_client.py]: _send_single_request: 1740:       INFO:    [HTTP Request: POST https://api.telegram.org/bot6030805959:AAGUHAMxLYc-PrevgKouJ3ZyM7ktu56ftjo/sendDocument "HTTP/1.1 200 OK"]
[2025-05-08 11:40:11,635]: [_trace.py]: atrace: 87:       DEBUG:    [receive_response_body.started request=<Request [b'POST']>]
[2025-05-08 11:40:11,635]: [_trace.py]: atrace: 87:       DEBUG:    [receive_response_body.complete]
[2025-05-08 11:40:11,635]: [_trace.py]: atrace: 87:       DEBUG:    [response_closed.started]
[2025-05-08 11:40:11,635]: [_trace.py]: atrace: 87:       DEBUG:    [response_closed.complete]
[2025-05-08 11:40:11,635]: [_bot.py]: _do_post: 652:       DEBUG:    [Call to Bot API endpoint `sendDocument` finished with return value `{'message_id': 2342, 'from': {'id': 6030805959, 'is_bot': True, 'first_name': 'TyPHoone', 'username': 'TyPHoone_Project_bot'}, 'chat': {'id': -4119703192, 'title': 'Robocop', 'type': 'group', 'all_members_are_administrators': True, 'accepted_gift_types': {'unlimited_gifts': False, 'limited_gifts': False, 'unique_gifts': False, 'premium_subscription': False}}, 'date': 1746704411, 'document': {'file_name': '(2025_05_08--11_39)output.zip', 'mime_type': 'application/zip', 'file_id': 'BQACAgQAAxkDAAIJJmgcmBu6MUDHxHd9sOXLHL1bM_aHAAIkHQACdmTgUISRL4PAyn06NgQ', 'file_unique_id': 'AgADJB0AAnZk4FA', 'file_size': 10218376}}`]
[2025-05-08 11:40:11,636]: [_trace.py]: atrace: 87:       DEBUG:    [close.started]
[2025-05-08 11:40:11,636]: [_trace.py]: atrace: 87:       DEBUG:    [close.complete]
[2025-05-08 11:40:11,636]: [Telegram_Sender.py]: runner: 61:       INFO:    [sent successfully]
[2025-05-08 11:40:11,637]: [Main.py]: <module>: 48:       INFO:    [Finished]
