[2025-07-20 11:40:47,663]: [Main.py]: <module>: 21:       INFO:    [Started]
[2025-07-20 11:40:49,720]: [Iron_Scraper.py]: Scrap: 32:       INFO:    [Data Scaraped Successfully]
[2025-07-20 11:40:49,917]: [Iron_Scraper.py]: Scrap: 70:       INFO:    [Scrapped Data Has No Problem]
[2025-07-20 11:40:49,917]: [Iron_Scraper.py]: Scrap: 83:       INFO:    [Data Saved Successfully]
[2025-07-20 11:40:49,917]: [Iron.py]: Run: 26:       INFO:    [Scraping Phase Completed]
[2025-07-20 11:40:49,917]: [Iron_Data_Processor.py]: Data_Reader: 61:       INFO:    [Data File Has Been Red Successfully]
[2025-07-20 11:40:49,917]: [Iron_Data_Processor.py]: Shaper: 78:       INFO:    [Data Shaped]
[2025-07-20 11:40:49,918]: [Iron_Data_Processor.py]: Process: 228:       INFO:    [Data Cleaned]
[2025-07-20 11:40:49,918]: [Iron_Data_Processor.py]: Make_Pages_Objects: 101:       INFO:    [Page Objects Has Been Made]
[2025-07-20 11:40:49,918]: [Iron_Data_Processor.py]: Make_Pages_Objects: 101:       INFO:    [Page Objects Has Been Made]
[2025-07-20 11:40:49,918]: [Iron_Data_Processor.py]: Load_Data: 118:       INFO:    [Data Has Been Load]
[2025-07-20 11:40:49,918]: [Iron_Data_Processor.py]: Load_Data: 118:       INFO:    [Data Has Been Load]
[2025-07-20 11:40:49,918]: [Iron_Data_Processor.py]: Load_positions: 140:       INFO:    [Positions Are Ready]
[2025-07-20 11:40:49,918]: [Iron_Data_Processor.py]: Load_positions: 140:       INFO:    [Positions Are Ready]
[2025-07-20 11:40:51,029]: [Iron_Data_Processor.py]: Make_Tagged_Images: 193:       INFO:    [Images Has Been Made]
[2025-07-20 11:40:51,971]: [Iron_Data_Processor.py]: Make_Tagged_Images: 193:       INFO:    [Images Has Been Made]
[2025-07-20 11:40:52,225]: [Iron_Data_Processor.py]: Make_Cover_Page: 215:       INFO:    [Made Cover Pages]
[2025-07-20 11:40:52,226]: [Iron.py]: Run: 29:       INFO:    [Imagination Phase Completed]
[2025-07-20 11:40:56,127]: [Phone_Scraper.py]: Scrap: 58:       INFO:    [Data Scraped]
[2025-07-20 11:40:56,127]: [Phone_Scraper.py]: Scrap: 71:       INFO:    [Scraped Data Successfully]
[2025-07-20 11:40:56,127]: [Phone.py]: Run: 26:       INFO:    [Scraping Phase Complete]
[2025-07-20 11:40:56,127]: [Phone_Data_Processor.py]: data_reader: 38:       INFO:    [Scraped Data Loaded]
[2025-07-20 11:40:56,128]: [Phone_Data_Processor.py]: filter_list: 65:       INFO:    [Persian Phrases Are deleted]
[2025-07-20 11:40:56,129]: [Phone_Data_Processor.py]: reshape_list: 87:       INFO:    [Date Reshaped]
[2025-07-20 11:40:56,129]: [Phone_Data_Processor.py]: separate_brands: 124:       INFO:    [Brands Are Separated]
[2025-07-20 11:40:56,129]: [Phone_Data_Processor.py]: delete_extra_spaces: 141:       INFO:    [Extra Spaces Are Deleted]
[2025-07-20 11:40:56,883]: [Phone.py]: Run: 29:       INFO:    [Imagination Phase Complete]
[2025-07-20 11:40:56,883]: [selector_events.py]: __init__: 64:       DEBUG:    [Using selector: EpollSelector]
[2025-07-20 11:40:57,159]: [_bot.py]: _do_post: 643:       DEBUG:    [Calling Bot API endpoint `getMe` with parameters `{}`]
[2025-07-20 11:40:57,165]: [_trace.py]: atrace: 87:       DEBUG:    [connect_tcp.started host='api.telegram.org' port=443 local_address=None timeout=5.0 socket_options=None]
[2025-07-20 11:40:57,339]: [_trace.py]: atrace: 87:       DEBUG:    [connect_tcp.complete return_value=<httpcore._backends.anyio.AnyIOStream object at 0x7f2975937590>]
[2025-07-20 11:40:57,339]: [_trace.py]: atrace: 87:       DEBUG:    [start_tls.started ssl_context=<ssl.SSLContext object at 0x7f2976387750> server_hostname='api.telegram.org' timeout=5.0]
[2025-07-20 11:40:57,490]: [_trace.py]: atrace: 87:       DEBUG:    [start_tls.complete return_value=<httpcore._backends.anyio.AnyIOStream object at 0x7f297642d370>]
[2025-07-20 11:40:57,490]: [_trace.py]: atrace: 87:       DEBUG:    [send_request_headers.started request=<Request [b'POST']>]
[2025-07-20 11:40:57,490]: [_trace.py]: atrace: 87:       DEBUG:    [send_request_headers.complete]
[2025-07-20 11:40:57,490]: [_trace.py]: atrace: 87:       DEBUG:    [send_request_body.started request=<Request [b'POST']>]
[2025-07-20 11:40:57,490]: [_trace.py]: atrace: 87:       DEBUG:    [send_request_body.complete]
[2025-07-20 11:40:57,490]: [_trace.py]: atrace: 87:       DEBUG:    [receive_response_headers.started request=<Request [b'POST']>]
[2025-07-20 11:40:57,675]: [_trace.py]: atrace: 87:       DEBUG:    [receive_response_headers.complete return_value=(b'HTTP/1.1', 200, b'OK', [(b'Server', b'nginx/1.18.0'), (b'Date', b'Sun, 20 Jul 2025 11:40:57 GMT'), (b'Content-Type', b'application/json'), (b'Content-Length', b'258'), (b'Connection', b'keep-alive'), (b'Strict-Transport-Security', b'max-age=31536000; includeSubDomains; preload'), (b'Access-Control-Allow-Origin', b'*'), (b'Access-Control-Allow-Methods', b'GET, POST, OPTIONS'), (b'Access-Control-Expose-Headers', b'Content-Length,Content-Type,Date,Server,Connection')])]
[2025-07-20 11:40:57,675]: [_client.py]: _send_single_request: 1740:       INFO:    [HTTP Request: POST https://api.telegram.org/bot6030805959:AAGUHAMxLYc-PrevgKouJ3ZyM7ktu56ftjo/getMe "HTTP/1.1 200 OK"]
[2025-07-20 11:40:57,675]: [_trace.py]: atrace: 87:       DEBUG:    [receive_response_body.started request=<Request [b'POST']>]
[2025-07-20 11:40:57,675]: [_trace.py]: atrace: 87:       DEBUG:    [receive_response_body.complete]
[2025-07-20 11:40:57,676]: [_trace.py]: atrace: 87:       DEBUG:    [response_closed.started]
[2025-07-20 11:40:57,676]: [_trace.py]: atrace: 87:       DEBUG:    [response_closed.complete]
[2025-07-20 11:40:57,676]: [_bot.py]: _do_post: 652:       DEBUG:    [Call to Bot API endpoint `getMe` finished with return value `{'id': 6030805959, 'is_bot': True, 'first_name': 'TyPHoone', 'username': 'TyPHoone_Project_bot', 'can_join_groups': True, 'can_read_all_group_messages': False, 'supports_inline_queries': False, 'can_connect_to_business': False, 'has_main_web_app': False}`]
[2025-07-20 11:40:57,679]: [_bot.py]: _do_post: 643:       DEBUG:    [Calling Bot API endpoint `sendDocument` with parameters `{'chat_id': '-4119703192', 'document': <telegram._files.inputfile.InputFile object at 0x7f2975991280>}`]
[2025-07-20 11:40:57,679]: [_trace.py]: atrace: 87:       DEBUG:    [send_request_headers.started request=<Request [b'POST']>]
[2025-07-20 11:40:57,679]: [_trace.py]: atrace: 87:       DEBUG:    [send_request_headers.complete]
[2025-07-20 11:40:57,680]: [_trace.py]: atrace: 87:       DEBUG:    [send_request_body.started request=<Request [b'POST']>]
[2025-07-20 11:40:57,680]: [_trace.py]: atrace: 87:       DEBUG:    [send_request_body.complete]
[2025-07-20 11:40:57,680]: [_trace.py]: atrace: 87:       DEBUG:    [receive_response_headers.started request=<Request [b'POST']>]
[2025-07-20 11:40:57,900]: [_trace.py]: atrace: 87:       DEBUG:    [receive_response_headers.complete return_value=(b'HTTP/1.1', 200, b'OK', [(b'Server', b'nginx/1.18.0'), (b'Date', b'Sun, 20 Jul 2025 11:40:57 GMT'), (b'Content-Type', b'application/json'), (b'Content-Length', b'584'), (b'Connection', b'keep-alive'), (b'Strict-Transport-Security', b'max-age=31536000; includeSubDomains; preload'), (b'Access-Control-Allow-Origin', b'*'), (b'Access-Control-Allow-Methods', b'GET, POST, OPTIONS'), (b'Access-Control-Expose-Headers', b'Content-Length,Content-Type,Date,Server,Connection')])]
[2025-07-20 11:40:57,901]: [_client.py]: _send_single_request: 1740:       INFO:    [HTTP Request: POST https://api.telegram.org/bot6030805959:AAGUHAMxLYc-PrevgKouJ3ZyM7ktu56ftjo/sendDocument "HTTP/1.1 200 OK"]
[2025-07-20 11:40:57,901]: [_trace.py]: atrace: 87:       DEBUG:    [receive_response_body.started request=<Request [b'POST']>]
[2025-07-20 11:40:57,901]: [_trace.py]: atrace: 87:       DEBUG:    [receive_response_body.complete]
[2025-07-20 11:40:57,901]: [_trace.py]: atrace: 87:       DEBUG:    [response_closed.started]
[2025-07-20 11:40:57,901]: [_trace.py]: atrace: 87:       DEBUG:    [response_closed.complete]
[2025-07-20 11:40:57,901]: [_bot.py]: _do_post: 652:       DEBUG:    [Call to Bot API endpoint `sendDocument` finished with return value `{'message_id': 2491, 'from': {'id': 6030805959, 'is_bot': True, 'first_name': 'TyPHoone', 'username': 'TyPHoone_Project_bot'}, 'chat': {'id': -4119703192, 'title': 'Robocop', 'type': 'group', 'all_members_are_administrators': True, 'accepted_gift_types': {'unlimited_gifts': False, 'limited_gifts': False, 'unique_gifts': False, 'premium_subscription': False}}, 'date': 1753011657, 'document': {'file_name': '(2025_07_20--11_40).log', 'mime_type': 'text/plain', 'file_id': 'BQACAgQAAxkDAAIJu2h81cnQP3RODAbU1BnfrD1hmhmDAAJNGAACr0boU6L229LiDGZbNgQ', 'file_unique_id': 'AgADTRgAAq9G6FM', 'file_size': 5937}}`]
[2025-07-20 11:40:57,902]: [_trace.py]: atrace: 87:       DEBUG:    [close.started]
[2025-07-20 11:40:57,902]: [_trace.py]: atrace: 87:       DEBUG:    [close.complete]
[2025-07-20 11:40:57,946]: [_bot.py]: _do_post: 643:       DEBUG:    [Calling Bot API endpoint `getMe` with parameters `{}`]
[2025-07-20 11:40:57,946]: [_trace.py]: atrace: 87:       DEBUG:    [connect_tcp.started host='api.telegram.org' port=443 local_address=None timeout=5.0 socket_options=None]
[2025-07-20 11:40:58,095]: [_trace.py]: atrace: 87:       DEBUG:    [connect_tcp.complete return_value=<httpcore._backends.anyio.AnyIOStream object at 0x7f29759b66f0>]
[2025-07-20 11:40:58,096]: [_trace.py]: atrace: 87:       DEBUG:    [start_tls.started ssl_context=<ssl.SSLContext object at 0x7f2976387650> server_hostname='api.telegram.org' timeout=5.0]
[2025-07-20 11:40:58,247]: [_trace.py]: atrace: 87:       DEBUG:    [start_tls.complete return_value=<httpcore._backends.anyio.AnyIOStream object at 0x7f2975aef470>]
[2025-07-20 11:40:58,247]: [_trace.py]: atrace: 87:       DEBUG:    [send_request_headers.started request=<Request [b'POST']>]
[2025-07-20 11:40:58,247]: [_trace.py]: atrace: 87:       DEBUG:    [send_request_headers.complete]
[2025-07-20 11:40:58,247]: [_trace.py]: atrace: 87:       DEBUG:    [send_request_body.started request=<Request [b'POST']>]
[2025-07-20 11:40:58,247]: [_trace.py]: atrace: 87:       DEBUG:    [send_request_body.complete]
[2025-07-20 11:40:58,247]: [_trace.py]: atrace: 87:       DEBUG:    [receive_response_headers.started request=<Request [b'POST']>]
[2025-07-20 11:40:58,397]: [_trace.py]: atrace: 87:       DEBUG:    [receive_response_headers.complete return_value=(b'HTTP/1.1', 200, b'OK', [(b'Server', b'nginx/1.18.0'), (b'Date', b'Sun, 20 Jul 2025 11:40:58 GMT'), (b'Content-Type', b'application/json'), (b'Content-Length', b'258'), (b'Connection', b'keep-alive'), (b'Strict-Transport-Security', b'max-age=31536000; includeSubDomains; preload'), (b'Access-Control-Allow-Origin', b'*'), (b'Access-Control-Allow-Methods', b'GET, POST, OPTIONS'), (b'Access-Control-Expose-Headers', b'Content-Length,Content-Type,Date,Server,Connection')])]
[2025-07-20 11:40:58,398]: [_client.py]: _send_single_request: 1740:       INFO:    [HTTP Request: POST https://api.telegram.org/bot6030805959:AAGUHAMxLYc-PrevgKouJ3ZyM7ktu56ftjo/getMe "HTTP/1.1 200 OK"]
[2025-07-20 11:40:58,398]: [_trace.py]: atrace: 87:       DEBUG:    [receive_response_body.started request=<Request [b'POST']>]
[2025-07-20 11:40:58,398]: [_trace.py]: atrace: 87:       DEBUG:    [receive_response_body.complete]
[2025-07-20 11:40:58,398]: [_trace.py]: atrace: 87:       DEBUG:    [response_closed.started]
[2025-07-20 11:40:58,398]: [_trace.py]: atrace: 87:       DEBUG:    [response_closed.complete]
[2025-07-20 11:40:58,398]: [_bot.py]: _do_post: 652:       DEBUG:    [Call to Bot API endpoint `getMe` finished with return value `{'id': 6030805959, 'is_bot': True, 'first_name': 'TyPHoone', 'username': 'TyPHoone_Project_bot', 'can_join_groups': True, 'can_read_all_group_messages': False, 'supports_inline_queries': False, 'can_connect_to_business': False, 'has_main_web_app': False}`]
[2025-07-20 11:40:58,401]: [_bot.py]: _do_post: 643:       DEBUG:    [Calling Bot API endpoint `sendDocument` with parameters `{'chat_id': '-4119703192', 'document': <telegram._files.inputfile.InputFile object at 0x7f29763d4c00>}`]
[2025-07-20 11:40:58,401]: [_trace.py]: atrace: 87:       DEBUG:    [send_request_headers.started request=<Request [b'POST']>]
[2025-07-20 11:40:58,401]: [_trace.py]: atrace: 87:       DEBUG:    [send_request_headers.complete]
[2025-07-20 11:40:58,401]: [_trace.py]: atrace: 87:       DEBUG:    [send_request_body.started request=<Request [b'POST']>]
[2025-07-20 11:40:59,885]: [_trace.py]: atrace: 87:       DEBUG:    [send_request_body.complete]
[2025-07-20 11:40:59,885]: [_trace.py]: atrace: 87:       DEBUG:    [receive_response_headers.started request=<Request [b'POST']>]
[2025-07-20 11:41:00,714]: [_trace.py]: atrace: 87:       DEBUG:    [receive_response_headers.complete return_value=(b'HTTP/1.1', 200, b'OK', [(b'Server', b'nginx/1.18.0'), (b'Date', b'Sun, 20 Jul 2025 11:41:00 GMT'), (b'Content-Type', b'application/json'), (b'Content-Length', b'599'), (b'Connection', b'keep-alive'), (b'Strict-Transport-Security', b'max-age=31536000; includeSubDomains; preload'), (b'Access-Control-Allow-Origin', b'*'), (b'Access-Control-Allow-Methods', b'GET, POST, OPTIONS'), (b'Access-Control-Expose-Headers', b'Content-Length,Content-Type,Date,Server,Connection')])]
[2025-07-20 11:41:00,715]: [_client.py]: _send_single_request: 1740:       INFO:    [HTTP Request: POST https://api.telegram.org/bot6030805959:AAGUHAMxLYc-PrevgKouJ3ZyM7ktu56ftjo/sendDocument "HTTP/1.1 200 OK"]
[2025-07-20 11:41:00,715]: [_trace.py]: atrace: 87:       DEBUG:    [receive_response_body.started request=<Request [b'POST']>]
[2025-07-20 11:41:00,715]: [_trace.py]: atrace: 87:       DEBUG:    [receive_response_body.complete]
[2025-07-20 11:41:00,715]: [_trace.py]: atrace: 87:       DEBUG:    [response_closed.started]
[2025-07-20 11:41:00,715]: [_trace.py]: atrace: 87:       DEBUG:    [response_closed.complete]
[2025-07-20 11:41:00,715]: [_bot.py]: _do_post: 652:       DEBUG:    [Call to Bot API endpoint `sendDocument` finished with return value `{'message_id': 2492, 'from': {'id': 6030805959, 'is_bot': True, 'first_name': 'TyPHoone', 'username': 'TyPHoone_Project_bot'}, 'chat': {'id': -4119703192, 'title': 'Robocop', 'type': 'group', 'all_members_are_administrators': True, 'accepted_gift_types': {'unlimited_gifts': False, 'limited_gifts': False, 'unique_gifts': False, 'premium_subscription': False}}, 'date': 1753011660, 'document': {'file_name': '(2025_07_20--11_40)output.zip', 'mime_type': 'application/zip', 'file_id': 'BQACAgQAAxkDAAIJvGh81cxDxr3ls6-p-X6cv5rgt_AvAAJOGAACr0boUzL72e2ZX2lNNgQ', 'file_unique_id': 'AgADThgAAq9G6FM', 'file_size': 10112114}}`]
[2025-07-20 11:41:00,715]: [_trace.py]: atrace: 87:       DEBUG:    [close.started]
[2025-07-20 11:41:00,716]: [_trace.py]: atrace: 87:       DEBUG:    [close.complete]
[2025-07-20 11:41:00,716]: [Telegram_Sender.py]: runner: 61:       INFO:    [sent successfully]
[2025-07-20 11:41:00,716]: [Main.py]: <module>: 48:       INFO:    [Finished]
