[2024-11-06 11:39:44,593]: [Main.py]: <module>: 21:       INFO:    [Started]
[2024-11-06 11:39:46,464]: [Iron_Scraper.py]: Scrap: 32:       INFO:    [Data Scaraped Successfully]
[2024-11-06 11:39:46,647]: [Iron_Scraper.py]: Scrap: 70:       INFO:    [Scrapped Data Has No Problem]
[2024-11-06 11:39:46,647]: [Iron_Scraper.py]: Scrap: 83:       INFO:    [Data Saved Successfully]
[2024-11-06 11:39:46,647]: [Iron.py]: Run: 26:       INFO:    [Scraping Phase Completed]
[2024-11-06 11:39:46,648]: [Iron_Data_Processor.py]: Data_Reader: 61:       INFO:    [Data File Has Been Red Successfully]
[2024-11-06 11:39:46,648]: [Iron_Data_Processor.py]: Shaper: 78:       INFO:    [Data Shaped]
[2024-11-06 11:39:46,648]: [Iron_Data_Processor.py]: Process: 228:       INFO:    [Data Cleaned]
[2024-11-06 11:39:46,648]: [Iron_Data_Processor.py]: Make_Pages_Objects: 101:       INFO:    [Page Objects Has Been Made]
[2024-11-06 11:39:46,648]: [Iron_Data_Processor.py]: Make_Pages_Objects: 101:       INFO:    [Page Objects Has Been Made]
[2024-11-06 11:39:46,648]: [Iron_Data_Processor.py]: Load_Data: 118:       INFO:    [Data Has Been Load]
[2024-11-06 11:39:46,648]: [Iron_Data_Processor.py]: Load_Data: 118:       INFO:    [Data Has Been Load]
[2024-11-06 11:39:46,648]: [Iron_Data_Processor.py]: Load_positions: 140:       INFO:    [Positions Are Ready]
[2024-11-06 11:39:46,649]: [Iron_Data_Processor.py]: Load_positions: 140:       INFO:    [Positions Are Ready]
[2024-11-06 11:39:47,769]: [Iron_Data_Processor.py]: Make_Tagged_Images: 193:       INFO:    [Images Has Been Made]
[2024-11-06 11:39:48,723]: [Iron_Data_Processor.py]: Make_Tagged_Images: 193:       INFO:    [Images Has Been Made]
[2024-11-06 11:39:48,976]: [Iron_Data_Processor.py]: Make_Cover_Page: 215:       INFO:    [Made Cover Pages]
[2024-11-06 11:39:48,977]: [Iron.py]: Run: 29:       INFO:    [Imagination Phase Completed]
[2024-11-06 11:39:52,200]: [Phone_Scraper.py]: Scrap: 58:       INFO:    [Data Scraped]
[2024-11-06 11:39:52,201]: [Phone_Scraper.py]: Scrap: 71:       INFO:    [Scraped Data Successfully]
[2024-11-06 11:39:52,201]: [Phone.py]: Run: 26:       INFO:    [Scraping Phase Complete]
[2024-11-06 11:39:52,201]: [Phone_Data_Processor.py]: data_reader: 38:       INFO:    [Scraped Data Loaded]
[2024-11-06 11:39:52,202]: [Phone_Data_Processor.py]: filter_list: 65:       INFO:    [Persian Phrases Are deleted]
[2024-11-06 11:39:52,203]: [Phone_Data_Processor.py]: reshape_list: 87:       INFO:    [Date Reshaped]
[2024-11-06 11:39:52,203]: [Phone_Data_Processor.py]: separate_brands: 124:       INFO:    [Brands Are Separated]
[2024-11-06 11:39:52,204]: [Phone_Data_Processor.py]: delete_extra_spaces: 141:       INFO:    [Extra Spaces Are Deleted]
[2024-11-06 11:39:52,977]: [Phone.py]: Run: 29:       INFO:    [Imagination Phase Complete]
[2024-11-06 11:39:52,977]: [selector_events.py]: __init__: 64:       DEBUG:    [Using selector: EpollSelector]
[2024-11-06 11:39:53,314]: [_bot.py]: _do_post: 643:       DEBUG:    [Calling Bot API endpoint `getMe` with parameters `{}`]
[2024-11-06 11:39:53,319]: [_trace.py]: atrace: 85:       DEBUG:    [connect_tcp.started host='api.telegram.org' port=443 local_address=None timeout=5.0 socket_options=None]
[2024-11-06 11:39:53,614]: [_trace.py]: atrace: 85:       DEBUG:    [connect_tcp.complete return_value=<httpcore._backends.anyio.AnyIOStream object at 0x7f858d037bc0>]
[2024-11-06 11:39:53,614]: [_trace.py]: atrace: 85:       DEBUG:    [start_tls.started ssl_context=<ssl.SSLContext object at 0x7f858da43ad0> server_hostname='api.telegram.org' timeout=5.0]
[2024-11-06 11:39:53,721]: [_trace.py]: atrace: 85:       DEBUG:    [start_tls.complete return_value=<httpcore._backends.anyio.AnyIOStream object at 0x7f858ddbb680>]
[2024-11-06 11:39:53,721]: [_trace.py]: atrace: 85:       DEBUG:    [send_request_headers.started request=<Request [b'POST']>]
[2024-11-06 11:39:53,721]: [_trace.py]: atrace: 85:       DEBUG:    [send_request_headers.complete]
[2024-11-06 11:39:53,721]: [_trace.py]: atrace: 85:       DEBUG:    [send_request_body.started request=<Request [b'POST']>]
[2024-11-06 11:39:53,721]: [_trace.py]: atrace: 85:       DEBUG:    [send_request_body.complete]
[2024-11-06 11:39:53,722]: [_trace.py]: atrace: 85:       DEBUG:    [receive_response_headers.started request=<Request [b'POST']>]
[2024-11-06 11:39:53,834]: [_trace.py]: atrace: 85:       DEBUG:    [receive_response_headers.complete return_value=(b'HTTP/1.1', 200, b'OK', [(b'Server', b'nginx/1.18.0'), (b'Date', b'Wed, 06 Nov 2024 11:39:53 GMT'), (b'Content-Type', b'application/json'), (b'Content-Length', b'258'), (b'Connection', b'keep-alive'), (b'Strict-Transport-Security', b'max-age=31536000; includeSubDomains; preload'), (b'Access-Control-Allow-Origin', b'*'), (b'Access-Control-Allow-Methods', b'GET, POST, OPTIONS'), (b'Access-Control-Expose-Headers', b'Content-Length,Content-Type,Date,Server,Connection')])]
[2024-11-06 11:39:53,835]: [_client.py]: _send_single_request: 1786:       INFO:    [HTTP Request: POST https://api.telegram.org/bot6030805959:AAGUHAMxLYc-PrevgKouJ3ZyM7ktu56ftjo/getMe "HTTP/1.1 200 OK"]
[2024-11-06 11:39:53,835]: [_trace.py]: atrace: 85:       DEBUG:    [receive_response_body.started request=<Request [b'POST']>]
[2024-11-06 11:39:53,835]: [_trace.py]: atrace: 85:       DEBUG:    [receive_response_body.complete]
[2024-11-06 11:39:53,835]: [_trace.py]: atrace: 85:       DEBUG:    [response_closed.started]
[2024-11-06 11:39:53,835]: [_trace.py]: atrace: 85:       DEBUG:    [response_closed.complete]
[2024-11-06 11:39:53,836]: [_bot.py]: _do_post: 652:       DEBUG:    [Call to Bot API endpoint `getMe` finished with return value `{'id': 6030805959, 'is_bot': True, 'first_name': 'TyPHoone', 'username': 'TyPHoone_Project_bot', 'can_join_groups': True, 'can_read_all_group_messages': False, 'supports_inline_queries': False, 'can_connect_to_business': False, 'has_main_web_app': False}`]
[2024-11-06 11:39:53,839]: [_bot.py]: _do_post: 643:       DEBUG:    [Calling Bot API endpoint `sendDocument` with parameters `{'chat_id': '-4119703192', 'document': <telegram._files.inputfile.InputFile object at 0x7f858d068300>}`]
[2024-11-06 11:39:53,839]: [_trace.py]: atrace: 85:       DEBUG:    [send_request_headers.started request=<Request [b'POST']>]
[2024-11-06 11:39:53,840]: [_trace.py]: atrace: 85:       DEBUG:    [send_request_headers.complete]
[2024-11-06 11:39:53,840]: [_trace.py]: atrace: 85:       DEBUG:    [send_request_body.started request=<Request [b'POST']>]
[2024-11-06 11:39:53,840]: [_trace.py]: atrace: 85:       DEBUG:    [send_request_body.complete]
[2024-11-06 11:39:53,840]: [_trace.py]: atrace: 85:       DEBUG:    [receive_response_headers.started request=<Request [b'POST']>]
[2024-11-06 11:39:54,105]: [_trace.py]: atrace: 85:       DEBUG:    [receive_response_headers.complete return_value=(b'HTTP/1.1', 200, b'OK', [(b'Server', b'nginx/1.18.0'), (b'Date', b'Wed, 06 Nov 2024 11:39:54 GMT'), (b'Content-Type', b'application/json'), (b'Content-Length', b'464'), (b'Connection', b'keep-alive'), (b'Strict-Transport-Security', b'max-age=31536000; includeSubDomains; preload'), (b'Access-Control-Allow-Origin', b'*'), (b'Access-Control-Allow-Methods', b'GET, POST, OPTIONS'), (b'Access-Control-Expose-Headers', b'Content-Length,Content-Type,Date,Server,Connection')])]
[2024-11-06 11:39:54,105]: [_client.py]: _send_single_request: 1786:       INFO:    [HTTP Request: POST https://api.telegram.org/bot6030805959:AAGUHAMxLYc-PrevgKouJ3ZyM7ktu56ftjo/sendDocument "HTTP/1.1 200 OK"]
[2024-11-06 11:39:54,106]: [_trace.py]: atrace: 85:       DEBUG:    [receive_response_body.started request=<Request [b'POST']>]
[2024-11-06 11:39:54,106]: [_trace.py]: atrace: 85:       DEBUG:    [receive_response_body.complete]
[2024-11-06 11:39:54,106]: [_trace.py]: atrace: 85:       DEBUG:    [response_closed.started]
[2024-11-06 11:39:54,106]: [_trace.py]: atrace: 85:       DEBUG:    [response_closed.complete]
[2024-11-06 11:39:54,106]: [_bot.py]: _do_post: 652:       DEBUG:    [Call to Bot API endpoint `sendDocument` finished with return value `{'message_id': 1972, 'from': {'id': 6030805959, 'is_bot': True, 'first_name': 'TyPHoone', 'username': 'TyPHoone_Project_bot'}, 'chat': {'id': -4119703192, 'title': 'Robocop', 'type': 'group', 'all_members_are_administrators': True}, 'date': 1730893194, 'document': {'file_name': '(2024_11_06--11_39).log', 'mime_type': 'text/plain', 'file_id': 'BQACAgQAAxkDAAIHtGcrVYr3r582ZV-1M064nAwPHUYhAAKpFQACcwlgUblhYUoclWnsNgQ', 'file_unique_id': 'AgADqRUAAnMJYFE', 'file_size': 5937}}`]
[2024-11-06 11:39:54,107]: [_trace.py]: atrace: 85:       DEBUG:    [close.started]
[2024-11-06 11:39:54,107]: [_trace.py]: atrace: 85:       DEBUG:    [close.complete]
[2024-11-06 11:39:54,107]: [_config.py]: load_ssl_context: 82:       DEBUG:    [load_ssl_context verify=True cert=None trust_env=True http2=False]
[2024-11-06 11:39:54,107]: [_config.py]: load_ssl_context_verify: 148:       DEBUG:    [load_verify_locations cafile='/opt/hostedtoolcache/Python/3.12.7/x64/lib/python3.12/site-packages/certifi/cacert.pem']
[2024-11-06 11:39:54,136]: [_config.py]: load_ssl_context: 82:       DEBUG:    [load_ssl_context verify=True cert=None trust_env=True http2=False]
[2024-11-06 11:39:54,136]: [_config.py]: load_ssl_context_verify: 148:       DEBUG:    [load_verify_locations cafile='/opt/hostedtoolcache/Python/3.12.7/x64/lib/python3.12/site-packages/certifi/cacert.pem']
[2024-11-06 11:39:54,163]: [_bot.py]: _do_post: 643:       DEBUG:    [Calling Bot API endpoint `getMe` with parameters `{}`]
[2024-11-06 11:39:54,163]: [_trace.py]: atrace: 85:       DEBUG:    [connect_tcp.started host='api.telegram.org' port=443 local_address=None timeout=5.0 socket_options=None]
[2024-11-06 11:39:54,269]: [_trace.py]: atrace: 85:       DEBUG:    [connect_tcp.complete return_value=<httpcore._backends.anyio.AnyIOStream object at 0x7f858d0b2420>]
[2024-11-06 11:39:54,269]: [_trace.py]: atrace: 85:       DEBUG:    [start_tls.started ssl_context=<ssl.SSLContext object at 0x7f858da438d0> server_hostname='api.telegram.org' timeout=5.0]
[2024-11-06 11:39:54,377]: [_trace.py]: atrace: 85:       DEBUG:    [start_tls.complete return_value=<httpcore._backends.anyio.AnyIOStream object at 0x7f858dc57170>]
[2024-11-06 11:39:54,377]: [_trace.py]: atrace: 85:       DEBUG:    [send_request_headers.started request=<Request [b'POST']>]
[2024-11-06 11:39:54,377]: [_trace.py]: atrace: 85:       DEBUG:    [send_request_headers.complete]
[2024-11-06 11:39:54,377]: [_trace.py]: atrace: 85:       DEBUG:    [send_request_body.started request=<Request [b'POST']>]
[2024-11-06 11:39:54,377]: [_trace.py]: atrace: 85:       DEBUG:    [send_request_body.complete]
[2024-11-06 11:39:54,377]: [_trace.py]: atrace: 85:       DEBUG:    [receive_response_headers.started request=<Request [b'POST']>]
[2024-11-06 11:39:54,485]: [_trace.py]: atrace: 85:       DEBUG:    [receive_response_headers.complete return_value=(b'HTTP/1.1', 200, b'OK', [(b'Server', b'nginx/1.18.0'), (b'Date', b'Wed, 06 Nov 2024 11:39:54 GMT'), (b'Content-Type', b'application/json'), (b'Content-Length', b'258'), (b'Connection', b'keep-alive'), (b'Strict-Transport-Security', b'max-age=31536000; includeSubDomains; preload'), (b'Access-Control-Allow-Origin', b'*'), (b'Access-Control-Allow-Methods', b'GET, POST, OPTIONS'), (b'Access-Control-Expose-Headers', b'Content-Length,Content-Type,Date,Server,Connection')])]
[2024-11-06 11:39:54,486]: [_client.py]: _send_single_request: 1786:       INFO:    [HTTP Request: POST https://api.telegram.org/bot6030805959:AAGUHAMxLYc-PrevgKouJ3ZyM7ktu56ftjo/getMe "HTTP/1.1 200 OK"]
[2024-11-06 11:39:54,486]: [_trace.py]: atrace: 85:       DEBUG:    [receive_response_body.started request=<Request [b'POST']>]
[2024-11-06 11:39:54,486]: [_trace.py]: atrace: 85:       DEBUG:    [receive_response_body.complete]
[2024-11-06 11:39:54,486]: [_trace.py]: atrace: 85:       DEBUG:    [response_closed.started]
[2024-11-06 11:39:54,486]: [_trace.py]: atrace: 85:       DEBUG:    [response_closed.complete]
[2024-11-06 11:39:54,486]: [_bot.py]: _do_post: 652:       DEBUG:    [Call to Bot API endpoint `getMe` finished with return value `{'id': 6030805959, 'is_bot': True, 'first_name': 'TyPHoone', 'username': 'TyPHoone_Project_bot', 'can_join_groups': True, 'can_read_all_group_messages': False, 'supports_inline_queries': False, 'can_connect_to_business': False, 'has_main_web_app': False}`]
[2024-11-06 11:39:54,488]: [_bot.py]: _do_post: 643:       DEBUG:    [Calling Bot API endpoint `sendDocument` with parameters `{'chat_id': '-4119703192', 'document': <telegram._files.inputfile.InputFile object at 0x7f858da68500>}`]
[2024-11-06 11:39:54,489]: [_trace.py]: atrace: 85:       DEBUG:    [send_request_headers.started request=<Request [b'POST']>]
[2024-11-06 11:39:54,489]: [_trace.py]: atrace: 85:       DEBUG:    [send_request_headers.complete]
[2024-11-06 11:39:54,489]: [_trace.py]: atrace: 85:       DEBUG:    [send_request_body.started request=<Request [b'POST']>]
[2024-11-06 11:39:55,563]: [_trace.py]: atrace: 85:       DEBUG:    [send_request_body.complete]
[2024-11-06 11:39:55,563]: [_trace.py]: atrace: 85:       DEBUG:    [receive_response_headers.started request=<Request [b'POST']>]
[2024-11-06 11:39:56,521]: [_trace.py]: atrace: 85:       DEBUG:    [receive_response_headers.complete return_value=(b'HTTP/1.1', 200, b'OK', [(b'Server', b'nginx/1.18.0'), (b'Date', b'Wed, 06 Nov 2024 11:39:56 GMT'), (b'Content-Type', b'application/json'), (b'Content-Length', b'479'), (b'Connection', b'keep-alive'), (b'Strict-Transport-Security', b'max-age=31536000; includeSubDomains; preload'), (b'Access-Control-Allow-Origin', b'*'), (b'Access-Control-Allow-Methods', b'GET, POST, OPTIONS'), (b'Access-Control-Expose-Headers', b'Content-Length,Content-Type,Date,Server,Connection')])]
[2024-11-06 11:39:56,522]: [_client.py]: _send_single_request: 1786:       INFO:    [HTTP Request: POST https://api.telegram.org/bot6030805959:AAGUHAMxLYc-PrevgKouJ3ZyM7ktu56ftjo/sendDocument "HTTP/1.1 200 OK"]
[2024-11-06 11:39:56,522]: [_trace.py]: atrace: 85:       DEBUG:    [receive_response_body.started request=<Request [b'POST']>]
[2024-11-06 11:39:56,522]: [_trace.py]: atrace: 85:       DEBUG:    [receive_response_body.complete]
[2024-11-06 11:39:56,522]: [_trace.py]: atrace: 85:       DEBUG:    [response_closed.started]
[2024-11-06 11:39:56,522]: [_trace.py]: atrace: 85:       DEBUG:    [response_closed.complete]
[2024-11-06 11:39:56,522]: [_bot.py]: _do_post: 652:       DEBUG:    [Call to Bot API endpoint `sendDocument` finished with return value `{'message_id': 1973, 'from': {'id': 6030805959, 'is_bot': True, 'first_name': 'TyPHoone', 'username': 'TyPHoone_Project_bot'}, 'chat': {'id': -4119703192, 'title': 'Robocop', 'type': 'group', 'all_members_are_administrators': True}, 'date': 1730893196, 'document': {'file_name': '(2024_11_06--11_39)output.zip', 'mime_type': 'application/zip', 'file_id': 'BQACAgQAAxkDAAIHtWcrVYxlnnTEao_4n9opncS2rU_8AAKqFQACcwlgUQuC3hI2oXkGNgQ', 'file_unique_id': 'AgADqhUAAnMJYFE', 'file_size': 10167336}}`]
[2024-11-06 11:39:56,523]: [_trace.py]: atrace: 85:       DEBUG:    [close.started]
[2024-11-06 11:39:56,523]: [_trace.py]: atrace: 85:       DEBUG:    [close.complete]
[2024-11-06 11:39:56,523]: [Telegram_Sender.py]: runner: 61:       INFO:    [sent successfully]
[2024-11-06 11:39:56,523]: [Main.py]: <module>: 48:       INFO:    [Finished]
