[2025-01-17 11:39:19,990]: [Main.py]: <module>: 21:       INFO:    [Started]
[2025-01-17 11:39:21,985]: [Iron_Scraper.py]: Scrap: 32:       INFO:    [Data Scaraped Successfully]
[2025-01-17 11:39:22,031]: [Iron_Scraper.py]: Scrap: 70:       INFO:    [Scrapped Data Has No Problem]
[2025-01-17 11:39:22,031]: [Iron_Scraper.py]: Scrap: 83:       INFO:    [Data Saved Successfully]
[2025-01-17 11:39:22,031]: [Iron.py]: Run: 26:       INFO:    [Scraping Phase Completed]
[2025-01-17 11:39:22,031]: [Iron_Data_Processor.py]: Data_Reader: 61:       INFO:    [Data File Has Been Red Successfully]
[2025-01-17 11:39:22,031]: [Iron_Data_Processor.py]: Shaper: 78:       INFO:    [Data Shaped]
[2025-01-17 11:39:22,031]: [Iron_Data_Processor.py]: Process: 228:       INFO:    [Data Cleaned]
[2025-01-17 11:39:22,031]: [Iron_Data_Processor.py]: Make_Pages_Objects: 101:       INFO:    [Page Objects Has Been Made]
[2025-01-17 11:39:22,031]: [Iron_Data_Processor.py]: Make_Pages_Objects: 101:       INFO:    [Page Objects Has Been Made]
[2025-01-17 11:39:22,031]: [Iron_Data_Processor.py]: Load_Data: 118:       INFO:    [Data Has Been Load]
[2025-01-17 11:39:22,031]: [Iron_Data_Processor.py]: Load_Data: 118:       INFO:    [Data Has Been Load]
[2025-01-17 11:39:22,032]: [Iron_Data_Processor.py]: Load_positions: 140:       INFO:    [Positions Are Ready]
[2025-01-17 11:39:22,032]: [Iron_Data_Processor.py]: Load_positions: 140:       INFO:    [Positions Are Ready]
[2025-01-17 11:39:23,092]: [Iron_Data_Processor.py]: Make_Tagged_Images: 193:       INFO:    [Images Has Been Made]
[2025-01-17 11:39:23,979]: [Iron_Data_Processor.py]: Make_Tagged_Images: 193:       INFO:    [Images Has Been Made]
[2025-01-17 11:39:24,232]: [Iron_Data_Processor.py]: Make_Cover_Page: 215:       INFO:    [Made Cover Pages]
[2025-01-17 11:39:24,232]: [Iron.py]: Run: 29:       INFO:    [Imagination Phase Completed]
[2025-01-17 11:39:27,634]: [Phone_Scraper.py]: Scrap: 58:       INFO:    [Data Scraped]
[2025-01-17 11:39:27,635]: [Phone_Scraper.py]: Scrap: 71:       INFO:    [Scraped Data Successfully]
[2025-01-17 11:39:27,635]: [Phone.py]: Run: 26:       INFO:    [Scraping Phase Complete]
[2025-01-17 11:39:27,635]: [Phone_Data_Processor.py]: data_reader: 38:       INFO:    [Scraped Data Loaded]
[2025-01-17 11:39:27,636]: [Phone_Data_Processor.py]: filter_list: 65:       INFO:    [Persian Phrases Are deleted]
[2025-01-17 11:39:27,637]: [Phone_Data_Processor.py]: reshape_list: 87:       INFO:    [Date Reshaped]
[2025-01-17 11:39:27,637]: [Phone_Data_Processor.py]: separate_brands: 124:       INFO:    [Brands Are Separated]
[2025-01-17 11:39:27,637]: [Phone_Data_Processor.py]: delete_extra_spaces: 141:       INFO:    [Extra Spaces Are Deleted]
[2025-01-17 11:39:28,379]: [Phone.py]: Run: 29:       INFO:    [Imagination Phase Complete]
[2025-01-17 11:39:28,380]: [selector_events.py]: __init__: 64:       DEBUG:    [Using selector: EpollSelector]
[2025-01-17 11:39:28,648]: [_bot.py]: _do_post: 643:       DEBUG:    [Calling Bot API endpoint `getMe` with parameters `{}`]
[2025-01-17 11:39:28,652]: [_trace.py]: atrace: 87:       DEBUG:    [connect_tcp.started host='api.telegram.org' port=443 local_address=None timeout=5.0 socket_options=None]
[2025-01-17 11:39:28,872]: [_trace.py]: atrace: 87:       DEBUG:    [connect_tcp.complete return_value=<httpcore._backends.anyio.AnyIOStream object at 0x7f9abbd91580>]
[2025-01-17 11:39:28,872]: [_trace.py]: atrace: 87:       DEBUG:    [start_tls.started ssl_context=<ssl.SSLContext object at 0x7f9abc412ad0> server_hostname='api.telegram.org' timeout=5.0]
[2025-01-17 11:39:28,975]: [_trace.py]: atrace: 87:       DEBUG:    [start_tls.complete return_value=<httpcore._backends.anyio.AnyIOStream object at 0x7f9abc5bd730>]
[2025-01-17 11:39:28,975]: [_trace.py]: atrace: 87:       DEBUG:    [send_request_headers.started request=<Request [b'POST']>]
[2025-01-17 11:39:28,975]: [_trace.py]: atrace: 87:       DEBUG:    [send_request_headers.complete]
[2025-01-17 11:39:28,975]: [_trace.py]: atrace: 87:       DEBUG:    [send_request_body.started request=<Request [b'POST']>]
[2025-01-17 11:39:28,975]: [_trace.py]: atrace: 87:       DEBUG:    [send_request_body.complete]
[2025-01-17 11:39:28,975]: [_trace.py]: atrace: 87:       DEBUG:    [receive_response_headers.started request=<Request [b'POST']>]
[2025-01-17 11:39:29,077]: [_trace.py]: atrace: 87:       DEBUG:    [receive_response_headers.complete return_value=(b'HTTP/1.1', 200, b'OK', [(b'Server', b'nginx/1.18.0'), (b'Date', b'Fri, 17 Jan 2025 11:39:29 GMT'), (b'Content-Type', b'application/json'), (b'Content-Length', b'258'), (b'Connection', b'keep-alive'), (b'Strict-Transport-Security', b'max-age=31536000; includeSubDomains; preload'), (b'Access-Control-Allow-Origin', b'*'), (b'Access-Control-Allow-Methods', b'GET, POST, OPTIONS'), (b'Access-Control-Expose-Headers', b'Content-Length,Content-Type,Date,Server,Connection')])]
[2025-01-17 11:39:29,077]: [_client.py]: _send_single_request: 1740:       INFO:    [HTTP Request: POST https://api.telegram.org/bot6030805959:AAGUHAMxLYc-PrevgKouJ3ZyM7ktu56ftjo/getMe "HTTP/1.1 200 OK"]
[2025-01-17 11:39:29,077]: [_trace.py]: atrace: 87:       DEBUG:    [receive_response_body.started request=<Request [b'POST']>]
[2025-01-17 11:39:29,077]: [_trace.py]: atrace: 87:       DEBUG:    [receive_response_body.complete]
[2025-01-17 11:39:29,077]: [_trace.py]: atrace: 87:       DEBUG:    [response_closed.started]
[2025-01-17 11:39:29,077]: [_trace.py]: atrace: 87:       DEBUG:    [response_closed.complete]
[2025-01-17 11:39:29,077]: [_bot.py]: _do_post: 652:       DEBUG:    [Call to Bot API endpoint `getMe` finished with return value `{'id': 6030805959, 'is_bot': True, 'first_name': 'TyPHoone', 'username': 'TyPHoone_Project_bot', 'can_join_groups': True, 'can_read_all_group_messages': False, 'supports_inline_queries': False, 'can_connect_to_business': False, 'has_main_web_app': False}`]
[2025-01-17 11:39:29,081]: [_bot.py]: _do_post: 643:       DEBUG:    [Calling Bot API endpoint `sendDocument` with parameters `{'chat_id': '-4119703192', 'document': <telegram._files.inputfile.InputFile object at 0x7f9abc127580>}`]
[2025-01-17 11:39:29,081]: [_trace.py]: atrace: 87:       DEBUG:    [send_request_headers.started request=<Request [b'POST']>]
[2025-01-17 11:39:29,082]: [_trace.py]: atrace: 87:       DEBUG:    [send_request_headers.complete]
[2025-01-17 11:39:29,082]: [_trace.py]: atrace: 87:       DEBUG:    [send_request_body.started request=<Request [b'POST']>]
[2025-01-17 11:39:29,082]: [_trace.py]: atrace: 87:       DEBUG:    [send_request_body.complete]
[2025-01-17 11:39:29,082]: [_trace.py]: atrace: 87:       DEBUG:    [receive_response_headers.started request=<Request [b'POST']>]
[2025-01-17 11:39:29,327]: [_trace.py]: atrace: 87:       DEBUG:    [receive_response_headers.complete return_value=(b'HTTP/1.1', 200, b'OK', [(b'Server', b'nginx/1.18.0'), (b'Date', b'Fri, 17 Jan 2025 11:39:29 GMT'), (b'Content-Type', b'application/json'), (b'Content-Length', b'464'), (b'Connection', b'keep-alive'), (b'Strict-Transport-Security', b'max-age=31536000; includeSubDomains; preload'), (b'Access-Control-Allow-Origin', b'*'), (b'Access-Control-Allow-Methods', b'GET, POST, OPTIONS'), (b'Access-Control-Expose-Headers', b'Content-Length,Content-Type,Date,Server,Connection')])]
[2025-01-17 11:39:29,327]: [_client.py]: _send_single_request: 1740:       INFO:    [HTTP Request: POST https://api.telegram.org/bot6030805959:AAGUHAMxLYc-PrevgKouJ3ZyM7ktu56ftjo/sendDocument "HTTP/1.1 200 OK"]
[2025-01-17 11:39:29,327]: [_trace.py]: atrace: 87:       DEBUG:    [receive_response_body.started request=<Request [b'POST']>]
[2025-01-17 11:39:29,328]: [_trace.py]: atrace: 87:       DEBUG:    [receive_response_body.complete]
[2025-01-17 11:39:29,328]: [_trace.py]: atrace: 87:       DEBUG:    [response_closed.started]
[2025-01-17 11:39:29,328]: [_trace.py]: atrace: 87:       DEBUG:    [response_closed.complete]
[2025-01-17 11:39:29,328]: [_bot.py]: _do_post: 652:       DEBUG:    [Call to Bot API endpoint `sendDocument` finished with return value `{'message_id': 2117, 'from': {'id': 6030805959, 'is_bot': True, 'first_name': 'TyPHoone', 'username': 'TyPHoone_Project_bot'}, 'chat': {'id': -4119703192, 'title': 'Robocop', 'type': 'group', 'all_members_are_administrators': True}, 'date': 1737113969, 'document': {'file_name': '(2025_01_17--11_39).log', 'mime_type': 'text/plain', 'file_id': 'BQACAgQAAxkDAAIIRWeKQXHP_IA_vRxmLQVtqQ54TSIFAALmFAACGw1RUCfzYayF9sTFNgQ', 'file_unique_id': 'AgAD5hQAAhsNUVA', 'file_size': 5937}}`]
[2025-01-17 11:39:29,328]: [_trace.py]: atrace: 87:       DEBUG:    [close.started]
[2025-01-17 11:39:29,329]: [_trace.py]: atrace: 87:       DEBUG:    [close.complete]
[2025-01-17 11:39:29,372]: [_bot.py]: _do_post: 643:       DEBUG:    [Calling Bot API endpoint `getMe` with parameters `{}`]
[2025-01-17 11:39:29,373]: [_trace.py]: atrace: 87:       DEBUG:    [connect_tcp.started host='api.telegram.org' port=443 local_address=None timeout=5.0 socket_options=None]
[2025-01-17 11:39:29,475]: [_trace.py]: atrace: 87:       DEBUG:    [connect_tcp.complete return_value=<httpcore._backends.anyio.AnyIOStream object at 0x7f9abbd90320>]
[2025-01-17 11:39:29,475]: [_trace.py]: atrace: 87:       DEBUG:    [start_tls.started ssl_context=<ssl.SSLContext object at 0x7f9abc4128d0> server_hostname='api.telegram.org' timeout=5.0]
[2025-01-17 11:39:29,578]: [_trace.py]: atrace: 87:       DEBUG:    [start_tls.complete return_value=<httpcore._backends.anyio.AnyIOStream object at 0x7f9abc41f830>]
[2025-01-17 11:39:29,578]: [_trace.py]: atrace: 87:       DEBUG:    [send_request_headers.started request=<Request [b'POST']>]
[2025-01-17 11:39:29,579]: [_trace.py]: atrace: 87:       DEBUG:    [send_request_headers.complete]
[2025-01-17 11:39:29,579]: [_trace.py]: atrace: 87:       DEBUG:    [send_request_body.started request=<Request [b'POST']>]
[2025-01-17 11:39:29,579]: [_trace.py]: atrace: 87:       DEBUG:    [send_request_body.complete]
[2025-01-17 11:39:29,579]: [_trace.py]: atrace: 87:       DEBUG:    [receive_response_headers.started request=<Request [b'POST']>]
[2025-01-17 11:39:29,680]: [_trace.py]: atrace: 87:       DEBUG:    [receive_response_headers.complete return_value=(b'HTTP/1.1', 200, b'OK', [(b'Server', b'nginx/1.18.0'), (b'Date', b'Fri, 17 Jan 2025 11:39:29 GMT'), (b'Content-Type', b'application/json'), (b'Content-Length', b'258'), (b'Connection', b'keep-alive'), (b'Strict-Transport-Security', b'max-age=31536000; includeSubDomains; preload'), (b'Access-Control-Allow-Origin', b'*'), (b'Access-Control-Allow-Methods', b'GET, POST, OPTIONS'), (b'Access-Control-Expose-Headers', b'Content-Length,Content-Type,Date,Server,Connection')])]
[2025-01-17 11:39:29,680]: [_client.py]: _send_single_request: 1740:       INFO:    [HTTP Request: POST https://api.telegram.org/bot6030805959:AAGUHAMxLYc-PrevgKouJ3ZyM7ktu56ftjo/getMe "HTTP/1.1 200 OK"]
[2025-01-17 11:39:29,681]: [_trace.py]: atrace: 87:       DEBUG:    [receive_response_body.started request=<Request [b'POST']>]
[2025-01-17 11:39:29,681]: [_trace.py]: atrace: 87:       DEBUG:    [receive_response_body.complete]
[2025-01-17 11:39:29,681]: [_trace.py]: atrace: 87:       DEBUG:    [response_closed.started]
[2025-01-17 11:39:29,681]: [_trace.py]: atrace: 87:       DEBUG:    [response_closed.complete]
[2025-01-17 11:39:29,681]: [_bot.py]: _do_post: 652:       DEBUG:    [Call to Bot API endpoint `getMe` finished with return value `{'id': 6030805959, 'is_bot': True, 'first_name': 'TyPHoone', 'username': 'TyPHoone_Project_bot', 'can_join_groups': True, 'can_read_all_group_messages': False, 'supports_inline_queries': False, 'can_connect_to_business': False, 'has_main_web_app': False}`]
[2025-01-17 11:39:29,683]: [_bot.py]: _do_post: 643:       DEBUG:    [Calling Bot API endpoint `sendDocument` with parameters `{'chat_id': '-4119703192', 'document': <telegram._files.inputfile.InputFile object at 0x7f9abbd78b80>}`]
[2025-01-17 11:39:29,684]: [_trace.py]: atrace: 87:       DEBUG:    [send_request_headers.started request=<Request [b'POST']>]
[2025-01-17 11:39:29,684]: [_trace.py]: atrace: 87:       DEBUG:    [send_request_headers.complete]
[2025-01-17 11:39:29,684]: [_trace.py]: atrace: 87:       DEBUG:    [send_request_body.started request=<Request [b'POST']>]
[2025-01-17 11:39:30,625]: [_trace.py]: atrace: 87:       DEBUG:    [send_request_body.complete]
[2025-01-17 11:39:30,625]: [_trace.py]: atrace: 87:       DEBUG:    [receive_response_headers.started request=<Request [b'POST']>]
[2025-01-17 11:39:31,290]: [_trace.py]: atrace: 87:       DEBUG:    [receive_response_headers.complete return_value=(b'HTTP/1.1', 200, b'OK', [(b'Server', b'nginx/1.18.0'), (b'Date', b'Fri, 17 Jan 2025 11:39:31 GMT'), (b'Content-Type', b'application/json'), (b'Content-Length', b'478'), (b'Connection', b'keep-alive'), (b'Strict-Transport-Security', b'max-age=31536000; includeSubDomains; preload'), (b'Access-Control-Allow-Origin', b'*'), (b'Access-Control-Allow-Methods', b'GET, POST, OPTIONS'), (b'Access-Control-Expose-Headers', b'Content-Length,Content-Type,Date,Server,Connection')])]
[2025-01-17 11:39:31,290]: [_client.py]: _send_single_request: 1740:       INFO:    [HTTP Request: POST https://api.telegram.org/bot6030805959:AAGUHAMxLYc-PrevgKouJ3ZyM7ktu56ftjo/sendDocument "HTTP/1.1 200 OK"]
[2025-01-17 11:39:31,290]: [_trace.py]: atrace: 87:       DEBUG:    [receive_response_body.started request=<Request [b'POST']>]
[2025-01-17 11:39:31,291]: [_trace.py]: atrace: 87:       DEBUG:    [receive_response_body.complete]
[2025-01-17 11:39:31,291]: [_trace.py]: atrace: 87:       DEBUG:    [response_closed.started]
[2025-01-17 11:39:31,291]: [_trace.py]: atrace: 87:       DEBUG:    [response_closed.complete]
[2025-01-17 11:39:31,291]: [_bot.py]: _do_post: 652:       DEBUG:    [Call to Bot API endpoint `sendDocument` finished with return value `{'message_id': 2118, 'from': {'id': 6030805959, 'is_bot': True, 'first_name': 'TyPHoone', 'username': 'TyPHoone_Project_bot'}, 'chat': {'id': -4119703192, 'title': 'Robocop', 'type': 'group', 'all_members_are_administrators': True}, 'date': 1737113971, 'document': {'file_name': '(2025_01_17--11_39)output.zip', 'mime_type': 'application/zip', 'file_id': 'BQACAgQAAxkDAAIIRmeKQXJXMqF1UYX6AmC-7JfcjhZVAALnFAACGw1RUNtXbi-ck9RENgQ', 'file_unique_id': 'AgAD5xQAAhsNUVA', 'file_size': 9815551}}`]
[2025-01-17 11:39:31,291]: [_trace.py]: atrace: 87:       DEBUG:    [close.started]
[2025-01-17 11:39:31,291]: [_trace.py]: atrace: 87:       DEBUG:    [close.complete]
[2025-01-17 11:39:31,292]: [Telegram_Sender.py]: runner: 61:       INFO:    [sent successfully]
[2025-01-17 11:39:31,292]: [Main.py]: <module>: 48:       INFO:    [Finished]
