[2024-12-28 11:38:55,271]: [Main.py]: <module>: 21:       INFO:    [Started]
[2024-12-28 11:38:56,846]: [Iron_Scraper.py]: Scrap: 32:       INFO:    [Data Scaraped Successfully]
[2024-12-28 11:38:56,893]: [Iron_Scraper.py]: Scrap: 70:       INFO:    [Scrapped Data Has No Problem]
[2024-12-28 11:38:56,893]: [Iron_Scraper.py]: Scrap: 83:       INFO:    [Data Saved Successfully]
[2024-12-28 11:38:56,893]: [Iron.py]: Run: 26:       INFO:    [Scraping Phase Completed]
[2024-12-28 11:38:56,893]: [Iron_Data_Processor.py]: Data_Reader: 61:       INFO:    [Data File Has Been Red Successfully]
[2024-12-28 11:38:56,893]: [Iron_Data_Processor.py]: Shaper: 78:       INFO:    [Data Shaped]
[2024-12-28 11:38:56,893]: [Iron_Data_Processor.py]: Process: 228:       INFO:    [Data Cleaned]
[2024-12-28 11:38:56,893]: [Iron_Data_Processor.py]: Make_Pages_Objects: 101:       INFO:    [Page Objects Has Been Made]
[2024-12-28 11:38:56,893]: [Iron_Data_Processor.py]: Make_Pages_Objects: 101:       INFO:    [Page Objects Has Been Made]
[2024-12-28 11:38:56,893]: [Iron_Data_Processor.py]: Load_Data: 118:       INFO:    [Data Has Been Load]
[2024-12-28 11:38:56,893]: [Iron_Data_Processor.py]: Load_Data: 118:       INFO:    [Data Has Been Load]
[2024-12-28 11:38:56,894]: [Iron_Data_Processor.py]: Load_positions: 140:       INFO:    [Positions Are Ready]
[2024-12-28 11:38:56,894]: [Iron_Data_Processor.py]: Load_positions: 140:       INFO:    [Positions Are Ready]
[2024-12-28 11:38:57,954]: [Iron_Data_Processor.py]: Make_Tagged_Images: 193:       INFO:    [Images Has Been Made]
[2024-12-28 11:38:58,846]: [Iron_Data_Processor.py]: Make_Tagged_Images: 193:       INFO:    [Images Has Been Made]
[2024-12-28 11:38:59,098]: [Iron_Data_Processor.py]: Make_Cover_Page: 215:       INFO:    [Made Cover Pages]
[2024-12-28 11:38:59,098]: [Iron.py]: Run: 29:       INFO:    [Imagination Phase Completed]
[2024-12-28 11:39:02,689]: [Phone_Scraper.py]: Scrap: 58:       INFO:    [Data Scraped]
[2024-12-28 11:39:02,690]: [Phone_Scraper.py]: Scrap: 71:       INFO:    [Scraped Data Successfully]
[2024-12-28 11:39:02,690]: [Phone.py]: Run: 26:       INFO:    [Scraping Phase Complete]
[2024-12-28 11:39:02,690]: [Phone_Data_Processor.py]: data_reader: 38:       INFO:    [Scraped Data Loaded]
[2024-12-28 11:39:02,691]: [Phone_Data_Processor.py]: filter_list: 65:       INFO:    [Persian Phrases Are deleted]
[2024-12-28 11:39:02,692]: [Phone_Data_Processor.py]: reshape_list: 87:       INFO:    [Date Reshaped]
[2024-12-28 11:39:02,692]: [Phone_Data_Processor.py]: separate_brands: 124:       INFO:    [Brands Are Separated]
[2024-12-28 11:39:02,692]: [Phone_Data_Processor.py]: delete_extra_spaces: 141:       INFO:    [Extra Spaces Are Deleted]
[2024-12-28 11:39:03,431]: [Phone.py]: Run: 29:       INFO:    [Imagination Phase Complete]
[2024-12-28 11:39:03,431]: [selector_events.py]: __init__: 64:       DEBUG:    [Using selector: EpollSelector]
[2024-12-28 11:39:03,697]: [_bot.py]: _do_post: 643:       DEBUG:    [Calling Bot API endpoint `getMe` with parameters `{}`]
[2024-12-28 11:39:03,702]: [_trace.py]: atrace: 87:       DEBUG:    [connect_tcp.started host='api.telegram.org' port=443 local_address=None timeout=5.0 socket_options=None]
[2024-12-28 11:39:03,992]: [_trace.py]: atrace: 87:       DEBUG:    [connect_tcp.complete return_value=<httpcore._backends.anyio.AnyIOStream object at 0x7ff9f90c5490>]
[2024-12-28 11:39:03,992]: [_trace.py]: atrace: 87:       DEBUG:    [start_tls.started ssl_context=<ssl.SSLContext object at 0x7ff9f9706a50> server_hostname='api.telegram.org' timeout=5.0]
[2024-12-28 11:39:04,084]: [_trace.py]: atrace: 87:       DEBUG:    [start_tls.complete return_value=<httpcore._backends.anyio.AnyIOStream object at 0x7ff9f90c5460>]
[2024-12-28 11:39:04,084]: [_trace.py]: atrace: 87:       DEBUG:    [send_request_headers.started request=<Request [b'POST']>]
[2024-12-28 11:39:04,084]: [_trace.py]: atrace: 87:       DEBUG:    [send_request_headers.complete]
[2024-12-28 11:39:04,085]: [_trace.py]: atrace: 87:       DEBUG:    [send_request_body.started request=<Request [b'POST']>]
[2024-12-28 11:39:04,085]: [_trace.py]: atrace: 87:       DEBUG:    [send_request_body.complete]
[2024-12-28 11:39:04,085]: [_trace.py]: atrace: 87:       DEBUG:    [receive_response_headers.started request=<Request [b'POST']>]
[2024-12-28 11:39:04,178]: [_trace.py]: atrace: 87:       DEBUG:    [receive_response_headers.complete return_value=(b'HTTP/1.1', 200, b'OK', [(b'Server', b'nginx/1.18.0'), (b'Date', b'Sat, 28 Dec 2024 11:39:04 GMT'), (b'Content-Type', b'application/json'), (b'Content-Length', b'258'), (b'Connection', b'keep-alive'), (b'Strict-Transport-Security', b'max-age=31536000; includeSubDomains; preload'), (b'Access-Control-Allow-Origin', b'*'), (b'Access-Control-Allow-Methods', b'GET, POST, OPTIONS'), (b'Access-Control-Expose-Headers', b'Content-Length,Content-Type,Date,Server,Connection')])]
[2024-12-28 11:39:04,179]: [_client.py]: _send_single_request: 1740:       INFO:    [HTTP Request: POST https://api.telegram.org/bot6030805959:AAGUHAMxLYc-PrevgKouJ3ZyM7ktu56ftjo/getMe "HTTP/1.1 200 OK"]
[2024-12-28 11:39:04,179]: [_trace.py]: atrace: 87:       DEBUG:    [receive_response_body.started request=<Request [b'POST']>]
[2024-12-28 11:39:04,179]: [_trace.py]: atrace: 87:       DEBUG:    [receive_response_body.complete]
[2024-12-28 11:39:04,179]: [_trace.py]: atrace: 87:       DEBUG:    [response_closed.started]
[2024-12-28 11:39:04,179]: [_trace.py]: atrace: 87:       DEBUG:    [response_closed.complete]
[2024-12-28 11:39:04,179]: [_bot.py]: _do_post: 652:       DEBUG:    [Call to Bot API endpoint `getMe` finished with return value `{'id': 6030805959, 'is_bot': True, 'first_name': 'TyPHoone', 'username': 'TyPHoone_Project_bot', 'can_join_groups': True, 'can_read_all_group_messages': False, 'supports_inline_queries': False, 'can_connect_to_business': False, 'has_main_web_app': False}`]
[2024-12-28 11:39:04,183]: [_bot.py]: _do_post: 643:       DEBUG:    [Calling Bot API endpoint `sendDocument` with parameters `{'chat_id': '-4119703192', 'document': <telegram._files.inputfile.InputFile object at 0x7ff9f8f2da40>}`]
[2024-12-28 11:39:04,183]: [_trace.py]: atrace: 87:       DEBUG:    [send_request_headers.started request=<Request [b'POST']>]
[2024-12-28 11:39:04,183]: [_trace.py]: atrace: 87:       DEBUG:    [send_request_headers.complete]
[2024-12-28 11:39:04,183]: [_trace.py]: atrace: 87:       DEBUG:    [send_request_body.started request=<Request [b'POST']>]
[2024-12-28 11:39:04,184]: [_trace.py]: atrace: 87:       DEBUG:    [send_request_body.complete]
[2024-12-28 11:39:04,184]: [_trace.py]: atrace: 87:       DEBUG:    [receive_response_headers.started request=<Request [b'POST']>]
[2024-12-28 11:39:04,471]: [_trace.py]: atrace: 87:       DEBUG:    [receive_response_headers.complete return_value=(b'HTTP/1.1', 200, b'OK', [(b'Server', b'nginx/1.18.0'), (b'Date', b'Sat, 28 Dec 2024 11:39:04 GMT'), (b'Content-Type', b'application/json'), (b'Content-Length', b'464'), (b'Connection', b'keep-alive'), (b'Strict-Transport-Security', b'max-age=31536000; includeSubDomains; preload'), (b'Access-Control-Allow-Origin', b'*'), (b'Access-Control-Allow-Methods', b'GET, POST, OPTIONS'), (b'Access-Control-Expose-Headers', b'Content-Length,Content-Type,Date,Server,Connection')])]
[2024-12-28 11:39:04,472]: [_client.py]: _send_single_request: 1740:       INFO:    [HTTP Request: POST https://api.telegram.org/bot6030805959:AAGUHAMxLYc-PrevgKouJ3ZyM7ktu56ftjo/sendDocument "HTTP/1.1 200 OK"]
[2024-12-28 11:39:04,472]: [_trace.py]: atrace: 87:       DEBUG:    [receive_response_body.started request=<Request [b'POST']>]
[2024-12-28 11:39:04,472]: [_trace.py]: atrace: 87:       DEBUG:    [receive_response_body.complete]
[2024-12-28 11:39:04,472]: [_trace.py]: atrace: 87:       DEBUG:    [response_closed.started]
[2024-12-28 11:39:04,472]: [_trace.py]: atrace: 87:       DEBUG:    [response_closed.complete]
[2024-12-28 11:39:04,472]: [_bot.py]: _do_post: 652:       DEBUG:    [Call to Bot API endpoint `sendDocument` finished with return value `{'message_id': 2077, 'from': {'id': 6030805959, 'is_bot': True, 'first_name': 'TyPHoone', 'username': 'TyPHoone_Project_bot'}, 'chat': {'id': -4119703192, 'title': 'Robocop', 'type': 'group', 'all_members_are_administrators': True}, 'date': 1735385944, 'document': {'file_name': '(2024_12_28--11_38).log', 'mime_type': 'text/plain', 'file_id': 'BQACAgQAAxkDAAIIHWdv41iQ4lUhqv9mMBAwRz-v5GpYAAKgEwACOrKBU6McfhjD-D3wNgQ', 'file_unique_id': 'AgADoBMAAjqygVM', 'file_size': 5937}}`]
[2024-12-28 11:39:04,473]: [_trace.py]: atrace: 87:       DEBUG:    [close.started]
[2024-12-28 11:39:04,473]: [_trace.py]: atrace: 87:       DEBUG:    [close.complete]
[2024-12-28 11:39:04,517]: [_bot.py]: _do_post: 643:       DEBUG:    [Calling Bot API endpoint `getMe` with parameters `{}`]
[2024-12-28 11:39:04,517]: [_trace.py]: atrace: 87:       DEBUG:    [connect_tcp.started host='api.telegram.org' port=443 local_address=None timeout=5.0 socket_options=None]
[2024-12-28 11:39:04,607]: [_trace.py]: atrace: 87:       DEBUG:    [connect_tcp.complete return_value=<httpcore._backends.anyio.AnyIOStream object at 0x7ff9f908c830>]
[2024-12-28 11:39:04,607]: [_trace.py]: atrace: 87:       DEBUG:    [start_tls.started ssl_context=<ssl.SSLContext object at 0x7ff9f9706850> server_hostname='api.telegram.org' timeout=5.0]
[2024-12-28 11:39:04,697]: [_trace.py]: atrace: 87:       DEBUG:    [start_tls.complete return_value=<httpcore._backends.anyio.AnyIOStream object at 0x7ffa025564e0>]
[2024-12-28 11:39:04,697]: [_trace.py]: atrace: 87:       DEBUG:    [send_request_headers.started request=<Request [b'POST']>]
[2024-12-28 11:39:04,698]: [_trace.py]: atrace: 87:       DEBUG:    [send_request_headers.complete]
[2024-12-28 11:39:04,698]: [_trace.py]: atrace: 87:       DEBUG:    [send_request_body.started request=<Request [b'POST']>]
[2024-12-28 11:39:04,698]: [_trace.py]: atrace: 87:       DEBUG:    [send_request_body.complete]
[2024-12-28 11:39:04,698]: [_trace.py]: atrace: 87:       DEBUG:    [receive_response_headers.started request=<Request [b'POST']>]
[2024-12-28 11:39:04,788]: [_trace.py]: atrace: 87:       DEBUG:    [receive_response_headers.complete return_value=(b'HTTP/1.1', 200, b'OK', [(b'Server', b'nginx/1.18.0'), (b'Date', b'Sat, 28 Dec 2024 11:39:04 GMT'), (b'Content-Type', b'application/json'), (b'Content-Length', b'258'), (b'Connection', b'keep-alive'), (b'Strict-Transport-Security', b'max-age=31536000; includeSubDomains; preload'), (b'Access-Control-Allow-Origin', b'*'), (b'Access-Control-Allow-Methods', b'GET, POST, OPTIONS'), (b'Access-Control-Expose-Headers', b'Content-Length,Content-Type,Date,Server,Connection')])]
[2024-12-28 11:39:04,788]: [_client.py]: _send_single_request: 1740:       INFO:    [HTTP Request: POST https://api.telegram.org/bot6030805959:AAGUHAMxLYc-PrevgKouJ3ZyM7ktu56ftjo/getMe "HTTP/1.1 200 OK"]
[2024-12-28 11:39:04,788]: [_trace.py]: atrace: 87:       DEBUG:    [receive_response_body.started request=<Request [b'POST']>]
[2024-12-28 11:39:04,788]: [_trace.py]: atrace: 87:       DEBUG:    [receive_response_body.complete]
[2024-12-28 11:39:04,788]: [_trace.py]: atrace: 87:       DEBUG:    [response_closed.started]
[2024-12-28 11:39:04,788]: [_trace.py]: atrace: 87:       DEBUG:    [response_closed.complete]
[2024-12-28 11:39:04,789]: [_bot.py]: _do_post: 652:       DEBUG:    [Call to Bot API endpoint `getMe` finished with return value `{'id': 6030805959, 'is_bot': True, 'first_name': 'TyPHoone', 'username': 'TyPHoone_Project_bot', 'can_join_groups': True, 'can_read_all_group_messages': False, 'supports_inline_queries': False, 'can_connect_to_business': False, 'has_main_web_app': False}`]
[2024-12-28 11:39:04,791]: [_bot.py]: _do_post: 643:       DEBUG:    [Calling Bot API endpoint `sendDocument` with parameters `{'chat_id': '-4119703192', 'document': <telegram._files.inputfile.InputFile object at 0x7ff9fa0a6a40>}`]
[2024-12-28 11:39:04,791]: [_trace.py]: atrace: 87:       DEBUG:    [send_request_headers.started request=<Request [b'POST']>]
[2024-12-28 11:39:04,791]: [_trace.py]: atrace: 87:       DEBUG:    [send_request_headers.complete]
[2024-12-28 11:39:04,791]: [_trace.py]: atrace: 87:       DEBUG:    [send_request_body.started request=<Request [b'POST']>]
[2024-12-28 11:39:05,645]: [_trace.py]: atrace: 87:       DEBUG:    [send_request_body.complete]
[2024-12-28 11:39:05,645]: [_trace.py]: atrace: 87:       DEBUG:    [receive_response_headers.started request=<Request [b'POST']>]
[2024-12-28 11:39:06,384]: [_trace.py]: atrace: 87:       DEBUG:    [receive_response_headers.complete return_value=(b'HTTP/1.1', 200, b'OK', [(b'Server', b'nginx/1.18.0'), (b'Date', b'Sat, 28 Dec 2024 11:39:06 GMT'), (b'Content-Type', b'application/json'), (b'Content-Length', b'478'), (b'Connection', b'keep-alive'), (b'Strict-Transport-Security', b'max-age=31536000; includeSubDomains; preload'), (b'Access-Control-Allow-Origin', b'*'), (b'Access-Control-Allow-Methods', b'GET, POST, OPTIONS'), (b'Access-Control-Expose-Headers', b'Content-Length,Content-Type,Date,Server,Connection')])]
[2024-12-28 11:39:06,384]: [_client.py]: _send_single_request: 1740:       INFO:    [HTTP Request: POST https://api.telegram.org/bot6030805959:AAGUHAMxLYc-PrevgKouJ3ZyM7ktu56ftjo/sendDocument "HTTP/1.1 200 OK"]
[2024-12-28 11:39:06,384]: [_trace.py]: atrace: 87:       DEBUG:    [receive_response_body.started request=<Request [b'POST']>]
[2024-12-28 11:39:06,384]: [_trace.py]: atrace: 87:       DEBUG:    [receive_response_body.complete]
[2024-12-28 11:39:06,384]: [_trace.py]: atrace: 87:       DEBUG:    [response_closed.started]
[2024-12-28 11:39:06,385]: [_trace.py]: atrace: 87:       DEBUG:    [response_closed.complete]
[2024-12-28 11:39:06,385]: [_bot.py]: _do_post: 652:       DEBUG:    [Call to Bot API endpoint `sendDocument` finished with return value `{'message_id': 2078, 'from': {'id': 6030805959, 'is_bot': True, 'first_name': 'TyPHoone', 'username': 'TyPHoone_Project_bot'}, 'chat': {'id': -4119703192, 'title': 'Robocop', 'type': 'group', 'all_members_are_administrators': True}, 'date': 1735385946, 'document': {'file_name': '(2024_12_28--11_38)output.zip', 'mime_type': 'application/zip', 'file_id': 'BQACAgQAAxkDAAIIHmdv41rd42qVfckbxbhLmQ6e3cc8AAKhEwACOrKBUwvkvKdVn3JZNgQ', 'file_unique_id': 'AgADoRMAAjqygVM', 'file_size': 9812453}}`]
[2024-12-28 11:39:06,385]: [_trace.py]: atrace: 87:       DEBUG:    [close.started]
[2024-12-28 11:39:06,385]: [_trace.py]: atrace: 87:       DEBUG:    [close.complete]
[2024-12-28 11:39:06,385]: [Telegram_Sender.py]: runner: 61:       INFO:    [sent successfully]
[2024-12-28 11:39:06,386]: [Main.py]: <module>: 48:       INFO:    [Finished]
