[2025-04-12 11:38:47,309]: [Main.py]: <module>: 21:       INFO:    [Started]
[2025-04-12 11:38:49,401]: [Iron_Scraper.py]: Scrap: 32:       INFO:    [Data Scaraped Successfully]
[2025-04-12 11:38:49,601]: [Iron_Scraper.py]: Scrap: 70:       INFO:    [Scrapped Data Has No Problem]
[2025-04-12 11:38:49,602]: [Iron_Scraper.py]: Scrap: 83:       INFO:    [Data Saved Successfully]
[2025-04-12 11:38:49,602]: [Iron.py]: Run: 26:       INFO:    [Scraping Phase Completed]
[2025-04-12 11:38:49,602]: [Iron_Data_Processor.py]: Data_Reader: 61:       INFO:    [Data File Has Been Red Successfully]
[2025-04-12 11:38:49,602]: [Iron_Data_Processor.py]: Shaper: 78:       INFO:    [Data Shaped]
[2025-04-12 11:38:49,602]: [Iron_Data_Processor.py]: Process: 228:       INFO:    [Data Cleaned]
[2025-04-12 11:38:49,602]: [Iron_Data_Processor.py]: Make_Pages_Objects: 101:       INFO:    [Page Objects Has Been Made]
[2025-04-12 11:38:49,602]: [Iron_Data_Processor.py]: Make_Pages_Objects: 101:       INFO:    [Page Objects Has Been Made]
[2025-04-12 11:38:49,603]: [Iron_Data_Processor.py]: Load_Data: 118:       INFO:    [Data Has Been Load]
[2025-04-12 11:38:49,603]: [Iron_Data_Processor.py]: Load_Data: 118:       INFO:    [Data Has Been Load]
[2025-04-12 11:38:49,603]: [Iron_Data_Processor.py]: Load_positions: 140:       INFO:    [Positions Are Ready]
[2025-04-12 11:38:49,603]: [Iron_Data_Processor.py]: Load_positions: 140:       INFO:    [Positions Are Ready]
[2025-04-12 11:38:50,714]: [Iron_Data_Processor.py]: Make_Tagged_Images: 193:       INFO:    [Images Has Been Made]
[2025-04-12 11:38:51,651]: [Iron_Data_Processor.py]: Make_Tagged_Images: 193:       INFO:    [Images Has Been Made]
[2025-04-12 11:38:51,902]: [Iron_Data_Processor.py]: Make_Cover_Page: 215:       INFO:    [Made Cover Pages]
[2025-04-12 11:38:51,902]: [Iron.py]: Run: 29:       INFO:    [Imagination Phase Completed]
[2025-04-12 11:38:55,244]: [Phone_Scraper.py]: Scrap: 58:       INFO:    [Data Scraped]
[2025-04-12 11:38:55,244]: [Phone_Scraper.py]: Scrap: 71:       INFO:    [Scraped Data Successfully]
[2025-04-12 11:38:55,244]: [Phone.py]: Run: 26:       INFO:    [Scraping Phase Complete]
[2025-04-12 11:38:55,244]: [Phone_Data_Processor.py]: data_reader: 38:       INFO:    [Scraped Data Loaded]
[2025-04-12 11:38:55,245]: [Phone_Data_Processor.py]: filter_list: 65:       INFO:    [Persian Phrases Are deleted]
[2025-04-12 11:38:55,246]: [Phone_Data_Processor.py]: reshape_list: 87:       INFO:    [Date Reshaped]
[2025-04-12 11:38:55,246]: [Phone_Data_Processor.py]: separate_brands: 124:       INFO:    [Brands Are Separated]
[2025-04-12 11:38:55,246]: [Phone_Data_Processor.py]: delete_extra_spaces: 141:       INFO:    [Extra Spaces Are Deleted]
[2025-04-12 11:38:55,990]: [Phone.py]: Run: 29:       INFO:    [Imagination Phase Complete]
[2025-04-12 11:38:55,990]: [selector_events.py]: __init__: 64:       DEBUG:    [Using selector: EpollSelector]
[2025-04-12 11:38:56,266]: [_bot.py]: _do_post: 643:       DEBUG:    [Calling Bot API endpoint `getMe` with parameters `{}`]
[2025-04-12 11:38:56,271]: [_trace.py]: atrace: 87:       DEBUG:    [connect_tcp.started host='api.telegram.org' port=443 local_address=None timeout=5.0 socket_options=None]
[2025-04-12 11:38:56,529]: [_trace.py]: atrace: 87:       DEBUG:    [connect_tcp.complete return_value=<httpcore._backends.anyio.AnyIOStream object at 0x7f7dfcc4bc20>]
[2025-04-12 11:38:56,529]: [_trace.py]: atrace: 87:       DEBUG:    [start_tls.started ssl_context=<ssl.SSLContext object at 0x7f7dfd6a8350> server_hostname='api.telegram.org' timeout=5.0]
[2025-04-12 11:38:56,676]: [_trace.py]: atrace: 87:       DEBUG:    [start_tls.complete return_value=<httpcore._backends.anyio.AnyIOStream object at 0x7f7dfd66ff50>]
[2025-04-12 11:38:56,676]: [_trace.py]: atrace: 87:       DEBUG:    [send_request_headers.started request=<Request [b'POST']>]
[2025-04-12 11:38:56,676]: [_trace.py]: atrace: 87:       DEBUG:    [send_request_headers.complete]
[2025-04-12 11:38:56,676]: [_trace.py]: atrace: 87:       DEBUG:    [send_request_body.started request=<Request [b'POST']>]
[2025-04-12 11:38:56,676]: [_trace.py]: atrace: 87:       DEBUG:    [send_request_body.complete]
[2025-04-12 11:38:56,676]: [_trace.py]: atrace: 87:       DEBUG:    [receive_response_headers.started request=<Request [b'POST']>]
[2025-04-12 11:38:56,821]: [_trace.py]: atrace: 87:       DEBUG:    [receive_response_headers.complete return_value=(b'HTTP/1.1', 200, b'OK', [(b'Server', b'nginx/1.18.0'), (b'Date', b'Sat, 12 Apr 2025 11:38:56 GMT'), (b'Content-Type', b'application/json'), (b'Content-Length', b'258'), (b'Connection', b'keep-alive'), (b'Strict-Transport-Security', b'max-age=31536000; includeSubDomains; preload'), (b'Access-Control-Allow-Origin', b'*'), (b'Access-Control-Allow-Methods', b'GET, POST, OPTIONS'), (b'Access-Control-Expose-Headers', b'Content-Length,Content-Type,Date,Server,Connection')])]
[2025-04-12 11:38:56,822]: [_client.py]: _send_single_request: 1740:       INFO:    [HTTP Request: POST https://api.telegram.org/bot6030805959:AAGUHAMxLYc-PrevgKouJ3ZyM7ktu56ftjo/getMe "HTTP/1.1 200 OK"]
[2025-04-12 11:38:56,822]: [_trace.py]: atrace: 87:       DEBUG:    [receive_response_body.started request=<Request [b'POST']>]
[2025-04-12 11:38:56,822]: [_trace.py]: atrace: 87:       DEBUG:    [receive_response_body.complete]
[2025-04-12 11:38:56,822]: [_trace.py]: atrace: 87:       DEBUG:    [response_closed.started]
[2025-04-12 11:38:56,822]: [_trace.py]: atrace: 87:       DEBUG:    [response_closed.complete]
[2025-04-12 11:38:56,822]: [_bot.py]: _do_post: 652:       DEBUG:    [Call to Bot API endpoint `getMe` finished with return value `{'id': 6030805959, 'is_bot': True, 'first_name': 'TyPHoone', 'username': 'TyPHoone_Project_bot', 'can_join_groups': True, 'can_read_all_group_messages': False, 'supports_inline_queries': False, 'can_connect_to_business': False, 'has_main_web_app': False}`]
[2025-04-12 11:38:56,825]: [_bot.py]: _do_post: 643:       DEBUG:    [Calling Bot API endpoint `sendDocument` with parameters `{'chat_id': '-4119703192', 'document': <telegram._files.inputfile.InputFile object at 0x7f7dfcc5ae40>}`]
[2025-04-12 11:38:56,825]: [_trace.py]: atrace: 87:       DEBUG:    [send_request_headers.started request=<Request [b'POST']>]
[2025-04-12 11:38:56,826]: [_trace.py]: atrace: 87:       DEBUG:    [send_request_headers.complete]
[2025-04-12 11:38:56,826]: [_trace.py]: atrace: 87:       DEBUG:    [send_request_body.started request=<Request [b'POST']>]
[2025-04-12 11:38:56,826]: [_trace.py]: atrace: 87:       DEBUG:    [send_request_body.complete]
[2025-04-12 11:38:56,826]: [_trace.py]: atrace: 87:       DEBUG:    [receive_response_headers.started request=<Request [b'POST']>]
[2025-04-12 11:38:57,179]: [_trace.py]: atrace: 87:       DEBUG:    [receive_response_headers.complete return_value=(b'HTTP/1.1', 200, b'OK', [(b'Server', b'nginx/1.18.0'), (b'Date', b'Sat, 12 Apr 2025 11:38:57 GMT'), (b'Content-Type', b'application/json'), (b'Content-Length', b'584'), (b'Connection', b'keep-alive'), (b'Strict-Transport-Security', b'max-age=31536000; includeSubDomains; preload'), (b'Access-Control-Allow-Origin', b'*'), (b'Access-Control-Allow-Methods', b'GET, POST, OPTIONS'), (b'Access-Control-Expose-Headers', b'Content-Length,Content-Type,Date,Server,Connection')])]
[2025-04-12 11:38:57,180]: [_client.py]: _send_single_request: 1740:       INFO:    [HTTP Request: POST https://api.telegram.org/bot6030805959:AAGUHAMxLYc-PrevgKouJ3ZyM7ktu56ftjo/sendDocument "HTTP/1.1 200 OK"]
[2025-04-12 11:38:57,180]: [_trace.py]: atrace: 87:       DEBUG:    [receive_response_body.started request=<Request [b'POST']>]
[2025-04-12 11:38:57,180]: [_trace.py]: atrace: 87:       DEBUG:    [receive_response_body.complete]
[2025-04-12 11:38:57,180]: [_trace.py]: atrace: 87:       DEBUG:    [response_closed.started]
[2025-04-12 11:38:57,180]: [_trace.py]: atrace: 87:       DEBUG:    [response_closed.complete]
[2025-04-12 11:38:57,180]: [_bot.py]: _do_post: 652:       DEBUG:    [Call to Bot API endpoint `sendDocument` finished with return value `{'message_id': 2289, 'from': {'id': 6030805959, 'is_bot': True, 'first_name': 'TyPHoone', 'username': 'TyPHoone_Project_bot'}, 'chat': {'id': -4119703192, 'title': 'Robocop', 'type': 'group', 'all_members_are_administrators': True, 'accepted_gift_types': {'unlimited_gifts': False, 'limited_gifts': False, 'unique_gifts': False, 'premium_subscription': False}}, 'date': 1744457937, 'document': {'file_name': '(2025_04_12--11_38).log', 'mime_type': 'text/plain', 'file_id': 'BQACAgQAAxkDAAII8Wf6UNHYHD_NuocMUQfLXlyzzlUFAAJoGQACTG7YU2Cz4B6LemVdNgQ', 'file_unique_id': 'AgADaBkAAkxu2FM', 'file_size': 5937}}`]
[2025-04-12 11:38:57,181]: [_trace.py]: atrace: 87:       DEBUG:    [close.started]
[2025-04-12 11:38:57,181]: [_trace.py]: atrace: 87:       DEBUG:    [close.complete]
[2025-04-12 11:38:57,224]: [_bot.py]: _do_post: 643:       DEBUG:    [Calling Bot API endpoint `getMe` with parameters `{}`]
[2025-04-12 11:38:57,225]: [_trace.py]: atrace: 87:       DEBUG:    [connect_tcp.started host='api.telegram.org' port=443 local_address=None timeout=5.0 socket_options=None]
[2025-04-12 11:38:57,375]: [_trace.py]: atrace: 87:       DEBUG:    [connect_tcp.complete return_value=<httpcore._backends.anyio.AnyIOStream object at 0x7f7dfccb4650>]
[2025-04-12 11:38:57,375]: [_trace.py]: atrace: 87:       DEBUG:    [start_tls.started ssl_context=<ssl.SSLContext object at 0x7f7dfd63fc50> server_hostname='api.telegram.org' timeout=5.0]
[2025-04-12 11:38:57,523]: [_trace.py]: atrace: 87:       DEBUG:    [start_tls.complete return_value=<httpcore._backends.anyio.AnyIOStream object at 0x7f7dfd1e7d40>]
[2025-04-12 11:38:57,523]: [_trace.py]: atrace: 87:       DEBUG:    [send_request_headers.started request=<Request [b'POST']>]
[2025-04-12 11:38:57,523]: [_trace.py]: atrace: 87:       DEBUG:    [send_request_headers.complete]
[2025-04-12 11:38:57,523]: [_trace.py]: atrace: 87:       DEBUG:    [send_request_body.started request=<Request [b'POST']>]
[2025-04-12 11:38:57,523]: [_trace.py]: atrace: 87:       DEBUG:    [send_request_body.complete]
[2025-04-12 11:38:57,523]: [_trace.py]: atrace: 87:       DEBUG:    [receive_response_headers.started request=<Request [b'POST']>]
[2025-04-12 11:38:57,669]: [_trace.py]: atrace: 87:       DEBUG:    [receive_response_headers.complete return_value=(b'HTTP/1.1', 200, b'OK', [(b'Server', b'nginx/1.18.0'), (b'Date', b'Sat, 12 Apr 2025 11:38:57 GMT'), (b'Content-Type', b'application/json'), (b'Content-Length', b'258'), (b'Connection', b'keep-alive'), (b'Strict-Transport-Security', b'max-age=31536000; includeSubDomains; preload'), (b'Access-Control-Allow-Origin', b'*'), (b'Access-Control-Allow-Methods', b'GET, POST, OPTIONS'), (b'Access-Control-Expose-Headers', b'Content-Length,Content-Type,Date,Server,Connection')])]
[2025-04-12 11:38:57,669]: [_client.py]: _send_single_request: 1740:       INFO:    [HTTP Request: POST https://api.telegram.org/bot6030805959:AAGUHAMxLYc-PrevgKouJ3ZyM7ktu56ftjo/getMe "HTTP/1.1 200 OK"]
[2025-04-12 11:38:57,669]: [_trace.py]: atrace: 87:       DEBUG:    [receive_response_body.started request=<Request [b'POST']>]
[2025-04-12 11:38:57,669]: [_trace.py]: atrace: 87:       DEBUG:    [receive_response_body.complete]
[2025-04-12 11:38:57,669]: [_trace.py]: atrace: 87:       DEBUG:    [response_closed.started]
[2025-04-12 11:38:57,669]: [_trace.py]: atrace: 87:       DEBUG:    [response_closed.complete]
[2025-04-12 11:38:57,669]: [_bot.py]: _do_post: 652:       DEBUG:    [Call to Bot API endpoint `getMe` finished with return value `{'id': 6030805959, 'is_bot': True, 'first_name': 'TyPHoone', 'username': 'TyPHoone_Project_bot', 'can_join_groups': True, 'can_read_all_group_messages': False, 'supports_inline_queries': False, 'can_connect_to_business': False, 'has_main_web_app': False}`]
[2025-04-12 11:38:57,672]: [_bot.py]: _do_post: 643:       DEBUG:    [Calling Bot API endpoint `sendDocument` with parameters `{'chat_id': '-4119703192', 'document': <telegram._files.inputfile.InputFile object at 0x7f7dfd699500>}`]
[2025-04-12 11:38:57,672]: [_trace.py]: atrace: 87:       DEBUG:    [send_request_headers.started request=<Request [b'POST']>]
[2025-04-12 11:38:57,672]: [_trace.py]: atrace: 87:       DEBUG:    [send_request_headers.complete]
[2025-04-12 11:38:57,672]: [_trace.py]: atrace: 87:       DEBUG:    [send_request_body.started request=<Request [b'POST']>]
[2025-04-12 11:38:59,126]: [_trace.py]: atrace: 87:       DEBUG:    [send_request_body.complete]
[2025-04-12 11:38:59,126]: [_trace.py]: atrace: 87:       DEBUG:    [receive_response_headers.started request=<Request [b'POST']>]
[2025-04-12 11:38:59,712]: [_trace.py]: atrace: 87:       DEBUG:    [receive_response_headers.complete return_value=(b'HTTP/1.1', 200, b'OK', [(b'Server', b'nginx/1.18.0'), (b'Date', b'Sat, 12 Apr 2025 11:38:59 GMT'), (b'Content-Type', b'application/json'), (b'Content-Length', b'599'), (b'Connection', b'keep-alive'), (b'Strict-Transport-Security', b'max-age=31536000; includeSubDomains; preload'), (b'Access-Control-Allow-Origin', b'*'), (b'Access-Control-Allow-Methods', b'GET, POST, OPTIONS'), (b'Access-Control-Expose-Headers', b'Content-Length,Content-Type,Date,Server,Connection')])]
[2025-04-12 11:38:59,712]: [_client.py]: _send_single_request: 1740:       INFO:    [HTTP Request: POST https://api.telegram.org/bot6030805959:AAGUHAMxLYc-PrevgKouJ3ZyM7ktu56ftjo/sendDocument "HTTP/1.1 200 OK"]
[2025-04-12 11:38:59,712]: [_trace.py]: atrace: 87:       DEBUG:    [receive_response_body.started request=<Request [b'POST']>]
[2025-04-12 11:38:59,712]: [_trace.py]: atrace: 87:       DEBUG:    [receive_response_body.complete]
[2025-04-12 11:38:59,712]: [_trace.py]: atrace: 87:       DEBUG:    [response_closed.started]
[2025-04-12 11:38:59,712]: [_trace.py]: atrace: 87:       DEBUG:    [response_closed.complete]
[2025-04-12 11:38:59,713]: [_bot.py]: _do_post: 652:       DEBUG:    [Call to Bot API endpoint `sendDocument` finished with return value `{'message_id': 2290, 'from': {'id': 6030805959, 'is_bot': True, 'first_name': 'TyPHoone', 'username': 'TyPHoone_Project_bot'}, 'chat': {'id': -4119703192, 'title': 'Robocop', 'type': 'group', 'all_members_are_administrators': True, 'accepted_gift_types': {'unlimited_gifts': False, 'limited_gifts': False, 'unique_gifts': False, 'premium_subscription': False}}, 'date': 1744457939, 'document': {'file_name': '(2025_04_12--11_38)output.zip', 'mime_type': 'application/zip', 'file_id': 'BQACAgQAAxkDAAII8mf6UNN2rrqLO76yC0wJGb7aViahAAJpGQACTG7YU-52M1ehdP-HNgQ', 'file_unique_id': 'AgADaRkAAkxu2FM', 'file_size': 10124141}}`]
[2025-04-12 11:38:59,713]: [_trace.py]: atrace: 87:       DEBUG:    [close.started]
[2025-04-12 11:38:59,713]: [_trace.py]: atrace: 87:       DEBUG:    [close.complete]
[2025-04-12 11:38:59,713]: [Telegram_Sender.py]: runner: 61:       INFO:    [sent successfully]
[2025-04-12 11:38:59,714]: [Main.py]: <module>: 48:       INFO:    [Finished]
