[2024-12-16 11:39:42,510]: [Main.py]: <module>: 21:       INFO:    [Started]
[2024-12-16 11:39:44,299]: [Iron_Scraper.py]: Scrap: 32:       INFO:    [Data Scaraped Successfully]
[2024-12-16 11:39:44,351]: [Iron_Scraper.py]: Scrap: 70:       INFO:    [Scrapped Data Has No Problem]
[2024-12-16 11:39:44,351]: [Iron_Scraper.py]: Scrap: 83:       INFO:    [Data Saved Successfully]
[2024-12-16 11:39:44,351]: [Iron.py]: Run: 26:       INFO:    [Scraping Phase Completed]
[2024-12-16 11:39:44,351]: [Iron_Data_Processor.py]: Data_Reader: 61:       INFO:    [Data File Has Been Red Successfully]
[2024-12-16 11:39:44,351]: [Iron_Data_Processor.py]: Shaper: 78:       INFO:    [Data Shaped]
[2024-12-16 11:39:44,351]: [Iron_Data_Processor.py]: Process: 228:       INFO:    [Data Cleaned]
[2024-12-16 11:39:44,351]: [Iron_Data_Processor.py]: Make_Pages_Objects: 101:       INFO:    [Page Objects Has Been Made]
[2024-12-16 11:39:44,352]: [Iron_Data_Processor.py]: Make_Pages_Objects: 101:       INFO:    [Page Objects Has Been Made]
[2024-12-16 11:39:44,352]: [Iron_Data_Processor.py]: Load_Data: 118:       INFO:    [Data Has Been Load]
[2024-12-16 11:39:44,352]: [Iron_Data_Processor.py]: Load_Data: 118:       INFO:    [Data Has Been Load]
[2024-12-16 11:39:44,352]: [Iron_Data_Processor.py]: Load_positions: 140:       INFO:    [Positions Are Ready]
[2024-12-16 11:39:44,352]: [Iron_Data_Processor.py]: Load_positions: 140:       INFO:    [Positions Are Ready]
[2024-12-16 11:39:45,431]: [Iron_Data_Processor.py]: Make_Tagged_Images: 193:       INFO:    [Images Has Been Made]
[2024-12-16 11:39:46,332]: [Iron_Data_Processor.py]: Make_Tagged_Images: 193:       INFO:    [Images Has Been Made]
[2024-12-16 11:39:46,586]: [Iron_Data_Processor.py]: Make_Cover_Page: 215:       INFO:    [Made Cover Pages]
[2024-12-16 11:39:46,586]: [Iron.py]: Run: 29:       INFO:    [Imagination Phase Completed]
[2024-12-16 11:39:50,029]: [Phone_Scraper.py]: Scrap: 58:       INFO:    [Data Scraped]
[2024-12-16 11:39:50,029]: [Phone_Scraper.py]: Scrap: 71:       INFO:    [Scraped Data Successfully]
[2024-12-16 11:39:50,029]: [Phone.py]: Run: 26:       INFO:    [Scraping Phase Complete]
[2024-12-16 11:39:50,029]: [Phone_Data_Processor.py]: data_reader: 38:       INFO:    [Scraped Data Loaded]
[2024-12-16 11:39:50,031]: [Phone_Data_Processor.py]: filter_list: 65:       INFO:    [Persian Phrases Are deleted]
[2024-12-16 11:39:50,031]: [Phone_Data_Processor.py]: reshape_list: 87:       INFO:    [Date Reshaped]
[2024-12-16 11:39:50,031]: [Phone_Data_Processor.py]: separate_brands: 124:       INFO:    [Brands Are Separated]
[2024-12-16 11:39:50,032]: [Phone_Data_Processor.py]: delete_extra_spaces: 141:       INFO:    [Extra Spaces Are Deleted]
[2024-12-16 11:39:50,799]: [Phone.py]: Run: 29:       INFO:    [Imagination Phase Complete]
[2024-12-16 11:39:50,799]: [selector_events.py]: __init__: 64:       DEBUG:    [Using selector: EpollSelector]
[2024-12-16 11:39:51,125]: [_bot.py]: _do_post: 643:       DEBUG:    [Calling Bot API endpoint `getMe` with parameters `{}`]
[2024-12-16 11:39:51,130]: [_trace.py]: atrace: 87:       DEBUG:    [connect_tcp.started host='api.telegram.org' port=443 local_address=None timeout=5.0 socket_options=None]
[2024-12-16 11:39:51,262]: [_trace.py]: atrace: 87:       DEBUG:    [connect_tcp.complete return_value=<httpcore._backends.anyio.AnyIOStream object at 0x7fa007cf96a0>]
[2024-12-16 11:39:51,262]: [_trace.py]: atrace: 87:       DEBUG:    [start_tls.started ssl_context=<ssl.SSLContext object at 0x7fa00832ea50> server_hostname='api.telegram.org' timeout=5.0]
[2024-12-16 11:39:51,368]: [_trace.py]: atrace: 87:       DEBUG:    [start_tls.complete return_value=<httpcore._backends.anyio.AnyIOStream object at 0x7fa008600e60>]
[2024-12-16 11:39:51,369]: [_trace.py]: atrace: 87:       DEBUG:    [send_request_headers.started request=<Request [b'POST']>]
[2024-12-16 11:39:51,369]: [_trace.py]: atrace: 87:       DEBUG:    [send_request_headers.complete]
[2024-12-16 11:39:51,369]: [_trace.py]: atrace: 87:       DEBUG:    [send_request_body.started request=<Request [b'POST']>]
[2024-12-16 11:39:51,369]: [_trace.py]: atrace: 87:       DEBUG:    [send_request_body.complete]
[2024-12-16 11:39:51,369]: [_trace.py]: atrace: 87:       DEBUG:    [receive_response_headers.started request=<Request [b'POST']>]
[2024-12-16 11:39:51,478]: [_trace.py]: atrace: 87:       DEBUG:    [receive_response_headers.complete return_value=(b'HTTP/1.1', 200, b'OK', [(b'Server', b'nginx/1.18.0'), (b'Date', b'Mon, 16 Dec 2024 11:39:51 GMT'), (b'Content-Type', b'application/json'), (b'Content-Length', b'258'), (b'Connection', b'keep-alive'), (b'Strict-Transport-Security', b'max-age=31536000; includeSubDomains; preload'), (b'Access-Control-Allow-Origin', b'*'), (b'Access-Control-Allow-Methods', b'GET, POST, OPTIONS'), (b'Access-Control-Expose-Headers', b'Content-Length,Content-Type,Date,Server,Connection')])]
[2024-12-16 11:39:51,479]: [_client.py]: _send_single_request: 1740:       INFO:    [HTTP Request: POST https://api.telegram.org/bot6030805959:AAGUHAMxLYc-PrevgKouJ3ZyM7ktu56ftjo/getMe "HTTP/1.1 200 OK"]
[2024-12-16 11:39:51,479]: [_trace.py]: atrace: 87:       DEBUG:    [receive_response_body.started request=<Request [b'POST']>]
[2024-12-16 11:39:51,479]: [_trace.py]: atrace: 87:       DEBUG:    [receive_response_body.complete]
[2024-12-16 11:39:51,479]: [_trace.py]: atrace: 87:       DEBUG:    [response_closed.started]
[2024-12-16 11:39:51,479]: [_trace.py]: atrace: 87:       DEBUG:    [response_closed.complete]
[2024-12-16 11:39:51,479]: [_bot.py]: _do_post: 652:       DEBUG:    [Call to Bot API endpoint `getMe` finished with return value `{'id': 6030805959, 'is_bot': True, 'first_name': 'TyPHoone', 'username': 'TyPHoone_Project_bot', 'can_join_groups': True, 'can_read_all_group_messages': False, 'supports_inline_queries': False, 'can_connect_to_business': False, 'has_main_web_app': False}`]
[2024-12-16 11:39:51,483]: [_bot.py]: _do_post: 643:       DEBUG:    [Calling Bot API endpoint `sendDocument` with parameters `{'chat_id': '-4119703192', 'document': <telegram._files.inputfile.InputFile object at 0x7fa007b7cf80>}`]
[2024-12-16 11:39:51,484]: [_trace.py]: atrace: 87:       DEBUG:    [send_request_headers.started request=<Request [b'POST']>]
[2024-12-16 11:39:51,484]: [_trace.py]: atrace: 87:       DEBUG:    [send_request_headers.complete]
[2024-12-16 11:39:51,484]: [_trace.py]: atrace: 87:       DEBUG:    [send_request_body.started request=<Request [b'POST']>]
[2024-12-16 11:39:51,485]: [_trace.py]: atrace: 87:       DEBUG:    [send_request_body.complete]
[2024-12-16 11:39:51,485]: [_trace.py]: atrace: 87:       DEBUG:    [receive_response_headers.started request=<Request [b'POST']>]
[2024-12-16 11:39:51,778]: [_trace.py]: atrace: 87:       DEBUG:    [receive_response_headers.complete return_value=(b'HTTP/1.1', 200, b'OK', [(b'Server', b'nginx/1.18.0'), (b'Date', b'Mon, 16 Dec 2024 11:39:51 GMT'), (b'Content-Type', b'application/json'), (b'Content-Length', b'466'), (b'Connection', b'keep-alive'), (b'Strict-Transport-Security', b'max-age=31536000; includeSubDomains; preload'), (b'Access-Control-Allow-Origin', b'*'), (b'Access-Control-Allow-Methods', b'GET, POST, OPTIONS'), (b'Access-Control-Expose-Headers', b'Content-Length,Content-Type,Date,Server,Connection')])]
[2024-12-16 11:39:51,779]: [_client.py]: _send_single_request: 1740:       INFO:    [HTTP Request: POST https://api.telegram.org/bot6030805959:AAGUHAMxLYc-PrevgKouJ3ZyM7ktu56ftjo/sendDocument "HTTP/1.1 200 OK"]
[2024-12-16 11:39:51,779]: [_trace.py]: atrace: 87:       DEBUG:    [receive_response_body.started request=<Request [b'POST']>]
[2024-12-16 11:39:51,779]: [_trace.py]: atrace: 87:       DEBUG:    [receive_response_body.complete]
[2024-12-16 11:39:51,779]: [_trace.py]: atrace: 87:       DEBUG:    [response_closed.started]
[2024-12-16 11:39:51,779]: [_trace.py]: atrace: 87:       DEBUG:    [response_closed.complete]
[2024-12-16 11:39:51,779]: [_bot.py]: _do_post: 652:       DEBUG:    [Call to Bot API endpoint `sendDocument` finished with return value `{'message_id': 2053, 'from': {'id': 6030805959, 'is_bot': True, 'first_name': 'TyPHoone', 'username': 'TyPHoone_Project_bot'}, 'chat': {'id': -4119703192, 'title': 'Robocop', 'type': 'group', 'all_members_are_administrators': True}, 'date': 1734349191, 'document': {'file_name': '(2024_12_16--11_39).log', 'mime_type': 'text/plain', 'file_id': 'BQACAgQAAxkDAAIIBWdgEYcqQj7QSMItDpKe6ebMKdgCAALjEgACrJEAAVNHRs1wwwx7lDYE', 'file_unique_id': 'AgAD4xIAAqyRAAFT', 'file_size': 5937}}`]
[2024-12-16 11:39:51,780]: [_trace.py]: atrace: 87:       DEBUG:    [close.started]
[2024-12-16 11:39:51,780]: [_trace.py]: atrace: 87:       DEBUG:    [close.complete]
[2024-12-16 11:39:51,833]: [_bot.py]: _do_post: 643:       DEBUG:    [Calling Bot API endpoint `getMe` with parameters `{}`]
[2024-12-16 11:39:51,833]: [_trace.py]: atrace: 87:       DEBUG:    [connect_tcp.started host='api.telegram.org' port=443 local_address=None timeout=5.0 socket_options=None]
[2024-12-16 11:39:51,938]: [_trace.py]: atrace: 87:       DEBUG:    [connect_tcp.complete return_value=<httpcore._backends.anyio.AnyIOStream object at 0x7fa008826ba0>]
[2024-12-16 11:39:51,938]: [_trace.py]: atrace: 87:       DEBUG:    [start_tls.started ssl_context=<ssl.SSLContext object at 0x7fa00832e850> server_hostname='api.telegram.org' timeout=5.0]
[2024-12-16 11:39:52,044]: [_trace.py]: atrace: 87:       DEBUG:    [start_tls.complete return_value=<httpcore._backends.anyio.AnyIOStream object at 0x7fa008365a90>]
[2024-12-16 11:39:52,044]: [_trace.py]: atrace: 87:       DEBUG:    [send_request_headers.started request=<Request [b'POST']>]
[2024-12-16 11:39:52,044]: [_trace.py]: atrace: 87:       DEBUG:    [send_request_headers.complete]
[2024-12-16 11:39:52,044]: [_trace.py]: atrace: 87:       DEBUG:    [send_request_body.started request=<Request [b'POST']>]
[2024-12-16 11:39:52,045]: [_trace.py]: atrace: 87:       DEBUG:    [send_request_body.complete]
[2024-12-16 11:39:52,045]: [_trace.py]: atrace: 87:       DEBUG:    [receive_response_headers.started request=<Request [b'POST']>]
[2024-12-16 11:39:52,148]: [_trace.py]: atrace: 87:       DEBUG:    [receive_response_headers.complete return_value=(b'HTTP/1.1', 200, b'OK', [(b'Server', b'nginx/1.18.0'), (b'Date', b'Mon, 16 Dec 2024 11:39:52 GMT'), (b'Content-Type', b'application/json'), (b'Content-Length', b'258'), (b'Connection', b'keep-alive'), (b'Strict-Transport-Security', b'max-age=31536000; includeSubDomains; preload'), (b'Access-Control-Allow-Origin', b'*'), (b'Access-Control-Allow-Methods', b'GET, POST, OPTIONS'), (b'Access-Control-Expose-Headers', b'Content-Length,Content-Type,Date,Server,Connection')])]
[2024-12-16 11:39:52,148]: [_client.py]: _send_single_request: 1740:       INFO:    [HTTP Request: POST https://api.telegram.org/bot6030805959:AAGUHAMxLYc-PrevgKouJ3ZyM7ktu56ftjo/getMe "HTTP/1.1 200 OK"]
[2024-12-16 11:39:52,148]: [_trace.py]: atrace: 87:       DEBUG:    [receive_response_body.started request=<Request [b'POST']>]
[2024-12-16 11:39:52,149]: [_trace.py]: atrace: 87:       DEBUG:    [receive_response_body.complete]
[2024-12-16 11:39:52,149]: [_trace.py]: atrace: 87:       DEBUG:    [response_closed.started]
[2024-12-16 11:39:52,149]: [_trace.py]: atrace: 87:       DEBUG:    [response_closed.complete]
[2024-12-16 11:39:52,149]: [_bot.py]: _do_post: 652:       DEBUG:    [Call to Bot API endpoint `getMe` finished with return value `{'id': 6030805959, 'is_bot': True, 'first_name': 'TyPHoone', 'username': 'TyPHoone_Project_bot', 'can_join_groups': True, 'can_read_all_group_messages': False, 'supports_inline_queries': False, 'can_connect_to_business': False, 'has_main_web_app': False}`]
[2024-12-16 11:39:52,151]: [_bot.py]: _do_post: 643:       DEBUG:    [Calling Bot API endpoint `sendDocument` with parameters `{'chat_id': '-4119703192', 'document': <telegram._files.inputfile.InputFile object at 0x7fa008378e00>}`]
[2024-12-16 11:39:52,152]: [_trace.py]: atrace: 87:       DEBUG:    [send_request_headers.started request=<Request [b'POST']>]
[2024-12-16 11:39:52,152]: [_trace.py]: atrace: 87:       DEBUG:    [send_request_headers.complete]
[2024-12-16 11:39:52,152]: [_trace.py]: atrace: 87:       DEBUG:    [send_request_body.started request=<Request [b'POST']>]
[2024-12-16 11:39:53,094]: [_trace.py]: atrace: 87:       DEBUG:    [send_request_body.complete]
[2024-12-16 11:39:53,094]: [_trace.py]: atrace: 87:       DEBUG:    [receive_response_headers.started request=<Request [b'POST']>]
[2024-12-16 11:39:53,880]: [_trace.py]: atrace: 87:       DEBUG:    [receive_response_headers.complete return_value=(b'HTTP/1.1', 200, b'OK', [(b'Server', b'nginx/1.18.0'), (b'Date', b'Mon, 16 Dec 2024 11:39:53 GMT'), (b'Content-Type', b'application/json'), (b'Content-Length', b'480'), (b'Connection', b'keep-alive'), (b'Strict-Transport-Security', b'max-age=31536000; includeSubDomains; preload'), (b'Access-Control-Allow-Origin', b'*'), (b'Access-Control-Allow-Methods', b'GET, POST, OPTIONS'), (b'Access-Control-Expose-Headers', b'Content-Length,Content-Type,Date,Server,Connection')])]
[2024-12-16 11:39:53,881]: [_client.py]: _send_single_request: 1740:       INFO:    [HTTP Request: POST https://api.telegram.org/bot6030805959:AAGUHAMxLYc-PrevgKouJ3ZyM7ktu56ftjo/sendDocument "HTTP/1.1 200 OK"]
[2024-12-16 11:39:53,881]: [_trace.py]: atrace: 87:       DEBUG:    [receive_response_body.started request=<Request [b'POST']>]
[2024-12-16 11:39:53,881]: [_trace.py]: atrace: 87:       DEBUG:    [receive_response_body.complete]
[2024-12-16 11:39:53,881]: [_trace.py]: atrace: 87:       DEBUG:    [response_closed.started]
[2024-12-16 11:39:53,881]: [_trace.py]: atrace: 87:       DEBUG:    [response_closed.complete]
[2024-12-16 11:39:53,881]: [_bot.py]: _do_post: 652:       DEBUG:    [Call to Bot API endpoint `sendDocument` finished with return value `{'message_id': 2054, 'from': {'id': 6030805959, 'is_bot': True, 'first_name': 'TyPHoone', 'username': 'TyPHoone_Project_bot'}, 'chat': {'id': -4119703192, 'title': 'Robocop', 'type': 'group', 'all_members_are_administrators': True}, 'date': 1734349193, 'document': {'file_name': '(2024_12_16--11_39)output.zip', 'mime_type': 'application/zip', 'file_id': 'BQACAgQAAxkDAAIIBmdgEYlgn0SJvowlt8tez4f9TtrRAALkEgACrJEAAVO6B9c0hnsIWDYE', 'file_unique_id': 'AgAD5BIAAqyRAAFT', 'file_size': 9880789}}`]
[2024-12-16 11:39:53,882]: [_trace.py]: atrace: 87:       DEBUG:    [close.started]
[2024-12-16 11:39:53,882]: [_trace.py]: atrace: 87:       DEBUG:    [close.complete]
[2024-12-16 11:39:53,882]: [Telegram_Sender.py]: runner: 61:       INFO:    [sent successfully]
[2024-12-16 11:39:53,883]: [Main.py]: <module>: 48:       INFO:    [Finished]
