[2025-10-18 11:39:38,144]: [Main.py]: <module>: 21:       INFO:    [Started]
[2025-10-18 11:39:39,611]: [Iron_Scraper.py]: Scrap: 32:       INFO:    [Data Scaraped Successfully]
[2025-10-18 11:39:39,898]: [Iron_Scraper.py]: Scrap: 70:       INFO:    [Scrapped Data Has No Problem]
[2025-10-18 11:39:39,899]: [Iron_Scraper.py]: Scrap: 83:       INFO:    [Data Saved Successfully]
[2025-10-18 11:39:39,899]: [Iron.py]: Run: 26:       INFO:    [Scraping Phase Completed]
[2025-10-18 11:39:39,899]: [Iron_Data_Processor.py]: Data_Reader: 61:       INFO:    [Data File Has Been Red Successfully]
[2025-10-18 11:39:39,899]: [Iron_Data_Processor.py]: Shaper: 78:       INFO:    [Data Shaped]
[2025-10-18 11:39:39,900]: [Iron_Data_Processor.py]: Process: 228:       INFO:    [Data Cleaned]
[2025-10-18 11:39:39,900]: [Iron_Data_Processor.py]: Make_Pages_Objects: 101:       INFO:    [Page Objects Has Been Made]
[2025-10-18 11:39:39,900]: [Iron_Data_Processor.py]: Make_Pages_Objects: 101:       INFO:    [Page Objects Has Been Made]
[2025-10-18 11:39:39,900]: [Iron_Data_Processor.py]: Load_Data: 118:       INFO:    [Data Has Been Load]
[2025-10-18 11:39:39,900]: [Iron_Data_Processor.py]: Load_Data: 118:       INFO:    [Data Has Been Load]
[2025-10-18 11:39:39,900]: [Iron_Data_Processor.py]: Load_positions: 140:       INFO:    [Positions Are Ready]
[2025-10-18 11:39:39,900]: [Iron_Data_Processor.py]: Load_positions: 140:       INFO:    [Positions Are Ready]
[2025-10-18 11:39:41,049]: [Iron_Data_Processor.py]: Make_Tagged_Images: 193:       INFO:    [Images Has Been Made]
[2025-10-18 11:39:42,028]: [Iron_Data_Processor.py]: Make_Tagged_Images: 193:       INFO:    [Images Has Been Made]
[2025-10-18 11:39:42,291]: [Iron_Data_Processor.py]: Make_Cover_Page: 215:       INFO:    [Made Cover Pages]
[2025-10-18 11:39:42,291]: [Iron.py]: Run: 29:       INFO:    [Imagination Phase Completed]
[2025-10-18 11:39:45,876]: [Phone_Scraper.py]: Scrap: 58:       INFO:    [Data Scraped]
[2025-10-18 11:39:45,876]: [Phone_Scraper.py]: Scrap: 71:       INFO:    [Scraped Data Successfully]
[2025-10-18 11:39:45,876]: [Phone.py]: Run: 26:       INFO:    [Scraping Phase Complete]
[2025-10-18 11:39:45,877]: [Phone_Data_Processor.py]: data_reader: 38:       INFO:    [Scraped Data Loaded]
[2025-10-18 11:39:45,878]: [Phone_Data_Processor.py]: filter_list: 65:       INFO:    [Persian Phrases Are deleted]
[2025-10-18 11:39:45,878]: [Phone_Data_Processor.py]: reshape_list: 87:       INFO:    [Date Reshaped]
[2025-10-18 11:39:45,878]: [Phone_Data_Processor.py]: separate_brands: 124:       INFO:    [Brands Are Separated]
[2025-10-18 11:39:45,879]: [Phone_Data_Processor.py]: delete_extra_spaces: 141:       INFO:    [Extra Spaces Are Deleted]
[2025-10-18 11:39:46,619]: [Phone.py]: Run: 29:       INFO:    [Imagination Phase Complete]
[2025-10-18 11:39:46,619]: [selector_events.py]: __init__: 64:       DEBUG:    [Using selector: EpollSelector]
[2025-10-18 11:39:46,896]: [_bot.py]: _do_post: 643:       DEBUG:    [Calling Bot API endpoint `getMe` with parameters `{}`]
[2025-10-18 11:39:46,901]: [_trace.py]: atrace: 87:       DEBUG:    [connect_tcp.started host='api.telegram.org' port=443 local_address=None timeout=5.0 socket_options=None]
[2025-10-18 11:39:47,038]: [_trace.py]: atrace: 87:       DEBUG:    [connect_tcp.complete return_value=<httpcore._backends.anyio.AnyIOStream object at 0x7f65f8637110>]
[2025-10-18 11:39:47,038]: [_trace.py]: atrace: 87:       DEBUG:    [start_tls.started ssl_context=<ssl.SSLContext object at 0x7f65f7db1e50> server_hostname='api.telegram.org' timeout=5.0]
[2025-10-18 11:39:47,130]: [_trace.py]: atrace: 87:       DEBUG:    [start_tls.complete return_value=<httpcore._backends.anyio.AnyIOStream object at 0x7f65f737cef0>]
[2025-10-18 11:39:47,130]: [_trace.py]: atrace: 87:       DEBUG:    [send_request_headers.started request=<Request [b'POST']>]
[2025-10-18 11:39:47,130]: [_trace.py]: atrace: 87:       DEBUG:    [send_request_headers.complete]
[2025-10-18 11:39:47,130]: [_trace.py]: atrace: 87:       DEBUG:    [send_request_body.started request=<Request [b'POST']>]
[2025-10-18 11:39:47,130]: [_trace.py]: atrace: 87:       DEBUG:    [send_request_body.complete]
[2025-10-18 11:39:47,130]: [_trace.py]: atrace: 87:       DEBUG:    [receive_response_headers.started request=<Request [b'POST']>]
[2025-10-18 11:39:47,221]: [_trace.py]: atrace: 87:       DEBUG:    [receive_response_headers.complete return_value=(b'HTTP/1.1', 200, b'OK', [(b'Server', b'nginx/1.18.0'), (b'Date', b'Sat, 18 Oct 2025 11:39:47 GMT'), (b'Content-Type', b'application/json'), (b'Content-Length', b'258'), (b'Connection', b'keep-alive'), (b'Strict-Transport-Security', b'max-age=31536000; includeSubDomains; preload'), (b'Access-Control-Allow-Origin', b'*'), (b'Access-Control-Allow-Methods', b'GET, POST, OPTIONS'), (b'Access-Control-Expose-Headers', b'Content-Length,Content-Type,Date,Server,Connection')])]
[2025-10-18 11:39:47,222]: [_client.py]: _send_single_request: 1740:       INFO:    [HTTP Request: POST https://api.telegram.org/bot6030805959:AAGUHAMxLYc-PrevgKouJ3ZyM7ktu56ftjo/getMe "HTTP/1.1 200 OK"]
[2025-10-18 11:39:47,222]: [_trace.py]: atrace: 87:       DEBUG:    [receive_response_body.started request=<Request [b'POST']>]
[2025-10-18 11:39:47,222]: [_trace.py]: atrace: 87:       DEBUG:    [receive_response_body.complete]
[2025-10-18 11:39:47,222]: [_trace.py]: atrace: 87:       DEBUG:    [response_closed.started]
[2025-10-18 11:39:47,222]: [_trace.py]: atrace: 87:       DEBUG:    [response_closed.complete]
[2025-10-18 11:39:47,222]: [_bot.py]: _do_post: 652:       DEBUG:    [Call to Bot API endpoint `getMe` finished with return value `{'id': 6030805959, 'is_bot': True, 'first_name': 'TyPHoone', 'username': 'TyPHoone_Project_bot', 'can_join_groups': True, 'can_read_all_group_messages': False, 'supports_inline_queries': False, 'can_connect_to_business': False, 'has_main_web_app': False}`]
[2025-10-18 11:39:47,225]: [_bot.py]: _do_post: 643:       DEBUG:    [Calling Bot API endpoint `sendDocument` with parameters `{'chat_id': '-4119703192', 'document': <telegram._files.inputfile.InputFile object at 0x7f65f73a9600>}`]
[2025-10-18 11:39:47,225]: [_trace.py]: atrace: 87:       DEBUG:    [send_request_headers.started request=<Request [b'POST']>]
[2025-10-18 11:39:47,226]: [_trace.py]: atrace: 87:       DEBUG:    [send_request_headers.complete]
[2025-10-18 11:39:47,226]: [_trace.py]: atrace: 87:       DEBUG:    [send_request_body.started request=<Request [b'POST']>]
[2025-10-18 11:39:47,226]: [_trace.py]: atrace: 87:       DEBUG:    [send_request_body.complete]
[2025-10-18 11:39:47,226]: [_trace.py]: atrace: 87:       DEBUG:    [receive_response_headers.started request=<Request [b'POST']>]
[2025-10-18 11:39:47,450]: [_trace.py]: atrace: 87:       DEBUG:    [receive_response_headers.complete return_value=(b'HTTP/1.1', 200, b'OK', [(b'Server', b'nginx/1.18.0'), (b'Date', b'Sat, 18 Oct 2025 11:39:47 GMT'), (b'Content-Type', b'application/json'), (b'Content-Length', b'585'), (b'Connection', b'keep-alive'), (b'Strict-Transport-Security', b'max-age=31536000; includeSubDomains; preload'), (b'Access-Control-Allow-Origin', b'*'), (b'Access-Control-Allow-Methods', b'GET, POST, OPTIONS'), (b'Access-Control-Expose-Headers', b'Content-Length,Content-Type,Date,Server,Connection')])]
[2025-10-18 11:39:47,451]: [_client.py]: _send_single_request: 1740:       INFO:    [HTTP Request: POST https://api.telegram.org/bot6030805959:AAGUHAMxLYc-PrevgKouJ3ZyM7ktu56ftjo/sendDocument "HTTP/1.1 200 OK"]
[2025-10-18 11:39:47,451]: [_trace.py]: atrace: 87:       DEBUG:    [receive_response_body.started request=<Request [b'POST']>]
[2025-10-18 11:39:47,451]: [_trace.py]: atrace: 87:       DEBUG:    [receive_response_body.complete]
[2025-10-18 11:39:47,451]: [_trace.py]: atrace: 87:       DEBUG:    [response_closed.started]
[2025-10-18 11:39:47,451]: [_trace.py]: atrace: 87:       DEBUG:    [response_closed.complete]
[2025-10-18 11:39:47,451]: [_bot.py]: _do_post: 652:       DEBUG:    [Call to Bot API endpoint `sendDocument` finished with return value `{'message_id': 2671, 'from': {'id': 6030805959, 'is_bot': True, 'first_name': 'TyPHoone', 'username': 'TyPHoone_Project_bot'}, 'chat': {'id': -4119703192, 'title': 'Robocop', 'type': 'group', 'all_members_are_administrators': True, 'accepted_gift_types': {'unlimited_gifts': False, 'limited_gifts': False, 'unique_gifts': False, 'premium_subscription': False}}, 'date': 1760787587, 'document': {'file_name': '(2025_10_18--11_39).log', 'mime_type': 'text/plain', 'file_id': 'BQACAgQAAxkDAAIKb2jzfIOsxXHWWcWmZbrDqL_yH0tGAAKpGQACxXmgU-OKAAFQev28rTYE', 'file_unique_id': 'AgADqRkAAsV5oFM', 'file_size': 5937}}`]
[2025-10-18 11:39:47,452]: [_trace.py]: atrace: 87:       DEBUG:    [close.started]
[2025-10-18 11:39:47,452]: [_trace.py]: atrace: 87:       DEBUG:    [close.complete]
[2025-10-18 11:39:47,495]: [_bot.py]: _do_post: 643:       DEBUG:    [Calling Bot API endpoint `getMe` with parameters `{}`]
[2025-10-18 11:39:47,496]: [_trace.py]: atrace: 87:       DEBUG:    [connect_tcp.started host='api.telegram.org' port=443 local_address=None timeout=5.0 socket_options=None]
[2025-10-18 11:39:47,586]: [_trace.py]: atrace: 87:       DEBUG:    [connect_tcp.complete return_value=<httpcore._backends.anyio.AnyIOStream object at 0x7f65f73dfda0>]
[2025-10-18 11:39:47,586]: [_trace.py]: atrace: 87:       DEBUG:    [start_tls.started ssl_context=<ssl.SSLContext object at 0x7f65f7db1d50> server_hostname='api.telegram.org' timeout=5.0]
[2025-10-18 11:39:47,676]: [_trace.py]: atrace: 87:       DEBUG:    [start_tls.complete return_value=<httpcore._backends.anyio.AnyIOStream object at 0x7f65f78f27b0>]
[2025-10-18 11:39:47,676]: [_trace.py]: atrace: 87:       DEBUG:    [send_request_headers.started request=<Request [b'POST']>]
[2025-10-18 11:39:47,676]: [_trace.py]: atrace: 87:       DEBUG:    [send_request_headers.complete]
[2025-10-18 11:39:47,676]: [_trace.py]: atrace: 87:       DEBUG:    [send_request_body.started request=<Request [b'POST']>]
[2025-10-18 11:39:47,677]: [_trace.py]: atrace: 87:       DEBUG:    [send_request_body.complete]
[2025-10-18 11:39:47,677]: [_trace.py]: atrace: 87:       DEBUG:    [receive_response_headers.started request=<Request [b'POST']>]
[2025-10-18 11:39:47,766]: [_trace.py]: atrace: 87:       DEBUG:    [receive_response_headers.complete return_value=(b'HTTP/1.1', 200, b'OK', [(b'Server', b'nginx/1.18.0'), (b'Date', b'Sat, 18 Oct 2025 11:39:47 GMT'), (b'Content-Type', b'application/json'), (b'Content-Length', b'258'), (b'Connection', b'keep-alive'), (b'Strict-Transport-Security', b'max-age=31536000; includeSubDomains; preload'), (b'Access-Control-Allow-Origin', b'*'), (b'Access-Control-Allow-Methods', b'GET, POST, OPTIONS'), (b'Access-Control-Expose-Headers', b'Content-Length,Content-Type,Date,Server,Connection')])]
[2025-10-18 11:39:47,766]: [_client.py]: _send_single_request: 1740:       INFO:    [HTTP Request: POST https://api.telegram.org/bot6030805959:AAGUHAMxLYc-PrevgKouJ3ZyM7ktu56ftjo/getMe "HTTP/1.1 200 OK"]
[2025-10-18 11:39:47,766]: [_trace.py]: atrace: 87:       DEBUG:    [receive_response_body.started request=<Request [b'POST']>]
[2025-10-18 11:39:47,766]: [_trace.py]: atrace: 87:       DEBUG:    [receive_response_body.complete]
[2025-10-18 11:39:47,766]: [_trace.py]: atrace: 87:       DEBUG:    [response_closed.started]
[2025-10-18 11:39:47,766]: [_trace.py]: atrace: 87:       DEBUG:    [response_closed.complete]
[2025-10-18 11:39:47,766]: [_bot.py]: _do_post: 652:       DEBUG:    [Call to Bot API endpoint `getMe` finished with return value `{'id': 6030805959, 'is_bot': True, 'first_name': 'TyPHoone', 'username': 'TyPHoone_Project_bot', 'can_join_groups': True, 'can_read_all_group_messages': False, 'supports_inline_queries': False, 'can_connect_to_business': False, 'has_main_web_app': False}`]
[2025-10-18 11:39:47,768]: [_bot.py]: _do_post: 643:       DEBUG:    [Calling Bot API endpoint `sendDocument` with parameters `{'chat_id': '-4119703192', 'document': <telegram._files.inputfile.InputFile object at 0x7f65f7de8cc0>}`]
[2025-10-18 11:39:47,769]: [_trace.py]: atrace: 87:       DEBUG:    [send_request_headers.started request=<Request [b'POST']>]
[2025-10-18 11:39:47,769]: [_trace.py]: atrace: 87:       DEBUG:    [send_request_headers.complete]
[2025-10-18 11:39:47,769]: [_trace.py]: atrace: 87:       DEBUG:    [send_request_body.started request=<Request [b'POST']>]
[2025-10-18 11:39:48,582]: [_trace.py]: atrace: 87:       DEBUG:    [send_request_body.complete]
[2025-10-18 11:39:48,582]: [_trace.py]: atrace: 87:       DEBUG:    [receive_response_headers.started request=<Request [b'POST']>]
[2025-10-18 11:39:49,218]: [_trace.py]: atrace: 87:       DEBUG:    [receive_response_headers.complete return_value=(b'HTTP/1.1', 200, b'OK', [(b'Server', b'nginx/1.18.0'), (b'Date', b'Sat, 18 Oct 2025 11:39:49 GMT'), (b'Content-Type', b'application/json'), (b'Content-Length', b'599'), (b'Connection', b'keep-alive'), (b'Strict-Transport-Security', b'max-age=31536000; includeSubDomains; preload'), (b'Access-Control-Allow-Origin', b'*'), (b'Access-Control-Allow-Methods', b'GET, POST, OPTIONS'), (b'Access-Control-Expose-Headers', b'Content-Length,Content-Type,Date,Server,Connection')])]
[2025-10-18 11:39:49,218]: [_client.py]: _send_single_request: 1740:       INFO:    [HTTP Request: POST https://api.telegram.org/bot6030805959:AAGUHAMxLYc-PrevgKouJ3ZyM7ktu56ftjo/sendDocument "HTTP/1.1 200 OK"]
[2025-10-18 11:39:49,218]: [_trace.py]: atrace: 87:       DEBUG:    [receive_response_body.started request=<Request [b'POST']>]
[2025-10-18 11:39:49,218]: [_trace.py]: atrace: 87:       DEBUG:    [receive_response_body.complete]
[2025-10-18 11:39:49,218]: [_trace.py]: atrace: 87:       DEBUG:    [response_closed.started]
[2025-10-18 11:39:49,218]: [_trace.py]: atrace: 87:       DEBUG:    [response_closed.complete]
[2025-10-18 11:39:49,219]: [_bot.py]: _do_post: 652:       DEBUG:    [Call to Bot API endpoint `sendDocument` finished with return value `{'message_id': 2672, 'from': {'id': 6030805959, 'is_bot': True, 'first_name': 'TyPHoone', 'username': 'TyPHoone_Project_bot'}, 'chat': {'id': -4119703192, 'title': 'Robocop', 'type': 'group', 'all_members_are_administrators': True, 'accepted_gift_types': {'unlimited_gifts': False, 'limited_gifts': False, 'unique_gifts': False, 'premium_subscription': False}}, 'date': 1760787589, 'document': {'file_name': '(2025_10_18--11_39)output.zip', 'mime_type': 'application/zip', 'file_id': 'BQACAgQAAxkDAAIKcGjzfISfn2T7RY9qkoGiOng8BTUoAAKqGQACxXmgU-zIyNwWeorlNgQ', 'file_unique_id': 'AgADqhkAAsV5oFM', 'file_size': 10115484}}`]
[2025-10-18 11:39:49,219]: [_trace.py]: atrace: 87:       DEBUG:    [close.started]
[2025-10-18 11:39:49,219]: [_trace.py]: atrace: 87:       DEBUG:    [close.complete]
[2025-10-18 11:39:49,219]: [Telegram_Sender.py]: runner: 61:       INFO:    [sent successfully]
[2025-10-18 11:39:49,220]: [Main.py]: <module>: 48:       INFO:    [Finished]
