[2024-05-02 00:36:23,508]: [Main.py]: <module>: 21:       INFO:    [Started]
[2024-05-02 00:36:25,463]: [Iron_Scraper.py]: Scrap: 32:       INFO:    [Data Scaraped Successfully]
[2024-05-02 00:36:25,661]: [Iron_Scraper.py]: Scrap: 70:       INFO:    [Scrapped Data Has No Problem]
[2024-05-02 00:36:25,662]: [Iron_Scraper.py]: Scrap: 83:       INFO:    [Data Saved Successfully]
[2024-05-02 00:36:25,662]: [Iron.py]: Run: 26:       INFO:    [Scraping Phase Completed]
[2024-05-02 00:36:25,662]: [Iron_Data_Processor.py]: Data_Reader: 61:       INFO:    [Data File Has Been Red Successfully]
[2024-05-02 00:36:25,662]: [Iron_Data_Processor.py]: Shaper: 78:       INFO:    [Data Shaped]
[2024-05-02 00:36:25,663]: [Iron_Data_Processor.py]: Process: 226:       INFO:    [Data Cleaned]
[2024-05-02 00:36:25,663]: [Iron_Data_Processor.py]: Make_Pages_Objects: 101:       INFO:    [Page Objects Has Been Made]
[2024-05-02 00:36:25,663]: [Iron_Data_Processor.py]: Make_Pages_Objects: 101:       INFO:    [Page Objects Has Been Made]
[2024-05-02 00:36:25,663]: [Iron_Data_Processor.py]: Load_Data: 118:       INFO:    [Data Has Been Load]
[2024-05-02 00:36:25,663]: [Iron_Data_Processor.py]: Load_Data: 118:       INFO:    [Data Has Been Load]
[2024-05-02 00:36:25,663]: [Iron_Data_Processor.py]: Load_positions: 140:       INFO:    [Positions Are Ready]
[2024-05-02 00:36:25,663]: [Iron_Data_Processor.py]: Load_positions: 140:       INFO:    [Positions Are Ready]
[2024-05-02 00:36:26,800]: [Iron_Data_Processor.py]: Make_Tagged_Images: 193:       INFO:    [Images Has Been Made]
[2024-05-02 00:36:27,761]: [Iron_Data_Processor.py]: Make_Tagged_Images: 193:       INFO:    [Images Has Been Made]
[2024-05-02 00:36:28,185]: [Iron_Data_Processor.py]: Make_Cover_Page: 213:       INFO:    [Made Cover Pages]
[2024-05-02 00:36:28,186]: [Iron.py]: Run: 29:       INFO:    [Imagination Phase Completed]
[2024-05-02 00:36:31,826]: [Phone_Scraper.py]: Scrap: 58:       INFO:    [Data Scraped]
[2024-05-02 00:36:31,827]: [Phone_Scraper.py]: Scrap: 71:       INFO:    [Scraped Data Successfully]
[2024-05-02 00:36:31,827]: [Phone.py]: Run: 26:       INFO:    [Scraping Phase Complete]
[2024-05-02 00:36:31,827]: [Phone_Data_Processor.py]: data_reader: 37:       INFO:    [Scraped Data Loaded]
[2024-05-02 00:36:31,829]: [Phone_Data_Processor.py]: filter_list: 64:       INFO:    [Persian Phrases Are deleted]
[2024-05-02 00:36:31,830]: [Phone_Data_Processor.py]: reshape_list: 86:       INFO:    [Date Reshaped]
[2024-05-02 00:36:31,830]: [Phone_Data_Processor.py]: separate_brands: 123:       INFO:    [Brands Are Separated]
[2024-05-02 00:36:31,830]: [Phone_Data_Processor.py]: delete_extra_spaces: 140:       INFO:    [Extra Spaces Are Deleted]
[2024-05-02 00:36:32,844]: [Phone.py]: Run: 29:       INFO:    [Imagination Phase Complete]
[2024-05-02 00:36:32,844]: [selector_events.py]: __init__: 64:       DEBUG:    [Using selector: EpollSelector]
[2024-05-02 00:36:32,845]: [_bot.py]: _do_post: 643:       DEBUG:    [Calling Bot API endpoint `getMe` with parameters `{}`]
[2024-05-02 00:36:32,849]: [_trace.py]: atrace: 85:       DEBUG:    [connect_tcp.started host='api.telegram.org' port=443 local_address=None timeout=5.0 socket_options=None]
[2024-05-02 00:36:33,097]: [_trace.py]: atrace: 85:       DEBUG:    [connect_tcp.complete return_value=<httpcore._backends.anyio.AnyIOStream object at 0x7f97a56b3920>]
[2024-05-02 00:36:33,097]: [_trace.py]: atrace: 85:       DEBUG:    [start_tls.started ssl_context=<ssl.SSLContext object at 0x7f97a5b35d50> server_hostname='api.telegram.org' timeout=5.0]
[2024-05-02 00:36:33,200]: [_trace.py]: atrace: 85:       DEBUG:    [start_tls.complete return_value=<httpcore._backends.anyio.AnyIOStream object at 0x7f97a56b38c0>]
[2024-05-02 00:36:33,200]: [_trace.py]: atrace: 85:       DEBUG:    [send_request_headers.started request=<Request [b'POST']>]
[2024-05-02 00:36:33,200]: [_trace.py]: atrace: 85:       DEBUG:    [send_request_headers.complete]
[2024-05-02 00:36:33,200]: [_trace.py]: atrace: 85:       DEBUG:    [send_request_body.started request=<Request [b'POST']>]
[2024-05-02 00:36:33,200]: [_trace.py]: atrace: 85:       DEBUG:    [send_request_body.complete]
[2024-05-02 00:36:33,201]: [_trace.py]: atrace: 85:       DEBUG:    [receive_response_headers.started request=<Request [b'POST']>]
[2024-05-02 00:36:33,301]: [_trace.py]: atrace: 85:       DEBUG:    [receive_response_headers.complete return_value=(b'HTTP/1.1', 200, b'OK', [(b'Server', b'nginx/1.18.0'), (b'Date', b'Thu, 02 May 2024 00:36:33 GMT'), (b'Content-Type', b'application/json'), (b'Content-Length', b'233'), (b'Connection', b'keep-alive'), (b'Strict-Transport-Security', b'max-age=31536000; includeSubDomains; preload'), (b'Access-Control-Allow-Origin', b'*'), (b'Access-Control-Allow-Methods', b'GET, POST, OPTIONS'), (b'Access-Control-Expose-Headers', b'Content-Length,Content-Type,Date,Server,Connection')])]
[2024-05-02 00:36:33,302]: [_client.py]: _send_single_request: 1773:       INFO:    [HTTP Request: POST https://api.telegram.org/bot6030805959:AAGUHAMxLYc-PrevgKouJ3ZyM7ktu56ftjo/getMe "HTTP/1.1 200 OK"]
[2024-05-02 00:36:33,302]: [_trace.py]: atrace: 85:       DEBUG:    [receive_response_body.started request=<Request [b'POST']>]
[2024-05-02 00:36:33,302]: [_trace.py]: atrace: 85:       DEBUG:    [receive_response_body.complete]
[2024-05-02 00:36:33,302]: [_trace.py]: atrace: 85:       DEBUG:    [response_closed.started]
[2024-05-02 00:36:33,302]: [_trace.py]: atrace: 85:       DEBUG:    [response_closed.complete]
[2024-05-02 00:36:33,302]: [_bot.py]: _do_post: 652:       DEBUG:    [Call to Bot API endpoint `getMe` finished with return value `{'id': 6030805959, 'is_bot': True, 'first_name': 'TyPHoone', 'username': 'TyPHoone_Project_bot', 'can_join_groups': True, 'can_read_all_group_messages': False, 'supports_inline_queries': False, 'can_connect_to_business': False}`]
[2024-05-02 00:36:33,306]: [_bot.py]: _do_post: 643:       DEBUG:    [Calling Bot API endpoint `sendDocument` with parameters `{'chat_id': '-4119703192', 'document': <telegram._files.inputfile.InputFile object at 0x7f97a50a7100>}`]
[2024-05-02 00:36:33,306]: [_trace.py]: atrace: 85:       DEBUG:    [send_request_headers.started request=<Request [b'POST']>]
[2024-05-02 00:36:33,306]: [_trace.py]: atrace: 85:       DEBUG:    [send_request_headers.complete]
[2024-05-02 00:36:33,306]: [_trace.py]: atrace: 85:       DEBUG:    [send_request_body.started request=<Request [b'POST']>]
[2024-05-02 00:36:33,608]: [_trace.py]: atrace: 85:       DEBUG:    [send_request_body.complete]
[2024-05-02 00:36:33,608]: [_trace.py]: atrace: 85:       DEBUG:    [receive_response_headers.started request=<Request [b'POST']>]
[2024-05-02 00:36:33,992]: [_trace.py]: atrace: 85:       DEBUG:    [receive_response_headers.complete return_value=(b'HTTP/1.1', 200, b'OK', [(b'Server', b'nginx/1.18.0'), (b'Date', b'Thu, 02 May 2024 00:36:33 GMT'), (b'Content-Type', b'application/json'), (b'Content-Length', b'819'), (b'Connection', b'keep-alive'), (b'Strict-Transport-Security', b'max-age=31536000; includeSubDomains; preload'), (b'Access-Control-Allow-Origin', b'*'), (b'Access-Control-Allow-Methods', b'GET, POST, OPTIONS'), (b'Access-Control-Expose-Headers', b'Content-Length,Content-Type,Date,Server,Connection')])]
[2024-05-02 00:36:33,993]: [_client.py]: _send_single_request: 1773:       INFO:    [HTTP Request: POST https://api.telegram.org/bot6030805959:AAGUHAMxLYc-PrevgKouJ3ZyM7ktu56ftjo/sendDocument "HTTP/1.1 200 OK"]
[2024-05-02 00:36:33,993]: [_trace.py]: atrace: 85:       DEBUG:    [receive_response_body.started request=<Request [b'POST']>]
[2024-05-02 00:36:33,993]: [_trace.py]: atrace: 85:       DEBUG:    [receive_response_body.complete]
[2024-05-02 00:36:33,993]: [_trace.py]: atrace: 85:       DEBUG:    [response_closed.started]
[2024-05-02 00:36:33,993]: [_trace.py]: atrace: 85:       DEBUG:    [response_closed.complete]
[2024-05-02 00:36:33,993]: [_bot.py]: _do_post: 652:       DEBUG:    [Call to Bot API endpoint `sendDocument` finished with return value `{'message_id': 605, 'from': {'id': 6030805959, 'is_bot': True, 'first_name': 'TyPHoone', 'username': 'TyPHoone_Project_bot'}, 'chat': {'id': -4119703192, 'title': 'Robocop', 'type': 'group', 'all_members_are_administrators': True}, 'date': 1714610193, 'document': {'file_name': '1-Tir_Ahan.png', 'mime_type': 'image/png', 'thumbnail': {'file_id': 'AAMCBAADGQMAAgJdZjLgEeJia3uV_51zLgV0Fq6XGVgAAocWAAKOWZhRGd7MtVuAnF4BAAdtAAM0BA', 'file_unique_id': 'AQADhxYAAo5ZmFFy', 'file_size': 38506, 'width': 320, 'height': 320}, 'thumb': {'file_id': 'AAMCBAADGQMAAgJdZjLgEeJia3uV_51zLgV0Fq6XGVgAAocWAAKOWZhRGd7MtVuAnF4BAAdtAAM0BA', 'file_unique_id': 'AQADhxYAAo5ZmFFy', 'file_size': 38506, 'width': 320, 'height': 320}, 'file_id': 'BQACAgQAAxkDAAICXWYy4BHiYmt7lf-dcy4FdBaulxlYAAKHFgACjlmYURnezLVbgJxeNAQ', 'file_unique_id': 'AgADhxYAAo5ZmFE', 'file_size': 459629}}`]
[2024-05-02 00:36:33,994]: [_bot.py]: _do_post: 643:       DEBUG:    [Calling Bot API endpoint `sendDocument` with parameters `{'chat_id': '-4119703192', 'document': <telegram._files.inputfile.InputFile object at 0x7f97a5069d40>}`]
[2024-05-02 00:36:33,994]: [_trace.py]: atrace: 85:       DEBUG:    [send_request_headers.started request=<Request [b'POST']>]
[2024-05-02 00:36:33,995]: [_trace.py]: atrace: 85:       DEBUG:    [send_request_headers.complete]
[2024-05-02 00:36:33,995]: [_trace.py]: atrace: 85:       DEBUG:    [send_request_body.started request=<Request [b'POST']>]
[2024-05-02 00:36:33,996]: [_trace.py]: atrace: 85:       DEBUG:    [send_request_body.complete]
[2024-05-02 00:36:33,996]: [_trace.py]: atrace: 85:       DEBUG:    [receive_response_headers.started request=<Request [b'POST']>]
[2024-05-02 00:36:34,180]: [_trace.py]: atrace: 85:       DEBUG:    [receive_response_headers.complete return_value=(b'HTTP/1.1', 200, b'OK', [(b'Server', b'nginx/1.18.0'), (b'Date', b'Thu, 02 May 2024 00:36:34 GMT'), (b'Content-Type', b'application/json'), (b'Content-Length', b'826'), (b'Connection', b'keep-alive'), (b'Strict-Transport-Security', b'max-age=31536000; includeSubDomains; preload'), (b'Access-Control-Allow-Origin', b'*'), (b'Access-Control-Allow-Methods', b'GET, POST, OPTIONS'), (b'Access-Control-Expose-Headers', b'Content-Length,Content-Type,Date,Server,Connection')])]
[2024-05-02 00:36:34,181]: [_client.py]: _send_single_request: 1773:       INFO:    [HTTP Request: POST https://api.telegram.org/bot6030805959:AAGUHAMxLYc-PrevgKouJ3ZyM7ktu56ftjo/sendDocument "HTTP/1.1 200 OK"]
[2024-05-02 00:36:34,181]: [_trace.py]: atrace: 85:       DEBUG:    [receive_response_body.started request=<Request [b'POST']>]
[2024-05-02 00:36:34,181]: [_trace.py]: atrace: 85:       DEBUG:    [receive_response_body.complete]
[2024-05-02 00:36:34,181]: [_trace.py]: atrace: 85:       DEBUG:    [response_closed.started]
[2024-05-02 00:36:34,181]: [_trace.py]: atrace: 85:       DEBUG:    [response_closed.complete]
[2024-05-02 00:36:34,181]: [_bot.py]: _do_post: 652:       DEBUG:    [Call to Bot API endpoint `sendDocument` finished with return value `{'message_id': 606, 'from': {'id': 6030805959, 'is_bot': True, 'first_name': 'TyPHoone', 'username': 'TyPHoone_Project_bot'}, 'chat': {'id': -4119703192, 'title': 'Robocop', 'type': 'group', 'all_members_are_administrators': True}, 'date': 1714610194, 'document': {'file_name': '9-Waraq_Galwanize.png', 'mime_type': 'image/png', 'thumbnail': {'file_id': 'AAMCBAADGQMAAgJeZjLgEgKQ8foDSLBi52u92A6hhM8AAogWAAKOWZhRPJEhhrzK5VUBAAdtAAM0BA', 'file_unique_id': 'AQADiBYAAo5ZmFFy', 'file_size': 38440, 'width': 320, 'height': 320}, 'thumb': {'file_id': 'AAMCBAADGQMAAgJeZjLgEgKQ8foDSLBi52u92A6hhM8AAogWAAKOWZhRPJEhhrzK5VUBAAdtAAM0BA', 'file_unique_id': 'AQADiBYAAo5ZmFFy', 'file_size': 38440, 'width': 320, 'height': 320}, 'file_id': 'BQACAgQAAxkDAAICXmYy4BICkPH6A0iwYudrvdgOoYTPAAKIFgACjlmYUTyRIYa8yuVVNAQ', 'file_unique_id': 'AgADiBYAAo5ZmFE', 'file_size': 428872}}`]
[2024-05-02 00:36:34,182]: [_bot.py]: _do_post: 643:       DEBUG:    [Calling Bot API endpoint `sendDocument` with parameters `{'chat_id': '-4119703192', 'document': <telegram._files.inputfile.InputFile object at 0x7f97a5938d80>}`]
[2024-05-02 00:36:34,182]: [_trace.py]: atrace: 85:       DEBUG:    [send_request_headers.started request=<Request [b'POST']>]
[2024-05-02 00:36:34,183]: [_trace.py]: atrace: 85:       DEBUG:    [send_request_headers.complete]
[2024-05-02 00:36:34,183]: [_trace.py]: atrace: 85:       DEBUG:    [send_request_body.started request=<Request [b'POST']>]
[2024-05-02 00:36:34,184]: [_trace.py]: atrace: 85:       DEBUG:    [send_request_body.complete]
[2024-05-02 00:36:34,184]: [_trace.py]: atrace: 85:       DEBUG:    [receive_response_headers.started request=<Request [b'POST']>]
[2024-05-02 00:36:34,413]: [_trace.py]: atrace: 85:       DEBUG:    [receive_response_headers.complete return_value=(b'HTTP/1.1', 200, b'OK', [(b'Server', b'nginx/1.18.0'), (b'Date', b'Thu, 02 May 2024 00:36:34 GMT'), (b'Content-Type', b'application/json'), (b'Content-Length', b'818'), (b'Connection', b'keep-alive'), (b'Strict-Transport-Security', b'max-age=31536000; includeSubDomains; preload'), (b'Access-Control-Allow-Origin', b'*'), (b'Access-Control-Allow-Methods', b'GET, POST, OPTIONS'), (b'Access-Control-Expose-Headers', b'Content-Length,Content-Type,Date,Server,Connection')])]
[2024-05-02 00:36:34,414]: [_client.py]: _send_single_request: 1773:       INFO:    [HTTP Request: POST https://api.telegram.org/bot6030805959:AAGUHAMxLYc-PrevgKouJ3ZyM7ktu56ftjo/sendDocument "HTTP/1.1 200 OK"]
[2024-05-02 00:36:34,414]: [_trace.py]: atrace: 85:       DEBUG:    [receive_response_body.started request=<Request [b'POST']>]
[2024-05-02 00:36:34,414]: [_trace.py]: atrace: 85:       DEBUG:    [receive_response_body.complete]
[2024-05-02 00:36:34,414]: [_trace.py]: atrace: 85:       DEBUG:    [response_closed.started]
[2024-05-02 00:36:34,414]: [_trace.py]: atrace: 85:       DEBUG:    [response_closed.complete]
[2024-05-02 00:36:34,414]: [_bot.py]: _do_post: 652:       DEBUG:    [Call to Bot API endpoint `sendDocument` finished with return value `{'message_id': 607, 'from': {'id': 6030805959, 'is_bot': True, 'first_name': 'TyPHoone', 'username': 'TyPHoone_Project_bot'}, 'chat': {'id': -4119703192, 'title': 'Robocop', 'type': 'group', 'all_members_are_administrators': True}, 'date': 1714610194, 'document': {'file_name': '2-Milgerd.png', 'mime_type': 'image/png', 'thumbnail': {'file_id': 'AAMCBAADGQMAAgJfZjLgEkTMOqECxSBbTPx9LNCDH6gAAokWAAKOWZhRjER5ZNeBxVIBAAdtAAM0BA', 'file_unique_id': 'AQADiRYAAo5ZmFFy', 'file_size': 42486, 'width': 320, 'height': 320}, 'thumb': {'file_id': 'AAMCBAADGQMAAgJfZjLgEkTMOqECxSBbTPx9LNCDH6gAAokWAAKOWZhRjER5ZNeBxVIBAAdtAAM0BA', 'file_unique_id': 'AQADiRYAAo5ZmFFy', 'file_size': 42486, 'width': 320, 'height': 320}, 'file_id': 'BQACAgQAAxkDAAICX2Yy4BJEzDqhAsUgW0z8fSzQgx-oAAKJFgACjlmYUYxEeWTXgcVSNAQ', 'file_unique_id': 'AgADiRYAAo5ZmFE', 'file_size': 418074}}`]
[2024-05-02 00:36:34,415]: [_bot.py]: _do_post: 643:       DEBUG:    [Calling Bot API endpoint `sendDocument` with parameters `{'chat_id': '-4119703192', 'document': <telegram._files.inputfile.InputFile object at 0x7f97a5069d40>}`]
[2024-05-02 00:36:34,415]: [_trace.py]: atrace: 85:       DEBUG:    [send_request_headers.started request=<Request [b'POST']>]
[2024-05-02 00:36:34,415]: [_trace.py]: atrace: 85:       DEBUG:    [send_request_headers.complete]
[2024-05-02 00:36:34,415]: [_trace.py]: atrace: 85:       DEBUG:    [send_request_body.started request=<Request [b'POST']>]
[2024-05-02 00:36:34,416]: [_trace.py]: atrace: 85:       DEBUG:    [send_request_body.complete]
[2024-05-02 00:36:34,416]: [_trace.py]: atrace: 85:       DEBUG:    [receive_response_headers.started request=<Request [b'POST']>]
[2024-05-02 00:36:34,607]: [_trace.py]: atrace: 85:       DEBUG:    [receive_response_headers.complete return_value=(b'HTTP/1.1', 200, b'OK', [(b'Server', b'nginx/1.18.0'), (b'Date', b'Thu, 02 May 2024 00:36:34 GMT'), (b'Content-Type', b'application/json'), (b'Content-Length', b'817'), (b'Connection', b'keep-alive'), (b'Strict-Transport-Security', b'max-age=31536000; includeSubDomains; preload'), (b'Access-Control-Allow-Origin', b'*'), (b'Access-Control-Allow-Methods', b'GET, POST, OPTIONS'), (b'Access-Control-Expose-Headers', b'Content-Length,Content-Type,Date,Server,Connection')])]
[2024-05-02 00:36:34,608]: [_client.py]: _send_single_request: 1773:       INFO:    [HTTP Request: POST https://api.telegram.org/bot6030805959:AAGUHAMxLYc-PrevgKouJ3ZyM7ktu56ftjo/sendDocument "HTTP/1.1 200 OK"]
[2024-05-02 00:36:34,608]: [_trace.py]: atrace: 85:       DEBUG:    [receive_response_body.started request=<Request [b'POST']>]
[2024-05-02 00:36:34,608]: [_trace.py]: atrace: 85:       DEBUG:    [receive_response_body.complete]
[2024-05-02 00:36:34,608]: [_trace.py]: atrace: 85:       DEBUG:    [response_closed.started]
[2024-05-02 00:36:34,608]: [_trace.py]: atrace: 85:       DEBUG:    [response_closed.complete]
[2024-05-02 00:36:34,608]: [_bot.py]: _do_post: 652:       DEBUG:    [Call to Bot API endpoint `sendDocument` finished with return value `{'message_id': 608, 'from': {'id': 6030805959, 'is_bot': True, 'first_name': 'TyPHoone', 'username': 'TyPHoone_Project_bot'}, 'chat': {'id': -4119703192, 'title': 'Robocop', 'type': 'group', 'all_members_are_administrators': True}, 'date': 1714610194, 'document': {'file_name': '5-Nabshi.png', 'mime_type': 'image/png', 'thumbnail': {'file_id': 'AAMCBAADGQMAAgJgZjLgErj8jKptSJEx8SCXFK7ax8EAAooWAAKOWZhRH84Co-1MAy4BAAdtAAM0BA', 'file_unique_id': 'AQADihYAAo5ZmFFy', 'file_size': 32054, 'width': 320, 'height': 320}, 'thumb': {'file_id': 'AAMCBAADGQMAAgJgZjLgErj8jKptSJEx8SCXFK7ax8EAAooWAAKOWZhRH84Co-1MAy4BAAdtAAM0BA', 'file_unique_id': 'AQADihYAAo5ZmFFy', 'file_size': 32054, 'width': 320, 'height': 320}, 'file_id': 'BQACAgQAAxkDAAICYGYy4BK4_IyqbUiRMfEglxSu2sfBAAKKFgACjlmYUR_OAqPtTAMuNAQ', 'file_unique_id': 'AgADihYAAo5ZmFE', 'file_size': 449777}}`]
[2024-05-02 00:36:34,609]: [_bot.py]: _do_post: 643:       DEBUG:    [Calling Bot API endpoint `sendDocument` with parameters `{'chat_id': '-4119703192', 'document': <telegram._files.inputfile.InputFile object at 0x7f97a5938d80>}`]
[2024-05-02 00:36:34,609]: [_trace.py]: atrace: 85:       DEBUG:    [send_request_headers.started request=<Request [b'POST']>]
[2024-05-02 00:36:34,610]: [_trace.py]: atrace: 85:       DEBUG:    [send_request_headers.complete]
[2024-05-02 00:36:34,610]: [_trace.py]: atrace: 85:       DEBUG:    [send_request_body.started request=<Request [b'POST']>]
[2024-05-02 00:36:34,610]: [_trace.py]: atrace: 85:       DEBUG:    [send_request_body.complete]
[2024-05-02 00:36:34,610]: [_trace.py]: atrace: 85:       DEBUG:    [receive_response_headers.started request=<Request [b'POST']>]
[2024-05-02 00:36:34,829]: [_trace.py]: atrace: 85:       DEBUG:    [receive_response_headers.complete return_value=(b'HTTP/1.1', 200, b'OK', [(b'Server', b'nginx/1.18.0'), (b'Date', b'Thu, 02 May 2024 00:36:34 GMT'), (b'Content-Type', b'application/json'), (b'Content-Length', b'821'), (b'Connection', b'keep-alive'), (b'Strict-Transport-Security', b'max-age=31536000; includeSubDomains; preload'), (b'Access-Control-Allow-Origin', b'*'), (b'Access-Control-Allow-Methods', b'GET, POST, OPTIONS'), (b'Access-Control-Expose-Headers', b'Content-Length,Content-Type,Date,Server,Connection')])]
[2024-05-02 00:36:34,829]: [_client.py]: _send_single_request: 1773:       INFO:    [HTTP Request: POST https://api.telegram.org/bot6030805959:AAGUHAMxLYc-PrevgKouJ3ZyM7ktu56ftjo/sendDocument "HTTP/1.1 200 OK"]
[2024-05-02 00:36:34,829]: [_trace.py]: atrace: 85:       DEBUG:    [receive_response_body.started request=<Request [b'POST']>]
[2024-05-02 00:36:34,829]: [_trace.py]: atrace: 85:       DEBUG:    [receive_response_body.complete]
[2024-05-02 00:36:34,829]: [_trace.py]: atrace: 85:       DEBUG:    [response_closed.started]
[2024-05-02 00:36:34,829]: [_trace.py]: atrace: 85:       DEBUG:    [response_closed.complete]
[2024-05-02 00:36:34,830]: [_bot.py]: _do_post: 652:       DEBUG:    [Call to Bot API endpoint `sendDocument` finished with return value `{'message_id': 609, 'from': {'id': 6030805959, 'is_bot': True, 'first_name': 'TyPHoone', 'username': 'TyPHoone_Project_bot'}, 'chat': {'id': -4119703192, 'title': 'Robocop', 'type': 'group', 'all_members_are_administrators': True}, 'date': 1714610194, 'document': {'file_name': '6-Waraq_Siah.png', 'mime_type': 'image/png', 'thumbnail': {'file_id': 'AAMCBAADGQMAAgJhZjLgEtvRIfbXkuZ9fE2dWEOGE4IAAosWAAKOWZhRi3DD4kSa-qABAAdtAAM0BA', 'file_unique_id': 'AQADixYAAo5ZmFFy', 'file_size': 43089, 'width': 320, 'height': 320}, 'thumb': {'file_id': 'AAMCBAADGQMAAgJhZjLgEtvRIfbXkuZ9fE2dWEOGE4IAAosWAAKOWZhRi3DD4kSa-qABAAdtAAM0BA', 'file_unique_id': 'AQADixYAAo5ZmFFy', 'file_size': 43089, 'width': 320, 'height': 320}, 'file_id': 'BQACAgQAAxkDAAICYWYy4BLb0SH215LmfXxNnVhDhhOCAAKLFgACjlmYUYtww-JEmvqgNAQ', 'file_unique_id': 'AgADixYAAo5ZmFE', 'file_size': 424026}}`]
[2024-05-02 00:36:34,830]: [_bot.py]: _do_post: 643:       DEBUG:    [Calling Bot API endpoint `sendDocument` with parameters `{'chat_id': '-4119703192', 'document': <telegram._files.inputfile.InputFile object at 0x7f97a56c6b80>}`]
[2024-05-02 00:36:34,831]: [_trace.py]: atrace: 85:       DEBUG:    [send_request_headers.started request=<Request [b'POST']>]
[2024-05-02 00:36:34,831]: [_trace.py]: atrace: 85:       DEBUG:    [send_request_headers.complete]
[2024-05-02 00:36:34,831]: [_trace.py]: atrace: 85:       DEBUG:    [send_request_body.started request=<Request [b'POST']>]
[2024-05-02 00:36:34,832]: [_trace.py]: atrace: 85:       DEBUG:    [send_request_body.complete]
[2024-05-02 00:36:34,832]: [_trace.py]: atrace: 85:       DEBUG:    [receive_response_headers.started request=<Request [b'POST']>]
[2024-05-02 00:36:39,024]: [_trace.py]: atrace: 85:       DEBUG:    [receive_response_headers.complete return_value=(b'HTTP/1.1', 200, b'OK', [(b'Server', b'nginx/1.18.0'), (b'Date', b'Thu, 02 May 2024 00:36:38 GMT'), (b'Content-Type', b'application/json'), (b'Content-Length', b'818'), (b'Connection', b'keep-alive'), (b'Strict-Transport-Security', b'max-age=31536000; includeSubDomains; preload'), (b'Access-Control-Allow-Origin', b'*'), (b'Access-Control-Allow-Methods', b'GET, POST, OPTIONS'), (b'Access-Control-Expose-Headers', b'Content-Length,Content-Type,Date,Server,Connection')])]
[2024-05-02 00:36:39,024]: [_client.py]: _send_single_request: 1773:       INFO:    [HTTP Request: POST https://api.telegram.org/bot6030805959:AAGUHAMxLYc-PrevgKouJ3ZyM7ktu56ftjo/sendDocument "HTTP/1.1 200 OK"]
[2024-05-02 00:36:39,024]: [_trace.py]: atrace: 85:       DEBUG:    [receive_response_body.started request=<Request [b'POST']>]
[2024-05-02 00:36:39,024]: [_trace.py]: atrace: 85:       DEBUG:    [receive_response_body.complete]
[2024-05-02 00:36:39,024]: [_trace.py]: atrace: 85:       DEBUG:    [response_closed.started]
[2024-05-02 00:36:39,024]: [_trace.py]: atrace: 85:       DEBUG:    [response_closed.complete]
[2024-05-02 00:36:39,025]: [_bot.py]: _do_post: 652:       DEBUG:    [Call to Bot API endpoint `sendDocument` finished with return value `{'message_id': 610, 'from': {'id': 6030805959, 'is_bot': True, 'first_name': 'TyPHoone', 'username': 'TyPHoone_Project_bot'}, 'chat': {'id': -4119703192, 'title': 'Robocop', 'type': 'group', 'all_members_are_administrators': True}, 'date': 1714610198, 'document': {'file_name': '4-Nawdani.png', 'mime_type': 'image/png', 'thumbnail': {'file_id': 'AAMCBAADGQMAAgJiZjLgFju_zfBjhxRI63_OM4mmpd8AAowWAAKOWZhR3eSJd5dj03UBAAdtAAM0BA', 'file_unique_id': 'AQADjBYAAo5ZmFFy', 'file_size': 32927, 'width': 320, 'height': 320}, 'thumb': {'file_id': 'AAMCBAADGQMAAgJiZjLgFju_zfBjhxRI63_OM4mmpd8AAowWAAKOWZhR3eSJd5dj03UBAAdtAAM0BA', 'file_unique_id': 'AQADjBYAAo5ZmFFy', 'file_size': 32927, 'width': 320, 'height': 320}, 'file_id': 'BQACAgQAAxkDAAICYmYy4BY7v83wY4cUSOt_zjOJpqXfAAKMFgACjlmYUd3kiXeXY9N1NAQ', 'file_unique_id': 'AgADjBYAAo5ZmFE', 'file_size': 430873}}`]
[2024-05-02 00:36:39,025]: [_bot.py]: _do_post: 643:       DEBUG:    [Calling Bot API endpoint `sendDocument` with parameters `{'chat_id': '-4119703192', 'document': <telegram._files.inputfile.InputFile object at 0x7f97a5938d80>}`]
[2024-05-02 00:36:39,026]: [_trace.py]: atrace: 85:       DEBUG:    [send_request_headers.started request=<Request [b'POST']>]
[2024-05-02 00:36:39,026]: [_trace.py]: atrace: 85:       DEBUG:    [send_request_headers.complete]
[2024-05-02 00:36:39,026]: [_trace.py]: atrace: 85:       DEBUG:    [send_request_body.started request=<Request [b'POST']>]
[2024-05-02 00:36:39,027]: [_trace.py]: atrace: 85:       DEBUG:    [send_request_body.complete]
[2024-05-02 00:36:39,027]: [_trace.py]: atrace: 85:       DEBUG:    [receive_response_headers.started request=<Request [b'POST']>]
[2024-05-02 00:36:39,746]: [_trace.py]: atrace: 85:       DEBUG:    [receive_response_headers.complete return_value=(b'HTTP/1.1', 200, b'OK', [(b'Server', b'nginx/1.18.0'), (b'Date', b'Thu, 02 May 2024 00:36:39 GMT'), (b'Content-Type', b'application/json'), (b'Content-Length', b'818'), (b'Connection', b'keep-alive'), (b'Strict-Transport-Security', b'max-age=31536000; includeSubDomains; preload'), (b'Access-Control-Allow-Origin', b'*'), (b'Access-Control-Allow-Methods', b'GET, POST, OPTIONS'), (b'Access-Control-Expose-Headers', b'Content-Length,Content-Type,Date,Server,Connection')])]
[2024-05-02 00:36:39,746]: [_client.py]: _send_single_request: 1773:       INFO:    [HTTP Request: POST https://api.telegram.org/bot6030805959:AAGUHAMxLYc-PrevgKouJ3ZyM7ktu56ftjo/sendDocument "HTTP/1.1 200 OK"]
[2024-05-02 00:36:39,746]: [_trace.py]: atrace: 85:       DEBUG:    [receive_response_body.started request=<Request [b'POST']>]
[2024-05-02 00:36:39,746]: [_trace.py]: atrace: 85:       DEBUG:    [receive_response_body.complete]
[2024-05-02 00:36:39,746]: [_trace.py]: atrace: 85:       DEBUG:    [response_closed.started]
[2024-05-02 00:36:39,746]: [_trace.py]: atrace: 85:       DEBUG:    [response_closed.complete]
[2024-05-02 00:36:39,747]: [_bot.py]: _do_post: 652:       DEBUG:    [Call to Bot API endpoint `sendDocument` finished with return value `{'message_id': 611, 'from': {'id': 6030805959, 'is_bot': True, 'first_name': 'TyPHoone', 'username': 'TyPHoone_Project_bot'}, 'chat': {'id': -4119703192, 'title': 'Robocop', 'type': 'group', 'all_members_are_administrators': True}, 'date': 1714610199, 'document': {'file_name': '3-Profill.png', 'mime_type': 'image/png', 'thumbnail': {'file_id': 'AAMCBAADGQMAAgJjZjLgFym-AmvHR14D8Y24qua7gJMAAo0WAAKOWZhR-iwzeJbLjuMBAAdtAAM0BA', 'file_unique_id': 'AQADjRYAAo5ZmFFy', 'file_size': 32350, 'width': 320, 'height': 320}, 'thumb': {'file_id': 'AAMCBAADGQMAAgJjZjLgFym-AmvHR14D8Y24qua7gJMAAo0WAAKOWZhR-iwzeJbLjuMBAAdtAAM0BA', 'file_unique_id': 'AQADjRYAAo5ZmFFy', 'file_size': 32350, 'width': 320, 'height': 320}, 'file_id': 'BQACAgQAAxkDAAICY2Yy4BcpvgJrx0deA_GNuKrmu4CTAAKNFgACjlmYUfosM3iWy47jNAQ', 'file_unique_id': 'AgADjRYAAo5ZmFE', 'file_size': 391313}}`]
[2024-05-02 00:36:39,747]: [_bot.py]: _do_post: 643:       DEBUG:    [Calling Bot API endpoint `sendDocument` with parameters `{'chat_id': '-4119703192', 'document': <telegram._files.inputfile.InputFile object at 0x7f97a56c6b80>}`]
[2024-05-02 00:36:39,748]: [_trace.py]: atrace: 85:       DEBUG:    [send_request_headers.started request=<Request [b'POST']>]
[2024-05-02 00:36:39,748]: [_trace.py]: atrace: 85:       DEBUG:    [send_request_headers.complete]
[2024-05-02 00:36:39,748]: [_trace.py]: atrace: 85:       DEBUG:    [send_request_body.started request=<Request [b'POST']>]
[2024-05-02 00:36:39,749]: [_trace.py]: atrace: 85:       DEBUG:    [send_request_body.complete]
[2024-05-02 00:36:39,749]: [_trace.py]: atrace: 85:       DEBUG:    [receive_response_headers.started request=<Request [b'POST']>]
[2024-05-02 00:36:39,931]: [_trace.py]: atrace: 85:       DEBUG:    [receive_response_headers.complete return_value=(b'HTTP/1.1', 200, b'OK', [(b'Server', b'nginx/1.18.0'), (b'Date', b'Thu, 02 May 2024 00:36:39 GMT'), (b'Content-Type', b'application/json'), (b'Content-Length', b'824'), (b'Connection', b'keep-alive'), (b'Strict-Transport-Security', b'max-age=31536000; includeSubDomains; preload'), (b'Access-Control-Allow-Origin', b'*'), (b'Access-Control-Allow-Methods', b'GET, POST, OPTIONS'), (b'Access-Control-Expose-Headers', b'Content-Length,Content-Type,Date,Server,Connection')])]
[2024-05-02 00:36:39,932]: [_client.py]: _send_single_request: 1773:       INFO:    [HTTP Request: POST https://api.telegram.org/bot6030805959:AAGUHAMxLYc-PrevgKouJ3ZyM7ktu56ftjo/sendDocument "HTTP/1.1 200 OK"]
[2024-05-02 00:36:39,932]: [_trace.py]: atrace: 85:       DEBUG:    [receive_response_body.started request=<Request [b'POST']>]
[2024-05-02 00:36:39,932]: [_trace.py]: atrace: 85:       DEBUG:    [receive_response_body.complete]
[2024-05-02 00:36:39,932]: [_trace.py]: atrace: 85:       DEBUG:    [response_closed.started]
[2024-05-02 00:36:39,932]: [_trace.py]: atrace: 85:       DEBUG:    [response_closed.complete]
[2024-05-02 00:36:39,932]: [_bot.py]: _do_post: 652:       DEBUG:    [Call to Bot API endpoint `sendDocument` finished with return value `{'message_id': 612, 'from': {'id': 6030805959, 'is_bot': True, 'first_name': 'TyPHoone', 'username': 'TyPHoone_Project_bot'}, 'chat': {'id': -4119703192, 'title': 'Robocop', 'type': 'group', 'all_members_are_administrators': True}, 'date': 1714610199, 'document': {'file_name': '7-Tasme_Maftoul.png', 'mime_type': 'image/png', 'thumbnail': {'file_id': 'AAMCBAADGQMAAgJkZjLgFyQLh_66QbksEiodK7ihh5MAAo4WAAKOWZhRBy_sTMnrHrkBAAdtAAM0BA', 'file_unique_id': 'AQADjhYAAo5ZmFFy', 'file_size': 35662, 'width': 320, 'height': 320}, 'thumb': {'file_id': 'AAMCBAADGQMAAgJkZjLgFyQLh_66QbksEiodK7ihh5MAAo4WAAKOWZhRBy_sTMnrHrkBAAdtAAM0BA', 'file_unique_id': 'AQADjhYAAo5ZmFFy', 'file_size': 35662, 'width': 320, 'height': 320}, 'file_id': 'BQACAgQAAxkDAAICZGYy4BckC4f-ukG5LBIqHSu4oYeTAAKOFgACjlmYUQcv7EzJ6x65NAQ', 'file_unique_id': 'AgADjhYAAo5ZmFE', 'file_size': 385511}}`]
[2024-05-02 00:36:39,933]: [_bot.py]: _do_post: 643:       DEBUG:    [Calling Bot API endpoint `sendDocument` with parameters `{'chat_id': '-4119703192', 'document': <telegram._files.inputfile.InputFile object at 0x7f97a5938d80>}`]
[2024-05-02 00:36:39,933]: [_trace.py]: atrace: 85:       DEBUG:    [send_request_headers.started request=<Request [b'POST']>]
[2024-05-02 00:36:39,933]: [_trace.py]: atrace: 85:       DEBUG:    [send_request_headers.complete]
[2024-05-02 00:36:39,933]: [_trace.py]: atrace: 85:       DEBUG:    [send_request_body.started request=<Request [b'POST']>]
[2024-05-02 00:36:39,934]: [_trace.py]: atrace: 85:       DEBUG:    [send_request_body.complete]
[2024-05-02 00:36:39,934]: [_trace.py]: atrace: 85:       DEBUG:    [receive_response_headers.started request=<Request [b'POST']>]
[2024-05-02 00:36:40,124]: [_trace.py]: atrace: 85:       DEBUG:    [receive_response_headers.complete return_value=(b'HTTP/1.1', 200, b'OK', [(b'Server', b'nginx/1.18.0'), (b'Date', b'Thu, 02 May 2024 00:36:40 GMT'), (b'Content-Type', b'application/json'), (b'Content-Length', b'818'), (b'Connection', b'keep-alive'), (b'Strict-Transport-Security', b'max-age=31536000; includeSubDomains; preload'), (b'Access-Control-Allow-Origin', b'*'), (b'Access-Control-Allow-Methods', b'GET, POST, OPTIONS'), (b'Access-Control-Expose-Headers', b'Content-Length,Content-Type,Date,Server,Connection')])]
[2024-05-02 00:36:40,125]: [_client.py]: _send_single_request: 1773:       INFO:    [HTTP Request: POST https://api.telegram.org/bot6030805959:AAGUHAMxLYc-PrevgKouJ3ZyM7ktu56ftjo/sendDocument "HTTP/1.1 200 OK"]
[2024-05-02 00:36:40,125]: [_trace.py]: atrace: 85:       DEBUG:    [receive_response_body.started request=<Request [b'POST']>]
[2024-05-02 00:36:40,125]: [_trace.py]: atrace: 85:       DEBUG:    [receive_response_body.complete]
[2024-05-02 00:36:40,125]: [_trace.py]: atrace: 85:       DEBUG:    [response_closed.started]
[2024-05-02 00:36:40,125]: [_trace.py]: atrace: 85:       DEBUG:    [response_closed.complete]
[2024-05-02 00:36:40,125]: [_bot.py]: _do_post: 652:       DEBUG:    [Call to Bot API endpoint `sendDocument` finished with return value `{'message_id': 613, 'from': {'id': 6030805959, 'is_bot': True, 'first_name': 'TyPHoone', 'username': 'TyPHoone_Project_bot'}, 'chat': {'id': -4119703192, 'title': 'Robocop', 'type': 'group', 'all_members_are_administrators': True}, 'date': 1714610200, 'document': {'file_name': '8-Khamoot.png', 'mime_type': 'image/png', 'thumbnail': {'file_id': 'AAMCBAADGQMAAgJlZjLgGD8y2pEq4X4mxS1Pv-bnXJYAAo8WAAKOWZhRDxl6YP2PfIUBAAdtAAM0BA', 'file_unique_id': 'AQADjxYAAo5ZmFFy', 'file_size': 27553, 'width': 320, 'height': 320}, 'thumb': {'file_id': 'AAMCBAADGQMAAgJlZjLgGD8y2pEq4X4mxS1Pv-bnXJYAAo8WAAKOWZhRDxl6YP2PfIUBAAdtAAM0BA', 'file_unique_id': 'AQADjxYAAo5ZmFFy', 'file_size': 27553, 'width': 320, 'height': 320}, 'file_id': 'BQACAgQAAxkDAAICZWYy4Bg_MtqRKuF-JsUtT7_m51yWAAKPFgACjlmYUQ8ZemD9j3yFNAQ', 'file_unique_id': 'AgADjxYAAo5ZmFE', 'file_size': 432784}}`]
[2024-05-02 00:36:40,126]: [_bot.py]: _do_post: 643:       DEBUG:    [Calling Bot API endpoint `sendDocument` with parameters `{'chat_id': '-4119703192', 'document': <telegram._files.inputfile.InputFile object at 0x7f97a56c6b80>}`]
[2024-05-02 00:36:40,126]: [_trace.py]: atrace: 85:       DEBUG:    [send_request_headers.started request=<Request [b'POST']>]
[2024-05-02 00:36:40,126]: [_trace.py]: atrace: 85:       DEBUG:    [send_request_headers.complete]
[2024-05-02 00:36:40,126]: [_trace.py]: atrace: 85:       DEBUG:    [send_request_body.started request=<Request [b'POST']>]
[2024-05-02 00:36:40,128]: [_trace.py]: atrace: 85:       DEBUG:    [send_request_body.complete]
[2024-05-02 00:36:40,128]: [_trace.py]: atrace: 85:       DEBUG:    [receive_response_headers.started request=<Request [b'POST']>]
[2024-05-02 00:36:40,336]: [_trace.py]: atrace: 85:       DEBUG:    [receive_response_headers.complete return_value=(b'HTTP/1.1', 200, b'OK', [(b'Server', b'nginx/1.18.0'), (b'Date', b'Thu, 02 May 2024 00:36:40 GMT'), (b'Content-Type', b'application/json'), (b'Content-Length', b'816'), (b'Connection', b'keep-alive'), (b'Strict-Transport-Security', b'max-age=31536000; includeSubDomains; preload'), (b'Access-Control-Allow-Origin', b'*'), (b'Access-Control-Allow-Methods', b'GET, POST, OPTIONS'), (b'Access-Control-Expose-Headers', b'Content-Length,Content-Type,Date,Server,Connection')])]
[2024-05-02 00:36:40,336]: [_client.py]: _send_single_request: 1773:       INFO:    [HTTP Request: POST https://api.telegram.org/bot6030805959:AAGUHAMxLYc-PrevgKouJ3ZyM7ktu56ftjo/sendDocument "HTTP/1.1 200 OK"]
[2024-05-02 00:36:40,336]: [_trace.py]: atrace: 85:       DEBUG:    [receive_response_body.started request=<Request [b'POST']>]
[2024-05-02 00:36:40,336]: [_trace.py]: atrace: 85:       DEBUG:    [receive_response_body.complete]
[2024-05-02 00:36:40,336]: [_trace.py]: atrace: 85:       DEBUG:    [response_closed.started]
[2024-05-02 00:36:40,336]: [_trace.py]: atrace: 85:       DEBUG:    [response_closed.complete]
[2024-05-02 00:36:40,336]: [_bot.py]: _do_post: 652:       DEBUG:    [Call to Bot API endpoint `sendDocument` finished with return value `{'message_id': 614, 'from': {'id': 6030805959, 'is_bot': True, 'first_name': 'TyPHoone', 'username': 'TyPHoone_Project_bot'}, 'chat': {'id': -4119703192, 'title': 'Robocop', 'type': 'group', 'all_members_are_administrators': True}, 'date': 1714610200, 'document': {'file_name': '0-cover.png', 'mime_type': 'image/png', 'thumbnail': {'file_id': 'AAMCBAADGQMAAgJmZjLgGLAGhJdoSAyy40uCyM8Zd-AAApAWAAKOWZhRM1Doa4__aN4BAAdtAAM0BA', 'file_unique_id': 'AQADkBYAAo5ZmFFy', 'file_size': 33672, 'width': 320, 'height': 320}, 'thumb': {'file_id': 'AAMCBAADGQMAAgJmZjLgGLAGhJdoSAyy40uCyM8Zd-AAApAWAAKOWZhRM1Doa4__aN4BAAdtAAM0BA', 'file_unique_id': 'AQADkBYAAo5ZmFFy', 'file_size': 33672, 'width': 320, 'height': 320}, 'file_id': 'BQACAgQAAxkDAAICZmYy4BiwBoSXaEgMsuNLgsjPGXfgAAKQFgACjlmYUTNQ6GuP_2jeNAQ', 'file_unique_id': 'AgADkBYAAo5ZmFE', 'file_size': 830724}}`]
[2024-05-02 00:36:40,337]: [_trace.py]: atrace: 85:       DEBUG:    [close.started]
[2024-05-02 00:36:40,337]: [_trace.py]: atrace: 85:       DEBUG:    [close.complete]
[2024-05-02 00:36:40,337]: [_config.py]: load_ssl_context: 80:       DEBUG:    [load_ssl_context verify=True cert=None trust_env=True http2=False]
[2024-05-02 00:36:40,338]: [_config.py]: load_ssl_context_verify: 146:       DEBUG:    [load_verify_locations cafile='/opt/hostedtoolcache/Python/3.12.3/x64/lib/python3.12/site-packages/certifi/cacert.pem']
[2024-05-02 00:36:40,366]: [_config.py]: load_ssl_context: 80:       DEBUG:    [load_ssl_context verify=True cert=None trust_env=True http2=False]
[2024-05-02 00:36:40,366]: [_config.py]: load_ssl_context_verify: 146:       DEBUG:    [load_verify_locations cafile='/opt/hostedtoolcache/Python/3.12.3/x64/lib/python3.12/site-packages/certifi/cacert.pem']
[2024-05-02 00:36:40,392]: [_bot.py]: _do_post: 643:       DEBUG:    [Calling Bot API endpoint `getMe` with parameters `{}`]
[2024-05-02 00:36:40,393]: [_trace.py]: atrace: 85:       DEBUG:    [connect_tcp.started host='api.telegram.org' port=443 local_address=None timeout=5.0 socket_options=None]
[2024-05-02 00:36:40,494]: [_trace.py]: atrace: 85:       DEBUG:    [connect_tcp.complete return_value=<httpcore._backends.anyio.AnyIOStream object at 0x7f979ff3d1f0>]
[2024-05-02 00:36:40,495]: [_trace.py]: atrace: 85:       DEBUG:    [start_tls.started ssl_context=<ssl.SSLContext object at 0x7f97a5b35b50> server_hostname='api.telegram.org' timeout=5.0]
[2024-05-02 00:36:40,597]: [_trace.py]: atrace: 85:       DEBUG:    [start_tls.complete return_value=<httpcore._backends.anyio.AnyIOStream object at 0x7f979ff2be60>]
[2024-05-02 00:36:40,597]: [_trace.py]: atrace: 85:       DEBUG:    [send_request_headers.started request=<Request [b'POST']>]
[2024-05-02 00:36:40,597]: [_trace.py]: atrace: 85:       DEBUG:    [send_request_headers.complete]
[2024-05-02 00:36:40,597]: [_trace.py]: atrace: 85:       DEBUG:    [send_request_body.started request=<Request [b'POST']>]
[2024-05-02 00:36:40,598]: [_trace.py]: atrace: 85:       DEBUG:    [send_request_body.complete]
[2024-05-02 00:36:40,598]: [_trace.py]: atrace: 85:       DEBUG:    [receive_response_headers.started request=<Request [b'POST']>]
[2024-05-02 00:36:40,699]: [_trace.py]: atrace: 85:       DEBUG:    [receive_response_headers.complete return_value=(b'HTTP/1.1', 200, b'OK', [(b'Server', b'nginx/1.18.0'), (b'Date', b'Thu, 02 May 2024 00:36:40 GMT'), (b'Content-Type', b'application/json'), (b'Content-Length', b'233'), (b'Connection', b'keep-alive'), (b'Strict-Transport-Security', b'max-age=31536000; includeSubDomains; preload'), (b'Access-Control-Allow-Origin', b'*'), (b'Access-Control-Allow-Methods', b'GET, POST, OPTIONS'), (b'Access-Control-Expose-Headers', b'Content-Length,Content-Type,Date,Server,Connection')])]
[2024-05-02 00:36:40,699]: [_client.py]: _send_single_request: 1773:       INFO:    [HTTP Request: POST https://api.telegram.org/bot6030805959:AAGUHAMxLYc-PrevgKouJ3ZyM7ktu56ftjo/getMe "HTTP/1.1 200 OK"]
[2024-05-02 00:36:40,699]: [_trace.py]: atrace: 85:       DEBUG:    [receive_response_body.started request=<Request [b'POST']>]
[2024-05-02 00:36:40,699]: [_trace.py]: atrace: 85:       DEBUG:    [receive_response_body.complete]
[2024-05-02 00:36:40,699]: [_trace.py]: atrace: 85:       DEBUG:    [response_closed.started]
[2024-05-02 00:36:40,699]: [_trace.py]: atrace: 85:       DEBUG:    [response_closed.complete]
[2024-05-02 00:36:40,699]: [_bot.py]: _do_post: 652:       DEBUG:    [Call to Bot API endpoint `getMe` finished with return value `{'id': 6030805959, 'is_bot': True, 'first_name': 'TyPHoone', 'username': 'TyPHoone_Project_bot', 'can_join_groups': True, 'can_read_all_group_messages': False, 'supports_inline_queries': False, 'can_connect_to_business': False}`]
[2024-05-02 00:36:40,700]: [_bot.py]: _do_post: 643:       DEBUG:    [Calling Bot API endpoint `sendDocument` with parameters `{'chat_id': '-4119703192', 'document': <telegram._files.inputfile.InputFile object at 0x7f979ff41d80>}`]
[2024-05-02 00:36:40,700]: [_trace.py]: atrace: 85:       DEBUG:    [send_request_headers.started request=<Request [b'POST']>]
[2024-05-02 00:36:40,700]: [_trace.py]: atrace: 85:       DEBUG:    [send_request_headers.complete]
[2024-05-02 00:36:40,700]: [_trace.py]: atrace: 85:       DEBUG:    [send_request_body.started request=<Request [b'POST']>]
[2024-05-02 00:36:41,002]: [_trace.py]: atrace: 85:       DEBUG:    [send_request_body.complete]
[2024-05-02 00:36:41,002]: [_trace.py]: atrace: 85:       DEBUG:    [receive_response_headers.started request=<Request [b'POST']>]
[2024-05-02 00:36:44,412]: [_trace.py]: atrace: 85:       DEBUG:    [receive_response_headers.complete return_value=(b'HTTP/1.1', 200, b'OK', [(b'Server', b'nginx/1.18.0'), (b'Date', b'Thu, 02 May 2024 00:36:44 GMT'), (b'Content-Type', b'application/json'), (b'Content-Length', b'819'), (b'Connection', b'keep-alive'), (b'Strict-Transport-Security', b'max-age=31536000; includeSubDomains; preload'), (b'Access-Control-Allow-Origin', b'*'), (b'Access-Control-Allow-Methods', b'GET, POST, OPTIONS'), (b'Access-Control-Expose-Headers', b'Content-Length,Content-Type,Date,Server,Connection')])]
[2024-05-02 00:36:44,412]: [_client.py]: _send_single_request: 1773:       INFO:    [HTTP Request: POST https://api.telegram.org/bot6030805959:AAGUHAMxLYc-PrevgKouJ3ZyM7ktu56ftjo/sendDocument "HTTP/1.1 200 OK"]
[2024-05-02 00:36:44,412]: [_trace.py]: atrace: 85:       DEBUG:    [receive_response_body.started request=<Request [b'POST']>]
[2024-05-02 00:36:44,412]: [_trace.py]: atrace: 85:       DEBUG:    [receive_response_body.complete]
[2024-05-02 00:36:44,412]: [_trace.py]: atrace: 85:       DEBUG:    [response_closed.started]
[2024-05-02 00:36:44,413]: [_trace.py]: atrace: 85:       DEBUG:    [response_closed.complete]
[2024-05-02 00:36:44,413]: [_bot.py]: _do_post: 652:       DEBUG:    [Call to Bot API endpoint `sendDocument` finished with return value `{'message_id': 615, 'from': {'id': 6030805959, 'is_bot': True, 'first_name': 'TyPHoone', 'username': 'TyPHoone_Project_bot'}, 'chat': {'id': -4119703192, 'title': 'Robocop', 'type': 'group', 'all_members_are_administrators': True}, 'date': 1714610204, 'document': {'file_name': '1-Tir_Ahan.png', 'mime_type': 'image/png', 'thumbnail': {'file_id': 'AAMCBAADGQMAAgJnZjLgHMR-zqcEYRTfi-xbInfrmXYAApEWAAKOWZhR90YuJ_O6DNYBAAdtAAM0BA', 'file_unique_id': 'AQADkRYAAo5ZmFFy', 'file_size': 37998, 'width': 320, 'height': 320}, 'thumb': {'file_id': 'AAMCBAADGQMAAgJnZjLgHMR-zqcEYRTfi-xbInfrmXYAApEWAAKOWZhR90YuJ_O6DNYBAAdtAAM0BA', 'file_unique_id': 'AQADkRYAAo5ZmFFy', 'file_size': 37998, 'width': 320, 'height': 320}, 'file_id': 'BQACAgQAAxkDAAICZ2Yy4BzEfs6nBGEU34vsWyJ365l2AAKRFgACjlmYUfdGLifzugzWNAQ', 'file_unique_id': 'AgADkRYAAo5ZmFE', 'file_size': 425618}}`]
[2024-05-02 00:36:44,413]: [_bot.py]: _do_post: 643:       DEBUG:    [Calling Bot API endpoint `sendDocument` with parameters `{'chat_id': '-4119703192', 'document': <telegram._files.inputfile.InputFile object at 0x7f979ff33ec0>}`]
[2024-05-02 00:36:44,414]: [_trace.py]: atrace: 85:       DEBUG:    [send_request_headers.started request=<Request [b'POST']>]
[2024-05-02 00:36:44,414]: [_trace.py]: atrace: 85:       DEBUG:    [send_request_headers.complete]
[2024-05-02 00:36:44,414]: [_trace.py]: atrace: 85:       DEBUG:    [send_request_body.started request=<Request [b'POST']>]
[2024-05-02 00:36:44,415]: [_trace.py]: atrace: 85:       DEBUG:    [send_request_body.complete]
[2024-05-02 00:36:44,415]: [_trace.py]: atrace: 85:       DEBUG:    [receive_response_headers.started request=<Request [b'POST']>]
[2024-05-02 00:36:45,139]: [_trace.py]: atrace: 85:       DEBUG:    [receive_response_headers.complete return_value=(b'HTTP/1.1', 200, b'OK', [(b'Server', b'nginx/1.18.0'), (b'Date', b'Thu, 02 May 2024 00:36:45 GMT'), (b'Content-Type', b'application/json'), (b'Content-Length', b'826'), (b'Connection', b'keep-alive'), (b'Strict-Transport-Security', b'max-age=31536000; includeSubDomains; preload'), (b'Access-Control-Allow-Origin', b'*'), (b'Access-Control-Allow-Methods', b'GET, POST, OPTIONS'), (b'Access-Control-Expose-Headers', b'Content-Length,Content-Type,Date,Server,Connection')])]
[2024-05-02 00:36:45,139]: [_client.py]: _send_single_request: 1773:       INFO:    [HTTP Request: POST https://api.telegram.org/bot6030805959:AAGUHAMxLYc-PrevgKouJ3ZyM7ktu56ftjo/sendDocument "HTTP/1.1 200 OK"]
[2024-05-02 00:36:45,139]: [_trace.py]: atrace: 85:       DEBUG:    [receive_response_body.started request=<Request [b'POST']>]
[2024-05-02 00:36:45,140]: [_trace.py]: atrace: 85:       DEBUG:    [receive_response_body.complete]
[2024-05-02 00:36:45,140]: [_trace.py]: atrace: 85:       DEBUG:    [response_closed.started]
[2024-05-02 00:36:45,140]: [_trace.py]: atrace: 85:       DEBUG:    [response_closed.complete]
[2024-05-02 00:36:45,140]: [_bot.py]: _do_post: 652:       DEBUG:    [Call to Bot API endpoint `sendDocument` finished with return value `{'message_id': 616, 'from': {'id': 6030805959, 'is_bot': True, 'first_name': 'TyPHoone', 'username': 'TyPHoone_Project_bot'}, 'chat': {'id': -4119703192, 'title': 'Robocop', 'type': 'group', 'all_members_are_administrators': True}, 'date': 1714610205, 'document': {'file_name': '9-Waraq_Galwanize.png', 'mime_type': 'image/png', 'thumbnail': {'file_id': 'AAMCBAADGQMAAgJoZjLgHPkm9m40FQ4y3GnMYj44d3IAApIWAAKOWZhRNX6dOAiDvR0BAAdtAAM0BA', 'file_unique_id': 'AQADkhYAAo5ZmFFy', 'file_size': 37978, 'width': 320, 'height': 320}, 'thumb': {'file_id': 'AAMCBAADGQMAAgJoZjLgHPkm9m40FQ4y3GnMYj44d3IAApIWAAKOWZhRNX6dOAiDvR0BAAdtAAM0BA', 'file_unique_id': 'AQADkhYAAo5ZmFFy', 'file_size': 37978, 'width': 320, 'height': 320}, 'file_id': 'BQACAgQAAxkDAAICaGYy4Bz5JvZuNBUOMtxpzGI-OHdyAAKSFgACjlmYUTV-nTgIg70dNAQ', 'file_unique_id': 'AgADkhYAAo5ZmFE', 'file_size': 406220}}`]
[2024-05-02 00:36:45,141]: [_bot.py]: _do_post: 643:       DEBUG:    [Calling Bot API endpoint `sendDocument` with parameters `{'chat_id': '-4119703192', 'document': <telegram._files.inputfile.InputFile object at 0x7f979ff32280>}`]
[2024-05-02 00:36:45,141]: [_trace.py]: atrace: 85:       DEBUG:    [send_request_headers.started request=<Request [b'POST']>]
[2024-05-02 00:36:45,143]: [_trace.py]: atrace: 85:       DEBUG:    [send_request_headers.complete]
[2024-05-02 00:36:45,143]: [_trace.py]: atrace: 85:       DEBUG:    [send_request_body.started request=<Request [b'POST']>]
[2024-05-02 00:36:45,144]: [_trace.py]: atrace: 85:       DEBUG:    [send_request_body.complete]
[2024-05-02 00:36:45,144]: [_trace.py]: atrace: 85:       DEBUG:    [receive_response_headers.started request=<Request [b'POST']>]
[2024-05-02 00:36:45,325]: [_trace.py]: atrace: 85:       DEBUG:    [receive_response_headers.complete return_value=(b'HTTP/1.1', 200, b'OK', [(b'Server', b'nginx/1.18.0'), (b'Date', b'Thu, 02 May 2024 00:36:45 GMT'), (b'Content-Type', b'application/json'), (b'Content-Length', b'821'), (b'Connection', b'keep-alive'), (b'Strict-Transport-Security', b'max-age=31536000; includeSubDomains; preload'), (b'Access-Control-Allow-Origin', b'*'), (b'Access-Control-Allow-Methods', b'GET, POST, OPTIONS'), (b'Access-Control-Expose-Headers', b'Content-Length,Content-Type,Date,Server,Connection')])]
[2024-05-02 00:36:45,325]: [_client.py]: _send_single_request: 1773:       INFO:    [HTTP Request: POST https://api.telegram.org/bot6030805959:AAGUHAMxLYc-PrevgKouJ3ZyM7ktu56ftjo/sendDocument "HTTP/1.1 200 OK"]
[2024-05-02 00:36:45,325]: [_trace.py]: atrace: 85:       DEBUG:    [receive_response_body.started request=<Request [b'POST']>]
[2024-05-02 00:36:45,325]: [_trace.py]: atrace: 85:       DEBUG:    [receive_response_body.complete]
[2024-05-02 00:36:45,325]: [_trace.py]: atrace: 85:       DEBUG:    [response_closed.started]
[2024-05-02 00:36:45,325]: [_trace.py]: atrace: 85:       DEBUG:    [response_closed.complete]
[2024-05-02 00:36:45,326]: [_bot.py]: _do_post: 652:       DEBUG:    [Call to Bot API endpoint `sendDocument` finished with return value `{'message_id': 617, 'from': {'id': 6030805959, 'is_bot': True, 'first_name': 'TyPHoone', 'username': 'TyPHoone_Project_bot'}, 'chat': {'id': -4119703192, 'title': 'Robocop', 'type': 'group', 'all_members_are_administrators': True}, 'date': 1714610205, 'document': {'file_name': '2-Milgerd.png', 'mime_type': 'image/png', 'thumbnail': {'file_id': 'AAMCBAADGQMAAgJpZjLgHb8dVeLc61dnDscg5wAB3pqoAAKTFgACjlmYUUUmni_KYlB-AQAHbQADNAQ', 'file_unique_id': 'AQADkxYAAo5ZmFFy', 'file_size': 41813, 'width': 320, 'height': 320}, 'thumb': {'file_id': 'AAMCBAADGQMAAgJpZjLgHb8dVeLc61dnDscg5wAB3pqoAAKTFgACjlmYUUUmni_KYlB-AQAHbQADNAQ', 'file_unique_id': 'AQADkxYAAo5ZmFFy', 'file_size': 41813, 'width': 320, 'height': 320}, 'file_id': 'BQACAgQAAxkDAAICaWYy4B2_HVXi3OtXZw7HIOcAAd6aqAACkxYAAo5ZmFFFJp4vymJQfjQE', 'file_unique_id': 'AgADkxYAAo5ZmFE', 'file_size': 411748}}`]
[2024-05-02 00:36:45,326]: [_bot.py]: _do_post: 643:       DEBUG:    [Calling Bot API endpoint `sendDocument` with parameters `{'chat_id': '-4119703192', 'document': <telegram._files.inputfile.InputFile object at 0x7f97a5b44100>}`]
[2024-05-02 00:36:45,327]: [_trace.py]: atrace: 85:       DEBUG:    [send_request_headers.started request=<Request [b'POST']>]
[2024-05-02 00:36:45,327]: [_trace.py]: atrace: 85:       DEBUG:    [send_request_headers.complete]
[2024-05-02 00:36:45,327]: [_trace.py]: atrace: 85:       DEBUG:    [send_request_body.started request=<Request [b'POST']>]
[2024-05-02 00:36:45,328]: [_trace.py]: atrace: 85:       DEBUG:    [send_request_body.complete]
[2024-05-02 00:36:45,328]: [_trace.py]: atrace: 85:       DEBUG:    [receive_response_headers.started request=<Request [b'POST']>]
[2024-05-02 00:36:45,549]: [_trace.py]: atrace: 85:       DEBUG:    [receive_response_headers.complete return_value=(b'HTTP/1.1', 200, b'OK', [(b'Server', b'nginx/1.18.0'), (b'Date', b'Thu, 02 May 2024 00:36:45 GMT'), (b'Content-Type', b'application/json'), (b'Content-Length', b'817'), (b'Connection', b'keep-alive'), (b'Strict-Transport-Security', b'max-age=31536000; includeSubDomains; preload'), (b'Access-Control-Allow-Origin', b'*'), (b'Access-Control-Allow-Methods', b'GET, POST, OPTIONS'), (b'Access-Control-Expose-Headers', b'Content-Length,Content-Type,Date,Server,Connection')])]
[2024-05-02 00:36:45,550]: [_client.py]: _send_single_request: 1773:       INFO:    [HTTP Request: POST https://api.telegram.org/bot6030805959:AAGUHAMxLYc-PrevgKouJ3ZyM7ktu56ftjo/sendDocument "HTTP/1.1 200 OK"]
[2024-05-02 00:36:45,550]: [_trace.py]: atrace: 85:       DEBUG:    [receive_response_body.started request=<Request [b'POST']>]
[2024-05-02 00:36:45,550]: [_trace.py]: atrace: 85:       DEBUG:    [receive_response_body.complete]
[2024-05-02 00:36:45,550]: [_trace.py]: atrace: 85:       DEBUG:    [response_closed.started]
[2024-05-02 00:36:45,550]: [_trace.py]: atrace: 85:       DEBUG:    [response_closed.complete]
[2024-05-02 00:36:45,550]: [_bot.py]: _do_post: 652:       DEBUG:    [Call to Bot API endpoint `sendDocument` finished with return value `{'message_id': 618, 'from': {'id': 6030805959, 'is_bot': True, 'first_name': 'TyPHoone', 'username': 'TyPHoone_Project_bot'}, 'chat': {'id': -4119703192, 'title': 'Robocop', 'type': 'group', 'all_members_are_administrators': True}, 'date': 1714610205, 'document': {'file_name': '5-Nabshi.png', 'mime_type': 'image/png', 'thumbnail': {'file_id': 'AAMCBAADGQMAAgJqZjLgHUNmIgtjBIFlbumv8UkIfN4AApQWAAKOWZhRPUh5gaSJRjUBAAdtAAM0BA', 'file_unique_id': 'AQADlBYAAo5ZmFFy', 'file_size': 31528, 'width': 320, 'height': 320}, 'thumb': {'file_id': 'AAMCBAADGQMAAgJqZjLgHUNmIgtjBIFlbumv8UkIfN4AApQWAAKOWZhRPUh5gaSJRjUBAAdtAAM0BA', 'file_unique_id': 'AQADlBYAAo5ZmFFy', 'file_size': 31528, 'width': 320, 'height': 320}, 'file_id': 'BQACAgQAAxkDAAICamYy4B1DZiILYwSBZW7pr_FJCHzeAAKUFgACjlmYUT1IeYGkiUY1NAQ', 'file_unique_id': 'AgADlBYAAo5ZmFE', 'file_size': 395211}}`]
[2024-05-02 00:36:45,551]: [_bot.py]: _do_post: 643:       DEBUG:    [Calling Bot API endpoint `sendDocument` with parameters `{'chat_id': '-4119703192', 'document': <telegram._files.inputfile.InputFile object at 0x7f97a5b441c0>}`]
[2024-05-02 00:36:45,551]: [_trace.py]: atrace: 85:       DEBUG:    [send_request_headers.started request=<Request [b'POST']>]
[2024-05-02 00:36:45,551]: [_trace.py]: atrace: 85:       DEBUG:    [send_request_headers.complete]
[2024-05-02 00:36:45,551]: [_trace.py]: atrace: 85:       DEBUG:    [send_request_body.started request=<Request [b'POST']>]
[2024-05-02 00:36:45,552]: [_trace.py]: atrace: 85:       DEBUG:    [send_request_body.complete]
[2024-05-02 00:36:45,552]: [_trace.py]: atrace: 85:       DEBUG:    [receive_response_headers.started request=<Request [b'POST']>]
[2024-05-02 00:36:45,732]: [_trace.py]: atrace: 85:       DEBUG:    [receive_response_headers.complete return_value=(b'HTTP/1.1', 200, b'OK', [(b'Server', b'nginx/1.18.0'), (b'Date', b'Thu, 02 May 2024 00:36:45 GMT'), (b'Content-Type', b'application/json'), (b'Content-Length', b'821'), (b'Connection', b'keep-alive'), (b'Strict-Transport-Security', b'max-age=31536000; includeSubDomains; preload'), (b'Access-Control-Allow-Origin', b'*'), (b'Access-Control-Allow-Methods', b'GET, POST, OPTIONS'), (b'Access-Control-Expose-Headers', b'Content-Length,Content-Type,Date,Server,Connection')])]
[2024-05-02 00:36:45,732]: [_client.py]: _send_single_request: 1773:       INFO:    [HTTP Request: POST https://api.telegram.org/bot6030805959:AAGUHAMxLYc-PrevgKouJ3ZyM7ktu56ftjo/sendDocument "HTTP/1.1 200 OK"]
[2024-05-02 00:36:45,732]: [_trace.py]: atrace: 85:       DEBUG:    [receive_response_body.started request=<Request [b'POST']>]
[2024-05-02 00:36:45,733]: [_trace.py]: atrace: 85:       DEBUG:    [receive_response_body.complete]
[2024-05-02 00:36:45,733]: [_trace.py]: atrace: 85:       DEBUG:    [response_closed.started]
[2024-05-02 00:36:45,733]: [_trace.py]: atrace: 85:       DEBUG:    [response_closed.complete]
[2024-05-02 00:36:45,733]: [_bot.py]: _do_post: 652:       DEBUG:    [Call to Bot API endpoint `sendDocument` finished with return value `{'message_id': 619, 'from': {'id': 6030805959, 'is_bot': True, 'first_name': 'TyPHoone', 'username': 'TyPHoone_Project_bot'}, 'chat': {'id': -4119703192, 'title': 'Robocop', 'type': 'group', 'all_members_are_administrators': True}, 'date': 1714610205, 'document': {'file_name': '6-Waraq_Siah.png', 'mime_type': 'image/png', 'thumbnail': {'file_id': 'AAMCBAADGQMAAgJrZjLgHZaILgG00q7AorRnqeZAiFsAApUWAAKOWZhRwbo4QLMj4AwBAAdtAAM0BA', 'file_unique_id': 'AQADlRYAAo5ZmFFy', 'file_size': 42590, 'width': 320, 'height': 320}, 'thumb': {'file_id': 'AAMCBAADGQMAAgJrZjLgHZaILgG00q7AorRnqeZAiFsAApUWAAKOWZhRwbo4QLMj4AwBAAdtAAM0BA', 'file_unique_id': 'AQADlRYAAo5ZmFFy', 'file_size': 42590, 'width': 320, 'height': 320}, 'file_id': 'BQACAgQAAxkDAAICa2Yy4B2WiC4BtNKuwKK0Z6nmQIhbAAKVFgACjlmYUcG6OECzI-AMNAQ', 'file_unique_id': 'AgADlRYAAo5ZmFE', 'file_size': 417882}}`]
[2024-05-02 00:36:45,733]: [_bot.py]: _do_post: 643:       DEBUG:    [Calling Bot API endpoint `sendDocument` with parameters `{'chat_id': '-4119703192', 'document': <telegram._files.inputfile.InputFile object at 0x7f97a5b44100>}`]
[2024-05-02 00:36:45,734]: [_trace.py]: atrace: 85:       DEBUG:    [send_request_headers.started request=<Request [b'POST']>]
[2024-05-02 00:36:45,734]: [_trace.py]: atrace: 85:       DEBUG:    [send_request_headers.complete]
[2024-05-02 00:36:45,734]: [_trace.py]: atrace: 85:       DEBUG:    [send_request_body.started request=<Request [b'POST']>]
[2024-05-02 00:36:45,735]: [_trace.py]: atrace: 85:       DEBUG:    [send_request_body.complete]
[2024-05-02 00:36:45,735]: [_trace.py]: atrace: 85:       DEBUG:    [receive_response_headers.started request=<Request [b'POST']>]
[2024-05-02 00:36:49,916]: [_trace.py]: atrace: 85:       DEBUG:    [receive_response_headers.complete return_value=(b'HTTP/1.1', 200, b'OK', [(b'Server', b'nginx/1.18.0'), (b'Date', b'Thu, 02 May 2024 00:36:49 GMT'), (b'Content-Type', b'application/json'), (b'Content-Length', b'818'), (b'Connection', b'keep-alive'), (b'Strict-Transport-Security', b'max-age=31536000; includeSubDomains; preload'), (b'Access-Control-Allow-Origin', b'*'), (b'Access-Control-Allow-Methods', b'GET, POST, OPTIONS'), (b'Access-Control-Expose-Headers', b'Content-Length,Content-Type,Date,Server,Connection')])]
[2024-05-02 00:36:49,916]: [_client.py]: _send_single_request: 1773:       INFO:    [HTTP Request: POST https://api.telegram.org/bot6030805959:AAGUHAMxLYc-PrevgKouJ3ZyM7ktu56ftjo/sendDocument "HTTP/1.1 200 OK"]
[2024-05-02 00:36:49,916]: [_trace.py]: atrace: 85:       DEBUG:    [receive_response_body.started request=<Request [b'POST']>]
[2024-05-02 00:36:49,916]: [_trace.py]: atrace: 85:       DEBUG:    [receive_response_body.complete]
[2024-05-02 00:36:49,916]: [_trace.py]: atrace: 85:       DEBUG:    [response_closed.started]
[2024-05-02 00:36:49,916]: [_trace.py]: atrace: 85:       DEBUG:    [response_closed.complete]
[2024-05-02 00:36:49,917]: [_bot.py]: _do_post: 652:       DEBUG:    [Call to Bot API endpoint `sendDocument` finished with return value `{'message_id': 620, 'from': {'id': 6030805959, 'is_bot': True, 'first_name': 'TyPHoone', 'username': 'TyPHoone_Project_bot'}, 'chat': {'id': -4119703192, 'title': 'Robocop', 'type': 'group', 'all_members_are_administrators': True}, 'date': 1714610209, 'document': {'file_name': '4-Nawdani.png', 'mime_type': 'image/png', 'thumbnail': {'file_id': 'AAMCBAADGQMAAgJsZjLgIcl3LVzt1HPRV9ofmA0_0SIAApYWAAKOWZhRhTSvOo00h-IBAAdtAAM0BA', 'file_unique_id': 'AQADlhYAAo5ZmFFy', 'file_size': 32230, 'width': 320, 'height': 320}, 'thumb': {'file_id': 'AAMCBAADGQMAAgJsZjLgIcl3LVzt1HPRV9ofmA0_0SIAApYWAAKOWZhRhTSvOo00h-IBAAdtAAM0BA', 'file_unique_id': 'AQADlhYAAo5ZmFFy', 'file_size': 32230, 'width': 320, 'height': 320}, 'file_id': 'BQACAgQAAxkDAAICbGYy4CHJdy1c7dRz0VfaH5gNP9EiAAKWFgACjlmYUYU0rzqNNIfiNAQ', 'file_unique_id': 'AgADlhYAAo5ZmFE', 'file_size': 385764}}`]
[2024-05-02 00:36:49,917]: [_bot.py]: _do_post: 643:       DEBUG:    [Calling Bot API endpoint `sendDocument` with parameters `{'chat_id': '-4119703192', 'document': <telegram._files.inputfile.InputFile object at 0x7f97a5b441c0>}`]
[2024-05-02 00:36:49,918]: [_trace.py]: atrace: 85:       DEBUG:    [send_request_headers.started request=<Request [b'POST']>]
[2024-05-02 00:36:49,918]: [_trace.py]: atrace: 85:       DEBUG:    [send_request_headers.complete]
[2024-05-02 00:36:49,918]: [_trace.py]: atrace: 85:       DEBUG:    [send_request_body.started request=<Request [b'POST']>]
[2024-05-02 00:36:49,919]: [_trace.py]: atrace: 85:       DEBUG:    [send_request_body.complete]
[2024-05-02 00:36:49,919]: [_trace.py]: atrace: 85:       DEBUG:    [receive_response_headers.started request=<Request [b'POST']>]
[2024-05-02 00:36:50,503]: [_trace.py]: atrace: 85:       DEBUG:    [receive_response_headers.complete return_value=(b'HTTP/1.1', 200, b'OK', [(b'Server', b'nginx/1.18.0'), (b'Date', b'Thu, 02 May 2024 00:36:50 GMT'), (b'Content-Type', b'application/json'), (b'Content-Length', b'818'), (b'Connection', b'keep-alive'), (b'Strict-Transport-Security', b'max-age=31536000; includeSubDomains; preload'), (b'Access-Control-Allow-Origin', b'*'), (b'Access-Control-Allow-Methods', b'GET, POST, OPTIONS'), (b'Access-Control-Expose-Headers', b'Content-Length,Content-Type,Date,Server,Connection')])]
[2024-05-02 00:36:50,503]: [_client.py]: _send_single_request: 1773:       INFO:    [HTTP Request: POST https://api.telegram.org/bot6030805959:AAGUHAMxLYc-PrevgKouJ3ZyM7ktu56ftjo/sendDocument "HTTP/1.1 200 OK"]
[2024-05-02 00:36:50,503]: [_trace.py]: atrace: 85:       DEBUG:    [receive_response_body.started request=<Request [b'POST']>]
[2024-05-02 00:36:50,503]: [_trace.py]: atrace: 85:       DEBUG:    [receive_response_body.complete]
[2024-05-02 00:36:50,503]: [_trace.py]: atrace: 85:       DEBUG:    [response_closed.started]
[2024-05-02 00:36:50,504]: [_trace.py]: atrace: 85:       DEBUG:    [response_closed.complete]
[2024-05-02 00:36:50,504]: [_bot.py]: _do_post: 652:       DEBUG:    [Call to Bot API endpoint `sendDocument` finished with return value `{'message_id': 621, 'from': {'id': 6030805959, 'is_bot': True, 'first_name': 'TyPHoone', 'username': 'TyPHoone_Project_bot'}, 'chat': {'id': -4119703192, 'title': 'Robocop', 'type': 'group', 'all_members_are_administrators': True}, 'date': 1714610210, 'document': {'file_name': '3-Profill.png', 'mime_type': 'image/png', 'thumbnail': {'file_id': 'AAMCBAADGQMAAgJtZjLgIt1wUpJ9cjQFz27R7N7k_NgAApcWAAKOWZhRLhj8O0aukHQBAAdtAAM0BA', 'file_unique_id': 'AQADlxYAAo5ZmFFy', 'file_size': 31863, 'width': 320, 'height': 320}, 'thumb': {'file_id': 'AAMCBAADGQMAAgJtZjLgIt1wUpJ9cjQFz27R7N7k_NgAApcWAAKOWZhRLhj8O0aukHQBAAdtAAM0BA', 'file_unique_id': 'AQADlxYAAo5ZmFFy', 'file_size': 31863, 'width': 320, 'height': 320}, 'file_id': 'BQACAgQAAxkDAAICbWYy4CLdcFKSfXI0Bc9u0eze5PzYAAKXFgACjlmYUS4Y_DtGrpB0NAQ', 'file_unique_id': 'AgADlxYAAo5ZmFE', 'file_size': 355234}}`]
[2024-05-02 00:36:50,504]: [_bot.py]: _do_post: 643:       DEBUG:    [Calling Bot API endpoint `sendDocument` with parameters `{'chat_id': '-4119703192', 'document': <telegram._files.inputfile.InputFile object at 0x7f97a5b44100>}`]
[2024-05-02 00:36:50,505]: [_trace.py]: atrace: 85:       DEBUG:    [send_request_headers.started request=<Request [b'POST']>]
[2024-05-02 00:36:50,505]: [_trace.py]: atrace: 85:       DEBUG:    [send_request_headers.complete]
[2024-05-02 00:36:50,505]: [_trace.py]: atrace: 85:       DEBUG:    [send_request_body.started request=<Request [b'POST']>]
[2024-05-02 00:36:50,506]: [_trace.py]: atrace: 85:       DEBUG:    [send_request_body.complete]
[2024-05-02 00:36:50,506]: [_trace.py]: atrace: 85:       DEBUG:    [receive_response_headers.started request=<Request [b'POST']>]
[2024-05-02 00:36:50,681]: [_trace.py]: atrace: 85:       DEBUG:    [receive_response_headers.complete return_value=(b'HTTP/1.1', 200, b'OK', [(b'Server', b'nginx/1.18.0'), (b'Date', b'Thu, 02 May 2024 00:36:50 GMT'), (b'Content-Type', b'application/json'), (b'Content-Length', b'824'), (b'Connection', b'keep-alive'), (b'Strict-Transport-Security', b'max-age=31536000; includeSubDomains; preload'), (b'Access-Control-Allow-Origin', b'*'), (b'Access-Control-Allow-Methods', b'GET, POST, OPTIONS'), (b'Access-Control-Expose-Headers', b'Content-Length,Content-Type,Date,Server,Connection')])]
[2024-05-02 00:36:50,681]: [_client.py]: _send_single_request: 1773:       INFO:    [HTTP Request: POST https://api.telegram.org/bot6030805959:AAGUHAMxLYc-PrevgKouJ3ZyM7ktu56ftjo/sendDocument "HTTP/1.1 200 OK"]
[2024-05-02 00:36:50,681]: [_trace.py]: atrace: 85:       DEBUG:    [receive_response_body.started request=<Request [b'POST']>]
[2024-05-02 00:36:50,681]: [_trace.py]: atrace: 85:       DEBUG:    [receive_response_body.complete]
[2024-05-02 00:36:50,682]: [_trace.py]: atrace: 85:       DEBUG:    [response_closed.started]
[2024-05-02 00:36:50,682]: [_trace.py]: atrace: 85:       DEBUG:    [response_closed.complete]
[2024-05-02 00:36:50,682]: [_bot.py]: _do_post: 652:       DEBUG:    [Call to Bot API endpoint `sendDocument` finished with return value `{'message_id': 622, 'from': {'id': 6030805959, 'is_bot': True, 'first_name': 'TyPHoone', 'username': 'TyPHoone_Project_bot'}, 'chat': {'id': -4119703192, 'title': 'Robocop', 'type': 'group', 'all_members_are_administrators': True}, 'date': 1714610210, 'document': {'file_name': '7-Tasme_Maftoul.png', 'mime_type': 'image/png', 'thumbnail': {'file_id': 'AAMCBAADGQMAAgJuZjLgIgRFjMiKFoaXFONsxbz83IUAApgWAAKOWZhRj4VAgKvHZG8BAAdtAAM0BA', 'file_unique_id': 'AQADmBYAAo5ZmFFy', 'file_size': 35068, 'width': 320, 'height': 320}, 'thumb': {'file_id': 'AAMCBAADGQMAAgJuZjLgIgRFjMiKFoaXFONsxbz83IUAApgWAAKOWZhRj4VAgKvHZG8BAAdtAAM0BA', 'file_unique_id': 'AQADmBYAAo5ZmFFy', 'file_size': 35068, 'width': 320, 'height': 320}, 'file_id': 'BQACAgQAAxkDAAICbmYy4CIERYzIihaGlxTjbMW8_NyFAAKYFgACjlmYUY-FQICrx2RvNAQ', 'file_unique_id': 'AgADmBYAAo5ZmFE', 'file_size': 362313}}`]
[2024-05-02 00:36:50,682]: [_bot.py]: _do_post: 643:       DEBUG:    [Calling Bot API endpoint `sendDocument` with parameters `{'chat_id': '-4119703192', 'document': <telegram._files.inputfile.InputFile object at 0x7f97a5b441c0>}`]
[2024-05-02 00:36:50,683]: [_trace.py]: atrace: 85:       DEBUG:    [send_request_headers.started request=<Request [b'POST']>]
[2024-05-02 00:36:50,683]: [_trace.py]: atrace: 85:       DEBUG:    [send_request_headers.complete]
[2024-05-02 00:36:50,683]: [_trace.py]: atrace: 85:       DEBUG:    [send_request_body.started request=<Request [b'POST']>]
[2024-05-02 00:36:50,684]: [_trace.py]: atrace: 85:       DEBUG:    [send_request_body.complete]
[2024-05-02 00:36:50,684]: [_trace.py]: atrace: 85:       DEBUG:    [receive_response_headers.started request=<Request [b'POST']>]
[2024-05-02 00:36:50,860]: [_trace.py]: atrace: 85:       DEBUG:    [receive_response_headers.complete return_value=(b'HTTP/1.1', 200, b'OK', [(b'Server', b'nginx/1.18.0'), (b'Date', b'Thu, 02 May 2024 00:36:50 GMT'), (b'Content-Type', b'application/json'), (b'Content-Length', b'821'), (b'Connection', b'keep-alive'), (b'Strict-Transport-Security', b'max-age=31536000; includeSubDomains; preload'), (b'Access-Control-Allow-Origin', b'*'), (b'Access-Control-Allow-Methods', b'GET, POST, OPTIONS'), (b'Access-Control-Expose-Headers', b'Content-Length,Content-Type,Date,Server,Connection')])]
[2024-05-02 00:36:50,860]: [_client.py]: _send_single_request: 1773:       INFO:    [HTTP Request: POST https://api.telegram.org/bot6030805959:AAGUHAMxLYc-PrevgKouJ3ZyM7ktu56ftjo/sendDocument "HTTP/1.1 200 OK"]
[2024-05-02 00:36:50,861]: [_trace.py]: atrace: 85:       DEBUG:    [receive_response_body.started request=<Request [b'POST']>]
[2024-05-02 00:36:50,861]: [_trace.py]: atrace: 85:       DEBUG:    [receive_response_body.complete]
[2024-05-02 00:36:50,861]: [_trace.py]: atrace: 85:       DEBUG:    [response_closed.started]
[2024-05-02 00:36:50,861]: [_trace.py]: atrace: 85:       DEBUG:    [response_closed.complete]
[2024-05-02 00:36:50,861]: [_bot.py]: _do_post: 652:       DEBUG:    [Call to Bot API endpoint `sendDocument` finished with return value `{'message_id': 623, 'from': {'id': 6030805959, 'is_bot': True, 'first_name': 'TyPHoone', 'username': 'TyPHoone_Project_bot'}, 'chat': {'id': -4119703192, 'title': 'Robocop', 'type': 'group', 'all_members_are_administrators': True}, 'date': 1714610210, 'document': {'file_name': '8-Khamoot.png', 'mime_type': 'image/png', 'thumbnail': {'file_id': 'AAMCBAADGQMAAgJvZjLgImK1AAHP1QOI6aWMa8UrrH-2AAKZFgACjlmYUTUrhc5X7HjiAQAHbQADNAQ', 'file_unique_id': 'AQADmRYAAo5ZmFFy', 'file_size': 26978, 'width': 320, 'height': 320}, 'thumb': {'file_id': 'AAMCBAADGQMAAgJvZjLgImK1AAHP1QOI6aWMa8UrrH-2AAKZFgACjlmYUTUrhc5X7HjiAQAHbQADNAQ', 'file_unique_id': 'AQADmRYAAo5ZmFFy', 'file_size': 26978, 'width': 320, 'height': 320}, 'file_id': 'BQACAgQAAxkDAAICb2Yy4CJitQABz9UDiOmljGvFK6x_tgACmRYAAo5ZmFE1K4XOV-x44jQE', 'file_unique_id': 'AgADmRYAAo5ZmFE', 'file_size': 364977}}`]
[2024-05-02 00:36:50,862]: [_bot.py]: _do_post: 643:       DEBUG:    [Calling Bot API endpoint `sendDocument` with parameters `{'chat_id': '-4119703192', 'document': <telegram._files.inputfile.InputFile object at 0x7f97a5b44100>}`]
[2024-05-02 00:36:50,862]: [_trace.py]: atrace: 85:       DEBUG:    [send_request_headers.started request=<Request [b'POST']>]
[2024-05-02 00:36:50,862]: [_trace.py]: atrace: 85:       DEBUG:    [send_request_headers.complete]
[2024-05-02 00:36:50,862]: [_trace.py]: atrace: 85:       DEBUG:    [send_request_body.started request=<Request [b'POST']>]
[2024-05-02 00:36:50,864]: [_trace.py]: atrace: 85:       DEBUG:    [send_request_body.complete]
[2024-05-02 00:36:50,864]: [_trace.py]: atrace: 85:       DEBUG:    [receive_response_headers.started request=<Request [b'POST']>]
[2024-05-02 00:36:51,165]: [_trace.py]: atrace: 85:       DEBUG:    [receive_response_headers.complete return_value=(b'HTTP/1.1', 200, b'OK', [(b'Server', b'nginx/1.18.0'), (b'Date', b'Thu, 02 May 2024 00:36:51 GMT'), (b'Content-Type', b'application/json'), (b'Content-Length', b'816'), (b'Connection', b'keep-alive'), (b'Strict-Transport-Security', b'max-age=31536000; includeSubDomains; preload'), (b'Access-Control-Allow-Origin', b'*'), (b'Access-Control-Allow-Methods', b'GET, POST, OPTIONS'), (b'Access-Control-Expose-Headers', b'Content-Length,Content-Type,Date,Server,Connection')])]
[2024-05-02 00:36:51,165]: [_client.py]: _send_single_request: 1773:       INFO:    [HTTP Request: POST https://api.telegram.org/bot6030805959:AAGUHAMxLYc-PrevgKouJ3ZyM7ktu56ftjo/sendDocument "HTTP/1.1 200 OK"]
[2024-05-02 00:36:51,165]: [_trace.py]: atrace: 85:       DEBUG:    [receive_response_body.started request=<Request [b'POST']>]
[2024-05-02 00:36:51,165]: [_trace.py]: atrace: 85:       DEBUG:    [receive_response_body.complete]
[2024-05-02 00:36:51,165]: [_trace.py]: atrace: 85:       DEBUG:    [response_closed.started]
[2024-05-02 00:36:51,165]: [_trace.py]: atrace: 85:       DEBUG:    [response_closed.complete]
[2024-05-02 00:36:51,165]: [_bot.py]: _do_post: 652:       DEBUG:    [Call to Bot API endpoint `sendDocument` finished with return value `{'message_id': 624, 'from': {'id': 6030805959, 'is_bot': True, 'first_name': 'TyPHoone', 'username': 'TyPHoone_Project_bot'}, 'chat': {'id': -4119703192, 'title': 'Robocop', 'type': 'group', 'all_members_are_administrators': True}, 'date': 1714610211, 'document': {'file_name': '0-cover.png', 'mime_type': 'image/png', 'thumbnail': {'file_id': 'AAMCBAADGQMAAgJwZjLgI5_yKecOS9z1fkT3P2q1xhAAApoWAAKOWZhR87NkCuonB5YBAAdtAAM0BA', 'file_unique_id': 'AQADmhYAAo5ZmFFy', 'file_size': 33657, 'width': 320, 'height': 320}, 'thumb': {'file_id': 'AAMCBAADGQMAAgJwZjLgI5_yKecOS9z1fkT3P2q1xhAAApoWAAKOWZhR87NkCuonB5YBAAdtAAM0BA', 'file_unique_id': 'AQADmhYAAo5ZmFFy', 'file_size': 33657, 'width': 320, 'height': 320}, 'file_id': 'BQACAgQAAxkDAAICcGYy4COf8innDkvc9X5E9z9qtcYQAAKaFgACjlmYUfOzZArqJweWNAQ', 'file_unique_id': 'AgADmhYAAo5ZmFE', 'file_size': 832024}}`]
[2024-05-02 00:36:51,166]: [_trace.py]: atrace: 85:       DEBUG:    [close.started]
[2024-05-02 00:36:51,166]: [_trace.py]: atrace: 85:       DEBUG:    [close.complete]
[2024-05-02 00:36:51,166]: [_config.py]: load_ssl_context: 80:       DEBUG:    [load_ssl_context verify=True cert=None trust_env=True http2=False]
[2024-05-02 00:36:51,167]: [_config.py]: load_ssl_context_verify: 146:       DEBUG:    [load_verify_locations cafile='/opt/hostedtoolcache/Python/3.12.3/x64/lib/python3.12/site-packages/certifi/cacert.pem']
[2024-05-02 00:36:51,194]: [_config.py]: load_ssl_context: 80:       DEBUG:    [load_ssl_context verify=True cert=None trust_env=True http2=False]
[2024-05-02 00:36:51,195]: [_config.py]: load_ssl_context_verify: 146:       DEBUG:    [load_verify_locations cafile='/opt/hostedtoolcache/Python/3.12.3/x64/lib/python3.12/site-packages/certifi/cacert.pem']
[2024-05-02 00:36:51,221]: [_bot.py]: _do_post: 643:       DEBUG:    [Calling Bot API endpoint `getMe` with parameters `{}`]
[2024-05-02 00:36:51,221]: [_trace.py]: atrace: 85:       DEBUG:    [connect_tcp.started host='api.telegram.org' port=443 local_address=None timeout=5.0 socket_options=None]
[2024-05-02 00:36:51,323]: [_trace.py]: atrace: 85:       DEBUG:    [connect_tcp.complete return_value=<httpcore._backends.anyio.AnyIOStream object at 0x7f97a50a2300>]
[2024-05-02 00:36:51,323]: [_trace.py]: atrace: 85:       DEBUG:    [start_tls.started ssl_context=<ssl.SSLContext object at 0x7f97a53984d0> server_hostname='api.telegram.org' timeout=5.0]
[2024-05-02 00:36:51,425]: [_trace.py]: atrace: 85:       DEBUG:    [start_tls.complete return_value=<httpcore._backends.anyio.AnyIOStream object at 0x7f97a504fa70>]
[2024-05-02 00:36:51,426]: [_trace.py]: atrace: 85:       DEBUG:    [send_request_headers.started request=<Request [b'POST']>]
[2024-05-02 00:36:51,426]: [_trace.py]: atrace: 85:       DEBUG:    [send_request_headers.complete]
[2024-05-02 00:36:51,426]: [_trace.py]: atrace: 85:       DEBUG:    [send_request_body.started request=<Request [b'POST']>]
[2024-05-02 00:36:51,426]: [_trace.py]: atrace: 85:       DEBUG:    [send_request_body.complete]
[2024-05-02 00:36:51,426]: [_trace.py]: atrace: 85:       DEBUG:    [receive_response_headers.started request=<Request [b'POST']>]
[2024-05-02 00:36:51,527]: [_trace.py]: atrace: 85:       DEBUG:    [receive_response_headers.complete return_value=(b'HTTP/1.1', 200, b'OK', [(b'Server', b'nginx/1.18.0'), (b'Date', b'Thu, 02 May 2024 00:36:51 GMT'), (b'Content-Type', b'application/json'), (b'Content-Length', b'233'), (b'Connection', b'keep-alive'), (b'Strict-Transport-Security', b'max-age=31536000; includeSubDomains; preload'), (b'Access-Control-Allow-Origin', b'*'), (b'Access-Control-Allow-Methods', b'GET, POST, OPTIONS'), (b'Access-Control-Expose-Headers', b'Content-Length,Content-Type,Date,Server,Connection')])]
[2024-05-02 00:36:51,527]: [_client.py]: _send_single_request: 1773:       INFO:    [HTTP Request: POST https://api.telegram.org/bot6030805959:AAGUHAMxLYc-PrevgKouJ3ZyM7ktu56ftjo/getMe "HTTP/1.1 200 OK"]
[2024-05-02 00:36:51,527]: [_trace.py]: atrace: 85:       DEBUG:    [receive_response_body.started request=<Request [b'POST']>]
[2024-05-02 00:36:51,527]: [_trace.py]: atrace: 85:       DEBUG:    [receive_response_body.complete]
[2024-05-02 00:36:51,527]: [_trace.py]: atrace: 85:       DEBUG:    [response_closed.started]
[2024-05-02 00:36:51,527]: [_trace.py]: atrace: 85:       DEBUG:    [response_closed.complete]
[2024-05-02 00:36:51,528]: [_bot.py]: _do_post: 652:       DEBUG:    [Call to Bot API endpoint `getMe` finished with return value `{'id': 6030805959, 'is_bot': True, 'first_name': 'TyPHoone', 'username': 'TyPHoone_Project_bot', 'can_join_groups': True, 'can_read_all_group_messages': False, 'supports_inline_queries': False, 'can_connect_to_business': False}`]
[2024-05-02 00:36:51,528]: [_trace.py]: atrace: 85:       DEBUG:    [close.started]
[2024-05-02 00:36:51,528]: [_trace.py]: atrace: 85:       DEBUG:    [close.complete]
[2024-05-02 00:36:51,528]: [Telegram_Sender.py]: runner: 39:       CRITICAL:    [Files Didnt sent]
[2024-05-02 00:36:51,529]: [Main.py]: <module>: 48:       INFO:    [Finished]
