[2024-06-27 11:39:11,121]: [Main.py]: <module>: 21:       INFO:    [Started]
[2024-06-27 11:39:12,487]: [Iron_Scraper.py]: Scrap: 32:       INFO:    [Data Scaraped Successfully]
[2024-06-27 11:39:12,683]: [Iron_Scraper.py]: Scrap: 70:       INFO:    [Scrapped Data Has No Problem]
[2024-06-27 11:39:12,683]: [Iron_Scraper.py]: Scrap: 83:       INFO:    [Data Saved Successfully]
[2024-06-27 11:39:12,683]: [Iron.py]: Run: 26:       INFO:    [Scraping Phase Completed]
[2024-06-27 11:39:12,684]: [Iron_Data_Processor.py]: Data_Reader: 61:       INFO:    [Data File Has Been Red Successfully]
[2024-06-27 11:39:12,684]: [Iron_Data_Processor.py]: Shaper: 78:       INFO:    [Data Shaped]
[2024-06-27 11:39:12,684]: [Iron_Data_Processor.py]: Process: 228:       INFO:    [Data Cleaned]
[2024-06-27 11:39:12,684]: [Iron_Data_Processor.py]: Make_Pages_Objects: 101:       INFO:    [Page Objects Has Been Made]
[2024-06-27 11:39:12,684]: [Iron_Data_Processor.py]: Make_Pages_Objects: 101:       INFO:    [Page Objects Has Been Made]
[2024-06-27 11:39:12,684]: [Iron_Data_Processor.py]: Load_Data: 118:       INFO:    [Data Has Been Load]
[2024-06-27 11:39:12,684]: [Iron_Data_Processor.py]: Load_Data: 118:       INFO:    [Data Has Been Load]
[2024-06-27 11:39:12,684]: [Iron_Data_Processor.py]: Load_positions: 140:       INFO:    [Positions Are Ready]
[2024-06-27 11:39:12,684]: [Iron_Data_Processor.py]: Load_positions: 140:       INFO:    [Positions Are Ready]
[2024-06-27 11:39:13,800]: [Iron_Data_Processor.py]: Make_Tagged_Images: 193:       INFO:    [Images Has Been Made]
[2024-06-27 11:39:14,751]: [Iron_Data_Processor.py]: Make_Tagged_Images: 193:       INFO:    [Images Has Been Made]
[2024-06-27 11:39:15,004]: [Iron_Data_Processor.py]: Make_Cover_Page: 215:       INFO:    [Made Cover Pages]
[2024-06-27 11:39:15,004]: [Iron.py]: Run: 29:       INFO:    [Imagination Phase Completed]
[2024-06-27 11:39:18,333]: [Phone_Scraper.py]: Scrap: 58:       INFO:    [Data Scraped]
[2024-06-27 11:39:18,334]: [Phone_Scraper.py]: Scrap: 71:       INFO:    [Scraped Data Successfully]
[2024-06-27 11:39:18,334]: [Phone.py]: Run: 26:       INFO:    [Scraping Phase Complete]
[2024-06-27 11:39:18,334]: [Phone_Data_Processor.py]: data_reader: 38:       INFO:    [Scraped Data Loaded]
[2024-06-27 11:39:18,335]: [Phone_Data_Processor.py]: filter_list: 65:       INFO:    [Persian Phrases Are deleted]
[2024-06-27 11:39:18,336]: [Phone_Data_Processor.py]: reshape_list: 87:       INFO:    [Date Reshaped]
[2024-06-27 11:39:18,336]: [Phone_Data_Processor.py]: separate_brands: 124:       INFO:    [Brands Are Separated]
[2024-06-27 11:39:18,336]: [Phone_Data_Processor.py]: delete_extra_spaces: 141:       INFO:    [Extra Spaces Are Deleted]
[2024-06-27 11:39:19,065]: [Phone.py]: Run: 29:       INFO:    [Imagination Phase Complete]
[2024-06-27 11:39:19,065]: [selector_events.py]: __init__: 64:       DEBUG:    [Using selector: EpollSelector]
[2024-06-27 11:39:19,384]: [_bot.py]: _do_post: 643:       DEBUG:    [Calling Bot API endpoint `getMe` with parameters `{}`]
[2024-06-27 11:39:19,388]: [_trace.py]: atrace: 85:       DEBUG:    [connect_tcp.started host='api.telegram.org' port=443 local_address=None timeout=5.0 socket_options=None]
[2024-06-27 11:39:19,521]: [_trace.py]: atrace: 85:       DEBUG:    [connect_tcp.complete return_value=<httpcore._backends.anyio.AnyIOStream object at 0x7fcd538968d0>]
[2024-06-27 11:39:19,521]: [_trace.py]: atrace: 85:       DEBUG:    [start_tls.started ssl_context=<ssl.SSLContext object at 0x7fcd541329d0> server_hostname='api.telegram.org' timeout=5.0]
[2024-06-27 11:39:19,612]: [_trace.py]: atrace: 85:       DEBUG:    [start_tls.complete return_value=<httpcore._backends.anyio.AnyIOStream object at 0x7fcd5432c9e0>]
[2024-06-27 11:39:19,612]: [_trace.py]: atrace: 85:       DEBUG:    [send_request_headers.started request=<Request [b'POST']>]
[2024-06-27 11:39:19,613]: [_trace.py]: atrace: 85:       DEBUG:    [send_request_headers.complete]
[2024-06-27 11:39:19,613]: [_trace.py]: atrace: 85:       DEBUG:    [send_request_body.started request=<Request [b'POST']>]
[2024-06-27 11:39:19,613]: [_trace.py]: atrace: 85:       DEBUG:    [send_request_body.complete]
[2024-06-27 11:39:19,613]: [_trace.py]: atrace: 85:       DEBUG:    [receive_response_headers.started request=<Request [b'POST']>]
[2024-06-27 11:39:19,705]: [_trace.py]: atrace: 85:       DEBUG:    [receive_response_headers.complete return_value=(b'HTTP/1.1', 200, b'OK', [(b'Server', b'nginx/1.18.0'), (b'Date', b'Thu, 27 Jun 2024 11:39:19 GMT'), (b'Content-Type', b'application/json'), (b'Content-Length', b'233'), (b'Connection', b'keep-alive'), (b'Strict-Transport-Security', b'max-age=31536000; includeSubDomains; preload'), (b'Access-Control-Allow-Origin', b'*'), (b'Access-Control-Allow-Methods', b'GET, POST, OPTIONS'), (b'Access-Control-Expose-Headers', b'Content-Length,Content-Type,Date,Server,Connection')])]
[2024-06-27 11:39:19,706]: [_client.py]: _send_single_request: 1773:       INFO:    [HTTP Request: POST https://api.telegram.org/bot6030805959:AAGUHAMxLYc-PrevgKouJ3ZyM7ktu56ftjo/getMe "HTTP/1.1 200 OK"]
[2024-06-27 11:39:19,706]: [_trace.py]: atrace: 85:       DEBUG:    [receive_response_body.started request=<Request [b'POST']>]
[2024-06-27 11:39:19,706]: [_trace.py]: atrace: 85:       DEBUG:    [receive_response_body.complete]
[2024-06-27 11:39:19,706]: [_trace.py]: atrace: 85:       DEBUG:    [response_closed.started]
[2024-06-27 11:39:19,706]: [_trace.py]: atrace: 85:       DEBUG:    [response_closed.complete]
[2024-06-27 11:39:19,706]: [_bot.py]: _do_post: 652:       DEBUG:    [Call to Bot API endpoint `getMe` finished with return value `{'id': 6030805959, 'is_bot': True, 'first_name': 'TyPHoone', 'username': 'TyPHoone_Project_bot', 'can_join_groups': True, 'can_read_all_group_messages': False, 'supports_inline_queries': False, 'can_connect_to_business': False}`]
[2024-06-27 11:39:19,710]: [_bot.py]: _do_post: 643:       DEBUG:    [Calling Bot API endpoint `sendDocument` with parameters `{'chat_id': '-4119703192', 'document': <telegram._files.inputfile.InputFile object at 0x7fcd5413ef00>}`]
[2024-06-27 11:39:19,710]: [_trace.py]: atrace: 85:       DEBUG:    [send_request_headers.started request=<Request [b'POST']>]
[2024-06-27 11:39:19,710]: [_trace.py]: atrace: 85:       DEBUG:    [send_request_headers.complete]
[2024-06-27 11:39:19,710]: [_trace.py]: atrace: 85:       DEBUG:    [send_request_body.started request=<Request [b'POST']>]
[2024-06-27 11:39:19,711]: [_trace.py]: atrace: 85:       DEBUG:    [send_request_body.complete]
[2024-06-27 11:39:19,711]: [_trace.py]: atrace: 85:       DEBUG:    [receive_response_headers.started request=<Request [b'POST']>]
[2024-06-27 11:39:19,877]: [_trace.py]: atrace: 85:       DEBUG:    [receive_response_headers.complete return_value=(b'HTTP/1.1', 200, b'OK', [(b'Server', b'nginx/1.18.0'), (b'Date', b'Thu, 27 Jun 2024 11:39:19 GMT'), (b'Content-Type', b'application/json'), (b'Content-Length', b'463'), (b'Connection', b'keep-alive'), (b'Strict-Transport-Security', b'max-age=31536000; includeSubDomains; preload'), (b'Access-Control-Allow-Origin', b'*'), (b'Access-Control-Allow-Methods', b'GET, POST, OPTIONS'), (b'Access-Control-Expose-Headers', b'Content-Length,Content-Type,Date,Server,Connection')])]
[2024-06-27 11:39:19,877]: [_client.py]: _send_single_request: 1773:       INFO:    [HTTP Request: POST https://api.telegram.org/bot6030805959:AAGUHAMxLYc-PrevgKouJ3ZyM7ktu56ftjo/sendDocument "HTTP/1.1 200 OK"]
[2024-06-27 11:39:19,877]: [_trace.py]: atrace: 85:       DEBUG:    [receive_response_body.started request=<Request [b'POST']>]
[2024-06-27 11:39:19,878]: [_trace.py]: atrace: 85:       DEBUG:    [receive_response_body.complete]
[2024-06-27 11:39:19,878]: [_trace.py]: atrace: 85:       DEBUG:    [response_closed.started]
[2024-06-27 11:39:19,878]: [_trace.py]: atrace: 85:       DEBUG:    [response_closed.complete]
[2024-06-27 11:39:19,878]: [_bot.py]: _do_post: 652:       DEBUG:    [Call to Bot API endpoint `sendDocument` finished with return value `{'message_id': 877, 'from': {'id': 6030805959, 'is_bot': True, 'first_name': 'TyPHoone', 'username': 'TyPHoone_Project_bot'}, 'chat': {'id': -4119703192, 'title': 'Robocop', 'type': 'group', 'all_members_are_administrators': True}, 'date': 1719488359, 'document': {'file_name': '(2024_06_27--11_39).log', 'mime_type': 'text/plain', 'file_id': 'BQACAgQAAxkDAAIDbWZ9T2dVyqz0JVPhFBgKMvGkfF2wAAI6FAACVPvpU-1YIWT98AJ1NQQ', 'file_unique_id': 'AgADOhQAAlT76VM', 'file_size': 5910}}`]
[2024-06-27 11:39:19,878]: [_trace.py]: atrace: 85:       DEBUG:    [close.started]
[2024-06-27 11:39:19,879]: [_trace.py]: atrace: 85:       DEBUG:    [close.complete]
[2024-06-27 11:39:19,879]: [_config.py]: load_ssl_context: 80:       DEBUG:    [load_ssl_context verify=True cert=None trust_env=True http2=False]
[2024-06-27 11:39:19,879]: [_config.py]: load_ssl_context_verify: 146:       DEBUG:    [load_verify_locations cafile='/opt/hostedtoolcache/Python/3.12.4/x64/lib/python3.12/site-packages/certifi/cacert.pem']
[2024-06-27 11:39:19,905]: [_config.py]: load_ssl_context: 80:       DEBUG:    [load_ssl_context verify=True cert=None trust_env=True http2=False]
[2024-06-27 11:39:19,906]: [_config.py]: load_ssl_context_verify: 146:       DEBUG:    [load_verify_locations cafile='/opt/hostedtoolcache/Python/3.12.4/x64/lib/python3.12/site-packages/certifi/cacert.pem']
[2024-06-27 11:39:19,931]: [_bot.py]: _do_post: 643:       DEBUG:    [Calling Bot API endpoint `getMe` with parameters `{}`]
[2024-06-27 11:39:19,931]: [_trace.py]: atrace: 85:       DEBUG:    [connect_tcp.started host='api.telegram.org' port=443 local_address=None timeout=5.0 socket_options=None]
[2024-06-27 11:39:20,022]: [_trace.py]: atrace: 85:       DEBUG:    [connect_tcp.complete return_value=<httpcore._backends.anyio.AnyIOStream object at 0x7fcd5437c7d0>]
[2024-06-27 11:39:20,022]: [_trace.py]: atrace: 85:       DEBUG:    [start_tls.started ssl_context=<ssl.SSLContext object at 0x7fcd541327d0> server_hostname='api.telegram.org' timeout=5.0]
[2024-06-27 11:39:20,113]: [_trace.py]: atrace: 85:       DEBUG:    [start_tls.complete return_value=<httpcore._backends.anyio.AnyIOStream object at 0x7fcd53861220>]
[2024-06-27 11:39:20,113]: [_trace.py]: atrace: 85:       DEBUG:    [send_request_headers.started request=<Request [b'POST']>]
[2024-06-27 11:39:20,113]: [_trace.py]: atrace: 85:       DEBUG:    [send_request_headers.complete]
[2024-06-27 11:39:20,113]: [_trace.py]: atrace: 85:       DEBUG:    [send_request_body.started request=<Request [b'POST']>]
[2024-06-27 11:39:20,113]: [_trace.py]: atrace: 85:       DEBUG:    [send_request_body.complete]
[2024-06-27 11:39:20,113]: [_trace.py]: atrace: 85:       DEBUG:    [receive_response_headers.started request=<Request [b'POST']>]
[2024-06-27 11:39:20,203]: [_trace.py]: atrace: 85:       DEBUG:    [receive_response_headers.complete return_value=(b'HTTP/1.1', 200, b'OK', [(b'Server', b'nginx/1.18.0'), (b'Date', b'Thu, 27 Jun 2024 11:39:20 GMT'), (b'Content-Type', b'application/json'), (b'Content-Length', b'233'), (b'Connection', b'keep-alive'), (b'Strict-Transport-Security', b'max-age=31536000; includeSubDomains; preload'), (b'Access-Control-Allow-Origin', b'*'), (b'Access-Control-Allow-Methods', b'GET, POST, OPTIONS'), (b'Access-Control-Expose-Headers', b'Content-Length,Content-Type,Date,Server,Connection')])]
[2024-06-27 11:39:20,203]: [_client.py]: _send_single_request: 1773:       INFO:    [HTTP Request: POST https://api.telegram.org/bot6030805959:AAGUHAMxLYc-PrevgKouJ3ZyM7ktu56ftjo/getMe "HTTP/1.1 200 OK"]
[2024-06-27 11:39:20,203]: [_trace.py]: atrace: 85:       DEBUG:    [receive_response_body.started request=<Request [b'POST']>]
[2024-06-27 11:39:20,203]: [_trace.py]: atrace: 85:       DEBUG:    [receive_response_body.complete]
[2024-06-27 11:39:20,204]: [_trace.py]: atrace: 85:       DEBUG:    [response_closed.started]
[2024-06-27 11:39:20,204]: [_trace.py]: atrace: 85:       DEBUG:    [response_closed.complete]
[2024-06-27 11:39:20,204]: [_bot.py]: _do_post: 652:       DEBUG:    [Call to Bot API endpoint `getMe` finished with return value `{'id': 6030805959, 'is_bot': True, 'first_name': 'TyPHoone', 'username': 'TyPHoone_Project_bot', 'can_join_groups': True, 'can_read_all_group_messages': False, 'supports_inline_queries': False, 'can_connect_to_business': False}`]
[2024-06-27 11:39:20,206]: [_bot.py]: _do_post: 643:       DEBUG:    [Calling Bot API endpoint `sendDocument` with parameters `{'chat_id': '-4119703192', 'document': <telegram._files.inputfile.InputFile object at 0x7fcd538eac80>}`]
[2024-06-27 11:39:20,207]: [_trace.py]: atrace: 85:       DEBUG:    [send_request_headers.started request=<Request [b'POST']>]
[2024-06-27 11:39:20,207]: [_trace.py]: atrace: 85:       DEBUG:    [send_request_headers.complete]
[2024-06-27 11:39:20,207]: [_trace.py]: atrace: 85:       DEBUG:    [send_request_body.started request=<Request [b'POST']>]
[2024-06-27 11:39:21,091]: [_trace.py]: atrace: 85:       DEBUG:    [send_request_body.complete]
[2024-06-27 11:39:21,091]: [_trace.py]: atrace: 85:       DEBUG:    [receive_response_headers.started request=<Request [b'POST']>]
[2024-06-27 11:39:22,023]: [_trace.py]: atrace: 85:       DEBUG:    [receive_response_headers.complete return_value=(b'HTTP/1.1', 200, b'OK', [(b'Server', b'nginx/1.18.0'), (b'Date', b'Thu, 27 Jun 2024 11:39:21 GMT'), (b'Content-Type', b'application/json'), (b'Content-Length', b'478'), (b'Connection', b'keep-alive'), (b'Strict-Transport-Security', b'max-age=31536000; includeSubDomains; preload'), (b'Access-Control-Allow-Origin', b'*'), (b'Access-Control-Allow-Methods', b'GET, POST, OPTIONS'), (b'Access-Control-Expose-Headers', b'Content-Length,Content-Type,Date,Server,Connection')])]
[2024-06-27 11:39:22,023]: [_client.py]: _send_single_request: 1773:       INFO:    [HTTP Request: POST https://api.telegram.org/bot6030805959:AAGUHAMxLYc-PrevgKouJ3ZyM7ktu56ftjo/sendDocument "HTTP/1.1 200 OK"]
[2024-06-27 11:39:22,023]: [_trace.py]: atrace: 85:       DEBUG:    [receive_response_body.started request=<Request [b'POST']>]
[2024-06-27 11:39:22,023]: [_trace.py]: atrace: 85:       DEBUG:    [receive_response_body.complete]
[2024-06-27 11:39:22,023]: [_trace.py]: atrace: 85:       DEBUG:    [response_closed.started]
[2024-06-27 11:39:22,024]: [_trace.py]: atrace: 85:       DEBUG:    [response_closed.complete]
[2024-06-27 11:39:22,024]: [_bot.py]: _do_post: 652:       DEBUG:    [Call to Bot API endpoint `sendDocument` finished with return value `{'message_id': 878, 'from': {'id': 6030805959, 'is_bot': True, 'first_name': 'TyPHoone', 'username': 'TyPHoone_Project_bot'}, 'chat': {'id': -4119703192, 'title': 'Robocop', 'type': 'group', 'all_members_are_administrators': True}, 'date': 1719488361, 'document': {'file_name': '(2024_06_27--11_39)output.zip', 'mime_type': 'application/zip', 'file_id': 'BQACAgQAAxkDAAIDbmZ9T2mN3Qbr_yFlivAAAd-06kLgDQACOxQAAlT76VN045f5H4637zUE', 'file_unique_id': 'AgADOxQAAlT76VM', 'file_size': 9502663}}`]
[2024-06-27 11:39:22,024]: [_trace.py]: atrace: 85:       DEBUG:    [close.started]
[2024-06-27 11:39:22,024]: [_trace.py]: atrace: 85:       DEBUG:    [close.complete]
[2024-06-27 11:39:22,024]: [Telegram_Sender.py]: runner: 61:       INFO:    [sent successfully]
[2024-06-27 11:39:22,025]: [Main.py]: <module>: 48:       INFO:    [Finished]
