[2024-10-31 11:38:56,122]: [Main.py]: <module>: 21:       INFO:    [Started]
[2024-10-31 11:38:57,688]: [Iron_Scraper.py]: Scrap: 32:       INFO:    [Data Scaraped Successfully]
[2024-10-31 11:38:57,874]: [Iron_Scraper.py]: Scrap: 70:       INFO:    [Scrapped Data Has No Problem]
[2024-10-31 11:38:57,874]: [Iron_Scraper.py]: Scrap: 83:       INFO:    [Data Saved Successfully]
[2024-10-31 11:38:57,874]: [Iron.py]: Run: 26:       INFO:    [Scraping Phase Completed]
[2024-10-31 11:38:57,875]: [Iron_Data_Processor.py]: Data_Reader: 61:       INFO:    [Data File Has Been Red Successfully]
[2024-10-31 11:38:57,875]: [Iron_Data_Processor.py]: Shaper: 78:       INFO:    [Data Shaped]
[2024-10-31 11:38:57,875]: [Iron_Data_Processor.py]: Process: 228:       INFO:    [Data Cleaned]
[2024-10-31 11:38:57,875]: [Iron_Data_Processor.py]: Make_Pages_Objects: 101:       INFO:    [Page Objects Has Been Made]
[2024-10-31 11:38:57,875]: [Iron_Data_Processor.py]: Make_Pages_Objects: 101:       INFO:    [Page Objects Has Been Made]
[2024-10-31 11:38:57,875]: [Iron_Data_Processor.py]: Load_Data: 118:       INFO:    [Data Has Been Load]
[2024-10-31 11:38:57,875]: [Iron_Data_Processor.py]: Load_Data: 118:       INFO:    [Data Has Been Load]
[2024-10-31 11:38:57,876]: [Iron_Data_Processor.py]: Load_positions: 140:       INFO:    [Positions Are Ready]
[2024-10-31 11:38:57,876]: [Iron_Data_Processor.py]: Load_positions: 140:       INFO:    [Positions Are Ready]
[2024-10-31 11:38:59,000]: [Iron_Data_Processor.py]: Make_Tagged_Images: 193:       INFO:    [Images Has Been Made]
[2024-10-31 11:38:59,955]: [Iron_Data_Processor.py]: Make_Tagged_Images: 193:       INFO:    [Images Has Been Made]
[2024-10-31 11:39:00,210]: [Iron_Data_Processor.py]: Make_Cover_Page: 215:       INFO:    [Made Cover Pages]
[2024-10-31 11:39:00,210]: [Iron.py]: Run: 29:       INFO:    [Imagination Phase Completed]
[2024-10-31 11:39:03,714]: [Phone_Scraper.py]: Scrap: 58:       INFO:    [Data Scraped]
[2024-10-31 11:39:03,715]: [Phone_Scraper.py]: Scrap: 71:       INFO:    [Scraped Data Successfully]
[2024-10-31 11:39:03,715]: [Phone.py]: Run: 26:       INFO:    [Scraping Phase Complete]
[2024-10-31 11:39:03,715]: [Phone_Data_Processor.py]: data_reader: 38:       INFO:    [Scraped Data Loaded]
[2024-10-31 11:39:03,716]: [Phone_Data_Processor.py]: filter_list: 65:       INFO:    [Persian Phrases Are deleted]
[2024-10-31 11:39:03,717]: [Phone_Data_Processor.py]: reshape_list: 87:       INFO:    [Date Reshaped]
[2024-10-31 11:39:03,717]: [Phone_Data_Processor.py]: separate_brands: 124:       INFO:    [Brands Are Separated]
[2024-10-31 11:39:03,718]: [Phone_Data_Processor.py]: delete_extra_spaces: 141:       INFO:    [Extra Spaces Are Deleted]
[2024-10-31 11:39:04,496]: [Phone.py]: Run: 29:       INFO:    [Imagination Phase Complete]
[2024-10-31 11:39:04,496]: [selector_events.py]: __init__: 64:       DEBUG:    [Using selector: EpollSelector]
[2024-10-31 11:39:04,838]: [_bot.py]: _do_post: 643:       DEBUG:    [Calling Bot API endpoint `getMe` with parameters `{}`]
[2024-10-31 11:39:04,843]: [_trace.py]: atrace: 85:       DEBUG:    [connect_tcp.started host='api.telegram.org' port=443 local_address=None timeout=5.0 socket_options=None]
[2024-10-31 11:39:04,979]: [_trace.py]: atrace: 85:       DEBUG:    [connect_tcp.complete return_value=<httpcore._backends.anyio.AnyIOStream object at 0x7f54bb9b8b30>]
[2024-10-31 11:39:04,980]: [_trace.py]: atrace: 85:       DEBUG:    [start_tls.started ssl_context=<ssl.SSLContext object at 0x7f54b0d43ad0> server_hostname='api.telegram.org' timeout=5.0]
[2024-10-31 11:39:05,073]: [_trace.py]: atrace: 85:       DEBUG:    [start_tls.complete return_value=<httpcore._backends.anyio.AnyIOStream object at 0x7f54b0f135f0>]
[2024-10-31 11:39:05,073]: [_trace.py]: atrace: 85:       DEBUG:    [send_request_headers.started request=<Request [b'POST']>]
[2024-10-31 11:39:05,074]: [_trace.py]: atrace: 85:       DEBUG:    [send_request_headers.complete]
[2024-10-31 11:39:05,074]: [_trace.py]: atrace: 85:       DEBUG:    [send_request_body.started request=<Request [b'POST']>]
[2024-10-31 11:39:05,074]: [_trace.py]: atrace: 85:       DEBUG:    [send_request_body.complete]
[2024-10-31 11:39:05,074]: [_trace.py]: atrace: 85:       DEBUG:    [receive_response_headers.started request=<Request [b'POST']>]
[2024-10-31 11:39:05,181]: [_trace.py]: atrace: 85:       DEBUG:    [receive_response_headers.complete return_value=(b'HTTP/1.1', 200, b'OK', [(b'Server', b'nginx/1.18.0'), (b'Date', b'Thu, 31 Oct 2024 11:39:05 GMT'), (b'Content-Type', b'application/json'), (b'Content-Length', b'258'), (b'Connection', b'keep-alive'), (b'Strict-Transport-Security', b'max-age=31536000; includeSubDomains; preload'), (b'Access-Control-Allow-Origin', b'*'), (b'Access-Control-Allow-Methods', b'GET, POST, OPTIONS'), (b'Access-Control-Expose-Headers', b'Content-Length,Content-Type,Date,Server,Connection')])]
[2024-10-31 11:39:05,182]: [_client.py]: _send_single_request: 1786:       INFO:    [HTTP Request: POST https://api.telegram.org/bot6030805959:AAGUHAMxLYc-PrevgKouJ3ZyM7ktu56ftjo/getMe "HTTP/1.1 200 OK"]
[2024-10-31 11:39:05,182]: [_trace.py]: atrace: 85:       DEBUG:    [receive_response_body.started request=<Request [b'POST']>]
[2024-10-31 11:39:05,182]: [_trace.py]: atrace: 85:       DEBUG:    [receive_response_body.complete]
[2024-10-31 11:39:05,182]: [_trace.py]: atrace: 85:       DEBUG:    [response_closed.started]
[2024-10-31 11:39:05,182]: [_trace.py]: atrace: 85:       DEBUG:    [response_closed.complete]
[2024-10-31 11:39:05,183]: [_bot.py]: _do_post: 652:       DEBUG:    [Call to Bot API endpoint `getMe` finished with return value `{'id': 6030805959, 'is_bot': True, 'first_name': 'TyPHoone', 'username': 'TyPHoone_Project_bot', 'can_join_groups': True, 'can_read_all_group_messages': False, 'supports_inline_queries': False, 'can_connect_to_business': False, 'has_main_web_app': False}`]
[2024-10-31 11:39:05,186]: [_bot.py]: _do_post: 643:       DEBUG:    [Calling Bot API endpoint `sendDocument` with parameters `{'chat_id': '-4119703192', 'document': <telegram._files.inputfile.InputFile object at 0x7f54b039d4c0>}`]
[2024-10-31 11:39:05,187]: [_trace.py]: atrace: 85:       DEBUG:    [send_request_headers.started request=<Request [b'POST']>]
[2024-10-31 11:39:05,187]: [_trace.py]: atrace: 85:       DEBUG:    [send_request_headers.complete]
[2024-10-31 11:39:05,187]: [_trace.py]: atrace: 85:       DEBUG:    [send_request_body.started request=<Request [b'POST']>]
[2024-10-31 11:39:05,188]: [_trace.py]: atrace: 85:       DEBUG:    [send_request_body.complete]
[2024-10-31 11:39:05,188]: [_trace.py]: atrace: 85:       DEBUG:    [receive_response_headers.started request=<Request [b'POST']>]
[2024-10-31 11:39:05,415]: [_trace.py]: atrace: 85:       DEBUG:    [receive_response_headers.complete return_value=(b'HTTP/1.1', 200, b'OK', [(b'Server', b'nginx/1.18.0'), (b'Date', b'Thu, 31 Oct 2024 11:39:05 GMT'), (b'Content-Type', b'application/json'), (b'Content-Length', b'464'), (b'Connection', b'keep-alive'), (b'Strict-Transport-Security', b'max-age=31536000; includeSubDomains; preload'), (b'Access-Control-Allow-Origin', b'*'), (b'Access-Control-Allow-Methods', b'GET, POST, OPTIONS'), (b'Access-Control-Expose-Headers', b'Content-Length,Content-Type,Date,Server,Connection')])]
[2024-10-31 11:39:05,415]: [_client.py]: _send_single_request: 1786:       INFO:    [HTTP Request: POST https://api.telegram.org/bot6030805959:AAGUHAMxLYc-PrevgKouJ3ZyM7ktu56ftjo/sendDocument "HTTP/1.1 200 OK"]
[2024-10-31 11:39:05,415]: [_trace.py]: atrace: 85:       DEBUG:    [receive_response_body.started request=<Request [b'POST']>]
[2024-10-31 11:39:05,416]: [_trace.py]: atrace: 85:       DEBUG:    [receive_response_body.complete]
[2024-10-31 11:39:05,416]: [_trace.py]: atrace: 85:       DEBUG:    [response_closed.started]
[2024-10-31 11:39:05,416]: [_trace.py]: atrace: 85:       DEBUG:    [response_closed.complete]
[2024-10-31 11:39:05,416]: [_bot.py]: _do_post: 652:       DEBUG:    [Call to Bot API endpoint `sendDocument` finished with return value `{'message_id': 1960, 'from': {'id': 6030805959, 'is_bot': True, 'first_name': 'TyPHoone', 'username': 'TyPHoone_Project_bot'}, 'chat': {'id': -4119703192, 'title': 'Robocop', 'type': 'group', 'all_members_are_administrators': True}, 'date': 1730374745, 'document': {'file_name': '(2024_10_31--11_38).log', 'mime_type': 'text/plain', 'file_id': 'BQACAgQAAxkDAAIHqGcjbFmTHt37bxUgtXT0thmZPxHeAAKSEwACBvwYUWN2Zbd8uyfmNgQ', 'file_unique_id': 'AgADkhMAAgb8GFE', 'file_size': 5937}}`]
[2024-10-31 11:39:05,416]: [_trace.py]: atrace: 85:       DEBUG:    [close.started]
[2024-10-31 11:39:05,417]: [_trace.py]: atrace: 85:       DEBUG:    [close.complete]
[2024-10-31 11:39:05,417]: [_config.py]: load_ssl_context: 82:       DEBUG:    [load_ssl_context verify=True cert=None trust_env=True http2=False]
[2024-10-31 11:39:05,417]: [_config.py]: load_ssl_context_verify: 148:       DEBUG:    [load_verify_locations cafile='/opt/hostedtoolcache/Python/3.12.7/x64/lib/python3.12/site-packages/certifi/cacert.pem']
[2024-10-31 11:39:05,446]: [_config.py]: load_ssl_context: 82:       DEBUG:    [load_ssl_context verify=True cert=None trust_env=True http2=False]
[2024-10-31 11:39:05,446]: [_config.py]: load_ssl_context_verify: 148:       DEBUG:    [load_verify_locations cafile='/opt/hostedtoolcache/Python/3.12.7/x64/lib/python3.12/site-packages/certifi/cacert.pem']
[2024-10-31 11:39:05,474]: [_bot.py]: _do_post: 643:       DEBUG:    [Calling Bot API endpoint `getMe` with parameters `{}`]
[2024-10-31 11:39:05,475]: [_trace.py]: atrace: 85:       DEBUG:    [connect_tcp.started host='api.telegram.org' port=443 local_address=None timeout=5.0 socket_options=None]
[2024-10-31 11:39:05,564]: [_trace.py]: atrace: 85:       DEBUG:    [connect_tcp.complete return_value=<httpcore._backends.anyio.AnyIOStream object at 0x7f54b037c500>]
[2024-10-31 11:39:05,564]: [_trace.py]: atrace: 85:       DEBUG:    [start_tls.started ssl_context=<ssl.SSLContext object at 0x7f54b0d438d0> server_hostname='api.telegram.org' timeout=5.0]
[2024-10-31 11:39:05,655]: [_trace.py]: atrace: 85:       DEBUG:    [start_tls.complete return_value=<httpcore._backends.anyio.AnyIOStream object at 0x7f54b088f620>]
[2024-10-31 11:39:05,655]: [_trace.py]: atrace: 85:       DEBUG:    [send_request_headers.started request=<Request [b'POST']>]
[2024-10-31 11:39:05,655]: [_trace.py]: atrace: 85:       DEBUG:    [send_request_headers.complete]
[2024-10-31 11:39:05,656]: [_trace.py]: atrace: 85:       DEBUG:    [send_request_body.started request=<Request [b'POST']>]
[2024-10-31 11:39:05,656]: [_trace.py]: atrace: 85:       DEBUG:    [send_request_body.complete]
[2024-10-31 11:39:05,656]: [_trace.py]: atrace: 85:       DEBUG:    [receive_response_headers.started request=<Request [b'POST']>]
[2024-10-31 11:39:05,744]: [_trace.py]: atrace: 85:       DEBUG:    [receive_response_headers.complete return_value=(b'HTTP/1.1', 200, b'OK', [(b'Server', b'nginx/1.18.0'), (b'Date', b'Thu, 31 Oct 2024 11:39:05 GMT'), (b'Content-Type', b'application/json'), (b'Content-Length', b'258'), (b'Connection', b'keep-alive'), (b'Strict-Transport-Security', b'max-age=31536000; includeSubDomains; preload'), (b'Access-Control-Allow-Origin', b'*'), (b'Access-Control-Allow-Methods', b'GET, POST, OPTIONS'), (b'Access-Control-Expose-Headers', b'Content-Length,Content-Type,Date,Server,Connection')])]
[2024-10-31 11:39:05,744]: [_client.py]: _send_single_request: 1786:       INFO:    [HTTP Request: POST https://api.telegram.org/bot6030805959:AAGUHAMxLYc-PrevgKouJ3ZyM7ktu56ftjo/getMe "HTTP/1.1 200 OK"]
[2024-10-31 11:39:05,744]: [_trace.py]: atrace: 85:       DEBUG:    [receive_response_body.started request=<Request [b'POST']>]
[2024-10-31 11:39:05,744]: [_trace.py]: atrace: 85:       DEBUG:    [receive_response_body.complete]
[2024-10-31 11:39:05,744]: [_trace.py]: atrace: 85:       DEBUG:    [response_closed.started]
[2024-10-31 11:39:05,744]: [_trace.py]: atrace: 85:       DEBUG:    [response_closed.complete]
[2024-10-31 11:39:05,745]: [_bot.py]: _do_post: 652:       DEBUG:    [Call to Bot API endpoint `getMe` finished with return value `{'id': 6030805959, 'is_bot': True, 'first_name': 'TyPHoone', 'username': 'TyPHoone_Project_bot', 'can_join_groups': True, 'can_read_all_group_messages': False, 'supports_inline_queries': False, 'can_connect_to_business': False, 'has_main_web_app': False}`]
[2024-10-31 11:39:05,747]: [_bot.py]: _do_post: 643:       DEBUG:    [Calling Bot API endpoint `sendDocument` with parameters `{'chat_id': '-4119703192', 'document': <telegram._files.inputfile.InputFile object at 0x7f54b0d685c0>}`]
[2024-10-31 11:39:05,748]: [_trace.py]: atrace: 85:       DEBUG:    [send_request_headers.started request=<Request [b'POST']>]
[2024-10-31 11:39:05,748]: [_trace.py]: atrace: 85:       DEBUG:    [send_request_headers.complete]
[2024-10-31 11:39:05,748]: [_trace.py]: atrace: 85:       DEBUG:    [send_request_body.started request=<Request [b'POST']>]
[2024-10-31 11:39:06,557]: [_trace.py]: atrace: 85:       DEBUG:    [send_request_body.complete]
[2024-10-31 11:39:06,557]: [_trace.py]: atrace: 85:       DEBUG:    [receive_response_headers.started request=<Request [b'POST']>]
[2024-10-31 11:39:07,177]: [_trace.py]: atrace: 85:       DEBUG:    [receive_response_headers.complete return_value=(b'HTTP/1.1', 200, b'OK', [(b'Server', b'nginx/1.18.0'), (b'Date', b'Thu, 31 Oct 2024 11:39:07 GMT'), (b'Content-Type', b'application/json'), (b'Content-Length', b'479'), (b'Connection', b'keep-alive'), (b'Strict-Transport-Security', b'max-age=31536000; includeSubDomains; preload'), (b'Access-Control-Allow-Origin', b'*'), (b'Access-Control-Allow-Methods', b'GET, POST, OPTIONS'), (b'Access-Control-Expose-Headers', b'Content-Length,Content-Type,Date,Server,Connection')])]
[2024-10-31 11:39:07,178]: [_client.py]: _send_single_request: 1786:       INFO:    [HTTP Request: POST https://api.telegram.org/bot6030805959:AAGUHAMxLYc-PrevgKouJ3ZyM7ktu56ftjo/sendDocument "HTTP/1.1 200 OK"]
[2024-10-31 11:39:07,178]: [_trace.py]: atrace: 85:       DEBUG:    [receive_response_body.started request=<Request [b'POST']>]
[2024-10-31 11:39:07,178]: [_trace.py]: atrace: 85:       DEBUG:    [receive_response_body.complete]
[2024-10-31 11:39:07,178]: [_trace.py]: atrace: 85:       DEBUG:    [response_closed.started]
[2024-10-31 11:39:07,178]: [_trace.py]: atrace: 85:       DEBUG:    [response_closed.complete]
[2024-10-31 11:39:07,178]: [_bot.py]: _do_post: 652:       DEBUG:    [Call to Bot API endpoint `sendDocument` finished with return value `{'message_id': 1961, 'from': {'id': 6030805959, 'is_bot': True, 'first_name': 'TyPHoone', 'username': 'TyPHoone_Project_bot'}, 'chat': {'id': -4119703192, 'title': 'Robocop', 'type': 'group', 'all_members_are_administrators': True}, 'date': 1730374747, 'document': {'file_name': '(2024_10_31--11_38)output.zip', 'mime_type': 'application/zip', 'file_id': 'BQACAgQAAxkDAAIHqWcjbFpjuxFOxe14f_F6kndl7t_AAAKTEwACBvwYUcfueDhMHv0GNgQ', 'file_unique_id': 'AgADkxMAAgb8GFE', 'file_size': 10217828}}`]
[2024-10-31 11:39:07,179]: [_trace.py]: atrace: 85:       DEBUG:    [close.started]
[2024-10-31 11:39:07,179]: [_trace.py]: atrace: 85:       DEBUG:    [close.complete]
[2024-10-31 11:39:07,179]: [Telegram_Sender.py]: runner: 61:       INFO:    [sent successfully]
[2024-10-31 11:39:07,180]: [Main.py]: <module>: 48:       INFO:    [Finished]
