[2025-05-28 11:39:49,035]: [Main.py]: <module>: 21:       INFO:    [Started]
[2025-05-28 11:39:51,081]: [Iron_Scraper.py]: Scrap: 32:       INFO:    [Data Scaraped Successfully]
[2025-05-28 11:39:51,280]: [Iron_Scraper.py]: Scrap: 70:       INFO:    [Scrapped Data Has No Problem]
[2025-05-28 11:39:51,281]: [Iron_Scraper.py]: Scrap: 83:       INFO:    [Data Saved Successfully]
[2025-05-28 11:39:51,281]: [Iron.py]: Run: 26:       INFO:    [Scraping Phase Completed]
[2025-05-28 11:39:51,281]: [Iron_Data_Processor.py]: Data_Reader: 61:       INFO:    [Data File Has Been Red Successfully]
[2025-05-28 11:39:51,281]: [Iron_Data_Processor.py]: Shaper: 78:       INFO:    [Data Shaped]
[2025-05-28 11:39:51,281]: [Iron_Data_Processor.py]: Process: 228:       INFO:    [Data Cleaned]
[2025-05-28 11:39:51,282]: [Iron_Data_Processor.py]: Make_Pages_Objects: 101:       INFO:    [Page Objects Has Been Made]
[2025-05-28 11:39:51,282]: [Iron_Data_Processor.py]: Make_Pages_Objects: 101:       INFO:    [Page Objects Has Been Made]
[2025-05-28 11:39:51,282]: [Iron_Data_Processor.py]: Load_Data: 118:       INFO:    [Data Has Been Load]
[2025-05-28 11:39:51,282]: [Iron_Data_Processor.py]: Load_Data: 118:       INFO:    [Data Has Been Load]
[2025-05-28 11:39:51,282]: [Iron_Data_Processor.py]: Load_positions: 140:       INFO:    [Positions Are Ready]
[2025-05-28 11:39:51,282]: [Iron_Data_Processor.py]: Load_positions: 140:       INFO:    [Positions Are Ready]
[2025-05-28 11:39:52,395]: [Iron_Data_Processor.py]: Make_Tagged_Images: 193:       INFO:    [Images Has Been Made]
[2025-05-28 11:39:53,338]: [Iron_Data_Processor.py]: Make_Tagged_Images: 193:       INFO:    [Images Has Been Made]
[2025-05-28 11:39:53,594]: [Iron_Data_Processor.py]: Make_Cover_Page: 215:       INFO:    [Made Cover Pages]
[2025-05-28 11:39:53,595]: [Iron.py]: Run: 29:       INFO:    [Imagination Phase Completed]
[2025-05-28 11:39:57,832]: [Phone_Scraper.py]: Scrap: 58:       INFO:    [Data Scraped]
[2025-05-28 11:39:57,833]: [Phone_Scraper.py]: Scrap: 71:       INFO:    [Scraped Data Successfully]
[2025-05-28 11:39:57,833]: [Phone.py]: Run: 26:       INFO:    [Scraping Phase Complete]
[2025-05-28 11:39:57,833]: [Phone_Data_Processor.py]: data_reader: 38:       INFO:    [Scraped Data Loaded]
[2025-05-28 11:39:57,834]: [Phone_Data_Processor.py]: filter_list: 65:       INFO:    [Persian Phrases Are deleted]
[2025-05-28 11:39:57,835]: [Phone_Data_Processor.py]: reshape_list: 87:       INFO:    [Date Reshaped]
[2025-05-28 11:39:57,835]: [Phone_Data_Processor.py]: separate_brands: 124:       INFO:    [Brands Are Separated]
[2025-05-28 11:39:57,835]: [Phone_Data_Processor.py]: delete_extra_spaces: 141:       INFO:    [Extra Spaces Are Deleted]
[2025-05-28 11:39:58,616]: [Phone.py]: Run: 29:       INFO:    [Imagination Phase Complete]
[2025-05-28 11:39:58,616]: [selector_events.py]: __init__: 64:       DEBUG:    [Using selector: EpollSelector]
[2025-05-28 11:39:58,895]: [_bot.py]: _do_post: 643:       DEBUG:    [Calling Bot API endpoint `getMe` with parameters `{}`]
[2025-05-28 11:39:58,899]: [_trace.py]: atrace: 87:       DEBUG:    [connect_tcp.started host='api.telegram.org' port=443 local_address=None timeout=5.0 socket_options=None]
[2025-05-28 11:39:59,103]: [_trace.py]: atrace: 87:       DEBUG:    [connect_tcp.complete return_value=<httpcore._backends.anyio.AnyIOStream object at 0x7f840030c260>]
[2025-05-28 11:39:59,103]: [_trace.py]: atrace: 87:       DEBUG:    [start_tls.started ssl_context=<ssl.SSLContext object at 0x7f83fff6f7d0> server_hostname='api.telegram.org' timeout=5.0]
[2025-05-28 11:39:59,254]: [_trace.py]: atrace: 87:       DEBUG:    [start_tls.complete return_value=<httpcore._backends.anyio.AnyIOStream object at 0x7f83fff42c90>]
[2025-05-28 11:39:59,255]: [_trace.py]: atrace: 87:       DEBUG:    [send_request_headers.started request=<Request [b'POST']>]
[2025-05-28 11:39:59,255]: [_trace.py]: atrace: 87:       DEBUG:    [send_request_headers.complete]
[2025-05-28 11:39:59,255]: [_trace.py]: atrace: 87:       DEBUG:    [send_request_body.started request=<Request [b'POST']>]
[2025-05-28 11:39:59,255]: [_trace.py]: atrace: 87:       DEBUG:    [send_request_body.complete]
[2025-05-28 11:39:59,255]: [_trace.py]: atrace: 87:       DEBUG:    [receive_response_headers.started request=<Request [b'POST']>]
[2025-05-28 11:39:59,403]: [_trace.py]: atrace: 87:       DEBUG:    [receive_response_headers.complete return_value=(b'HTTP/1.1', 200, b'OK', [(b'Server', b'nginx/1.18.0'), (b'Date', b'Wed, 28 May 2025 11:39:59 GMT'), (b'Content-Type', b'application/json'), (b'Content-Length', b'258'), (b'Connection', b'keep-alive'), (b'Strict-Transport-Security', b'max-age=31536000; includeSubDomains; preload'), (b'Access-Control-Allow-Origin', b'*'), (b'Access-Control-Allow-Methods', b'GET, POST, OPTIONS'), (b'Access-Control-Expose-Headers', b'Content-Length,Content-Type,Date,Server,Connection')])]
[2025-05-28 11:39:59,404]: [_client.py]: _send_single_request: 1740:       INFO:    [HTTP Request: POST https://api.telegram.org/bot6030805959:AAGUHAMxLYc-PrevgKouJ3ZyM7ktu56ftjo/getMe "HTTP/1.1 200 OK"]
[2025-05-28 11:39:59,404]: [_trace.py]: atrace: 87:       DEBUG:    [receive_response_body.started request=<Request [b'POST']>]
[2025-05-28 11:39:59,404]: [_trace.py]: atrace: 87:       DEBUG:    [receive_response_body.complete]
[2025-05-28 11:39:59,404]: [_trace.py]: atrace: 87:       DEBUG:    [response_closed.started]
[2025-05-28 11:39:59,404]: [_trace.py]: atrace: 87:       DEBUG:    [response_closed.complete]
[2025-05-28 11:39:59,404]: [_bot.py]: _do_post: 652:       DEBUG:    [Call to Bot API endpoint `getMe` finished with return value `{'id': 6030805959, 'is_bot': True, 'first_name': 'TyPHoone', 'username': 'TyPHoone_Project_bot', 'can_join_groups': True, 'can_read_all_group_messages': False, 'supports_inline_queries': False, 'can_connect_to_business': False, 'has_main_web_app': False}`]
[2025-05-28 11:39:59,407]: [_bot.py]: _do_post: 643:       DEBUG:    [Calling Bot API endpoint `sendDocument` with parameters `{'chat_id': '-4119703192', 'document': <telegram._files.inputfile.InputFile object at 0x7f83ff5a9500>}`]
[2025-05-28 11:39:59,408]: [_trace.py]: atrace: 87:       DEBUG:    [send_request_headers.started request=<Request [b'POST']>]
[2025-05-28 11:39:59,408]: [_trace.py]: atrace: 87:       DEBUG:    [send_request_headers.complete]
[2025-05-28 11:39:59,408]: [_trace.py]: atrace: 87:       DEBUG:    [send_request_body.started request=<Request [b'POST']>]
[2025-05-28 11:39:59,409]: [_trace.py]: atrace: 87:       DEBUG:    [send_request_body.complete]
[2025-05-28 11:39:59,409]: [_trace.py]: atrace: 87:       DEBUG:    [receive_response_headers.started request=<Request [b'POST']>]
[2025-05-28 11:39:59,600]: [_trace.py]: atrace: 87:       DEBUG:    [receive_response_headers.complete return_value=(b'HTTP/1.1', 200, b'OK', [(b'Server', b'nginx/1.18.0'), (b'Date', b'Wed, 28 May 2025 11:39:59 GMT'), (b'Content-Type', b'application/json'), (b'Content-Length', b'584'), (b'Connection', b'keep-alive'), (b'Strict-Transport-Security', b'max-age=31536000; includeSubDomains; preload'), (b'Access-Control-Allow-Origin', b'*'), (b'Access-Control-Allow-Methods', b'GET, POST, OPTIONS'), (b'Access-Control-Expose-Headers', b'Content-Length,Content-Type,Date,Server,Connection')])]
[2025-05-28 11:39:59,601]: [_client.py]: _send_single_request: 1740:       INFO:    [HTTP Request: POST https://api.telegram.org/bot6030805959:AAGUHAMxLYc-PrevgKouJ3ZyM7ktu56ftjo/sendDocument "HTTP/1.1 200 OK"]
[2025-05-28 11:39:59,601]: [_trace.py]: atrace: 87:       DEBUG:    [receive_response_body.started request=<Request [b'POST']>]
[2025-05-28 11:39:59,601]: [_trace.py]: atrace: 87:       DEBUG:    [receive_response_body.complete]
[2025-05-28 11:39:59,601]: [_trace.py]: atrace: 87:       DEBUG:    [response_closed.started]
[2025-05-28 11:39:59,601]: [_trace.py]: atrace: 87:       DEBUG:    [response_closed.complete]
[2025-05-28 11:39:59,601]: [_bot.py]: _do_post: 652:       DEBUG:    [Call to Bot API endpoint `sendDocument` finished with return value `{'message_id': 2381, 'from': {'id': 6030805959, 'is_bot': True, 'first_name': 'TyPHoone', 'username': 'TyPHoone_Project_bot'}, 'chat': {'id': -4119703192, 'title': 'Robocop', 'type': 'group', 'all_members_are_administrators': True, 'accepted_gift_types': {'unlimited_gifts': False, 'limited_gifts': False, 'unique_gifts': False, 'premium_subscription': False}}, 'date': 1748432399, 'document': {'file_name': '(2025_05_28--11_39).log', 'mime_type': 'text/plain', 'file_id': 'BQACAgQAAxkDAAIJTWg29g9Y28009wRa-LsuGquG0h-eAAJLGgACape5UZJ2SiIz5-R5NgQ', 'file_unique_id': 'AgADSxoAAmqXuVE', 'file_size': 5937}}`]
[2025-05-28 11:39:59,602]: [_trace.py]: atrace: 87:       DEBUG:    [close.started]
[2025-05-28 11:39:59,602]: [_trace.py]: atrace: 87:       DEBUG:    [close.complete]
[2025-05-28 11:39:59,646]: [_bot.py]: _do_post: 643:       DEBUG:    [Calling Bot API endpoint `getMe` with parameters `{}`]
[2025-05-28 11:39:59,647]: [_trace.py]: atrace: 87:       DEBUG:    [connect_tcp.started host='api.telegram.org' port=443 local_address=None timeout=5.0 socket_options=None]
[2025-05-28 11:39:59,798]: [_trace.py]: atrace: 87:       DEBUG:    [connect_tcp.complete return_value=<httpcore._backends.anyio.AnyIOStream object at 0x7f83ff547860>]
[2025-05-28 11:39:59,798]: [_trace.py]: atrace: 87:       DEBUG:    [start_tls.started ssl_context=<ssl.SSLContext object at 0x7f83fff6f6d0> server_hostname='api.telegram.org' timeout=5.0]
[2025-05-28 11:39:59,950]: [_trace.py]: atrace: 87:       DEBUG:    [start_tls.complete return_value=<httpcore._backends.anyio.AnyIOStream object at 0x7f83fff41fd0>]
[2025-05-28 11:39:59,950]: [_trace.py]: atrace: 87:       DEBUG:    [send_request_headers.started request=<Request [b'POST']>]
[2025-05-28 11:39:59,951]: [_trace.py]: atrace: 87:       DEBUG:    [send_request_headers.complete]
[2025-05-28 11:39:59,951]: [_trace.py]: atrace: 87:       DEBUG:    [send_request_body.started request=<Request [b'POST']>]
[2025-05-28 11:39:59,951]: [_trace.py]: atrace: 87:       DEBUG:    [send_request_body.complete]
[2025-05-28 11:39:59,951]: [_trace.py]: atrace: 87:       DEBUG:    [receive_response_headers.started request=<Request [b'POST']>]
[2025-05-28 11:40:00,105]: [_trace.py]: atrace: 87:       DEBUG:    [receive_response_headers.complete return_value=(b'HTTP/1.1', 200, b'OK', [(b'Server', b'nginx/1.18.0'), (b'Date', b'Wed, 28 May 2025 11:40:00 GMT'), (b'Content-Type', b'application/json'), (b'Content-Length', b'258'), (b'Connection', b'keep-alive'), (b'Strict-Transport-Security', b'max-age=31536000; includeSubDomains; preload'), (b'Access-Control-Allow-Origin', b'*'), (b'Access-Control-Allow-Methods', b'GET, POST, OPTIONS'), (b'Access-Control-Expose-Headers', b'Content-Length,Content-Type,Date,Server,Connection')])]
[2025-05-28 11:40:00,105]: [_client.py]: _send_single_request: 1740:       INFO:    [HTTP Request: POST https://api.telegram.org/bot6030805959:AAGUHAMxLYc-PrevgKouJ3ZyM7ktu56ftjo/getMe "HTTP/1.1 200 OK"]
[2025-05-28 11:40:00,106]: [_trace.py]: atrace: 87:       DEBUG:    [receive_response_body.started request=<Request [b'POST']>]
[2025-05-28 11:40:00,106]: [_trace.py]: atrace: 87:       DEBUG:    [receive_response_body.complete]
[2025-05-28 11:40:00,106]: [_trace.py]: atrace: 87:       DEBUG:    [response_closed.started]
[2025-05-28 11:40:00,106]: [_trace.py]: atrace: 87:       DEBUG:    [response_closed.complete]
[2025-05-28 11:40:00,106]: [_bot.py]: _do_post: 652:       DEBUG:    [Call to Bot API endpoint `getMe` finished with return value `{'id': 6030805959, 'is_bot': True, 'first_name': 'TyPHoone', 'username': 'TyPHoone_Project_bot', 'can_join_groups': True, 'can_read_all_group_messages': False, 'supports_inline_queries': False, 'can_connect_to_business': False, 'has_main_web_app': False}`]
[2025-05-28 11:40:00,109]: [_bot.py]: _do_post: 643:       DEBUG:    [Calling Bot API endpoint `sendDocument` with parameters `{'chat_id': '-4119703192', 'document': <telegram._files.inputfile.InputFile object at 0x7f83fffc3ec0>}`]
[2025-05-28 11:40:00,109]: [_trace.py]: atrace: 87:       DEBUG:    [send_request_headers.started request=<Request [b'POST']>]
[2025-05-28 11:40:00,109]: [_trace.py]: atrace: 87:       DEBUG:    [send_request_headers.complete]
[2025-05-28 11:40:00,110]: [_trace.py]: atrace: 87:       DEBUG:    [send_request_body.started request=<Request [b'POST']>]
[2025-05-28 11:40:01,615]: [_trace.py]: atrace: 87:       DEBUG:    [send_request_body.complete]
[2025-05-28 11:40:01,615]: [_trace.py]: atrace: 87:       DEBUG:    [receive_response_headers.started request=<Request [b'POST']>]
[2025-05-28 11:40:02,225]: [_trace.py]: atrace: 87:       DEBUG:    [receive_response_headers.complete return_value=(b'HTTP/1.1', 200, b'OK', [(b'Server', b'nginx/1.18.0'), (b'Date', b'Wed, 28 May 2025 11:40:02 GMT'), (b'Content-Type', b'application/json'), (b'Content-Length', b'599'), (b'Connection', b'keep-alive'), (b'Strict-Transport-Security', b'max-age=31536000; includeSubDomains; preload'), (b'Access-Control-Allow-Origin', b'*'), (b'Access-Control-Allow-Methods', b'GET, POST, OPTIONS'), (b'Access-Control-Expose-Headers', b'Content-Length,Content-Type,Date,Server,Connection')])]
[2025-05-28 11:40:02,226]: [_client.py]: _send_single_request: 1740:       INFO:    [HTTP Request: POST https://api.telegram.org/bot6030805959:AAGUHAMxLYc-PrevgKouJ3ZyM7ktu56ftjo/sendDocument "HTTP/1.1 200 OK"]
[2025-05-28 11:40:02,226]: [_trace.py]: atrace: 87:       DEBUG:    [receive_response_body.started request=<Request [b'POST']>]
[2025-05-28 11:40:02,226]: [_trace.py]: atrace: 87:       DEBUG:    [receive_response_body.complete]
[2025-05-28 11:40:02,226]: [_trace.py]: atrace: 87:       DEBUG:    [response_closed.started]
[2025-05-28 11:40:02,226]: [_trace.py]: atrace: 87:       DEBUG:    [response_closed.complete]
[2025-05-28 11:40:02,226]: [_bot.py]: _do_post: 652:       DEBUG:    [Call to Bot API endpoint `sendDocument` finished with return value `{'message_id': 2382, 'from': {'id': 6030805959, 'is_bot': True, 'first_name': 'TyPHoone', 'username': 'TyPHoone_Project_bot'}, 'chat': {'id': -4119703192, 'title': 'Robocop', 'type': 'group', 'all_members_are_administrators': True, 'accepted_gift_types': {'unlimited_gifts': False, 'limited_gifts': False, 'unique_gifts': False, 'premium_subscription': False}}, 'date': 1748432402, 'document': {'file_name': '(2025_05_28--11_39)output.zip', 'mime_type': 'application/zip', 'file_id': 'BQACAgQAAxkDAAIJTmg29hFOX2X9KHwnDpabNpePxzJIAAJMGgACape5UfIRicKalQoaNgQ', 'file_unique_id': 'AgADTBoAAmqXuVE', 'file_size': 10194164}}`]
[2025-05-28 11:40:02,227]: [_trace.py]: atrace: 87:       DEBUG:    [close.started]
[2025-05-28 11:40:02,227]: [_trace.py]: atrace: 87:       DEBUG:    [close.complete]
[2025-05-28 11:40:02,227]: [Telegram_Sender.py]: runner: 61:       INFO:    [sent successfully]
[2025-05-28 11:40:02,227]: [Main.py]: <module>: 48:       INFO:    [Finished]
