[2025-04-14 11:38:30,061]: [Main.py]: <module>: 21:       INFO:    [Started]
[2025-04-14 11:38:31,533]: [Iron_Scraper.py]: Scrap: 32:       INFO:    [Data Scaraped Successfully]
[2025-04-14 11:38:31,741]: [Iron_Scraper.py]: Scrap: 70:       INFO:    [Scrapped Data Has No Problem]
[2025-04-14 11:38:31,741]: [Iron_Scraper.py]: Scrap: 83:       INFO:    [Data Saved Successfully]
[2025-04-14 11:38:31,741]: [Iron.py]: Run: 26:       INFO:    [Scraping Phase Completed]
[2025-04-14 11:38:31,741]: [Iron_Data_Processor.py]: Data_Reader: 61:       INFO:    [Data File Has Been Red Successfully]
[2025-04-14 11:38:31,742]: [Iron_Data_Processor.py]: Shaper: 78:       INFO:    [Data Shaped]
[2025-04-14 11:38:31,742]: [Iron_Data_Processor.py]: Process: 228:       INFO:    [Data Cleaned]
[2025-04-14 11:38:31,742]: [Iron_Data_Processor.py]: Make_Pages_Objects: 101:       INFO:    [Page Objects Has Been Made]
[2025-04-14 11:38:31,742]: [Iron_Data_Processor.py]: Make_Pages_Objects: 101:       INFO:    [Page Objects Has Been Made]
[2025-04-14 11:38:31,742]: [Iron_Data_Processor.py]: Load_Data: 118:       INFO:    [Data Has Been Load]
[2025-04-14 11:38:31,742]: [Iron_Data_Processor.py]: Load_Data: 118:       INFO:    [Data Has Been Load]
[2025-04-14 11:38:31,742]: [Iron_Data_Processor.py]: Load_positions: 140:       INFO:    [Positions Are Ready]
[2025-04-14 11:38:31,742]: [Iron_Data_Processor.py]: Load_positions: 140:       INFO:    [Positions Are Ready]
[2025-04-14 11:38:32,861]: [Iron_Data_Processor.py]: Make_Tagged_Images: 193:       INFO:    [Images Has Been Made]
[2025-04-14 11:38:33,817]: [Iron_Data_Processor.py]: Make_Tagged_Images: 193:       INFO:    [Images Has Been Made]
[2025-04-14 11:38:34,073]: [Iron_Data_Processor.py]: Make_Cover_Page: 215:       INFO:    [Made Cover Pages]
[2025-04-14 11:38:34,073]: [Iron.py]: Run: 29:       INFO:    [Imagination Phase Completed]
[2025-04-14 11:39:07,991]: [Phone_Scraper.py]: Scrap: 58:       INFO:    [Data Scraped]
[2025-04-14 11:39:07,991]: [Phone_Scraper.py]: Scrap: 71:       INFO:    [Scraped Data Successfully]
[2025-04-14 11:39:07,991]: [Phone.py]: Run: 26:       INFO:    [Scraping Phase Complete]
[2025-04-14 11:39:07,991]: [Phone_Data_Processor.py]: data_reader: 38:       INFO:    [Scraped Data Loaded]
[2025-04-14 11:39:07,992]: [Phone_Data_Processor.py]: filter_list: 65:       INFO:    [Persian Phrases Are deleted]
[2025-04-14 11:39:07,993]: [Phone_Data_Processor.py]: reshape_list: 87:       INFO:    [Date Reshaped]
[2025-04-14 11:39:07,993]: [Phone_Data_Processor.py]: separate_brands: 124:       INFO:    [Brands Are Separated]
[2025-04-14 11:39:07,993]: [Phone_Data_Processor.py]: delete_extra_spaces: 141:       INFO:    [Extra Spaces Are Deleted]
[2025-04-14 11:39:08,745]: [Phone.py]: Run: 29:       INFO:    [Imagination Phase Complete]
[2025-04-14 11:39:08,745]: [selector_events.py]: __init__: 64:       DEBUG:    [Using selector: EpollSelector]
[2025-04-14 11:39:09,023]: [_bot.py]: _do_post: 643:       DEBUG:    [Calling Bot API endpoint `getMe` with parameters `{}`]
[2025-04-14 11:39:09,027]: [_trace.py]: atrace: 87:       DEBUG:    [connect_tcp.started host='api.telegram.org' port=443 local_address=None timeout=5.0 socket_options=None]
[2025-04-14 11:39:09,153]: [_trace.py]: atrace: 87:       DEBUG:    [connect_tcp.complete return_value=<httpcore._backends.anyio.AnyIOStream object at 0x7f4e71626300>]
[2025-04-14 11:39:09,153]: [_trace.py]: atrace: 87:       DEBUG:    [start_tls.started ssl_context=<ssl.SSLContext object at 0x7f4e720ac350> server_hostname='api.telegram.org' timeout=5.0]
[2025-04-14 11:39:09,244]: [_trace.py]: atrace: 87:       DEBUG:    [start_tls.complete return_value=<httpcore._backends.anyio.AnyIOStream object at 0x7f4e71b9f4a0>]
[2025-04-14 11:39:09,244]: [_trace.py]: atrace: 87:       DEBUG:    [send_request_headers.started request=<Request [b'POST']>]
[2025-04-14 11:39:09,244]: [_trace.py]: atrace: 87:       DEBUG:    [send_request_headers.complete]
[2025-04-14 11:39:09,245]: [_trace.py]: atrace: 87:       DEBUG:    [send_request_body.started request=<Request [b'POST']>]
[2025-04-14 11:39:09,245]: [_trace.py]: atrace: 87:       DEBUG:    [send_request_body.complete]
[2025-04-14 11:39:09,245]: [_trace.py]: atrace: 87:       DEBUG:    [receive_response_headers.started request=<Request [b'POST']>]
[2025-04-14 11:39:09,335]: [_trace.py]: atrace: 87:       DEBUG:    [receive_response_headers.complete return_value=(b'HTTP/1.1', 200, b'OK', [(b'Server', b'nginx/1.18.0'), (b'Date', b'Mon, 14 Apr 2025 11:39:09 GMT'), (b'Content-Type', b'application/json'), (b'Content-Length', b'258'), (b'Connection', b'keep-alive'), (b'Strict-Transport-Security', b'max-age=31536000; includeSubDomains; preload'), (b'Access-Control-Allow-Origin', b'*'), (b'Access-Control-Allow-Methods', b'GET, POST, OPTIONS'), (b'Access-Control-Expose-Headers', b'Content-Length,Content-Type,Date,Server,Connection')])]
[2025-04-14 11:39:09,335]: [_client.py]: _send_single_request: 1740:       INFO:    [HTTP Request: POST https://api.telegram.org/bot6030805959:AAGUHAMxLYc-PrevgKouJ3ZyM7ktu56ftjo/getMe "HTTP/1.1 200 OK"]
[2025-04-14 11:39:09,335]: [_trace.py]: atrace: 87:       DEBUG:    [receive_response_body.started request=<Request [b'POST']>]
[2025-04-14 11:39:09,335]: [_trace.py]: atrace: 87:       DEBUG:    [receive_response_body.complete]
[2025-04-14 11:39:09,335]: [_trace.py]: atrace: 87:       DEBUG:    [response_closed.started]
[2025-04-14 11:39:09,335]: [_trace.py]: atrace: 87:       DEBUG:    [response_closed.complete]
[2025-04-14 11:39:09,336]: [_bot.py]: _do_post: 652:       DEBUG:    [Call to Bot API endpoint `getMe` finished with return value `{'id': 6030805959, 'is_bot': True, 'first_name': 'TyPHoone', 'username': 'TyPHoone_Project_bot', 'can_join_groups': True, 'can_read_all_group_messages': False, 'supports_inline_queries': False, 'can_connect_to_business': False, 'has_main_web_app': False}`]
[2025-04-14 11:39:09,339]: [_bot.py]: _do_post: 643:       DEBUG:    [Calling Bot API endpoint `sendDocument` with parameters `{'chat_id': '-4119703192', 'document': <telegram._files.inputfile.InputFile object at 0x7f4e71654fc0>}`]
[2025-04-14 11:39:09,339]: [_trace.py]: atrace: 87:       DEBUG:    [send_request_headers.started request=<Request [b'POST']>]
[2025-04-14 11:39:09,339]: [_trace.py]: atrace: 87:       DEBUG:    [send_request_headers.complete]
[2025-04-14 11:39:09,339]: [_trace.py]: atrace: 87:       DEBUG:    [send_request_body.started request=<Request [b'POST']>]
[2025-04-14 11:39:09,340]: [_trace.py]: atrace: 87:       DEBUG:    [send_request_body.complete]
[2025-04-14 11:39:09,340]: [_trace.py]: atrace: 87:       DEBUG:    [receive_response_headers.started request=<Request [b'POST']>]
[2025-04-14 11:39:09,773]: [_trace.py]: atrace: 87:       DEBUG:    [receive_response_headers.complete return_value=(b'HTTP/1.1', 200, b'OK', [(b'Server', b'nginx/1.18.0'), (b'Date', b'Mon, 14 Apr 2025 11:39:09 GMT'), (b'Content-Type', b'application/json'), (b'Content-Length', b'584'), (b'Connection', b'keep-alive'), (b'Strict-Transport-Security', b'max-age=31536000; includeSubDomains; preload'), (b'Access-Control-Allow-Origin', b'*'), (b'Access-Control-Allow-Methods', b'GET, POST, OPTIONS'), (b'Access-Control-Expose-Headers', b'Content-Length,Content-Type,Date,Server,Connection')])]
[2025-04-14 11:39:09,773]: [_client.py]: _send_single_request: 1740:       INFO:    [HTTP Request: POST https://api.telegram.org/bot6030805959:AAGUHAMxLYc-PrevgKouJ3ZyM7ktu56ftjo/sendDocument "HTTP/1.1 200 OK"]
[2025-04-14 11:39:09,774]: [_trace.py]: atrace: 87:       DEBUG:    [receive_response_body.started request=<Request [b'POST']>]
[2025-04-14 11:39:09,774]: [_trace.py]: atrace: 87:       DEBUG:    [receive_response_body.complete]
[2025-04-14 11:39:09,774]: [_trace.py]: atrace: 87:       DEBUG:    [response_closed.started]
[2025-04-14 11:39:09,774]: [_trace.py]: atrace: 87:       DEBUG:    [response_closed.complete]
[2025-04-14 11:39:09,774]: [_bot.py]: _do_post: 652:       DEBUG:    [Call to Bot API endpoint `sendDocument` finished with return value `{'message_id': 2293, 'from': {'id': 6030805959, 'is_bot': True, 'first_name': 'TyPHoone', 'username': 'TyPHoone_Project_bot'}, 'chat': {'id': -4119703192, 'title': 'Robocop', 'type': 'group', 'all_members_are_administrators': True, 'accepted_gift_types': {'unlimited_gifts': False, 'limited_gifts': False, 'unique_gifts': False, 'premium_subscription': False}}, 'date': 1744630749, 'document': {'file_name': '(2025_04_14--11_38).log', 'mime_type': 'text/plain', 'file_id': 'BQACAgQAAxkDAAII9Wf8892P6WOn5RNs6qh3M1ZnDT7vAAJ-FgACBiLoU18_9kuir_HdNgQ', 'file_unique_id': 'AgADfhYAAgYi6FM', 'file_size': 5937}}`]
[2025-04-14 11:39:09,775]: [_trace.py]: atrace: 87:       DEBUG:    [close.started]
[2025-04-14 11:39:09,775]: [_trace.py]: atrace: 87:       DEBUG:    [close.complete]
[2025-04-14 11:39:09,820]: [_bot.py]: _do_post: 643:       DEBUG:    [Calling Bot API endpoint `getMe` with parameters `{}`]
[2025-04-14 11:39:09,820]: [_trace.py]: atrace: 87:       DEBUG:    [connect_tcp.started host='api.telegram.org' port=443 local_address=None timeout=5.0 socket_options=None]
[2025-04-14 11:39:09,910]: [_trace.py]: atrace: 87:       DEBUG:    [connect_tcp.complete return_value=<httpcore._backends.anyio.AnyIOStream object at 0x7f4e7169ddc0>]
[2025-04-14 11:39:09,910]: [_trace.py]: atrace: 87:       DEBUG:    [start_tls.started ssl_context=<ssl.SSLContext object at 0x7f4e72043c50> server_hostname='api.telegram.org' timeout=5.0]
[2025-04-14 11:39:10,001]: [_trace.py]: atrace: 87:       DEBUG:    [start_tls.complete return_value=<httpcore._backends.anyio.AnyIOStream object at 0x7f4e71bd6ae0>]
[2025-04-14 11:39:10,001]: [_trace.py]: atrace: 87:       DEBUG:    [send_request_headers.started request=<Request [b'POST']>]
[2025-04-14 11:39:10,001]: [_trace.py]: atrace: 87:       DEBUG:    [send_request_headers.complete]
[2025-04-14 11:39:10,001]: [_trace.py]: atrace: 87:       DEBUG:    [send_request_body.started request=<Request [b'POST']>]
[2025-04-14 11:39:10,001]: [_trace.py]: atrace: 87:       DEBUG:    [send_request_body.complete]
[2025-04-14 11:39:10,001]: [_trace.py]: atrace: 87:       DEBUG:    [receive_response_headers.started request=<Request [b'POST']>]
[2025-04-14 11:39:10,090]: [_trace.py]: atrace: 87:       DEBUG:    [receive_response_headers.complete return_value=(b'HTTP/1.1', 200, b'OK', [(b'Server', b'nginx/1.18.0'), (b'Date', b'Mon, 14 Apr 2025 11:39:10 GMT'), (b'Content-Type', b'application/json'), (b'Content-Length', b'258'), (b'Connection', b'keep-alive'), (b'Strict-Transport-Security', b'max-age=31536000; includeSubDomains; preload'), (b'Access-Control-Allow-Origin', b'*'), (b'Access-Control-Allow-Methods', b'GET, POST, OPTIONS'), (b'Access-Control-Expose-Headers', b'Content-Length,Content-Type,Date,Server,Connection')])]
[2025-04-14 11:39:10,090]: [_client.py]: _send_single_request: 1740:       INFO:    [HTTP Request: POST https://api.telegram.org/bot6030805959:AAGUHAMxLYc-PrevgKouJ3ZyM7ktu56ftjo/getMe "HTTP/1.1 200 OK"]
[2025-04-14 11:39:10,090]: [_trace.py]: atrace: 87:       DEBUG:    [receive_response_body.started request=<Request [b'POST']>]
[2025-04-14 11:39:10,091]: [_trace.py]: atrace: 87:       DEBUG:    [receive_response_body.complete]
[2025-04-14 11:39:10,091]: [_trace.py]: atrace: 87:       DEBUG:    [response_closed.started]
[2025-04-14 11:39:10,091]: [_trace.py]: atrace: 87:       DEBUG:    [response_closed.complete]
[2025-04-14 11:39:10,091]: [_bot.py]: _do_post: 652:       DEBUG:    [Call to Bot API endpoint `getMe` finished with return value `{'id': 6030805959, 'is_bot': True, 'first_name': 'TyPHoone', 'username': 'TyPHoone_Project_bot', 'can_join_groups': True, 'can_read_all_group_messages': False, 'supports_inline_queries': False, 'can_connect_to_business': False, 'has_main_web_app': False}`]
[2025-04-14 11:39:10,094]: [_bot.py]: _do_post: 643:       DEBUG:    [Calling Bot API endpoint `sendDocument` with parameters `{'chat_id': '-4119703192', 'document': <telegram._files.inputfile.InputFile object at 0x7f4e7209fd40>}`]
[2025-04-14 11:39:10,094]: [_trace.py]: atrace: 87:       DEBUG:    [send_request_headers.started request=<Request [b'POST']>]
[2025-04-14 11:39:10,095]: [_trace.py]: atrace: 87:       DEBUG:    [send_request_headers.complete]
[2025-04-14 11:39:10,095]: [_trace.py]: atrace: 87:       DEBUG:    [send_request_body.started request=<Request [b'POST']>]
[2025-04-14 11:39:10,943]: [_trace.py]: atrace: 87:       DEBUG:    [send_request_body.complete]
[2025-04-14 11:39:10,943]: [_trace.py]: atrace: 87:       DEBUG:    [receive_response_headers.started request=<Request [b'POST']>]
[2025-04-14 11:39:11,516]: [_trace.py]: atrace: 87:       DEBUG:    [receive_response_headers.complete return_value=(b'HTTP/1.1', 200, b'OK', [(b'Server', b'nginx/1.18.0'), (b'Date', b'Mon, 14 Apr 2025 11:39:11 GMT'), (b'Content-Type', b'application/json'), (b'Content-Length', b'600'), (b'Connection', b'keep-alive'), (b'Strict-Transport-Security', b'max-age=31536000; includeSubDomains; preload'), (b'Access-Control-Allow-Origin', b'*'), (b'Access-Control-Allow-Methods', b'GET, POST, OPTIONS'), (b'Access-Control-Expose-Headers', b'Content-Length,Content-Type,Date,Server,Connection')])]
[2025-04-14 11:39:11,517]: [_client.py]: _send_single_request: 1740:       INFO:    [HTTP Request: POST https://api.telegram.org/bot6030805959:AAGUHAMxLYc-PrevgKouJ3ZyM7ktu56ftjo/sendDocument "HTTP/1.1 200 OK"]
[2025-04-14 11:39:11,517]: [_trace.py]: atrace: 87:       DEBUG:    [receive_response_body.started request=<Request [b'POST']>]
[2025-04-14 11:39:11,517]: [_trace.py]: atrace: 87:       DEBUG:    [receive_response_body.complete]
[2025-04-14 11:39:11,517]: [_trace.py]: atrace: 87:       DEBUG:    [response_closed.started]
[2025-04-14 11:39:11,517]: [_trace.py]: atrace: 87:       DEBUG:    [response_closed.complete]
[2025-04-14 11:39:11,517]: [_bot.py]: _do_post: 652:       DEBUG:    [Call to Bot API endpoint `sendDocument` finished with return value `{'message_id': 2294, 'from': {'id': 6030805959, 'is_bot': True, 'first_name': 'TyPHoone', 'username': 'TyPHoone_Project_bot'}, 'chat': {'id': -4119703192, 'title': 'Robocop', 'type': 'group', 'all_members_are_administrators': True, 'accepted_gift_types': {'unlimited_gifts': False, 'limited_gifts': False, 'unique_gifts': False, 'premium_subscription': False}}, 'date': 1744630751, 'document': {'file_name': '(2025_04_14--11_38)output.zip', 'mime_type': 'application/zip', 'file_id': 'BQACAgQAAxkDAAII9mf889--JGNqw7c7gpZdcFgAAcmd8wACfxYAAgYi6FNxcbuSGrUpIDYE', 'file_unique_id': 'AgADfxYAAgYi6FM', 'file_size': 10117888}}`]
[2025-04-14 11:39:11,518]: [_trace.py]: atrace: 87:       DEBUG:    [close.started]
[2025-04-14 11:39:11,518]: [_trace.py]: atrace: 87:       DEBUG:    [close.complete]
[2025-04-14 11:39:11,518]: [Telegram_Sender.py]: runner: 61:       INFO:    [sent successfully]
[2025-04-14 11:39:11,519]: [Main.py]: <module>: 48:       INFO:    [Finished]
