[2024-12-03 11:39:51,861]: [Main.py]: <module>: 21:       INFO:    [Started]
[2024-12-03 11:39:53,506]: [Iron_Scraper.py]: Scrap: 32:       INFO:    [Data Scaraped Successfully]
[2024-12-03 11:39:53,560]: [Iron_Scraper.py]: Scrap: 70:       INFO:    [Scrapped Data Has No Problem]
[2024-12-03 11:39:53,560]: [Iron_Scraper.py]: Scrap: 83:       INFO:    [Data Saved Successfully]
[2024-12-03 11:39:53,560]: [Iron.py]: Run: 26:       INFO:    [Scraping Phase Completed]
[2024-12-03 11:39:53,560]: [Iron_Data_Processor.py]: Data_Reader: 61:       INFO:    [Data File Has Been Red Successfully]
[2024-12-03 11:39:53,560]: [Iron_Data_Processor.py]: Shaper: 78:       INFO:    [Data Shaped]
[2024-12-03 11:39:53,560]: [Iron_Data_Processor.py]: Process: 228:       INFO:    [Data Cleaned]
[2024-12-03 11:39:53,560]: [Iron_Data_Processor.py]: Make_Pages_Objects: 101:       INFO:    [Page Objects Has Been Made]
[2024-12-03 11:39:53,560]: [Iron_Data_Processor.py]: Make_Pages_Objects: 101:       INFO:    [Page Objects Has Been Made]
[2024-12-03 11:39:53,560]: [Iron_Data_Processor.py]: Load_Data: 118:       INFO:    [Data Has Been Load]
[2024-12-03 11:39:53,560]: [Iron_Data_Processor.py]: Load_Data: 118:       INFO:    [Data Has Been Load]
[2024-12-03 11:39:53,561]: [Iron_Data_Processor.py]: Load_positions: 140:       INFO:    [Positions Are Ready]
[2024-12-03 11:39:53,561]: [Iron_Data_Processor.py]: Load_positions: 140:       INFO:    [Positions Are Ready]
[2024-12-03 11:39:54,635]: [Iron_Data_Processor.py]: Make_Tagged_Images: 193:       INFO:    [Images Has Been Made]
[2024-12-03 11:39:55,535]: [Iron_Data_Processor.py]: Make_Tagged_Images: 193:       INFO:    [Images Has Been Made]
[2024-12-03 11:39:55,790]: [Iron_Data_Processor.py]: Make_Cover_Page: 215:       INFO:    [Made Cover Pages]
[2024-12-03 11:39:55,790]: [Iron.py]: Run: 29:       INFO:    [Imagination Phase Completed]
[2024-12-03 11:39:59,495]: [Phone_Scraper.py]: Scrap: 58:       INFO:    [Data Scraped]
[2024-12-03 11:39:59,495]: [Phone_Scraper.py]: Scrap: 71:       INFO:    [Scraped Data Successfully]
[2024-12-03 11:39:59,496]: [Phone.py]: Run: 26:       INFO:    [Scraping Phase Complete]
[2024-12-03 11:39:59,496]: [Phone_Data_Processor.py]: data_reader: 38:       INFO:    [Scraped Data Loaded]
[2024-12-03 11:39:59,497]: [Phone_Data_Processor.py]: filter_list: 65:       INFO:    [Persian Phrases Are deleted]
[2024-12-03 11:39:59,498]: [Phone_Data_Processor.py]: reshape_list: 87:       INFO:    [Date Reshaped]
[2024-12-03 11:39:59,498]: [Phone_Data_Processor.py]: separate_brands: 124:       INFO:    [Brands Are Separated]
[2024-12-03 11:39:59,498]: [Phone_Data_Processor.py]: delete_extra_spaces: 141:       INFO:    [Extra Spaces Are Deleted]
[2024-12-03 11:40:00,262]: [Phone.py]: Run: 29:       INFO:    [Imagination Phase Complete]
[2024-12-03 11:40:00,262]: [selector_events.py]: __init__: 64:       DEBUG:    [Using selector: EpollSelector]
[2024-12-03 11:40:00,590]: [_bot.py]: _do_post: 643:       DEBUG:    [Calling Bot API endpoint `getMe` with parameters `{}`]
[2024-12-03 11:40:00,595]: [_trace.py]: atrace: 87:       DEBUG:    [connect_tcp.started host='api.telegram.org' port=443 local_address=None timeout=5.0 socket_options=None]
[2024-12-03 11:40:00,737]: [_trace.py]: atrace: 87:       DEBUG:    [connect_tcp.complete return_value=<httpcore._backends.anyio.AnyIOStream object at 0x7f12aeb0db50>]
[2024-12-03 11:40:00,737]: [_trace.py]: atrace: 87:       DEBUG:    [start_tls.started ssl_context=<ssl.SSLContext object at 0x7f12ae935450> server_hostname='api.telegram.org' timeout=5.0]
[2024-12-03 11:40:00,843]: [_trace.py]: atrace: 87:       DEBUG:    [start_tls.complete return_value=<httpcore._backends.anyio.AnyIOStream object at 0x7f12aec1cc20>]
[2024-12-03 11:40:00,843]: [_trace.py]: atrace: 87:       DEBUG:    [send_request_headers.started request=<Request [b'POST']>]
[2024-12-03 11:40:00,844]: [_trace.py]: atrace: 87:       DEBUG:    [send_request_headers.complete]
[2024-12-03 11:40:00,844]: [_trace.py]: atrace: 87:       DEBUG:    [send_request_body.started request=<Request [b'POST']>]
[2024-12-03 11:40:00,844]: [_trace.py]: atrace: 87:       DEBUG:    [send_request_body.complete]
[2024-12-03 11:40:00,844]: [_trace.py]: atrace: 87:       DEBUG:    [receive_response_headers.started request=<Request [b'POST']>]
[2024-12-03 11:40:00,967]: [_trace.py]: atrace: 87:       DEBUG:    [receive_response_headers.complete return_value=(b'HTTP/1.1', 200, b'OK', [(b'Server', b'nginx/1.18.0'), (b'Date', b'Tue, 03 Dec 2024 11:40:00 GMT'), (b'Content-Type', b'application/json'), (b'Content-Length', b'258'), (b'Connection', b'keep-alive'), (b'Strict-Transport-Security', b'max-age=31536000; includeSubDomains; preload'), (b'Access-Control-Allow-Origin', b'*'), (b'Access-Control-Allow-Methods', b'GET, POST, OPTIONS'), (b'Access-Control-Expose-Headers', b'Content-Length,Content-Type,Date,Server,Connection')])]
[2024-12-03 11:40:00,967]: [_client.py]: _send_single_request: 1742:       INFO:    [HTTP Request: POST https://api.telegram.org/bot6030805959:AAGUHAMxLYc-PrevgKouJ3ZyM7ktu56ftjo/getMe "HTTP/1.1 200 OK"]
[2024-12-03 11:40:00,967]: [_trace.py]: atrace: 87:       DEBUG:    [receive_response_body.started request=<Request [b'POST']>]
[2024-12-03 11:40:00,967]: [_trace.py]: atrace: 87:       DEBUG:    [receive_response_body.complete]
[2024-12-03 11:40:00,968]: [_trace.py]: atrace: 87:       DEBUG:    [response_closed.started]
[2024-12-03 11:40:00,968]: [_trace.py]: atrace: 87:       DEBUG:    [response_closed.complete]
[2024-12-03 11:40:00,968]: [_bot.py]: _do_post: 652:       DEBUG:    [Call to Bot API endpoint `getMe` finished with return value `{'id': 6030805959, 'is_bot': True, 'first_name': 'TyPHoone', 'username': 'TyPHoone_Project_bot', 'can_join_groups': True, 'can_read_all_group_messages': False, 'supports_inline_queries': False, 'can_connect_to_business': False, 'has_main_web_app': False}`]
[2024-12-03 11:40:00,971]: [_bot.py]: _do_post: 643:       DEBUG:    [Calling Bot API endpoint `sendDocument` with parameters `{'chat_id': '-4119703192', 'document': <telegram._files.inputfile.InputFile object at 0x7f12ae2ebf80>}`]
[2024-12-03 11:40:00,972]: [_trace.py]: atrace: 87:       DEBUG:    [send_request_headers.started request=<Request [b'POST']>]
[2024-12-03 11:40:00,972]: [_trace.py]: atrace: 87:       DEBUG:    [send_request_headers.complete]
[2024-12-03 11:40:00,972]: [_trace.py]: atrace: 87:       DEBUG:    [send_request_body.started request=<Request [b'POST']>]
[2024-12-03 11:40:00,973]: [_trace.py]: atrace: 87:       DEBUG:    [send_request_body.complete]
[2024-12-03 11:40:00,973]: [_trace.py]: atrace: 87:       DEBUG:    [receive_response_headers.started request=<Request [b'POST']>]
[2024-12-03 11:40:01,330]: [_trace.py]: atrace: 87:       DEBUG:    [receive_response_headers.complete return_value=(b'HTTP/1.1', 200, b'OK', [(b'Server', b'nginx/1.18.0'), (b'Date', b'Tue, 03 Dec 2024 11:40:01 GMT'), (b'Content-Type', b'application/json'), (b'Content-Length', b'464'), (b'Connection', b'keep-alive'), (b'Strict-Transport-Security', b'max-age=31536000; includeSubDomains; preload'), (b'Access-Control-Allow-Origin', b'*'), (b'Access-Control-Allow-Methods', b'GET, POST, OPTIONS'), (b'Access-Control-Expose-Headers', b'Content-Length,Content-Type,Date,Server,Connection')])]
[2024-12-03 11:40:01,330]: [_client.py]: _send_single_request: 1742:       INFO:    [HTTP Request: POST https://api.telegram.org/bot6030805959:AAGUHAMxLYc-PrevgKouJ3ZyM7ktu56ftjo/sendDocument "HTTP/1.1 200 OK"]
[2024-12-03 11:40:01,330]: [_trace.py]: atrace: 87:       DEBUG:    [receive_response_body.started request=<Request [b'POST']>]
[2024-12-03 11:40:01,330]: [_trace.py]: atrace: 87:       DEBUG:    [receive_response_body.complete]
[2024-12-03 11:40:01,330]: [_trace.py]: atrace: 87:       DEBUG:    [response_closed.started]
[2024-12-03 11:40:01,330]: [_trace.py]: atrace: 87:       DEBUG:    [response_closed.complete]
[2024-12-03 11:40:01,331]: [_bot.py]: _do_post: 652:       DEBUG:    [Call to Bot API endpoint `sendDocument` finished with return value `{'message_id': 2026, 'from': {'id': 6030805959, 'is_bot': True, 'first_name': 'TyPHoone', 'username': 'TyPHoone_Project_bot'}, 'chat': {'id': -4119703192, 'title': 'Robocop', 'type': 'group', 'all_members_are_administrators': True}, 'date': 1733226001, 'document': {'file_name': '(2024_12_03--11_39).log', 'mime_type': 'text/plain', 'file_id': 'BQACAgQAAxkDAAIH6mdO7hEPKEG4ZDb3u_9W5xd7qF6yAAIGFQAC18txUlphEssxATNjNgQ', 'file_unique_id': 'AgADBhUAAtfLcVI', 'file_size': 5937}}`]
[2024-12-03 11:40:01,331]: [_trace.py]: atrace: 87:       DEBUG:    [close.started]
[2024-12-03 11:40:01,331]: [_trace.py]: atrace: 87:       DEBUG:    [close.complete]
[2024-12-03 11:40:01,388]: [_bot.py]: _do_post: 643:       DEBUG:    [Calling Bot API endpoint `getMe` with parameters `{}`]
[2024-12-03 11:40:01,388]: [_trace.py]: atrace: 87:       DEBUG:    [connect_tcp.started host='api.telegram.org' port=443 local_address=None timeout=5.0 socket_options=None]
[2024-12-03 11:40:01,493]: [_trace.py]: atrace: 87:       DEBUG:    [connect_tcp.complete return_value=<httpcore._backends.anyio.AnyIOStream object at 0x7f12ae157500>]
[2024-12-03 11:40:01,494]: [_trace.py]: atrace: 87:       DEBUG:    [start_tls.started ssl_context=<ssl.SSLContext object at 0x7f12ae935250> server_hostname='api.telegram.org' timeout=5.0]
[2024-12-03 11:40:01,602]: [_trace.py]: atrace: 87:       DEBUG:    [start_tls.complete return_value=<httpcore._backends.anyio.AnyIOStream object at 0x7f12aeb3f590>]
[2024-12-03 11:40:01,603]: [_trace.py]: atrace: 87:       DEBUG:    [send_request_headers.started request=<Request [b'POST']>]
[2024-12-03 11:40:01,603]: [_trace.py]: atrace: 87:       DEBUG:    [send_request_headers.complete]
[2024-12-03 11:40:01,603]: [_trace.py]: atrace: 87:       DEBUG:    [send_request_body.started request=<Request [b'POST']>]
[2024-12-03 11:40:01,603]: [_trace.py]: atrace: 87:       DEBUG:    [send_request_body.complete]
[2024-12-03 11:40:01,603]: [_trace.py]: atrace: 87:       DEBUG:    [receive_response_headers.started request=<Request [b'POST']>]
[2024-12-03 11:40:01,708]: [_trace.py]: atrace: 87:       DEBUG:    [receive_response_headers.complete return_value=(b'HTTP/1.1', 200, b'OK', [(b'Server', b'nginx/1.18.0'), (b'Date', b'Tue, 03 Dec 2024 11:40:01 GMT'), (b'Content-Type', b'application/json'), (b'Content-Length', b'258'), (b'Connection', b'keep-alive'), (b'Strict-Transport-Security', b'max-age=31536000; includeSubDomains; preload'), (b'Access-Control-Allow-Origin', b'*'), (b'Access-Control-Allow-Methods', b'GET, POST, OPTIONS'), (b'Access-Control-Expose-Headers', b'Content-Length,Content-Type,Date,Server,Connection')])]
[2024-12-03 11:40:01,709]: [_client.py]: _send_single_request: 1742:       INFO:    [HTTP Request: POST https://api.telegram.org/bot6030805959:AAGUHAMxLYc-PrevgKouJ3ZyM7ktu56ftjo/getMe "HTTP/1.1 200 OK"]
[2024-12-03 11:40:01,709]: [_trace.py]: atrace: 87:       DEBUG:    [receive_response_body.started request=<Request [b'POST']>]
[2024-12-03 11:40:01,709]: [_trace.py]: atrace: 87:       DEBUG:    [receive_response_body.complete]
[2024-12-03 11:40:01,709]: [_trace.py]: atrace: 87:       DEBUG:    [response_closed.started]
[2024-12-03 11:40:01,709]: [_trace.py]: atrace: 87:       DEBUG:    [response_closed.complete]
[2024-12-03 11:40:01,709]: [_bot.py]: _do_post: 652:       DEBUG:    [Call to Bot API endpoint `getMe` finished with return value `{'id': 6030805959, 'is_bot': True, 'first_name': 'TyPHoone', 'username': 'TyPHoone_Project_bot', 'can_join_groups': True, 'can_read_all_group_messages': False, 'supports_inline_queries': False, 'can_connect_to_business': False, 'has_main_web_app': False}`]
[2024-12-03 11:40:01,711]: [_bot.py]: _do_post: 643:       DEBUG:    [Calling Bot API endpoint `sendDocument` with parameters `{'chat_id': '-4119703192', 'document': <telegram._files.inputfile.InputFile object at 0x7f12ae15ae40>}`]
[2024-12-03 11:40:01,712]: [_trace.py]: atrace: 87:       DEBUG:    [send_request_headers.started request=<Request [b'POST']>]
[2024-12-03 11:40:01,712]: [_trace.py]: atrace: 87:       DEBUG:    [send_request_headers.complete]
[2024-12-03 11:40:01,712]: [_trace.py]: atrace: 87:       DEBUG:    [send_request_body.started request=<Request [b'POST']>]
[2024-12-03 11:40:02,667]: [_trace.py]: atrace: 87:       DEBUG:    [send_request_body.complete]
[2024-12-03 11:40:02,667]: [_trace.py]: atrace: 87:       DEBUG:    [receive_response_headers.started request=<Request [b'POST']>]
[2024-12-03 11:40:03,404]: [_trace.py]: atrace: 87:       DEBUG:    [receive_response_headers.complete return_value=(b'HTTP/1.1', 200, b'OK', [(b'Server', b'nginx/1.18.0'), (b'Date', b'Tue, 03 Dec 2024 11:40:03 GMT'), (b'Content-Type', b'application/json'), (b'Content-Length', b'478'), (b'Connection', b'keep-alive'), (b'Strict-Transport-Security', b'max-age=31536000; includeSubDomains; preload'), (b'Access-Control-Allow-Origin', b'*'), (b'Access-Control-Allow-Methods', b'GET, POST, OPTIONS'), (b'Access-Control-Expose-Headers', b'Content-Length,Content-Type,Date,Server,Connection')])]
[2024-12-03 11:40:03,404]: [_client.py]: _send_single_request: 1742:       INFO:    [HTTP Request: POST https://api.telegram.org/bot6030805959:AAGUHAMxLYc-PrevgKouJ3ZyM7ktu56ftjo/sendDocument "HTTP/1.1 200 OK"]
[2024-12-03 11:40:03,404]: [_trace.py]: atrace: 87:       DEBUG:    [receive_response_body.started request=<Request [b'POST']>]
[2024-12-03 11:40:03,404]: [_trace.py]: atrace: 87:       DEBUG:    [receive_response_body.complete]
[2024-12-03 11:40:03,404]: [_trace.py]: atrace: 87:       DEBUG:    [response_closed.started]
[2024-12-03 11:40:03,404]: [_trace.py]: atrace: 87:       DEBUG:    [response_closed.complete]
[2024-12-03 11:40:03,404]: [_bot.py]: _do_post: 652:       DEBUG:    [Call to Bot API endpoint `sendDocument` finished with return value `{'message_id': 2027, 'from': {'id': 6030805959, 'is_bot': True, 'first_name': 'TyPHoone', 'username': 'TyPHoone_Project_bot'}, 'chat': {'id': -4119703192, 'title': 'Robocop', 'type': 'group', 'all_members_are_administrators': True}, 'date': 1733226003, 'document': {'file_name': '(2024_12_03--11_39)output.zip', 'mime_type': 'application/zip', 'file_id': 'BQACAgQAAxkDAAIH62dO7hPu8kTojRg05JugNNqSa_ojAAIHFQAC18txUn2EaZJ7Ykm8NgQ', 'file_unique_id': 'AgADBxUAAtfLcVI', 'file_size': 9869206}}`]
[2024-12-03 11:40:03,405]: [_trace.py]: atrace: 87:       DEBUG:    [close.started]
[2024-12-03 11:40:03,405]: [_trace.py]: atrace: 87:       DEBUG:    [close.complete]
[2024-12-03 11:40:03,405]: [Telegram_Sender.py]: runner: 61:       INFO:    [sent successfully]
[2024-12-03 11:40:03,406]: [Main.py]: <module>: 48:       INFO:    [Finished]
