[2024-07-04 11:42:07,238]: [Main.py]: <module>: 21:       INFO:    [Started]
[2024-07-04 11:42:09,126]: [Iron_Scraper.py]: Scrap: 32:       INFO:    [Data Scaraped Successfully]
[2024-07-04 11:42:09,340]: [Iron_Scraper.py]: Scrap: 70:       INFO:    [Scrapped Data Has No Problem]
[2024-07-04 11:42:09,340]: [Iron_Scraper.py]: Scrap: 83:       INFO:    [Data Saved Successfully]
[2024-07-04 11:42:09,340]: [Iron.py]: Run: 26:       INFO:    [Scraping Phase Completed]
[2024-07-04 11:42:09,341]: [Iron_Data_Processor.py]: Data_Reader: 61:       INFO:    [Data File Has Been Red Successfully]
[2024-07-04 11:42:09,341]: [Iron_Data_Processor.py]: Shaper: 78:       INFO:    [Data Shaped]
[2024-07-04 11:42:09,341]: [Iron_Data_Processor.py]: Process: 228:       INFO:    [Data Cleaned]
[2024-07-04 11:42:09,341]: [Iron_Data_Processor.py]: Make_Pages_Objects: 101:       INFO:    [Page Objects Has Been Made]
[2024-07-04 11:42:09,341]: [Iron_Data_Processor.py]: Make_Pages_Objects: 101:       INFO:    [Page Objects Has Been Made]
[2024-07-04 11:42:09,341]: [Iron_Data_Processor.py]: Load_Data: 118:       INFO:    [Data Has Been Load]
[2024-07-04 11:42:09,341]: [Iron_Data_Processor.py]: Load_Data: 118:       INFO:    [Data Has Been Load]
[2024-07-04 11:42:09,342]: [Iron_Data_Processor.py]: Load_positions: 140:       INFO:    [Positions Are Ready]
[2024-07-04 11:42:09,342]: [Iron_Data_Processor.py]: Load_positions: 140:       INFO:    [Positions Are Ready]
[2024-07-04 11:42:10,481]: [Iron_Data_Processor.py]: Make_Tagged_Images: 193:       INFO:    [Images Has Been Made]
[2024-07-04 11:42:11,453]: [Iron_Data_Processor.py]: Make_Tagged_Images: 193:       INFO:    [Images Has Been Made]
[2024-07-04 11:42:11,708]: [Iron_Data_Processor.py]: Make_Cover_Page: 215:       INFO:    [Made Cover Pages]
[2024-07-04 11:42:11,708]: [Iron.py]: Run: 29:       INFO:    [Imagination Phase Completed]
[2024-07-04 11:42:22,620]: [Phone_Scraper.py]: Scrap: 58:       INFO:    [Data Scraped]
[2024-07-04 11:42:22,620]: [Phone_Scraper.py]: Scrap: 71:       INFO:    [Scraped Data Successfully]
[2024-07-04 11:42:22,620]: [Phone.py]: Run: 26:       INFO:    [Scraping Phase Complete]
[2024-07-04 11:42:22,621]: [Phone_Data_Processor.py]: data_reader: 38:       INFO:    [Scraped Data Loaded]
[2024-07-04 11:42:22,622]: [Phone_Data_Processor.py]: filter_list: 65:       INFO:    [Persian Phrases Are deleted]
[2024-07-04 11:42:22,622]: [Phone_Data_Processor.py]: reshape_list: 87:       INFO:    [Date Reshaped]
[2024-07-04 11:42:22,622]: [Phone_Data_Processor.py]: separate_brands: 124:       INFO:    [Brands Are Separated]
[2024-07-04 11:42:22,623]: [Phone_Data_Processor.py]: delete_extra_spaces: 141:       INFO:    [Extra Spaces Are Deleted]
[2024-07-04 11:42:23,245]: [Phone.py]: Run: 29:       INFO:    [Imagination Phase Complete]
[2024-07-04 11:42:23,246]: [selector_events.py]: __init__: 64:       DEBUG:    [Using selector: EpollSelector]
[2024-07-04 11:42:23,576]: [_bot.py]: _do_post: 643:       DEBUG:    [Calling Bot API endpoint `getMe` with parameters `{}`]
[2024-07-04 11:42:23,580]: [_trace.py]: atrace: 85:       DEBUG:    [connect_tcp.started host='api.telegram.org' port=443 local_address=None timeout=5.0 socket_options=None]
[2024-07-04 11:42:23,795]: [_trace.py]: atrace: 85:       DEBUG:    [connect_tcp.complete return_value=<httpcore._backends.anyio.AnyIOStream object at 0x7f2b6f949640>]
[2024-07-04 11:42:23,795]: [_trace.py]: atrace: 85:       DEBUG:    [start_tls.started ssl_context=<ssl.SSLContext object at 0x7f2b7023a9d0> server_hostname='api.telegram.org' timeout=5.0]
[2024-07-04 11:42:23,946]: [_trace.py]: atrace: 85:       DEBUG:    [start_tls.complete return_value=<httpcore._backends.anyio.AnyIOStream object at 0x7f2b704249b0>]
[2024-07-04 11:42:23,946]: [_trace.py]: atrace: 85:       DEBUG:    [send_request_headers.started request=<Request [b'POST']>]
[2024-07-04 11:42:23,946]: [_trace.py]: atrace: 85:       DEBUG:    [send_request_headers.complete]
[2024-07-04 11:42:23,946]: [_trace.py]: atrace: 85:       DEBUG:    [send_request_body.started request=<Request [b'POST']>]
[2024-07-04 11:42:23,947]: [_trace.py]: atrace: 85:       DEBUG:    [send_request_body.complete]
[2024-07-04 11:42:23,947]: [_trace.py]: atrace: 85:       DEBUG:    [receive_response_headers.started request=<Request [b'POST']>]
[2024-07-04 11:42:24,096]: [_trace.py]: atrace: 85:       DEBUG:    [receive_response_headers.complete return_value=(b'HTTP/1.1', 200, b'OK', [(b'Server', b'nginx/1.18.0'), (b'Date', b'Thu, 04 Jul 2024 11:42:24 GMT'), (b'Content-Type', b'application/json'), (b'Content-Length', b'233'), (b'Connection', b'keep-alive'), (b'Strict-Transport-Security', b'max-age=31536000; includeSubDomains; preload'), (b'Access-Control-Allow-Origin', b'*'), (b'Access-Control-Allow-Methods', b'GET, POST, OPTIONS'), (b'Access-Control-Expose-Headers', b'Content-Length,Content-Type,Date,Server,Connection')])]
[2024-07-04 11:42:24,097]: [_client.py]: _send_single_request: 1773:       INFO:    [HTTP Request: POST https://api.telegram.org/bot6030805959:AAGUHAMxLYc-PrevgKouJ3ZyM7ktu56ftjo/getMe "HTTP/1.1 200 OK"]
[2024-07-04 11:42:24,097]: [_trace.py]: atrace: 85:       DEBUG:    [receive_response_body.started request=<Request [b'POST']>]
[2024-07-04 11:42:24,097]: [_trace.py]: atrace: 85:       DEBUG:    [receive_response_body.complete]
[2024-07-04 11:42:24,097]: [_trace.py]: atrace: 85:       DEBUG:    [response_closed.started]
[2024-07-04 11:42:24,097]: [_trace.py]: atrace: 85:       DEBUG:    [response_closed.complete]
[2024-07-04 11:42:24,097]: [_bot.py]: _do_post: 652:       DEBUG:    [Call to Bot API endpoint `getMe` finished with return value `{'id': 6030805959, 'is_bot': True, 'first_name': 'TyPHoone', 'username': 'TyPHoone_Project_bot', 'can_join_groups': True, 'can_read_all_group_messages': False, 'supports_inline_queries': False, 'can_connect_to_business': False}`]
[2024-07-04 11:42:24,100]: [_bot.py]: _do_post: 643:       DEBUG:    [Calling Bot API endpoint `sendDocument` with parameters `{'chat_id': '-4119703192', 'document': <telegram._files.inputfile.InputFile object at 0x7f2b6f91e6c0>}`]
[2024-07-04 11:42:24,101]: [_trace.py]: atrace: 85:       DEBUG:    [send_request_headers.started request=<Request [b'POST']>]
[2024-07-04 11:42:24,101]: [_trace.py]: atrace: 85:       DEBUG:    [send_request_headers.complete]
[2024-07-04 11:42:24,101]: [_trace.py]: atrace: 85:       DEBUG:    [send_request_body.started request=<Request [b'POST']>]
[2024-07-04 11:42:24,102]: [_trace.py]: atrace: 85:       DEBUG:    [send_request_body.complete]
[2024-07-04 11:42:24,102]: [_trace.py]: atrace: 85:       DEBUG:    [receive_response_headers.started request=<Request [b'POST']>]
[2024-07-04 11:42:24,443]: [_trace.py]: atrace: 85:       DEBUG:    [receive_response_headers.complete return_value=(b'HTTP/1.1', 200, b'OK', [(b'Server', b'nginx/1.18.0'), (b'Date', b'Thu, 04 Jul 2024 11:42:24 GMT'), (b'Content-Type', b'application/json'), (b'Content-Length', b'463'), (b'Connection', b'keep-alive'), (b'Strict-Transport-Security', b'max-age=31536000; includeSubDomains; preload'), (b'Access-Control-Allow-Origin', b'*'), (b'Access-Control-Allow-Methods', b'GET, POST, OPTIONS'), (b'Access-Control-Expose-Headers', b'Content-Length,Content-Type,Date,Server,Connection')])]
[2024-07-04 11:42:24,443]: [_client.py]: _send_single_request: 1773:       INFO:    [HTTP Request: POST https://api.telegram.org/bot6030805959:AAGUHAMxLYc-PrevgKouJ3ZyM7ktu56ftjo/sendDocument "HTTP/1.1 200 OK"]
[2024-07-04 11:42:24,443]: [_trace.py]: atrace: 85:       DEBUG:    [receive_response_body.started request=<Request [b'POST']>]
[2024-07-04 11:42:24,443]: [_trace.py]: atrace: 85:       DEBUG:    [receive_response_body.complete]
[2024-07-04 11:42:24,443]: [_trace.py]: atrace: 85:       DEBUG:    [response_closed.started]
[2024-07-04 11:42:24,443]: [_trace.py]: atrace: 85:       DEBUG:    [response_closed.complete]
[2024-07-04 11:42:24,444]: [_bot.py]: _do_post: 652:       DEBUG:    [Call to Bot API endpoint `sendDocument` finished with return value `{'message_id': 891, 'from': {'id': 6030805959, 'is_bot': True, 'first_name': 'TyPHoone', 'username': 'TyPHoone_Project_bot'}, 'chat': {'id': -4119703192, 'title': 'Robocop', 'type': 'group', 'all_members_are_administrators': True}, 'date': 1720093344, 'document': {'file_name': '(2024_07_04--11_42).log', 'mime_type': 'text/plain', 'file_id': 'BQACAgQAAxkDAAIDe2aGiqDr4XonaJr-WZxMgKSN2C5lAAJ0EwACmTgxUI817Y8nuotuNQQ', 'file_unique_id': 'AgADdBMAApk4MVA', 'file_size': 5910}}`]
[2024-07-04 11:42:24,444]: [_trace.py]: atrace: 85:       DEBUG:    [close.started]
[2024-07-04 11:42:24,444]: [_trace.py]: atrace: 85:       DEBUG:    [close.complete]
[2024-07-04 11:42:24,444]: [_config.py]: load_ssl_context: 80:       DEBUG:    [load_ssl_context verify=True cert=None trust_env=True http2=False]
[2024-07-04 11:42:24,445]: [_config.py]: load_ssl_context_verify: 146:       DEBUG:    [load_verify_locations cafile='/opt/hostedtoolcache/Python/3.12.4/x64/lib/python3.12/site-packages/certifi/cacert.pem']
[2024-07-04 11:42:24,472]: [_config.py]: load_ssl_context: 80:       DEBUG:    [load_ssl_context verify=True cert=None trust_env=True http2=False]
[2024-07-04 11:42:24,472]: [_config.py]: load_ssl_context_verify: 146:       DEBUG:    [load_verify_locations cafile='/opt/hostedtoolcache/Python/3.12.4/x64/lib/python3.12/site-packages/certifi/cacert.pem']
[2024-07-04 11:42:24,498]: [_bot.py]: _do_post: 643:       DEBUG:    [Calling Bot API endpoint `getMe` with parameters `{}`]
[2024-07-04 11:42:24,498]: [_trace.py]: atrace: 85:       DEBUG:    [connect_tcp.started host='api.telegram.org' port=443 local_address=None timeout=5.0 socket_options=None]
[2024-07-04 11:42:24,648]: [_trace.py]: atrace: 85:       DEBUG:    [connect_tcp.complete return_value=<httpcore._backends.anyio.AnyIOStream object at 0x7f2b7025c140>]
[2024-07-04 11:42:24,649]: [_trace.py]: atrace: 85:       DEBUG:    [start_tls.started ssl_context=<ssl.SSLContext object at 0x7f2b7023a7d0> server_hostname='api.telegram.org' timeout=5.0]
[2024-07-04 11:42:24,799]: [_trace.py]: atrace: 85:       DEBUG:    [start_tls.complete return_value=<httpcore._backends.anyio.AnyIOStream object at 0x7f2b7e46acf0>]
[2024-07-04 11:42:24,799]: [_trace.py]: atrace: 85:       DEBUG:    [send_request_headers.started request=<Request [b'POST']>]
[2024-07-04 11:42:24,800]: [_trace.py]: atrace: 85:       DEBUG:    [send_request_headers.complete]
[2024-07-04 11:42:24,800]: [_trace.py]: atrace: 85:       DEBUG:    [send_request_body.started request=<Request [b'POST']>]
[2024-07-04 11:42:24,800]: [_trace.py]: atrace: 85:       DEBUG:    [send_request_body.complete]
[2024-07-04 11:42:24,800]: [_trace.py]: atrace: 85:       DEBUG:    [receive_response_headers.started request=<Request [b'POST']>]
[2024-07-04 11:42:24,948]: [_trace.py]: atrace: 85:       DEBUG:    [receive_response_headers.complete return_value=(b'HTTP/1.1', 200, b'OK', [(b'Server', b'nginx/1.18.0'), (b'Date', b'Thu, 04 Jul 2024 11:42:24 GMT'), (b'Content-Type', b'application/json'), (b'Content-Length', b'233'), (b'Connection', b'keep-alive'), (b'Strict-Transport-Security', b'max-age=31536000; includeSubDomains; preload'), (b'Access-Control-Allow-Origin', b'*'), (b'Access-Control-Allow-Methods', b'GET, POST, OPTIONS'), (b'Access-Control-Expose-Headers', b'Content-Length,Content-Type,Date,Server,Connection')])]
[2024-07-04 11:42:24,948]: [_client.py]: _send_single_request: 1773:       INFO:    [HTTP Request: POST https://api.telegram.org/bot6030805959:AAGUHAMxLYc-PrevgKouJ3ZyM7ktu56ftjo/getMe "HTTP/1.1 200 OK"]
[2024-07-04 11:42:24,948]: [_trace.py]: atrace: 85:       DEBUG:    [receive_response_body.started request=<Request [b'POST']>]
[2024-07-04 11:42:24,948]: [_trace.py]: atrace: 85:       DEBUG:    [receive_response_body.complete]
[2024-07-04 11:42:24,948]: [_trace.py]: atrace: 85:       DEBUG:    [response_closed.started]
[2024-07-04 11:42:24,948]: [_trace.py]: atrace: 85:       DEBUG:    [response_closed.complete]
[2024-07-04 11:42:24,948]: [_bot.py]: _do_post: 652:       DEBUG:    [Call to Bot API endpoint `getMe` finished with return value `{'id': 6030805959, 'is_bot': True, 'first_name': 'TyPHoone', 'username': 'TyPHoone_Project_bot', 'can_join_groups': True, 'can_read_all_group_messages': False, 'supports_inline_queries': False, 'can_connect_to_business': False}`]
[2024-07-04 11:42:24,951]: [_bot.py]: _do_post: 643:       DEBUG:    [Calling Bot API endpoint `sendDocument` with parameters `{'chat_id': '-4119703192', 'document': <telegram._files.inputfile.InputFile object at 0x7f2b6f91f8c0>}`]
[2024-07-04 11:42:24,951]: [_trace.py]: atrace: 85:       DEBUG:    [send_request_headers.started request=<Request [b'POST']>]
[2024-07-04 11:42:24,952]: [_trace.py]: atrace: 85:       DEBUG:    [send_request_headers.complete]
[2024-07-04 11:42:24,952]: [_trace.py]: atrace: 85:       DEBUG:    [send_request_body.started request=<Request [b'POST']>]
[2024-07-04 11:42:26,279]: [_trace.py]: atrace: 85:       DEBUG:    [send_request_body.complete]
[2024-07-04 11:42:26,279]: [_trace.py]: atrace: 85:       DEBUG:    [receive_response_headers.started request=<Request [b'POST']>]
[2024-07-04 11:42:27,225]: [_trace.py]: atrace: 85:       DEBUG:    [receive_response_headers.complete return_value=(b'HTTP/1.1', 200, b'OK', [(b'Server', b'nginx/1.18.0'), (b'Date', b'Thu, 04 Jul 2024 11:42:27 GMT'), (b'Content-Type', b'application/json'), (b'Content-Length', b'478'), (b'Connection', b'keep-alive'), (b'Strict-Transport-Security', b'max-age=31536000; includeSubDomains; preload'), (b'Access-Control-Allow-Origin', b'*'), (b'Access-Control-Allow-Methods', b'GET, POST, OPTIONS'), (b'Access-Control-Expose-Headers', b'Content-Length,Content-Type,Date,Server,Connection')])]
[2024-07-04 11:42:27,225]: [_client.py]: _send_single_request: 1773:       INFO:    [HTTP Request: POST https://api.telegram.org/bot6030805959:AAGUHAMxLYc-PrevgKouJ3ZyM7ktu56ftjo/sendDocument "HTTP/1.1 200 OK"]
[2024-07-04 11:42:27,225]: [_trace.py]: atrace: 85:       DEBUG:    [receive_response_body.started request=<Request [b'POST']>]
[2024-07-04 11:42:27,225]: [_trace.py]: atrace: 85:       DEBUG:    [receive_response_body.complete]
[2024-07-04 11:42:27,225]: [_trace.py]: atrace: 85:       DEBUG:    [response_closed.started]
[2024-07-04 11:42:27,225]: [_trace.py]: atrace: 85:       DEBUG:    [response_closed.complete]
[2024-07-04 11:42:27,226]: [_bot.py]: _do_post: 652:       DEBUG:    [Call to Bot API endpoint `sendDocument` finished with return value `{'message_id': 892, 'from': {'id': 6030805959, 'is_bot': True, 'first_name': 'TyPHoone', 'username': 'TyPHoone_Project_bot'}, 'chat': {'id': -4119703192, 'title': 'Robocop', 'type': 'group', 'all_members_are_administrators': True}, 'date': 1720093347, 'document': {'file_name': '(2024_07_04--11_42)output.zip', 'mime_type': 'application/zip', 'file_id': 'BQACAgQAAxkDAAIDfGaGiqLBrejKLB4AAQ6KebVVAbURmgACdRMAApk4MVB9o_ruFdt2njUE', 'file_unique_id': 'AgADdRMAApk4MVA', 'file_size': 9764009}}`]
[2024-07-04 11:42:27,226]: [_trace.py]: atrace: 85:       DEBUG:    [close.started]
[2024-07-04 11:42:27,226]: [_trace.py]: atrace: 85:       DEBUG:    [close.complete]
[2024-07-04 11:42:27,226]: [Telegram_Sender.py]: runner: 61:       INFO:    [sent successfully]
[2024-07-04 11:42:27,227]: [Main.py]: <module>: 48:       INFO:    [Finished]
