[2025-04-04 11:40:01,957]: [Main.py]: <module>: 21:       INFO:    [Started]
[2025-04-04 11:40:03,954]: [Iron_Scraper.py]: Scrap: 32:       INFO:    [Data Scaraped Successfully]
[2025-04-04 11:40:04,155]: [Iron_Scraper.py]: Scrap: 70:       INFO:    [Scrapped Data Has No Problem]
[2025-04-04 11:40:04,156]: [Iron_Scraper.py]: Scrap: 83:       INFO:    [Data Saved Successfully]
[2025-04-04 11:40:04,156]: [Iron.py]: Run: 26:       INFO:    [Scraping Phase Completed]
[2025-04-04 11:40:04,156]: [Iron_Data_Processor.py]: Data_Reader: 61:       INFO:    [Data File Has Been Red Successfully]
[2025-04-04 11:40:04,156]: [Iron_Data_Processor.py]: Shaper: 78:       INFO:    [Data Shaped]
[2025-04-04 11:40:04,156]: [Iron_Data_Processor.py]: Process: 228:       INFO:    [Data Cleaned]
[2025-04-04 11:40:04,157]: [Iron_Data_Processor.py]: Make_Pages_Objects: 101:       INFO:    [Page Objects Has Been Made]
[2025-04-04 11:40:04,157]: [Iron_Data_Processor.py]: Make_Pages_Objects: 101:       INFO:    [Page Objects Has Been Made]
[2025-04-04 11:40:04,157]: [Iron_Data_Processor.py]: Load_Data: 118:       INFO:    [Data Has Been Load]
[2025-04-04 11:40:04,157]: [Iron_Data_Processor.py]: Load_Data: 118:       INFO:    [Data Has Been Load]
[2025-04-04 11:40:04,157]: [Iron_Data_Processor.py]: Load_positions: 140:       INFO:    [Positions Are Ready]
[2025-04-04 11:40:04,157]: [Iron_Data_Processor.py]: Load_positions: 140:       INFO:    [Positions Are Ready]
[2025-04-04 11:40:05,273]: [Iron_Data_Processor.py]: Make_Tagged_Images: 193:       INFO:    [Images Has Been Made]
[2025-04-04 11:40:06,219]: [Iron_Data_Processor.py]: Make_Tagged_Images: 193:       INFO:    [Images Has Been Made]
[2025-04-04 11:40:06,475]: [Iron_Data_Processor.py]: Make_Cover_Page: 215:       INFO:    [Made Cover Pages]
[2025-04-04 11:40:06,476]: [Iron.py]: Run: 29:       INFO:    [Imagination Phase Completed]
[2025-04-04 11:40:09,630]: [Phone_Scraper.py]: Scrap: 58:       INFO:    [Data Scraped]
[2025-04-04 11:40:09,630]: [Phone_Scraper.py]: Scrap: 71:       INFO:    [Scraped Data Successfully]
[2025-04-04 11:40:09,630]: [Phone.py]: Run: 26:       INFO:    [Scraping Phase Complete]
[2025-04-04 11:40:09,631]: [Phone_Data_Processor.py]: data_reader: 38:       INFO:    [Scraped Data Loaded]
[2025-04-04 11:40:09,632]: [Phone_Data_Processor.py]: filter_list: 65:       INFO:    [Persian Phrases Are deleted]
[2025-04-04 11:40:09,632]: [Phone_Data_Processor.py]: reshape_list: 87:       INFO:    [Date Reshaped]
[2025-04-04 11:40:09,632]: [Phone_Data_Processor.py]: separate_brands: 124:       INFO:    [Brands Are Separated]
[2025-04-04 11:40:09,633]: [Phone_Data_Processor.py]: delete_extra_spaces: 141:       INFO:    [Extra Spaces Are Deleted]
[2025-04-04 11:40:10,396]: [Phone.py]: Run: 29:       INFO:    [Imagination Phase Complete]
[2025-04-04 11:40:10,397]: [selector_events.py]: __init__: 64:       DEBUG:    [Using selector: EpollSelector]
[2025-04-04 11:40:10,675]: [_bot.py]: _do_post: 643:       DEBUG:    [Calling Bot API endpoint `getMe` with parameters `{}`]
[2025-04-04 11:40:10,679]: [_trace.py]: atrace: 87:       DEBUG:    [connect_tcp.started host='api.telegram.org' port=443 local_address=None timeout=5.0 socket_options=None]
[2025-04-04 11:40:10,863]: [_trace.py]: atrace: 87:       DEBUG:    [connect_tcp.complete return_value=<httpcore._backends.anyio.AnyIOStream object at 0x7fc733f809b0>]
[2025-04-04 11:40:10,864]: [_trace.py]: atrace: 87:       DEBUG:    [start_tls.started ssl_context=<ssl.SSLContext object at 0x7fc733fa42d0> server_hostname='api.telegram.org' timeout=5.0]
[2025-04-04 11:40:10,981]: [_trace.py]: atrace: 87:       DEBUG:    [start_tls.complete return_value=<httpcore._backends.anyio.AnyIOStream object at 0x7fc7349c8290>]
[2025-04-04 11:40:10,981]: [_trace.py]: atrace: 87:       DEBUG:    [send_request_headers.started request=<Request [b'POST']>]
[2025-04-04 11:40:10,981]: [_trace.py]: atrace: 87:       DEBUG:    [send_request_headers.complete]
[2025-04-04 11:40:10,982]: [_trace.py]: atrace: 87:       DEBUG:    [send_request_body.started request=<Request [b'POST']>]
[2025-04-04 11:40:10,982]: [_trace.py]: atrace: 87:       DEBUG:    [send_request_body.complete]
[2025-04-04 11:40:10,982]: [_trace.py]: atrace: 87:       DEBUG:    [receive_response_headers.started request=<Request [b'POST']>]
[2025-04-04 11:40:11,171]: [_trace.py]: atrace: 87:       DEBUG:    [receive_response_headers.complete return_value=(b'HTTP/1.1', 200, b'OK', [(b'Server', b'nginx/1.18.0'), (b'Date', b'Fri, 04 Apr 2025 11:40:11 GMT'), (b'Content-Type', b'application/json'), (b'Content-Length', b'258'), (b'Connection', b'keep-alive'), (b'Strict-Transport-Security', b'max-age=31536000; includeSubDomains; preload'), (b'Access-Control-Allow-Origin', b'*'), (b'Access-Control-Allow-Methods', b'GET, POST, OPTIONS'), (b'Access-Control-Expose-Headers', b'Content-Length,Content-Type,Date,Server,Connection')])]
[2025-04-04 11:40:11,171]: [_client.py]: _send_single_request: 1740:       INFO:    [HTTP Request: POST https://api.telegram.org/bot6030805959:AAGUHAMxLYc-PrevgKouJ3ZyM7ktu56ftjo/getMe "HTTP/1.1 200 OK"]
[2025-04-04 11:40:11,171]: [_trace.py]: atrace: 87:       DEBUG:    [receive_response_body.started request=<Request [b'POST']>]
[2025-04-04 11:40:11,171]: [_trace.py]: atrace: 87:       DEBUG:    [receive_response_body.complete]
[2025-04-04 11:40:11,171]: [_trace.py]: atrace: 87:       DEBUG:    [response_closed.started]
[2025-04-04 11:40:11,171]: [_trace.py]: atrace: 87:       DEBUG:    [response_closed.complete]
[2025-04-04 11:40:11,172]: [_bot.py]: _do_post: 652:       DEBUG:    [Call to Bot API endpoint `getMe` finished with return value `{'id': 6030805959, 'is_bot': True, 'first_name': 'TyPHoone', 'username': 'TyPHoone_Project_bot', 'can_join_groups': True, 'can_read_all_group_messages': False, 'supports_inline_queries': False, 'can_connect_to_business': False, 'has_main_web_app': False}`]
[2025-04-04 11:40:11,175]: [_bot.py]: _do_post: 643:       DEBUG:    [Calling Bot API endpoint `sendDocument` with parameters `{'chat_id': '-4119703192', 'document': <telegram._files.inputfile.InputFile object at 0x7fc733569800>}`]
[2025-04-04 11:40:11,175]: [_trace.py]: atrace: 87:       DEBUG:    [send_request_headers.started request=<Request [b'POST']>]
[2025-04-04 11:40:11,175]: [_trace.py]: atrace: 87:       DEBUG:    [send_request_headers.complete]
[2025-04-04 11:40:11,175]: [_trace.py]: atrace: 87:       DEBUG:    [send_request_body.started request=<Request [b'POST']>]
[2025-04-04 11:40:11,176]: [_trace.py]: atrace: 87:       DEBUG:    [send_request_body.complete]
[2025-04-04 11:40:11,176]: [_trace.py]: atrace: 87:       DEBUG:    [receive_response_headers.started request=<Request [b'POST']>]
[2025-04-04 11:40:11,514]: [_trace.py]: atrace: 87:       DEBUG:    [receive_response_headers.complete return_value=(b'HTTP/1.1', 200, b'OK', [(b'Server', b'nginx/1.18.0'), (b'Date', b'Fri, 04 Apr 2025 11:40:11 GMT'), (b'Content-Type', b'application/json'), (b'Content-Length', b'464'), (b'Connection', b'keep-alive'), (b'Strict-Transport-Security', b'max-age=31536000; includeSubDomains; preload'), (b'Access-Control-Allow-Origin', b'*'), (b'Access-Control-Allow-Methods', b'GET, POST, OPTIONS'), (b'Access-Control-Expose-Headers', b'Content-Length,Content-Type,Date,Server,Connection')])]
[2025-04-04 11:40:11,514]: [_client.py]: _send_single_request: 1740:       INFO:    [HTTP Request: POST https://api.telegram.org/bot6030805959:AAGUHAMxLYc-PrevgKouJ3ZyM7ktu56ftjo/sendDocument "HTTP/1.1 200 OK"]
[2025-04-04 11:40:11,514]: [_trace.py]: atrace: 87:       DEBUG:    [receive_response_body.started request=<Request [b'POST']>]
[2025-04-04 11:40:11,514]: [_trace.py]: atrace: 87:       DEBUG:    [receive_response_body.complete]
[2025-04-04 11:40:11,514]: [_trace.py]: atrace: 87:       DEBUG:    [response_closed.started]
[2025-04-04 11:40:11,514]: [_trace.py]: atrace: 87:       DEBUG:    [response_closed.complete]
[2025-04-04 11:40:11,514]: [_bot.py]: _do_post: 652:       DEBUG:    [Call to Bot API endpoint `sendDocument` finished with return value `{'message_id': 2273, 'from': {'id': 6030805959, 'is_bot': True, 'first_name': 'TyPHoone', 'username': 'TyPHoone_Project_bot'}, 'chat': {'id': -4119703192, 'title': 'Robocop', 'type': 'group', 'all_members_are_administrators': True}, 'date': 1743766811, 'document': {'file_name': '(2025_04_04--11_40).log', 'mime_type': 'text/plain', 'file_id': 'BQACAgQAAxkDAAII4WfvxRuKxhGyd_2_OS7-jfrj9lqiAAIFGAAC4NF5U8eWRSd7lvp3NgQ', 'file_unique_id': 'AgADBRgAAuDReVM', 'file_size': 5937}}`]
[2025-04-04 11:40:11,515]: [_trace.py]: atrace: 87:       DEBUG:    [close.started]
[2025-04-04 11:40:11,515]: [_trace.py]: atrace: 87:       DEBUG:    [close.complete]
[2025-04-04 11:40:11,561]: [_bot.py]: _do_post: 643:       DEBUG:    [Calling Bot API endpoint `getMe` with parameters `{}`]
[2025-04-04 11:40:11,561]: [_trace.py]: atrace: 87:       DEBUG:    [connect_tcp.started host='api.telegram.org' port=443 local_address=None timeout=5.0 socket_options=None]
[2025-04-04 11:40:11,677]: [_trace.py]: atrace: 87:       DEBUG:    [connect_tcp.complete return_value=<httpcore._backends.anyio.AnyIOStream object at 0x7fc73359a630>]
[2025-04-04 11:40:11,677]: [_trace.py]: atrace: 87:       DEBUG:    [start_tls.started ssl_context=<ssl.SSLContext object at 0x7fc733f3bbd0> server_hostname='api.telegram.org' timeout=5.0]
[2025-04-04 11:40:11,793]: [_trace.py]: atrace: 87:       DEBUG:    [start_tls.complete return_value=<httpcore._backends.anyio.AnyIOStream object at 0x7fc739b22330>]
[2025-04-04 11:40:11,794]: [_trace.py]: atrace: 87:       DEBUG:    [send_request_headers.started request=<Request [b'POST']>]
[2025-04-04 11:40:11,794]: [_trace.py]: atrace: 87:       DEBUG:    [send_request_headers.complete]
[2025-04-04 11:40:11,794]: [_trace.py]: atrace: 87:       DEBUG:    [send_request_body.started request=<Request [b'POST']>]
[2025-04-04 11:40:11,794]: [_trace.py]: atrace: 87:       DEBUG:    [send_request_body.complete]
[2025-04-04 11:40:11,794]: [_trace.py]: atrace: 87:       DEBUG:    [receive_response_headers.started request=<Request [b'POST']>]
[2025-04-04 11:40:11,908]: [_trace.py]: atrace: 87:       DEBUG:    [receive_response_headers.complete return_value=(b'HTTP/1.1', 200, b'OK', [(b'Server', b'nginx/1.18.0'), (b'Date', b'Fri, 04 Apr 2025 11:40:11 GMT'), (b'Content-Type', b'application/json'), (b'Content-Length', b'258'), (b'Connection', b'keep-alive'), (b'Strict-Transport-Security', b'max-age=31536000; includeSubDomains; preload'), (b'Access-Control-Allow-Origin', b'*'), (b'Access-Control-Allow-Methods', b'GET, POST, OPTIONS'), (b'Access-Control-Expose-Headers', b'Content-Length,Content-Type,Date,Server,Connection')])]
[2025-04-04 11:40:11,908]: [_client.py]: _send_single_request: 1740:       INFO:    [HTTP Request: POST https://api.telegram.org/bot6030805959:AAGUHAMxLYc-PrevgKouJ3ZyM7ktu56ftjo/getMe "HTTP/1.1 200 OK"]
[2025-04-04 11:40:11,908]: [_trace.py]: atrace: 87:       DEBUG:    [receive_response_body.started request=<Request [b'POST']>]
[2025-04-04 11:40:11,908]: [_trace.py]: atrace: 87:       DEBUG:    [receive_response_body.complete]
[2025-04-04 11:40:11,908]: [_trace.py]: atrace: 87:       DEBUG:    [response_closed.started]
[2025-04-04 11:40:11,908]: [_trace.py]: atrace: 87:       DEBUG:    [response_closed.complete]
[2025-04-04 11:40:11,909]: [_bot.py]: _do_post: 652:       DEBUG:    [Call to Bot API endpoint `getMe` finished with return value `{'id': 6030805959, 'is_bot': True, 'first_name': 'TyPHoone', 'username': 'TyPHoone_Project_bot', 'can_join_groups': True, 'can_read_all_group_messages': False, 'supports_inline_queries': False, 'can_connect_to_business': False, 'has_main_web_app': False}`]
[2025-04-04 11:40:11,912]: [_bot.py]: _do_post: 643:       DEBUG:    [Calling Bot API endpoint `sendDocument` with parameters `{'chat_id': '-4119703192', 'document': <telegram._files.inputfile.InputFile object at 0x7fc733f9b980>}`]
[2025-04-04 11:40:11,912]: [_trace.py]: atrace: 87:       DEBUG:    [send_request_headers.started request=<Request [b'POST']>]
[2025-04-04 11:40:11,912]: [_trace.py]: atrace: 87:       DEBUG:    [send_request_headers.complete]
[2025-04-04 11:40:11,912]: [_trace.py]: atrace: 87:       DEBUG:    [send_request_body.started request=<Request [b'POST']>]
[2025-04-04 11:40:13,177]: [_trace.py]: atrace: 87:       DEBUG:    [send_request_body.complete]
[2025-04-04 11:40:13,177]: [_trace.py]: atrace: 87:       DEBUG:    [receive_response_headers.started request=<Request [b'POST']>]
[2025-04-04 11:40:14,463]: [_trace.py]: atrace: 87:       DEBUG:    [receive_response_headers.complete return_value=(b'HTTP/1.1', 200, b'OK', [(b'Server', b'nginx/1.18.0'), (b'Date', b'Fri, 04 Apr 2025 11:40:14 GMT'), (b'Content-Type', b'application/json'), (b'Content-Length', b'480'), (b'Connection', b'keep-alive'), (b'Strict-Transport-Security', b'max-age=31536000; includeSubDomains; preload'), (b'Access-Control-Allow-Origin', b'*'), (b'Access-Control-Allow-Methods', b'GET, POST, OPTIONS'), (b'Access-Control-Expose-Headers', b'Content-Length,Content-Type,Date,Server,Connection')])]
[2025-04-04 11:40:14,463]: [_client.py]: _send_single_request: 1740:       INFO:    [HTTP Request: POST https://api.telegram.org/bot6030805959:AAGUHAMxLYc-PrevgKouJ3ZyM7ktu56ftjo/sendDocument "HTTP/1.1 200 OK"]
[2025-04-04 11:40:14,463]: [_trace.py]: atrace: 87:       DEBUG:    [receive_response_body.started request=<Request [b'POST']>]
[2025-04-04 11:40:14,463]: [_trace.py]: atrace: 87:       DEBUG:    [receive_response_body.complete]
[2025-04-04 11:40:14,463]: [_trace.py]: atrace: 87:       DEBUG:    [response_closed.started]
[2025-04-04 11:40:14,463]: [_trace.py]: atrace: 87:       DEBUG:    [response_closed.complete]
[2025-04-04 11:40:14,463]: [_bot.py]: _do_post: 652:       DEBUG:    [Call to Bot API endpoint `sendDocument` finished with return value `{'message_id': 2274, 'from': {'id': 6030805959, 'is_bot': True, 'first_name': 'TyPHoone', 'username': 'TyPHoone_Project_bot'}, 'chat': {'id': -4119703192, 'title': 'Robocop', 'type': 'group', 'all_members_are_administrators': True}, 'date': 1743766814, 'document': {'file_name': '(2025_04_04--11_40)output.zip', 'mime_type': 'application/zip', 'file_id': 'BQACAgQAAxkDAAII4mfvxR5dHTei5s3HOCMepCD9jgABEQACBhgAAuDReVPnxzEmYr-sITYE', 'file_unique_id': 'AgADBhgAAuDReVM', 'file_size': 10107520}}`]
[2025-04-04 11:40:14,464]: [_trace.py]: atrace: 87:       DEBUG:    [close.started]
[2025-04-04 11:40:14,464]: [_trace.py]: atrace: 87:       DEBUG:    [close.complete]
[2025-04-04 11:40:14,464]: [Telegram_Sender.py]: runner: 61:       INFO:    [sent successfully]
[2025-04-04 11:40:14,465]: [Main.py]: <module>: 48:       INFO:    [Finished]
