[2025-12-15 11:43:28,870]: [Main.py]: <module>: 21:       INFO:    [Started]
[2025-12-15 11:43:44,009]: [Iron_Scraper.py]: Scrap: 32:       INFO:    [Data Scaraped Successfully]
[2025-12-15 11:43:44,211]: [Iron_Scraper.py]: Scrap: 70:       INFO:    [Scrapped Data Has No Problem]
[2025-12-15 11:43:44,211]: [Iron_Scraper.py]: Scrap: 83:       INFO:    [Data Saved Successfully]
[2025-12-15 11:43:44,211]: [Iron.py]: Run: 26:       INFO:    [Scraping Phase Completed]
[2025-12-15 11:43:44,211]: [Iron_Data_Processor.py]: Data_Reader: 61:       INFO:    [Data File Has Been Red Successfully]
[2025-12-15 11:43:44,212]: [Iron_Data_Processor.py]: Shaper: 78:       INFO:    [Data Shaped]
[2025-12-15 11:43:44,212]: [Iron_Data_Processor.py]: Process: 228:       INFO:    [Data Cleaned]
[2025-12-15 11:43:44,212]: [Iron_Data_Processor.py]: Make_Pages_Objects: 101:       INFO:    [Page Objects Has Been Made]
[2025-12-15 11:43:44,212]: [Iron_Data_Processor.py]: Make_Pages_Objects: 101:       INFO:    [Page Objects Has Been Made]
[2025-12-15 11:43:44,212]: [Iron_Data_Processor.py]: Load_Data: 118:       INFO:    [Data Has Been Load]
[2025-12-15 11:43:44,212]: [Iron_Data_Processor.py]: Load_Data: 118:       INFO:    [Data Has Been Load]
[2025-12-15 11:43:44,212]: [Iron_Data_Processor.py]: Load_positions: 140:       INFO:    [Positions Are Ready]
[2025-12-15 11:43:44,213]: [Iron_Data_Processor.py]: Load_positions: 140:       INFO:    [Positions Are Ready]
[2025-12-15 11:43:45,329]: [Iron_Data_Processor.py]: Make_Tagged_Images: 193:       INFO:    [Images Has Been Made]
[2025-12-15 11:43:46,274]: [Iron_Data_Processor.py]: Make_Tagged_Images: 193:       INFO:    [Images Has Been Made]
[2025-12-15 11:43:46,528]: [Iron_Data_Processor.py]: Make_Cover_Page: 215:       INFO:    [Made Cover Pages]
[2025-12-15 11:43:46,528]: [Iron.py]: Run: 29:       INFO:    [Imagination Phase Completed]
[2025-12-15 11:44:13,093]: [Phone_Scraper.py]: Scrap: 58:       INFO:    [Data Scraped]
[2025-12-15 11:44:13,094]: [Phone_Scraper.py]: Scrap: 71:       INFO:    [Scraped Data Successfully]
[2025-12-15 11:44:13,094]: [Phone.py]: Run: 26:       INFO:    [Scraping Phase Complete]
[2025-12-15 11:44:13,094]: [Phone_Data_Processor.py]: data_reader: 38:       INFO:    [Scraped Data Loaded]
[2025-12-15 11:44:13,095]: [Phone_Data_Processor.py]: filter_list: 65:       INFO:    [Persian Phrases Are deleted]
[2025-12-15 11:44:13,095]: [Phone_Data_Processor.py]: reshape_list: 87:       INFO:    [Date Reshaped]
[2025-12-15 11:44:13,096]: [Phone_Data_Processor.py]: separate_brands: 124:       INFO:    [Brands Are Separated]
[2025-12-15 11:44:13,096]: [Phone_Data_Processor.py]: delete_extra_spaces: 141:       INFO:    [Extra Spaces Are Deleted]
[2025-12-15 11:44:13,840]: [Phone.py]: Run: 29:       INFO:    [Imagination Phase Complete]
[2025-12-15 11:44:13,840]: [selector_events.py]: __init__: 64:       DEBUG:    [Using selector: EpollSelector]
[2025-12-15 11:44:14,118]: [_bot.py]: _do_post: 643:       DEBUG:    [Calling Bot API endpoint `getMe` with parameters `{}`]
[2025-12-15 11:44:14,123]: [_trace.py]: atrace: 87:       DEBUG:    [connect_tcp.started host='api.telegram.org' port=443 local_address=None timeout=5.0 socket_options=None]
[2025-12-15 11:44:14,273]: [_trace.py]: atrace: 87:       DEBUG:    [connect_tcp.complete return_value=<httpcore._backends.anyio.AnyIOStream object at 0x7f41e0fb4cb0>]
[2025-12-15 11:44:14,273]: [_trace.py]: atrace: 87:       DEBUG:    [start_tls.started ssl_context=<ssl.SSLContext object at 0x7f41e14aded0> server_hostname='api.telegram.org' timeout=5.0]
[2025-12-15 11:44:14,380]: [_trace.py]: atrace: 87:       DEBUG:    [start_tls.complete return_value=<httpcore._backends.anyio.AnyIOStream object at 0x7f41e1fd7260>]
[2025-12-15 11:44:14,380]: [_trace.py]: atrace: 87:       DEBUG:    [send_request_headers.started request=<Request [b'POST']>]
[2025-12-15 11:44:14,381]: [_trace.py]: atrace: 87:       DEBUG:    [send_request_headers.complete]
[2025-12-15 11:44:14,381]: [_trace.py]: atrace: 87:       DEBUG:    [send_request_body.started request=<Request [b'POST']>]
[2025-12-15 11:44:14,381]: [_trace.py]: atrace: 87:       DEBUG:    [send_request_body.complete]
[2025-12-15 11:44:14,381]: [_trace.py]: atrace: 87:       DEBUG:    [receive_response_headers.started request=<Request [b'POST']>]
[2025-12-15 11:44:14,486]: [_trace.py]: atrace: 87:       DEBUG:    [receive_response_headers.complete return_value=(b'HTTP/1.1', 200, b'OK', [(b'Server', b'nginx/1.18.0'), (b'Date', b'Mon, 15 Dec 2025 11:44:14 GMT'), (b'Content-Type', b'application/json'), (b'Content-Length', b'258'), (b'Connection', b'keep-alive'), (b'Strict-Transport-Security', b'max-age=31536000; includeSubDomains; preload'), (b'Access-Control-Allow-Origin', b'*'), (b'Access-Control-Allow-Methods', b'GET, POST, OPTIONS'), (b'Access-Control-Expose-Headers', b'Content-Length,Content-Type,Date,Server,Connection')])]
[2025-12-15 11:44:14,486]: [_client.py]: _send_single_request: 1740:       INFO:    [HTTP Request: POST https://api.telegram.org/bot6030805959:AAGUHAMxLYc-PrevgKouJ3ZyM7ktu56ftjo/getMe "HTTP/1.1 200 OK"]
[2025-12-15 11:44:14,487]: [_trace.py]: atrace: 87:       DEBUG:    [receive_response_body.started request=<Request [b'POST']>]
[2025-12-15 11:44:14,487]: [_trace.py]: atrace: 87:       DEBUG:    [receive_response_body.complete]
[2025-12-15 11:44:14,487]: [_trace.py]: atrace: 87:       DEBUG:    [response_closed.started]
[2025-12-15 11:44:14,487]: [_trace.py]: atrace: 87:       DEBUG:    [response_closed.complete]
[2025-12-15 11:44:14,487]: [_bot.py]: _do_post: 652:       DEBUG:    [Call to Bot API endpoint `getMe` finished with return value `{'id': 6030805959, 'is_bot': True, 'first_name': 'TyPHoone', 'username': 'TyPHoone_Project_bot', 'can_join_groups': True, 'can_read_all_group_messages': False, 'supports_inline_queries': False, 'can_connect_to_business': False, 'has_main_web_app': False}`]
[2025-12-15 11:44:14,490]: [_bot.py]: _do_post: 643:       DEBUG:    [Calling Bot API endpoint `sendDocument` with parameters `{'chat_id': '-4119703192', 'document': <telegram._files.inputfile.InputFile object at 0x7f41e095e400>}`]
[2025-12-15 11:44:14,491]: [_trace.py]: atrace: 87:       DEBUG:    [send_request_headers.started request=<Request [b'POST']>]
[2025-12-15 11:44:14,491]: [_trace.py]: atrace: 87:       DEBUG:    [send_request_headers.complete]
[2025-12-15 11:44:14,491]: [_trace.py]: atrace: 87:       DEBUG:    [send_request_body.started request=<Request [b'POST']>]
[2025-12-15 11:44:14,492]: [_trace.py]: atrace: 87:       DEBUG:    [send_request_body.complete]
[2025-12-15 11:44:14,492]: [_trace.py]: atrace: 87:       DEBUG:    [receive_response_headers.started request=<Request [b'POST']>]
[2025-12-15 11:44:14,800]: [_trace.py]: atrace: 87:       DEBUG:    [receive_response_headers.complete return_value=(b'HTTP/1.1', 200, b'OK', [(b'Server', b'nginx/1.18.0'), (b'Date', b'Mon, 15 Dec 2025 11:44:14 GMT'), (b'Content-Type', b'application/json'), (b'Content-Length', b'586'), (b'Connection', b'keep-alive'), (b'Strict-Transport-Security', b'max-age=31536000; includeSubDomains; preload'), (b'Access-Control-Allow-Origin', b'*'), (b'Access-Control-Allow-Methods', b'GET, POST, OPTIONS'), (b'Access-Control-Expose-Headers', b'Content-Length,Content-Type,Date,Server,Connection')])]
[2025-12-15 11:44:14,800]: [_client.py]: _send_single_request: 1740:       INFO:    [HTTP Request: POST https://api.telegram.org/bot6030805959:AAGUHAMxLYc-PrevgKouJ3ZyM7ktu56ftjo/sendDocument "HTTP/1.1 200 OK"]
[2025-12-15 11:44:14,801]: [_trace.py]: atrace: 87:       DEBUG:    [receive_response_body.started request=<Request [b'POST']>]
[2025-12-15 11:44:14,801]: [_trace.py]: atrace: 87:       DEBUG:    [receive_response_body.complete]
[2025-12-15 11:44:14,801]: [_trace.py]: atrace: 87:       DEBUG:    [response_closed.started]
[2025-12-15 11:44:14,801]: [_trace.py]: atrace: 87:       DEBUG:    [response_closed.complete]
[2025-12-15 11:44:14,801]: [_bot.py]: _do_post: 652:       DEBUG:    [Call to Bot API endpoint `sendDocument` finished with return value `{'message_id': 2788, 'from': {'id': 6030805959, 'is_bot': True, 'first_name': 'TyPHoone', 'username': 'TyPHoone_Project_bot'}, 'chat': {'id': -4119703192, 'title': 'Robocop', 'type': 'group', 'all_members_are_administrators': True, 'accepted_gift_types': {'unlimited_gifts': False, 'limited_gifts': False, 'unique_gifts': False, 'premium_subscription': False}}, 'date': 1765799054, 'document': {'file_name': '(2025_12_15--11_43).log', 'mime_type': 'text/plain', 'file_id': 'BQACAgQAAxkDAAIK5Gk_9I4wxUbju7463vi2eWpf1dkJAAKLGgACdYsAAVLBr1A-6ZFaWTYE', 'file_unique_id': 'AgADixoAAnWLAAFS', 'file_size': 5937}}`]
[2025-12-15 11:44:14,802]: [_trace.py]: atrace: 87:       DEBUG:    [close.started]
[2025-12-15 11:44:14,802]: [_trace.py]: atrace: 87:       DEBUG:    [close.complete]
[2025-12-15 11:44:14,844]: [_bot.py]: _do_post: 643:       DEBUG:    [Calling Bot API endpoint `getMe` with parameters `{}`]
[2025-12-15 11:44:14,845]: [_trace.py]: atrace: 87:       DEBUG:    [connect_tcp.started host='api.telegram.org' port=443 local_address=None timeout=5.0 socket_options=None]
[2025-12-15 11:44:14,947]: [_trace.py]: atrace: 87:       DEBUG:    [connect_tcp.complete return_value=<httpcore._backends.anyio.AnyIOStream object at 0x7f41e0996810>]
[2025-12-15 11:44:14,947]: [_trace.py]: atrace: 87:       DEBUG:    [start_tls.started ssl_context=<ssl.SSLContext object at 0x7f41e14addd0> server_hostname='api.telegram.org' timeout=5.0]
[2025-12-15 11:44:15,051]: [_trace.py]: atrace: 87:       DEBUG:    [start_tls.complete return_value=<httpcore._backends.anyio.AnyIOStream object at 0x7f41e0f7a300>]
[2025-12-15 11:44:15,052]: [_trace.py]: atrace: 87:       DEBUG:    [send_request_headers.started request=<Request [b'POST']>]
[2025-12-15 11:44:15,052]: [_trace.py]: atrace: 87:       DEBUG:    [send_request_headers.complete]
[2025-12-15 11:44:15,052]: [_trace.py]: atrace: 87:       DEBUG:    [send_request_body.started request=<Request [b'POST']>]
[2025-12-15 11:44:15,052]: [_trace.py]: atrace: 87:       DEBUG:    [send_request_body.complete]
[2025-12-15 11:44:15,052]: [_trace.py]: atrace: 87:       DEBUG:    [receive_response_headers.started request=<Request [b'POST']>]
[2025-12-15 11:44:15,157]: [_trace.py]: atrace: 87:       DEBUG:    [receive_response_headers.complete return_value=(b'HTTP/1.1', 200, b'OK', [(b'Server', b'nginx/1.18.0'), (b'Date', b'Mon, 15 Dec 2025 11:44:15 GMT'), (b'Content-Type', b'application/json'), (b'Content-Length', b'258'), (b'Connection', b'keep-alive'), (b'Strict-Transport-Security', b'max-age=31536000; includeSubDomains; preload'), (b'Access-Control-Allow-Origin', b'*'), (b'Access-Control-Allow-Methods', b'GET, POST, OPTIONS'), (b'Access-Control-Expose-Headers', b'Content-Length,Content-Type,Date,Server,Connection')])]
[2025-12-15 11:44:15,157]: [_client.py]: _send_single_request: 1740:       INFO:    [HTTP Request: POST https://api.telegram.org/bot6030805959:AAGUHAMxLYc-PrevgKouJ3ZyM7ktu56ftjo/getMe "HTTP/1.1 200 OK"]
[2025-12-15 11:44:15,157]: [_trace.py]: atrace: 87:       DEBUG:    [receive_response_body.started request=<Request [b'POST']>]
[2025-12-15 11:44:15,158]: [_trace.py]: atrace: 87:       DEBUG:    [receive_response_body.complete]
[2025-12-15 11:44:15,158]: [_trace.py]: atrace: 87:       DEBUG:    [response_closed.started]
[2025-12-15 11:44:15,158]: [_trace.py]: atrace: 87:       DEBUG:    [response_closed.complete]
[2025-12-15 11:44:15,158]: [_bot.py]: _do_post: 652:       DEBUG:    [Call to Bot API endpoint `getMe` finished with return value `{'id': 6030805959, 'is_bot': True, 'first_name': 'TyPHoone', 'username': 'TyPHoone_Project_bot', 'can_join_groups': True, 'can_read_all_group_messages': False, 'supports_inline_queries': False, 'can_connect_to_business': False, 'has_main_web_app': False}`]
[2025-12-15 11:44:15,160]: [_bot.py]: _do_post: 643:       DEBUG:    [Calling Bot API endpoint `sendDocument` with parameters `{'chat_id': '-4119703192', 'document': <telegram._files.inputfile.InputFile object at 0x7f41e14e4f80>}`]
[2025-12-15 11:44:15,161]: [_trace.py]: atrace: 87:       DEBUG:    [send_request_headers.started request=<Request [b'POST']>]
[2025-12-15 11:44:15,161]: [_trace.py]: atrace: 87:       DEBUG:    [send_request_headers.complete]
[2025-12-15 11:44:15,161]: [_trace.py]: atrace: 87:       DEBUG:    [send_request_body.started request=<Request [b'POST']>]
[2025-12-15 11:44:16,177]: [_trace.py]: atrace: 87:       DEBUG:    [send_request_body.complete]
[2025-12-15 11:44:16,177]: [_trace.py]: atrace: 87:       DEBUG:    [receive_response_headers.started request=<Request [b'POST']>]
[2025-12-15 11:44:17,114]: [_trace.py]: atrace: 87:       DEBUG:    [receive_response_headers.complete return_value=(b'HTTP/1.1', 200, b'OK', [(b'Server', b'nginx/1.18.0'), (b'Date', b'Mon, 15 Dec 2025 11:44:17 GMT'), (b'Content-Type', b'application/json'), (b'Content-Length', b'601'), (b'Connection', b'keep-alive'), (b'Strict-Transport-Security', b'max-age=31536000; includeSubDomains; preload'), (b'Access-Control-Allow-Origin', b'*'), (b'Access-Control-Allow-Methods', b'GET, POST, OPTIONS'), (b'Access-Control-Expose-Headers', b'Content-Length,Content-Type,Date,Server,Connection')])]
[2025-12-15 11:44:17,115]: [_client.py]: _send_single_request: 1740:       INFO:    [HTTP Request: POST https://api.telegram.org/bot6030805959:AAGUHAMxLYc-PrevgKouJ3ZyM7ktu56ftjo/sendDocument "HTTP/1.1 200 OK"]
[2025-12-15 11:44:17,115]: [_trace.py]: atrace: 87:       DEBUG:    [receive_response_body.started request=<Request [b'POST']>]
[2025-12-15 11:44:17,115]: [_trace.py]: atrace: 87:       DEBUG:    [receive_response_body.complete]
[2025-12-15 11:44:17,115]: [_trace.py]: atrace: 87:       DEBUG:    [response_closed.started]
[2025-12-15 11:44:17,115]: [_trace.py]: atrace: 87:       DEBUG:    [response_closed.complete]
[2025-12-15 11:44:17,115]: [_bot.py]: _do_post: 652:       DEBUG:    [Call to Bot API endpoint `sendDocument` finished with return value `{'message_id': 2789, 'from': {'id': 6030805959, 'is_bot': True, 'first_name': 'TyPHoone', 'username': 'TyPHoone_Project_bot'}, 'chat': {'id': -4119703192, 'title': 'Robocop', 'type': 'group', 'all_members_are_administrators': True, 'accepted_gift_types': {'unlimited_gifts': False, 'limited_gifts': False, 'unique_gifts': False, 'premium_subscription': False}}, 'date': 1765799057, 'document': {'file_name': '(2025_12_15--11_43)output.zip', 'mime_type': 'application/zip', 'file_id': 'BQACAgQAAxkDAAIK5Wk_9JAVtRtObbvOwL7GQ0Q3hB8IAAKMGgACdYsAAVL8Z3MgVFqKczYE', 'file_unique_id': 'AgADjBoAAnWLAAFS', 'file_size': 10133556}}`]
[2025-12-15 11:44:17,116]: [_trace.py]: atrace: 87:       DEBUG:    [close.started]
[2025-12-15 11:44:17,116]: [_trace.py]: atrace: 87:       DEBUG:    [close.complete]
[2025-12-15 11:44:17,116]: [Telegram_Sender.py]: runner: 61:       INFO:    [sent successfully]
[2025-12-15 11:44:17,117]: [Main.py]: <module>: 48:       INFO:    [Finished]
