[2025-01-04 11:39:55,140]: [Main.py]: <module>: 21:       INFO:    [Started]
[2025-01-04 11:39:56,905]: [Iron_Scraper.py]: Scrap: 32:       INFO:    [Data Scaraped Successfully]
[2025-01-04 11:39:56,953]: [Iron_Scraper.py]: Scrap: 70:       INFO:    [Scrapped Data Has No Problem]
[2025-01-04 11:39:56,953]: [Iron_Scraper.py]: Scrap: 83:       INFO:    [Data Saved Successfully]
[2025-01-04 11:39:56,953]: [Iron.py]: Run: 26:       INFO:    [Scraping Phase Completed]
[2025-01-04 11:39:56,953]: [Iron_Data_Processor.py]: Data_Reader: 61:       INFO:    [Data File Has Been Red Successfully]
[2025-01-04 11:39:56,953]: [Iron_Data_Processor.py]: Shaper: 78:       INFO:    [Data Shaped]
[2025-01-04 11:39:56,953]: [Iron_Data_Processor.py]: Process: 228:       INFO:    [Data Cleaned]
[2025-01-04 11:39:56,953]: [Iron_Data_Processor.py]: Make_Pages_Objects: 101:       INFO:    [Page Objects Has Been Made]
[2025-01-04 11:39:56,953]: [Iron_Data_Processor.py]: Make_Pages_Objects: 101:       INFO:    [Page Objects Has Been Made]
[2025-01-04 11:39:56,954]: [Iron_Data_Processor.py]: Load_Data: 118:       INFO:    [Data Has Been Load]
[2025-01-04 11:39:56,954]: [Iron_Data_Processor.py]: Load_Data: 118:       INFO:    [Data Has Been Load]
[2025-01-04 11:39:56,954]: [Iron_Data_Processor.py]: Load_positions: 140:       INFO:    [Positions Are Ready]
[2025-01-04 11:39:56,954]: [Iron_Data_Processor.py]: Load_positions: 140:       INFO:    [Positions Are Ready]
[2025-01-04 11:39:58,018]: [Iron_Data_Processor.py]: Make_Tagged_Images: 193:       INFO:    [Images Has Been Made]
[2025-01-04 11:39:58,910]: [Iron_Data_Processor.py]: Make_Tagged_Images: 193:       INFO:    [Images Has Been Made]
[2025-01-04 11:39:59,162]: [Iron_Data_Processor.py]: Make_Cover_Page: 215:       INFO:    [Made Cover Pages]
[2025-01-04 11:39:59,162]: [Iron.py]: Run: 29:       INFO:    [Imagination Phase Completed]
[2025-01-04 11:40:03,147]: [Phone_Scraper.py]: Scrap: 58:       INFO:    [Data Scraped]
[2025-01-04 11:40:03,147]: [Phone_Scraper.py]: Scrap: 71:       INFO:    [Scraped Data Successfully]
[2025-01-04 11:40:03,147]: [Phone.py]: Run: 26:       INFO:    [Scraping Phase Complete]
[2025-01-04 11:40:03,148]: [Phone_Data_Processor.py]: data_reader: 38:       INFO:    [Scraped Data Loaded]
[2025-01-04 11:40:03,149]: [Phone_Data_Processor.py]: filter_list: 65:       INFO:    [Persian Phrases Are deleted]
[2025-01-04 11:40:03,149]: [Phone_Data_Processor.py]: reshape_list: 87:       INFO:    [Date Reshaped]
[2025-01-04 11:40:03,149]: [Phone_Data_Processor.py]: separate_brands: 124:       INFO:    [Brands Are Separated]
[2025-01-04 11:40:03,150]: [Phone_Data_Processor.py]: delete_extra_spaces: 141:       INFO:    [Extra Spaces Are Deleted]
[2025-01-04 11:40:03,890]: [Phone.py]: Run: 29:       INFO:    [Imagination Phase Complete]
[2025-01-04 11:40:03,890]: [selector_events.py]: __init__: 64:       DEBUG:    [Using selector: EpollSelector]
[2025-01-04 11:40:04,157]: [_bot.py]: _do_post: 643:       DEBUG:    [Calling Bot API endpoint `getMe` with parameters `{}`]
[2025-01-04 11:40:04,162]: [_trace.py]: atrace: 87:       DEBUG:    [connect_tcp.started host='api.telegram.org' port=443 local_address=None timeout=5.0 socket_options=None]
[2025-01-04 11:40:04,301]: [_trace.py]: atrace: 87:       DEBUG:    [connect_tcp.complete return_value=<httpcore._backends.anyio.AnyIOStream object at 0x7f05994885c0>]
[2025-01-04 11:40:04,302]: [_trace.py]: atrace: 87:       DEBUG:    [start_tls.started ssl_context=<ssl.SSLContext object at 0x7f0599b06a50> server_hostname='api.telegram.org' timeout=5.0]
[2025-01-04 11:40:04,407]: [_trace.py]: atrace: 87:       DEBUG:    [start_tls.complete return_value=<httpcore._backends.anyio.AnyIOStream object at 0x7f059a3ed2e0>]
[2025-01-04 11:40:04,408]: [_trace.py]: atrace: 87:       DEBUG:    [send_request_headers.started request=<Request [b'POST']>]
[2025-01-04 11:40:04,408]: [_trace.py]: atrace: 87:       DEBUG:    [send_request_headers.complete]
[2025-01-04 11:40:04,408]: [_trace.py]: atrace: 87:       DEBUG:    [send_request_body.started request=<Request [b'POST']>]
[2025-01-04 11:40:04,408]: [_trace.py]: atrace: 87:       DEBUG:    [send_request_body.complete]
[2025-01-04 11:40:04,408]: [_trace.py]: atrace: 87:       DEBUG:    [receive_response_headers.started request=<Request [b'POST']>]
[2025-01-04 11:40:04,513]: [_trace.py]: atrace: 87:       DEBUG:    [receive_response_headers.complete return_value=(b'HTTP/1.1', 200, b'OK', [(b'Server', b'nginx/1.18.0'), (b'Date', b'Sat, 04 Jan 2025 11:40:04 GMT'), (b'Content-Type', b'application/json'), (b'Content-Length', b'258'), (b'Connection', b'keep-alive'), (b'Strict-Transport-Security', b'max-age=31536000; includeSubDomains; preload'), (b'Access-Control-Allow-Origin', b'*'), (b'Access-Control-Allow-Methods', b'GET, POST, OPTIONS'), (b'Access-Control-Expose-Headers', b'Content-Length,Content-Type,Date,Server,Connection')])]
[2025-01-04 11:40:04,513]: [_client.py]: _send_single_request: 1740:       INFO:    [HTTP Request: POST https://api.telegram.org/bot6030805959:AAGUHAMxLYc-PrevgKouJ3ZyM7ktu56ftjo/getMe "HTTP/1.1 200 OK"]
[2025-01-04 11:40:04,513]: [_trace.py]: atrace: 87:       DEBUG:    [receive_response_body.started request=<Request [b'POST']>]
[2025-01-04 11:40:04,513]: [_trace.py]: atrace: 87:       DEBUG:    [receive_response_body.complete]
[2025-01-04 11:40:04,513]: [_trace.py]: atrace: 87:       DEBUG:    [response_closed.started]
[2025-01-04 11:40:04,513]: [_trace.py]: atrace: 87:       DEBUG:    [response_closed.complete]
[2025-01-04 11:40:04,514]: [_bot.py]: _do_post: 652:       DEBUG:    [Call to Bot API endpoint `getMe` finished with return value `{'id': 6030805959, 'is_bot': True, 'first_name': 'TyPHoone', 'username': 'TyPHoone_Project_bot', 'can_join_groups': True, 'can_read_all_group_messages': False, 'supports_inline_queries': False, 'can_connect_to_business': False, 'has_main_web_app': False}`]
[2025-01-04 11:40:04,517]: [_bot.py]: _do_post: 643:       DEBUG:    [Calling Bot API endpoint `sendDocument` with parameters `{'chat_id': '-4119703192', 'document': <telegram._files.inputfile.InputFile object at 0x7f059948ea80>}`]
[2025-01-04 11:40:04,518]: [_trace.py]: atrace: 87:       DEBUG:    [send_request_headers.started request=<Request [b'POST']>]
[2025-01-04 11:40:04,518]: [_trace.py]: atrace: 87:       DEBUG:    [send_request_headers.complete]
[2025-01-04 11:40:04,518]: [_trace.py]: atrace: 87:       DEBUG:    [send_request_body.started request=<Request [b'POST']>]
[2025-01-04 11:40:04,519]: [_trace.py]: atrace: 87:       DEBUG:    [send_request_body.complete]
[2025-01-04 11:40:04,519]: [_trace.py]: atrace: 87:       DEBUG:    [receive_response_headers.started request=<Request [b'POST']>]
[2025-01-04 11:40:04,824]: [_trace.py]: atrace: 87:       DEBUG:    [receive_response_headers.complete return_value=(b'HTTP/1.1', 200, b'OK', [(b'Server', b'nginx/1.18.0'), (b'Date', b'Sat, 04 Jan 2025 11:40:04 GMT'), (b'Content-Type', b'application/json'), (b'Content-Length', b'464'), (b'Connection', b'keep-alive'), (b'Strict-Transport-Security', b'max-age=31536000; includeSubDomains; preload'), (b'Access-Control-Allow-Origin', b'*'), (b'Access-Control-Allow-Methods', b'GET, POST, OPTIONS'), (b'Access-Control-Expose-Headers', b'Content-Length,Content-Type,Date,Server,Connection')])]
[2025-01-04 11:40:04,825]: [_client.py]: _send_single_request: 1740:       INFO:    [HTTP Request: POST https://api.telegram.org/bot6030805959:AAGUHAMxLYc-PrevgKouJ3ZyM7ktu56ftjo/sendDocument "HTTP/1.1 200 OK"]
[2025-01-04 11:40:04,825]: [_trace.py]: atrace: 87:       DEBUG:    [receive_response_body.started request=<Request [b'POST']>]
[2025-01-04 11:40:04,825]: [_trace.py]: atrace: 87:       DEBUG:    [receive_response_body.complete]
[2025-01-04 11:40:04,825]: [_trace.py]: atrace: 87:       DEBUG:    [response_closed.started]
[2025-01-04 11:40:04,825]: [_trace.py]: atrace: 87:       DEBUG:    [response_closed.complete]
[2025-01-04 11:40:04,825]: [_bot.py]: _do_post: 652:       DEBUG:    [Call to Bot API endpoint `sendDocument` finished with return value `{'message_id': 2091, 'from': {'id': 6030805959, 'is_bot': True, 'first_name': 'TyPHoone', 'username': 'TyPHoone_Project_bot'}, 'chat': {'id': -4119703192, 'title': 'Robocop', 'type': 'group', 'all_members_are_administrators': True}, 'date': 1735990804, 'document': {'file_name': '(2025_01_04--11_39).log', 'mime_type': 'text/plain', 'file_id': 'BQACAgQAAxkDAAIIK2d5HhRlCmvxcYGL8yeLmk-WkN3AAAIZGAAC5ErRU3KBrPcodrF0NgQ', 'file_unique_id': 'AgADGRgAAuRK0VM', 'file_size': 5937}}`]
[2025-01-04 11:40:04,826]: [_trace.py]: atrace: 87:       DEBUG:    [close.started]
[2025-01-04 11:40:04,826]: [_trace.py]: atrace: 87:       DEBUG:    [close.complete]
[2025-01-04 11:40:04,870]: [_bot.py]: _do_post: 643:       DEBUG:    [Calling Bot API endpoint `getMe` with parameters `{}`]
[2025-01-04 11:40:04,870]: [_trace.py]: atrace: 87:       DEBUG:    [connect_tcp.started host='api.telegram.org' port=443 local_address=None timeout=5.0 socket_options=None]
[2025-01-04 11:40:04,976]: [_trace.py]: atrace: 87:       DEBUG:    [connect_tcp.complete return_value=<httpcore._backends.anyio.AnyIOStream object at 0x7f0599488e60>]
[2025-01-04 11:40:04,976]: [_trace.py]: atrace: 87:       DEBUG:    [start_tls.started ssl_context=<ssl.SSLContext object at 0x7f0599b06850> server_hostname='api.telegram.org' timeout=5.0]
[2025-01-04 11:40:05,081]: [_trace.py]: atrace: 87:       DEBUG:    [start_tls.complete return_value=<httpcore._backends.anyio.AnyIOStream object at 0x7f05994e4a70>]
[2025-01-04 11:40:05,081]: [_trace.py]: atrace: 87:       DEBUG:    [send_request_headers.started request=<Request [b'POST']>]
[2025-01-04 11:40:05,082]: [_trace.py]: atrace: 87:       DEBUG:    [send_request_headers.complete]
[2025-01-04 11:40:05,082]: [_trace.py]: atrace: 87:       DEBUG:    [send_request_body.started request=<Request [b'POST']>]
[2025-01-04 11:40:05,082]: [_trace.py]: atrace: 87:       DEBUG:    [send_request_body.complete]
[2025-01-04 11:40:05,082]: [_trace.py]: atrace: 87:       DEBUG:    [receive_response_headers.started request=<Request [b'POST']>]
[2025-01-04 11:40:05,186]: [_trace.py]: atrace: 87:       DEBUG:    [receive_response_headers.complete return_value=(b'HTTP/1.1', 200, b'OK', [(b'Server', b'nginx/1.18.0'), (b'Date', b'Sat, 04 Jan 2025 11:40:05 GMT'), (b'Content-Type', b'application/json'), (b'Content-Length', b'258'), (b'Connection', b'keep-alive'), (b'Strict-Transport-Security', b'max-age=31536000; includeSubDomains; preload'), (b'Access-Control-Allow-Origin', b'*'), (b'Access-Control-Allow-Methods', b'GET, POST, OPTIONS'), (b'Access-Control-Expose-Headers', b'Content-Length,Content-Type,Date,Server,Connection')])]
[2025-01-04 11:40:05,186]: [_client.py]: _send_single_request: 1740:       INFO:    [HTTP Request: POST https://api.telegram.org/bot6030805959:AAGUHAMxLYc-PrevgKouJ3ZyM7ktu56ftjo/getMe "HTTP/1.1 200 OK"]
[2025-01-04 11:40:05,186]: [_trace.py]: atrace: 87:       DEBUG:    [receive_response_body.started request=<Request [b'POST']>]
[2025-01-04 11:40:05,186]: [_trace.py]: atrace: 87:       DEBUG:    [receive_response_body.complete]
[2025-01-04 11:40:05,186]: [_trace.py]: atrace: 87:       DEBUG:    [response_closed.started]
[2025-01-04 11:40:05,186]: [_trace.py]: atrace: 87:       DEBUG:    [response_closed.complete]
[2025-01-04 11:40:05,186]: [_bot.py]: _do_post: 652:       DEBUG:    [Call to Bot API endpoint `getMe` finished with return value `{'id': 6030805959, 'is_bot': True, 'first_name': 'TyPHoone', 'username': 'TyPHoone_Project_bot', 'can_join_groups': True, 'can_read_all_group_messages': False, 'supports_inline_queries': False, 'can_connect_to_business': False, 'has_main_web_app': False}`]
[2025-01-04 11:40:05,189]: [_bot.py]: _do_post: 643:       DEBUG:    [Calling Bot API endpoint `sendDocument` with parameters `{'chat_id': '-4119703192', 'document': <telegram._files.inputfile.InputFile object at 0x7f059a4a6a40>}`]
[2025-01-04 11:40:05,190]: [_trace.py]: atrace: 87:       DEBUG:    [send_request_headers.started request=<Request [b'POST']>]
[2025-01-04 11:40:05,190]: [_trace.py]: atrace: 87:       DEBUG:    [send_request_headers.complete]
[2025-01-04 11:40:05,190]: [_trace.py]: atrace: 87:       DEBUG:    [send_request_body.started request=<Request [b'POST']>]
[2025-01-04 11:40:06,134]: [_trace.py]: atrace: 87:       DEBUG:    [send_request_body.complete]
[2025-01-04 11:40:06,134]: [_trace.py]: atrace: 87:       DEBUG:    [receive_response_headers.started request=<Request [b'POST']>]
[2025-01-04 11:40:06,831]: [_trace.py]: atrace: 87:       DEBUG:    [receive_response_headers.complete return_value=(b'HTTP/1.1', 200, b'OK', [(b'Server', b'nginx/1.18.0'), (b'Date', b'Sat, 04 Jan 2025 11:40:06 GMT'), (b'Content-Type', b'application/json'), (b'Content-Length', b'478'), (b'Connection', b'keep-alive'), (b'Strict-Transport-Security', b'max-age=31536000; includeSubDomains; preload'), (b'Access-Control-Allow-Origin', b'*'), (b'Access-Control-Allow-Methods', b'GET, POST, OPTIONS'), (b'Access-Control-Expose-Headers', b'Content-Length,Content-Type,Date,Server,Connection')])]
[2025-01-04 11:40:06,831]: [_client.py]: _send_single_request: 1740:       INFO:    [HTTP Request: POST https://api.telegram.org/bot6030805959:AAGUHAMxLYc-PrevgKouJ3ZyM7ktu56ftjo/sendDocument "HTTP/1.1 200 OK"]
[2025-01-04 11:40:06,832]: [_trace.py]: atrace: 87:       DEBUG:    [receive_response_body.started request=<Request [b'POST']>]
[2025-01-04 11:40:06,832]: [_trace.py]: atrace: 87:       DEBUG:    [receive_response_body.complete]
[2025-01-04 11:40:06,832]: [_trace.py]: atrace: 87:       DEBUG:    [response_closed.started]
[2025-01-04 11:40:06,832]: [_trace.py]: atrace: 87:       DEBUG:    [response_closed.complete]
[2025-01-04 11:40:06,832]: [_bot.py]: _do_post: 652:       DEBUG:    [Call to Bot API endpoint `sendDocument` finished with return value `{'message_id': 2092, 'from': {'id': 6030805959, 'is_bot': True, 'first_name': 'TyPHoone', 'username': 'TyPHoone_Project_bot'}, 'chat': {'id': -4119703192, 'title': 'Robocop', 'type': 'group', 'all_members_are_administrators': True}, 'date': 1735990806, 'document': {'file_name': '(2025_01_04--11_39)output.zip', 'mime_type': 'application/zip', 'file_id': 'BQACAgQAAxkDAAIILGd5HhYT1wLEruJmq2BYWfVylg-7AAIaGAAC5ErRU7N_j--yyDYGNgQ', 'file_unique_id': 'AgADGhgAAuRK0VM', 'file_size': 9810864}}`]
[2025-01-04 11:40:06,832]: [_trace.py]: atrace: 87:       DEBUG:    [close.started]
[2025-01-04 11:40:06,833]: [_trace.py]: atrace: 87:       DEBUG:    [close.complete]
[2025-01-04 11:40:06,833]: [Telegram_Sender.py]: runner: 61:       INFO:    [sent successfully]
[2025-01-04 11:40:06,833]: [Main.py]: <module>: 48:       INFO:    [Finished]
