[2025-10-11 11:39:39,646]: [Main.py]: <module>: 21:       INFO:    [Started]
[2025-10-11 11:39:42,292]: [Iron_Scraper.py]: Scrap: 32:       INFO:    [Data Scaraped Successfully]
[2025-10-11 11:39:42,490]: [Iron_Scraper.py]: Scrap: 70:       INFO:    [Scrapped Data Has No Problem]
[2025-10-11 11:39:42,490]: [Iron_Scraper.py]: Scrap: 83:       INFO:    [Data Saved Successfully]
[2025-10-11 11:39:42,490]: [Iron.py]: Run: 26:       INFO:    [Scraping Phase Completed]
[2025-10-11 11:39:42,490]: [Iron_Data_Processor.py]: Data_Reader: 61:       INFO:    [Data File Has Been Red Successfully]
[2025-10-11 11:39:42,490]: [Iron_Data_Processor.py]: Shaper: 78:       INFO:    [Data Shaped]
[2025-10-11 11:39:42,491]: [Iron_Data_Processor.py]: Process: 228:       INFO:    [Data Cleaned]
[2025-10-11 11:39:42,491]: [Iron_Data_Processor.py]: Make_Pages_Objects: 101:       INFO:    [Page Objects Has Been Made]
[2025-10-11 11:39:42,491]: [Iron_Data_Processor.py]: Make_Pages_Objects: 101:       INFO:    [Page Objects Has Been Made]
[2025-10-11 11:39:42,491]: [Iron_Data_Processor.py]: Load_Data: 118:       INFO:    [Data Has Been Load]
[2025-10-11 11:39:42,491]: [Iron_Data_Processor.py]: Load_Data: 118:       INFO:    [Data Has Been Load]
[2025-10-11 11:39:42,491]: [Iron_Data_Processor.py]: Load_positions: 140:       INFO:    [Positions Are Ready]
[2025-10-11 11:39:42,491]: [Iron_Data_Processor.py]: Load_positions: 140:       INFO:    [Positions Are Ready]
[2025-10-11 11:39:43,617]: [Iron_Data_Processor.py]: Make_Tagged_Images: 193:       INFO:    [Images Has Been Made]
[2025-10-11 11:39:44,571]: [Iron_Data_Processor.py]: Make_Tagged_Images: 193:       INFO:    [Images Has Been Made]
[2025-10-11 11:39:44,824]: [Iron_Data_Processor.py]: Make_Cover_Page: 215:       INFO:    [Made Cover Pages]
[2025-10-11 11:39:44,824]: [Iron.py]: Run: 29:       INFO:    [Imagination Phase Completed]
[2025-10-11 11:39:48,935]: [Phone_Scraper.py]: Scrap: 58:       INFO:    [Data Scraped]
[2025-10-11 11:39:48,935]: [Phone_Scraper.py]: Scrap: 71:       INFO:    [Scraped Data Successfully]
[2025-10-11 11:39:48,935]: [Phone.py]: Run: 26:       INFO:    [Scraping Phase Complete]
[2025-10-11 11:39:48,936]: [Phone_Data_Processor.py]: data_reader: 38:       INFO:    [Scraped Data Loaded]
[2025-10-11 11:39:48,937]: [Phone_Data_Processor.py]: filter_list: 65:       INFO:    [Persian Phrases Are deleted]
[2025-10-11 11:39:48,937]: [Phone_Data_Processor.py]: reshape_list: 87:       INFO:    [Date Reshaped]
[2025-10-11 11:39:48,937]: [Phone_Data_Processor.py]: separate_brands: 124:       INFO:    [Brands Are Separated]
[2025-10-11 11:39:48,938]: [Phone_Data_Processor.py]: delete_extra_spaces: 141:       INFO:    [Extra Spaces Are Deleted]
[2025-10-11 11:39:49,675]: [Phone.py]: Run: 29:       INFO:    [Imagination Phase Complete]
[2025-10-11 11:39:49,675]: [selector_events.py]: __init__: 64:       DEBUG:    [Using selector: EpollSelector]
[2025-10-11 11:39:49,950]: [_bot.py]: _do_post: 643:       DEBUG:    [Calling Bot API endpoint `getMe` with parameters `{}`]
[2025-10-11 11:39:49,954]: [_trace.py]: atrace: 87:       DEBUG:    [connect_tcp.started host='api.telegram.org' port=443 local_address=None timeout=5.0 socket_options=None]
[2025-10-11 11:39:50,168]: [_trace.py]: atrace: 87:       DEBUG:    [connect_tcp.complete return_value=<httpcore._backends.anyio.AnyIOStream object at 0x7fac288a0ad0>]
[2025-10-11 11:39:50,169]: [_trace.py]: atrace: 87:       DEBUG:    [start_tls.started ssl_context=<ssl.SSLContext object at 0x7fac292b5f50> server_hostname='api.telegram.org' timeout=5.0]
[2025-10-11 11:39:50,311]: [_trace.py]: atrace: 87:       DEBUG:    [start_tls.complete return_value=<httpcore._backends.anyio.AnyIOStream object at 0x7fac294b71d0>]
[2025-10-11 11:39:50,311]: [_trace.py]: atrace: 87:       DEBUG:    [send_request_headers.started request=<Request [b'POST']>]
[2025-10-11 11:39:50,312]: [_trace.py]: atrace: 87:       DEBUG:    [send_request_headers.complete]
[2025-10-11 11:39:50,312]: [_trace.py]: atrace: 87:       DEBUG:    [send_request_body.started request=<Request [b'POST']>]
[2025-10-11 11:39:50,312]: [_trace.py]: atrace: 87:       DEBUG:    [send_request_body.complete]
[2025-10-11 11:39:50,312]: [_trace.py]: atrace: 87:       DEBUG:    [receive_response_headers.started request=<Request [b'POST']>]
[2025-10-11 11:39:50,452]: [_trace.py]: atrace: 87:       DEBUG:    [receive_response_headers.complete return_value=(b'HTTP/1.1', 200, b'OK', [(b'Server', b'nginx/1.18.0'), (b'Date', b'Sat, 11 Oct 2025 11:39:50 GMT'), (b'Content-Type', b'application/json'), (b'Content-Length', b'258'), (b'Connection', b'keep-alive'), (b'Strict-Transport-Security', b'max-age=31536000; includeSubDomains; preload'), (b'Access-Control-Allow-Origin', b'*'), (b'Access-Control-Allow-Methods', b'GET, POST, OPTIONS'), (b'Access-Control-Expose-Headers', b'Content-Length,Content-Type,Date,Server,Connection')])]
[2025-10-11 11:39:50,452]: [_client.py]: _send_single_request: 1740:       INFO:    [HTTP Request: POST https://api.telegram.org/bot6030805959:AAGUHAMxLYc-PrevgKouJ3ZyM7ktu56ftjo/getMe "HTTP/1.1 200 OK"]
[2025-10-11 11:39:50,452]: [_trace.py]: atrace: 87:       DEBUG:    [receive_response_body.started request=<Request [b'POST']>]
[2025-10-11 11:39:50,452]: [_trace.py]: atrace: 87:       DEBUG:    [receive_response_body.complete]
[2025-10-11 11:39:50,452]: [_trace.py]: atrace: 87:       DEBUG:    [response_closed.started]
[2025-10-11 11:39:50,452]: [_trace.py]: atrace: 87:       DEBUG:    [response_closed.complete]
[2025-10-11 11:39:50,452]: [_bot.py]: _do_post: 652:       DEBUG:    [Call to Bot API endpoint `getMe` finished with return value `{'id': 6030805959, 'is_bot': True, 'first_name': 'TyPHoone', 'username': 'TyPHoone_Project_bot', 'can_join_groups': True, 'can_read_all_group_messages': False, 'supports_inline_queries': False, 'can_connect_to_business': False, 'has_main_web_app': False}`]
[2025-10-11 11:39:50,455]: [_bot.py]: _do_post: 643:       DEBUG:    [Calling Bot API endpoint `sendDocument` with parameters `{'chat_id': '-4119703192', 'document': <telegram._files.inputfile.InputFile object at 0x7fac292c6180>}`]
[2025-10-11 11:39:50,456]: [_trace.py]: atrace: 87:       DEBUG:    [send_request_headers.started request=<Request [b'POST']>]
[2025-10-11 11:39:50,456]: [_trace.py]: atrace: 87:       DEBUG:    [send_request_headers.complete]
[2025-10-11 11:39:50,456]: [_trace.py]: atrace: 87:       DEBUG:    [send_request_body.started request=<Request [b'POST']>]
[2025-10-11 11:39:50,457]: [_trace.py]: atrace: 87:       DEBUG:    [send_request_body.complete]
[2025-10-11 11:39:50,457]: [_trace.py]: atrace: 87:       DEBUG:    [receive_response_headers.started request=<Request [b'POST']>]
[2025-10-11 11:39:50,666]: [_trace.py]: atrace: 87:       DEBUG:    [receive_response_headers.complete return_value=(b'HTTP/1.1', 200, b'OK', [(b'Server', b'nginx/1.18.0'), (b'Date', b'Sat, 11 Oct 2025 11:39:50 GMT'), (b'Content-Type', b'application/json'), (b'Content-Length', b'585'), (b'Connection', b'keep-alive'), (b'Strict-Transport-Security', b'max-age=31536000; includeSubDomains; preload'), (b'Access-Control-Allow-Origin', b'*'), (b'Access-Control-Allow-Methods', b'GET, POST, OPTIONS'), (b'Access-Control-Expose-Headers', b'Content-Length,Content-Type,Date,Server,Connection')])]
[2025-10-11 11:39:50,667]: [_client.py]: _send_single_request: 1740:       INFO:    [HTTP Request: POST https://api.telegram.org/bot6030805959:AAGUHAMxLYc-PrevgKouJ3ZyM7ktu56ftjo/sendDocument "HTTP/1.1 200 OK"]
[2025-10-11 11:39:50,667]: [_trace.py]: atrace: 87:       DEBUG:    [receive_response_body.started request=<Request [b'POST']>]
[2025-10-11 11:39:50,667]: [_trace.py]: atrace: 87:       DEBUG:    [receive_response_body.complete]
[2025-10-11 11:39:50,667]: [_trace.py]: atrace: 87:       DEBUG:    [response_closed.started]
[2025-10-11 11:39:50,667]: [_trace.py]: atrace: 87:       DEBUG:    [response_closed.complete]
[2025-10-11 11:39:50,667]: [_bot.py]: _do_post: 652:       DEBUG:    [Call to Bot API endpoint `sendDocument` finished with return value `{'message_id': 2657, 'from': {'id': 6030805959, 'is_bot': True, 'first_name': 'TyPHoone', 'username': 'TyPHoone_Project_bot'}, 'chat': {'id': -4119703192, 'title': 'Robocop', 'type': 'group', 'all_members_are_administrators': True, 'accepted_gift_types': {'unlimited_gifts': False, 'limited_gifts': False, 'unique_gifts': False, 'premium_subscription': False}}, 'date': 1760182790, 'document': {'file_name': '(2025_10_11--11_39).log', 'mime_type': 'text/plain', 'file_id': 'BQACAgQAAxkDAAIKYWjqQgYiucWHAt5yxCZQKrU99-lbAALSGAACwexRU6HTXQABfhN39zYE', 'file_unique_id': 'AgAD0hgAAsHsUVM', 'file_size': 5937}}`]
[2025-10-11 11:39:50,668]: [_trace.py]: atrace: 87:       DEBUG:    [close.started]
[2025-10-11 11:39:50,668]: [_trace.py]: atrace: 87:       DEBUG:    [close.complete]
[2025-10-11 11:39:50,711]: [_bot.py]: _do_post: 643:       DEBUG:    [Calling Bot API endpoint `getMe` with parameters `{}`]
[2025-10-11 11:39:50,711]: [_trace.py]: atrace: 87:       DEBUG:    [connect_tcp.started host='api.telegram.org' port=443 local_address=None timeout=5.0 socket_options=None]
[2025-10-11 11:39:50,852]: [_trace.py]: atrace: 87:       DEBUG:    [connect_tcp.complete return_value=<httpcore._backends.anyio.AnyIOStream object at 0x7fac27722810>]
[2025-10-11 11:39:50,853]: [_trace.py]: atrace: 87:       DEBUG:    [start_tls.started ssl_context=<ssl.SSLContext object at 0x7fac292b5e50> server_hostname='api.telegram.org' timeout=5.0]
[2025-10-11 11:39:50,994]: [_trace.py]: atrace: 87:       DEBUG:    [start_tls.complete return_value=<httpcore._backends.anyio.AnyIOStream object at 0x7fac28dad160>]
[2025-10-11 11:39:50,994]: [_trace.py]: atrace: 87:       DEBUG:    [send_request_headers.started request=<Request [b'POST']>]
[2025-10-11 11:39:50,995]: [_trace.py]: atrace: 87:       DEBUG:    [send_request_headers.complete]
[2025-10-11 11:39:50,995]: [_trace.py]: atrace: 87:       DEBUG:    [send_request_body.started request=<Request [b'POST']>]
[2025-10-11 11:39:50,995]: [_trace.py]: atrace: 87:       DEBUG:    [send_request_body.complete]
[2025-10-11 11:39:50,995]: [_trace.py]: atrace: 87:       DEBUG:    [receive_response_headers.started request=<Request [b'POST']>]
[2025-10-11 11:39:51,135]: [_trace.py]: atrace: 87:       DEBUG:    [receive_response_headers.complete return_value=(b'HTTP/1.1', 200, b'OK', [(b'Server', b'nginx/1.18.0'), (b'Date', b'Sat, 11 Oct 2025 11:39:51 GMT'), (b'Content-Type', b'application/json'), (b'Content-Length', b'258'), (b'Connection', b'keep-alive'), (b'Strict-Transport-Security', b'max-age=31536000; includeSubDomains; preload'), (b'Access-Control-Allow-Origin', b'*'), (b'Access-Control-Allow-Methods', b'GET, POST, OPTIONS'), (b'Access-Control-Expose-Headers', b'Content-Length,Content-Type,Date,Server,Connection')])]
[2025-10-11 11:39:51,135]: [_client.py]: _send_single_request: 1740:       INFO:    [HTTP Request: POST https://api.telegram.org/bot6030805959:AAGUHAMxLYc-PrevgKouJ3ZyM7ktu56ftjo/getMe "HTTP/1.1 200 OK"]
[2025-10-11 11:39:51,135]: [_trace.py]: atrace: 87:       DEBUG:    [receive_response_body.started request=<Request [b'POST']>]
[2025-10-11 11:39:51,135]: [_trace.py]: atrace: 87:       DEBUG:    [receive_response_body.complete]
[2025-10-11 11:39:51,136]: [_trace.py]: atrace: 87:       DEBUG:    [response_closed.started]
[2025-10-11 11:39:51,136]: [_trace.py]: atrace: 87:       DEBUG:    [response_closed.complete]
[2025-10-11 11:39:51,136]: [_bot.py]: _do_post: 652:       DEBUG:    [Call to Bot API endpoint `getMe` finished with return value `{'id': 6030805959, 'is_bot': True, 'first_name': 'TyPHoone', 'username': 'TyPHoone_Project_bot', 'can_join_groups': True, 'can_read_all_group_messages': False, 'supports_inline_queries': False, 'can_connect_to_business': False, 'has_main_web_app': False}`]
[2025-10-11 11:39:51,138]: [_bot.py]: _do_post: 643:       DEBUG:    [Calling Bot API endpoint `sendDocument` with parameters `{'chat_id': '-4119703192', 'document': <telegram._files.inputfile.InputFile object at 0x7fac292d6b00>}`]
[2025-10-11 11:39:51,138]: [_trace.py]: atrace: 87:       DEBUG:    [send_request_headers.started request=<Request [b'POST']>]
[2025-10-11 11:39:51,139]: [_trace.py]: atrace: 87:       DEBUG:    [send_request_headers.complete]
[2025-10-11 11:39:51,139]: [_trace.py]: atrace: 87:       DEBUG:    [send_request_body.started request=<Request [b'POST']>]
[2025-10-11 11:39:52,408]: [_trace.py]: atrace: 87:       DEBUG:    [send_request_body.complete]
[2025-10-11 11:39:52,408]: [_trace.py]: atrace: 87:       DEBUG:    [receive_response_headers.started request=<Request [b'POST']>]
[2025-10-11 11:39:53,223]: [_trace.py]: atrace: 87:       DEBUG:    [receive_response_headers.complete return_value=(b'HTTP/1.1', 200, b'OK', [(b'Server', b'nginx/1.18.0'), (b'Date', b'Sat, 11 Oct 2025 11:39:53 GMT'), (b'Content-Type', b'application/json'), (b'Content-Length', b'599'), (b'Connection', b'keep-alive'), (b'Strict-Transport-Security', b'max-age=31536000; includeSubDomains; preload'), (b'Access-Control-Allow-Origin', b'*'), (b'Access-Control-Allow-Methods', b'GET, POST, OPTIONS'), (b'Access-Control-Expose-Headers', b'Content-Length,Content-Type,Date,Server,Connection')])]
[2025-10-11 11:39:53,223]: [_client.py]: _send_single_request: 1740:       INFO:    [HTTP Request: POST https://api.telegram.org/bot6030805959:AAGUHAMxLYc-PrevgKouJ3ZyM7ktu56ftjo/sendDocument "HTTP/1.1 200 OK"]
[2025-10-11 11:39:53,223]: [_trace.py]: atrace: 87:       DEBUG:    [receive_response_body.started request=<Request [b'POST']>]
[2025-10-11 11:39:53,223]: [_trace.py]: atrace: 87:       DEBUG:    [receive_response_body.complete]
[2025-10-11 11:39:53,223]: [_trace.py]: atrace: 87:       DEBUG:    [response_closed.started]
[2025-10-11 11:39:53,223]: [_trace.py]: atrace: 87:       DEBUG:    [response_closed.complete]
[2025-10-11 11:39:53,224]: [_bot.py]: _do_post: 652:       DEBUG:    [Call to Bot API endpoint `sendDocument` finished with return value `{'message_id': 2658, 'from': {'id': 6030805959, 'is_bot': True, 'first_name': 'TyPHoone', 'username': 'TyPHoone_Project_bot'}, 'chat': {'id': -4119703192, 'title': 'Robocop', 'type': 'group', 'all_members_are_administrators': True, 'accepted_gift_types': {'unlimited_gifts': False, 'limited_gifts': False, 'unique_gifts': False, 'premium_subscription': False}}, 'date': 1760182793, 'document': {'file_name': '(2025_10_11--11_39)output.zip', 'mime_type': 'application/zip', 'file_id': 'BQACAgQAAxkDAAIKYmjqQghAb9RSXputT2S-549Uz_ggAALTGAACwexRU3yXJCG3LcmCNgQ', 'file_unique_id': 'AgAD0xgAAsHsUVM', 'file_size': 10127687}}`]
[2025-10-11 11:39:53,224]: [_trace.py]: atrace: 87:       DEBUG:    [close.started]
[2025-10-11 11:39:53,224]: [_trace.py]: atrace: 87:       DEBUG:    [close.complete]
[2025-10-11 11:39:53,224]: [Telegram_Sender.py]: runner: 61:       INFO:    [sent successfully]
[2025-10-11 11:39:53,225]: [Main.py]: <module>: 48:       INFO:    [Finished]
