[2024-09-04 11:38:23,916]: [Main.py]: <module>: 21:       INFO:    [Started]
[2024-09-04 11:38:25,637]: [Iron_Scraper.py]: Scrap: 32:       INFO:    [Data Scaraped Successfully]
[2024-09-04 11:38:25,820]: [Iron_Scraper.py]: Scrap: 70:       INFO:    [Scrapped Data Has No Problem]
[2024-09-04 11:38:25,820]: [Iron_Scraper.py]: Scrap: 83:       INFO:    [Data Saved Successfully]
[2024-09-04 11:38:25,820]: [Iron.py]: Run: 26:       INFO:    [Scraping Phase Completed]
[2024-09-04 11:38:25,821]: [Iron_Data_Processor.py]: Data_Reader: 61:       INFO:    [Data File Has Been Red Successfully]
[2024-09-04 11:38:25,821]: [Iron_Data_Processor.py]: Shaper: 78:       INFO:    [Data Shaped]
[2024-09-04 11:38:25,821]: [Iron_Data_Processor.py]: Process: 228:       INFO:    [Data Cleaned]
[2024-09-04 11:38:25,821]: [Iron_Data_Processor.py]: Make_Pages_Objects: 101:       INFO:    [Page Objects Has Been Made]
[2024-09-04 11:38:25,821]: [Iron_Data_Processor.py]: Make_Pages_Objects: 101:       INFO:    [Page Objects Has Been Made]
[2024-09-04 11:38:25,821]: [Iron_Data_Processor.py]: Load_Data: 118:       INFO:    [Data Has Been Load]
[2024-09-04 11:38:25,821]: [Iron_Data_Processor.py]: Load_Data: 118:       INFO:    [Data Has Been Load]
[2024-09-04 11:38:25,822]: [Iron_Data_Processor.py]: Load_positions: 140:       INFO:    [Positions Are Ready]
[2024-09-04 11:38:25,822]: [Iron_Data_Processor.py]: Load_positions: 140:       INFO:    [Positions Are Ready]
[2024-09-04 11:38:26,943]: [Iron_Data_Processor.py]: Make_Tagged_Images: 193:       INFO:    [Images Has Been Made]
[2024-09-04 11:38:27,902]: [Iron_Data_Processor.py]: Make_Tagged_Images: 193:       INFO:    [Images Has Been Made]
[2024-09-04 11:38:28,160]: [Iron_Data_Processor.py]: Make_Cover_Page: 215:       INFO:    [Made Cover Pages]
[2024-09-04 11:38:28,160]: [Iron.py]: Run: 29:       INFO:    [Imagination Phase Completed]
[2024-09-04 11:38:31,891]: [Phone_Scraper.py]: Scrap: 58:       INFO:    [Data Scraped]
[2024-09-04 11:38:31,892]: [Phone_Scraper.py]: Scrap: 71:       INFO:    [Scraped Data Successfully]
[2024-09-04 11:38:31,892]: [Phone.py]: Run: 26:       INFO:    [Scraping Phase Complete]
[2024-09-04 11:38:31,892]: [Phone_Data_Processor.py]: data_reader: 38:       INFO:    [Scraped Data Loaded]
[2024-09-04 11:38:31,893]: [Phone_Data_Processor.py]: filter_list: 65:       INFO:    [Persian Phrases Are deleted]
[2024-09-04 11:38:31,894]: [Phone_Data_Processor.py]: reshape_list: 87:       INFO:    [Date Reshaped]
[2024-09-04 11:38:31,894]: [Phone_Data_Processor.py]: separate_brands: 124:       INFO:    [Brands Are Separated]
[2024-09-04 11:38:31,895]: [Phone_Data_Processor.py]: delete_extra_spaces: 141:       INFO:    [Extra Spaces Are Deleted]
[2024-09-04 11:38:32,670]: [Phone.py]: Run: 29:       INFO:    [Imagination Phase Complete]
[2024-09-04 11:38:32,670]: [selector_events.py]: __init__: 64:       DEBUG:    [Using selector: EpollSelector]
[2024-09-04 11:38:33,011]: [_bot.py]: _do_post: 643:       DEBUG:    [Calling Bot API endpoint `getMe` with parameters `{}`]
[2024-09-04 11:38:33,015]: [_trace.py]: atrace: 85:       DEBUG:    [connect_tcp.started host='api.telegram.org' port=443 local_address=None timeout=5.0 socket_options=None]
[2024-09-04 11:38:33,141]: [_trace.py]: atrace: 85:       DEBUG:    [connect_tcp.complete return_value=<httpcore._backends.anyio.AnyIOStream object at 0x7f9e5cb11760>]
[2024-09-04 11:38:33,141]: [_trace.py]: atrace: 85:       DEBUG:    [start_tls.started ssl_context=<ssl.SSLContext object at 0x7f9e5c733c50> server_hostname='api.telegram.org' timeout=5.0]
[2024-09-04 11:38:33,243]: [_trace.py]: atrace: 85:       DEBUG:    [start_tls.complete return_value=<httpcore._backends.anyio.AnyIOStream object at 0x7f9e5beebe30>]
[2024-09-04 11:38:33,243]: [_trace.py]: atrace: 85:       DEBUG:    [send_request_headers.started request=<Request [b'POST']>]
[2024-09-04 11:38:33,244]: [_trace.py]: atrace: 85:       DEBUG:    [send_request_headers.complete]
[2024-09-04 11:38:33,244]: [_trace.py]: atrace: 85:       DEBUG:    [send_request_body.started request=<Request [b'POST']>]
[2024-09-04 11:38:33,244]: [_trace.py]: atrace: 85:       DEBUG:    [send_request_body.complete]
[2024-09-04 11:38:33,244]: [_trace.py]: atrace: 85:       DEBUG:    [receive_response_headers.started request=<Request [b'POST']>]
[2024-09-04 11:38:33,397]: [_trace.py]: atrace: 85:       DEBUG:    [receive_response_headers.complete return_value=(b'HTTP/1.1', 200, b'OK', [(b'Server', b'nginx/1.18.0'), (b'Date', b'Wed, 04 Sep 2024 11:38:33 GMT'), (b'Content-Type', b'application/json'), (b'Content-Length', b'258'), (b'Connection', b'keep-alive'), (b'Strict-Transport-Security', b'max-age=31536000; includeSubDomains; preload'), (b'Access-Control-Allow-Origin', b'*'), (b'Access-Control-Allow-Methods', b'GET, POST, OPTIONS'), (b'Access-Control-Expose-Headers', b'Content-Length,Content-Type,Date,Server,Connection')])]
[2024-09-04 11:38:33,397]: [_client.py]: _send_single_request: 1786:       INFO:    [HTTP Request: POST https://api.telegram.org/bot6030805959:AAGUHAMxLYc-PrevgKouJ3ZyM7ktu56ftjo/getMe "HTTP/1.1 200 OK"]
[2024-09-04 11:38:33,397]: [_trace.py]: atrace: 85:       DEBUG:    [receive_response_body.started request=<Request [b'POST']>]
[2024-09-04 11:38:33,397]: [_trace.py]: atrace: 85:       DEBUG:    [receive_response_body.complete]
[2024-09-04 11:38:33,398]: [_trace.py]: atrace: 85:       DEBUG:    [response_closed.started]
[2024-09-04 11:38:33,398]: [_trace.py]: atrace: 85:       DEBUG:    [response_closed.complete]
[2024-09-04 11:38:33,398]: [_bot.py]: _do_post: 652:       DEBUG:    [Call to Bot API endpoint `getMe` finished with return value `{'id': 6030805959, 'is_bot': True, 'first_name': 'TyPHoone', 'username': 'TyPHoone_Project_bot', 'can_join_groups': True, 'can_read_all_group_messages': False, 'supports_inline_queries': False, 'can_connect_to_business': False, 'has_main_web_app': False}`]
[2024-09-04 11:38:33,401]: [_bot.py]: _do_post: 643:       DEBUG:    [Calling Bot API endpoint `sendDocument` with parameters `{'chat_id': '-4119703192', 'document': <telegram._files.inputfile.InputFile object at 0x7f9e6a5a2900>}`]
[2024-09-04 11:38:33,402]: [_trace.py]: atrace: 85:       DEBUG:    [send_request_headers.started request=<Request [b'POST']>]
[2024-09-04 11:38:33,402]: [_trace.py]: atrace: 85:       DEBUG:    [send_request_headers.complete]
[2024-09-04 11:38:33,402]: [_trace.py]: atrace: 85:       DEBUG:    [send_request_body.started request=<Request [b'POST']>]
[2024-09-04 11:38:33,402]: [_trace.py]: atrace: 85:       DEBUG:    [send_request_body.complete]
[2024-09-04 11:38:33,403]: [_trace.py]: atrace: 85:       DEBUG:    [receive_response_headers.started request=<Request [b'POST']>]
[2024-09-04 11:38:33,661]: [_trace.py]: atrace: 85:       DEBUG:    [receive_response_headers.complete return_value=(b'HTTP/1.1', 200, b'OK', [(b'Server', b'nginx/1.18.0'), (b'Date', b'Wed, 04 Sep 2024 11:38:33 GMT'), (b'Content-Type', b'application/json'), (b'Content-Length', b'464'), (b'Connection', b'keep-alive'), (b'Strict-Transport-Security', b'max-age=31536000; includeSubDomains; preload'), (b'Access-Control-Allow-Origin', b'*'), (b'Access-Control-Allow-Methods', b'GET, POST, OPTIONS'), (b'Access-Control-Expose-Headers', b'Content-Length,Content-Type,Date,Server,Connection')])]
[2024-09-04 11:38:33,661]: [_client.py]: _send_single_request: 1786:       INFO:    [HTTP Request: POST https://api.telegram.org/bot6030805959:AAGUHAMxLYc-PrevgKouJ3ZyM7ktu56ftjo/sendDocument "HTTP/1.1 200 OK"]
[2024-09-04 11:38:33,661]: [_trace.py]: atrace: 85:       DEBUG:    [receive_response_body.started request=<Request [b'POST']>]
[2024-09-04 11:38:33,662]: [_trace.py]: atrace: 85:       DEBUG:    [receive_response_body.complete]
[2024-09-04 11:38:33,662]: [_trace.py]: atrace: 85:       DEBUG:    [response_closed.started]
[2024-09-04 11:38:33,662]: [_trace.py]: atrace: 85:       DEBUG:    [response_closed.complete]
[2024-09-04 11:38:33,662]: [_bot.py]: _do_post: 652:       DEBUG:    [Call to Bot API endpoint `sendDocument` finished with return value `{'message_id': 1845, 'from': {'id': 6030805959, 'is_bot': True, 'first_name': 'TyPHoone', 'username': 'TyPHoone_Project_bot'}, 'chat': {'id': -4119703192, 'title': 'Robocop', 'type': 'group', 'all_members_are_administrators': True}, 'date': 1725449913, 'document': {'file_name': '(2024_09_04--11_38).log', 'mime_type': 'text/plain', 'file_id': 'BQACAgQAAxkDAAIHNWbYRrncIM6f017oRhoLkKbRtSkqAALfFwACnybAUq1YqazEBeIbNgQ', 'file_unique_id': 'AgAD3xcAAp8mwFI', 'file_size': 5937}}`]
[2024-09-04 11:38:33,662]: [_trace.py]: atrace: 85:       DEBUG:    [close.started]
[2024-09-04 11:38:33,663]: [_trace.py]: atrace: 85:       DEBUG:    [close.complete]
[2024-09-04 11:38:33,663]: [_config.py]: load_ssl_context: 82:       DEBUG:    [load_ssl_context verify=True cert=None trust_env=True http2=False]
[2024-09-04 11:38:33,663]: [_config.py]: load_ssl_context_verify: 148:       DEBUG:    [load_verify_locations cafile='/opt/hostedtoolcache/Python/3.12.5/x64/lib/python3.12/site-packages/certifi/cacert.pem']
[2024-09-04 11:38:33,690]: [_config.py]: load_ssl_context: 82:       DEBUG:    [load_ssl_context verify=True cert=None trust_env=True http2=False]
[2024-09-04 11:38:33,691]: [_config.py]: load_ssl_context_verify: 148:       DEBUG:    [load_verify_locations cafile='/opt/hostedtoolcache/Python/3.12.5/x64/lib/python3.12/site-packages/certifi/cacert.pem']
[2024-09-04 11:38:33,718]: [_bot.py]: _do_post: 643:       DEBUG:    [Calling Bot API endpoint `getMe` with parameters `{}`]
[2024-09-04 11:38:33,718]: [_trace.py]: atrace: 85:       DEBUG:    [connect_tcp.started host='api.telegram.org' port=443 local_address=None timeout=5.0 socket_options=None]
[2024-09-04 11:38:33,821]: [_trace.py]: atrace: 85:       DEBUG:    [connect_tcp.complete return_value=<httpcore._backends.anyio.AnyIOStream object at 0x7f9e5c853740>]
[2024-09-04 11:38:33,821]: [_trace.py]: atrace: 85:       DEBUG:    [start_tls.started ssl_context=<ssl.SSLContext object at 0x7f9e5c733a50> server_hostname='api.telegram.org' timeout=5.0]
[2024-09-04 11:38:33,924]: [_trace.py]: atrace: 85:       DEBUG:    [start_tls.complete return_value=<httpcore._backends.anyio.AnyIOStream object at 0x7f9e5bd2b9b0>]
[2024-09-04 11:38:33,924]: [_trace.py]: atrace: 85:       DEBUG:    [send_request_headers.started request=<Request [b'POST']>]
[2024-09-04 11:38:33,924]: [_trace.py]: atrace: 85:       DEBUG:    [send_request_headers.complete]
[2024-09-04 11:38:33,924]: [_trace.py]: atrace: 85:       DEBUG:    [send_request_body.started request=<Request [b'POST']>]
[2024-09-04 11:38:33,925]: [_trace.py]: atrace: 85:       DEBUG:    [send_request_body.complete]
[2024-09-04 11:38:33,925]: [_trace.py]: atrace: 85:       DEBUG:    [receive_response_headers.started request=<Request [b'POST']>]
[2024-09-04 11:38:34,026]: [_trace.py]: atrace: 85:       DEBUG:    [receive_response_headers.complete return_value=(b'HTTP/1.1', 200, b'OK', [(b'Server', b'nginx/1.18.0'), (b'Date', b'Wed, 04 Sep 2024 11:38:33 GMT'), (b'Content-Type', b'application/json'), (b'Content-Length', b'258'), (b'Connection', b'keep-alive'), (b'Strict-Transport-Security', b'max-age=31536000; includeSubDomains; preload'), (b'Access-Control-Allow-Origin', b'*'), (b'Access-Control-Allow-Methods', b'GET, POST, OPTIONS'), (b'Access-Control-Expose-Headers', b'Content-Length,Content-Type,Date,Server,Connection')])]
[2024-09-04 11:38:34,026]: [_client.py]: _send_single_request: 1786:       INFO:    [HTTP Request: POST https://api.telegram.org/bot6030805959:AAGUHAMxLYc-PrevgKouJ3ZyM7ktu56ftjo/getMe "HTTP/1.1 200 OK"]
[2024-09-04 11:38:34,026]: [_trace.py]: atrace: 85:       DEBUG:    [receive_response_body.started request=<Request [b'POST']>]
[2024-09-04 11:38:34,026]: [_trace.py]: atrace: 85:       DEBUG:    [receive_response_body.complete]
[2024-09-04 11:38:34,026]: [_trace.py]: atrace: 85:       DEBUG:    [response_closed.started]
[2024-09-04 11:38:34,026]: [_trace.py]: atrace: 85:       DEBUG:    [response_closed.complete]
[2024-09-04 11:38:34,026]: [_bot.py]: _do_post: 652:       DEBUG:    [Call to Bot API endpoint `getMe` finished with return value `{'id': 6030805959, 'is_bot': True, 'first_name': 'TyPHoone', 'username': 'TyPHoone_Project_bot', 'can_join_groups': True, 'can_read_all_group_messages': False, 'supports_inline_queries': False, 'can_connect_to_business': False, 'has_main_web_app': False}`]
[2024-09-04 11:38:34,029]: [_bot.py]: _do_post: 643:       DEBUG:    [Calling Bot API endpoint `sendDocument` with parameters `{'chat_id': '-4119703192', 'document': <telegram._files.inputfile.InputFile object at 0x7f9e5bd740c0>}`]
[2024-09-04 11:38:34,029]: [_trace.py]: atrace: 85:       DEBUG:    [send_request_headers.started request=<Request [b'POST']>]
[2024-09-04 11:38:34,029]: [_trace.py]: atrace: 85:       DEBUG:    [send_request_headers.complete]
[2024-09-04 11:38:34,030]: [_trace.py]: atrace: 85:       DEBUG:    [send_request_body.started request=<Request [b'POST']>]
[2024-09-04 11:38:34,995]: [_trace.py]: atrace: 85:       DEBUG:    [send_request_body.complete]
[2024-09-04 11:38:34,995]: [_trace.py]: atrace: 85:       DEBUG:    [receive_response_headers.started request=<Request [b'POST']>]
[2024-09-04 11:38:35,778]: [_trace.py]: atrace: 85:       DEBUG:    [receive_response_headers.complete return_value=(b'HTTP/1.1', 200, b'OK', [(b'Server', b'nginx/1.18.0'), (b'Date', b'Wed, 04 Sep 2024 11:38:35 GMT'), (b'Content-Type', b'application/json'), (b'Content-Length', b'479'), (b'Connection', b'keep-alive'), (b'Strict-Transport-Security', b'max-age=31536000; includeSubDomains; preload'), (b'Access-Control-Allow-Origin', b'*'), (b'Access-Control-Allow-Methods', b'GET, POST, OPTIONS'), (b'Access-Control-Expose-Headers', b'Content-Length,Content-Type,Date,Server,Connection')])]
[2024-09-04 11:38:35,778]: [_client.py]: _send_single_request: 1786:       INFO:    [HTTP Request: POST https://api.telegram.org/bot6030805959:AAGUHAMxLYc-PrevgKouJ3ZyM7ktu56ftjo/sendDocument "HTTP/1.1 200 OK"]
[2024-09-04 11:38:35,778]: [_trace.py]: atrace: 85:       DEBUG:    [receive_response_body.started request=<Request [b'POST']>]
[2024-09-04 11:38:35,778]: [_trace.py]: atrace: 85:       DEBUG:    [receive_response_body.complete]
[2024-09-04 11:38:35,778]: [_trace.py]: atrace: 85:       DEBUG:    [response_closed.started]
[2024-09-04 11:38:35,778]: [_trace.py]: atrace: 85:       DEBUG:    [response_closed.complete]
[2024-09-04 11:38:35,779]: [_bot.py]: _do_post: 652:       DEBUG:    [Call to Bot API endpoint `sendDocument` finished with return value `{'message_id': 1846, 'from': {'id': 6030805959, 'is_bot': True, 'first_name': 'TyPHoone', 'username': 'TyPHoone_Project_bot'}, 'chat': {'id': -4119703192, 'title': 'Robocop', 'type': 'group', 'all_members_are_administrators': True}, 'date': 1725449915, 'document': {'file_name': '(2024_09_04--11_38)output.zip', 'mime_type': 'application/zip', 'file_id': 'BQACAgQAAxkDAAIHNmbYRru7kNftNwdEAeSJl2ZPskHPAALgFwACnybAUl3WH69X1nUoNgQ', 'file_unique_id': 'AgAD4BcAAp8mwFI', 'file_size': 10202631}}`]
[2024-09-04 11:38:35,779]: [_trace.py]: atrace: 85:       DEBUG:    [close.started]
[2024-09-04 11:38:35,779]: [_trace.py]: atrace: 85:       DEBUG:    [close.complete]
[2024-09-04 11:38:35,779]: [Telegram_Sender.py]: runner: 61:       INFO:    [sent successfully]
[2024-09-04 11:38:35,780]: [Main.py]: <module>: 48:       INFO:    [Finished]
