[2025-12-29 11:43:19,910]: [Main.py]: <module>: 21:       INFO:    [Started]
[2025-12-29 11:43:21,449]: [Iron_Scraper.py]: Scrap: 32:       INFO:    [Data Scaraped Successfully]
[2025-12-29 11:43:21,651]: [Iron_Scraper.py]: Scrap: 70:       INFO:    [Scrapped Data Has No Problem]
[2025-12-29 11:43:21,651]: [Iron_Scraper.py]: Scrap: 83:       INFO:    [Data Saved Successfully]
[2025-12-29 11:43:21,651]: [Iron.py]: Run: 26:       INFO:    [Scraping Phase Completed]
[2025-12-29 11:43:21,652]: [Iron_Data_Processor.py]: Data_Reader: 61:       INFO:    [Data File Has Been Red Successfully]
[2025-12-29 11:43:21,652]: [Iron_Data_Processor.py]: Shaper: 78:       INFO:    [Data Shaped]
[2025-12-29 11:43:21,652]: [Iron_Data_Processor.py]: Process: 228:       INFO:    [Data Cleaned]
[2025-12-29 11:43:21,652]: [Iron_Data_Processor.py]: Make_Pages_Objects: 101:       INFO:    [Page Objects Has Been Made]
[2025-12-29 11:43:21,652]: [Iron_Data_Processor.py]: Make_Pages_Objects: 101:       INFO:    [Page Objects Has Been Made]
[2025-12-29 11:43:21,652]: [Iron_Data_Processor.py]: Load_Data: 118:       INFO:    [Data Has Been Load]
[2025-12-29 11:43:21,652]: [Iron_Data_Processor.py]: Load_Data: 118:       INFO:    [Data Has Been Load]
[2025-12-29 11:43:21,653]: [Iron_Data_Processor.py]: Load_positions: 140:       INFO:    [Positions Are Ready]
[2025-12-29 11:43:21,653]: [Iron_Data_Processor.py]: Load_positions: 140:       INFO:    [Positions Are Ready]
[2025-12-29 11:43:22,777]: [Iron_Data_Processor.py]: Make_Tagged_Images: 193:       INFO:    [Images Has Been Made]
[2025-12-29 11:43:23,727]: [Iron_Data_Processor.py]: Make_Tagged_Images: 193:       INFO:    [Images Has Been Made]
[2025-12-29 11:43:23,981]: [Iron_Data_Processor.py]: Make_Cover_Page: 215:       INFO:    [Made Cover Pages]
[2025-12-29 11:43:23,981]: [Iron.py]: Run: 29:       INFO:    [Imagination Phase Completed]
[2025-12-29 11:43:27,072]: [Phone_Scraper.py]: Scrap: 58:       INFO:    [Data Scraped]
[2025-12-29 11:43:27,072]: [Phone_Scraper.py]: Scrap: 71:       INFO:    [Scraped Data Successfully]
[2025-12-29 11:43:27,073]: [Phone.py]: Run: 26:       INFO:    [Scraping Phase Complete]
[2025-12-29 11:43:27,073]: [Phone_Data_Processor.py]: data_reader: 38:       INFO:    [Scraped Data Loaded]
[2025-12-29 11:43:27,074]: [Phone_Data_Processor.py]: filter_list: 65:       INFO:    [Persian Phrases Are deleted]
[2025-12-29 11:43:27,074]: [Phone_Data_Processor.py]: reshape_list: 87:       INFO:    [Date Reshaped]
[2025-12-29 11:43:27,074]: [Phone_Data_Processor.py]: separate_brands: 124:       INFO:    [Brands Are Separated]
[2025-12-29 11:43:27,075]: [Phone_Data_Processor.py]: delete_extra_spaces: 141:       INFO:    [Extra Spaces Are Deleted]
[2025-12-29 11:43:27,812]: [Phone.py]: Run: 29:       INFO:    [Imagination Phase Complete]
[2025-12-29 11:43:27,813]: [selector_events.py]: __init__: 64:       DEBUG:    [Using selector: EpollSelector]
[2025-12-29 11:43:28,088]: [_bot.py]: _do_post: 643:       DEBUG:    [Calling Bot API endpoint `getMe` with parameters `{}`]
[2025-12-29 11:43:28,092]: [_trace.py]: atrace: 87:       DEBUG:    [connect_tcp.started host='api.telegram.org' port=443 local_address=None timeout=5.0 socket_options=None]
[2025-12-29 11:43:28,224]: [_trace.py]: atrace: 87:       DEBUG:    [connect_tcp.complete return_value=<httpcore._backends.anyio.AnyIOStream object at 0x7f9d733a32f0>]
[2025-12-29 11:43:28,224]: [_trace.py]: atrace: 87:       DEBUG:    [start_tls.started ssl_context=<ssl.SSLContext object at 0x7f9d73daded0> server_hostname='api.telegram.org' timeout=5.0]
[2025-12-29 11:43:28,332]: [_trace.py]: atrace: 87:       DEBUG:    [start_tls.complete return_value=<httpcore._backends.anyio.AnyIOStream object at 0x7f9d73fb27b0>]
[2025-12-29 11:43:28,332]: [_trace.py]: atrace: 87:       DEBUG:    [send_request_headers.started request=<Request [b'POST']>]
[2025-12-29 11:43:28,332]: [_trace.py]: atrace: 87:       DEBUG:    [send_request_headers.complete]
[2025-12-29 11:43:28,332]: [_trace.py]: atrace: 87:       DEBUG:    [send_request_body.started request=<Request [b'POST']>]
[2025-12-29 11:43:28,332]: [_trace.py]: atrace: 87:       DEBUG:    [send_request_body.complete]
[2025-12-29 11:43:28,332]: [_trace.py]: atrace: 87:       DEBUG:    [receive_response_headers.started request=<Request [b'POST']>]
[2025-12-29 11:43:28,440]: [_trace.py]: atrace: 87:       DEBUG:    [receive_response_headers.complete return_value=(b'HTTP/1.1', 200, b'OK', [(b'Server', b'nginx/1.18.0'), (b'Date', b'Mon, 29 Dec 2025 11:43:28 GMT'), (b'Content-Type', b'application/json'), (b'Content-Length', b'258'), (b'Connection', b'keep-alive'), (b'Strict-Transport-Security', b'max-age=31536000; includeSubDomains; preload'), (b'Access-Control-Allow-Origin', b'*'), (b'Access-Control-Allow-Methods', b'GET, POST, OPTIONS'), (b'Access-Control-Expose-Headers', b'Content-Length,Content-Type,Date,Server,Connection')])]
[2025-12-29 11:43:28,441]: [_client.py]: _send_single_request: 1740:       INFO:    [HTTP Request: POST https://api.telegram.org/bot6030805959:AAGUHAMxLYc-PrevgKouJ3ZyM7ktu56ftjo/getMe "HTTP/1.1 200 OK"]
[2025-12-29 11:43:28,441]: [_trace.py]: atrace: 87:       DEBUG:    [receive_response_body.started request=<Request [b'POST']>]
[2025-12-29 11:43:28,441]: [_trace.py]: atrace: 87:       DEBUG:    [receive_response_body.complete]
[2025-12-29 11:43:28,441]: [_trace.py]: atrace: 87:       DEBUG:    [response_closed.started]
[2025-12-29 11:43:28,441]: [_trace.py]: atrace: 87:       DEBUG:    [response_closed.complete]
[2025-12-29 11:43:28,441]: [_bot.py]: _do_post: 652:       DEBUG:    [Call to Bot API endpoint `getMe` finished with return value `{'id': 6030805959, 'is_bot': True, 'first_name': 'TyPHoone', 'username': 'TyPHoone_Project_bot', 'can_join_groups': True, 'can_read_all_group_messages': False, 'supports_inline_queries': False, 'can_connect_to_business': False, 'has_main_web_app': False}`]
[2025-12-29 11:43:28,444]: [_bot.py]: _do_post: 643:       DEBUG:    [Calling Bot API endpoint `sendDocument` with parameters `{'chat_id': '-4119703192', 'document': <telegram._files.inputfile.InputFile object at 0x7f9d733d88c0>}`]
[2025-12-29 11:43:28,445]: [_trace.py]: atrace: 87:       DEBUG:    [send_request_headers.started request=<Request [b'POST']>]
[2025-12-29 11:43:28,445]: [_trace.py]: atrace: 87:       DEBUG:    [send_request_headers.complete]
[2025-12-29 11:43:28,445]: [_trace.py]: atrace: 87:       DEBUG:    [send_request_body.started request=<Request [b'POST']>]
[2025-12-29 11:43:28,446]: [_trace.py]: atrace: 87:       DEBUG:    [send_request_body.complete]
[2025-12-29 11:43:28,446]: [_trace.py]: atrace: 87:       DEBUG:    [receive_response_headers.started request=<Request [b'POST']>]
[2025-12-29 11:43:28,691]: [_trace.py]: atrace: 87:       DEBUG:    [receive_response_headers.complete return_value=(b'HTTP/1.1', 200, b'OK', [(b'Server', b'nginx/1.18.0'), (b'Date', b'Mon, 29 Dec 2025 11:43:28 GMT'), (b'Content-Type', b'application/json'), (b'Content-Length', b'584'), (b'Connection', b'keep-alive'), (b'Strict-Transport-Security', b'max-age=31536000; includeSubDomains; preload'), (b'Access-Control-Allow-Origin', b'*'), (b'Access-Control-Allow-Methods', b'GET, POST, OPTIONS'), (b'Access-Control-Expose-Headers', b'Content-Length,Content-Type,Date,Server,Connection')])]
[2025-12-29 11:43:28,691]: [_client.py]: _send_single_request: 1740:       INFO:    [HTTP Request: POST https://api.telegram.org/bot6030805959:AAGUHAMxLYc-PrevgKouJ3ZyM7ktu56ftjo/sendDocument "HTTP/1.1 200 OK"]
[2025-12-29 11:43:28,691]: [_trace.py]: atrace: 87:       DEBUG:    [receive_response_body.started request=<Request [b'POST']>]
[2025-12-29 11:43:28,691]: [_trace.py]: atrace: 87:       DEBUG:    [receive_response_body.complete]
[2025-12-29 11:43:28,692]: [_trace.py]: atrace: 87:       DEBUG:    [response_closed.started]
[2025-12-29 11:43:28,692]: [_trace.py]: atrace: 87:       DEBUG:    [response_closed.complete]
[2025-12-29 11:43:28,692]: [_bot.py]: _do_post: 652:       DEBUG:    [Call to Bot API endpoint `sendDocument` finished with return value `{'message_id': 2827, 'from': {'id': 6030805959, 'is_bot': True, 'first_name': 'TyPHoone', 'username': 'TyPHoone_Project_bot'}, 'chat': {'id': -4119703192, 'title': 'Robocop', 'type': 'group', 'all_members_are_administrators': True, 'accepted_gift_types': {'unlimited_gifts': False, 'limited_gifts': False, 'unique_gifts': False, 'premium_subscription': False}}, 'date': 1767008608, 'document': {'file_name': '(2025_12_29--11_43).log', 'mime_type': 'text/plain', 'file_id': 'BQACAgQAAxkDAAILC2lSaWCxHD3-pyiNHSCphtSkPmYVAAK_HAAC6VuRUp1l64KTSYKNNgQ', 'file_unique_id': 'AgADvxwAAulbkVI', 'file_size': 5937}}`]
[2025-12-29 11:43:28,693]: [_trace.py]: atrace: 87:       DEBUG:    [close.started]
[2025-12-29 11:43:28,693]: [_trace.py]: atrace: 87:       DEBUG:    [close.complete]
[2025-12-29 11:43:28,736]: [_bot.py]: _do_post: 643:       DEBUG:    [Calling Bot API endpoint `getMe` with parameters `{}`]
[2025-12-29 11:43:28,736]: [_trace.py]: atrace: 87:       DEBUG:    [connect_tcp.started host='api.telegram.org' port=443 local_address=None timeout=5.0 socket_options=None]
[2025-12-29 11:43:28,838]: [_trace.py]: atrace: 87:       DEBUG:    [connect_tcp.complete return_value=<httpcore._backends.anyio.AnyIOStream object at 0x7f9d7373b1a0>]
[2025-12-29 11:43:28,838]: [_trace.py]: atrace: 87:       DEBUG:    [start_tls.started ssl_context=<ssl.SSLContext object at 0x7f9d73daddd0> server_hostname='api.telegram.org' timeout=5.0]
[2025-12-29 11:43:28,943]: [_trace.py]: atrace: 87:       DEBUG:    [start_tls.complete return_value=<httpcore._backends.anyio.AnyIOStream object at 0x7f9d7465ecc0>]
[2025-12-29 11:43:28,943]: [_trace.py]: atrace: 87:       DEBUG:    [send_request_headers.started request=<Request [b'POST']>]
[2025-12-29 11:43:28,944]: [_trace.py]: atrace: 87:       DEBUG:    [send_request_headers.complete]
[2025-12-29 11:43:28,944]: [_trace.py]: atrace: 87:       DEBUG:    [send_request_body.started request=<Request [b'POST']>]
[2025-12-29 11:43:28,944]: [_trace.py]: atrace: 87:       DEBUG:    [send_request_body.complete]
[2025-12-29 11:43:28,944]: [_trace.py]: atrace: 87:       DEBUG:    [receive_response_headers.started request=<Request [b'POST']>]
[2025-12-29 11:43:29,048]: [_trace.py]: atrace: 87:       DEBUG:    [receive_response_headers.complete return_value=(b'HTTP/1.1', 200, b'OK', [(b'Server', b'nginx/1.18.0'), (b'Date', b'Mon, 29 Dec 2025 11:43:29 GMT'), (b'Content-Type', b'application/json'), (b'Content-Length', b'258'), (b'Connection', b'keep-alive'), (b'Strict-Transport-Security', b'max-age=31536000; includeSubDomains; preload'), (b'Access-Control-Allow-Origin', b'*'), (b'Access-Control-Allow-Methods', b'GET, POST, OPTIONS'), (b'Access-Control-Expose-Headers', b'Content-Length,Content-Type,Date,Server,Connection')])]
[2025-12-29 11:43:29,048]: [_client.py]: _send_single_request: 1740:       INFO:    [HTTP Request: POST https://api.telegram.org/bot6030805959:AAGUHAMxLYc-PrevgKouJ3ZyM7ktu56ftjo/getMe "HTTP/1.1 200 OK"]
[2025-12-29 11:43:29,048]: [_trace.py]: atrace: 87:       DEBUG:    [receive_response_body.started request=<Request [b'POST']>]
[2025-12-29 11:43:29,048]: [_trace.py]: atrace: 87:       DEBUG:    [receive_response_body.complete]
[2025-12-29 11:43:29,048]: [_trace.py]: atrace: 87:       DEBUG:    [response_closed.started]
[2025-12-29 11:43:29,048]: [_trace.py]: atrace: 87:       DEBUG:    [response_closed.complete]
[2025-12-29 11:43:29,048]: [_bot.py]: _do_post: 652:       DEBUG:    [Call to Bot API endpoint `getMe` finished with return value `{'id': 6030805959, 'is_bot': True, 'first_name': 'TyPHoone', 'username': 'TyPHoone_Project_bot', 'can_join_groups': True, 'can_read_all_group_messages': False, 'supports_inline_queries': False, 'can_connect_to_business': False, 'has_main_web_app': False}`]
[2025-12-29 11:43:29,051]: [_bot.py]: _do_post: 643:       DEBUG:    [Calling Bot API endpoint `sendDocument` with parameters `{'chat_id': '-4119703192', 'document': <telegram._files.inputfile.InputFile object at 0x7f9d73de8e40>}`]
[2025-12-29 11:43:29,051]: [_trace.py]: atrace: 87:       DEBUG:    [send_request_headers.started request=<Request [b'POST']>]
[2025-12-29 11:43:29,051]: [_trace.py]: atrace: 87:       DEBUG:    [send_request_headers.complete]
[2025-12-29 11:43:29,051]: [_trace.py]: atrace: 87:       DEBUG:    [send_request_body.started request=<Request [b'POST']>]
[2025-12-29 11:43:30,061]: [_trace.py]: atrace: 87:       DEBUG:    [send_request_body.complete]
[2025-12-29 11:43:30,061]: [_trace.py]: atrace: 87:       DEBUG:    [receive_response_headers.started request=<Request [b'POST']>]
[2025-12-29 11:43:30,716]: [_trace.py]: atrace: 87:       DEBUG:    [receive_response_headers.complete return_value=(b'HTTP/1.1', 200, b'OK', [(b'Server', b'nginx/1.18.0'), (b'Date', b'Mon, 29 Dec 2025 11:43:30 GMT'), (b'Content-Type', b'application/json'), (b'Content-Length', b'599'), (b'Connection', b'keep-alive'), (b'Strict-Transport-Security', b'max-age=31536000; includeSubDomains; preload'), (b'Access-Control-Allow-Origin', b'*'), (b'Access-Control-Allow-Methods', b'GET, POST, OPTIONS'), (b'Access-Control-Expose-Headers', b'Content-Length,Content-Type,Date,Server,Connection')])]
[2025-12-29 11:43:30,717]: [_client.py]: _send_single_request: 1740:       INFO:    [HTTP Request: POST https://api.telegram.org/bot6030805959:AAGUHAMxLYc-PrevgKouJ3ZyM7ktu56ftjo/sendDocument "HTTP/1.1 200 OK"]
[2025-12-29 11:43:30,717]: [_trace.py]: atrace: 87:       DEBUG:    [receive_response_body.started request=<Request [b'POST']>]
[2025-12-29 11:43:30,717]: [_trace.py]: atrace: 87:       DEBUG:    [receive_response_body.complete]
[2025-12-29 11:43:30,717]: [_trace.py]: atrace: 87:       DEBUG:    [response_closed.started]
[2025-12-29 11:43:30,717]: [_trace.py]: atrace: 87:       DEBUG:    [response_closed.complete]
[2025-12-29 11:43:30,717]: [_bot.py]: _do_post: 652:       DEBUG:    [Call to Bot API endpoint `sendDocument` finished with return value `{'message_id': 2828, 'from': {'id': 6030805959, 'is_bot': True, 'first_name': 'TyPHoone', 'username': 'TyPHoone_Project_bot'}, 'chat': {'id': -4119703192, 'title': 'Robocop', 'type': 'group', 'all_members_are_administrators': True, 'accepted_gift_types': {'unlimited_gifts': False, 'limited_gifts': False, 'unique_gifts': False, 'premium_subscription': False}}, 'date': 1767008610, 'document': {'file_name': '(2025_12_29--11_43)output.zip', 'mime_type': 'application/zip', 'file_id': 'BQACAgQAAxkDAAILDGlSaWLQRWDdBjVTki8pV9YRcCI3AALAHAAC6VuRUiexIedqkhJQNgQ', 'file_unique_id': 'AgADwBwAAulbkVI', 'file_size': 10086510}}`]
[2025-12-29 11:43:30,718]: [_trace.py]: atrace: 87:       DEBUG:    [close.started]
[2025-12-29 11:43:30,718]: [_trace.py]: atrace: 87:       DEBUG:    [close.complete]
[2025-12-29 11:43:30,718]: [Telegram_Sender.py]: runner: 61:       INFO:    [sent successfully]
[2025-12-29 11:43:30,719]: [Main.py]: <module>: 48:       INFO:    [Finished]
