[2025-02-28 11:38:56,471]: [Main.py]: <module>: 21:       INFO:    [Started]
[2025-02-28 11:38:58,013]: [Iron_Scraper.py]: Scrap: 32:       INFO:    [Data Scaraped Successfully]
[2025-02-28 11:38:58,069]: [Iron_Scraper.py]: Scrap: 70:       INFO:    [Scrapped Data Has No Problem]
[2025-02-28 11:38:58,070]: [Iron_Scraper.py]: Scrap: 83:       INFO:    [Data Saved Successfully]
[2025-02-28 11:38:58,070]: [Iron.py]: Run: 26:       INFO:    [Scraping Phase Completed]
[2025-02-28 11:38:58,070]: [Iron_Data_Processor.py]: Data_Reader: 61:       INFO:    [Data File Has Been Red Successfully]
[2025-02-28 11:38:58,070]: [Iron_Data_Processor.py]: Shaper: 78:       INFO:    [Data Shaped]
[2025-02-28 11:38:58,070]: [Iron_Data_Processor.py]: Process: 228:       INFO:    [Data Cleaned]
[2025-02-28 11:38:58,070]: [Iron_Data_Processor.py]: Make_Pages_Objects: 101:       INFO:    [Page Objects Has Been Made]
[2025-02-28 11:38:58,070]: [Iron_Data_Processor.py]: Make_Pages_Objects: 101:       INFO:    [Page Objects Has Been Made]
[2025-02-28 11:38:58,070]: [Iron_Data_Processor.py]: Load_Data: 118:       INFO:    [Data Has Been Load]
[2025-02-28 11:38:58,070]: [Iron_Data_Processor.py]: Load_Data: 118:       INFO:    [Data Has Been Load]
[2025-02-28 11:38:58,070]: [Iron_Data_Processor.py]: Load_positions: 140:       INFO:    [Positions Are Ready]
[2025-02-28 11:38:58,070]: [Iron_Data_Processor.py]: Load_positions: 140:       INFO:    [Positions Are Ready]
[2025-02-28 11:38:59,129]: [Iron_Data_Processor.py]: Make_Tagged_Images: 193:       INFO:    [Images Has Been Made]
[2025-02-28 11:39:00,015]: [Iron_Data_Processor.py]: Make_Tagged_Images: 193:       INFO:    [Images Has Been Made]
[2025-02-28 11:39:00,267]: [Iron_Data_Processor.py]: Make_Cover_Page: 215:       INFO:    [Made Cover Pages]
[2025-02-28 11:39:00,267]: [Iron.py]: Run: 29:       INFO:    [Imagination Phase Completed]
[2025-02-28 11:39:02,825]: [Phone_Scraper.py]: Scrap: 58:       INFO:    [Data Scraped]
[2025-02-28 11:39:02,825]: [Phone_Scraper.py]: Scrap: 71:       INFO:    [Scraped Data Successfully]
[2025-02-28 11:39:02,826]: [Phone.py]: Run: 26:       INFO:    [Scraping Phase Complete]
[2025-02-28 11:39:02,826]: [Phone_Data_Processor.py]: data_reader: 38:       INFO:    [Scraped Data Loaded]
[2025-02-28 11:39:02,827]: [Phone_Data_Processor.py]: filter_list: 65:       INFO:    [Persian Phrases Are deleted]
[2025-02-28 11:39:02,827]: [Phone_Data_Processor.py]: reshape_list: 87:       INFO:    [Date Reshaped]
[2025-02-28 11:39:02,827]: [Phone_Data_Processor.py]: separate_brands: 124:       INFO:    [Brands Are Separated]
[2025-02-28 11:39:02,828]: [Phone_Data_Processor.py]: delete_extra_spaces: 141:       INFO:    [Extra Spaces Are Deleted]
[2025-02-28 11:39:03,566]: [Phone.py]: Run: 29:       INFO:    [Imagination Phase Complete]
[2025-02-28 11:39:03,566]: [selector_events.py]: __init__: 64:       DEBUG:    [Using selector: EpollSelector]
[2025-02-28 11:39:03,831]: [_bot.py]: _do_post: 643:       DEBUG:    [Calling Bot API endpoint `getMe` with parameters `{}`]
[2025-02-28 11:39:03,836]: [_trace.py]: atrace: 87:       DEBUG:    [connect_tcp.started host='api.telegram.org' port=443 local_address=None timeout=5.0 socket_options=None]
[2025-02-28 11:39:03,981]: [_trace.py]: atrace: 87:       DEBUG:    [connect_tcp.complete return_value=<httpcore._backends.anyio.AnyIOStream object at 0x7f6247ff9d00>]
[2025-02-28 11:39:03,981]: [_trace.py]: atrace: 87:       DEBUG:    [start_tls.started ssl_context=<ssl.SSLContext object at 0x7f624863b4d0> server_hostname='api.telegram.org' timeout=5.0]
[2025-02-28 11:39:04,071]: [_trace.py]: atrace: 87:       DEBUG:    [start_tls.complete return_value=<httpcore._backends.anyio.AnyIOStream object at 0x7f62486687d0>]
[2025-02-28 11:39:04,071]: [_trace.py]: atrace: 87:       DEBUG:    [send_request_headers.started request=<Request [b'POST']>]
[2025-02-28 11:39:04,072]: [_trace.py]: atrace: 87:       DEBUG:    [send_request_headers.complete]
[2025-02-28 11:39:04,072]: [_trace.py]: atrace: 87:       DEBUG:    [send_request_body.started request=<Request [b'POST']>]
[2025-02-28 11:39:04,072]: [_trace.py]: atrace: 87:       DEBUG:    [send_request_body.complete]
[2025-02-28 11:39:04,072]: [_trace.py]: atrace: 87:       DEBUG:    [receive_response_headers.started request=<Request [b'POST']>]
[2025-02-28 11:39:04,161]: [_trace.py]: atrace: 87:       DEBUG:    [receive_response_headers.complete return_value=(b'HTTP/1.1', 200, b'OK', [(b'Server', b'nginx/1.18.0'), (b'Date', b'Fri, 28 Feb 2025 11:39:04 GMT'), (b'Content-Type', b'application/json'), (b'Content-Length', b'258'), (b'Connection', b'keep-alive'), (b'Strict-Transport-Security', b'max-age=31536000; includeSubDomains; preload'), (b'Access-Control-Allow-Origin', b'*'), (b'Access-Control-Allow-Methods', b'GET, POST, OPTIONS'), (b'Access-Control-Expose-Headers', b'Content-Length,Content-Type,Date,Server,Connection')])]
[2025-02-28 11:39:04,161]: [_client.py]: _send_single_request: 1740:       INFO:    [HTTP Request: POST https://api.telegram.org/bot6030805959:AAGUHAMxLYc-PrevgKouJ3ZyM7ktu56ftjo/getMe "HTTP/1.1 200 OK"]
[2025-02-28 11:39:04,162]: [_trace.py]: atrace: 87:       DEBUG:    [receive_response_body.started request=<Request [b'POST']>]
[2025-02-28 11:39:04,162]: [_trace.py]: atrace: 87:       DEBUG:    [receive_response_body.complete]
[2025-02-28 11:39:04,162]: [_trace.py]: atrace: 87:       DEBUG:    [response_closed.started]
[2025-02-28 11:39:04,162]: [_trace.py]: atrace: 87:       DEBUG:    [response_closed.complete]
[2025-02-28 11:39:04,162]: [_bot.py]: _do_post: 652:       DEBUG:    [Call to Bot API endpoint `getMe` finished with return value `{'id': 6030805959, 'is_bot': True, 'first_name': 'TyPHoone', 'username': 'TyPHoone_Project_bot', 'can_join_groups': True, 'can_read_all_group_messages': False, 'supports_inline_queries': False, 'can_connect_to_business': False, 'has_main_web_app': False}`]
[2025-02-28 11:39:04,165]: [_bot.py]: _do_post: 643:       DEBUG:    [Calling Bot API endpoint `sendDocument` with parameters `{'chat_id': '-4119703192', 'document': <telegram._files.inputfile.InputFile object at 0x7f624910cf40>}`]
[2025-02-28 11:39:04,165]: [_trace.py]: atrace: 87:       DEBUG:    [send_request_headers.started request=<Request [b'POST']>]
[2025-02-28 11:39:04,165]: [_trace.py]: atrace: 87:       DEBUG:    [send_request_headers.complete]
[2025-02-28 11:39:04,165]: [_trace.py]: atrace: 87:       DEBUG:    [send_request_body.started request=<Request [b'POST']>]
[2025-02-28 11:39:04,166]: [_trace.py]: atrace: 87:       DEBUG:    [send_request_body.complete]
[2025-02-28 11:39:04,166]: [_trace.py]: atrace: 87:       DEBUG:    [receive_response_headers.started request=<Request [b'POST']>]
[2025-02-28 11:39:04,397]: [_trace.py]: atrace: 87:       DEBUG:    [receive_response_headers.complete return_value=(b'HTTP/1.1', 200, b'OK', [(b'Server', b'nginx/1.18.0'), (b'Date', b'Fri, 28 Feb 2025 11:39:04 GMT'), (b'Content-Type', b'application/json'), (b'Content-Length', b'464'), (b'Connection', b'keep-alive'), (b'Strict-Transport-Security', b'max-age=31536000; includeSubDomains; preload'), (b'Access-Control-Allow-Origin', b'*'), (b'Access-Control-Allow-Methods', b'GET, POST, OPTIONS'), (b'Access-Control-Expose-Headers', b'Content-Length,Content-Type,Date,Server,Connection')])]
[2025-02-28 11:39:04,397]: [_client.py]: _send_single_request: 1740:       INFO:    [HTTP Request: POST https://api.telegram.org/bot6030805959:AAGUHAMxLYc-PrevgKouJ3ZyM7ktu56ftjo/sendDocument "HTTP/1.1 200 OK"]
[2025-02-28 11:39:04,397]: [_trace.py]: atrace: 87:       DEBUG:    [receive_response_body.started request=<Request [b'POST']>]
[2025-02-28 11:39:04,398]: [_trace.py]: atrace: 87:       DEBUG:    [receive_response_body.complete]
[2025-02-28 11:39:04,398]: [_trace.py]: atrace: 87:       DEBUG:    [response_closed.started]
[2025-02-28 11:39:04,398]: [_trace.py]: atrace: 87:       DEBUG:    [response_closed.complete]
[2025-02-28 11:39:04,398]: [_bot.py]: _do_post: 652:       DEBUG:    [Call to Bot API endpoint `sendDocument` finished with return value `{'message_id': 2201, 'from': {'id': 6030805959, 'is_bot': True, 'first_name': 'TyPHoone', 'username': 'TyPHoone_Project_bot'}, 'chat': {'id': -4119703192, 'title': 'Robocop', 'type': 'group', 'all_members_are_administrators': True}, 'date': 1740742744, 'document': {'file_name': '(2025_02_28--11_38).log', 'mime_type': 'text/plain', 'file_id': 'BQACAgQAAxkDAAIImWfBoFhqDX7JxE4l_YnLzskhxv4pAAKKFwAC2v4RUipAce0cXcp-NgQ', 'file_unique_id': 'AgADihcAAtr-EVI', 'file_size': 5937}}`]
[2025-02-28 11:39:04,398]: [_trace.py]: atrace: 87:       DEBUG:    [close.started]
[2025-02-28 11:39:04,398]: [_trace.py]: atrace: 87:       DEBUG:    [close.complete]
[2025-02-28 11:39:04,443]: [_bot.py]: _do_post: 643:       DEBUG:    [Calling Bot API endpoint `getMe` with parameters `{}`]
[2025-02-28 11:39:04,444]: [_trace.py]: atrace: 87:       DEBUG:    [connect_tcp.started host='api.telegram.org' port=443 local_address=None timeout=5.0 socket_options=None]
[2025-02-28 11:39:04,533]: [_trace.py]: atrace: 87:       DEBUG:    [connect_tcp.complete return_value=<httpcore._backends.anyio.AnyIOStream object at 0x7f6247e67ef0>]
[2025-02-28 11:39:04,533]: [_trace.py]: atrace: 87:       DEBUG:    [start_tls.started ssl_context=<ssl.SSLContext object at 0x7f624863b2d0> server_hostname='api.telegram.org' timeout=5.0]
[2025-02-28 11:39:04,625]: [_trace.py]: atrace: 87:       DEBUG:    [start_tls.complete return_value=<httpcore._backends.anyio.AnyIOStream object at 0x7f6248f70350>]
[2025-02-28 11:39:04,625]: [_trace.py]: atrace: 87:       DEBUG:    [send_request_headers.started request=<Request [b'POST']>]
[2025-02-28 11:39:04,625]: [_trace.py]: atrace: 87:       DEBUG:    [send_request_headers.complete]
[2025-02-28 11:39:04,625]: [_trace.py]: atrace: 87:       DEBUG:    [send_request_body.started request=<Request [b'POST']>]
[2025-02-28 11:39:04,625]: [_trace.py]: atrace: 87:       DEBUG:    [send_request_body.complete]
[2025-02-28 11:39:04,625]: [_trace.py]: atrace: 87:       DEBUG:    [receive_response_headers.started request=<Request [b'POST']>]
[2025-02-28 11:39:04,714]: [_trace.py]: atrace: 87:       DEBUG:    [receive_response_headers.complete return_value=(b'HTTP/1.1', 200, b'OK', [(b'Server', b'nginx/1.18.0'), (b'Date', b'Fri, 28 Feb 2025 11:39:04 GMT'), (b'Content-Type', b'application/json'), (b'Content-Length', b'258'), (b'Connection', b'keep-alive'), (b'Strict-Transport-Security', b'max-age=31536000; includeSubDomains; preload'), (b'Access-Control-Allow-Origin', b'*'), (b'Access-Control-Allow-Methods', b'GET, POST, OPTIONS'), (b'Access-Control-Expose-Headers', b'Content-Length,Content-Type,Date,Server,Connection')])]
[2025-02-28 11:39:04,715]: [_client.py]: _send_single_request: 1740:       INFO:    [HTTP Request: POST https://api.telegram.org/bot6030805959:AAGUHAMxLYc-PrevgKouJ3ZyM7ktu56ftjo/getMe "HTTP/1.1 200 OK"]
[2025-02-28 11:39:04,715]: [_trace.py]: atrace: 87:       DEBUG:    [receive_response_body.started request=<Request [b'POST']>]
[2025-02-28 11:39:04,715]: [_trace.py]: atrace: 87:       DEBUG:    [receive_response_body.complete]
[2025-02-28 11:39:04,715]: [_trace.py]: atrace: 87:       DEBUG:    [response_closed.started]
[2025-02-28 11:39:04,715]: [_trace.py]: atrace: 87:       DEBUG:    [response_closed.complete]
[2025-02-28 11:39:04,715]: [_bot.py]: _do_post: 652:       DEBUG:    [Call to Bot API endpoint `getMe` finished with return value `{'id': 6030805959, 'is_bot': True, 'first_name': 'TyPHoone', 'username': 'TyPHoone_Project_bot', 'can_join_groups': True, 'can_read_all_group_messages': False, 'supports_inline_queries': False, 'can_connect_to_business': False, 'has_main_web_app': False}`]
[2025-02-28 11:39:04,718]: [_bot.py]: _do_post: 643:       DEBUG:    [Calling Bot API endpoint `sendDocument` with parameters `{'chat_id': '-4119703192', 'document': <telegram._files.inputfile.InputFile object at 0x7f6248690200>}`]
[2025-02-28 11:39:04,718]: [_trace.py]: atrace: 87:       DEBUG:    [send_request_headers.started request=<Request [b'POST']>]
[2025-02-28 11:39:04,718]: [_trace.py]: atrace: 87:       DEBUG:    [send_request_headers.complete]
[2025-02-28 11:39:04,718]: [_trace.py]: atrace: 87:       DEBUG:    [send_request_body.started request=<Request [b'POST']>]
[2025-02-28 11:39:05,531]: [_trace.py]: atrace: 87:       DEBUG:    [send_request_body.complete]
[2025-02-28 11:39:05,531]: [_trace.py]: atrace: 87:       DEBUG:    [receive_response_headers.started request=<Request [b'POST']>]
[2025-02-28 11:39:06,363]: [_trace.py]: atrace: 87:       DEBUG:    [receive_response_headers.complete return_value=(b'HTTP/1.1', 200, b'OK', [(b'Server', b'nginx/1.18.0'), (b'Date', b'Fri, 28 Feb 2025 11:39:06 GMT'), (b'Content-Type', b'application/json'), (b'Content-Length', b'479'), (b'Connection', b'keep-alive'), (b'Strict-Transport-Security', b'max-age=31536000; includeSubDomains; preload'), (b'Access-Control-Allow-Origin', b'*'), (b'Access-Control-Allow-Methods', b'GET, POST, OPTIONS'), (b'Access-Control-Expose-Headers', b'Content-Length,Content-Type,Date,Server,Connection')])]
[2025-02-28 11:39:06,363]: [_client.py]: _send_single_request: 1740:       INFO:    [HTTP Request: POST https://api.telegram.org/bot6030805959:AAGUHAMxLYc-PrevgKouJ3ZyM7ktu56ftjo/sendDocument "HTTP/1.1 200 OK"]
[2025-02-28 11:39:06,364]: [_trace.py]: atrace: 87:       DEBUG:    [receive_response_body.started request=<Request [b'POST']>]
[2025-02-28 11:39:06,364]: [_trace.py]: atrace: 87:       DEBUG:    [receive_response_body.complete]
[2025-02-28 11:39:06,364]: [_trace.py]: atrace: 87:       DEBUG:    [response_closed.started]
[2025-02-28 11:39:06,364]: [_trace.py]: atrace: 87:       DEBUG:    [response_closed.complete]
[2025-02-28 11:39:06,364]: [_bot.py]: _do_post: 652:       DEBUG:    [Call to Bot API endpoint `sendDocument` finished with return value `{'message_id': 2202, 'from': {'id': 6030805959, 'is_bot': True, 'first_name': 'TyPHoone', 'username': 'TyPHoone_Project_bot'}, 'chat': {'id': -4119703192, 'title': 'Robocop', 'type': 'group', 'all_members_are_administrators': True}, 'date': 1740742746, 'document': {'file_name': '(2025_02_28--11_38)output.zip', 'mime_type': 'application/zip', 'file_id': 'BQACAgQAAxkDAAIImmfBoFnQC4dm1AVlwdM7AAHaiOk0eAACixcAAtr-EVJrkHd30ikpwDYE', 'file_unique_id': 'AgADixcAAtr-EVI', 'file_size': 9835397}}`]
[2025-02-28 11:39:06,364]: [_trace.py]: atrace: 87:       DEBUG:    [close.started]
[2025-02-28 11:39:06,364]: [_trace.py]: atrace: 87:       DEBUG:    [close.complete]
[2025-02-28 11:39:06,365]: [Telegram_Sender.py]: runner: 61:       INFO:    [sent successfully]
[2025-02-28 11:39:06,365]: [Main.py]: <module>: 48:       INFO:    [Finished]
