[2025-09-21 11:38:50,911]: [Main.py]: <module>: 21:       INFO:    [Started]
[2025-09-21 11:38:52,350]: [Iron_Scraper.py]: Scrap: 32:       INFO:    [Data Scaraped Successfully]
[2025-09-21 11:38:52,552]: [Iron_Scraper.py]: Scrap: 70:       INFO:    [Scrapped Data Has No Problem]
[2025-09-21 11:38:52,552]: [Iron_Scraper.py]: Scrap: 83:       INFO:    [Data Saved Successfully]
[2025-09-21 11:38:52,552]: [Iron.py]: Run: 26:       INFO:    [Scraping Phase Completed]
[2025-09-21 11:38:52,553]: [Iron_Data_Processor.py]: Data_Reader: 61:       INFO:    [Data File Has Been Red Successfully]
[2025-09-21 11:38:52,553]: [Iron_Data_Processor.py]: Shaper: 78:       INFO:    [Data Shaped]
[2025-09-21 11:38:52,553]: [Iron_Data_Processor.py]: Process: 228:       INFO:    [Data Cleaned]
[2025-09-21 11:38:52,553]: [Iron_Data_Processor.py]: Make_Pages_Objects: 101:       INFO:    [Page Objects Has Been Made]
[2025-09-21 11:38:52,553]: [Iron_Data_Processor.py]: Make_Pages_Objects: 101:       INFO:    [Page Objects Has Been Made]
[2025-09-21 11:38:52,553]: [Iron_Data_Processor.py]: Load_Data: 118:       INFO:    [Data Has Been Load]
[2025-09-21 11:38:52,553]: [Iron_Data_Processor.py]: Load_Data: 118:       INFO:    [Data Has Been Load]
[2025-09-21 11:38:52,553]: [Iron_Data_Processor.py]: Load_positions: 140:       INFO:    [Positions Are Ready]
[2025-09-21 11:38:52,554]: [Iron_Data_Processor.py]: Load_positions: 140:       INFO:    [Positions Are Ready]
[2025-09-21 11:38:53,674]: [Iron_Data_Processor.py]: Make_Tagged_Images: 193:       INFO:    [Images Has Been Made]
[2025-09-21 11:38:54,622]: [Iron_Data_Processor.py]: Make_Tagged_Images: 193:       INFO:    [Images Has Been Made]
[2025-09-21 11:38:54,874]: [Iron_Data_Processor.py]: Make_Cover_Page: 215:       INFO:    [Made Cover Pages]
[2025-09-21 11:38:54,875]: [Iron.py]: Run: 29:       INFO:    [Imagination Phase Completed]
[2025-09-21 11:38:57,800]: [Phone_Scraper.py]: Scrap: 58:       INFO:    [Data Scraped]
[2025-09-21 11:38:57,800]: [Phone_Scraper.py]: Scrap: 71:       INFO:    [Scraped Data Successfully]
[2025-09-21 11:38:57,801]: [Phone.py]: Run: 26:       INFO:    [Scraping Phase Complete]
[2025-09-21 11:38:57,801]: [Phone_Data_Processor.py]: data_reader: 38:       INFO:    [Scraped Data Loaded]
[2025-09-21 11:38:57,802]: [Phone_Data_Processor.py]: filter_list: 65:       INFO:    [Persian Phrases Are deleted]
[2025-09-21 11:38:57,802]: [Phone_Data_Processor.py]: reshape_list: 87:       INFO:    [Date Reshaped]
[2025-09-21 11:38:57,802]: [Phone_Data_Processor.py]: separate_brands: 124:       INFO:    [Brands Are Separated]
[2025-09-21 11:38:57,803]: [Phone_Data_Processor.py]: delete_extra_spaces: 141:       INFO:    [Extra Spaces Are Deleted]
[2025-09-21 11:38:58,539]: [Phone.py]: Run: 29:       INFO:    [Imagination Phase Complete]
[2025-09-21 11:38:58,540]: [selector_events.py]: __init__: 64:       DEBUG:    [Using selector: EpollSelector]
[2025-09-21 11:38:58,817]: [_bot.py]: _do_post: 643:       DEBUG:    [Calling Bot API endpoint `getMe` with parameters `{}`]
[2025-09-21 11:38:58,821]: [_trace.py]: atrace: 87:       DEBUG:    [connect_tcp.started host='api.telegram.org' port=443 local_address=None timeout=5.0 socket_options=None]
[2025-09-21 11:38:58,976]: [_trace.py]: atrace: 87:       DEBUG:    [connect_tcp.complete return_value=<httpcore._backends.anyio.AnyIOStream object at 0x7fd3df9a29f0>]
[2025-09-21 11:38:58,976]: [_trace.py]: atrace: 87:       DEBUG:    [start_tls.started ssl_context=<ssl.SSLContext object at 0x7fd3e03b5cd0> server_hostname='api.telegram.org' timeout=5.0]
[2025-09-21 11:38:59,077]: [_trace.py]: atrace: 87:       DEBUG:    [start_tls.complete return_value=<httpcore._backends.anyio.AnyIOStream object at 0x7fd3e0434d70>]
[2025-09-21 11:38:59,078]: [_trace.py]: atrace: 87:       DEBUG:    [send_request_headers.started request=<Request [b'POST']>]
[2025-09-21 11:38:59,078]: [_trace.py]: atrace: 87:       DEBUG:    [send_request_headers.complete]
[2025-09-21 11:38:59,078]: [_trace.py]: atrace: 87:       DEBUG:    [send_request_body.started request=<Request [b'POST']>]
[2025-09-21 11:38:59,078]: [_trace.py]: atrace: 87:       DEBUG:    [send_request_body.complete]
[2025-09-21 11:38:59,078]: [_trace.py]: atrace: 87:       DEBUG:    [receive_response_headers.started request=<Request [b'POST']>]
[2025-09-21 11:38:59,175]: [_trace.py]: atrace: 87:       DEBUG:    [receive_response_headers.complete return_value=(b'HTTP/1.1', 200, b'OK', [(b'Server', b'nginx/1.18.0'), (b'Date', b'Sun, 21 Sep 2025 11:38:59 GMT'), (b'Content-Type', b'application/json'), (b'Content-Length', b'258'), (b'Connection', b'keep-alive'), (b'Strict-Transport-Security', b'max-age=31536000; includeSubDomains; preload'), (b'Access-Control-Allow-Origin', b'*'), (b'Access-Control-Allow-Methods', b'GET, POST, OPTIONS'), (b'Access-Control-Expose-Headers', b'Content-Length,Content-Type,Date,Server,Connection')])]
[2025-09-21 11:38:59,175]: [_client.py]: _send_single_request: 1740:       INFO:    [HTTP Request: POST https://api.telegram.org/bot6030805959:AAGUHAMxLYc-PrevgKouJ3ZyM7ktu56ftjo/getMe "HTTP/1.1 200 OK"]
[2025-09-21 11:38:59,175]: [_trace.py]: atrace: 87:       DEBUG:    [receive_response_body.started request=<Request [b'POST']>]
[2025-09-21 11:38:59,175]: [_trace.py]: atrace: 87:       DEBUG:    [receive_response_body.complete]
[2025-09-21 11:38:59,175]: [_trace.py]: atrace: 87:       DEBUG:    [response_closed.started]
[2025-09-21 11:38:59,176]: [_trace.py]: atrace: 87:       DEBUG:    [response_closed.complete]
[2025-09-21 11:38:59,176]: [_bot.py]: _do_post: 652:       DEBUG:    [Call to Bot API endpoint `getMe` finished with return value `{'id': 6030805959, 'is_bot': True, 'first_name': 'TyPHoone', 'username': 'TyPHoone_Project_bot', 'can_join_groups': True, 'can_read_all_group_messages': False, 'supports_inline_queries': False, 'can_connect_to_business': False, 'has_main_web_app': False}`]
[2025-09-21 11:38:59,179]: [_bot.py]: _do_post: 643:       DEBUG:    [Calling Bot API endpoint `sendDocument` with parameters `{'chat_id': '-4119703192', 'document': <telegram._files.inputfile.InputFile object at 0x7fd3e044cc00>}`]
[2025-09-21 11:38:59,179]: [_trace.py]: atrace: 87:       DEBUG:    [send_request_headers.started request=<Request [b'POST']>]
[2025-09-21 11:38:59,179]: [_trace.py]: atrace: 87:       DEBUG:    [send_request_headers.complete]
[2025-09-21 11:38:59,180]: [_trace.py]: atrace: 87:       DEBUG:    [send_request_body.started request=<Request [b'POST']>]
[2025-09-21 11:38:59,180]: [_trace.py]: atrace: 87:       DEBUG:    [send_request_body.complete]
[2025-09-21 11:38:59,180]: [_trace.py]: atrace: 87:       DEBUG:    [receive_response_headers.started request=<Request [b'POST']>]
[2025-09-21 11:38:59,424]: [_trace.py]: atrace: 87:       DEBUG:    [receive_response_headers.complete return_value=(b'HTTP/1.1', 200, b'OK', [(b'Server', b'nginx/1.18.0'), (b'Date', b'Sun, 21 Sep 2025 11:38:59 GMT'), (b'Content-Type', b'application/json'), (b'Content-Length', b'584'), (b'Connection', b'keep-alive'), (b'Strict-Transport-Security', b'max-age=31536000; includeSubDomains; preload'), (b'Access-Control-Allow-Origin', b'*'), (b'Access-Control-Allow-Methods', b'GET, POST, OPTIONS'), (b'Access-Control-Expose-Headers', b'Content-Length,Content-Type,Date,Server,Connection')])]
[2025-09-21 11:38:59,424]: [_client.py]: _send_single_request: 1740:       INFO:    [HTTP Request: POST https://api.telegram.org/bot6030805959:AAGUHAMxLYc-PrevgKouJ3ZyM7ktu56ftjo/sendDocument "HTTP/1.1 200 OK"]
[2025-09-21 11:38:59,424]: [_trace.py]: atrace: 87:       DEBUG:    [receive_response_body.started request=<Request [b'POST']>]
[2025-09-21 11:38:59,424]: [_trace.py]: atrace: 87:       DEBUG:    [receive_response_body.complete]
[2025-09-21 11:38:59,424]: [_trace.py]: atrace: 87:       DEBUG:    [response_closed.started]
[2025-09-21 11:38:59,424]: [_trace.py]: atrace: 87:       DEBUG:    [response_closed.complete]
[2025-09-21 11:38:59,425]: [_bot.py]: _do_post: 652:       DEBUG:    [Call to Bot API endpoint `sendDocument` finished with return value `{'message_id': 2617, 'from': {'id': 6030805959, 'is_bot': True, 'first_name': 'TyPHoone', 'username': 'TyPHoone_Project_bot'}, 'chat': {'id': -4119703192, 'title': 'Robocop', 'type': 'group', 'all_members_are_administrators': True, 'accepted_gift_types': {'unlimited_gifts': False, 'limited_gifts': False, 'unique_gifts': False, 'premium_subscription': False}}, 'date': 1758454739, 'document': {'file_name': '(2025_09_21--11_38).log', 'mime_type': 'text/plain', 'file_id': 'BQACAgQAAxkDAAIKOWjP49PLe1CXYAuEA3RGUQbelo9DAAKDGgACUOt4Um_NcenMx_p6NgQ', 'file_unique_id': 'AgADgxoAAlDreFI', 'file_size': 5937}}`]
[2025-09-21 11:38:59,425]: [_trace.py]: atrace: 87:       DEBUG:    [close.started]
[2025-09-21 11:38:59,425]: [_trace.py]: atrace: 87:       DEBUG:    [close.complete]
[2025-09-21 11:38:59,469]: [_bot.py]: _do_post: 643:       DEBUG:    [Calling Bot API endpoint `getMe` with parameters `{}`]
[2025-09-21 11:38:59,469]: [_trace.py]: atrace: 87:       DEBUG:    [connect_tcp.started host='api.telegram.org' port=443 local_address=None timeout=5.0 socket_options=None]
[2025-09-21 11:38:59,568]: [_trace.py]: atrace: 87:       DEBUG:    [connect_tcp.complete return_value=<httpcore._backends.anyio.AnyIOStream object at 0x7fd3df9e86e0>]
[2025-09-21 11:38:59,568]: [_trace.py]: atrace: 87:       DEBUG:    [start_tls.started ssl_context=<ssl.SSLContext object at 0x7fd3e03b5bd0> server_hostname='api.telegram.org' timeout=5.0]
[2025-09-21 11:38:59,668]: [_trace.py]: atrace: 87:       DEBUG:    [start_tls.complete return_value=<httpcore._backends.anyio.AnyIOStream object at 0x7fd3df9dff80>]
[2025-09-21 11:38:59,668]: [_trace.py]: atrace: 87:       DEBUG:    [send_request_headers.started request=<Request [b'POST']>]
[2025-09-21 11:38:59,669]: [_trace.py]: atrace: 87:       DEBUG:    [send_request_headers.complete]
[2025-09-21 11:38:59,669]: [_trace.py]: atrace: 87:       DEBUG:    [send_request_body.started request=<Request [b'POST']>]
[2025-09-21 11:38:59,669]: [_trace.py]: atrace: 87:       DEBUG:    [send_request_body.complete]
[2025-09-21 11:38:59,669]: [_trace.py]: atrace: 87:       DEBUG:    [receive_response_headers.started request=<Request [b'POST']>]
[2025-09-21 11:38:59,767]: [_trace.py]: atrace: 87:       DEBUG:    [receive_response_headers.complete return_value=(b'HTTP/1.1', 200, b'OK', [(b'Server', b'nginx/1.18.0'), (b'Date', b'Sun, 21 Sep 2025 11:38:59 GMT'), (b'Content-Type', b'application/json'), (b'Content-Length', b'258'), (b'Connection', b'keep-alive'), (b'Strict-Transport-Security', b'max-age=31536000; includeSubDomains; preload'), (b'Access-Control-Allow-Origin', b'*'), (b'Access-Control-Allow-Methods', b'GET, POST, OPTIONS'), (b'Access-Control-Expose-Headers', b'Content-Length,Content-Type,Date,Server,Connection')])]
[2025-09-21 11:38:59,767]: [_client.py]: _send_single_request: 1740:       INFO:    [HTTP Request: POST https://api.telegram.org/bot6030805959:AAGUHAMxLYc-PrevgKouJ3ZyM7ktu56ftjo/getMe "HTTP/1.1 200 OK"]
[2025-09-21 11:38:59,767]: [_trace.py]: atrace: 87:       DEBUG:    [receive_response_body.started request=<Request [b'POST']>]
[2025-09-21 11:38:59,767]: [_trace.py]: atrace: 87:       DEBUG:    [receive_response_body.complete]
[2025-09-21 11:38:59,767]: [_trace.py]: atrace: 87:       DEBUG:    [response_closed.started]
[2025-09-21 11:38:59,767]: [_trace.py]: atrace: 87:       DEBUG:    [response_closed.complete]
[2025-09-21 11:38:59,767]: [_bot.py]: _do_post: 652:       DEBUG:    [Call to Bot API endpoint `getMe` finished with return value `{'id': 6030805959, 'is_bot': True, 'first_name': 'TyPHoone', 'username': 'TyPHoone_Project_bot', 'can_join_groups': True, 'can_read_all_group_messages': False, 'supports_inline_queries': False, 'can_connect_to_business': False, 'has_main_web_app': False}`]
[2025-09-21 11:38:59,770]: [_bot.py]: _do_post: 643:       DEBUG:    [Calling Bot API endpoint `sendDocument` with parameters `{'chat_id': '-4119703192', 'document': <telegram._files.inputfile.InputFile object at 0x7fd3e03d1fc0>}`]
[2025-09-21 11:38:59,770]: [_trace.py]: atrace: 87:       DEBUG:    [send_request_headers.started request=<Request [b'POST']>]
[2025-09-21 11:38:59,771]: [_trace.py]: atrace: 87:       DEBUG:    [send_request_headers.complete]
[2025-09-21 11:38:59,771]: [_trace.py]: atrace: 87:       DEBUG:    [send_request_body.started request=<Request [b'POST']>]
[2025-09-21 11:39:00,663]: [_trace.py]: atrace: 87:       DEBUG:    [send_request_body.complete]
[2025-09-21 11:39:00,663]: [_trace.py]: atrace: 87:       DEBUG:    [receive_response_headers.started request=<Request [b'POST']>]
[2025-09-21 11:39:02,208]: [_trace.py]: atrace: 87:       DEBUG:    [receive_response_headers.complete return_value=(b'HTTP/1.1', 200, b'OK', [(b'Server', b'nginx/1.18.0'), (b'Date', b'Sun, 21 Sep 2025 11:39:02 GMT'), (b'Content-Type', b'application/json'), (b'Content-Length', b'599'), (b'Connection', b'keep-alive'), (b'Strict-Transport-Security', b'max-age=31536000; includeSubDomains; preload'), (b'Access-Control-Allow-Origin', b'*'), (b'Access-Control-Allow-Methods', b'GET, POST, OPTIONS'), (b'Access-Control-Expose-Headers', b'Content-Length,Content-Type,Date,Server,Connection')])]
[2025-09-21 11:39:02,209]: [_client.py]: _send_single_request: 1740:       INFO:    [HTTP Request: POST https://api.telegram.org/bot6030805959:AAGUHAMxLYc-PrevgKouJ3ZyM7ktu56ftjo/sendDocument "HTTP/1.1 200 OK"]
[2025-09-21 11:39:02,209]: [_trace.py]: atrace: 87:       DEBUG:    [receive_response_body.started request=<Request [b'POST']>]
[2025-09-21 11:39:02,209]: [_trace.py]: atrace: 87:       DEBUG:    [receive_response_body.complete]
[2025-09-21 11:39:02,209]: [_trace.py]: atrace: 87:       DEBUG:    [response_closed.started]
[2025-09-21 11:39:02,209]: [_trace.py]: atrace: 87:       DEBUG:    [response_closed.complete]
[2025-09-21 11:39:02,209]: [_bot.py]: _do_post: 652:       DEBUG:    [Call to Bot API endpoint `sendDocument` finished with return value `{'message_id': 2618, 'from': {'id': 6030805959, 'is_bot': True, 'first_name': 'TyPHoone', 'username': 'TyPHoone_Project_bot'}, 'chat': {'id': -4119703192, 'title': 'Robocop', 'type': 'group', 'all_members_are_administrators': True, 'accepted_gift_types': {'unlimited_gifts': False, 'limited_gifts': False, 'unique_gifts': False, 'premium_subscription': False}}, 'date': 1758454742, 'document': {'file_name': '(2025_09_21--11_38)output.zip', 'mime_type': 'application/zip', 'file_id': 'BQACAgQAAxkDAAIKOmjP49V0ybrS2bXJacW1yWugShv2AAKEGgACUOt4Upzldv3IPJgONgQ', 'file_unique_id': 'AgADhBoAAlDreFI', 'file_size': 10101463}}`]
[2025-09-21 11:39:02,210]: [_trace.py]: atrace: 87:       DEBUG:    [close.started]
[2025-09-21 11:39:02,210]: [_trace.py]: atrace: 87:       DEBUG:    [close.complete]
[2025-09-21 11:39:02,210]: [Telegram_Sender.py]: runner: 61:       INFO:    [sent successfully]
[2025-09-21 11:39:02,211]: [Main.py]: <module>: 48:       INFO:    [Finished]
