[2025-11-01 11:39:49,383]: [Main.py]: <module>: 21:       INFO:    [Started]
[2025-11-01 11:39:50,818]: [Iron_Scraper.py]: Scrap: 32:       INFO:    [Data Scaraped Successfully]
[2025-11-01 11:39:51,023]: [Iron_Scraper.py]: Scrap: 70:       INFO:    [Scrapped Data Has No Problem]
[2025-11-01 11:39:51,023]: [Iron_Scraper.py]: Scrap: 83:       INFO:    [Data Saved Successfully]
[2025-11-01 11:39:51,023]: [Iron.py]: Run: 26:       INFO:    [Scraping Phase Completed]
[2025-11-01 11:39:51,024]: [Iron_Data_Processor.py]: Data_Reader: 61:       INFO:    [Data File Has Been Red Successfully]
[2025-11-01 11:39:51,024]: [Iron_Data_Processor.py]: Shaper: 78:       INFO:    [Data Shaped]
[2025-11-01 11:39:51,024]: [Iron_Data_Processor.py]: Process: 228:       INFO:    [Data Cleaned]
[2025-11-01 11:39:51,024]: [Iron_Data_Processor.py]: Make_Pages_Objects: 101:       INFO:    [Page Objects Has Been Made]
[2025-11-01 11:39:51,024]: [Iron_Data_Processor.py]: Make_Pages_Objects: 101:       INFO:    [Page Objects Has Been Made]
[2025-11-01 11:39:51,024]: [Iron_Data_Processor.py]: Load_Data: 118:       INFO:    [Data Has Been Load]
[2025-11-01 11:39:51,024]: [Iron_Data_Processor.py]: Load_Data: 118:       INFO:    [Data Has Been Load]
[2025-11-01 11:39:51,025]: [Iron_Data_Processor.py]: Load_positions: 140:       INFO:    [Positions Are Ready]
[2025-11-01 11:39:51,025]: [Iron_Data_Processor.py]: Load_positions: 140:       INFO:    [Positions Are Ready]
[2025-11-01 11:39:52,150]: [Iron_Data_Processor.py]: Make_Tagged_Images: 193:       INFO:    [Images Has Been Made]
[2025-11-01 11:39:53,098]: [Iron_Data_Processor.py]: Make_Tagged_Images: 193:       INFO:    [Images Has Been Made]
[2025-11-01 11:39:53,352]: [Iron_Data_Processor.py]: Make_Cover_Page: 215:       INFO:    [Made Cover Pages]
[2025-11-01 11:39:53,352]: [Iron.py]: Run: 29:       INFO:    [Imagination Phase Completed]
[2025-11-01 11:39:55,931]: [Phone_Scraper.py]: Scrap: 58:       INFO:    [Data Scraped]
[2025-11-01 11:39:55,931]: [Phone_Scraper.py]: Scrap: 71:       INFO:    [Scraped Data Successfully]
[2025-11-01 11:39:55,931]: [Phone.py]: Run: 26:       INFO:    [Scraping Phase Complete]
[2025-11-01 11:39:55,931]: [Phone_Data_Processor.py]: data_reader: 38:       INFO:    [Scraped Data Loaded]
[2025-11-01 11:39:55,932]: [Phone_Data_Processor.py]: filter_list: 65:       INFO:    [Persian Phrases Are deleted]
[2025-11-01 11:39:55,932]: [Phone_Data_Processor.py]: reshape_list: 87:       INFO:    [Date Reshaped]
[2025-11-01 11:39:55,933]: [Phone_Data_Processor.py]: separate_brands: 124:       INFO:    [Brands Are Separated]
[2025-11-01 11:39:55,933]: [Phone_Data_Processor.py]: delete_extra_spaces: 141:       INFO:    [Extra Spaces Are Deleted]
[2025-11-01 11:39:56,662]: [Phone.py]: Run: 29:       INFO:    [Imagination Phase Complete]
[2025-11-01 11:39:56,662]: [selector_events.py]: __init__: 64:       DEBUG:    [Using selector: EpollSelector]
[2025-11-01 11:39:56,940]: [_bot.py]: _do_post: 643:       DEBUG:    [Calling Bot API endpoint `getMe` with parameters `{}`]
[2025-11-01 11:39:56,944]: [_trace.py]: atrace: 87:       DEBUG:    [connect_tcp.started host='api.telegram.org' port=443 local_address=None timeout=5.0 socket_options=None]
[2025-11-01 11:39:57,167]: [_trace.py]: atrace: 87:       DEBUG:    [connect_tcp.complete return_value=<httpcore._backends.anyio.AnyIOStream object at 0x7ff55852f6e0>]
[2025-11-01 11:39:57,167]: [_trace.py]: atrace: 87:       DEBUG:    [start_tls.started ssl_context=<ssl.SSLContext object at 0x7ff5584b9e50> server_hostname='api.telegram.org' timeout=5.0]
[2025-11-01 11:39:57,261]: [_trace.py]: atrace: 87:       DEBUG:    [start_tls.complete return_value=<httpcore._backends.anyio.AnyIOStream object at 0x7ff557e605c0>]
[2025-11-01 11:39:57,261]: [_trace.py]: atrace: 87:       DEBUG:    [send_request_headers.started request=<Request [b'POST']>]
[2025-11-01 11:39:57,261]: [_trace.py]: atrace: 87:       DEBUG:    [send_request_headers.complete]
[2025-11-01 11:39:57,261]: [_trace.py]: atrace: 87:       DEBUG:    [send_request_body.started request=<Request [b'POST']>]
[2025-11-01 11:39:57,261]: [_trace.py]: atrace: 87:       DEBUG:    [send_request_body.complete]
[2025-11-01 11:39:57,261]: [_trace.py]: atrace: 87:       DEBUG:    [receive_response_headers.started request=<Request [b'POST']>]
[2025-11-01 11:39:57,366]: [_trace.py]: atrace: 87:       DEBUG:    [receive_response_headers.complete return_value=(b'HTTP/1.1', 200, b'OK', [(b'Server', b'nginx/1.18.0'), (b'Date', b'Sat, 01 Nov 2025 11:39:57 GMT'), (b'Content-Type', b'application/json'), (b'Content-Length', b'258'), (b'Connection', b'keep-alive'), (b'Strict-Transport-Security', b'max-age=31536000; includeSubDomains; preload'), (b'Access-Control-Allow-Origin', b'*'), (b'Access-Control-Allow-Methods', b'GET, POST, OPTIONS'), (b'Access-Control-Expose-Headers', b'Content-Length,Content-Type,Date,Server,Connection')])]
[2025-11-01 11:39:57,367]: [_client.py]: _send_single_request: 1740:       INFO:    [HTTP Request: POST https://api.telegram.org/bot6030805959:AAGUHAMxLYc-PrevgKouJ3ZyM7ktu56ftjo/getMe "HTTP/1.1 200 OK"]
[2025-11-01 11:39:57,367]: [_trace.py]: atrace: 87:       DEBUG:    [receive_response_body.started request=<Request [b'POST']>]
[2025-11-01 11:39:57,367]: [_trace.py]: atrace: 87:       DEBUG:    [receive_response_body.complete]
[2025-11-01 11:39:57,367]: [_trace.py]: atrace: 87:       DEBUG:    [response_closed.started]
[2025-11-01 11:39:57,367]: [_trace.py]: atrace: 87:       DEBUG:    [response_closed.complete]
[2025-11-01 11:39:57,367]: [_bot.py]: _do_post: 652:       DEBUG:    [Call to Bot API endpoint `getMe` finished with return value `{'id': 6030805959, 'is_bot': True, 'first_name': 'TyPHoone', 'username': 'TyPHoone_Project_bot', 'can_join_groups': True, 'can_read_all_group_messages': False, 'supports_inline_queries': False, 'can_connect_to_business': False, 'has_main_web_app': False}`]
[2025-11-01 11:39:57,370]: [_bot.py]: _do_post: 643:       DEBUG:    [Calling Bot API endpoint `sendDocument` with parameters `{'chat_id': '-4119703192', 'document': <telegram._files.inputfile.InputFile object at 0x7ff557aa1b40>}`]
[2025-11-01 11:39:57,371]: [_trace.py]: atrace: 87:       DEBUG:    [send_request_headers.started request=<Request [b'POST']>]
[2025-11-01 11:39:57,371]: [_trace.py]: atrace: 87:       DEBUG:    [send_request_headers.complete]
[2025-11-01 11:39:57,371]: [_trace.py]: atrace: 87:       DEBUG:    [send_request_body.started request=<Request [b'POST']>]
[2025-11-01 11:39:57,371]: [_trace.py]: atrace: 87:       DEBUG:    [send_request_body.complete]
[2025-11-01 11:39:57,371]: [_trace.py]: atrace: 87:       DEBUG:    [receive_response_headers.started request=<Request [b'POST']>]
[2025-11-01 11:39:57,554]: [_trace.py]: atrace: 87:       DEBUG:    [receive_response_headers.complete return_value=(b'HTTP/1.1', 200, b'OK', [(b'Server', b'nginx/1.18.0'), (b'Date', b'Sat, 01 Nov 2025 11:39:57 GMT'), (b'Content-Type', b'application/json'), (b'Content-Length', b'584'), (b'Connection', b'keep-alive'), (b'Strict-Transport-Security', b'max-age=31536000; includeSubDomains; preload'), (b'Access-Control-Allow-Origin', b'*'), (b'Access-Control-Allow-Methods', b'GET, POST, OPTIONS'), (b'Access-Control-Expose-Headers', b'Content-Length,Content-Type,Date,Server,Connection')])]
[2025-11-01 11:39:57,554]: [_client.py]: _send_single_request: 1740:       INFO:    [HTTP Request: POST https://api.telegram.org/bot6030805959:AAGUHAMxLYc-PrevgKouJ3ZyM7ktu56ftjo/sendDocument "HTTP/1.1 200 OK"]
[2025-11-01 11:39:57,554]: [_trace.py]: atrace: 87:       DEBUG:    [receive_response_body.started request=<Request [b'POST']>]
[2025-11-01 11:39:57,554]: [_trace.py]: atrace: 87:       DEBUG:    [receive_response_body.complete]
[2025-11-01 11:39:57,554]: [_trace.py]: atrace: 87:       DEBUG:    [response_closed.started]
[2025-11-01 11:39:57,554]: [_trace.py]: atrace: 87:       DEBUG:    [response_closed.complete]
[2025-11-01 11:39:57,554]: [_bot.py]: _do_post: 652:       DEBUG:    [Call to Bot API endpoint `sendDocument` finished with return value `{'message_id': 2700, 'from': {'id': 6030805959, 'is_bot': True, 'first_name': 'TyPHoone', 'username': 'TyPHoone_Project_bot'}, 'chat': {'id': -4119703192, 'title': 'Robocop', 'type': 'group', 'all_members_are_administrators': True, 'accepted_gift_types': {'unlimited_gifts': False, 'limited_gifts': False, 'unique_gifts': False, 'premium_subscription': False}}, 'date': 1761997197, 'document': {'file_name': '(2025_11_01--11_39).log', 'mime_type': 'text/plain', 'file_id': 'BQACAgQAAxkDAAIKjGkF8Y21NMFM-TSpNArFD4BkfeF_AALPGwACEe4xUBDNOR7m5oTrNgQ', 'file_unique_id': 'AgADzxsAAhHuMVA', 'file_size': 5937}}`]
[2025-11-01 11:39:57,555]: [_trace.py]: atrace: 87:       DEBUG:    [close.started]
[2025-11-01 11:39:57,555]: [_trace.py]: atrace: 87:       DEBUG:    [close.complete]
[2025-11-01 11:39:57,599]: [_bot.py]: _do_post: 643:       DEBUG:    [Calling Bot API endpoint `getMe` with parameters `{}`]
[2025-11-01 11:39:57,599]: [_trace.py]: atrace: 87:       DEBUG:    [connect_tcp.started host='api.telegram.org' port=443 local_address=None timeout=5.0 socket_options=None]
[2025-11-01 11:39:57,689]: [_trace.py]: atrace: 87:       DEBUG:    [connect_tcp.complete return_value=<httpcore._backends.anyio.AnyIOStream object at 0x7ff557aeed50>]
[2025-11-01 11:39:57,690]: [_trace.py]: atrace: 87:       DEBUG:    [start_tls.started ssl_context=<ssl.SSLContext object at 0x7ff5584b9d50> server_hostname='api.telegram.org' timeout=5.0]
[2025-11-01 11:39:57,781]: [_trace.py]: atrace: 87:       DEBUG:    [start_tls.complete return_value=<httpcore._backends.anyio.AnyIOStream object at 0x7ff55870f170>]
[2025-11-01 11:39:57,781]: [_trace.py]: atrace: 87:       DEBUG:    [send_request_headers.started request=<Request [b'POST']>]
[2025-11-01 11:39:57,781]: [_trace.py]: atrace: 87:       DEBUG:    [send_request_headers.complete]
[2025-11-01 11:39:57,781]: [_trace.py]: atrace: 87:       DEBUG:    [send_request_body.started request=<Request [b'POST']>]
[2025-11-01 11:39:57,781]: [_trace.py]: atrace: 87:       DEBUG:    [send_request_body.complete]
[2025-11-01 11:39:57,781]: [_trace.py]: atrace: 87:       DEBUG:    [receive_response_headers.started request=<Request [b'POST']>]
[2025-11-01 11:39:57,871]: [_trace.py]: atrace: 87:       DEBUG:    [receive_response_headers.complete return_value=(b'HTTP/1.1', 200, b'OK', [(b'Server', b'nginx/1.18.0'), (b'Date', b'Sat, 01 Nov 2025 11:39:57 GMT'), (b'Content-Type', b'application/json'), (b'Content-Length', b'258'), (b'Connection', b'keep-alive'), (b'Strict-Transport-Security', b'max-age=31536000; includeSubDomains; preload'), (b'Access-Control-Allow-Origin', b'*'), (b'Access-Control-Allow-Methods', b'GET, POST, OPTIONS'), (b'Access-Control-Expose-Headers', b'Content-Length,Content-Type,Date,Server,Connection')])]
[2025-11-01 11:39:57,871]: [_client.py]: _send_single_request: 1740:       INFO:    [HTTP Request: POST https://api.telegram.org/bot6030805959:AAGUHAMxLYc-PrevgKouJ3ZyM7ktu56ftjo/getMe "HTTP/1.1 200 OK"]
[2025-11-01 11:39:57,871]: [_trace.py]: atrace: 87:       DEBUG:    [receive_response_body.started request=<Request [b'POST']>]
[2025-11-01 11:39:57,871]: [_trace.py]: atrace: 87:       DEBUG:    [receive_response_body.complete]
[2025-11-01 11:39:57,871]: [_trace.py]: atrace: 87:       DEBUG:    [response_closed.started]
[2025-11-01 11:39:57,871]: [_trace.py]: atrace: 87:       DEBUG:    [response_closed.complete]
[2025-11-01 11:39:57,871]: [_bot.py]: _do_post: 652:       DEBUG:    [Call to Bot API endpoint `getMe` finished with return value `{'id': 6030805959, 'is_bot': True, 'first_name': 'TyPHoone', 'username': 'TyPHoone_Project_bot', 'can_join_groups': True, 'can_read_all_group_messages': False, 'supports_inline_queries': False, 'can_connect_to_business': False, 'has_main_web_app': False}`]
[2025-11-01 11:39:57,874]: [_bot.py]: _do_post: 643:       DEBUG:    [Calling Bot API endpoint `sendDocument` with parameters `{'chat_id': '-4119703192', 'document': <telegram._files.inputfile.InputFile object at 0x7ff5584de340>}`]
[2025-11-01 11:39:57,874]: [_trace.py]: atrace: 87:       DEBUG:    [send_request_headers.started request=<Request [b'POST']>]
[2025-11-01 11:39:57,874]: [_trace.py]: atrace: 87:       DEBUG:    [send_request_headers.complete]
[2025-11-01 11:39:57,874]: [_trace.py]: atrace: 87:       DEBUG:    [send_request_body.started request=<Request [b'POST']>]
[2025-11-01 11:39:58,730]: [_trace.py]: atrace: 87:       DEBUG:    [send_request_body.complete]
[2025-11-01 11:39:58,731]: [_trace.py]: atrace: 87:       DEBUG:    [receive_response_headers.started request=<Request [b'POST']>]
[2025-11-01 11:39:59,273]: [_trace.py]: atrace: 87:       DEBUG:    [receive_response_headers.complete return_value=(b'HTTP/1.1', 200, b'OK', [(b'Server', b'nginx/1.18.0'), (b'Date', b'Sat, 01 Nov 2025 11:39:59 GMT'), (b'Content-Type', b'application/json'), (b'Content-Length', b'599'), (b'Connection', b'keep-alive'), (b'Strict-Transport-Security', b'max-age=31536000; includeSubDomains; preload'), (b'Access-Control-Allow-Origin', b'*'), (b'Access-Control-Allow-Methods', b'GET, POST, OPTIONS'), (b'Access-Control-Expose-Headers', b'Content-Length,Content-Type,Date,Server,Connection')])]
[2025-11-01 11:39:59,274]: [_client.py]: _send_single_request: 1740:       INFO:    [HTTP Request: POST https://api.telegram.org/bot6030805959:AAGUHAMxLYc-PrevgKouJ3ZyM7ktu56ftjo/sendDocument "HTTP/1.1 200 OK"]
[2025-11-01 11:39:59,274]: [_trace.py]: atrace: 87:       DEBUG:    [receive_response_body.started request=<Request [b'POST']>]
[2025-11-01 11:39:59,274]: [_trace.py]: atrace: 87:       DEBUG:    [receive_response_body.complete]
[2025-11-01 11:39:59,274]: [_trace.py]: atrace: 87:       DEBUG:    [response_closed.started]
[2025-11-01 11:39:59,274]: [_trace.py]: atrace: 87:       DEBUG:    [response_closed.complete]
[2025-11-01 11:39:59,274]: [_bot.py]: _do_post: 652:       DEBUG:    [Call to Bot API endpoint `sendDocument` finished with return value `{'message_id': 2701, 'from': {'id': 6030805959, 'is_bot': True, 'first_name': 'TyPHoone', 'username': 'TyPHoone_Project_bot'}, 'chat': {'id': -4119703192, 'title': 'Robocop', 'type': 'group', 'all_members_are_administrators': True, 'accepted_gift_types': {'unlimited_gifts': False, 'limited_gifts': False, 'unique_gifts': False, 'premium_subscription': False}}, 'date': 1761997199, 'document': {'file_name': '(2025_11_01--11_39)output.zip', 'mime_type': 'application/zip', 'file_id': 'BQACAgQAAxkDAAIKjWkF8Y5FTpy1d6mz_uXAWJlYvrT_AALQGwACEe4xUEJDNbkbfNI7NgQ', 'file_unique_id': 'AgAD0BsAAhHuMVA', 'file_size': 10078260}}`]
[2025-11-01 11:39:59,275]: [_trace.py]: atrace: 87:       DEBUG:    [close.started]
[2025-11-01 11:39:59,275]: [_trace.py]: atrace: 87:       DEBUG:    [close.complete]
[2025-11-01 11:39:59,275]: [Telegram_Sender.py]: runner: 61:       INFO:    [sent successfully]
[2025-11-01 11:39:59,275]: [Main.py]: <module>: 48:       INFO:    [Finished]
