[2024-12-11 11:39:40,199]: [Main.py]: <module>: 21:       INFO:    [Started]
[2024-12-11 11:39:42,748]: [Iron_Scraper.py]: Scrap: 32:       INFO:    [Data Scaraped Successfully]
[2024-12-11 11:39:42,801]: [Iron_Scraper.py]: Scrap: 70:       INFO:    [Scrapped Data Has No Problem]
[2024-12-11 11:39:42,801]: [Iron_Scraper.py]: Scrap: 83:       INFO:    [Data Saved Successfully]
[2024-12-11 11:39:42,801]: [Iron.py]: Run: 26:       INFO:    [Scraping Phase Completed]
[2024-12-11 11:39:42,801]: [Iron_Data_Processor.py]: Data_Reader: 61:       INFO:    [Data File Has Been Red Successfully]
[2024-12-11 11:39:42,801]: [Iron_Data_Processor.py]: Shaper: 78:       INFO:    [Data Shaped]
[2024-12-11 11:39:42,801]: [Iron_Data_Processor.py]: Process: 228:       INFO:    [Data Cleaned]
[2024-12-11 11:39:42,801]: [Iron_Data_Processor.py]: Make_Pages_Objects: 101:       INFO:    [Page Objects Has Been Made]
[2024-12-11 11:39:42,801]: [Iron_Data_Processor.py]: Make_Pages_Objects: 101:       INFO:    [Page Objects Has Been Made]
[2024-12-11 11:39:42,801]: [Iron_Data_Processor.py]: Load_Data: 118:       INFO:    [Data Has Been Load]
[2024-12-11 11:39:42,801]: [Iron_Data_Processor.py]: Load_Data: 118:       INFO:    [Data Has Been Load]
[2024-12-11 11:39:42,801]: [Iron_Data_Processor.py]: Load_positions: 140:       INFO:    [Positions Are Ready]
[2024-12-11 11:39:42,801]: [Iron_Data_Processor.py]: Load_positions: 140:       INFO:    [Positions Are Ready]
[2024-12-11 11:39:43,873]: [Iron_Data_Processor.py]: Make_Tagged_Images: 193:       INFO:    [Images Has Been Made]
[2024-12-11 11:39:44,773]: [Iron_Data_Processor.py]: Make_Tagged_Images: 193:       INFO:    [Images Has Been Made]
[2024-12-11 11:39:45,026]: [Iron_Data_Processor.py]: Make_Cover_Page: 215:       INFO:    [Made Cover Pages]
[2024-12-11 11:39:45,026]: [Iron.py]: Run: 29:       INFO:    [Imagination Phase Completed]
[2024-12-11 11:39:48,950]: [Phone_Scraper.py]: Scrap: 58:       INFO:    [Data Scraped]
[2024-12-11 11:39:48,950]: [Phone_Scraper.py]: Scrap: 71:       INFO:    [Scraped Data Successfully]
[2024-12-11 11:39:48,950]: [Phone.py]: Run: 26:       INFO:    [Scraping Phase Complete]
[2024-12-11 11:39:48,951]: [Phone_Data_Processor.py]: data_reader: 38:       INFO:    [Scraped Data Loaded]
[2024-12-11 11:39:48,952]: [Phone_Data_Processor.py]: filter_list: 65:       INFO:    [Persian Phrases Are deleted]
[2024-12-11 11:39:48,952]: [Phone_Data_Processor.py]: reshape_list: 87:       INFO:    [Date Reshaped]
[2024-12-11 11:39:48,953]: [Phone_Data_Processor.py]: separate_brands: 124:       INFO:    [Brands Are Separated]
[2024-12-11 11:39:48,953]: [Phone_Data_Processor.py]: delete_extra_spaces: 141:       INFO:    [Extra Spaces Are Deleted]
[2024-12-11 11:39:49,727]: [Phone.py]: Run: 29:       INFO:    [Imagination Phase Complete]
[2024-12-11 11:39:49,727]: [selector_events.py]: __init__: 64:       DEBUG:    [Using selector: EpollSelector]
[2024-12-11 11:39:50,054]: [_bot.py]: _do_post: 643:       DEBUG:    [Calling Bot API endpoint `getMe` with parameters `{}`]
[2024-12-11 11:39:50,059]: [_trace.py]: atrace: 87:       DEBUG:    [connect_tcp.started host='api.telegram.org' port=443 local_address=None timeout=5.0 socket_options=None]
[2024-12-11 11:39:50,278]: [_trace.py]: atrace: 87:       DEBUG:    [connect_tcp.complete return_value=<httpcore._backends.anyio.AnyIOStream object at 0x7f2b435c4ce0>]
[2024-12-11 11:39:50,278]: [_trace.py]: atrace: 87:       DEBUG:    [start_tls.started ssl_context=<ssl.SSLContext object at 0x7f2b43c3a9d0> server_hostname='api.telegram.org' timeout=5.0]
[2024-12-11 11:39:50,428]: [_trace.py]: atrace: 87:       DEBUG:    [start_tls.complete return_value=<httpcore._backends.anyio.AnyIOStream object at 0x7f2b4391b740>]
[2024-12-11 11:39:50,428]: [_trace.py]: atrace: 87:       DEBUG:    [send_request_headers.started request=<Request [b'POST']>]
[2024-12-11 11:39:50,428]: [_trace.py]: atrace: 87:       DEBUG:    [send_request_headers.complete]
[2024-12-11 11:39:50,428]: [_trace.py]: atrace: 87:       DEBUG:    [send_request_body.started request=<Request [b'POST']>]
[2024-12-11 11:39:50,429]: [_trace.py]: atrace: 87:       DEBUG:    [send_request_body.complete]
[2024-12-11 11:39:50,429]: [_trace.py]: atrace: 87:       DEBUG:    [receive_response_headers.started request=<Request [b'POST']>]
[2024-12-11 11:39:50,575]: [_trace.py]: atrace: 87:       DEBUG:    [receive_response_headers.complete return_value=(b'HTTP/1.1', 200, b'OK', [(b'Server', b'nginx/1.18.0'), (b'Date', b'Wed, 11 Dec 2024 11:39:50 GMT'), (b'Content-Type', b'application/json'), (b'Content-Length', b'258'), (b'Connection', b'keep-alive'), (b'Strict-Transport-Security', b'max-age=31536000; includeSubDomains; preload'), (b'Access-Control-Allow-Origin', b'*'), (b'Access-Control-Allow-Methods', b'GET, POST, OPTIONS'), (b'Access-Control-Expose-Headers', b'Content-Length,Content-Type,Date,Server,Connection')])]
[2024-12-11 11:39:50,576]: [_client.py]: _send_single_request: 1740:       INFO:    [HTTP Request: POST https://api.telegram.org/bot6030805959:AAGUHAMxLYc-PrevgKouJ3ZyM7ktu56ftjo/getMe "HTTP/1.1 200 OK"]
[2024-12-11 11:39:50,576]: [_trace.py]: atrace: 87:       DEBUG:    [receive_response_body.started request=<Request [b'POST']>]
[2024-12-11 11:39:50,576]: [_trace.py]: atrace: 87:       DEBUG:    [receive_response_body.complete]
[2024-12-11 11:39:50,576]: [_trace.py]: atrace: 87:       DEBUG:    [response_closed.started]
[2024-12-11 11:39:50,576]: [_trace.py]: atrace: 87:       DEBUG:    [response_closed.complete]
[2024-12-11 11:39:50,576]: [_bot.py]: _do_post: 652:       DEBUG:    [Call to Bot API endpoint `getMe` finished with return value `{'id': 6030805959, 'is_bot': True, 'first_name': 'TyPHoone', 'username': 'TyPHoone_Project_bot', 'can_join_groups': True, 'can_read_all_group_messages': False, 'supports_inline_queries': False, 'can_connect_to_business': False, 'has_main_web_app': False}`]
[2024-12-11 11:39:50,580]: [_bot.py]: _do_post: 643:       DEBUG:    [Calling Bot API endpoint `sendDocument` with parameters `{'chat_id': '-4119703192', 'document': <telegram._files.inputfile.InputFile object at 0x7f2b435d2000>}`]
[2024-12-11 11:39:50,581]: [_trace.py]: atrace: 87:       DEBUG:    [send_request_headers.started request=<Request [b'POST']>]
[2024-12-11 11:39:50,581]: [_trace.py]: atrace: 87:       DEBUG:    [send_request_headers.complete]
[2024-12-11 11:39:50,581]: [_trace.py]: atrace: 87:       DEBUG:    [send_request_body.started request=<Request [b'POST']>]
[2024-12-11 11:39:50,582]: [_trace.py]: atrace: 87:       DEBUG:    [send_request_body.complete]
[2024-12-11 11:39:50,582]: [_trace.py]: atrace: 87:       DEBUG:    [receive_response_headers.started request=<Request [b'POST']>]
[2024-12-11 11:39:50,783]: [_trace.py]: atrace: 87:       DEBUG:    [receive_response_headers.complete return_value=(b'HTTP/1.1', 200, b'OK', [(b'Server', b'nginx/1.18.0'), (b'Date', b'Wed, 11 Dec 2024 11:39:50 GMT'), (b'Content-Type', b'application/json'), (b'Content-Length', b'464'), (b'Connection', b'keep-alive'), (b'Strict-Transport-Security', b'max-age=31536000; includeSubDomains; preload'), (b'Access-Control-Allow-Origin', b'*'), (b'Access-Control-Allow-Methods', b'GET, POST, OPTIONS'), (b'Access-Control-Expose-Headers', b'Content-Length,Content-Type,Date,Server,Connection')])]
[2024-12-11 11:39:50,783]: [_client.py]: _send_single_request: 1740:       INFO:    [HTTP Request: POST https://api.telegram.org/bot6030805959:AAGUHAMxLYc-PrevgKouJ3ZyM7ktu56ftjo/sendDocument "HTTP/1.1 200 OK"]
[2024-12-11 11:39:50,783]: [_trace.py]: atrace: 87:       DEBUG:    [receive_response_body.started request=<Request [b'POST']>]
[2024-12-11 11:39:50,783]: [_trace.py]: atrace: 87:       DEBUG:    [receive_response_body.complete]
[2024-12-11 11:39:50,783]: [_trace.py]: atrace: 87:       DEBUG:    [response_closed.started]
[2024-12-11 11:39:50,783]: [_trace.py]: atrace: 87:       DEBUG:    [response_closed.complete]
[2024-12-11 11:39:50,783]: [_bot.py]: _do_post: 652:       DEBUG:    [Call to Bot API endpoint `sendDocument` finished with return value `{'message_id': 2042, 'from': {'id': 6030805959, 'is_bot': True, 'first_name': 'TyPHoone', 'username': 'TyPHoone_Project_bot'}, 'chat': {'id': -4119703192, 'title': 'Robocop', 'type': 'group', 'all_members_are_administrators': True}, 'date': 1733917190, 'document': {'file_name': '(2024_12_11--11_39).log', 'mime_type': 'text/plain', 'file_id': 'BQACAgQAAxkDAAIH-mdZegZfKoySRZeO3NAujwFx4NB0AAJ7FAACVzrIUlDsNKg6wMkrNgQ', 'file_unique_id': 'AgADexQAAlc6yFI', 'file_size': 5937}}`]
[2024-12-11 11:39:50,784]: [_trace.py]: atrace: 87:       DEBUG:    [close.started]
[2024-12-11 11:39:50,784]: [_trace.py]: atrace: 87:       DEBUG:    [close.complete]
[2024-12-11 11:39:50,843]: [_bot.py]: _do_post: 643:       DEBUG:    [Calling Bot API endpoint `getMe` with parameters `{}`]
[2024-12-11 11:39:50,843]: [_trace.py]: atrace: 87:       DEBUG:    [connect_tcp.started host='api.telegram.org' port=443 local_address=None timeout=5.0 socket_options=None]
[2024-12-11 11:39:50,992]: [_trace.py]: atrace: 87:       DEBUG:    [connect_tcp.complete return_value=<httpcore._backends.anyio.AnyIOStream object at 0x7f2b435c4800>]
[2024-12-11 11:39:50,993]: [_trace.py]: atrace: 87:       DEBUG:    [start_tls.started ssl_context=<ssl.SSLContext object at 0x7f2b43c3a7d0> server_hostname='api.telegram.org' timeout=5.0]
[2024-12-11 11:39:51,142]: [_trace.py]: atrace: 87:       DEBUG:    [start_tls.complete return_value=<httpcore._backends.anyio.AnyIOStream object at 0x7f2b435d8380>]
[2024-12-11 11:39:51,143]: [_trace.py]: atrace: 87:       DEBUG:    [send_request_headers.started request=<Request [b'POST']>]
[2024-12-11 11:39:51,143]: [_trace.py]: atrace: 87:       DEBUG:    [send_request_headers.complete]
[2024-12-11 11:39:51,143]: [_trace.py]: atrace: 87:       DEBUG:    [send_request_body.started request=<Request [b'POST']>]
[2024-12-11 11:39:51,143]: [_trace.py]: atrace: 87:       DEBUG:    [send_request_body.complete]
[2024-12-11 11:39:51,143]: [_trace.py]: atrace: 87:       DEBUG:    [receive_response_headers.started request=<Request [b'POST']>]
[2024-12-11 11:39:51,291]: [_trace.py]: atrace: 87:       DEBUG:    [receive_response_headers.complete return_value=(b'HTTP/1.1', 200, b'OK', [(b'Server', b'nginx/1.18.0'), (b'Date', b'Wed, 11 Dec 2024 11:39:51 GMT'), (b'Content-Type', b'application/json'), (b'Content-Length', b'258'), (b'Connection', b'keep-alive'), (b'Strict-Transport-Security', b'max-age=31536000; includeSubDomains; preload'), (b'Access-Control-Allow-Origin', b'*'), (b'Access-Control-Allow-Methods', b'GET, POST, OPTIONS'), (b'Access-Control-Expose-Headers', b'Content-Length,Content-Type,Date,Server,Connection')])]
[2024-12-11 11:39:51,292]: [_client.py]: _send_single_request: 1740:       INFO:    [HTTP Request: POST https://api.telegram.org/bot6030805959:AAGUHAMxLYc-PrevgKouJ3ZyM7ktu56ftjo/getMe "HTTP/1.1 200 OK"]
[2024-12-11 11:39:51,292]: [_trace.py]: atrace: 87:       DEBUG:    [receive_response_body.started request=<Request [b'POST']>]
[2024-12-11 11:39:51,292]: [_trace.py]: atrace: 87:       DEBUG:    [receive_response_body.complete]
[2024-12-11 11:39:51,292]: [_trace.py]: atrace: 87:       DEBUG:    [response_closed.started]
[2024-12-11 11:39:51,292]: [_trace.py]: atrace: 87:       DEBUG:    [response_closed.complete]
[2024-12-11 11:39:51,292]: [_bot.py]: _do_post: 652:       DEBUG:    [Call to Bot API endpoint `getMe` finished with return value `{'id': 6030805959, 'is_bot': True, 'first_name': 'TyPHoone', 'username': 'TyPHoone_Project_bot', 'can_join_groups': True, 'can_read_all_group_messages': False, 'supports_inline_queries': False, 'can_connect_to_business': False, 'has_main_web_app': False}`]
[2024-12-11 11:39:51,294]: [_bot.py]: _do_post: 643:       DEBUG:    [Calling Bot API endpoint `sendDocument` with parameters `{'chat_id': '-4119703192', 'document': <telegram._files.inputfile.InputFile object at 0x7f2b43ed6140>}`]
[2024-12-11 11:39:51,295]: [_trace.py]: atrace: 87:       DEBUG:    [send_request_headers.started request=<Request [b'POST']>]
[2024-12-11 11:39:51,295]: [_trace.py]: atrace: 87:       DEBUG:    [send_request_headers.complete]
[2024-12-11 11:39:51,295]: [_trace.py]: atrace: 87:       DEBUG:    [send_request_body.started request=<Request [b'POST']>]
[2024-12-11 11:39:52,677]: [_trace.py]: atrace: 87:       DEBUG:    [send_request_body.complete]
[2024-12-11 11:39:52,678]: [_trace.py]: atrace: 87:       DEBUG:    [receive_response_headers.started request=<Request [b'POST']>]
[2024-12-11 11:39:53,530]: [_trace.py]: atrace: 87:       DEBUG:    [receive_response_headers.complete return_value=(b'HTTP/1.1', 200, b'OK', [(b'Server', b'nginx/1.18.0'), (b'Date', b'Wed, 11 Dec 2024 11:39:53 GMT'), (b'Content-Type', b'application/json'), (b'Content-Length', b'478'), (b'Connection', b'keep-alive'), (b'Strict-Transport-Security', b'max-age=31536000; includeSubDomains; preload'), (b'Access-Control-Allow-Origin', b'*'), (b'Access-Control-Allow-Methods', b'GET, POST, OPTIONS'), (b'Access-Control-Expose-Headers', b'Content-Length,Content-Type,Date,Server,Connection')])]
[2024-12-11 11:39:53,531]: [_client.py]: _send_single_request: 1740:       INFO:    [HTTP Request: POST https://api.telegram.org/bot6030805959:AAGUHAMxLYc-PrevgKouJ3ZyM7ktu56ftjo/sendDocument "HTTP/1.1 200 OK"]
[2024-12-11 11:39:53,531]: [_trace.py]: atrace: 87:       DEBUG:    [receive_response_body.started request=<Request [b'POST']>]
[2024-12-11 11:39:53,531]: [_trace.py]: atrace: 87:       DEBUG:    [receive_response_body.complete]
[2024-12-11 11:39:53,531]: [_trace.py]: atrace: 87:       DEBUG:    [response_closed.started]
[2024-12-11 11:39:53,531]: [_trace.py]: atrace: 87:       DEBUG:    [response_closed.complete]
[2024-12-11 11:39:53,531]: [_bot.py]: _do_post: 652:       DEBUG:    [Call to Bot API endpoint `sendDocument` finished with return value `{'message_id': 2043, 'from': {'id': 6030805959, 'is_bot': True, 'first_name': 'TyPHoone', 'username': 'TyPHoone_Project_bot'}, 'chat': {'id': -4119703192, 'title': 'Robocop', 'type': 'group', 'all_members_are_administrators': True}, 'date': 1733917193, 'document': {'file_name': '(2024_12_11--11_39)output.zip', 'mime_type': 'application/zip', 'file_id': 'BQACAgQAAxkDAAIH-2dZegnUrF1ZG-WQTDbE-Q9Fah7jAAJ8FAACVzrIUnDBAZL5MtC_NgQ', 'file_unique_id': 'AgADfBQAAlc6yFI', 'file_size': 9908094}}`]
[2024-12-11 11:39:53,532]: [_trace.py]: atrace: 87:       DEBUG:    [close.started]
[2024-12-11 11:39:53,532]: [_trace.py]: atrace: 87:       DEBUG:    [close.complete]
[2024-12-11 11:39:53,532]: [Telegram_Sender.py]: runner: 61:       INFO:    [sent successfully]
[2024-12-11 11:39:53,533]: [Main.py]: <module>: 48:       INFO:    [Finished]
