[2025-09-12 11:39:08,298]: [Main.py]: <module>: 21:       INFO:    [Started]
[2025-09-12 11:39:09,649]: [Iron_Scraper.py]: Scrap: 32:       INFO:    [Data Scaraped Successfully]
[2025-09-12 11:39:09,848]: [Iron_Scraper.py]: Scrap: 70:       INFO:    [Scrapped Data Has No Problem]
[2025-09-12 11:39:09,848]: [Iron_Scraper.py]: Scrap: 83:       INFO:    [Data Saved Successfully]
[2025-09-12 11:39:09,849]: [Iron.py]: Run: 26:       INFO:    [Scraping Phase Completed]
[2025-09-12 11:39:09,849]: [Iron_Data_Processor.py]: Data_Reader: 61:       INFO:    [Data File Has Been Red Successfully]
[2025-09-12 11:39:09,849]: [Iron_Data_Processor.py]: Shaper: 78:       INFO:    [Data Shaped]
[2025-09-12 11:39:09,849]: [Iron_Data_Processor.py]: Process: 228:       INFO:    [Data Cleaned]
[2025-09-12 11:39:09,849]: [Iron_Data_Processor.py]: Make_Pages_Objects: 101:       INFO:    [Page Objects Has Been Made]
[2025-09-12 11:39:09,849]: [Iron_Data_Processor.py]: Make_Pages_Objects: 101:       INFO:    [Page Objects Has Been Made]
[2025-09-12 11:39:09,849]: [Iron_Data_Processor.py]: Load_Data: 118:       INFO:    [Data Has Been Load]
[2025-09-12 11:39:09,849]: [Iron_Data_Processor.py]: Load_Data: 118:       INFO:    [Data Has Been Load]
[2025-09-12 11:39:09,850]: [Iron_Data_Processor.py]: Load_positions: 140:       INFO:    [Positions Are Ready]
[2025-09-12 11:39:09,850]: [Iron_Data_Processor.py]: Load_positions: 140:       INFO:    [Positions Are Ready]
[2025-09-12 11:39:10,956]: [Iron_Data_Processor.py]: Make_Tagged_Images: 193:       INFO:    [Images Has Been Made]
[2025-09-12 11:39:11,899]: [Iron_Data_Processor.py]: Make_Tagged_Images: 193:       INFO:    [Images Has Been Made]
[2025-09-12 11:39:12,152]: [Iron_Data_Processor.py]: Make_Cover_Page: 215:       INFO:    [Made Cover Pages]
[2025-09-12 11:39:12,153]: [Iron.py]: Run: 29:       INFO:    [Imagination Phase Completed]
[2025-09-12 11:39:15,031]: [Phone_Scraper.py]: Scrap: 58:       INFO:    [Data Scraped]
[2025-09-12 11:39:15,032]: [Phone_Scraper.py]: Scrap: 71:       INFO:    [Scraped Data Successfully]
[2025-09-12 11:39:15,032]: [Phone.py]: Run: 26:       INFO:    [Scraping Phase Complete]
[2025-09-12 11:39:15,032]: [Phone_Data_Processor.py]: data_reader: 38:       INFO:    [Scraped Data Loaded]
[2025-09-12 11:39:15,033]: [Phone_Data_Processor.py]: filter_list: 65:       INFO:    [Persian Phrases Are deleted]
[2025-09-12 11:39:15,033]: [Phone_Data_Processor.py]: reshape_list: 87:       INFO:    [Date Reshaped]
[2025-09-12 11:39:15,034]: [Phone_Data_Processor.py]: separate_brands: 124:       INFO:    [Brands Are Separated]
[2025-09-12 11:39:15,034]: [Phone_Data_Processor.py]: delete_extra_spaces: 141:       INFO:    [Extra Spaces Are Deleted]
[2025-09-12 11:39:15,759]: [Phone.py]: Run: 29:       INFO:    [Imagination Phase Complete]
[2025-09-12 11:39:15,760]: [selector_events.py]: __init__: 64:       DEBUG:    [Using selector: EpollSelector]
[2025-09-12 11:39:16,034]: [_bot.py]: _do_post: 643:       DEBUG:    [Calling Bot API endpoint `getMe` with parameters `{}`]
[2025-09-12 11:39:16,039]: [_trace.py]: atrace: 87:       DEBUG:    [connect_tcp.started host='api.telegram.org' port=443 local_address=None timeout=5.0 socket_options=None]
[2025-09-12 11:39:16,200]: [_trace.py]: atrace: 87:       DEBUG:    [connect_tcp.complete return_value=<httpcore._backends.anyio.AnyIOStream object at 0x7fbd92aa3e30>]
[2025-09-12 11:39:16,200]: [_trace.py]: atrace: 87:       DEBUG:    [start_tls.started ssl_context=<ssl.SSLContext object at 0x7fbd92fbdcd0> server_hostname='api.telegram.org' timeout=5.0]
[2025-09-12 11:39:16,292]: [_trace.py]: atrace: 87:       DEBUG:    [start_tls.complete return_value=<httpcore._backends.anyio.AnyIOStream object at 0x7fbd92fcd310>]
[2025-09-12 11:39:16,292]: [_trace.py]: atrace: 87:       DEBUG:    [send_request_headers.started request=<Request [b'POST']>]
[2025-09-12 11:39:16,292]: [_trace.py]: atrace: 87:       DEBUG:    [send_request_headers.complete]
[2025-09-12 11:39:16,292]: [_trace.py]: atrace: 87:       DEBUG:    [send_request_body.started request=<Request [b'POST']>]
[2025-09-12 11:39:16,292]: [_trace.py]: atrace: 87:       DEBUG:    [send_request_body.complete]
[2025-09-12 11:39:16,292]: [_trace.py]: atrace: 87:       DEBUG:    [receive_response_headers.started request=<Request [b'POST']>]
[2025-09-12 11:39:16,382]: [_trace.py]: atrace: 87:       DEBUG:    [receive_response_headers.complete return_value=(b'HTTP/1.1', 200, b'OK', [(b'Server', b'nginx/1.18.0'), (b'Date', b'Fri, 12 Sep 2025 11:39:16 GMT'), (b'Content-Type', b'application/json'), (b'Content-Length', b'258'), (b'Connection', b'keep-alive'), (b'Strict-Transport-Security', b'max-age=31536000; includeSubDomains; preload'), (b'Access-Control-Allow-Origin', b'*'), (b'Access-Control-Allow-Methods', b'GET, POST, OPTIONS'), (b'Access-Control-Expose-Headers', b'Content-Length,Content-Type,Date,Server,Connection')])]
[2025-09-12 11:39:16,382]: [_client.py]: _send_single_request: 1740:       INFO:    [HTTP Request: POST https://api.telegram.org/bot6030805959:AAGUHAMxLYc-PrevgKouJ3ZyM7ktu56ftjo/getMe "HTTP/1.1 200 OK"]
[2025-09-12 11:39:16,382]: [_trace.py]: atrace: 87:       DEBUG:    [receive_response_body.started request=<Request [b'POST']>]
[2025-09-12 11:39:16,382]: [_trace.py]: atrace: 87:       DEBUG:    [receive_response_body.complete]
[2025-09-12 11:39:16,382]: [_trace.py]: atrace: 87:       DEBUG:    [response_closed.started]
[2025-09-12 11:39:16,382]: [_trace.py]: atrace: 87:       DEBUG:    [response_closed.complete]
[2025-09-12 11:39:16,382]: [_bot.py]: _do_post: 652:       DEBUG:    [Call to Bot API endpoint `getMe` finished with return value `{'id': 6030805959, 'is_bot': True, 'first_name': 'TyPHoone', 'username': 'TyPHoone_Project_bot', 'can_join_groups': True, 'can_read_all_group_messages': False, 'supports_inline_queries': False, 'can_connect_to_business': False, 'has_main_web_app': False}`]
[2025-09-12 11:39:16,385]: [_bot.py]: _do_post: 643:       DEBUG:    [Calling Bot API endpoint `sendDocument` with parameters `{'chat_id': '-4119703192', 'document': <telegram._files.inputfile.InputFile object at 0x7fbd925b9b40>}`]
[2025-09-12 11:39:16,386]: [_trace.py]: atrace: 87:       DEBUG:    [send_request_headers.started request=<Request [b'POST']>]
[2025-09-12 11:39:16,386]: [_trace.py]: atrace: 87:       DEBUG:    [send_request_headers.complete]
[2025-09-12 11:39:16,386]: [_trace.py]: atrace: 87:       DEBUG:    [send_request_body.started request=<Request [b'POST']>]
[2025-09-12 11:39:16,387]: [_trace.py]: atrace: 87:       DEBUG:    [send_request_body.complete]
[2025-09-12 11:39:16,387]: [_trace.py]: atrace: 87:       DEBUG:    [receive_response_headers.started request=<Request [b'POST']>]
[2025-09-12 11:39:16,666]: [_trace.py]: atrace: 87:       DEBUG:    [receive_response_headers.complete return_value=(b'HTTP/1.1', 200, b'OK', [(b'Server', b'nginx/1.18.0'), (b'Date', b'Fri, 12 Sep 2025 11:39:16 GMT'), (b'Content-Type', b'application/json'), (b'Content-Length', b'584'), (b'Connection', b'keep-alive'), (b'Strict-Transport-Security', b'max-age=31536000; includeSubDomains; preload'), (b'Access-Control-Allow-Origin', b'*'), (b'Access-Control-Allow-Methods', b'GET, POST, OPTIONS'), (b'Access-Control-Expose-Headers', b'Content-Length,Content-Type,Date,Server,Connection')])]
[2025-09-12 11:39:16,666]: [_client.py]: _send_single_request: 1740:       INFO:    [HTTP Request: POST https://api.telegram.org/bot6030805959:AAGUHAMxLYc-PrevgKouJ3ZyM7ktu56ftjo/sendDocument "HTTP/1.1 200 OK"]
[2025-09-12 11:39:16,666]: [_trace.py]: atrace: 87:       DEBUG:    [receive_response_body.started request=<Request [b'POST']>]
[2025-09-12 11:39:16,667]: [_trace.py]: atrace: 87:       DEBUG:    [receive_response_body.complete]
[2025-09-12 11:39:16,667]: [_trace.py]: atrace: 87:       DEBUG:    [response_closed.started]
[2025-09-12 11:39:16,667]: [_trace.py]: atrace: 87:       DEBUG:    [response_closed.complete]
[2025-09-12 11:39:16,667]: [_bot.py]: _do_post: 652:       DEBUG:    [Call to Bot API endpoint `sendDocument` finished with return value `{'message_id': 2599, 'from': {'id': 6030805959, 'is_bot': True, 'first_name': 'TyPHoone', 'username': 'TyPHoone_Project_bot'}, 'chat': {'id': -4119703192, 'title': 'Robocop', 'type': 'group', 'all_members_are_administrators': True, 'accepted_gift_types': {'unlimited_gifts': False, 'limited_gifts': False, 'unique_gifts': False, 'premium_subscription': False}}, 'date': 1757677156, 'document': {'file_name': '(2025_09_12--11_39).log', 'mime_type': 'text/plain', 'file_id': 'BQACAgQAAxkDAAIKJ2jEBmTOpw9iLBykGp76wKn7dJClAALSHAACJLUgUqGO3GrOgwuzNgQ', 'file_unique_id': 'AgAD0hwAAiS1IFI', 'file_size': 5937}}`]
[2025-09-12 11:39:16,668]: [_trace.py]: atrace: 87:       DEBUG:    [close.started]
[2025-09-12 11:39:16,668]: [_trace.py]: atrace: 87:       DEBUG:    [close.complete]
[2025-09-12 11:39:16,711]: [_bot.py]: _do_post: 643:       DEBUG:    [Calling Bot API endpoint `getMe` with parameters `{}`]
[2025-09-12 11:39:16,711]: [_trace.py]: atrace: 87:       DEBUG:    [connect_tcp.started host='api.telegram.org' port=443 local_address=None timeout=5.0 socket_options=None]
[2025-09-12 11:39:16,802]: [_trace.py]: atrace: 87:       DEBUG:    [connect_tcp.complete return_value=<httpcore._backends.anyio.AnyIOStream object at 0x7fbd925bdbb0>]
[2025-09-12 11:39:16,802]: [_trace.py]: atrace: 87:       DEBUG:    [start_tls.started ssl_context=<ssl.SSLContext object at 0x7fbd92fbdbd0> server_hostname='api.telegram.org' timeout=5.0]
[2025-09-12 11:39:16,893]: [_trace.py]: atrace: 87:       DEBUG:    [start_tls.complete return_value=<httpcore._backends.anyio.AnyIOStream object at 0x7fbd93d16750>]
[2025-09-12 11:39:16,894]: [_trace.py]: atrace: 87:       DEBUG:    [send_request_headers.started request=<Request [b'POST']>]
[2025-09-12 11:39:16,894]: [_trace.py]: atrace: 87:       DEBUG:    [send_request_headers.complete]
[2025-09-12 11:39:16,894]: [_trace.py]: atrace: 87:       DEBUG:    [send_request_body.started request=<Request [b'POST']>]
[2025-09-12 11:39:16,894]: [_trace.py]: atrace: 87:       DEBUG:    [send_request_body.complete]
[2025-09-12 11:39:16,894]: [_trace.py]: atrace: 87:       DEBUG:    [receive_response_headers.started request=<Request [b'POST']>]
[2025-09-12 11:39:16,984]: [_trace.py]: atrace: 87:       DEBUG:    [receive_response_headers.complete return_value=(b'HTTP/1.1', 200, b'OK', [(b'Server', b'nginx/1.18.0'), (b'Date', b'Fri, 12 Sep 2025 11:39:16 GMT'), (b'Content-Type', b'application/json'), (b'Content-Length', b'258'), (b'Connection', b'keep-alive'), (b'Strict-Transport-Security', b'max-age=31536000; includeSubDomains; preload'), (b'Access-Control-Allow-Origin', b'*'), (b'Access-Control-Allow-Methods', b'GET, POST, OPTIONS'), (b'Access-Control-Expose-Headers', b'Content-Length,Content-Type,Date,Server,Connection')])]
[2025-09-12 11:39:16,984]: [_client.py]: _send_single_request: 1740:       INFO:    [HTTP Request: POST https://api.telegram.org/bot6030805959:AAGUHAMxLYc-PrevgKouJ3ZyM7ktu56ftjo/getMe "HTTP/1.1 200 OK"]
[2025-09-12 11:39:16,984]: [_trace.py]: atrace: 87:       DEBUG:    [receive_response_body.started request=<Request [b'POST']>]
[2025-09-12 11:39:16,984]: [_trace.py]: atrace: 87:       DEBUG:    [receive_response_body.complete]
[2025-09-12 11:39:16,984]: [_trace.py]: atrace: 87:       DEBUG:    [response_closed.started]
[2025-09-12 11:39:16,984]: [_trace.py]: atrace: 87:       DEBUG:    [response_closed.complete]
[2025-09-12 11:39:16,984]: [_bot.py]: _do_post: 652:       DEBUG:    [Call to Bot API endpoint `getMe` finished with return value `{'id': 6030805959, 'is_bot': True, 'first_name': 'TyPHoone', 'username': 'TyPHoone_Project_bot', 'can_join_groups': True, 'can_read_all_group_messages': False, 'supports_inline_queries': False, 'can_connect_to_business': False, 'has_main_web_app': False}`]
[2025-09-12 11:39:16,987]: [_bot.py]: _do_post: 643:       DEBUG:    [Calling Bot API endpoint `sendDocument` with parameters `{'chat_id': '-4119703192', 'document': <telegram._files.inputfile.InputFile object at 0x7fbd92930440>}`]
[2025-09-12 11:39:16,987]: [_trace.py]: atrace: 87:       DEBUG:    [send_request_headers.started request=<Request [b'POST']>]
[2025-09-12 11:39:16,987]: [_trace.py]: atrace: 87:       DEBUG:    [send_request_headers.complete]
[2025-09-12 11:39:16,987]: [_trace.py]: atrace: 87:       DEBUG:    [send_request_body.started request=<Request [b'POST']>]
[2025-09-12 11:39:17,914]: [_trace.py]: atrace: 87:       DEBUG:    [send_request_body.complete]
[2025-09-12 11:39:17,914]: [_trace.py]: atrace: 87:       DEBUG:    [receive_response_headers.started request=<Request [b'POST']>]
[2025-09-12 11:39:18,828]: [_trace.py]: atrace: 87:       DEBUG:    [receive_response_headers.complete return_value=(b'HTTP/1.1', 200, b'OK', [(b'Server', b'nginx/1.18.0'), (b'Date', b'Fri, 12 Sep 2025 11:39:18 GMT'), (b'Content-Type', b'application/json'), (b'Content-Length', b'599'), (b'Connection', b'keep-alive'), (b'Strict-Transport-Security', b'max-age=31536000; includeSubDomains; preload'), (b'Access-Control-Allow-Origin', b'*'), (b'Access-Control-Allow-Methods', b'GET, POST, OPTIONS'), (b'Access-Control-Expose-Headers', b'Content-Length,Content-Type,Date,Server,Connection')])]
[2025-09-12 11:39:18,828]: [_client.py]: _send_single_request: 1740:       INFO:    [HTTP Request: POST https://api.telegram.org/bot6030805959:AAGUHAMxLYc-PrevgKouJ3ZyM7ktu56ftjo/sendDocument "HTTP/1.1 200 OK"]
[2025-09-12 11:39:18,829]: [_trace.py]: atrace: 87:       DEBUG:    [receive_response_body.started request=<Request [b'POST']>]
[2025-09-12 11:39:18,829]: [_trace.py]: atrace: 87:       DEBUG:    [receive_response_body.complete]
[2025-09-12 11:39:18,829]: [_trace.py]: atrace: 87:       DEBUG:    [response_closed.started]
[2025-09-12 11:39:18,829]: [_trace.py]: atrace: 87:       DEBUG:    [response_closed.complete]
[2025-09-12 11:39:18,829]: [_bot.py]: _do_post: 652:       DEBUG:    [Call to Bot API endpoint `sendDocument` finished with return value `{'message_id': 2600, 'from': {'id': 6030805959, 'is_bot': True, 'first_name': 'TyPHoone', 'username': 'TyPHoone_Project_bot'}, 'chat': {'id': -4119703192, 'title': 'Robocop', 'type': 'group', 'all_members_are_administrators': True, 'accepted_gift_types': {'unlimited_gifts': False, 'limited_gifts': False, 'unique_gifts': False, 'premium_subscription': False}}, 'date': 1757677158, 'document': {'file_name': '(2025_09_12--11_39)output.zip', 'mime_type': 'application/zip', 'file_id': 'BQACAgQAAxkDAAIKKGjEBmbfoA1znnSoChR959dmW_9CAALTHAACJLUgUkrGV6irVhpJNgQ', 'file_unique_id': 'AgAD0xwAAiS1IFI', 'file_size': 10048907}}`]
[2025-09-12 11:39:18,829]: [_trace.py]: atrace: 87:       DEBUG:    [close.started]
[2025-09-12 11:39:18,829]: [_trace.py]: atrace: 87:       DEBUG:    [close.complete]
[2025-09-12 11:39:18,830]: [Telegram_Sender.py]: runner: 61:       INFO:    [sent successfully]
[2025-09-12 11:39:18,830]: [Main.py]: <module>: 48:       INFO:    [Finished]
