[2024-05-01 23:44:18,589]: [Main.py]: <module>: 21:       INFO:    [Started]
[2024-05-01 23:44:20,135]: [Iron_Scraper.py]: Scrap: 32:       INFO:    [Data Scaraped Successfully]
[2024-05-01 23:44:20,327]: [Iron_Scraper.py]: Scrap: 70:       INFO:    [Scrapped Data Has No Problem]
[2024-05-01 23:44:20,327]: [Iron_Scraper.py]: Scrap: 83:       INFO:    [Data Saved Successfully]
[2024-05-01 23:44:20,327]: [Iron.py]: Run: 26:       INFO:    [Scraping Phase Completed]
[2024-05-01 23:44:20,327]: [Iron_Data_Processor.py]: Data_Reader: 61:       INFO:    [Data File Has Been Red Successfully]
[2024-05-01 23:44:20,327]: [Iron_Data_Processor.py]: Shaper: 78:       INFO:    [Data Shaped]
[2024-05-01 23:44:20,328]: [Iron_Data_Processor.py]: Process: 226:       INFO:    [Data Cleaned]
[2024-05-01 23:44:20,328]: [Iron_Data_Processor.py]: Make_Pages_Objects: 101:       INFO:    [Page Objects Has Been Made]
[2024-05-01 23:44:20,328]: [Iron_Data_Processor.py]: Make_Pages_Objects: 101:       INFO:    [Page Objects Has Been Made]
[2024-05-01 23:44:20,328]: [Iron_Data_Processor.py]: Load_Data: 118:       INFO:    [Data Has Been Load]
[2024-05-01 23:44:20,328]: [Iron_Data_Processor.py]: Load_Data: 118:       INFO:    [Data Has Been Load]
[2024-05-01 23:44:20,328]: [Iron_Data_Processor.py]: Load_positions: 140:       INFO:    [Positions Are Ready]
[2024-05-01 23:44:20,328]: [Iron_Data_Processor.py]: Load_positions: 140:       INFO:    [Positions Are Ready]
[2024-05-01 23:44:21,450]: [Iron_Data_Processor.py]: Make_Tagged_Images: 193:       INFO:    [Images Has Been Made]
[2024-05-01 23:44:22,403]: [Iron_Data_Processor.py]: Make_Tagged_Images: 193:       INFO:    [Images Has Been Made]
[2024-05-01 23:44:22,827]: [Iron_Data_Processor.py]: Make_Cover_Page: 213:       INFO:    [Made Cover Pages]
[2024-05-01 23:44:22,827]: [Iron.py]: Run: 29:       INFO:    [Imagination Phase Completed]
[2024-05-01 23:44:26,364]: [Phone_Scraper.py]: Scrap: 58:       INFO:    [Data Scraped]
[2024-05-01 23:44:26,364]: [Phone_Scraper.py]: Scrap: 71:       INFO:    [Scraped Data Successfully]
[2024-05-01 23:44:26,364]: [Phone.py]: Run: 26:       INFO:    [Scraping Phase Complete]
[2024-05-01 23:44:26,365]: [Phone_Data_Processor.py]: data_reader: 37:       INFO:    [Scraped Data Loaded]
[2024-05-01 23:44:26,366]: [Phone_Data_Processor.py]: filter_list: 64:       INFO:    [Persian Phrases Are deleted]
[2024-05-01 23:44:26,367]: [Phone_Data_Processor.py]: reshape_list: 86:       INFO:    [Date Reshaped]
[2024-05-01 23:44:26,367]: [Phone_Data_Processor.py]: separate_brands: 123:       INFO:    [Brands Are Separated]
[2024-05-01 23:44:26,368]: [Phone_Data_Processor.py]: delete_extra_spaces: 140:       INFO:    [Extra Spaces Are Deleted]
[2024-05-01 23:44:27,370]: [Phone.py]: Run: 29:       INFO:    [Imagination Phase Complete]
[2024-05-01 23:44:27,370]: [selector_events.py]: __init__: 64:       DEBUG:    [Using selector: EpollSelector]
[2024-05-01 23:44:27,371]: [_bot.py]: _do_post: 643:       DEBUG:    [Calling Bot API endpoint `getMe` with parameters `{}`]
[2024-05-01 23:44:27,375]: [_trace.py]: atrace: 85:       DEBUG:    [connect_tcp.started host='api.telegram.org' port=443 local_address=None timeout=5.0 socket_options=None]
[2024-05-01 23:44:27,502]: [_trace.py]: atrace: 85:       DEBUG:    [connect_tcp.complete return_value=<httpcore._backends.anyio.AnyIOStream object at 0x7fe0582b3e30>]
[2024-05-01 23:44:27,502]: [_trace.py]: atrace: 85:       DEBUG:    [start_tls.started ssl_context=<ssl.SSLContext object at 0x7fe058735d50> server_hostname='api.telegram.org' timeout=5.0]
[2024-05-01 23:44:27,605]: [_trace.py]: atrace: 85:       DEBUG:    [start_tls.complete return_value=<httpcore._backends.anyio.AnyIOStream object at 0x7fe0582b38c0>]
[2024-05-01 23:44:27,605]: [_trace.py]: atrace: 85:       DEBUG:    [send_request_headers.started request=<Request [b'POST']>]
[2024-05-01 23:44:27,605]: [_trace.py]: atrace: 85:       DEBUG:    [send_request_headers.complete]
[2024-05-01 23:44:27,606]: [_trace.py]: atrace: 85:       DEBUG:    [send_request_body.started request=<Request [b'POST']>]
[2024-05-01 23:44:27,606]: [_trace.py]: atrace: 85:       DEBUG:    [send_request_body.complete]
[2024-05-01 23:44:27,606]: [_trace.py]: atrace: 85:       DEBUG:    [receive_response_headers.started request=<Request [b'POST']>]
[2024-05-01 23:44:27,709]: [_trace.py]: atrace: 85:       DEBUG:    [receive_response_headers.complete return_value=(b'HTTP/1.1', 200, b'OK', [(b'Server', b'nginx/1.18.0'), (b'Date', b'Wed, 01 May 2024 23:44:27 GMT'), (b'Content-Type', b'application/json'), (b'Content-Length', b'233'), (b'Connection', b'keep-alive'), (b'Strict-Transport-Security', b'max-age=31536000; includeSubDomains; preload'), (b'Access-Control-Allow-Origin', b'*'), (b'Access-Control-Allow-Methods', b'GET, POST, OPTIONS'), (b'Access-Control-Expose-Headers', b'Content-Length,Content-Type,Date,Server,Connection')])]
[2024-05-01 23:44:27,710]: [_client.py]: _send_single_request: 1773:       INFO:    [HTTP Request: POST https://api.telegram.org/bot6030805959:AAGUHAMxLYc-PrevgKouJ3ZyM7ktu56ftjo/getMe "HTTP/1.1 200 OK"]
[2024-05-01 23:44:27,710]: [_trace.py]: atrace: 85:       DEBUG:    [receive_response_body.started request=<Request [b'POST']>]
[2024-05-01 23:44:27,710]: [_trace.py]: atrace: 85:       DEBUG:    [receive_response_body.complete]
[2024-05-01 23:44:27,710]: [_trace.py]: atrace: 85:       DEBUG:    [response_closed.started]
[2024-05-01 23:44:27,710]: [_trace.py]: atrace: 85:       DEBUG:    [response_closed.complete]
[2024-05-01 23:44:27,710]: [_bot.py]: _do_post: 652:       DEBUG:    [Call to Bot API endpoint `getMe` finished with return value `{'id': 6030805959, 'is_bot': True, 'first_name': 'TyPHoone', 'username': 'TyPHoone_Project_bot', 'can_join_groups': True, 'can_read_all_group_messages': False, 'supports_inline_queries': False, 'can_connect_to_business': False}`]
[2024-05-01 23:44:27,713]: [_bot.py]: _do_post: 643:       DEBUG:    [Calling Bot API endpoint `sendDocument` with parameters `{'chat_id': '-4119703192', 'document': <telegram._files.inputfile.InputFile object at 0x7fe057ca6000>}`]
[2024-05-01 23:44:27,714]: [_trace.py]: atrace: 85:       DEBUG:    [send_request_headers.started request=<Request [b'POST']>]
[2024-05-01 23:44:27,714]: [_trace.py]: atrace: 85:       DEBUG:    [send_request_headers.complete]
[2024-05-01 23:44:27,714]: [_trace.py]: atrace: 85:       DEBUG:    [send_request_body.started request=<Request [b'POST']>]
[2024-05-01 23:44:28,014]: [_trace.py]: atrace: 85:       DEBUG:    [send_request_body.complete]
[2024-05-01 23:44:28,014]: [_trace.py]: atrace: 85:       DEBUG:    [receive_response_headers.started request=<Request [b'POST']>]
[2024-05-01 23:44:28,400]: [_trace.py]: atrace: 85:       DEBUG:    [receive_response_headers.complete return_value=(b'HTTP/1.1', 200, b'OK', [(b'Server', b'nginx/1.18.0'), (b'Date', b'Wed, 01 May 2024 23:44:28 GMT'), (b'Content-Type', b'application/json'), (b'Content-Length', b'819'), (b'Connection', b'keep-alive'), (b'Strict-Transport-Security', b'max-age=31536000; includeSubDomains; preload'), (b'Access-Control-Allow-Origin', b'*'), (b'Access-Control-Allow-Methods', b'GET, POST, OPTIONS'), (b'Access-Control-Expose-Headers', b'Content-Length,Content-Type,Date,Server,Connection')])]
[2024-05-01 23:44:28,400]: [_client.py]: _send_single_request: 1773:       INFO:    [HTTP Request: POST https://api.telegram.org/bot6030805959:AAGUHAMxLYc-PrevgKouJ3ZyM7ktu56ftjo/sendDocument "HTTP/1.1 200 OK"]
[2024-05-01 23:44:28,400]: [_trace.py]: atrace: 85:       DEBUG:    [receive_response_body.started request=<Request [b'POST']>]
[2024-05-01 23:44:28,400]: [_trace.py]: atrace: 85:       DEBUG:    [receive_response_body.complete]
[2024-05-01 23:44:28,400]: [_trace.py]: atrace: 85:       DEBUG:    [response_closed.started]
[2024-05-01 23:44:28,400]: [_trace.py]: atrace: 85:       DEBUG:    [response_closed.complete]
[2024-05-01 23:44:28,400]: [_bot.py]: _do_post: 652:       DEBUG:    [Call to Bot API endpoint `sendDocument` finished with return value `{'message_id': 527, 'from': {'id': 6030805959, 'is_bot': True, 'first_name': 'TyPHoone', 'username': 'TyPHoone_Project_bot'}, 'chat': {'id': -4119703192, 'title': 'Robocop', 'type': 'group', 'all_members_are_administrators': True}, 'date': 1714607068, 'document': {'file_name': '1-Tir_Ahan.png', 'mime_type': 'image/png', 'thumbnail': {'file_id': 'AAMCBAADGQMAAgIPZjLT3NxMeFxdkx2iT8fP_2NZ5jEAAjgWAAKOWZhR5O-sn2NIOywBAAdtAAM0BA', 'file_unique_id': 'AQADOBYAAo5ZmFFy', 'file_size': 38506, 'width': 320, 'height': 320}, 'thumb': {'file_id': 'AAMCBAADGQMAAgIPZjLT3NxMeFxdkx2iT8fP_2NZ5jEAAjgWAAKOWZhR5O-sn2NIOywBAAdtAAM0BA', 'file_unique_id': 'AQADOBYAAo5ZmFFy', 'file_size': 38506, 'width': 320, 'height': 320}, 'file_id': 'BQACAgQAAxkDAAICD2Yy09zcTHhcXZMdok_Hz_9jWeYxAAI4FgACjlmYUeTvrJ9jSDssNAQ', 'file_unique_id': 'AgADOBYAAo5ZmFE', 'file_size': 459629}}`]
[2024-05-01 23:44:28,401]: [_bot.py]: _do_post: 643:       DEBUG:    [Calling Bot API endpoint `sendDocument` with parameters `{'chat_id': '-4119703192', 'document': <telegram._files.inputfile.InputFile object at 0x7fe0583e4f80>}`]
[2024-05-01 23:44:28,401]: [_trace.py]: atrace: 85:       DEBUG:    [send_request_headers.started request=<Request [b'POST']>]
[2024-05-01 23:44:28,402]: [_trace.py]: atrace: 85:       DEBUG:    [send_request_headers.complete]
[2024-05-01 23:44:28,402]: [_trace.py]: atrace: 85:       DEBUG:    [send_request_body.started request=<Request [b'POST']>]
[2024-05-01 23:44:28,403]: [_trace.py]: atrace: 85:       DEBUG:    [send_request_body.complete]
[2024-05-01 23:44:28,403]: [_trace.py]: atrace: 85:       DEBUG:    [receive_response_headers.started request=<Request [b'POST']>]
[2024-05-01 23:44:28,607]: [_trace.py]: atrace: 85:       DEBUG:    [receive_response_headers.complete return_value=(b'HTTP/1.1', 200, b'OK', [(b'Server', b'nginx/1.18.0'), (b'Date', b'Wed, 01 May 2024 23:44:28 GMT'), (b'Content-Type', b'application/json'), (b'Content-Length', b'826'), (b'Connection', b'keep-alive'), (b'Strict-Transport-Security', b'max-age=31536000; includeSubDomains; preload'), (b'Access-Control-Allow-Origin', b'*'), (b'Access-Control-Allow-Methods', b'GET, POST, OPTIONS'), (b'Access-Control-Expose-Headers', b'Content-Length,Content-Type,Date,Server,Connection')])]
[2024-05-01 23:44:28,607]: [_client.py]: _send_single_request: 1773:       INFO:    [HTTP Request: POST https://api.telegram.org/bot6030805959:AAGUHAMxLYc-PrevgKouJ3ZyM7ktu56ftjo/sendDocument "HTTP/1.1 200 OK"]
[2024-05-01 23:44:28,607]: [_trace.py]: atrace: 85:       DEBUG:    [receive_response_body.started request=<Request [b'POST']>]
[2024-05-01 23:44:28,607]: [_trace.py]: atrace: 85:       DEBUG:    [receive_response_body.complete]
[2024-05-01 23:44:28,607]: [_trace.py]: atrace: 85:       DEBUG:    [response_closed.started]
[2024-05-01 23:44:28,607]: [_trace.py]: atrace: 85:       DEBUG:    [response_closed.complete]
[2024-05-01 23:44:28,608]: [_bot.py]: _do_post: 652:       DEBUG:    [Call to Bot API endpoint `sendDocument` finished with return value `{'message_id': 528, 'from': {'id': 6030805959, 'is_bot': True, 'first_name': 'TyPHoone', 'username': 'TyPHoone_Project_bot'}, 'chat': {'id': -4119703192, 'title': 'Robocop', 'type': 'group', 'all_members_are_administrators': True}, 'date': 1714607068, 'document': {'file_name': '9-Waraq_Galwanize.png', 'mime_type': 'image/png', 'thumbnail': {'file_id': 'AAMCBAADGQMAAgIQZjLT3H8kSskfu79BZ0ozRLKZmtgAAjkWAAKOWZhR85Vw2_-WFlgBAAdtAAM0BA', 'file_unique_id': 'AQADORYAAo5ZmFFy', 'file_size': 38440, 'width': 320, 'height': 320}, 'thumb': {'file_id': 'AAMCBAADGQMAAgIQZjLT3H8kSskfu79BZ0ozRLKZmtgAAjkWAAKOWZhR85Vw2_-WFlgBAAdtAAM0BA', 'file_unique_id': 'AQADORYAAo5ZmFFy', 'file_size': 38440, 'width': 320, 'height': 320}, 'file_id': 'BQACAgQAAxkDAAICEGYy09x_JErJH7u_QWdKM0SymZrYAAI5FgACjlmYUfOVcNv_lhZYNAQ', 'file_unique_id': 'AgADORYAAo5ZmFE', 'file_size': 428872}}`]
[2024-05-01 23:44:28,608]: [_bot.py]: _do_post: 643:       DEBUG:    [Calling Bot API endpoint `sendDocument` with parameters `{'chat_id': '-4119703192', 'document': <telegram._files.inputfile.InputFile object at 0x7fe057c69c40>}`]
[2024-05-01 23:44:28,608]: [_trace.py]: atrace: 85:       DEBUG:    [send_request_headers.started request=<Request [b'POST']>]
[2024-05-01 23:44:28,609]: [_trace.py]: atrace: 85:       DEBUG:    [send_request_headers.complete]
[2024-05-01 23:44:28,609]: [_trace.py]: atrace: 85:       DEBUG:    [send_request_body.started request=<Request [b'POST']>]
[2024-05-01 23:44:28,610]: [_trace.py]: atrace: 85:       DEBUG:    [send_request_body.complete]
[2024-05-01 23:44:28,610]: [_trace.py]: atrace: 85:       DEBUG:    [receive_response_headers.started request=<Request [b'POST']>]
[2024-05-01 23:44:28,814]: [_trace.py]: atrace: 85:       DEBUG:    [receive_response_headers.complete return_value=(b'HTTP/1.1', 200, b'OK', [(b'Server', b'nginx/1.18.0'), (b'Date', b'Wed, 01 May 2024 23:44:28 GMT'), (b'Content-Type', b'application/json'), (b'Content-Length', b'818'), (b'Connection', b'keep-alive'), (b'Strict-Transport-Security', b'max-age=31536000; includeSubDomains; preload'), (b'Access-Control-Allow-Origin', b'*'), (b'Access-Control-Allow-Methods', b'GET, POST, OPTIONS'), (b'Access-Control-Expose-Headers', b'Content-Length,Content-Type,Date,Server,Connection')])]
[2024-05-01 23:44:28,815]: [_client.py]: _send_single_request: 1773:       INFO:    [HTTP Request: POST https://api.telegram.org/bot6030805959:AAGUHAMxLYc-PrevgKouJ3ZyM7ktu56ftjo/sendDocument "HTTP/1.1 200 OK"]
[2024-05-01 23:44:28,815]: [_trace.py]: atrace: 85:       DEBUG:    [receive_response_body.started request=<Request [b'POST']>]
[2024-05-01 23:44:28,815]: [_trace.py]: atrace: 85:       DEBUG:    [receive_response_body.complete]
[2024-05-01 23:44:28,815]: [_trace.py]: atrace: 85:       DEBUG:    [response_closed.started]
[2024-05-01 23:44:28,815]: [_trace.py]: atrace: 85:       DEBUG:    [response_closed.complete]
[2024-05-01 23:44:28,815]: [_bot.py]: _do_post: 652:       DEBUG:    [Call to Bot API endpoint `sendDocument` finished with return value `{'message_id': 529, 'from': {'id': 6030805959, 'is_bot': True, 'first_name': 'TyPHoone', 'username': 'TyPHoone_Project_bot'}, 'chat': {'id': -4119703192, 'title': 'Robocop', 'type': 'group', 'all_members_are_administrators': True}, 'date': 1714607068, 'document': {'file_name': '2-Milgerd.png', 'mime_type': 'image/png', 'thumbnail': {'file_id': 'AAMCBAADGQMAAgIRZjLT3PT5Dhwu9NGUaO56FMK5-sAAAjoWAAKOWZhRzE5PafomCqoBAAdtAAM0BA', 'file_unique_id': 'AQADOhYAAo5ZmFFy', 'file_size': 42486, 'width': 320, 'height': 320}, 'thumb': {'file_id': 'AAMCBAADGQMAAgIRZjLT3PT5Dhwu9NGUaO56FMK5-sAAAjoWAAKOWZhRzE5PafomCqoBAAdtAAM0BA', 'file_unique_id': 'AQADOhYAAo5ZmFFy', 'file_size': 42486, 'width': 320, 'height': 320}, 'file_id': 'BQACAgQAAxkDAAICEWYy09z0-Q4cLvTRlGjuehTCufrAAAI6FgACjlmYUcxOT2n6JgqqNAQ', 'file_unique_id': 'AgADOhYAAo5ZmFE', 'file_size': 418074}}`]
[2024-05-01 23:44:28,816]: [_bot.py]: _do_post: 643:       DEBUG:    [Calling Bot API endpoint `sendDocument` with parameters `{'chat_id': '-4119703192', 'document': <telegram._files.inputfile.InputFile object at 0x7fe057c69c40>}`]
[2024-05-01 23:44:28,816]: [_trace.py]: atrace: 85:       DEBUG:    [send_request_headers.started request=<Request [b'POST']>]
[2024-05-01 23:44:28,816]: [_trace.py]: atrace: 85:       DEBUG:    [send_request_headers.complete]
[2024-05-01 23:44:28,816]: [_trace.py]: atrace: 85:       DEBUG:    [send_request_body.started request=<Request [b'POST']>]
[2024-05-01 23:44:28,817]: [_trace.py]: atrace: 85:       DEBUG:    [send_request_body.complete]
[2024-05-01 23:44:28,817]: [_trace.py]: atrace: 85:       DEBUG:    [receive_response_headers.started request=<Request [b'POST']>]
[2024-05-01 23:44:29,158]: [_trace.py]: atrace: 85:       DEBUG:    [receive_response_headers.complete return_value=(b'HTTP/1.1', 200, b'OK', [(b'Server', b'nginx/1.18.0'), (b'Date', b'Wed, 01 May 2024 23:44:29 GMT'), (b'Content-Type', b'application/json'), (b'Content-Length', b'817'), (b'Connection', b'keep-alive'), (b'Strict-Transport-Security', b'max-age=31536000; includeSubDomains; preload'), (b'Access-Control-Allow-Origin', b'*'), (b'Access-Control-Allow-Methods', b'GET, POST, OPTIONS'), (b'Access-Control-Expose-Headers', b'Content-Length,Content-Type,Date,Server,Connection')])]
[2024-05-01 23:44:29,159]: [_client.py]: _send_single_request: 1773:       INFO:    [HTTP Request: POST https://api.telegram.org/bot6030805959:AAGUHAMxLYc-PrevgKouJ3ZyM7ktu56ftjo/sendDocument "HTTP/1.1 200 OK"]
[2024-05-01 23:44:29,159]: [_trace.py]: atrace: 85:       DEBUG:    [receive_response_body.started request=<Request [b'POST']>]
[2024-05-01 23:44:29,159]: [_trace.py]: atrace: 85:       DEBUG:    [receive_response_body.complete]
[2024-05-01 23:44:29,159]: [_trace.py]: atrace: 85:       DEBUG:    [response_closed.started]
[2024-05-01 23:44:29,159]: [_trace.py]: atrace: 85:       DEBUG:    [response_closed.complete]
[2024-05-01 23:44:29,159]: [_bot.py]: _do_post: 652:       DEBUG:    [Call to Bot API endpoint `sendDocument` finished with return value `{'message_id': 530, 'from': {'id': 6030805959, 'is_bot': True, 'first_name': 'TyPHoone', 'username': 'TyPHoone_Project_bot'}, 'chat': {'id': -4119703192, 'title': 'Robocop', 'type': 'group', 'all_members_are_administrators': True}, 'date': 1714607069, 'document': {'file_name': '5-Nabshi.png', 'mime_type': 'image/png', 'thumbnail': {'file_id': 'AAMCBAADGQMAAgISZjLT3ZWOu575NMp-vbOn58bS1usAAjsWAAKOWZhRk867eVLZonQBAAdtAAM0BA', 'file_unique_id': 'AQADOxYAAo5ZmFFy', 'file_size': 32054, 'width': 320, 'height': 320}, 'thumb': {'file_id': 'AAMCBAADGQMAAgISZjLT3ZWOu575NMp-vbOn58bS1usAAjsWAAKOWZhRk867eVLZonQBAAdtAAM0BA', 'file_unique_id': 'AQADOxYAAo5ZmFFy', 'file_size': 32054, 'width': 320, 'height': 320}, 'file_id': 'BQACAgQAAxkDAAICEmYy092Vjrue-TTKfr2zp-fG0tbrAAI7FgACjlmYUZPOu3lS2aJ0NAQ', 'file_unique_id': 'AgADOxYAAo5ZmFE', 'file_size': 449777}}`]
[2024-05-01 23:44:29,160]: [_bot.py]: _do_post: 643:       DEBUG:    [Calling Bot API endpoint `sendDocument` with parameters `{'chat_id': '-4119703192', 'document': <telegram._files.inputfile.InputFile object at 0x7fe0585abe80>}`]
[2024-05-01 23:44:29,160]: [_trace.py]: atrace: 85:       DEBUG:    [send_request_headers.started request=<Request [b'POST']>]
[2024-05-01 23:44:29,160]: [_trace.py]: atrace: 85:       DEBUG:    [send_request_headers.complete]
[2024-05-01 23:44:29,160]: [_trace.py]: atrace: 85:       DEBUG:    [send_request_body.started request=<Request [b'POST']>]
[2024-05-01 23:44:29,161]: [_trace.py]: atrace: 85:       DEBUG:    [send_request_body.complete]
[2024-05-01 23:44:29,161]: [_trace.py]: atrace: 85:       DEBUG:    [receive_response_headers.started request=<Request [b'POST']>]
[2024-05-01 23:44:29,346]: [_trace.py]: atrace: 85:       DEBUG:    [receive_response_headers.complete return_value=(b'HTTP/1.1', 200, b'OK', [(b'Server', b'nginx/1.18.0'), (b'Date', b'Wed, 01 May 2024 23:44:29 GMT'), (b'Content-Type', b'application/json'), (b'Content-Length', b'824'), (b'Connection', b'keep-alive'), (b'Strict-Transport-Security', b'max-age=31536000; includeSubDomains; preload'), (b'Access-Control-Allow-Origin', b'*'), (b'Access-Control-Allow-Methods', b'GET, POST, OPTIONS'), (b'Access-Control-Expose-Headers', b'Content-Length,Content-Type,Date,Server,Connection')])]
[2024-05-01 23:44:29,347]: [_client.py]: _send_single_request: 1773:       INFO:    [HTTP Request: POST https://api.telegram.org/bot6030805959:AAGUHAMxLYc-PrevgKouJ3ZyM7ktu56ftjo/sendDocument "HTTP/1.1 200 OK"]
[2024-05-01 23:44:29,347]: [_trace.py]: atrace: 85:       DEBUG:    [receive_response_body.started request=<Request [b'POST']>]
[2024-05-01 23:44:29,347]: [_trace.py]: atrace: 85:       DEBUG:    [receive_response_body.complete]
[2024-05-01 23:44:29,347]: [_trace.py]: atrace: 85:       DEBUG:    [response_closed.started]
[2024-05-01 23:44:29,347]: [_trace.py]: atrace: 85:       DEBUG:    [response_closed.complete]
[2024-05-01 23:44:29,347]: [_bot.py]: _do_post: 652:       DEBUG:    [Call to Bot API endpoint `sendDocument` finished with return value `{'message_id': 531, 'from': {'id': 6030805959, 'is_bot': True, 'first_name': 'TyPHoone', 'username': 'TyPHoone_Project_bot'}, 'chat': {'id': -4119703192, 'title': 'Robocop', 'type': 'group', 'all_members_are_administrators': True}, 'date': 1714607069, 'document': {'file_name': '6-Waraq_Siah.png', 'mime_type': 'image/png', 'thumbnail': {'file_id': 'AAMCBAADGQMAAgITZjLT3V9Zk2gHcgABjgTXW29Huxl0AAI8FgACjlmYUaTRG0t46ofAAQAHbQADNAQ', 'file_unique_id': 'AQADPBYAAo5ZmFFy', 'file_size': 43089, 'width': 320, 'height': 320}, 'thumb': {'file_id': 'AAMCBAADGQMAAgITZjLT3V9Zk2gHcgABjgTXW29Huxl0AAI8FgACjlmYUaTRG0t46ofAAQAHbQADNAQ', 'file_unique_id': 'AQADPBYAAo5ZmFFy', 'file_size': 43089, 'width': 320, 'height': 320}, 'file_id': 'BQACAgQAAxkDAAICE2Yy091fWZNoB3IAAY4E11tvR7sZdAACPBYAAo5ZmFGk0RtLeOqHwDQE', 'file_unique_id': 'AgADPBYAAo5ZmFE', 'file_size': 424026}}`]
[2024-05-01 23:44:29,348]: [_bot.py]: _do_post: 643:       DEBUG:    [Calling Bot API endpoint `sendDocument` with parameters `{'chat_id': '-4119703192', 'document': <telegram._files.inputfile.InputFile object at 0x7fe057c69c40>}`]
[2024-05-01 23:44:29,348]: [_trace.py]: atrace: 85:       DEBUG:    [send_request_headers.started request=<Request [b'POST']>]
[2024-05-01 23:44:29,348]: [_trace.py]: atrace: 85:       DEBUG:    [send_request_headers.complete]
[2024-05-01 23:44:29,348]: [_trace.py]: atrace: 85:       DEBUG:    [send_request_body.started request=<Request [b'POST']>]
[2024-05-01 23:44:29,349]: [_trace.py]: atrace: 85:       DEBUG:    [send_request_body.complete]
[2024-05-01 23:44:29,349]: [_trace.py]: atrace: 85:       DEBUG:    [receive_response_headers.started request=<Request [b'POST']>]
[2024-05-01 23:44:33,561]: [_trace.py]: atrace: 85:       DEBUG:    [receive_response_headers.complete return_value=(b'HTTP/1.1', 200, b'OK', [(b'Server', b'nginx/1.18.0'), (b'Date', b'Wed, 01 May 2024 23:44:33 GMT'), (b'Content-Type', b'application/json'), (b'Content-Length', b'818'), (b'Connection', b'keep-alive'), (b'Strict-Transport-Security', b'max-age=31536000; includeSubDomains; preload'), (b'Access-Control-Allow-Origin', b'*'), (b'Access-Control-Allow-Methods', b'GET, POST, OPTIONS'), (b'Access-Control-Expose-Headers', b'Content-Length,Content-Type,Date,Server,Connection')])]
[2024-05-01 23:44:33,561]: [_client.py]: _send_single_request: 1773:       INFO:    [HTTP Request: POST https://api.telegram.org/bot6030805959:AAGUHAMxLYc-PrevgKouJ3ZyM7ktu56ftjo/sendDocument "HTTP/1.1 200 OK"]
[2024-05-01 23:44:33,561]: [_trace.py]: atrace: 85:       DEBUG:    [receive_response_body.started request=<Request [b'POST']>]
[2024-05-01 23:44:33,561]: [_trace.py]: atrace: 85:       DEBUG:    [receive_response_body.complete]
[2024-05-01 23:44:33,561]: [_trace.py]: atrace: 85:       DEBUG:    [response_closed.started]
[2024-05-01 23:44:33,562]: [_trace.py]: atrace: 85:       DEBUG:    [response_closed.complete]
[2024-05-01 23:44:33,562]: [_bot.py]: _do_post: 652:       DEBUG:    [Call to Bot API endpoint `sendDocument` finished with return value `{'message_id': 532, 'from': {'id': 6030805959, 'is_bot': True, 'first_name': 'TyPHoone', 'username': 'TyPHoone_Project_bot'}, 'chat': {'id': -4119703192, 'title': 'Robocop', 'type': 'group', 'all_members_are_administrators': True}, 'date': 1714607073, 'document': {'file_name': '4-Nawdani.png', 'mime_type': 'image/png', 'thumbnail': {'file_id': 'AAMCBAADGQMAAgIUZjLT4a6xmKvgEJMzNG_g4GjrAU8AAj0WAAKOWZhRmdT9KtJ9O8ABAAdtAAM0BA', 'file_unique_id': 'AQADPRYAAo5ZmFFy', 'file_size': 32927, 'width': 320, 'height': 320}, 'thumb': {'file_id': 'AAMCBAADGQMAAgIUZjLT4a6xmKvgEJMzNG_g4GjrAU8AAj0WAAKOWZhRmdT9KtJ9O8ABAAdtAAM0BA', 'file_unique_id': 'AQADPRYAAo5ZmFFy', 'file_size': 32927, 'width': 320, 'height': 320}, 'file_id': 'BQACAgQAAxkDAAICFGYy0-GusZir4BCTMzRv4OBo6wFPAAI9FgACjlmYUZnU_SrSfTvANAQ', 'file_unique_id': 'AgADPRYAAo5ZmFE', 'file_size': 430873}}`]
[2024-05-01 23:44:33,562]: [_bot.py]: _do_post: 643:       DEBUG:    [Calling Bot API endpoint `sendDocument` with parameters `{'chat_id': '-4119703192', 'document': <telegram._files.inputfile.InputFile object at 0x7fe0585abe80>}`]
[2024-05-01 23:44:33,562]: [_trace.py]: atrace: 85:       DEBUG:    [send_request_headers.started request=<Request [b'POST']>]
[2024-05-01 23:44:33,563]: [_trace.py]: atrace: 85:       DEBUG:    [send_request_headers.complete]
[2024-05-01 23:44:33,563]: [_trace.py]: atrace: 85:       DEBUG:    [send_request_body.started request=<Request [b'POST']>]
[2024-05-01 23:44:33,564]: [_trace.py]: atrace: 85:       DEBUG:    [send_request_body.complete]
[2024-05-01 23:44:33,564]: [_trace.py]: atrace: 85:       DEBUG:    [receive_response_headers.started request=<Request [b'POST']>]
[2024-05-01 23:44:34,153]: [_trace.py]: atrace: 85:       DEBUG:    [receive_response_headers.complete return_value=(b'HTTP/1.1', 200, b'OK', [(b'Server', b'nginx/1.18.0'), (b'Date', b'Wed, 01 May 2024 23:44:34 GMT'), (b'Content-Type', b'application/json'), (b'Content-Length', b'818'), (b'Connection', b'keep-alive'), (b'Strict-Transport-Security', b'max-age=31536000; includeSubDomains; preload'), (b'Access-Control-Allow-Origin', b'*'), (b'Access-Control-Allow-Methods', b'GET, POST, OPTIONS'), (b'Access-Control-Expose-Headers', b'Content-Length,Content-Type,Date,Server,Connection')])]
[2024-05-01 23:44:34,153]: [_client.py]: _send_single_request: 1773:       INFO:    [HTTP Request: POST https://api.telegram.org/bot6030805959:AAGUHAMxLYc-PrevgKouJ3ZyM7ktu56ftjo/sendDocument "HTTP/1.1 200 OK"]
[2024-05-01 23:44:34,153]: [_trace.py]: atrace: 85:       DEBUG:    [receive_response_body.started request=<Request [b'POST']>]
[2024-05-01 23:44:34,153]: [_trace.py]: atrace: 85:       DEBUG:    [receive_response_body.complete]
[2024-05-01 23:44:34,153]: [_trace.py]: atrace: 85:       DEBUG:    [response_closed.started]
[2024-05-01 23:44:34,153]: [_trace.py]: atrace: 85:       DEBUG:    [response_closed.complete]
[2024-05-01 23:44:34,153]: [_bot.py]: _do_post: 652:       DEBUG:    [Call to Bot API endpoint `sendDocument` finished with return value `{'message_id': 533, 'from': {'id': 6030805959, 'is_bot': True, 'first_name': 'TyPHoone', 'username': 'TyPHoone_Project_bot'}, 'chat': {'id': -4119703192, 'title': 'Robocop', 'type': 'group', 'all_members_are_administrators': True}, 'date': 1714607074, 'document': {'file_name': '3-Profill.png', 'mime_type': 'image/png', 'thumbnail': {'file_id': 'AAMCBAADGQMAAgIVZjLT4jqLX-rd3JpUnW4lgTkNLrIAAj4WAAKOWZhRzZyXWFjtipEBAAdtAAM0BA', 'file_unique_id': 'AQADPhYAAo5ZmFFy', 'file_size': 32350, 'width': 320, 'height': 320}, 'thumb': {'file_id': 'AAMCBAADGQMAAgIVZjLT4jqLX-rd3JpUnW4lgTkNLrIAAj4WAAKOWZhRzZyXWFjtipEBAAdtAAM0BA', 'file_unique_id': 'AQADPhYAAo5ZmFFy', 'file_size': 32350, 'width': 320, 'height': 320}, 'file_id': 'BQACAgQAAxkDAAICFWYy0-I6i1_q3dyaVJ1uJYE5DS6yAAI-FgACjlmYUc2cl1hY7YqRNAQ', 'file_unique_id': 'AgADPhYAAo5ZmFE', 'file_size': 391313}}`]
[2024-05-01 23:44:34,154]: [_bot.py]: _do_post: 643:       DEBUG:    [Calling Bot API endpoint `sendDocument` with parameters `{'chat_id': '-4119703192', 'document': <telegram._files.inputfile.InputFile object at 0x7fe057c69c40>}`]
[2024-05-01 23:44:34,154]: [_trace.py]: atrace: 85:       DEBUG:    [send_request_headers.started request=<Request [b'POST']>]
[2024-05-01 23:44:34,154]: [_trace.py]: atrace: 85:       DEBUG:    [send_request_headers.complete]
[2024-05-01 23:44:34,154]: [_trace.py]: atrace: 85:       DEBUG:    [send_request_body.started request=<Request [b'POST']>]
[2024-05-01 23:44:34,155]: [_trace.py]: atrace: 85:       DEBUG:    [send_request_body.complete]
[2024-05-01 23:44:34,155]: [_trace.py]: atrace: 85:       DEBUG:    [receive_response_headers.started request=<Request [b'POST']>]
[2024-05-01 23:44:34,382]: [_trace.py]: atrace: 85:       DEBUG:    [receive_response_headers.complete return_value=(b'HTTP/1.1', 200, b'OK', [(b'Server', b'nginx/1.18.0'), (b'Date', b'Wed, 01 May 2024 23:44:34 GMT'), (b'Content-Type', b'application/json'), (b'Content-Length', b'824'), (b'Connection', b'keep-alive'), (b'Strict-Transport-Security', b'max-age=31536000; includeSubDomains; preload'), (b'Access-Control-Allow-Origin', b'*'), (b'Access-Control-Allow-Methods', b'GET, POST, OPTIONS'), (b'Access-Control-Expose-Headers', b'Content-Length,Content-Type,Date,Server,Connection')])]
[2024-05-01 23:44:34,382]: [_client.py]: _send_single_request: 1773:       INFO:    [HTTP Request: POST https://api.telegram.org/bot6030805959:AAGUHAMxLYc-PrevgKouJ3ZyM7ktu56ftjo/sendDocument "HTTP/1.1 200 OK"]
[2024-05-01 23:44:34,382]: [_trace.py]: atrace: 85:       DEBUG:    [receive_response_body.started request=<Request [b'POST']>]
[2024-05-01 23:44:34,382]: [_trace.py]: atrace: 85:       DEBUG:    [receive_response_body.complete]
[2024-05-01 23:44:34,382]: [_trace.py]: atrace: 85:       DEBUG:    [response_closed.started]
[2024-05-01 23:44:34,382]: [_trace.py]: atrace: 85:       DEBUG:    [response_closed.complete]
[2024-05-01 23:44:34,383]: [_bot.py]: _do_post: 652:       DEBUG:    [Call to Bot API endpoint `sendDocument` finished with return value `{'message_id': 534, 'from': {'id': 6030805959, 'is_bot': True, 'first_name': 'TyPHoone', 'username': 'TyPHoone_Project_bot'}, 'chat': {'id': -4119703192, 'title': 'Robocop', 'type': 'group', 'all_members_are_administrators': True}, 'date': 1714607074, 'document': {'file_name': '7-Tasme_Maftoul.png', 'mime_type': 'image/png', 'thumbnail': {'file_id': 'AAMCBAADGQMAAgIWZjLT4rkDHbtMAtNZpEXliuTvZPAAAj8WAAKOWZhR1nlyea6y-y8BAAdtAAM0BA', 'file_unique_id': 'AQADPxYAAo5ZmFFy', 'file_size': 35662, 'width': 320, 'height': 320}, 'thumb': {'file_id': 'AAMCBAADGQMAAgIWZjLT4rkDHbtMAtNZpEXliuTvZPAAAj8WAAKOWZhR1nlyea6y-y8BAAdtAAM0BA', 'file_unique_id': 'AQADPxYAAo5ZmFFy', 'file_size': 35662, 'width': 320, 'height': 320}, 'file_id': 'BQACAgQAAxkDAAICFmYy0-K5Ax27TALTWaRF5Yrk72TwAAI_FgACjlmYUdZ5cnmusvsvNAQ', 'file_unique_id': 'AgADPxYAAo5ZmFE', 'file_size': 385511}}`]
[2024-05-01 23:44:34,383]: [_bot.py]: _do_post: 643:       DEBUG:    [Calling Bot API endpoint `sendDocument` with parameters `{'chat_id': '-4119703192', 'document': <telegram._files.inputfile.InputFile object at 0x7fe0585abe80>}`]
[2024-05-01 23:44:34,383]: [_trace.py]: atrace: 85:       DEBUG:    [send_request_headers.started request=<Request [b'POST']>]
[2024-05-01 23:44:34,384]: [_trace.py]: atrace: 85:       DEBUG:    [send_request_headers.complete]
[2024-05-01 23:44:34,384]: [_trace.py]: atrace: 85:       DEBUG:    [send_request_body.started request=<Request [b'POST']>]
[2024-05-01 23:44:34,385]: [_trace.py]: atrace: 85:       DEBUG:    [send_request_body.complete]
[2024-05-01 23:44:34,385]: [_trace.py]: atrace: 85:       DEBUG:    [receive_response_headers.started request=<Request [b'POST']>]
[2024-05-01 23:44:34,783]: [_trace.py]: atrace: 85:       DEBUG:    [receive_response_headers.complete return_value=(b'HTTP/1.1', 200, b'OK', [(b'Server', b'nginx/1.18.0'), (b'Date', b'Wed, 01 May 2024 23:44:34 GMT'), (b'Content-Type', b'application/json'), (b'Content-Length', b'818'), (b'Connection', b'keep-alive'), (b'Strict-Transport-Security', b'max-age=31536000; includeSubDomains; preload'), (b'Access-Control-Allow-Origin', b'*'), (b'Access-Control-Allow-Methods', b'GET, POST, OPTIONS'), (b'Access-Control-Expose-Headers', b'Content-Length,Content-Type,Date,Server,Connection')])]
[2024-05-01 23:44:34,784]: [_client.py]: _send_single_request: 1773:       INFO:    [HTTP Request: POST https://api.telegram.org/bot6030805959:AAGUHAMxLYc-PrevgKouJ3ZyM7ktu56ftjo/sendDocument "HTTP/1.1 200 OK"]
[2024-05-01 23:44:34,784]: [_trace.py]: atrace: 85:       DEBUG:    [receive_response_body.started request=<Request [b'POST']>]
[2024-05-01 23:44:34,784]: [_trace.py]: atrace: 85:       DEBUG:    [receive_response_body.complete]
[2024-05-01 23:44:34,784]: [_trace.py]: atrace: 85:       DEBUG:    [response_closed.started]
[2024-05-01 23:44:34,784]: [_trace.py]: atrace: 85:       DEBUG:    [response_closed.complete]
[2024-05-01 23:44:34,784]: [_bot.py]: _do_post: 652:       DEBUG:    [Call to Bot API endpoint `sendDocument` finished with return value `{'message_id': 535, 'from': {'id': 6030805959, 'is_bot': True, 'first_name': 'TyPHoone', 'username': 'TyPHoone_Project_bot'}, 'chat': {'id': -4119703192, 'title': 'Robocop', 'type': 'group', 'all_members_are_administrators': True}, 'date': 1714607074, 'document': {'file_name': '8-Khamoot.png', 'mime_type': 'image/png', 'thumbnail': {'file_id': 'AAMCBAADGQMAAgIXZjLT4gYV6jD-n6BU8yfx5EtyQxMAAkAWAAKOWZhRCXu-z6kJb48BAAdtAAM0BA', 'file_unique_id': 'AQADQBYAAo5ZmFFy', 'file_size': 27553, 'width': 320, 'height': 320}, 'thumb': {'file_id': 'AAMCBAADGQMAAgIXZjLT4gYV6jD-n6BU8yfx5EtyQxMAAkAWAAKOWZhRCXu-z6kJb48BAAdtAAM0BA', 'file_unique_id': 'AQADQBYAAo5ZmFFy', 'file_size': 27553, 'width': 320, 'height': 320}, 'file_id': 'BQACAgQAAxkDAAICF2Yy0-IGFeow_p-gVPMn8eRLckMTAAJAFgACjlmYUQl7vs-pCW-PNAQ', 'file_unique_id': 'AgADQBYAAo5ZmFE', 'file_size': 432784}}`]
[2024-05-01 23:44:34,785]: [_bot.py]: _do_post: 643:       DEBUG:    [Calling Bot API endpoint `sendDocument` with parameters `{'chat_id': '-4119703192', 'document': <telegram._files.inputfile.InputFile object at 0x7fe057c69c40>}`]
[2024-05-01 23:44:34,785]: [_trace.py]: atrace: 85:       DEBUG:    [send_request_headers.started request=<Request [b'POST']>]
[2024-05-01 23:44:34,785]: [_trace.py]: atrace: 85:       DEBUG:    [send_request_headers.complete]
[2024-05-01 23:44:34,785]: [_trace.py]: atrace: 85:       DEBUG:    [send_request_body.started request=<Request [b'POST']>]
[2024-05-01 23:44:34,787]: [_trace.py]: atrace: 85:       DEBUG:    [send_request_body.complete]
[2024-05-01 23:44:34,787]: [_trace.py]: atrace: 85:       DEBUG:    [receive_response_headers.started request=<Request [b'POST']>]
[2024-05-01 23:44:35,090]: [_trace.py]: atrace: 85:       DEBUG:    [receive_response_headers.complete return_value=(b'HTTP/1.1', 200, b'OK', [(b'Server', b'nginx/1.18.0'), (b'Date', b'Wed, 01 May 2024 23:44:35 GMT'), (b'Content-Type', b'application/json'), (b'Content-Length', b'816'), (b'Connection', b'keep-alive'), (b'Strict-Transport-Security', b'max-age=31536000; includeSubDomains; preload'), (b'Access-Control-Allow-Origin', b'*'), (b'Access-Control-Allow-Methods', b'GET, POST, OPTIONS'), (b'Access-Control-Expose-Headers', b'Content-Length,Content-Type,Date,Server,Connection')])]
[2024-05-01 23:44:35,090]: [_client.py]: _send_single_request: 1773:       INFO:    [HTTP Request: POST https://api.telegram.org/bot6030805959:AAGUHAMxLYc-PrevgKouJ3ZyM7ktu56ftjo/sendDocument "HTTP/1.1 200 OK"]
[2024-05-01 23:44:35,090]: [_trace.py]: atrace: 85:       DEBUG:    [receive_response_body.started request=<Request [b'POST']>]
[2024-05-01 23:44:35,090]: [_trace.py]: atrace: 85:       DEBUG:    [receive_response_body.complete]
[2024-05-01 23:44:35,090]: [_trace.py]: atrace: 85:       DEBUG:    [response_closed.started]
[2024-05-01 23:44:35,090]: [_trace.py]: atrace: 85:       DEBUG:    [response_closed.complete]
[2024-05-01 23:44:35,090]: [_bot.py]: _do_post: 652:       DEBUG:    [Call to Bot API endpoint `sendDocument` finished with return value `{'message_id': 536, 'from': {'id': 6030805959, 'is_bot': True, 'first_name': 'TyPHoone', 'username': 'TyPHoone_Project_bot'}, 'chat': {'id': -4119703192, 'title': 'Robocop', 'type': 'group', 'all_members_are_administrators': True}, 'date': 1714607075, 'document': {'file_name': '0-cover.png', 'mime_type': 'image/png', 'thumbnail': {'file_id': 'AAMCBAADGQMAAgIYZjLT4pJopWsNik_LUgz2y14hJFYAAkEWAAKOWZhRMa5RQGHGymgBAAdtAAM0BA', 'file_unique_id': 'AQADQRYAAo5ZmFFy', 'file_size': 33676, 'width': 320, 'height': 320}, 'thumb': {'file_id': 'AAMCBAADGQMAAgIYZjLT4pJopWsNik_LUgz2y14hJFYAAkEWAAKOWZhRMa5RQGHGymgBAAdtAAM0BA', 'file_unique_id': 'AQADQRYAAo5ZmFFy', 'file_size': 33676, 'width': 320, 'height': 320}, 'file_id': 'BQACAgQAAxkDAAICGGYy0-KSaKVrDYpPy1IM9steISRWAAJBFgACjlmYUTGuUUBhxspoNAQ', 'file_unique_id': 'AgADQRYAAo5ZmFE', 'file_size': 830514}}`]
[2024-05-01 23:44:35,091]: [_trace.py]: atrace: 85:       DEBUG:    [close.started]
[2024-05-01 23:44:35,091]: [_trace.py]: atrace: 85:       DEBUG:    [close.complete]
[2024-05-01 23:44:35,091]: [_config.py]: load_ssl_context: 80:       DEBUG:    [load_ssl_context verify=True cert=None trust_env=True http2=False]
[2024-05-01 23:44:35,092]: [_config.py]: load_ssl_context_verify: 146:       DEBUG:    [load_verify_locations cafile='/opt/hostedtoolcache/Python/3.12.3/x64/lib/python3.12/site-packages/certifi/cacert.pem']
[2024-05-01 23:44:35,119]: [_config.py]: load_ssl_context: 80:       DEBUG:    [load_ssl_context verify=True cert=None trust_env=True http2=False]
[2024-05-01 23:44:35,119]: [_config.py]: load_ssl_context_verify: 146:       DEBUG:    [load_verify_locations cafile='/opt/hostedtoolcache/Python/3.12.3/x64/lib/python3.12/site-packages/certifi/cacert.pem']
[2024-05-01 23:44:35,147]: [_bot.py]: _do_post: 643:       DEBUG:    [Calling Bot API endpoint `getMe` with parameters `{}`]
[2024-05-01 23:44:35,147]: [_trace.py]: atrace: 85:       DEBUG:    [connect_tcp.started host='api.telegram.org' port=443 local_address=None timeout=5.0 socket_options=None]
[2024-05-01 23:44:35,248]: [_trace.py]: atrace: 85:       DEBUG:    [connect_tcp.complete return_value=<httpcore._backends.anyio.AnyIOStream object at 0x7fe056b51820>]
[2024-05-01 23:44:35,248]: [_trace.py]: atrace: 85:       DEBUG:    [start_tls.started ssl_context=<ssl.SSLContext object at 0x7fe058735b50> server_hostname='api.telegram.org' timeout=5.0]
[2024-05-01 23:44:35,350]: [_trace.py]: atrace: 85:       DEBUG:    [start_tls.complete return_value=<httpcore._backends.anyio.AnyIOStream object at 0x7fe057c6c9b0>]
[2024-05-01 23:44:35,350]: [_trace.py]: atrace: 85:       DEBUG:    [send_request_headers.started request=<Request [b'POST']>]
[2024-05-01 23:44:35,350]: [_trace.py]: atrace: 85:       DEBUG:    [send_request_headers.complete]
[2024-05-01 23:44:35,350]: [_trace.py]: atrace: 85:       DEBUG:    [send_request_body.started request=<Request [b'POST']>]
[2024-05-01 23:44:35,350]: [_trace.py]: atrace: 85:       DEBUG:    [send_request_body.complete]
[2024-05-01 23:44:35,350]: [_trace.py]: atrace: 85:       DEBUG:    [receive_response_headers.started request=<Request [b'POST']>]
[2024-05-01 23:44:35,451]: [_trace.py]: atrace: 85:       DEBUG:    [receive_response_headers.complete return_value=(b'HTTP/1.1', 200, b'OK', [(b'Server', b'nginx/1.18.0'), (b'Date', b'Wed, 01 May 2024 23:44:35 GMT'), (b'Content-Type', b'application/json'), (b'Content-Length', b'233'), (b'Connection', b'keep-alive'), (b'Strict-Transport-Security', b'max-age=31536000; includeSubDomains; preload'), (b'Access-Control-Allow-Origin', b'*'), (b'Access-Control-Allow-Methods', b'GET, POST, OPTIONS'), (b'Access-Control-Expose-Headers', b'Content-Length,Content-Type,Date,Server,Connection')])]
[2024-05-01 23:44:35,451]: [_client.py]: _send_single_request: 1773:       INFO:    [HTTP Request: POST https://api.telegram.org/bot6030805959:AAGUHAMxLYc-PrevgKouJ3ZyM7ktu56ftjo/getMe "HTTP/1.1 200 OK"]
[2024-05-01 23:44:35,451]: [_trace.py]: atrace: 85:       DEBUG:    [receive_response_body.started request=<Request [b'POST']>]
[2024-05-01 23:44:35,451]: [_trace.py]: atrace: 85:       DEBUG:    [receive_response_body.complete]
[2024-05-01 23:44:35,451]: [_trace.py]: atrace: 85:       DEBUG:    [response_closed.started]
[2024-05-01 23:44:35,451]: [_trace.py]: atrace: 85:       DEBUG:    [response_closed.complete]
[2024-05-01 23:44:35,451]: [_bot.py]: _do_post: 652:       DEBUG:    [Call to Bot API endpoint `getMe` finished with return value `{'id': 6030805959, 'is_bot': True, 'first_name': 'TyPHoone', 'username': 'TyPHoone_Project_bot', 'can_join_groups': True, 'can_read_all_group_messages': False, 'supports_inline_queries': False, 'can_connect_to_business': False}`]
[2024-05-01 23:44:35,452]: [_bot.py]: _do_post: 643:       DEBUG:    [Calling Bot API endpoint `sendDocument` with parameters `{'chat_id': '-4119703192', 'document': <telegram._files.inputfile.InputFile object at 0x7fe056b56180>}`]
[2024-05-01 23:44:35,452]: [_trace.py]: atrace: 85:       DEBUG:    [send_request_headers.started request=<Request [b'POST']>]
[2024-05-01 23:44:35,452]: [_trace.py]: atrace: 85:       DEBUG:    [send_request_headers.complete]
[2024-05-01 23:44:35,452]: [_trace.py]: atrace: 85:       DEBUG:    [send_request_body.started request=<Request [b'POST']>]
[2024-05-01 23:44:35,752]: [_trace.py]: atrace: 85:       DEBUG:    [send_request_body.complete]
[2024-05-01 23:44:35,753]: [_trace.py]: atrace: 85:       DEBUG:    [receive_response_headers.started request=<Request [b'POST']>]
[2024-05-01 23:44:39,157]: [_trace.py]: atrace: 85:       DEBUG:    [receive_response_headers.complete return_value=(b'HTTP/1.1', 200, b'OK', [(b'Server', b'nginx/1.18.0'), (b'Date', b'Wed, 01 May 2024 23:44:39 GMT'), (b'Content-Type', b'application/json'), (b'Content-Length', b'819'), (b'Connection', b'keep-alive'), (b'Strict-Transport-Security', b'max-age=31536000; includeSubDomains; preload'), (b'Access-Control-Allow-Origin', b'*'), (b'Access-Control-Allow-Methods', b'GET, POST, OPTIONS'), (b'Access-Control-Expose-Headers', b'Content-Length,Content-Type,Date,Server,Connection')])]
[2024-05-01 23:44:39,157]: [_client.py]: _send_single_request: 1773:       INFO:    [HTTP Request: POST https://api.telegram.org/bot6030805959:AAGUHAMxLYc-PrevgKouJ3ZyM7ktu56ftjo/sendDocument "HTTP/1.1 200 OK"]
[2024-05-01 23:44:39,157]: [_trace.py]: atrace: 85:       DEBUG:    [receive_response_body.started request=<Request [b'POST']>]
[2024-05-01 23:44:39,157]: [_trace.py]: atrace: 85:       DEBUG:    [receive_response_body.complete]
[2024-05-01 23:44:39,157]: [_trace.py]: atrace: 85:       DEBUG:    [response_closed.started]
[2024-05-01 23:44:39,157]: [_trace.py]: atrace: 85:       DEBUG:    [response_closed.complete]
[2024-05-01 23:44:39,158]: [_bot.py]: _do_post: 652:       DEBUG:    [Call to Bot API endpoint `sendDocument` finished with return value `{'message_id': 537, 'from': {'id': 6030805959, 'is_bot': True, 'first_name': 'TyPHoone', 'username': 'TyPHoone_Project_bot'}, 'chat': {'id': -4119703192, 'title': 'Robocop', 'type': 'group', 'all_members_are_administrators': True}, 'date': 1714607079, 'document': {'file_name': '1-Tir_Ahan.png', 'mime_type': 'image/png', 'thumbnail': {'file_id': 'AAMCBAADGQMAAgIZZjLT50begQ13XGEwuKmLsSEyhHIAAkIWAAKOWZhRH-KrQ4yiImMBAAdtAAM0BA', 'file_unique_id': 'AQADQhYAAo5ZmFFy', 'file_size': 37998, 'width': 320, 'height': 320}, 'thumb': {'file_id': 'AAMCBAADGQMAAgIZZjLT50begQ13XGEwuKmLsSEyhHIAAkIWAAKOWZhRH-KrQ4yiImMBAAdtAAM0BA', 'file_unique_id': 'AQADQhYAAo5ZmFFy', 'file_size': 37998, 'width': 320, 'height': 320}, 'file_id': 'BQACAgQAAxkDAAICGWYy0-dG3oENd1xhMLipi7EhMoRyAAJCFgACjlmYUR_iq0OMoiJjNAQ', 'file_unique_id': 'AgADQhYAAo5ZmFE', 'file_size': 425618}}`]
[2024-05-01 23:44:39,158]: [_bot.py]: _do_post: 643:       DEBUG:    [Calling Bot API endpoint `sendDocument` with parameters `{'chat_id': '-4119703192', 'document': <telegram._files.inputfile.InputFile object at 0x7fe056b4bfc0>}`]
[2024-05-01 23:44:39,158]: [_trace.py]: atrace: 85:       DEBUG:    [send_request_headers.started request=<Request [b'POST']>]
[2024-05-01 23:44:39,159]: [_trace.py]: atrace: 85:       DEBUG:    [send_request_headers.complete]
[2024-05-01 23:44:39,159]: [_trace.py]: atrace: 85:       DEBUG:    [send_request_body.started request=<Request [b'POST']>]
[2024-05-01 23:44:39,160]: [_trace.py]: atrace: 85:       DEBUG:    [send_request_body.complete]
[2024-05-01 23:44:39,160]: [_trace.py]: atrace: 85:       DEBUG:    [receive_response_headers.started request=<Request [b'POST']>]
[2024-05-01 23:44:39,840]: [_trace.py]: atrace: 85:       DEBUG:    [receive_response_headers.complete return_value=(b'HTTP/1.1', 200, b'OK', [(b'Server', b'nginx/1.18.0'), (b'Date', b'Wed, 01 May 2024 23:44:39 GMT'), (b'Content-Type', b'application/json'), (b'Content-Length', b'826'), (b'Connection', b'keep-alive'), (b'Strict-Transport-Security', b'max-age=31536000; includeSubDomains; preload'), (b'Access-Control-Allow-Origin', b'*'), (b'Access-Control-Allow-Methods', b'GET, POST, OPTIONS'), (b'Access-Control-Expose-Headers', b'Content-Length,Content-Type,Date,Server,Connection')])]
[2024-05-01 23:44:39,840]: [_client.py]: _send_single_request: 1773:       INFO:    [HTTP Request: POST https://api.telegram.org/bot6030805959:AAGUHAMxLYc-PrevgKouJ3ZyM7ktu56ftjo/sendDocument "HTTP/1.1 200 OK"]
[2024-05-01 23:44:39,840]: [_trace.py]: atrace: 85:       DEBUG:    [receive_response_body.started request=<Request [b'POST']>]
[2024-05-01 23:44:39,840]: [_trace.py]: atrace: 85:       DEBUG:    [receive_response_body.complete]
[2024-05-01 23:44:39,840]: [_trace.py]: atrace: 85:       DEBUG:    [response_closed.started]
[2024-05-01 23:44:39,840]: [_trace.py]: atrace: 85:       DEBUG:    [response_closed.complete]
[2024-05-01 23:44:39,840]: [_bot.py]: _do_post: 652:       DEBUG:    [Call to Bot API endpoint `sendDocument` finished with return value `{'message_id': 538, 'from': {'id': 6030805959, 'is_bot': True, 'first_name': 'TyPHoone', 'username': 'TyPHoone_Project_bot'}, 'chat': {'id': -4119703192, 'title': 'Robocop', 'type': 'group', 'all_members_are_administrators': True}, 'date': 1714607079, 'document': {'file_name': '9-Waraq_Galwanize.png', 'mime_type': 'image/png', 'thumbnail': {'file_id': 'AAMCBAADGQMAAgIaZjLT5ze6Gca2FA42gzXIw6edE_4AAkMWAAKOWZhRoq3Z3Ju1ArIBAAdtAAM0BA', 'file_unique_id': 'AQADQxYAAo5ZmFFy', 'file_size': 37978, 'width': 320, 'height': 320}, 'thumb': {'file_id': 'AAMCBAADGQMAAgIaZjLT5ze6Gca2FA42gzXIw6edE_4AAkMWAAKOWZhRoq3Z3Ju1ArIBAAdtAAM0BA', 'file_unique_id': 'AQADQxYAAo5ZmFFy', 'file_size': 37978, 'width': 320, 'height': 320}, 'file_id': 'BQACAgQAAxkDAAICGmYy0-c3uhnGthQONoM1yMOnnRP-AAJDFgACjlmYUaKt2dybtQKyNAQ', 'file_unique_id': 'AgADQxYAAo5ZmFE', 'file_size': 406220}}`]
[2024-05-01 23:44:39,841]: [_bot.py]: _do_post: 643:       DEBUG:    [Calling Bot API endpoint `sendDocument` with parameters `{'chat_id': '-4119703192', 'document': <telegram._files.inputfile.InputFile object at 0x7fe056b4a240>}`]
[2024-05-01 23:44:39,841]: [_trace.py]: atrace: 85:       DEBUG:    [send_request_headers.started request=<Request [b'POST']>]
[2024-05-01 23:44:39,843]: [_trace.py]: atrace: 85:       DEBUG:    [send_request_headers.complete]
[2024-05-01 23:44:39,843]: [_trace.py]: atrace: 85:       DEBUG:    [send_request_body.started request=<Request [b'POST']>]
[2024-05-01 23:44:39,844]: [_trace.py]: atrace: 85:       DEBUG:    [send_request_body.complete]
[2024-05-01 23:44:39,844]: [_trace.py]: atrace: 85:       DEBUG:    [receive_response_headers.started request=<Request [b'POST']>]
[2024-05-01 23:44:40,080]: [_trace.py]: atrace: 85:       DEBUG:    [receive_response_headers.complete return_value=(b'HTTP/1.1', 200, b'OK', [(b'Server', b'nginx/1.18.0'), (b'Date', b'Wed, 01 May 2024 23:44:40 GMT'), (b'Content-Type', b'application/json'), (b'Content-Length', b'818'), (b'Connection', b'keep-alive'), (b'Strict-Transport-Security', b'max-age=31536000; includeSubDomains; preload'), (b'Access-Control-Allow-Origin', b'*'), (b'Access-Control-Allow-Methods', b'GET, POST, OPTIONS'), (b'Access-Control-Expose-Headers', b'Content-Length,Content-Type,Date,Server,Connection')])]
[2024-05-01 23:44:40,080]: [_client.py]: _send_single_request: 1773:       INFO:    [HTTP Request: POST https://api.telegram.org/bot6030805959:AAGUHAMxLYc-PrevgKouJ3ZyM7ktu56ftjo/sendDocument "HTTP/1.1 200 OK"]
[2024-05-01 23:44:40,080]: [_trace.py]: atrace: 85:       DEBUG:    [receive_response_body.started request=<Request [b'POST']>]
[2024-05-01 23:44:40,080]: [_trace.py]: atrace: 85:       DEBUG:    [receive_response_body.complete]
[2024-05-01 23:44:40,081]: [_trace.py]: atrace: 85:       DEBUG:    [response_closed.started]
[2024-05-01 23:44:40,081]: [_trace.py]: atrace: 85:       DEBUG:    [response_closed.complete]
[2024-05-01 23:44:40,081]: [_bot.py]: _do_post: 652:       DEBUG:    [Call to Bot API endpoint `sendDocument` finished with return value `{'message_id': 539, 'from': {'id': 6030805959, 'is_bot': True, 'first_name': 'TyPHoone', 'username': 'TyPHoone_Project_bot'}, 'chat': {'id': -4119703192, 'title': 'Robocop', 'type': 'group', 'all_members_are_administrators': True}, 'date': 1714607080, 'document': {'file_name': '2-Milgerd.png', 'mime_type': 'image/png', 'thumbnail': {'file_id': 'AAMCBAADGQMAAgIbZjLT58UH8Tx91fFTXECflzejUCYAAkQWAAKOWZhRB1X1kr9LDxYBAAdtAAM0BA', 'file_unique_id': 'AQADRBYAAo5ZmFFy', 'file_size': 41813, 'width': 320, 'height': 320}, 'thumb': {'file_id': 'AAMCBAADGQMAAgIbZjLT58UH8Tx91fFTXECflzejUCYAAkQWAAKOWZhRB1X1kr9LDxYBAAdtAAM0BA', 'file_unique_id': 'AQADRBYAAo5ZmFFy', 'file_size': 41813, 'width': 320, 'height': 320}, 'file_id': 'BQACAgQAAxkDAAICG2Yy0-fFB_E8fdXxU1xAn5c3o1AmAAJEFgACjlmYUQdV9ZK_Sw8WNAQ', 'file_unique_id': 'AgADRBYAAo5ZmFE', 'file_size': 411748}}`]
[2024-05-01 23:44:40,081]: [_bot.py]: _do_post: 643:       DEBUG:    [Calling Bot API endpoint `sendDocument` with parameters `{'chat_id': '-4119703192', 'document': <telegram._files.inputfile.InputFile object at 0x7fe0587440c0>}`]
[2024-05-01 23:44:40,081]: [_trace.py]: atrace: 85:       DEBUG:    [send_request_headers.started request=<Request [b'POST']>]
[2024-05-01 23:44:40,082]: [_trace.py]: atrace: 85:       DEBUG:    [send_request_headers.complete]
[2024-05-01 23:44:40,082]: [_trace.py]: atrace: 85:       DEBUG:    [send_request_body.started request=<Request [b'POST']>]
[2024-05-01 23:44:40,082]: [_trace.py]: atrace: 85:       DEBUG:    [send_request_body.complete]
[2024-05-01 23:44:40,083]: [_trace.py]: atrace: 85:       DEBUG:    [receive_response_headers.started request=<Request [b'POST']>]
[2024-05-01 23:44:40,347]: [_trace.py]: atrace: 85:       DEBUG:    [receive_response_headers.complete return_value=(b'HTTP/1.1', 200, b'OK', [(b'Server', b'nginx/1.18.0'), (b'Date', b'Wed, 01 May 2024 23:44:40 GMT'), (b'Content-Type', b'application/json'), (b'Content-Length', b'817'), (b'Connection', b'keep-alive'), (b'Strict-Transport-Security', b'max-age=31536000; includeSubDomains; preload'), (b'Access-Control-Allow-Origin', b'*'), (b'Access-Control-Allow-Methods', b'GET, POST, OPTIONS'), (b'Access-Control-Expose-Headers', b'Content-Length,Content-Type,Date,Server,Connection')])]
[2024-05-01 23:44:40,347]: [_client.py]: _send_single_request: 1773:       INFO:    [HTTP Request: POST https://api.telegram.org/bot6030805959:AAGUHAMxLYc-PrevgKouJ3ZyM7ktu56ftjo/sendDocument "HTTP/1.1 200 OK"]
[2024-05-01 23:44:40,347]: [_trace.py]: atrace: 85:       DEBUG:    [receive_response_body.started request=<Request [b'POST']>]
[2024-05-01 23:44:40,347]: [_trace.py]: atrace: 85:       DEBUG:    [receive_response_body.complete]
[2024-05-01 23:44:40,347]: [_trace.py]: atrace: 85:       DEBUG:    [response_closed.started]
[2024-05-01 23:44:40,347]: [_trace.py]: atrace: 85:       DEBUG:    [response_closed.complete]
[2024-05-01 23:44:40,348]: [_bot.py]: _do_post: 652:       DEBUG:    [Call to Bot API endpoint `sendDocument` finished with return value `{'message_id': 540, 'from': {'id': 6030805959, 'is_bot': True, 'first_name': 'TyPHoone', 'username': 'TyPHoone_Project_bot'}, 'chat': {'id': -4119703192, 'title': 'Robocop', 'type': 'group', 'all_members_are_administrators': True}, 'date': 1714607080, 'document': {'file_name': '5-Nabshi.png', 'mime_type': 'image/png', 'thumbnail': {'file_id': 'AAMCBAADGQMAAgIcZjLT6BuW-Fqv7SQmFhBLtkOKSHoAAkUWAAKOWZhRE-zgRyuXAk4BAAdtAAM0BA', 'file_unique_id': 'AQADRRYAAo5ZmFFy', 'file_size': 31528, 'width': 320, 'height': 320}, 'thumb': {'file_id': 'AAMCBAADGQMAAgIcZjLT6BuW-Fqv7SQmFhBLtkOKSHoAAkUWAAKOWZhRE-zgRyuXAk4BAAdtAAM0BA', 'file_unique_id': 'AQADRRYAAo5ZmFFy', 'file_size': 31528, 'width': 320, 'height': 320}, 'file_id': 'BQACAgQAAxkDAAICHGYy0-gblvhar-0kJhYQS7ZDikh6AAJFFgACjlmYURPs4EcrlwJONAQ', 'file_unique_id': 'AgADRRYAAo5ZmFE', 'file_size': 395211}}`]
[2024-05-01 23:44:40,348]: [_bot.py]: _do_post: 643:       DEBUG:    [Calling Bot API endpoint `sendDocument` with parameters `{'chat_id': '-4119703192', 'document': <telegram._files.inputfile.InputFile object at 0x7fe058744180>}`]
[2024-05-01 23:44:40,348]: [_trace.py]: atrace: 85:       DEBUG:    [send_request_headers.started request=<Request [b'POST']>]
[2024-05-01 23:44:40,349]: [_trace.py]: atrace: 85:       DEBUG:    [send_request_headers.complete]
[2024-05-01 23:44:40,349]: [_trace.py]: atrace: 85:       DEBUG:    [send_request_body.started request=<Request [b'POST']>]
[2024-05-01 23:44:40,349]: [_trace.py]: atrace: 85:       DEBUG:    [send_request_body.complete]
[2024-05-01 23:44:40,349]: [_trace.py]: atrace: 85:       DEBUG:    [receive_response_headers.started request=<Request [b'POST']>]
[2024-05-01 23:44:40,527]: [_trace.py]: atrace: 85:       DEBUG:    [receive_response_headers.complete return_value=(b'HTTP/1.1', 200, b'OK', [(b'Server', b'nginx/1.18.0'), (b'Date', b'Wed, 01 May 2024 23:44:40 GMT'), (b'Content-Type', b'application/json'), (b'Content-Length', b'821'), (b'Connection', b'keep-alive'), (b'Strict-Transport-Security', b'max-age=31536000; includeSubDomains; preload'), (b'Access-Control-Allow-Origin', b'*'), (b'Access-Control-Allow-Methods', b'GET, POST, OPTIONS'), (b'Access-Control-Expose-Headers', b'Content-Length,Content-Type,Date,Server,Connection')])]
[2024-05-01 23:44:40,527]: [_client.py]: _send_single_request: 1773:       INFO:    [HTTP Request: POST https://api.telegram.org/bot6030805959:AAGUHAMxLYc-PrevgKouJ3ZyM7ktu56ftjo/sendDocument "HTTP/1.1 200 OK"]
[2024-05-01 23:44:40,527]: [_trace.py]: atrace: 85:       DEBUG:    [receive_response_body.started request=<Request [b'POST']>]
[2024-05-01 23:44:40,527]: [_trace.py]: atrace: 85:       DEBUG:    [receive_response_body.complete]
[2024-05-01 23:44:40,527]: [_trace.py]: atrace: 85:       DEBUG:    [response_closed.started]
[2024-05-01 23:44:40,527]: [_trace.py]: atrace: 85:       DEBUG:    [response_closed.complete]
[2024-05-01 23:44:40,527]: [_bot.py]: _do_post: 652:       DEBUG:    [Call to Bot API endpoint `sendDocument` finished with return value `{'message_id': 541, 'from': {'id': 6030805959, 'is_bot': True, 'first_name': 'TyPHoone', 'username': 'TyPHoone_Project_bot'}, 'chat': {'id': -4119703192, 'title': 'Robocop', 'type': 'group', 'all_members_are_administrators': True}, 'date': 1714607080, 'document': {'file_name': '6-Waraq_Siah.png', 'mime_type': 'image/png', 'thumbnail': {'file_id': 'AAMCBAADGQMAAgIdZjLT6KS-U_i_4Xr2FbfYB6RC1zcAAkYWAAKOWZhRbPPjBv_BSX8BAAdtAAM0BA', 'file_unique_id': 'AQADRhYAAo5ZmFFy', 'file_size': 42590, 'width': 320, 'height': 320}, 'thumb': {'file_id': 'AAMCBAADGQMAAgIdZjLT6KS-U_i_4Xr2FbfYB6RC1zcAAkYWAAKOWZhRbPPjBv_BSX8BAAdtAAM0BA', 'file_unique_id': 'AQADRhYAAo5ZmFFy', 'file_size': 42590, 'width': 320, 'height': 320}, 'file_id': 'BQACAgQAAxkDAAICHWYy0-ikvlP4v-F69hW32AekQtc3AAJGFgACjlmYUWzz4wb_wUl_NAQ', 'file_unique_id': 'AgADRhYAAo5ZmFE', 'file_size': 417882}}`]
[2024-05-01 23:44:40,528]: [_bot.py]: _do_post: 643:       DEBUG:    [Calling Bot API endpoint `sendDocument` with parameters `{'chat_id': '-4119703192', 'document': <telegram._files.inputfile.InputFile object at 0x7fe0587440c0>}`]
[2024-05-01 23:44:40,528]: [_trace.py]: atrace: 85:       DEBUG:    [send_request_headers.started request=<Request [b'POST']>]
[2024-05-01 23:44:40,528]: [_trace.py]: atrace: 85:       DEBUG:    [send_request_headers.complete]
[2024-05-01 23:44:40,528]: [_trace.py]: atrace: 85:       DEBUG:    [send_request_body.started request=<Request [b'POST']>]
[2024-05-01 23:44:40,529]: [_trace.py]: atrace: 85:       DEBUG:    [send_request_body.complete]
[2024-05-01 23:44:40,529]: [_trace.py]: atrace: 85:       DEBUG:    [receive_response_headers.started request=<Request [b'POST']>]
[2024-05-01 23:44:44,767]: [_trace.py]: atrace: 85:       DEBUG:    [receive_response_headers.complete return_value=(b'HTTP/1.1', 200, b'OK', [(b'Server', b'nginx/1.18.0'), (b'Date', b'Wed, 01 May 2024 23:44:44 GMT'), (b'Content-Type', b'application/json'), (b'Content-Length', b'818'), (b'Connection', b'keep-alive'), (b'Strict-Transport-Security', b'max-age=31536000; includeSubDomains; preload'), (b'Access-Control-Allow-Origin', b'*'), (b'Access-Control-Allow-Methods', b'GET, POST, OPTIONS'), (b'Access-Control-Expose-Headers', b'Content-Length,Content-Type,Date,Server,Connection')])]
[2024-05-01 23:44:44,767]: [_client.py]: _send_single_request: 1773:       INFO:    [HTTP Request: POST https://api.telegram.org/bot6030805959:AAGUHAMxLYc-PrevgKouJ3ZyM7ktu56ftjo/sendDocument "HTTP/1.1 200 OK"]
[2024-05-01 23:44:44,767]: [_trace.py]: atrace: 85:       DEBUG:    [receive_response_body.started request=<Request [b'POST']>]
[2024-05-01 23:44:44,767]: [_trace.py]: atrace: 85:       DEBUG:    [receive_response_body.complete]
[2024-05-01 23:44:44,767]: [_trace.py]: atrace: 85:       DEBUG:    [response_closed.started]
[2024-05-01 23:44:44,767]: [_trace.py]: atrace: 85:       DEBUG:    [response_closed.complete]
[2024-05-01 23:44:44,768]: [_bot.py]: _do_post: 652:       DEBUG:    [Call to Bot API endpoint `sendDocument` finished with return value `{'message_id': 542, 'from': {'id': 6030805959, 'is_bot': True, 'first_name': 'TyPHoone', 'username': 'TyPHoone_Project_bot'}, 'chat': {'id': -4119703192, 'title': 'Robocop', 'type': 'group', 'all_members_are_administrators': True}, 'date': 1714607084, 'document': {'file_name': '4-Nawdani.png', 'mime_type': 'image/png', 'thumbnail': {'file_id': 'AAMCBAADGQMAAgIeZjLT7BgcAZ0kxosS5h3OS-xdOJ8AAkcWAAKOWZhR9lqLV0qYqfUBAAdtAAM0BA', 'file_unique_id': 'AQADRxYAAo5ZmFFy', 'file_size': 32230, 'width': 320, 'height': 320}, 'thumb': {'file_id': 'AAMCBAADGQMAAgIeZjLT7BgcAZ0kxosS5h3OS-xdOJ8AAkcWAAKOWZhR9lqLV0qYqfUBAAdtAAM0BA', 'file_unique_id': 'AQADRxYAAo5ZmFFy', 'file_size': 32230, 'width': 320, 'height': 320}, 'file_id': 'BQACAgQAAxkDAAICHmYy0-wYHAGdJMaLEuYdzkvsXTifAAJHFgACjlmYUfZai1dKmKn1NAQ', 'file_unique_id': 'AgADRxYAAo5ZmFE', 'file_size': 385764}}`]
[2024-05-01 23:44:44,768]: [_bot.py]: _do_post: 643:       DEBUG:    [Calling Bot API endpoint `sendDocument` with parameters `{'chat_id': '-4119703192', 'document': <telegram._files.inputfile.InputFile object at 0x7fe058744180>}`]
[2024-05-01 23:44:44,768]: [_trace.py]: atrace: 85:       DEBUG:    [send_request_headers.started request=<Request [b'POST']>]
[2024-05-01 23:44:44,769]: [_trace.py]: atrace: 85:       DEBUG:    [send_request_headers.complete]
[2024-05-01 23:44:44,769]: [_trace.py]: atrace: 85:       DEBUG:    [send_request_body.started request=<Request [b'POST']>]
[2024-05-01 23:44:44,769]: [_trace.py]: atrace: 85:       DEBUG:    [send_request_body.complete]
[2024-05-01 23:44:44,769]: [_trace.py]: atrace: 85:       DEBUG:    [receive_response_headers.started request=<Request [b'POST']>]
[2024-05-01 23:44:45,403]: [_trace.py]: atrace: 85:       DEBUG:    [receive_response_headers.complete return_value=(b'HTTP/1.1', 200, b'OK', [(b'Server', b'nginx/1.18.0'), (b'Date', b'Wed, 01 May 2024 23:44:45 GMT'), (b'Content-Type', b'application/json'), (b'Content-Length', b'821'), (b'Connection', b'keep-alive'), (b'Strict-Transport-Security', b'max-age=31536000; includeSubDomains; preload'), (b'Access-Control-Allow-Origin', b'*'), (b'Access-Control-Allow-Methods', b'GET, POST, OPTIONS'), (b'Access-Control-Expose-Headers', b'Content-Length,Content-Type,Date,Server,Connection')])]
[2024-05-01 23:44:45,403]: [_client.py]: _send_single_request: 1773:       INFO:    [HTTP Request: POST https://api.telegram.org/bot6030805959:AAGUHAMxLYc-PrevgKouJ3ZyM7ktu56ftjo/sendDocument "HTTP/1.1 200 OK"]
[2024-05-01 23:44:45,403]: [_trace.py]: atrace: 85:       DEBUG:    [receive_response_body.started request=<Request [b'POST']>]
[2024-05-01 23:44:45,403]: [_trace.py]: atrace: 85:       DEBUG:    [receive_response_body.complete]
[2024-05-01 23:44:45,403]: [_trace.py]: atrace: 85:       DEBUG:    [response_closed.started]
[2024-05-01 23:44:45,403]: [_trace.py]: atrace: 85:       DEBUG:    [response_closed.complete]
[2024-05-01 23:44:45,404]: [_bot.py]: _do_post: 652:       DEBUG:    [Call to Bot API endpoint `sendDocument` finished with return value `{'message_id': 543, 'from': {'id': 6030805959, 'is_bot': True, 'first_name': 'TyPHoone', 'username': 'TyPHoone_Project_bot'}, 'chat': {'id': -4119703192, 'title': 'Robocop', 'type': 'group', 'all_members_are_administrators': True}, 'date': 1714607085, 'document': {'file_name': '3-Profill.png', 'mime_type': 'image/png', 'thumbnail': {'file_id': 'AAMCBAADGQMAAgIfZjLT7e4zE9yUeWyG7HaVvn7ZwHsAAkgWAAKOWZhRv9f0AAGyyON6AQAHbQADNAQ', 'file_unique_id': 'AQADSBYAAo5ZmFFy', 'file_size': 31863, 'width': 320, 'height': 320}, 'thumb': {'file_id': 'AAMCBAADGQMAAgIfZjLT7e4zE9yUeWyG7HaVvn7ZwHsAAkgWAAKOWZhRv9f0AAGyyON6AQAHbQADNAQ', 'file_unique_id': 'AQADSBYAAo5ZmFFy', 'file_size': 31863, 'width': 320, 'height': 320}, 'file_id': 'BQACAgQAAxkDAAICH2Yy0-3uMxPclHlshux2lb5-2cB7AAJIFgACjlmYUb_X9AABssjjejQE', 'file_unique_id': 'AgADSBYAAo5ZmFE', 'file_size': 355234}}`]
[2024-05-01 23:44:45,404]: [_bot.py]: _do_post: 643:       DEBUG:    [Calling Bot API endpoint `sendDocument` with parameters `{'chat_id': '-4119703192', 'document': <telegram._files.inputfile.InputFile object at 0x7fe0587440c0>}`]
[2024-05-01 23:44:45,404]: [_trace.py]: atrace: 85:       DEBUG:    [send_request_headers.started request=<Request [b'POST']>]
[2024-05-01 23:44:45,404]: [_trace.py]: atrace: 85:       DEBUG:    [send_request_headers.complete]
[2024-05-01 23:44:45,404]: [_trace.py]: atrace: 85:       DEBUG:    [send_request_body.started request=<Request [b'POST']>]
[2024-05-01 23:44:45,405]: [_trace.py]: atrace: 85:       DEBUG:    [send_request_body.complete]
[2024-05-01 23:44:45,405]: [_trace.py]: atrace: 85:       DEBUG:    [receive_response_headers.started request=<Request [b'POST']>]
[2024-05-01 23:44:45,586]: [_trace.py]: atrace: 85:       DEBUG:    [receive_response_headers.complete return_value=(b'HTTP/1.1', 200, b'OK', [(b'Server', b'nginx/1.18.0'), (b'Date', b'Wed, 01 May 2024 23:44:45 GMT'), (b'Content-Type', b'application/json'), (b'Content-Length', b'824'), (b'Connection', b'keep-alive'), (b'Strict-Transport-Security', b'max-age=31536000; includeSubDomains; preload'), (b'Access-Control-Allow-Origin', b'*'), (b'Access-Control-Allow-Methods', b'GET, POST, OPTIONS'), (b'Access-Control-Expose-Headers', b'Content-Length,Content-Type,Date,Server,Connection')])]
[2024-05-01 23:44:45,587]: [_client.py]: _send_single_request: 1773:       INFO:    [HTTP Request: POST https://api.telegram.org/bot6030805959:AAGUHAMxLYc-PrevgKouJ3ZyM7ktu56ftjo/sendDocument "HTTP/1.1 200 OK"]
[2024-05-01 23:44:45,587]: [_trace.py]: atrace: 85:       DEBUG:    [receive_response_body.started request=<Request [b'POST']>]
[2024-05-01 23:44:45,587]: [_trace.py]: atrace: 85:       DEBUG:    [receive_response_body.complete]
[2024-05-01 23:44:45,587]: [_trace.py]: atrace: 85:       DEBUG:    [response_closed.started]
[2024-05-01 23:44:45,587]: [_trace.py]: atrace: 85:       DEBUG:    [response_closed.complete]
[2024-05-01 23:44:45,587]: [_bot.py]: _do_post: 652:       DEBUG:    [Call to Bot API endpoint `sendDocument` finished with return value `{'message_id': 544, 'from': {'id': 6030805959, 'is_bot': True, 'first_name': 'TyPHoone', 'username': 'TyPHoone_Project_bot'}, 'chat': {'id': -4119703192, 'title': 'Robocop', 'type': 'group', 'all_members_are_administrators': True}, 'date': 1714607085, 'document': {'file_name': '7-Tasme_Maftoul.png', 'mime_type': 'image/png', 'thumbnail': {'file_id': 'AAMCBAADGQMAAgIgZjLT7QpyGrO8wZuBHkK5yA6aFDAAAkkWAAKOWZhR7f4nYEjUG-cBAAdtAAM0BA', 'file_unique_id': 'AQADSRYAAo5ZmFFy', 'file_size': 35068, 'width': 320, 'height': 320}, 'thumb': {'file_id': 'AAMCBAADGQMAAgIgZjLT7QpyGrO8wZuBHkK5yA6aFDAAAkkWAAKOWZhR7f4nYEjUG-cBAAdtAAM0BA', 'file_unique_id': 'AQADSRYAAo5ZmFFy', 'file_size': 35068, 'width': 320, 'height': 320}, 'file_id': 'BQACAgQAAxkDAAICIGYy0-0KchqzvMGbgR5CucgOmhQwAAJJFgACjlmYUe3-J2BI1BvnNAQ', 'file_unique_id': 'AgADSRYAAo5ZmFE', 'file_size': 362313}}`]
[2024-05-01 23:44:45,587]: [_bot.py]: _do_post: 643:       DEBUG:    [Calling Bot API endpoint `sendDocument` with parameters `{'chat_id': '-4119703192', 'document': <telegram._files.inputfile.InputFile object at 0x7fe058744180>}`]
[2024-05-01 23:44:45,588]: [_trace.py]: atrace: 85:       DEBUG:    [send_request_headers.started request=<Request [b'POST']>]
[2024-05-01 23:44:45,588]: [_trace.py]: atrace: 85:       DEBUG:    [send_request_headers.complete]
[2024-05-01 23:44:45,588]: [_trace.py]: atrace: 85:       DEBUG:    [send_request_body.started request=<Request [b'POST']>]
[2024-05-01 23:44:45,589]: [_trace.py]: atrace: 85:       DEBUG:    [send_request_body.complete]
[2024-05-01 23:44:45,589]: [_trace.py]: atrace: 85:       DEBUG:    [receive_response_headers.started request=<Request [b'POST']>]
[2024-05-01 23:44:45,771]: [_trace.py]: atrace: 85:       DEBUG:    [receive_response_headers.complete return_value=(b'HTTP/1.1', 200, b'OK', [(b'Server', b'nginx/1.18.0'), (b'Date', b'Wed, 01 May 2024 23:44:45 GMT'), (b'Content-Type', b'application/json'), (b'Content-Length', b'818'), (b'Connection', b'keep-alive'), (b'Strict-Transport-Security', b'max-age=31536000; includeSubDomains; preload'), (b'Access-Control-Allow-Origin', b'*'), (b'Access-Control-Allow-Methods', b'GET, POST, OPTIONS'), (b'Access-Control-Expose-Headers', b'Content-Length,Content-Type,Date,Server,Connection')])]
[2024-05-01 23:44:45,771]: [_client.py]: _send_single_request: 1773:       INFO:    [HTTP Request: POST https://api.telegram.org/bot6030805959:AAGUHAMxLYc-PrevgKouJ3ZyM7ktu56ftjo/sendDocument "HTTP/1.1 200 OK"]
[2024-05-01 23:44:45,771]: [_trace.py]: atrace: 85:       DEBUG:    [receive_response_body.started request=<Request [b'POST']>]
[2024-05-01 23:44:45,771]: [_trace.py]: atrace: 85:       DEBUG:    [receive_response_body.complete]
[2024-05-01 23:44:45,771]: [_trace.py]: atrace: 85:       DEBUG:    [response_closed.started]
[2024-05-01 23:44:45,771]: [_trace.py]: atrace: 85:       DEBUG:    [response_closed.complete]
[2024-05-01 23:44:45,771]: [_bot.py]: _do_post: 652:       DEBUG:    [Call to Bot API endpoint `sendDocument` finished with return value `{'message_id': 545, 'from': {'id': 6030805959, 'is_bot': True, 'first_name': 'TyPHoone', 'username': 'TyPHoone_Project_bot'}, 'chat': {'id': -4119703192, 'title': 'Robocop', 'type': 'group', 'all_members_are_administrators': True}, 'date': 1714607085, 'document': {'file_name': '8-Khamoot.png', 'mime_type': 'image/png', 'thumbnail': {'file_id': 'AAMCBAADGQMAAgIhZjLT7axnxZLpq-UTW3ROPIxSyfQAAkoWAAKOWZhRyG6epDTzbdsBAAdtAAM0BA', 'file_unique_id': 'AQADShYAAo5ZmFFy', 'file_size': 26978, 'width': 320, 'height': 320}, 'thumb': {'file_id': 'AAMCBAADGQMAAgIhZjLT7axnxZLpq-UTW3ROPIxSyfQAAkoWAAKOWZhRyG6epDTzbdsBAAdtAAM0BA', 'file_unique_id': 'AQADShYAAo5ZmFFy', 'file_size': 26978, 'width': 320, 'height': 320}, 'file_id': 'BQACAgQAAxkDAAICIWYy0-2sZ8WS6avlE1t0TjyMUsn0AAJKFgACjlmYUchunqQ0823bNAQ', 'file_unique_id': 'AgADShYAAo5ZmFE', 'file_size': 364977}}`]
[2024-05-01 23:44:45,772]: [_bot.py]: _do_post: 643:       DEBUG:    [Calling Bot API endpoint `sendDocument` with parameters `{'chat_id': '-4119703192', 'document': <telegram._files.inputfile.InputFile object at 0x7fe0587440c0>}`]
[2024-05-01 23:44:45,772]: [_trace.py]: atrace: 85:       DEBUG:    [send_request_headers.started request=<Request [b'POST']>]
[2024-05-01 23:44:45,772]: [_trace.py]: atrace: 85:       DEBUG:    [send_request_headers.complete]
[2024-05-01 23:44:45,772]: [_trace.py]: atrace: 85:       DEBUG:    [send_request_body.started request=<Request [b'POST']>]
[2024-05-01 23:44:45,774]: [_trace.py]: atrace: 85:       DEBUG:    [send_request_body.complete]
[2024-05-01 23:44:45,774]: [_trace.py]: atrace: 85:       DEBUG:    [receive_response_headers.started request=<Request [b'POST']>]
[2024-05-01 23:44:46,090]: [_trace.py]: atrace: 85:       DEBUG:    [receive_response_headers.complete return_value=(b'HTTP/1.1', 200, b'OK', [(b'Server', b'nginx/1.18.0'), (b'Date', b'Wed, 01 May 2024 23:44:46 GMT'), (b'Content-Type', b'application/json'), (b'Content-Length', b'816'), (b'Connection', b'keep-alive'), (b'Strict-Transport-Security', b'max-age=31536000; includeSubDomains; preload'), (b'Access-Control-Allow-Origin', b'*'), (b'Access-Control-Allow-Methods', b'GET, POST, OPTIONS'), (b'Access-Control-Expose-Headers', b'Content-Length,Content-Type,Date,Server,Connection')])]
[2024-05-01 23:44:46,090]: [_client.py]: _send_single_request: 1773:       INFO:    [HTTP Request: POST https://api.telegram.org/bot6030805959:AAGUHAMxLYc-PrevgKouJ3ZyM7ktu56ftjo/sendDocument "HTTP/1.1 200 OK"]
[2024-05-01 23:44:46,090]: [_trace.py]: atrace: 85:       DEBUG:    [receive_response_body.started request=<Request [b'POST']>]
[2024-05-01 23:44:46,090]: [_trace.py]: atrace: 85:       DEBUG:    [receive_response_body.complete]
[2024-05-01 23:44:46,091]: [_trace.py]: atrace: 85:       DEBUG:    [response_closed.started]
[2024-05-01 23:44:46,091]: [_trace.py]: atrace: 85:       DEBUG:    [response_closed.complete]
[2024-05-01 23:44:46,091]: [_bot.py]: _do_post: 652:       DEBUG:    [Call to Bot API endpoint `sendDocument` finished with return value `{'message_id': 546, 'from': {'id': 6030805959, 'is_bot': True, 'first_name': 'TyPHoone', 'username': 'TyPHoone_Project_bot'}, 'chat': {'id': -4119703192, 'title': 'Robocop', 'type': 'group', 'all_members_are_administrators': True}, 'date': 1714607086, 'document': {'file_name': '0-cover.png', 'mime_type': 'image/png', 'thumbnail': {'file_id': 'AAMCBAADGQMAAgIiZjLT7fGOuQKVtPQfNpVs3V-QEScAAksWAAKOWZhRH1LAwq_2YWQBAAdtAAM0BA', 'file_unique_id': 'AQADSxYAAo5ZmFFy', 'file_size': 33655, 'width': 320, 'height': 320}, 'thumb': {'file_id': 'AAMCBAADGQMAAgIiZjLT7fGOuQKVtPQfNpVs3V-QEScAAksWAAKOWZhRH1LAwq_2YWQBAAdtAAM0BA', 'file_unique_id': 'AQADSxYAAo5ZmFFy', 'file_size': 33655, 'width': 320, 'height': 320}, 'file_id': 'BQACAgQAAxkDAAICImYy0-3xjrkClbT0HzaVbN1fkBEnAAJLFgACjlmYUR9SwMKv9mFkNAQ', 'file_unique_id': 'AgADSxYAAo5ZmFE', 'file_size': 831831}}`]
[2024-05-01 23:44:46,091]: [_trace.py]: atrace: 85:       DEBUG:    [close.started]
[2024-05-01 23:44:46,091]: [_trace.py]: atrace: 85:       DEBUG:    [close.complete]
[2024-05-01 23:44:46,091]: [_config.py]: load_ssl_context: 80:       DEBUG:    [load_ssl_context verify=True cert=None trust_env=True http2=False]
[2024-05-01 23:44:46,092]: [_config.py]: load_ssl_context_verify: 146:       DEBUG:    [load_verify_locations cafile='/opt/hostedtoolcache/Python/3.12.3/x64/lib/python3.12/site-packages/certifi/cacert.pem']
[2024-05-01 23:44:46,118]: [_config.py]: load_ssl_context: 80:       DEBUG:    [load_ssl_context verify=True cert=None trust_env=True http2=False]
[2024-05-01 23:44:46,118]: [_config.py]: load_ssl_context_verify: 146:       DEBUG:    [load_verify_locations cafile='/opt/hostedtoolcache/Python/3.12.3/x64/lib/python3.12/site-packages/certifi/cacert.pem']
[2024-05-01 23:44:46,145]: [_bot.py]: _do_post: 643:       DEBUG:    [Calling Bot API endpoint `getMe` with parameters `{}`]
[2024-05-01 23:44:46,146]: [_trace.py]: atrace: 85:       DEBUG:    [connect_tcp.started host='api.telegram.org' port=443 local_address=None timeout=5.0 socket_options=None]
[2024-05-01 23:44:46,247]: [_trace.py]: atrace: 85:       DEBUG:    [connect_tcp.complete return_value=<httpcore._backends.anyio.AnyIOStream object at 0x7fe056b525a0>]
[2024-05-01 23:44:46,247]: [_trace.py]: atrace: 85:       DEBUG:    [start_tls.started ssl_context=<ssl.SSLContext object at 0x7fe058735bd0> server_hostname='api.telegram.org' timeout=5.0]
[2024-05-01 23:44:46,350]: [_trace.py]: atrace: 85:       DEBUG:    [start_tls.complete return_value=<httpcore._backends.anyio.AnyIOStream object at 0x7fe0588eba70>]
[2024-05-01 23:44:46,350]: [_trace.py]: atrace: 85:       DEBUG:    [send_request_headers.started request=<Request [b'POST']>]
[2024-05-01 23:44:46,350]: [_trace.py]: atrace: 85:       DEBUG:    [send_request_headers.complete]
[2024-05-01 23:44:46,350]: [_trace.py]: atrace: 85:       DEBUG:    [send_request_body.started request=<Request [b'POST']>]
[2024-05-01 23:44:46,350]: [_trace.py]: atrace: 85:       DEBUG:    [send_request_body.complete]
[2024-05-01 23:44:46,350]: [_trace.py]: atrace: 85:       DEBUG:    [receive_response_headers.started request=<Request [b'POST']>]
[2024-05-01 23:44:46,453]: [_trace.py]: atrace: 85:       DEBUG:    [receive_response_headers.complete return_value=(b'HTTP/1.1', 200, b'OK', [(b'Server', b'nginx/1.18.0'), (b'Date', b'Wed, 01 May 2024 23:44:46 GMT'), (b'Content-Type', b'application/json'), (b'Content-Length', b'233'), (b'Connection', b'keep-alive'), (b'Strict-Transport-Security', b'max-age=31536000; includeSubDomains; preload'), (b'Access-Control-Allow-Origin', b'*'), (b'Access-Control-Allow-Methods', b'GET, POST, OPTIONS'), (b'Access-Control-Expose-Headers', b'Content-Length,Content-Type,Date,Server,Connection')])]
[2024-05-01 23:44:46,453]: [_client.py]: _send_single_request: 1773:       INFO:    [HTTP Request: POST https://api.telegram.org/bot6030805959:AAGUHAMxLYc-PrevgKouJ3ZyM7ktu56ftjo/getMe "HTTP/1.1 200 OK"]
[2024-05-01 23:44:46,453]: [_trace.py]: atrace: 85:       DEBUG:    [receive_response_body.started request=<Request [b'POST']>]
[2024-05-01 23:44:46,453]: [_trace.py]: atrace: 85:       DEBUG:    [receive_response_body.complete]
[2024-05-01 23:44:46,453]: [_trace.py]: atrace: 85:       DEBUG:    [response_closed.started]
[2024-05-01 23:44:46,453]: [_trace.py]: atrace: 85:       DEBUG:    [response_closed.complete]
[2024-05-01 23:44:46,453]: [_bot.py]: _do_post: 652:       DEBUG:    [Call to Bot API endpoint `getMe` finished with return value `{'id': 6030805959, 'is_bot': True, 'first_name': 'TyPHoone', 'username': 'TyPHoone_Project_bot', 'can_join_groups': True, 'can_read_all_group_messages': False, 'supports_inline_queries': False, 'can_connect_to_business': False}`]
[2024-05-01 23:44:46,453]: [_trace.py]: atrace: 85:       DEBUG:    [close.started]
[2024-05-01 23:44:46,453]: [_trace.py]: atrace: 85:       DEBUG:    [close.complete]
[2024-05-01 23:44:46,453]: [Telegram_Sender.py]: runner: 39:       CRITICAL:    [Files Didnt sent]
[2024-05-01 23:44:46,454]: [Main.py]: <module>: 48:       INFO:    [Finished]
