[2025-03-07 11:38:20,683]: [Main.py]: <module>: 21:       INFO:    [Started]
[2025-03-07 11:38:27,196]: [Iron_Scraper.py]: Scrap: 32:       INFO:    [Data Scaraped Successfully]
[2025-03-07 11:38:27,394]: [Iron_Scraper.py]: Scrap: 70:       INFO:    [Scrapped Data Has No Problem]
[2025-03-07 11:38:27,394]: [Iron_Scraper.py]: Scrap: 83:       INFO:    [Data Saved Successfully]
[2025-03-07 11:38:27,394]: [Iron.py]: Run: 26:       INFO:    [Scraping Phase Completed]
[2025-03-07 11:38:27,394]: [Iron_Data_Processor.py]: Data_Reader: 61:       INFO:    [Data File Has Been Red Successfully]
[2025-03-07 11:38:27,394]: [Iron_Data_Processor.py]: Shaper: 78:       INFO:    [Data Shaped]
[2025-03-07 11:38:27,395]: [Iron_Data_Processor.py]: Process: 228:       INFO:    [Data Cleaned]
[2025-03-07 11:38:27,395]: [Iron_Data_Processor.py]: Make_Pages_Objects: 101:       INFO:    [Page Objects Has Been Made]
[2025-03-07 11:38:27,395]: [Iron_Data_Processor.py]: Make_Pages_Objects: 101:       INFO:    [Page Objects Has Been Made]
[2025-03-07 11:38:27,395]: [Iron_Data_Processor.py]: Load_Data: 118:       INFO:    [Data Has Been Load]
[2025-03-07 11:38:27,395]: [Iron_Data_Processor.py]: Load_Data: 118:       INFO:    [Data Has Been Load]
[2025-03-07 11:38:27,395]: [Iron_Data_Processor.py]: Load_positions: 140:       INFO:    [Positions Are Ready]
[2025-03-07 11:38:27,395]: [Iron_Data_Processor.py]: Load_positions: 140:       INFO:    [Positions Are Ready]
[2025-03-07 11:38:28,509]: [Iron_Data_Processor.py]: Make_Tagged_Images: 193:       INFO:    [Images Has Been Made]
[2025-03-07 11:38:29,455]: [Iron_Data_Processor.py]: Make_Tagged_Images: 193:       INFO:    [Images Has Been Made]
[2025-03-07 11:38:29,711]: [Iron_Data_Processor.py]: Make_Cover_Page: 215:       INFO:    [Made Cover Pages]
[2025-03-07 11:38:29,712]: [Iron.py]: Run: 29:       INFO:    [Imagination Phase Completed]
[2025-03-07 11:38:34,438]: [Phone_Scraper.py]: Scrap: 58:       INFO:    [Data Scraped]
[2025-03-07 11:38:34,438]: [Phone_Scraper.py]: Scrap: 71:       INFO:    [Scraped Data Successfully]
[2025-03-07 11:38:34,438]: [Phone.py]: Run: 26:       INFO:    [Scraping Phase Complete]
[2025-03-07 11:38:34,438]: [Phone_Data_Processor.py]: data_reader: 38:       INFO:    [Scraped Data Loaded]
[2025-03-07 11:38:34,439]: [Phone_Data_Processor.py]: filter_list: 65:       INFO:    [Persian Phrases Are deleted]
[2025-03-07 11:38:34,440]: [Phone_Data_Processor.py]: reshape_list: 87:       INFO:    [Date Reshaped]
[2025-03-07 11:38:34,440]: [Phone_Data_Processor.py]: separate_brands: 124:       INFO:    [Brands Are Separated]
[2025-03-07 11:38:34,440]: [Phone_Data_Processor.py]: delete_extra_spaces: 141:       INFO:    [Extra Spaces Are Deleted]
[2025-03-07 11:38:35,200]: [Phone.py]: Run: 29:       INFO:    [Imagination Phase Complete]
[2025-03-07 11:38:35,201]: [selector_events.py]: __init__: 64:       DEBUG:    [Using selector: EpollSelector]
[2025-03-07 11:38:35,481]: [_bot.py]: _do_post: 643:       DEBUG:    [Calling Bot API endpoint `getMe` with parameters `{}`]
[2025-03-07 11:38:35,485]: [_trace.py]: atrace: 87:       DEBUG:    [connect_tcp.started host='api.telegram.org' port=443 local_address=None timeout=5.0 socket_options=None]
[2025-03-07 11:38:35,616]: [_trace.py]: atrace: 87:       DEBUG:    [connect_tcp.complete return_value=<httpcore._backends.anyio.AnyIOStream object at 0x7f601eb06c60>]
[2025-03-07 11:38:35,616]: [_trace.py]: atrace: 87:       DEBUG:    [start_tls.started ssl_context=<ssl.SSLContext object at 0x7f601f5434d0> server_hostname='api.telegram.org' timeout=5.0]
[2025-03-07 11:38:35,708]: [_trace.py]: atrace: 87:       DEBUG:    [start_tls.complete return_value=<httpcore._backends.anyio.AnyIOStream object at 0x7f601eb05a00>]
[2025-03-07 11:38:35,709]: [_trace.py]: atrace: 87:       DEBUG:    [send_request_headers.started request=<Request [b'POST']>]
[2025-03-07 11:38:35,709]: [_trace.py]: atrace: 87:       DEBUG:    [send_request_headers.complete]
[2025-03-07 11:38:35,709]: [_trace.py]: atrace: 87:       DEBUG:    [send_request_body.started request=<Request [b'POST']>]
[2025-03-07 11:38:35,709]: [_trace.py]: atrace: 87:       DEBUG:    [send_request_body.complete]
[2025-03-07 11:38:35,709]: [_trace.py]: atrace: 87:       DEBUG:    [receive_response_headers.started request=<Request [b'POST']>]
[2025-03-07 11:38:35,799]: [_trace.py]: atrace: 87:       DEBUG:    [receive_response_headers.complete return_value=(b'HTTP/1.1', 200, b'OK', [(b'Server', b'nginx/1.18.0'), (b'Date', b'Fri, 07 Mar 2025 11:38:35 GMT'), (b'Content-Type', b'application/json'), (b'Content-Length', b'258'), (b'Connection', b'keep-alive'), (b'Strict-Transport-Security', b'max-age=31536000; includeSubDomains; preload'), (b'Access-Control-Allow-Origin', b'*'), (b'Access-Control-Allow-Methods', b'GET, POST, OPTIONS'), (b'Access-Control-Expose-Headers', b'Content-Length,Content-Type,Date,Server,Connection')])]
[2025-03-07 11:38:35,800]: [_client.py]: _send_single_request: 1740:       INFO:    [HTTP Request: POST https://api.telegram.org/bot6030805959:AAGUHAMxLYc-PrevgKouJ3ZyM7ktu56ftjo/getMe "HTTP/1.1 200 OK"]
[2025-03-07 11:38:35,800]: [_trace.py]: atrace: 87:       DEBUG:    [receive_response_body.started request=<Request [b'POST']>]
[2025-03-07 11:38:35,800]: [_trace.py]: atrace: 87:       DEBUG:    [receive_response_body.complete]
[2025-03-07 11:38:35,800]: [_trace.py]: atrace: 87:       DEBUG:    [response_closed.started]
[2025-03-07 11:38:35,800]: [_trace.py]: atrace: 87:       DEBUG:    [response_closed.complete]
[2025-03-07 11:38:35,800]: [_bot.py]: _do_post: 652:       DEBUG:    [Call to Bot API endpoint `getMe` finished with return value `{'id': 6030805959, 'is_bot': True, 'first_name': 'TyPHoone', 'username': 'TyPHoone_Project_bot', 'can_join_groups': True, 'can_read_all_group_messages': False, 'supports_inline_queries': False, 'can_connect_to_business': False, 'has_main_web_app': False}`]
[2025-03-07 11:38:35,803]: [_bot.py]: _do_post: 643:       DEBUG:    [Calling Bot API endpoint `sendDocument` with parameters `{'chat_id': '-4119703192', 'document': <telegram._files.inputfile.InputFile object at 0x7f601eb2d880>}`]
[2025-03-07 11:38:35,804]: [_trace.py]: atrace: 87:       DEBUG:    [send_request_headers.started request=<Request [b'POST']>]
[2025-03-07 11:38:35,804]: [_trace.py]: atrace: 87:       DEBUG:    [send_request_headers.complete]
[2025-03-07 11:38:35,804]: [_trace.py]: atrace: 87:       DEBUG:    [send_request_body.started request=<Request [b'POST']>]
[2025-03-07 11:38:35,804]: [_trace.py]: atrace: 87:       DEBUG:    [send_request_body.complete]
[2025-03-07 11:38:35,804]: [_trace.py]: atrace: 87:       DEBUG:    [receive_response_headers.started request=<Request [b'POST']>]
[2025-03-07 11:38:36,034]: [_trace.py]: atrace: 87:       DEBUG:    [receive_response_headers.complete return_value=(b'HTTP/1.1', 200, b'OK', [(b'Server', b'nginx/1.18.0'), (b'Date', b'Fri, 07 Mar 2025 11:38:35 GMT'), (b'Content-Type', b'application/json'), (b'Content-Length', b'465'), (b'Connection', b'keep-alive'), (b'Strict-Transport-Security', b'max-age=31536000; includeSubDomains; preload'), (b'Access-Control-Allow-Origin', b'*'), (b'Access-Control-Allow-Methods', b'GET, POST, OPTIONS'), (b'Access-Control-Expose-Headers', b'Content-Length,Content-Type,Date,Server,Connection')])]
[2025-03-07 11:38:36,034]: [_client.py]: _send_single_request: 1740:       INFO:    [HTTP Request: POST https://api.telegram.org/bot6030805959:AAGUHAMxLYc-PrevgKouJ3ZyM7ktu56ftjo/sendDocument "HTTP/1.1 200 OK"]
[2025-03-07 11:38:36,034]: [_trace.py]: atrace: 87:       DEBUG:    [receive_response_body.started request=<Request [b'POST']>]
[2025-03-07 11:38:36,034]: [_trace.py]: atrace: 87:       DEBUG:    [receive_response_body.complete]
[2025-03-07 11:38:36,035]: [_trace.py]: atrace: 87:       DEBUG:    [response_closed.started]
[2025-03-07 11:38:36,035]: [_trace.py]: atrace: 87:       DEBUG:    [response_closed.complete]
[2025-03-07 11:38:36,035]: [_bot.py]: _do_post: 652:       DEBUG:    [Call to Bot API endpoint `sendDocument` finished with return value `{'message_id': 2217, 'from': {'id': 6030805959, 'is_bot': True, 'first_name': 'TyPHoone', 'username': 'TyPHoone_Project_bot'}, 'chat': {'id': -4119703192, 'title': 'Robocop', 'type': 'group', 'all_members_are_administrators': True}, 'date': 1741347515, 'document': {'file_name': '(2025_03_07--11_38).log', 'mime_type': 'text/plain', 'file_id': 'BQACAgQAAxkDAAIIqWfK2rtK5-uPfHTUQL6Geg8mngABVAAC6xUAAl3aWFJephKNOuEKzjYE', 'file_unique_id': 'AgAD6xUAAl3aWFI', 'file_size': 5937}}`]
[2025-03-07 11:38:36,035]: [_trace.py]: atrace: 87:       DEBUG:    [close.started]
[2025-03-07 11:38:36,035]: [_trace.py]: atrace: 87:       DEBUG:    [close.complete]
[2025-03-07 11:38:36,081]: [_bot.py]: _do_post: 643:       DEBUG:    [Calling Bot API endpoint `getMe` with parameters `{}`]
[2025-03-07 11:38:36,081]: [_trace.py]: atrace: 87:       DEBUG:    [connect_tcp.started host='api.telegram.org' port=443 local_address=None timeout=5.0 socket_options=None]
[2025-03-07 11:38:36,171]: [_trace.py]: atrace: 87:       DEBUG:    [connect_tcp.complete return_value=<httpcore._backends.anyio.AnyIOStream object at 0x7f601eb8c590>]
[2025-03-07 11:38:36,171]: [_trace.py]: atrace: 87:       DEBUG:    [start_tls.started ssl_context=<ssl.SSLContext object at 0x7f601f5432d0> server_hostname='api.telegram.org' timeout=5.0]
[2025-03-07 11:38:36,263]: [_trace.py]: atrace: 87:       DEBUG:    [start_tls.complete return_value=<httpcore._backends.anyio.AnyIOStream object at 0x7f601fe29af0>]
[2025-03-07 11:38:36,263]: [_trace.py]: atrace: 87:       DEBUG:    [send_request_headers.started request=<Request [b'POST']>]
[2025-03-07 11:38:36,263]: [_trace.py]: atrace: 87:       DEBUG:    [send_request_headers.complete]
[2025-03-07 11:38:36,263]: [_trace.py]: atrace: 87:       DEBUG:    [send_request_body.started request=<Request [b'POST']>]
[2025-03-07 11:38:36,263]: [_trace.py]: atrace: 87:       DEBUG:    [send_request_body.complete]
[2025-03-07 11:38:36,263]: [_trace.py]: atrace: 87:       DEBUG:    [receive_response_headers.started request=<Request [b'POST']>]
[2025-03-07 11:38:36,369]: [_trace.py]: atrace: 87:       DEBUG:    [receive_response_headers.complete return_value=(b'HTTP/1.1', 200, b'OK', [(b'Server', b'nginx/1.18.0'), (b'Date', b'Fri, 07 Mar 2025 11:38:36 GMT'), (b'Content-Type', b'application/json'), (b'Content-Length', b'258'), (b'Connection', b'keep-alive'), (b'Strict-Transport-Security', b'max-age=31536000; includeSubDomains; preload'), (b'Access-Control-Allow-Origin', b'*'), (b'Access-Control-Allow-Methods', b'GET, POST, OPTIONS'), (b'Access-Control-Expose-Headers', b'Content-Length,Content-Type,Date,Server,Connection')])]
[2025-03-07 11:38:36,369]: [_client.py]: _send_single_request: 1740:       INFO:    [HTTP Request: POST https://api.telegram.org/bot6030805959:AAGUHAMxLYc-PrevgKouJ3ZyM7ktu56ftjo/getMe "HTTP/1.1 200 OK"]
[2025-03-07 11:38:36,369]: [_trace.py]: atrace: 87:       DEBUG:    [receive_response_body.started request=<Request [b'POST']>]
[2025-03-07 11:38:36,369]: [_trace.py]: atrace: 87:       DEBUG:    [receive_response_body.complete]
[2025-03-07 11:38:36,370]: [_trace.py]: atrace: 87:       DEBUG:    [response_closed.started]
[2025-03-07 11:38:36,370]: [_trace.py]: atrace: 87:       DEBUG:    [response_closed.complete]
[2025-03-07 11:38:36,370]: [_bot.py]: _do_post: 652:       DEBUG:    [Call to Bot API endpoint `getMe` finished with return value `{'id': 6030805959, 'is_bot': True, 'first_name': 'TyPHoone', 'username': 'TyPHoone_Project_bot', 'can_join_groups': True, 'can_read_all_group_messages': False, 'supports_inline_queries': False, 'can_connect_to_business': False, 'has_main_web_app': False}`]
[2025-03-07 11:38:36,373]: [_bot.py]: _do_post: 643:       DEBUG:    [Calling Bot API endpoint `sendDocument` with parameters `{'chat_id': '-4119703192', 'document': <telegram._files.inputfile.InputFile object at 0x7f601fd45f40>}`]
[2025-03-07 11:38:36,373]: [_trace.py]: atrace: 87:       DEBUG:    [send_request_headers.started request=<Request [b'POST']>]
[2025-03-07 11:38:36,373]: [_trace.py]: atrace: 87:       DEBUG:    [send_request_headers.complete]
[2025-03-07 11:38:36,373]: [_trace.py]: atrace: 87:       DEBUG:    [send_request_body.started request=<Request [b'POST']>]
[2025-03-07 11:38:37,259]: [_trace.py]: atrace: 87:       DEBUG:    [send_request_body.complete]
[2025-03-07 11:38:37,259]: [_trace.py]: atrace: 87:       DEBUG:    [receive_response_headers.started request=<Request [b'POST']>]
[2025-03-07 11:38:37,950]: [_trace.py]: atrace: 87:       DEBUG:    [receive_response_headers.complete return_value=(b'HTTP/1.1', 200, b'OK', [(b'Server', b'nginx/1.18.0'), (b'Date', b'Fri, 07 Mar 2025 11:38:37 GMT'), (b'Content-Type', b'application/json'), (b'Content-Length', b'479'), (b'Connection', b'keep-alive'), (b'Strict-Transport-Security', b'max-age=31536000; includeSubDomains; preload'), (b'Access-Control-Allow-Origin', b'*'), (b'Access-Control-Allow-Methods', b'GET, POST, OPTIONS'), (b'Access-Control-Expose-Headers', b'Content-Length,Content-Type,Date,Server,Connection')])]
[2025-03-07 11:38:37,950]: [_client.py]: _send_single_request: 1740:       INFO:    [HTTP Request: POST https://api.telegram.org/bot6030805959:AAGUHAMxLYc-PrevgKouJ3ZyM7ktu56ftjo/sendDocument "HTTP/1.1 200 OK"]
[2025-03-07 11:38:37,950]: [_trace.py]: atrace: 87:       DEBUG:    [receive_response_body.started request=<Request [b'POST']>]
[2025-03-07 11:38:37,950]: [_trace.py]: atrace: 87:       DEBUG:    [receive_response_body.complete]
[2025-03-07 11:38:37,951]: [_trace.py]: atrace: 87:       DEBUG:    [response_closed.started]
[2025-03-07 11:38:37,951]: [_trace.py]: atrace: 87:       DEBUG:    [response_closed.complete]
[2025-03-07 11:38:37,951]: [_bot.py]: _do_post: 652:       DEBUG:    [Call to Bot API endpoint `sendDocument` finished with return value `{'message_id': 2218, 'from': {'id': 6030805959, 'is_bot': True, 'first_name': 'TyPHoone', 'username': 'TyPHoone_Project_bot'}, 'chat': {'id': -4119703192, 'title': 'Robocop', 'type': 'group', 'all_members_are_administrators': True}, 'date': 1741347517, 'document': {'file_name': '(2025_03_07--11_38)output.zip', 'mime_type': 'application/zip', 'file_id': 'BQACAgQAAxkDAAIIqmfK2r3y7jhpU1LogH0kEF2Nos_7AALsFQACXdpYUhCtru_Dev3vNgQ', 'file_unique_id': 'AgAD7BUAAl3aWFI', 'file_size': 10139772}}`]
[2025-03-07 11:38:37,951]: [_trace.py]: atrace: 87:       DEBUG:    [close.started]
[2025-03-07 11:38:37,951]: [_trace.py]: atrace: 87:       DEBUG:    [close.complete]
[2025-03-07 11:38:37,951]: [Telegram_Sender.py]: runner: 61:       INFO:    [sent successfully]
[2025-03-07 11:38:37,952]: [Main.py]: <module>: 48:       INFO:    [Finished]
