[2024-12-15 11:39:05,441]: [Main.py]: <module>: 21:       INFO:    [Started]
[2024-12-15 11:39:07,151]: [Iron_Scraper.py]: Scrap: 32:       INFO:    [Data Scaraped Successfully]
[2024-12-15 11:39:07,202]: [Iron_Scraper.py]: Scrap: 70:       INFO:    [Scrapped Data Has No Problem]
[2024-12-15 11:39:07,202]: [Iron_Scraper.py]: Scrap: 83:       INFO:    [Data Saved Successfully]
[2024-12-15 11:39:07,202]: [Iron.py]: Run: 26:       INFO:    [Scraping Phase Completed]
[2024-12-15 11:39:07,203]: [Iron_Data_Processor.py]: Data_Reader: 61:       INFO:    [Data File Has Been Red Successfully]
[2024-12-15 11:39:07,203]: [Iron_Data_Processor.py]: Shaper: 78:       INFO:    [Data Shaped]
[2024-12-15 11:39:07,203]: [Iron_Data_Processor.py]: Process: 228:       INFO:    [Data Cleaned]
[2024-12-15 11:39:07,203]: [Iron_Data_Processor.py]: Make_Pages_Objects: 101:       INFO:    [Page Objects Has Been Made]
[2024-12-15 11:39:07,203]: [Iron_Data_Processor.py]: Make_Pages_Objects: 101:       INFO:    [Page Objects Has Been Made]
[2024-12-15 11:39:07,203]: [Iron_Data_Processor.py]: Load_Data: 118:       INFO:    [Data Has Been Load]
[2024-12-15 11:39:07,203]: [Iron_Data_Processor.py]: Load_Data: 118:       INFO:    [Data Has Been Load]
[2024-12-15 11:39:07,203]: [Iron_Data_Processor.py]: Load_positions: 140:       INFO:    [Positions Are Ready]
[2024-12-15 11:39:07,203]: [Iron_Data_Processor.py]: Load_positions: 140:       INFO:    [Positions Are Ready]
[2024-12-15 11:39:08,274]: [Iron_Data_Processor.py]: Make_Tagged_Images: 193:       INFO:    [Images Has Been Made]
[2024-12-15 11:39:09,174]: [Iron_Data_Processor.py]: Make_Tagged_Images: 193:       INFO:    [Images Has Been Made]
[2024-12-15 11:39:09,428]: [Iron_Data_Processor.py]: Make_Cover_Page: 215:       INFO:    [Made Cover Pages]
[2024-12-15 11:39:09,428]: [Iron.py]: Run: 29:       INFO:    [Imagination Phase Completed]
[2024-12-15 11:39:13,113]: [Phone_Scraper.py]: Scrap: 58:       INFO:    [Data Scraped]
[2024-12-15 11:39:13,114]: [Phone_Scraper.py]: Scrap: 71:       INFO:    [Scraped Data Successfully]
[2024-12-15 11:39:13,114]: [Phone.py]: Run: 26:       INFO:    [Scraping Phase Complete]
[2024-12-15 11:39:13,114]: [Phone_Data_Processor.py]: data_reader: 38:       INFO:    [Scraped Data Loaded]
[2024-12-15 11:39:13,115]: [Phone_Data_Processor.py]: filter_list: 65:       INFO:    [Persian Phrases Are deleted]
[2024-12-15 11:39:13,116]: [Phone_Data_Processor.py]: reshape_list: 87:       INFO:    [Date Reshaped]
[2024-12-15 11:39:13,116]: [Phone_Data_Processor.py]: separate_brands: 124:       INFO:    [Brands Are Separated]
[2024-12-15 11:39:13,117]: [Phone_Data_Processor.py]: delete_extra_spaces: 141:       INFO:    [Extra Spaces Are Deleted]
[2024-12-15 11:39:13,759]: [Phone.py]: Run: 29:       INFO:    [Imagination Phase Complete]
[2024-12-15 11:39:13,759]: [selector_events.py]: __init__: 64:       DEBUG:    [Using selector: EpollSelector]
[2024-12-15 11:39:14,076]: [_bot.py]: _do_post: 643:       DEBUG:    [Calling Bot API endpoint `getMe` with parameters `{}`]
[2024-12-15 11:39:14,081]: [_trace.py]: atrace: 87:       DEBUG:    [connect_tcp.started host='api.telegram.org' port=443 local_address=None timeout=5.0 socket_options=None]
[2024-12-15 11:39:14,203]: [_trace.py]: atrace: 87:       DEBUG:    [connect_tcp.complete return_value=<httpcore._backends.anyio.AnyIOStream object at 0x7fa4459e0680>]
[2024-12-15 11:39:14,203]: [_trace.py]: atrace: 87:       DEBUG:    [start_tls.started ssl_context=<ssl.SSLContext object at 0x7fa44603aa50> server_hostname='api.telegram.org' timeout=5.0]
[2024-12-15 11:39:14,310]: [_trace.py]: atrace: 87:       DEBUG:    [start_tls.complete return_value=<httpcore._backends.anyio.AnyIOStream object at 0x7fa446020a70>]
[2024-12-15 11:39:14,310]: [_trace.py]: atrace: 87:       DEBUG:    [send_request_headers.started request=<Request [b'POST']>]
[2024-12-15 11:39:14,310]: [_trace.py]: atrace: 87:       DEBUG:    [send_request_headers.complete]
[2024-12-15 11:39:14,311]: [_trace.py]: atrace: 87:       DEBUG:    [send_request_body.started request=<Request [b'POST']>]
[2024-12-15 11:39:14,311]: [_trace.py]: atrace: 87:       DEBUG:    [send_request_body.complete]
[2024-12-15 11:39:14,311]: [_trace.py]: atrace: 87:       DEBUG:    [receive_response_headers.started request=<Request [b'POST']>]
[2024-12-15 11:39:14,416]: [_trace.py]: atrace: 87:       DEBUG:    [receive_response_headers.complete return_value=(b'HTTP/1.1', 200, b'OK', [(b'Server', b'nginx/1.18.0'), (b'Date', b'Sun, 15 Dec 2024 11:39:14 GMT'), (b'Content-Type', b'application/json'), (b'Content-Length', b'258'), (b'Connection', b'keep-alive'), (b'Strict-Transport-Security', b'max-age=31536000; includeSubDomains; preload'), (b'Access-Control-Allow-Origin', b'*'), (b'Access-Control-Allow-Methods', b'GET, POST, OPTIONS'), (b'Access-Control-Expose-Headers', b'Content-Length,Content-Type,Date,Server,Connection')])]
[2024-12-15 11:39:14,416]: [_client.py]: _send_single_request: 1740:       INFO:    [HTTP Request: POST https://api.telegram.org/bot6030805959:AAGUHAMxLYc-PrevgKouJ3ZyM7ktu56ftjo/getMe "HTTP/1.1 200 OK"]
[2024-12-15 11:39:14,417]: [_trace.py]: atrace: 87:       DEBUG:    [receive_response_body.started request=<Request [b'POST']>]
[2024-12-15 11:39:14,417]: [_trace.py]: atrace: 87:       DEBUG:    [receive_response_body.complete]
[2024-12-15 11:39:14,417]: [_trace.py]: atrace: 87:       DEBUG:    [response_closed.started]
[2024-12-15 11:39:14,417]: [_trace.py]: atrace: 87:       DEBUG:    [response_closed.complete]
[2024-12-15 11:39:14,417]: [_bot.py]: _do_post: 652:       DEBUG:    [Call to Bot API endpoint `getMe` finished with return value `{'id': 6030805959, 'is_bot': True, 'first_name': 'TyPHoone', 'username': 'TyPHoone_Project_bot', 'can_join_groups': True, 'can_read_all_group_messages': False, 'supports_inline_queries': False, 'can_connect_to_business': False, 'has_main_web_app': False}`]
[2024-12-15 11:39:14,420]: [_bot.py]: _do_post: 643:       DEBUG:    [Calling Bot API endpoint `sendDocument` with parameters `{'chat_id': '-4119703192', 'document': <telegram._files.inputfile.InputFile object at 0x7fa445851480>}`]
[2024-12-15 11:39:14,421]: [_trace.py]: atrace: 87:       DEBUG:    [send_request_headers.started request=<Request [b'POST']>]
[2024-12-15 11:39:14,421]: [_trace.py]: atrace: 87:       DEBUG:    [send_request_headers.complete]
[2024-12-15 11:39:14,421]: [_trace.py]: atrace: 87:       DEBUG:    [send_request_body.started request=<Request [b'POST']>]
[2024-12-15 11:39:14,422]: [_trace.py]: atrace: 87:       DEBUG:    [send_request_body.complete]
[2024-12-15 11:39:14,422]: [_trace.py]: atrace: 87:       DEBUG:    [receive_response_headers.started request=<Request [b'POST']>]
[2024-12-15 11:39:14,661]: [_trace.py]: atrace: 87:       DEBUG:    [receive_response_headers.complete return_value=(b'HTTP/1.1', 200, b'OK', [(b'Server', b'nginx/1.18.0'), (b'Date', b'Sun, 15 Dec 2024 11:39:14 GMT'), (b'Content-Type', b'application/json'), (b'Content-Length', b'464'), (b'Connection', b'keep-alive'), (b'Strict-Transport-Security', b'max-age=31536000; includeSubDomains; preload'), (b'Access-Control-Allow-Origin', b'*'), (b'Access-Control-Allow-Methods', b'GET, POST, OPTIONS'), (b'Access-Control-Expose-Headers', b'Content-Length,Content-Type,Date,Server,Connection')])]
[2024-12-15 11:39:14,661]: [_client.py]: _send_single_request: 1740:       INFO:    [HTTP Request: POST https://api.telegram.org/bot6030805959:AAGUHAMxLYc-PrevgKouJ3ZyM7ktu56ftjo/sendDocument "HTTP/1.1 200 OK"]
[2024-12-15 11:39:14,661]: [_trace.py]: atrace: 87:       DEBUG:    [receive_response_body.started request=<Request [b'POST']>]
[2024-12-15 11:39:14,661]: [_trace.py]: atrace: 87:       DEBUG:    [receive_response_body.complete]
[2024-12-15 11:39:14,661]: [_trace.py]: atrace: 87:       DEBUG:    [response_closed.started]
[2024-12-15 11:39:14,661]: [_trace.py]: atrace: 87:       DEBUG:    [response_closed.complete]
[2024-12-15 11:39:14,661]: [_bot.py]: _do_post: 652:       DEBUG:    [Call to Bot API endpoint `sendDocument` finished with return value `{'message_id': 2051, 'from': {'id': 6030805959, 'is_bot': True, 'first_name': 'TyPHoone', 'username': 'TyPHoone_Project_bot'}, 'chat': {'id': -4119703192, 'title': 'Robocop', 'type': 'group', 'all_members_are_administrators': True}, 'date': 1734262754, 'document': {'file_name': '(2024_12_15--11_39).log', 'mime_type': 'text/plain', 'file_id': 'BQACAgQAAxkDAAIIA2dev-I8G9k9cjvfYNcmfqfG-PseAAITFQACrJH4Uu9m6QGlmyn5NgQ', 'file_unique_id': 'AgADExUAAqyR-FI', 'file_size': 5937}}`]
[2024-12-15 11:39:14,662]: [_trace.py]: atrace: 87:       DEBUG:    [close.started]
[2024-12-15 11:39:14,662]: [_trace.py]: atrace: 87:       DEBUG:    [close.complete]
[2024-12-15 11:39:14,720]: [_bot.py]: _do_post: 643:       DEBUG:    [Calling Bot API endpoint `getMe` with parameters `{}`]
[2024-12-15 11:39:14,720]: [_trace.py]: atrace: 87:       DEBUG:    [connect_tcp.started host='api.telegram.org' port=443 local_address=None timeout=5.0 socket_options=None]
[2024-12-15 11:39:14,824]: [_trace.py]: atrace: 87:       DEBUG:    [connect_tcp.complete return_value=<httpcore._backends.anyio.AnyIOStream object at 0x7fa44588af60>]
[2024-12-15 11:39:14,824]: [_trace.py]: atrace: 87:       DEBUG:    [start_tls.started ssl_context=<ssl.SSLContext object at 0x7fa44603a850> server_hostname='api.telegram.org' timeout=5.0]
[2024-12-15 11:39:14,930]: [_trace.py]: atrace: 87:       DEBUG:    [start_tls.complete return_value=<httpcore._backends.anyio.AnyIOStream object at 0x7fa44604b800>]
[2024-12-15 11:39:14,930]: [_trace.py]: atrace: 87:       DEBUG:    [send_request_headers.started request=<Request [b'POST']>]
[2024-12-15 11:39:14,930]: [_trace.py]: atrace: 87:       DEBUG:    [send_request_headers.complete]
[2024-12-15 11:39:14,930]: [_trace.py]: atrace: 87:       DEBUG:    [send_request_body.started request=<Request [b'POST']>]
[2024-12-15 11:39:14,930]: [_trace.py]: atrace: 87:       DEBUG:    [send_request_body.complete]
[2024-12-15 11:39:14,930]: [_trace.py]: atrace: 87:       DEBUG:    [receive_response_headers.started request=<Request [b'POST']>]
[2024-12-15 11:39:15,034]: [_trace.py]: atrace: 87:       DEBUG:    [receive_response_headers.complete return_value=(b'HTTP/1.1', 200, b'OK', [(b'Server', b'nginx/1.18.0'), (b'Date', b'Sun, 15 Dec 2024 11:39:14 GMT'), (b'Content-Type', b'application/json'), (b'Content-Length', b'258'), (b'Connection', b'keep-alive'), (b'Strict-Transport-Security', b'max-age=31536000; includeSubDomains; preload'), (b'Access-Control-Allow-Origin', b'*'), (b'Access-Control-Allow-Methods', b'GET, POST, OPTIONS'), (b'Access-Control-Expose-Headers', b'Content-Length,Content-Type,Date,Server,Connection')])]
[2024-12-15 11:39:15,034]: [_client.py]: _send_single_request: 1740:       INFO:    [HTTP Request: POST https://api.telegram.org/bot6030805959:AAGUHAMxLYc-PrevgKouJ3ZyM7ktu56ftjo/getMe "HTTP/1.1 200 OK"]
[2024-12-15 11:39:15,035]: [_trace.py]: atrace: 87:       DEBUG:    [receive_response_body.started request=<Request [b'POST']>]
[2024-12-15 11:39:15,035]: [_trace.py]: atrace: 87:       DEBUG:    [receive_response_body.complete]
[2024-12-15 11:39:15,035]: [_trace.py]: atrace: 87:       DEBUG:    [response_closed.started]
[2024-12-15 11:39:15,035]: [_trace.py]: atrace: 87:       DEBUG:    [response_closed.complete]
[2024-12-15 11:39:15,035]: [_bot.py]: _do_post: 652:       DEBUG:    [Call to Bot API endpoint `getMe` finished with return value `{'id': 6030805959, 'is_bot': True, 'first_name': 'TyPHoone', 'username': 'TyPHoone_Project_bot', 'can_join_groups': True, 'can_read_all_group_messages': False, 'supports_inline_queries': False, 'can_connect_to_business': False, 'has_main_web_app': False}`]
[2024-12-15 11:39:15,038]: [_bot.py]: _do_post: 643:       DEBUG:    [Calling Bot API endpoint `sendDocument` with parameters `{'chat_id': '-4119703192', 'document': <telegram._files.inputfile.InputFile object at 0x7fa446086740>}`]
[2024-12-15 11:39:15,038]: [_trace.py]: atrace: 87:       DEBUG:    [send_request_headers.started request=<Request [b'POST']>]
[2024-12-15 11:39:15,038]: [_trace.py]: atrace: 87:       DEBUG:    [send_request_headers.complete]
[2024-12-15 11:39:15,038]: [_trace.py]: atrace: 87:       DEBUG:    [send_request_body.started request=<Request [b'POST']>]
[2024-12-15 11:39:16,099]: [_trace.py]: atrace: 87:       DEBUG:    [send_request_body.complete]
[2024-12-15 11:39:16,099]: [_trace.py]: atrace: 87:       DEBUG:    [receive_response_headers.started request=<Request [b'POST']>]
[2024-12-15 11:39:16,755]: [_trace.py]: atrace: 87:       DEBUG:    [receive_response_headers.complete return_value=(b'HTTP/1.1', 200, b'OK', [(b'Server', b'nginx/1.18.0'), (b'Date', b'Sun, 15 Dec 2024 11:39:16 GMT'), (b'Content-Type', b'application/json'), (b'Content-Length', b'478'), (b'Connection', b'keep-alive'), (b'Strict-Transport-Security', b'max-age=31536000; includeSubDomains; preload'), (b'Access-Control-Allow-Origin', b'*'), (b'Access-Control-Allow-Methods', b'GET, POST, OPTIONS'), (b'Access-Control-Expose-Headers', b'Content-Length,Content-Type,Date,Server,Connection')])]
[2024-12-15 11:39:16,756]: [_client.py]: _send_single_request: 1740:       INFO:    [HTTP Request: POST https://api.telegram.org/bot6030805959:AAGUHAMxLYc-PrevgKouJ3ZyM7ktu56ftjo/sendDocument "HTTP/1.1 200 OK"]
[2024-12-15 11:39:16,756]: [_trace.py]: atrace: 87:       DEBUG:    [receive_response_body.started request=<Request [b'POST']>]
[2024-12-15 11:39:16,756]: [_trace.py]: atrace: 87:       DEBUG:    [receive_response_body.complete]
[2024-12-15 11:39:16,756]: [_trace.py]: atrace: 87:       DEBUG:    [response_closed.started]
[2024-12-15 11:39:16,756]: [_trace.py]: atrace: 87:       DEBUG:    [response_closed.complete]
[2024-12-15 11:39:16,756]: [_bot.py]: _do_post: 652:       DEBUG:    [Call to Bot API endpoint `sendDocument` finished with return value `{'message_id': 2052, 'from': {'id': 6030805959, 'is_bot': True, 'first_name': 'TyPHoone', 'username': 'TyPHoone_Project_bot'}, 'chat': {'id': -4119703192, 'title': 'Robocop', 'type': 'group', 'all_members_are_administrators': True}, 'date': 1734262756, 'document': {'file_name': '(2024_12_15--11_39)output.zip', 'mime_type': 'application/zip', 'file_id': 'BQACAgQAAxkDAAIIBGdev-Qs_peO3KHUxMvHFed5PDW5AAIUFQACrJH4UldD8kg-Qx1wNgQ', 'file_unique_id': 'AgADFBUAAqyR-FI', 'file_size': 9593031}}`]
[2024-12-15 11:39:16,757]: [_trace.py]: atrace: 87:       DEBUG:    [close.started]
[2024-12-15 11:39:16,757]: [_trace.py]: atrace: 87:       DEBUG:    [close.complete]
[2024-12-15 11:39:16,757]: [Telegram_Sender.py]: runner: 61:       INFO:    [sent successfully]
[2024-12-15 11:39:16,758]: [Main.py]: <module>: 48:       INFO:    [Finished]
