[2024-04-26 14:13:00,190]: [Main.py]: <module>: 21:       INFO:    [Started]
[2024-04-26 14:13:01,706]: [Iron_Scraper.py]: Scrap: 32:       INFO:    [Data Scaraped Successfully]
[2024-04-26 14:13:01,902]: [Iron_Scraper.py]: Scrap: 70:       INFO:    [Scrapped Data Has No Problem]
[2024-04-26 14:13:01,903]: [Iron_Scraper.py]: Scrap: 83:       INFO:    [Data Saved Successfully]
[2024-04-26 14:13:01,903]: [Iron.py]: Run: 26:       INFO:    [Scraping Phase Completed]
[2024-04-26 14:13:01,903]: [Iron_Data_Processor.py]: Data_Reader: 61:       INFO:    [Data File Has Been Red Successfully]
[2024-04-26 14:13:01,903]: [Iron_Data_Processor.py]: Shaper: 78:       INFO:    [Data Shaped]
[2024-04-26 14:13:01,903]: [Iron_Data_Processor.py]: Process: 225:       INFO:    [Data Cleaned]
[2024-04-26 14:13:01,904]: [Iron_Data_Processor.py]: Make_Pages_Objects: 101:       INFO:    [Page Objects Has Been Made]
[2024-04-26 14:13:01,904]: [Iron_Data_Processor.py]: Make_Pages_Objects: 101:       INFO:    [Page Objects Has Been Made]
[2024-04-26 14:13:01,904]: [Iron_Data_Processor.py]: Load_Data: 118:       INFO:    [Data Has Been Load]
[2024-04-26 14:13:01,904]: [Iron_Data_Processor.py]: Load_Data: 118:       INFO:    [Data Has Been Load]
[2024-04-26 14:13:01,904]: [Iron_Data_Processor.py]: Load_positions: 140:       INFO:    [Positions Are Ready]
[2024-04-26 14:13:01,904]: [Iron_Data_Processor.py]: Load_positions: 140:       INFO:    [Positions Are Ready]
[2024-04-26 14:13:03,623]: [Iron_Data_Processor.py]: Make_Tagged_Images: 192:       INFO:    [Images Has Been Made]
[2024-04-26 14:13:05,169]: [Iron_Data_Processor.py]: Make_Tagged_Images: 192:       INFO:    [Images Has Been Made]
[2024-04-26 14:13:05,596]: [Iron_Data_Processor.py]: Make_Cover_Page: 212:       INFO:    [Made Cover Pages]
[2024-04-26 14:13:05,596]: [Iron.py]: Run: 29:       INFO:    [Imagination Phase Completed]
[2024-04-26 14:13:09,289]: [Phone_Scraper.py]: Scrap: 58:       INFO:    [Data Scraped]
[2024-04-26 14:13:09,289]: [Phone_Scraper.py]: Scrap: 71:       INFO:    [Scraped Data Successfully]
[2024-04-26 14:13:09,289]: [Phone.py]: Run: 26:       INFO:    [Scraping Phase Complete]
[2024-04-26 14:13:09,289]: [Phone_Data_Processor.py]: data_reader: 35:       CRITICAL:    [Failed To Load Scraped Data File]
[2024-04-26 14:13:09,289]: [Phone_Data_Processor.py]: filter_list: 64:       INFO:    [Persian Phrases Are deleted]
[2024-04-26 14:13:09,289]: [Phone_Data_Processor.py]: reshape_list: 84:       ERROR:    [Failed To Reshape Data]
[2024-04-26 14:13:09,289]: [Phone_Data_Processor.py]: separate_brands: 121:       CRITICAL:    [Couldnt Separate Brands From Each Other]
[2024-04-26 14:13:09,289]: [Phone_Data_Processor.py]: delete_extra_spaces: 140:       INFO:    [Extra Spaces Are Deleted]
[2024-04-26 14:13:09,289]: [Phone.py]: Run: 29:       INFO:    [Imagination Phase Complete]
[2024-04-26 14:13:09,290]: [selector_events.py]: __init__: 64:       DEBUG:    [Using selector: EpollSelector]
[2024-04-26 14:13:09,290]: [_bot.py]: _do_post: 643:       DEBUG:    [Calling Bot API endpoint `getMe` with parameters `{}`]
[2024-04-26 14:13:09,294]: [_trace.py]: atrace: 85:       DEBUG:    [connect_tcp.started host='api.telegram.org' port=443 local_address=None timeout=5.0 socket_options=None]
[2024-04-26 14:13:09,419]: [_trace.py]: atrace: 85:       DEBUG:    [connect_tcp.complete return_value=<httpcore._backends.anyio.AnyIOStream object at 0x7f7a33cac3e0>]
[2024-04-26 14:13:09,420]: [_trace.py]: atrace: 85:       DEBUG:    [start_tls.started ssl_context=<ssl.SSLContext object at 0x7f7a34735d50> server_hostname='api.telegram.org' timeout=5.0]
[2024-04-26 14:13:09,521]: [_trace.py]: atrace: 85:       DEBUG:    [start_tls.complete return_value=<httpcore._backends.anyio.AnyIOStream object at 0x7f7a33f8eba0>]
[2024-04-26 14:13:09,522]: [_trace.py]: atrace: 85:       DEBUG:    [send_request_headers.started request=<Request [b'POST']>]
[2024-04-26 14:13:09,522]: [_trace.py]: atrace: 85:       DEBUG:    [send_request_headers.complete]
[2024-04-26 14:13:09,522]: [_trace.py]: atrace: 85:       DEBUG:    [send_request_body.started request=<Request [b'POST']>]
[2024-04-26 14:13:09,522]: [_trace.py]: atrace: 85:       DEBUG:    [send_request_body.complete]
[2024-04-26 14:13:09,522]: [_trace.py]: atrace: 85:       DEBUG:    [receive_response_headers.started request=<Request [b'POST']>]
[2024-04-26 14:13:09,623]: [_trace.py]: atrace: 85:       DEBUG:    [receive_response_headers.complete return_value=(b'HTTP/1.1', 200, b'OK', [(b'Server', b'nginx/1.18.0'), (b'Date', b'Fri, 26 Apr 2024 14:13:09 GMT'), (b'Content-Type', b'application/json'), (b'Content-Length', b'237'), (b'Connection', b'keep-alive'), (b'Strict-Transport-Security', b'max-age=31536000; includeSubDomains; preload'), (b'Access-Control-Allow-Origin', b'*'), (b'Access-Control-Allow-Methods', b'GET, POST, OPTIONS'), (b'Access-Control-Expose-Headers', b'Content-Length,Content-Type,Date,Server,Connection')])]
[2024-04-26 14:13:09,623]: [_client.py]: _send_single_request: 1773:       INFO:    [HTTP Request: POST https://api.telegram.org/bot6030805959:AAGUHAMxLYc-PrevgKouJ3ZyM7ktu56ftjo/getMe "HTTP/1.1 200 OK"]
[2024-04-26 14:13:09,623]: [_trace.py]: atrace: 85:       DEBUG:    [receive_response_body.started request=<Request [b'POST']>]
[2024-04-26 14:13:09,623]: [_trace.py]: atrace: 85:       DEBUG:    [receive_response_body.complete]
[2024-04-26 14:13:09,623]: [_trace.py]: atrace: 85:       DEBUG:    [response_closed.started]
[2024-04-26 14:13:09,624]: [_trace.py]: atrace: 85:       DEBUG:    [response_closed.complete]
[2024-04-26 14:13:09,624]: [_bot.py]: _do_post: 652:       DEBUG:    [Call to Bot API endpoint `getMe` finished with return value `{'id': 6030805959, 'is_bot': True, 'first_name': 'TyPHoone_bot', 'username': 'TyPHoone_Project_bot', 'can_join_groups': True, 'can_read_all_group_messages': False, 'supports_inline_queries': False, 'can_connect_to_business': False}`]
[2024-04-26 14:13:09,627]: [_bot.py]: _do_post: 643:       DEBUG:    [Calling Bot API endpoint `sendDocument` with parameters `{'chat_id': '-4119703192', 'document': <telegram._files.inputfile.InputFile object at 0x7f7a33ca5b40>}`]
[2024-04-26 14:13:09,628]: [_trace.py]: atrace: 85:       DEBUG:    [send_request_headers.started request=<Request [b'POST']>]
[2024-04-26 14:13:09,628]: [_trace.py]: atrace: 85:       DEBUG:    [send_request_headers.complete]
[2024-04-26 14:13:09,628]: [_trace.py]: atrace: 85:       DEBUG:    [send_request_body.started request=<Request [b'POST']>]
[2024-04-26 14:13:09,629]: [_trace.py]: atrace: 85:       DEBUG:    [send_request_body.complete]
[2024-04-26 14:13:09,629]: [_trace.py]: atrace: 85:       DEBUG:    [receive_response_headers.started request=<Request [b'POST']>]
[2024-04-26 14:13:09,868]: [_trace.py]: atrace: 85:       DEBUG:    [receive_response_headers.complete return_value=(b'HTTP/1.1', 200, b'OK', [(b'Server', b'nginx/1.18.0'), (b'Date', b'Fri, 26 Apr 2024 14:13:09 GMT'), (b'Content-Type', b'application/json'), (b'Content-Length', b'467'), (b'Connection', b'keep-alive'), (b'Strict-Transport-Security', b'max-age=31536000; includeSubDomains; preload'), (b'Access-Control-Allow-Origin', b'*'), (b'Access-Control-Allow-Methods', b'GET, POST, OPTIONS'), (b'Access-Control-Expose-Headers', b'Content-Length,Content-Type,Date,Server,Connection')])]
[2024-04-26 14:13:09,869]: [_client.py]: _send_single_request: 1773:       INFO:    [HTTP Request: POST https://api.telegram.org/bot6030805959:AAGUHAMxLYc-PrevgKouJ3ZyM7ktu56ftjo/sendDocument "HTTP/1.1 200 OK"]
[2024-04-26 14:13:09,869]: [_trace.py]: atrace: 85:       DEBUG:    [receive_response_body.started request=<Request [b'POST']>]
[2024-04-26 14:13:09,869]: [_trace.py]: atrace: 85:       DEBUG:    [receive_response_body.complete]
[2024-04-26 14:13:09,869]: [_trace.py]: atrace: 85:       DEBUG:    [response_closed.started]
[2024-04-26 14:13:09,869]: [_trace.py]: atrace: 85:       DEBUG:    [response_closed.complete]
[2024-04-26 14:13:09,869]: [_bot.py]: _do_post: 652:       DEBUG:    [Call to Bot API endpoint `sendDocument` finished with return value `{'message_id': 258, 'from': {'id': 6030805959, 'is_bot': True, 'first_name': 'TyPHoone_bot', 'username': 'TyPHoone_Project_bot'}, 'chat': {'id': -4119703192, 'title': 'Robocop', 'type': 'group', 'all_members_are_administrators': True}, 'date': 1714140789, 'document': {'file_name': '(2024_04_26--14_13).log', 'mime_type': 'text/plain', 'file_id': 'BQACAgQAAxkDAAIBAmYrtnW7CA4xgjtlmuxW5vQe0QONAAJ5FgAC7shgUcyfRNTz1HYBNAQ', 'file_unique_id': 'AgADeRYAAu7IYFE', 'file_size': 5964}}`]
[2024-04-26 14:13:09,870]: [_trace.py]: atrace: 85:       DEBUG:    [close.started]
[2024-04-26 14:13:09,870]: [_trace.py]: atrace: 85:       DEBUG:    [close.complete]
[2024-04-26 14:13:09,870]: [_config.py]: load_ssl_context: 80:       DEBUG:    [load_ssl_context verify=True cert=None trust_env=True http2=False]
[2024-04-26 14:13:09,871]: [_config.py]: load_ssl_context_verify: 146:       DEBUG:    [load_verify_locations cafile='/opt/hostedtoolcache/Python/3.12.3/x64/lib/python3.12/site-packages/certifi/cacert.pem']
[2024-04-26 14:13:09,897]: [_config.py]: load_ssl_context: 80:       DEBUG:    [load_ssl_context verify=True cert=None trust_env=True http2=False]
[2024-04-26 14:13:09,898]: [_config.py]: load_ssl_context_verify: 146:       DEBUG:    [load_verify_locations cafile='/opt/hostedtoolcache/Python/3.12.3/x64/lib/python3.12/site-packages/certifi/cacert.pem']
[2024-04-26 14:13:09,924]: [_bot.py]: _do_post: 643:       DEBUG:    [Calling Bot API endpoint `getMe` with parameters `{}`]
[2024-04-26 14:13:09,925]: [_trace.py]: atrace: 85:       DEBUG:    [connect_tcp.started host='api.telegram.org' port=443 local_address=None timeout=5.0 socket_options=None]
[2024-04-26 14:13:10,026]: [_trace.py]: atrace: 85:       DEBUG:    [connect_tcp.complete return_value=<httpcore._backends.anyio.AnyIOStream object at 0x7f7a343dc3b0>]
[2024-04-26 14:13:10,026]: [_trace.py]: atrace: 85:       DEBUG:    [start_tls.started ssl_context=<ssl.SSLContext object at 0x7f7a34735b50> server_hostname='api.telegram.org' timeout=5.0]
[2024-04-26 14:13:10,130]: [_trace.py]: atrace: 85:       DEBUG:    [start_tls.complete return_value=<httpcore._backends.anyio.AnyIOStream object at 0x7f7a343dc470>]
[2024-04-26 14:13:10,130]: [_trace.py]: atrace: 85:       DEBUG:    [send_request_headers.started request=<Request [b'POST']>]
[2024-04-26 14:13:10,130]: [_trace.py]: atrace: 85:       DEBUG:    [send_request_headers.complete]
[2024-04-26 14:13:10,130]: [_trace.py]: atrace: 85:       DEBUG:    [send_request_body.started request=<Request [b'POST']>]
[2024-04-26 14:13:10,130]: [_trace.py]: atrace: 85:       DEBUG:    [send_request_body.complete]
[2024-04-26 14:13:10,130]: [_trace.py]: atrace: 85:       DEBUG:    [receive_response_headers.started request=<Request [b'POST']>]
[2024-04-26 14:13:10,231]: [_trace.py]: atrace: 85:       DEBUG:    [receive_response_headers.complete return_value=(b'HTTP/1.1', 200, b'OK', [(b'Server', b'nginx/1.18.0'), (b'Date', b'Fri, 26 Apr 2024 14:13:10 GMT'), (b'Content-Type', b'application/json'), (b'Content-Length', b'237'), (b'Connection', b'keep-alive'), (b'Strict-Transport-Security', b'max-age=31536000; includeSubDomains; preload'), (b'Access-Control-Allow-Origin', b'*'), (b'Access-Control-Allow-Methods', b'GET, POST, OPTIONS'), (b'Access-Control-Expose-Headers', b'Content-Length,Content-Type,Date,Server,Connection')])]
[2024-04-26 14:13:10,231]: [_client.py]: _send_single_request: 1773:       INFO:    [HTTP Request: POST https://api.telegram.org/bot6030805959:AAGUHAMxLYc-PrevgKouJ3ZyM7ktu56ftjo/getMe "HTTP/1.1 200 OK"]
[2024-04-26 14:13:10,231]: [_trace.py]: atrace: 85:       DEBUG:    [receive_response_body.started request=<Request [b'POST']>]
[2024-04-26 14:13:10,231]: [_trace.py]: atrace: 85:       DEBUG:    [receive_response_body.complete]
[2024-04-26 14:13:10,231]: [_trace.py]: atrace: 85:       DEBUG:    [response_closed.started]
[2024-04-26 14:13:10,232]: [_trace.py]: atrace: 85:       DEBUG:    [response_closed.complete]
[2024-04-26 14:13:10,232]: [_bot.py]: _do_post: 652:       DEBUG:    [Call to Bot API endpoint `getMe` finished with return value `{'id': 6030805959, 'is_bot': True, 'first_name': 'TyPHoone_bot', 'username': 'TyPHoone_Project_bot', 'can_join_groups': True, 'can_read_all_group_messages': False, 'supports_inline_queries': False, 'can_connect_to_business': False}`]
[2024-04-26 14:13:10,232]: [_bot.py]: _do_post: 643:       DEBUG:    [Calling Bot API endpoint `sendDocument` with parameters `{'chat_id': '-4119703192', 'document': <telegram._files.inputfile.InputFile object at 0x7f7a33b4fdc0>}`]
[2024-04-26 14:13:10,232]: [_trace.py]: atrace: 85:       DEBUG:    [send_request_headers.started request=<Request [b'POST']>]
[2024-04-26 14:13:10,233]: [_trace.py]: atrace: 85:       DEBUG:    [send_request_headers.complete]
[2024-04-26 14:13:10,233]: [_trace.py]: atrace: 85:       DEBUG:    [send_request_body.started request=<Request [b'POST']>]
[2024-04-26 14:13:10,631]: [_trace.py]: atrace: 85:       DEBUG:    [send_request_body.complete]
[2024-04-26 14:13:10,631]: [_trace.py]: atrace: 85:       DEBUG:    [receive_response_headers.started request=<Request [b'POST']>]
[2024-04-26 14:13:11,299]: [_trace.py]: atrace: 85:       DEBUG:    [receive_response_headers.complete return_value=(b'HTTP/1.1', 200, b'OK', [(b'Server', b'nginx/1.18.0'), (b'Date', b'Fri, 26 Apr 2024 14:13:11 GMT'), (b'Content-Type', b'application/json'), (b'Content-Length', b'823'), (b'Connection', b'keep-alive'), (b'Strict-Transport-Security', b'max-age=31536000; includeSubDomains; preload'), (b'Access-Control-Allow-Origin', b'*'), (b'Access-Control-Allow-Methods', b'GET, POST, OPTIONS'), (b'Access-Control-Expose-Headers', b'Content-Length,Content-Type,Date,Server,Connection')])]
[2024-04-26 14:13:11,299]: [_client.py]: _send_single_request: 1773:       INFO:    [HTTP Request: POST https://api.telegram.org/bot6030805959:AAGUHAMxLYc-PrevgKouJ3ZyM7ktu56ftjo/sendDocument "HTTP/1.1 200 OK"]
[2024-04-26 14:13:11,299]: [_trace.py]: atrace: 85:       DEBUG:    [receive_response_body.started request=<Request [b'POST']>]
[2024-04-26 14:13:11,299]: [_trace.py]: atrace: 85:       DEBUG:    [receive_response_body.complete]
[2024-04-26 14:13:11,299]: [_trace.py]: atrace: 85:       DEBUG:    [response_closed.started]
[2024-04-26 14:13:11,299]: [_trace.py]: atrace: 85:       DEBUG:    [response_closed.complete]
[2024-04-26 14:13:11,300]: [_bot.py]: _do_post: 652:       DEBUG:    [Call to Bot API endpoint `sendDocument` finished with return value `{'message_id': 259, 'from': {'id': 6030805959, 'is_bot': True, 'first_name': 'TyPHoone_bot', 'username': 'TyPHoone_Project_bot'}, 'chat': {'id': -4119703192, 'title': 'Robocop', 'type': 'group', 'all_members_are_administrators': True}, 'date': 1714140791, 'document': {'file_name': '1-Tir_Ahan.png', 'mime_type': 'image/png', 'thumbnail': {'file_id': 'AAMCBAADGQMAAgEDZiu2dySxFP_Q7wu0-h6be9KHVyUAAnoWAALuyGBRSLt7kMqVuTsBAAdtAAM0BA', 'file_unique_id': 'AQADehYAAu7IYFFy', 'file_size': 38071, 'width': 320, 'height': 320}, 'thumb': {'file_id': 'AAMCBAADGQMAAgEDZiu2dySxFP_Q7wu0-h6be9KHVyUAAnoWAALuyGBRSLt7kMqVuTsBAAdtAAM0BA', 'file_unique_id': 'AQADehYAAu7IYFFy', 'file_size': 38071, 'width': 320, 'height': 320}, 'file_id': 'BQACAgQAAxkDAAIBA2YrtncksRT_0O8LtPoem3vSh1clAAJ6FgAC7shgUUi7e5DKlbk7NAQ', 'file_unique_id': 'AgADehYAAu7IYFE', 'file_size': 800285}}`]
[2024-04-26 14:13:11,300]: [_bot.py]: _do_post: 643:       DEBUG:    [Calling Bot API endpoint `sendDocument` with parameters `{'chat_id': '-4119703192', 'document': <telegram._files.inputfile.InputFile object at 0x7f7a33b4fd80>}`]
[2024-04-26 14:13:11,301]: [_trace.py]: atrace: 85:       DEBUG:    [send_request_headers.started request=<Request [b'POST']>]
[2024-04-26 14:13:11,303]: [_trace.py]: atrace: 85:       DEBUG:    [send_request_headers.complete]
[2024-04-26 14:13:11,303]: [_trace.py]: atrace: 85:       DEBUG:    [send_request_body.started request=<Request [b'POST']>]
[2024-04-26 14:13:11,304]: [_trace.py]: atrace: 85:       DEBUG:    [send_request_body.complete]
[2024-04-26 14:13:11,304]: [_trace.py]: atrace: 85:       DEBUG:    [receive_response_headers.started request=<Request [b'POST']>]
[2024-04-26 14:13:11,727]: [_trace.py]: atrace: 85:       DEBUG:    [receive_response_headers.complete return_value=(b'HTTP/1.1', 200, b'OK', [(b'Server', b'nginx/1.18.0'), (b'Date', b'Fri, 26 Apr 2024 14:13:11 GMT'), (b'Content-Type', b'application/json'), (b'Content-Length', b'830'), (b'Connection', b'keep-alive'), (b'Strict-Transport-Security', b'max-age=31536000; includeSubDomains; preload'), (b'Access-Control-Allow-Origin', b'*'), (b'Access-Control-Allow-Methods', b'GET, POST, OPTIONS'), (b'Access-Control-Expose-Headers', b'Content-Length,Content-Type,Date,Server,Connection')])]
[2024-04-26 14:13:11,727]: [_client.py]: _send_single_request: 1773:       INFO:    [HTTP Request: POST https://api.telegram.org/bot6030805959:AAGUHAMxLYc-PrevgKouJ3ZyM7ktu56ftjo/sendDocument "HTTP/1.1 200 OK"]
[2024-04-26 14:13:11,728]: [_trace.py]: atrace: 85:       DEBUG:    [receive_response_body.started request=<Request [b'POST']>]
[2024-04-26 14:13:11,728]: [_trace.py]: atrace: 85:       DEBUG:    [receive_response_body.complete]
[2024-04-26 14:13:11,728]: [_trace.py]: atrace: 85:       DEBUG:    [response_closed.started]
[2024-04-26 14:13:11,728]: [_trace.py]: atrace: 85:       DEBUG:    [response_closed.complete]
[2024-04-26 14:13:11,728]: [_bot.py]: _do_post: 652:       DEBUG:    [Call to Bot API endpoint `sendDocument` finished with return value `{'message_id': 260, 'from': {'id': 6030805959, 'is_bot': True, 'first_name': 'TyPHoone_bot', 'username': 'TyPHoone_Project_bot'}, 'chat': {'id': -4119703192, 'title': 'Robocop', 'type': 'group', 'all_members_are_administrators': True}, 'date': 1714140791, 'document': {'file_name': '9-Waraq_Galwanize.png', 'mime_type': 'image/png', 'thumbnail': {'file_id': 'AAMCBAADGQMAAgEEZiu2d7M80stB2j8O9F2IV7d8FGcAAnsWAALuyGBRFf2VqPF9FOkBAAdtAAM0BA', 'file_unique_id': 'AQADexYAAu7IYFFy', 'file_size': 38228, 'width': 320, 'height': 320}, 'thumb': {'file_id': 'AAMCBAADGQMAAgEEZiu2d7M80stB2j8O9F2IV7d8FGcAAnsWAALuyGBRFf2VqPF9FOkBAAdtAAM0BA', 'file_unique_id': 'AQADexYAAu7IYFFy', 'file_size': 38228, 'width': 320, 'height': 320}, 'file_id': 'BQACAgQAAxkDAAIBBGYrtnezPNLLQdo_DvRdiFe3fBRnAAJ7FgAC7shgURX9lajxfRTpNAQ', 'file_unique_id': 'AgADexYAAu7IYFE', 'file_size': 771618}}`]
[2024-04-26 14:13:11,729]: [_bot.py]: _do_post: 643:       DEBUG:    [Calling Bot API endpoint `sendDocument` with parameters `{'chat_id': '-4119703192', 'document': <telegram._files.inputfile.InputFile object at 0x7f7a34ae6600>}`]
[2024-04-26 14:13:11,729]: [_trace.py]: atrace: 85:       DEBUG:    [send_request_headers.started request=<Request [b'POST']>]
[2024-04-26 14:13:11,729]: [_trace.py]: atrace: 85:       DEBUG:    [send_request_headers.complete]
[2024-04-26 14:13:11,729]: [_trace.py]: atrace: 85:       DEBUG:    [send_request_body.started request=<Request [b'POST']>]
[2024-04-26 14:13:11,730]: [_trace.py]: atrace: 85:       DEBUG:    [send_request_body.complete]
[2024-04-26 14:13:11,731]: [_trace.py]: atrace: 85:       DEBUG:    [receive_response_headers.started request=<Request [b'POST']>]
[2024-04-26 14:13:12,185]: [_trace.py]: atrace: 85:       DEBUG:    [receive_response_headers.complete return_value=(b'HTTP/1.1', 200, b'OK', [(b'Server', b'nginx/1.18.0'), (b'Date', b'Fri, 26 Apr 2024 14:13:12 GMT'), (b'Content-Type', b'application/json'), (b'Content-Length', b'822'), (b'Connection', b'keep-alive'), (b'Strict-Transport-Security', b'max-age=31536000; includeSubDomains; preload'), (b'Access-Control-Allow-Origin', b'*'), (b'Access-Control-Allow-Methods', b'GET, POST, OPTIONS'), (b'Access-Control-Expose-Headers', b'Content-Length,Content-Type,Date,Server,Connection')])]
[2024-04-26 14:13:12,185]: [_client.py]: _send_single_request: 1773:       INFO:    [HTTP Request: POST https://api.telegram.org/bot6030805959:AAGUHAMxLYc-PrevgKouJ3ZyM7ktu56ftjo/sendDocument "HTTP/1.1 200 OK"]
[2024-04-26 14:13:12,185]: [_trace.py]: atrace: 85:       DEBUG:    [receive_response_body.started request=<Request [b'POST']>]
[2024-04-26 14:13:12,185]: [_trace.py]: atrace: 85:       DEBUG:    [receive_response_body.complete]
[2024-04-26 14:13:12,185]: [_trace.py]: atrace: 85:       DEBUG:    [response_closed.started]
[2024-04-26 14:13:12,186]: [_trace.py]: atrace: 85:       DEBUG:    [response_closed.complete]
[2024-04-26 14:13:12,186]: [_bot.py]: _do_post: 652:       DEBUG:    [Call to Bot API endpoint `sendDocument` finished with return value `{'message_id': 261, 'from': {'id': 6030805959, 'is_bot': True, 'first_name': 'TyPHoone_bot', 'username': 'TyPHoone_Project_bot'}, 'chat': {'id': -4119703192, 'title': 'Robocop', 'type': 'group', 'all_members_are_administrators': True}, 'date': 1714140792, 'document': {'file_name': '2-Milgerd.png', 'mime_type': 'image/png', 'thumbnail': {'file_id': 'AAMCBAADGQMAAgEFZiu2dy9KVFxw2ZQ4tNk0fO5BckkAAnwWAALuyGBRgsXliAbS0gMBAAdtAAM0BA', 'file_unique_id': 'AQADfBYAAu7IYFFy', 'file_size': 41941, 'width': 320, 'height': 320}, 'thumb': {'file_id': 'AAMCBAADGQMAAgEFZiu2dy9KVFxw2ZQ4tNk0fO5BckkAAnwWAALuyGBRgsXliAbS0gMBAAdtAAM0BA', 'file_unique_id': 'AQADfBYAAu7IYFFy', 'file_size': 41941, 'width': 320, 'height': 320}, 'file_id': 'BQACAgQAAxkDAAIBBWYrtncvSlRccNmUOLTZNHzuQXJJAAJ8FgAC7shgUYLF5YgG0tIDNAQ', 'file_unique_id': 'AgADfBYAAu7IYFE', 'file_size': 789580}}`]
[2024-04-26 14:13:12,186]: [_bot.py]: _do_post: 643:       DEBUG:    [Calling Bot API endpoint `sendDocument` with parameters `{'chat_id': '-4119703192', 'document': <telegram._files.inputfile.InputFile object at 0x7f7a358fbc80>}`]
[2024-04-26 14:13:12,187]: [_trace.py]: atrace: 85:       DEBUG:    [send_request_headers.started request=<Request [b'POST']>]
[2024-04-26 14:13:12,187]: [_trace.py]: atrace: 85:       DEBUG:    [send_request_headers.complete]
[2024-04-26 14:13:12,187]: [_trace.py]: atrace: 85:       DEBUG:    [send_request_body.started request=<Request [b'POST']>]
[2024-04-26 14:13:12,188]: [_trace.py]: atrace: 85:       DEBUG:    [send_request_body.complete]
[2024-04-26 14:13:12,188]: [_trace.py]: atrace: 85:       DEBUG:    [receive_response_headers.started request=<Request [b'POST']>]
[2024-04-26 14:13:12,697]: [_trace.py]: atrace: 85:       DEBUG:    [receive_response_headers.complete return_value=(b'HTTP/1.1', 200, b'OK', [(b'Server', b'nginx/1.18.0'), (b'Date', b'Fri, 26 Apr 2024 14:13:12 GMT'), (b'Content-Type', b'application/json'), (b'Content-Length', b'821'), (b'Connection', b'keep-alive'), (b'Strict-Transport-Security', b'max-age=31536000; includeSubDomains; preload'), (b'Access-Control-Allow-Origin', b'*'), (b'Access-Control-Allow-Methods', b'GET, POST, OPTIONS'), (b'Access-Control-Expose-Headers', b'Content-Length,Content-Type,Date,Server,Connection')])]
[2024-04-26 14:13:12,698]: [_client.py]: _send_single_request: 1773:       INFO:    [HTTP Request: POST https://api.telegram.org/bot6030805959:AAGUHAMxLYc-PrevgKouJ3ZyM7ktu56ftjo/sendDocument "HTTP/1.1 200 OK"]
[2024-04-26 14:13:12,698]: [_trace.py]: atrace: 85:       DEBUG:    [receive_response_body.started request=<Request [b'POST']>]
[2024-04-26 14:13:12,698]: [_trace.py]: atrace: 85:       DEBUG:    [receive_response_body.complete]
[2024-04-26 14:13:12,698]: [_trace.py]: atrace: 85:       DEBUG:    [response_closed.started]
[2024-04-26 14:13:12,698]: [_trace.py]: atrace: 85:       DEBUG:    [response_closed.complete]
[2024-04-26 14:13:12,698]: [_bot.py]: _do_post: 652:       DEBUG:    [Call to Bot API endpoint `sendDocument` finished with return value `{'message_id': 262, 'from': {'id': 6030805959, 'is_bot': True, 'first_name': 'TyPHoone_bot', 'username': 'TyPHoone_Project_bot'}, 'chat': {'id': -4119703192, 'title': 'Robocop', 'type': 'group', 'all_members_are_administrators': True}, 'date': 1714140792, 'document': {'file_name': '5-Nabshi.png', 'mime_type': 'image/png', 'thumbnail': {'file_id': 'AAMCBAADGQMAAgEGZiu2eMOWtvYYwNVaaPfFp9SRHOEAAn0WAALuyGBRrnFx0iOXLa0BAAdtAAM0BA', 'file_unique_id': 'AQADfRYAAu7IYFFy', 'file_size': 31624, 'width': 320, 'height': 320}, 'thumb': {'file_id': 'AAMCBAADGQMAAgEGZiu2eMOWtvYYwNVaaPfFp9SRHOEAAn0WAALuyGBRrnFx0iOXLa0BAAdtAAM0BA', 'file_unique_id': 'AQADfRYAAu7IYFFy', 'file_size': 31624, 'width': 320, 'height': 320}, 'file_id': 'BQACAgQAAxkDAAIBBmYrtnjDlrb2GMDVWmj3xafUkRzhAAJ9FgAC7shgUa5xcdIjly2tNAQ', 'file_unique_id': 'AgADfRYAAu7IYFE', 'file_size': 739717}}`]
[2024-04-26 14:13:12,699]: [_bot.py]: _do_post: 643:       DEBUG:    [Calling Bot API endpoint `sendDocument` with parameters `{'chat_id': '-4119703192', 'document': <telegram._files.inputfile.InputFile object at 0x7f7a34744180>}`]
[2024-04-26 14:13:12,699]: [_trace.py]: atrace: 85:       DEBUG:    [send_request_headers.started request=<Request [b'POST']>]
[2024-04-26 14:13:12,699]: [_trace.py]: atrace: 85:       DEBUG:    [send_request_headers.complete]
[2024-04-26 14:13:12,700]: [_trace.py]: atrace: 85:       DEBUG:    [send_request_body.started request=<Request [b'POST']>]
[2024-04-26 14:13:12,701]: [_trace.py]: atrace: 85:       DEBUG:    [send_request_body.complete]
[2024-04-26 14:13:12,701]: [_trace.py]: atrace: 85:       DEBUG:    [receive_response_headers.started request=<Request [b'POST']>]
[2024-04-26 14:13:16,096]: [_trace.py]: atrace: 85:       DEBUG:    [receive_response_headers.complete return_value=(b'HTTP/1.1', 200, b'OK', [(b'Server', b'nginx/1.18.0'), (b'Date', b'Fri, 26 Apr 2024 14:13:16 GMT'), (b'Content-Type', b'application/json'), (b'Content-Length', b'825'), (b'Connection', b'keep-alive'), (b'Strict-Transport-Security', b'max-age=31536000; includeSubDomains; preload'), (b'Access-Control-Allow-Origin', b'*'), (b'Access-Control-Allow-Methods', b'GET, POST, OPTIONS'), (b'Access-Control-Expose-Headers', b'Content-Length,Content-Type,Date,Server,Connection')])]
[2024-04-26 14:13:16,097]: [_client.py]: _send_single_request: 1773:       INFO:    [HTTP Request: POST https://api.telegram.org/bot6030805959:AAGUHAMxLYc-PrevgKouJ3ZyM7ktu56ftjo/sendDocument "HTTP/1.1 200 OK"]
[2024-04-26 14:13:16,097]: [_trace.py]: atrace: 85:       DEBUG:    [receive_response_body.started request=<Request [b'POST']>]
[2024-04-26 14:13:16,097]: [_trace.py]: atrace: 85:       DEBUG:    [receive_response_body.complete]
[2024-04-26 14:13:16,097]: [_trace.py]: atrace: 85:       DEBUG:    [response_closed.started]
[2024-04-26 14:13:16,097]: [_trace.py]: atrace: 85:       DEBUG:    [response_closed.complete]
[2024-04-26 14:13:16,098]: [_bot.py]: _do_post: 652:       DEBUG:    [Call to Bot API endpoint `sendDocument` finished with return value `{'message_id': 263, 'from': {'id': 6030805959, 'is_bot': True, 'first_name': 'TyPHoone_bot', 'username': 'TyPHoone_Project_bot'}, 'chat': {'id': -4119703192, 'title': 'Robocop', 'type': 'group', 'all_members_are_administrators': True}, 'date': 1714140796, 'document': {'file_name': '6-Waraq_Siah.png', 'mime_type': 'image/png', 'thumbnail': {'file_id': 'AAMCBAADGQMAAgEHZiu2e7PLEAUE-BVsjOzPfimEhYYAAn4WAALuyGBRg-Bl0325SSoBAAdtAAM0BA', 'file_unique_id': 'AQADfhYAAu7IYFFy', 'file_size': 42779, 'width': 320, 'height': 320}, 'thumb': {'file_id': 'AAMCBAADGQMAAgEHZiu2e7PLEAUE-BVsjOzPfimEhYYAAn4WAALuyGBRg-Bl0325SSoBAAdtAAM0BA', 'file_unique_id': 'AQADfhYAAu7IYFFy', 'file_size': 42779, 'width': 320, 'height': 320}, 'file_id': 'BQACAgQAAxkDAAIBB2YrtnuzyxAFBPgVbIzsz34phIWGAAJ-FgAC7shgUYPgZdN9uUkqNAQ', 'file_unique_id': 'AgADfhYAAu7IYFE', 'file_size': 799003}}`]
[2024-04-26 14:13:16,098]: [_bot.py]: _do_post: 643:       DEBUG:    [Calling Bot API endpoint `sendDocument` with parameters `{'chat_id': '-4119703192', 'document': <telegram._files.inputfile.InputFile object at 0x7f7a358fbc80>}`]
[2024-04-26 14:13:16,099]: [_trace.py]: atrace: 85:       DEBUG:    [send_request_headers.started request=<Request [b'POST']>]
[2024-04-26 14:13:16,099]: [_trace.py]: atrace: 85:       DEBUG:    [send_request_headers.complete]
[2024-04-26 14:13:16,099]: [_trace.py]: atrace: 85:       DEBUG:    [send_request_body.started request=<Request [b'POST']>]
[2024-04-26 14:13:16,100]: [_trace.py]: atrace: 85:       DEBUG:    [send_request_body.complete]
[2024-04-26 14:13:16,100]: [_trace.py]: atrace: 85:       DEBUG:    [receive_response_headers.started request=<Request [b'POST']>]
[2024-04-26 14:13:16,846]: [_trace.py]: atrace: 85:       DEBUG:    [receive_response_headers.complete return_value=(b'HTTP/1.1', 200, b'OK', [(b'Server', b'nginx/1.18.0'), (b'Date', b'Fri, 26 Apr 2024 14:13:16 GMT'), (b'Content-Type', b'application/json'), (b'Content-Length', b'822'), (b'Connection', b'keep-alive'), (b'Strict-Transport-Security', b'max-age=31536000; includeSubDomains; preload'), (b'Access-Control-Allow-Origin', b'*'), (b'Access-Control-Allow-Methods', b'GET, POST, OPTIONS'), (b'Access-Control-Expose-Headers', b'Content-Length,Content-Type,Date,Server,Connection')])]
[2024-04-26 14:13:16,847]: [_client.py]: _send_single_request: 1773:       INFO:    [HTTP Request: POST https://api.telegram.org/bot6030805959:AAGUHAMxLYc-PrevgKouJ3ZyM7ktu56ftjo/sendDocument "HTTP/1.1 200 OK"]
[2024-04-26 14:13:16,847]: [_trace.py]: atrace: 85:       DEBUG:    [receive_response_body.started request=<Request [b'POST']>]
[2024-04-26 14:13:16,847]: [_trace.py]: atrace: 85:       DEBUG:    [receive_response_body.complete]
[2024-04-26 14:13:16,847]: [_trace.py]: atrace: 85:       DEBUG:    [response_closed.started]
[2024-04-26 14:13:16,847]: [_trace.py]: atrace: 85:       DEBUG:    [response_closed.complete]
[2024-04-26 14:13:16,847]: [_bot.py]: _do_post: 652:       DEBUG:    [Call to Bot API endpoint `sendDocument` finished with return value `{'message_id': 264, 'from': {'id': 6030805959, 'is_bot': True, 'first_name': 'TyPHoone_bot', 'username': 'TyPHoone_Project_bot'}, 'chat': {'id': -4119703192, 'title': 'Robocop', 'type': 'group', 'all_members_are_administrators': True}, 'date': 1714140796, 'document': {'file_name': '4-Nawdani.png', 'mime_type': 'image/png', 'thumbnail': {'file_id': 'AAMCBAADGQMAAgEIZiu2fE0WUhp1I3NzzggV6M429BYAAn8WAALuyGBRB5xTCs2vo-sBAAdtAAM0BA', 'file_unique_id': 'AQADfxYAAu7IYFFy', 'file_size': 32369, 'width': 320, 'height': 320}, 'thumb': {'file_id': 'AAMCBAADGQMAAgEIZiu2fE0WUhp1I3NzzggV6M429BYAAn8WAALuyGBRB5xTCs2vo-sBAAdtAAM0BA', 'file_unique_id': 'AQADfxYAAu7IYFFy', 'file_size': 32369, 'width': 320, 'height': 320}, 'file_id': 'BQACAgQAAxkDAAIBCGYrtnxNFlIadSNzc84IFejONvQWAAJ_FgAC7shgUQecUwrNr6PrNAQ', 'file_unique_id': 'AgADfxYAAu7IYFE', 'file_size': 724873}}`]
[2024-04-26 14:13:16,848]: [_bot.py]: _do_post: 643:       DEBUG:    [Calling Bot API endpoint `sendDocument` with parameters `{'chat_id': '-4119703192', 'document': <telegram._files.inputfile.InputFile object at 0x7f7a34744180>}`]
[2024-04-26 14:13:16,848]: [_trace.py]: atrace: 85:       DEBUG:    [send_request_headers.started request=<Request [b'POST']>]
[2024-04-26 14:13:16,849]: [_trace.py]: atrace: 85:       DEBUG:    [send_request_headers.complete]
[2024-04-26 14:13:16,849]: [_trace.py]: atrace: 85:       DEBUG:    [send_request_body.started request=<Request [b'POST']>]
[2024-04-26 14:13:16,850]: [_trace.py]: atrace: 85:       DEBUG:    [send_request_body.complete]
[2024-04-26 14:13:16,850]: [_trace.py]: atrace: 85:       DEBUG:    [receive_response_headers.started request=<Request [b'POST']>]
[2024-04-26 14:13:17,096]: [_trace.py]: atrace: 85:       DEBUG:    [receive_response_headers.complete return_value=(b'HTTP/1.1', 200, b'OK', [(b'Server', b'nginx/1.18.0'), (b'Date', b'Fri, 26 Apr 2024 14:13:17 GMT'), (b'Content-Type', b'application/json'), (b'Content-Length', b'822'), (b'Connection', b'keep-alive'), (b'Strict-Transport-Security', b'max-age=31536000; includeSubDomains; preload'), (b'Access-Control-Allow-Origin', b'*'), (b'Access-Control-Allow-Methods', b'GET, POST, OPTIONS'), (b'Access-Control-Expose-Headers', b'Content-Length,Content-Type,Date,Server,Connection')])]
[2024-04-26 14:13:17,096]: [_client.py]: _send_single_request: 1773:       INFO:    [HTTP Request: POST https://api.telegram.org/bot6030805959:AAGUHAMxLYc-PrevgKouJ3ZyM7ktu56ftjo/sendDocument "HTTP/1.1 200 OK"]
[2024-04-26 14:13:17,096]: [_trace.py]: atrace: 85:       DEBUG:    [receive_response_body.started request=<Request [b'POST']>]
[2024-04-26 14:13:17,096]: [_trace.py]: atrace: 85:       DEBUG:    [receive_response_body.complete]
[2024-04-26 14:13:17,096]: [_trace.py]: atrace: 85:       DEBUG:    [response_closed.started]
[2024-04-26 14:13:17,096]: [_trace.py]: atrace: 85:       DEBUG:    [response_closed.complete]
[2024-04-26 14:13:17,096]: [_bot.py]: _do_post: 652:       DEBUG:    [Call to Bot API endpoint `sendDocument` finished with return value `{'message_id': 265, 'from': {'id': 6030805959, 'is_bot': True, 'first_name': 'TyPHoone_bot', 'username': 'TyPHoone_Project_bot'}, 'chat': {'id': -4119703192, 'title': 'Robocop', 'type': 'group', 'all_members_are_administrators': True}, 'date': 1714140797, 'document': {'file_name': '3-Profill.png', 'mime_type': 'image/png', 'thumbnail': {'file_id': 'AAMCBAADGQMAAgEJZiu2fPknrmC4QIGLNf1B7DOz5ysAAoAWAALuyGBRFyxuzpq9wG4BAAdtAAM0BA', 'file_unique_id': 'AQADgBYAAu7IYFFy', 'file_size': 31969, 'width': 320, 'height': 320}, 'thumb': {'file_id': 'AAMCBAADGQMAAgEJZiu2fPknrmC4QIGLNf1B7DOz5ysAAoAWAALuyGBRFyxuzpq9wG4BAAdtAAM0BA', 'file_unique_id': 'AQADgBYAAu7IYFFy', 'file_size': 31969, 'width': 320, 'height': 320}, 'file_id': 'BQACAgQAAxkDAAIBCWYrtnz5J65guECBizX9Qewzs-crAAKAFgAC7shgURcsbs6avcBuNAQ', 'file_unique_id': 'AgADgBYAAu7IYFE', 'file_size': 668049}}`]
[2024-04-26 14:13:17,097]: [_bot.py]: _do_post: 643:       DEBUG:    [Calling Bot API endpoint `sendDocument` with parameters `{'chat_id': '-4119703192', 'document': <telegram._files.inputfile.InputFile object at 0x7f7a358fbc80>}`]
[2024-04-26 14:13:17,098]: [_trace.py]: atrace: 85:       DEBUG:    [send_request_headers.started request=<Request [b'POST']>]
[2024-04-26 14:13:17,098]: [_trace.py]: atrace: 85:       DEBUG:    [send_request_headers.complete]
[2024-04-26 14:13:17,098]: [_trace.py]: atrace: 85:       DEBUG:    [send_request_body.started request=<Request [b'POST']>]
[2024-04-26 14:13:17,099]: [_trace.py]: atrace: 85:       DEBUG:    [send_request_body.complete]
[2024-04-26 14:13:17,099]: [_trace.py]: atrace: 85:       DEBUG:    [receive_response_headers.started request=<Request [b'POST']>]
[2024-04-26 14:13:17,415]: [_trace.py]: atrace: 85:       DEBUG:    [receive_response_headers.complete return_value=(b'HTTP/1.1', 200, b'OK', [(b'Server', b'nginx/1.18.0'), (b'Date', b'Fri, 26 Apr 2024 14:13:17 GMT'), (b'Content-Type', b'application/json'), (b'Content-Length', b'831'), (b'Connection', b'keep-alive'), (b'Strict-Transport-Security', b'max-age=31536000; includeSubDomains; preload'), (b'Access-Control-Allow-Origin', b'*'), (b'Access-Control-Allow-Methods', b'GET, POST, OPTIONS'), (b'Access-Control-Expose-Headers', b'Content-Length,Content-Type,Date,Server,Connection')])]
[2024-04-26 14:13:17,415]: [_client.py]: _send_single_request: 1773:       INFO:    [HTTP Request: POST https://api.telegram.org/bot6030805959:AAGUHAMxLYc-PrevgKouJ3ZyM7ktu56ftjo/sendDocument "HTTP/1.1 200 OK"]
[2024-04-26 14:13:17,415]: [_trace.py]: atrace: 85:       DEBUG:    [receive_response_body.started request=<Request [b'POST']>]
[2024-04-26 14:13:17,415]: [_trace.py]: atrace: 85:       DEBUG:    [receive_response_body.complete]
[2024-04-26 14:13:17,415]: [_trace.py]: atrace: 85:       DEBUG:    [response_closed.started]
[2024-04-26 14:13:17,416]: [_trace.py]: atrace: 85:       DEBUG:    [response_closed.complete]
[2024-04-26 14:13:17,416]: [_bot.py]: _do_post: 652:       DEBUG:    [Call to Bot API endpoint `sendDocument` finished with return value `{'message_id': 266, 'from': {'id': 6030805959, 'is_bot': True, 'first_name': 'TyPHoone_bot', 'username': 'TyPHoone_Project_bot'}, 'chat': {'id': -4119703192, 'title': 'Robocop', 'type': 'group', 'all_members_are_administrators': True}, 'date': 1714140797, 'document': {'file_name': '7-Tasme_Maftoul.png', 'mime_type': 'image/png', 'thumbnail': {'file_id': 'AAMCBAADGQMAAgEKZiu2fQ8AAf_u8DpXNyzPOCfTYFqHAAKBFgAC7shgUZgi53KQRrdaAQAHbQADNAQ', 'file_unique_id': 'AQADgRYAAu7IYFFy', 'file_size': 35245, 'width': 320, 'height': 320}, 'thumb': {'file_id': 'AAMCBAADGQMAAgEKZiu2fQ8AAf_u8DpXNyzPOCfTYFqHAAKBFgAC7shgUZgi53KQRrdaAQAHbQADNAQ', 'file_unique_id': 'AQADgRYAAu7IYFFy', 'file_size': 35245, 'width': 320, 'height': 320}, 'file_id': 'BQACAgQAAxkDAAIBCmYrtn0PAAH_7vA6Vzcszzgn02BahwACgRYAAu7IYFGYIudykEa3WjQE', 'file_unique_id': 'AgADgRYAAu7IYFE', 'file_size': 694602}}`]
[2024-04-26 14:13:17,416]: [_bot.py]: _do_post: 643:       DEBUG:    [Calling Bot API endpoint `sendDocument` with parameters `{'chat_id': '-4119703192', 'document': <telegram._files.inputfile.InputFile object at 0x7f7a34744180>}`]
[2024-04-26 14:13:17,417]: [_trace.py]: atrace: 85:       DEBUG:    [send_request_headers.started request=<Request [b'POST']>]
[2024-04-26 14:13:17,417]: [_trace.py]: atrace: 85:       DEBUG:    [send_request_headers.complete]
[2024-04-26 14:13:17,417]: [_trace.py]: atrace: 85:       DEBUG:    [send_request_body.started request=<Request [b'POST']>]
[2024-04-26 14:13:17,418]: [_trace.py]: atrace: 85:       DEBUG:    [send_request_body.complete]
[2024-04-26 14:13:17,418]: [_trace.py]: atrace: 85:       DEBUG:    [receive_response_headers.started request=<Request [b'POST']>]
[2024-04-26 14:13:17,669]: [_trace.py]: atrace: 85:       DEBUG:    [receive_response_headers.complete return_value=(b'HTTP/1.1', 200, b'OK', [(b'Server', b'nginx/1.18.0'), (b'Date', b'Fri, 26 Apr 2024 14:13:17 GMT'), (b'Content-Type', b'application/json'), (b'Content-Length', b'822'), (b'Connection', b'keep-alive'), (b'Strict-Transport-Security', b'max-age=31536000; includeSubDomains; preload'), (b'Access-Control-Allow-Origin', b'*'), (b'Access-Control-Allow-Methods', b'GET, POST, OPTIONS'), (b'Access-Control-Expose-Headers', b'Content-Length,Content-Type,Date,Server,Connection')])]
[2024-04-26 14:13:17,669]: [_client.py]: _send_single_request: 1773:       INFO:    [HTTP Request: POST https://api.telegram.org/bot6030805959:AAGUHAMxLYc-PrevgKouJ3ZyM7ktu56ftjo/sendDocument "HTTP/1.1 200 OK"]
[2024-04-26 14:13:17,670]: [_trace.py]: atrace: 85:       DEBUG:    [receive_response_body.started request=<Request [b'POST']>]
[2024-04-26 14:13:17,670]: [_trace.py]: atrace: 85:       DEBUG:    [receive_response_body.complete]
[2024-04-26 14:13:17,670]: [_trace.py]: atrace: 85:       DEBUG:    [response_closed.started]
[2024-04-26 14:13:17,670]: [_trace.py]: atrace: 85:       DEBUG:    [response_closed.complete]
[2024-04-26 14:13:17,670]: [_bot.py]: _do_post: 652:       DEBUG:    [Call to Bot API endpoint `sendDocument` finished with return value `{'message_id': 267, 'from': {'id': 6030805959, 'is_bot': True, 'first_name': 'TyPHoone_bot', 'username': 'TyPHoone_Project_bot'}, 'chat': {'id': -4119703192, 'title': 'Robocop', 'type': 'group', 'all_members_are_administrators': True}, 'date': 1714140797, 'document': {'file_name': '8-Khamoot.png', 'mime_type': 'image/png', 'thumbnail': {'file_id': 'AAMCBAADGQMAAgELZiu2fXUrwUx5CU5qgTdfKNjQWLQAAoIWAALuyGBRAkfALr6x53MBAAdtAAM0BA', 'file_unique_id': 'AQADghYAAu7IYFFy', 'file_size': 26974, 'width': 320, 'height': 320}, 'thumb': {'file_id': 'AAMCBAADGQMAAgELZiu2fXUrwUx5CU5qgTdfKNjQWLQAAoIWAALuyGBRAkfALr6x53MBAAdtAAM0BA', 'file_unique_id': 'AQADghYAAu7IYFFy', 'file_size': 26974, 'width': 320, 'height': 320}, 'file_id': 'BQACAgQAAxkDAAIBC2Yrtn11K8FMeQlOaoE3XyjY0Fi0AAKCFgAC7shgUQJHwC6-sedzNAQ', 'file_unique_id': 'AgADghYAAu7IYFE', 'file_size': 673373}}`]
[2024-04-26 14:13:17,671]: [_bot.py]: _do_post: 643:       DEBUG:    [Calling Bot API endpoint `sendDocument` with parameters `{'chat_id': '-4119703192', 'document': <telegram._files.inputfile.InputFile object at 0x7f7a358fbc80>}`]
[2024-04-26 14:13:17,671]: [_trace.py]: atrace: 85:       DEBUG:    [send_request_headers.started request=<Request [b'POST']>]
[2024-04-26 14:13:17,671]: [_trace.py]: atrace: 85:       DEBUG:    [send_request_headers.complete]
[2024-04-26 14:13:17,671]: [_trace.py]: atrace: 85:       DEBUG:    [send_request_body.started request=<Request [b'POST']>]
[2024-04-26 14:13:17,673]: [_trace.py]: atrace: 85:       DEBUG:    [send_request_body.complete]
[2024-04-26 14:13:17,673]: [_trace.py]: atrace: 85:       DEBUG:    [receive_response_headers.started request=<Request [b'POST']>]
[2024-04-26 14:13:22,678]: [_trace.py]: atrace: 85:       DEBUG:    [receive_response_headers.failed exception=ReadTimeout(TimeoutError())]
[2024-04-26 14:13:22,678]: [_trace.py]: atrace: 85:       DEBUG:    [response_closed.started]
[2024-04-26 14:13:22,679]: [_trace.py]: atrace: 85:       DEBUG:    [response_closed.complete]
[2024-04-26 14:13:22,679]: [Telegram_Sender.py]: runner: 37:       CRITICAL:    [Files Didnt sent]
[2024-04-26 14:13:22,680]: [Main.py]: <module>: 48:       INFO:    [Finished]
