[2024-11-10 11:38:57,355]: [Main.py]: <module>: 21:       INFO:    [Started]
[2024-11-10 11:38:59,488]: [Iron_Scraper.py]: Scrap: 32:       INFO:    [Data Scaraped Successfully]
[2024-11-10 11:38:59,670]: [Iron_Scraper.py]: Scrap: 70:       INFO:    [Scrapped Data Has No Problem]
[2024-11-10 11:38:59,671]: [Iron_Scraper.py]: Scrap: 83:       INFO:    [Data Saved Successfully]
[2024-11-10 11:38:59,671]: [Iron.py]: Run: 26:       INFO:    [Scraping Phase Completed]
[2024-11-10 11:38:59,671]: [Iron_Data_Processor.py]: Data_Reader: 61:       INFO:    [Data File Has Been Red Successfully]
[2024-11-10 11:38:59,671]: [Iron_Data_Processor.py]: Shaper: 78:       INFO:    [Data Shaped]
[2024-11-10 11:38:59,671]: [Iron_Data_Processor.py]: Process: 228:       INFO:    [Data Cleaned]
[2024-11-10 11:38:59,671]: [Iron_Data_Processor.py]: Make_Pages_Objects: 101:       INFO:    [Page Objects Has Been Made]
[2024-11-10 11:38:59,671]: [Iron_Data_Processor.py]: Make_Pages_Objects: 101:       INFO:    [Page Objects Has Been Made]
[2024-11-10 11:38:59,672]: [Iron_Data_Processor.py]: Load_Data: 118:       INFO:    [Data Has Been Load]
[2024-11-10 11:38:59,672]: [Iron_Data_Processor.py]: Load_Data: 118:       INFO:    [Data Has Been Load]
[2024-11-10 11:38:59,672]: [Iron_Data_Processor.py]: Load_positions: 140:       INFO:    [Positions Are Ready]
[2024-11-10 11:38:59,672]: [Iron_Data_Processor.py]: Load_positions: 140:       INFO:    [Positions Are Ready]
[2024-11-10 11:39:00,794]: [Iron_Data_Processor.py]: Make_Tagged_Images: 193:       INFO:    [Images Has Been Made]
[2024-11-10 11:39:01,750]: [Iron_Data_Processor.py]: Make_Tagged_Images: 193:       INFO:    [Images Has Been Made]
[2024-11-10 11:39:02,004]: [Iron_Data_Processor.py]: Make_Cover_Page: 215:       INFO:    [Made Cover Pages]
[2024-11-10 11:39:02,004]: [Iron.py]: Run: 29:       INFO:    [Imagination Phase Completed]
[2024-11-10 11:39:05,712]: [Phone_Scraper.py]: Scrap: 58:       INFO:    [Data Scraped]
[2024-11-10 11:39:05,712]: [Phone_Scraper.py]: Scrap: 71:       INFO:    [Scraped Data Successfully]
[2024-11-10 11:39:05,712]: [Phone.py]: Run: 26:       INFO:    [Scraping Phase Complete]
[2024-11-10 11:39:05,713]: [Phone_Data_Processor.py]: data_reader: 38:       INFO:    [Scraped Data Loaded]
[2024-11-10 11:39:05,714]: [Phone_Data_Processor.py]: filter_list: 65:       INFO:    [Persian Phrases Are deleted]
[2024-11-10 11:39:05,714]: [Phone_Data_Processor.py]: reshape_list: 87:       INFO:    [Date Reshaped]
[2024-11-10 11:39:05,715]: [Phone_Data_Processor.py]: separate_brands: 124:       INFO:    [Brands Are Separated]
[2024-11-10 11:39:05,715]: [Phone_Data_Processor.py]: delete_extra_spaces: 141:       INFO:    [Extra Spaces Are Deleted]
[2024-11-10 11:39:06,475]: [Phone.py]: Run: 29:       INFO:    [Imagination Phase Complete]
[2024-11-10 11:39:06,475]: [selector_events.py]: __init__: 64:       DEBUG:    [Using selector: EpollSelector]
[2024-11-10 11:39:06,812]: [_bot.py]: _do_post: 643:       DEBUG:    [Calling Bot API endpoint `getMe` with parameters `{}`]
[2024-11-10 11:39:06,817]: [_trace.py]: atrace: 85:       DEBUG:    [connect_tcp.started host='api.telegram.org' port=443 local_address=None timeout=5.0 socket_options=None]
[2024-11-10 11:39:07,023]: [_trace.py]: atrace: 85:       DEBUG:    [connect_tcp.complete return_value=<httpcore._backends.anyio.AnyIOStream object at 0x7f43744c92e0>]
[2024-11-10 11:39:07,023]: [_trace.py]: atrace: 85:       DEBUG:    [start_tls.started ssl_context=<ssl.SSLContext object at 0x7f4374d3bb50> server_hostname='api.telegram.org' timeout=5.0]
[2024-11-10 11:39:07,173]: [_trace.py]: atrace: 85:       DEBUG:    [start_tls.complete return_value=<httpcore._backends.anyio.AnyIOStream object at 0x7f43753c12b0>]
[2024-11-10 11:39:07,173]: [_trace.py]: atrace: 85:       DEBUG:    [send_request_headers.started request=<Request [b'POST']>]
[2024-11-10 11:39:07,173]: [_trace.py]: atrace: 85:       DEBUG:    [send_request_headers.complete]
[2024-11-10 11:39:07,173]: [_trace.py]: atrace: 85:       DEBUG:    [send_request_body.started request=<Request [b'POST']>]
[2024-11-10 11:39:07,173]: [_trace.py]: atrace: 85:       DEBUG:    [send_request_body.complete]
[2024-11-10 11:39:07,173]: [_trace.py]: atrace: 85:       DEBUG:    [receive_response_headers.started request=<Request [b'POST']>]
[2024-11-10 11:39:07,322]: [_trace.py]: atrace: 85:       DEBUG:    [receive_response_headers.complete return_value=(b'HTTP/1.1', 200, b'OK', [(b'Server', b'nginx/1.18.0'), (b'Date', b'Sun, 10 Nov 2024 11:39:07 GMT'), (b'Content-Type', b'application/json'), (b'Content-Length', b'258'), (b'Connection', b'keep-alive'), (b'Strict-Transport-Security', b'max-age=31536000; includeSubDomains; preload'), (b'Access-Control-Allow-Origin', b'*'), (b'Access-Control-Allow-Methods', b'GET, POST, OPTIONS'), (b'Access-Control-Expose-Headers', b'Content-Length,Content-Type,Date,Server,Connection')])]
[2024-11-10 11:39:07,322]: [_client.py]: _send_single_request: 1786:       INFO:    [HTTP Request: POST https://api.telegram.org/bot6030805959:AAGUHAMxLYc-PrevgKouJ3ZyM7ktu56ftjo/getMe "HTTP/1.1 200 OK"]
[2024-11-10 11:39:07,322]: [_trace.py]: atrace: 85:       DEBUG:    [receive_response_body.started request=<Request [b'POST']>]
[2024-11-10 11:39:07,322]: [_trace.py]: atrace: 85:       DEBUG:    [receive_response_body.complete]
[2024-11-10 11:39:07,322]: [_trace.py]: atrace: 85:       DEBUG:    [response_closed.started]
[2024-11-10 11:39:07,322]: [_trace.py]: atrace: 85:       DEBUG:    [response_closed.complete]
[2024-11-10 11:39:07,323]: [_bot.py]: _do_post: 652:       DEBUG:    [Call to Bot API endpoint `getMe` finished with return value `{'id': 6030805959, 'is_bot': True, 'first_name': 'TyPHoone', 'username': 'TyPHoone_Project_bot', 'can_join_groups': True, 'can_read_all_group_messages': False, 'supports_inline_queries': False, 'can_connect_to_business': False, 'has_main_web_app': False}`]
[2024-11-10 11:39:07,326]: [_bot.py]: _do_post: 643:       DEBUG:    [Calling Bot API endpoint `sendDocument` with parameters `{'chat_id': '-4119703192', 'document': <telegram._files.inputfile.InputFile object at 0x7f437438a040>}`]
[2024-11-10 11:39:07,327]: [_trace.py]: atrace: 85:       DEBUG:    [send_request_headers.started request=<Request [b'POST']>]
[2024-11-10 11:39:07,327]: [_trace.py]: atrace: 85:       DEBUG:    [send_request_headers.complete]
[2024-11-10 11:39:07,327]: [_trace.py]: atrace: 85:       DEBUG:    [send_request_body.started request=<Request [b'POST']>]
[2024-11-10 11:39:07,328]: [_trace.py]: atrace: 85:       DEBUG:    [send_request_body.complete]
[2024-11-10 11:39:07,328]: [_trace.py]: atrace: 85:       DEBUG:    [receive_response_headers.started request=<Request [b'POST']>]
[2024-11-10 11:39:07,668]: [_trace.py]: atrace: 85:       DEBUG:    [receive_response_headers.complete return_value=(b'HTTP/1.1', 200, b'OK', [(b'Server', b'nginx/1.18.0'), (b'Date', b'Sun, 10 Nov 2024 11:39:07 GMT'), (b'Content-Type', b'application/json'), (b'Content-Length', b'464'), (b'Connection', b'keep-alive'), (b'Strict-Transport-Security', b'max-age=31536000; includeSubDomains; preload'), (b'Access-Control-Allow-Origin', b'*'), (b'Access-Control-Allow-Methods', b'GET, POST, OPTIONS'), (b'Access-Control-Expose-Headers', b'Content-Length,Content-Type,Date,Server,Connection')])]
[2024-11-10 11:39:07,669]: [_client.py]: _send_single_request: 1786:       INFO:    [HTTP Request: POST https://api.telegram.org/bot6030805959:AAGUHAMxLYc-PrevgKouJ3ZyM7ktu56ftjo/sendDocument "HTTP/1.1 200 OK"]
[2024-11-10 11:39:07,669]: [_trace.py]: atrace: 85:       DEBUG:    [receive_response_body.started request=<Request [b'POST']>]
[2024-11-10 11:39:07,669]: [_trace.py]: atrace: 85:       DEBUG:    [receive_response_body.complete]
[2024-11-10 11:39:07,669]: [_trace.py]: atrace: 85:       DEBUG:    [response_closed.started]
[2024-11-10 11:39:07,669]: [_trace.py]: atrace: 85:       DEBUG:    [response_closed.complete]
[2024-11-10 11:39:07,669]: [_bot.py]: _do_post: 652:       DEBUG:    [Call to Bot API endpoint `sendDocument` finished with return value `{'message_id': 1980, 'from': {'id': 6030805959, 'is_bot': True, 'first_name': 'TyPHoone', 'username': 'TyPHoone_Project_bot'}, 'chat': {'id': -4119703192, 'title': 'Robocop', 'type': 'group', 'all_members_are_administrators': True}, 'date': 1731238747, 'document': {'file_name': '(2024_11_10--11_38).log', 'mime_type': 'text/plain', 'file_id': 'BQACAgQAAxkDAAIHvGcwm1s3xGAoHkgsUdKkdYyYxgReAAKIEQACb96IUb1zL2H3mFhLNgQ', 'file_unique_id': 'AgADiBEAAm_eiFE', 'file_size': 5937}}`]
[2024-11-10 11:39:07,670]: [_trace.py]: atrace: 85:       DEBUG:    [close.started]
[2024-11-10 11:39:07,670]: [_trace.py]: atrace: 85:       DEBUG:    [close.complete]
[2024-11-10 11:39:07,670]: [_config.py]: load_ssl_context: 82:       DEBUG:    [load_ssl_context verify=True cert=None trust_env=True http2=False]
[2024-11-10 11:39:07,670]: [_config.py]: load_ssl_context_verify: 148:       DEBUG:    [load_verify_locations cafile='/opt/hostedtoolcache/Python/3.12.7/x64/lib/python3.12/site-packages/certifi/cacert.pem']
[2024-11-10 11:39:07,698]: [_config.py]: load_ssl_context: 82:       DEBUG:    [load_ssl_context verify=True cert=None trust_env=True http2=False]
[2024-11-10 11:39:07,699]: [_config.py]: load_ssl_context_verify: 148:       DEBUG:    [load_verify_locations cafile='/opt/hostedtoolcache/Python/3.12.7/x64/lib/python3.12/site-packages/certifi/cacert.pem']
[2024-11-10 11:39:07,728]: [_bot.py]: _do_post: 643:       DEBUG:    [Calling Bot API endpoint `getMe` with parameters `{}`]
[2024-11-10 11:39:07,728]: [_trace.py]: atrace: 85:       DEBUG:    [connect_tcp.started host='api.telegram.org' port=443 local_address=None timeout=5.0 socket_options=None]
[2024-11-10 11:39:07,876]: [_trace.py]: atrace: 85:       DEBUG:    [connect_tcp.complete return_value=<httpcore._backends.anyio.AnyIOStream object at 0x7f4374395a60>]
[2024-11-10 11:39:07,876]: [_trace.py]: atrace: 85:       DEBUG:    [start_tls.started ssl_context=<ssl.SSLContext object at 0x7f4374d3b950> server_hostname='api.telegram.org' timeout=5.0]
[2024-11-10 11:39:08,025]: [_trace.py]: atrace: 85:       DEBUG:    [start_tls.complete return_value=<httpcore._backends.anyio.AnyIOStream object at 0x7f437539f3b0>]
[2024-11-10 11:39:08,025]: [_trace.py]: atrace: 85:       DEBUG:    [send_request_headers.started request=<Request [b'POST']>]
[2024-11-10 11:39:08,026]: [_trace.py]: atrace: 85:       DEBUG:    [send_request_headers.complete]
[2024-11-10 11:39:08,026]: [_trace.py]: atrace: 85:       DEBUG:    [send_request_body.started request=<Request [b'POST']>]
[2024-11-10 11:39:08,026]: [_trace.py]: atrace: 85:       DEBUG:    [send_request_body.complete]
[2024-11-10 11:39:08,026]: [_trace.py]: atrace: 85:       DEBUG:    [receive_response_headers.started request=<Request [b'POST']>]
[2024-11-10 11:39:08,204]: [_trace.py]: atrace: 85:       DEBUG:    [receive_response_headers.complete return_value=(b'HTTP/1.1', 200, b'OK', [(b'Server', b'nginx/1.18.0'), (b'Date', b'Sun, 10 Nov 2024 11:39:08 GMT'), (b'Content-Type', b'application/json'), (b'Content-Length', b'258'), (b'Connection', b'keep-alive'), (b'Strict-Transport-Security', b'max-age=31536000; includeSubDomains; preload'), (b'Access-Control-Allow-Origin', b'*'), (b'Access-Control-Allow-Methods', b'GET, POST, OPTIONS'), (b'Access-Control-Expose-Headers', b'Content-Length,Content-Type,Date,Server,Connection')])]
[2024-11-10 11:39:08,204]: [_client.py]: _send_single_request: 1786:       INFO:    [HTTP Request: POST https://api.telegram.org/bot6030805959:AAGUHAMxLYc-PrevgKouJ3ZyM7ktu56ftjo/getMe "HTTP/1.1 200 OK"]
[2024-11-10 11:39:08,204]: [_trace.py]: atrace: 85:       DEBUG:    [receive_response_body.started request=<Request [b'POST']>]
[2024-11-10 11:39:08,204]: [_trace.py]: atrace: 85:       DEBUG:    [receive_response_body.complete]
[2024-11-10 11:39:08,204]: [_trace.py]: atrace: 85:       DEBUG:    [response_closed.started]
[2024-11-10 11:39:08,204]: [_trace.py]: atrace: 85:       DEBUG:    [response_closed.complete]
[2024-11-10 11:39:08,204]: [_bot.py]: _do_post: 652:       DEBUG:    [Call to Bot API endpoint `getMe` finished with return value `{'id': 6030805959, 'is_bot': True, 'first_name': 'TyPHoone', 'username': 'TyPHoone_Project_bot', 'can_join_groups': True, 'can_read_all_group_messages': False, 'supports_inline_queries': False, 'can_connect_to_business': False, 'has_main_web_app': False}`]
[2024-11-10 11:39:08,207]: [_bot.py]: _do_post: 643:       DEBUG:    [Calling Bot API endpoint `sendDocument` with parameters `{'chat_id': '-4119703192', 'document': <telegram._files.inputfile.InputFile object at 0x7f4374f3dfc0>}`]
[2024-11-10 11:39:08,207]: [_trace.py]: atrace: 85:       DEBUG:    [send_request_headers.started request=<Request [b'POST']>]
[2024-11-10 11:39:08,207]: [_trace.py]: atrace: 85:       DEBUG:    [send_request_headers.complete]
[2024-11-10 11:39:08,207]: [_trace.py]: atrace: 85:       DEBUG:    [send_request_body.started request=<Request [b'POST']>]
[2024-11-10 11:39:09,556]: [_trace.py]: atrace: 85:       DEBUG:    [send_request_body.complete]
[2024-11-10 11:39:09,556]: [_trace.py]: atrace: 85:       DEBUG:    [receive_response_headers.started request=<Request [b'POST']>]
[2024-11-10 11:39:10,204]: [_trace.py]: atrace: 85:       DEBUG:    [receive_response_headers.complete return_value=(b'HTTP/1.1', 200, b'OK', [(b'Server', b'nginx/1.18.0'), (b'Date', b'Sun, 10 Nov 2024 11:39:10 GMT'), (b'Content-Type', b'application/json'), (b'Content-Length', b'479'), (b'Connection', b'keep-alive'), (b'Strict-Transport-Security', b'max-age=31536000; includeSubDomains; preload'), (b'Access-Control-Allow-Origin', b'*'), (b'Access-Control-Allow-Methods', b'GET, POST, OPTIONS'), (b'Access-Control-Expose-Headers', b'Content-Length,Content-Type,Date,Server,Connection')])]
[2024-11-10 11:39:10,204]: [_client.py]: _send_single_request: 1786:       INFO:    [HTTP Request: POST https://api.telegram.org/bot6030805959:AAGUHAMxLYc-PrevgKouJ3ZyM7ktu56ftjo/sendDocument "HTTP/1.1 200 OK"]
[2024-11-10 11:39:10,204]: [_trace.py]: atrace: 85:       DEBUG:    [receive_response_body.started request=<Request [b'POST']>]
[2024-11-10 11:39:10,204]: [_trace.py]: atrace: 85:       DEBUG:    [receive_response_body.complete]
[2024-11-10 11:39:10,204]: [_trace.py]: atrace: 85:       DEBUG:    [response_closed.started]
[2024-11-10 11:39:10,204]: [_trace.py]: atrace: 85:       DEBUG:    [response_closed.complete]
[2024-11-10 11:39:10,204]: [_bot.py]: _do_post: 652:       DEBUG:    [Call to Bot API endpoint `sendDocument` finished with return value `{'message_id': 1981, 'from': {'id': 6030805959, 'is_bot': True, 'first_name': 'TyPHoone', 'username': 'TyPHoone_Project_bot'}, 'chat': {'id': -4119703192, 'title': 'Robocop', 'type': 'group', 'all_members_are_administrators': True}, 'date': 1731238750, 'document': {'file_name': '(2024_11_10--11_38)output.zip', 'mime_type': 'application/zip', 'file_id': 'BQACAgQAAxkDAAIHvWcwm13vTuKBA7VhKrnlNrqwrwwnAAKJEQACb96IUfjmpeOfXw7pNgQ', 'file_unique_id': 'AgADiREAAm_eiFE', 'file_size': 10152498}}`]
[2024-11-10 11:39:10,205]: [_trace.py]: atrace: 85:       DEBUG:    [close.started]
[2024-11-10 11:39:10,205]: [_trace.py]: atrace: 85:       DEBUG:    [close.complete]
[2024-11-10 11:39:10,205]: [Telegram_Sender.py]: runner: 61:       INFO:    [sent successfully]
[2024-11-10 11:39:10,206]: [Main.py]: <module>: 48:       INFO:    [Finished]
