[2025-01-14 11:39:15,988]: [Main.py]: <module>: 21:       INFO:    [Started]
[2025-01-14 11:39:17,756]: [Iron_Scraper.py]: Scrap: 32:       INFO:    [Data Scaraped Successfully]
[2025-01-14 11:39:17,803]: [Iron_Scraper.py]: Scrap: 70:       INFO:    [Scrapped Data Has No Problem]
[2025-01-14 11:39:17,803]: [Iron_Scraper.py]: Scrap: 83:       INFO:    [Data Saved Successfully]
[2025-01-14 11:39:17,803]: [Iron.py]: Run: 26:       INFO:    [Scraping Phase Completed]
[2025-01-14 11:39:17,804]: [Iron_Data_Processor.py]: Data_Reader: 61:       INFO:    [Data File Has Been Red Successfully]
[2025-01-14 11:39:17,804]: [Iron_Data_Processor.py]: Shaper: 78:       INFO:    [Data Shaped]
[2025-01-14 11:39:17,804]: [Iron_Data_Processor.py]: Process: 228:       INFO:    [Data Cleaned]
[2025-01-14 11:39:17,804]: [Iron_Data_Processor.py]: Make_Pages_Objects: 101:       INFO:    [Page Objects Has Been Made]
[2025-01-14 11:39:17,804]: [Iron_Data_Processor.py]: Make_Pages_Objects: 101:       INFO:    [Page Objects Has Been Made]
[2025-01-14 11:39:17,804]: [Iron_Data_Processor.py]: Load_Data: 118:       INFO:    [Data Has Been Load]
[2025-01-14 11:39:17,804]: [Iron_Data_Processor.py]: Load_Data: 118:       INFO:    [Data Has Been Load]
[2025-01-14 11:39:17,804]: [Iron_Data_Processor.py]: Load_positions: 140:       INFO:    [Positions Are Ready]
[2025-01-14 11:39:17,804]: [Iron_Data_Processor.py]: Load_positions: 140:       INFO:    [Positions Are Ready]
[2025-01-14 11:39:18,865]: [Iron_Data_Processor.py]: Make_Tagged_Images: 193:       INFO:    [Images Has Been Made]
[2025-01-14 11:39:19,760]: [Iron_Data_Processor.py]: Make_Tagged_Images: 193:       INFO:    [Images Has Been Made]
[2025-01-14 11:39:20,013]: [Iron_Data_Processor.py]: Make_Cover_Page: 215:       INFO:    [Made Cover Pages]
[2025-01-14 11:39:20,013]: [Iron.py]: Run: 29:       INFO:    [Imagination Phase Completed]
[2025-01-14 11:39:23,500]: [Phone_Scraper.py]: Scrap: 58:       INFO:    [Data Scraped]
[2025-01-14 11:39:23,500]: [Phone_Scraper.py]: Scrap: 71:       INFO:    [Scraped Data Successfully]
[2025-01-14 11:39:23,500]: [Phone.py]: Run: 26:       INFO:    [Scraping Phase Complete]
[2025-01-14 11:39:23,500]: [Phone_Data_Processor.py]: data_reader: 38:       INFO:    [Scraped Data Loaded]
[2025-01-14 11:39:23,501]: [Phone_Data_Processor.py]: filter_list: 65:       INFO:    [Persian Phrases Are deleted]
[2025-01-14 11:39:23,502]: [Phone_Data_Processor.py]: reshape_list: 87:       INFO:    [Date Reshaped]
[2025-01-14 11:39:23,502]: [Phone_Data_Processor.py]: separate_brands: 124:       INFO:    [Brands Are Separated]
[2025-01-14 11:39:23,503]: [Phone_Data_Processor.py]: delete_extra_spaces: 141:       INFO:    [Extra Spaces Are Deleted]
[2025-01-14 11:39:24,244]: [Phone.py]: Run: 29:       INFO:    [Imagination Phase Complete]
[2025-01-14 11:39:24,244]: [selector_events.py]: __init__: 64:       DEBUG:    [Using selector: EpollSelector]
[2025-01-14 11:39:24,510]: [_bot.py]: _do_post: 643:       DEBUG:    [Calling Bot API endpoint `getMe` with parameters `{}`]
[2025-01-14 11:39:24,514]: [_trace.py]: atrace: 87:       DEBUG:    [connect_tcp.started host='api.telegram.org' port=443 local_address=None timeout=5.0 socket_options=None]
[2025-01-14 11:39:24,826]: [_trace.py]: atrace: 87:       DEBUG:    [connect_tcp.complete return_value=<httpcore._backends.anyio.AnyIOStream object at 0x7fb3038840b0>]
[2025-01-14 11:39:24,826]: [_trace.py]: atrace: 87:       DEBUG:    [start_tls.started ssl_context=<ssl.SSLContext object at 0x7fb303f06ad0> server_hostname='api.telegram.org' timeout=5.0]
[2025-01-14 11:39:24,933]: [_trace.py]: atrace: 87:       DEBUG:    [start_tls.complete return_value=<httpcore._backends.anyio.AnyIOStream object at 0x7fb30bb1c500>]
[2025-01-14 11:39:24,933]: [_trace.py]: atrace: 87:       DEBUG:    [send_request_headers.started request=<Request [b'POST']>]
[2025-01-14 11:39:24,933]: [_trace.py]: atrace: 87:       DEBUG:    [send_request_headers.complete]
[2025-01-14 11:39:24,933]: [_trace.py]: atrace: 87:       DEBUG:    [send_request_body.started request=<Request [b'POST']>]
[2025-01-14 11:39:24,933]: [_trace.py]: atrace: 87:       DEBUG:    [send_request_body.complete]
[2025-01-14 11:39:24,933]: [_trace.py]: atrace: 87:       DEBUG:    [receive_response_headers.started request=<Request [b'POST']>]
[2025-01-14 11:39:25,041]: [_trace.py]: atrace: 87:       DEBUG:    [receive_response_headers.complete return_value=(b'HTTP/1.1', 200, b'OK', [(b'Server', b'nginx/1.18.0'), (b'Date', b'Tue, 14 Jan 2025 11:39:24 GMT'), (b'Content-Type', b'application/json'), (b'Content-Length', b'258'), (b'Connection', b'keep-alive'), (b'Strict-Transport-Security', b'max-age=31536000; includeSubDomains; preload'), (b'Access-Control-Allow-Origin', b'*'), (b'Access-Control-Allow-Methods', b'GET, POST, OPTIONS'), (b'Access-Control-Expose-Headers', b'Content-Length,Content-Type,Date,Server,Connection')])]
[2025-01-14 11:39:25,042]: [_client.py]: _send_single_request: 1740:       INFO:    [HTTP Request: POST https://api.telegram.org/bot6030805959:AAGUHAMxLYc-PrevgKouJ3ZyM7ktu56ftjo/getMe "HTTP/1.1 200 OK"]
[2025-01-14 11:39:25,042]: [_trace.py]: atrace: 87:       DEBUG:    [receive_response_body.started request=<Request [b'POST']>]
[2025-01-14 11:39:25,042]: [_trace.py]: atrace: 87:       DEBUG:    [receive_response_body.complete]
[2025-01-14 11:39:25,042]: [_trace.py]: atrace: 87:       DEBUG:    [response_closed.started]
[2025-01-14 11:39:25,042]: [_trace.py]: atrace: 87:       DEBUG:    [response_closed.complete]
[2025-01-14 11:39:25,042]: [_bot.py]: _do_post: 652:       DEBUG:    [Call to Bot API endpoint `getMe` finished with return value `{'id': 6030805959, 'is_bot': True, 'first_name': 'TyPHoone', 'username': 'TyPHoone_Project_bot', 'can_join_groups': True, 'can_read_all_group_messages': False, 'supports_inline_queries': False, 'can_connect_to_business': False, 'has_main_web_app': False}`]
[2025-01-14 11:39:25,046]: [_bot.py]: _do_post: 643:       DEBUG:    [Calling Bot API endpoint `sendDocument` with parameters `{'chat_id': '-4119703192', 'document': <telegram._files.inputfile.InputFile object at 0x7fb30371d280>}`]
[2025-01-14 11:39:25,046]: [_trace.py]: atrace: 87:       DEBUG:    [send_request_headers.started request=<Request [b'POST']>]
[2025-01-14 11:39:25,046]: [_trace.py]: atrace: 87:       DEBUG:    [send_request_headers.complete]
[2025-01-14 11:39:25,046]: [_trace.py]: atrace: 87:       DEBUG:    [send_request_body.started request=<Request [b'POST']>]
[2025-01-14 11:39:25,047]: [_trace.py]: atrace: 87:       DEBUG:    [send_request_body.complete]
[2025-01-14 11:39:25,047]: [_trace.py]: atrace: 87:       DEBUG:    [receive_response_headers.started request=<Request [b'POST']>]
[2025-01-14 11:39:25,446]: [_trace.py]: atrace: 87:       DEBUG:    [receive_response_headers.complete return_value=(b'HTTP/1.1', 200, b'OK', [(b'Server', b'nginx/1.18.0'), (b'Date', b'Tue, 14 Jan 2025 11:39:25 GMT'), (b'Content-Type', b'application/json'), (b'Content-Length', b'464'), (b'Connection', b'keep-alive'), (b'Strict-Transport-Security', b'max-age=31536000; includeSubDomains; preload'), (b'Access-Control-Allow-Origin', b'*'), (b'Access-Control-Allow-Methods', b'GET, POST, OPTIONS'), (b'Access-Control-Expose-Headers', b'Content-Length,Content-Type,Date,Server,Connection')])]
[2025-01-14 11:39:25,446]: [_client.py]: _send_single_request: 1740:       INFO:    [HTTP Request: POST https://api.telegram.org/bot6030805959:AAGUHAMxLYc-PrevgKouJ3ZyM7ktu56ftjo/sendDocument "HTTP/1.1 200 OK"]
[2025-01-14 11:39:25,446]: [_trace.py]: atrace: 87:       DEBUG:    [receive_response_body.started request=<Request [b'POST']>]
[2025-01-14 11:39:25,446]: [_trace.py]: atrace: 87:       DEBUG:    [receive_response_body.complete]
[2025-01-14 11:39:25,446]: [_trace.py]: atrace: 87:       DEBUG:    [response_closed.started]
[2025-01-14 11:39:25,446]: [_trace.py]: atrace: 87:       DEBUG:    [response_closed.complete]
[2025-01-14 11:39:25,447]: [_bot.py]: _do_post: 652:       DEBUG:    [Call to Bot API endpoint `sendDocument` finished with return value `{'message_id': 2111, 'from': {'id': 6030805959, 'is_bot': True, 'first_name': 'TyPHoone', 'username': 'TyPHoone_Project_bot'}, 'chat': {'id': -4119703192, 'title': 'Robocop', 'type': 'group', 'all_members_are_administrators': True}, 'date': 1736854765, 'document': {'file_name': '(2025_01_14--11_39).log', 'mime_type': 'text/plain', 'file_id': 'BQACAgQAAxkDAAIIP2eGTO0oomvmNghnGShlNWrThr4UAAL3FgACLIcxUP0WUZ9ODXy5NgQ', 'file_unique_id': 'AgAD9xYAAiyHMVA', 'file_size': 5937}}`]
[2025-01-14 11:39:25,447]: [_trace.py]: atrace: 87:       DEBUG:    [close.started]
[2025-01-14 11:39:25,447]: [_trace.py]: atrace: 87:       DEBUG:    [close.complete]
[2025-01-14 11:39:25,491]: [_bot.py]: _do_post: 643:       DEBUG:    [Calling Bot API endpoint `getMe` with parameters `{}`]
[2025-01-14 11:39:25,491]: [_trace.py]: atrace: 87:       DEBUG:    [connect_tcp.started host='api.telegram.org' port=443 local_address=None timeout=5.0 socket_options=None]
[2025-01-14 11:39:25,595]: [_trace.py]: atrace: 87:       DEBUG:    [connect_tcp.complete return_value=<httpcore._backends.anyio.AnyIOStream object at 0x7fb303884c20>]
[2025-01-14 11:39:25,596]: [_trace.py]: atrace: 87:       DEBUG:    [start_tls.started ssl_context=<ssl.SSLContext object at 0x7fb303f068d0> server_hostname='api.telegram.org' timeout=5.0]
[2025-01-14 11:39:25,700]: [_trace.py]: atrace: 87:       DEBUG:    [start_tls.complete return_value=<httpcore._backends.anyio.AnyIOStream object at 0x7fb3049c0a70>]
[2025-01-14 11:39:25,701]: [_trace.py]: atrace: 87:       DEBUG:    [send_request_headers.started request=<Request [b'POST']>]
[2025-01-14 11:39:25,701]: [_trace.py]: atrace: 87:       DEBUG:    [send_request_headers.complete]
[2025-01-14 11:39:25,701]: [_trace.py]: atrace: 87:       DEBUG:    [send_request_body.started request=<Request [b'POST']>]
[2025-01-14 11:39:25,701]: [_trace.py]: atrace: 87:       DEBUG:    [send_request_body.complete]
[2025-01-14 11:39:25,701]: [_trace.py]: atrace: 87:       DEBUG:    [receive_response_headers.started request=<Request [b'POST']>]
[2025-01-14 11:39:25,804]: [_trace.py]: atrace: 87:       DEBUG:    [receive_response_headers.complete return_value=(b'HTTP/1.1', 200, b'OK', [(b'Server', b'nginx/1.18.0'), (b'Date', b'Tue, 14 Jan 2025 11:39:25 GMT'), (b'Content-Type', b'application/json'), (b'Content-Length', b'258'), (b'Connection', b'keep-alive'), (b'Strict-Transport-Security', b'max-age=31536000; includeSubDomains; preload'), (b'Access-Control-Allow-Origin', b'*'), (b'Access-Control-Allow-Methods', b'GET, POST, OPTIONS'), (b'Access-Control-Expose-Headers', b'Content-Length,Content-Type,Date,Server,Connection')])]
[2025-01-14 11:39:25,805]: [_client.py]: _send_single_request: 1740:       INFO:    [HTTP Request: POST https://api.telegram.org/bot6030805959:AAGUHAMxLYc-PrevgKouJ3ZyM7ktu56ftjo/getMe "HTTP/1.1 200 OK"]
[2025-01-14 11:39:25,805]: [_trace.py]: atrace: 87:       DEBUG:    [receive_response_body.started request=<Request [b'POST']>]
[2025-01-14 11:39:25,805]: [_trace.py]: atrace: 87:       DEBUG:    [receive_response_body.complete]
[2025-01-14 11:39:25,805]: [_trace.py]: atrace: 87:       DEBUG:    [response_closed.started]
[2025-01-14 11:39:25,805]: [_trace.py]: atrace: 87:       DEBUG:    [response_closed.complete]
[2025-01-14 11:39:25,805]: [_bot.py]: _do_post: 652:       DEBUG:    [Call to Bot API endpoint `getMe` finished with return value `{'id': 6030805959, 'is_bot': True, 'first_name': 'TyPHoone', 'username': 'TyPHoone_Project_bot', 'can_join_groups': True, 'can_read_all_group_messages': False, 'supports_inline_queries': False, 'can_connect_to_business': False, 'has_main_web_app': False}`]
[2025-01-14 11:39:25,807]: [_bot.py]: _do_post: 643:       DEBUG:    [Calling Bot API endpoint `sendDocument` with parameters `{'chat_id': '-4119703192', 'document': <telegram._files.inputfile.InputFile object at 0x7fb3048aa840>}`]
[2025-01-14 11:39:25,808]: [_trace.py]: atrace: 87:       DEBUG:    [send_request_headers.started request=<Request [b'POST']>]
[2025-01-14 11:39:25,808]: [_trace.py]: atrace: 87:       DEBUG:    [send_request_headers.complete]
[2025-01-14 11:39:25,808]: [_trace.py]: atrace: 87:       DEBUG:    [send_request_body.started request=<Request [b'POST']>]
[2025-01-14 11:39:26,851]: [_trace.py]: atrace: 87:       DEBUG:    [send_request_body.complete]
[2025-01-14 11:39:26,851]: [_trace.py]: atrace: 87:       DEBUG:    [receive_response_headers.started request=<Request [b'POST']>]
[2025-01-14 11:39:27,722]: [_trace.py]: atrace: 87:       DEBUG:    [receive_response_headers.complete return_value=(b'HTTP/1.1', 200, b'OK', [(b'Server', b'nginx/1.18.0'), (b'Date', b'Tue, 14 Jan 2025 11:39:27 GMT'), (b'Content-Type', b'application/json'), (b'Content-Length', b'479'), (b'Connection', b'keep-alive'), (b'Strict-Transport-Security', b'max-age=31536000; includeSubDomains; preload'), (b'Access-Control-Allow-Origin', b'*'), (b'Access-Control-Allow-Methods', b'GET, POST, OPTIONS'), (b'Access-Control-Expose-Headers', b'Content-Length,Content-Type,Date,Server,Connection')])]
[2025-01-14 11:39:27,722]: [_client.py]: _send_single_request: 1740:       INFO:    [HTTP Request: POST https://api.telegram.org/bot6030805959:AAGUHAMxLYc-PrevgKouJ3ZyM7ktu56ftjo/sendDocument "HTTP/1.1 200 OK"]
[2025-01-14 11:39:27,722]: [_trace.py]: atrace: 87:       DEBUG:    [receive_response_body.started request=<Request [b'POST']>]
[2025-01-14 11:39:27,722]: [_trace.py]: atrace: 87:       DEBUG:    [receive_response_body.complete]
[2025-01-14 11:39:27,722]: [_trace.py]: atrace: 87:       DEBUG:    [response_closed.started]
[2025-01-14 11:39:27,722]: [_trace.py]: atrace: 87:       DEBUG:    [response_closed.complete]
[2025-01-14 11:39:27,723]: [_bot.py]: _do_post: 652:       DEBUG:    [Call to Bot API endpoint `sendDocument` finished with return value `{'message_id': 2112, 'from': {'id': 6030805959, 'is_bot': True, 'first_name': 'TyPHoone', 'username': 'TyPHoone_Project_bot'}, 'chat': {'id': -4119703192, 'title': 'Robocop', 'type': 'group', 'all_members_are_administrators': True}, 'date': 1736854767, 'document': {'file_name': '(2025_01_14--11_39)output.zip', 'mime_type': 'application/zip', 'file_id': 'BQACAgQAAxkDAAIIQGeGTO8zkn8AAXQhk9_IhX0POfBbiwAC-BYAAiyHMVCOOJ1T8IBibjYE', 'file_unique_id': 'AgAD-BYAAiyHMVA', 'file_size': 9817599}}`]
[2025-01-14 11:39:27,723]: [_trace.py]: atrace: 87:       DEBUG:    [close.started]
[2025-01-14 11:39:27,723]: [_trace.py]: atrace: 87:       DEBUG:    [close.complete]
[2025-01-14 11:39:27,723]: [Telegram_Sender.py]: runner: 61:       INFO:    [sent successfully]
[2025-01-14 11:39:27,724]: [Main.py]: <module>: 48:       INFO:    [Finished]
