[2025-12-26 11:42:14,446]: [Main.py]: <module>: 21:       INFO:    [Started]
[2025-12-26 11:42:16,491]: [Iron_Scraper.py]: Scrap: 32:       INFO:    [Data Scaraped Successfully]
[2025-12-26 11:42:16,690]: [Iron_Scraper.py]: Scrap: 70:       INFO:    [Scrapped Data Has No Problem]
[2025-12-26 11:42:16,690]: [Iron_Scraper.py]: Scrap: 83:       INFO:    [Data Saved Successfully]
[2025-12-26 11:42:16,690]: [Iron.py]: Run: 26:       INFO:    [Scraping Phase Completed]
[2025-12-26 11:42:16,691]: [Iron_Data_Processor.py]: Data_Reader: 61:       INFO:    [Data File Has Been Red Successfully]
[2025-12-26 11:42:16,691]: [Iron_Data_Processor.py]: Shaper: 78:       INFO:    [Data Shaped]
[2025-12-26 11:42:16,691]: [Iron_Data_Processor.py]: Process: 228:       INFO:    [Data Cleaned]
[2025-12-26 11:42:16,691]: [Iron_Data_Processor.py]: Make_Pages_Objects: 101:       INFO:    [Page Objects Has Been Made]
[2025-12-26 11:42:16,691]: [Iron_Data_Processor.py]: Make_Pages_Objects: 101:       INFO:    [Page Objects Has Been Made]
[2025-12-26 11:42:16,691]: [Iron_Data_Processor.py]: Load_Data: 118:       INFO:    [Data Has Been Load]
[2025-12-26 11:42:16,691]: [Iron_Data_Processor.py]: Load_Data: 118:       INFO:    [Data Has Been Load]
[2025-12-26 11:42:16,691]: [Iron_Data_Processor.py]: Load_positions: 140:       INFO:    [Positions Are Ready]
[2025-12-26 11:42:16,692]: [Iron_Data_Processor.py]: Load_positions: 140:       INFO:    [Positions Are Ready]
[2025-12-26 11:42:17,817]: [Iron_Data_Processor.py]: Make_Tagged_Images: 193:       INFO:    [Images Has Been Made]
[2025-12-26 11:42:18,767]: [Iron_Data_Processor.py]: Make_Tagged_Images: 193:       INFO:    [Images Has Been Made]
[2025-12-26 11:42:19,020]: [Iron_Data_Processor.py]: Make_Cover_Page: 215:       INFO:    [Made Cover Pages]
[2025-12-26 11:42:19,020]: [Iron.py]: Run: 29:       INFO:    [Imagination Phase Completed]
[2025-12-26 11:42:23,683]: [Phone_Scraper.py]: Scrap: 58:       INFO:    [Data Scraped]
[2025-12-26 11:42:23,684]: [Phone_Scraper.py]: Scrap: 71:       INFO:    [Scraped Data Successfully]
[2025-12-26 11:42:23,684]: [Phone.py]: Run: 26:       INFO:    [Scraping Phase Complete]
[2025-12-26 11:42:23,684]: [Phone_Data_Processor.py]: data_reader: 38:       INFO:    [Scraped Data Loaded]
[2025-12-26 11:42:23,685]: [Phone_Data_Processor.py]: filter_list: 65:       INFO:    [Persian Phrases Are deleted]
[2025-12-26 11:42:23,686]: [Phone_Data_Processor.py]: reshape_list: 87:       INFO:    [Date Reshaped]
[2025-12-26 11:42:23,686]: [Phone_Data_Processor.py]: separate_brands: 124:       INFO:    [Brands Are Separated]
[2025-12-26 11:42:23,686]: [Phone_Data_Processor.py]: delete_extra_spaces: 141:       INFO:    [Extra Spaces Are Deleted]
[2025-12-26 11:42:24,419]: [Phone.py]: Run: 29:       INFO:    [Imagination Phase Complete]
[2025-12-26 11:42:24,419]: [selector_events.py]: __init__: 64:       DEBUG:    [Using selector: EpollSelector]
[2025-12-26 11:42:24,697]: [_bot.py]: _do_post: 643:       DEBUG:    [Calling Bot API endpoint `getMe` with parameters `{}`]
[2025-12-26 11:42:24,701]: [_trace.py]: atrace: 87:       DEBUG:    [connect_tcp.started host='api.telegram.org' port=443 local_address=None timeout=5.0 socket_options=None]
[2025-12-26 11:42:24,924]: [_trace.py]: atrace: 87:       DEBUG:    [connect_tcp.complete return_value=<httpcore._backends.anyio.AnyIOStream object at 0x7fdd661a0f20>]
[2025-12-26 11:42:24,925]: [_trace.py]: atrace: 87:       DEBUG:    [start_tls.started ssl_context=<ssl.SSLContext object at 0x7fdd66baded0> server_hostname='api.telegram.org' timeout=5.0]
[2025-12-26 11:42:25,070]: [_trace.py]: atrace: 87:       DEBUG:    [start_tls.complete return_value=<httpcore._backends.anyio.AnyIOStream object at 0x7fdd66e057f0>]
[2025-12-26 11:42:25,070]: [_trace.py]: atrace: 87:       DEBUG:    [send_request_headers.started request=<Request [b'POST']>]
[2025-12-26 11:42:25,071]: [_trace.py]: atrace: 87:       DEBUG:    [send_request_headers.complete]
[2025-12-26 11:42:25,071]: [_trace.py]: atrace: 87:       DEBUG:    [send_request_body.started request=<Request [b'POST']>]
[2025-12-26 11:42:25,071]: [_trace.py]: atrace: 87:       DEBUG:    [send_request_body.complete]
[2025-12-26 11:42:25,071]: [_trace.py]: atrace: 87:       DEBUG:    [receive_response_headers.started request=<Request [b'POST']>]
[2025-12-26 11:42:25,218]: [_trace.py]: atrace: 87:       DEBUG:    [receive_response_headers.complete return_value=(b'HTTP/1.1', 200, b'OK', [(b'Server', b'nginx/1.18.0'), (b'Date', b'Fri, 26 Dec 2025 11:42:25 GMT'), (b'Content-Type', b'application/json'), (b'Content-Length', b'258'), (b'Connection', b'keep-alive'), (b'Strict-Transport-Security', b'max-age=31536000; includeSubDomains; preload'), (b'Access-Control-Allow-Origin', b'*'), (b'Access-Control-Allow-Methods', b'GET, POST, OPTIONS'), (b'Access-Control-Expose-Headers', b'Content-Length,Content-Type,Date,Server,Connection')])]
[2025-12-26 11:42:25,219]: [_client.py]: _send_single_request: 1740:       INFO:    [HTTP Request: POST https://api.telegram.org/bot6030805959:AAGUHAMxLYc-PrevgKouJ3ZyM7ktu56ftjo/getMe "HTTP/1.1 200 OK"]
[2025-12-26 11:42:25,219]: [_trace.py]: atrace: 87:       DEBUG:    [receive_response_body.started request=<Request [b'POST']>]
[2025-12-26 11:42:25,219]: [_trace.py]: atrace: 87:       DEBUG:    [receive_response_body.complete]
[2025-12-26 11:42:25,219]: [_trace.py]: atrace: 87:       DEBUG:    [response_closed.started]
[2025-12-26 11:42:25,219]: [_trace.py]: atrace: 87:       DEBUG:    [response_closed.complete]
[2025-12-26 11:42:25,220]: [_bot.py]: _do_post: 652:       DEBUG:    [Call to Bot API endpoint `getMe` finished with return value `{'id': 6030805959, 'is_bot': True, 'first_name': 'TyPHoone', 'username': 'TyPHoone_Project_bot', 'can_join_groups': True, 'can_read_all_group_messages': False, 'supports_inline_queries': False, 'can_connect_to_business': False, 'has_main_web_app': False}`]
[2025-12-26 11:42:25,223]: [_bot.py]: _do_post: 643:       DEBUG:    [Calling Bot API endpoint `sendDocument` with parameters `{'chat_id': '-4119703192', 'document': <telegram._files.inputfile.InputFile object at 0x7fdd661d64c0>}`]
[2025-12-26 11:42:25,223]: [_trace.py]: atrace: 87:       DEBUG:    [send_request_headers.started request=<Request [b'POST']>]
[2025-12-26 11:42:25,224]: [_trace.py]: atrace: 87:       DEBUG:    [send_request_headers.complete]
[2025-12-26 11:42:25,224]: [_trace.py]: atrace: 87:       DEBUG:    [send_request_body.started request=<Request [b'POST']>]
[2025-12-26 11:42:25,224]: [_trace.py]: atrace: 87:       DEBUG:    [send_request_body.complete]
[2025-12-26 11:42:25,224]: [_trace.py]: atrace: 87:       DEBUG:    [receive_response_headers.started request=<Request [b'POST']>]
[2025-12-26 11:42:25,568]: [_trace.py]: atrace: 87:       DEBUG:    [receive_response_headers.complete return_value=(b'HTTP/1.1', 200, b'OK', [(b'Server', b'nginx/1.18.0'), (b'Date', b'Fri, 26 Dec 2025 11:42:25 GMT'), (b'Content-Type', b'application/json'), (b'Content-Length', b'584'), (b'Connection', b'keep-alive'), (b'Strict-Transport-Security', b'max-age=31536000; includeSubDomains; preload'), (b'Access-Control-Allow-Origin', b'*'), (b'Access-Control-Allow-Methods', b'GET, POST, OPTIONS'), (b'Access-Control-Expose-Headers', b'Content-Length,Content-Type,Date,Server,Connection')])]
[2025-12-26 11:42:25,569]: [_client.py]: _send_single_request: 1740:       INFO:    [HTTP Request: POST https://api.telegram.org/bot6030805959:AAGUHAMxLYc-PrevgKouJ3ZyM7ktu56ftjo/sendDocument "HTTP/1.1 200 OK"]
[2025-12-26 11:42:25,569]: [_trace.py]: atrace: 87:       DEBUG:    [receive_response_body.started request=<Request [b'POST']>]
[2025-12-26 11:42:25,569]: [_trace.py]: atrace: 87:       DEBUG:    [receive_response_body.complete]
[2025-12-26 11:42:25,569]: [_trace.py]: atrace: 87:       DEBUG:    [response_closed.started]
[2025-12-26 11:42:25,569]: [_trace.py]: atrace: 87:       DEBUG:    [response_closed.complete]
[2025-12-26 11:42:25,570]: [_bot.py]: _do_post: 652:       DEBUG:    [Call to Bot API endpoint `sendDocument` finished with return value `{'message_id': 2821, 'from': {'id': 6030805959, 'is_bot': True, 'first_name': 'TyPHoone', 'username': 'TyPHoone_Project_bot'}, 'chat': {'id': -4119703192, 'title': 'Robocop', 'type': 'group', 'all_members_are_administrators': True, 'accepted_gift_types': {'unlimited_gifts': False, 'limited_gifts': False, 'unique_gifts': False, 'premium_subscription': False}}, 'date': 1766749345, 'document': {'file_name': '(2025_12_26--11_42).log', 'mime_type': 'text/plain', 'file_id': 'BQACAgQAAxkDAAILBWlOdKEQthL1Nul1zhJSyXx7WYTPAAL2HQACog1xUhr0KxlTMeHcNgQ', 'file_unique_id': 'AgAD9h0AAqINcVI', 'file_size': 5937}}`]
[2025-12-26 11:42:25,570]: [_trace.py]: atrace: 87:       DEBUG:    [close.started]
[2025-12-26 11:42:25,571]: [_trace.py]: atrace: 87:       DEBUG:    [close.complete]
[2025-12-26 11:42:25,612]: [_bot.py]: _do_post: 643:       DEBUG:    [Calling Bot API endpoint `getMe` with parameters `{}`]
[2025-12-26 11:42:25,613]: [_trace.py]: atrace: 87:       DEBUG:    [connect_tcp.started host='api.telegram.org' port=443 local_address=None timeout=5.0 socket_options=None]
[2025-12-26 11:42:25,763]: [_trace.py]: atrace: 87:       DEBUG:    [connect_tcp.complete return_value=<httpcore._backends.anyio.AnyIOStream object at 0x7fdd66211250>]
[2025-12-26 11:42:25,763]: [_trace.py]: atrace: 87:       DEBUG:    [start_tls.started ssl_context=<ssl.SSLContext object at 0x7fdd66baddd0> server_hostname='api.telegram.org' timeout=5.0]
[2025-12-26 11:42:25,913]: [_trace.py]: atrace: 87:       DEBUG:    [start_tls.complete return_value=<httpcore._backends.anyio.AnyIOStream object at 0x7fdd66bec3b0>]
[2025-12-26 11:42:25,914]: [_trace.py]: atrace: 87:       DEBUG:    [send_request_headers.started request=<Request [b'POST']>]
[2025-12-26 11:42:25,914]: [_trace.py]: atrace: 87:       DEBUG:    [send_request_headers.complete]
[2025-12-26 11:42:25,914]: [_trace.py]: atrace: 87:       DEBUG:    [send_request_body.started request=<Request [b'POST']>]
[2025-12-26 11:42:25,914]: [_trace.py]: atrace: 87:       DEBUG:    [send_request_body.complete]
[2025-12-26 11:42:25,914]: [_trace.py]: atrace: 87:       DEBUG:    [receive_response_headers.started request=<Request [b'POST']>]
[2025-12-26 11:42:26,063]: [_trace.py]: atrace: 87:       DEBUG:    [receive_response_headers.complete return_value=(b'HTTP/1.1', 200, b'OK', [(b'Server', b'nginx/1.18.0'), (b'Date', b'Fri, 26 Dec 2025 11:42:25 GMT'), (b'Content-Type', b'application/json'), (b'Content-Length', b'258'), (b'Connection', b'keep-alive'), (b'Strict-Transport-Security', b'max-age=31536000; includeSubDomains; preload'), (b'Access-Control-Allow-Origin', b'*'), (b'Access-Control-Allow-Methods', b'GET, POST, OPTIONS'), (b'Access-Control-Expose-Headers', b'Content-Length,Content-Type,Date,Server,Connection')])]
[2025-12-26 11:42:26,063]: [_client.py]: _send_single_request: 1740:       INFO:    [HTTP Request: POST https://api.telegram.org/bot6030805959:AAGUHAMxLYc-PrevgKouJ3ZyM7ktu56ftjo/getMe "HTTP/1.1 200 OK"]
[2025-12-26 11:42:26,063]: [_trace.py]: atrace: 87:       DEBUG:    [receive_response_body.started request=<Request [b'POST']>]
[2025-12-26 11:42:26,063]: [_trace.py]: atrace: 87:       DEBUG:    [receive_response_body.complete]
[2025-12-26 11:42:26,063]: [_trace.py]: atrace: 87:       DEBUG:    [response_closed.started]
[2025-12-26 11:42:26,063]: [_trace.py]: atrace: 87:       DEBUG:    [response_closed.complete]
[2025-12-26 11:42:26,064]: [_bot.py]: _do_post: 652:       DEBUG:    [Call to Bot API endpoint `getMe` finished with return value `{'id': 6030805959, 'is_bot': True, 'first_name': 'TyPHoone', 'username': 'TyPHoone_Project_bot', 'can_join_groups': True, 'can_read_all_group_messages': False, 'supports_inline_queries': False, 'can_connect_to_business': False, 'has_main_web_app': False}`]
[2025-12-26 11:42:26,067]: [_bot.py]: _do_post: 643:       DEBUG:    [Calling Bot API endpoint `sendDocument` with parameters `{'chat_id': '-4119703192', 'document': <telegram._files.inputfile.InputFile object at 0x7fdd66be9300>}`]
[2025-12-26 11:42:26,067]: [_trace.py]: atrace: 87:       DEBUG:    [send_request_headers.started request=<Request [b'POST']>]
[2025-12-26 11:42:26,067]: [_trace.py]: atrace: 87:       DEBUG:    [send_request_headers.complete]
[2025-12-26 11:42:26,067]: [_trace.py]: atrace: 87:       DEBUG:    [send_request_body.started request=<Request [b'POST']>]
[2025-12-26 11:42:27,555]: [_trace.py]: atrace: 87:       DEBUG:    [send_request_body.complete]
[2025-12-26 11:42:27,555]: [_trace.py]: atrace: 87:       DEBUG:    [receive_response_headers.started request=<Request [b'POST']>]
[2025-12-26 11:42:28,616]: [_trace.py]: atrace: 87:       DEBUG:    [receive_response_headers.complete return_value=(b'HTTP/1.1', 200, b'OK', [(b'Server', b'nginx/1.18.0'), (b'Date', b'Fri, 26 Dec 2025 11:42:28 GMT'), (b'Content-Type', b'application/json'), (b'Content-Length', b'599'), (b'Connection', b'keep-alive'), (b'Strict-Transport-Security', b'max-age=31536000; includeSubDomains; preload'), (b'Access-Control-Allow-Origin', b'*'), (b'Access-Control-Allow-Methods', b'GET, POST, OPTIONS'), (b'Access-Control-Expose-Headers', b'Content-Length,Content-Type,Date,Server,Connection')])]
[2025-12-26 11:42:28,616]: [_client.py]: _send_single_request: 1740:       INFO:    [HTTP Request: POST https://api.telegram.org/bot6030805959:AAGUHAMxLYc-PrevgKouJ3ZyM7ktu56ftjo/sendDocument "HTTP/1.1 200 OK"]
[2025-12-26 11:42:28,617]: [_trace.py]: atrace: 87:       DEBUG:    [receive_response_body.started request=<Request [b'POST']>]
[2025-12-26 11:42:28,617]: [_trace.py]: atrace: 87:       DEBUG:    [receive_response_body.complete]
[2025-12-26 11:42:28,617]: [_trace.py]: atrace: 87:       DEBUG:    [response_closed.started]
[2025-12-26 11:42:28,617]: [_trace.py]: atrace: 87:       DEBUG:    [response_closed.complete]
[2025-12-26 11:42:28,617]: [_bot.py]: _do_post: 652:       DEBUG:    [Call to Bot API endpoint `sendDocument` finished with return value `{'message_id': 2822, 'from': {'id': 6030805959, 'is_bot': True, 'first_name': 'TyPHoone', 'username': 'TyPHoone_Project_bot'}, 'chat': {'id': -4119703192, 'title': 'Robocop', 'type': 'group', 'all_members_are_administrators': True, 'accepted_gift_types': {'unlimited_gifts': False, 'limited_gifts': False, 'unique_gifts': False, 'premium_subscription': False}}, 'date': 1766749348, 'document': {'file_name': '(2025_12_26--11_42)output.zip', 'mime_type': 'application/zip', 'file_id': 'BQACAgQAAxkDAAILBmlOdKQo9xFem6m7MrMzezIEPNCZAAL3HQACog1xUqe6rQgrBeh5NgQ', 'file_unique_id': 'AgAD9x0AAqINcVI', 'file_size': 10093075}}`]
[2025-12-26 11:42:28,618]: [_trace.py]: atrace: 87:       DEBUG:    [close.started]
[2025-12-26 11:42:28,618]: [_trace.py]: atrace: 87:       DEBUG:    [close.complete]
[2025-12-26 11:42:28,618]: [Telegram_Sender.py]: runner: 61:       INFO:    [sent successfully]
[2025-12-26 11:42:28,619]: [Main.py]: <module>: 48:       INFO:    [Finished]
