[2024-08-10 11:37:42,862]: [Main.py]: <module>: 21:       INFO:    [Started]
[2024-08-10 11:37:44,608]: [Iron_Scraper.py]: Scrap: 32:       INFO:    [Data Scaraped Successfully]
[2024-08-10 11:37:44,792]: [Iron_Scraper.py]: Scrap: 70:       INFO:    [Scrapped Data Has No Problem]
[2024-08-10 11:37:44,792]: [Iron_Scraper.py]: Scrap: 83:       INFO:    [Data Saved Successfully]
[2024-08-10 11:37:44,792]: [Iron.py]: Run: 26:       INFO:    [Scraping Phase Completed]
[2024-08-10 11:37:44,792]: [Iron_Data_Processor.py]: Data_Reader: 61:       INFO:    [Data File Has Been Red Successfully]
[2024-08-10 11:37:44,793]: [Iron_Data_Processor.py]: Shaper: 78:       INFO:    [Data Shaped]
[2024-08-10 11:37:44,793]: [Iron_Data_Processor.py]: Process: 228:       INFO:    [Data Cleaned]
[2024-08-10 11:37:44,793]: [Iron_Data_Processor.py]: Make_Pages_Objects: 101:       INFO:    [Page Objects Has Been Made]
[2024-08-10 11:37:44,793]: [Iron_Data_Processor.py]: Make_Pages_Objects: 101:       INFO:    [Page Objects Has Been Made]
[2024-08-10 11:37:44,793]: [Iron_Data_Processor.py]: Load_Data: 118:       INFO:    [Data Has Been Load]
[2024-08-10 11:37:44,793]: [Iron_Data_Processor.py]: Load_Data: 118:       INFO:    [Data Has Been Load]
[2024-08-10 11:37:44,793]: [Iron_Data_Processor.py]: Load_positions: 140:       INFO:    [Positions Are Ready]
[2024-08-10 11:37:44,793]: [Iron_Data_Processor.py]: Load_positions: 140:       INFO:    [Positions Are Ready]
[2024-08-10 11:37:45,920]: [Iron_Data_Processor.py]: Make_Tagged_Images: 193:       INFO:    [Images Has Been Made]
[2024-08-10 11:37:46,874]: [Iron_Data_Processor.py]: Make_Tagged_Images: 193:       INFO:    [Images Has Been Made]
[2024-08-10 11:37:47,128]: [Iron_Data_Processor.py]: Make_Cover_Page: 215:       INFO:    [Made Cover Pages]
[2024-08-10 11:37:47,128]: [Iron.py]: Run: 29:       INFO:    [Imagination Phase Completed]
[2024-08-10 11:37:50,518]: [Phone_Scraper.py]: Scrap: 58:       INFO:    [Data Scraped]
[2024-08-10 11:37:50,519]: [Phone_Scraper.py]: Scrap: 71:       INFO:    [Scraped Data Successfully]
[2024-08-10 11:37:50,519]: [Phone.py]: Run: 26:       INFO:    [Scraping Phase Complete]
[2024-08-10 11:37:50,519]: [Phone_Data_Processor.py]: data_reader: 38:       INFO:    [Scraped Data Loaded]
[2024-08-10 11:37:50,520]: [Phone_Data_Processor.py]: filter_list: 65:       INFO:    [Persian Phrases Are deleted]
[2024-08-10 11:37:50,521]: [Phone_Data_Processor.py]: reshape_list: 87:       INFO:    [Date Reshaped]
[2024-08-10 11:37:50,521]: [Phone_Data_Processor.py]: separate_brands: 124:       INFO:    [Brands Are Separated]
[2024-08-10 11:37:50,522]: [Phone_Data_Processor.py]: delete_extra_spaces: 141:       INFO:    [Extra Spaces Are Deleted]
[2024-08-10 11:37:51,282]: [Phone.py]: Run: 29:       INFO:    [Imagination Phase Complete]
[2024-08-10 11:37:51,282]: [selector_events.py]: __init__: 64:       DEBUG:    [Using selector: EpollSelector]
[2024-08-10 11:37:51,625]: [_bot.py]: _do_post: 643:       DEBUG:    [Calling Bot API endpoint `getMe` with parameters `{}`]
[2024-08-10 11:37:51,629]: [_trace.py]: atrace: 85:       DEBUG:    [connect_tcp.started host='api.telegram.org' port=443 local_address=None timeout=5.0 socket_options=None]
[2024-08-10 11:37:51,753]: [_trace.py]: atrace: 85:       DEBUG:    [connect_tcp.complete return_value=<httpcore._backends.anyio.AnyIOStream object at 0x7fcf578d3770>]
[2024-08-10 11:37:51,753]: [_trace.py]: atrace: 85:       DEBUG:    [start_tls.started ssl_context=<ssl.SSLContext object at 0x7fcf58136a50> server_hostname='api.telegram.org' timeout=5.0]
[2024-08-10 11:37:51,839]: [_trace.py]: atrace: 85:       DEBUG:    [start_tls.complete return_value=<httpcore._backends.anyio.AnyIOStream object at 0x7fcf582619a0>]
[2024-08-10 11:37:51,840]: [_trace.py]: atrace: 85:       DEBUG:    [send_request_headers.started request=<Request [b'POST']>]
[2024-08-10 11:37:51,840]: [_trace.py]: atrace: 85:       DEBUG:    [send_request_headers.complete]
[2024-08-10 11:37:51,840]: [_trace.py]: atrace: 85:       DEBUG:    [send_request_body.started request=<Request [b'POST']>]
[2024-08-10 11:37:51,840]: [_trace.py]: atrace: 85:       DEBUG:    [send_request_body.complete]
[2024-08-10 11:37:51,840]: [_trace.py]: atrace: 85:       DEBUG:    [receive_response_headers.started request=<Request [b'POST']>]
[2024-08-10 11:37:51,931]: [_trace.py]: atrace: 85:       DEBUG:    [receive_response_headers.complete return_value=(b'HTTP/1.1', 200, b'OK', [(b'Server', b'nginx/1.18.0'), (b'Date', b'Sat, 10 Aug 2024 11:37:51 GMT'), (b'Content-Type', b'application/json'), (b'Content-Length', b'258'), (b'Connection', b'keep-alive'), (b'Strict-Transport-Security', b'max-age=31536000; includeSubDomains; preload'), (b'Access-Control-Allow-Origin', b'*'), (b'Access-Control-Allow-Methods', b'GET, POST, OPTIONS'), (b'Access-Control-Expose-Headers', b'Content-Length,Content-Type,Date,Server,Connection')])]
[2024-08-10 11:37:51,931]: [_client.py]: _send_single_request: 1773:       INFO:    [HTTP Request: POST https://api.telegram.org/bot6030805959:AAGUHAMxLYc-PrevgKouJ3ZyM7ktu56ftjo/getMe "HTTP/1.1 200 OK"]
[2024-08-10 11:37:51,931]: [_trace.py]: atrace: 85:       DEBUG:    [receive_response_body.started request=<Request [b'POST']>]
[2024-08-10 11:37:51,931]: [_trace.py]: atrace: 85:       DEBUG:    [receive_response_body.complete]
[2024-08-10 11:37:51,931]: [_trace.py]: atrace: 85:       DEBUG:    [response_closed.started]
[2024-08-10 11:37:51,932]: [_trace.py]: atrace: 85:       DEBUG:    [response_closed.complete]
[2024-08-10 11:37:51,932]: [_bot.py]: _do_post: 652:       DEBUG:    [Call to Bot API endpoint `getMe` finished with return value `{'id': 6030805959, 'is_bot': True, 'first_name': 'TyPHoone', 'username': 'TyPHoone_Project_bot', 'can_join_groups': True, 'can_read_all_group_messages': False, 'supports_inline_queries': False, 'can_connect_to_business': False, 'has_main_web_app': False}`]
[2024-08-10 11:37:51,935]: [_bot.py]: _do_post: 643:       DEBUG:    [Calling Bot API endpoint `sendDocument` with parameters `{'chat_id': '-4119703192', 'document': <telegram._files.inputfile.InputFile object at 0x7fcf577598c0>}`]
[2024-08-10 11:37:51,935]: [_trace.py]: atrace: 85:       DEBUG:    [send_request_headers.started request=<Request [b'POST']>]
[2024-08-10 11:37:51,936]: [_trace.py]: atrace: 85:       DEBUG:    [send_request_headers.complete]
[2024-08-10 11:37:51,936]: [_trace.py]: atrace: 85:       DEBUG:    [send_request_body.started request=<Request [b'POST']>]
[2024-08-10 11:37:51,936]: [_trace.py]: atrace: 85:       DEBUG:    [send_request_body.complete]
[2024-08-10 11:37:51,936]: [_trace.py]: atrace: 85:       DEBUG:    [receive_response_headers.started request=<Request [b'POST']>]
[2024-08-10 11:37:52,322]: [_trace.py]: atrace: 85:       DEBUG:    [receive_response_headers.complete return_value=(b'HTTP/1.1', 200, b'OK', [(b'Server', b'nginx/1.18.0'), (b'Date', b'Sat, 10 Aug 2024 11:37:52 GMT'), (b'Content-Type', b'application/json'), (b'Content-Length', b'464'), (b'Connection', b'keep-alive'), (b'Strict-Transport-Security', b'max-age=31536000; includeSubDomains; preload'), (b'Access-Control-Allow-Origin', b'*'), (b'Access-Control-Allow-Methods', b'GET, POST, OPTIONS'), (b'Access-Control-Expose-Headers', b'Content-Length,Content-Type,Date,Server,Connection')])]
[2024-08-10 11:37:52,322]: [_client.py]: _send_single_request: 1773:       INFO:    [HTTP Request: POST https://api.telegram.org/bot6030805959:AAGUHAMxLYc-PrevgKouJ3ZyM7ktu56ftjo/sendDocument "HTTP/1.1 200 OK"]
[2024-08-10 11:37:52,323]: [_trace.py]: atrace: 85:       DEBUG:    [receive_response_body.started request=<Request [b'POST']>]
[2024-08-10 11:37:52,323]: [_trace.py]: atrace: 85:       DEBUG:    [receive_response_body.complete]
[2024-08-10 11:37:52,323]: [_trace.py]: atrace: 85:       DEBUG:    [response_closed.started]
[2024-08-10 11:37:52,323]: [_trace.py]: atrace: 85:       DEBUG:    [response_closed.complete]
[2024-08-10 11:37:52,323]: [_bot.py]: _do_post: 652:       DEBUG:    [Call to Bot API endpoint `sendDocument` finished with return value `{'message_id': 1795, 'from': {'id': 6030805959, 'is_bot': True, 'first_name': 'TyPHoone', 'username': 'TyPHoone_Project_bot'}, 'chat': {'id': -4119703192, 'title': 'Robocop', 'type': 'group', 'all_members_are_administrators': True}, 'date': 1723289872, 'document': {'file_name': '(2024_08_10--11_37).log', 'mime_type': 'text/plain', 'file_id': 'BQACAgQAAxkDAAIHA2a3URBk4RB1asztEMK_kThoklAdAAKOEwACTm3AUYWWNlsLtZq5NQQ', 'file_unique_id': 'AgADjhMAAk5twFE', 'file_size': 5937}}`]
[2024-08-10 11:37:52,324]: [_trace.py]: atrace: 85:       DEBUG:    [close.started]
[2024-08-10 11:37:52,324]: [_trace.py]: atrace: 85:       DEBUG:    [close.complete]
[2024-08-10 11:37:52,324]: [_config.py]: load_ssl_context: 80:       DEBUG:    [load_ssl_context verify=True cert=None trust_env=True http2=False]
[2024-08-10 11:37:52,324]: [_config.py]: load_ssl_context_verify: 146:       DEBUG:    [load_verify_locations cafile='/opt/hostedtoolcache/Python/3.12.4/x64/lib/python3.12/site-packages/certifi/cacert.pem']
[2024-08-10 11:37:52,352]: [_config.py]: load_ssl_context: 80:       DEBUG:    [load_ssl_context verify=True cert=None trust_env=True http2=False]
[2024-08-10 11:37:52,352]: [_config.py]: load_ssl_context_verify: 146:       DEBUG:    [load_verify_locations cafile='/opt/hostedtoolcache/Python/3.12.4/x64/lib/python3.12/site-packages/certifi/cacert.pem']
[2024-08-10 11:37:52,377]: [_bot.py]: _do_post: 643:       DEBUG:    [Calling Bot API endpoint `getMe` with parameters `{}`]
[2024-08-10 11:37:52,378]: [_trace.py]: atrace: 85:       DEBUG:    [connect_tcp.started host='api.telegram.org' port=443 local_address=None timeout=5.0 socket_options=None]
[2024-08-10 11:37:52,464]: [_trace.py]: atrace: 85:       DEBUG:    [connect_tcp.complete return_value=<httpcore._backends.anyio.AnyIOStream object at 0x7fcf57c29040>]
[2024-08-10 11:37:52,465]: [_trace.py]: atrace: 85:       DEBUG:    [start_tls.started ssl_context=<ssl.SSLContext object at 0x7fcf58136850> server_hostname='api.telegram.org' timeout=5.0]
[2024-08-10 11:37:52,552]: [_trace.py]: atrace: 85:       DEBUG:    [start_tls.complete return_value=<httpcore._backends.anyio.AnyIOStream object at 0x7fcf58789820>]
[2024-08-10 11:37:52,552]: [_trace.py]: atrace: 85:       DEBUG:    [send_request_headers.started request=<Request [b'POST']>]
[2024-08-10 11:37:52,552]: [_trace.py]: atrace: 85:       DEBUG:    [send_request_headers.complete]
[2024-08-10 11:37:52,552]: [_trace.py]: atrace: 85:       DEBUG:    [send_request_body.started request=<Request [b'POST']>]
[2024-08-10 11:37:52,552]: [_trace.py]: atrace: 85:       DEBUG:    [send_request_body.complete]
[2024-08-10 11:37:52,552]: [_trace.py]: atrace: 85:       DEBUG:    [receive_response_headers.started request=<Request [b'POST']>]
[2024-08-10 11:37:52,637]: [_trace.py]: atrace: 85:       DEBUG:    [receive_response_headers.complete return_value=(b'HTTP/1.1', 200, b'OK', [(b'Server', b'nginx/1.18.0'), (b'Date', b'Sat, 10 Aug 2024 11:37:52 GMT'), (b'Content-Type', b'application/json'), (b'Content-Length', b'258'), (b'Connection', b'keep-alive'), (b'Strict-Transport-Security', b'max-age=31536000; includeSubDomains; preload'), (b'Access-Control-Allow-Origin', b'*'), (b'Access-Control-Allow-Methods', b'GET, POST, OPTIONS'), (b'Access-Control-Expose-Headers', b'Content-Length,Content-Type,Date,Server,Connection')])]
[2024-08-10 11:37:52,637]: [_client.py]: _send_single_request: 1773:       INFO:    [HTTP Request: POST https://api.telegram.org/bot6030805959:AAGUHAMxLYc-PrevgKouJ3ZyM7ktu56ftjo/getMe "HTTP/1.1 200 OK"]
[2024-08-10 11:37:52,638]: [_trace.py]: atrace: 85:       DEBUG:    [receive_response_body.started request=<Request [b'POST']>]
[2024-08-10 11:37:52,638]: [_trace.py]: atrace: 85:       DEBUG:    [receive_response_body.complete]
[2024-08-10 11:37:52,638]: [_trace.py]: atrace: 85:       DEBUG:    [response_closed.started]
[2024-08-10 11:37:52,638]: [_trace.py]: atrace: 85:       DEBUG:    [response_closed.complete]
[2024-08-10 11:37:52,638]: [_bot.py]: _do_post: 652:       DEBUG:    [Call to Bot API endpoint `getMe` finished with return value `{'id': 6030805959, 'is_bot': True, 'first_name': 'TyPHoone', 'username': 'TyPHoone_Project_bot', 'can_join_groups': True, 'can_read_all_group_messages': False, 'supports_inline_queries': False, 'can_connect_to_business': False, 'has_main_web_app': False}`]
[2024-08-10 11:37:52,640]: [_bot.py]: _do_post: 643:       DEBUG:    [Calling Bot API endpoint `sendDocument` with parameters `{'chat_id': '-4119703192', 'document': <telegram._files.inputfile.InputFile object at 0x7fcf579103c0>}`]
[2024-08-10 11:37:52,641]: [_trace.py]: atrace: 85:       DEBUG:    [send_request_headers.started request=<Request [b'POST']>]
[2024-08-10 11:37:52,641]: [_trace.py]: atrace: 85:       DEBUG:    [send_request_headers.complete]
[2024-08-10 11:37:52,641]: [_trace.py]: atrace: 85:       DEBUG:    [send_request_body.started request=<Request [b'POST']>]
[2024-08-10 11:37:53,413]: [_trace.py]: atrace: 85:       DEBUG:    [send_request_body.complete]
[2024-08-10 11:37:53,413]: [_trace.py]: atrace: 85:       DEBUG:    [receive_response_headers.started request=<Request [b'POST']>]
[2024-08-10 11:37:54,841]: [_trace.py]: atrace: 85:       DEBUG:    [receive_response_headers.complete return_value=(b'HTTP/1.1', 200, b'OK', [(b'Server', b'nginx/1.18.0'), (b'Date', b'Sat, 10 Aug 2024 11:37:54 GMT'), (b'Content-Type', b'application/json'), (b'Content-Length', b'479'), (b'Connection', b'keep-alive'), (b'Strict-Transport-Security', b'max-age=31536000; includeSubDomains; preload'), (b'Access-Control-Allow-Origin', b'*'), (b'Access-Control-Allow-Methods', b'GET, POST, OPTIONS'), (b'Access-Control-Expose-Headers', b'Content-Length,Content-Type,Date,Server,Connection')])]
[2024-08-10 11:37:54,841]: [_client.py]: _send_single_request: 1773:       INFO:    [HTTP Request: POST https://api.telegram.org/bot6030805959:AAGUHAMxLYc-PrevgKouJ3ZyM7ktu56ftjo/sendDocument "HTTP/1.1 200 OK"]
[2024-08-10 11:37:54,841]: [_trace.py]: atrace: 85:       DEBUG:    [receive_response_body.started request=<Request [b'POST']>]
[2024-08-10 11:37:54,841]: [_trace.py]: atrace: 85:       DEBUG:    [receive_response_body.complete]
[2024-08-10 11:37:54,842]: [_trace.py]: atrace: 85:       DEBUG:    [response_closed.started]
[2024-08-10 11:37:54,842]: [_trace.py]: atrace: 85:       DEBUG:    [response_closed.complete]
[2024-08-10 11:37:54,842]: [_bot.py]: _do_post: 652:       DEBUG:    [Call to Bot API endpoint `sendDocument` finished with return value `{'message_id': 1796, 'from': {'id': 6030805959, 'is_bot': True, 'first_name': 'TyPHoone', 'username': 'TyPHoone_Project_bot'}, 'chat': {'id': -4119703192, 'title': 'Robocop', 'type': 'group', 'all_members_are_administrators': True}, 'date': 1723289874, 'document': {'file_name': '(2024_08_10--11_37)output.zip', 'mime_type': 'application/zip', 'file_id': 'BQACAgQAAxkDAAIHBGa3URKNLitZ_UZ-3hhO-KCa-phZAAKQEwACTm3AUaGABGgIEyuoNQQ', 'file_unique_id': 'AgADkBMAAk5twFE', 'file_size': 10166902}}`]
[2024-08-10 11:37:54,842]: [_trace.py]: atrace: 85:       DEBUG:    [close.started]
[2024-08-10 11:37:54,842]: [_trace.py]: atrace: 85:       DEBUG:    [close.complete]
[2024-08-10 11:37:54,842]: [Telegram_Sender.py]: runner: 61:       INFO:    [sent successfully]
[2024-08-10 11:37:54,843]: [Main.py]: <module>: 48:       INFO:    [Finished]
