[2025-05-14 11:39:15,579]: [Main.py]: <module>: 21:       INFO:    [Started]
[2025-05-14 11:39:17,685]: [Iron_Scraper.py]: Scrap: 32:       INFO:    [Data Scaraped Successfully]
[2025-05-14 11:39:17,886]: [Iron_Scraper.py]: Scrap: 70:       INFO:    [Scrapped Data Has No Problem]
[2025-05-14 11:39:17,886]: [Iron_Scraper.py]: Scrap: 83:       INFO:    [Data Saved Successfully]
[2025-05-14 11:39:17,886]: [Iron.py]: Run: 26:       INFO:    [Scraping Phase Completed]
[2025-05-14 11:39:17,887]: [Iron_Data_Processor.py]: Data_Reader: 61:       INFO:    [Data File Has Been Red Successfully]
[2025-05-14 11:39:17,887]: [Iron_Data_Processor.py]: Shaper: 78:       INFO:    [Data Shaped]
[2025-05-14 11:39:17,887]: [Iron_Data_Processor.py]: Process: 228:       INFO:    [Data Cleaned]
[2025-05-14 11:39:17,887]: [Iron_Data_Processor.py]: Make_Pages_Objects: 101:       INFO:    [Page Objects Has Been Made]
[2025-05-14 11:39:17,887]: [Iron_Data_Processor.py]: Make_Pages_Objects: 101:       INFO:    [Page Objects Has Been Made]
[2025-05-14 11:39:17,887]: [Iron_Data_Processor.py]: Load_Data: 118:       INFO:    [Data Has Been Load]
[2025-05-14 11:39:17,887]: [Iron_Data_Processor.py]: Load_Data: 118:       INFO:    [Data Has Been Load]
[2025-05-14 11:39:17,887]: [Iron_Data_Processor.py]: Load_positions: 140:       INFO:    [Positions Are Ready]
[2025-05-14 11:39:17,888]: [Iron_Data_Processor.py]: Load_positions: 140:       INFO:    [Positions Are Ready]
[2025-05-14 11:39:19,001]: [Iron_Data_Processor.py]: Make_Tagged_Images: 193:       INFO:    [Images Has Been Made]
[2025-05-14 11:39:19,946]: [Iron_Data_Processor.py]: Make_Tagged_Images: 193:       INFO:    [Images Has Been Made]
[2025-05-14 11:39:20,198]: [Iron_Data_Processor.py]: Make_Cover_Page: 215:       INFO:    [Made Cover Pages]
[2025-05-14 11:39:20,198]: [Iron.py]: Run: 29:       INFO:    [Imagination Phase Completed]
[2025-05-14 11:39:23,648]: [Phone_Scraper.py]: Scrap: 58:       INFO:    [Data Scraped]
[2025-05-14 11:39:23,649]: [Phone_Scraper.py]: Scrap: 71:       INFO:    [Scraped Data Successfully]
[2025-05-14 11:39:23,649]: [Phone.py]: Run: 26:       INFO:    [Scraping Phase Complete]
[2025-05-14 11:39:23,649]: [Phone_Data_Processor.py]: data_reader: 38:       INFO:    [Scraped Data Loaded]
[2025-05-14 11:39:23,650]: [Phone_Data_Processor.py]: filter_list: 65:       INFO:    [Persian Phrases Are deleted]
[2025-05-14 11:39:23,651]: [Phone_Data_Processor.py]: reshape_list: 87:       INFO:    [Date Reshaped]
[2025-05-14 11:39:23,651]: [Phone_Data_Processor.py]: separate_brands: 124:       INFO:    [Brands Are Separated]
[2025-05-14 11:39:23,651]: [Phone_Data_Processor.py]: delete_extra_spaces: 141:       INFO:    [Extra Spaces Are Deleted]
[2025-05-14 11:39:24,427]: [Phone.py]: Run: 29:       INFO:    [Imagination Phase Complete]
[2025-05-14 11:39:24,427]: [selector_events.py]: __init__: 64:       DEBUG:    [Using selector: EpollSelector]
[2025-05-14 11:39:24,712]: [_bot.py]: _do_post: 643:       DEBUG:    [Calling Bot API endpoint `getMe` with parameters `{}`]
[2025-05-14 11:39:24,717]: [_trace.py]: atrace: 87:       DEBUG:    [connect_tcp.started host='api.telegram.org' port=443 local_address=None timeout=5.0 socket_options=None]
[2025-05-14 11:39:24,937]: [_trace.py]: atrace: 87:       DEBUG:    [connect_tcp.complete return_value=<httpcore._backends.anyio.AnyIOStream object at 0x7f441e27f470>]
[2025-05-14 11:39:24,937]: [_trace.py]: atrace: 87:       DEBUG:    [start_tls.started ssl_context=<ssl.SSLContext object at 0x7f441e7777d0> server_hostname='api.telegram.org' timeout=5.0]
[2025-05-14 11:39:25,084]: [_trace.py]: atrace: 87:       DEBUG:    [start_tls.complete return_value=<httpcore._backends.anyio.AnyIOStream object at 0x7f441e27f320>]
[2025-05-14 11:39:25,085]: [_trace.py]: atrace: 87:       DEBUG:    [send_request_headers.started request=<Request [b'POST']>]
[2025-05-14 11:39:25,085]: [_trace.py]: atrace: 87:       DEBUG:    [send_request_headers.complete]
[2025-05-14 11:39:25,085]: [_trace.py]: atrace: 87:       DEBUG:    [send_request_body.started request=<Request [b'POST']>]
[2025-05-14 11:39:25,085]: [_trace.py]: atrace: 87:       DEBUG:    [send_request_body.complete]
[2025-05-14 11:39:25,085]: [_trace.py]: atrace: 87:       DEBUG:    [receive_response_headers.started request=<Request [b'POST']>]
[2025-05-14 11:39:25,244]: [_trace.py]: atrace: 87:       DEBUG:    [receive_response_headers.complete return_value=(b'HTTP/1.1', 200, b'OK', [(b'Server', b'nginx/1.18.0'), (b'Date', b'Wed, 14 May 2025 11:39:25 GMT'), (b'Content-Type', b'application/json'), (b'Content-Length', b'258'), (b'Connection', b'keep-alive'), (b'Strict-Transport-Security', b'max-age=31536000; includeSubDomains; preload'), (b'Access-Control-Allow-Origin', b'*'), (b'Access-Control-Allow-Methods', b'GET, POST, OPTIONS'), (b'Access-Control-Expose-Headers', b'Content-Length,Content-Type,Date,Server,Connection')])]
[2025-05-14 11:39:25,245]: [_client.py]: _send_single_request: 1740:       INFO:    [HTTP Request: POST https://api.telegram.org/bot6030805959:AAGUHAMxLYc-PrevgKouJ3ZyM7ktu56ftjo/getMe "HTTP/1.1 200 OK"]
[2025-05-14 11:39:25,245]: [_trace.py]: atrace: 87:       DEBUG:    [receive_response_body.started request=<Request [b'POST']>]
[2025-05-14 11:39:25,245]: [_trace.py]: atrace: 87:       DEBUG:    [receive_response_body.complete]
[2025-05-14 11:39:25,245]: [_trace.py]: atrace: 87:       DEBUG:    [response_closed.started]
[2025-05-14 11:39:25,245]: [_trace.py]: atrace: 87:       DEBUG:    [response_closed.complete]
[2025-05-14 11:39:25,245]: [_bot.py]: _do_post: 652:       DEBUG:    [Call to Bot API endpoint `getMe` finished with return value `{'id': 6030805959, 'is_bot': True, 'first_name': 'TyPHoone', 'username': 'TyPHoone_Project_bot', 'can_join_groups': True, 'can_read_all_group_messages': False, 'supports_inline_queries': False, 'can_connect_to_business': False, 'has_main_web_app': False}`]
[2025-05-14 11:39:25,248]: [_bot.py]: _do_post: 643:       DEBUG:    [Calling Bot API endpoint `sendDocument` with parameters `{'chat_id': '-4119703192', 'document': <telegram._files.inputfile.InputFile object at 0x7f441dc75c40>}`]
[2025-05-14 11:39:25,249]: [_trace.py]: atrace: 87:       DEBUG:    [send_request_headers.started request=<Request [b'POST']>]
[2025-05-14 11:39:25,249]: [_trace.py]: atrace: 87:       DEBUG:    [send_request_headers.complete]
[2025-05-14 11:39:25,249]: [_trace.py]: atrace: 87:       DEBUG:    [send_request_body.started request=<Request [b'POST']>]
[2025-05-14 11:39:25,250]: [_trace.py]: atrace: 87:       DEBUG:    [send_request_body.complete]
[2025-05-14 11:39:25,250]: [_trace.py]: atrace: 87:       DEBUG:    [receive_response_headers.started request=<Request [b'POST']>]
[2025-05-14 11:39:25,590]: [_trace.py]: atrace: 87:       DEBUG:    [receive_response_headers.complete return_value=(b'HTTP/1.1', 200, b'OK', [(b'Server', b'nginx/1.18.0'), (b'Date', b'Wed, 14 May 2025 11:39:25 GMT'), (b'Content-Type', b'application/json'), (b'Content-Length', b'584'), (b'Connection', b'keep-alive'), (b'Strict-Transport-Security', b'max-age=31536000; includeSubDomains; preload'), (b'Access-Control-Allow-Origin', b'*'), (b'Access-Control-Allow-Methods', b'GET, POST, OPTIONS'), (b'Access-Control-Expose-Headers', b'Content-Length,Content-Type,Date,Server,Connection')])]
[2025-05-14 11:39:25,591]: [_client.py]: _send_single_request: 1740:       INFO:    [HTTP Request: POST https://api.telegram.org/bot6030805959:AAGUHAMxLYc-PrevgKouJ3ZyM7ktu56ftjo/sendDocument "HTTP/1.1 200 OK"]
[2025-05-14 11:39:25,591]: [_trace.py]: atrace: 87:       DEBUG:    [receive_response_body.started request=<Request [b'POST']>]
[2025-05-14 11:39:25,591]: [_trace.py]: atrace: 87:       DEBUG:    [receive_response_body.complete]
[2025-05-14 11:39:25,591]: [_trace.py]: atrace: 87:       DEBUG:    [response_closed.started]
[2025-05-14 11:39:25,591]: [_trace.py]: atrace: 87:       DEBUG:    [response_closed.complete]
[2025-05-14 11:39:25,591]: [_bot.py]: _do_post: 652:       DEBUG:    [Call to Bot API endpoint `sendDocument` finished with return value `{'message_id': 2353, 'from': {'id': 6030805959, 'is_bot': True, 'first_name': 'TyPHoone', 'username': 'TyPHoone_Project_bot'}, 'chat': {'id': -4119703192, 'title': 'Robocop', 'type': 'group', 'all_members_are_administrators': True, 'accepted_gift_types': {'unlimited_gifts': False, 'limited_gifts': False, 'unique_gifts': False, 'premium_subscription': False}}, 'date': 1747222765, 'document': {'file_name': '(2025_05_14--11_39).log', 'mime_type': 'text/plain', 'file_id': 'BQACAgQAAxkDAAIJMWgkgO0TPjFJ7pCbK16qcEWIVHByAAKfGAACRu8oUUAWhA8TPlPYNgQ', 'file_unique_id': 'AgADnxgAAkbvKFE', 'file_size': 5937}}`]
[2025-05-14 11:39:25,592]: [_trace.py]: atrace: 87:       DEBUG:    [close.started]
[2025-05-14 11:39:25,592]: [_trace.py]: atrace: 87:       DEBUG:    [close.complete]
[2025-05-14 11:39:25,634]: [_bot.py]: _do_post: 643:       DEBUG:    [Calling Bot API endpoint `getMe` with parameters `{}`]
[2025-05-14 11:39:25,634]: [_trace.py]: atrace: 87:       DEBUG:    [connect_tcp.started host='api.telegram.org' port=443 local_address=None timeout=5.0 socket_options=None]
[2025-05-14 11:39:25,778]: [_trace.py]: atrace: 87:       DEBUG:    [connect_tcp.complete return_value=<httpcore._backends.anyio.AnyIOStream object at 0x7f441dcad520>]
[2025-05-14 11:39:25,778]: [_trace.py]: atrace: 87:       DEBUG:    [start_tls.started ssl_context=<ssl.SSLContext object at 0x7f441e7776d0> server_hostname='api.telegram.org' timeout=5.0]
[2025-05-14 11:39:25,922]: [_trace.py]: atrace: 87:       DEBUG:    [start_tls.complete return_value=<httpcore._backends.anyio.AnyIOStream object at 0x7f442c3793a0>]
[2025-05-14 11:39:25,922]: [_trace.py]: atrace: 87:       DEBUG:    [send_request_headers.started request=<Request [b'POST']>]
[2025-05-14 11:39:25,923]: [_trace.py]: atrace: 87:       DEBUG:    [send_request_headers.complete]
[2025-05-14 11:39:25,923]: [_trace.py]: atrace: 87:       DEBUG:    [send_request_body.started request=<Request [b'POST']>]
[2025-05-14 11:39:25,923]: [_trace.py]: atrace: 87:       DEBUG:    [send_request_body.complete]
[2025-05-14 11:39:25,923]: [_trace.py]: atrace: 87:       DEBUG:    [receive_response_headers.started request=<Request [b'POST']>]
[2025-05-14 11:39:26,067]: [_trace.py]: atrace: 87:       DEBUG:    [receive_response_headers.complete return_value=(b'HTTP/1.1', 200, b'OK', [(b'Server', b'nginx/1.18.0'), (b'Date', b'Wed, 14 May 2025 11:39:26 GMT'), (b'Content-Type', b'application/json'), (b'Content-Length', b'258'), (b'Connection', b'keep-alive'), (b'Strict-Transport-Security', b'max-age=31536000; includeSubDomains; preload'), (b'Access-Control-Allow-Origin', b'*'), (b'Access-Control-Allow-Methods', b'GET, POST, OPTIONS'), (b'Access-Control-Expose-Headers', b'Content-Length,Content-Type,Date,Server,Connection')])]
[2025-05-14 11:39:26,067]: [_client.py]: _send_single_request: 1740:       INFO:    [HTTP Request: POST https://api.telegram.org/bot6030805959:AAGUHAMxLYc-PrevgKouJ3ZyM7ktu56ftjo/getMe "HTTP/1.1 200 OK"]
[2025-05-14 11:39:26,067]: [_trace.py]: atrace: 87:       DEBUG:    [receive_response_body.started request=<Request [b'POST']>]
[2025-05-14 11:39:26,067]: [_trace.py]: atrace: 87:       DEBUG:    [receive_response_body.complete]
[2025-05-14 11:39:26,067]: [_trace.py]: atrace: 87:       DEBUG:    [response_closed.started]
[2025-05-14 11:39:26,067]: [_trace.py]: atrace: 87:       DEBUG:    [response_closed.complete]
[2025-05-14 11:39:26,068]: [_bot.py]: _do_post: 652:       DEBUG:    [Call to Bot API endpoint `getMe` finished with return value `{'id': 6030805959, 'is_bot': True, 'first_name': 'TyPHoone', 'username': 'TyPHoone_Project_bot', 'can_join_groups': True, 'can_read_all_group_messages': False, 'supports_inline_queries': False, 'can_connect_to_business': False, 'has_main_web_app': False}`]
[2025-05-14 11:39:26,070]: [_bot.py]: _do_post: 643:       DEBUG:    [Calling Bot API endpoint `sendDocument` with parameters `{'chat_id': '-4119703192', 'document': <telegram._files.inputfile.InputFile object at 0x7f441e7dc2c0>}`]
[2025-05-14 11:39:26,070]: [_trace.py]: atrace: 87:       DEBUG:    [send_request_headers.started request=<Request [b'POST']>]
[2025-05-14 11:39:26,071]: [_trace.py]: atrace: 87:       DEBUG:    [send_request_headers.complete]
[2025-05-14 11:39:26,071]: [_trace.py]: atrace: 87:       DEBUG:    [send_request_body.started request=<Request [b'POST']>]
[2025-05-14 11:39:27,488]: [_trace.py]: atrace: 87:       DEBUG:    [send_request_body.complete]
[2025-05-14 11:39:27,488]: [_trace.py]: atrace: 87:       DEBUG:    [receive_response_headers.started request=<Request [b'POST']>]
[2025-05-14 11:39:28,055]: [_trace.py]: atrace: 87:       DEBUG:    [receive_response_headers.complete return_value=(b'HTTP/1.1', 200, b'OK', [(b'Server', b'nginx/1.18.0'), (b'Date', b'Wed, 14 May 2025 11:39:27 GMT'), (b'Content-Type', b'application/json'), (b'Content-Length', b'599'), (b'Connection', b'keep-alive'), (b'Strict-Transport-Security', b'max-age=31536000; includeSubDomains; preload'), (b'Access-Control-Allow-Origin', b'*'), (b'Access-Control-Allow-Methods', b'GET, POST, OPTIONS'), (b'Access-Control-Expose-Headers', b'Content-Length,Content-Type,Date,Server,Connection')])]
[2025-05-14 11:39:28,056]: [_client.py]: _send_single_request: 1740:       INFO:    [HTTP Request: POST https://api.telegram.org/bot6030805959:AAGUHAMxLYc-PrevgKouJ3ZyM7ktu56ftjo/sendDocument "HTTP/1.1 200 OK"]
[2025-05-14 11:39:28,056]: [_trace.py]: atrace: 87:       DEBUG:    [receive_response_body.started request=<Request [b'POST']>]
[2025-05-14 11:39:28,056]: [_trace.py]: atrace: 87:       DEBUG:    [receive_response_body.complete]
[2025-05-14 11:39:28,056]: [_trace.py]: atrace: 87:       DEBUG:    [response_closed.started]
[2025-05-14 11:39:28,056]: [_trace.py]: atrace: 87:       DEBUG:    [response_closed.complete]
[2025-05-14 11:39:28,056]: [_bot.py]: _do_post: 652:       DEBUG:    [Call to Bot API endpoint `sendDocument` finished with return value `{'message_id': 2354, 'from': {'id': 6030805959, 'is_bot': True, 'first_name': 'TyPHoone', 'username': 'TyPHoone_Project_bot'}, 'chat': {'id': -4119703192, 'title': 'Robocop', 'type': 'group', 'all_members_are_administrators': True, 'accepted_gift_types': {'unlimited_gifts': False, 'limited_gifts': False, 'unique_gifts': False, 'premium_subscription': False}}, 'date': 1747222767, 'document': {'file_name': '(2025_05_14--11_39)output.zip', 'mime_type': 'application/zip', 'file_id': 'BQACAgQAAxkDAAIJMmgkgO-1-yQpYmNaf3exeXYrtpNhAAKgGAACRu8oUWe1ptpADzhGNgQ', 'file_unique_id': 'AgADoBgAAkbvKFE', 'file_size': 10274583}}`]
[2025-05-14 11:39:28,057]: [_trace.py]: atrace: 87:       DEBUG:    [close.started]
[2025-05-14 11:39:28,057]: [_trace.py]: atrace: 87:       DEBUG:    [close.complete]
[2025-05-14 11:39:28,057]: [Telegram_Sender.py]: runner: 61:       INFO:    [sent successfully]
[2025-05-14 11:39:28,057]: [Main.py]: <module>: 48:       INFO:    [Finished]
