[2025-12-03 11:42:34,996]: [Main.py]: <module>: 21:       INFO:    [Started]
[2025-12-03 11:42:36,663]: [Iron_Scraper.py]: Scrap: 32:       INFO:    [Data Scaraped Successfully]
[2025-12-03 11:42:36,867]: [Iron_Scraper.py]: Scrap: 70:       INFO:    [Scrapped Data Has No Problem]
[2025-12-03 11:42:36,868]: [Iron_Scraper.py]: Scrap: 83:       INFO:    [Data Saved Successfully]
[2025-12-03 11:42:36,868]: [Iron.py]: Run: 26:       INFO:    [Scraping Phase Completed]
[2025-12-03 11:42:36,868]: [Iron_Data_Processor.py]: Data_Reader: 61:       INFO:    [Data File Has Been Red Successfully]
[2025-12-03 11:42:36,868]: [Iron_Data_Processor.py]: Shaper: 78:       INFO:    [Data Shaped]
[2025-12-03 11:42:36,868]: [Iron_Data_Processor.py]: Process: 228:       INFO:    [Data Cleaned]
[2025-12-03 11:42:36,869]: [Iron_Data_Processor.py]: Make_Pages_Objects: 101:       INFO:    [Page Objects Has Been Made]
[2025-12-03 11:42:36,869]: [Iron_Data_Processor.py]: Make_Pages_Objects: 101:       INFO:    [Page Objects Has Been Made]
[2025-12-03 11:42:36,869]: [Iron_Data_Processor.py]: Load_Data: 118:       INFO:    [Data Has Been Load]
[2025-12-03 11:42:36,869]: [Iron_Data_Processor.py]: Load_Data: 118:       INFO:    [Data Has Been Load]
[2025-12-03 11:42:36,869]: [Iron_Data_Processor.py]: Load_positions: 140:       INFO:    [Positions Are Ready]
[2025-12-03 11:42:36,869]: [Iron_Data_Processor.py]: Load_positions: 140:       INFO:    [Positions Are Ready]
[2025-12-03 11:42:37,995]: [Iron_Data_Processor.py]: Make_Tagged_Images: 193:       INFO:    [Images Has Been Made]
[2025-12-03 11:42:38,946]: [Iron_Data_Processor.py]: Make_Tagged_Images: 193:       INFO:    [Images Has Been Made]
[2025-12-03 11:42:39,201]: [Iron_Data_Processor.py]: Make_Cover_Page: 215:       INFO:    [Made Cover Pages]
[2025-12-03 11:42:39,201]: [Iron.py]: Run: 29:       INFO:    [Imagination Phase Completed]
[2025-12-03 11:42:42,798]: [Phone_Scraper.py]: Scrap: 58:       INFO:    [Data Scraped]
[2025-12-03 11:42:42,798]: [Phone_Scraper.py]: Scrap: 71:       INFO:    [Scraped Data Successfully]
[2025-12-03 11:42:42,798]: [Phone.py]: Run: 26:       INFO:    [Scraping Phase Complete]
[2025-12-03 11:42:42,798]: [Phone_Data_Processor.py]: data_reader: 38:       INFO:    [Scraped Data Loaded]
[2025-12-03 11:42:42,799]: [Phone_Data_Processor.py]: filter_list: 65:       INFO:    [Persian Phrases Are deleted]
[2025-12-03 11:42:42,800]: [Phone_Data_Processor.py]: reshape_list: 87:       INFO:    [Date Reshaped]
[2025-12-03 11:42:42,800]: [Phone_Data_Processor.py]: separate_brands: 124:       INFO:    [Brands Are Separated]
[2025-12-03 11:42:42,800]: [Phone_Data_Processor.py]: delete_extra_spaces: 141:       INFO:    [Extra Spaces Are Deleted]
[2025-12-03 11:42:43,546]: [Phone.py]: Run: 29:       INFO:    [Imagination Phase Complete]
[2025-12-03 11:42:43,546]: [selector_events.py]: __init__: 64:       DEBUG:    [Using selector: EpollSelector]
[2025-12-03 11:42:43,826]: [_bot.py]: _do_post: 643:       DEBUG:    [Calling Bot API endpoint `getMe` with parameters `{}`]
[2025-12-03 11:42:43,830]: [_trace.py]: atrace: 87:       DEBUG:    [connect_tcp.started host='api.telegram.org' port=443 local_address=None timeout=5.0 socket_options=None]
[2025-12-03 11:42:43,994]: [_trace.py]: atrace: 87:       DEBUG:    [connect_tcp.complete return_value=<httpcore._backends.anyio.AnyIOStream object at 0x7f14d7d03f20>]
[2025-12-03 11:42:43,994]: [_trace.py]: atrace: 87:       DEBUG:    [start_tls.started ssl_context=<ssl.SSLContext object at 0x7f14d79b1ed0> server_hostname='api.telegram.org' timeout=5.0]
[2025-12-03 11:42:44,086]: [_trace.py]: atrace: 87:       DEBUG:    [start_tls.complete return_value=<httpcore._backends.anyio.AnyIOStream object at 0x7f14d79d1c70>]
[2025-12-03 11:42:44,087]: [_trace.py]: atrace: 87:       DEBUG:    [send_request_headers.started request=<Request [b'POST']>]
[2025-12-03 11:42:44,087]: [_trace.py]: atrace: 87:       DEBUG:    [send_request_headers.complete]
[2025-12-03 11:42:44,087]: [_trace.py]: atrace: 87:       DEBUG:    [send_request_body.started request=<Request [b'POST']>]
[2025-12-03 11:42:44,087]: [_trace.py]: atrace: 87:       DEBUG:    [send_request_body.complete]
[2025-12-03 11:42:44,087]: [_trace.py]: atrace: 87:       DEBUG:    [receive_response_headers.started request=<Request [b'POST']>]
[2025-12-03 11:42:44,176]: [_trace.py]: atrace: 87:       DEBUG:    [receive_response_headers.complete return_value=(b'HTTP/1.1', 200, b'OK', [(b'Server', b'nginx/1.18.0'), (b'Date', b'Wed, 03 Dec 2025 11:42:44 GMT'), (b'Content-Type', b'application/json'), (b'Content-Length', b'258'), (b'Connection', b'keep-alive'), (b'Strict-Transport-Security', b'max-age=31536000; includeSubDomains; preload'), (b'Access-Control-Allow-Origin', b'*'), (b'Access-Control-Allow-Methods', b'GET, POST, OPTIONS'), (b'Access-Control-Expose-Headers', b'Content-Length,Content-Type,Date,Server,Connection')])]
[2025-12-03 11:42:44,177]: [_client.py]: _send_single_request: 1740:       INFO:    [HTTP Request: POST https://api.telegram.org/bot6030805959:AAGUHAMxLYc-PrevgKouJ3ZyM7ktu56ftjo/getMe "HTTP/1.1 200 OK"]
[2025-12-03 11:42:44,177]: [_trace.py]: atrace: 87:       DEBUG:    [receive_response_body.started request=<Request [b'POST']>]
[2025-12-03 11:42:44,177]: [_trace.py]: atrace: 87:       DEBUG:    [receive_response_body.complete]
[2025-12-03 11:42:44,177]: [_trace.py]: atrace: 87:       DEBUG:    [response_closed.started]
[2025-12-03 11:42:44,177]: [_trace.py]: atrace: 87:       DEBUG:    [response_closed.complete]
[2025-12-03 11:42:44,177]: [_bot.py]: _do_post: 652:       DEBUG:    [Call to Bot API endpoint `getMe` finished with return value `{'id': 6030805959, 'is_bot': True, 'first_name': 'TyPHoone', 'username': 'TyPHoone_Project_bot', 'can_join_groups': True, 'can_read_all_group_messages': False, 'supports_inline_queries': False, 'can_connect_to_business': False, 'has_main_web_app': False}`]
[2025-12-03 11:42:44,180]: [_bot.py]: _do_post: 643:       DEBUG:    [Calling Bot API endpoint `sendDocument` with parameters `{'chat_id': '-4119703192', 'document': <telegram._files.inputfile.InputFile object at 0x7f14d6f9dd40>}`]
[2025-12-03 11:42:44,181]: [_trace.py]: atrace: 87:       DEBUG:    [send_request_headers.started request=<Request [b'POST']>]
[2025-12-03 11:42:44,181]: [_trace.py]: atrace: 87:       DEBUG:    [send_request_headers.complete]
[2025-12-03 11:42:44,181]: [_trace.py]: atrace: 87:       DEBUG:    [send_request_body.started request=<Request [b'POST']>]
[2025-12-03 11:42:44,182]: [_trace.py]: atrace: 87:       DEBUG:    [send_request_body.complete]
[2025-12-03 11:42:44,182]: [_trace.py]: atrace: 87:       DEBUG:    [receive_response_headers.started request=<Request [b'POST']>]
[2025-12-03 11:42:44,337]: [_trace.py]: atrace: 87:       DEBUG:    [receive_response_headers.complete return_value=(b'HTTP/1.1', 200, b'OK', [(b'Server', b'nginx/1.18.0'), (b'Date', b'Wed, 03 Dec 2025 11:42:44 GMT'), (b'Content-Type', b'application/json'), (b'Content-Length', b'584'), (b'Connection', b'keep-alive'), (b'Strict-Transport-Security', b'max-age=31536000; includeSubDomains; preload'), (b'Access-Control-Allow-Origin', b'*'), (b'Access-Control-Allow-Methods', b'GET, POST, OPTIONS'), (b'Access-Control-Expose-Headers', b'Content-Length,Content-Type,Date,Server,Connection')])]
[2025-12-03 11:42:44,338]: [_client.py]: _send_single_request: 1740:       INFO:    [HTTP Request: POST https://api.telegram.org/bot6030805959:AAGUHAMxLYc-PrevgKouJ3ZyM7ktu56ftjo/sendDocument "HTTP/1.1 200 OK"]
[2025-12-03 11:42:44,338]: [_trace.py]: atrace: 87:       DEBUG:    [receive_response_body.started request=<Request [b'POST']>]
[2025-12-03 11:42:44,338]: [_trace.py]: atrace: 87:       DEBUG:    [receive_response_body.complete]
[2025-12-03 11:42:44,338]: [_trace.py]: atrace: 87:       DEBUG:    [response_closed.started]
[2025-12-03 11:42:44,338]: [_trace.py]: atrace: 87:       DEBUG:    [response_closed.complete]
[2025-12-03 11:42:44,338]: [_bot.py]: _do_post: 652:       DEBUG:    [Call to Bot API endpoint `sendDocument` finished with return value `{'message_id': 2764, 'from': {'id': 6030805959, 'is_bot': True, 'first_name': 'TyPHoone', 'username': 'TyPHoone_Project_bot'}, 'chat': {'id': -4119703192, 'title': 'Robocop', 'type': 'group', 'all_members_are_administrators': True, 'accepted_gift_types': {'unlimited_gifts': False, 'limited_gifts': False, 'unique_gifts': False, 'premium_subscription': False}}, 'date': 1764762164, 'document': {'file_name': '(2025_12_03--11_42).log', 'mime_type': 'text/plain', 'file_id': 'BQACAgQAAxkDAAIKzGkwIjSW8-f1N198dYu84uPTzs-xAAJlGQACiMyAUUkcQNwv9XniNgQ', 'file_unique_id': 'AgADZRkAAojMgFE', 'file_size': 5937}}`]
[2025-12-03 11:42:44,339]: [_trace.py]: atrace: 87:       DEBUG:    [close.started]
[2025-12-03 11:42:44,339]: [_trace.py]: atrace: 87:       DEBUG:    [close.complete]
[2025-12-03 11:42:44,382]: [_bot.py]: _do_post: 643:       DEBUG:    [Calling Bot API endpoint `getMe` with parameters `{}`]
[2025-12-03 11:42:44,383]: [_trace.py]: atrace: 87:       DEBUG:    [connect_tcp.started host='api.telegram.org' port=443 local_address=None timeout=5.0 socket_options=None]
[2025-12-03 11:42:44,473]: [_trace.py]: atrace: 87:       DEBUG:    [connect_tcp.complete return_value=<httpcore._backends.anyio.AnyIOStream object at 0x7f14d6e38860>]
[2025-12-03 11:42:44,473]: [_trace.py]: atrace: 87:       DEBUG:    [start_tls.started ssl_context=<ssl.SSLContext object at 0x7f14d79b1dd0> server_hostname='api.telegram.org' timeout=5.0]
[2025-12-03 11:42:44,567]: [_trace.py]: atrace: 87:       DEBUG:    [start_tls.complete return_value=<httpcore._backends.anyio.AnyIOStream object at 0x7f14d6e2bf80>]
[2025-12-03 11:42:44,568]: [_trace.py]: atrace: 87:       DEBUG:    [send_request_headers.started request=<Request [b'POST']>]
[2025-12-03 11:42:44,568]: [_trace.py]: atrace: 87:       DEBUG:    [send_request_headers.complete]
[2025-12-03 11:42:44,568]: [_trace.py]: atrace: 87:       DEBUG:    [send_request_body.started request=<Request [b'POST']>]
[2025-12-03 11:42:44,568]: [_trace.py]: atrace: 87:       DEBUG:    [send_request_body.complete]
[2025-12-03 11:42:44,568]: [_trace.py]: atrace: 87:       DEBUG:    [receive_response_headers.started request=<Request [b'POST']>]
[2025-12-03 11:42:44,659]: [_trace.py]: atrace: 87:       DEBUG:    [receive_response_headers.complete return_value=(b'HTTP/1.1', 200, b'OK', [(b'Server', b'nginx/1.18.0'), (b'Date', b'Wed, 03 Dec 2025 11:42:44 GMT'), (b'Content-Type', b'application/json'), (b'Content-Length', b'258'), (b'Connection', b'keep-alive'), (b'Strict-Transport-Security', b'max-age=31536000; includeSubDomains; preload'), (b'Access-Control-Allow-Origin', b'*'), (b'Access-Control-Allow-Methods', b'GET, POST, OPTIONS'), (b'Access-Control-Expose-Headers', b'Content-Length,Content-Type,Date,Server,Connection')])]
[2025-12-03 11:42:44,659]: [_client.py]: _send_single_request: 1740:       INFO:    [HTTP Request: POST https://api.telegram.org/bot6030805959:AAGUHAMxLYc-PrevgKouJ3ZyM7ktu56ftjo/getMe "HTTP/1.1 200 OK"]
[2025-12-03 11:42:44,659]: [_trace.py]: atrace: 87:       DEBUG:    [receive_response_body.started request=<Request [b'POST']>]
[2025-12-03 11:42:44,659]: [_trace.py]: atrace: 87:       DEBUG:    [receive_response_body.complete]
[2025-12-03 11:42:44,659]: [_trace.py]: atrace: 87:       DEBUG:    [response_closed.started]
[2025-12-03 11:42:44,659]: [_trace.py]: atrace: 87:       DEBUG:    [response_closed.complete]
[2025-12-03 11:42:44,660]: [_bot.py]: _do_post: 652:       DEBUG:    [Call to Bot API endpoint `getMe` finished with return value `{'id': 6030805959, 'is_bot': True, 'first_name': 'TyPHoone', 'username': 'TyPHoone_Project_bot', 'can_join_groups': True, 'can_read_all_group_messages': False, 'supports_inline_queries': False, 'can_connect_to_business': False, 'has_main_web_app': False}`]
[2025-12-03 11:42:44,662]: [_bot.py]: _do_post: 643:       DEBUG:    [Calling Bot API endpoint `sendDocument` with parameters `{'chat_id': '-4119703192', 'document': <telegram._files.inputfile.InputFile object at 0x7f14d79e9180>}`]
[2025-12-03 11:42:44,663]: [_trace.py]: atrace: 87:       DEBUG:    [send_request_headers.started request=<Request [b'POST']>]
[2025-12-03 11:42:44,663]: [_trace.py]: atrace: 87:       DEBUG:    [send_request_headers.complete]
[2025-12-03 11:42:44,663]: [_trace.py]: atrace: 87:       DEBUG:    [send_request_body.started request=<Request [b'POST']>]
[2025-12-03 11:42:45,556]: [_trace.py]: atrace: 87:       DEBUG:    [send_request_body.complete]
[2025-12-03 11:42:45,556]: [_trace.py]: atrace: 87:       DEBUG:    [receive_response_headers.started request=<Request [b'POST']>]
[2025-12-03 11:42:46,343]: [_trace.py]: atrace: 87:       DEBUG:    [receive_response_headers.complete return_value=(b'HTTP/1.1', 200, b'OK', [(b'Server', b'nginx/1.18.0'), (b'Date', b'Wed, 03 Dec 2025 11:42:46 GMT'), (b'Content-Type', b'application/json'), (b'Content-Length', b'600'), (b'Connection', b'keep-alive'), (b'Strict-Transport-Security', b'max-age=31536000; includeSubDomains; preload'), (b'Access-Control-Allow-Origin', b'*'), (b'Access-Control-Allow-Methods', b'GET, POST, OPTIONS'), (b'Access-Control-Expose-Headers', b'Content-Length,Content-Type,Date,Server,Connection')])]
[2025-12-03 11:42:46,343]: [_client.py]: _send_single_request: 1740:       INFO:    [HTTP Request: POST https://api.telegram.org/bot6030805959:AAGUHAMxLYc-PrevgKouJ3ZyM7ktu56ftjo/sendDocument "HTTP/1.1 200 OK"]
[2025-12-03 11:42:46,343]: [_trace.py]: atrace: 87:       DEBUG:    [receive_response_body.started request=<Request [b'POST']>]
[2025-12-03 11:42:46,343]: [_trace.py]: atrace: 87:       DEBUG:    [receive_response_body.complete]
[2025-12-03 11:42:46,343]: [_trace.py]: atrace: 87:       DEBUG:    [response_closed.started]
[2025-12-03 11:42:46,343]: [_trace.py]: atrace: 87:       DEBUG:    [response_closed.complete]
[2025-12-03 11:42:46,344]: [_bot.py]: _do_post: 652:       DEBUG:    [Call to Bot API endpoint `sendDocument` finished with return value `{'message_id': 2765, 'from': {'id': 6030805959, 'is_bot': True, 'first_name': 'TyPHoone', 'username': 'TyPHoone_Project_bot'}, 'chat': {'id': -4119703192, 'title': 'Robocop', 'type': 'group', 'all_members_are_administrators': True, 'accepted_gift_types': {'unlimited_gifts': False, 'limited_gifts': False, 'unique_gifts': False, 'premium_subscription': False}}, 'date': 1764762166, 'document': {'file_name': '(2025_12_03--11_42)output.zip', 'mime_type': 'application/zip', 'file_id': 'BQACAgQAAxkDAAIKzWkwIjX393MsK0yqo8P_-LjPWgABFAACZhkAAojMgFFislwXJiPVtDYE', 'file_unique_id': 'AgADZhkAAojMgFE', 'file_size': 10138605}}`]
[2025-12-03 11:42:46,344]: [_trace.py]: atrace: 87:       DEBUG:    [close.started]
[2025-12-03 11:42:46,344]: [_trace.py]: atrace: 87:       DEBUG:    [close.complete]
[2025-12-03 11:42:46,344]: [Telegram_Sender.py]: runner: 61:       INFO:    [sent successfully]
[2025-12-03 11:42:46,345]: [Main.py]: <module>: 48:       INFO:    [Finished]
