[2025-10-26 11:39:59,577]: [Main.py]: <module>: 21:       INFO:    [Started]
[2025-10-26 11:40:01,097]: [Iron_Scraper.py]: Scrap: 32:       INFO:    [Data Scaraped Successfully]
[2025-10-26 11:40:01,301]: [Iron_Scraper.py]: Scrap: 70:       INFO:    [Scrapped Data Has No Problem]
[2025-10-26 11:40:01,301]: [Iron_Scraper.py]: Scrap: 83:       INFO:    [Data Saved Successfully]
[2025-10-26 11:40:01,301]: [Iron.py]: Run: 26:       INFO:    [Scraping Phase Completed]
[2025-10-26 11:40:01,301]: [Iron_Data_Processor.py]: Data_Reader: 61:       INFO:    [Data File Has Been Red Successfully]
[2025-10-26 11:40:01,301]: [Iron_Data_Processor.py]: Shaper: 78:       INFO:    [Data Shaped]
[2025-10-26 11:40:01,302]: [Iron_Data_Processor.py]: Process: 228:       INFO:    [Data Cleaned]
[2025-10-26 11:40:01,302]: [Iron_Data_Processor.py]: Make_Pages_Objects: 101:       INFO:    [Page Objects Has Been Made]
[2025-10-26 11:40:01,302]: [Iron_Data_Processor.py]: Make_Pages_Objects: 101:       INFO:    [Page Objects Has Been Made]
[2025-10-26 11:40:01,302]: [Iron_Data_Processor.py]: Load_Data: 118:       INFO:    [Data Has Been Load]
[2025-10-26 11:40:01,302]: [Iron_Data_Processor.py]: Load_Data: 118:       INFO:    [Data Has Been Load]
[2025-10-26 11:40:01,303]: [Iron_Data_Processor.py]: Load_positions: 140:       INFO:    [Positions Are Ready]
[2025-10-26 11:40:01,303]: [Iron_Data_Processor.py]: Load_positions: 140:       INFO:    [Positions Are Ready]
[2025-10-26 11:40:02,425]: [Iron_Data_Processor.py]: Make_Tagged_Images: 193:       INFO:    [Images Has Been Made]
[2025-10-26 11:40:03,374]: [Iron_Data_Processor.py]: Make_Tagged_Images: 193:       INFO:    [Images Has Been Made]
[2025-10-26 11:40:03,628]: [Iron_Data_Processor.py]: Make_Cover_Page: 215:       INFO:    [Made Cover Pages]
[2025-10-26 11:40:03,628]: [Iron.py]: Run: 29:       INFO:    [Imagination Phase Completed]
[2025-10-26 11:40:08,505]: [Phone_Scraper.py]: Scrap: 58:       INFO:    [Data Scraped]
[2025-10-26 11:40:08,506]: [Phone_Scraper.py]: Scrap: 71:       INFO:    [Scraped Data Successfully]
[2025-10-26 11:40:08,506]: [Phone.py]: Run: 26:       INFO:    [Scraping Phase Complete]
[2025-10-26 11:40:08,506]: [Phone_Data_Processor.py]: data_reader: 38:       INFO:    [Scraped Data Loaded]
[2025-10-26 11:40:08,507]: [Phone_Data_Processor.py]: filter_list: 65:       INFO:    [Persian Phrases Are deleted]
[2025-10-26 11:40:08,507]: [Phone_Data_Processor.py]: reshape_list: 87:       INFO:    [Date Reshaped]
[2025-10-26 11:40:08,508]: [Phone_Data_Processor.py]: separate_brands: 124:       INFO:    [Brands Are Separated]
[2025-10-26 11:40:08,508]: [Phone_Data_Processor.py]: delete_extra_spaces: 141:       INFO:    [Extra Spaces Are Deleted]
[2025-10-26 11:40:09,251]: [Phone.py]: Run: 29:       INFO:    [Imagination Phase Complete]
[2025-10-26 11:40:09,251]: [selector_events.py]: __init__: 64:       DEBUG:    [Using selector: EpollSelector]
[2025-10-26 11:40:09,527]: [_bot.py]: _do_post: 643:       DEBUG:    [Calling Bot API endpoint `getMe` with parameters `{}`]
[2025-10-26 11:40:09,531]: [_trace.py]: atrace: 87:       DEBUG:    [connect_tcp.started host='api.telegram.org' port=443 local_address=None timeout=5.0 socket_options=None]
[2025-10-26 11:40:09,722]: [_trace.py]: atrace: 87:       DEBUG:    [connect_tcp.complete return_value=<httpcore._backends.anyio.AnyIOStream object at 0x7f82d4139310>]
[2025-10-26 11:40:09,723]: [_trace.py]: atrace: 87:       DEBUG:    [start_tls.started ssl_context=<ssl.SSLContext object at 0x7f82d47adf50> server_hostname='api.telegram.org' timeout=5.0]
[2025-10-26 11:40:09,816]: [_trace.py]: atrace: 87:       DEBUG:    [start_tls.complete return_value=<httpcore._backends.anyio.AnyIOStream object at 0x7f82e335c4d0>]
[2025-10-26 11:40:09,816]: [_trace.py]: atrace: 87:       DEBUG:    [send_request_headers.started request=<Request [b'POST']>]
[2025-10-26 11:40:09,817]: [_trace.py]: atrace: 87:       DEBUG:    [send_request_headers.complete]
[2025-10-26 11:40:09,817]: [_trace.py]: atrace: 87:       DEBUG:    [send_request_body.started request=<Request [b'POST']>]
[2025-10-26 11:40:09,817]: [_trace.py]: atrace: 87:       DEBUG:    [send_request_body.complete]
[2025-10-26 11:40:09,817]: [_trace.py]: atrace: 87:       DEBUG:    [receive_response_headers.started request=<Request [b'POST']>]
[2025-10-26 11:40:09,907]: [_trace.py]: atrace: 87:       DEBUG:    [receive_response_headers.complete return_value=(b'HTTP/1.1', 200, b'OK', [(b'Server', b'nginx/1.18.0'), (b'Date', b'Sun, 26 Oct 2025 11:40:09 GMT'), (b'Content-Type', b'application/json'), (b'Content-Length', b'258'), (b'Connection', b'keep-alive'), (b'Strict-Transport-Security', b'max-age=31536000; includeSubDomains; preload'), (b'Access-Control-Allow-Origin', b'*'), (b'Access-Control-Allow-Methods', b'GET, POST, OPTIONS'), (b'Access-Control-Expose-Headers', b'Content-Length,Content-Type,Date,Server,Connection')])]
[2025-10-26 11:40:09,907]: [_client.py]: _send_single_request: 1740:       INFO:    [HTTP Request: POST https://api.telegram.org/bot6030805959:AAGUHAMxLYc-PrevgKouJ3ZyM7ktu56ftjo/getMe "HTTP/1.1 200 OK"]
[2025-10-26 11:40:09,907]: [_trace.py]: atrace: 87:       DEBUG:    [receive_response_body.started request=<Request [b'POST']>]
[2025-10-26 11:40:09,907]: [_trace.py]: atrace: 87:       DEBUG:    [receive_response_body.complete]
[2025-10-26 11:40:09,908]: [_trace.py]: atrace: 87:       DEBUG:    [response_closed.started]
[2025-10-26 11:40:09,908]: [_trace.py]: atrace: 87:       DEBUG:    [response_closed.complete]
[2025-10-26 11:40:09,908]: [_bot.py]: _do_post: 652:       DEBUG:    [Call to Bot API endpoint `getMe` finished with return value `{'id': 6030805959, 'is_bot': True, 'first_name': 'TyPHoone', 'username': 'TyPHoone_Project_bot', 'can_join_groups': True, 'can_read_all_group_messages': False, 'supports_inline_queries': False, 'can_connect_to_business': False, 'has_main_web_app': False}`]
[2025-10-26 11:40:09,911]: [_bot.py]: _do_post: 643:       DEBUG:    [Calling Bot API endpoint `sendDocument` with parameters `{'chat_id': '-4119703192', 'document': <telegram._files.inputfile.InputFile object at 0x7f82d3d5d700>}`]
[2025-10-26 11:40:09,911]: [_trace.py]: atrace: 87:       DEBUG:    [send_request_headers.started request=<Request [b'POST']>]
[2025-10-26 11:40:09,912]: [_trace.py]: atrace: 87:       DEBUG:    [send_request_headers.complete]
[2025-10-26 11:40:09,912]: [_trace.py]: atrace: 87:       DEBUG:    [send_request_body.started request=<Request [b'POST']>]
[2025-10-26 11:40:09,912]: [_trace.py]: atrace: 87:       DEBUG:    [send_request_body.complete]
[2025-10-26 11:40:09,912]: [_trace.py]: atrace: 87:       DEBUG:    [receive_response_headers.started request=<Request [b'POST']>]
[2025-10-26 11:40:10,164]: [_trace.py]: atrace: 87:       DEBUG:    [receive_response_headers.complete return_value=(b'HTTP/1.1', 200, b'OK', [(b'Server', b'nginx/1.18.0'), (b'Date', b'Sun, 26 Oct 2025 11:40:10 GMT'), (b'Content-Type', b'application/json'), (b'Content-Length', b'584'), (b'Connection', b'keep-alive'), (b'Strict-Transport-Security', b'max-age=31536000; includeSubDomains; preload'), (b'Access-Control-Allow-Origin', b'*'), (b'Access-Control-Allow-Methods', b'GET, POST, OPTIONS'), (b'Access-Control-Expose-Headers', b'Content-Length,Content-Type,Date,Server,Connection')])]
[2025-10-26 11:40:10,164]: [_client.py]: _send_single_request: 1740:       INFO:    [HTTP Request: POST https://api.telegram.org/bot6030805959:AAGUHAMxLYc-PrevgKouJ3ZyM7ktu56ftjo/sendDocument "HTTP/1.1 200 OK"]
[2025-10-26 11:40:10,165]: [_trace.py]: atrace: 87:       DEBUG:    [receive_response_body.started request=<Request [b'POST']>]
[2025-10-26 11:40:10,165]: [_trace.py]: atrace: 87:       DEBUG:    [receive_response_body.complete]
[2025-10-26 11:40:10,165]: [_trace.py]: atrace: 87:       DEBUG:    [response_closed.started]
[2025-10-26 11:40:10,165]: [_trace.py]: atrace: 87:       DEBUG:    [response_closed.complete]
[2025-10-26 11:40:10,165]: [_bot.py]: _do_post: 652:       DEBUG:    [Call to Bot API endpoint `sendDocument` finished with return value `{'message_id': 2687, 'from': {'id': 6030805959, 'is_bot': True, 'first_name': 'TyPHoone', 'username': 'TyPHoone_Project_bot'}, 'chat': {'id': -4119703192, 'title': 'Robocop', 'type': 'group', 'all_members_are_administrators': True, 'accepted_gift_types': {'unlimited_gifts': False, 'limited_gifts': False, 'unique_gifts': False, 'premium_subscription': False}}, 'date': 1761478810, 'document': {'file_name': '(2025_10_26--11_39).log', 'mime_type': 'text/plain', 'file_id': 'BQACAgQAAxkDAAIKf2j-CJrrQKjraZ0R6G7nE0D36wt3AALDHwAC_jLxU7STEgvSlFZjNgQ', 'file_unique_id': 'AgADwx8AAv4y8VM', 'file_size': 5937}}`]
[2025-10-26 11:40:10,166]: [_trace.py]: atrace: 87:       DEBUG:    [close.started]
[2025-10-26 11:40:10,166]: [_trace.py]: atrace: 87:       DEBUG:    [close.complete]
[2025-10-26 11:40:10,209]: [_bot.py]: _do_post: 643:       DEBUG:    [Calling Bot API endpoint `getMe` with parameters `{}`]
[2025-10-26 11:40:10,209]: [_trace.py]: atrace: 87:       DEBUG:    [connect_tcp.started host='api.telegram.org' port=443 local_address=None timeout=5.0 socket_options=None]
[2025-10-26 11:40:10,301]: [_trace.py]: atrace: 87:       DEBUG:    [connect_tcp.complete return_value=<httpcore._backends.anyio.AnyIOStream object at 0x7f82d3df45f0>]
[2025-10-26 11:40:10,301]: [_trace.py]: atrace: 87:       DEBUG:    [start_tls.started ssl_context=<ssl.SSLContext object at 0x7f82d47ade50> server_hostname='api.telegram.org' timeout=5.0]
[2025-10-26 11:40:10,394]: [_trace.py]: atrace: 87:       DEBUG:    [start_tls.complete return_value=<httpcore._backends.anyio.AnyIOStream object at 0x7f82d4138aa0>]
[2025-10-26 11:40:10,394]: [_trace.py]: atrace: 87:       DEBUG:    [send_request_headers.started request=<Request [b'POST']>]
[2025-10-26 11:40:10,394]: [_trace.py]: atrace: 87:       DEBUG:    [send_request_headers.complete]
[2025-10-26 11:40:10,394]: [_trace.py]: atrace: 87:       DEBUG:    [send_request_body.started request=<Request [b'POST']>]
[2025-10-26 11:40:10,394]: [_trace.py]: atrace: 87:       DEBUG:    [send_request_body.complete]
[2025-10-26 11:40:10,394]: [_trace.py]: atrace: 87:       DEBUG:    [receive_response_headers.started request=<Request [b'POST']>]
[2025-10-26 11:40:10,495]: [_trace.py]: atrace: 87:       DEBUG:    [receive_response_headers.complete return_value=(b'HTTP/1.1', 200, b'OK', [(b'Server', b'nginx/1.18.0'), (b'Date', b'Sun, 26 Oct 2025 11:40:10 GMT'), (b'Content-Type', b'application/json'), (b'Content-Length', b'258'), (b'Connection', b'keep-alive'), (b'Strict-Transport-Security', b'max-age=31536000; includeSubDomains; preload'), (b'Access-Control-Allow-Origin', b'*'), (b'Access-Control-Allow-Methods', b'GET, POST, OPTIONS'), (b'Access-Control-Expose-Headers', b'Content-Length,Content-Type,Date,Server,Connection')])]
[2025-10-26 11:40:10,496]: [_client.py]: _send_single_request: 1740:       INFO:    [HTTP Request: POST https://api.telegram.org/bot6030805959:AAGUHAMxLYc-PrevgKouJ3ZyM7ktu56ftjo/getMe "HTTP/1.1 200 OK"]
[2025-10-26 11:40:10,496]: [_trace.py]: atrace: 87:       DEBUG:    [receive_response_body.started request=<Request [b'POST']>]
[2025-10-26 11:40:10,496]: [_trace.py]: atrace: 87:       DEBUG:    [receive_response_body.complete]
[2025-10-26 11:40:10,496]: [_trace.py]: atrace: 87:       DEBUG:    [response_closed.started]
[2025-10-26 11:40:10,496]: [_trace.py]: atrace: 87:       DEBUG:    [response_closed.complete]
[2025-10-26 11:40:10,496]: [_bot.py]: _do_post: 652:       DEBUG:    [Call to Bot API endpoint `getMe` finished with return value `{'id': 6030805959, 'is_bot': True, 'first_name': 'TyPHoone', 'username': 'TyPHoone_Project_bot', 'can_join_groups': True, 'can_read_all_group_messages': False, 'supports_inline_queries': False, 'can_connect_to_business': False, 'has_main_web_app': False}`]
[2025-10-26 11:40:10,499]: [_bot.py]: _do_post: 643:       DEBUG:    [Calling Bot API endpoint `sendDocument` with parameters `{'chat_id': '-4119703192', 'document': <telegram._files.inputfile.InputFile object at 0x7f82d47e8a40>}`]
[2025-10-26 11:40:10,499]: [_trace.py]: atrace: 87:       DEBUG:    [send_request_headers.started request=<Request [b'POST']>]
[2025-10-26 11:40:10,499]: [_trace.py]: atrace: 87:       DEBUG:    [send_request_headers.complete]
[2025-10-26 11:40:10,499]: [_trace.py]: atrace: 87:       DEBUG:    [send_request_body.started request=<Request [b'POST']>]
[2025-10-26 11:40:11,417]: [_trace.py]: atrace: 87:       DEBUG:    [send_request_body.complete]
[2025-10-26 11:40:11,418]: [_trace.py]: atrace: 87:       DEBUG:    [receive_response_headers.started request=<Request [b'POST']>]
[2025-10-26 11:40:12,221]: [_trace.py]: atrace: 87:       DEBUG:    [receive_response_headers.complete return_value=(b'HTTP/1.1', 200, b'OK', [(b'Server', b'nginx/1.18.0'), (b'Date', b'Sun, 26 Oct 2025 11:40:12 GMT'), (b'Content-Type', b'application/json'), (b'Content-Length', b'599'), (b'Connection', b'keep-alive'), (b'Strict-Transport-Security', b'max-age=31536000; includeSubDomains; preload'), (b'Access-Control-Allow-Origin', b'*'), (b'Access-Control-Allow-Methods', b'GET, POST, OPTIONS'), (b'Access-Control-Expose-Headers', b'Content-Length,Content-Type,Date,Server,Connection')])]
[2025-10-26 11:40:12,221]: [_client.py]: _send_single_request: 1740:       INFO:    [HTTP Request: POST https://api.telegram.org/bot6030805959:AAGUHAMxLYc-PrevgKouJ3ZyM7ktu56ftjo/sendDocument "HTTP/1.1 200 OK"]
[2025-10-26 11:40:12,221]: [_trace.py]: atrace: 87:       DEBUG:    [receive_response_body.started request=<Request [b'POST']>]
[2025-10-26 11:40:12,221]: [_trace.py]: atrace: 87:       DEBUG:    [receive_response_body.complete]
[2025-10-26 11:40:12,222]: [_trace.py]: atrace: 87:       DEBUG:    [response_closed.started]
[2025-10-26 11:40:12,222]: [_trace.py]: atrace: 87:       DEBUG:    [response_closed.complete]
[2025-10-26 11:40:12,222]: [_bot.py]: _do_post: 652:       DEBUG:    [Call to Bot API endpoint `sendDocument` finished with return value `{'message_id': 2688, 'from': {'id': 6030805959, 'is_bot': True, 'first_name': 'TyPHoone', 'username': 'TyPHoone_Project_bot'}, 'chat': {'id': -4119703192, 'title': 'Robocop', 'type': 'group', 'all_members_are_administrators': True, 'accepted_gift_types': {'unlimited_gifts': False, 'limited_gifts': False, 'unique_gifts': False, 'premium_subscription': False}}, 'date': 1761478812, 'document': {'file_name': '(2025_10_26--11_39)output.zip', 'mime_type': 'application/zip', 'file_id': 'BQACAgQAAxkDAAIKgGj-CJvR7JhgWvqsr49RxZh0uPXVAALEHwAC_jLxUxKZzG2xMneUNgQ', 'file_unique_id': 'AgADxB8AAv4y8VM', 'file_size': 10111475}}`]
[2025-10-26 11:40:12,222]: [_trace.py]: atrace: 87:       DEBUG:    [close.started]
[2025-10-26 11:40:12,222]: [_trace.py]: atrace: 87:       DEBUG:    [close.complete]
[2025-10-26 11:40:12,222]: [Telegram_Sender.py]: runner: 61:       INFO:    [sent successfully]
[2025-10-26 11:40:12,223]: [Main.py]: <module>: 48:       INFO:    [Finished]
