[2024-08-03 11:37:31,821]: [Main.py]: <module>: 21:       INFO:    [Started]
[2024-08-03 11:37:33,590]: [Iron_Scraper.py]: Scrap: 32:       INFO:    [Data Scaraped Successfully]
[2024-08-03 11:37:33,777]: [Iron_Scraper.py]: Scrap: 70:       INFO:    [Scrapped Data Has No Problem]
[2024-08-03 11:37:33,778]: [Iron_Scraper.py]: Scrap: 83:       INFO:    [Data Saved Successfully]
[2024-08-03 11:37:33,778]: [Iron.py]: Run: 26:       INFO:    [Scraping Phase Completed]
[2024-08-03 11:37:33,778]: [Iron_Data_Processor.py]: Data_Reader: 61:       INFO:    [Data File Has Been Red Successfully]
[2024-08-03 11:37:33,778]: [Iron_Data_Processor.py]: Shaper: 78:       INFO:    [Data Shaped]
[2024-08-03 11:37:33,778]: [Iron_Data_Processor.py]: Process: 228:       INFO:    [Data Cleaned]
[2024-08-03 11:37:33,778]: [Iron_Data_Processor.py]: Make_Pages_Objects: 101:       INFO:    [Page Objects Has Been Made]
[2024-08-03 11:37:33,779]: [Iron_Data_Processor.py]: Make_Pages_Objects: 101:       INFO:    [Page Objects Has Been Made]
[2024-08-03 11:37:33,779]: [Iron_Data_Processor.py]: Load_Data: 118:       INFO:    [Data Has Been Load]
[2024-08-03 11:37:33,779]: [Iron_Data_Processor.py]: Load_Data: 118:       INFO:    [Data Has Been Load]
[2024-08-03 11:37:33,779]: [Iron_Data_Processor.py]: Load_positions: 140:       INFO:    [Positions Are Ready]
[2024-08-03 11:37:33,779]: [Iron_Data_Processor.py]: Load_positions: 140:       INFO:    [Positions Are Ready]
[2024-08-03 11:37:34,897]: [Iron_Data_Processor.py]: Make_Tagged_Images: 193:       INFO:    [Images Has Been Made]
[2024-08-03 11:37:35,846]: [Iron_Data_Processor.py]: Make_Tagged_Images: 193:       INFO:    [Images Has Been Made]
[2024-08-03 11:37:36,099]: [Iron_Data_Processor.py]: Make_Cover_Page: 215:       INFO:    [Made Cover Pages]
[2024-08-03 11:37:36,099]: [Iron.py]: Run: 29:       INFO:    [Imagination Phase Completed]
[2024-08-03 11:37:39,678]: [Phone_Scraper.py]: Scrap: 58:       INFO:    [Data Scraped]
[2024-08-03 11:37:39,678]: [Phone_Scraper.py]: Scrap: 71:       INFO:    [Scraped Data Successfully]
[2024-08-03 11:37:39,678]: [Phone.py]: Run: 26:       INFO:    [Scraping Phase Complete]
[2024-08-03 11:37:39,679]: [Phone_Data_Processor.py]: data_reader: 38:       INFO:    [Scraped Data Loaded]
[2024-08-03 11:37:39,680]: [Phone_Data_Processor.py]: filter_list: 65:       INFO:    [Persian Phrases Are deleted]
[2024-08-03 11:37:39,680]: [Phone_Data_Processor.py]: reshape_list: 87:       INFO:    [Date Reshaped]
[2024-08-03 11:37:39,680]: [Phone_Data_Processor.py]: separate_brands: 124:       INFO:    [Brands Are Separated]
[2024-08-03 11:37:39,681]: [Phone_Data_Processor.py]: delete_extra_spaces: 141:       INFO:    [Extra Spaces Are Deleted]
[2024-08-03 11:37:40,423]: [Phone.py]: Run: 29:       INFO:    [Imagination Phase Complete]
[2024-08-03 11:37:40,423]: [selector_events.py]: __init__: 64:       DEBUG:    [Using selector: EpollSelector]
[2024-08-03 11:37:40,758]: [_bot.py]: _do_post: 643:       DEBUG:    [Calling Bot API endpoint `getMe` with parameters `{}`]
[2024-08-03 11:37:40,762]: [_trace.py]: atrace: 85:       DEBUG:    [connect_tcp.started host='api.telegram.org' port=443 local_address=None timeout=5.0 socket_options=None]
[2024-08-03 11:37:40,887]: [_trace.py]: atrace: 85:       DEBUG:    [connect_tcp.complete return_value=<httpcore._backends.anyio.AnyIOStream object at 0x7f5a6d2ca570>]
[2024-08-03 11:37:40,887]: [_trace.py]: atrace: 85:       DEBUG:    [start_tls.started ssl_context=<ssl.SSLContext object at 0x7f5a6db36a50> server_hostname='api.telegram.org' timeout=5.0]
[2024-08-03 11:37:40,989]: [_trace.py]: atrace: 85:       DEBUG:    [start_tls.complete return_value=<httpcore._backends.anyio.AnyIOStream object at 0x7f5a6e189940>]
[2024-08-03 11:37:40,990]: [_trace.py]: atrace: 85:       DEBUG:    [send_request_headers.started request=<Request [b'POST']>]
[2024-08-03 11:37:40,990]: [_trace.py]: atrace: 85:       DEBUG:    [send_request_headers.complete]
[2024-08-03 11:37:40,990]: [_trace.py]: atrace: 85:       DEBUG:    [send_request_body.started request=<Request [b'POST']>]
[2024-08-03 11:37:40,990]: [_trace.py]: atrace: 85:       DEBUG:    [send_request_body.complete]
[2024-08-03 11:37:40,990]: [_trace.py]: atrace: 85:       DEBUG:    [receive_response_headers.started request=<Request [b'POST']>]
[2024-08-03 11:37:41,091]: [_trace.py]: atrace: 85:       DEBUG:    [receive_response_headers.complete return_value=(b'HTTP/1.1', 200, b'OK', [(b'Server', b'nginx/1.18.0'), (b'Date', b'Sat, 03 Aug 2024 11:37:41 GMT'), (b'Content-Type', b'application/json'), (b'Content-Length', b'258'), (b'Connection', b'keep-alive'), (b'Strict-Transport-Security', b'max-age=31536000; includeSubDomains; preload'), (b'Access-Control-Allow-Origin', b'*'), (b'Access-Control-Allow-Methods', b'GET, POST, OPTIONS'), (b'Access-Control-Expose-Headers', b'Content-Length,Content-Type,Date,Server,Connection')])]
[2024-08-03 11:37:41,091]: [_client.py]: _send_single_request: 1773:       INFO:    [HTTP Request: POST https://api.telegram.org/bot6030805959:AAGUHAMxLYc-PrevgKouJ3ZyM7ktu56ftjo/getMe "HTTP/1.1 200 OK"]
[2024-08-03 11:37:41,091]: [_trace.py]: atrace: 85:       DEBUG:    [receive_response_body.started request=<Request [b'POST']>]
[2024-08-03 11:37:41,091]: [_trace.py]: atrace: 85:       DEBUG:    [receive_response_body.complete]
[2024-08-03 11:37:41,091]: [_trace.py]: atrace: 85:       DEBUG:    [response_closed.started]
[2024-08-03 11:37:41,091]: [_trace.py]: atrace: 85:       DEBUG:    [response_closed.complete]
[2024-08-03 11:37:41,091]: [_bot.py]: _do_post: 652:       DEBUG:    [Call to Bot API endpoint `getMe` finished with return value `{'id': 6030805959, 'is_bot': True, 'first_name': 'TyPHoone', 'username': 'TyPHoone_Project_bot', 'can_join_groups': True, 'can_read_all_group_messages': False, 'supports_inline_queries': False, 'can_connect_to_business': False, 'has_main_web_app': False}`]
[2024-08-03 11:37:41,095]: [_bot.py]: _do_post: 643:       DEBUG:    [Calling Bot API endpoint `sendDocument` with parameters `{'chat_id': '-4119703192', 'document': <telegram._files.inputfile.InputFile object at 0x7f5a6eda5e00>}`]
[2024-08-03 11:37:41,095]: [_trace.py]: atrace: 85:       DEBUG:    [send_request_headers.started request=<Request [b'POST']>]
[2024-08-03 11:37:41,095]: [_trace.py]: atrace: 85:       DEBUG:    [send_request_headers.complete]
[2024-08-03 11:37:41,095]: [_trace.py]: atrace: 85:       DEBUG:    [send_request_body.started request=<Request [b'POST']>]
[2024-08-03 11:37:41,096]: [_trace.py]: atrace: 85:       DEBUG:    [send_request_body.complete]
[2024-08-03 11:37:41,096]: [_trace.py]: atrace: 85:       DEBUG:    [receive_response_headers.started request=<Request [b'POST']>]
[2024-08-03 11:37:41,357]: [_trace.py]: atrace: 85:       DEBUG:    [receive_response_headers.complete return_value=(b'HTTP/1.1', 200, b'OK', [(b'Server', b'nginx/1.18.0'), (b'Date', b'Sat, 03 Aug 2024 11:37:41 GMT'), (b'Content-Type', b'application/json'), (b'Content-Length', b'464'), (b'Connection', b'keep-alive'), (b'Strict-Transport-Security', b'max-age=31536000; includeSubDomains; preload'), (b'Access-Control-Allow-Origin', b'*'), (b'Access-Control-Allow-Methods', b'GET, POST, OPTIONS'), (b'Access-Control-Expose-Headers', b'Content-Length,Content-Type,Date,Server,Connection')])]
[2024-08-03 11:37:41,358]: [_client.py]: _send_single_request: 1773:       INFO:    [HTTP Request: POST https://api.telegram.org/bot6030805959:AAGUHAMxLYc-PrevgKouJ3ZyM7ktu56ftjo/sendDocument "HTTP/1.1 200 OK"]
[2024-08-03 11:37:41,358]: [_trace.py]: atrace: 85:       DEBUG:    [receive_response_body.started request=<Request [b'POST']>]
[2024-08-03 11:37:41,358]: [_trace.py]: atrace: 85:       DEBUG:    [receive_response_body.complete]
[2024-08-03 11:37:41,358]: [_trace.py]: atrace: 85:       DEBUG:    [response_closed.started]
[2024-08-03 11:37:41,358]: [_trace.py]: atrace: 85:       DEBUG:    [response_closed.complete]
[2024-08-03 11:37:41,358]: [_bot.py]: _do_post: 652:       DEBUG:    [Call to Bot API endpoint `sendDocument` finished with return value `{'message_id': 1781, 'from': {'id': 6030805959, 'is_bot': True, 'first_name': 'TyPHoone', 'username': 'TyPHoone_Project_bot'}, 'chat': {'id': -4119703192, 'title': 'Robocop', 'type': 'group', 'all_members_are_administrators': True}, 'date': 1722685061, 'document': {'file_name': '(2024_08_03--11_37).log', 'mime_type': 'text/plain', 'file_id': 'BQACAgQAAxkDAAIG9WauFoWX-resSP3Jx65kgttvG3ElAAKcFwACKz14UfN4iYdn5_lkNQQ', 'file_unique_id': 'AgADnBcAAis9eFE', 'file_size': 5937}}`]
[2024-08-03 11:37:41,358]: [_trace.py]: atrace: 85:       DEBUG:    [close.started]
[2024-08-03 11:37:41,359]: [_trace.py]: atrace: 85:       DEBUG:    [close.complete]
[2024-08-03 11:37:41,359]: [_config.py]: load_ssl_context: 80:       DEBUG:    [load_ssl_context verify=True cert=None trust_env=True http2=False]
[2024-08-03 11:37:41,359]: [_config.py]: load_ssl_context_verify: 146:       DEBUG:    [load_verify_locations cafile='/opt/hostedtoolcache/Python/3.12.4/x64/lib/python3.12/site-packages/certifi/cacert.pem']
[2024-08-03 11:37:41,388]: [_config.py]: load_ssl_context: 80:       DEBUG:    [load_ssl_context verify=True cert=None trust_env=True http2=False]
[2024-08-03 11:37:41,388]: [_config.py]: load_ssl_context_verify: 146:       DEBUG:    [load_verify_locations cafile='/opt/hostedtoolcache/Python/3.12.4/x64/lib/python3.12/site-packages/certifi/cacert.pem']
[2024-08-03 11:37:41,414]: [_bot.py]: _do_post: 643:       DEBUG:    [Calling Bot API endpoint `getMe` with parameters `{}`]
[2024-08-03 11:37:41,415]: [_trace.py]: atrace: 85:       DEBUG:    [connect_tcp.started host='api.telegram.org' port=443 local_address=None timeout=5.0 socket_options=None]
[2024-08-03 11:37:41,516]: [_trace.py]: atrace: 85:       DEBUG:    [connect_tcp.complete return_value=<httpcore._backends.anyio.AnyIOStream object at 0x7f5a6e149eb0>]
[2024-08-03 11:37:41,517]: [_trace.py]: atrace: 85:       DEBUG:    [start_tls.started ssl_context=<ssl.SSLContext object at 0x7f5a6db36850> server_hostname='api.telegram.org' timeout=5.0]
[2024-08-03 11:37:41,619]: [_trace.py]: atrace: 85:       DEBUG:    [start_tls.complete return_value=<httpcore._backends.anyio.AnyIOStream object at 0x7f5a6d694a70>]
[2024-08-03 11:37:41,619]: [_trace.py]: atrace: 85:       DEBUG:    [send_request_headers.started request=<Request [b'POST']>]
[2024-08-03 11:37:41,620]: [_trace.py]: atrace: 85:       DEBUG:    [send_request_headers.complete]
[2024-08-03 11:37:41,620]: [_trace.py]: atrace: 85:       DEBUG:    [send_request_body.started request=<Request [b'POST']>]
[2024-08-03 11:37:41,620]: [_trace.py]: atrace: 85:       DEBUG:    [send_request_body.complete]
[2024-08-03 11:37:41,620]: [_trace.py]: atrace: 85:       DEBUG:    [receive_response_headers.started request=<Request [b'POST']>]
[2024-08-03 11:37:41,731]: [_trace.py]: atrace: 85:       DEBUG:    [receive_response_headers.complete return_value=(b'HTTP/1.1', 200, b'OK', [(b'Server', b'nginx/1.18.0'), (b'Date', b'Sat, 03 Aug 2024 11:37:41 GMT'), (b'Content-Type', b'application/json'), (b'Content-Length', b'258'), (b'Connection', b'keep-alive'), (b'Strict-Transport-Security', b'max-age=31536000; includeSubDomains; preload'), (b'Access-Control-Allow-Origin', b'*'), (b'Access-Control-Allow-Methods', b'GET, POST, OPTIONS'), (b'Access-Control-Expose-Headers', b'Content-Length,Content-Type,Date,Server,Connection')])]
[2024-08-03 11:37:41,731]: [_client.py]: _send_single_request: 1773:       INFO:    [HTTP Request: POST https://api.telegram.org/bot6030805959:AAGUHAMxLYc-PrevgKouJ3ZyM7ktu56ftjo/getMe "HTTP/1.1 200 OK"]
[2024-08-03 11:37:41,731]: [_trace.py]: atrace: 85:       DEBUG:    [receive_response_body.started request=<Request [b'POST']>]
[2024-08-03 11:37:41,732]: [_trace.py]: atrace: 85:       DEBUG:    [receive_response_body.complete]
[2024-08-03 11:37:41,732]: [_trace.py]: atrace: 85:       DEBUG:    [response_closed.started]
[2024-08-03 11:37:41,732]: [_trace.py]: atrace: 85:       DEBUG:    [response_closed.complete]
[2024-08-03 11:37:41,732]: [_bot.py]: _do_post: 652:       DEBUG:    [Call to Bot API endpoint `getMe` finished with return value `{'id': 6030805959, 'is_bot': True, 'first_name': 'TyPHoone', 'username': 'TyPHoone_Project_bot', 'can_join_groups': True, 'can_read_all_group_messages': False, 'supports_inline_queries': False, 'can_connect_to_business': False, 'has_main_web_app': False}`]
[2024-08-03 11:37:41,734]: [_bot.py]: _do_post: 643:       DEBUG:    [Calling Bot API endpoint `sendDocument` with parameters `{'chat_id': '-4119703192', 'document': <telegram._files.inputfile.InputFile object at 0x7f5a6d25b940>}`]
[2024-08-03 11:37:41,734]: [_trace.py]: atrace: 85:       DEBUG:    [send_request_headers.started request=<Request [b'POST']>]
[2024-08-03 11:37:41,735]: [_trace.py]: atrace: 85:       DEBUG:    [send_request_headers.complete]
[2024-08-03 11:37:41,735]: [_trace.py]: atrace: 85:       DEBUG:    [send_request_body.started request=<Request [b'POST']>]
[2024-08-03 11:37:42,748]: [_trace.py]: atrace: 85:       DEBUG:    [send_request_body.complete]
[2024-08-03 11:37:42,748]: [_trace.py]: atrace: 85:       DEBUG:    [receive_response_headers.started request=<Request [b'POST']>]
[2024-08-03 11:37:43,622]: [_trace.py]: atrace: 85:       DEBUG:    [receive_response_headers.complete return_value=(b'HTTP/1.1', 200, b'OK', [(b'Server', b'nginx/1.18.0'), (b'Date', b'Sat, 03 Aug 2024 11:37:43 GMT'), (b'Content-Type', b'application/json'), (b'Content-Length', b'479'), (b'Connection', b'keep-alive'), (b'Strict-Transport-Security', b'max-age=31536000; includeSubDomains; preload'), (b'Access-Control-Allow-Origin', b'*'), (b'Access-Control-Allow-Methods', b'GET, POST, OPTIONS'), (b'Access-Control-Expose-Headers', b'Content-Length,Content-Type,Date,Server,Connection')])]
[2024-08-03 11:37:43,623]: [_client.py]: _send_single_request: 1773:       INFO:    [HTTP Request: POST https://api.telegram.org/bot6030805959:AAGUHAMxLYc-PrevgKouJ3ZyM7ktu56ftjo/sendDocument "HTTP/1.1 200 OK"]
[2024-08-03 11:37:43,623]: [_trace.py]: atrace: 85:       DEBUG:    [receive_response_body.started request=<Request [b'POST']>]
[2024-08-03 11:37:43,623]: [_trace.py]: atrace: 85:       DEBUG:    [receive_response_body.complete]
[2024-08-03 11:37:43,623]: [_trace.py]: atrace: 85:       DEBUG:    [response_closed.started]
[2024-08-03 11:37:43,623]: [_trace.py]: atrace: 85:       DEBUG:    [response_closed.complete]
[2024-08-03 11:37:43,623]: [_bot.py]: _do_post: 652:       DEBUG:    [Call to Bot API endpoint `sendDocument` finished with return value `{'message_id': 1782, 'from': {'id': 6030805959, 'is_bot': True, 'first_name': 'TyPHoone', 'username': 'TyPHoone_Project_bot'}, 'chat': {'id': -4119703192, 'title': 'Robocop', 'type': 'group', 'all_members_are_administrators': True}, 'date': 1722685063, 'document': {'file_name': '(2024_08_03--11_37)output.zip', 'mime_type': 'application/zip', 'file_id': 'BQACAgQAAxkDAAIG9mauFocGbpmiFspohBBKl5js23-LAAKdFwACKz14Ufd8IRO2cHk5NQQ', 'file_unique_id': 'AgADnRcAAis9eFE', 'file_size': 10104892}}`]
[2024-08-03 11:37:43,624]: [_trace.py]: atrace: 85:       DEBUG:    [close.started]
[2024-08-03 11:37:43,624]: [_trace.py]: atrace: 85:       DEBUG:    [close.complete]
[2024-08-03 11:37:43,624]: [Telegram_Sender.py]: runner: 61:       INFO:    [sent successfully]
[2024-08-03 11:37:43,625]: [Main.py]: <module>: 48:       INFO:    [Finished]
