[2025-12-06 11:42:57,015]: [Main.py]: <module>: 21:       INFO:    [Started]
[2025-12-06 11:42:58,986]: [Iron_Scraper.py]: Scrap: 32:       INFO:    [Data Scaraped Successfully]
[2025-12-06 11:42:59,186]: [Iron_Scraper.py]: Scrap: 70:       INFO:    [Scrapped Data Has No Problem]
[2025-12-06 11:42:59,186]: [Iron_Scraper.py]: Scrap: 83:       INFO:    [Data Saved Successfully]
[2025-12-06 11:42:59,186]: [Iron.py]: Run: 26:       INFO:    [Scraping Phase Completed]
[2025-12-06 11:42:59,187]: [Iron_Data_Processor.py]: Data_Reader: 61:       INFO:    [Data File Has Been Red Successfully]
[2025-12-06 11:42:59,187]: [Iron_Data_Processor.py]: Shaper: 78:       INFO:    [Data Shaped]
[2025-12-06 11:42:59,187]: [Iron_Data_Processor.py]: Process: 228:       INFO:    [Data Cleaned]
[2025-12-06 11:42:59,187]: [Iron_Data_Processor.py]: Make_Pages_Objects: 101:       INFO:    [Page Objects Has Been Made]
[2025-12-06 11:42:59,188]: [Iron_Data_Processor.py]: Make_Pages_Objects: 101:       INFO:    [Page Objects Has Been Made]
[2025-12-06 11:42:59,188]: [Iron_Data_Processor.py]: Load_Data: 118:       INFO:    [Data Has Been Load]
[2025-12-06 11:42:59,188]: [Iron_Data_Processor.py]: Load_Data: 118:       INFO:    [Data Has Been Load]
[2025-12-06 11:42:59,188]: [Iron_Data_Processor.py]: Load_positions: 140:       INFO:    [Positions Are Ready]
[2025-12-06 11:42:59,188]: [Iron_Data_Processor.py]: Load_positions: 140:       INFO:    [Positions Are Ready]
[2025-12-06 11:43:00,312]: [Iron_Data_Processor.py]: Make_Tagged_Images: 193:       INFO:    [Images Has Been Made]
[2025-12-06 11:43:01,271]: [Iron_Data_Processor.py]: Make_Tagged_Images: 193:       INFO:    [Images Has Been Made]
[2025-12-06 11:43:01,525]: [Iron_Data_Processor.py]: Make_Cover_Page: 215:       INFO:    [Made Cover Pages]
[2025-12-06 11:43:01,525]: [Iron.py]: Run: 29:       INFO:    [Imagination Phase Completed]
[2025-12-06 11:43:04,849]: [Phone_Scraper.py]: Scrap: 58:       INFO:    [Data Scraped]
[2025-12-06 11:43:04,849]: [Phone_Scraper.py]: Scrap: 71:       INFO:    [Scraped Data Successfully]
[2025-12-06 11:43:04,849]: [Phone.py]: Run: 26:       INFO:    [Scraping Phase Complete]
[2025-12-06 11:43:04,849]: [Phone_Data_Processor.py]: data_reader: 38:       INFO:    [Scraped Data Loaded]
[2025-12-06 11:43:04,850]: [Phone_Data_Processor.py]: filter_list: 65:       INFO:    [Persian Phrases Are deleted]
[2025-12-06 11:43:04,851]: [Phone_Data_Processor.py]: reshape_list: 87:       INFO:    [Date Reshaped]
[2025-12-06 11:43:04,851]: [Phone_Data_Processor.py]: separate_brands: 124:       INFO:    [Brands Are Separated]
[2025-12-06 11:43:04,851]: [Phone_Data_Processor.py]: delete_extra_spaces: 141:       INFO:    [Extra Spaces Are Deleted]
[2025-12-06 11:43:05,591]: [Phone.py]: Run: 29:       INFO:    [Imagination Phase Complete]
[2025-12-06 11:43:05,591]: [selector_events.py]: __init__: 64:       DEBUG:    [Using selector: EpollSelector]
[2025-12-06 11:43:05,868]: [_bot.py]: _do_post: 643:       DEBUG:    [Calling Bot API endpoint `getMe` with parameters `{}`]
[2025-12-06 11:43:05,873]: [_trace.py]: atrace: 87:       DEBUG:    [connect_tcp.started host='api.telegram.org' port=443 local_address=None timeout=5.0 socket_options=None]
[2025-12-06 11:43:06,083]: [_trace.py]: atrace: 87:       DEBUG:    [connect_tcp.complete return_value=<httpcore._backends.anyio.AnyIOStream object at 0x7f50facfbe30>]
[2025-12-06 11:43:06,083]: [_trace.py]: atrace: 87:       DEBUG:    [start_tls.started ssl_context=<ssl.SSLContext object at 0x7f50fb1b1ed0> server_hostname='api.telegram.org' timeout=5.0]
[2025-12-06 11:43:06,234]: [_trace.py]: atrace: 87:       DEBUG:    [start_tls.complete return_value=<httpcore._backends.anyio.AnyIOStream object at 0x7f50fb22d400>]
[2025-12-06 11:43:06,234]: [_trace.py]: atrace: 87:       DEBUG:    [send_request_headers.started request=<Request [b'POST']>]
[2025-12-06 11:43:06,235]: [_trace.py]: atrace: 87:       DEBUG:    [send_request_headers.complete]
[2025-12-06 11:43:06,235]: [_trace.py]: atrace: 87:       DEBUG:    [send_request_body.started request=<Request [b'POST']>]
[2025-12-06 11:43:06,235]: [_trace.py]: atrace: 87:       DEBUG:    [send_request_body.complete]
[2025-12-06 11:43:06,235]: [_trace.py]: atrace: 87:       DEBUG:    [receive_response_headers.started request=<Request [b'POST']>]
[2025-12-06 11:43:06,383]: [_trace.py]: atrace: 87:       DEBUG:    [receive_response_headers.complete return_value=(b'HTTP/1.1', 200, b'OK', [(b'Server', b'nginx/1.18.0'), (b'Date', b'Sat, 06 Dec 2025 11:43:06 GMT'), (b'Content-Type', b'application/json'), (b'Content-Length', b'258'), (b'Connection', b'keep-alive'), (b'Strict-Transport-Security', b'max-age=31536000; includeSubDomains; preload'), (b'Access-Control-Allow-Origin', b'*'), (b'Access-Control-Allow-Methods', b'GET, POST, OPTIONS'), (b'Access-Control-Expose-Headers', b'Content-Length,Content-Type,Date,Server,Connection')])]
[2025-12-06 11:43:06,384]: [_client.py]: _send_single_request: 1740:       INFO:    [HTTP Request: POST https://api.telegram.org/bot6030805959:AAGUHAMxLYc-PrevgKouJ3ZyM7ktu56ftjo/getMe "HTTP/1.1 200 OK"]
[2025-12-06 11:43:06,384]: [_trace.py]: atrace: 87:       DEBUG:    [receive_response_body.started request=<Request [b'POST']>]
[2025-12-06 11:43:06,384]: [_trace.py]: atrace: 87:       DEBUG:    [receive_response_body.complete]
[2025-12-06 11:43:06,384]: [_trace.py]: atrace: 87:       DEBUG:    [response_closed.started]
[2025-12-06 11:43:06,384]: [_trace.py]: atrace: 87:       DEBUG:    [response_closed.complete]
[2025-12-06 11:43:06,384]: [_bot.py]: _do_post: 652:       DEBUG:    [Call to Bot API endpoint `getMe` finished with return value `{'id': 6030805959, 'is_bot': True, 'first_name': 'TyPHoone', 'username': 'TyPHoone_Project_bot', 'can_join_groups': True, 'can_read_all_group_messages': False, 'supports_inline_queries': False, 'can_connect_to_business': False, 'has_main_web_app': False}`]
[2025-12-06 11:43:06,387]: [_bot.py]: _do_post: 643:       DEBUG:    [Calling Bot API endpoint `sendDocument` with parameters `{'chat_id': '-4119703192', 'document': <telegram._files.inputfile.InputFile object at 0x7f50fa7f3b00>}`]
[2025-12-06 11:43:06,388]: [_trace.py]: atrace: 87:       DEBUG:    [send_request_headers.started request=<Request [b'POST']>]
[2025-12-06 11:43:06,388]: [_trace.py]: atrace: 87:       DEBUG:    [send_request_headers.complete]
[2025-12-06 11:43:06,388]: [_trace.py]: atrace: 87:       DEBUG:    [send_request_body.started request=<Request [b'POST']>]
[2025-12-06 11:43:06,389]: [_trace.py]: atrace: 87:       DEBUG:    [send_request_body.complete]
[2025-12-06 11:43:06,389]: [_trace.py]: atrace: 87:       DEBUG:    [receive_response_headers.started request=<Request [b'POST']>]
[2025-12-06 11:43:06,596]: [_trace.py]: atrace: 87:       DEBUG:    [receive_response_headers.complete return_value=(b'HTTP/1.1', 200, b'OK', [(b'Server', b'nginx/1.18.0'), (b'Date', b'Sat, 06 Dec 2025 11:43:06 GMT'), (b'Content-Type', b'application/json'), (b'Content-Length', b'584'), (b'Connection', b'keep-alive'), (b'Strict-Transport-Security', b'max-age=31536000; includeSubDomains; preload'), (b'Access-Control-Allow-Origin', b'*'), (b'Access-Control-Allow-Methods', b'GET, POST, OPTIONS'), (b'Access-Control-Expose-Headers', b'Content-Length,Content-Type,Date,Server,Connection')])]
[2025-12-06 11:43:06,596]: [_client.py]: _send_single_request: 1740:       INFO:    [HTTP Request: POST https://api.telegram.org/bot6030805959:AAGUHAMxLYc-PrevgKouJ3ZyM7ktu56ftjo/sendDocument "HTTP/1.1 200 OK"]
[2025-12-06 11:43:06,596]: [_trace.py]: atrace: 87:       DEBUG:    [receive_response_body.started request=<Request [b'POST']>]
[2025-12-06 11:43:06,596]: [_trace.py]: atrace: 87:       DEBUG:    [receive_response_body.complete]
[2025-12-06 11:43:06,596]: [_trace.py]: atrace: 87:       DEBUG:    [response_closed.started]
[2025-12-06 11:43:06,596]: [_trace.py]: atrace: 87:       DEBUG:    [response_closed.complete]
[2025-12-06 11:43:06,597]: [_bot.py]: _do_post: 652:       DEBUG:    [Call to Bot API endpoint `sendDocument` finished with return value `{'message_id': 2770, 'from': {'id': 6030805959, 'is_bot': True, 'first_name': 'TyPHoone', 'username': 'TyPHoone_Project_bot'}, 'chat': {'id': -4119703192, 'title': 'Robocop', 'type': 'group', 'all_members_are_administrators': True, 'accepted_gift_types': {'unlimited_gifts': False, 'limited_gifts': False, 'unique_gifts': False, 'premium_subscription': False}}, 'date': 1765021386, 'document': {'file_name': '(2025_12_06--11_42).log', 'mime_type': 'text/plain', 'file_id': 'BQACAgQAAxkDAAIK0mk0FsoqwxGYMuHTXs-V4bP1VDXPAAJsGgACDqahURTzJcYHGrKXNgQ', 'file_unique_id': 'AgADbBoAAg6moVE', 'file_size': 5937}}`]
[2025-12-06 11:43:06,598]: [_trace.py]: atrace: 87:       DEBUG:    [close.started]
[2025-12-06 11:43:06,598]: [_trace.py]: atrace: 87:       DEBUG:    [close.complete]
[2025-12-06 11:43:06,640]: [_bot.py]: _do_post: 643:       DEBUG:    [Calling Bot API endpoint `getMe` with parameters `{}`]
[2025-12-06 11:43:06,641]: [_trace.py]: atrace: 87:       DEBUG:    [connect_tcp.started host='api.telegram.org' port=443 local_address=None timeout=5.0 socket_options=None]
[2025-12-06 11:43:06,792]: [_trace.py]: atrace: 87:       DEBUG:    [connect_tcp.complete return_value=<httpcore._backends.anyio.AnyIOStream object at 0x7f50fb1d3890>]
[2025-12-06 11:43:06,792]: [_trace.py]: atrace: 87:       DEBUG:    [start_tls.started ssl_context=<ssl.SSLContext object at 0x7f50fb1b1dd0> server_hostname='api.telegram.org' timeout=5.0]
[2025-12-06 11:43:06,945]: [_trace.py]: atrace: 87:       DEBUG:    [start_tls.complete return_value=<httpcore._backends.anyio.AnyIOStream object at 0x7f50fb12a6c0>]
[2025-12-06 11:43:06,946]: [_trace.py]: atrace: 87:       DEBUG:    [send_request_headers.started request=<Request [b'POST']>]
[2025-12-06 11:43:06,946]: [_trace.py]: atrace: 87:       DEBUG:    [send_request_headers.complete]
[2025-12-06 11:43:06,946]: [_trace.py]: atrace: 87:       DEBUG:    [send_request_body.started request=<Request [b'POST']>]
[2025-12-06 11:43:06,946]: [_trace.py]: atrace: 87:       DEBUG:    [send_request_body.complete]
[2025-12-06 11:43:06,946]: [_trace.py]: atrace: 87:       DEBUG:    [receive_response_headers.started request=<Request [b'POST']>]
[2025-12-06 11:43:07,096]: [_trace.py]: atrace: 87:       DEBUG:    [receive_response_headers.complete return_value=(b'HTTP/1.1', 200, b'OK', [(b'Server', b'nginx/1.18.0'), (b'Date', b'Sat, 06 Dec 2025 11:43:07 GMT'), (b'Content-Type', b'application/json'), (b'Content-Length', b'258'), (b'Connection', b'keep-alive'), (b'Strict-Transport-Security', b'max-age=31536000; includeSubDomains; preload'), (b'Access-Control-Allow-Origin', b'*'), (b'Access-Control-Allow-Methods', b'GET, POST, OPTIONS'), (b'Access-Control-Expose-Headers', b'Content-Length,Content-Type,Date,Server,Connection')])]
[2025-12-06 11:43:07,096]: [_client.py]: _send_single_request: 1740:       INFO:    [HTTP Request: POST https://api.telegram.org/bot6030805959:AAGUHAMxLYc-PrevgKouJ3ZyM7ktu56ftjo/getMe "HTTP/1.1 200 OK"]
[2025-12-06 11:43:07,097]: [_trace.py]: atrace: 87:       DEBUG:    [receive_response_body.started request=<Request [b'POST']>]
[2025-12-06 11:43:07,097]: [_trace.py]: atrace: 87:       DEBUG:    [receive_response_body.complete]
[2025-12-06 11:43:07,097]: [_trace.py]: atrace: 87:       DEBUG:    [response_closed.started]
[2025-12-06 11:43:07,097]: [_trace.py]: atrace: 87:       DEBUG:    [response_closed.complete]
[2025-12-06 11:43:07,097]: [_bot.py]: _do_post: 652:       DEBUG:    [Call to Bot API endpoint `getMe` finished with return value `{'id': 6030805959, 'is_bot': True, 'first_name': 'TyPHoone', 'username': 'TyPHoone_Project_bot', 'can_join_groups': True, 'can_read_all_group_messages': False, 'supports_inline_queries': False, 'can_connect_to_business': False, 'has_main_web_app': False}`]
[2025-12-06 11:43:07,100]: [_bot.py]: _do_post: 643:       DEBUG:    [Calling Bot API endpoint `sendDocument` with parameters `{'chat_id': '-4119703192', 'document': <telegram._files.inputfile.InputFile object at 0x7f50fb1e8f80>}`]
[2025-12-06 11:43:07,101]: [_trace.py]: atrace: 87:       DEBUG:    [send_request_headers.started request=<Request [b'POST']>]
[2025-12-06 11:43:07,101]: [_trace.py]: atrace: 87:       DEBUG:    [send_request_headers.complete]
[2025-12-06 11:43:07,101]: [_trace.py]: atrace: 87:       DEBUG:    [send_request_body.started request=<Request [b'POST']>]
[2025-12-06 11:43:08,600]: [_trace.py]: atrace: 87:       DEBUG:    [send_request_body.complete]
[2025-12-06 11:43:08,600]: [_trace.py]: atrace: 87:       DEBUG:    [receive_response_headers.started request=<Request [b'POST']>]
[2025-12-06 11:43:09,403]: [_trace.py]: atrace: 87:       DEBUG:    [receive_response_headers.complete return_value=(b'HTTP/1.1', 200, b'OK', [(b'Server', b'nginx/1.18.0'), (b'Date', b'Sat, 06 Dec 2025 11:43:09 GMT'), (b'Content-Type', b'application/json'), (b'Content-Length', b'599'), (b'Connection', b'keep-alive'), (b'Strict-Transport-Security', b'max-age=31536000; includeSubDomains; preload'), (b'Access-Control-Allow-Origin', b'*'), (b'Access-Control-Allow-Methods', b'GET, POST, OPTIONS'), (b'Access-Control-Expose-Headers', b'Content-Length,Content-Type,Date,Server,Connection')])]
[2025-12-06 11:43:09,403]: [_client.py]: _send_single_request: 1740:       INFO:    [HTTP Request: POST https://api.telegram.org/bot6030805959:AAGUHAMxLYc-PrevgKouJ3ZyM7ktu56ftjo/sendDocument "HTTP/1.1 200 OK"]
[2025-12-06 11:43:09,403]: [_trace.py]: atrace: 87:       DEBUG:    [receive_response_body.started request=<Request [b'POST']>]
[2025-12-06 11:43:09,404]: [_trace.py]: atrace: 87:       DEBUG:    [receive_response_body.complete]
[2025-12-06 11:43:09,404]: [_trace.py]: atrace: 87:       DEBUG:    [response_closed.started]
[2025-12-06 11:43:09,404]: [_trace.py]: atrace: 87:       DEBUG:    [response_closed.complete]
[2025-12-06 11:43:09,404]: [_bot.py]: _do_post: 652:       DEBUG:    [Call to Bot API endpoint `sendDocument` finished with return value `{'message_id': 2771, 'from': {'id': 6030805959, 'is_bot': True, 'first_name': 'TyPHoone', 'username': 'TyPHoone_Project_bot'}, 'chat': {'id': -4119703192, 'title': 'Robocop', 'type': 'group', 'all_members_are_administrators': True, 'accepted_gift_types': {'unlimited_gifts': False, 'limited_gifts': False, 'unique_gifts': False, 'premium_subscription': False}}, 'date': 1765021389, 'document': {'file_name': '(2025_12_06--11_42)output.zip', 'mime_type': 'application/zip', 'file_id': 'BQACAgQAAxkDAAIK02k0Fsz1OlNSYzruuldA2iCOpb2yAAJtGgACDqahUc5k1VdZ1MTONgQ', 'file_unique_id': 'AgADbRoAAg6moVE', 'file_size': 10123631}}`]
[2025-12-06 11:43:09,405]: [_trace.py]: atrace: 87:       DEBUG:    [close.started]
[2025-12-06 11:43:09,405]: [_trace.py]: atrace: 87:       DEBUG:    [close.complete]
[2025-12-06 11:43:09,405]: [Telegram_Sender.py]: runner: 61:       INFO:    [sent successfully]
[2025-12-06 11:43:09,406]: [Main.py]: <module>: 48:       INFO:    [Finished]
