[2024-05-22 11:38:00,342]: [Main.py]: <module>: 21:       INFO:    [Started]
[2024-05-22 11:38:02,263]: [Iron_Scraper.py]: Scrap: 32:       INFO:    [Data Scaraped Successfully]
[2024-05-22 11:38:02,454]: [Iron_Scraper.py]: Scrap: 70:       INFO:    [Scrapped Data Has No Problem]
[2024-05-22 11:38:02,454]: [Iron_Scraper.py]: Scrap: 83:       INFO:    [Data Saved Successfully]
[2024-05-22 11:38:02,454]: [Iron.py]: Run: 26:       INFO:    [Scraping Phase Completed]
[2024-05-22 11:38:02,454]: [Iron_Data_Processor.py]: Data_Reader: 61:       INFO:    [Data File Has Been Red Successfully]
[2024-05-22 11:38:02,454]: [Iron_Data_Processor.py]: Shaper: 78:       INFO:    [Data Shaped]
[2024-05-22 11:38:02,455]: [Iron_Data_Processor.py]: Process: 228:       INFO:    [Data Cleaned]
[2024-05-22 11:38:02,455]: [Iron_Data_Processor.py]: Make_Pages_Objects: 101:       INFO:    [Page Objects Has Been Made]
[2024-05-22 11:38:02,455]: [Iron_Data_Processor.py]: Make_Pages_Objects: 101:       INFO:    [Page Objects Has Been Made]
[2024-05-22 11:38:02,455]: [Iron_Data_Processor.py]: Load_Data: 118:       INFO:    [Data Has Been Load]
[2024-05-22 11:38:02,455]: [Iron_Data_Processor.py]: Load_Data: 118:       INFO:    [Data Has Been Load]
[2024-05-22 11:38:02,455]: [Iron_Data_Processor.py]: Load_positions: 140:       INFO:    [Positions Are Ready]
[2024-05-22 11:38:02,455]: [Iron_Data_Processor.py]: Load_positions: 140:       INFO:    [Positions Are Ready]
[2024-05-22 11:38:03,582]: [Iron_Data_Processor.py]: Make_Tagged_Images: 193:       INFO:    [Images Has Been Made]
[2024-05-22 11:38:04,534]: [Iron_Data_Processor.py]: Make_Tagged_Images: 193:       INFO:    [Images Has Been Made]
[2024-05-22 11:38:04,789]: [Iron_Data_Processor.py]: Make_Cover_Page: 215:       INFO:    [Made Cover Pages]
[2024-05-22 11:38:04,789]: [Iron.py]: Run: 29:       INFO:    [Imagination Phase Completed]
[2024-05-22 11:38:08,719]: [Phone_Scraper.py]: Scrap: 58:       INFO:    [Data Scraped]
[2024-05-22 11:38:08,719]: [Phone_Scraper.py]: Scrap: 71:       INFO:    [Scraped Data Successfully]
[2024-05-22 11:38:08,719]: [Phone.py]: Run: 26:       INFO:    [Scraping Phase Complete]
[2024-05-22 11:38:08,720]: [Phone_Data_Processor.py]: data_reader: 38:       INFO:    [Scraped Data Loaded]
[2024-05-22 11:38:08,721]: [Phone_Data_Processor.py]: filter_list: 65:       INFO:    [Persian Phrases Are deleted]
[2024-05-22 11:38:08,722]: [Phone_Data_Processor.py]: reshape_list: 87:       INFO:    [Date Reshaped]
[2024-05-22 11:38:08,722]: [Phone_Data_Processor.py]: separate_brands: 124:       INFO:    [Brands Are Separated]
[2024-05-22 11:38:08,723]: [Phone_Data_Processor.py]: delete_extra_spaces: 141:       INFO:    [Extra Spaces Are Deleted]
[2024-05-22 11:38:09,595]: [Phone.py]: Run: 29:       INFO:    [Imagination Phase Complete]
[2024-05-22 11:38:09,596]: [selector_events.py]: __init__: 64:       DEBUG:    [Using selector: EpollSelector]
[2024-05-22 11:38:09,943]: [_bot.py]: _do_post: 643:       DEBUG:    [Calling Bot API endpoint `getMe` with parameters `{}`]
[2024-05-22 11:38:09,948]: [_trace.py]: atrace: 85:       DEBUG:    [connect_tcp.started host='api.telegram.org' port=443 local_address=None timeout=5.0 socket_options=None]
[2024-05-22 11:38:10,148]: [_trace.py]: atrace: 85:       DEBUG:    [connect_tcp.complete return_value=<httpcore._backends.anyio.AnyIOStream object at 0x7fcb9c9a7d40>]
[2024-05-22 11:38:10,148]: [_trace.py]: atrace: 85:       DEBUG:    [start_tls.started ssl_context=<ssl.SSLContext object at 0x7fcb9ce31e50> server_hostname='api.telegram.org' timeout=5.0]
[2024-05-22 11:38:10,298]: [_trace.py]: atrace: 85:       DEBUG:    [start_tls.complete return_value=<httpcore._backends.anyio.AnyIOStream object at 0x7fcbab777c20>]
[2024-05-22 11:38:10,299]: [_trace.py]: atrace: 85:       DEBUG:    [send_request_headers.started request=<Request [b'POST']>]
[2024-05-22 11:38:10,299]: [_trace.py]: atrace: 85:       DEBUG:    [send_request_headers.complete]
[2024-05-22 11:38:10,299]: [_trace.py]: atrace: 85:       DEBUG:    [send_request_body.started request=<Request [b'POST']>]
[2024-05-22 11:38:10,299]: [_trace.py]: atrace: 85:       DEBUG:    [send_request_body.complete]
[2024-05-22 11:38:10,299]: [_trace.py]: atrace: 85:       DEBUG:    [receive_response_headers.started request=<Request [b'POST']>]
[2024-05-22 11:38:10,447]: [_trace.py]: atrace: 85:       DEBUG:    [receive_response_headers.complete return_value=(b'HTTP/1.1', 200, b'OK', [(b'Server', b'nginx/1.18.0'), (b'Date', b'Wed, 22 May 2024 11:38:10 GMT'), (b'Content-Type', b'application/json'), (b'Content-Length', b'233'), (b'Connection', b'keep-alive'), (b'Strict-Transport-Security', b'max-age=31536000; includeSubDomains; preload'), (b'Access-Control-Allow-Origin', b'*'), (b'Access-Control-Allow-Methods', b'GET, POST, OPTIONS'), (b'Access-Control-Expose-Headers', b'Content-Length,Content-Type,Date,Server,Connection')])]
[2024-05-22 11:38:10,448]: [_client.py]: _send_single_request: 1773:       INFO:    [HTTP Request: POST https://api.telegram.org/bot6030805959:AAGUHAMxLYc-PrevgKouJ3ZyM7ktu56ftjo/getMe "HTTP/1.1 200 OK"]
[2024-05-22 11:38:10,448]: [_trace.py]: atrace: 85:       DEBUG:    [receive_response_body.started request=<Request [b'POST']>]
[2024-05-22 11:38:10,448]: [_trace.py]: atrace: 85:       DEBUG:    [receive_response_body.complete]
[2024-05-22 11:38:10,448]: [_trace.py]: atrace: 85:       DEBUG:    [response_closed.started]
[2024-05-22 11:38:10,448]: [_trace.py]: atrace: 85:       DEBUG:    [response_closed.complete]
[2024-05-22 11:38:10,448]: [_bot.py]: _do_post: 652:       DEBUG:    [Call to Bot API endpoint `getMe` finished with return value `{'id': 6030805959, 'is_bot': True, 'first_name': 'TyPHoone', 'username': 'TyPHoone_Project_bot', 'can_join_groups': True, 'can_read_all_group_messages': False, 'supports_inline_queries': False, 'can_connect_to_business': False}`]
[2024-05-22 11:38:10,451]: [_bot.py]: _do_post: 643:       DEBUG:    [Calling Bot API endpoint `sendDocument` with parameters `{'chat_id': '-4119703192', 'document': <telegram._files.inputfile.InputFile object at 0x7fcb9c367480>}`]
[2024-05-22 11:38:10,452]: [_trace.py]: atrace: 85:       DEBUG:    [send_request_headers.started request=<Request [b'POST']>]
[2024-05-22 11:38:10,452]: [_trace.py]: atrace: 85:       DEBUG:    [send_request_headers.complete]
[2024-05-22 11:38:10,452]: [_trace.py]: atrace: 85:       DEBUG:    [send_request_body.started request=<Request [b'POST']>]
[2024-05-22 11:38:10,453]: [_trace.py]: atrace: 85:       DEBUG:    [send_request_body.complete]
[2024-05-22 11:38:10,453]: [_trace.py]: atrace: 85:       DEBUG:    [receive_response_headers.started request=<Request [b'POST']>]
[2024-05-22 11:38:10,858]: [_trace.py]: atrace: 85:       DEBUG:    [receive_response_headers.complete return_value=(b'HTTP/1.1', 200, b'OK', [(b'Server', b'nginx/1.18.0'), (b'Date', b'Wed, 22 May 2024 11:38:10 GMT'), (b'Content-Type', b'application/json'), (b'Content-Length', b'463'), (b'Connection', b'keep-alive'), (b'Strict-Transport-Security', b'max-age=31536000; includeSubDomains; preload'), (b'Access-Control-Allow-Origin', b'*'), (b'Access-Control-Allow-Methods', b'GET, POST, OPTIONS'), (b'Access-Control-Expose-Headers', b'Content-Length,Content-Type,Date,Server,Connection')])]
[2024-05-22 11:38:10,858]: [_client.py]: _send_single_request: 1773:       INFO:    [HTTP Request: POST https://api.telegram.org/bot6030805959:AAGUHAMxLYc-PrevgKouJ3ZyM7ktu56ftjo/sendDocument "HTTP/1.1 200 OK"]
[2024-05-22 11:38:10,858]: [_trace.py]: atrace: 85:       DEBUG:    [receive_response_body.started request=<Request [b'POST']>]
[2024-05-22 11:38:10,858]: [_trace.py]: atrace: 85:       DEBUG:    [receive_response_body.complete]
[2024-05-22 11:38:10,858]: [_trace.py]: atrace: 85:       DEBUG:    [response_closed.started]
[2024-05-22 11:38:10,859]: [_trace.py]: atrace: 85:       DEBUG:    [response_closed.complete]
[2024-05-22 11:38:10,859]: [_bot.py]: _do_post: 652:       DEBUG:    [Call to Bot API endpoint `sendDocument` finished with return value `{'message_id': 804, 'from': {'id': 6030805959, 'is_bot': True, 'first_name': 'TyPHoone', 'username': 'TyPHoone_Project_bot'}, 'chat': {'id': -4119703192, 'title': 'Robocop', 'type': 'group', 'all_members_are_administrators': True}, 'date': 1716377890, 'document': {'file_name': '(2024_05_22--11_38).log', 'mime_type': 'text/plain', 'file_id': 'BQACAgQAAxkDAAIDJGZN2SJEwO4dnjArxEFRn3-vw5ztAAJOEQACk7FoUoNgFblw20E4NQQ', 'file_unique_id': 'AgADThEAApOxaFI', 'file_size': 5910}}`]
[2024-05-22 11:38:10,859]: [_trace.py]: atrace: 85:       DEBUG:    [close.started]
[2024-05-22 11:38:10,859]: [_trace.py]: atrace: 85:       DEBUG:    [close.complete]
[2024-05-22 11:38:10,860]: [_config.py]: load_ssl_context: 80:       DEBUG:    [load_ssl_context verify=True cert=None trust_env=True http2=False]
[2024-05-22 11:38:10,860]: [_config.py]: load_ssl_context_verify: 146:       DEBUG:    [load_verify_locations cafile='/opt/hostedtoolcache/Python/3.12.3/x64/lib/python3.12/site-packages/certifi/cacert.pem']
[2024-05-22 11:38:10,887]: [_config.py]: load_ssl_context: 80:       DEBUG:    [load_ssl_context verify=True cert=None trust_env=True http2=False]
[2024-05-22 11:38:10,887]: [_config.py]: load_ssl_context_verify: 146:       DEBUG:    [load_verify_locations cafile='/opt/hostedtoolcache/Python/3.12.3/x64/lib/python3.12/site-packages/certifi/cacert.pem']
[2024-05-22 11:38:10,915]: [_bot.py]: _do_post: 643:       DEBUG:    [Calling Bot API endpoint `getMe` with parameters `{}`]
[2024-05-22 11:38:10,915]: [_trace.py]: atrace: 85:       DEBUG:    [connect_tcp.started host='api.telegram.org' port=443 local_address=None timeout=5.0 socket_options=None]
[2024-05-22 11:38:11,064]: [_trace.py]: atrace: 85:       DEBUG:    [connect_tcp.complete return_value=<httpcore._backends.anyio.AnyIOStream object at 0x7fcb9d1edb20>]
[2024-05-22 11:38:11,064]: [_trace.py]: atrace: 85:       DEBUG:    [start_tls.started ssl_context=<ssl.SSLContext object at 0x7fcb9ce31c50> server_hostname='api.telegram.org' timeout=5.0]
[2024-05-22 11:38:11,217]: [_trace.py]: atrace: 85:       DEBUG:    [start_tls.complete return_value=<httpcore._backends.anyio.AnyIOStream object at 0x7fcb9c3d7740>]
[2024-05-22 11:38:11,217]: [_trace.py]: atrace: 85:       DEBUG:    [send_request_headers.started request=<Request [b'POST']>]
[2024-05-22 11:38:11,217]: [_trace.py]: atrace: 85:       DEBUG:    [send_request_headers.complete]
[2024-05-22 11:38:11,217]: [_trace.py]: atrace: 85:       DEBUG:    [send_request_body.started request=<Request [b'POST']>]
[2024-05-22 11:38:11,217]: [_trace.py]: atrace: 85:       DEBUG:    [send_request_body.complete]
[2024-05-22 11:38:11,217]: [_trace.py]: atrace: 85:       DEBUG:    [receive_response_headers.started request=<Request [b'POST']>]
[2024-05-22 11:38:11,367]: [_trace.py]: atrace: 85:       DEBUG:    [receive_response_headers.complete return_value=(b'HTTP/1.1', 200, b'OK', [(b'Server', b'nginx/1.18.0'), (b'Date', b'Wed, 22 May 2024 11:38:11 GMT'), (b'Content-Type', b'application/json'), (b'Content-Length', b'233'), (b'Connection', b'keep-alive'), (b'Strict-Transport-Security', b'max-age=31536000; includeSubDomains; preload'), (b'Access-Control-Allow-Origin', b'*'), (b'Access-Control-Allow-Methods', b'GET, POST, OPTIONS'), (b'Access-Control-Expose-Headers', b'Content-Length,Content-Type,Date,Server,Connection')])]
[2024-05-22 11:38:11,367]: [_client.py]: _send_single_request: 1773:       INFO:    [HTTP Request: POST https://api.telegram.org/bot6030805959:AAGUHAMxLYc-PrevgKouJ3ZyM7ktu56ftjo/getMe "HTTP/1.1 200 OK"]
[2024-05-22 11:38:11,367]: [_trace.py]: atrace: 85:       DEBUG:    [receive_response_body.started request=<Request [b'POST']>]
[2024-05-22 11:38:11,367]: [_trace.py]: atrace: 85:       DEBUG:    [receive_response_body.complete]
[2024-05-22 11:38:11,367]: [_trace.py]: atrace: 85:       DEBUG:    [response_closed.started]
[2024-05-22 11:38:11,367]: [_trace.py]: atrace: 85:       DEBUG:    [response_closed.complete]
[2024-05-22 11:38:11,367]: [_bot.py]: _do_post: 652:       DEBUG:    [Call to Bot API endpoint `getMe` finished with return value `{'id': 6030805959, 'is_bot': True, 'first_name': 'TyPHoone', 'username': 'TyPHoone_Project_bot', 'can_join_groups': True, 'can_read_all_group_messages': False, 'supports_inline_queries': False, 'can_connect_to_business': False}`]
[2024-05-22 11:38:11,371]: [_bot.py]: _do_post: 643:       DEBUG:    [Calling Bot API endpoint `sendDocument` with parameters `{'chat_id': '-4119703192', 'document': <telegram._files.inputfile.InputFile object at 0x7fcb9c365940>}`]
[2024-05-22 11:38:11,371]: [_trace.py]: atrace: 85:       DEBUG:    [send_request_headers.started request=<Request [b'POST']>]
[2024-05-22 11:38:11,371]: [_trace.py]: atrace: 85:       DEBUG:    [send_request_headers.complete]
[2024-05-22 11:38:11,371]: [_trace.py]: atrace: 85:       DEBUG:    [send_request_body.started request=<Request [b'POST']>]
[2024-05-22 11:38:12,873]: [_trace.py]: atrace: 85:       DEBUG:    [send_request_body.complete]
[2024-05-22 11:38:12,873]: [_trace.py]: atrace: 85:       DEBUG:    [receive_response_headers.started request=<Request [b'POST']>]
[2024-05-22 11:38:13,909]: [_trace.py]: atrace: 85:       DEBUG:    [receive_response_headers.complete return_value=(b'HTTP/1.1', 200, b'OK', [(b'Server', b'nginx/1.18.0'), (b'Date', b'Wed, 22 May 2024 11:38:13 GMT'), (b'Content-Type', b'application/json'), (b'Content-Length', b'478'), (b'Connection', b'keep-alive'), (b'Strict-Transport-Security', b'max-age=31536000; includeSubDomains; preload'), (b'Access-Control-Allow-Origin', b'*'), (b'Access-Control-Allow-Methods', b'GET, POST, OPTIONS'), (b'Access-Control-Expose-Headers', b'Content-Length,Content-Type,Date,Server,Connection')])]
[2024-05-22 11:38:13,909]: [_client.py]: _send_single_request: 1773:       INFO:    [HTTP Request: POST https://api.telegram.org/bot6030805959:AAGUHAMxLYc-PrevgKouJ3ZyM7ktu56ftjo/sendDocument "HTTP/1.1 200 OK"]
[2024-05-22 11:38:13,909]: [_trace.py]: atrace: 85:       DEBUG:    [receive_response_body.started request=<Request [b'POST']>]
[2024-05-22 11:38:13,909]: [_trace.py]: atrace: 85:       DEBUG:    [receive_response_body.complete]
[2024-05-22 11:38:13,910]: [_trace.py]: atrace: 85:       DEBUG:    [response_closed.started]
[2024-05-22 11:38:13,910]: [_trace.py]: atrace: 85:       DEBUG:    [response_closed.complete]
[2024-05-22 11:38:13,910]: [_bot.py]: _do_post: 652:       DEBUG:    [Call to Bot API endpoint `sendDocument` finished with return value `{'message_id': 805, 'from': {'id': 6030805959, 'is_bot': True, 'first_name': 'TyPHoone', 'username': 'TyPHoone_Project_bot'}, 'chat': {'id': -4119703192, 'title': 'Robocop', 'type': 'group', 'all_members_are_administrators': True}, 'date': 1716377893, 'document': {'file_name': '(2024_05_22--11_38)output.zip', 'mime_type': 'application/zip', 'file_id': 'BQACAgQAAxkDAAIDJWZN2SW_d3Q0SoxJCJJSeLLoWD4LAAJPEQACk7FoUpOAtZFCe1xINQQ', 'file_unique_id': 'AgADTxEAApOxaFI', 'file_size': 10448583}}`]
[2024-05-22 11:38:13,910]: [_trace.py]: atrace: 85:       DEBUG:    [close.started]
[2024-05-22 11:38:13,910]: [_trace.py]: atrace: 85:       DEBUG:    [close.complete]
[2024-05-22 11:38:13,911]: [Telegram_Sender.py]: runner: 61:       INFO:    [sent successfully]
[2024-05-22 11:38:13,911]: [Main.py]: <module>: 48:       INFO:    [Finished]
