[2024-07-20 11:38:03,286]: [Main.py]: <module>: 21:       INFO:    [Started]
[2024-07-20 11:38:05,055]: [Iron_Scraper.py]: Scrap: 32:       INFO:    [Data Scaraped Successfully]
[2024-07-20 11:38:05,244]: [Iron_Scraper.py]: Scrap: 70:       INFO:    [Scrapped Data Has No Problem]
[2024-07-20 11:38:05,244]: [Iron_Scraper.py]: Scrap: 83:       INFO:    [Data Saved Successfully]
[2024-07-20 11:38:05,244]: [Iron.py]: Run: 26:       INFO:    [Scraping Phase Completed]
[2024-07-20 11:38:05,244]: [Iron_Data_Processor.py]: Data_Reader: 61:       INFO:    [Data File Has Been Red Successfully]
[2024-07-20 11:38:05,244]: [Iron_Data_Processor.py]: Shaper: 78:       INFO:    [Data Shaped]
[2024-07-20 11:38:05,245]: [Iron_Data_Processor.py]: Process: 228:       INFO:    [Data Cleaned]
[2024-07-20 11:38:05,245]: [Iron_Data_Processor.py]: Make_Pages_Objects: 101:       INFO:    [Page Objects Has Been Made]
[2024-07-20 11:38:05,245]: [Iron_Data_Processor.py]: Make_Pages_Objects: 101:       INFO:    [Page Objects Has Been Made]
[2024-07-20 11:38:05,245]: [Iron_Data_Processor.py]: Load_Data: 118:       INFO:    [Data Has Been Load]
[2024-07-20 11:38:05,245]: [Iron_Data_Processor.py]: Load_Data: 118:       INFO:    [Data Has Been Load]
[2024-07-20 11:38:05,245]: [Iron_Data_Processor.py]: Load_positions: 140:       INFO:    [Positions Are Ready]
[2024-07-20 11:38:05,245]: [Iron_Data_Processor.py]: Load_positions: 140:       INFO:    [Positions Are Ready]
[2024-07-20 11:38:06,390]: [Iron_Data_Processor.py]: Make_Tagged_Images: 193:       INFO:    [Images Has Been Made]
[2024-07-20 11:38:07,364]: [Iron_Data_Processor.py]: Make_Tagged_Images: 193:       INFO:    [Images Has Been Made]
[2024-07-20 11:38:07,617]: [Iron_Data_Processor.py]: Make_Cover_Page: 215:       INFO:    [Made Cover Pages]
[2024-07-20 11:38:07,618]: [Iron.py]: Run: 29:       INFO:    [Imagination Phase Completed]
[2024-07-20 11:38:11,839]: [Phone_Scraper.py]: Scrap: 58:       INFO:    [Data Scraped]
[2024-07-20 11:38:11,839]: [Phone_Scraper.py]: Scrap: 71:       INFO:    [Scraped Data Successfully]
[2024-07-20 11:38:11,839]: [Phone.py]: Run: 26:       INFO:    [Scraping Phase Complete]
[2024-07-20 11:38:11,839]: [Phone_Data_Processor.py]: data_reader: 38:       INFO:    [Scraped Data Loaded]
[2024-07-20 11:38:11,840]: [Phone_Data_Processor.py]: filter_list: 65:       INFO:    [Persian Phrases Are deleted]
[2024-07-20 11:38:11,841]: [Phone_Data_Processor.py]: reshape_list: 87:       INFO:    [Date Reshaped]
[2024-07-20 11:38:11,841]: [Phone_Data_Processor.py]: separate_brands: 124:       INFO:    [Brands Are Separated]
[2024-07-20 11:38:11,841]: [Phone_Data_Processor.py]: delete_extra_spaces: 141:       INFO:    [Extra Spaces Are Deleted]
[2024-07-20 11:38:12,352]: [Phone.py]: Run: 29:       INFO:    [Imagination Phase Complete]
[2024-07-20 11:38:12,353]: [selector_events.py]: __init__: 64:       DEBUG:    [Using selector: EpollSelector]
[2024-07-20 11:38:12,671]: [_bot.py]: _do_post: 643:       DEBUG:    [Calling Bot API endpoint `getMe` with parameters `{}`]
[2024-07-20 11:38:12,676]: [_trace.py]: atrace: 85:       DEBUG:    [connect_tcp.started host='api.telegram.org' port=443 local_address=None timeout=5.0 socket_options=None]
[2024-07-20 11:38:12,792]: [_trace.py]: atrace: 85:       DEBUG:    [connect_tcp.complete return_value=<httpcore._backends.anyio.AnyIOStream object at 0x7f0ed5846300>]
[2024-07-20 11:38:12,793]: [_trace.py]: atrace: 85:       DEBUG:    [start_tls.started ssl_context=<ssl.SSLContext object at 0x7f0ed553aa50> server_hostname='api.telegram.org' timeout=5.0]
[2024-07-20 11:38:12,895]: [_trace.py]: atrace: 85:       DEBUG:    [start_tls.complete return_value=<httpcore._backends.anyio.AnyIOStream object at 0x7f0ed5696600>]
[2024-07-20 11:38:12,895]: [_trace.py]: atrace: 85:       DEBUG:    [send_request_headers.started request=<Request [b'POST']>]
[2024-07-20 11:38:12,895]: [_trace.py]: atrace: 85:       DEBUG:    [send_request_headers.complete]
[2024-07-20 11:38:12,895]: [_trace.py]: atrace: 85:       DEBUG:    [send_request_body.started request=<Request [b'POST']>]
[2024-07-20 11:38:12,895]: [_trace.py]: atrace: 85:       DEBUG:    [send_request_body.complete]
[2024-07-20 11:38:12,895]: [_trace.py]: atrace: 85:       DEBUG:    [receive_response_headers.started request=<Request [b'POST']>]
[2024-07-20 11:38:12,996]: [_trace.py]: atrace: 85:       DEBUG:    [receive_response_headers.complete return_value=(b'HTTP/1.1', 200, b'OK', [(b'Server', b'nginx/1.18.0'), (b'Date', b'Sat, 20 Jul 2024 11:38:12 GMT'), (b'Content-Type', b'application/json'), (b'Content-Length', b'233'), (b'Connection', b'keep-alive'), (b'Strict-Transport-Security', b'max-age=31536000; includeSubDomains; preload'), (b'Access-Control-Allow-Origin', b'*'), (b'Access-Control-Allow-Methods', b'GET, POST, OPTIONS'), (b'Access-Control-Expose-Headers', b'Content-Length,Content-Type,Date,Server,Connection')])]
[2024-07-20 11:38:12,996]: [_client.py]: _send_single_request: 1773:       INFO:    [HTTP Request: POST https://api.telegram.org/bot6030805959:AAGUHAMxLYc-PrevgKouJ3ZyM7ktu56ftjo/getMe "HTTP/1.1 200 OK"]
[2024-07-20 11:38:12,996]: [_trace.py]: atrace: 85:       DEBUG:    [receive_response_body.started request=<Request [b'POST']>]
[2024-07-20 11:38:12,997]: [_trace.py]: atrace: 85:       DEBUG:    [receive_response_body.complete]
[2024-07-20 11:38:12,997]: [_trace.py]: atrace: 85:       DEBUG:    [response_closed.started]
[2024-07-20 11:38:12,997]: [_trace.py]: atrace: 85:       DEBUG:    [response_closed.complete]
[2024-07-20 11:38:12,997]: [_bot.py]: _do_post: 652:       DEBUG:    [Call to Bot API endpoint `getMe` finished with return value `{'id': 6030805959, 'is_bot': True, 'first_name': 'TyPHoone', 'username': 'TyPHoone_Project_bot', 'can_join_groups': True, 'can_read_all_group_messages': False, 'supports_inline_queries': False, 'can_connect_to_business': False}`]
[2024-07-20 11:38:13,000]: [_bot.py]: _do_post: 643:       DEBUG:    [Calling Bot API endpoint `sendDocument` with parameters `{'chat_id': '-4119703192', 'document': <telegram._files.inputfile.InputFile object at 0x7f0ed4c22fc0>}`]
[2024-07-20 11:38:13,000]: [_trace.py]: atrace: 85:       DEBUG:    [send_request_headers.started request=<Request [b'POST']>]
[2024-07-20 11:38:13,001]: [_trace.py]: atrace: 85:       DEBUG:    [send_request_headers.complete]
[2024-07-20 11:38:13,001]: [_trace.py]: atrace: 85:       DEBUG:    [send_request_body.started request=<Request [b'POST']>]
[2024-07-20 11:38:13,001]: [_trace.py]: atrace: 85:       DEBUG:    [send_request_body.complete]
[2024-07-20 11:38:13,001]: [_trace.py]: atrace: 85:       DEBUG:    [receive_response_headers.started request=<Request [b'POST']>]
[2024-07-20 11:38:13,259]: [_trace.py]: atrace: 85:       DEBUG:    [receive_response_headers.complete return_value=(b'HTTP/1.1', 200, b'OK', [(b'Server', b'nginx/1.18.0'), (b'Date', b'Sat, 20 Jul 2024 11:38:13 GMT'), (b'Content-Type', b'application/json'), (b'Content-Length', b'463'), (b'Connection', b'keep-alive'), (b'Strict-Transport-Security', b'max-age=31536000; includeSubDomains; preload'), (b'Access-Control-Allow-Origin', b'*'), (b'Access-Control-Allow-Methods', b'GET, POST, OPTIONS'), (b'Access-Control-Expose-Headers', b'Content-Length,Content-Type,Date,Server,Connection')])]
[2024-07-20 11:38:13,260]: [_client.py]: _send_single_request: 1773:       INFO:    [HTTP Request: POST https://api.telegram.org/bot6030805959:AAGUHAMxLYc-PrevgKouJ3ZyM7ktu56ftjo/sendDocument "HTTP/1.1 200 OK"]
[2024-07-20 11:38:13,260]: [_trace.py]: atrace: 85:       DEBUG:    [receive_response_body.started request=<Request [b'POST']>]
[2024-07-20 11:38:13,260]: [_trace.py]: atrace: 85:       DEBUG:    [receive_response_body.complete]
[2024-07-20 11:38:13,260]: [_trace.py]: atrace: 85:       DEBUG:    [response_closed.started]
[2024-07-20 11:38:13,260]: [_trace.py]: atrace: 85:       DEBUG:    [response_closed.complete]
[2024-07-20 11:38:13,260]: [_bot.py]: _do_post: 652:       DEBUG:    [Call to Bot API endpoint `sendDocument` finished with return value `{'message_id': 923, 'from': {'id': 6030805959, 'is_bot': True, 'first_name': 'TyPHoone', 'username': 'TyPHoone_Project_bot'}, 'chat': {'id': -4119703192, 'title': 'Robocop', 'type': 'group', 'all_members_are_administrators': True}, 'date': 1721475493, 'document': {'file_name': '(2024_07_20--11_38).log', 'mime_type': 'text/plain', 'file_id': 'BQACAgQAAxkDAAIDm2aboaXTjiuo_66O5uUc9GBN0GlwAAIcGAACJN_ZUM6XH8X6wdbtNQQ', 'file_unique_id': 'AgADHBgAAiTf2VA', 'file_size': 5910}}`]
[2024-07-20 11:38:13,261]: [_trace.py]: atrace: 85:       DEBUG:    [close.started]
[2024-07-20 11:38:13,261]: [_trace.py]: atrace: 85:       DEBUG:    [close.complete]
[2024-07-20 11:38:13,261]: [_config.py]: load_ssl_context: 80:       DEBUG:    [load_ssl_context verify=True cert=None trust_env=True http2=False]
[2024-07-20 11:38:13,262]: [_config.py]: load_ssl_context_verify: 146:       DEBUG:    [load_verify_locations cafile='/opt/hostedtoolcache/Python/3.12.4/x64/lib/python3.12/site-packages/certifi/cacert.pem']
[2024-07-20 11:38:13,288]: [_config.py]: load_ssl_context: 80:       DEBUG:    [load_ssl_context verify=True cert=None trust_env=True http2=False]
[2024-07-20 11:38:13,288]: [_config.py]: load_ssl_context_verify: 146:       DEBUG:    [load_verify_locations cafile='/opt/hostedtoolcache/Python/3.12.4/x64/lib/python3.12/site-packages/certifi/cacert.pem']
[2024-07-20 11:38:13,316]: [_bot.py]: _do_post: 643:       DEBUG:    [Calling Bot API endpoint `getMe` with parameters `{}`]
[2024-07-20 11:38:13,317]: [_trace.py]: atrace: 85:       DEBUG:    [connect_tcp.started host='api.telegram.org' port=443 local_address=None timeout=5.0 socket_options=None]
[2024-07-20 11:38:13,418]: [_trace.py]: atrace: 85:       DEBUG:    [connect_tcp.complete return_value=<httpcore._backends.anyio.AnyIOStream object at 0x7f0ed4c45c70>]
[2024-07-20 11:38:13,418]: [_trace.py]: atrace: 85:       DEBUG:    [start_tls.started ssl_context=<ssl.SSLContext object at 0x7f0ed553a850> server_hostname='api.telegram.org' timeout=5.0]
[2024-07-20 11:38:13,521]: [_trace.py]: atrace: 85:       DEBUG:    [start_tls.complete return_value=<httpcore._backends.anyio.AnyIOStream object at 0x7f0ed509f5c0>]
[2024-07-20 11:38:13,521]: [_trace.py]: atrace: 85:       DEBUG:    [send_request_headers.started request=<Request [b'POST']>]
[2024-07-20 11:38:13,521]: [_trace.py]: atrace: 85:       DEBUG:    [send_request_headers.complete]
[2024-07-20 11:38:13,521]: [_trace.py]: atrace: 85:       DEBUG:    [send_request_body.started request=<Request [b'POST']>]
[2024-07-20 11:38:13,521]: [_trace.py]: atrace: 85:       DEBUG:    [send_request_body.complete]
[2024-07-20 11:38:13,521]: [_trace.py]: atrace: 85:       DEBUG:    [receive_response_headers.started request=<Request [b'POST']>]
[2024-07-20 11:38:13,623]: [_trace.py]: atrace: 85:       DEBUG:    [receive_response_headers.complete return_value=(b'HTTP/1.1', 200, b'OK', [(b'Server', b'nginx/1.18.0'), (b'Date', b'Sat, 20 Jul 2024 11:38:13 GMT'), (b'Content-Type', b'application/json'), (b'Content-Length', b'233'), (b'Connection', b'keep-alive'), (b'Strict-Transport-Security', b'max-age=31536000; includeSubDomains; preload'), (b'Access-Control-Allow-Origin', b'*'), (b'Access-Control-Allow-Methods', b'GET, POST, OPTIONS'), (b'Access-Control-Expose-Headers', b'Content-Length,Content-Type,Date,Server,Connection')])]
[2024-07-20 11:38:13,623]: [_client.py]: _send_single_request: 1773:       INFO:    [HTTP Request: POST https://api.telegram.org/bot6030805959:AAGUHAMxLYc-PrevgKouJ3ZyM7ktu56ftjo/getMe "HTTP/1.1 200 OK"]
[2024-07-20 11:38:13,623]: [_trace.py]: atrace: 85:       DEBUG:    [receive_response_body.started request=<Request [b'POST']>]
[2024-07-20 11:38:13,624]: [_trace.py]: atrace: 85:       DEBUG:    [receive_response_body.complete]
[2024-07-20 11:38:13,624]: [_trace.py]: atrace: 85:       DEBUG:    [response_closed.started]
[2024-07-20 11:38:13,624]: [_trace.py]: atrace: 85:       DEBUG:    [response_closed.complete]
[2024-07-20 11:38:13,624]: [_bot.py]: _do_post: 652:       DEBUG:    [Call to Bot API endpoint `getMe` finished with return value `{'id': 6030805959, 'is_bot': True, 'first_name': 'TyPHoone', 'username': 'TyPHoone_Project_bot', 'can_join_groups': True, 'can_read_all_group_messages': False, 'supports_inline_queries': False, 'can_connect_to_business': False}`]
[2024-07-20 11:38:13,627]: [_bot.py]: _do_post: 643:       DEBUG:    [Calling Bot API endpoint `sendDocument` with parameters `{'chat_id': '-4119703192', 'document': <telegram._files.inputfile.InputFile object at 0x7f0ed554a140>}`]
[2024-07-20 11:38:13,627]: [_trace.py]: atrace: 85:       DEBUG:    [send_request_headers.started request=<Request [b'POST']>]
[2024-07-20 11:38:13,628]: [_trace.py]: atrace: 85:       DEBUG:    [send_request_headers.complete]
[2024-07-20 11:38:13,628]: [_trace.py]: atrace: 85:       DEBUG:    [send_request_body.started request=<Request [b'POST']>]
[2024-07-20 11:38:14,545]: [_trace.py]: atrace: 85:       DEBUG:    [send_request_body.complete]
[2024-07-20 11:38:14,545]: [_trace.py]: atrace: 85:       DEBUG:    [receive_response_headers.started request=<Request [b'POST']>]
[2024-07-20 11:38:15,277]: [_trace.py]: atrace: 85:       DEBUG:    [receive_response_headers.complete return_value=(b'HTTP/1.1', 200, b'OK', [(b'Server', b'nginx/1.18.0'), (b'Date', b'Sat, 20 Jul 2024 11:38:15 GMT'), (b'Content-Type', b'application/json'), (b'Content-Length', b'477'), (b'Connection', b'keep-alive'), (b'Strict-Transport-Security', b'max-age=31536000; includeSubDomains; preload'), (b'Access-Control-Allow-Origin', b'*'), (b'Access-Control-Allow-Methods', b'GET, POST, OPTIONS'), (b'Access-Control-Expose-Headers', b'Content-Length,Content-Type,Date,Server,Connection')])]
[2024-07-20 11:38:15,277]: [_client.py]: _send_single_request: 1773:       INFO:    [HTTP Request: POST https://api.telegram.org/bot6030805959:AAGUHAMxLYc-PrevgKouJ3ZyM7ktu56ftjo/sendDocument "HTTP/1.1 200 OK"]
[2024-07-20 11:38:15,277]: [_trace.py]: atrace: 85:       DEBUG:    [receive_response_body.started request=<Request [b'POST']>]
[2024-07-20 11:38:15,277]: [_trace.py]: atrace: 85:       DEBUG:    [receive_response_body.complete]
[2024-07-20 11:38:15,277]: [_trace.py]: atrace: 85:       DEBUG:    [response_closed.started]
[2024-07-20 11:38:15,277]: [_trace.py]: atrace: 85:       DEBUG:    [response_closed.complete]
[2024-07-20 11:38:15,278]: [_bot.py]: _do_post: 652:       DEBUG:    [Call to Bot API endpoint `sendDocument` finished with return value `{'message_id': 924, 'from': {'id': 6030805959, 'is_bot': True, 'first_name': 'TyPHoone', 'username': 'TyPHoone_Project_bot'}, 'chat': {'id': -4119703192, 'title': 'Robocop', 'type': 'group', 'all_members_are_administrators': True}, 'date': 1721475495, 'document': {'file_name': '(2024_07_20--11_38)output.zip', 'mime_type': 'application/zip', 'file_id': 'BQACAgQAAxkDAAIDnGaboaZK9K6pWJHu4HJlXvm93mKjAAIdGAACJN_ZUCjj7Zfo48QcNQQ', 'file_unique_id': 'AgADHRgAAiTf2VA', 'file_size': 9499361}}`]
[2024-07-20 11:38:15,278]: [_trace.py]: atrace: 85:       DEBUG:    [close.started]
[2024-07-20 11:38:15,278]: [_trace.py]: atrace: 85:       DEBUG:    [close.complete]
[2024-07-20 11:38:15,278]: [Telegram_Sender.py]: runner: 61:       INFO:    [sent successfully]
[2024-07-20 11:38:15,279]: [Main.py]: <module>: 48:       INFO:    [Finished]
