[2025-06-16 11:41:02,226]: [Main.py]: <module>: 21:       INFO:    [Started]
[2025-06-16 11:41:03,883]: [Iron_Scraper.py]: Scrap: 32:       INFO:    [Data Scaraped Successfully]
[2025-06-16 11:41:04,078]: [Iron_Scraper.py]: Scrap: 70:       INFO:    [Scrapped Data Has No Problem]
[2025-06-16 11:41:04,078]: [Iron_Scraper.py]: Scrap: 83:       INFO:    [Data Saved Successfully]
[2025-06-16 11:41:04,078]: [Iron.py]: Run: 26:       INFO:    [Scraping Phase Completed]
[2025-06-16 11:41:04,078]: [Iron_Data_Processor.py]: Data_Reader: 61:       INFO:    [Data File Has Been Red Successfully]
[2025-06-16 11:41:04,078]: [Iron_Data_Processor.py]: Shaper: 78:       INFO:    [Data Shaped]
[2025-06-16 11:41:04,079]: [Iron_Data_Processor.py]: Process: 228:       INFO:    [Data Cleaned]
[2025-06-16 11:41:04,079]: [Iron_Data_Processor.py]: Make_Pages_Objects: 101:       INFO:    [Page Objects Has Been Made]
[2025-06-16 11:41:04,079]: [Iron_Data_Processor.py]: Make_Pages_Objects: 101:       INFO:    [Page Objects Has Been Made]
[2025-06-16 11:41:04,079]: [Iron_Data_Processor.py]: Load_Data: 118:       INFO:    [Data Has Been Load]
[2025-06-16 11:41:04,079]: [Iron_Data_Processor.py]: Load_Data: 118:       INFO:    [Data Has Been Load]
[2025-06-16 11:41:04,079]: [Iron_Data_Processor.py]: Load_positions: 140:       INFO:    [Positions Are Ready]
[2025-06-16 11:41:04,079]: [Iron_Data_Processor.py]: Load_positions: 140:       INFO:    [Positions Are Ready]
[2025-06-16 11:41:05,201]: [Iron_Data_Processor.py]: Make_Tagged_Images: 193:       INFO:    [Images Has Been Made]
[2025-06-16 11:41:06,153]: [Iron_Data_Processor.py]: Make_Tagged_Images: 193:       INFO:    [Images Has Been Made]
[2025-06-16 11:41:06,409]: [Iron_Data_Processor.py]: Make_Cover_Page: 215:       INFO:    [Made Cover Pages]
[2025-06-16 11:41:06,410]: [Iron.py]: Run: 29:       INFO:    [Imagination Phase Completed]
[2025-06-16 11:42:08,018]: [Phone_Scraper.py]: Scrap: 58:       INFO:    [Data Scraped]
[2025-06-16 11:42:08,018]: [Phone_Scraper.py]: Scrap: 71:       INFO:    [Scraped Data Successfully]
[2025-06-16 11:42:08,018]: [Phone.py]: Run: 26:       INFO:    [Scraping Phase Complete]
[2025-06-16 11:42:08,018]: [Phone_Data_Processor.py]: data_reader: 38:       INFO:    [Scraped Data Loaded]
[2025-06-16 11:42:08,019]: [Phone_Data_Processor.py]: filter_list: 65:       INFO:    [Persian Phrases Are deleted]
[2025-06-16 11:42:08,020]: [Phone_Data_Processor.py]: reshape_list: 87:       INFO:    [Date Reshaped]
[2025-06-16 11:42:08,020]: [Phone_Data_Processor.py]: separate_brands: 124:       INFO:    [Brands Are Separated]
[2025-06-16 11:42:08,020]: [Phone_Data_Processor.py]: delete_extra_spaces: 141:       INFO:    [Extra Spaces Are Deleted]
[2025-06-16 11:42:08,812]: [Phone.py]: Run: 29:       INFO:    [Imagination Phase Complete]
[2025-06-16 11:42:08,812]: [selector_events.py]: __init__: 64:       DEBUG:    [Using selector: EpollSelector]
[2025-06-16 11:42:09,094]: [_bot.py]: _do_post: 643:       DEBUG:    [Calling Bot API endpoint `getMe` with parameters `{}`]
[2025-06-16 11:42:09,098]: [_trace.py]: atrace: 87:       DEBUG:    [connect_tcp.started host='api.telegram.org' port=443 local_address=None timeout=5.0 socket_options=None]
[2025-06-16 11:42:09,246]: [_trace.py]: atrace: 87:       DEBUG:    [connect_tcp.complete return_value=<httpcore._backends.anyio.AnyIOStream object at 0x7f4f537b0b90>]
[2025-06-16 11:42:09,247]: [_trace.py]: atrace: 87:       DEBUG:    [start_tls.started ssl_context=<ssl.SSLContext object at 0x7f4f54183850> server_hostname='api.telegram.org' timeout=5.0]
[2025-06-16 11:42:09,333]: [_trace.py]: atrace: 87:       DEBUG:    [start_tls.complete return_value=<httpcore._backends.anyio.AnyIOStream object at 0x7f4f54ed7050>]
[2025-06-16 11:42:09,333]: [_trace.py]: atrace: 87:       DEBUG:    [send_request_headers.started request=<Request [b'POST']>]
[2025-06-16 11:42:09,333]: [_trace.py]: atrace: 87:       DEBUG:    [send_request_headers.complete]
[2025-06-16 11:42:09,333]: [_trace.py]: atrace: 87:       DEBUG:    [send_request_body.started request=<Request [b'POST']>]
[2025-06-16 11:42:09,334]: [_trace.py]: atrace: 87:       DEBUG:    [send_request_body.complete]
[2025-06-16 11:42:09,334]: [_trace.py]: atrace: 87:       DEBUG:    [receive_response_headers.started request=<Request [b'POST']>]
[2025-06-16 11:42:09,421]: [_trace.py]: atrace: 87:       DEBUG:    [receive_response_headers.complete return_value=(b'HTTP/1.1', 200, b'OK', [(b'Server', b'nginx/1.18.0'), (b'Date', b'Mon, 16 Jun 2025 11:42:09 GMT'), (b'Content-Type', b'application/json'), (b'Content-Length', b'258'), (b'Connection', b'keep-alive'), (b'Strict-Transport-Security', b'max-age=31536000; includeSubDomains; preload'), (b'Access-Control-Allow-Origin', b'*'), (b'Access-Control-Allow-Methods', b'GET, POST, OPTIONS'), (b'Access-Control-Expose-Headers', b'Content-Length,Content-Type,Date,Server,Connection')])]
[2025-06-16 11:42:09,421]: [_client.py]: _send_single_request: 1740:       INFO:    [HTTP Request: POST https://api.telegram.org/bot6030805959:AAGUHAMxLYc-PrevgKouJ3ZyM7ktu56ftjo/getMe "HTTP/1.1 200 OK"]
[2025-06-16 11:42:09,421]: [_trace.py]: atrace: 87:       DEBUG:    [receive_response_body.started request=<Request [b'POST']>]
[2025-06-16 11:42:09,422]: [_trace.py]: atrace: 87:       DEBUG:    [receive_response_body.complete]
[2025-06-16 11:42:09,422]: [_trace.py]: atrace: 87:       DEBUG:    [response_closed.started]
[2025-06-16 11:42:09,422]: [_trace.py]: atrace: 87:       DEBUG:    [response_closed.complete]
[2025-06-16 11:42:09,422]: [_bot.py]: _do_post: 652:       DEBUG:    [Call to Bot API endpoint `getMe` finished with return value `{'id': 6030805959, 'is_bot': True, 'first_name': 'TyPHoone', 'username': 'TyPHoone_Project_bot', 'can_join_groups': True, 'can_read_all_group_messages': False, 'supports_inline_queries': False, 'can_connect_to_business': False, 'has_main_web_app': False}`]
[2025-06-16 11:42:09,425]: [_bot.py]: _do_post: 643:       DEBUG:    [Calling Bot API endpoint `sendDocument` with parameters `{'chat_id': '-4119703192', 'document': <telegram._files.inputfile.InputFile object at 0x7f4f54231800>}`]
[2025-06-16 11:42:09,425]: [_trace.py]: atrace: 87:       DEBUG:    [send_request_headers.started request=<Request [b'POST']>]
[2025-06-16 11:42:09,426]: [_trace.py]: atrace: 87:       DEBUG:    [send_request_headers.complete]
[2025-06-16 11:42:09,426]: [_trace.py]: atrace: 87:       DEBUG:    [send_request_body.started request=<Request [b'POST']>]
[2025-06-16 11:42:09,426]: [_trace.py]: atrace: 87:       DEBUG:    [send_request_body.complete]
[2025-06-16 11:42:09,426]: [_trace.py]: atrace: 87:       DEBUG:    [receive_response_headers.started request=<Request [b'POST']>]
[2025-06-16 11:42:09,648]: [_trace.py]: atrace: 87:       DEBUG:    [receive_response_headers.complete return_value=(b'HTTP/1.1', 200, b'OK', [(b'Server', b'nginx/1.18.0'), (b'Date', b'Mon, 16 Jun 2025 11:42:09 GMT'), (b'Content-Type', b'application/json'), (b'Content-Length', b'585'), (b'Connection', b'keep-alive'), (b'Strict-Transport-Security', b'max-age=31536000; includeSubDomains; preload'), (b'Access-Control-Allow-Origin', b'*'), (b'Access-Control-Allow-Methods', b'GET, POST, OPTIONS'), (b'Access-Control-Expose-Headers', b'Content-Length,Content-Type,Date,Server,Connection')])]
[2025-06-16 11:42:09,649]: [_client.py]: _send_single_request: 1740:       INFO:    [HTTP Request: POST https://api.telegram.org/bot6030805959:AAGUHAMxLYc-PrevgKouJ3ZyM7ktu56ftjo/sendDocument "HTTP/1.1 200 OK"]
[2025-06-16 11:42:09,649]: [_trace.py]: atrace: 87:       DEBUG:    [receive_response_body.started request=<Request [b'POST']>]
[2025-06-16 11:42:09,649]: [_trace.py]: atrace: 87:       DEBUG:    [receive_response_body.complete]
[2025-06-16 11:42:09,649]: [_trace.py]: atrace: 87:       DEBUG:    [response_closed.started]
[2025-06-16 11:42:09,649]: [_trace.py]: atrace: 87:       DEBUG:    [response_closed.complete]
[2025-06-16 11:42:09,649]: [_bot.py]: _do_post: 652:       DEBUG:    [Call to Bot API endpoint `sendDocument` finished with return value `{'message_id': 2419, 'from': {'id': 6030805959, 'is_bot': True, 'first_name': 'TyPHoone', 'username': 'TyPHoone_Project_bot'}, 'chat': {'id': -4119703192, 'title': 'Robocop', 'type': 'group', 'all_members_are_administrators': True, 'accepted_gift_types': {'unlimited_gifts': False, 'limited_gifts': False, 'unique_gifts': False, 'premium_subscription': False}}, 'date': 1750074129, 'document': {'file_name': '(2025_06_16--11_41).log', 'mime_type': 'text/plain', 'file_id': 'BQACAgQAAxkDAAIJc2hQAxFwfN4ppHHDkhnXhG77AAElhAACkRMAAojRgFKJPZ0EOGNqHjYE', 'file_unique_id': 'AgADkRMAAojRgFI', 'file_size': 5937}}`]
[2025-06-16 11:42:09,650]: [_trace.py]: atrace: 87:       DEBUG:    [close.started]
[2025-06-16 11:42:09,650]: [_trace.py]: atrace: 87:       DEBUG:    [close.complete]
[2025-06-16 11:42:09,694]: [_bot.py]: _do_post: 643:       DEBUG:    [Calling Bot API endpoint `getMe` with parameters `{}`]
[2025-06-16 11:42:09,694]: [_trace.py]: atrace: 87:       DEBUG:    [connect_tcp.started host='api.telegram.org' port=443 local_address=None timeout=5.0 socket_options=None]
[2025-06-16 11:42:09,781]: [_trace.py]: atrace: 87:       DEBUG:    [connect_tcp.complete return_value=<httpcore._backends.anyio.AnyIOStream object at 0x7f4f5363c8c0>]
[2025-06-16 11:42:09,781]: [_trace.py]: atrace: 87:       DEBUG:    [start_tls.started ssl_context=<ssl.SSLContext object at 0x7f4f54183750> server_hostname='api.telegram.org' timeout=5.0]
[2025-06-16 11:42:09,870]: [_trace.py]: atrace: 87:       DEBUG:    [start_tls.complete return_value=<httpcore._backends.anyio.AnyIOStream object at 0x7f4f53d094c0>]
[2025-06-16 11:42:09,870]: [_trace.py]: atrace: 87:       DEBUG:    [send_request_headers.started request=<Request [b'POST']>]
[2025-06-16 11:42:09,870]: [_trace.py]: atrace: 87:       DEBUG:    [send_request_headers.complete]
[2025-06-16 11:42:09,870]: [_trace.py]: atrace: 87:       DEBUG:    [send_request_body.started request=<Request [b'POST']>]
[2025-06-16 11:42:09,870]: [_trace.py]: atrace: 87:       DEBUG:    [send_request_body.complete]
[2025-06-16 11:42:09,870]: [_trace.py]: atrace: 87:       DEBUG:    [receive_response_headers.started request=<Request [b'POST']>]
[2025-06-16 11:42:09,956]: [_trace.py]: atrace: 87:       DEBUG:    [receive_response_headers.complete return_value=(b'HTTP/1.1', 200, b'OK', [(b'Server', b'nginx/1.18.0'), (b'Date', b'Mon, 16 Jun 2025 11:42:09 GMT'), (b'Content-Type', b'application/json'), (b'Content-Length', b'258'), (b'Connection', b'keep-alive'), (b'Strict-Transport-Security', b'max-age=31536000; includeSubDomains; preload'), (b'Access-Control-Allow-Origin', b'*'), (b'Access-Control-Allow-Methods', b'GET, POST, OPTIONS'), (b'Access-Control-Expose-Headers', b'Content-Length,Content-Type,Date,Server,Connection')])]
[2025-06-16 11:42:09,957]: [_client.py]: _send_single_request: 1740:       INFO:    [HTTP Request: POST https://api.telegram.org/bot6030805959:AAGUHAMxLYc-PrevgKouJ3ZyM7ktu56ftjo/getMe "HTTP/1.1 200 OK"]
[2025-06-16 11:42:09,957]: [_trace.py]: atrace: 87:       DEBUG:    [receive_response_body.started request=<Request [b'POST']>]
[2025-06-16 11:42:09,957]: [_trace.py]: atrace: 87:       DEBUG:    [receive_response_body.complete]
[2025-06-16 11:42:09,957]: [_trace.py]: atrace: 87:       DEBUG:    [response_closed.started]
[2025-06-16 11:42:09,957]: [_trace.py]: atrace: 87:       DEBUG:    [response_closed.complete]
[2025-06-16 11:42:09,957]: [_bot.py]: _do_post: 652:       DEBUG:    [Call to Bot API endpoint `getMe` finished with return value `{'id': 6030805959, 'is_bot': True, 'first_name': 'TyPHoone', 'username': 'TyPHoone_Project_bot', 'can_join_groups': True, 'can_read_all_group_messages': False, 'supports_inline_queries': False, 'can_connect_to_business': False, 'has_main_web_app': False}`]
[2025-06-16 11:42:09,960]: [_bot.py]: _do_post: 643:       DEBUG:    [Calling Bot API endpoint `sendDocument` with parameters `{'chat_id': '-4119703192', 'document': <telegram._files.inputfile.InputFile object at 0x7f4f541d4fc0>}`]
[2025-06-16 11:42:09,961]: [_trace.py]: atrace: 87:       DEBUG:    [send_request_headers.started request=<Request [b'POST']>]
[2025-06-16 11:42:09,961]: [_trace.py]: atrace: 87:       DEBUG:    [send_request_headers.complete]
[2025-06-16 11:42:09,961]: [_trace.py]: atrace: 87:       DEBUG:    [send_request_body.started request=<Request [b'POST']>]
[2025-06-16 11:42:10,745]: [_trace.py]: atrace: 87:       DEBUG:    [send_request_body.complete]
[2025-06-16 11:42:10,745]: [_trace.py]: atrace: 87:       DEBUG:    [receive_response_headers.started request=<Request [b'POST']>]
[2025-06-16 11:42:11,643]: [_trace.py]: atrace: 87:       DEBUG:    [receive_response_headers.complete return_value=(b'HTTP/1.1', 200, b'OK', [(b'Server', b'nginx/1.18.0'), (b'Date', b'Mon, 16 Jun 2025 11:42:11 GMT'), (b'Content-Type', b'application/json'), (b'Content-Length', b'599'), (b'Connection', b'keep-alive'), (b'Strict-Transport-Security', b'max-age=31536000; includeSubDomains; preload'), (b'Access-Control-Allow-Origin', b'*'), (b'Access-Control-Allow-Methods', b'GET, POST, OPTIONS'), (b'Access-Control-Expose-Headers', b'Content-Length,Content-Type,Date,Server,Connection')])]
[2025-06-16 11:42:11,644]: [_client.py]: _send_single_request: 1740:       INFO:    [HTTP Request: POST https://api.telegram.org/bot6030805959:AAGUHAMxLYc-PrevgKouJ3ZyM7ktu56ftjo/sendDocument "HTTP/1.1 200 OK"]
[2025-06-16 11:42:11,644]: [_trace.py]: atrace: 87:       DEBUG:    [receive_response_body.started request=<Request [b'POST']>]
[2025-06-16 11:42:11,644]: [_trace.py]: atrace: 87:       DEBUG:    [receive_response_body.complete]
[2025-06-16 11:42:11,644]: [_trace.py]: atrace: 87:       DEBUG:    [response_closed.started]
[2025-06-16 11:42:11,644]: [_trace.py]: atrace: 87:       DEBUG:    [response_closed.complete]
[2025-06-16 11:42:11,644]: [_bot.py]: _do_post: 652:       DEBUG:    [Call to Bot API endpoint `sendDocument` finished with return value `{'message_id': 2420, 'from': {'id': 6030805959, 'is_bot': True, 'first_name': 'TyPHoone', 'username': 'TyPHoone_Project_bot'}, 'chat': {'id': -4119703192, 'title': 'Robocop', 'type': 'group', 'all_members_are_administrators': True, 'accepted_gift_types': {'unlimited_gifts': False, 'limited_gifts': False, 'unique_gifts': False, 'premium_subscription': False}}, 'date': 1750074131, 'document': {'file_name': '(2025_06_16--11_41)output.zip', 'mime_type': 'application/zip', 'file_id': 'BQACAgQAAxkDAAIJdGhQAxMK121AYkUKJnMwocwX4hYbAAKSEwACiNGAUgqLpUkZwPOiNgQ', 'file_unique_id': 'AgADkhMAAojRgFI', 'file_size': 10218453}}`]
[2025-06-16 11:42:11,644]: [_trace.py]: atrace: 87:       DEBUG:    [close.started]
[2025-06-16 11:42:11,645]: [_trace.py]: atrace: 87:       DEBUG:    [close.complete]
[2025-06-16 11:42:11,645]: [Telegram_Sender.py]: runner: 61:       INFO:    [sent successfully]
[2025-06-16 11:42:11,645]: [Main.py]: <module>: 48:       INFO:    [Finished]
