[2025-09-06 11:38:58,482]: [Main.py]: <module>: 21:       INFO:    [Started]
[2025-09-06 11:38:59,510]: [Iron_Scraper.py]: Scrap: 30:       CRITICAL:    [Scrapping Faild]
[2025-09-06 11:38:59,510]: [Iron_Scraper.py]: Scrap: 68:       CRITICAL:    [Something Went Wrong About Scraped Data]
[2025-09-06 11:38:59,510]: [Iron_Scraper.py]: Scrap: 81:       CRITICAL:    [Saving Data Failed]
[2025-09-06 11:38:59,510]: [Iron.py]: Run: 26:       INFO:    [Scraping Phase Completed]
[2025-09-06 11:38:59,511]: [Iron_Data_Processor.py]: Data_Reader: 61:       INFO:    [Data File Has Been Red Successfully]
[2025-09-06 11:38:59,511]: [Iron_Data_Processor.py]: Shaper: 78:       INFO:    [Data Shaped]
[2025-09-06 11:38:59,511]: [Iron_Data_Processor.py]: Process: 228:       INFO:    [Data Cleaned]
[2025-09-06 11:38:59,511]: [Iron_Data_Processor.py]: Make_Pages_Objects: 101:       INFO:    [Page Objects Has Been Made]
[2025-09-06 11:38:59,511]: [Iron_Data_Processor.py]: Make_Pages_Objects: 101:       INFO:    [Page Objects Has Been Made]
[2025-09-06 11:38:59,511]: [Iron_Data_Processor.py]: Load_Data: 118:       INFO:    [Data Has Been Load]
[2025-09-06 11:38:59,511]: [Iron_Data_Processor.py]: Load_Data: 118:       INFO:    [Data Has Been Load]
[2025-09-06 11:38:59,511]: [Iron_Data_Processor.py]: Load_positions: 140:       INFO:    [Positions Are Ready]
[2025-09-06 11:38:59,511]: [Iron_Data_Processor.py]: Load_positions: 140:       INFO:    [Positions Are Ready]
[2025-09-06 11:39:00,584]: [Iron_Data_Processor.py]: Make_Tagged_Images: 193:       INFO:    [Images Has Been Made]
[2025-09-06 11:39:01,474]: [Iron_Data_Processor.py]: Make_Tagged_Images: 193:       INFO:    [Images Has Been Made]
[2025-09-06 11:39:01,725]: [Iron_Data_Processor.py]: Make_Cover_Page: 215:       INFO:    [Made Cover Pages]
[2025-09-06 11:39:01,726]: [Iron.py]: Run: 29:       INFO:    [Imagination Phase Completed]
[2025-09-06 11:39:04,532]: [Phone_Scraper.py]: Scrap: 58:       INFO:    [Data Scraped]
[2025-09-06 11:39:04,532]: [Phone_Scraper.py]: Scrap: 71:       INFO:    [Scraped Data Successfully]
[2025-09-06 11:39:04,532]: [Phone.py]: Run: 26:       INFO:    [Scraping Phase Complete]
[2025-09-06 11:39:04,532]: [Phone_Data_Processor.py]: data_reader: 38:       INFO:    [Scraped Data Loaded]
[2025-09-06 11:39:04,533]: [Phone_Data_Processor.py]: filter_list: 65:       INFO:    [Persian Phrases Are deleted]
[2025-09-06 11:39:04,534]: [Phone_Data_Processor.py]: reshape_list: 87:       INFO:    [Date Reshaped]
[2025-09-06 11:39:04,534]: [Phone_Data_Processor.py]: separate_brands: 124:       INFO:    [Brands Are Separated]
[2025-09-06 11:39:04,534]: [Phone_Data_Processor.py]: delete_extra_spaces: 141:       INFO:    [Extra Spaces Are Deleted]
[2025-09-06 11:39:05,178]: [Phone.py]: Run: 29:       INFO:    [Imagination Phase Complete]
[2025-09-06 11:39:05,178]: [selector_events.py]: __init__: 64:       DEBUG:    [Using selector: EpollSelector]
[2025-09-06 11:39:05,438]: [_bot.py]: _do_post: 643:       DEBUG:    [Calling Bot API endpoint `getMe` with parameters `{}`]
[2025-09-06 11:39:05,443]: [_trace.py]: atrace: 87:       DEBUG:    [connect_tcp.started host='api.telegram.org' port=443 local_address=None timeout=5.0 socket_options=None]
[2025-09-06 11:39:05,550]: [_trace.py]: atrace: 87:       DEBUG:    [connect_tcp.complete return_value=<httpcore._backends.anyio.AnyIOStream object at 0x7f415beb6750>]
[2025-09-06 11:39:05,550]: [_trace.py]: atrace: 87:       DEBUG:    [start_tls.started ssl_context=<ssl.SSLContext object at 0x7f415beb9cd0> server_hostname='api.telegram.org' timeout=5.0]
[2025-09-06 11:39:05,636]: [_trace.py]: atrace: 87:       DEBUG:    [start_tls.complete return_value=<httpcore._backends.anyio.AnyIOStream object at 0x7f415c328c20>]
[2025-09-06 11:39:05,636]: [_trace.py]: atrace: 87:       DEBUG:    [send_request_headers.started request=<Request [b'POST']>]
[2025-09-06 11:39:05,637]: [_trace.py]: atrace: 87:       DEBUG:    [send_request_headers.complete]
[2025-09-06 11:39:05,637]: [_trace.py]: atrace: 87:       DEBUG:    [send_request_body.started request=<Request [b'POST']>]
[2025-09-06 11:39:05,637]: [_trace.py]: atrace: 87:       DEBUG:    [send_request_body.complete]
[2025-09-06 11:39:05,637]: [_trace.py]: atrace: 87:       DEBUG:    [receive_response_headers.started request=<Request [b'POST']>]
[2025-09-06 11:39:05,722]: [_trace.py]: atrace: 87:       DEBUG:    [receive_response_headers.complete return_value=(b'HTTP/1.1', 200, b'OK', [(b'Server', b'nginx/1.18.0'), (b'Date', b'Sat, 06 Sep 2025 11:39:05 GMT'), (b'Content-Type', b'application/json'), (b'Content-Length', b'258'), (b'Connection', b'keep-alive'), (b'Strict-Transport-Security', b'max-age=31536000; includeSubDomains; preload'), (b'Access-Control-Allow-Origin', b'*'), (b'Access-Control-Allow-Methods', b'GET, POST, OPTIONS'), (b'Access-Control-Expose-Headers', b'Content-Length,Content-Type,Date,Server,Connection')])]
[2025-09-06 11:39:05,722]: [_client.py]: _send_single_request: 1740:       INFO:    [HTTP Request: POST https://api.telegram.org/bot6030805959:AAGUHAMxLYc-PrevgKouJ3ZyM7ktu56ftjo/getMe "HTTP/1.1 200 OK"]
[2025-09-06 11:39:05,722]: [_trace.py]: atrace: 87:       DEBUG:    [receive_response_body.started request=<Request [b'POST']>]
[2025-09-06 11:39:05,723]: [_trace.py]: atrace: 87:       DEBUG:    [receive_response_body.complete]
[2025-09-06 11:39:05,723]: [_trace.py]: atrace: 87:       DEBUG:    [response_closed.started]
[2025-09-06 11:39:05,723]: [_trace.py]: atrace: 87:       DEBUG:    [response_closed.complete]
[2025-09-06 11:39:05,723]: [_bot.py]: _do_post: 652:       DEBUG:    [Call to Bot API endpoint `getMe` finished with return value `{'id': 6030805959, 'is_bot': True, 'first_name': 'TyPHoone', 'username': 'TyPHoone_Project_bot', 'can_join_groups': True, 'can_read_all_group_messages': False, 'supports_inline_queries': False, 'can_connect_to_business': False, 'has_main_web_app': False}`]
[2025-09-06 11:39:05,726]: [_bot.py]: _do_post: 643:       DEBUG:    [Calling Bot API endpoint `sendDocument` with parameters `{'chat_id': '-4119703192', 'document': <telegram._files.inputfile.InputFile object at 0x7f415ba0d740>}`]
[2025-09-06 11:39:05,726]: [_trace.py]: atrace: 87:       DEBUG:    [send_request_headers.started request=<Request [b'POST']>]
[2025-09-06 11:39:05,727]: [_trace.py]: atrace: 87:       DEBUG:    [send_request_headers.complete]
[2025-09-06 11:39:05,727]: [_trace.py]: atrace: 87:       DEBUG:    [send_request_body.started request=<Request [b'POST']>]
[2025-09-06 11:39:05,727]: [_trace.py]: atrace: 87:       DEBUG:    [send_request_body.complete]
[2025-09-06 11:39:05,727]: [_trace.py]: atrace: 87:       DEBUG:    [receive_response_headers.started request=<Request [b'POST']>]
[2025-09-06 11:39:05,958]: [_trace.py]: atrace: 87:       DEBUG:    [receive_response_headers.complete return_value=(b'HTTP/1.1', 200, b'OK', [(b'Server', b'nginx/1.18.0'), (b'Date', b'Sat, 06 Sep 2025 11:39:05 GMT'), (b'Content-Type', b'application/json'), (b'Content-Length', b'584'), (b'Connection', b'keep-alive'), (b'Strict-Transport-Security', b'max-age=31536000; includeSubDomains; preload'), (b'Access-Control-Allow-Origin', b'*'), (b'Access-Control-Allow-Methods', b'GET, POST, OPTIONS'), (b'Access-Control-Expose-Headers', b'Content-Length,Content-Type,Date,Server,Connection')])]
[2025-09-06 11:39:05,958]: [_client.py]: _send_single_request: 1740:       INFO:    [HTTP Request: POST https://api.telegram.org/bot6030805959:AAGUHAMxLYc-PrevgKouJ3ZyM7ktu56ftjo/sendDocument "HTTP/1.1 200 OK"]
[2025-09-06 11:39:05,958]: [_trace.py]: atrace: 87:       DEBUG:    [receive_response_body.started request=<Request [b'POST']>]
[2025-09-06 11:39:05,958]: [_trace.py]: atrace: 87:       DEBUG:    [receive_response_body.complete]
[2025-09-06 11:39:05,958]: [_trace.py]: atrace: 87:       DEBUG:    [response_closed.started]
[2025-09-06 11:39:05,958]: [_trace.py]: atrace: 87:       DEBUG:    [response_closed.complete]
[2025-09-06 11:39:05,958]: [_bot.py]: _do_post: 652:       DEBUG:    [Call to Bot API endpoint `sendDocument` finished with return value `{'message_id': 2587, 'from': {'id': 6030805959, 'is_bot': True, 'first_name': 'TyPHoone', 'username': 'TyPHoone_Project_bot'}, 'chat': {'id': -4119703192, 'title': 'Robocop', 'type': 'group', 'all_members_are_administrators': True, 'accepted_gift_types': {'unlimited_gifts': False, 'limited_gifts': False, 'unique_gifts': False, 'premium_subscription': False}}, 'date': 1757158745, 'document': {'file_name': '(2025_09_06--11_38).log', 'mime_type': 'text/plain', 'file_id': 'BQACAgQAAxkDAAIKG2i8HVnYRqzytFwWkjYPMxHc1cAiAAJoGgAC5MLgUTXJI8LQfTR_NgQ', 'file_unique_id': 'AgADaBoAAuTC4FE', 'file_size': 5944}}`]
[2025-09-06 11:39:05,959]: [_trace.py]: atrace: 87:       DEBUG:    [close.started]
[2025-09-06 11:39:05,959]: [_trace.py]: atrace: 87:       DEBUG:    [close.complete]
[2025-09-06 11:39:06,002]: [_bot.py]: _do_post: 643:       DEBUG:    [Calling Bot API endpoint `getMe` with parameters `{}`]
[2025-09-06 11:39:06,003]: [_trace.py]: atrace: 87:       DEBUG:    [connect_tcp.started host='api.telegram.org' port=443 local_address=None timeout=5.0 socket_options=None]
[2025-09-06 11:39:06,088]: [_trace.py]: atrace: 87:       DEBUG:    [connect_tcp.complete return_value=<httpcore._backends.anyio.AnyIOStream object at 0x7f415b856030>]
[2025-09-06 11:39:06,088]: [_trace.py]: atrace: 87:       DEBUG:    [start_tls.started ssl_context=<ssl.SSLContext object at 0x7f415beb9bd0> server_hostname='api.telegram.org' timeout=5.0]
[2025-09-06 11:39:06,174]: [_trace.py]: atrace: 87:       DEBUG:    [start_tls.complete return_value=<httpcore._backends.anyio.AnyIOStream object at 0x7f415b99c0e0>]
[2025-09-06 11:39:06,175]: [_trace.py]: atrace: 87:       DEBUG:    [send_request_headers.started request=<Request [b'POST']>]
[2025-09-06 11:39:06,175]: [_trace.py]: atrace: 87:       DEBUG:    [send_request_headers.complete]
[2025-09-06 11:39:06,175]: [_trace.py]: atrace: 87:       DEBUG:    [send_request_body.started request=<Request [b'POST']>]
[2025-09-06 11:39:06,175]: [_trace.py]: atrace: 87:       DEBUG:    [send_request_body.complete]
[2025-09-06 11:39:06,175]: [_trace.py]: atrace: 87:       DEBUG:    [receive_response_headers.started request=<Request [b'POST']>]
[2025-09-06 11:39:06,260]: [_trace.py]: atrace: 87:       DEBUG:    [receive_response_headers.complete return_value=(b'HTTP/1.1', 200, b'OK', [(b'Server', b'nginx/1.18.0'), (b'Date', b'Sat, 06 Sep 2025 11:39:06 GMT'), (b'Content-Type', b'application/json'), (b'Content-Length', b'258'), (b'Connection', b'keep-alive'), (b'Strict-Transport-Security', b'max-age=31536000; includeSubDomains; preload'), (b'Access-Control-Allow-Origin', b'*'), (b'Access-Control-Allow-Methods', b'GET, POST, OPTIONS'), (b'Access-Control-Expose-Headers', b'Content-Length,Content-Type,Date,Server,Connection')])]
[2025-09-06 11:39:06,260]: [_client.py]: _send_single_request: 1740:       INFO:    [HTTP Request: POST https://api.telegram.org/bot6030805959:AAGUHAMxLYc-PrevgKouJ3ZyM7ktu56ftjo/getMe "HTTP/1.1 200 OK"]
[2025-09-06 11:39:06,260]: [_trace.py]: atrace: 87:       DEBUG:    [receive_response_body.started request=<Request [b'POST']>]
[2025-09-06 11:39:06,260]: [_trace.py]: atrace: 87:       DEBUG:    [receive_response_body.complete]
[2025-09-06 11:39:06,260]: [_trace.py]: atrace: 87:       DEBUG:    [response_closed.started]
[2025-09-06 11:39:06,260]: [_trace.py]: atrace: 87:       DEBUG:    [response_closed.complete]
[2025-09-06 11:39:06,260]: [_bot.py]: _do_post: 652:       DEBUG:    [Call to Bot API endpoint `getMe` finished with return value `{'id': 6030805959, 'is_bot': True, 'first_name': 'TyPHoone', 'username': 'TyPHoone_Project_bot', 'can_join_groups': True, 'can_read_all_group_messages': False, 'supports_inline_queries': False, 'can_connect_to_business': False, 'has_main_web_app': False}`]
[2025-09-06 11:39:06,262]: [_bot.py]: _do_post: 643:       DEBUG:    [Calling Bot API endpoint `sendDocument` with parameters `{'chat_id': '-4119703192', 'document': <telegram._files.inputfile.InputFile object at 0x7f415beec640>}`]
[2025-09-06 11:39:06,263]: [_trace.py]: atrace: 87:       DEBUG:    [send_request_headers.started request=<Request [b'POST']>]
[2025-09-06 11:39:06,263]: [_trace.py]: atrace: 87:       DEBUG:    [send_request_headers.complete]
[2025-09-06 11:39:06,263]: [_trace.py]: atrace: 87:       DEBUG:    [send_request_body.started request=<Request [b'POST']>]
[2025-09-06 11:39:07,032]: [_trace.py]: atrace: 87:       DEBUG:    [send_request_body.complete]
[2025-09-06 11:39:07,032]: [_trace.py]: atrace: 87:       DEBUG:    [receive_response_headers.started request=<Request [b'POST']>]
[2025-09-06 11:39:08,119]: [_trace.py]: atrace: 87:       DEBUG:    [receive_response_headers.complete return_value=(b'HTTP/1.1', 200, b'OK', [(b'Server', b'nginx/1.18.0'), (b'Date', b'Sat, 06 Sep 2025 11:39:08 GMT'), (b'Content-Type', b'application/json'), (b'Content-Length', b'598'), (b'Connection', b'keep-alive'), (b'Strict-Transport-Security', b'max-age=31536000; includeSubDomains; preload'), (b'Access-Control-Allow-Origin', b'*'), (b'Access-Control-Allow-Methods', b'GET, POST, OPTIONS'), (b'Access-Control-Expose-Headers', b'Content-Length,Content-Type,Date,Server,Connection')])]
[2025-09-06 11:39:08,120]: [_client.py]: _send_single_request: 1740:       INFO:    [HTTP Request: POST https://api.telegram.org/bot6030805959:AAGUHAMxLYc-PrevgKouJ3ZyM7ktu56ftjo/sendDocument "HTTP/1.1 200 OK"]
[2025-09-06 11:39:08,120]: [_trace.py]: atrace: 87:       DEBUG:    [receive_response_body.started request=<Request [b'POST']>]
[2025-09-06 11:39:08,120]: [_trace.py]: atrace: 87:       DEBUG:    [receive_response_body.complete]
[2025-09-06 11:39:08,120]: [_trace.py]: atrace: 87:       DEBUG:    [response_closed.started]
[2025-09-06 11:39:08,120]: [_trace.py]: atrace: 87:       DEBUG:    [response_closed.complete]
[2025-09-06 11:39:08,120]: [_bot.py]: _do_post: 652:       DEBUG:    [Call to Bot API endpoint `sendDocument` finished with return value `{'message_id': 2588, 'from': {'id': 6030805959, 'is_bot': True, 'first_name': 'TyPHoone', 'username': 'TyPHoone_Project_bot'}, 'chat': {'id': -4119703192, 'title': 'Robocop', 'type': 'group', 'all_members_are_administrators': True, 'accepted_gift_types': {'unlimited_gifts': False, 'limited_gifts': False, 'unique_gifts': False, 'premium_subscription': False}}, 'date': 1757158748, 'document': {'file_name': '(2025_09_06--11_38)output.zip', 'mime_type': 'application/zip', 'file_id': 'BQACAgQAAxkDAAIKHGi8HVuDlq0g9pxLFuU1-CwTnprSAAJpGgAC5MLgUf_Bl7IXKkDsNgQ', 'file_unique_id': 'AgADaRoAAuTC4FE', 'file_size': 9585011}}`]
[2025-09-06 11:39:08,121]: [_trace.py]: atrace: 87:       DEBUG:    [close.started]
[2025-09-06 11:39:08,121]: [_trace.py]: atrace: 87:       DEBUG:    [close.complete]
[2025-09-06 11:39:08,121]: [Telegram_Sender.py]: runner: 61:       INFO:    [sent successfully]
[2025-09-06 11:39:08,122]: [Main.py]: <module>: 48:       INFO:    [Finished]
