[2024-06-14 11:37:27,882]: [Main.py]: <module>: 21:       INFO:    [Started]
[2024-06-14 11:37:29,535]: [Iron_Scraper.py]: Scrap: 32:       INFO:    [Data Scaraped Successfully]
[2024-06-14 11:37:29,724]: [Iron_Scraper.py]: Scrap: 70:       INFO:    [Scrapped Data Has No Problem]
[2024-06-14 11:37:29,724]: [Iron_Scraper.py]: Scrap: 83:       INFO:    [Data Saved Successfully]
[2024-06-14 11:37:29,724]: [Iron.py]: Run: 26:       INFO:    [Scraping Phase Completed]
[2024-06-14 11:37:29,724]: [Iron_Data_Processor.py]: Data_Reader: 61:       INFO:    [Data File Has Been Red Successfully]
[2024-06-14 11:37:29,724]: [Iron_Data_Processor.py]: Shaper: 78:       INFO:    [Data Shaped]
[2024-06-14 11:37:29,725]: [Iron_Data_Processor.py]: Process: 228:       INFO:    [Data Cleaned]
[2024-06-14 11:37:29,725]: [Iron_Data_Processor.py]: Make_Pages_Objects: 101:       INFO:    [Page Objects Has Been Made]
[2024-06-14 11:37:29,725]: [Iron_Data_Processor.py]: Make_Pages_Objects: 101:       INFO:    [Page Objects Has Been Made]
[2024-06-14 11:37:29,725]: [Iron_Data_Processor.py]: Load_Data: 118:       INFO:    [Data Has Been Load]
[2024-06-14 11:37:29,725]: [Iron_Data_Processor.py]: Load_Data: 118:       INFO:    [Data Has Been Load]
[2024-06-14 11:37:29,725]: [Iron_Data_Processor.py]: Load_positions: 140:       INFO:    [Positions Are Ready]
[2024-06-14 11:37:29,725]: [Iron_Data_Processor.py]: Load_positions: 140:       INFO:    [Positions Are Ready]
[2024-06-14 11:37:30,847]: [Iron_Data_Processor.py]: Make_Tagged_Images: 193:       INFO:    [Images Has Been Made]
[2024-06-14 11:37:31,803]: [Iron_Data_Processor.py]: Make_Tagged_Images: 193:       INFO:    [Images Has Been Made]
[2024-06-14 11:37:32,057]: [Iron_Data_Processor.py]: Make_Cover_Page: 215:       INFO:    [Made Cover Pages]
[2024-06-14 11:37:32,058]: [Iron.py]: Run: 29:       INFO:    [Imagination Phase Completed]
[2024-06-14 11:37:36,169]: [Phone_Scraper.py]: Scrap: 58:       INFO:    [Data Scraped]
[2024-06-14 11:37:36,169]: [Phone_Scraper.py]: Scrap: 71:       INFO:    [Scraped Data Successfully]
[2024-06-14 11:37:36,169]: [Phone.py]: Run: 26:       INFO:    [Scraping Phase Complete]
[2024-06-14 11:37:36,170]: [Phone_Data_Processor.py]: data_reader: 38:       INFO:    [Scraped Data Loaded]
[2024-06-14 11:37:36,171]: [Phone_Data_Processor.py]: filter_list: 65:       INFO:    [Persian Phrases Are deleted]
[2024-06-14 11:37:36,172]: [Phone_Data_Processor.py]: reshape_list: 87:       INFO:    [Date Reshaped]
[2024-06-14 11:37:36,172]: [Phone_Data_Processor.py]: separate_brands: 124:       INFO:    [Brands Are Separated]
[2024-06-14 11:37:36,172]: [Phone_Data_Processor.py]: delete_extra_spaces: 141:       INFO:    [Extra Spaces Are Deleted]
[2024-06-14 11:37:36,927]: [Phone.py]: Run: 29:       INFO:    [Imagination Phase Complete]
[2024-06-14 11:37:36,927]: [selector_events.py]: __init__: 64:       DEBUG:    [Using selector: EpollSelector]
[2024-06-14 11:37:37,265]: [_bot.py]: _do_post: 643:       DEBUG:    [Calling Bot API endpoint `getMe` with parameters `{}`]
[2024-06-14 11:37:37,269]: [_trace.py]: atrace: 85:       DEBUG:    [connect_tcp.started host='api.telegram.org' port=443 local_address=None timeout=5.0 socket_options=None]
[2024-06-14 11:37:37,408]: [_trace.py]: atrace: 85:       DEBUG:    [connect_tcp.complete return_value=<httpcore._backends.anyio.AnyIOStream object at 0x7fc5c9246870>]
[2024-06-14 11:37:37,408]: [_trace.py]: atrace: 85:       DEBUG:    [start_tls.started ssl_context=<ssl.SSLContext object at 0x7fc5c9c3e450> server_hostname='api.telegram.org' timeout=5.0]
[2024-06-14 11:37:37,517]: [_trace.py]: atrace: 85:       DEBUG:    [start_tls.complete return_value=<httpcore._backends.anyio.AnyIOStream object at 0x7fc5ca1a3e60>]
[2024-06-14 11:37:37,517]: [_trace.py]: atrace: 85:       DEBUG:    [send_request_headers.started request=<Request [b'POST']>]
[2024-06-14 11:37:37,517]: [_trace.py]: atrace: 85:       DEBUG:    [send_request_headers.complete]
[2024-06-14 11:37:37,518]: [_trace.py]: atrace: 85:       DEBUG:    [send_request_body.started request=<Request [b'POST']>]
[2024-06-14 11:37:37,518]: [_trace.py]: atrace: 85:       DEBUG:    [send_request_body.complete]
[2024-06-14 11:37:37,518]: [_trace.py]: atrace: 85:       DEBUG:    [receive_response_headers.started request=<Request [b'POST']>]
[2024-06-14 11:37:37,625]: [_trace.py]: atrace: 85:       DEBUG:    [receive_response_headers.complete return_value=(b'HTTP/1.1', 200, b'OK', [(b'Server', b'nginx/1.18.0'), (b'Date', b'Fri, 14 Jun 2024 11:37:37 GMT'), (b'Content-Type', b'application/json'), (b'Content-Length', b'233'), (b'Connection', b'keep-alive'), (b'Strict-Transport-Security', b'max-age=31536000; includeSubDomains; preload'), (b'Access-Control-Allow-Origin', b'*'), (b'Access-Control-Allow-Methods', b'GET, POST, OPTIONS'), (b'Access-Control-Expose-Headers', b'Content-Length,Content-Type,Date,Server,Connection')])]
[2024-06-14 11:37:37,625]: [_client.py]: _send_single_request: 1773:       INFO:    [HTTP Request: POST https://api.telegram.org/bot6030805959:AAGUHAMxLYc-PrevgKouJ3ZyM7ktu56ftjo/getMe "HTTP/1.1 200 OK"]
[2024-06-14 11:37:37,626]: [_trace.py]: atrace: 85:       DEBUG:    [receive_response_body.started request=<Request [b'POST']>]
[2024-06-14 11:37:37,626]: [_trace.py]: atrace: 85:       DEBUG:    [receive_response_body.complete]
[2024-06-14 11:37:37,626]: [_trace.py]: atrace: 85:       DEBUG:    [response_closed.started]
[2024-06-14 11:37:37,626]: [_trace.py]: atrace: 85:       DEBUG:    [response_closed.complete]
[2024-06-14 11:37:37,626]: [_bot.py]: _do_post: 652:       DEBUG:    [Call to Bot API endpoint `getMe` finished with return value `{'id': 6030805959, 'is_bot': True, 'first_name': 'TyPHoone', 'username': 'TyPHoone_Project_bot', 'can_join_groups': True, 'can_read_all_group_messages': False, 'supports_inline_queries': False, 'can_connect_to_business': False}`]
[2024-06-14 11:37:37,629]: [_bot.py]: _do_post: 643:       DEBUG:    [Calling Bot API endpoint `sendDocument` with parameters `{'chat_id': '-4119703192', 'document': <telegram._files.inputfile.InputFile object at 0x7fc5c9403bc0>}`]
[2024-06-14 11:37:37,630]: [_trace.py]: atrace: 85:       DEBUG:    [send_request_headers.started request=<Request [b'POST']>]
[2024-06-14 11:37:37,630]: [_trace.py]: atrace: 85:       DEBUG:    [send_request_headers.complete]
[2024-06-14 11:37:37,630]: [_trace.py]: atrace: 85:       DEBUG:    [send_request_body.started request=<Request [b'POST']>]
[2024-06-14 11:37:37,630]: [_trace.py]: atrace: 85:       DEBUG:    [send_request_body.complete]
[2024-06-14 11:37:37,630]: [_trace.py]: atrace: 85:       DEBUG:    [receive_response_headers.started request=<Request [b'POST']>]
[2024-06-14 11:37:37,786]: [_trace.py]: atrace: 85:       DEBUG:    [receive_response_headers.complete return_value=(b'HTTP/1.1', 200, b'OK', [(b'Server', b'nginx/1.18.0'), (b'Date', b'Fri, 14 Jun 2024 11:37:37 GMT'), (b'Content-Type', b'application/json'), (b'Content-Length', b'463'), (b'Connection', b'keep-alive'), (b'Strict-Transport-Security', b'max-age=31536000; includeSubDomains; preload'), (b'Access-Control-Allow-Origin', b'*'), (b'Access-Control-Allow-Methods', b'GET, POST, OPTIONS'), (b'Access-Control-Expose-Headers', b'Content-Length,Content-Type,Date,Server,Connection')])]
[2024-06-14 11:37:37,786]: [_client.py]: _send_single_request: 1773:       INFO:    [HTTP Request: POST https://api.telegram.org/bot6030805959:AAGUHAMxLYc-PrevgKouJ3ZyM7ktu56ftjo/sendDocument "HTTP/1.1 200 OK"]
[2024-06-14 11:37:37,786]: [_trace.py]: atrace: 85:       DEBUG:    [receive_response_body.started request=<Request [b'POST']>]
[2024-06-14 11:37:37,786]: [_trace.py]: atrace: 85:       DEBUG:    [receive_response_body.complete]
[2024-06-14 11:37:37,786]: [_trace.py]: atrace: 85:       DEBUG:    [response_closed.started]
[2024-06-14 11:37:37,786]: [_trace.py]: atrace: 85:       DEBUG:    [response_closed.complete]
[2024-06-14 11:37:37,786]: [_bot.py]: _do_post: 652:       DEBUG:    [Call to Bot API endpoint `sendDocument` finished with return value `{'message_id': 851, 'from': {'id': 6030805959, 'is_bot': True, 'first_name': 'TyPHoone', 'username': 'TyPHoone_Project_bot'}, 'chat': {'id': -4119703192, 'title': 'Robocop', 'type': 'group', 'all_members_are_administrators': True}, 'date': 1718365057, 'document': {'file_name': '(2024_06_14--11_37).log', 'mime_type': 'text/plain', 'file_id': 'BQACAgQAAxkDAAIDU2ZsK4GmBgsppMkCBaiJ_l2PvK-nAAKkFgACBVlhU78UWi60i42UNQQ', 'file_unique_id': 'AgADpBYAAgVZYVM', 'file_size': 5910}}`]
[2024-06-14 11:37:37,787]: [_trace.py]: atrace: 85:       DEBUG:    [close.started]
[2024-06-14 11:37:37,787]: [_trace.py]: atrace: 85:       DEBUG:    [close.complete]
[2024-06-14 11:37:37,787]: [_config.py]: load_ssl_context: 80:       DEBUG:    [load_ssl_context verify=True cert=None trust_env=True http2=False]
[2024-06-14 11:37:37,788]: [_config.py]: load_ssl_context_verify: 146:       DEBUG:    [load_verify_locations cafile='/opt/hostedtoolcache/Python/3.12.3/x64/lib/python3.12/site-packages/certifi/cacert.pem']
[2024-06-14 11:37:37,815]: [_config.py]: load_ssl_context: 80:       DEBUG:    [load_ssl_context verify=True cert=None trust_env=True http2=False]
[2024-06-14 11:37:37,816]: [_config.py]: load_ssl_context_verify: 146:       DEBUG:    [load_verify_locations cafile='/opt/hostedtoolcache/Python/3.12.3/x64/lib/python3.12/site-packages/certifi/cacert.pem']
[2024-06-14 11:37:37,841]: [_bot.py]: _do_post: 643:       DEBUG:    [Calling Bot API endpoint `getMe` with parameters `{}`]
[2024-06-14 11:37:37,841]: [_trace.py]: atrace: 85:       DEBUG:    [connect_tcp.started host='api.telegram.org' port=443 local_address=None timeout=5.0 socket_options=None]
[2024-06-14 11:37:37,949]: [_trace.py]: atrace: 85:       DEBUG:    [connect_tcp.complete return_value=<httpcore._backends.anyio.AnyIOStream object at 0x7fc5c9f22b10>]
[2024-06-14 11:37:37,949]: [_trace.py]: atrace: 85:       DEBUG:    [start_tls.started ssl_context=<ssl.SSLContext object at 0x7fc5c9c3e250> server_hostname='api.telegram.org' timeout=5.0]
[2024-06-14 11:37:38,058]: [_trace.py]: atrace: 85:       DEBUG:    [start_tls.complete return_value=<httpcore._backends.anyio.AnyIOStream object at 0x7fc5c9d5c6e0>]
[2024-06-14 11:37:38,058]: [_trace.py]: atrace: 85:       DEBUG:    [send_request_headers.started request=<Request [b'POST']>]
[2024-06-14 11:37:38,059]: [_trace.py]: atrace: 85:       DEBUG:    [send_request_headers.complete]
[2024-06-14 11:37:38,059]: [_trace.py]: atrace: 85:       DEBUG:    [send_request_body.started request=<Request [b'POST']>]
[2024-06-14 11:37:38,059]: [_trace.py]: atrace: 85:       DEBUG:    [send_request_body.complete]
[2024-06-14 11:37:38,059]: [_trace.py]: atrace: 85:       DEBUG:    [receive_response_headers.started request=<Request [b'POST']>]
[2024-06-14 11:37:38,169]: [_trace.py]: atrace: 85:       DEBUG:    [receive_response_headers.complete return_value=(b'HTTP/1.1', 200, b'OK', [(b'Server', b'nginx/1.18.0'), (b'Date', b'Fri, 14 Jun 2024 11:37:38 GMT'), (b'Content-Type', b'application/json'), (b'Content-Length', b'233'), (b'Connection', b'keep-alive'), (b'Strict-Transport-Security', b'max-age=31536000; includeSubDomains; preload'), (b'Access-Control-Allow-Origin', b'*'), (b'Access-Control-Allow-Methods', b'GET, POST, OPTIONS'), (b'Access-Control-Expose-Headers', b'Content-Length,Content-Type,Date,Server,Connection')])]
[2024-06-14 11:37:38,169]: [_client.py]: _send_single_request: 1773:       INFO:    [HTTP Request: POST https://api.telegram.org/bot6030805959:AAGUHAMxLYc-PrevgKouJ3ZyM7ktu56ftjo/getMe "HTTP/1.1 200 OK"]
[2024-06-14 11:37:38,169]: [_trace.py]: atrace: 85:       DEBUG:    [receive_response_body.started request=<Request [b'POST']>]
[2024-06-14 11:37:38,169]: [_trace.py]: atrace: 85:       DEBUG:    [receive_response_body.complete]
[2024-06-14 11:37:38,169]: [_trace.py]: atrace: 85:       DEBUG:    [response_closed.started]
[2024-06-14 11:37:38,169]: [_trace.py]: atrace: 85:       DEBUG:    [response_closed.complete]
[2024-06-14 11:37:38,169]: [_bot.py]: _do_post: 652:       DEBUG:    [Call to Bot API endpoint `getMe` finished with return value `{'id': 6030805959, 'is_bot': True, 'first_name': 'TyPHoone', 'username': 'TyPHoone_Project_bot', 'can_join_groups': True, 'can_read_all_group_messages': False, 'supports_inline_queries': False, 'can_connect_to_business': False}`]
[2024-06-14 11:37:38,171]: [_bot.py]: _do_post: 643:       DEBUG:    [Calling Bot API endpoint `sendDocument` with parameters `{'chat_id': '-4119703192', 'document': <telegram._files.inputfile.InputFile object at 0x7fc5c9401480>}`]
[2024-06-14 11:37:38,172]: [_trace.py]: atrace: 85:       DEBUG:    [send_request_headers.started request=<Request [b'POST']>]
[2024-06-14 11:37:38,172]: [_trace.py]: atrace: 85:       DEBUG:    [send_request_headers.complete]
[2024-06-14 11:37:38,172]: [_trace.py]: atrace: 85:       DEBUG:    [send_request_body.started request=<Request [b'POST']>]
[2024-06-14 11:37:39,197]: [_trace.py]: atrace: 85:       DEBUG:    [send_request_body.complete]
[2024-06-14 11:37:39,197]: [_trace.py]: atrace: 85:       DEBUG:    [receive_response_headers.started request=<Request [b'POST']>]
[2024-06-14 11:37:40,207]: [_trace.py]: atrace: 85:       DEBUG:    [receive_response_headers.complete return_value=(b'HTTP/1.1', 200, b'OK', [(b'Server', b'nginx/1.18.0'), (b'Date', b'Fri, 14 Jun 2024 11:37:40 GMT'), (b'Content-Type', b'application/json'), (b'Content-Length', b'478'), (b'Connection', b'keep-alive'), (b'Strict-Transport-Security', b'max-age=31536000; includeSubDomains; preload'), (b'Access-Control-Allow-Origin', b'*'), (b'Access-Control-Allow-Methods', b'GET, POST, OPTIONS'), (b'Access-Control-Expose-Headers', b'Content-Length,Content-Type,Date,Server,Connection')])]
[2024-06-14 11:37:40,207]: [_client.py]: _send_single_request: 1773:       INFO:    [HTTP Request: POST https://api.telegram.org/bot6030805959:AAGUHAMxLYc-PrevgKouJ3ZyM7ktu56ftjo/sendDocument "HTTP/1.1 200 OK"]
[2024-06-14 11:37:40,207]: [_trace.py]: atrace: 85:       DEBUG:    [receive_response_body.started request=<Request [b'POST']>]
[2024-06-14 11:37:40,207]: [_trace.py]: atrace: 85:       DEBUG:    [receive_response_body.complete]
[2024-06-14 11:37:40,207]: [_trace.py]: atrace: 85:       DEBUG:    [response_closed.started]
[2024-06-14 11:37:40,208]: [_trace.py]: atrace: 85:       DEBUG:    [response_closed.complete]
[2024-06-14 11:37:40,208]: [_bot.py]: _do_post: 652:       DEBUG:    [Call to Bot API endpoint `sendDocument` finished with return value `{'message_id': 852, 'from': {'id': 6030805959, 'is_bot': True, 'first_name': 'TyPHoone', 'username': 'TyPHoone_Project_bot'}, 'chat': {'id': -4119703192, 'title': 'Robocop', 'type': 'group', 'all_members_are_administrators': True}, 'date': 1718365060, 'document': {'file_name': '(2024_06_14--11_37)output.zip', 'mime_type': 'application/zip', 'file_id': 'BQACAgQAAxkDAAIDVGZsK4N9VR51wfXZVozFQOYKxQL8AAKlFgACBVlhU5b6AphSrFCbNQQ', 'file_unique_id': 'AgADpRYAAgVZYVM', 'file_size': 10146337}}`]
[2024-06-14 11:37:40,208]: [_trace.py]: atrace: 85:       DEBUG:    [close.started]
[2024-06-14 11:37:40,208]: [_trace.py]: atrace: 85:       DEBUG:    [close.complete]
[2024-06-14 11:37:40,208]: [Telegram_Sender.py]: runner: 61:       INFO:    [sent successfully]
[2024-06-14 11:37:40,209]: [Main.py]: <module>: 48:       INFO:    [Finished]
