[2024-09-02 11:40:21,975]: [Main.py]: <module>: 21:       INFO:    [Started]
[2024-09-02 11:40:24,069]: [Iron_Scraper.py]: Scrap: 32:       INFO:    [Data Scaraped Successfully]
[2024-09-02 11:40:24,257]: [Iron_Scraper.py]: Scrap: 70:       INFO:    [Scrapped Data Has No Problem]
[2024-09-02 11:40:24,257]: [Iron_Scraper.py]: Scrap: 83:       INFO:    [Data Saved Successfully]
[2024-09-02 11:40:24,257]: [Iron.py]: Run: 26:       INFO:    [Scraping Phase Completed]
[2024-09-02 11:40:24,257]: [Iron_Data_Processor.py]: Data_Reader: 61:       INFO:    [Data File Has Been Red Successfully]
[2024-09-02 11:40:24,258]: [Iron_Data_Processor.py]: Shaper: 78:       INFO:    [Data Shaped]
[2024-09-02 11:40:24,258]: [Iron_Data_Processor.py]: Process: 228:       INFO:    [Data Cleaned]
[2024-09-02 11:40:24,258]: [Iron_Data_Processor.py]: Make_Pages_Objects: 101:       INFO:    [Page Objects Has Been Made]
[2024-09-02 11:40:24,258]: [Iron_Data_Processor.py]: Make_Pages_Objects: 101:       INFO:    [Page Objects Has Been Made]
[2024-09-02 11:40:24,258]: [Iron_Data_Processor.py]: Load_Data: 118:       INFO:    [Data Has Been Load]
[2024-09-02 11:40:24,258]: [Iron_Data_Processor.py]: Load_Data: 118:       INFO:    [Data Has Been Load]
[2024-09-02 11:40:24,258]: [Iron_Data_Processor.py]: Load_positions: 140:       INFO:    [Positions Are Ready]
[2024-09-02 11:40:24,258]: [Iron_Data_Processor.py]: Load_positions: 140:       INFO:    [Positions Are Ready]
[2024-09-02 11:40:25,395]: [Iron_Data_Processor.py]: Make_Tagged_Images: 193:       INFO:    [Images Has Been Made]
[2024-09-02 11:40:26,349]: [Iron_Data_Processor.py]: Make_Tagged_Images: 193:       INFO:    [Images Has Been Made]
[2024-09-02 11:40:26,605]: [Iron_Data_Processor.py]: Make_Cover_Page: 215:       INFO:    [Made Cover Pages]
[2024-09-02 11:40:26,605]: [Iron.py]: Run: 29:       INFO:    [Imagination Phase Completed]
[2024-09-02 11:40:31,331]: [Phone_Scraper.py]: Scrap: 58:       INFO:    [Data Scraped]
[2024-09-02 11:40:31,331]: [Phone_Scraper.py]: Scrap: 71:       INFO:    [Scraped Data Successfully]
[2024-09-02 11:40:31,331]: [Phone.py]: Run: 26:       INFO:    [Scraping Phase Complete]
[2024-09-02 11:40:31,332]: [Phone_Data_Processor.py]: data_reader: 38:       INFO:    [Scraped Data Loaded]
[2024-09-02 11:40:31,333]: [Phone_Data_Processor.py]: filter_list: 65:       INFO:    [Persian Phrases Are deleted]
[2024-09-02 11:40:31,334]: [Phone_Data_Processor.py]: reshape_list: 87:       INFO:    [Date Reshaped]
[2024-09-02 11:40:31,334]: [Phone_Data_Processor.py]: separate_brands: 124:       INFO:    [Brands Are Separated]
[2024-09-02 11:40:31,334]: [Phone_Data_Processor.py]: delete_extra_spaces: 141:       INFO:    [Extra Spaces Are Deleted]
[2024-09-02 11:40:32,111]: [Phone.py]: Run: 29:       INFO:    [Imagination Phase Complete]
[2024-09-02 11:40:32,111]: [selector_events.py]: __init__: 64:       DEBUG:    [Using selector: EpollSelector]
[2024-09-02 11:40:32,453]: [_bot.py]: _do_post: 643:       DEBUG:    [Calling Bot API endpoint `getMe` with parameters `{}`]
[2024-09-02 11:40:32,457]: [_trace.py]: atrace: 85:       DEBUG:    [connect_tcp.started host='api.telegram.org' port=443 local_address=None timeout=5.0 socket_options=None]
[2024-09-02 11:40:32,675]: [_trace.py]: atrace: 85:       DEBUG:    [connect_tcp.complete return_value=<httpcore._backends.anyio.AnyIOStream object at 0x7f904f3906b0>]
[2024-09-02 11:40:32,675]: [_trace.py]: atrace: 85:       DEBUG:    [start_tls.started ssl_context=<ssl.SSLContext object at 0x7f904fd4bc50> server_hostname='api.telegram.org' timeout=5.0]
[2024-09-02 11:40:32,826]: [_trace.py]: atrace: 85:       DEBUG:    [start_tls.complete return_value=<httpcore._backends.anyio.AnyIOStream object at 0x7f904f849160>]
[2024-09-02 11:40:32,827]: [_trace.py]: atrace: 85:       DEBUG:    [send_request_headers.started request=<Request [b'POST']>]
[2024-09-02 11:40:32,827]: [_trace.py]: atrace: 85:       DEBUG:    [send_request_headers.complete]
[2024-09-02 11:40:32,827]: [_trace.py]: atrace: 85:       DEBUG:    [send_request_body.started request=<Request [b'POST']>]
[2024-09-02 11:40:32,827]: [_trace.py]: atrace: 85:       DEBUG:    [send_request_body.complete]
[2024-09-02 11:40:32,827]: [_trace.py]: atrace: 85:       DEBUG:    [receive_response_headers.started request=<Request [b'POST']>]
[2024-09-02 11:40:32,977]: [_trace.py]: atrace: 85:       DEBUG:    [receive_response_headers.complete return_value=(b'HTTP/1.1', 200, b'OK', [(b'Server', b'nginx/1.18.0'), (b'Date', b'Mon, 02 Sep 2024 11:40:32 GMT'), (b'Content-Type', b'application/json'), (b'Content-Length', b'258'), (b'Connection', b'keep-alive'), (b'Strict-Transport-Security', b'max-age=31536000; includeSubDomains; preload'), (b'Access-Control-Allow-Origin', b'*'), (b'Access-Control-Allow-Methods', b'GET, POST, OPTIONS'), (b'Access-Control-Expose-Headers', b'Content-Length,Content-Type,Date,Server,Connection')])]
[2024-09-02 11:40:32,977]: [_client.py]: _send_single_request: 1786:       INFO:    [HTTP Request: POST https://api.telegram.org/bot6030805959:AAGUHAMxLYc-PrevgKouJ3ZyM7ktu56ftjo/getMe "HTTP/1.1 200 OK"]
[2024-09-02 11:40:32,977]: [_trace.py]: atrace: 85:       DEBUG:    [receive_response_body.started request=<Request [b'POST']>]
[2024-09-02 11:40:32,977]: [_trace.py]: atrace: 85:       DEBUG:    [receive_response_body.complete]
[2024-09-02 11:40:32,978]: [_trace.py]: atrace: 85:       DEBUG:    [response_closed.started]
[2024-09-02 11:40:32,978]: [_trace.py]: atrace: 85:       DEBUG:    [response_closed.complete]
[2024-09-02 11:40:32,978]: [_bot.py]: _do_post: 652:       DEBUG:    [Call to Bot API endpoint `getMe` finished with return value `{'id': 6030805959, 'is_bot': True, 'first_name': 'TyPHoone', 'username': 'TyPHoone_Project_bot', 'can_join_groups': True, 'can_read_all_group_messages': False, 'supports_inline_queries': False, 'can_connect_to_business': False, 'has_main_web_app': False}`]
[2024-09-02 11:40:32,981]: [_bot.py]: _do_post: 643:       DEBUG:    [Calling Bot API endpoint `sendDocument` with parameters `{'chat_id': '-4119703192', 'document': <telegram._files.inputfile.InputFile object at 0x7f904f358cc0>}`]
[2024-09-02 11:40:32,982]: [_trace.py]: atrace: 85:       DEBUG:    [send_request_headers.started request=<Request [b'POST']>]
[2024-09-02 11:40:32,982]: [_trace.py]: atrace: 85:       DEBUG:    [send_request_headers.complete]
[2024-09-02 11:40:32,982]: [_trace.py]: atrace: 85:       DEBUG:    [send_request_body.started request=<Request [b'POST']>]
[2024-09-02 11:40:32,983]: [_trace.py]: atrace: 85:       DEBUG:    [send_request_body.complete]
[2024-09-02 11:40:32,983]: [_trace.py]: atrace: 85:       DEBUG:    [receive_response_headers.started request=<Request [b'POST']>]
[2024-09-02 11:40:33,370]: [_trace.py]: atrace: 85:       DEBUG:    [receive_response_headers.complete return_value=(b'HTTP/1.1', 200, b'OK', [(b'Server', b'nginx/1.18.0'), (b'Date', b'Mon, 02 Sep 2024 11:40:33 GMT'), (b'Content-Type', b'application/json'), (b'Content-Length', b'464'), (b'Connection', b'keep-alive'), (b'Strict-Transport-Security', b'max-age=31536000; includeSubDomains; preload'), (b'Access-Control-Allow-Origin', b'*'), (b'Access-Control-Allow-Methods', b'GET, POST, OPTIONS'), (b'Access-Control-Expose-Headers', b'Content-Length,Content-Type,Date,Server,Connection')])]
[2024-09-02 11:40:33,370]: [_client.py]: _send_single_request: 1786:       INFO:    [HTTP Request: POST https://api.telegram.org/bot6030805959:AAGUHAMxLYc-PrevgKouJ3ZyM7ktu56ftjo/sendDocument "HTTP/1.1 200 OK"]
[2024-09-02 11:40:33,370]: [_trace.py]: atrace: 85:       DEBUG:    [receive_response_body.started request=<Request [b'POST']>]
[2024-09-02 11:40:33,370]: [_trace.py]: atrace: 85:       DEBUG:    [receive_response_body.complete]
[2024-09-02 11:40:33,370]: [_trace.py]: atrace: 85:       DEBUG:    [response_closed.started]
[2024-09-02 11:40:33,371]: [_trace.py]: atrace: 85:       DEBUG:    [response_closed.complete]
[2024-09-02 11:40:33,371]: [_bot.py]: _do_post: 652:       DEBUG:    [Call to Bot API endpoint `sendDocument` finished with return value `{'message_id': 1841, 'from': {'id': 6030805959, 'is_bot': True, 'first_name': 'TyPHoone', 'username': 'TyPHoone_Project_bot'}, 'chat': {'id': -4119703192, 'title': 'Robocop', 'type': 'group', 'all_members_are_administrators': True}, 'date': 1725277233, 'document': {'file_name': '(2024_09_02--11_40).log', 'mime_type': 'text/plain', 'file_id': 'BQACAgQAAxkDAAIHMWbVpDHfceqsr--yWHurD-Bv3NOTAALvFAACXj-wUov5GN0pWoURNQQ', 'file_unique_id': 'AgAD7xQAAl4_sFI', 'file_size': 5937}}`]
[2024-09-02 11:40:33,371]: [_trace.py]: atrace: 85:       DEBUG:    [close.started]
[2024-09-02 11:40:33,371]: [_trace.py]: atrace: 85:       DEBUG:    [close.complete]
[2024-09-02 11:40:33,372]: [_config.py]: load_ssl_context: 82:       DEBUG:    [load_ssl_context verify=True cert=None trust_env=True http2=False]
[2024-09-02 11:40:33,372]: [_config.py]: load_ssl_context_verify: 148:       DEBUG:    [load_verify_locations cafile='/opt/hostedtoolcache/Python/3.12.5/x64/lib/python3.12/site-packages/certifi/cacert.pem']
[2024-09-02 11:40:33,399]: [_config.py]: load_ssl_context: 82:       DEBUG:    [load_ssl_context verify=True cert=None trust_env=True http2=False]
[2024-09-02 11:40:33,400]: [_config.py]: load_ssl_context_verify: 148:       DEBUG:    [load_verify_locations cafile='/opt/hostedtoolcache/Python/3.12.5/x64/lib/python3.12/site-packages/certifi/cacert.pem']
[2024-09-02 11:40:33,428]: [_bot.py]: _do_post: 643:       DEBUG:    [Calling Bot API endpoint `getMe` with parameters `{}`]
[2024-09-02 11:40:33,428]: [_trace.py]: atrace: 85:       DEBUG:    [connect_tcp.started host='api.telegram.org' port=443 local_address=None timeout=5.0 socket_options=None]
[2024-09-02 11:40:33,577]: [_trace.py]: atrace: 85:       DEBUG:    [connect_tcp.complete return_value=<httpcore._backends.anyio.AnyIOStream object at 0x7f904f406480>]
[2024-09-02 11:40:33,577]: [_trace.py]: atrace: 85:       DEBUG:    [start_tls.started ssl_context=<ssl.SSLContext object at 0x7f904fd4ba50> server_hostname='api.telegram.org' timeout=5.0]
[2024-09-02 11:40:33,727]: [_trace.py]: atrace: 85:       DEBUG:    [start_tls.complete return_value=<httpcore._backends.anyio.AnyIOStream object at 0x7f904f3cb4a0>]
[2024-09-02 11:40:33,728]: [_trace.py]: atrace: 85:       DEBUG:    [send_request_headers.started request=<Request [b'POST']>]
[2024-09-02 11:40:33,728]: [_trace.py]: atrace: 85:       DEBUG:    [send_request_headers.complete]
[2024-09-02 11:40:33,728]: [_trace.py]: atrace: 85:       DEBUG:    [send_request_body.started request=<Request [b'POST']>]
[2024-09-02 11:40:33,728]: [_trace.py]: atrace: 85:       DEBUG:    [send_request_body.complete]
[2024-09-02 11:40:33,728]: [_trace.py]: atrace: 85:       DEBUG:    [receive_response_headers.started request=<Request [b'POST']>]
[2024-09-02 11:40:33,876]: [_trace.py]: atrace: 85:       DEBUG:    [receive_response_headers.complete return_value=(b'HTTP/1.1', 200, b'OK', [(b'Server', b'nginx/1.18.0'), (b'Date', b'Mon, 02 Sep 2024 11:40:33 GMT'), (b'Content-Type', b'application/json'), (b'Content-Length', b'258'), (b'Connection', b'keep-alive'), (b'Strict-Transport-Security', b'max-age=31536000; includeSubDomains; preload'), (b'Access-Control-Allow-Origin', b'*'), (b'Access-Control-Allow-Methods', b'GET, POST, OPTIONS'), (b'Access-Control-Expose-Headers', b'Content-Length,Content-Type,Date,Server,Connection')])]
[2024-09-02 11:40:33,876]: [_client.py]: _send_single_request: 1786:       INFO:    [HTTP Request: POST https://api.telegram.org/bot6030805959:AAGUHAMxLYc-PrevgKouJ3ZyM7ktu56ftjo/getMe "HTTP/1.1 200 OK"]
[2024-09-02 11:40:33,876]: [_trace.py]: atrace: 85:       DEBUG:    [receive_response_body.started request=<Request [b'POST']>]
[2024-09-02 11:40:33,876]: [_trace.py]: atrace: 85:       DEBUG:    [receive_response_body.complete]
[2024-09-02 11:40:33,876]: [_trace.py]: atrace: 85:       DEBUG:    [response_closed.started]
[2024-09-02 11:40:33,876]: [_trace.py]: atrace: 85:       DEBUG:    [response_closed.complete]
[2024-09-02 11:40:33,877]: [_bot.py]: _do_post: 652:       DEBUG:    [Call to Bot API endpoint `getMe` finished with return value `{'id': 6030805959, 'is_bot': True, 'first_name': 'TyPHoone', 'username': 'TyPHoone_Project_bot', 'can_join_groups': True, 'can_read_all_group_messages': False, 'supports_inline_queries': False, 'can_connect_to_business': False, 'has_main_web_app': False}`]
[2024-09-02 11:40:33,879]: [_bot.py]: _do_post: 643:       DEBUG:    [Calling Bot API endpoint `sendDocument` with parameters `{'chat_id': '-4119703192', 'document': <telegram._files.inputfile.InputFile object at 0x7f904f358380>}`]
[2024-09-02 11:40:33,880]: [_trace.py]: atrace: 85:       DEBUG:    [send_request_headers.started request=<Request [b'POST']>]
[2024-09-02 11:40:33,880]: [_trace.py]: atrace: 85:       DEBUG:    [send_request_headers.complete]
[2024-09-02 11:40:33,880]: [_trace.py]: atrace: 85:       DEBUG:    [send_request_body.started request=<Request [b'POST']>]
[2024-09-02 11:40:35,219]: [_trace.py]: atrace: 85:       DEBUG:    [send_request_body.complete]
[2024-09-02 11:40:35,219]: [_trace.py]: atrace: 85:       DEBUG:    [receive_response_headers.started request=<Request [b'POST']>]
[2024-09-02 11:40:36,026]: [_trace.py]: atrace: 85:       DEBUG:    [receive_response_headers.complete return_value=(b'HTTP/1.1', 200, b'OK', [(b'Server', b'nginx/1.18.0'), (b'Date', b'Mon, 02 Sep 2024 11:40:35 GMT'), (b'Content-Type', b'application/json'), (b'Content-Length', b'479'), (b'Connection', b'keep-alive'), (b'Strict-Transport-Security', b'max-age=31536000; includeSubDomains; preload'), (b'Access-Control-Allow-Origin', b'*'), (b'Access-Control-Allow-Methods', b'GET, POST, OPTIONS'), (b'Access-Control-Expose-Headers', b'Content-Length,Content-Type,Date,Server,Connection')])]
[2024-09-02 11:40:36,027]: [_client.py]: _send_single_request: 1786:       INFO:    [HTTP Request: POST https://api.telegram.org/bot6030805959:AAGUHAMxLYc-PrevgKouJ3ZyM7ktu56ftjo/sendDocument "HTTP/1.1 200 OK"]
[2024-09-02 11:40:36,027]: [_trace.py]: atrace: 85:       DEBUG:    [receive_response_body.started request=<Request [b'POST']>]
[2024-09-02 11:40:36,027]: [_trace.py]: atrace: 85:       DEBUG:    [receive_response_body.complete]
[2024-09-02 11:40:36,027]: [_trace.py]: atrace: 85:       DEBUG:    [response_closed.started]
[2024-09-02 11:40:36,027]: [_trace.py]: atrace: 85:       DEBUG:    [response_closed.complete]
[2024-09-02 11:40:36,027]: [_bot.py]: _do_post: 652:       DEBUG:    [Call to Bot API endpoint `sendDocument` finished with return value `{'message_id': 1842, 'from': {'id': 6030805959, 'is_bot': True, 'first_name': 'TyPHoone', 'username': 'TyPHoone_Project_bot'}, 'chat': {'id': -4119703192, 'title': 'Robocop', 'type': 'group', 'all_members_are_administrators': True}, 'date': 1725277235, 'document': {'file_name': '(2024_09_02--11_40)output.zip', 'mime_type': 'application/zip', 'file_id': 'BQACAgQAAxkDAAIHMmbVpDMV9R_HfByWWQXPCDQT_zqwAALwFAACXj-wUlxeSFdsIn_PNQQ', 'file_unique_id': 'AgAD8BQAAl4_sFI', 'file_size': 10213977}}`]
[2024-09-02 11:40:36,028]: [_trace.py]: atrace: 85:       DEBUG:    [close.started]
[2024-09-02 11:40:36,028]: [_trace.py]: atrace: 85:       DEBUG:    [close.complete]
[2024-09-02 11:40:36,028]: [Telegram_Sender.py]: runner: 61:       INFO:    [sent successfully]
[2024-09-02 11:40:36,029]: [Main.py]: <module>: 48:       INFO:    [Finished]
