[2026-01-12 11:44:54,303]: [Main.py]: <module>: 21:       INFO:    [Started]
[2026-01-12 11:45:04,340]: [Iron_Scraper.py]: Scrap: 30:       CRITICAL:    [Scrapping Faild]
[2026-01-12 11:45:04,341]: [Iron_Scraper.py]: Scrap: 68:       CRITICAL:    [Something Went Wrong About Scraped Data]
[2026-01-12 11:45:04,341]: [Iron_Scraper.py]: Scrap: 81:       CRITICAL:    [Saving Data Failed]
[2026-01-12 11:45:04,341]: [Iron.py]: Run: 26:       INFO:    [Scraping Phase Completed]
[2026-01-12 11:45:04,341]: [Iron_Data_Processor.py]: Data_Reader: 61:       INFO:    [Data File Has Been Red Successfully]
[2026-01-12 11:45:04,341]: [Iron_Data_Processor.py]: Shaper: 78:       INFO:    [Data Shaped]
[2026-01-12 11:45:04,341]: [Iron_Data_Processor.py]: Process: 228:       INFO:    [Data Cleaned]
[2026-01-12 11:45:04,341]: [Iron_Data_Processor.py]: Make_Pages_Objects: 101:       INFO:    [Page Objects Has Been Made]
[2026-01-12 11:45:04,341]: [Iron_Data_Processor.py]: Make_Pages_Objects: 101:       INFO:    [Page Objects Has Been Made]
[2026-01-12 11:45:04,341]: [Iron_Data_Processor.py]: Load_Data: 118:       INFO:    [Data Has Been Load]
[2026-01-12 11:45:04,341]: [Iron_Data_Processor.py]: Load_Data: 118:       INFO:    [Data Has Been Load]
[2026-01-12 11:45:04,342]: [Iron_Data_Processor.py]: Load_positions: 140:       INFO:    [Positions Are Ready]
[2026-01-12 11:45:04,342]: [Iron_Data_Processor.py]: Load_positions: 140:       INFO:    [Positions Are Ready]
[2026-01-12 11:45:05,424]: [Iron_Data_Processor.py]: Make_Tagged_Images: 193:       INFO:    [Images Has Been Made]
[2026-01-12 11:45:06,325]: [Iron_Data_Processor.py]: Make_Tagged_Images: 193:       INFO:    [Images Has Been Made]
[2026-01-12 11:45:06,582]: [Iron_Data_Processor.py]: Make_Cover_Page: 215:       INFO:    [Made Cover Pages]
[2026-01-12 11:45:06,583]: [Iron.py]: Run: 29:       INFO:    [Imagination Phase Completed]
[2026-01-12 11:47:20,444]: [Phone_Scraper.py]: Scrap: 56:       CRITICAL:    [Couldent Scrap Data]
[2026-01-12 11:47:20,444]: [Phone_Scraper.py]: Scrap: 69:       CRITICAL:    [Couldent Save Scraped Data]
[2026-01-12 11:47:20,444]: [Phone.py]: Run: 26:       INFO:    [Scraping Phase Complete]
[2026-01-12 11:47:20,444]: [Phone_Data_Processor.py]: data_reader: 38:       INFO:    [Scraped Data Loaded]
[2026-01-12 11:47:20,444]: [Phone_Data_Processor.py]: filter_list: 65:       INFO:    [Persian Phrases Are deleted]
[2026-01-12 11:47:20,444]: [Phone_Data_Processor.py]: reshape_list: 85:       ERROR:    [Failed To Reshape Data]
[2026-01-12 11:47:20,444]: [Phone_Data_Processor.py]: separate_brands: 122:       CRITICAL:    [Couldnt Separate Brands From Each Other]
[2026-01-12 11:47:20,444]: [Phone_Data_Processor.py]: delete_extra_spaces: 141:       INFO:    [Extra Spaces Are Deleted]
[2026-01-12 11:47:20,444]: [Phone.py]: Run: 29:       INFO:    [Imagination Phase Complete]
[2026-01-12 11:47:20,445]: [selector_events.py]: __init__: 64:       DEBUG:    [Using selector: EpollSelector]
[2026-01-12 11:47:20,662]: [_bot.py]: _do_post: 643:       DEBUG:    [Calling Bot API endpoint `getMe` with parameters `{}`]
[2026-01-12 11:47:20,667]: [_trace.py]: atrace: 87:       DEBUG:    [connect_tcp.started host='api.telegram.org' port=443 local_address=None timeout=5.0 socket_options=None]
[2026-01-12 11:47:20,786]: [_trace.py]: atrace: 87:       DEBUG:    [connect_tcp.complete return_value=<httpcore._backends.anyio.AnyIOStream object at 0x7f2bce4cb500>]
[2026-01-12 11:47:20,786]: [_trace.py]: atrace: 87:       DEBUG:    [start_tls.started ssl_context=<ssl.SSLContext object at 0x7f2bce4b9c50> server_hostname='api.telegram.org' timeout=5.0]
[2026-01-12 11:47:20,876]: [_trace.py]: atrace: 87:       DEBUG:    [start_tls.complete return_value=<httpcore._backends.anyio.AnyIOStream object at 0x7f2bce6a9d00>]
[2026-01-12 11:47:20,876]: [_trace.py]: atrace: 87:       DEBUG:    [send_request_headers.started request=<Request [b'POST']>]
[2026-01-12 11:47:20,876]: [_trace.py]: atrace: 87:       DEBUG:    [send_request_headers.complete]
[2026-01-12 11:47:20,876]: [_trace.py]: atrace: 87:       DEBUG:    [send_request_body.started request=<Request [b'POST']>]
[2026-01-12 11:47:20,877]: [_trace.py]: atrace: 87:       DEBUG:    [send_request_body.complete]
[2026-01-12 11:47:20,877]: [_trace.py]: atrace: 87:       DEBUG:    [receive_response_headers.started request=<Request [b'POST']>]
[2026-01-12 11:47:20,964]: [_trace.py]: atrace: 87:       DEBUG:    [receive_response_headers.complete return_value=(b'HTTP/1.1', 200, b'OK', [(b'Server', b'nginx/1.18.0'), (b'Date', b'Mon, 12 Jan 2026 11:47:20 GMT'), (b'Content-Type', b'application/json'), (b'Content-Length', b'285'), (b'Connection', b'keep-alive'), (b'Strict-Transport-Security', b'max-age=31536000; includeSubDomains; preload'), (b'Access-Control-Allow-Origin', b'*'), (b'Access-Control-Allow-Methods', b'GET, POST, OPTIONS'), (b'Access-Control-Expose-Headers', b'Content-Length,Content-Type,Date,Server,Connection')])]
[2026-01-12 11:47:20,965]: [_client.py]: _send_single_request: 1740:       INFO:    [HTTP Request: POST https://api.telegram.org/bot6030805959:AAGUHAMxLYc-PrevgKouJ3ZyM7ktu56ftjo/getMe "HTTP/1.1 200 OK"]
[2026-01-12 11:47:20,965]: [_trace.py]: atrace: 87:       DEBUG:    [receive_response_body.started request=<Request [b'POST']>]
[2026-01-12 11:47:20,965]: [_trace.py]: atrace: 87:       DEBUG:    [receive_response_body.complete]
[2026-01-12 11:47:20,965]: [_trace.py]: atrace: 87:       DEBUG:    [response_closed.started]
[2026-01-12 11:47:20,965]: [_trace.py]: atrace: 87:       DEBUG:    [response_closed.complete]
[2026-01-12 11:47:20,965]: [_bot.py]: _do_post: 652:       DEBUG:    [Call to Bot API endpoint `getMe` finished with return value `{'id': 6030805959, 'is_bot': True, 'first_name': 'TyPHoone', 'username': 'TyPHoone_Project_bot', 'can_join_groups': True, 'can_read_all_group_messages': False, 'supports_inline_queries': False, 'can_connect_to_business': False, 'has_main_web_app': False, 'has_topics_enabled': False}`]
[2026-01-12 11:47:20,968]: [_bot.py]: _do_post: 643:       DEBUG:    [Calling Bot API endpoint `sendDocument` with parameters `{'chat_id': '-4119703192', 'document': <telegram._files.inputfile.InputFile object at 0x7f2bce3c9cc0>}`]
[2026-01-12 11:47:20,969]: [_trace.py]: atrace: 87:       DEBUG:    [send_request_headers.started request=<Request [b'POST']>]
[2026-01-12 11:47:20,969]: [_trace.py]: atrace: 87:       DEBUG:    [send_request_headers.complete]
[2026-01-12 11:47:20,969]: [_trace.py]: atrace: 87:       DEBUG:    [send_request_body.started request=<Request [b'POST']>]
[2026-01-12 11:47:20,970]: [_trace.py]: atrace: 87:       DEBUG:    [send_request_body.complete]
[2026-01-12 11:47:20,970]: [_trace.py]: atrace: 87:       DEBUG:    [receive_response_headers.started request=<Request [b'POST']>]
[2026-01-12 11:47:21,210]: [_trace.py]: atrace: 87:       DEBUG:    [receive_response_headers.complete return_value=(b'HTTP/1.1', 200, b'OK', [(b'Server', b'nginx/1.18.0'), (b'Date', b'Mon, 12 Jan 2026 11:47:21 GMT'), (b'Content-Type', b'application/json'), (b'Content-Length', b'612'), (b'Connection', b'keep-alive'), (b'Strict-Transport-Security', b'max-age=31536000; includeSubDomains; preload'), (b'Access-Control-Allow-Origin', b'*'), (b'Access-Control-Allow-Methods', b'GET, POST, OPTIONS'), (b'Access-Control-Expose-Headers', b'Content-Length,Content-Type,Date,Server,Connection')])]
[2026-01-12 11:47:21,210]: [_client.py]: _send_single_request: 1740:       INFO:    [HTTP Request: POST https://api.telegram.org/bot6030805959:AAGUHAMxLYc-PrevgKouJ3ZyM7ktu56ftjo/sendDocument "HTTP/1.1 200 OK"]
[2026-01-12 11:47:21,210]: [_trace.py]: atrace: 87:       DEBUG:    [receive_response_body.started request=<Request [b'POST']>]
[2026-01-12 11:47:21,210]: [_trace.py]: atrace: 87:       DEBUG:    [receive_response_body.complete]
[2026-01-12 11:47:21,210]: [_trace.py]: atrace: 87:       DEBUG:    [response_closed.started]
[2026-01-12 11:47:21,210]: [_trace.py]: atrace: 87:       DEBUG:    [response_closed.complete]
[2026-01-12 11:47:21,211]: [_bot.py]: _do_post: 652:       DEBUG:    [Call to Bot API endpoint `sendDocument` finished with return value `{'message_id': 2855, 'from': {'id': 6030805959, 'is_bot': True, 'first_name': 'TyPHoone', 'username': 'TyPHoone_Project_bot'}, 'chat': {'id': -4119703192, 'title': 'Robocop', 'type': 'group', 'all_members_are_administrators': True, 'accepted_gift_types': {'unlimited_gifts': False, 'limited_gifts': False, 'unique_gifts': False, 'premium_subscription': False, 'gifts_from_channels': False}}, 'date': 1768218441, 'document': {'file_name': '(2026_01_12--11_44).log', 'mime_type': 'text/plain', 'file_id': 'BQACAgQAAxkDAAILJ2lk30m7LxEQvuRWi2VPtoa98uqGAAIrGwACF9AoUwJ8IyTKl0c2OAQ', 'file_unique_id': 'AgADKxsAAhfQKFM', 'file_size': 6022}}`]
[2026-01-12 11:47:21,211]: [_trace.py]: atrace: 87:       DEBUG:    [close.started]
[2026-01-12 11:47:21,212]: [_trace.py]: atrace: 87:       DEBUG:    [close.complete]
[2026-01-12 11:47:21,252]: [_bot.py]: _do_post: 643:       DEBUG:    [Calling Bot API endpoint `getMe` with parameters `{}`]
[2026-01-12 11:47:21,252]: [_trace.py]: atrace: 87:       DEBUG:    [connect_tcp.started host='api.telegram.org' port=443 local_address=None timeout=5.0 socket_options=None]
[2026-01-12 11:47:21,345]: [_trace.py]: atrace: 87:       DEBUG:    [connect_tcp.complete return_value=<httpcore._backends.anyio.AnyIOStream object at 0x7f2bce410a70>]
[2026-01-12 11:47:21,345]: [_trace.py]: atrace: 87:       DEBUG:    [start_tls.started ssl_context=<ssl.SSLContext object at 0x7f2bce4b9b50> server_hostname='api.telegram.org' timeout=5.0]
[2026-01-12 11:47:21,439]: [_trace.py]: atrace: 87:       DEBUG:    [start_tls.complete return_value=<httpcore._backends.anyio.AnyIOStream object at 0x7f2bce4ea870>]
[2026-01-12 11:47:21,439]: [_trace.py]: atrace: 87:       DEBUG:    [send_request_headers.started request=<Request [b'POST']>]
[2026-01-12 11:47:21,440]: [_trace.py]: atrace: 87:       DEBUG:    [send_request_headers.complete]
[2026-01-12 11:47:21,440]: [_trace.py]: atrace: 87:       DEBUG:    [send_request_body.started request=<Request [b'POST']>]
[2026-01-12 11:47:21,440]: [_trace.py]: atrace: 87:       DEBUG:    [send_request_body.complete]
[2026-01-12 11:47:21,440]: [_trace.py]: atrace: 87:       DEBUG:    [receive_response_headers.started request=<Request [b'POST']>]
[2026-01-12 11:47:21,533]: [_trace.py]: atrace: 87:       DEBUG:    [receive_response_headers.complete return_value=(b'HTTP/1.1', 200, b'OK', [(b'Server', b'nginx/1.18.0'), (b'Date', b'Mon, 12 Jan 2026 11:47:21 GMT'), (b'Content-Type', b'application/json'), (b'Content-Length', b'285'), (b'Connection', b'keep-alive'), (b'Strict-Transport-Security', b'max-age=31536000; includeSubDomains; preload'), (b'Access-Control-Allow-Origin', b'*'), (b'Access-Control-Allow-Methods', b'GET, POST, OPTIONS'), (b'Access-Control-Expose-Headers', b'Content-Length,Content-Type,Date,Server,Connection')])]
[2026-01-12 11:47:21,533]: [_client.py]: _send_single_request: 1740:       INFO:    [HTTP Request: POST https://api.telegram.org/bot6030805959:AAGUHAMxLYc-PrevgKouJ3ZyM7ktu56ftjo/getMe "HTTP/1.1 200 OK"]
[2026-01-12 11:47:21,534]: [_trace.py]: atrace: 87:       DEBUG:    [receive_response_body.started request=<Request [b'POST']>]
[2026-01-12 11:47:21,534]: [_trace.py]: atrace: 87:       DEBUG:    [receive_response_body.complete]
[2026-01-12 11:47:21,534]: [_trace.py]: atrace: 87:       DEBUG:    [response_closed.started]
[2026-01-12 11:47:21,534]: [_trace.py]: atrace: 87:       DEBUG:    [response_closed.complete]
[2026-01-12 11:47:21,534]: [_bot.py]: _do_post: 652:       DEBUG:    [Call to Bot API endpoint `getMe` finished with return value `{'id': 6030805959, 'is_bot': True, 'first_name': 'TyPHoone', 'username': 'TyPHoone_Project_bot', 'can_join_groups': True, 'can_read_all_group_messages': False, 'supports_inline_queries': False, 'can_connect_to_business': False, 'has_main_web_app': False, 'has_topics_enabled': False}`]
[2026-01-12 11:47:21,535]: [_bot.py]: _do_post: 643:       DEBUG:    [Calling Bot API endpoint `sendDocument` with parameters `{'chat_id': '-4119703192', 'document': <telegram._files.inputfile.InputFile object at 0x7f2bce4e4e00>}`]
[2026-01-12 11:47:21,536]: [_trace.py]: atrace: 87:       DEBUG:    [send_request_headers.started request=<Request [b'POST']>]
[2026-01-12 11:47:21,536]: [_trace.py]: atrace: 87:       DEBUG:    [send_request_headers.complete]
[2026-01-12 11:47:21,536]: [_trace.py]: atrace: 87:       DEBUG:    [send_request_body.started request=<Request [b'POST']>]
[2026-01-12 11:47:22,363]: [_trace.py]: atrace: 87:       DEBUG:    [send_request_body.complete]
[2026-01-12 11:47:22,363]: [_trace.py]: atrace: 87:       DEBUG:    [receive_response_headers.started request=<Request [b'POST']>]
[2026-01-12 11:47:22,891]: [_trace.py]: atrace: 87:       DEBUG:    [receive_response_headers.complete return_value=(b'HTTP/1.1', 200, b'OK', [(b'Server', b'nginx/1.18.0'), (b'Date', b'Mon, 12 Jan 2026 11:47:22 GMT'), (b'Content-Type', b'application/json'), (b'Content-Length', b'626'), (b'Connection', b'keep-alive'), (b'Strict-Transport-Security', b'max-age=31536000; includeSubDomains; preload'), (b'Access-Control-Allow-Origin', b'*'), (b'Access-Control-Allow-Methods', b'GET, POST, OPTIONS'), (b'Access-Control-Expose-Headers', b'Content-Length,Content-Type,Date,Server,Connection')])]
[2026-01-12 11:47:22,891]: [_client.py]: _send_single_request: 1740:       INFO:    [HTTP Request: POST https://api.telegram.org/bot6030805959:AAGUHAMxLYc-PrevgKouJ3ZyM7ktu56ftjo/sendDocument "HTTP/1.1 200 OK"]
[2026-01-12 11:47:22,891]: [_trace.py]: atrace: 87:       DEBUG:    [receive_response_body.started request=<Request [b'POST']>]
[2026-01-12 11:47:22,891]: [_trace.py]: atrace: 87:       DEBUG:    [receive_response_body.complete]
[2026-01-12 11:47:22,891]: [_trace.py]: atrace: 87:       DEBUG:    [response_closed.started]
[2026-01-12 11:47:22,892]: [_trace.py]: atrace: 87:       DEBUG:    [response_closed.complete]
[2026-01-12 11:47:22,892]: [_bot.py]: _do_post: 652:       DEBUG:    [Call to Bot API endpoint `sendDocument` finished with return value `{'message_id': 2856, 'from': {'id': 6030805959, 'is_bot': True, 'first_name': 'TyPHoone', 'username': 'TyPHoone_Project_bot'}, 'chat': {'id': -4119703192, 'title': 'Robocop', 'type': 'group', 'all_members_are_administrators': True, 'accepted_gift_types': {'unlimited_gifts': False, 'limited_gifts': False, 'unique_gifts': False, 'premium_subscription': False, 'gifts_from_channels': False}}, 'date': 1768218442, 'document': {'file_name': '(2026_01_12--11_44)output.zip', 'mime_type': 'application/zip', 'file_id': 'BQACAgQAAxkDAAILKGlk30pcoNFAYcW07C7hvlcJ8KpAAAIsGwACF9AoU-PLjzJpEtDzOAQ', 'file_unique_id': 'AgADLBsAAhfQKFM', 'file_size': 7851091}}`]
[2026-01-12 11:47:22,892]: [_trace.py]: atrace: 87:       DEBUG:    [close.started]
[2026-01-12 11:47:22,892]: [_trace.py]: atrace: 87:       DEBUG:    [close.complete]
[2026-01-12 11:47:22,893]: [Telegram_Sender.py]: runner: 61:       INFO:    [sent successfully]
[2026-01-12 11:47:22,893]: [Main.py]: <module>: 48:       INFO:    [Finished]
