[2024-08-06 11:38:22,682]: [Main.py]: <module>: 21:       INFO:    [Started]
[2024-08-06 11:38:24,529]: [Iron_Scraper.py]: Scrap: 32:       INFO:    [Data Scaraped Successfully]
[2024-08-06 11:38:24,723]: [Iron_Scraper.py]: Scrap: 70:       INFO:    [Scrapped Data Has No Problem]
[2024-08-06 11:38:24,724]: [Iron_Scraper.py]: Scrap: 83:       INFO:    [Data Saved Successfully]
[2024-08-06 11:38:24,724]: [Iron.py]: Run: 26:       INFO:    [Scraping Phase Completed]
[2024-08-06 11:38:24,724]: [Iron_Data_Processor.py]: Data_Reader: 61:       INFO:    [Data File Has Been Red Successfully]
[2024-08-06 11:38:24,724]: [Iron_Data_Processor.py]: Shaper: 78:       INFO:    [Data Shaped]
[2024-08-06 11:38:24,725]: [Iron_Data_Processor.py]: Process: 228:       INFO:    [Data Cleaned]
[2024-08-06 11:38:24,725]: [Iron_Data_Processor.py]: Make_Pages_Objects: 101:       INFO:    [Page Objects Has Been Made]
[2024-08-06 11:38:24,725]: [Iron_Data_Processor.py]: Make_Pages_Objects: 101:       INFO:    [Page Objects Has Been Made]
[2024-08-06 11:38:24,725]: [Iron_Data_Processor.py]: Load_Data: 118:       INFO:    [Data Has Been Load]
[2024-08-06 11:38:24,725]: [Iron_Data_Processor.py]: Load_Data: 118:       INFO:    [Data Has Been Load]
[2024-08-06 11:38:24,725]: [Iron_Data_Processor.py]: Load_positions: 140:       INFO:    [Positions Are Ready]
[2024-08-06 11:38:24,725]: [Iron_Data_Processor.py]: Load_positions: 140:       INFO:    [Positions Are Ready]
[2024-08-06 11:38:25,845]: [Iron_Data_Processor.py]: Make_Tagged_Images: 193:       INFO:    [Images Has Been Made]
[2024-08-06 11:38:26,796]: [Iron_Data_Processor.py]: Make_Tagged_Images: 193:       INFO:    [Images Has Been Made]
[2024-08-06 11:38:27,050]: [Iron_Data_Processor.py]: Make_Cover_Page: 215:       INFO:    [Made Cover Pages]
[2024-08-06 11:38:27,050]: [Iron.py]: Run: 29:       INFO:    [Imagination Phase Completed]
[2024-08-06 11:38:30,735]: [Phone_Scraper.py]: Scrap: 58:       INFO:    [Data Scraped]
[2024-08-06 11:38:30,736]: [Phone_Scraper.py]: Scrap: 71:       INFO:    [Scraped Data Successfully]
[2024-08-06 11:38:30,736]: [Phone.py]: Run: 26:       INFO:    [Scraping Phase Complete]
[2024-08-06 11:38:30,736]: [Phone_Data_Processor.py]: data_reader: 38:       INFO:    [Scraped Data Loaded]
[2024-08-06 11:38:30,737]: [Phone_Data_Processor.py]: filter_list: 65:       INFO:    [Persian Phrases Are deleted]
[2024-08-06 11:38:30,738]: [Phone_Data_Processor.py]: reshape_list: 87:       INFO:    [Date Reshaped]
[2024-08-06 11:38:30,738]: [Phone_Data_Processor.py]: separate_brands: 124:       INFO:    [Brands Are Separated]
[2024-08-06 11:38:30,739]: [Phone_Data_Processor.py]: delete_extra_spaces: 141:       INFO:    [Extra Spaces Are Deleted]
[2024-08-06 11:38:31,494]: [Phone.py]: Run: 29:       INFO:    [Imagination Phase Complete]
[2024-08-06 11:38:31,494]: [selector_events.py]: __init__: 64:       DEBUG:    [Using selector: EpollSelector]
[2024-08-06 11:38:31,832]: [_bot.py]: _do_post: 643:       DEBUG:    [Calling Bot API endpoint `getMe` with parameters `{}`]
[2024-08-06 11:38:31,836]: [_trace.py]: atrace: 85:       DEBUG:    [connect_tcp.started host='api.telegram.org' port=443 local_address=None timeout=5.0 socket_options=None]
[2024-08-06 11:38:32,115]: [_trace.py]: atrace: 85:       DEBUG:    [connect_tcp.complete return_value=<httpcore._backends.anyio.AnyIOStream object at 0x7fcfb2817a40>]
[2024-08-06 11:38:32,115]: [_trace.py]: atrace: 85:       DEBUG:    [start_tls.started ssl_context=<ssl.SSLContext object at 0x7fcfa4732a50> server_hostname='api.telegram.org' timeout=5.0]
[2024-08-06 11:38:32,205]: [_trace.py]: atrace: 85:       DEBUG:    [start_tls.complete return_value=<httpcore._backends.anyio.AnyIOStream object at 0x7fcfa4aaa630>]
[2024-08-06 11:38:32,205]: [_trace.py]: atrace: 85:       DEBUG:    [send_request_headers.started request=<Request [b'POST']>]
[2024-08-06 11:38:32,206]: [_trace.py]: atrace: 85:       DEBUG:    [send_request_headers.complete]
[2024-08-06 11:38:32,206]: [_trace.py]: atrace: 85:       DEBUG:    [send_request_body.started request=<Request [b'POST']>]
[2024-08-06 11:38:32,206]: [_trace.py]: atrace: 85:       DEBUG:    [send_request_body.complete]
[2024-08-06 11:38:32,206]: [_trace.py]: atrace: 85:       DEBUG:    [receive_response_headers.started request=<Request [b'POST']>]
[2024-08-06 11:38:32,311]: [_trace.py]: atrace: 85:       DEBUG:    [receive_response_headers.complete return_value=(b'HTTP/1.1', 200, b'OK', [(b'Server', b'nginx/1.18.0'), (b'Date', b'Tue, 06 Aug 2024 11:38:32 GMT'), (b'Content-Type', b'application/json'), (b'Content-Length', b'258'), (b'Connection', b'keep-alive'), (b'Strict-Transport-Security', b'max-age=31536000; includeSubDomains; preload'), (b'Access-Control-Allow-Origin', b'*'), (b'Access-Control-Allow-Methods', b'GET, POST, OPTIONS'), (b'Access-Control-Expose-Headers', b'Content-Length,Content-Type,Date,Server,Connection')])]
[2024-08-06 11:38:32,312]: [_client.py]: _send_single_request: 1773:       INFO:    [HTTP Request: POST https://api.telegram.org/bot6030805959:AAGUHAMxLYc-PrevgKouJ3ZyM7ktu56ftjo/getMe "HTTP/1.1 200 OK"]
[2024-08-06 11:38:32,312]: [_trace.py]: atrace: 85:       DEBUG:    [receive_response_body.started request=<Request [b'POST']>]
[2024-08-06 11:38:32,312]: [_trace.py]: atrace: 85:       DEBUG:    [receive_response_body.complete]
[2024-08-06 11:38:32,312]: [_trace.py]: atrace: 85:       DEBUG:    [response_closed.started]
[2024-08-06 11:38:32,312]: [_trace.py]: atrace: 85:       DEBUG:    [response_closed.complete]
[2024-08-06 11:38:32,312]: [_bot.py]: _do_post: 652:       DEBUG:    [Call to Bot API endpoint `getMe` finished with return value `{'id': 6030805959, 'is_bot': True, 'first_name': 'TyPHoone', 'username': 'TyPHoone_Project_bot', 'can_join_groups': True, 'can_read_all_group_messages': False, 'supports_inline_queries': False, 'can_connect_to_business': False, 'has_main_web_app': False}`]
[2024-08-06 11:38:32,316]: [_bot.py]: _do_post: 643:       DEBUG:    [Calling Bot API endpoint `sendDocument` with parameters `{'chat_id': '-4119703192', 'document': <telegram._files.inputfile.InputFile object at 0x7fcfa3d34200>}`]
[2024-08-06 11:38:32,316]: [_trace.py]: atrace: 85:       DEBUG:    [send_request_headers.started request=<Request [b'POST']>]
[2024-08-06 11:38:32,316]: [_trace.py]: atrace: 85:       DEBUG:    [send_request_headers.complete]
[2024-08-06 11:38:32,316]: [_trace.py]: atrace: 85:       DEBUG:    [send_request_body.started request=<Request [b'POST']>]
[2024-08-06 11:38:32,317]: [_trace.py]: atrace: 85:       DEBUG:    [send_request_body.complete]
[2024-08-06 11:38:32,317]: [_trace.py]: atrace: 85:       DEBUG:    [receive_response_headers.started request=<Request [b'POST']>]
[2024-08-06 11:38:32,558]: [_trace.py]: atrace: 85:       DEBUG:    [receive_response_headers.complete return_value=(b'HTTP/1.1', 200, b'OK', [(b'Server', b'nginx/1.18.0'), (b'Date', b'Tue, 06 Aug 2024 11:38:32 GMT'), (b'Content-Type', b'application/json'), (b'Content-Length', b'464'), (b'Connection', b'keep-alive'), (b'Strict-Transport-Security', b'max-age=31536000; includeSubDomains; preload'), (b'Access-Control-Allow-Origin', b'*'), (b'Access-Control-Allow-Methods', b'GET, POST, OPTIONS'), (b'Access-Control-Expose-Headers', b'Content-Length,Content-Type,Date,Server,Connection')])]
[2024-08-06 11:38:32,558]: [_client.py]: _send_single_request: 1773:       INFO:    [HTTP Request: POST https://api.telegram.org/bot6030805959:AAGUHAMxLYc-PrevgKouJ3ZyM7ktu56ftjo/sendDocument "HTTP/1.1 200 OK"]
[2024-08-06 11:38:32,559]: [_trace.py]: atrace: 85:       DEBUG:    [receive_response_body.started request=<Request [b'POST']>]
[2024-08-06 11:38:32,559]: [_trace.py]: atrace: 85:       DEBUG:    [receive_response_body.complete]
[2024-08-06 11:38:32,559]: [_trace.py]: atrace: 85:       DEBUG:    [response_closed.started]
[2024-08-06 11:38:32,559]: [_trace.py]: atrace: 85:       DEBUG:    [response_closed.complete]
[2024-08-06 11:38:32,559]: [_bot.py]: _do_post: 652:       DEBUG:    [Call to Bot API endpoint `sendDocument` finished with return value `{'message_id': 1787, 'from': {'id': 6030805959, 'is_bot': True, 'first_name': 'TyPHoone', 'username': 'TyPHoone_Project_bot'}, 'chat': {'id': -4119703192, 'title': 'Robocop', 'type': 'group', 'all_members_are_administrators': True}, 'date': 1722944312, 'document': {'file_name': '(2024_08_06--11_38).log', 'mime_type': 'text/plain', 'file_id': 'BQACAgQAAxkDAAIG-2ayCzi1MBkvTEH24gohIXr-NDhvAAIjEwAC-rWRUWr8MPbOoVjDNQQ', 'file_unique_id': 'AgADIxMAAvq1kVE', 'file_size': 5937}}`]
[2024-08-06 11:38:32,560]: [_trace.py]: atrace: 85:       DEBUG:    [close.started]
[2024-08-06 11:38:32,560]: [_trace.py]: atrace: 85:       DEBUG:    [close.complete]
[2024-08-06 11:38:32,560]: [_config.py]: load_ssl_context: 80:       DEBUG:    [load_ssl_context verify=True cert=None trust_env=True http2=False]
[2024-08-06 11:38:32,560]: [_config.py]: load_ssl_context_verify: 146:       DEBUG:    [load_verify_locations cafile='/opt/hostedtoolcache/Python/3.12.4/x64/lib/python3.12/site-packages/certifi/cacert.pem']
[2024-08-06 11:38:32,589]: [_config.py]: load_ssl_context: 80:       DEBUG:    [load_ssl_context verify=True cert=None trust_env=True http2=False]
[2024-08-06 11:38:32,589]: [_config.py]: load_ssl_context_verify: 146:       DEBUG:    [load_verify_locations cafile='/opt/hostedtoolcache/Python/3.12.4/x64/lib/python3.12/site-packages/certifi/cacert.pem']
[2024-08-06 11:38:32,616]: [_bot.py]: _do_post: 643:       DEBUG:    [Calling Bot API endpoint `getMe` with parameters `{}`]
[2024-08-06 11:38:32,616]: [_trace.py]: atrace: 85:       DEBUG:    [connect_tcp.started host='api.telegram.org' port=443 local_address=None timeout=5.0 socket_options=None]
[2024-08-06 11:38:32,705]: [_trace.py]: atrace: 85:       DEBUG:    [connect_tcp.complete return_value=<httpcore._backends.anyio.AnyIOStream object at 0x7fcfa3d412b0>]
[2024-08-06 11:38:32,705]: [_trace.py]: atrace: 85:       DEBUG:    [start_tls.started ssl_context=<ssl.SSLContext object at 0x7fcfa4732850> server_hostname='api.telegram.org' timeout=5.0]
[2024-08-06 11:38:32,795]: [_trace.py]: atrace: 85:       DEBUG:    [start_tls.complete return_value=<httpcore._backends.anyio.AnyIOStream object at 0x7fcfa4279fa0>]
[2024-08-06 11:38:32,795]: [_trace.py]: atrace: 85:       DEBUG:    [send_request_headers.started request=<Request [b'POST']>]
[2024-08-06 11:38:32,796]: [_trace.py]: atrace: 85:       DEBUG:    [send_request_headers.complete]
[2024-08-06 11:38:32,796]: [_trace.py]: atrace: 85:       DEBUG:    [send_request_body.started request=<Request [b'POST']>]
[2024-08-06 11:38:32,796]: [_trace.py]: atrace: 85:       DEBUG:    [send_request_body.complete]
[2024-08-06 11:38:32,796]: [_trace.py]: atrace: 85:       DEBUG:    [receive_response_headers.started request=<Request [b'POST']>]
[2024-08-06 11:38:32,885]: [_trace.py]: atrace: 85:       DEBUG:    [receive_response_headers.complete return_value=(b'HTTP/1.1', 200, b'OK', [(b'Server', b'nginx/1.18.0'), (b'Date', b'Tue, 06 Aug 2024 11:38:32 GMT'), (b'Content-Type', b'application/json'), (b'Content-Length', b'258'), (b'Connection', b'keep-alive'), (b'Strict-Transport-Security', b'max-age=31536000; includeSubDomains; preload'), (b'Access-Control-Allow-Origin', b'*'), (b'Access-Control-Allow-Methods', b'GET, POST, OPTIONS'), (b'Access-Control-Expose-Headers', b'Content-Length,Content-Type,Date,Server,Connection')])]
[2024-08-06 11:38:32,885]: [_client.py]: _send_single_request: 1773:       INFO:    [HTTP Request: POST https://api.telegram.org/bot6030805959:AAGUHAMxLYc-PrevgKouJ3ZyM7ktu56ftjo/getMe "HTTP/1.1 200 OK"]
[2024-08-06 11:38:32,885]: [_trace.py]: atrace: 85:       DEBUG:    [receive_response_body.started request=<Request [b'POST']>]
[2024-08-06 11:38:32,885]: [_trace.py]: atrace: 85:       DEBUG:    [receive_response_body.complete]
[2024-08-06 11:38:32,885]: [_trace.py]: atrace: 85:       DEBUG:    [response_closed.started]
[2024-08-06 11:38:32,885]: [_trace.py]: atrace: 85:       DEBUG:    [response_closed.complete]
[2024-08-06 11:38:32,885]: [_bot.py]: _do_post: 652:       DEBUG:    [Call to Bot API endpoint `getMe` finished with return value `{'id': 6030805959, 'is_bot': True, 'first_name': 'TyPHoone', 'username': 'TyPHoone_Project_bot', 'can_join_groups': True, 'can_read_all_group_messages': False, 'supports_inline_queries': False, 'can_connect_to_business': False, 'has_main_web_app': False}`]
[2024-08-06 11:38:32,888]: [_bot.py]: _do_post: 643:       DEBUG:    [Calling Bot API endpoint `sendDocument` with parameters `{'chat_id': '-4119703192', 'document': <telegram._files.inputfile.InputFile object at 0x7fcfa3d73500>}`]
[2024-08-06 11:38:32,888]: [_trace.py]: atrace: 85:       DEBUG:    [send_request_headers.started request=<Request [b'POST']>]
[2024-08-06 11:38:32,889]: [_trace.py]: atrace: 85:       DEBUG:    [send_request_headers.complete]
[2024-08-06 11:38:32,890]: [_trace.py]: atrace: 85:       DEBUG:    [send_request_body.started request=<Request [b'POST']>]
[2024-08-06 11:38:33,769]: [_trace.py]: atrace: 85:       DEBUG:    [send_request_body.complete]
[2024-08-06 11:38:33,769]: [_trace.py]: atrace: 85:       DEBUG:    [receive_response_headers.started request=<Request [b'POST']>]
[2024-08-06 11:38:34,831]: [_trace.py]: atrace: 85:       DEBUG:    [receive_response_headers.complete return_value=(b'HTTP/1.1', 200, b'OK', [(b'Server', b'nginx/1.18.0'), (b'Date', b'Tue, 06 Aug 2024 11:38:34 GMT'), (b'Content-Type', b'application/json'), (b'Content-Length', b'479'), (b'Connection', b'keep-alive'), (b'Strict-Transport-Security', b'max-age=31536000; includeSubDomains; preload'), (b'Access-Control-Allow-Origin', b'*'), (b'Access-Control-Allow-Methods', b'GET, POST, OPTIONS'), (b'Access-Control-Expose-Headers', b'Content-Length,Content-Type,Date,Server,Connection')])]
[2024-08-06 11:38:34,832]: [_client.py]: _send_single_request: 1773:       INFO:    [HTTP Request: POST https://api.telegram.org/bot6030805959:AAGUHAMxLYc-PrevgKouJ3ZyM7ktu56ftjo/sendDocument "HTTP/1.1 200 OK"]
[2024-08-06 11:38:34,832]: [_trace.py]: atrace: 85:       DEBUG:    [receive_response_body.started request=<Request [b'POST']>]
[2024-08-06 11:38:34,832]: [_trace.py]: atrace: 85:       DEBUG:    [receive_response_body.complete]
[2024-08-06 11:38:34,832]: [_trace.py]: atrace: 85:       DEBUG:    [response_closed.started]
[2024-08-06 11:38:34,832]: [_trace.py]: atrace: 85:       DEBUG:    [response_closed.complete]
[2024-08-06 11:38:34,832]: [_bot.py]: _do_post: 652:       DEBUG:    [Call to Bot API endpoint `sendDocument` finished with return value `{'message_id': 1788, 'from': {'id': 6030805959, 'is_bot': True, 'first_name': 'TyPHoone', 'username': 'TyPHoone_Project_bot'}, 'chat': {'id': -4119703192, 'title': 'Robocop', 'type': 'group', 'all_members_are_administrators': True}, 'date': 1722944314, 'document': {'file_name': '(2024_08_06--11_38)output.zip', 'mime_type': 'application/zip', 'file_id': 'BQACAgQAAxkDAAIG_GayCzpSHxztWIwumSm0JJS6HYtYAAIkEwAC-rWRUeW-sYUShFK7NQQ', 'file_unique_id': 'AgADJBMAAvq1kVE', 'file_size': 10149034}}`]
[2024-08-06 11:38:34,833]: [_trace.py]: atrace: 85:       DEBUG:    [close.started]
[2024-08-06 11:38:34,833]: [_trace.py]: atrace: 85:       DEBUG:    [close.complete]
[2024-08-06 11:38:34,833]: [Telegram_Sender.py]: runner: 61:       INFO:    [sent successfully]
[2024-08-06 11:38:34,834]: [Main.py]: <module>: 48:       INFO:    [Finished]
