[2025-06-04 11:41:19,626]: [Main.py]: <module>: 21:       INFO:    [Started]
[2025-06-04 11:41:22,119]: [Iron_Scraper.py]: Scrap: 32:       INFO:    [Data Scaraped Successfully]
[2025-06-04 11:41:22,327]: [Iron_Scraper.py]: Scrap: 70:       INFO:    [Scrapped Data Has No Problem]
[2025-06-04 11:41:22,327]: [Iron_Scraper.py]: Scrap: 83:       INFO:    [Data Saved Successfully]
[2025-06-04 11:41:22,328]: [Iron.py]: Run: 26:       INFO:    [Scraping Phase Completed]
[2025-06-04 11:41:22,328]: [Iron_Data_Processor.py]: Data_Reader: 61:       INFO:    [Data File Has Been Red Successfully]
[2025-06-04 11:41:22,328]: [Iron_Data_Processor.py]: Shaper: 78:       INFO:    [Data Shaped]
[2025-06-04 11:41:22,328]: [Iron_Data_Processor.py]: Process: 228:       INFO:    [Data Cleaned]
[2025-06-04 11:41:22,328]: [Iron_Data_Processor.py]: Make_Pages_Objects: 101:       INFO:    [Page Objects Has Been Made]
[2025-06-04 11:41:22,328]: [Iron_Data_Processor.py]: Make_Pages_Objects: 101:       INFO:    [Page Objects Has Been Made]
[2025-06-04 11:41:22,328]: [Iron_Data_Processor.py]: Load_Data: 118:       INFO:    [Data Has Been Load]
[2025-06-04 11:41:22,328]: [Iron_Data_Processor.py]: Load_Data: 118:       INFO:    [Data Has Been Load]
[2025-06-04 11:41:22,329]: [Iron_Data_Processor.py]: Load_positions: 140:       INFO:    [Positions Are Ready]
[2025-06-04 11:41:22,329]: [Iron_Data_Processor.py]: Load_positions: 140:       INFO:    [Positions Are Ready]
[2025-06-04 11:41:23,461]: [Iron_Data_Processor.py]: Make_Tagged_Images: 193:       INFO:    [Images Has Been Made]
[2025-06-04 11:41:24,419]: [Iron_Data_Processor.py]: Make_Tagged_Images: 193:       INFO:    [Images Has Been Made]
[2025-06-04 11:41:24,677]: [Iron_Data_Processor.py]: Make_Cover_Page: 215:       INFO:    [Made Cover Pages]
[2025-06-04 11:41:24,678]: [Iron.py]: Run: 29:       INFO:    [Imagination Phase Completed]
[2025-06-04 11:41:28,978]: [Phone_Scraper.py]: Scrap: 58:       INFO:    [Data Scraped]
[2025-06-04 11:41:28,978]: [Phone_Scraper.py]: Scrap: 71:       INFO:    [Scraped Data Successfully]
[2025-06-04 11:41:28,978]: [Phone.py]: Run: 26:       INFO:    [Scraping Phase Complete]
[2025-06-04 11:41:28,979]: [Phone_Data_Processor.py]: data_reader: 38:       INFO:    [Scraped Data Loaded]
[2025-06-04 11:41:28,979]: [Phone_Data_Processor.py]: filter_list: 65:       INFO:    [Persian Phrases Are deleted]
[2025-06-04 11:41:28,980]: [Phone_Data_Processor.py]: reshape_list: 87:       INFO:    [Date Reshaped]
[2025-06-04 11:41:28,980]: [Phone_Data_Processor.py]: separate_brands: 124:       INFO:    [Brands Are Separated]
[2025-06-04 11:41:28,981]: [Phone_Data_Processor.py]: delete_extra_spaces: 141:       INFO:    [Extra Spaces Are Deleted]
[2025-06-04 11:41:29,778]: [Phone.py]: Run: 29:       INFO:    [Imagination Phase Complete]
[2025-06-04 11:41:29,778]: [selector_events.py]: __init__: 64:       DEBUG:    [Using selector: EpollSelector]
[2025-06-04 11:41:30,061]: [_bot.py]: _do_post: 643:       DEBUG:    [Calling Bot API endpoint `getMe` with parameters `{}`]
[2025-06-04 11:41:30,066]: [_trace.py]: atrace: 87:       DEBUG:    [connect_tcp.started host='api.telegram.org' port=443 local_address=None timeout=5.0 socket_options=None]
[2025-06-04 11:41:30,289]: [_trace.py]: atrace: 87:       DEBUG:    [connect_tcp.complete return_value=<httpcore._backends.anyio.AnyIOStream object at 0x7f80529b3e60>]
[2025-06-04 11:41:30,290]: [_trace.py]: atrace: 87:       DEBUG:    [start_tls.started ssl_context=<ssl.SSLContext object at 0x7f805337b750> server_hostname='api.telegram.org' timeout=5.0]
[2025-06-04 11:41:30,437]: [_trace.py]: atrace: 87:       DEBUG:    [start_tls.complete return_value=<httpcore._backends.anyio.AnyIOStream object at 0x7f8053bc8560>]
[2025-06-04 11:41:30,437]: [_trace.py]: atrace: 87:       DEBUG:    [send_request_headers.started request=<Request [b'POST']>]
[2025-06-04 11:41:30,438]: [_trace.py]: atrace: 87:       DEBUG:    [send_request_headers.complete]
[2025-06-04 11:41:30,438]: [_trace.py]: atrace: 87:       DEBUG:    [send_request_body.started request=<Request [b'POST']>]
[2025-06-04 11:41:30,438]: [_trace.py]: atrace: 87:       DEBUG:    [send_request_body.complete]
[2025-06-04 11:41:30,438]: [_trace.py]: atrace: 87:       DEBUG:    [receive_response_headers.started request=<Request [b'POST']>]
[2025-06-04 11:41:30,583]: [_trace.py]: atrace: 87:       DEBUG:    [receive_response_headers.complete return_value=(b'HTTP/1.1', 200, b'OK', [(b'Server', b'nginx/1.18.0'), (b'Date', b'Wed, 04 Jun 2025 11:41:30 GMT'), (b'Content-Type', b'application/json'), (b'Content-Length', b'258'), (b'Connection', b'keep-alive'), (b'Strict-Transport-Security', b'max-age=31536000; includeSubDomains; preload'), (b'Access-Control-Allow-Origin', b'*'), (b'Access-Control-Allow-Methods', b'GET, POST, OPTIONS'), (b'Access-Control-Expose-Headers', b'Content-Length,Content-Type,Date,Server,Connection')])]
[2025-06-04 11:41:30,583]: [_client.py]: _send_single_request: 1740:       INFO:    [HTTP Request: POST https://api.telegram.org/bot6030805959:AAGUHAMxLYc-PrevgKouJ3ZyM7ktu56ftjo/getMe "HTTP/1.1 200 OK"]
[2025-06-04 11:41:30,583]: [_trace.py]: atrace: 87:       DEBUG:    [receive_response_body.started request=<Request [b'POST']>]
[2025-06-04 11:41:30,583]: [_trace.py]: atrace: 87:       DEBUG:    [receive_response_body.complete]
[2025-06-04 11:41:30,584]: [_trace.py]: atrace: 87:       DEBUG:    [response_closed.started]
[2025-06-04 11:41:30,584]: [_trace.py]: atrace: 87:       DEBUG:    [response_closed.complete]
[2025-06-04 11:41:30,584]: [_bot.py]: _do_post: 652:       DEBUG:    [Call to Bot API endpoint `getMe` finished with return value `{'id': 6030805959, 'is_bot': True, 'first_name': 'TyPHoone', 'username': 'TyPHoone_Project_bot', 'can_join_groups': True, 'can_read_all_group_messages': False, 'supports_inline_queries': False, 'can_connect_to_business': False, 'has_main_web_app': False}`]
[2025-06-04 11:41:30,587]: [_bot.py]: _do_post: 643:       DEBUG:    [Calling Bot API endpoint `sendDocument` with parameters `{'chat_id': '-4119703192', 'document': <telegram._files.inputfile.InputFile object at 0x7f80534b6880>}`]
[2025-06-04 11:41:30,587]: [_trace.py]: atrace: 87:       DEBUG:    [send_request_headers.started request=<Request [b'POST']>]
[2025-06-04 11:41:30,588]: [_trace.py]: atrace: 87:       DEBUG:    [send_request_headers.complete]
[2025-06-04 11:41:30,588]: [_trace.py]: atrace: 87:       DEBUG:    [send_request_body.started request=<Request [b'POST']>]
[2025-06-04 11:41:30,588]: [_trace.py]: atrace: 87:       DEBUG:    [send_request_body.complete]
[2025-06-04 11:41:30,588]: [_trace.py]: atrace: 87:       DEBUG:    [receive_response_headers.started request=<Request [b'POST']>]
[2025-06-04 11:41:30,920]: [_trace.py]: atrace: 87:       DEBUG:    [receive_response_headers.complete return_value=(b'HTTP/1.1', 200, b'OK', [(b'Server', b'nginx/1.18.0'), (b'Date', b'Wed, 04 Jun 2025 11:41:30 GMT'), (b'Content-Type', b'application/json'), (b'Content-Length', b'584'), (b'Connection', b'keep-alive'), (b'Strict-Transport-Security', b'max-age=31536000; includeSubDomains; preload'), (b'Access-Control-Allow-Origin', b'*'), (b'Access-Control-Allow-Methods', b'GET, POST, OPTIONS'), (b'Access-Control-Expose-Headers', b'Content-Length,Content-Type,Date,Server,Connection')])]
[2025-06-04 11:41:30,920]: [_client.py]: _send_single_request: 1740:       INFO:    [HTTP Request: POST https://api.telegram.org/bot6030805959:AAGUHAMxLYc-PrevgKouJ3ZyM7ktu56ftjo/sendDocument "HTTP/1.1 200 OK"]
[2025-06-04 11:41:30,920]: [_trace.py]: atrace: 87:       DEBUG:    [receive_response_body.started request=<Request [b'POST']>]
[2025-06-04 11:41:30,920]: [_trace.py]: atrace: 87:       DEBUG:    [receive_response_body.complete]
[2025-06-04 11:41:30,921]: [_trace.py]: atrace: 87:       DEBUG:    [response_closed.started]
[2025-06-04 11:41:30,921]: [_trace.py]: atrace: 87:       DEBUG:    [response_closed.complete]
[2025-06-04 11:41:30,921]: [_bot.py]: _do_post: 652:       DEBUG:    [Call to Bot API endpoint `sendDocument` finished with return value `{'message_id': 2395, 'from': {'id': 6030805959, 'is_bot': True, 'first_name': 'TyPHoone', 'username': 'TyPHoone_Project_bot'}, 'chat': {'id': -4119703192, 'title': 'Robocop', 'type': 'group', 'all_members_are_administrators': True, 'accepted_gift_types': {'unlimited_gifts': False, 'limited_gifts': False, 'unique_gifts': False, 'premium_subscription': False}}, 'date': 1749037290, 'document': {'file_name': '(2025_06_04--11_41).log', 'mime_type': 'text/plain', 'file_id': 'BQACAgQAAxkDAAIJW2hAMOohxnRHl2uBgqR-HZl848fgAALdIgACJiYBUsNCn3hk0soINgQ', 'file_unique_id': 'AgAD3SIAAiYmAVI', 'file_size': 5937}}`]
[2025-06-04 11:41:30,921]: [_trace.py]: atrace: 87:       DEBUG:    [close.started]
[2025-06-04 11:41:30,922]: [_trace.py]: atrace: 87:       DEBUG:    [close.complete]
[2025-06-04 11:41:30,965]: [_bot.py]: _do_post: 643:       DEBUG:    [Calling Bot API endpoint `getMe` with parameters `{}`]
[2025-06-04 11:41:30,966]: [_trace.py]: atrace: 87:       DEBUG:    [connect_tcp.started host='api.telegram.org' port=443 local_address=None timeout=5.0 socket_options=None]
[2025-06-04 11:41:31,112]: [_trace.py]: atrace: 87:       DEBUG:    [connect_tcp.complete return_value=<httpcore._backends.anyio.AnyIOStream object at 0x7f805283c620>]
[2025-06-04 11:41:31,112]: [_trace.py]: atrace: 87:       DEBUG:    [start_tls.started ssl_context=<ssl.SSLContext object at 0x7f805337b650> server_hostname='api.telegram.org' timeout=5.0]
[2025-06-04 11:41:31,259]: [_trace.py]: atrace: 87:       DEBUG:    [start_tls.complete return_value=<httpcore._backends.anyio.AnyIOStream object at 0x7f8052f05a00>]
[2025-06-04 11:41:31,259]: [_trace.py]: atrace: 87:       DEBUG:    [send_request_headers.started request=<Request [b'POST']>]
[2025-06-04 11:41:31,259]: [_trace.py]: atrace: 87:       DEBUG:    [send_request_headers.complete]
[2025-06-04 11:41:31,259]: [_trace.py]: atrace: 87:       DEBUG:    [send_request_body.started request=<Request [b'POST']>]
[2025-06-04 11:41:31,259]: [_trace.py]: atrace: 87:       DEBUG:    [send_request_body.complete]
[2025-06-04 11:41:31,260]: [_trace.py]: atrace: 87:       DEBUG:    [receive_response_headers.started request=<Request [b'POST']>]
[2025-06-04 11:41:31,404]: [_trace.py]: atrace: 87:       DEBUG:    [receive_response_headers.complete return_value=(b'HTTP/1.1', 200, b'OK', [(b'Server', b'nginx/1.18.0'), (b'Date', b'Wed, 04 Jun 2025 11:41:31 GMT'), (b'Content-Type', b'application/json'), (b'Content-Length', b'258'), (b'Connection', b'keep-alive'), (b'Strict-Transport-Security', b'max-age=31536000; includeSubDomains; preload'), (b'Access-Control-Allow-Origin', b'*'), (b'Access-Control-Allow-Methods', b'GET, POST, OPTIONS'), (b'Access-Control-Expose-Headers', b'Content-Length,Content-Type,Date,Server,Connection')])]
[2025-06-04 11:41:31,404]: [_client.py]: _send_single_request: 1740:       INFO:    [HTTP Request: POST https://api.telegram.org/bot6030805959:AAGUHAMxLYc-PrevgKouJ3ZyM7ktu56ftjo/getMe "HTTP/1.1 200 OK"]
[2025-06-04 11:41:31,405]: [_trace.py]: atrace: 87:       DEBUG:    [receive_response_body.started request=<Request [b'POST']>]
[2025-06-04 11:41:31,405]: [_trace.py]: atrace: 87:       DEBUG:    [receive_response_body.complete]
[2025-06-04 11:41:31,405]: [_trace.py]: atrace: 87:       DEBUG:    [response_closed.started]
[2025-06-04 11:41:31,405]: [_trace.py]: atrace: 87:       DEBUG:    [response_closed.complete]
[2025-06-04 11:41:31,405]: [_bot.py]: _do_post: 652:       DEBUG:    [Call to Bot API endpoint `getMe` finished with return value `{'id': 6030805959, 'is_bot': True, 'first_name': 'TyPHoone', 'username': 'TyPHoone_Project_bot', 'can_join_groups': True, 'can_read_all_group_messages': False, 'supports_inline_queries': False, 'can_connect_to_business': False, 'has_main_web_app': False}`]
[2025-06-04 11:41:31,408]: [_bot.py]: _do_post: 643:       DEBUG:    [Calling Bot API endpoint `sendDocument` with parameters `{'chat_id': '-4119703192', 'document': <telegram._files.inputfile.InputFile object at 0x7f80533b9c00>}`]
[2025-06-04 11:41:31,408]: [_trace.py]: atrace: 87:       DEBUG:    [send_request_headers.started request=<Request [b'POST']>]
[2025-06-04 11:41:31,409]: [_trace.py]: atrace: 87:       DEBUG:    [send_request_headers.complete]
[2025-06-04 11:41:31,409]: [_trace.py]: atrace: 87:       DEBUG:    [send_request_body.started request=<Request [b'POST']>]
[2025-06-04 11:41:32,851]: [_trace.py]: atrace: 87:       DEBUG:    [send_request_body.complete]
[2025-06-04 11:41:32,851]: [_trace.py]: atrace: 87:       DEBUG:    [receive_response_headers.started request=<Request [b'POST']>]
[2025-06-04 11:41:33,638]: [_trace.py]: atrace: 87:       DEBUG:    [receive_response_headers.complete return_value=(b'HTTP/1.1', 200, b'OK', [(b'Server', b'nginx/1.18.0'), (b'Date', b'Wed, 04 Jun 2025 11:41:33 GMT'), (b'Content-Type', b'application/json'), (b'Content-Length', b'599'), (b'Connection', b'keep-alive'), (b'Strict-Transport-Security', b'max-age=31536000; includeSubDomains; preload'), (b'Access-Control-Allow-Origin', b'*'), (b'Access-Control-Allow-Methods', b'GET, POST, OPTIONS'), (b'Access-Control-Expose-Headers', b'Content-Length,Content-Type,Date,Server,Connection')])]
[2025-06-04 11:41:33,638]: [_client.py]: _send_single_request: 1740:       INFO:    [HTTP Request: POST https://api.telegram.org/bot6030805959:AAGUHAMxLYc-PrevgKouJ3ZyM7ktu56ftjo/sendDocument "HTTP/1.1 200 OK"]
[2025-06-04 11:41:33,638]: [_trace.py]: atrace: 87:       DEBUG:    [receive_response_body.started request=<Request [b'POST']>]
[2025-06-04 11:41:33,639]: [_trace.py]: atrace: 87:       DEBUG:    [receive_response_body.complete]
[2025-06-04 11:41:33,639]: [_trace.py]: atrace: 87:       DEBUG:    [response_closed.started]
[2025-06-04 11:41:33,639]: [_trace.py]: atrace: 87:       DEBUG:    [response_closed.complete]
[2025-06-04 11:41:33,639]: [_bot.py]: _do_post: 652:       DEBUG:    [Call to Bot API endpoint `sendDocument` finished with return value `{'message_id': 2396, 'from': {'id': 6030805959, 'is_bot': True, 'first_name': 'TyPHoone', 'username': 'TyPHoone_Project_bot'}, 'chat': {'id': -4119703192, 'title': 'Robocop', 'type': 'group', 'all_members_are_administrators': True, 'accepted_gift_types': {'unlimited_gifts': False, 'limited_gifts': False, 'unique_gifts': False, 'premium_subscription': False}}, 'date': 1749037293, 'document': {'file_name': '(2025_06_04--11_41)output.zip', 'mime_type': 'application/zip', 'file_id': 'BQACAgQAAxkDAAIJXGhAMO0mRu4JTE3cg4ryFZlDRG1jAALeIgACJiYBUtQJrOAlul_uNgQ', 'file_unique_id': 'AgAD3iIAAiYmAVI', 'file_size': 10226591}}`]
[2025-06-04 11:41:33,639]: [_trace.py]: atrace: 87:       DEBUG:    [close.started]
[2025-06-04 11:41:33,639]: [_trace.py]: atrace: 87:       DEBUG:    [close.complete]
[2025-06-04 11:41:33,639]: [Telegram_Sender.py]: runner: 61:       INFO:    [sent successfully]
[2025-06-04 11:41:33,640]: [Main.py]: <module>: 48:       INFO:    [Finished]
