[2024-05-21 11:38:23,369]: [Main.py]: <module>: 21:       INFO:    [Started]
[2024-05-21 11:38:24,847]: [Iron_Scraper.py]: Scrap: 32:       INFO:    [Data Scaraped Successfully]
[2024-05-21 11:38:25,063]: [Iron_Scraper.py]: Scrap: 70:       INFO:    [Scrapped Data Has No Problem]
[2024-05-21 11:38:25,063]: [Iron_Scraper.py]: Scrap: 83:       INFO:    [Data Saved Successfully]
[2024-05-21 11:38:25,063]: [Iron.py]: Run: 26:       INFO:    [Scraping Phase Completed]
[2024-05-21 11:38:25,064]: [Iron_Data_Processor.py]: Data_Reader: 61:       INFO:    [Data File Has Been Red Successfully]
[2024-05-21 11:38:25,064]: [Iron_Data_Processor.py]: Shaper: 78:       INFO:    [Data Shaped]
[2024-05-21 11:38:25,064]: [Iron_Data_Processor.py]: Process: 228:       INFO:    [Data Cleaned]
[2024-05-21 11:38:25,064]: [Iron_Data_Processor.py]: Make_Pages_Objects: 101:       INFO:    [Page Objects Has Been Made]
[2024-05-21 11:38:25,064]: [Iron_Data_Processor.py]: Make_Pages_Objects: 101:       INFO:    [Page Objects Has Been Made]
[2024-05-21 11:38:25,064]: [Iron_Data_Processor.py]: Load_Data: 118:       INFO:    [Data Has Been Load]
[2024-05-21 11:38:25,064]: [Iron_Data_Processor.py]: Load_Data: 118:       INFO:    [Data Has Been Load]
[2024-05-21 11:38:25,065]: [Iron_Data_Processor.py]: Load_positions: 140:       INFO:    [Positions Are Ready]
[2024-05-21 11:38:25,065]: [Iron_Data_Processor.py]: Load_positions: 140:       INFO:    [Positions Are Ready]
[2024-05-21 11:38:26,186]: [Iron_Data_Processor.py]: Make_Tagged_Images: 193:       INFO:    [Images Has Been Made]
[2024-05-21 11:38:27,136]: [Iron_Data_Processor.py]: Make_Tagged_Images: 193:       INFO:    [Images Has Been Made]
[2024-05-21 11:38:27,392]: [Iron_Data_Processor.py]: Make_Cover_Page: 215:       INFO:    [Made Cover Pages]
[2024-05-21 11:38:27,392]: [Iron.py]: Run: 29:       INFO:    [Imagination Phase Completed]
[2024-05-21 11:38:30,548]: [Phone_Scraper.py]: Scrap: 58:       INFO:    [Data Scraped]
[2024-05-21 11:38:30,549]: [Phone_Scraper.py]: Scrap: 71:       INFO:    [Scraped Data Successfully]
[2024-05-21 11:38:30,549]: [Phone.py]: Run: 26:       INFO:    [Scraping Phase Complete]
[2024-05-21 11:38:30,549]: [Phone_Data_Processor.py]: data_reader: 38:       INFO:    [Scraped Data Loaded]
[2024-05-21 11:38:30,551]: [Phone_Data_Processor.py]: filter_list: 65:       INFO:    [Persian Phrases Are deleted]
[2024-05-21 11:38:30,552]: [Phone_Data_Processor.py]: reshape_list: 87:       INFO:    [Date Reshaped]
[2024-05-21 11:38:30,552]: [Phone_Data_Processor.py]: separate_brands: 124:       INFO:    [Brands Are Separated]
[2024-05-21 11:38:30,552]: [Phone_Data_Processor.py]: delete_extra_spaces: 141:       INFO:    [Extra Spaces Are Deleted]
[2024-05-21 11:38:31,421]: [Phone.py]: Run: 29:       INFO:    [Imagination Phase Complete]
[2024-05-21 11:38:31,421]: [selector_events.py]: __init__: 64:       DEBUG:    [Using selector: EpollSelector]
[2024-05-21 11:38:31,769]: [_bot.py]: _do_post: 643:       DEBUG:    [Calling Bot API endpoint `getMe` with parameters `{}`]
[2024-05-21 11:38:31,773]: [_trace.py]: atrace: 85:       DEBUG:    [connect_tcp.started host='api.telegram.org' port=443 local_address=None timeout=5.0 socket_options=None]
[2024-05-21 11:38:31,876]: [_trace.py]: atrace: 85:       DEBUG:    [connect_tcp.complete return_value=<httpcore._backends.anyio.AnyIOStream object at 0x7f022a0672f0>]
[2024-05-21 11:38:31,877]: [_trace.py]: atrace: 85:       DEBUG:    [start_tls.started ssl_context=<ssl.SSLContext object at 0x7f022ab31e50> server_hostname='api.telegram.org' timeout=5.0]
[2024-05-21 11:38:31,981]: [_trace.py]: atrace: 85:       DEBUG:    [start_tls.complete return_value=<httpcore._backends.anyio.AnyIOStream object at 0x7f022ac6be60>]
[2024-05-21 11:38:31,981]: [_trace.py]: atrace: 85:       DEBUG:    [send_request_headers.started request=<Request [b'POST']>]
[2024-05-21 11:38:31,981]: [_trace.py]: atrace: 85:       DEBUG:    [send_request_headers.complete]
[2024-05-21 11:38:31,981]: [_trace.py]: atrace: 85:       DEBUG:    [send_request_body.started request=<Request [b'POST']>]
[2024-05-21 11:38:31,981]: [_trace.py]: atrace: 85:       DEBUG:    [send_request_body.complete]
[2024-05-21 11:38:31,981]: [_trace.py]: atrace: 85:       DEBUG:    [receive_response_headers.started request=<Request [b'POST']>]
[2024-05-21 11:38:32,082]: [_trace.py]: atrace: 85:       DEBUG:    [receive_response_headers.complete return_value=(b'HTTP/1.1', 200, b'OK', [(b'Server', b'nginx/1.18.0'), (b'Date', b'Tue, 21 May 2024 11:38:32 GMT'), (b'Content-Type', b'application/json'), (b'Content-Length', b'233'), (b'Connection', b'keep-alive'), (b'Strict-Transport-Security', b'max-age=31536000; includeSubDomains; preload'), (b'Access-Control-Allow-Origin', b'*'), (b'Access-Control-Allow-Methods', b'GET, POST, OPTIONS'), (b'Access-Control-Expose-Headers', b'Content-Length,Content-Type,Date,Server,Connection')])]
[2024-05-21 11:38:32,082]: [_client.py]: _send_single_request: 1773:       INFO:    [HTTP Request: POST https://api.telegram.org/bot6030805959:AAGUHAMxLYc-PrevgKouJ3ZyM7ktu56ftjo/getMe "HTTP/1.1 200 OK"]
[2024-05-21 11:38:32,083]: [_trace.py]: atrace: 85:       DEBUG:    [receive_response_body.started request=<Request [b'POST']>]
[2024-05-21 11:38:32,083]: [_trace.py]: atrace: 85:       DEBUG:    [receive_response_body.complete]
[2024-05-21 11:38:32,083]: [_trace.py]: atrace: 85:       DEBUG:    [response_closed.started]
[2024-05-21 11:38:32,083]: [_trace.py]: atrace: 85:       DEBUG:    [response_closed.complete]
[2024-05-21 11:38:32,083]: [_bot.py]: _do_post: 652:       DEBUG:    [Call to Bot API endpoint `getMe` finished with return value `{'id': 6030805959, 'is_bot': True, 'first_name': 'TyPHoone', 'username': 'TyPHoone_Project_bot', 'can_join_groups': True, 'can_read_all_group_messages': False, 'supports_inline_queries': False, 'can_connect_to_business': False}`]
[2024-05-21 11:38:32,086]: [_bot.py]: _do_post: 643:       DEBUG:    [Calling Bot API endpoint `sendDocument` with parameters `{'chat_id': '-4119703192', 'document': <telegram._files.inputfile.InputFile object at 0x7f022a077000>}`]
[2024-05-21 11:38:32,087]: [_trace.py]: atrace: 85:       DEBUG:    [send_request_headers.started request=<Request [b'POST']>]
[2024-05-21 11:38:32,087]: [_trace.py]: atrace: 85:       DEBUG:    [send_request_headers.complete]
[2024-05-21 11:38:32,087]: [_trace.py]: atrace: 85:       DEBUG:    [send_request_body.started request=<Request [b'POST']>]
[2024-05-21 11:38:32,088]: [_trace.py]: atrace: 85:       DEBUG:    [send_request_body.complete]
[2024-05-21 11:38:32,088]: [_trace.py]: atrace: 85:       DEBUG:    [receive_response_headers.started request=<Request [b'POST']>]
[2024-05-21 11:38:32,453]: [_trace.py]: atrace: 85:       DEBUG:    [receive_response_headers.complete return_value=(b'HTTP/1.1', 200, b'OK', [(b'Server', b'nginx/1.18.0'), (b'Date', b'Tue, 21 May 2024 11:38:32 GMT'), (b'Content-Type', b'application/json'), (b'Content-Length', b'464'), (b'Connection', b'keep-alive'), (b'Strict-Transport-Security', b'max-age=31536000; includeSubDomains; preload'), (b'Access-Control-Allow-Origin', b'*'), (b'Access-Control-Allow-Methods', b'GET, POST, OPTIONS'), (b'Access-Control-Expose-Headers', b'Content-Length,Content-Type,Date,Server,Connection')])]
[2024-05-21 11:38:32,453]: [_client.py]: _send_single_request: 1773:       INFO:    [HTTP Request: POST https://api.telegram.org/bot6030805959:AAGUHAMxLYc-PrevgKouJ3ZyM7ktu56ftjo/sendDocument "HTTP/1.1 200 OK"]
[2024-05-21 11:38:32,453]: [_trace.py]: atrace: 85:       DEBUG:    [receive_response_body.started request=<Request [b'POST']>]
[2024-05-21 11:38:32,453]: [_trace.py]: atrace: 85:       DEBUG:    [receive_response_body.complete]
[2024-05-21 11:38:32,453]: [_trace.py]: atrace: 85:       DEBUG:    [response_closed.started]
[2024-05-21 11:38:32,453]: [_trace.py]: atrace: 85:       DEBUG:    [response_closed.complete]
[2024-05-21 11:38:32,454]: [_bot.py]: _do_post: 652:       DEBUG:    [Call to Bot API endpoint `sendDocument` finished with return value `{'message_id': 802, 'from': {'id': 6030805959, 'is_bot': True, 'first_name': 'TyPHoone', 'username': 'TyPHoone_Project_bot'}, 'chat': {'id': -4119703192, 'title': 'Robocop', 'type': 'group', 'all_members_are_administrators': True}, 'date': 1716291512, 'document': {'file_name': '(2024_05_21--11_38).log', 'mime_type': 'text/plain', 'file_id': 'BQACAgQAAxkDAAIDImZMh7jb6zQo-ct8UJGwNVGdhDNXAAJkEgACk7FgUqCRAAEe9uN3ajUE', 'file_unique_id': 'AgADZBIAApOxYFI', 'file_size': 5910}}`]
[2024-05-21 11:38:32,454]: [_trace.py]: atrace: 85:       DEBUG:    [close.started]
[2024-05-21 11:38:32,454]: [_trace.py]: atrace: 85:       DEBUG:    [close.complete]
[2024-05-21 11:38:32,454]: [_config.py]: load_ssl_context: 80:       DEBUG:    [load_ssl_context verify=True cert=None trust_env=True http2=False]
[2024-05-21 11:38:32,455]: [_config.py]: load_ssl_context_verify: 146:       DEBUG:    [load_verify_locations cafile='/opt/hostedtoolcache/Python/3.12.3/x64/lib/python3.12/site-packages/certifi/cacert.pem']
[2024-05-21 11:38:32,481]: [_config.py]: load_ssl_context: 80:       DEBUG:    [load_ssl_context verify=True cert=None trust_env=True http2=False]
[2024-05-21 11:38:32,482]: [_config.py]: load_ssl_context_verify: 146:       DEBUG:    [load_verify_locations cafile='/opt/hostedtoolcache/Python/3.12.3/x64/lib/python3.12/site-packages/certifi/cacert.pem']
[2024-05-21 11:38:32,510]: [_bot.py]: _do_post: 643:       DEBUG:    [Calling Bot API endpoint `getMe` with parameters `{}`]
[2024-05-21 11:38:32,510]: [_trace.py]: atrace: 85:       DEBUG:    [connect_tcp.started host='api.telegram.org' port=443 local_address=None timeout=5.0 socket_options=None]
[2024-05-21 11:38:32,612]: [_trace.py]: atrace: 85:       DEBUG:    [connect_tcp.complete return_value=<httpcore._backends.anyio.AnyIOStream object at 0x7f022acf5d30>]
[2024-05-21 11:38:32,612]: [_trace.py]: atrace: 85:       DEBUG:    [start_tls.started ssl_context=<ssl.SSLContext object at 0x7f022ab31c50> server_hostname='api.telegram.org' timeout=5.0]
[2024-05-21 11:38:32,714]: [_trace.py]: atrace: 85:       DEBUG:    [start_tls.complete return_value=<httpcore._backends.anyio.AnyIOStream object at 0x7f022a0c5730>]
[2024-05-21 11:38:32,715]: [_trace.py]: atrace: 85:       DEBUG:    [send_request_headers.started request=<Request [b'POST']>]
[2024-05-21 11:38:32,715]: [_trace.py]: atrace: 85:       DEBUG:    [send_request_headers.complete]
[2024-05-21 11:38:32,715]: [_trace.py]: atrace: 85:       DEBUG:    [send_request_body.started request=<Request [b'POST']>]
[2024-05-21 11:38:32,715]: [_trace.py]: atrace: 85:       DEBUG:    [send_request_body.complete]
[2024-05-21 11:38:32,715]: [_trace.py]: atrace: 85:       DEBUG:    [receive_response_headers.started request=<Request [b'POST']>]
[2024-05-21 11:38:32,815]: [_trace.py]: atrace: 85:       DEBUG:    [receive_response_headers.complete return_value=(b'HTTP/1.1', 200, b'OK', [(b'Server', b'nginx/1.18.0'), (b'Date', b'Tue, 21 May 2024 11:38:32 GMT'), (b'Content-Type', b'application/json'), (b'Content-Length', b'233'), (b'Connection', b'keep-alive'), (b'Strict-Transport-Security', b'max-age=31536000; includeSubDomains; preload'), (b'Access-Control-Allow-Origin', b'*'), (b'Access-Control-Allow-Methods', b'GET, POST, OPTIONS'), (b'Access-Control-Expose-Headers', b'Content-Length,Content-Type,Date,Server,Connection')])]
[2024-05-21 11:38:32,816]: [_client.py]: _send_single_request: 1773:       INFO:    [HTTP Request: POST https://api.telegram.org/bot6030805959:AAGUHAMxLYc-PrevgKouJ3ZyM7ktu56ftjo/getMe "HTTP/1.1 200 OK"]
[2024-05-21 11:38:32,816]: [_trace.py]: atrace: 85:       DEBUG:    [receive_response_body.started request=<Request [b'POST']>]
[2024-05-21 11:38:32,816]: [_trace.py]: atrace: 85:       DEBUG:    [receive_response_body.complete]
[2024-05-21 11:38:32,816]: [_trace.py]: atrace: 85:       DEBUG:    [response_closed.started]
[2024-05-21 11:38:32,816]: [_trace.py]: atrace: 85:       DEBUG:    [response_closed.complete]
[2024-05-21 11:38:32,816]: [_bot.py]: _do_post: 652:       DEBUG:    [Call to Bot API endpoint `getMe` finished with return value `{'id': 6030805959, 'is_bot': True, 'first_name': 'TyPHoone', 'username': 'TyPHoone_Project_bot', 'can_join_groups': True, 'can_read_all_group_messages': False, 'supports_inline_queries': False, 'can_connect_to_business': False}`]
[2024-05-21 11:38:32,819]: [_bot.py]: _do_post: 643:       DEBUG:    [Calling Bot API endpoint `sendDocument` with parameters `{'chat_id': '-4119703192', 'document': <telegram._files.inputfile.InputFile object at 0x7f022a074300>}`]
[2024-05-21 11:38:32,819]: [_trace.py]: atrace: 85:       DEBUG:    [send_request_headers.started request=<Request [b'POST']>]
[2024-05-21 11:38:32,819]: [_trace.py]: atrace: 85:       DEBUG:    [send_request_headers.complete]
[2024-05-21 11:38:32,819]: [_trace.py]: atrace: 85:       DEBUG:    [send_request_body.started request=<Request [b'POST']>]
[2024-05-21 11:38:33,940]: [_trace.py]: atrace: 85:       DEBUG:    [send_request_body.complete]
[2024-05-21 11:38:33,940]: [_trace.py]: atrace: 85:       DEBUG:    [receive_response_headers.started request=<Request [b'POST']>]
[2024-05-21 11:38:35,222]: [_trace.py]: atrace: 85:       DEBUG:    [receive_response_headers.complete return_value=(b'HTTP/1.1', 200, b'OK', [(b'Server', b'nginx/1.18.0'), (b'Date', b'Tue, 21 May 2024 11:38:35 GMT'), (b'Content-Type', b'application/json'), (b'Content-Length', b'478'), (b'Connection', b'keep-alive'), (b'Strict-Transport-Security', b'max-age=31536000; includeSubDomains; preload'), (b'Access-Control-Allow-Origin', b'*'), (b'Access-Control-Allow-Methods', b'GET, POST, OPTIONS'), (b'Access-Control-Expose-Headers', b'Content-Length,Content-Type,Date,Server,Connection')])]
[2024-05-21 11:38:35,222]: [_client.py]: _send_single_request: 1773:       INFO:    [HTTP Request: POST https://api.telegram.org/bot6030805959:AAGUHAMxLYc-PrevgKouJ3ZyM7ktu56ftjo/sendDocument "HTTP/1.1 200 OK"]
[2024-05-21 11:38:35,222]: [_trace.py]: atrace: 85:       DEBUG:    [receive_response_body.started request=<Request [b'POST']>]
[2024-05-21 11:38:35,222]: [_trace.py]: atrace: 85:       DEBUG:    [receive_response_body.complete]
[2024-05-21 11:38:35,222]: [_trace.py]: atrace: 85:       DEBUG:    [response_closed.started]
[2024-05-21 11:38:35,223]: [_trace.py]: atrace: 85:       DEBUG:    [response_closed.complete]
[2024-05-21 11:38:35,223]: [_bot.py]: _do_post: 652:       DEBUG:    [Call to Bot API endpoint `sendDocument` finished with return value `{'message_id': 803, 'from': {'id': 6030805959, 'is_bot': True, 'first_name': 'TyPHoone', 'username': 'TyPHoone_Project_bot'}, 'chat': {'id': -4119703192, 'title': 'Robocop', 'type': 'group', 'all_members_are_administrators': True}, 'date': 1716291515, 'document': {'file_name': '(2024_05_21--11_38)output.zip', 'mime_type': 'application/zip', 'file_id': 'BQACAgQAAxkDAAIDI2ZMh7pcAZYt6UYnZfoN-g9vYVxdAAJlEgACk7FgUmssoEI5EZ0CNQQ', 'file_unique_id': 'AgADZRIAApOxYFI', 'file_size': 10447186}}`]
[2024-05-21 11:38:35,223]: [_trace.py]: atrace: 85:       DEBUG:    [close.started]
[2024-05-21 11:38:35,223]: [_trace.py]: atrace: 85:       DEBUG:    [close.complete]
[2024-05-21 11:38:35,223]: [Telegram_Sender.py]: runner: 61:       INFO:    [sent successfully]
[2024-05-21 11:38:35,224]: [Main.py]: <module>: 48:       INFO:    [Finished]
