[2025-03-22 11:38:42,489]: [Main.py]: <module>: 21:       INFO:    [Started]
[2025-03-22 11:38:44,218]: [Iron_Scraper.py]: Scrap: 32:       INFO:    [Data Scaraped Successfully]
[2025-03-22 11:38:44,415]: [Iron_Scraper.py]: Scrap: 70:       INFO:    [Scrapped Data Has No Problem]
[2025-03-22 11:38:44,416]: [Iron_Scraper.py]: Scrap: 83:       INFO:    [Data Saved Successfully]
[2025-03-22 11:38:44,416]: [Iron.py]: Run: 26:       INFO:    [Scraping Phase Completed]
[2025-03-22 11:38:44,416]: [Iron_Data_Processor.py]: Data_Reader: 61:       INFO:    [Data File Has Been Red Successfully]
[2025-03-22 11:38:44,416]: [Iron_Data_Processor.py]: Shaper: 78:       INFO:    [Data Shaped]
[2025-03-22 11:38:44,416]: [Iron_Data_Processor.py]: Process: 228:       INFO:    [Data Cleaned]
[2025-03-22 11:38:44,416]: [Iron_Data_Processor.py]: Make_Pages_Objects: 101:       INFO:    [Page Objects Has Been Made]
[2025-03-22 11:38:44,416]: [Iron_Data_Processor.py]: Make_Pages_Objects: 101:       INFO:    [Page Objects Has Been Made]
[2025-03-22 11:38:44,416]: [Iron_Data_Processor.py]: Load_Data: 118:       INFO:    [Data Has Been Load]
[2025-03-22 11:38:44,416]: [Iron_Data_Processor.py]: Load_Data: 118:       INFO:    [Data Has Been Load]
[2025-03-22 11:38:44,417]: [Iron_Data_Processor.py]: Load_positions: 140:       INFO:    [Positions Are Ready]
[2025-03-22 11:38:44,417]: [Iron_Data_Processor.py]: Load_positions: 140:       INFO:    [Positions Are Ready]
[2025-03-22 11:38:45,522]: [Iron_Data_Processor.py]: Make_Tagged_Images: 193:       INFO:    [Images Has Been Made]
[2025-03-22 11:38:46,467]: [Iron_Data_Processor.py]: Make_Tagged_Images: 193:       INFO:    [Images Has Been Made]
[2025-03-22 11:38:46,721]: [Iron_Data_Processor.py]: Make_Cover_Page: 215:       INFO:    [Made Cover Pages]
[2025-03-22 11:38:46,722]: [Iron.py]: Run: 29:       INFO:    [Imagination Phase Completed]
[2025-03-22 11:38:50,083]: [Phone_Scraper.py]: Scrap: 58:       INFO:    [Data Scraped]
[2025-03-22 11:38:50,083]: [Phone_Scraper.py]: Scrap: 71:       INFO:    [Scraped Data Successfully]
[2025-03-22 11:38:50,084]: [Phone.py]: Run: 26:       INFO:    [Scraping Phase Complete]
[2025-03-22 11:38:50,084]: [Phone_Data_Processor.py]: data_reader: 38:       INFO:    [Scraped Data Loaded]
[2025-03-22 11:38:50,085]: [Phone_Data_Processor.py]: filter_list: 65:       INFO:    [Persian Phrases Are deleted]
[2025-03-22 11:38:50,085]: [Phone_Data_Processor.py]: reshape_list: 87:       INFO:    [Date Reshaped]
[2025-03-22 11:38:50,085]: [Phone_Data_Processor.py]: separate_brands: 124:       INFO:    [Brands Are Separated]
[2025-03-22 11:38:50,086]: [Phone_Data_Processor.py]: delete_extra_spaces: 141:       INFO:    [Extra Spaces Are Deleted]
[2025-03-22 11:38:50,839]: [Phone.py]: Run: 29:       INFO:    [Imagination Phase Complete]
[2025-03-22 11:38:50,839]: [selector_events.py]: __init__: 64:       DEBUG:    [Using selector: EpollSelector]
[2025-03-22 11:38:51,115]: [_bot.py]: _do_post: 643:       DEBUG:    [Calling Bot API endpoint `getMe` with parameters `{}`]
[2025-03-22 11:38:51,120]: [_trace.py]: atrace: 87:       DEBUG:    [connect_tcp.started host='api.telegram.org' port=443 local_address=None timeout=5.0 socket_options=None]
[2025-03-22 11:38:51,267]: [_trace.py]: atrace: 87:       DEBUG:    [connect_tcp.complete return_value=<httpcore._backends.anyio.AnyIOStream object at 0x7fa639720260>]
[2025-03-22 11:38:51,267]: [_trace.py]: atrace: 87:       DEBUG:    [start_tls.started ssl_context=<ssl.SSLContext object at 0x7fa63a143bd0> server_hostname='api.telegram.org' timeout=5.0]
[2025-03-22 11:38:51,354]: [_trace.py]: atrace: 87:       DEBUG:    [start_tls.complete return_value=<httpcore._backends.anyio.AnyIOStream object at 0x7fa63a93eb40>]
[2025-03-22 11:38:51,355]: [_trace.py]: atrace: 87:       DEBUG:    [send_request_headers.started request=<Request [b'POST']>]
[2025-03-22 11:38:51,355]: [_trace.py]: atrace: 87:       DEBUG:    [send_request_headers.complete]
[2025-03-22 11:38:51,355]: [_trace.py]: atrace: 87:       DEBUG:    [send_request_body.started request=<Request [b'POST']>]
[2025-03-22 11:38:51,355]: [_trace.py]: atrace: 87:       DEBUG:    [send_request_body.complete]
[2025-03-22 11:38:51,355]: [_trace.py]: atrace: 87:       DEBUG:    [receive_response_headers.started request=<Request [b'POST']>]
[2025-03-22 11:38:51,445]: [_trace.py]: atrace: 87:       DEBUG:    [receive_response_headers.complete return_value=(b'HTTP/1.1', 200, b'OK', [(b'Server', b'nginx/1.18.0'), (b'Date', b'Sat, 22 Mar 2025 11:38:51 GMT'), (b'Content-Type', b'application/json'), (b'Content-Length', b'258'), (b'Connection', b'keep-alive'), (b'Strict-Transport-Security', b'max-age=31536000; includeSubDomains; preload'), (b'Access-Control-Allow-Origin', b'*'), (b'Access-Control-Allow-Methods', b'GET, POST, OPTIONS'), (b'Access-Control-Expose-Headers', b'Content-Length,Content-Type,Date,Server,Connection')])]
[2025-03-22 11:38:51,445]: [_client.py]: _send_single_request: 1740:       INFO:    [HTTP Request: POST https://api.telegram.org/bot6030805959:AAGUHAMxLYc-PrevgKouJ3ZyM7ktu56ftjo/getMe "HTTP/1.1 200 OK"]
[2025-03-22 11:38:51,445]: [_trace.py]: atrace: 87:       DEBUG:    [receive_response_body.started request=<Request [b'POST']>]
[2025-03-22 11:38:51,445]: [_trace.py]: atrace: 87:       DEBUG:    [receive_response_body.complete]
[2025-03-22 11:38:51,446]: [_trace.py]: atrace: 87:       DEBUG:    [response_closed.started]
[2025-03-22 11:38:51,446]: [_trace.py]: atrace: 87:       DEBUG:    [response_closed.complete]
[2025-03-22 11:38:51,446]: [_bot.py]: _do_post: 652:       DEBUG:    [Call to Bot API endpoint `getMe` finished with return value `{'id': 6030805959, 'is_bot': True, 'first_name': 'TyPHoone', 'username': 'TyPHoone_Project_bot', 'can_join_groups': True, 'can_read_all_group_messages': False, 'supports_inline_queries': False, 'can_connect_to_business': False, 'has_main_web_app': False}`]
[2025-03-22 11:38:51,449]: [_bot.py]: _do_post: 643:       DEBUG:    [Calling Bot API endpoint `sendDocument` with parameters `{'chat_id': '-4119703192', 'document': <telegram._files.inputfile.InputFile object at 0x7fa644181280>}`]
[2025-03-22 11:38:51,449]: [_trace.py]: atrace: 87:       DEBUG:    [send_request_headers.started request=<Request [b'POST']>]
[2025-03-22 11:38:51,449]: [_trace.py]: atrace: 87:       DEBUG:    [send_request_headers.complete]
[2025-03-22 11:38:51,449]: [_trace.py]: atrace: 87:       DEBUG:    [send_request_body.started request=<Request [b'POST']>]
[2025-03-22 11:38:51,450]: [_trace.py]: atrace: 87:       DEBUG:    [send_request_body.complete]
[2025-03-22 11:38:51,450]: [_trace.py]: atrace: 87:       DEBUG:    [receive_response_headers.started request=<Request [b'POST']>]
[2025-03-22 11:38:51,709]: [_trace.py]: atrace: 87:       DEBUG:    [receive_response_headers.complete return_value=(b'HTTP/1.1', 200, b'OK', [(b'Server', b'nginx/1.18.0'), (b'Date', b'Sat, 22 Mar 2025 11:38:51 GMT'), (b'Content-Type', b'application/json'), (b'Content-Length', b'464'), (b'Connection', b'keep-alive'), (b'Strict-Transport-Security', b'max-age=31536000; includeSubDomains; preload'), (b'Access-Control-Allow-Origin', b'*'), (b'Access-Control-Allow-Methods', b'GET, POST, OPTIONS'), (b'Access-Control-Expose-Headers', b'Content-Length,Content-Type,Date,Server,Connection')])]
[2025-03-22 11:38:51,710]: [_client.py]: _send_single_request: 1740:       INFO:    [HTTP Request: POST https://api.telegram.org/bot6030805959:AAGUHAMxLYc-PrevgKouJ3ZyM7ktu56ftjo/sendDocument "HTTP/1.1 200 OK"]
[2025-03-22 11:38:51,710]: [_trace.py]: atrace: 87:       DEBUG:    [receive_response_body.started request=<Request [b'POST']>]
[2025-03-22 11:38:51,710]: [_trace.py]: atrace: 87:       DEBUG:    [receive_response_body.complete]
[2025-03-22 11:38:51,710]: [_trace.py]: atrace: 87:       DEBUG:    [response_closed.started]
[2025-03-22 11:38:51,710]: [_trace.py]: atrace: 87:       DEBUG:    [response_closed.complete]
[2025-03-22 11:38:51,710]: [_bot.py]: _do_post: 652:       DEBUG:    [Call to Bot API endpoint `sendDocument` finished with return value `{'message_id': 2247, 'from': {'id': 6030805959, 'is_bot': True, 'first_name': 'TyPHoone', 'username': 'TyPHoone_Project_bot'}, 'chat': {'id': -4119703192, 'title': 'Robocop', 'type': 'group', 'all_members_are_administrators': True}, 'date': 1742643531, 'document': {'file_name': '(2025_03_22--11_38).log', 'mime_type': 'text/plain', 'file_id': 'BQACAgQAAxkDAAIIx2feoUsOKVshwXPmq501VOXeQGhNAAItGgAC8qbwUiHAzwrXRowJNgQ', 'file_unique_id': 'AgADLRoAAvKm8FI', 'file_size': 5937}}`]
[2025-03-22 11:38:51,710]: [_trace.py]: atrace: 87:       DEBUG:    [close.started]
[2025-03-22 11:38:51,711]: [_trace.py]: atrace: 87:       DEBUG:    [close.complete]
[2025-03-22 11:38:51,755]: [_bot.py]: _do_post: 643:       DEBUG:    [Calling Bot API endpoint `getMe` with parameters `{}`]
[2025-03-22 11:38:51,756]: [_trace.py]: atrace: 87:       DEBUG:    [connect_tcp.started host='api.telegram.org' port=443 local_address=None timeout=5.0 socket_options=None]
[2025-03-22 11:38:51,846]: [_trace.py]: atrace: 87:       DEBUG:    [connect_tcp.complete return_value=<httpcore._backends.anyio.AnyIOStream object at 0x7fa63978bf20>]
[2025-03-22 11:38:51,847]: [_trace.py]: atrace: 87:       DEBUG:    [start_tls.started ssl_context=<ssl.SSLContext object at 0x7fa63a1439d0> server_hostname='api.telegram.org' timeout=5.0]
[2025-03-22 11:38:51,939]: [_trace.py]: atrace: 87:       DEBUG:    [start_tls.complete return_value=<httpcore._backends.anyio.AnyIOStream object at 0x7fa639ce8470>]
[2025-03-22 11:38:51,939]: [_trace.py]: atrace: 87:       DEBUG:    [send_request_headers.started request=<Request [b'POST']>]
[2025-03-22 11:38:51,939]: [_trace.py]: atrace: 87:       DEBUG:    [send_request_headers.complete]
[2025-03-22 11:38:51,939]: [_trace.py]: atrace: 87:       DEBUG:    [send_request_body.started request=<Request [b'POST']>]
[2025-03-22 11:38:51,939]: [_trace.py]: atrace: 87:       DEBUG:    [send_request_body.complete]
[2025-03-22 11:38:51,939]: [_trace.py]: atrace: 87:       DEBUG:    [receive_response_headers.started request=<Request [b'POST']>]
[2025-03-22 11:38:52,030]: [_trace.py]: atrace: 87:       DEBUG:    [receive_response_headers.complete return_value=(b'HTTP/1.1', 200, b'OK', [(b'Server', b'nginx/1.18.0'), (b'Date', b'Sat, 22 Mar 2025 11:38:51 GMT'), (b'Content-Type', b'application/json'), (b'Content-Length', b'258'), (b'Connection', b'keep-alive'), (b'Strict-Transport-Security', b'max-age=31536000; includeSubDomains; preload'), (b'Access-Control-Allow-Origin', b'*'), (b'Access-Control-Allow-Methods', b'GET, POST, OPTIONS'), (b'Access-Control-Expose-Headers', b'Content-Length,Content-Type,Date,Server,Connection')])]
[2025-03-22 11:38:52,030]: [_client.py]: _send_single_request: 1740:       INFO:    [HTTP Request: POST https://api.telegram.org/bot6030805959:AAGUHAMxLYc-PrevgKouJ3ZyM7ktu56ftjo/getMe "HTTP/1.1 200 OK"]
[2025-03-22 11:38:52,030]: [_trace.py]: atrace: 87:       DEBUG:    [receive_response_body.started request=<Request [b'POST']>]
[2025-03-22 11:38:52,030]: [_trace.py]: atrace: 87:       DEBUG:    [receive_response_body.complete]
[2025-03-22 11:38:52,030]: [_trace.py]: atrace: 87:       DEBUG:    [response_closed.started]
[2025-03-22 11:38:52,030]: [_trace.py]: atrace: 87:       DEBUG:    [response_closed.complete]
[2025-03-22 11:38:52,030]: [_bot.py]: _do_post: 652:       DEBUG:    [Call to Bot API endpoint `getMe` finished with return value `{'id': 6030805959, 'is_bot': True, 'first_name': 'TyPHoone', 'username': 'TyPHoone_Project_bot', 'can_join_groups': True, 'can_read_all_group_messages': False, 'supports_inline_queries': False, 'can_connect_to_business': False, 'has_main_web_app': False}`]
[2025-03-22 11:38:52,033]: [_bot.py]: _do_post: 643:       DEBUG:    [Calling Bot API endpoint `sendDocument` with parameters `{'chat_id': '-4119703192', 'document': <telegram._files.inputfile.InputFile object at 0x7fa63a1a1f00>}`]
[2025-03-22 11:38:52,033]: [_trace.py]: atrace: 87:       DEBUG:    [send_request_headers.started request=<Request [b'POST']>]
[2025-03-22 11:38:52,033]: [_trace.py]: atrace: 87:       DEBUG:    [send_request_headers.complete]
[2025-03-22 11:38:52,033]: [_trace.py]: atrace: 87:       DEBUG:    [send_request_body.started request=<Request [b'POST']>]
[2025-03-22 11:38:52,936]: [_trace.py]: atrace: 87:       DEBUG:    [send_request_body.complete]
[2025-03-22 11:38:52,936]: [_trace.py]: atrace: 87:       DEBUG:    [receive_response_headers.started request=<Request [b'POST']>]
[2025-03-22 11:38:53,628]: [_trace.py]: atrace: 87:       DEBUG:    [receive_response_headers.complete return_value=(b'HTTP/1.1', 200, b'OK', [(b'Server', b'nginx/1.18.0'), (b'Date', b'Sat, 22 Mar 2025 11:38:53 GMT'), (b'Content-Type', b'application/json'), (b'Content-Length', b'479'), (b'Connection', b'keep-alive'), (b'Strict-Transport-Security', b'max-age=31536000; includeSubDomains; preload'), (b'Access-Control-Allow-Origin', b'*'), (b'Access-Control-Allow-Methods', b'GET, POST, OPTIONS'), (b'Access-Control-Expose-Headers', b'Content-Length,Content-Type,Date,Server,Connection')])]
[2025-03-22 11:38:53,628]: [_client.py]: _send_single_request: 1740:       INFO:    [HTTP Request: POST https://api.telegram.org/bot6030805959:AAGUHAMxLYc-PrevgKouJ3ZyM7ktu56ftjo/sendDocument "HTTP/1.1 200 OK"]
[2025-03-22 11:38:53,628]: [_trace.py]: atrace: 87:       DEBUG:    [receive_response_body.started request=<Request [b'POST']>]
[2025-03-22 11:38:53,628]: [_trace.py]: atrace: 87:       DEBUG:    [receive_response_body.complete]
[2025-03-22 11:38:53,629]: [_trace.py]: atrace: 87:       DEBUG:    [response_closed.started]
[2025-03-22 11:38:53,629]: [_trace.py]: atrace: 87:       DEBUG:    [response_closed.complete]
[2025-03-22 11:38:53,629]: [_bot.py]: _do_post: 652:       DEBUG:    [Call to Bot API endpoint `sendDocument` finished with return value `{'message_id': 2248, 'from': {'id': 6030805959, 'is_bot': True, 'first_name': 'TyPHoone', 'username': 'TyPHoone_Project_bot'}, 'chat': {'id': -4119703192, 'title': 'Robocop', 'type': 'group', 'all_members_are_administrators': True}, 'date': 1742643533, 'document': {'file_name': '(2025_03_22--11_38)output.zip', 'mime_type': 'application/zip', 'file_id': 'BQACAgQAAxkDAAIIyGfeoU2TN_z04k8Jiw_l6HufHlsIAAIuGgAC8qbwUk6OV27Ql7qiNgQ', 'file_unique_id': 'AgADLhoAAvKm8FI', 'file_size': 10106686}}`]
[2025-03-22 11:38:53,629]: [_trace.py]: atrace: 87:       DEBUG:    [close.started]
[2025-03-22 11:38:53,629]: [_trace.py]: atrace: 87:       DEBUG:    [close.complete]
[2025-03-22 11:38:53,629]: [Telegram_Sender.py]: runner: 61:       INFO:    [sent successfully]
[2025-03-22 11:38:53,630]: [Main.py]: <module>: 48:       INFO:    [Finished]
