[2024-07-10 11:38:32,287]: [Main.py]: <module>: 21:       INFO:    [Started]
[2024-07-10 11:38:33,661]: [Iron_Scraper.py]: Scrap: 32:       INFO:    [Data Scaraped Successfully]
[2024-07-10 11:38:33,856]: [Iron_Scraper.py]: Scrap: 70:       INFO:    [Scrapped Data Has No Problem]
[2024-07-10 11:38:33,856]: [Iron_Scraper.py]: Scrap: 83:       INFO:    [Data Saved Successfully]
[2024-07-10 11:38:33,856]: [Iron.py]: Run: 26:       INFO:    [Scraping Phase Completed]
[2024-07-10 11:38:33,856]: [Iron_Data_Processor.py]: Data_Reader: 61:       INFO:    [Data File Has Been Red Successfully]
[2024-07-10 11:38:33,857]: [Iron_Data_Processor.py]: Shaper: 78:       INFO:    [Data Shaped]
[2024-07-10 11:38:33,857]: [Iron_Data_Processor.py]: Process: 228:       INFO:    [Data Cleaned]
[2024-07-10 11:38:33,857]: [Iron_Data_Processor.py]: Make_Pages_Objects: 101:       INFO:    [Page Objects Has Been Made]
[2024-07-10 11:38:33,857]: [Iron_Data_Processor.py]: Make_Pages_Objects: 101:       INFO:    [Page Objects Has Been Made]
[2024-07-10 11:38:33,857]: [Iron_Data_Processor.py]: Load_Data: 118:       INFO:    [Data Has Been Load]
[2024-07-10 11:38:33,857]: [Iron_Data_Processor.py]: Load_Data: 118:       INFO:    [Data Has Been Load]
[2024-07-10 11:38:33,857]: [Iron_Data_Processor.py]: Load_positions: 140:       INFO:    [Positions Are Ready]
[2024-07-10 11:38:33,857]: [Iron_Data_Processor.py]: Load_positions: 140:       INFO:    [Positions Are Ready]
[2024-07-10 11:38:34,983]: [Iron_Data_Processor.py]: Make_Tagged_Images: 193:       INFO:    [Images Has Been Made]
[2024-07-10 11:38:35,932]: [Iron_Data_Processor.py]: Make_Tagged_Images: 193:       INFO:    [Images Has Been Made]
[2024-07-10 11:38:36,186]: [Iron_Data_Processor.py]: Make_Cover_Page: 215:       INFO:    [Made Cover Pages]
[2024-07-10 11:38:36,186]: [Iron.py]: Run: 29:       INFO:    [Imagination Phase Completed]
[2024-07-10 11:38:41,898]: [Phone_Scraper.py]: Scrap: 58:       INFO:    [Data Scraped]
[2024-07-10 11:38:41,898]: [Phone_Scraper.py]: Scrap: 71:       INFO:    [Scraped Data Successfully]
[2024-07-10 11:38:41,899]: [Phone.py]: Run: 26:       INFO:    [Scraping Phase Complete]
[2024-07-10 11:38:41,899]: [Phone_Data_Processor.py]: data_reader: 38:       INFO:    [Scraped Data Loaded]
[2024-07-10 11:38:41,900]: [Phone_Data_Processor.py]: filter_list: 65:       INFO:    [Persian Phrases Are deleted]
[2024-07-10 11:38:41,900]: [Phone_Data_Processor.py]: reshape_list: 87:       INFO:    [Date Reshaped]
[2024-07-10 11:38:41,901]: [Phone_Data_Processor.py]: separate_brands: 124:       INFO:    [Brands Are Separated]
[2024-07-10 11:38:41,901]: [Phone_Data_Processor.py]: delete_extra_spaces: 141:       INFO:    [Extra Spaces Are Deleted]
[2024-07-10 11:38:42,545]: [Phone.py]: Run: 29:       INFO:    [Imagination Phase Complete]
[2024-07-10 11:38:42,546]: [selector_events.py]: __init__: 64:       DEBUG:    [Using selector: EpollSelector]
[2024-07-10 11:38:42,875]: [_bot.py]: _do_post: 643:       DEBUG:    [Calling Bot API endpoint `getMe` with parameters `{}`]
[2024-07-10 11:38:42,879]: [_trace.py]: atrace: 85:       DEBUG:    [connect_tcp.started host='api.telegram.org' port=443 local_address=None timeout=5.0 socket_options=None]
[2024-07-10 11:38:42,996]: [_trace.py]: atrace: 85:       DEBUG:    [connect_tcp.complete return_value=<httpcore._backends.anyio.AnyIOStream object at 0x7fd8d3fb55e0>]
[2024-07-10 11:38:42,997]: [_trace.py]: atrace: 85:       DEBUG:    [start_tls.started ssl_context=<ssl.SSLContext object at 0x7fd8d3d36a50> server_hostname='api.telegram.org' timeout=5.0]
[2024-07-10 11:38:43,086]: [_trace.py]: atrace: 85:       DEBUG:    [start_tls.complete return_value=<httpcore._backends.anyio.AnyIOStream object at 0x7fd8d3fb6c60>]
[2024-07-10 11:38:43,086]: [_trace.py]: atrace: 85:       DEBUG:    [send_request_headers.started request=<Request [b'POST']>]
[2024-07-10 11:38:43,087]: [_trace.py]: atrace: 85:       DEBUG:    [send_request_headers.complete]
[2024-07-10 11:38:43,087]: [_trace.py]: atrace: 85:       DEBUG:    [send_request_body.started request=<Request [b'POST']>]
[2024-07-10 11:38:43,087]: [_trace.py]: atrace: 85:       DEBUG:    [send_request_body.complete]
[2024-07-10 11:38:43,087]: [_trace.py]: atrace: 85:       DEBUG:    [receive_response_headers.started request=<Request [b'POST']>]
[2024-07-10 11:38:43,173]: [_trace.py]: atrace: 85:       DEBUG:    [receive_response_headers.complete return_value=(b'HTTP/1.1', 200, b'OK', [(b'Server', b'nginx/1.18.0'), (b'Date', b'Wed, 10 Jul 2024 11:38:43 GMT'), (b'Content-Type', b'application/json'), (b'Content-Length', b'233'), (b'Connection', b'keep-alive'), (b'Strict-Transport-Security', b'max-age=31536000; includeSubDomains; preload'), (b'Access-Control-Allow-Origin', b'*'), (b'Access-Control-Allow-Methods', b'GET, POST, OPTIONS'), (b'Access-Control-Expose-Headers', b'Content-Length,Content-Type,Date,Server,Connection')])]
[2024-07-10 11:38:43,173]: [_client.py]: _send_single_request: 1773:       INFO:    [HTTP Request: POST https://api.telegram.org/bot6030805959:AAGUHAMxLYc-PrevgKouJ3ZyM7ktu56ftjo/getMe "HTTP/1.1 200 OK"]
[2024-07-10 11:38:43,173]: [_trace.py]: atrace: 85:       DEBUG:    [receive_response_body.started request=<Request [b'POST']>]
[2024-07-10 11:38:43,173]: [_trace.py]: atrace: 85:       DEBUG:    [receive_response_body.complete]
[2024-07-10 11:38:43,173]: [_trace.py]: atrace: 85:       DEBUG:    [response_closed.started]
[2024-07-10 11:38:43,173]: [_trace.py]: atrace: 85:       DEBUG:    [response_closed.complete]
[2024-07-10 11:38:43,174]: [_bot.py]: _do_post: 652:       DEBUG:    [Call to Bot API endpoint `getMe` finished with return value `{'id': 6030805959, 'is_bot': True, 'first_name': 'TyPHoone', 'username': 'TyPHoone_Project_bot', 'can_join_groups': True, 'can_read_all_group_messages': False, 'supports_inline_queries': False, 'can_connect_to_business': False}`]
[2024-07-10 11:38:43,177]: [_bot.py]: _do_post: 643:       DEBUG:    [Calling Bot API endpoint `sendDocument` with parameters `{'chat_id': '-4119703192', 'document': <telegram._files.inputfile.InputFile object at 0x7fd8d3d42d00>}`]
[2024-07-10 11:38:43,177]: [_trace.py]: atrace: 85:       DEBUG:    [send_request_headers.started request=<Request [b'POST']>]
[2024-07-10 11:38:43,177]: [_trace.py]: atrace: 85:       DEBUG:    [send_request_headers.complete]
[2024-07-10 11:38:43,178]: [_trace.py]: atrace: 85:       DEBUG:    [send_request_body.started request=<Request [b'POST']>]
[2024-07-10 11:38:43,178]: [_trace.py]: atrace: 85:       DEBUG:    [send_request_body.complete]
[2024-07-10 11:38:43,178]: [_trace.py]: atrace: 85:       DEBUG:    [receive_response_headers.started request=<Request [b'POST']>]
[2024-07-10 11:38:43,323]: [_trace.py]: atrace: 85:       DEBUG:    [receive_response_headers.complete return_value=(b'HTTP/1.1', 200, b'OK', [(b'Server', b'nginx/1.18.0'), (b'Date', b'Wed, 10 Jul 2024 11:38:43 GMT'), (b'Content-Type', b'application/json'), (b'Content-Length', b'463'), (b'Connection', b'keep-alive'), (b'Strict-Transport-Security', b'max-age=31536000; includeSubDomains; preload'), (b'Access-Control-Allow-Origin', b'*'), (b'Access-Control-Allow-Methods', b'GET, POST, OPTIONS'), (b'Access-Control-Expose-Headers', b'Content-Length,Content-Type,Date,Server,Connection')])]
[2024-07-10 11:38:43,324]: [_client.py]: _send_single_request: 1773:       INFO:    [HTTP Request: POST https://api.telegram.org/bot6030805959:AAGUHAMxLYc-PrevgKouJ3ZyM7ktu56ftjo/sendDocument "HTTP/1.1 200 OK"]
[2024-07-10 11:38:43,324]: [_trace.py]: atrace: 85:       DEBUG:    [receive_response_body.started request=<Request [b'POST']>]
[2024-07-10 11:38:43,324]: [_trace.py]: atrace: 85:       DEBUG:    [receive_response_body.complete]
[2024-07-10 11:38:43,324]: [_trace.py]: atrace: 85:       DEBUG:    [response_closed.started]
[2024-07-10 11:38:43,324]: [_trace.py]: atrace: 85:       DEBUG:    [response_closed.complete]
[2024-07-10 11:38:43,324]: [_bot.py]: _do_post: 652:       DEBUG:    [Call to Bot API endpoint `sendDocument` finished with return value `{'message_id': 903, 'from': {'id': 6030805959, 'is_bot': True, 'first_name': 'TyPHoone', 'username': 'TyPHoone_Project_bot'}, 'chat': {'id': -4119703192, 'title': 'Robocop', 'type': 'group', 'all_members_are_administrators': True}, 'date': 1720611523, 'document': {'file_name': '(2024_07_10--11_38).log', 'mime_type': 'text/plain', 'file_id': 'BQACAgQAAxkDAAIDh2aOcsMtwYTC71FH2j_kTnLPQJNEAAI6FAACZ31wUMYTSj_bX4XXNQQ', 'file_unique_id': 'AgADOhQAAmd9cFA', 'file_size': 5910}}`]
[2024-07-10 11:38:43,325]: [_trace.py]: atrace: 85:       DEBUG:    [close.started]
[2024-07-10 11:38:43,325]: [_trace.py]: atrace: 85:       DEBUG:    [close.complete]
[2024-07-10 11:38:43,325]: [_config.py]: load_ssl_context: 80:       DEBUG:    [load_ssl_context verify=True cert=None trust_env=True http2=False]
[2024-07-10 11:38:43,325]: [_config.py]: load_ssl_context_verify: 146:       DEBUG:    [load_verify_locations cafile='/opt/hostedtoolcache/Python/3.12.4/x64/lib/python3.12/site-packages/certifi/cacert.pem']
[2024-07-10 11:38:43,354]: [_config.py]: load_ssl_context: 80:       DEBUG:    [load_ssl_context verify=True cert=None trust_env=True http2=False]
[2024-07-10 11:38:43,354]: [_config.py]: load_ssl_context_verify: 146:       DEBUG:    [load_verify_locations cafile='/opt/hostedtoolcache/Python/3.12.4/x64/lib/python3.12/site-packages/certifi/cacert.pem']
[2024-07-10 11:38:43,381]: [_bot.py]: _do_post: 643:       DEBUG:    [Calling Bot API endpoint `getMe` with parameters `{}`]
[2024-07-10 11:38:43,381]: [_trace.py]: atrace: 85:       DEBUG:    [connect_tcp.started host='api.telegram.org' port=443 local_address=None timeout=5.0 socket_options=None]
[2024-07-10 11:38:43,467]: [_trace.py]: atrace: 85:       DEBUG:    [connect_tcp.complete return_value=<httpcore._backends.anyio.AnyIOStream object at 0x7fd8d3a0f560>]
[2024-07-10 11:38:43,467]: [_trace.py]: atrace: 85:       DEBUG:    [start_tls.started ssl_context=<ssl.SSLContext object at 0x7fd8d3d36850> server_hostname='api.telegram.org' timeout=5.0]
[2024-07-10 11:38:43,555]: [_trace.py]: atrace: 85:       DEBUG:    [start_tls.complete return_value=<httpcore._backends.anyio.AnyIOStream object at 0x7fd8d3a0d0d0>]
[2024-07-10 11:38:43,555]: [_trace.py]: atrace: 85:       DEBUG:    [send_request_headers.started request=<Request [b'POST']>]
[2024-07-10 11:38:43,556]: [_trace.py]: atrace: 85:       DEBUG:    [send_request_headers.complete]
[2024-07-10 11:38:43,556]: [_trace.py]: atrace: 85:       DEBUG:    [send_request_body.started request=<Request [b'POST']>]
[2024-07-10 11:38:43,556]: [_trace.py]: atrace: 85:       DEBUG:    [send_request_body.complete]
[2024-07-10 11:38:43,556]: [_trace.py]: atrace: 85:       DEBUG:    [receive_response_headers.started request=<Request [b'POST']>]
[2024-07-10 11:38:43,655]: [_trace.py]: atrace: 85:       DEBUG:    [receive_response_headers.complete return_value=(b'HTTP/1.1', 200, b'OK', [(b'Server', b'nginx/1.18.0'), (b'Date', b'Wed, 10 Jul 2024 11:38:43 GMT'), (b'Content-Type', b'application/json'), (b'Content-Length', b'233'), (b'Connection', b'keep-alive'), (b'Strict-Transport-Security', b'max-age=31536000; includeSubDomains; preload'), (b'Access-Control-Allow-Origin', b'*'), (b'Access-Control-Allow-Methods', b'GET, POST, OPTIONS'), (b'Access-Control-Expose-Headers', b'Content-Length,Content-Type,Date,Server,Connection')])]
[2024-07-10 11:38:43,655]: [_client.py]: _send_single_request: 1773:       INFO:    [HTTP Request: POST https://api.telegram.org/bot6030805959:AAGUHAMxLYc-PrevgKouJ3ZyM7ktu56ftjo/getMe "HTTP/1.1 200 OK"]
[2024-07-10 11:38:43,656]: [_trace.py]: atrace: 85:       DEBUG:    [receive_response_body.started request=<Request [b'POST']>]
[2024-07-10 11:38:43,656]: [_trace.py]: atrace: 85:       DEBUG:    [receive_response_body.complete]
[2024-07-10 11:38:43,656]: [_trace.py]: atrace: 85:       DEBUG:    [response_closed.started]
[2024-07-10 11:38:43,656]: [_trace.py]: atrace: 85:       DEBUG:    [response_closed.complete]
[2024-07-10 11:38:43,656]: [_bot.py]: _do_post: 652:       DEBUG:    [Call to Bot API endpoint `getMe` finished with return value `{'id': 6030805959, 'is_bot': True, 'first_name': 'TyPHoone', 'username': 'TyPHoone_Project_bot', 'can_join_groups': True, 'can_read_all_group_messages': False, 'supports_inline_queries': False, 'can_connect_to_business': False}`]
[2024-07-10 11:38:43,658]: [_bot.py]: _do_post: 643:       DEBUG:    [Calling Bot API endpoint `sendDocument` with parameters `{'chat_id': '-4119703192', 'document': <telegram._files.inputfile.InputFile object at 0x7fd8d34d8e00>}`]
[2024-07-10 11:38:43,659]: [_trace.py]: atrace: 85:       DEBUG:    [send_request_headers.started request=<Request [b'POST']>]
[2024-07-10 11:38:43,659]: [_trace.py]: atrace: 85:       DEBUG:    [send_request_headers.complete]
[2024-07-10 11:38:43,659]: [_trace.py]: atrace: 85:       DEBUG:    [send_request_body.started request=<Request [b'POST']>]
[2024-07-10 11:38:44,476]: [_trace.py]: atrace: 85:       DEBUG:    [send_request_body.complete]
[2024-07-10 11:38:44,476]: [_trace.py]: atrace: 85:       DEBUG:    [receive_response_headers.started request=<Request [b'POST']>]
[2024-07-10 11:38:45,180]: [_trace.py]: atrace: 85:       DEBUG:    [receive_response_headers.complete return_value=(b'HTTP/1.1', 200, b'OK', [(b'Server', b'nginx/1.18.0'), (b'Date', b'Wed, 10 Jul 2024 11:38:45 GMT'), (b'Content-Type', b'application/json'), (b'Content-Length', b'477'), (b'Connection', b'keep-alive'), (b'Strict-Transport-Security', b'max-age=31536000; includeSubDomains; preload'), (b'Access-Control-Allow-Origin', b'*'), (b'Access-Control-Allow-Methods', b'GET, POST, OPTIONS'), (b'Access-Control-Expose-Headers', b'Content-Length,Content-Type,Date,Server,Connection')])]
[2024-07-10 11:38:45,181]: [_client.py]: _send_single_request: 1773:       INFO:    [HTTP Request: POST https://api.telegram.org/bot6030805959:AAGUHAMxLYc-PrevgKouJ3ZyM7ktu56ftjo/sendDocument "HTTP/1.1 200 OK"]
[2024-07-10 11:38:45,181]: [_trace.py]: atrace: 85:       DEBUG:    [receive_response_body.started request=<Request [b'POST']>]
[2024-07-10 11:38:45,181]: [_trace.py]: atrace: 85:       DEBUG:    [receive_response_body.complete]
[2024-07-10 11:38:45,181]: [_trace.py]: atrace: 85:       DEBUG:    [response_closed.started]
[2024-07-10 11:38:45,181]: [_trace.py]: atrace: 85:       DEBUG:    [response_closed.complete]
[2024-07-10 11:38:45,181]: [_bot.py]: _do_post: 652:       DEBUG:    [Call to Bot API endpoint `sendDocument` finished with return value `{'message_id': 904, 'from': {'id': 6030805959, 'is_bot': True, 'first_name': 'TyPHoone', 'username': 'TyPHoone_Project_bot'}, 'chat': {'id': -4119703192, 'title': 'Robocop', 'type': 'group', 'all_members_are_administrators': True}, 'date': 1720611525, 'document': {'file_name': '(2024_07_10--11_38)output.zip', 'mime_type': 'application/zip', 'file_id': 'BQACAgQAAxkDAAIDiGaOcsRvgYz8rH4D6w_H2HFnVpmnAAI7FAACZ31wUCVMTNtfrfQVNQQ', 'file_unique_id': 'AgADOxQAAmd9cFA', 'file_size': 9860078}}`]
[2024-07-10 11:38:45,182]: [_trace.py]: atrace: 85:       DEBUG:    [close.started]
[2024-07-10 11:38:45,182]: [_trace.py]: atrace: 85:       DEBUG:    [close.complete]
[2024-07-10 11:38:45,182]: [Telegram_Sender.py]: runner: 61:       INFO:    [sent successfully]
[2024-07-10 11:38:45,183]: [Main.py]: <module>: 48:       INFO:    [Finished]
