[2025-11-02 11:39:44,706]: [Main.py]: <module>: 21:       INFO:    [Started]
[2025-11-02 11:39:46,228]: [Iron_Scraper.py]: Scrap: 32:       INFO:    [Data Scaraped Successfully]
[2025-11-02 11:39:46,435]: [Iron_Scraper.py]: Scrap: 70:       INFO:    [Scrapped Data Has No Problem]
[2025-11-02 11:39:46,435]: [Iron_Scraper.py]: Scrap: 83:       INFO:    [Data Saved Successfully]
[2025-11-02 11:39:46,435]: [Iron.py]: Run: 26:       INFO:    [Scraping Phase Completed]
[2025-11-02 11:39:46,435]: [Iron_Data_Processor.py]: Data_Reader: 61:       INFO:    [Data File Has Been Red Successfully]
[2025-11-02 11:39:46,435]: [Iron_Data_Processor.py]: Shaper: 78:       INFO:    [Data Shaped]
[2025-11-02 11:39:46,436]: [Iron_Data_Processor.py]: Process: 228:       INFO:    [Data Cleaned]
[2025-11-02 11:39:46,436]: [Iron_Data_Processor.py]: Make_Pages_Objects: 101:       INFO:    [Page Objects Has Been Made]
[2025-11-02 11:39:46,436]: [Iron_Data_Processor.py]: Make_Pages_Objects: 101:       INFO:    [Page Objects Has Been Made]
[2025-11-02 11:39:46,436]: [Iron_Data_Processor.py]: Load_Data: 118:       INFO:    [Data Has Been Load]
[2025-11-02 11:39:46,436]: [Iron_Data_Processor.py]: Load_Data: 118:       INFO:    [Data Has Been Load]
[2025-11-02 11:39:46,436]: [Iron_Data_Processor.py]: Load_positions: 140:       INFO:    [Positions Are Ready]
[2025-11-02 11:39:46,437]: [Iron_Data_Processor.py]: Load_positions: 140:       INFO:    [Positions Are Ready]
[2025-11-02 11:39:47,577]: [Iron_Data_Processor.py]: Make_Tagged_Images: 193:       INFO:    [Images Has Been Made]
[2025-11-02 11:39:48,550]: [Iron_Data_Processor.py]: Make_Tagged_Images: 193:       INFO:    [Images Has Been Made]
[2025-11-02 11:39:48,808]: [Iron_Data_Processor.py]: Make_Cover_Page: 215:       INFO:    [Made Cover Pages]
[2025-11-02 11:39:48,809]: [Iron.py]: Run: 29:       INFO:    [Imagination Phase Completed]
[2025-11-02 11:39:51,995]: [Phone_Scraper.py]: Scrap: 58:       INFO:    [Data Scraped]
[2025-11-02 11:39:51,995]: [Phone_Scraper.py]: Scrap: 71:       INFO:    [Scraped Data Successfully]
[2025-11-02 11:39:51,995]: [Phone.py]: Run: 26:       INFO:    [Scraping Phase Complete]
[2025-11-02 11:39:51,995]: [Phone_Data_Processor.py]: data_reader: 38:       INFO:    [Scraped Data Loaded]
[2025-11-02 11:39:51,996]: [Phone_Data_Processor.py]: filter_list: 65:       INFO:    [Persian Phrases Are deleted]
[2025-11-02 11:39:51,997]: [Phone_Data_Processor.py]: reshape_list: 87:       INFO:    [Date Reshaped]
[2025-11-02 11:39:51,997]: [Phone_Data_Processor.py]: separate_brands: 124:       INFO:    [Brands Are Separated]
[2025-11-02 11:39:51,998]: [Phone_Data_Processor.py]: delete_extra_spaces: 141:       INFO:    [Extra Spaces Are Deleted]
[2025-11-02 11:39:52,742]: [Phone.py]: Run: 29:       INFO:    [Imagination Phase Complete]
[2025-11-02 11:39:52,743]: [selector_events.py]: __init__: 64:       DEBUG:    [Using selector: EpollSelector]
[2025-11-02 11:39:53,019]: [_bot.py]: _do_post: 643:       DEBUG:    [Calling Bot API endpoint `getMe` with parameters `{}`]
[2025-11-02 11:39:53,023]: [_trace.py]: atrace: 87:       DEBUG:    [connect_tcp.started host='api.telegram.org' port=443 local_address=None timeout=5.0 socket_options=None]
[2025-11-02 11:39:53,213]: [_trace.py]: atrace: 87:       DEBUG:    [connect_tcp.complete return_value=<httpcore._backends.anyio.AnyIOStream object at 0x7fc81709ac60>]
[2025-11-02 11:39:53,214]: [_trace.py]: atrace: 87:       DEBUG:    [start_tls.started ssl_context=<ssl.SSLContext object at 0x7fc808db1e50> server_hostname='api.telegram.org' timeout=5.0]
[2025-11-02 11:39:53,300]: [_trace.py]: atrace: 87:       DEBUG:    [start_tls.complete return_value=<httpcore._backends.anyio.AnyIOStream object at 0x7fc808ec86b0>]
[2025-11-02 11:39:53,300]: [_trace.py]: atrace: 87:       DEBUG:    [send_request_headers.started request=<Request [b'POST']>]
[2025-11-02 11:39:53,301]: [_trace.py]: atrace: 87:       DEBUG:    [send_request_headers.complete]
[2025-11-02 11:39:53,301]: [_trace.py]: atrace: 87:       DEBUG:    [send_request_body.started request=<Request [b'POST']>]
[2025-11-02 11:39:53,301]: [_trace.py]: atrace: 87:       DEBUG:    [send_request_body.complete]
[2025-11-02 11:39:53,301]: [_trace.py]: atrace: 87:       DEBUG:    [receive_response_headers.started request=<Request [b'POST']>]
[2025-11-02 11:39:53,385]: [_trace.py]: atrace: 87:       DEBUG:    [receive_response_headers.complete return_value=(b'HTTP/1.1', 200, b'OK', [(b'Server', b'nginx/1.18.0'), (b'Date', b'Sun, 02 Nov 2025 11:39:53 GMT'), (b'Content-Type', b'application/json'), (b'Content-Length', b'258'), (b'Connection', b'keep-alive'), (b'Strict-Transport-Security', b'max-age=31536000; includeSubDomains; preload'), (b'Access-Control-Allow-Origin', b'*'), (b'Access-Control-Allow-Methods', b'GET, POST, OPTIONS'), (b'Access-Control-Expose-Headers', b'Content-Length,Content-Type,Date,Server,Connection')])]
[2025-11-02 11:39:53,386]: [_client.py]: _send_single_request: 1740:       INFO:    [HTTP Request: POST https://api.telegram.org/bot6030805959:AAGUHAMxLYc-PrevgKouJ3ZyM7ktu56ftjo/getMe "HTTP/1.1 200 OK"]
[2025-11-02 11:39:53,386]: [_trace.py]: atrace: 87:       DEBUG:    [receive_response_body.started request=<Request [b'POST']>]
[2025-11-02 11:39:53,386]: [_trace.py]: atrace: 87:       DEBUG:    [receive_response_body.complete]
[2025-11-02 11:39:53,386]: [_trace.py]: atrace: 87:       DEBUG:    [response_closed.started]
[2025-11-02 11:39:53,386]: [_trace.py]: atrace: 87:       DEBUG:    [response_closed.complete]
[2025-11-02 11:39:53,386]: [_bot.py]: _do_post: 652:       DEBUG:    [Call to Bot API endpoint `getMe` finished with return value `{'id': 6030805959, 'is_bot': True, 'first_name': 'TyPHoone', 'username': 'TyPHoone_Project_bot', 'can_join_groups': True, 'can_read_all_group_messages': False, 'supports_inline_queries': False, 'can_connect_to_business': False, 'has_main_web_app': False}`]
[2025-11-02 11:39:53,390]: [_bot.py]: _do_post: 643:       DEBUG:    [Calling Bot API endpoint `sendDocument` with parameters `{'chat_id': '-4119703192', 'document': <telegram._files.inputfile.InputFile object at 0x7fc8083ac1c0>}`]
[2025-11-02 11:39:53,390]: [_trace.py]: atrace: 87:       DEBUG:    [send_request_headers.started request=<Request [b'POST']>]
[2025-11-02 11:39:53,391]: [_trace.py]: atrace: 87:       DEBUG:    [send_request_headers.complete]
[2025-11-02 11:39:53,391]: [_trace.py]: atrace: 87:       DEBUG:    [send_request_body.started request=<Request [b'POST']>]
[2025-11-02 11:39:53,391]: [_trace.py]: atrace: 87:       DEBUG:    [send_request_body.complete]
[2025-11-02 11:39:53,391]: [_trace.py]: atrace: 87:       DEBUG:    [receive_response_headers.started request=<Request [b'POST']>]
[2025-11-02 11:39:53,868]: [_trace.py]: atrace: 87:       DEBUG:    [receive_response_headers.complete return_value=(b'HTTP/1.1', 200, b'OK', [(b'Server', b'nginx/1.18.0'), (b'Date', b'Sun, 02 Nov 2025 11:39:53 GMT'), (b'Content-Type', b'application/json'), (b'Content-Length', b'584'), (b'Connection', b'keep-alive'), (b'Strict-Transport-Security', b'max-age=31536000; includeSubDomains; preload'), (b'Access-Control-Allow-Origin', b'*'), (b'Access-Control-Allow-Methods', b'GET, POST, OPTIONS'), (b'Access-Control-Expose-Headers', b'Content-Length,Content-Type,Date,Server,Connection')])]
[2025-11-02 11:39:53,868]: [_client.py]: _send_single_request: 1740:       INFO:    [HTTP Request: POST https://api.telegram.org/bot6030805959:AAGUHAMxLYc-PrevgKouJ3ZyM7ktu56ftjo/sendDocument "HTTP/1.1 200 OK"]
[2025-11-02 11:39:53,868]: [_trace.py]: atrace: 87:       DEBUG:    [receive_response_body.started request=<Request [b'POST']>]
[2025-11-02 11:39:53,869]: [_trace.py]: atrace: 87:       DEBUG:    [receive_response_body.complete]
[2025-11-02 11:39:53,869]: [_trace.py]: atrace: 87:       DEBUG:    [response_closed.started]
[2025-11-02 11:39:53,869]: [_trace.py]: atrace: 87:       DEBUG:    [response_closed.complete]
[2025-11-02 11:39:53,869]: [_bot.py]: _do_post: 652:       DEBUG:    [Call to Bot API endpoint `sendDocument` finished with return value `{'message_id': 2702, 'from': {'id': 6030805959, 'is_bot': True, 'first_name': 'TyPHoone', 'username': 'TyPHoone_Project_bot'}, 'chat': {'id': -4119703192, 'title': 'Robocop', 'type': 'group', 'all_members_are_administrators': True, 'accepted_gift_types': {'unlimited_gifts': False, 'limited_gifts': False, 'unique_gifts': False, 'premium_subscription': False}}, 'date': 1762083593, 'document': {'file_name': '(2025_11_02--11_39).log', 'mime_type': 'text/plain', 'file_id': 'BQACAgQAAxkDAAIKjmkHQwl45jW1WY9HyFWCA7Pang5rAAIPHAACorA5UOrK6g5bc_bsNgQ', 'file_unique_id': 'AgADDxwAAqKwOVA', 'file_size': 5937}}`]
[2025-11-02 11:39:53,870]: [_trace.py]: atrace: 87:       DEBUG:    [close.started]
[2025-11-02 11:39:53,870]: [_trace.py]: atrace: 87:       DEBUG:    [close.complete]
[2025-11-02 11:39:53,913]: [_bot.py]: _do_post: 643:       DEBUG:    [Calling Bot API endpoint `getMe` with parameters `{}`]
[2025-11-02 11:39:53,914]: [_trace.py]: atrace: 87:       DEBUG:    [connect_tcp.started host='api.telegram.org' port=443 local_address=None timeout=5.0 socket_options=None]
[2025-11-02 11:39:53,999]: [_trace.py]: atrace: 87:       DEBUG:    [connect_tcp.complete return_value=<httpcore._backends.anyio.AnyIOStream object at 0x7fc8083e1970>]
[2025-11-02 11:39:53,999]: [_trace.py]: atrace: 87:       DEBUG:    [start_tls.started ssl_context=<ssl.SSLContext object at 0x7fc808db1d50> server_hostname='api.telegram.org' timeout=5.0]
[2025-11-02 11:39:54,087]: [_trace.py]: atrace: 87:       DEBUG:    [start_tls.complete return_value=<httpcore._backends.anyio.AnyIOStream object at 0x7fc809609520>]
[2025-11-02 11:39:54,087]: [_trace.py]: atrace: 87:       DEBUG:    [send_request_headers.started request=<Request [b'POST']>]
[2025-11-02 11:39:54,087]: [_trace.py]: atrace: 87:       DEBUG:    [send_request_headers.complete]
[2025-11-02 11:39:54,087]: [_trace.py]: atrace: 87:       DEBUG:    [send_request_body.started request=<Request [b'POST']>]
[2025-11-02 11:39:54,087]: [_trace.py]: atrace: 87:       DEBUG:    [send_request_body.complete]
[2025-11-02 11:39:54,087]: [_trace.py]: atrace: 87:       DEBUG:    [receive_response_headers.started request=<Request [b'POST']>]
[2025-11-02 11:39:54,173]: [_trace.py]: atrace: 87:       DEBUG:    [receive_response_headers.complete return_value=(b'HTTP/1.1', 200, b'OK', [(b'Server', b'nginx/1.18.0'), (b'Date', b'Sun, 02 Nov 2025 11:39:54 GMT'), (b'Content-Type', b'application/json'), (b'Content-Length', b'258'), (b'Connection', b'keep-alive'), (b'Strict-Transport-Security', b'max-age=31536000; includeSubDomains; preload'), (b'Access-Control-Allow-Origin', b'*'), (b'Access-Control-Allow-Methods', b'GET, POST, OPTIONS'), (b'Access-Control-Expose-Headers', b'Content-Length,Content-Type,Date,Server,Connection')])]
[2025-11-02 11:39:54,174]: [_client.py]: _send_single_request: 1740:       INFO:    [HTTP Request: POST https://api.telegram.org/bot6030805959:AAGUHAMxLYc-PrevgKouJ3ZyM7ktu56ftjo/getMe "HTTP/1.1 200 OK"]
[2025-11-02 11:39:54,174]: [_trace.py]: atrace: 87:       DEBUG:    [receive_response_body.started request=<Request [b'POST']>]
[2025-11-02 11:39:54,174]: [_trace.py]: atrace: 87:       DEBUG:    [receive_response_body.complete]
[2025-11-02 11:39:54,174]: [_trace.py]: atrace: 87:       DEBUG:    [response_closed.started]
[2025-11-02 11:39:54,174]: [_trace.py]: atrace: 87:       DEBUG:    [response_closed.complete]
[2025-11-02 11:39:54,174]: [_bot.py]: _do_post: 652:       DEBUG:    [Call to Bot API endpoint `getMe` finished with return value `{'id': 6030805959, 'is_bot': True, 'first_name': 'TyPHoone', 'username': 'TyPHoone_Project_bot', 'can_join_groups': True, 'can_read_all_group_messages': False, 'supports_inline_queries': False, 'can_connect_to_business': False, 'has_main_web_app': False}`]
[2025-11-02 11:39:54,178]: [_bot.py]: _do_post: 643:       DEBUG:    [Calling Bot API endpoint `sendDocument` with parameters `{'chat_id': '-4119703192', 'document': <telegram._files.inputfile.InputFile object at 0x7fc808de8e40>}`]
[2025-11-02 11:39:54,178]: [_trace.py]: atrace: 87:       DEBUG:    [send_request_headers.started request=<Request [b'POST']>]
[2025-11-02 11:39:54,178]: [_trace.py]: atrace: 87:       DEBUG:    [send_request_headers.complete]
[2025-11-02 11:39:54,178]: [_trace.py]: atrace: 87:       DEBUG:    [send_request_body.started request=<Request [b'POST']>]
[2025-11-02 11:39:55,020]: [_trace.py]: atrace: 87:       DEBUG:    [send_request_body.complete]
[2025-11-02 11:39:55,020]: [_trace.py]: atrace: 87:       DEBUG:    [receive_response_headers.started request=<Request [b'POST']>]
[2025-11-02 11:39:55,772]: [_trace.py]: atrace: 87:       DEBUG:    [receive_response_headers.complete return_value=(b'HTTP/1.1', 200, b'OK', [(b'Server', b'nginx/1.18.0'), (b'Date', b'Sun, 02 Nov 2025 11:39:55 GMT'), (b'Content-Type', b'application/json'), (b'Content-Length', b'599'), (b'Connection', b'keep-alive'), (b'Strict-Transport-Security', b'max-age=31536000; includeSubDomains; preload'), (b'Access-Control-Allow-Origin', b'*'), (b'Access-Control-Allow-Methods', b'GET, POST, OPTIONS'), (b'Access-Control-Expose-Headers', b'Content-Length,Content-Type,Date,Server,Connection')])]
[2025-11-02 11:39:55,772]: [_client.py]: _send_single_request: 1740:       INFO:    [HTTP Request: POST https://api.telegram.org/bot6030805959:AAGUHAMxLYc-PrevgKouJ3ZyM7ktu56ftjo/sendDocument "HTTP/1.1 200 OK"]
[2025-11-02 11:39:55,773]: [_trace.py]: atrace: 87:       DEBUG:    [receive_response_body.started request=<Request [b'POST']>]
[2025-11-02 11:39:55,773]: [_trace.py]: atrace: 87:       DEBUG:    [receive_response_body.complete]
[2025-11-02 11:39:55,773]: [_trace.py]: atrace: 87:       DEBUG:    [response_closed.started]
[2025-11-02 11:39:55,773]: [_trace.py]: atrace: 87:       DEBUG:    [response_closed.complete]
[2025-11-02 11:39:55,773]: [_bot.py]: _do_post: 652:       DEBUG:    [Call to Bot API endpoint `sendDocument` finished with return value `{'message_id': 2703, 'from': {'id': 6030805959, 'is_bot': True, 'first_name': 'TyPHoone', 'username': 'TyPHoone_Project_bot'}, 'chat': {'id': -4119703192, 'title': 'Robocop', 'type': 'group', 'all_members_are_administrators': True, 'accepted_gift_types': {'unlimited_gifts': False, 'limited_gifts': False, 'unique_gifts': False, 'premium_subscription': False}}, 'date': 1762083595, 'document': {'file_name': '(2025_11_02--11_39)output.zip', 'mime_type': 'application/zip', 'file_id': 'BQACAgQAAxkDAAIKj2kHQwsBxiDKNxQUBZxg0mwkBejcAAIQHAACorA5UO8n8BSyP14mNgQ', 'file_unique_id': 'AgADEBwAAqKwOVA', 'file_size': 10076954}}`]
[2025-11-02 11:39:55,773]: [_trace.py]: atrace: 87:       DEBUG:    [close.started]
[2025-11-02 11:39:55,774]: [_trace.py]: atrace: 87:       DEBUG:    [close.complete]
[2025-11-02 11:39:55,774]: [Telegram_Sender.py]: runner: 61:       INFO:    [sent successfully]
[2025-11-02 11:39:55,775]: [Main.py]: <module>: 48:       INFO:    [Finished]
