[2024-07-18 11:37:49,532]: [Main.py]: <module>: 21:       INFO:    [Started]
[2024-07-18 11:37:51,470]: [Iron_Scraper.py]: Scrap: 32:       INFO:    [Data Scaraped Successfully]
[2024-07-18 11:37:51,666]: [Iron_Scraper.py]: Scrap: 70:       INFO:    [Scrapped Data Has No Problem]
[2024-07-18 11:37:51,667]: [Iron_Scraper.py]: Scrap: 83:       INFO:    [Data Saved Successfully]
[2024-07-18 11:37:51,667]: [Iron.py]: Run: 26:       INFO:    [Scraping Phase Completed]
[2024-07-18 11:37:51,667]: [Iron_Data_Processor.py]: Data_Reader: 61:       INFO:    [Data File Has Been Red Successfully]
[2024-07-18 11:37:51,667]: [Iron_Data_Processor.py]: Shaper: 78:       INFO:    [Data Shaped]
[2024-07-18 11:37:51,668]: [Iron_Data_Processor.py]: Process: 228:       INFO:    [Data Cleaned]
[2024-07-18 11:37:51,668]: [Iron_Data_Processor.py]: Make_Pages_Objects: 101:       INFO:    [Page Objects Has Been Made]
[2024-07-18 11:37:51,668]: [Iron_Data_Processor.py]: Make_Pages_Objects: 101:       INFO:    [Page Objects Has Been Made]
[2024-07-18 11:37:51,668]: [Iron_Data_Processor.py]: Load_Data: 118:       INFO:    [Data Has Been Load]
[2024-07-18 11:37:51,668]: [Iron_Data_Processor.py]: Load_Data: 118:       INFO:    [Data Has Been Load]
[2024-07-18 11:37:51,668]: [Iron_Data_Processor.py]: Load_positions: 140:       INFO:    [Positions Are Ready]
[2024-07-18 11:37:51,668]: [Iron_Data_Processor.py]: Load_positions: 140:       INFO:    [Positions Are Ready]
[2024-07-18 11:37:52,790]: [Iron_Data_Processor.py]: Make_Tagged_Images: 193:       INFO:    [Images Has Been Made]
[2024-07-18 11:37:53,738]: [Iron_Data_Processor.py]: Make_Tagged_Images: 193:       INFO:    [Images Has Been Made]
[2024-07-18 11:37:53,992]: [Iron_Data_Processor.py]: Make_Cover_Page: 215:       INFO:    [Made Cover Pages]
[2024-07-18 11:37:53,992]: [Iron.py]: Run: 29:       INFO:    [Imagination Phase Completed]
[2024-07-18 11:37:58,300]: [Phone_Scraper.py]: Scrap: 58:       INFO:    [Data Scraped]
[2024-07-18 11:37:58,300]: [Phone_Scraper.py]: Scrap: 71:       INFO:    [Scraped Data Successfully]
[2024-07-18 11:37:58,300]: [Phone.py]: Run: 26:       INFO:    [Scraping Phase Complete]
[2024-07-18 11:37:58,301]: [Phone_Data_Processor.py]: data_reader: 38:       INFO:    [Scraped Data Loaded]
[2024-07-18 11:37:58,302]: [Phone_Data_Processor.py]: filter_list: 65:       INFO:    [Persian Phrases Are deleted]
[2024-07-18 11:37:58,302]: [Phone_Data_Processor.py]: reshape_list: 87:       INFO:    [Date Reshaped]
[2024-07-18 11:37:58,302]: [Phone_Data_Processor.py]: separate_brands: 124:       INFO:    [Brands Are Separated]
[2024-07-18 11:37:58,303]: [Phone_Data_Processor.py]: delete_extra_spaces: 141:       INFO:    [Extra Spaces Are Deleted]
[2024-07-18 11:37:58,932]: [Phone.py]: Run: 29:       INFO:    [Imagination Phase Complete]
[2024-07-18 11:37:58,932]: [selector_events.py]: __init__: 64:       DEBUG:    [Using selector: EpollSelector]
[2024-07-18 11:37:59,260]: [_bot.py]: _do_post: 643:       DEBUG:    [Calling Bot API endpoint `getMe` with parameters `{}`]
[2024-07-18 11:37:59,264]: [_trace.py]: atrace: 85:       DEBUG:    [connect_tcp.started host='api.telegram.org' port=443 local_address=None timeout=5.0 socket_options=None]
[2024-07-18 11:37:59,412]: [_trace.py]: atrace: 85:       DEBUG:    [connect_tcp.complete return_value=<httpcore._backends.anyio.AnyIOStream object at 0x7fd3a4fef9b0>]
[2024-07-18 11:37:59,412]: [_trace.py]: atrace: 85:       DEBUG:    [start_tls.started ssl_context=<ssl.SSLContext object at 0x7fd3a5736a50> server_hostname='api.telegram.org' timeout=5.0]
[2024-07-18 11:37:59,555]: [_trace.py]: atrace: 85:       DEBUG:    [start_tls.complete return_value=<httpcore._backends.anyio.AnyIOStream object at 0x7fd3b43d77d0>]
[2024-07-18 11:37:59,556]: [_trace.py]: atrace: 85:       DEBUG:    [send_request_headers.started request=<Request [b'POST']>]
[2024-07-18 11:37:59,556]: [_trace.py]: atrace: 85:       DEBUG:    [send_request_headers.complete]
[2024-07-18 11:37:59,556]: [_trace.py]: atrace: 85:       DEBUG:    [send_request_body.started request=<Request [b'POST']>]
[2024-07-18 11:37:59,556]: [_trace.py]: atrace: 85:       DEBUG:    [send_request_body.complete]
[2024-07-18 11:37:59,556]: [_trace.py]: atrace: 85:       DEBUG:    [receive_response_headers.started request=<Request [b'POST']>]
[2024-07-18 11:37:59,698]: [_trace.py]: atrace: 85:       DEBUG:    [receive_response_headers.complete return_value=(b'HTTP/1.1', 200, b'OK', [(b'Server', b'nginx/1.18.0'), (b'Date', b'Thu, 18 Jul 2024 11:37:59 GMT'), (b'Content-Type', b'application/json'), (b'Content-Length', b'233'), (b'Connection', b'keep-alive'), (b'Strict-Transport-Security', b'max-age=31536000; includeSubDomains; preload'), (b'Access-Control-Allow-Origin', b'*'), (b'Access-Control-Allow-Methods', b'GET, POST, OPTIONS'), (b'Access-Control-Expose-Headers', b'Content-Length,Content-Type,Date,Server,Connection')])]
[2024-07-18 11:37:59,698]: [_client.py]: _send_single_request: 1773:       INFO:    [HTTP Request: POST https://api.telegram.org/bot6030805959:AAGUHAMxLYc-PrevgKouJ3ZyM7ktu56ftjo/getMe "HTTP/1.1 200 OK"]
[2024-07-18 11:37:59,698]: [_trace.py]: atrace: 85:       DEBUG:    [receive_response_body.started request=<Request [b'POST']>]
[2024-07-18 11:37:59,699]: [_trace.py]: atrace: 85:       DEBUG:    [receive_response_body.complete]
[2024-07-18 11:37:59,699]: [_trace.py]: atrace: 85:       DEBUG:    [response_closed.started]
[2024-07-18 11:37:59,699]: [_trace.py]: atrace: 85:       DEBUG:    [response_closed.complete]
[2024-07-18 11:37:59,699]: [_bot.py]: _do_post: 652:       DEBUG:    [Call to Bot API endpoint `getMe` finished with return value `{'id': 6030805959, 'is_bot': True, 'first_name': 'TyPHoone', 'username': 'TyPHoone_Project_bot', 'can_join_groups': True, 'can_read_all_group_messages': False, 'supports_inline_queries': False, 'can_connect_to_business': False}`]
[2024-07-18 11:37:59,702]: [_bot.py]: _do_post: 643:       DEBUG:    [Calling Bot API endpoint `sendDocument` with parameters `{'chat_id': '-4119703192', 'document': <telegram._files.inputfile.InputFile object at 0x7fd3a4e698c0>}`]
[2024-07-18 11:37:59,702]: [_trace.py]: atrace: 85:       DEBUG:    [send_request_headers.started request=<Request [b'POST']>]
[2024-07-18 11:37:59,703]: [_trace.py]: atrace: 85:       DEBUG:    [send_request_headers.complete]
[2024-07-18 11:37:59,703]: [_trace.py]: atrace: 85:       DEBUG:    [send_request_body.started request=<Request [b'POST']>]
[2024-07-18 11:37:59,703]: [_trace.py]: atrace: 85:       DEBUG:    [send_request_body.complete]
[2024-07-18 11:37:59,703]: [_trace.py]: atrace: 85:       DEBUG:    [receive_response_headers.started request=<Request [b'POST']>]
[2024-07-18 11:38:00,181]: [_trace.py]: atrace: 85:       DEBUG:    [receive_response_headers.complete return_value=(b'HTTP/1.1', 200, b'OK', [(b'Server', b'nginx/1.18.0'), (b'Date', b'Thu, 18 Jul 2024 11:38:00 GMT'), (b'Content-Type', b'application/json'), (b'Content-Length', b'463'), (b'Connection', b'keep-alive'), (b'Strict-Transport-Security', b'max-age=31536000; includeSubDomains; preload'), (b'Access-Control-Allow-Origin', b'*'), (b'Access-Control-Allow-Methods', b'GET, POST, OPTIONS'), (b'Access-Control-Expose-Headers', b'Content-Length,Content-Type,Date,Server,Connection')])]
[2024-07-18 11:38:00,182]: [_client.py]: _send_single_request: 1773:       INFO:    [HTTP Request: POST https://api.telegram.org/bot6030805959:AAGUHAMxLYc-PrevgKouJ3ZyM7ktu56ftjo/sendDocument "HTTP/1.1 200 OK"]
[2024-07-18 11:38:00,182]: [_trace.py]: atrace: 85:       DEBUG:    [receive_response_body.started request=<Request [b'POST']>]
[2024-07-18 11:38:00,182]: [_trace.py]: atrace: 85:       DEBUG:    [receive_response_body.complete]
[2024-07-18 11:38:00,182]: [_trace.py]: atrace: 85:       DEBUG:    [response_closed.started]
[2024-07-18 11:38:00,182]: [_trace.py]: atrace: 85:       DEBUG:    [response_closed.complete]
[2024-07-18 11:38:00,182]: [_bot.py]: _do_post: 652:       DEBUG:    [Call to Bot API endpoint `sendDocument` finished with return value `{'message_id': 919, 'from': {'id': 6030805959, 'is_bot': True, 'first_name': 'TyPHoone', 'username': 'TyPHoone_Project_bot'}, 'chat': {'id': -4119703192, 'title': 'Robocop', 'type': 'group', 'all_members_are_administrators': True}, 'date': 1721302680, 'document': {'file_name': '(2024_07_18--11_37).log', 'mime_type': 'text/plain', 'file_id': 'BQACAgQAAxkDAAIDl2aY_pgaWuKMsZRRa6BV_m_UpeapAAJpGgAC_YbJUNNREgofTntJNQQ', 'file_unique_id': 'AgADaRoAAv2GyVA', 'file_size': 5910}}`]
[2024-07-18 11:38:00,183]: [_trace.py]: atrace: 85:       DEBUG:    [close.started]
[2024-07-18 11:38:00,183]: [_trace.py]: atrace: 85:       DEBUG:    [close.complete]
[2024-07-18 11:38:00,183]: [_config.py]: load_ssl_context: 80:       DEBUG:    [load_ssl_context verify=True cert=None trust_env=True http2=False]
[2024-07-18 11:38:00,184]: [_config.py]: load_ssl_context_verify: 146:       DEBUG:    [load_verify_locations cafile='/opt/hostedtoolcache/Python/3.12.4/x64/lib/python3.12/site-packages/certifi/cacert.pem']
[2024-07-18 11:38:00,211]: [_config.py]: load_ssl_context: 80:       DEBUG:    [load_ssl_context verify=True cert=None trust_env=True http2=False]
[2024-07-18 11:38:00,212]: [_config.py]: load_ssl_context_verify: 146:       DEBUG:    [load_verify_locations cafile='/opt/hostedtoolcache/Python/3.12.4/x64/lib/python3.12/site-packages/certifi/cacert.pem']
[2024-07-18 11:38:00,239]: [_bot.py]: _do_post: 643:       DEBUG:    [Calling Bot API endpoint `getMe` with parameters `{}`]
[2024-07-18 11:38:00,239]: [_trace.py]: atrace: 85:       DEBUG:    [connect_tcp.started host='api.telegram.org' port=443 local_address=None timeout=5.0 socket_options=None]
[2024-07-18 11:38:00,382]: [_trace.py]: atrace: 85:       DEBUG:    [connect_tcp.complete return_value=<httpcore._backends.anyio.AnyIOStream object at 0x7fd3a5729730>]
[2024-07-18 11:38:00,382]: [_trace.py]: atrace: 85:       DEBUG:    [start_tls.started ssl_context=<ssl.SSLContext object at 0x7fd3a5736850> server_hostname='api.telegram.org' timeout=5.0]
[2024-07-18 11:38:00,526]: [_trace.py]: atrace: 85:       DEBUG:    [start_tls.complete return_value=<httpcore._backends.anyio.AnyIOStream object at 0x7fd3a52af260>]
[2024-07-18 11:38:00,526]: [_trace.py]: atrace: 85:       DEBUG:    [send_request_headers.started request=<Request [b'POST']>]
[2024-07-18 11:38:00,526]: [_trace.py]: atrace: 85:       DEBUG:    [send_request_headers.complete]
[2024-07-18 11:38:00,526]: [_trace.py]: atrace: 85:       DEBUG:    [send_request_body.started request=<Request [b'POST']>]
[2024-07-18 11:38:00,526]: [_trace.py]: atrace: 85:       DEBUG:    [send_request_body.complete]
[2024-07-18 11:38:00,527]: [_trace.py]: atrace: 85:       DEBUG:    [receive_response_headers.started request=<Request [b'POST']>]
[2024-07-18 11:38:00,668]: [_trace.py]: atrace: 85:       DEBUG:    [receive_response_headers.complete return_value=(b'HTTP/1.1', 200, b'OK', [(b'Server', b'nginx/1.18.0'), (b'Date', b'Thu, 18 Jul 2024 11:38:00 GMT'), (b'Content-Type', b'application/json'), (b'Content-Length', b'233'), (b'Connection', b'keep-alive'), (b'Strict-Transport-Security', b'max-age=31536000; includeSubDomains; preload'), (b'Access-Control-Allow-Origin', b'*'), (b'Access-Control-Allow-Methods', b'GET, POST, OPTIONS'), (b'Access-Control-Expose-Headers', b'Content-Length,Content-Type,Date,Server,Connection')])]
[2024-07-18 11:38:00,669]: [_client.py]: _send_single_request: 1773:       INFO:    [HTTP Request: POST https://api.telegram.org/bot6030805959:AAGUHAMxLYc-PrevgKouJ3ZyM7ktu56ftjo/getMe "HTTP/1.1 200 OK"]
[2024-07-18 11:38:00,669]: [_trace.py]: atrace: 85:       DEBUG:    [receive_response_body.started request=<Request [b'POST']>]
[2024-07-18 11:38:00,669]: [_trace.py]: atrace: 85:       DEBUG:    [receive_response_body.complete]
[2024-07-18 11:38:00,669]: [_trace.py]: atrace: 85:       DEBUG:    [response_closed.started]
[2024-07-18 11:38:00,669]: [_trace.py]: atrace: 85:       DEBUG:    [response_closed.complete]
[2024-07-18 11:38:00,669]: [_bot.py]: _do_post: 652:       DEBUG:    [Call to Bot API endpoint `getMe` finished with return value `{'id': 6030805959, 'is_bot': True, 'first_name': 'TyPHoone', 'username': 'TyPHoone_Project_bot', 'can_join_groups': True, 'can_read_all_group_messages': False, 'supports_inline_queries': False, 'can_connect_to_business': False}`]
[2024-07-18 11:38:00,671]: [_bot.py]: _do_post: 643:       DEBUG:    [Calling Bot API endpoint `sendDocument` with parameters `{'chat_id': '-4119703192', 'document': <telegram._files.inputfile.InputFile object at 0x7fd3a4e1dd40>}`]
[2024-07-18 11:38:00,672]: [_trace.py]: atrace: 85:       DEBUG:    [send_request_headers.started request=<Request [b'POST']>]
[2024-07-18 11:38:00,672]: [_trace.py]: atrace: 85:       DEBUG:    [send_request_headers.complete]
[2024-07-18 11:38:00,672]: [_trace.py]: atrace: 85:       DEBUG:    [send_request_body.started request=<Request [b'POST']>]
[2024-07-18 11:38:01,960]: [_trace.py]: atrace: 85:       DEBUG:    [send_request_body.complete]
[2024-07-18 11:38:01,960]: [_trace.py]: atrace: 85:       DEBUG:    [receive_response_headers.started request=<Request [b'POST']>]
[2024-07-18 11:38:02,922]: [_trace.py]: atrace: 85:       DEBUG:    [receive_response_headers.complete return_value=(b'HTTP/1.1', 200, b'OK', [(b'Server', b'nginx/1.18.0'), (b'Date', b'Thu, 18 Jul 2024 11:38:02 GMT'), (b'Content-Type', b'application/json'), (b'Content-Length', b'477'), (b'Connection', b'keep-alive'), (b'Strict-Transport-Security', b'max-age=31536000; includeSubDomains; preload'), (b'Access-Control-Allow-Origin', b'*'), (b'Access-Control-Allow-Methods', b'GET, POST, OPTIONS'), (b'Access-Control-Expose-Headers', b'Content-Length,Content-Type,Date,Server,Connection')])]
[2024-07-18 11:38:02,922]: [_client.py]: _send_single_request: 1773:       INFO:    [HTTP Request: POST https://api.telegram.org/bot6030805959:AAGUHAMxLYc-PrevgKouJ3ZyM7ktu56ftjo/sendDocument "HTTP/1.1 200 OK"]
[2024-07-18 11:38:02,922]: [_trace.py]: atrace: 85:       DEBUG:    [receive_response_body.started request=<Request [b'POST']>]
[2024-07-18 11:38:02,922]: [_trace.py]: atrace: 85:       DEBUG:    [receive_response_body.complete]
[2024-07-18 11:38:02,922]: [_trace.py]: atrace: 85:       DEBUG:    [response_closed.started]
[2024-07-18 11:38:02,922]: [_trace.py]: atrace: 85:       DEBUG:    [response_closed.complete]
[2024-07-18 11:38:02,922]: [_bot.py]: _do_post: 652:       DEBUG:    [Call to Bot API endpoint `sendDocument` finished with return value `{'message_id': 920, 'from': {'id': 6030805959, 'is_bot': True, 'first_name': 'TyPHoone', 'username': 'TyPHoone_Project_bot'}, 'chat': {'id': -4119703192, 'title': 'Robocop', 'type': 'group', 'all_members_are_administrators': True}, 'date': 1721302682, 'document': {'file_name': '(2024_07_18--11_37)output.zip', 'mime_type': 'application/zip', 'file_id': 'BQACAgQAAxkDAAIDmGaY_poW-j__OI6ZQw3daWQ5aFHhAAJqGgAC_YbJUJ0ndc9VAwHZNQQ', 'file_unique_id': 'AgADahoAAv2GyVA', 'file_size': 9789132}}`]
[2024-07-18 11:38:02,923]: [_trace.py]: atrace: 85:       DEBUG:    [close.started]
[2024-07-18 11:38:02,923]: [_trace.py]: atrace: 85:       DEBUG:    [close.complete]
[2024-07-18 11:38:02,923]: [Telegram_Sender.py]: runner: 61:       INFO:    [sent successfully]
[2024-07-18 11:38:02,924]: [Main.py]: <module>: 48:       INFO:    [Finished]
