[2024-08-14 11:38:43,210]: [Main.py]: <module>: 21:       INFO:    [Started]
[2024-08-14 11:38:45,044]: [Iron_Scraper.py]: Scrap: 32:       INFO:    [Data Scaraped Successfully]
[2024-08-14 11:38:45,231]: [Iron_Scraper.py]: Scrap: 70:       INFO:    [Scrapped Data Has No Problem]
[2024-08-14 11:38:45,231]: [Iron_Scraper.py]: Scrap: 83:       INFO:    [Data Saved Successfully]
[2024-08-14 11:38:45,232]: [Iron.py]: Run: 26:       INFO:    [Scraping Phase Completed]
[2024-08-14 11:38:45,232]: [Iron_Data_Processor.py]: Data_Reader: 61:       INFO:    [Data File Has Been Red Successfully]
[2024-08-14 11:38:45,232]: [Iron_Data_Processor.py]: Shaper: 78:       INFO:    [Data Shaped]
[2024-08-14 11:38:45,232]: [Iron_Data_Processor.py]: Process: 228:       INFO:    [Data Cleaned]
[2024-08-14 11:38:45,232]: [Iron_Data_Processor.py]: Make_Pages_Objects: 101:       INFO:    [Page Objects Has Been Made]
[2024-08-14 11:38:45,232]: [Iron_Data_Processor.py]: Make_Pages_Objects: 101:       INFO:    [Page Objects Has Been Made]
[2024-08-14 11:38:45,233]: [Iron_Data_Processor.py]: Load_Data: 118:       INFO:    [Data Has Been Load]
[2024-08-14 11:38:45,233]: [Iron_Data_Processor.py]: Load_Data: 118:       INFO:    [Data Has Been Load]
[2024-08-14 11:38:45,233]: [Iron_Data_Processor.py]: Load_positions: 140:       INFO:    [Positions Are Ready]
[2024-08-14 11:38:45,233]: [Iron_Data_Processor.py]: Load_positions: 140:       INFO:    [Positions Are Ready]
[2024-08-14 11:38:46,360]: [Iron_Data_Processor.py]: Make_Tagged_Images: 193:       INFO:    [Images Has Been Made]
[2024-08-14 11:38:47,315]: [Iron_Data_Processor.py]: Make_Tagged_Images: 193:       INFO:    [Images Has Been Made]
[2024-08-14 11:38:47,570]: [Iron_Data_Processor.py]: Make_Cover_Page: 215:       INFO:    [Made Cover Pages]
[2024-08-14 11:38:47,570]: [Iron.py]: Run: 29:       INFO:    [Imagination Phase Completed]
[2024-08-14 11:38:52,508]: [Phone_Scraper.py]: Scrap: 58:       INFO:    [Data Scraped]
[2024-08-14 11:38:52,509]: [Phone_Scraper.py]: Scrap: 71:       INFO:    [Scraped Data Successfully]
[2024-08-14 11:38:52,509]: [Phone.py]: Run: 26:       INFO:    [Scraping Phase Complete]
[2024-08-14 11:38:52,509]: [Phone_Data_Processor.py]: data_reader: 38:       INFO:    [Scraped Data Loaded]
[2024-08-14 11:38:52,510]: [Phone_Data_Processor.py]: filter_list: 65:       INFO:    [Persian Phrases Are deleted]
[2024-08-14 11:38:52,511]: [Phone_Data_Processor.py]: reshape_list: 87:       INFO:    [Date Reshaped]
[2024-08-14 11:38:52,511]: [Phone_Data_Processor.py]: separate_brands: 124:       INFO:    [Brands Are Separated]
[2024-08-14 11:38:52,512]: [Phone_Data_Processor.py]: delete_extra_spaces: 141:       INFO:    [Extra Spaces Are Deleted]
[2024-08-14 11:38:53,375]: [Phone.py]: Run: 29:       INFO:    [Imagination Phase Complete]
[2024-08-14 11:38:53,375]: [selector_events.py]: __init__: 64:       DEBUG:    [Using selector: EpollSelector]
[2024-08-14 11:38:53,722]: [_bot.py]: _do_post: 643:       DEBUG:    [Calling Bot API endpoint `getMe` with parameters `{}`]
[2024-08-14 11:38:53,726]: [_trace.py]: atrace: 85:       DEBUG:    [connect_tcp.started host='api.telegram.org' port=443 local_address=None timeout=5.0 socket_options=None]
[2024-08-14 11:38:53,859]: [_trace.py]: atrace: 85:       DEBUG:    [connect_tcp.complete return_value=<httpcore._backends.anyio.AnyIOStream object at 0x7f9ee58a5a60>]
[2024-08-14 11:38:53,860]: [_trace.py]: atrace: 85:       DEBUG:    [start_tls.started ssl_context=<ssl.SSLContext object at 0x7f9ee623ea50> server_hostname='api.telegram.org' timeout=5.0]
[2024-08-14 11:38:53,951]: [_trace.py]: atrace: 85:       DEBUG:    [start_tls.complete return_value=<httpcore._backends.anyio.AnyIOStream object at 0x7f9ee581fcb0>]
[2024-08-14 11:38:53,951]: [_trace.py]: atrace: 85:       DEBUG:    [send_request_headers.started request=<Request [b'POST']>]
[2024-08-14 11:38:53,951]: [_trace.py]: atrace: 85:       DEBUG:    [send_request_headers.complete]
[2024-08-14 11:38:53,951]: [_trace.py]: atrace: 85:       DEBUG:    [send_request_body.started request=<Request [b'POST']>]
[2024-08-14 11:38:53,951]: [_trace.py]: atrace: 85:       DEBUG:    [send_request_body.complete]
[2024-08-14 11:38:53,951]: [_trace.py]: atrace: 85:       DEBUG:    [receive_response_headers.started request=<Request [b'POST']>]
[2024-08-14 11:38:54,081]: [_trace.py]: atrace: 85:       DEBUG:    [receive_response_headers.complete return_value=(b'HTTP/1.1', 200, b'OK', [(b'Server', b'nginx/1.18.0'), (b'Date', b'Wed, 14 Aug 2024 11:38:54 GMT'), (b'Content-Type', b'application/json'), (b'Content-Length', b'258'), (b'Connection', b'keep-alive'), (b'Strict-Transport-Security', b'max-age=31536000; includeSubDomains; preload'), (b'Access-Control-Allow-Origin', b'*'), (b'Access-Control-Allow-Methods', b'GET, POST, OPTIONS'), (b'Access-Control-Expose-Headers', b'Content-Length,Content-Type,Date,Server,Connection')])]
[2024-08-14 11:38:54,081]: [_client.py]: _send_single_request: 1773:       INFO:    [HTTP Request: POST https://api.telegram.org/bot6030805959:AAGUHAMxLYc-PrevgKouJ3ZyM7ktu56ftjo/getMe "HTTP/1.1 200 OK"]
[2024-08-14 11:38:54,081]: [_trace.py]: atrace: 85:       DEBUG:    [receive_response_body.started request=<Request [b'POST']>]
[2024-08-14 11:38:54,081]: [_trace.py]: atrace: 85:       DEBUG:    [receive_response_body.complete]
[2024-08-14 11:38:54,081]: [_trace.py]: atrace: 85:       DEBUG:    [response_closed.started]
[2024-08-14 11:38:54,081]: [_trace.py]: atrace: 85:       DEBUG:    [response_closed.complete]
[2024-08-14 11:38:54,082]: [_bot.py]: _do_post: 652:       DEBUG:    [Call to Bot API endpoint `getMe` finished with return value `{'id': 6030805959, 'is_bot': True, 'first_name': 'TyPHoone', 'username': 'TyPHoone_Project_bot', 'can_join_groups': True, 'can_read_all_group_messages': False, 'supports_inline_queries': False, 'can_connect_to_business': False, 'has_main_web_app': False}`]
[2024-08-14 11:38:54,085]: [_bot.py]: _do_post: 643:       DEBUG:    [Calling Bot API endpoint `sendDocument` with parameters `{'chat_id': '-4119703192', 'document': <telegram._files.inputfile.InputFile object at 0x7f9ee5da8f40>}`]
[2024-08-14 11:38:54,085]: [_trace.py]: atrace: 85:       DEBUG:    [send_request_headers.started request=<Request [b'POST']>]
[2024-08-14 11:38:54,085]: [_trace.py]: atrace: 85:       DEBUG:    [send_request_headers.complete]
[2024-08-14 11:38:54,085]: [_trace.py]: atrace: 85:       DEBUG:    [send_request_body.started request=<Request [b'POST']>]
[2024-08-14 11:38:54,086]: [_trace.py]: atrace: 85:       DEBUG:    [send_request_body.complete]
[2024-08-14 11:38:54,086]: [_trace.py]: atrace: 85:       DEBUG:    [receive_response_headers.started request=<Request [b'POST']>]
[2024-08-14 11:38:54,295]: [_trace.py]: atrace: 85:       DEBUG:    [receive_response_headers.complete return_value=(b'HTTP/1.1', 200, b'OK', [(b'Server', b'nginx/1.18.0'), (b'Date', b'Wed, 14 Aug 2024 11:38:54 GMT'), (b'Content-Type', b'application/json'), (b'Content-Length', b'464'), (b'Connection', b'keep-alive'), (b'Strict-Transport-Security', b'max-age=31536000; includeSubDomains; preload'), (b'Access-Control-Allow-Origin', b'*'), (b'Access-Control-Allow-Methods', b'GET, POST, OPTIONS'), (b'Access-Control-Expose-Headers', b'Content-Length,Content-Type,Date,Server,Connection')])]
[2024-08-14 11:38:54,295]: [_client.py]: _send_single_request: 1773:       INFO:    [HTTP Request: POST https://api.telegram.org/bot6030805959:AAGUHAMxLYc-PrevgKouJ3ZyM7ktu56ftjo/sendDocument "HTTP/1.1 200 OK"]
[2024-08-14 11:38:54,295]: [_trace.py]: atrace: 85:       DEBUG:    [receive_response_body.started request=<Request [b'POST']>]
[2024-08-14 11:38:54,295]: [_trace.py]: atrace: 85:       DEBUG:    [receive_response_body.complete]
[2024-08-14 11:38:54,295]: [_trace.py]: atrace: 85:       DEBUG:    [response_closed.started]
[2024-08-14 11:38:54,296]: [_trace.py]: atrace: 85:       DEBUG:    [response_closed.complete]
[2024-08-14 11:38:54,296]: [_bot.py]: _do_post: 652:       DEBUG:    [Call to Bot API endpoint `sendDocument` finished with return value `{'message_id': 1803, 'from': {'id': 6030805959, 'is_bot': True, 'first_name': 'TyPHoone', 'username': 'TyPHoone_Project_bot'}, 'chat': {'id': -4119703192, 'title': 'Robocop', 'type': 'group', 'all_members_are_administrators': True}, 'date': 1723635534, 'document': {'file_name': '(2024_08_14--11_38).log', 'mime_type': 'text/plain', 'file_id': 'BQACAgQAAxkDAAIHC2a8l07eICkhohZjEAquGDQB8mQmAAIUEwACLv_oUTS9HPA_2JtLNQQ', 'file_unique_id': 'AgADFBMAAi7_6FE', 'file_size': 5937}}`]
[2024-08-14 11:38:54,296]: [_trace.py]: atrace: 85:       DEBUG:    [close.started]
[2024-08-14 11:38:54,296]: [_trace.py]: atrace: 85:       DEBUG:    [close.complete]
[2024-08-14 11:38:54,297]: [_config.py]: load_ssl_context: 80:       DEBUG:    [load_ssl_context verify=True cert=None trust_env=True http2=False]
[2024-08-14 11:38:54,297]: [_config.py]: load_ssl_context_verify: 146:       DEBUG:    [load_verify_locations cafile='/opt/hostedtoolcache/Python/3.12.4/x64/lib/python3.12/site-packages/certifi/cacert.pem']
[2024-08-14 11:38:54,325]: [_config.py]: load_ssl_context: 80:       DEBUG:    [load_ssl_context verify=True cert=None trust_env=True http2=False]
[2024-08-14 11:38:54,325]: [_config.py]: load_ssl_context_verify: 146:       DEBUG:    [load_verify_locations cafile='/opt/hostedtoolcache/Python/3.12.4/x64/lib/python3.12/site-packages/certifi/cacert.pem']
[2024-08-14 11:38:54,353]: [_bot.py]: _do_post: 643:       DEBUG:    [Calling Bot API endpoint `getMe` with parameters `{}`]
[2024-08-14 11:38:54,353]: [_trace.py]: atrace: 85:       DEBUG:    [connect_tcp.started host='api.telegram.org' port=443 local_address=None timeout=5.0 socket_options=None]
[2024-08-14 11:38:54,444]: [_trace.py]: atrace: 85:       DEBUG:    [connect_tcp.complete return_value=<httpcore._backends.anyio.AnyIOStream object at 0x7f9ef0f2f9e0>]
[2024-08-14 11:38:54,445]: [_trace.py]: atrace: 85:       DEBUG:    [start_tls.started ssl_context=<ssl.SSLContext object at 0x7f9ee623e850> server_hostname='api.telegram.org' timeout=5.0]
[2024-08-14 11:38:54,538]: [_trace.py]: atrace: 85:       DEBUG:    [start_tls.complete return_value=<httpcore._backends.anyio.AnyIOStream object at 0x7f9ee6231a90>]
[2024-08-14 11:38:54,538]: [_trace.py]: atrace: 85:       DEBUG:    [send_request_headers.started request=<Request [b'POST']>]
[2024-08-14 11:38:54,538]: [_trace.py]: atrace: 85:       DEBUG:    [send_request_headers.complete]
[2024-08-14 11:38:54,538]: [_trace.py]: atrace: 85:       DEBUG:    [send_request_body.started request=<Request [b'POST']>]
[2024-08-14 11:38:54,538]: [_trace.py]: atrace: 85:       DEBUG:    [send_request_body.complete]
[2024-08-14 11:38:54,538]: [_trace.py]: atrace: 85:       DEBUG:    [receive_response_headers.started request=<Request [b'POST']>]
[2024-08-14 11:38:54,664]: [_trace.py]: atrace: 85:       DEBUG:    [receive_response_headers.complete return_value=(b'HTTP/1.1', 200, b'OK', [(b'Server', b'nginx/1.18.0'), (b'Date', b'Wed, 14 Aug 2024 11:38:54 GMT'), (b'Content-Type', b'application/json'), (b'Content-Length', b'258'), (b'Connection', b'keep-alive'), (b'Strict-Transport-Security', b'max-age=31536000; includeSubDomains; preload'), (b'Access-Control-Allow-Origin', b'*'), (b'Access-Control-Allow-Methods', b'GET, POST, OPTIONS'), (b'Access-Control-Expose-Headers', b'Content-Length,Content-Type,Date,Server,Connection')])]
[2024-08-14 11:38:54,664]: [_client.py]: _send_single_request: 1773:       INFO:    [HTTP Request: POST https://api.telegram.org/bot6030805959:AAGUHAMxLYc-PrevgKouJ3ZyM7ktu56ftjo/getMe "HTTP/1.1 200 OK"]
[2024-08-14 11:38:54,664]: [_trace.py]: atrace: 85:       DEBUG:    [receive_response_body.started request=<Request [b'POST']>]
[2024-08-14 11:38:54,664]: [_trace.py]: atrace: 85:       DEBUG:    [receive_response_body.complete]
[2024-08-14 11:38:54,664]: [_trace.py]: atrace: 85:       DEBUG:    [response_closed.started]
[2024-08-14 11:38:54,664]: [_trace.py]: atrace: 85:       DEBUG:    [response_closed.complete]
[2024-08-14 11:38:54,664]: [_bot.py]: _do_post: 652:       DEBUG:    [Call to Bot API endpoint `getMe` finished with return value `{'id': 6030805959, 'is_bot': True, 'first_name': 'TyPHoone', 'username': 'TyPHoone_Project_bot', 'can_join_groups': True, 'can_read_all_group_messages': False, 'supports_inline_queries': False, 'can_connect_to_business': False, 'has_main_web_app': False}`]
[2024-08-14 11:38:54,667]: [_bot.py]: _do_post: 643:       DEBUG:    [Calling Bot API endpoint `sendDocument` with parameters `{'chat_id': '-4119703192', 'document': <telegram._files.inputfile.InputFile object at 0x7f9ee5881580>}`]
[2024-08-14 11:38:54,667]: [_trace.py]: atrace: 85:       DEBUG:    [send_request_headers.started request=<Request [b'POST']>]
[2024-08-14 11:38:54,668]: [_trace.py]: atrace: 85:       DEBUG:    [send_request_headers.complete]
[2024-08-14 11:38:54,668]: [_trace.py]: atrace: 85:       DEBUG:    [send_request_body.started request=<Request [b'POST']>]
[2024-08-14 11:38:55,559]: [_trace.py]: atrace: 85:       DEBUG:    [send_request_body.complete]
[2024-08-14 11:38:55,559]: [_trace.py]: atrace: 85:       DEBUG:    [receive_response_headers.started request=<Request [b'POST']>]
[2024-08-14 11:38:56,644]: [_trace.py]: atrace: 85:       DEBUG:    [receive_response_headers.complete return_value=(b'HTTP/1.1', 200, b'OK', [(b'Server', b'nginx/1.18.0'), (b'Date', b'Wed, 14 Aug 2024 11:38:56 GMT'), (b'Content-Type', b'application/json'), (b'Content-Length', b'479'), (b'Connection', b'keep-alive'), (b'Strict-Transport-Security', b'max-age=31536000; includeSubDomains; preload'), (b'Access-Control-Allow-Origin', b'*'), (b'Access-Control-Allow-Methods', b'GET, POST, OPTIONS'), (b'Access-Control-Expose-Headers', b'Content-Length,Content-Type,Date,Server,Connection')])]
[2024-08-14 11:38:56,645]: [_client.py]: _send_single_request: 1773:       INFO:    [HTTP Request: POST https://api.telegram.org/bot6030805959:AAGUHAMxLYc-PrevgKouJ3ZyM7ktu56ftjo/sendDocument "HTTP/1.1 200 OK"]
[2024-08-14 11:38:56,645]: [_trace.py]: atrace: 85:       DEBUG:    [receive_response_body.started request=<Request [b'POST']>]
[2024-08-14 11:38:56,645]: [_trace.py]: atrace: 85:       DEBUG:    [receive_response_body.complete]
[2024-08-14 11:38:56,645]: [_trace.py]: atrace: 85:       DEBUG:    [response_closed.started]
[2024-08-14 11:38:56,645]: [_trace.py]: atrace: 85:       DEBUG:    [response_closed.complete]
[2024-08-14 11:38:56,645]: [_bot.py]: _do_post: 652:       DEBUG:    [Call to Bot API endpoint `sendDocument` finished with return value `{'message_id': 1804, 'from': {'id': 6030805959, 'is_bot': True, 'first_name': 'TyPHoone', 'username': 'TyPHoone_Project_bot'}, 'chat': {'id': -4119703192, 'title': 'Robocop', 'type': 'group', 'all_members_are_administrators': True}, 'date': 1723635536, 'document': {'file_name': '(2024_08_14--11_38)output.zip', 'mime_type': 'application/zip', 'file_id': 'BQACAgQAAxkDAAIHDGa8l1CPDtrLEbGb67KgJA86TxTYAAIVEwACLv_oUYSgxq7UUCGbNQQ', 'file_unique_id': 'AgADFRMAAi7_6FE', 'file_size': 10450094}}`]
[2024-08-14 11:38:56,646]: [_trace.py]: atrace: 85:       DEBUG:    [close.started]
[2024-08-14 11:38:56,646]: [_trace.py]: atrace: 85:       DEBUG:    [close.complete]
[2024-08-14 11:38:56,646]: [Telegram_Sender.py]: runner: 61:       INFO:    [sent successfully]
[2024-08-14 11:38:56,647]: [Main.py]: <module>: 48:       INFO:    [Finished]
