[2025-10-27 11:40:59,696]: [Main.py]: <module>: 21:       INFO:    [Started]
[2025-10-27 11:41:01,131]: [Iron_Scraper.py]: Scrap: 32:       INFO:    [Data Scaraped Successfully]
[2025-10-27 11:41:01,332]: [Iron_Scraper.py]: Scrap: 70:       INFO:    [Scrapped Data Has No Problem]
[2025-10-27 11:41:01,332]: [Iron_Scraper.py]: Scrap: 83:       INFO:    [Data Saved Successfully]
[2025-10-27 11:41:01,333]: [Iron.py]: Run: 26:       INFO:    [Scraping Phase Completed]
[2025-10-27 11:41:01,333]: [Iron_Data_Processor.py]: Data_Reader: 61:       INFO:    [Data File Has Been Red Successfully]
[2025-10-27 11:41:01,333]: [Iron_Data_Processor.py]: Shaper: 78:       INFO:    [Data Shaped]
[2025-10-27 11:41:01,333]: [Iron_Data_Processor.py]: Process: 228:       INFO:    [Data Cleaned]
[2025-10-27 11:41:01,333]: [Iron_Data_Processor.py]: Make_Pages_Objects: 101:       INFO:    [Page Objects Has Been Made]
[2025-10-27 11:41:01,333]: [Iron_Data_Processor.py]: Make_Pages_Objects: 101:       INFO:    [Page Objects Has Been Made]
[2025-10-27 11:41:01,333]: [Iron_Data_Processor.py]: Load_Data: 118:       INFO:    [Data Has Been Load]
[2025-10-27 11:41:01,333]: [Iron_Data_Processor.py]: Load_Data: 118:       INFO:    [Data Has Been Load]
[2025-10-27 11:41:01,334]: [Iron_Data_Processor.py]: Load_positions: 140:       INFO:    [Positions Are Ready]
[2025-10-27 11:41:01,334]: [Iron_Data_Processor.py]: Load_positions: 140:       INFO:    [Positions Are Ready]
[2025-10-27 11:41:02,463]: [Iron_Data_Processor.py]: Make_Tagged_Images: 193:       INFO:    [Images Has Been Made]
[2025-10-27 11:41:03,412]: [Iron_Data_Processor.py]: Make_Tagged_Images: 193:       INFO:    [Images Has Been Made]
[2025-10-27 11:41:03,667]: [Iron_Data_Processor.py]: Make_Cover_Page: 215:       INFO:    [Made Cover Pages]
[2025-10-27 11:41:03,668]: [Iron.py]: Run: 29:       INFO:    [Imagination Phase Completed]
[2025-10-27 11:41:07,189]: [Phone_Scraper.py]: Scrap: 58:       INFO:    [Data Scraped]
[2025-10-27 11:41:07,189]: [Phone_Scraper.py]: Scrap: 71:       INFO:    [Scraped Data Successfully]
[2025-10-27 11:41:07,189]: [Phone.py]: Run: 26:       INFO:    [Scraping Phase Complete]
[2025-10-27 11:41:07,189]: [Phone_Data_Processor.py]: data_reader: 38:       INFO:    [Scraped Data Loaded]
[2025-10-27 11:41:07,190]: [Phone_Data_Processor.py]: filter_list: 65:       INFO:    [Persian Phrases Are deleted]
[2025-10-27 11:41:07,191]: [Phone_Data_Processor.py]: reshape_list: 87:       INFO:    [Date Reshaped]
[2025-10-27 11:41:07,191]: [Phone_Data_Processor.py]: separate_brands: 124:       INFO:    [Brands Are Separated]
[2025-10-27 11:41:07,191]: [Phone_Data_Processor.py]: delete_extra_spaces: 141:       INFO:    [Extra Spaces Are Deleted]
[2025-10-27 11:41:07,932]: [Phone.py]: Run: 29:       INFO:    [Imagination Phase Complete]
[2025-10-27 11:41:07,932]: [selector_events.py]: __init__: 64:       DEBUG:    [Using selector: EpollSelector]
[2025-10-27 11:41:08,207]: [_bot.py]: _do_post: 643:       DEBUG:    [Calling Bot API endpoint `getMe` with parameters `{}`]
[2025-10-27 11:41:08,212]: [_trace.py]: atrace: 87:       DEBUG:    [connect_tcp.started host='api.telegram.org' port=443 local_address=None timeout=5.0 socket_options=None]
[2025-10-27 11:41:08,351]: [_trace.py]: atrace: 87:       DEBUG:    [connect_tcp.complete return_value=<httpcore._backends.anyio.AnyIOStream object at 0x7f32036f0f20>]
[2025-10-27 11:41:08,351]: [_trace.py]: atrace: 87:       DEBUG:    [start_tls.started ssl_context=<ssl.SSLContext object at 0x7f3203fadf50> server_hostname='api.telegram.org' timeout=5.0]
[2025-10-27 11:41:08,458]: [_trace.py]: atrace: 87:       DEBUG:    [start_tls.complete return_value=<httpcore._backends.anyio.AnyIOStream object at 0x7f32048ca240>]
[2025-10-27 11:41:08,459]: [_trace.py]: atrace: 87:       DEBUG:    [send_request_headers.started request=<Request [b'POST']>]
[2025-10-27 11:41:08,459]: [_trace.py]: atrace: 87:       DEBUG:    [send_request_headers.complete]
[2025-10-27 11:41:08,459]: [_trace.py]: atrace: 87:       DEBUG:    [send_request_body.started request=<Request [b'POST']>]
[2025-10-27 11:41:08,459]: [_trace.py]: atrace: 87:       DEBUG:    [send_request_body.complete]
[2025-10-27 11:41:08,459]: [_trace.py]: atrace: 87:       DEBUG:    [receive_response_headers.started request=<Request [b'POST']>]
[2025-10-27 11:41:08,564]: [_trace.py]: atrace: 87:       DEBUG:    [receive_response_headers.complete return_value=(b'HTTP/1.1', 200, b'OK', [(b'Server', b'nginx/1.18.0'), (b'Date', b'Mon, 27 Oct 2025 11:41:08 GMT'), (b'Content-Type', b'application/json'), (b'Content-Length', b'258'), (b'Connection', b'keep-alive'), (b'Strict-Transport-Security', b'max-age=31536000; includeSubDomains; preload'), (b'Access-Control-Allow-Origin', b'*'), (b'Access-Control-Allow-Methods', b'GET, POST, OPTIONS'), (b'Access-Control-Expose-Headers', b'Content-Length,Content-Type,Date,Server,Connection')])]
[2025-10-27 11:41:08,564]: [_client.py]: _send_single_request: 1740:       INFO:    [HTTP Request: POST https://api.telegram.org/bot6030805959:AAGUHAMxLYc-PrevgKouJ3ZyM7ktu56ftjo/getMe "HTTP/1.1 200 OK"]
[2025-10-27 11:41:08,565]: [_trace.py]: atrace: 87:       DEBUG:    [receive_response_body.started request=<Request [b'POST']>]
[2025-10-27 11:41:08,565]: [_trace.py]: atrace: 87:       DEBUG:    [receive_response_body.complete]
[2025-10-27 11:41:08,565]: [_trace.py]: atrace: 87:       DEBUG:    [response_closed.started]
[2025-10-27 11:41:08,565]: [_trace.py]: atrace: 87:       DEBUG:    [response_closed.complete]
[2025-10-27 11:41:08,565]: [_bot.py]: _do_post: 652:       DEBUG:    [Call to Bot API endpoint `getMe` finished with return value `{'id': 6030805959, 'is_bot': True, 'first_name': 'TyPHoone', 'username': 'TyPHoone_Project_bot', 'can_join_groups': True, 'can_read_all_group_messages': False, 'supports_inline_queries': False, 'can_connect_to_business': False, 'has_main_web_app': False}`]
[2025-10-27 11:41:08,568]: [_bot.py]: _do_post: 643:       DEBUG:    [Calling Bot API endpoint `sendDocument` with parameters `{'chat_id': '-4119703192', 'document': <telegram._files.inputfile.InputFile object at 0x7f3203595ac0>}`]
[2025-10-27 11:41:08,569]: [_trace.py]: atrace: 87:       DEBUG:    [send_request_headers.started request=<Request [b'POST']>]
[2025-10-27 11:41:08,569]: [_trace.py]: atrace: 87:       DEBUG:    [send_request_headers.complete]
[2025-10-27 11:41:08,569]: [_trace.py]: atrace: 87:       DEBUG:    [send_request_body.started request=<Request [b'POST']>]
[2025-10-27 11:41:08,569]: [_trace.py]: atrace: 87:       DEBUG:    [send_request_body.complete]
[2025-10-27 11:41:08,569]: [_trace.py]: atrace: 87:       DEBUG:    [receive_response_headers.started request=<Request [b'POST']>]
[2025-10-27 11:41:08,822]: [_trace.py]: atrace: 87:       DEBUG:    [receive_response_headers.complete return_value=(b'HTTP/1.1', 200, b'OK', [(b'Server', b'nginx/1.18.0'), (b'Date', b'Mon, 27 Oct 2025 11:41:08 GMT'), (b'Content-Type', b'application/json'), (b'Content-Length', b'584'), (b'Connection', b'keep-alive'), (b'Strict-Transport-Security', b'max-age=31536000; includeSubDomains; preload'), (b'Access-Control-Allow-Origin', b'*'), (b'Access-Control-Allow-Methods', b'GET, POST, OPTIONS'), (b'Access-Control-Expose-Headers', b'Content-Length,Content-Type,Date,Server,Connection')])]
[2025-10-27 11:41:08,822]: [_client.py]: _send_single_request: 1740:       INFO:    [HTTP Request: POST https://api.telegram.org/bot6030805959:AAGUHAMxLYc-PrevgKouJ3ZyM7ktu56ftjo/sendDocument "HTTP/1.1 200 OK"]
[2025-10-27 11:41:08,822]: [_trace.py]: atrace: 87:       DEBUG:    [receive_response_body.started request=<Request [b'POST']>]
[2025-10-27 11:41:08,822]: [_trace.py]: atrace: 87:       DEBUG:    [receive_response_body.complete]
[2025-10-27 11:41:08,823]: [_trace.py]: atrace: 87:       DEBUG:    [response_closed.started]
[2025-10-27 11:41:08,823]: [_trace.py]: atrace: 87:       DEBUG:    [response_closed.complete]
[2025-10-27 11:41:08,823]: [_bot.py]: _do_post: 652:       DEBUG:    [Call to Bot API endpoint `sendDocument` finished with return value `{'message_id': 2689, 'from': {'id': 6030805959, 'is_bot': True, 'first_name': 'TyPHoone', 'username': 'TyPHoone_Project_bot'}, 'chat': {'id': -4119703192, 'title': 'Robocop', 'type': 'group', 'all_members_are_administrators': True, 'accepted_gift_types': {'unlimited_gifts': False, 'limited_gifts': False, 'unique_gifts': False, 'premium_subscription': False}}, 'date': 1761565268, 'document': {'file_name': '(2025_10_27--11_40).log', 'mime_type': 'text/plain', 'file_id': 'BQACAgQAAxkDAAIKgWj_WlQua6U0zBn7L1vuU-MgqhmzAAKxHgACxMABUKctAs9oMWqdNgQ', 'file_unique_id': 'AgADsR4AAsTAAVA', 'file_size': 5937}}`]
[2025-10-27 11:41:08,823]: [_trace.py]: atrace: 87:       DEBUG:    [close.started]
[2025-10-27 11:41:08,824]: [_trace.py]: atrace: 87:       DEBUG:    [close.complete]
[2025-10-27 11:41:08,867]: [_bot.py]: _do_post: 643:       DEBUG:    [Calling Bot API endpoint `getMe` with parameters `{}`]
[2025-10-27 11:41:08,867]: [_trace.py]: atrace: 87:       DEBUG:    [connect_tcp.started host='api.telegram.org' port=443 local_address=None timeout=5.0 socket_options=None]
[2025-10-27 11:41:08,970]: [_trace.py]: atrace: 87:       DEBUG:    [connect_tcp.complete return_value=<httpcore._backends.anyio.AnyIOStream object at 0x7f32035c1460>]
[2025-10-27 11:41:08,971]: [_trace.py]: atrace: 87:       DEBUG:    [start_tls.started ssl_context=<ssl.SSLContext object at 0x7f3203fade50> server_hostname='api.telegram.org' timeout=5.0]
[2025-10-27 11:41:09,074]: [_trace.py]: atrace: 87:       DEBUG:    [start_tls.complete return_value=<httpcore._backends.anyio.AnyIOStream object at 0x7f32036f33b0>]
[2025-10-27 11:41:09,075]: [_trace.py]: atrace: 87:       DEBUG:    [send_request_headers.started request=<Request [b'POST']>]
[2025-10-27 11:41:09,075]: [_trace.py]: atrace: 87:       DEBUG:    [send_request_headers.complete]
[2025-10-27 11:41:09,075]: [_trace.py]: atrace: 87:       DEBUG:    [send_request_body.started request=<Request [b'POST']>]
[2025-10-27 11:41:09,075]: [_trace.py]: atrace: 87:       DEBUG:    [send_request_body.complete]
[2025-10-27 11:41:09,075]: [_trace.py]: atrace: 87:       DEBUG:    [receive_response_headers.started request=<Request [b'POST']>]
[2025-10-27 11:41:09,178]: [_trace.py]: atrace: 87:       DEBUG:    [receive_response_headers.complete return_value=(b'HTTP/1.1', 200, b'OK', [(b'Server', b'nginx/1.18.0'), (b'Date', b'Mon, 27 Oct 2025 11:41:09 GMT'), (b'Content-Type', b'application/json'), (b'Content-Length', b'258'), (b'Connection', b'keep-alive'), (b'Strict-Transport-Security', b'max-age=31536000; includeSubDomains; preload'), (b'Access-Control-Allow-Origin', b'*'), (b'Access-Control-Allow-Methods', b'GET, POST, OPTIONS'), (b'Access-Control-Expose-Headers', b'Content-Length,Content-Type,Date,Server,Connection')])]
[2025-10-27 11:41:09,178]: [_client.py]: _send_single_request: 1740:       INFO:    [HTTP Request: POST https://api.telegram.org/bot6030805959:AAGUHAMxLYc-PrevgKouJ3ZyM7ktu56ftjo/getMe "HTTP/1.1 200 OK"]
[2025-10-27 11:41:09,178]: [_trace.py]: atrace: 87:       DEBUG:    [receive_response_body.started request=<Request [b'POST']>]
[2025-10-27 11:41:09,178]: [_trace.py]: atrace: 87:       DEBUG:    [receive_response_body.complete]
[2025-10-27 11:41:09,178]: [_trace.py]: atrace: 87:       DEBUG:    [response_closed.started]
[2025-10-27 11:41:09,178]: [_trace.py]: atrace: 87:       DEBUG:    [response_closed.complete]
[2025-10-27 11:41:09,178]: [_bot.py]: _do_post: 652:       DEBUG:    [Call to Bot API endpoint `getMe` finished with return value `{'id': 6030805959, 'is_bot': True, 'first_name': 'TyPHoone', 'username': 'TyPHoone_Project_bot', 'can_join_groups': True, 'can_read_all_group_messages': False, 'supports_inline_queries': False, 'can_connect_to_business': False, 'has_main_web_app': False}`]
[2025-10-27 11:41:09,181]: [_bot.py]: _do_post: 643:       DEBUG:    [Calling Bot API endpoint `sendDocument` with parameters `{'chat_id': '-4119703192', 'document': <telegram._files.inputfile.InputFile object at 0x7f3203fd2300>}`]
[2025-10-27 11:41:09,182]: [_trace.py]: atrace: 87:       DEBUG:    [send_request_headers.started request=<Request [b'POST']>]
[2025-10-27 11:41:09,182]: [_trace.py]: atrace: 87:       DEBUG:    [send_request_headers.complete]
[2025-10-27 11:41:09,182]: [_trace.py]: atrace: 87:       DEBUG:    [send_request_body.started request=<Request [b'POST']>]
[2025-10-27 11:41:10,123]: [_trace.py]: atrace: 87:       DEBUG:    [send_request_body.complete]
[2025-10-27 11:41:10,123]: [_trace.py]: atrace: 87:       DEBUG:    [receive_response_headers.started request=<Request [b'POST']>]
[2025-10-27 11:41:10,850]: [_trace.py]: atrace: 87:       DEBUG:    [receive_response_headers.complete return_value=(b'HTTP/1.1', 200, b'OK', [(b'Server', b'nginx/1.18.0'), (b'Date', b'Mon, 27 Oct 2025 11:41:10 GMT'), (b'Content-Type', b'application/json'), (b'Content-Length', b'599'), (b'Connection', b'keep-alive'), (b'Strict-Transport-Security', b'max-age=31536000; includeSubDomains; preload'), (b'Access-Control-Allow-Origin', b'*'), (b'Access-Control-Allow-Methods', b'GET, POST, OPTIONS'), (b'Access-Control-Expose-Headers', b'Content-Length,Content-Type,Date,Server,Connection')])]
[2025-10-27 11:41:10,851]: [_client.py]: _send_single_request: 1740:       INFO:    [HTTP Request: POST https://api.telegram.org/bot6030805959:AAGUHAMxLYc-PrevgKouJ3ZyM7ktu56ftjo/sendDocument "HTTP/1.1 200 OK"]
[2025-10-27 11:41:10,851]: [_trace.py]: atrace: 87:       DEBUG:    [receive_response_body.started request=<Request [b'POST']>]
[2025-10-27 11:41:10,851]: [_trace.py]: atrace: 87:       DEBUG:    [receive_response_body.complete]
[2025-10-27 11:41:10,851]: [_trace.py]: atrace: 87:       DEBUG:    [response_closed.started]
[2025-10-27 11:41:10,851]: [_trace.py]: atrace: 87:       DEBUG:    [response_closed.complete]
[2025-10-27 11:41:10,851]: [_bot.py]: _do_post: 652:       DEBUG:    [Call to Bot API endpoint `sendDocument` finished with return value `{'message_id': 2690, 'from': {'id': 6030805959, 'is_bot': True, 'first_name': 'TyPHoone', 'username': 'TyPHoone_Project_bot'}, 'chat': {'id': -4119703192, 'title': 'Robocop', 'type': 'group', 'all_members_are_administrators': True, 'accepted_gift_types': {'unlimited_gifts': False, 'limited_gifts': False, 'unique_gifts': False, 'premium_subscription': False}}, 'date': 1761565270, 'document': {'file_name': '(2025_10_27--11_40)output.zip', 'mime_type': 'application/zip', 'file_id': 'BQACAgQAAxkDAAIKgmj_WlYlop7ThsfmRyErMRA1jHeJAAKyHgACxMABUGBXY4i7JlwjNgQ', 'file_unique_id': 'AgADsh4AAsTAAVA', 'file_size': 10098456}}`]
[2025-10-27 11:41:10,852]: [_trace.py]: atrace: 87:       DEBUG:    [close.started]
[2025-10-27 11:41:10,852]: [_trace.py]: atrace: 87:       DEBUG:    [close.complete]
[2025-10-27 11:41:10,852]: [Telegram_Sender.py]: runner: 61:       INFO:    [sent successfully]
[2025-10-27 11:41:10,853]: [Main.py]: <module>: 48:       INFO:    [Finished]
