[2025-09-03 11:39:25,147]: [Main.py]: <module>: 21:       INFO:    [Started]
[2025-09-03 11:39:26,269]: [Iron_Scraper.py]: Scrap: 30:       CRITICAL:    [Scrapping Faild]
[2025-09-03 11:39:26,269]: [Iron_Scraper.py]: Scrap: 68:       CRITICAL:    [Something Went Wrong About Scraped Data]
[2025-09-03 11:39:26,269]: [Iron_Scraper.py]: Scrap: 81:       CRITICAL:    [Saving Data Failed]
[2025-09-03 11:39:26,269]: [Iron.py]: Run: 26:       INFO:    [Scraping Phase Completed]
[2025-09-03 11:39:26,269]: [Iron_Data_Processor.py]: Data_Reader: 61:       INFO:    [Data File Has Been Red Successfully]
[2025-09-03 11:39:26,269]: [Iron_Data_Processor.py]: Shaper: 78:       INFO:    [Data Shaped]
[2025-09-03 11:39:26,269]: [Iron_Data_Processor.py]: Process: 228:       INFO:    [Data Cleaned]
[2025-09-03 11:39:26,269]: [Iron_Data_Processor.py]: Make_Pages_Objects: 101:       INFO:    [Page Objects Has Been Made]
[2025-09-03 11:39:26,269]: [Iron_Data_Processor.py]: Make_Pages_Objects: 101:       INFO:    [Page Objects Has Been Made]
[2025-09-03 11:39:26,269]: [Iron_Data_Processor.py]: Load_Data: 118:       INFO:    [Data Has Been Load]
[2025-09-03 11:39:26,269]: [Iron_Data_Processor.py]: Load_Data: 118:       INFO:    [Data Has Been Load]
[2025-09-03 11:39:26,270]: [Iron_Data_Processor.py]: Load_positions: 140:       INFO:    [Positions Are Ready]
[2025-09-03 11:39:26,270]: [Iron_Data_Processor.py]: Load_positions: 140:       INFO:    [Positions Are Ready]
[2025-09-03 11:39:27,361]: [Iron_Data_Processor.py]: Make_Tagged_Images: 193:       INFO:    [Images Has Been Made]
[2025-09-03 11:39:28,259]: [Iron_Data_Processor.py]: Make_Tagged_Images: 193:       INFO:    [Images Has Been Made]
[2025-09-03 11:39:28,513]: [Iron_Data_Processor.py]: Make_Cover_Page: 215:       INFO:    [Made Cover Pages]
[2025-09-03 11:39:28,513]: [Iron.py]: Run: 29:       INFO:    [Imagination Phase Completed]
[2025-09-03 11:39:32,491]: [Phone_Scraper.py]: Scrap: 58:       INFO:    [Data Scraped]
[2025-09-03 11:39:32,492]: [Phone_Scraper.py]: Scrap: 71:       INFO:    [Scraped Data Successfully]
[2025-09-03 11:39:32,492]: [Phone.py]: Run: 26:       INFO:    [Scraping Phase Complete]
[2025-09-03 11:39:32,492]: [Phone_Data_Processor.py]: data_reader: 38:       INFO:    [Scraped Data Loaded]
[2025-09-03 11:39:32,493]: [Phone_Data_Processor.py]: filter_list: 65:       INFO:    [Persian Phrases Are deleted]
[2025-09-03 11:39:32,494]: [Phone_Data_Processor.py]: reshape_list: 87:       INFO:    [Date Reshaped]
[2025-09-03 11:39:32,494]: [Phone_Data_Processor.py]: separate_brands: 124:       INFO:    [Brands Are Separated]
[2025-09-03 11:39:32,494]: [Phone_Data_Processor.py]: delete_extra_spaces: 141:       INFO:    [Extra Spaces Are Deleted]
[2025-09-03 11:39:33,146]: [Phone.py]: Run: 29:       INFO:    [Imagination Phase Complete]
[2025-09-03 11:39:33,146]: [selector_events.py]: __init__: 64:       DEBUG:    [Using selector: EpollSelector]
[2025-09-03 11:39:33,410]: [_bot.py]: _do_post: 643:       DEBUG:    [Calling Bot API endpoint `getMe` with parameters `{}`]
[2025-09-03 11:39:33,415]: [_trace.py]: atrace: 87:       DEBUG:    [connect_tcp.started host='api.telegram.org' port=443 local_address=None timeout=5.0 socket_options=None]
[2025-09-03 11:39:33,592]: [_trace.py]: atrace: 87:       DEBUG:    [connect_tcp.complete return_value=<httpcore._backends.anyio.AnyIOStream object at 0x7fb213656b40>]
[2025-09-03 11:39:33,592]: [_trace.py]: atrace: 87:       DEBUG:    [start_tls.started ssl_context=<ssl.SSLContext object at 0x7fb213bb5cd0> server_hostname='api.telegram.org' timeout=5.0]
[2025-09-03 11:39:33,742]: [_trace.py]: atrace: 87:       DEBUG:    [start_tls.complete return_value=<httpcore._backends.anyio.AnyIOStream object at 0x7fb213689280>]
[2025-09-03 11:39:33,742]: [_trace.py]: atrace: 87:       DEBUG:    [send_request_headers.started request=<Request [b'POST']>]
[2025-09-03 11:39:33,743]: [_trace.py]: atrace: 87:       DEBUG:    [send_request_headers.complete]
[2025-09-03 11:39:33,743]: [_trace.py]: atrace: 87:       DEBUG:    [send_request_body.started request=<Request [b'POST']>]
[2025-09-03 11:39:33,743]: [_trace.py]: atrace: 87:       DEBUG:    [send_request_body.complete]
[2025-09-03 11:39:33,743]: [_trace.py]: atrace: 87:       DEBUG:    [receive_response_headers.started request=<Request [b'POST']>]
[2025-09-03 11:39:33,891]: [_trace.py]: atrace: 87:       DEBUG:    [receive_response_headers.complete return_value=(b'HTTP/1.1', 200, b'OK', [(b'Server', b'nginx/1.18.0'), (b'Date', b'Wed, 03 Sep 2025 11:39:33 GMT'), (b'Content-Type', b'application/json'), (b'Content-Length', b'258'), (b'Connection', b'keep-alive'), (b'Strict-Transport-Security', b'max-age=31536000; includeSubDomains; preload'), (b'Access-Control-Allow-Origin', b'*'), (b'Access-Control-Allow-Methods', b'GET, POST, OPTIONS'), (b'Access-Control-Expose-Headers', b'Content-Length,Content-Type,Date,Server,Connection')])]
[2025-09-03 11:39:33,892]: [_client.py]: _send_single_request: 1740:       INFO:    [HTTP Request: POST https://api.telegram.org/bot6030805959:AAGUHAMxLYc-PrevgKouJ3ZyM7ktu56ftjo/getMe "HTTP/1.1 200 OK"]
[2025-09-03 11:39:33,892]: [_trace.py]: atrace: 87:       DEBUG:    [receive_response_body.started request=<Request [b'POST']>]
[2025-09-03 11:39:33,892]: [_trace.py]: atrace: 87:       DEBUG:    [receive_response_body.complete]
[2025-09-03 11:39:33,892]: [_trace.py]: atrace: 87:       DEBUG:    [response_closed.started]
[2025-09-03 11:39:33,892]: [_trace.py]: atrace: 87:       DEBUG:    [response_closed.complete]
[2025-09-03 11:39:33,892]: [_bot.py]: _do_post: 652:       DEBUG:    [Call to Bot API endpoint `getMe` finished with return value `{'id': 6030805959, 'is_bot': True, 'first_name': 'TyPHoone', 'username': 'TyPHoone_Project_bot', 'can_join_groups': True, 'can_read_all_group_messages': False, 'supports_inline_queries': False, 'can_connect_to_business': False, 'has_main_web_app': False}`]
[2025-09-03 11:39:33,895]: [_bot.py]: _do_post: 643:       DEBUG:    [Calling Bot API endpoint `sendDocument` with parameters `{'chat_id': '-4119703192', 'document': <telegram._files.inputfile.InputFile object at 0x7fb213521300>}`]
[2025-09-03 11:39:33,896]: [_trace.py]: atrace: 87:       DEBUG:    [send_request_headers.started request=<Request [b'POST']>]
[2025-09-03 11:39:33,896]: [_trace.py]: atrace: 87:       DEBUG:    [send_request_headers.complete]
[2025-09-03 11:39:33,896]: [_trace.py]: atrace: 87:       DEBUG:    [send_request_body.started request=<Request [b'POST']>]
[2025-09-03 11:39:33,897]: [_trace.py]: atrace: 87:       DEBUG:    [send_request_body.complete]
[2025-09-03 11:39:33,897]: [_trace.py]: atrace: 87:       DEBUG:    [receive_response_headers.started request=<Request [b'POST']>]
[2025-09-03 11:39:34,081]: [_trace.py]: atrace: 87:       DEBUG:    [receive_response_headers.complete return_value=(b'HTTP/1.1', 200, b'OK', [(b'Server', b'nginx/1.18.0'), (b'Date', b'Wed, 03 Sep 2025 11:39:34 GMT'), (b'Content-Type', b'application/json'), (b'Content-Length', b'585'), (b'Connection', b'keep-alive'), (b'Strict-Transport-Security', b'max-age=31536000; includeSubDomains; preload'), (b'Access-Control-Allow-Origin', b'*'), (b'Access-Control-Allow-Methods', b'GET, POST, OPTIONS'), (b'Access-Control-Expose-Headers', b'Content-Length,Content-Type,Date,Server,Connection')])]
[2025-09-03 11:39:34,081]: [_client.py]: _send_single_request: 1740:       INFO:    [HTTP Request: POST https://api.telegram.org/bot6030805959:AAGUHAMxLYc-PrevgKouJ3ZyM7ktu56ftjo/sendDocument "HTTP/1.1 200 OK"]
[2025-09-03 11:39:34,081]: [_trace.py]: atrace: 87:       DEBUG:    [receive_response_body.started request=<Request [b'POST']>]
[2025-09-03 11:39:34,081]: [_trace.py]: atrace: 87:       DEBUG:    [receive_response_body.complete]
[2025-09-03 11:39:34,081]: [_trace.py]: atrace: 87:       DEBUG:    [response_closed.started]
[2025-09-03 11:39:34,081]: [_trace.py]: atrace: 87:       DEBUG:    [response_closed.complete]
[2025-09-03 11:39:34,081]: [_bot.py]: _do_post: 652:       DEBUG:    [Call to Bot API endpoint `sendDocument` finished with return value `{'message_id': 2581, 'from': {'id': 6030805959, 'is_bot': True, 'first_name': 'TyPHoone', 'username': 'TyPHoone_Project_bot'}, 'chat': {'id': -4119703192, 'title': 'Robocop', 'type': 'group', 'all_members_are_administrators': True, 'accepted_gift_types': {'unlimited_gifts': False, 'limited_gifts': False, 'unique_gifts': False, 'premium_subscription': False}}, 'date': 1756899573, 'document': {'file_name': '(2025_09_03--11_39).log', 'mime_type': 'text/plain', 'file_id': 'BQACAgQAAxkDAAIKFWi4KPU7ORjfufJboX3ZnzefAAE-4gACORgAAjEkyVGYhwiqkJeAYDYE', 'file_unique_id': 'AgADORgAAjEkyVE', 'file_size': 5944}}`]
[2025-09-03 11:39:34,082]: [_trace.py]: atrace: 87:       DEBUG:    [close.started]
[2025-09-03 11:39:34,082]: [_trace.py]: atrace: 87:       DEBUG:    [close.complete]
[2025-09-03 11:39:34,125]: [_bot.py]: _do_post: 643:       DEBUG:    [Calling Bot API endpoint `getMe` with parameters `{}`]
[2025-09-03 11:39:34,126]: [_trace.py]: atrace: 87:       DEBUG:    [connect_tcp.started host='api.telegram.org' port=443 local_address=None timeout=5.0 socket_options=None]
[2025-09-03 11:39:34,275]: [_trace.py]: atrace: 87:       DEBUG:    [connect_tcp.complete return_value=<httpcore._backends.anyio.AnyIOStream object at 0x7fb213560b90>]
[2025-09-03 11:39:34,275]: [_trace.py]: atrace: 87:       DEBUG:    [start_tls.started ssl_context=<ssl.SSLContext object at 0x7fb213bb5bd0> server_hostname='api.telegram.org' timeout=5.0]
[2025-09-03 11:39:34,425]: [_trace.py]: atrace: 87:       DEBUG:    [start_tls.complete return_value=<httpcore._backends.anyio.AnyIOStream object at 0x7fb213d5c740>]
[2025-09-03 11:39:34,426]: [_trace.py]: atrace: 87:       DEBUG:    [send_request_headers.started request=<Request [b'POST']>]
[2025-09-03 11:39:34,426]: [_trace.py]: atrace: 87:       DEBUG:    [send_request_headers.complete]
[2025-09-03 11:39:34,426]: [_trace.py]: atrace: 87:       DEBUG:    [send_request_body.started request=<Request [b'POST']>]
[2025-09-03 11:39:34,426]: [_trace.py]: atrace: 87:       DEBUG:    [send_request_body.complete]
[2025-09-03 11:39:34,426]: [_trace.py]: atrace: 87:       DEBUG:    [receive_response_headers.started request=<Request [b'POST']>]
[2025-09-03 11:39:34,746]: [_trace.py]: atrace: 87:       DEBUG:    [receive_response_headers.complete return_value=(b'HTTP/1.1', 200, b'OK', [(b'Server', b'nginx/1.18.0'), (b'Date', b'Wed, 03 Sep 2025 11:39:34 GMT'), (b'Content-Type', b'application/json'), (b'Content-Length', b'258'), (b'Connection', b'keep-alive'), (b'Strict-Transport-Security', b'max-age=31536000; includeSubDomains; preload'), (b'Access-Control-Allow-Origin', b'*'), (b'Access-Control-Allow-Methods', b'GET, POST, OPTIONS'), (b'Access-Control-Expose-Headers', b'Content-Length,Content-Type,Date,Server,Connection')])]
[2025-09-03 11:39:34,746]: [_client.py]: _send_single_request: 1740:       INFO:    [HTTP Request: POST https://api.telegram.org/bot6030805959:AAGUHAMxLYc-PrevgKouJ3ZyM7ktu56ftjo/getMe "HTTP/1.1 200 OK"]
[2025-09-03 11:39:34,746]: [_trace.py]: atrace: 87:       DEBUG:    [receive_response_body.started request=<Request [b'POST']>]
[2025-09-03 11:39:34,747]: [_trace.py]: atrace: 87:       DEBUG:    [receive_response_body.complete]
[2025-09-03 11:39:34,747]: [_trace.py]: atrace: 87:       DEBUG:    [response_closed.started]
[2025-09-03 11:39:34,747]: [_trace.py]: atrace: 87:       DEBUG:    [response_closed.complete]
[2025-09-03 11:39:34,747]: [_bot.py]: _do_post: 652:       DEBUG:    [Call to Bot API endpoint `getMe` finished with return value `{'id': 6030805959, 'is_bot': True, 'first_name': 'TyPHoone', 'username': 'TyPHoone_Project_bot', 'can_join_groups': True, 'can_read_all_group_messages': False, 'supports_inline_queries': False, 'can_connect_to_business': False, 'has_main_web_app': False}`]
[2025-09-03 11:39:34,750]: [_bot.py]: _do_post: 643:       DEBUG:    [Calling Bot API endpoint `sendDocument` with parameters `{'chat_id': '-4119703192', 'document': <telegram._files.inputfile.InputFile object at 0x7fb213be8780>}`]
[2025-09-03 11:39:34,750]: [_trace.py]: atrace: 87:       DEBUG:    [send_request_headers.started request=<Request [b'POST']>]
[2025-09-03 11:39:34,750]: [_trace.py]: atrace: 87:       DEBUG:    [send_request_headers.complete]
[2025-09-03 11:39:34,750]: [_trace.py]: atrace: 87:       DEBUG:    [send_request_body.started request=<Request [b'POST']>]
[2025-09-03 11:39:36,095]: [_trace.py]: atrace: 87:       DEBUG:    [send_request_body.complete]
[2025-09-03 11:39:36,095]: [_trace.py]: atrace: 87:       DEBUG:    [receive_response_headers.started request=<Request [b'POST']>]
[2025-09-03 11:39:36,779]: [_trace.py]: atrace: 87:       DEBUG:    [receive_response_headers.complete return_value=(b'HTTP/1.1', 200, b'OK', [(b'Server', b'nginx/1.18.0'), (b'Date', b'Wed, 03 Sep 2025 11:39:36 GMT'), (b'Content-Type', b'application/json'), (b'Content-Length', b'598'), (b'Connection', b'keep-alive'), (b'Strict-Transport-Security', b'max-age=31536000; includeSubDomains; preload'), (b'Access-Control-Allow-Origin', b'*'), (b'Access-Control-Allow-Methods', b'GET, POST, OPTIONS'), (b'Access-Control-Expose-Headers', b'Content-Length,Content-Type,Date,Server,Connection')])]
[2025-09-03 11:39:36,779]: [_client.py]: _send_single_request: 1740:       INFO:    [HTTP Request: POST https://api.telegram.org/bot6030805959:AAGUHAMxLYc-PrevgKouJ3ZyM7ktu56ftjo/sendDocument "HTTP/1.1 200 OK"]
[2025-09-03 11:39:36,779]: [_trace.py]: atrace: 87:       DEBUG:    [receive_response_body.started request=<Request [b'POST']>]
[2025-09-03 11:39:36,779]: [_trace.py]: atrace: 87:       DEBUG:    [receive_response_body.complete]
[2025-09-03 11:39:36,779]: [_trace.py]: atrace: 87:       DEBUG:    [response_closed.started]
[2025-09-03 11:39:36,779]: [_trace.py]: atrace: 87:       DEBUG:    [response_closed.complete]
[2025-09-03 11:39:36,780]: [_bot.py]: _do_post: 652:       DEBUG:    [Call to Bot API endpoint `sendDocument` finished with return value `{'message_id': 2582, 'from': {'id': 6030805959, 'is_bot': True, 'first_name': 'TyPHoone', 'username': 'TyPHoone_Project_bot'}, 'chat': {'id': -4119703192, 'title': 'Robocop', 'type': 'group', 'all_members_are_administrators': True, 'accepted_gift_types': {'unlimited_gifts': False, 'limited_gifts': False, 'unique_gifts': False, 'premium_subscription': False}}, 'date': 1756899576, 'document': {'file_name': '(2025_09_03--11_39)output.zip', 'mime_type': 'application/zip', 'file_id': 'BQACAgQAAxkDAAIKFmi4KPjg2VrIXYgzuhh_Ch4Gn6aBAAI6GAACMSTJUSp8SMudv1AaNgQ', 'file_unique_id': 'AgADOhgAAjEkyVE', 'file_size': 9584759}}`]
[2025-09-03 11:39:36,780]: [_trace.py]: atrace: 87:       DEBUG:    [close.started]
[2025-09-03 11:39:36,780]: [_trace.py]: atrace: 87:       DEBUG:    [close.complete]
[2025-09-03 11:39:36,780]: [Telegram_Sender.py]: runner: 61:       INFO:    [sent successfully]
[2025-09-03 11:39:36,781]: [Main.py]: <module>: 48:       INFO:    [Finished]
