[2024-08-26 11:38:37,205]: [Main.py]: <module>: 21:       INFO:    [Started]
[2024-08-26 11:38:38,956]: [Iron_Scraper.py]: Scrap: 32:       INFO:    [Data Scaraped Successfully]
[2024-08-26 11:38:39,137]: [Iron_Scraper.py]: Scrap: 70:       INFO:    [Scrapped Data Has No Problem]
[2024-08-26 11:38:39,138]: [Iron_Scraper.py]: Scrap: 83:       INFO:    [Data Saved Successfully]
[2024-08-26 11:38:39,138]: [Iron.py]: Run: 26:       INFO:    [Scraping Phase Completed]
[2024-08-26 11:38:39,138]: [Iron_Data_Processor.py]: Data_Reader: 61:       INFO:    [Data File Has Been Red Successfully]
[2024-08-26 11:38:39,138]: [Iron_Data_Processor.py]: Shaper: 78:       INFO:    [Data Shaped]
[2024-08-26 11:38:39,138]: [Iron_Data_Processor.py]: Process: 228:       INFO:    [Data Cleaned]
[2024-08-26 11:38:39,138]: [Iron_Data_Processor.py]: Make_Pages_Objects: 101:       INFO:    [Page Objects Has Been Made]
[2024-08-26 11:38:39,138]: [Iron_Data_Processor.py]: Make_Pages_Objects: 101:       INFO:    [Page Objects Has Been Made]
[2024-08-26 11:38:39,138]: [Iron_Data_Processor.py]: Load_Data: 118:       INFO:    [Data Has Been Load]
[2024-08-26 11:38:39,139]: [Iron_Data_Processor.py]: Load_Data: 118:       INFO:    [Data Has Been Load]
[2024-08-26 11:38:39,139]: [Iron_Data_Processor.py]: Load_positions: 140:       INFO:    [Positions Are Ready]
[2024-08-26 11:38:39,139]: [Iron_Data_Processor.py]: Load_positions: 140:       INFO:    [Positions Are Ready]
[2024-08-26 11:38:40,254]: [Iron_Data_Processor.py]: Make_Tagged_Images: 193:       INFO:    [Images Has Been Made]
[2024-08-26 11:38:41,200]: [Iron_Data_Processor.py]: Make_Tagged_Images: 193:       INFO:    [Images Has Been Made]
[2024-08-26 11:38:41,452]: [Iron_Data_Processor.py]: Make_Cover_Page: 215:       INFO:    [Made Cover Pages]
[2024-08-26 11:38:41,452]: [Iron.py]: Run: 29:       INFO:    [Imagination Phase Completed]
[2024-08-26 11:38:45,090]: [Phone_Scraper.py]: Scrap: 58:       INFO:    [Data Scraped]
[2024-08-26 11:38:45,090]: [Phone_Scraper.py]: Scrap: 71:       INFO:    [Scraped Data Successfully]
[2024-08-26 11:38:45,090]: [Phone.py]: Run: 26:       INFO:    [Scraping Phase Complete]
[2024-08-26 11:38:45,091]: [Phone_Data_Processor.py]: data_reader: 38:       INFO:    [Scraped Data Loaded]
[2024-08-26 11:38:45,092]: [Phone_Data_Processor.py]: filter_list: 65:       INFO:    [Persian Phrases Are deleted]
[2024-08-26 11:38:45,093]: [Phone_Data_Processor.py]: reshape_list: 87:       INFO:    [Date Reshaped]
[2024-08-26 11:38:45,093]: [Phone_Data_Processor.py]: separate_brands: 124:       INFO:    [Brands Are Separated]
[2024-08-26 11:38:45,093]: [Phone_Data_Processor.py]: delete_extra_spaces: 141:       INFO:    [Extra Spaces Are Deleted]
[2024-08-26 11:38:45,860]: [Phone.py]: Run: 29:       INFO:    [Imagination Phase Complete]
[2024-08-26 11:38:45,860]: [selector_events.py]: __init__: 64:       DEBUG:    [Using selector: EpollSelector]
[2024-08-26 11:38:46,198]: [_bot.py]: _do_post: 643:       DEBUG:    [Calling Bot API endpoint `getMe` with parameters `{}`]
[2024-08-26 11:38:46,202]: [_trace.py]: atrace: 85:       DEBUG:    [connect_tcp.started host='api.telegram.org' port=443 local_address=None timeout=5.0 socket_options=None]
[2024-08-26 11:38:46,402]: [_trace.py]: atrace: 85:       DEBUG:    [connect_tcp.complete return_value=<httpcore._backends.anyio.AnyIOStream object at 0x7f129ed7edb0>]
[2024-08-26 11:38:46,402]: [_trace.py]: atrace: 85:       DEBUG:    [start_tls.started ssl_context=<ssl.SSLContext object at 0x7f129f737b50> server_hostname='api.telegram.org' timeout=5.0]
[2024-08-26 11:38:46,505]: [_trace.py]: atrace: 85:       DEBUG:    [start_tls.complete return_value=<httpcore._backends.anyio.AnyIOStream object at 0x7f129ed7d550>]
[2024-08-26 11:38:46,505]: [_trace.py]: atrace: 85:       DEBUG:    [send_request_headers.started request=<Request [b'POST']>]
[2024-08-26 11:38:46,506]: [_trace.py]: atrace: 85:       DEBUG:    [send_request_headers.complete]
[2024-08-26 11:38:46,506]: [_trace.py]: atrace: 85:       DEBUG:    [send_request_body.started request=<Request [b'POST']>]
[2024-08-26 11:38:46,506]: [_trace.py]: atrace: 85:       DEBUG:    [send_request_body.complete]
[2024-08-26 11:38:46,506]: [_trace.py]: atrace: 85:       DEBUG:    [receive_response_headers.started request=<Request [b'POST']>]
[2024-08-26 11:38:46,624]: [_trace.py]: atrace: 85:       DEBUG:    [receive_response_headers.complete return_value=(b'HTTP/1.1', 200, b'OK', [(b'Server', b'nginx/1.18.0'), (b'Date', b'Mon, 26 Aug 2024 11:38:46 GMT'), (b'Content-Type', b'application/json'), (b'Content-Length', b'258'), (b'Connection', b'keep-alive'), (b'Strict-Transport-Security', b'max-age=31536000; includeSubDomains; preload'), (b'Access-Control-Allow-Origin', b'*'), (b'Access-Control-Allow-Methods', b'GET, POST, OPTIONS'), (b'Access-Control-Expose-Headers', b'Content-Length,Content-Type,Date,Server,Connection')])]
[2024-08-26 11:38:46,624]: [_client.py]: _send_single_request: 1773:       INFO:    [HTTP Request: POST https://api.telegram.org/bot6030805959:AAGUHAMxLYc-PrevgKouJ3ZyM7ktu56ftjo/getMe "HTTP/1.1 200 OK"]
[2024-08-26 11:38:46,624]: [_trace.py]: atrace: 85:       DEBUG:    [receive_response_body.started request=<Request [b'POST']>]
[2024-08-26 11:38:46,624]: [_trace.py]: atrace: 85:       DEBUG:    [receive_response_body.complete]
[2024-08-26 11:38:46,624]: [_trace.py]: atrace: 85:       DEBUG:    [response_closed.started]
[2024-08-26 11:38:46,625]: [_trace.py]: atrace: 85:       DEBUG:    [response_closed.complete]
[2024-08-26 11:38:46,625]: [_bot.py]: _do_post: 652:       DEBUG:    [Call to Bot API endpoint `getMe` finished with return value `{'id': 6030805959, 'is_bot': True, 'first_name': 'TyPHoone', 'username': 'TyPHoone_Project_bot', 'can_join_groups': True, 'can_read_all_group_messages': False, 'supports_inline_queries': False, 'can_connect_to_business': False, 'has_main_web_app': False}`]
[2024-08-26 11:38:46,628]: [_bot.py]: _do_post: 643:       DEBUG:    [Calling Bot API endpoint `sendDocument` with parameters `{'chat_id': '-4119703192', 'document': <telegram._files.inputfile.InputFile object at 0x7f129eda4c00>}`]
[2024-08-26 11:38:46,628]: [_trace.py]: atrace: 85:       DEBUG:    [send_request_headers.started request=<Request [b'POST']>]
[2024-08-26 11:38:46,629]: [_trace.py]: atrace: 85:       DEBUG:    [send_request_headers.complete]
[2024-08-26 11:38:46,629]: [_trace.py]: atrace: 85:       DEBUG:    [send_request_body.started request=<Request [b'POST']>]
[2024-08-26 11:38:46,629]: [_trace.py]: atrace: 85:       DEBUG:    [send_request_body.complete]
[2024-08-26 11:38:46,629]: [_trace.py]: atrace: 85:       DEBUG:    [receive_response_headers.started request=<Request [b'POST']>]
[2024-08-26 11:38:46,898]: [_trace.py]: atrace: 85:       DEBUG:    [receive_response_headers.complete return_value=(b'HTTP/1.1', 200, b'OK', [(b'Server', b'nginx/1.18.0'), (b'Date', b'Mon, 26 Aug 2024 11:38:46 GMT'), (b'Content-Type', b'application/json'), (b'Content-Length', b'464'), (b'Connection', b'keep-alive'), (b'Strict-Transport-Security', b'max-age=31536000; includeSubDomains; preload'), (b'Access-Control-Allow-Origin', b'*'), (b'Access-Control-Allow-Methods', b'GET, POST, OPTIONS'), (b'Access-Control-Expose-Headers', b'Content-Length,Content-Type,Date,Server,Connection')])]
[2024-08-26 11:38:46,899]: [_client.py]: _send_single_request: 1773:       INFO:    [HTTP Request: POST https://api.telegram.org/bot6030805959:AAGUHAMxLYc-PrevgKouJ3ZyM7ktu56ftjo/sendDocument "HTTP/1.1 200 OK"]
[2024-08-26 11:38:46,899]: [_trace.py]: atrace: 85:       DEBUG:    [receive_response_body.started request=<Request [b'POST']>]
[2024-08-26 11:38:46,899]: [_trace.py]: atrace: 85:       DEBUG:    [receive_response_body.complete]
[2024-08-26 11:38:46,899]: [_trace.py]: atrace: 85:       DEBUG:    [response_closed.started]
[2024-08-26 11:38:46,899]: [_trace.py]: atrace: 85:       DEBUG:    [response_closed.complete]
[2024-08-26 11:38:46,899]: [_bot.py]: _do_post: 652:       DEBUG:    [Call to Bot API endpoint `sendDocument` finished with return value `{'message_id': 1827, 'from': {'id': 6030805959, 'is_bot': True, 'first_name': 'TyPHoone', 'username': 'TyPHoone_Project_bot'}, 'chat': {'id': -4119703192, 'title': 'Robocop', 'type': 'group', 'all_members_are_administrators': True}, 'date': 1724672326, 'document': {'file_name': '(2024_08_26--11_38).log', 'mime_type': 'text/plain', 'file_id': 'BQACAgQAAxkDAAIHI2bMaUbqarn_6K1ZMGSbMvmO4ahEAALDFAACFeRgUjh59WGo3UpmNQQ', 'file_unique_id': 'AgADwxQAAhXkYFI', 'file_size': 5937}}`]
[2024-08-26 11:38:46,900]: [_trace.py]: atrace: 85:       DEBUG:    [close.started]
[2024-08-26 11:38:46,900]: [_trace.py]: atrace: 85:       DEBUG:    [close.complete]
[2024-08-26 11:38:46,900]: [_config.py]: load_ssl_context: 80:       DEBUG:    [load_ssl_context verify=True cert=None trust_env=True http2=False]
[2024-08-26 11:38:46,900]: [_config.py]: load_ssl_context_verify: 146:       DEBUG:    [load_verify_locations cafile='/opt/hostedtoolcache/Python/3.12.5/x64/lib/python3.12/site-packages/certifi/cacert.pem']
[2024-08-26 11:38:46,929]: [_config.py]: load_ssl_context: 80:       DEBUG:    [load_ssl_context verify=True cert=None trust_env=True http2=False]
[2024-08-26 11:38:46,929]: [_config.py]: load_ssl_context_verify: 146:       DEBUG:    [load_verify_locations cafile='/opt/hostedtoolcache/Python/3.12.5/x64/lib/python3.12/site-packages/certifi/cacert.pem']
[2024-08-26 11:38:46,955]: [_bot.py]: _do_post: 643:       DEBUG:    [Calling Bot API endpoint `getMe` with parameters `{}`]
[2024-08-26 11:38:46,955]: [_trace.py]: atrace: 85:       DEBUG:    [connect_tcp.started host='api.telegram.org' port=443 local_address=None timeout=5.0 socket_options=None]
[2024-08-26 11:38:47,057]: [_trace.py]: atrace: 85:       DEBUG:    [connect_tcp.complete return_value=<httpcore._backends.anyio.AnyIOStream object at 0x7f129f8d56a0>]
[2024-08-26 11:38:47,057]: [_trace.py]: atrace: 85:       DEBUG:    [start_tls.started ssl_context=<ssl.SSLContext object at 0x7f129f737950> server_hostname='api.telegram.org' timeout=5.0]
[2024-08-26 11:38:47,160]: [_trace.py]: atrace: 85:       DEBUG:    [start_tls.complete return_value=<httpcore._backends.anyio.AnyIOStream object at 0x7f129fa9b290>]
[2024-08-26 11:38:47,160]: [_trace.py]: atrace: 85:       DEBUG:    [send_request_headers.started request=<Request [b'POST']>]
[2024-08-26 11:38:47,160]: [_trace.py]: atrace: 85:       DEBUG:    [send_request_headers.complete]
[2024-08-26 11:38:47,160]: [_trace.py]: atrace: 85:       DEBUG:    [send_request_body.started request=<Request [b'POST']>]
[2024-08-26 11:38:47,160]: [_trace.py]: atrace: 85:       DEBUG:    [send_request_body.complete]
[2024-08-26 11:38:47,160]: [_trace.py]: atrace: 85:       DEBUG:    [receive_response_headers.started request=<Request [b'POST']>]
[2024-08-26 11:38:47,278]: [_trace.py]: atrace: 85:       DEBUG:    [receive_response_headers.complete return_value=(b'HTTP/1.1', 200, b'OK', [(b'Server', b'nginx/1.18.0'), (b'Date', b'Mon, 26 Aug 2024 11:38:47 GMT'), (b'Content-Type', b'application/json'), (b'Content-Length', b'258'), (b'Connection', b'keep-alive'), (b'Strict-Transport-Security', b'max-age=31536000; includeSubDomains; preload'), (b'Access-Control-Allow-Origin', b'*'), (b'Access-Control-Allow-Methods', b'GET, POST, OPTIONS'), (b'Access-Control-Expose-Headers', b'Content-Length,Content-Type,Date,Server,Connection')])]
[2024-08-26 11:38:47,278]: [_client.py]: _send_single_request: 1773:       INFO:    [HTTP Request: POST https://api.telegram.org/bot6030805959:AAGUHAMxLYc-PrevgKouJ3ZyM7ktu56ftjo/getMe "HTTP/1.1 200 OK"]
[2024-08-26 11:38:47,278]: [_trace.py]: atrace: 85:       DEBUG:    [receive_response_body.started request=<Request [b'POST']>]
[2024-08-26 11:38:47,278]: [_trace.py]: atrace: 85:       DEBUG:    [receive_response_body.complete]
[2024-08-26 11:38:47,278]: [_trace.py]: atrace: 85:       DEBUG:    [response_closed.started]
[2024-08-26 11:38:47,278]: [_trace.py]: atrace: 85:       DEBUG:    [response_closed.complete]
[2024-08-26 11:38:47,279]: [_bot.py]: _do_post: 652:       DEBUG:    [Call to Bot API endpoint `getMe` finished with return value `{'id': 6030805959, 'is_bot': True, 'first_name': 'TyPHoone', 'username': 'TyPHoone_Project_bot', 'can_join_groups': True, 'can_read_all_group_messages': False, 'supports_inline_queries': False, 'can_connect_to_business': False, 'has_main_web_app': False}`]
[2024-08-26 11:38:47,281]: [_bot.py]: _do_post: 643:       DEBUG:    [Calling Bot API endpoint `sendDocument` with parameters `{'chat_id': '-4119703192', 'document': <telegram._files.inputfile.InputFile object at 0x7f129ed22680>}`]
[2024-08-26 11:38:47,281]: [_trace.py]: atrace: 85:       DEBUG:    [send_request_headers.started request=<Request [b'POST']>]
[2024-08-26 11:38:47,281]: [_trace.py]: atrace: 85:       DEBUG:    [send_request_headers.complete]
[2024-08-26 11:38:47,281]: [_trace.py]: atrace: 85:       DEBUG:    [send_request_body.started request=<Request [b'POST']>]
[2024-08-26 11:38:48,213]: [_trace.py]: atrace: 85:       DEBUG:    [send_request_body.complete]
[2024-08-26 11:38:48,213]: [_trace.py]: atrace: 85:       DEBUG:    [receive_response_headers.started request=<Request [b'POST']>]
[2024-08-26 11:38:49,079]: [_trace.py]: atrace: 85:       DEBUG:    [receive_response_headers.complete return_value=(b'HTTP/1.1', 200, b'OK', [(b'Server', b'nginx/1.18.0'), (b'Date', b'Mon, 26 Aug 2024 11:38:49 GMT'), (b'Content-Type', b'application/json'), (b'Content-Length', b'479'), (b'Connection', b'keep-alive'), (b'Strict-Transport-Security', b'max-age=31536000; includeSubDomains; preload'), (b'Access-Control-Allow-Origin', b'*'), (b'Access-Control-Allow-Methods', b'GET, POST, OPTIONS'), (b'Access-Control-Expose-Headers', b'Content-Length,Content-Type,Date,Server,Connection')])]
[2024-08-26 11:38:49,079]: [_client.py]: _send_single_request: 1773:       INFO:    [HTTP Request: POST https://api.telegram.org/bot6030805959:AAGUHAMxLYc-PrevgKouJ3ZyM7ktu56ftjo/sendDocument "HTTP/1.1 200 OK"]
[2024-08-26 11:38:49,080]: [_trace.py]: atrace: 85:       DEBUG:    [receive_response_body.started request=<Request [b'POST']>]
[2024-08-26 11:38:49,080]: [_trace.py]: atrace: 85:       DEBUG:    [receive_response_body.complete]
[2024-08-26 11:38:49,080]: [_trace.py]: atrace: 85:       DEBUG:    [response_closed.started]
[2024-08-26 11:38:49,080]: [_trace.py]: atrace: 85:       DEBUG:    [response_closed.complete]
[2024-08-26 11:38:49,080]: [_bot.py]: _do_post: 652:       DEBUG:    [Call to Bot API endpoint `sendDocument` finished with return value `{'message_id': 1828, 'from': {'id': 6030805959, 'is_bot': True, 'first_name': 'TyPHoone', 'username': 'TyPHoone_Project_bot'}, 'chat': {'id': -4119703192, 'title': 'Robocop', 'type': 'group', 'all_members_are_administrators': True}, 'date': 1724672329, 'document': {'file_name': '(2024_08_26--11_38)output.zip', 'mime_type': 'application/zip', 'file_id': 'BQACAgQAAxkDAAIHJGbMaUinsRNQsOATOUWVPYoSl9XaAALEFAACFeRgUoigrmkEdZ3ONQQ', 'file_unique_id': 'AgADxBQAAhXkYFI', 'file_size': 10190590}}`]
[2024-08-26 11:38:49,080]: [_trace.py]: atrace: 85:       DEBUG:    [close.started]
[2024-08-26 11:38:49,081]: [_trace.py]: atrace: 85:       DEBUG:    [close.complete]
[2024-08-26 11:38:49,081]: [Telegram_Sender.py]: runner: 61:       INFO:    [sent successfully]
[2024-08-26 11:38:49,081]: [Main.py]: <module>: 48:       INFO:    [Finished]
