[2024-12-05 11:39:40,059]: [Main.py]: <module>: 21:       INFO:    [Started]
[2024-12-05 11:39:41,752]: [Iron_Scraper.py]: Scrap: 32:       INFO:    [Data Scaraped Successfully]
[2024-12-05 11:39:41,806]: [Iron_Scraper.py]: Scrap: 70:       INFO:    [Scrapped Data Has No Problem]
[2024-12-05 11:39:41,806]: [Iron_Scraper.py]: Scrap: 83:       INFO:    [Data Saved Successfully]
[2024-12-05 11:39:41,806]: [Iron.py]: Run: 26:       INFO:    [Scraping Phase Completed]
[2024-12-05 11:39:41,807]: [Iron_Data_Processor.py]: Data_Reader: 61:       INFO:    [Data File Has Been Red Successfully]
[2024-12-05 11:39:41,807]: [Iron_Data_Processor.py]: Shaper: 78:       INFO:    [Data Shaped]
[2024-12-05 11:39:41,807]: [Iron_Data_Processor.py]: Process: 228:       INFO:    [Data Cleaned]
[2024-12-05 11:39:41,807]: [Iron_Data_Processor.py]: Make_Pages_Objects: 101:       INFO:    [Page Objects Has Been Made]
[2024-12-05 11:39:41,807]: [Iron_Data_Processor.py]: Make_Pages_Objects: 101:       INFO:    [Page Objects Has Been Made]
[2024-12-05 11:39:41,807]: [Iron_Data_Processor.py]: Load_Data: 118:       INFO:    [Data Has Been Load]
[2024-12-05 11:39:41,807]: [Iron_Data_Processor.py]: Load_Data: 118:       INFO:    [Data Has Been Load]
[2024-12-05 11:39:41,807]: [Iron_Data_Processor.py]: Load_positions: 140:       INFO:    [Positions Are Ready]
[2024-12-05 11:39:41,807]: [Iron_Data_Processor.py]: Load_positions: 140:       INFO:    [Positions Are Ready]
[2024-12-05 11:39:42,878]: [Iron_Data_Processor.py]: Make_Tagged_Images: 193:       INFO:    [Images Has Been Made]
[2024-12-05 11:39:43,784]: [Iron_Data_Processor.py]: Make_Tagged_Images: 193:       INFO:    [Images Has Been Made]
[2024-12-05 11:39:44,038]: [Iron_Data_Processor.py]: Make_Cover_Page: 215:       INFO:    [Made Cover Pages]
[2024-12-05 11:39:44,039]: [Iron.py]: Run: 29:       INFO:    [Imagination Phase Completed]
[2024-12-05 11:39:47,671]: [Phone_Scraper.py]: Scrap: 58:       INFO:    [Data Scraped]
[2024-12-05 11:39:47,672]: [Phone_Scraper.py]: Scrap: 71:       INFO:    [Scraped Data Successfully]
[2024-12-05 11:39:47,672]: [Phone.py]: Run: 26:       INFO:    [Scraping Phase Complete]
[2024-12-05 11:39:47,672]: [Phone_Data_Processor.py]: data_reader: 38:       INFO:    [Scraped Data Loaded]
[2024-12-05 11:39:47,673]: [Phone_Data_Processor.py]: filter_list: 65:       INFO:    [Persian Phrases Are deleted]
[2024-12-05 11:39:47,674]: [Phone_Data_Processor.py]: reshape_list: 87:       INFO:    [Date Reshaped]
[2024-12-05 11:39:47,674]: [Phone_Data_Processor.py]: separate_brands: 124:       INFO:    [Brands Are Separated]
[2024-12-05 11:39:47,675]: [Phone_Data_Processor.py]: delete_extra_spaces: 141:       INFO:    [Extra Spaces Are Deleted]
[2024-12-05 11:39:48,434]: [Phone.py]: Run: 29:       INFO:    [Imagination Phase Complete]
[2024-12-05 11:39:48,434]: [selector_events.py]: __init__: 64:       DEBUG:    [Using selector: EpollSelector]
[2024-12-05 11:39:48,761]: [_bot.py]: _do_post: 643:       DEBUG:    [Calling Bot API endpoint `getMe` with parameters `{}`]
[2024-12-05 11:39:48,765]: [_trace.py]: atrace: 87:       DEBUG:    [connect_tcp.started host='api.telegram.org' port=443 local_address=None timeout=5.0 socket_options=None]
[2024-12-05 11:39:48,902]: [_trace.py]: atrace: 87:       DEBUG:    [connect_tcp.complete return_value=<httpcore._backends.anyio.AnyIOStream object at 0x7fd13e503320>]
[2024-12-05 11:39:48,902]: [_trace.py]: atrace: 87:       DEBUG:    [start_tls.started ssl_context=<ssl.SSLContext object at 0x7fd13eb41450> server_hostname='api.telegram.org' timeout=5.0]
[2024-12-05 11:39:48,990]: [_trace.py]: atrace: 87:       DEBUG:    [start_tls.complete return_value=<httpcore._backends.anyio.AnyIOStream object at 0x7fd13e9eb1d0>]
[2024-12-05 11:39:48,990]: [_trace.py]: atrace: 87:       DEBUG:    [send_request_headers.started request=<Request [b'POST']>]
[2024-12-05 11:39:48,990]: [_trace.py]: atrace: 87:       DEBUG:    [send_request_headers.complete]
[2024-12-05 11:39:48,990]: [_trace.py]: atrace: 87:       DEBUG:    [send_request_body.started request=<Request [b'POST']>]
[2024-12-05 11:39:48,991]: [_trace.py]: atrace: 87:       DEBUG:    [send_request_body.complete]
[2024-12-05 11:39:48,991]: [_trace.py]: atrace: 87:       DEBUG:    [receive_response_headers.started request=<Request [b'POST']>]
[2024-12-05 11:39:49,102]: [_trace.py]: atrace: 87:       DEBUG:    [receive_response_headers.complete return_value=(b'HTTP/1.1', 200, b'OK', [(b'Server', b'nginx/1.18.0'), (b'Date', b'Thu, 05 Dec 2024 11:39:49 GMT'), (b'Content-Type', b'application/json'), (b'Content-Length', b'258'), (b'Connection', b'keep-alive'), (b'Strict-Transport-Security', b'max-age=31536000; includeSubDomains; preload'), (b'Access-Control-Allow-Origin', b'*'), (b'Access-Control-Allow-Methods', b'GET, POST, OPTIONS'), (b'Access-Control-Expose-Headers', b'Content-Length,Content-Type,Date,Server,Connection')])]
[2024-12-05 11:39:49,102]: [_client.py]: _send_single_request: 1742:       INFO:    [HTTP Request: POST https://api.telegram.org/bot6030805959:AAGUHAMxLYc-PrevgKouJ3ZyM7ktu56ftjo/getMe "HTTP/1.1 200 OK"]
[2024-12-05 11:39:49,102]: [_trace.py]: atrace: 87:       DEBUG:    [receive_response_body.started request=<Request [b'POST']>]
[2024-12-05 11:39:49,102]: [_trace.py]: atrace: 87:       DEBUG:    [receive_response_body.complete]
[2024-12-05 11:39:49,102]: [_trace.py]: atrace: 87:       DEBUG:    [response_closed.started]
[2024-12-05 11:39:49,102]: [_trace.py]: atrace: 87:       DEBUG:    [response_closed.complete]
[2024-12-05 11:39:49,103]: [_bot.py]: _do_post: 652:       DEBUG:    [Call to Bot API endpoint `getMe` finished with return value `{'id': 6030805959, 'is_bot': True, 'first_name': 'TyPHoone', 'username': 'TyPHoone_Project_bot', 'can_join_groups': True, 'can_read_all_group_messages': False, 'supports_inline_queries': False, 'can_connect_to_business': False, 'has_main_web_app': False}`]
[2024-12-05 11:39:49,106]: [_bot.py]: _do_post: 643:       DEBUG:    [Calling Bot API endpoint `sendDocument` with parameters `{'chat_id': '-4119703192', 'document': <telegram._files.inputfile.InputFile object at 0x7fd13e9b4480>}`]
[2024-12-05 11:39:49,106]: [_trace.py]: atrace: 87:       DEBUG:    [send_request_headers.started request=<Request [b'POST']>]
[2024-12-05 11:39:49,107]: [_trace.py]: atrace: 87:       DEBUG:    [send_request_headers.complete]
[2024-12-05 11:39:49,107]: [_trace.py]: atrace: 87:       DEBUG:    [send_request_body.started request=<Request [b'POST']>]
[2024-12-05 11:39:49,107]: [_trace.py]: atrace: 87:       DEBUG:    [send_request_body.complete]
[2024-12-05 11:39:49,107]: [_trace.py]: atrace: 87:       DEBUG:    [receive_response_headers.started request=<Request [b'POST']>]
[2024-12-05 11:39:49,321]: [_trace.py]: atrace: 87:       DEBUG:    [receive_response_headers.complete return_value=(b'HTTP/1.1', 200, b'OK', [(b'Server', b'nginx/1.18.0'), (b'Date', b'Thu, 05 Dec 2024 11:39:49 GMT'), (b'Content-Type', b'application/json'), (b'Content-Length', b'464'), (b'Connection', b'keep-alive'), (b'Strict-Transport-Security', b'max-age=31536000; includeSubDomains; preload'), (b'Access-Control-Allow-Origin', b'*'), (b'Access-Control-Allow-Methods', b'GET, POST, OPTIONS'), (b'Access-Control-Expose-Headers', b'Content-Length,Content-Type,Date,Server,Connection')])]
[2024-12-05 11:39:49,321]: [_client.py]: _send_single_request: 1742:       INFO:    [HTTP Request: POST https://api.telegram.org/bot6030805959:AAGUHAMxLYc-PrevgKouJ3ZyM7ktu56ftjo/sendDocument "HTTP/1.1 200 OK"]
[2024-12-05 11:39:49,321]: [_trace.py]: atrace: 87:       DEBUG:    [receive_response_body.started request=<Request [b'POST']>]
[2024-12-05 11:39:49,321]: [_trace.py]: atrace: 87:       DEBUG:    [receive_response_body.complete]
[2024-12-05 11:39:49,321]: [_trace.py]: atrace: 87:       DEBUG:    [response_closed.started]
[2024-12-05 11:39:49,322]: [_trace.py]: atrace: 87:       DEBUG:    [response_closed.complete]
[2024-12-05 11:39:49,322]: [_bot.py]: _do_post: 652:       DEBUG:    [Call to Bot API endpoint `sendDocument` finished with return value `{'message_id': 2030, 'from': {'id': 6030805959, 'is_bot': True, 'first_name': 'TyPHoone', 'username': 'TyPHoone_Project_bot'}, 'chat': {'id': -4119703192, 'title': 'Robocop', 'type': 'group', 'all_members_are_administrators': True}, 'date': 1733398789, 'document': {'file_name': '(2024_12_05--11_39).log', 'mime_type': 'text/plain', 'file_id': 'BQACAgQAAxkDAAIH7mdRkQUiJIGapSZ2pKlgTn4c9OzJAAImFwACDnOIUkq5D8cMeWbVNgQ', 'file_unique_id': 'AgADJhcAAg5ziFI', 'file_size': 5937}}`]
[2024-12-05 11:39:49,322]: [_trace.py]: atrace: 87:       DEBUG:    [close.started]
[2024-12-05 11:39:49,322]: [_trace.py]: atrace: 87:       DEBUG:    [close.complete]
[2024-12-05 11:39:49,378]: [_bot.py]: _do_post: 643:       DEBUG:    [Calling Bot API endpoint `getMe` with parameters `{}`]
[2024-12-05 11:39:49,379]: [_trace.py]: atrace: 87:       DEBUG:    [connect_tcp.started host='api.telegram.org' port=443 local_address=None timeout=5.0 socket_options=None]
[2024-12-05 11:39:49,465]: [_trace.py]: atrace: 87:       DEBUG:    [connect_tcp.complete return_value=<httpcore._backends.anyio.AnyIOStream object at 0x7fd13eb4e0f0>]
[2024-12-05 11:39:49,465]: [_trace.py]: atrace: 87:       DEBUG:    [start_tls.started ssl_context=<ssl.SSLContext object at 0x7fd13eb41250> server_hostname='api.telegram.org' timeout=5.0]
[2024-12-05 11:39:49,551]: [_trace.py]: atrace: 87:       DEBUG:    [start_tls.complete return_value=<httpcore._backends.anyio.AnyIOStream object at 0x7fd13e9eb1d0>]
[2024-12-05 11:39:49,551]: [_trace.py]: atrace: 87:       DEBUG:    [send_request_headers.started request=<Request [b'POST']>]
[2024-12-05 11:39:49,552]: [_trace.py]: atrace: 87:       DEBUG:    [send_request_headers.complete]
[2024-12-05 11:39:49,552]: [_trace.py]: atrace: 87:       DEBUG:    [send_request_body.started request=<Request [b'POST']>]
[2024-12-05 11:39:49,552]: [_trace.py]: atrace: 87:       DEBUG:    [send_request_body.complete]
[2024-12-05 11:39:49,552]: [_trace.py]: atrace: 87:       DEBUG:    [receive_response_headers.started request=<Request [b'POST']>]
[2024-12-05 11:39:49,637]: [_trace.py]: atrace: 87:       DEBUG:    [receive_response_headers.complete return_value=(b'HTTP/1.1', 200, b'OK', [(b'Server', b'nginx/1.18.0'), (b'Date', b'Thu, 05 Dec 2024 11:39:49 GMT'), (b'Content-Type', b'application/json'), (b'Content-Length', b'258'), (b'Connection', b'keep-alive'), (b'Strict-Transport-Security', b'max-age=31536000; includeSubDomains; preload'), (b'Access-Control-Allow-Origin', b'*'), (b'Access-Control-Allow-Methods', b'GET, POST, OPTIONS'), (b'Access-Control-Expose-Headers', b'Content-Length,Content-Type,Date,Server,Connection')])]
[2024-12-05 11:39:49,638]: [_client.py]: _send_single_request: 1742:       INFO:    [HTTP Request: POST https://api.telegram.org/bot6030805959:AAGUHAMxLYc-PrevgKouJ3ZyM7ktu56ftjo/getMe "HTTP/1.1 200 OK"]
[2024-12-05 11:39:49,638]: [_trace.py]: atrace: 87:       DEBUG:    [receive_response_body.started request=<Request [b'POST']>]
[2024-12-05 11:39:49,638]: [_trace.py]: atrace: 87:       DEBUG:    [receive_response_body.complete]
[2024-12-05 11:39:49,638]: [_trace.py]: atrace: 87:       DEBUG:    [response_closed.started]
[2024-12-05 11:39:49,638]: [_trace.py]: atrace: 87:       DEBUG:    [response_closed.complete]
[2024-12-05 11:39:49,638]: [_bot.py]: _do_post: 652:       DEBUG:    [Call to Bot API endpoint `getMe` finished with return value `{'id': 6030805959, 'is_bot': True, 'first_name': 'TyPHoone', 'username': 'TyPHoone_Project_bot', 'can_join_groups': True, 'can_read_all_group_messages': False, 'supports_inline_queries': False, 'can_connect_to_business': False, 'has_main_web_app': False}`]
[2024-12-05 11:39:49,640]: [_bot.py]: _do_post: 643:       DEBUG:    [Calling Bot API endpoint `sendDocument` with parameters `{'chat_id': '-4119703192', 'document': <telegram._files.inputfile.InputFile object at 0x7fd13ecab240>}`]
[2024-12-05 11:39:49,641]: [_trace.py]: atrace: 87:       DEBUG:    [send_request_headers.started request=<Request [b'POST']>]
[2024-12-05 11:39:49,641]: [_trace.py]: atrace: 87:       DEBUG:    [send_request_headers.complete]
[2024-12-05 11:39:49,641]: [_trace.py]: atrace: 87:       DEBUG:    [send_request_body.started request=<Request [b'POST']>]
[2024-12-05 11:39:50,414]: [_trace.py]: atrace: 87:       DEBUG:    [send_request_body.complete]
[2024-12-05 11:39:50,415]: [_trace.py]: atrace: 87:       DEBUG:    [receive_response_headers.started request=<Request [b'POST']>]
[2024-12-05 11:39:50,988]: [_trace.py]: atrace: 87:       DEBUG:    [receive_response_headers.complete return_value=(b'HTTP/1.1', 200, b'OK', [(b'Server', b'nginx/1.18.0'), (b'Date', b'Thu, 05 Dec 2024 11:39:50 GMT'), (b'Content-Type', b'application/json'), (b'Content-Length', b'479'), (b'Connection', b'keep-alive'), (b'Strict-Transport-Security', b'max-age=31536000; includeSubDomains; preload'), (b'Access-Control-Allow-Origin', b'*'), (b'Access-Control-Allow-Methods', b'GET, POST, OPTIONS'), (b'Access-Control-Expose-Headers', b'Content-Length,Content-Type,Date,Server,Connection')])]
[2024-12-05 11:39:50,988]: [_client.py]: _send_single_request: 1742:       INFO:    [HTTP Request: POST https://api.telegram.org/bot6030805959:AAGUHAMxLYc-PrevgKouJ3ZyM7ktu56ftjo/sendDocument "HTTP/1.1 200 OK"]
[2024-12-05 11:39:50,988]: [_trace.py]: atrace: 87:       DEBUG:    [receive_response_body.started request=<Request [b'POST']>]
[2024-12-05 11:39:50,989]: [_trace.py]: atrace: 87:       DEBUG:    [receive_response_body.complete]
[2024-12-05 11:39:50,989]: [_trace.py]: atrace: 87:       DEBUG:    [response_closed.started]
[2024-12-05 11:39:50,989]: [_trace.py]: atrace: 87:       DEBUG:    [response_closed.complete]
[2024-12-05 11:39:50,989]: [_bot.py]: _do_post: 652:       DEBUG:    [Call to Bot API endpoint `sendDocument` finished with return value `{'message_id': 2031, 'from': {'id': 6030805959, 'is_bot': True, 'first_name': 'TyPHoone', 'username': 'TyPHoone_Project_bot'}, 'chat': {'id': -4119703192, 'title': 'Robocop', 'type': 'group', 'all_members_are_administrators': True}, 'date': 1733398790, 'document': {'file_name': '(2024_12_05--11_39)output.zip', 'mime_type': 'application/zip', 'file_id': 'BQACAgQAAxkDAAIH72dRkQZNSwHkYfkMEAABHYX7LQsHBgACJxcAAg5ziFKwsNy_xbPknjYE', 'file_unique_id': 'AgADJxcAAg5ziFI', 'file_size': 9857921}}`]
[2024-12-05 11:39:50,989]: [_trace.py]: atrace: 87:       DEBUG:    [close.started]
[2024-12-05 11:39:50,989]: [_trace.py]: atrace: 87:       DEBUG:    [close.complete]
[2024-12-05 11:39:50,990]: [Telegram_Sender.py]: runner: 61:       INFO:    [sent successfully]
[2024-12-05 11:39:50,990]: [Main.py]: <module>: 48:       INFO:    [Finished]
