[2025-03-05 11:38:09,847]: [Main.py]: <module>: 21:       INFO:    [Started]
[2025-03-05 11:38:11,360]: [Iron_Scraper.py]: Scrap: 32:       INFO:    [Data Scaraped Successfully]
[2025-03-05 11:38:11,557]: [Iron_Scraper.py]: Scrap: 70:       INFO:    [Scrapped Data Has No Problem]
[2025-03-05 11:38:11,557]: [Iron_Scraper.py]: Scrap: 83:       INFO:    [Data Saved Successfully]
[2025-03-05 11:38:11,557]: [Iron.py]: Run: 26:       INFO:    [Scraping Phase Completed]
[2025-03-05 11:38:11,557]: [Iron_Data_Processor.py]: Data_Reader: 61:       INFO:    [Data File Has Been Red Successfully]
[2025-03-05 11:38:11,557]: [Iron_Data_Processor.py]: Shaper: 78:       INFO:    [Data Shaped]
[2025-03-05 11:38:11,558]: [Iron_Data_Processor.py]: Process: 228:       INFO:    [Data Cleaned]
[2025-03-05 11:38:11,558]: [Iron_Data_Processor.py]: Make_Pages_Objects: 101:       INFO:    [Page Objects Has Been Made]
[2025-03-05 11:38:11,558]: [Iron_Data_Processor.py]: Make_Pages_Objects: 101:       INFO:    [Page Objects Has Been Made]
[2025-03-05 11:38:11,558]: [Iron_Data_Processor.py]: Load_Data: 118:       INFO:    [Data Has Been Load]
[2025-03-05 11:38:11,558]: [Iron_Data_Processor.py]: Load_Data: 118:       INFO:    [Data Has Been Load]
[2025-03-05 11:38:11,558]: [Iron_Data_Processor.py]: Load_positions: 140:       INFO:    [Positions Are Ready]
[2025-03-05 11:38:11,558]: [Iron_Data_Processor.py]: Load_positions: 140:       INFO:    [Positions Are Ready]
[2025-03-05 11:38:12,667]: [Iron_Data_Processor.py]: Make_Tagged_Images: 193:       INFO:    [Images Has Been Made]
[2025-03-05 11:38:13,607]: [Iron_Data_Processor.py]: Make_Tagged_Images: 193:       INFO:    [Images Has Been Made]
[2025-03-05 11:38:13,862]: [Iron_Data_Processor.py]: Make_Cover_Page: 215:       INFO:    [Made Cover Pages]
[2025-03-05 11:38:13,863]: [Iron.py]: Run: 29:       INFO:    [Imagination Phase Completed]
[2025-03-05 11:38:17,002]: [Phone_Scraper.py]: Scrap: 58:       INFO:    [Data Scraped]
[2025-03-05 11:38:17,003]: [Phone_Scraper.py]: Scrap: 71:       INFO:    [Scraped Data Successfully]
[2025-03-05 11:38:17,003]: [Phone.py]: Run: 26:       INFO:    [Scraping Phase Complete]
[2025-03-05 11:38:17,003]: [Phone_Data_Processor.py]: data_reader: 38:       INFO:    [Scraped Data Loaded]
[2025-03-05 11:38:17,004]: [Phone_Data_Processor.py]: filter_list: 65:       INFO:    [Persian Phrases Are deleted]
[2025-03-05 11:38:17,004]: [Phone_Data_Processor.py]: reshape_list: 87:       INFO:    [Date Reshaped]
[2025-03-05 11:38:17,005]: [Phone_Data_Processor.py]: separate_brands: 124:       INFO:    [Brands Are Separated]
[2025-03-05 11:38:17,005]: [Phone_Data_Processor.py]: delete_extra_spaces: 141:       INFO:    [Extra Spaces Are Deleted]
[2025-03-05 11:38:17,770]: [Phone.py]: Run: 29:       INFO:    [Imagination Phase Complete]
[2025-03-05 11:38:17,770]: [selector_events.py]: __init__: 64:       DEBUG:    [Using selector: EpollSelector]
[2025-03-05 11:38:18,048]: [_bot.py]: _do_post: 643:       DEBUG:    [Calling Bot API endpoint `getMe` with parameters `{}`]
[2025-03-05 11:38:18,053]: [_trace.py]: atrace: 87:       DEBUG:    [connect_tcp.started host='api.telegram.org' port=443 local_address=None timeout=5.0 socket_options=None]
[2025-03-05 11:38:18,199]: [_trace.py]: atrace: 87:       DEBUG:    [connect_tcp.complete return_value=<httpcore._backends.anyio.AnyIOStream object at 0x7f939071cbf0>]
[2025-03-05 11:38:18,199]: [_trace.py]: atrace: 87:       DEBUG:    [start_tls.started ssl_context=<ssl.SSLContext object at 0x7f93911434d0> server_hostname='api.telegram.org' timeout=5.0]
[2025-03-05 11:38:18,291]: [_trace.py]: atrace: 87:       DEBUG:    [start_tls.complete return_value=<httpcore._backends.anyio.AnyIOStream object at 0x7f9391134260>]
[2025-03-05 11:38:18,291]: [_trace.py]: atrace: 87:       DEBUG:    [send_request_headers.started request=<Request [b'POST']>]
[2025-03-05 11:38:18,291]: [_trace.py]: atrace: 87:       DEBUG:    [send_request_headers.complete]
[2025-03-05 11:38:18,291]: [_trace.py]: atrace: 87:       DEBUG:    [send_request_body.started request=<Request [b'POST']>]
[2025-03-05 11:38:18,291]: [_trace.py]: atrace: 87:       DEBUG:    [send_request_body.complete]
[2025-03-05 11:38:18,291]: [_trace.py]: atrace: 87:       DEBUG:    [receive_response_headers.started request=<Request [b'POST']>]
[2025-03-05 11:38:18,381]: [_trace.py]: atrace: 87:       DEBUG:    [receive_response_headers.complete return_value=(b'HTTP/1.1', 200, b'OK', [(b'Server', b'nginx/1.18.0'), (b'Date', b'Wed, 05 Mar 2025 11:38:18 GMT'), (b'Content-Type', b'application/json'), (b'Content-Length', b'258'), (b'Connection', b'keep-alive'), (b'Strict-Transport-Security', b'max-age=31536000; includeSubDomains; preload'), (b'Access-Control-Allow-Origin', b'*'), (b'Access-Control-Allow-Methods', b'GET, POST, OPTIONS'), (b'Access-Control-Expose-Headers', b'Content-Length,Content-Type,Date,Server,Connection')])]
[2025-03-05 11:38:18,381]: [_client.py]: _send_single_request: 1740:       INFO:    [HTTP Request: POST https://api.telegram.org/bot6030805959:AAGUHAMxLYc-PrevgKouJ3ZyM7ktu56ftjo/getMe "HTTP/1.1 200 OK"]
[2025-03-05 11:38:18,381]: [_trace.py]: atrace: 87:       DEBUG:    [receive_response_body.started request=<Request [b'POST']>]
[2025-03-05 11:38:18,382]: [_trace.py]: atrace: 87:       DEBUG:    [receive_response_body.complete]
[2025-03-05 11:38:18,382]: [_trace.py]: atrace: 87:       DEBUG:    [response_closed.started]
[2025-03-05 11:38:18,382]: [_trace.py]: atrace: 87:       DEBUG:    [response_closed.complete]
[2025-03-05 11:38:18,382]: [_bot.py]: _do_post: 652:       DEBUG:    [Call to Bot API endpoint `getMe` finished with return value `{'id': 6030805959, 'is_bot': True, 'first_name': 'TyPHoone', 'username': 'TyPHoone_Project_bot', 'can_join_groups': True, 'can_read_all_group_messages': False, 'supports_inline_queries': False, 'can_connect_to_business': False, 'has_main_web_app': False}`]
[2025-03-05 11:38:18,385]: [_bot.py]: _do_post: 643:       DEBUG:    [Calling Bot API endpoint `sendDocument` with parameters `{'chat_id': '-4119703192', 'document': <telegram._files.inputfile.InputFile object at 0x7f9398d16800>}`]
[2025-03-05 11:38:18,385]: [_trace.py]: atrace: 87:       DEBUG:    [send_request_headers.started request=<Request [b'POST']>]
[2025-03-05 11:38:18,385]: [_trace.py]: atrace: 87:       DEBUG:    [send_request_headers.complete]
[2025-03-05 11:38:18,386]: [_trace.py]: atrace: 87:       DEBUG:    [send_request_body.started request=<Request [b'POST']>]
[2025-03-05 11:38:18,386]: [_trace.py]: atrace: 87:       DEBUG:    [send_request_body.complete]
[2025-03-05 11:38:18,386]: [_trace.py]: atrace: 87:       DEBUG:    [receive_response_headers.started request=<Request [b'POST']>]
[2025-03-05 11:38:18,773]: [_trace.py]: atrace: 87:       DEBUG:    [receive_response_headers.complete return_value=(b'HTTP/1.1', 200, b'OK', [(b'Server', b'nginx/1.18.0'), (b'Date', b'Wed, 05 Mar 2025 11:38:18 GMT'), (b'Content-Type', b'application/json'), (b'Content-Length', b'464'), (b'Connection', b'keep-alive'), (b'Strict-Transport-Security', b'max-age=31536000; includeSubDomains; preload'), (b'Access-Control-Allow-Origin', b'*'), (b'Access-Control-Allow-Methods', b'GET, POST, OPTIONS'), (b'Access-Control-Expose-Headers', b'Content-Length,Content-Type,Date,Server,Connection')])]
[2025-03-05 11:38:18,774]: [_client.py]: _send_single_request: 1740:       INFO:    [HTTP Request: POST https://api.telegram.org/bot6030805959:AAGUHAMxLYc-PrevgKouJ3ZyM7ktu56ftjo/sendDocument "HTTP/1.1 200 OK"]
[2025-03-05 11:38:18,774]: [_trace.py]: atrace: 87:       DEBUG:    [receive_response_body.started request=<Request [b'POST']>]
[2025-03-05 11:38:18,774]: [_trace.py]: atrace: 87:       DEBUG:    [receive_response_body.complete]
[2025-03-05 11:38:18,774]: [_trace.py]: atrace: 87:       DEBUG:    [response_closed.started]
[2025-03-05 11:38:18,774]: [_trace.py]: atrace: 87:       DEBUG:    [response_closed.complete]
[2025-03-05 11:38:18,774]: [_bot.py]: _do_post: 652:       DEBUG:    [Call to Bot API endpoint `sendDocument` finished with return value `{'message_id': 2213, 'from': {'id': 6030805959, 'is_bot': True, 'first_name': 'TyPHoone', 'username': 'TyPHoone_Project_bot'}, 'chat': {'id': -4119703192, 'title': 'Robocop', 'type': 'group', 'all_members_are_administrators': True}, 'date': 1741174698, 'document': {'file_name': '(2025_03_05--11_38).log', 'mime_type': 'text/plain', 'file_id': 'BQACAgQAAxkDAAIIpWfIN6qR2_dWCxCkP7ipupJDlPhzAAJpFgACYzFBUkUMcoHwvX4ONgQ', 'file_unique_id': 'AgADaRYAAmMxQVI', 'file_size': 5937}}`]
[2025-03-05 11:38:18,775]: [_trace.py]: atrace: 87:       DEBUG:    [close.started]
[2025-03-05 11:38:18,775]: [_trace.py]: atrace: 87:       DEBUG:    [close.complete]
[2025-03-05 11:38:18,820]: [_bot.py]: _do_post: 643:       DEBUG:    [Calling Bot API endpoint `getMe` with parameters `{}`]
[2025-03-05 11:38:18,820]: [_trace.py]: atrace: 87:       DEBUG:    [connect_tcp.started host='api.telegram.org' port=443 local_address=None timeout=5.0 socket_options=None]
[2025-03-05 11:38:18,911]: [_trace.py]: atrace: 87:       DEBUG:    [connect_tcp.complete return_value=<httpcore._backends.anyio.AnyIOStream object at 0x7f9390788710>]
[2025-03-05 11:38:18,911]: [_trace.py]: atrace: 87:       DEBUG:    [start_tls.started ssl_context=<ssl.SSLContext object at 0x7f93911432d0> server_hostname='api.telegram.org' timeout=5.0]
[2025-03-05 11:38:19,002]: [_trace.py]: atrace: 87:       DEBUG:    [start_tls.complete return_value=<httpcore._backends.anyio.AnyIOStream object at 0x7f9391bb8470>]
[2025-03-05 11:38:19,002]: [_trace.py]: atrace: 87:       DEBUG:    [send_request_headers.started request=<Request [b'POST']>]
[2025-03-05 11:38:19,002]: [_trace.py]: atrace: 87:       DEBUG:    [send_request_headers.complete]
[2025-03-05 11:38:19,002]: [_trace.py]: atrace: 87:       DEBUG:    [send_request_body.started request=<Request [b'POST']>]
[2025-03-05 11:38:19,002]: [_trace.py]: atrace: 87:       DEBUG:    [send_request_body.complete]
[2025-03-05 11:38:19,002]: [_trace.py]: atrace: 87:       DEBUG:    [receive_response_headers.started request=<Request [b'POST']>]
[2025-03-05 11:38:19,092]: [_trace.py]: atrace: 87:       DEBUG:    [receive_response_headers.complete return_value=(b'HTTP/1.1', 200, b'OK', [(b'Server', b'nginx/1.18.0'), (b'Date', b'Wed, 05 Mar 2025 11:38:19 GMT'), (b'Content-Type', b'application/json'), (b'Content-Length', b'258'), (b'Connection', b'keep-alive'), (b'Strict-Transport-Security', b'max-age=31536000; includeSubDomains; preload'), (b'Access-Control-Allow-Origin', b'*'), (b'Access-Control-Allow-Methods', b'GET, POST, OPTIONS'), (b'Access-Control-Expose-Headers', b'Content-Length,Content-Type,Date,Server,Connection')])]
[2025-03-05 11:38:19,092]: [_client.py]: _send_single_request: 1740:       INFO:    [HTTP Request: POST https://api.telegram.org/bot6030805959:AAGUHAMxLYc-PrevgKouJ3ZyM7ktu56ftjo/getMe "HTTP/1.1 200 OK"]
[2025-03-05 11:38:19,092]: [_trace.py]: atrace: 87:       DEBUG:    [receive_response_body.started request=<Request [b'POST']>]
[2025-03-05 11:38:19,092]: [_trace.py]: atrace: 87:       DEBUG:    [receive_response_body.complete]
[2025-03-05 11:38:19,092]: [_trace.py]: atrace: 87:       DEBUG:    [response_closed.started]
[2025-03-05 11:38:19,092]: [_trace.py]: atrace: 87:       DEBUG:    [response_closed.complete]
[2025-03-05 11:38:19,092]: [_bot.py]: _do_post: 652:       DEBUG:    [Call to Bot API endpoint `getMe` finished with return value `{'id': 6030805959, 'is_bot': True, 'first_name': 'TyPHoone', 'username': 'TyPHoone_Project_bot', 'can_join_groups': True, 'can_read_all_group_messages': False, 'supports_inline_queries': False, 'can_connect_to_business': False, 'has_main_web_app': False}`]
[2025-03-05 11:38:19,095]: [_bot.py]: _do_post: 643:       DEBUG:    [Calling Bot API endpoint `sendDocument` with parameters `{'chat_id': '-4119703192', 'document': <telegram._files.inputfile.InputFile object at 0x7f9391198300>}`]
[2025-03-05 11:38:19,096]: [_trace.py]: atrace: 87:       DEBUG:    [send_request_headers.started request=<Request [b'POST']>]
[2025-03-05 11:38:19,096]: [_trace.py]: atrace: 87:       DEBUG:    [send_request_headers.complete]
[2025-03-05 11:38:19,096]: [_trace.py]: atrace: 87:       DEBUG:    [send_request_body.started request=<Request [b'POST']>]
[2025-03-05 11:38:19,988]: [_trace.py]: atrace: 87:       DEBUG:    [send_request_body.complete]
[2025-03-05 11:38:19,989]: [_trace.py]: atrace: 87:       DEBUG:    [receive_response_headers.started request=<Request [b'POST']>]
[2025-03-05 11:38:20,931]: [_trace.py]: atrace: 87:       DEBUG:    [receive_response_headers.complete return_value=(b'HTTP/1.1', 200, b'OK', [(b'Server', b'nginx/1.18.0'), (b'Date', b'Wed, 05 Mar 2025 11:38:20 GMT'), (b'Content-Type', b'application/json'), (b'Content-Length', b'479'), (b'Connection', b'keep-alive'), (b'Strict-Transport-Security', b'max-age=31536000; includeSubDomains; preload'), (b'Access-Control-Allow-Origin', b'*'), (b'Access-Control-Allow-Methods', b'GET, POST, OPTIONS'), (b'Access-Control-Expose-Headers', b'Content-Length,Content-Type,Date,Server,Connection')])]
[2025-03-05 11:38:20,932]: [_client.py]: _send_single_request: 1740:       INFO:    [HTTP Request: POST https://api.telegram.org/bot6030805959:AAGUHAMxLYc-PrevgKouJ3ZyM7ktu56ftjo/sendDocument "HTTP/1.1 200 OK"]
[2025-03-05 11:38:20,932]: [_trace.py]: atrace: 87:       DEBUG:    [receive_response_body.started request=<Request [b'POST']>]
[2025-03-05 11:38:20,932]: [_trace.py]: atrace: 87:       DEBUG:    [receive_response_body.complete]
[2025-03-05 11:38:20,932]: [_trace.py]: atrace: 87:       DEBUG:    [response_closed.started]
[2025-03-05 11:38:20,932]: [_trace.py]: atrace: 87:       DEBUG:    [response_closed.complete]
[2025-03-05 11:38:20,932]: [_bot.py]: _do_post: 652:       DEBUG:    [Call to Bot API endpoint `sendDocument` finished with return value `{'message_id': 2214, 'from': {'id': 6030805959, 'is_bot': True, 'first_name': 'TyPHoone', 'username': 'TyPHoone_Project_bot'}, 'chat': {'id': -4119703192, 'title': 'Robocop', 'type': 'group', 'all_members_are_administrators': True}, 'date': 1741174700, 'document': {'file_name': '(2025_03_05--11_38)output.zip', 'mime_type': 'application/zip', 'file_id': 'BQACAgQAAxkDAAIIpmfIN6ylpQVLwEeEwpMQoTQtSU_RAAJqFgACYzFBUs-2XiijgKr-NgQ', 'file_unique_id': 'AgADahYAAmMxQVI', 'file_size': 10142559}}`]
[2025-03-05 11:38:20,932]: [_trace.py]: atrace: 87:       DEBUG:    [close.started]
[2025-03-05 11:38:20,933]: [_trace.py]: atrace: 87:       DEBUG:    [close.complete]
[2025-03-05 11:38:20,933]: [Telegram_Sender.py]: runner: 61:       INFO:    [sent successfully]
[2025-03-05 11:38:20,933]: [Main.py]: <module>: 48:       INFO:    [Finished]
