[2025-12-04 11:42:38,653]: [Main.py]: <module>: 21:       INFO:    [Started]
[2025-12-04 11:42:40,679]: [Iron_Scraper.py]: Scrap: 32:       INFO:    [Data Scaraped Successfully]
[2025-12-04 11:42:40,880]: [Iron_Scraper.py]: Scrap: 70:       INFO:    [Scrapped Data Has No Problem]
[2025-12-04 11:42:40,880]: [Iron_Scraper.py]: Scrap: 83:       INFO:    [Data Saved Successfully]
[2025-12-04 11:42:40,880]: [Iron.py]: Run: 26:       INFO:    [Scraping Phase Completed]
[2025-12-04 11:42:40,880]: [Iron_Data_Processor.py]: Data_Reader: 61:       INFO:    [Data File Has Been Red Successfully]
[2025-12-04 11:42:40,880]: [Iron_Data_Processor.py]: Shaper: 78:       INFO:    [Data Shaped]
[2025-12-04 11:42:40,881]: [Iron_Data_Processor.py]: Process: 228:       INFO:    [Data Cleaned]
[2025-12-04 11:42:40,881]: [Iron_Data_Processor.py]: Make_Pages_Objects: 101:       INFO:    [Page Objects Has Been Made]
[2025-12-04 11:42:40,881]: [Iron_Data_Processor.py]: Make_Pages_Objects: 101:       INFO:    [Page Objects Has Been Made]
[2025-12-04 11:42:40,881]: [Iron_Data_Processor.py]: Load_Data: 118:       INFO:    [Data Has Been Load]
[2025-12-04 11:42:40,881]: [Iron_Data_Processor.py]: Load_Data: 118:       INFO:    [Data Has Been Load]
[2025-12-04 11:42:40,881]: [Iron_Data_Processor.py]: Load_positions: 140:       INFO:    [Positions Are Ready]
[2025-12-04 11:42:40,881]: [Iron_Data_Processor.py]: Load_positions: 140:       INFO:    [Positions Are Ready]
[2025-12-04 11:42:42,000]: [Iron_Data_Processor.py]: Make_Tagged_Images: 193:       INFO:    [Images Has Been Made]
[2025-12-04 11:42:42,954]: [Iron_Data_Processor.py]: Make_Tagged_Images: 193:       INFO:    [Images Has Been Made]
[2025-12-04 11:42:43,210]: [Iron_Data_Processor.py]: Make_Cover_Page: 215:       INFO:    [Made Cover Pages]
[2025-12-04 11:42:43,210]: [Iron.py]: Run: 29:       INFO:    [Imagination Phase Completed]
[2025-12-04 11:42:47,470]: [Phone_Scraper.py]: Scrap: 58:       INFO:    [Data Scraped]
[2025-12-04 11:42:47,470]: [Phone_Scraper.py]: Scrap: 71:       INFO:    [Scraped Data Successfully]
[2025-12-04 11:42:47,470]: [Phone.py]: Run: 26:       INFO:    [Scraping Phase Complete]
[2025-12-04 11:42:47,471]: [Phone_Data_Processor.py]: data_reader: 38:       INFO:    [Scraped Data Loaded]
[2025-12-04 11:42:47,472]: [Phone_Data_Processor.py]: filter_list: 65:       INFO:    [Persian Phrases Are deleted]
[2025-12-04 11:42:47,472]: [Phone_Data_Processor.py]: reshape_list: 87:       INFO:    [Date Reshaped]
[2025-12-04 11:42:47,472]: [Phone_Data_Processor.py]: separate_brands: 124:       INFO:    [Brands Are Separated]
[2025-12-04 11:42:47,473]: [Phone_Data_Processor.py]: delete_extra_spaces: 141:       INFO:    [Extra Spaces Are Deleted]
[2025-12-04 11:42:48,216]: [Phone.py]: Run: 29:       INFO:    [Imagination Phase Complete]
[2025-12-04 11:42:48,217]: [selector_events.py]: __init__: 64:       DEBUG:    [Using selector: EpollSelector]
[2025-12-04 11:42:48,497]: [_bot.py]: _do_post: 643:       DEBUG:    [Calling Bot API endpoint `getMe` with parameters `{}`]
[2025-12-04 11:42:48,502]: [_trace.py]: atrace: 87:       DEBUG:    [connect_tcp.started host='api.telegram.org' port=443 local_address=None timeout=5.0 socket_options=None]
[2025-12-04 11:42:48,792]: [_trace.py]: atrace: 87:       DEBUG:    [connect_tcp.complete return_value=<httpcore._backends.anyio.AnyIOStream object at 0x7fef86b122a0>]
[2025-12-04 11:42:48,792]: [_trace.py]: atrace: 87:       DEBUG:    [start_tls.started ssl_context=<ssl.SSLContext object at 0x7fef86fb1ed0> server_hostname='api.telegram.org' timeout=5.0]
[2025-12-04 11:42:48,937]: [_trace.py]: atrace: 87:       DEBUG:    [start_tls.complete return_value=<httpcore._backends.anyio.AnyIOStream object at 0x7fef87187380>]
[2025-12-04 11:42:48,937]: [_trace.py]: atrace: 87:       DEBUG:    [send_request_headers.started request=<Request [b'POST']>]
[2025-12-04 11:42:48,938]: [_trace.py]: atrace: 87:       DEBUG:    [send_request_headers.complete]
[2025-12-04 11:42:48,938]: [_trace.py]: atrace: 87:       DEBUG:    [send_request_body.started request=<Request [b'POST']>]
[2025-12-04 11:42:48,938]: [_trace.py]: atrace: 87:       DEBUG:    [send_request_body.complete]
[2025-12-04 11:42:48,938]: [_trace.py]: atrace: 87:       DEBUG:    [receive_response_headers.started request=<Request [b'POST']>]
[2025-12-04 11:42:49,084]: [_trace.py]: atrace: 87:       DEBUG:    [receive_response_headers.complete return_value=(b'HTTP/1.1', 200, b'OK', [(b'Server', b'nginx/1.18.0'), (b'Date', b'Thu, 04 Dec 2025 11:42:49 GMT'), (b'Content-Type', b'application/json'), (b'Content-Length', b'258'), (b'Connection', b'keep-alive'), (b'Strict-Transport-Security', b'max-age=31536000; includeSubDomains; preload'), (b'Access-Control-Allow-Origin', b'*'), (b'Access-Control-Allow-Methods', b'GET, POST, OPTIONS'), (b'Access-Control-Expose-Headers', b'Content-Length,Content-Type,Date,Server,Connection')])]
[2025-12-04 11:42:49,084]: [_client.py]: _send_single_request: 1740:       INFO:    [HTTP Request: POST https://api.telegram.org/bot6030805959:AAGUHAMxLYc-PrevgKouJ3ZyM7ktu56ftjo/getMe "HTTP/1.1 200 OK"]
[2025-12-04 11:42:49,084]: [_trace.py]: atrace: 87:       DEBUG:    [receive_response_body.started request=<Request [b'POST']>]
[2025-12-04 11:42:49,084]: [_trace.py]: atrace: 87:       DEBUG:    [receive_response_body.complete]
[2025-12-04 11:42:49,085]: [_trace.py]: atrace: 87:       DEBUG:    [response_closed.started]
[2025-12-04 11:42:49,085]: [_trace.py]: atrace: 87:       DEBUG:    [response_closed.complete]
[2025-12-04 11:42:49,085]: [_bot.py]: _do_post: 652:       DEBUG:    [Call to Bot API endpoint `getMe` finished with return value `{'id': 6030805959, 'is_bot': True, 'first_name': 'TyPHoone', 'username': 'TyPHoone_Project_bot', 'can_join_groups': True, 'can_read_all_group_messages': False, 'supports_inline_queries': False, 'can_connect_to_business': False, 'has_main_web_app': False}`]
[2025-12-04 11:42:49,088]: [_bot.py]: _do_post: 643:       DEBUG:    [Calling Bot API endpoint `sendDocument` with parameters `{'chat_id': '-4119703192', 'document': <telegram._files.inputfile.InputFile object at 0x7fef8657e9c0>}`]
[2025-12-04 11:42:49,089]: [_trace.py]: atrace: 87:       DEBUG:    [send_request_headers.started request=<Request [b'POST']>]
[2025-12-04 11:42:49,089]: [_trace.py]: atrace: 87:       DEBUG:    [send_request_headers.complete]
[2025-12-04 11:42:49,089]: [_trace.py]: atrace: 87:       DEBUG:    [send_request_body.started request=<Request [b'POST']>]
[2025-12-04 11:42:49,089]: [_trace.py]: atrace: 87:       DEBUG:    [send_request_body.complete]
[2025-12-04 11:42:49,089]: [_trace.py]: atrace: 87:       DEBUG:    [receive_response_headers.started request=<Request [b'POST']>]
[2025-12-04 11:42:49,448]: [_trace.py]: atrace: 87:       DEBUG:    [receive_response_headers.complete return_value=(b'HTTP/1.1', 200, b'OK', [(b'Server', b'nginx/1.18.0'), (b'Date', b'Thu, 04 Dec 2025 11:42:49 GMT'), (b'Content-Type', b'application/json'), (b'Content-Length', b'584'), (b'Connection', b'keep-alive'), (b'Strict-Transport-Security', b'max-age=31536000; includeSubDomains; preload'), (b'Access-Control-Allow-Origin', b'*'), (b'Access-Control-Allow-Methods', b'GET, POST, OPTIONS'), (b'Access-Control-Expose-Headers', b'Content-Length,Content-Type,Date,Server,Connection')])]
[2025-12-04 11:42:49,448]: [_client.py]: _send_single_request: 1740:       INFO:    [HTTP Request: POST https://api.telegram.org/bot6030805959:AAGUHAMxLYc-PrevgKouJ3ZyM7ktu56ftjo/sendDocument "HTTP/1.1 200 OK"]
[2025-12-04 11:42:49,448]: [_trace.py]: atrace: 87:       DEBUG:    [receive_response_body.started request=<Request [b'POST']>]
[2025-12-04 11:42:49,448]: [_trace.py]: atrace: 87:       DEBUG:    [receive_response_body.complete]
[2025-12-04 11:42:49,448]: [_trace.py]: atrace: 87:       DEBUG:    [response_closed.started]
[2025-12-04 11:42:49,449]: [_trace.py]: atrace: 87:       DEBUG:    [response_closed.complete]
[2025-12-04 11:42:49,449]: [_bot.py]: _do_post: 652:       DEBUG:    [Call to Bot API endpoint `sendDocument` finished with return value `{'message_id': 2766, 'from': {'id': 6030805959, 'is_bot': True, 'first_name': 'TyPHoone', 'username': 'TyPHoone_Project_bot'}, 'chat': {'id': -4119703192, 'title': 'Robocop', 'type': 'group', 'all_members_are_administrators': True, 'accepted_gift_types': {'unlimited_gifts': False, 'limited_gifts': False, 'unique_gifts': False, 'premium_subscription': False}}, 'date': 1764848569, 'document': {'file_name': '(2025_12_04--11_42).log', 'mime_type': 'text/plain', 'file_id': 'BQACAgQAAxkDAAIKzmkxc7lQs1CkyqbG3ossH_Pno132AAIQGwACLNuIUZg7t1EwI3cBNgQ', 'file_unique_id': 'AgADEBsAAizbiFE', 'file_size': 5937}}`]
[2025-12-04 11:42:49,450]: [_trace.py]: atrace: 87:       DEBUG:    [close.started]
[2025-12-04 11:42:49,450]: [_trace.py]: atrace: 87:       DEBUG:    [close.complete]
[2025-12-04 11:42:49,492]: [_bot.py]: _do_post: 643:       DEBUG:    [Calling Bot API endpoint `getMe` with parameters `{}`]
[2025-12-04 11:42:49,493]: [_trace.py]: atrace: 87:       DEBUG:    [connect_tcp.started host='api.telegram.org' port=443 local_address=None timeout=5.0 socket_options=None]
[2025-12-04 11:42:49,643]: [_trace.py]: atrace: 87:       DEBUG:    [connect_tcp.complete return_value=<httpcore._backends.anyio.AnyIOStream object at 0x7fef866111f0>]
[2025-12-04 11:42:49,643]: [_trace.py]: atrace: 87:       DEBUG:    [start_tls.started ssl_context=<ssl.SSLContext object at 0x7fef86fb1dd0> server_hostname='api.telegram.org' timeout=5.0]
[2025-12-04 11:42:49,798]: [_trace.py]: atrace: 87:       DEBUG:    [start_tls.complete return_value=<httpcore._backends.anyio.AnyIOStream object at 0x7fef86a99670>]
[2025-12-04 11:42:49,798]: [_trace.py]: atrace: 87:       DEBUG:    [send_request_headers.started request=<Request [b'POST']>]
[2025-12-04 11:42:49,799]: [_trace.py]: atrace: 87:       DEBUG:    [send_request_headers.complete]
[2025-12-04 11:42:49,799]: [_trace.py]: atrace: 87:       DEBUG:    [send_request_body.started request=<Request [b'POST']>]
[2025-12-04 11:42:49,799]: [_trace.py]: atrace: 87:       DEBUG:    [send_request_body.complete]
[2025-12-04 11:42:49,799]: [_trace.py]: atrace: 87:       DEBUG:    [receive_response_headers.started request=<Request [b'POST']>]
[2025-12-04 11:42:49,948]: [_trace.py]: atrace: 87:       DEBUG:    [receive_response_headers.complete return_value=(b'HTTP/1.1', 200, b'OK', [(b'Server', b'nginx/1.18.0'), (b'Date', b'Thu, 04 Dec 2025 11:42:49 GMT'), (b'Content-Type', b'application/json'), (b'Content-Length', b'258'), (b'Connection', b'keep-alive'), (b'Strict-Transport-Security', b'max-age=31536000; includeSubDomains; preload'), (b'Access-Control-Allow-Origin', b'*'), (b'Access-Control-Allow-Methods', b'GET, POST, OPTIONS'), (b'Access-Control-Expose-Headers', b'Content-Length,Content-Type,Date,Server,Connection')])]
[2025-12-04 11:42:49,948]: [_client.py]: _send_single_request: 1740:       INFO:    [HTTP Request: POST https://api.telegram.org/bot6030805959:AAGUHAMxLYc-PrevgKouJ3ZyM7ktu56ftjo/getMe "HTTP/1.1 200 OK"]
[2025-12-04 11:42:49,948]: [_trace.py]: atrace: 87:       DEBUG:    [receive_response_body.started request=<Request [b'POST']>]
[2025-12-04 11:42:49,948]: [_trace.py]: atrace: 87:       DEBUG:    [receive_response_body.complete]
[2025-12-04 11:42:49,949]: [_trace.py]: atrace: 87:       DEBUG:    [response_closed.started]
[2025-12-04 11:42:49,949]: [_trace.py]: atrace: 87:       DEBUG:    [response_closed.complete]
[2025-12-04 11:42:49,949]: [_bot.py]: _do_post: 652:       DEBUG:    [Call to Bot API endpoint `getMe` finished with return value `{'id': 6030805959, 'is_bot': True, 'first_name': 'TyPHoone', 'username': 'TyPHoone_Project_bot', 'can_join_groups': True, 'can_read_all_group_messages': False, 'supports_inline_queries': False, 'can_connect_to_business': False, 'has_main_web_app': False}`]
[2025-12-04 11:42:49,951]: [_bot.py]: _do_post: 643:       DEBUG:    [Calling Bot API endpoint `sendDocument` with parameters `{'chat_id': '-4119703192', 'document': <telegram._files.inputfile.InputFile object at 0x7fef86fed480>}`]
[2025-12-04 11:42:49,952]: [_trace.py]: atrace: 87:       DEBUG:    [send_request_headers.started request=<Request [b'POST']>]
[2025-12-04 11:42:49,952]: [_trace.py]: atrace: 87:       DEBUG:    [send_request_headers.complete]
[2025-12-04 11:42:49,952]: [_trace.py]: atrace: 87:       DEBUG:    [send_request_body.started request=<Request [b'POST']>]
[2025-12-04 11:42:51,305]: [_trace.py]: atrace: 87:       DEBUG:    [send_request_body.complete]
[2025-12-04 11:42:51,305]: [_trace.py]: atrace: 87:       DEBUG:    [receive_response_headers.started request=<Request [b'POST']>]
[2025-12-04 11:42:52,100]: [_trace.py]: atrace: 87:       DEBUG:    [receive_response_headers.complete return_value=(b'HTTP/1.1', 200, b'OK', [(b'Server', b'nginx/1.18.0'), (b'Date', b'Thu, 04 Dec 2025 11:42:52 GMT'), (b'Content-Type', b'application/json'), (b'Content-Length', b'599'), (b'Connection', b'keep-alive'), (b'Strict-Transport-Security', b'max-age=31536000; includeSubDomains; preload'), (b'Access-Control-Allow-Origin', b'*'), (b'Access-Control-Allow-Methods', b'GET, POST, OPTIONS'), (b'Access-Control-Expose-Headers', b'Content-Length,Content-Type,Date,Server,Connection')])]
[2025-12-04 11:42:52,100]: [_client.py]: _send_single_request: 1740:       INFO:    [HTTP Request: POST https://api.telegram.org/bot6030805959:AAGUHAMxLYc-PrevgKouJ3ZyM7ktu56ftjo/sendDocument "HTTP/1.1 200 OK"]
[2025-12-04 11:42:52,100]: [_trace.py]: atrace: 87:       DEBUG:    [receive_response_body.started request=<Request [b'POST']>]
[2025-12-04 11:42:52,101]: [_trace.py]: atrace: 87:       DEBUG:    [receive_response_body.complete]
[2025-12-04 11:42:52,101]: [_trace.py]: atrace: 87:       DEBUG:    [response_closed.started]
[2025-12-04 11:42:52,101]: [_trace.py]: atrace: 87:       DEBUG:    [response_closed.complete]
[2025-12-04 11:42:52,101]: [_bot.py]: _do_post: 652:       DEBUG:    [Call to Bot API endpoint `sendDocument` finished with return value `{'message_id': 2767, 'from': {'id': 6030805959, 'is_bot': True, 'first_name': 'TyPHoone', 'username': 'TyPHoone_Project_bot'}, 'chat': {'id': -4119703192, 'title': 'Robocop', 'type': 'group', 'all_members_are_administrators': True, 'accepted_gift_types': {'unlimited_gifts': False, 'limited_gifts': False, 'unique_gifts': False, 'premium_subscription': False}}, 'date': 1764848572, 'document': {'file_name': '(2025_12_04--11_42)output.zip', 'mime_type': 'application/zip', 'file_id': 'BQACAgQAAxkDAAIKz2kxc7viDFsoa96xFjRcuiSsssjyAAIRGwACLNuIUclxaT8iN2wwNgQ', 'file_unique_id': 'AgADERsAAizbiFE', 'file_size': 10124863}}`]
[2025-12-04 11:42:52,102]: [_trace.py]: atrace: 87:       DEBUG:    [close.started]
[2025-12-04 11:42:52,102]: [_trace.py]: atrace: 87:       DEBUG:    [close.complete]
[2025-12-04 11:42:52,102]: [Telegram_Sender.py]: runner: 61:       INFO:    [sent successfully]
[2025-12-04 11:42:52,103]: [Main.py]: <module>: 48:       INFO:    [Finished]
