[2025-02-06 11:38:38,494]: [Main.py]: <module>: 21:       INFO:    [Started]
[2025-02-06 11:38:40,207]: [Iron_Scraper.py]: Scrap: 32:       INFO:    [Data Scaraped Successfully]
[2025-02-06 11:38:40,265]: [Iron_Scraper.py]: Scrap: 70:       INFO:    [Scrapped Data Has No Problem]
[2025-02-06 11:38:40,265]: [Iron_Scraper.py]: Scrap: 83:       INFO:    [Data Saved Successfully]
[2025-02-06 11:38:40,265]: [Iron.py]: Run: 26:       INFO:    [Scraping Phase Completed]
[2025-02-06 11:38:40,265]: [Iron_Data_Processor.py]: Data_Reader: 61:       INFO:    [Data File Has Been Red Successfully]
[2025-02-06 11:38:40,265]: [Iron_Data_Processor.py]: Shaper: 78:       INFO:    [Data Shaped]
[2025-02-06 11:38:40,265]: [Iron_Data_Processor.py]: Process: 228:       INFO:    [Data Cleaned]
[2025-02-06 11:38:40,265]: [Iron_Data_Processor.py]: Make_Pages_Objects: 101:       INFO:    [Page Objects Has Been Made]
[2025-02-06 11:38:40,265]: [Iron_Data_Processor.py]: Make_Pages_Objects: 101:       INFO:    [Page Objects Has Been Made]
[2025-02-06 11:38:40,265]: [Iron_Data_Processor.py]: Load_Data: 118:       INFO:    [Data Has Been Load]
[2025-02-06 11:38:40,265]: [Iron_Data_Processor.py]: Load_Data: 118:       INFO:    [Data Has Been Load]
[2025-02-06 11:38:40,266]: [Iron_Data_Processor.py]: Load_positions: 140:       INFO:    [Positions Are Ready]
[2025-02-06 11:38:40,266]: [Iron_Data_Processor.py]: Load_positions: 140:       INFO:    [Positions Are Ready]
[2025-02-06 11:38:41,329]: [Iron_Data_Processor.py]: Make_Tagged_Images: 193:       INFO:    [Images Has Been Made]
[2025-02-06 11:38:42,223]: [Iron_Data_Processor.py]: Make_Tagged_Images: 193:       INFO:    [Images Has Been Made]
[2025-02-06 11:38:42,475]: [Iron_Data_Processor.py]: Make_Cover_Page: 215:       INFO:    [Made Cover Pages]
[2025-02-06 11:38:42,476]: [Iron.py]: Run: 29:       INFO:    [Imagination Phase Completed]
[2025-02-06 11:38:45,640]: [Phone_Scraper.py]: Scrap: 58:       INFO:    [Data Scraped]
[2025-02-06 11:38:45,640]: [Phone_Scraper.py]: Scrap: 71:       INFO:    [Scraped Data Successfully]
[2025-02-06 11:38:45,640]: [Phone.py]: Run: 26:       INFO:    [Scraping Phase Complete]
[2025-02-06 11:38:45,641]: [Phone_Data_Processor.py]: data_reader: 38:       INFO:    [Scraped Data Loaded]
[2025-02-06 11:38:45,642]: [Phone_Data_Processor.py]: filter_list: 65:       INFO:    [Persian Phrases Are deleted]
[2025-02-06 11:38:45,642]: [Phone_Data_Processor.py]: reshape_list: 87:       INFO:    [Date Reshaped]
[2025-02-06 11:38:45,642]: [Phone_Data_Processor.py]: separate_brands: 124:       INFO:    [Brands Are Separated]
[2025-02-06 11:38:45,643]: [Phone_Data_Processor.py]: delete_extra_spaces: 141:       INFO:    [Extra Spaces Are Deleted]
[2025-02-06 11:38:46,256]: [Phone.py]: Run: 29:       INFO:    [Imagination Phase Complete]
[2025-02-06 11:38:46,256]: [selector_events.py]: __init__: 64:       DEBUG:    [Using selector: EpollSelector]
[2025-02-06 11:38:46,515]: [_bot.py]: _do_post: 643:       DEBUG:    [Calling Bot API endpoint `getMe` with parameters `{}`]
[2025-02-06 11:38:46,519]: [_trace.py]: atrace: 87:       DEBUG:    [connect_tcp.started host='api.telegram.org' port=443 local_address=None timeout=5.0 socket_options=None]
[2025-02-06 11:38:46,700]: [_trace.py]: atrace: 87:       DEBUG:    [connect_tcp.complete return_value=<httpcore._backends.anyio.AnyIOStream object at 0x7f2eedaee450>]
[2025-02-06 11:38:46,700]: [_trace.py]: atrace: 87:       DEBUG:    [start_tls.started ssl_context=<ssl.SSLContext object at 0x7f2eee13b450> server_hostname='api.telegram.org' timeout=5.0]
[2025-02-06 11:38:46,792]: [_trace.py]: atrace: 87:       DEBUG:    [start_tls.complete return_value=<httpcore._backends.anyio.AnyIOStream object at 0x7f2eeea43d70>]
[2025-02-06 11:38:46,792]: [_trace.py]: atrace: 87:       DEBUG:    [send_request_headers.started request=<Request [b'POST']>]
[2025-02-06 11:38:46,792]: [_trace.py]: atrace: 87:       DEBUG:    [send_request_headers.complete]
[2025-02-06 11:38:46,792]: [_trace.py]: atrace: 87:       DEBUG:    [send_request_body.started request=<Request [b'POST']>]
[2025-02-06 11:38:46,793]: [_trace.py]: atrace: 87:       DEBUG:    [send_request_body.complete]
[2025-02-06 11:38:46,793]: [_trace.py]: atrace: 87:       DEBUG:    [receive_response_headers.started request=<Request [b'POST']>]
[2025-02-06 11:38:46,888]: [_trace.py]: atrace: 87:       DEBUG:    [receive_response_headers.complete return_value=(b'HTTP/1.1', 200, b'OK', [(b'Server', b'nginx/1.18.0'), (b'Date', b'Thu, 06 Feb 2025 11:38:46 GMT'), (b'Content-Type', b'application/json'), (b'Content-Length', b'258'), (b'Connection', b'keep-alive'), (b'Strict-Transport-Security', b'max-age=31536000; includeSubDomains; preload'), (b'Access-Control-Allow-Origin', b'*'), (b'Access-Control-Allow-Methods', b'GET, POST, OPTIONS'), (b'Access-Control-Expose-Headers', b'Content-Length,Content-Type,Date,Server,Connection')])]
[2025-02-06 11:38:46,889]: [_client.py]: _send_single_request: 1740:       INFO:    [HTTP Request: POST https://api.telegram.org/bot6030805959:AAGUHAMxLYc-PrevgKouJ3ZyM7ktu56ftjo/getMe "HTTP/1.1 200 OK"]
[2025-02-06 11:38:46,889]: [_trace.py]: atrace: 87:       DEBUG:    [receive_response_body.started request=<Request [b'POST']>]
[2025-02-06 11:38:46,889]: [_trace.py]: atrace: 87:       DEBUG:    [receive_response_body.complete]
[2025-02-06 11:38:46,889]: [_trace.py]: atrace: 87:       DEBUG:    [response_closed.started]
[2025-02-06 11:38:46,889]: [_trace.py]: atrace: 87:       DEBUG:    [response_closed.complete]
[2025-02-06 11:38:46,889]: [_bot.py]: _do_post: 652:       DEBUG:    [Call to Bot API endpoint `getMe` finished with return value `{'id': 6030805959, 'is_bot': True, 'first_name': 'TyPHoone', 'username': 'TyPHoone_Project_bot', 'can_join_groups': True, 'can_read_all_group_messages': False, 'supports_inline_queries': False, 'can_connect_to_business': False, 'has_main_web_app': False}`]
[2025-02-06 11:38:46,892]: [_bot.py]: _do_post: 643:       DEBUG:    [Calling Bot API endpoint `sendDocument` with parameters `{'chat_id': '-4119703192', 'document': <telegram._files.inputfile.InputFile object at 0x7f2eed919180>}`]
[2025-02-06 11:38:46,893]: [_trace.py]: atrace: 87:       DEBUG:    [send_request_headers.started request=<Request [b'POST']>]
[2025-02-06 11:38:46,893]: [_trace.py]: atrace: 87:       DEBUG:    [send_request_headers.complete]
[2025-02-06 11:38:46,893]: [_trace.py]: atrace: 87:       DEBUG:    [send_request_body.started request=<Request [b'POST']>]
[2025-02-06 11:38:46,893]: [_trace.py]: atrace: 87:       DEBUG:    [send_request_body.complete]
[2025-02-06 11:38:46,894]: [_trace.py]: atrace: 87:       DEBUG:    [receive_response_headers.started request=<Request [b'POST']>]
[2025-02-06 11:38:47,022]: [_trace.py]: atrace: 87:       DEBUG:    [receive_response_headers.complete return_value=(b'HTTP/1.1', 200, b'OK', [(b'Server', b'nginx/1.18.0'), (b'Date', b'Thu, 06 Feb 2025 11:38:46 GMT'), (b'Content-Type', b'application/json'), (b'Content-Length', b'464'), (b'Connection', b'keep-alive'), (b'Strict-Transport-Security', b'max-age=31536000; includeSubDomains; preload'), (b'Access-Control-Allow-Origin', b'*'), (b'Access-Control-Allow-Methods', b'GET, POST, OPTIONS'), (b'Access-Control-Expose-Headers', b'Content-Length,Content-Type,Date,Server,Connection')])]
[2025-02-06 11:38:47,022]: [_client.py]: _send_single_request: 1740:       INFO:    [HTTP Request: POST https://api.telegram.org/bot6030805959:AAGUHAMxLYc-PrevgKouJ3ZyM7ktu56ftjo/sendDocument "HTTP/1.1 200 OK"]
[2025-02-06 11:38:47,022]: [_trace.py]: atrace: 87:       DEBUG:    [receive_response_body.started request=<Request [b'POST']>]
[2025-02-06 11:38:47,022]: [_trace.py]: atrace: 87:       DEBUG:    [receive_response_body.complete]
[2025-02-06 11:38:47,022]: [_trace.py]: atrace: 87:       DEBUG:    [response_closed.started]
[2025-02-06 11:38:47,022]: [_trace.py]: atrace: 87:       DEBUG:    [response_closed.complete]
[2025-02-06 11:38:47,022]: [_bot.py]: _do_post: 652:       DEBUG:    [Call to Bot API endpoint `sendDocument` finished with return value `{'message_id': 2157, 'from': {'id': 6030805959, 'is_bot': True, 'first_name': 'TyPHoone', 'username': 'TyPHoone_Project_bot'}, 'chat': {'id': -4119703192, 'title': 'Robocop', 'type': 'group', 'all_members_are_administrators': True}, 'date': 1738841926, 'document': {'file_name': '(2025_02_06--11_38).log', 'mime_type': 'text/plain', 'file_id': 'BQACAgQAAxkDAAIIbWekn0bQ66fAYlhYTZampXr8eO6GAALsFwACY2wpUfk1FH2tlJ-9NgQ', 'file_unique_id': 'AgAD7BcAAmNsKVE', 'file_size': 5937}}`]
[2025-02-06 11:38:47,023]: [_trace.py]: atrace: 87:       DEBUG:    [close.started]
[2025-02-06 11:38:47,023]: [_trace.py]: atrace: 87:       DEBUG:    [close.complete]
[2025-02-06 11:38:47,067]: [_bot.py]: _do_post: 643:       DEBUG:    [Calling Bot API endpoint `getMe` with parameters `{}`]
[2025-02-06 11:38:47,068]: [_trace.py]: atrace: 87:       DEBUG:    [connect_tcp.started host='api.telegram.org' port=443 local_address=None timeout=5.0 socket_options=None]
[2025-02-06 11:38:47,155]: [_trace.py]: atrace: 87:       DEBUG:    [connect_tcp.complete return_value=<httpcore._backends.anyio.AnyIOStream object at 0x7f2eed946000>]
[2025-02-06 11:38:47,156]: [_trace.py]: atrace: 87:       DEBUG:    [start_tls.started ssl_context=<ssl.SSLContext object at 0x7f2eee13b250> server_hostname='api.telegram.org' timeout=5.0]
[2025-02-06 11:38:47,245]: [_trace.py]: atrace: 87:       DEBUG:    [start_tls.complete return_value=<httpcore._backends.anyio.AnyIOStream object at 0x7f2eedacce00>]
[2025-02-06 11:38:47,245]: [_trace.py]: atrace: 87:       DEBUG:    [send_request_headers.started request=<Request [b'POST']>]
[2025-02-06 11:38:47,246]: [_trace.py]: atrace: 87:       DEBUG:    [send_request_headers.complete]
[2025-02-06 11:38:47,246]: [_trace.py]: atrace: 87:       DEBUG:    [send_request_body.started request=<Request [b'POST']>]
[2025-02-06 11:38:47,246]: [_trace.py]: atrace: 87:       DEBUG:    [send_request_body.complete]
[2025-02-06 11:38:47,246]: [_trace.py]: atrace: 87:       DEBUG:    [receive_response_headers.started request=<Request [b'POST']>]
[2025-02-06 11:38:47,332]: [_trace.py]: atrace: 87:       DEBUG:    [receive_response_headers.complete return_value=(b'HTTP/1.1', 200, b'OK', [(b'Server', b'nginx/1.18.0'), (b'Date', b'Thu, 06 Feb 2025 11:38:47 GMT'), (b'Content-Type', b'application/json'), (b'Content-Length', b'258'), (b'Connection', b'keep-alive'), (b'Strict-Transport-Security', b'max-age=31536000; includeSubDomains; preload'), (b'Access-Control-Allow-Origin', b'*'), (b'Access-Control-Allow-Methods', b'GET, POST, OPTIONS'), (b'Access-Control-Expose-Headers', b'Content-Length,Content-Type,Date,Server,Connection')])]
[2025-02-06 11:38:47,333]: [_client.py]: _send_single_request: 1740:       INFO:    [HTTP Request: POST https://api.telegram.org/bot6030805959:AAGUHAMxLYc-PrevgKouJ3ZyM7ktu56ftjo/getMe "HTTP/1.1 200 OK"]
[2025-02-06 11:38:47,333]: [_trace.py]: atrace: 87:       DEBUG:    [receive_response_body.started request=<Request [b'POST']>]
[2025-02-06 11:38:47,333]: [_trace.py]: atrace: 87:       DEBUG:    [receive_response_body.complete]
[2025-02-06 11:38:47,333]: [_trace.py]: atrace: 87:       DEBUG:    [response_closed.started]
[2025-02-06 11:38:47,333]: [_trace.py]: atrace: 87:       DEBUG:    [response_closed.complete]
[2025-02-06 11:38:47,333]: [_bot.py]: _do_post: 652:       DEBUG:    [Call to Bot API endpoint `getMe` finished with return value `{'id': 6030805959, 'is_bot': True, 'first_name': 'TyPHoone', 'username': 'TyPHoone_Project_bot', 'can_join_groups': True, 'can_read_all_group_messages': False, 'supports_inline_queries': False, 'can_connect_to_business': False, 'has_main_web_app': False}`]
[2025-02-06 11:38:47,335]: [_bot.py]: _do_post: 643:       DEBUG:    [Calling Bot API endpoint `sendDocument` with parameters `{'chat_id': '-4119703192', 'document': <telegram._files.inputfile.InputFile object at 0x7f2eee18c2c0>}`]
[2025-02-06 11:38:47,336]: [_trace.py]: atrace: 87:       DEBUG:    [send_request_headers.started request=<Request [b'POST']>]
[2025-02-06 11:38:47,336]: [_trace.py]: atrace: 87:       DEBUG:    [send_request_headers.complete]
[2025-02-06 11:38:47,336]: [_trace.py]: atrace: 87:       DEBUG:    [send_request_body.started request=<Request [b'POST']>]
[2025-02-06 11:38:48,636]: [_trace.py]: atrace: 87:       DEBUG:    [send_request_body.complete]
[2025-02-06 11:38:48,636]: [_trace.py]: atrace: 87:       DEBUG:    [receive_response_headers.started request=<Request [b'POST']>]
[2025-02-06 11:38:49,448]: [_trace.py]: atrace: 87:       DEBUG:    [receive_response_headers.complete return_value=(b'HTTP/1.1', 200, b'OK', [(b'Server', b'nginx/1.18.0'), (b'Date', b'Thu, 06 Feb 2025 11:38:49 GMT'), (b'Content-Type', b'application/json'), (b'Content-Length', b'478'), (b'Connection', b'keep-alive'), (b'Strict-Transport-Security', b'max-age=31536000; includeSubDomains; preload'), (b'Access-Control-Allow-Origin', b'*'), (b'Access-Control-Allow-Methods', b'GET, POST, OPTIONS'), (b'Access-Control-Expose-Headers', b'Content-Length,Content-Type,Date,Server,Connection')])]
[2025-02-06 11:38:49,449]: [_client.py]: _send_single_request: 1740:       INFO:    [HTTP Request: POST https://api.telegram.org/bot6030805959:AAGUHAMxLYc-PrevgKouJ3ZyM7ktu56ftjo/sendDocument "HTTP/1.1 200 OK"]
[2025-02-06 11:38:49,449]: [_trace.py]: atrace: 87:       DEBUG:    [receive_response_body.started request=<Request [b'POST']>]
[2025-02-06 11:38:49,449]: [_trace.py]: atrace: 87:       DEBUG:    [receive_response_body.complete]
[2025-02-06 11:38:49,449]: [_trace.py]: atrace: 87:       DEBUG:    [response_closed.started]
[2025-02-06 11:38:49,449]: [_trace.py]: atrace: 87:       DEBUG:    [response_closed.complete]
[2025-02-06 11:38:49,449]: [_bot.py]: _do_post: 652:       DEBUG:    [Call to Bot API endpoint `sendDocument` finished with return value `{'message_id': 2158, 'from': {'id': 6030805959, 'is_bot': True, 'first_name': 'TyPHoone', 'username': 'TyPHoone_Project_bot'}, 'chat': {'id': -4119703192, 'title': 'Robocop', 'type': 'group', 'all_members_are_administrators': True}, 'date': 1738841929, 'document': {'file_name': '(2025_02_06--11_38)output.zip', 'mime_type': 'application/zip', 'file_id': 'BQACAgQAAxkDAAIIbmekn0mk-O7-ob25thWL4AXMx-bvAALtFwACY2wpUU6h1Z55EDCBNgQ', 'file_unique_id': 'AgAD7RcAAmNsKVE', 'file_size': 9490326}}`]
[2025-02-06 11:38:49,450]: [_trace.py]: atrace: 87:       DEBUG:    [close.started]
[2025-02-06 11:38:49,450]: [_trace.py]: atrace: 87:       DEBUG:    [close.complete]
[2025-02-06 11:38:49,450]: [Telegram_Sender.py]: runner: 61:       INFO:    [sent successfully]
[2025-02-06 11:38:49,451]: [Main.py]: <module>: 48:       INFO:    [Finished]
