[2025-12-20 11:40:03,665]: [Main.py]: <module>: 21:       INFO:    [Started]
[2025-12-20 11:40:05,691]: [Iron_Scraper.py]: Scrap: 32:       INFO:    [Data Scaraped Successfully]
[2025-12-20 11:40:05,890]: [Iron_Scraper.py]: Scrap: 70:       INFO:    [Scrapped Data Has No Problem]
[2025-12-20 11:40:05,891]: [Iron_Scraper.py]: Scrap: 83:       INFO:    [Data Saved Successfully]
[2025-12-20 11:40:05,891]: [Iron.py]: Run: 26:       INFO:    [Scraping Phase Completed]
[2025-12-20 11:40:05,891]: [Iron_Data_Processor.py]: Data_Reader: 61:       INFO:    [Data File Has Been Red Successfully]
[2025-12-20 11:40:05,891]: [Iron_Data_Processor.py]: Shaper: 78:       INFO:    [Data Shaped]
[2025-12-20 11:40:05,891]: [Iron_Data_Processor.py]: Process: 228:       INFO:    [Data Cleaned]
[2025-12-20 11:40:05,892]: [Iron_Data_Processor.py]: Make_Pages_Objects: 101:       INFO:    [Page Objects Has Been Made]
[2025-12-20 11:40:05,892]: [Iron_Data_Processor.py]: Make_Pages_Objects: 101:       INFO:    [Page Objects Has Been Made]
[2025-12-20 11:40:05,892]: [Iron_Data_Processor.py]: Load_Data: 118:       INFO:    [Data Has Been Load]
[2025-12-20 11:40:05,892]: [Iron_Data_Processor.py]: Load_Data: 118:       INFO:    [Data Has Been Load]
[2025-12-20 11:40:05,892]: [Iron_Data_Processor.py]: Load_positions: 140:       INFO:    [Positions Are Ready]
[2025-12-20 11:40:05,892]: [Iron_Data_Processor.py]: Load_positions: 140:       INFO:    [Positions Are Ready]
[2025-12-20 11:40:07,022]: [Iron_Data_Processor.py]: Make_Tagged_Images: 193:       INFO:    [Images Has Been Made]
[2025-12-20 11:40:07,972]: [Iron_Data_Processor.py]: Make_Tagged_Images: 193:       INFO:    [Images Has Been Made]
[2025-12-20 11:40:08,228]: [Iron_Data_Processor.py]: Make_Cover_Page: 215:       INFO:    [Made Cover Pages]
[2025-12-20 11:40:08,229]: [Iron.py]: Run: 29:       INFO:    [Imagination Phase Completed]
[2025-12-20 11:40:12,625]: [Phone_Scraper.py]: Scrap: 58:       INFO:    [Data Scraped]
[2025-12-20 11:40:12,625]: [Phone_Scraper.py]: Scrap: 71:       INFO:    [Scraped Data Successfully]
[2025-12-20 11:40:12,625]: [Phone.py]: Run: 26:       INFO:    [Scraping Phase Complete]
[2025-12-20 11:40:12,625]: [Phone_Data_Processor.py]: data_reader: 38:       INFO:    [Scraped Data Loaded]
[2025-12-20 11:40:12,626]: [Phone_Data_Processor.py]: filter_list: 65:       INFO:    [Persian Phrases Are deleted]
[2025-12-20 11:40:12,627]: [Phone_Data_Processor.py]: reshape_list: 87:       INFO:    [Date Reshaped]
[2025-12-20 11:40:12,627]: [Phone_Data_Processor.py]: separate_brands: 124:       INFO:    [Brands Are Separated]
[2025-12-20 11:40:12,627]: [Phone_Data_Processor.py]: delete_extra_spaces: 141:       INFO:    [Extra Spaces Are Deleted]
[2025-12-20 11:40:13,360]: [Phone.py]: Run: 29:       INFO:    [Imagination Phase Complete]
[2025-12-20 11:40:13,360]: [selector_events.py]: __init__: 64:       DEBUG:    [Using selector: EpollSelector]
[2025-12-20 11:40:13,636]: [_bot.py]: _do_post: 643:       DEBUG:    [Calling Bot API endpoint `getMe` with parameters `{}`]
[2025-12-20 11:40:13,641]: [_trace.py]: atrace: 87:       DEBUG:    [connect_tcp.started host='api.telegram.org' port=443 local_address=None timeout=5.0 socket_options=None]
[2025-12-20 11:40:13,799]: [_trace.py]: atrace: 87:       DEBUG:    [connect_tcp.complete return_value=<httpcore._backends.anyio.AnyIOStream object at 0x7f523d0ee180>]
[2025-12-20 11:40:13,799]: [_trace.py]: atrace: 87:       DEBUG:    [start_tls.started ssl_context=<ssl.SSLContext object at 0x7f523dab5ed0> server_hostname='api.telegram.org' timeout=5.0]
[2025-12-20 11:40:13,950]: [_trace.py]: atrace: 87:       DEBUG:    [start_tls.complete return_value=<httpcore._backends.anyio.AnyIOStream object at 0x7f523d4606e0>]
[2025-12-20 11:40:13,950]: [_trace.py]: atrace: 87:       DEBUG:    [send_request_headers.started request=<Request [b'POST']>]
[2025-12-20 11:40:13,951]: [_trace.py]: atrace: 87:       DEBUG:    [send_request_headers.complete]
[2025-12-20 11:40:13,951]: [_trace.py]: atrace: 87:       DEBUG:    [send_request_body.started request=<Request [b'POST']>]
[2025-12-20 11:40:13,951]: [_trace.py]: atrace: 87:       DEBUG:    [send_request_body.complete]
[2025-12-20 11:40:13,951]: [_trace.py]: atrace: 87:       DEBUG:    [receive_response_headers.started request=<Request [b'POST']>]
[2025-12-20 11:40:14,100]: [_trace.py]: atrace: 87:       DEBUG:    [receive_response_headers.complete return_value=(b'HTTP/1.1', 200, b'OK', [(b'Server', b'nginx/1.18.0'), (b'Date', b'Sat, 20 Dec 2025 11:40:14 GMT'), (b'Content-Type', b'application/json'), (b'Content-Length', b'258'), (b'Connection', b'keep-alive'), (b'Strict-Transport-Security', b'max-age=31536000; includeSubDomains; preload'), (b'Access-Control-Allow-Origin', b'*'), (b'Access-Control-Allow-Methods', b'GET, POST, OPTIONS'), (b'Access-Control-Expose-Headers', b'Content-Length,Content-Type,Date,Server,Connection')])]
[2025-12-20 11:40:14,100]: [_client.py]: _send_single_request: 1740:       INFO:    [HTTP Request: POST https://api.telegram.org/bot6030805959:AAGUHAMxLYc-PrevgKouJ3ZyM7ktu56ftjo/getMe "HTTP/1.1 200 OK"]
[2025-12-20 11:40:14,100]: [_trace.py]: atrace: 87:       DEBUG:    [receive_response_body.started request=<Request [b'POST']>]
[2025-12-20 11:40:14,100]: [_trace.py]: atrace: 87:       DEBUG:    [receive_response_body.complete]
[2025-12-20 11:40:14,100]: [_trace.py]: atrace: 87:       DEBUG:    [response_closed.started]
[2025-12-20 11:40:14,100]: [_trace.py]: atrace: 87:       DEBUG:    [response_closed.complete]
[2025-12-20 11:40:14,101]: [_bot.py]: _do_post: 652:       DEBUG:    [Call to Bot API endpoint `getMe` finished with return value `{'id': 6030805959, 'is_bot': True, 'first_name': 'TyPHoone', 'username': 'TyPHoone_Project_bot', 'can_join_groups': True, 'can_read_all_group_messages': False, 'supports_inline_queries': False, 'can_connect_to_business': False, 'has_main_web_app': False}`]
[2025-12-20 11:40:14,104]: [_bot.py]: _do_post: 643:       DEBUG:    [Calling Bot API endpoint `sendDocument` with parameters `{'chat_id': '-4119703192', 'document': <telegram._files.inputfile.InputFile object at 0x7f523cf32380>}`]
[2025-12-20 11:40:14,104]: [_trace.py]: atrace: 87:       DEBUG:    [send_request_headers.started request=<Request [b'POST']>]
[2025-12-20 11:40:14,104]: [_trace.py]: atrace: 87:       DEBUG:    [send_request_headers.complete]
[2025-12-20 11:40:14,104]: [_trace.py]: atrace: 87:       DEBUG:    [send_request_body.started request=<Request [b'POST']>]
[2025-12-20 11:40:14,105]: [_trace.py]: atrace: 87:       DEBUG:    [send_request_body.complete]
[2025-12-20 11:40:14,105]: [_trace.py]: atrace: 87:       DEBUG:    [receive_response_headers.started request=<Request [b'POST']>]
[2025-12-20 11:40:14,470]: [_trace.py]: atrace: 87:       DEBUG:    [receive_response_headers.complete return_value=(b'HTTP/1.1', 200, b'OK', [(b'Server', b'nginx/1.18.0'), (b'Date', b'Sat, 20 Dec 2025 11:40:14 GMT'), (b'Content-Type', b'application/json'), (b'Content-Length', b'585'), (b'Connection', b'keep-alive'), (b'Strict-Transport-Security', b'max-age=31536000; includeSubDomains; preload'), (b'Access-Control-Allow-Origin', b'*'), (b'Access-Control-Allow-Methods', b'GET, POST, OPTIONS'), (b'Access-Control-Expose-Headers', b'Content-Length,Content-Type,Date,Server,Connection')])]
[2025-12-20 11:40:14,471]: [_client.py]: _send_single_request: 1740:       INFO:    [HTTP Request: POST https://api.telegram.org/bot6030805959:AAGUHAMxLYc-PrevgKouJ3ZyM7ktu56ftjo/sendDocument "HTTP/1.1 200 OK"]
[2025-12-20 11:40:14,471]: [_trace.py]: atrace: 87:       DEBUG:    [receive_response_body.started request=<Request [b'POST']>]
[2025-12-20 11:40:14,471]: [_trace.py]: atrace: 87:       DEBUG:    [receive_response_body.complete]
[2025-12-20 11:40:14,471]: [_trace.py]: atrace: 87:       DEBUG:    [response_closed.started]
[2025-12-20 11:40:14,471]: [_trace.py]: atrace: 87:       DEBUG:    [response_closed.complete]
[2025-12-20 11:40:14,471]: [_bot.py]: _do_post: 652:       DEBUG:    [Call to Bot API endpoint `sendDocument` finished with return value `{'message_id': 2798, 'from': {'id': 6030805959, 'is_bot': True, 'first_name': 'TyPHoone', 'username': 'TyPHoone_Project_bot'}, 'chat': {'id': -4119703192, 'title': 'Robocop', 'type': 'group', 'all_members_are_administrators': True, 'accepted_gift_types': {'unlimited_gifts': False, 'limited_gifts': False, 'unique_gifts': False, 'premium_subscription': False}}, 'date': 1766230814, 'document': {'file_name': '(2025_12_20--11_40).log', 'mime_type': 'text/plain', 'file_id': 'BQACAgQAAxkDAAIK7mlGix4AAVQOmeMVoE_ZaGql1y8ORQACZh8AAjzTMVJN555a-dz4pDYE', 'file_unique_id': 'AgADZh8AAjzTMVI', 'file_size': 5937}}`]
[2025-12-20 11:40:14,472]: [_trace.py]: atrace: 87:       DEBUG:    [close.started]
[2025-12-20 11:40:14,472]: [_trace.py]: atrace: 87:       DEBUG:    [close.complete]
[2025-12-20 11:40:14,514]: [_bot.py]: _do_post: 643:       DEBUG:    [Calling Bot API endpoint `getMe` with parameters `{}`]
[2025-12-20 11:40:14,515]: [_trace.py]: atrace: 87:       DEBUG:    [connect_tcp.started host='api.telegram.org' port=443 local_address=None timeout=5.0 socket_options=None]
[2025-12-20 11:40:14,672]: [_trace.py]: atrace: 87:       DEBUG:    [connect_tcp.complete return_value=<httpcore._backends.anyio.AnyIOStream object at 0x7f523cf5ecf0>]
[2025-12-20 11:40:14,672]: [_trace.py]: atrace: 87:       DEBUG:    [start_tls.started ssl_context=<ssl.SSLContext object at 0x7f523dab5dd0> server_hostname='api.telegram.org' timeout=5.0]
[2025-12-20 11:40:14,829]: [_trace.py]: atrace: 87:       DEBUG:    [start_tls.complete return_value=<httpcore._backends.anyio.AnyIOStream object at 0x7f523dcb8500>]
[2025-12-20 11:40:14,830]: [_trace.py]: atrace: 87:       DEBUG:    [send_request_headers.started request=<Request [b'POST']>]
[2025-12-20 11:40:14,830]: [_trace.py]: atrace: 87:       DEBUG:    [send_request_headers.complete]
[2025-12-20 11:40:14,830]: [_trace.py]: atrace: 87:       DEBUG:    [send_request_body.started request=<Request [b'POST']>]
[2025-12-20 11:40:14,830]: [_trace.py]: atrace: 87:       DEBUG:    [send_request_body.complete]
[2025-12-20 11:40:14,830]: [_trace.py]: atrace: 87:       DEBUG:    [receive_response_headers.started request=<Request [b'POST']>]
[2025-12-20 11:40:14,987]: [_trace.py]: atrace: 87:       DEBUG:    [receive_response_headers.complete return_value=(b'HTTP/1.1', 200, b'OK', [(b'Server', b'nginx/1.18.0'), (b'Date', b'Sat, 20 Dec 2025 11:40:14 GMT'), (b'Content-Type', b'application/json'), (b'Content-Length', b'258'), (b'Connection', b'keep-alive'), (b'Strict-Transport-Security', b'max-age=31536000; includeSubDomains; preload'), (b'Access-Control-Allow-Origin', b'*'), (b'Access-Control-Allow-Methods', b'GET, POST, OPTIONS'), (b'Access-Control-Expose-Headers', b'Content-Length,Content-Type,Date,Server,Connection')])]
[2025-12-20 11:40:14,987]: [_client.py]: _send_single_request: 1740:       INFO:    [HTTP Request: POST https://api.telegram.org/bot6030805959:AAGUHAMxLYc-PrevgKouJ3ZyM7ktu56ftjo/getMe "HTTP/1.1 200 OK"]
[2025-12-20 11:40:14,987]: [_trace.py]: atrace: 87:       DEBUG:    [receive_response_body.started request=<Request [b'POST']>]
[2025-12-20 11:40:14,987]: [_trace.py]: atrace: 87:       DEBUG:    [receive_response_body.complete]
[2025-12-20 11:40:14,987]: [_trace.py]: atrace: 87:       DEBUG:    [response_closed.started]
[2025-12-20 11:40:14,987]: [_trace.py]: atrace: 87:       DEBUG:    [response_closed.complete]
[2025-12-20 11:40:14,987]: [_bot.py]: _do_post: 652:       DEBUG:    [Call to Bot API endpoint `getMe` finished with return value `{'id': 6030805959, 'is_bot': True, 'first_name': 'TyPHoone', 'username': 'TyPHoone_Project_bot', 'can_join_groups': True, 'can_read_all_group_messages': False, 'supports_inline_queries': False, 'can_connect_to_business': False, 'has_main_web_app': False}`]
[2025-12-20 11:40:14,990]: [_bot.py]: _do_post: 643:       DEBUG:    [Calling Bot API endpoint `sendDocument` with parameters `{'chat_id': '-4119703192', 'document': <telegram._files.inputfile.InputFile object at 0x7f523daf1080>}`]
[2025-12-20 11:40:14,991]: [_trace.py]: atrace: 87:       DEBUG:    [send_request_headers.started request=<Request [b'POST']>]
[2025-12-20 11:40:14,991]: [_trace.py]: atrace: 87:       DEBUG:    [send_request_headers.complete]
[2025-12-20 11:40:14,991]: [_trace.py]: atrace: 87:       DEBUG:    [send_request_body.started request=<Request [b'POST']>]
[2025-12-20 11:40:16,551]: [_trace.py]: atrace: 87:       DEBUG:    [send_request_body.complete]
[2025-12-20 11:40:16,551]: [_trace.py]: atrace: 87:       DEBUG:    [receive_response_headers.started request=<Request [b'POST']>]
[2025-12-20 11:40:17,283]: [_trace.py]: atrace: 87:       DEBUG:    [receive_response_headers.complete return_value=(b'HTTP/1.1', 200, b'OK', [(b'Server', b'nginx/1.18.0'), (b'Date', b'Sat, 20 Dec 2025 11:40:17 GMT'), (b'Content-Type', b'application/json'), (b'Content-Length', b'599'), (b'Connection', b'keep-alive'), (b'Strict-Transport-Security', b'max-age=31536000; includeSubDomains; preload'), (b'Access-Control-Allow-Origin', b'*'), (b'Access-Control-Allow-Methods', b'GET, POST, OPTIONS'), (b'Access-Control-Expose-Headers', b'Content-Length,Content-Type,Date,Server,Connection')])]
[2025-12-20 11:40:17,283]: [_client.py]: _send_single_request: 1740:       INFO:    [HTTP Request: POST https://api.telegram.org/bot6030805959:AAGUHAMxLYc-PrevgKouJ3ZyM7ktu56ftjo/sendDocument "HTTP/1.1 200 OK"]
[2025-12-20 11:40:17,283]: [_trace.py]: atrace: 87:       DEBUG:    [receive_response_body.started request=<Request [b'POST']>]
[2025-12-20 11:40:17,283]: [_trace.py]: atrace: 87:       DEBUG:    [receive_response_body.complete]
[2025-12-20 11:40:17,283]: [_trace.py]: atrace: 87:       DEBUG:    [response_closed.started]
[2025-12-20 11:40:17,283]: [_trace.py]: atrace: 87:       DEBUG:    [response_closed.complete]
[2025-12-20 11:40:17,284]: [_bot.py]: _do_post: 652:       DEBUG:    [Call to Bot API endpoint `sendDocument` finished with return value `{'message_id': 2799, 'from': {'id': 6030805959, 'is_bot': True, 'first_name': 'TyPHoone', 'username': 'TyPHoone_Project_bot'}, 'chat': {'id': -4119703192, 'title': 'Robocop', 'type': 'group', 'all_members_are_administrators': True, 'accepted_gift_types': {'unlimited_gifts': False, 'limited_gifts': False, 'unique_gifts': False, 'premium_subscription': False}}, 'date': 1766230817, 'document': {'file_name': '(2025_12_20--11_40)output.zip', 'mime_type': 'application/zip', 'file_id': 'BQACAgQAAxkDAAIK72lGiyCxI2PDbMmC2QIL2sPQmk2vAAJnHwACPNMxUkVF2rpC2s72NgQ', 'file_unique_id': 'AgADZx8AAjzTMVI', 'file_size': 10075366}}`]
[2025-12-20 11:40:17,284]: [_trace.py]: atrace: 87:       DEBUG:    [close.started]
[2025-12-20 11:40:17,284]: [_trace.py]: atrace: 87:       DEBUG:    [close.complete]
[2025-12-20 11:40:17,284]: [Telegram_Sender.py]: runner: 61:       INFO:    [sent successfully]
[2025-12-20 11:40:17,285]: [Main.py]: <module>: 48:       INFO:    [Finished]
