[2024-06-15 11:37:25,791]: [Main.py]: <module>: 21:       INFO:    [Started]
[2024-06-15 11:37:30,418]: [Iron_Scraper.py]: Scrap: 32:       INFO:    [Data Scaraped Successfully]
[2024-06-15 11:37:30,610]: [Iron_Scraper.py]: Scrap: 70:       INFO:    [Scrapped Data Has No Problem]
[2024-06-15 11:37:30,611]: [Iron_Scraper.py]: Scrap: 83:       INFO:    [Data Saved Successfully]
[2024-06-15 11:37:30,611]: [Iron.py]: Run: 26:       INFO:    [Scraping Phase Completed]
[2024-06-15 11:37:30,611]: [Iron_Data_Processor.py]: Data_Reader: 61:       INFO:    [Data File Has Been Red Successfully]
[2024-06-15 11:37:30,611]: [Iron_Data_Processor.py]: Shaper: 78:       INFO:    [Data Shaped]
[2024-06-15 11:37:30,611]: [Iron_Data_Processor.py]: Process: 228:       INFO:    [Data Cleaned]
[2024-06-15 11:37:30,611]: [Iron_Data_Processor.py]: Make_Pages_Objects: 101:       INFO:    [Page Objects Has Been Made]
[2024-06-15 11:37:30,612]: [Iron_Data_Processor.py]: Make_Pages_Objects: 101:       INFO:    [Page Objects Has Been Made]
[2024-06-15 11:37:30,612]: [Iron_Data_Processor.py]: Load_Data: 118:       INFO:    [Data Has Been Load]
[2024-06-15 11:37:30,612]: [Iron_Data_Processor.py]: Load_Data: 118:       INFO:    [Data Has Been Load]
[2024-06-15 11:37:30,612]: [Iron_Data_Processor.py]: Load_positions: 140:       INFO:    [Positions Are Ready]
[2024-06-15 11:37:30,612]: [Iron_Data_Processor.py]: Load_positions: 140:       INFO:    [Positions Are Ready]
[2024-06-15 11:37:31,766]: [Iron_Data_Processor.py]: Make_Tagged_Images: 193:       INFO:    [Images Has Been Made]
[2024-06-15 11:37:32,743]: [Iron_Data_Processor.py]: Make_Tagged_Images: 193:       INFO:    [Images Has Been Made]
[2024-06-15 11:37:33,003]: [Iron_Data_Processor.py]: Make_Cover_Page: 215:       INFO:    [Made Cover Pages]
[2024-06-15 11:37:33,003]: [Iron.py]: Run: 29:       INFO:    [Imagination Phase Completed]
[2024-06-15 11:37:35,893]: [Phone_Scraper.py]: Scrap: 58:       INFO:    [Data Scraped]
[2024-06-15 11:37:35,893]: [Phone_Scraper.py]: Scrap: 71:       INFO:    [Scraped Data Successfully]
[2024-06-15 11:37:35,894]: [Phone.py]: Run: 26:       INFO:    [Scraping Phase Complete]
[2024-06-15 11:37:35,894]: [Phone_Data_Processor.py]: data_reader: 38:       INFO:    [Scraped Data Loaded]
[2024-06-15 11:37:35,895]: [Phone_Data_Processor.py]: filter_list: 65:       INFO:    [Persian Phrases Are deleted]
[2024-06-15 11:37:35,896]: [Phone_Data_Processor.py]: reshape_list: 87:       INFO:    [Date Reshaped]
[2024-06-15 11:37:35,896]: [Phone_Data_Processor.py]: separate_brands: 124:       INFO:    [Brands Are Separated]
[2024-06-15 11:37:35,896]: [Phone_Data_Processor.py]: delete_extra_spaces: 141:       INFO:    [Extra Spaces Are Deleted]
[2024-06-15 11:37:36,660]: [Phone.py]: Run: 29:       INFO:    [Imagination Phase Complete]
[2024-06-15 11:37:36,660]: [selector_events.py]: __init__: 64:       DEBUG:    [Using selector: EpollSelector]
[2024-06-15 11:37:37,002]: [_bot.py]: _do_post: 643:       DEBUG:    [Calling Bot API endpoint `getMe` with parameters `{}`]
[2024-06-15 11:37:37,006]: [_trace.py]: atrace: 85:       DEBUG:    [connect_tcp.started host='api.telegram.org' port=443 local_address=None timeout=5.0 socket_options=None]
[2024-06-15 11:37:37,231]: [_trace.py]: atrace: 85:       DEBUG:    [connect_tcp.complete return_value=<httpcore._backends.anyio.AnyIOStream object at 0x7f4d9262cf20>]
[2024-06-15 11:37:37,232]: [_trace.py]: atrace: 85:       DEBUG:    [start_tls.started ssl_context=<ssl.SSLContext object at 0x7f4d91c2a450> server_hostname='api.telegram.org' timeout=5.0]
[2024-06-15 11:37:37,326]: [_trace.py]: atrace: 85:       DEBUG:    [start_tls.complete return_value=<httpcore._backends.anyio.AnyIOStream object at 0x7f4d918d6d20>]
[2024-06-15 11:37:37,326]: [_trace.py]: atrace: 85:       DEBUG:    [send_request_headers.started request=<Request [b'POST']>]
[2024-06-15 11:37:37,326]: [_trace.py]: atrace: 85:       DEBUG:    [send_request_headers.complete]
[2024-06-15 11:37:37,326]: [_trace.py]: atrace: 85:       DEBUG:    [send_request_body.started request=<Request [b'POST']>]
[2024-06-15 11:37:37,326]: [_trace.py]: atrace: 85:       DEBUG:    [send_request_body.complete]
[2024-06-15 11:37:37,326]: [_trace.py]: atrace: 85:       DEBUG:    [receive_response_headers.started request=<Request [b'POST']>]
[2024-06-15 11:37:37,419]: [_trace.py]: atrace: 85:       DEBUG:    [receive_response_headers.complete return_value=(b'HTTP/1.1', 200, b'OK', [(b'Server', b'nginx/1.18.0'), (b'Date', b'Sat, 15 Jun 2024 11:37:37 GMT'), (b'Content-Type', b'application/json'), (b'Content-Length', b'233'), (b'Connection', b'keep-alive'), (b'Strict-Transport-Security', b'max-age=31536000; includeSubDomains; preload'), (b'Access-Control-Allow-Origin', b'*'), (b'Access-Control-Allow-Methods', b'GET, POST, OPTIONS'), (b'Access-Control-Expose-Headers', b'Content-Length,Content-Type,Date,Server,Connection')])]
[2024-06-15 11:37:37,419]: [_client.py]: _send_single_request: 1773:       INFO:    [HTTP Request: POST https://api.telegram.org/bot6030805959:AAGUHAMxLYc-PrevgKouJ3ZyM7ktu56ftjo/getMe "HTTP/1.1 200 OK"]
[2024-06-15 11:37:37,419]: [_trace.py]: atrace: 85:       DEBUG:    [receive_response_body.started request=<Request [b'POST']>]
[2024-06-15 11:37:37,419]: [_trace.py]: atrace: 85:       DEBUG:    [receive_response_body.complete]
[2024-06-15 11:37:37,420]: [_trace.py]: atrace: 85:       DEBUG:    [response_closed.started]
[2024-06-15 11:37:37,420]: [_trace.py]: atrace: 85:       DEBUG:    [response_closed.complete]
[2024-06-15 11:37:37,420]: [_bot.py]: _do_post: 652:       DEBUG:    [Call to Bot API endpoint `getMe` finished with return value `{'id': 6030805959, 'is_bot': True, 'first_name': 'TyPHoone', 'username': 'TyPHoone_Project_bot', 'can_join_groups': True, 'can_read_all_group_messages': False, 'supports_inline_queries': False, 'can_connect_to_business': False}`]
[2024-06-15 11:37:37,423]: [_bot.py]: _do_post: 643:       DEBUG:    [Calling Bot API endpoint `sendDocument` with parameters `{'chat_id': '-4119703192', 'document': <telegram._files.inputfile.InputFile object at 0x7f4d9140dd00>}`]
[2024-06-15 11:37:37,424]: [_trace.py]: atrace: 85:       DEBUG:    [send_request_headers.started request=<Request [b'POST']>]
[2024-06-15 11:37:37,424]: [_trace.py]: atrace: 85:       DEBUG:    [send_request_headers.complete]
[2024-06-15 11:37:37,424]: [_trace.py]: atrace: 85:       DEBUG:    [send_request_body.started request=<Request [b'POST']>]
[2024-06-15 11:37:37,425]: [_trace.py]: atrace: 85:       DEBUG:    [send_request_body.complete]
[2024-06-15 11:37:37,425]: [_trace.py]: atrace: 85:       DEBUG:    [receive_response_headers.started request=<Request [b'POST']>]
[2024-06-15 11:37:37,664]: [_trace.py]: atrace: 85:       DEBUG:    [receive_response_headers.complete return_value=(b'HTTP/1.1', 200, b'OK', [(b'Server', b'nginx/1.18.0'), (b'Date', b'Sat, 15 Jun 2024 11:37:37 GMT'), (b'Content-Type', b'application/json'), (b'Content-Length', b'463'), (b'Connection', b'keep-alive'), (b'Strict-Transport-Security', b'max-age=31536000; includeSubDomains; preload'), (b'Access-Control-Allow-Origin', b'*'), (b'Access-Control-Allow-Methods', b'GET, POST, OPTIONS'), (b'Access-Control-Expose-Headers', b'Content-Length,Content-Type,Date,Server,Connection')])]
[2024-06-15 11:37:37,665]: [_client.py]: _send_single_request: 1773:       INFO:    [HTTP Request: POST https://api.telegram.org/bot6030805959:AAGUHAMxLYc-PrevgKouJ3ZyM7ktu56ftjo/sendDocument "HTTP/1.1 200 OK"]
[2024-06-15 11:37:37,665]: [_trace.py]: atrace: 85:       DEBUG:    [receive_response_body.started request=<Request [b'POST']>]
[2024-06-15 11:37:37,665]: [_trace.py]: atrace: 85:       DEBUG:    [receive_response_body.complete]
[2024-06-15 11:37:37,665]: [_trace.py]: atrace: 85:       DEBUG:    [response_closed.started]
[2024-06-15 11:37:37,665]: [_trace.py]: atrace: 85:       DEBUG:    [response_closed.complete]
[2024-06-15 11:37:37,666]: [_bot.py]: _do_post: 652:       DEBUG:    [Call to Bot API endpoint `sendDocument` finished with return value `{'message_id': 853, 'from': {'id': 6030805959, 'is_bot': True, 'first_name': 'TyPHoone', 'username': 'TyPHoone_Project_bot'}, 'chat': {'id': -4119703192, 'title': 'Robocop', 'type': 'group', 'all_members_are_administrators': True}, 'date': 1718451457, 'document': {'file_name': '(2024_06_15--11_37).log', 'mime_type': 'text/plain', 'file_id': 'BQACAgQAAxkDAAIDVWZtfQG5jNAFu8hPM_yGRKsBjChrAAIwFgACBVlxU9KXyrmJdiQDNQQ', 'file_unique_id': 'AgADMBYAAgVZcVM', 'file_size': 5910}}`]
[2024-06-15 11:37:37,666]: [_trace.py]: atrace: 85:       DEBUG:    [close.started]
[2024-06-15 11:37:37,666]: [_trace.py]: atrace: 85:       DEBUG:    [close.complete]
[2024-06-15 11:37:37,667]: [_config.py]: load_ssl_context: 80:       DEBUG:    [load_ssl_context verify=True cert=None trust_env=True http2=False]
[2024-06-15 11:37:37,667]: [_config.py]: load_ssl_context_verify: 146:       DEBUG:    [load_verify_locations cafile='/opt/hostedtoolcache/Python/3.12.3/x64/lib/python3.12/site-packages/certifi/cacert.pem']
[2024-06-15 11:37:37,699]: [_config.py]: load_ssl_context: 80:       DEBUG:    [load_ssl_context verify=True cert=None trust_env=True http2=False]
[2024-06-15 11:37:37,699]: [_config.py]: load_ssl_context_verify: 146:       DEBUG:    [load_verify_locations cafile='/opt/hostedtoolcache/Python/3.12.3/x64/lib/python3.12/site-packages/certifi/cacert.pem']
[2024-06-15 11:37:37,729]: [_bot.py]: _do_post: 643:       DEBUG:    [Calling Bot API endpoint `getMe` with parameters `{}`]
[2024-06-15 11:37:37,729]: [_trace.py]: atrace: 85:       DEBUG:    [connect_tcp.started host='api.telegram.org' port=443 local_address=None timeout=5.0 socket_options=None]
[2024-06-15 11:37:37,821]: [_trace.py]: atrace: 85:       DEBUG:    [connect_tcp.complete return_value=<httpcore._backends.anyio.AnyIOStream object at 0x7f4d9200f8f0>]
[2024-06-15 11:37:37,821]: [_trace.py]: atrace: 85:       DEBUG:    [start_tls.started ssl_context=<ssl.SSLContext object at 0x7f4d91c2a250> server_hostname='api.telegram.org' timeout=5.0]
[2024-06-15 11:37:37,916]: [_trace.py]: atrace: 85:       DEBUG:    [start_tls.complete return_value=<httpcore._backends.anyio.AnyIOStream object at 0x7f4d913b8620>]
[2024-06-15 11:37:37,916]: [_trace.py]: atrace: 85:       DEBUG:    [send_request_headers.started request=<Request [b'POST']>]
[2024-06-15 11:37:37,916]: [_trace.py]: atrace: 85:       DEBUG:    [send_request_headers.complete]
[2024-06-15 11:37:37,917]: [_trace.py]: atrace: 85:       DEBUG:    [send_request_body.started request=<Request [b'POST']>]
[2024-06-15 11:37:37,917]: [_trace.py]: atrace: 85:       DEBUG:    [send_request_body.complete]
[2024-06-15 11:37:37,917]: [_trace.py]: atrace: 85:       DEBUG:    [receive_response_headers.started request=<Request [b'POST']>]
[2024-06-15 11:37:38,008]: [_trace.py]: atrace: 85:       DEBUG:    [receive_response_headers.complete return_value=(b'HTTP/1.1', 200, b'OK', [(b'Server', b'nginx/1.18.0'), (b'Date', b'Sat, 15 Jun 2024 11:37:37 GMT'), (b'Content-Type', b'application/json'), (b'Content-Length', b'233'), (b'Connection', b'keep-alive'), (b'Strict-Transport-Security', b'max-age=31536000; includeSubDomains; preload'), (b'Access-Control-Allow-Origin', b'*'), (b'Access-Control-Allow-Methods', b'GET, POST, OPTIONS'), (b'Access-Control-Expose-Headers', b'Content-Length,Content-Type,Date,Server,Connection')])]
[2024-06-15 11:37:38,008]: [_client.py]: _send_single_request: 1773:       INFO:    [HTTP Request: POST https://api.telegram.org/bot6030805959:AAGUHAMxLYc-PrevgKouJ3ZyM7ktu56ftjo/getMe "HTTP/1.1 200 OK"]
[2024-06-15 11:37:38,008]: [_trace.py]: atrace: 85:       DEBUG:    [receive_response_body.started request=<Request [b'POST']>]
[2024-06-15 11:37:38,008]: [_trace.py]: atrace: 85:       DEBUG:    [receive_response_body.complete]
[2024-06-15 11:37:38,008]: [_trace.py]: atrace: 85:       DEBUG:    [response_closed.started]
[2024-06-15 11:37:38,008]: [_trace.py]: atrace: 85:       DEBUG:    [response_closed.complete]
[2024-06-15 11:37:38,009]: [_bot.py]: _do_post: 652:       DEBUG:    [Call to Bot API endpoint `getMe` finished with return value `{'id': 6030805959, 'is_bot': True, 'first_name': 'TyPHoone', 'username': 'TyPHoone_Project_bot', 'can_join_groups': True, 'can_read_all_group_messages': False, 'supports_inline_queries': False, 'can_connect_to_business': False}`]
[2024-06-15 11:37:38,011]: [_bot.py]: _do_post: 643:       DEBUG:    [Calling Bot API endpoint `sendDocument` with parameters `{'chat_id': '-4119703192', 'document': <telegram._files.inputfile.InputFile object at 0x7f4d9121c540>}`]
[2024-06-15 11:37:38,012]: [_trace.py]: atrace: 85:       DEBUG:    [send_request_headers.started request=<Request [b'POST']>]
[2024-06-15 11:37:38,012]: [_trace.py]: atrace: 85:       DEBUG:    [send_request_headers.complete]
[2024-06-15 11:37:38,012]: [_trace.py]: atrace: 85:       DEBUG:    [send_request_body.started request=<Request [b'POST']>]
[2024-06-15 11:37:38,879]: [_trace.py]: atrace: 85:       DEBUG:    [send_request_body.complete]
[2024-06-15 11:37:38,879]: [_trace.py]: atrace: 85:       DEBUG:    [receive_response_headers.started request=<Request [b'POST']>]
[2024-06-15 11:37:39,554]: [_trace.py]: atrace: 85:       DEBUG:    [receive_response_headers.complete return_value=(b'HTTP/1.1', 200, b'OK', [(b'Server', b'nginx/1.18.0'), (b'Date', b'Sat, 15 Jun 2024 11:37:39 GMT'), (b'Content-Type', b'application/json'), (b'Content-Length', b'478'), (b'Connection', b'keep-alive'), (b'Strict-Transport-Security', b'max-age=31536000; includeSubDomains; preload'), (b'Access-Control-Allow-Origin', b'*'), (b'Access-Control-Allow-Methods', b'GET, POST, OPTIONS'), (b'Access-Control-Expose-Headers', b'Content-Length,Content-Type,Date,Server,Connection')])]
[2024-06-15 11:37:39,555]: [_client.py]: _send_single_request: 1773:       INFO:    [HTTP Request: POST https://api.telegram.org/bot6030805959:AAGUHAMxLYc-PrevgKouJ3ZyM7ktu56ftjo/sendDocument "HTTP/1.1 200 OK"]
[2024-06-15 11:37:39,555]: [_trace.py]: atrace: 85:       DEBUG:    [receive_response_body.started request=<Request [b'POST']>]
[2024-06-15 11:37:39,555]: [_trace.py]: atrace: 85:       DEBUG:    [receive_response_body.complete]
[2024-06-15 11:37:39,555]: [_trace.py]: atrace: 85:       DEBUG:    [response_closed.started]
[2024-06-15 11:37:39,555]: [_trace.py]: atrace: 85:       DEBUG:    [response_closed.complete]
[2024-06-15 11:37:39,555]: [_bot.py]: _do_post: 652:       DEBUG:    [Call to Bot API endpoint `sendDocument` finished with return value `{'message_id': 854, 'from': {'id': 6030805959, 'is_bot': True, 'first_name': 'TyPHoone', 'username': 'TyPHoone_Project_bot'}, 'chat': {'id': -4119703192, 'title': 'Robocop', 'type': 'group', 'all_members_are_administrators': True}, 'date': 1718451459, 'document': {'file_name': '(2024_06_15--11_37)output.zip', 'mime_type': 'application/zip', 'file_id': 'BQACAgQAAxkDAAIDVmZtfQOxw1Mu9IDQMK2PYXRUb3V6AAIxFgACBVlxU9U6i50oGGCONQQ', 'file_unique_id': 'AgADMRYAAgVZcVM', 'file_size': 10110235}}`]
[2024-06-15 11:37:39,556]: [_trace.py]: atrace: 85:       DEBUG:    [close.started]
[2024-06-15 11:37:39,556]: [_trace.py]: atrace: 85:       DEBUG:    [close.complete]
[2024-06-15 11:37:39,556]: [Telegram_Sender.py]: runner: 61:       INFO:    [sent successfully]
[2024-06-15 11:37:39,557]: [Main.py]: <module>: 48:       INFO:    [Finished]
