[2024-06-21 11:39:15,360]: [Main.py]: <module>: 21:       INFO:    [Started]
[2024-06-21 11:39:16,883]: [Iron_Scraper.py]: Scrap: 32:       INFO:    [Data Scaraped Successfully]
[2024-06-21 11:39:17,079]: [Iron_Scraper.py]: Scrap: 70:       INFO:    [Scrapped Data Has No Problem]
[2024-06-21 11:39:17,079]: [Iron_Scraper.py]: Scrap: 83:       INFO:    [Data Saved Successfully]
[2024-06-21 11:39:17,079]: [Iron.py]: Run: 26:       INFO:    [Scraping Phase Completed]
[2024-06-21 11:39:17,079]: [Iron_Data_Processor.py]: Data_Reader: 61:       INFO:    [Data File Has Been Red Successfully]
[2024-06-21 11:39:17,079]: [Iron_Data_Processor.py]: Shaper: 78:       INFO:    [Data Shaped]
[2024-06-21 11:39:17,080]: [Iron_Data_Processor.py]: Process: 228:       INFO:    [Data Cleaned]
[2024-06-21 11:39:17,080]: [Iron_Data_Processor.py]: Make_Pages_Objects: 101:       INFO:    [Page Objects Has Been Made]
[2024-06-21 11:39:17,080]: [Iron_Data_Processor.py]: Make_Pages_Objects: 101:       INFO:    [Page Objects Has Been Made]
[2024-06-21 11:39:17,080]: [Iron_Data_Processor.py]: Load_Data: 118:       INFO:    [Data Has Been Load]
[2024-06-21 11:39:17,080]: [Iron_Data_Processor.py]: Load_Data: 118:       INFO:    [Data Has Been Load]
[2024-06-21 11:39:17,080]: [Iron_Data_Processor.py]: Load_positions: 140:       INFO:    [Positions Are Ready]
[2024-06-21 11:39:17,080]: [Iron_Data_Processor.py]: Load_positions: 140:       INFO:    [Positions Are Ready]
[2024-06-21 11:39:18,204]: [Iron_Data_Processor.py]: Make_Tagged_Images: 193:       INFO:    [Images Has Been Made]
[2024-06-21 11:39:19,150]: [Iron_Data_Processor.py]: Make_Tagged_Images: 193:       INFO:    [Images Has Been Made]
[2024-06-21 11:39:19,403]: [Iron_Data_Processor.py]: Make_Cover_Page: 215:       INFO:    [Made Cover Pages]
[2024-06-21 11:39:19,404]: [Iron.py]: Run: 29:       INFO:    [Imagination Phase Completed]
[2024-06-21 11:39:22,613]: [Phone_Scraper.py]: Scrap: 58:       INFO:    [Data Scraped]
[2024-06-21 11:39:22,613]: [Phone_Scraper.py]: Scrap: 71:       INFO:    [Scraped Data Successfully]
[2024-06-21 11:39:22,613]: [Phone.py]: Run: 26:       INFO:    [Scraping Phase Complete]
[2024-06-21 11:39:22,613]: [Phone_Data_Processor.py]: data_reader: 38:       INFO:    [Scraped Data Loaded]
[2024-06-21 11:39:22,614]: [Phone_Data_Processor.py]: filter_list: 65:       INFO:    [Persian Phrases Are deleted]
[2024-06-21 11:39:22,615]: [Phone_Data_Processor.py]: reshape_list: 87:       INFO:    [Date Reshaped]
[2024-06-21 11:39:22,615]: [Phone_Data_Processor.py]: separate_brands: 124:       INFO:    [Brands Are Separated]
[2024-06-21 11:39:22,615]: [Phone_Data_Processor.py]: delete_extra_spaces: 141:       INFO:    [Extra Spaces Are Deleted]
[2024-06-21 11:39:23,129]: [Phone.py]: Run: 29:       INFO:    [Imagination Phase Complete]
[2024-06-21 11:39:23,129]: [selector_events.py]: __init__: 64:       DEBUG:    [Using selector: EpollSelector]
[2024-06-21 11:39:23,447]: [_bot.py]: _do_post: 643:       DEBUG:    [Calling Bot API endpoint `getMe` with parameters `{}`]
[2024-06-21 11:39:23,451]: [_trace.py]: atrace: 85:       DEBUG:    [connect_tcp.started host='api.telegram.org' port=443 local_address=None timeout=5.0 socket_options=None]
[2024-06-21 11:39:23,587]: [_trace.py]: atrace: 85:       DEBUG:    [connect_tcp.complete return_value=<httpcore._backends.anyio.AnyIOStream object at 0x7ff92ac18740>]
[2024-06-21 11:39:23,587]: [_trace.py]: atrace: 85:       DEBUG:    [start_tls.started ssl_context=<ssl.SSLContext object at 0x7ff92a9369d0> server_hostname='api.telegram.org' timeout=5.0]
[2024-06-21 11:39:23,678]: [_trace.py]: atrace: 85:       DEBUG:    [start_tls.complete return_value=<httpcore._backends.anyio.AnyIOStream object at 0x7ff92af9a0c0>]
[2024-06-21 11:39:23,678]: [_trace.py]: atrace: 85:       DEBUG:    [send_request_headers.started request=<Request [b'POST']>]
[2024-06-21 11:39:23,678]: [_trace.py]: atrace: 85:       DEBUG:    [send_request_headers.complete]
[2024-06-21 11:39:23,678]: [_trace.py]: atrace: 85:       DEBUG:    [send_request_body.started request=<Request [b'POST']>]
[2024-06-21 11:39:23,678]: [_trace.py]: atrace: 85:       DEBUG:    [send_request_body.complete]
[2024-06-21 11:39:23,678]: [_trace.py]: atrace: 85:       DEBUG:    [receive_response_headers.started request=<Request [b'POST']>]
[2024-06-21 11:39:23,772]: [_trace.py]: atrace: 85:       DEBUG:    [receive_response_headers.complete return_value=(b'HTTP/1.1', 200, b'OK', [(b'Server', b'nginx/1.18.0'), (b'Date', b'Fri, 21 Jun 2024 11:39:23 GMT'), (b'Content-Type', b'application/json'), (b'Content-Length', b'233'), (b'Connection', b'keep-alive'), (b'Strict-Transport-Security', b'max-age=31536000; includeSubDomains; preload'), (b'Access-Control-Allow-Origin', b'*'), (b'Access-Control-Allow-Methods', b'GET, POST, OPTIONS'), (b'Access-Control-Expose-Headers', b'Content-Length,Content-Type,Date,Server,Connection')])]
[2024-06-21 11:39:23,772]: [_client.py]: _send_single_request: 1773:       INFO:    [HTTP Request: POST https://api.telegram.org/bot6030805959:AAGUHAMxLYc-PrevgKouJ3ZyM7ktu56ftjo/getMe "HTTP/1.1 200 OK"]
[2024-06-21 11:39:23,772]: [_trace.py]: atrace: 85:       DEBUG:    [receive_response_body.started request=<Request [b'POST']>]
[2024-06-21 11:39:23,772]: [_trace.py]: atrace: 85:       DEBUG:    [receive_response_body.complete]
[2024-06-21 11:39:23,772]: [_trace.py]: atrace: 85:       DEBUG:    [response_closed.started]
[2024-06-21 11:39:23,772]: [_trace.py]: atrace: 85:       DEBUG:    [response_closed.complete]
[2024-06-21 11:39:23,773]: [_bot.py]: _do_post: 652:       DEBUG:    [Call to Bot API endpoint `getMe` finished with return value `{'id': 6030805959, 'is_bot': True, 'first_name': 'TyPHoone', 'username': 'TyPHoone_Project_bot', 'can_join_groups': True, 'can_read_all_group_messages': False, 'supports_inline_queries': False, 'can_connect_to_business': False}`]
[2024-06-21 11:39:23,776]: [_bot.py]: _do_post: 643:       DEBUG:    [Calling Bot API endpoint `sendDocument` with parameters `{'chat_id': '-4119703192', 'document': <telegram._files.inputfile.InputFile object at 0x7ff92a0e3480>}`]
[2024-06-21 11:39:23,776]: [_trace.py]: atrace: 85:       DEBUG:    [send_request_headers.started request=<Request [b'POST']>]
[2024-06-21 11:39:23,776]: [_trace.py]: atrace: 85:       DEBUG:    [send_request_headers.complete]
[2024-06-21 11:39:23,777]: [_trace.py]: atrace: 85:       DEBUG:    [send_request_body.started request=<Request [b'POST']>]
[2024-06-21 11:39:23,777]: [_trace.py]: atrace: 85:       DEBUG:    [send_request_body.complete]
[2024-06-21 11:39:23,777]: [_trace.py]: atrace: 85:       DEBUG:    [receive_response_headers.started request=<Request [b'POST']>]
[2024-06-21 11:39:24,070]: [_trace.py]: atrace: 85:       DEBUG:    [receive_response_headers.complete return_value=(b'HTTP/1.1', 200, b'OK', [(b'Server', b'nginx/1.18.0'), (b'Date', b'Fri, 21 Jun 2024 11:39:24 GMT'), (b'Content-Type', b'application/json'), (b'Content-Length', b'463'), (b'Connection', b'keep-alive'), (b'Strict-Transport-Security', b'max-age=31536000; includeSubDomains; preload'), (b'Access-Control-Allow-Origin', b'*'), (b'Access-Control-Allow-Methods', b'GET, POST, OPTIONS'), (b'Access-Control-Expose-Headers', b'Content-Length,Content-Type,Date,Server,Connection')])]
[2024-06-21 11:39:24,070]: [_client.py]: _send_single_request: 1773:       INFO:    [HTTP Request: POST https://api.telegram.org/bot6030805959:AAGUHAMxLYc-PrevgKouJ3ZyM7ktu56ftjo/sendDocument "HTTP/1.1 200 OK"]
[2024-06-21 11:39:24,070]: [_trace.py]: atrace: 85:       DEBUG:    [receive_response_body.started request=<Request [b'POST']>]
[2024-06-21 11:39:24,071]: [_trace.py]: atrace: 85:       DEBUG:    [receive_response_body.complete]
[2024-06-21 11:39:24,071]: [_trace.py]: atrace: 85:       DEBUG:    [response_closed.started]
[2024-06-21 11:39:24,071]: [_trace.py]: atrace: 85:       DEBUG:    [response_closed.complete]
[2024-06-21 11:39:24,071]: [_bot.py]: _do_post: 652:       DEBUG:    [Call to Bot API endpoint `sendDocument` finished with return value `{'message_id': 865, 'from': {'id': 6030805959, 'is_bot': True, 'first_name': 'TyPHoone', 'username': 'TyPHoone_Project_bot'}, 'chat': {'id': -4119703192, 'title': 'Robocop', 'type': 'group', 'all_members_are_administrators': True}, 'date': 1718969964, 'document': {'file_name': '(2024_06_21--11_39).log', 'mime_type': 'text/plain', 'file_id': 'BQACAgQAAxkDAAIDYWZ1ZmsriIhnnvzUbz_-e0S0eQ5qAALbEwACKCCpU38dZ0fqY0BINQQ', 'file_unique_id': 'AgAD2xMAAiggqVM', 'file_size': 5910}}`]
[2024-06-21 11:39:24,071]: [_trace.py]: atrace: 85:       DEBUG:    [close.started]
[2024-06-21 11:39:24,072]: [_trace.py]: atrace: 85:       DEBUG:    [close.complete]
[2024-06-21 11:39:24,072]: [_config.py]: load_ssl_context: 80:       DEBUG:    [load_ssl_context verify=True cert=None trust_env=True http2=False]
[2024-06-21 11:39:24,072]: [_config.py]: load_ssl_context_verify: 146:       DEBUG:    [load_verify_locations cafile='/opt/hostedtoolcache/Python/3.12.4/x64/lib/python3.12/site-packages/certifi/cacert.pem']
[2024-06-21 11:39:24,098]: [_config.py]: load_ssl_context: 80:       DEBUG:    [load_ssl_context verify=True cert=None trust_env=True http2=False]
[2024-06-21 11:39:24,099]: [_config.py]: load_ssl_context_verify: 146:       DEBUG:    [load_verify_locations cafile='/opt/hostedtoolcache/Python/3.12.4/x64/lib/python3.12/site-packages/certifi/cacert.pem']
[2024-06-21 11:39:24,124]: [_bot.py]: _do_post: 643:       DEBUG:    [Calling Bot API endpoint `getMe` with parameters `{}`]
[2024-06-21 11:39:24,125]: [_trace.py]: atrace: 85:       DEBUG:    [connect_tcp.started host='api.telegram.org' port=443 local_address=None timeout=5.0 socket_options=None]
[2024-06-21 11:39:24,214]: [_trace.py]: atrace: 85:       DEBUG:    [connect_tcp.complete return_value=<httpcore._backends.anyio.AnyIOStream object at 0x7ff92a4d9370>]
[2024-06-21 11:39:24,214]: [_trace.py]: atrace: 85:       DEBUG:    [start_tls.started ssl_context=<ssl.SSLContext object at 0x7ff92a9367d0> server_hostname='api.telegram.org' timeout=5.0]
[2024-06-21 11:39:24,305]: [_trace.py]: atrace: 85:       DEBUG:    [start_tls.complete return_value=<httpcore._backends.anyio.AnyIOStream object at 0x7ff92a082a50>]
[2024-06-21 11:39:24,305]: [_trace.py]: atrace: 85:       DEBUG:    [send_request_headers.started request=<Request [b'POST']>]
[2024-06-21 11:39:24,306]: [_trace.py]: atrace: 85:       DEBUG:    [send_request_headers.complete]
[2024-06-21 11:39:24,306]: [_trace.py]: atrace: 85:       DEBUG:    [send_request_body.started request=<Request [b'POST']>]
[2024-06-21 11:39:24,306]: [_trace.py]: atrace: 85:       DEBUG:    [send_request_body.complete]
[2024-06-21 11:39:24,306]: [_trace.py]: atrace: 85:       DEBUG:    [receive_response_headers.started request=<Request [b'POST']>]
[2024-06-21 11:39:24,394]: [_trace.py]: atrace: 85:       DEBUG:    [receive_response_headers.complete return_value=(b'HTTP/1.1', 200, b'OK', [(b'Server', b'nginx/1.18.0'), (b'Date', b'Fri, 21 Jun 2024 11:39:24 GMT'), (b'Content-Type', b'application/json'), (b'Content-Length', b'233'), (b'Connection', b'keep-alive'), (b'Strict-Transport-Security', b'max-age=31536000; includeSubDomains; preload'), (b'Access-Control-Allow-Origin', b'*'), (b'Access-Control-Allow-Methods', b'GET, POST, OPTIONS'), (b'Access-Control-Expose-Headers', b'Content-Length,Content-Type,Date,Server,Connection')])]
[2024-06-21 11:39:24,394]: [_client.py]: _send_single_request: 1773:       INFO:    [HTTP Request: POST https://api.telegram.org/bot6030805959:AAGUHAMxLYc-PrevgKouJ3ZyM7ktu56ftjo/getMe "HTTP/1.1 200 OK"]
[2024-06-21 11:39:24,394]: [_trace.py]: atrace: 85:       DEBUG:    [receive_response_body.started request=<Request [b'POST']>]
[2024-06-21 11:39:24,395]: [_trace.py]: atrace: 85:       DEBUG:    [receive_response_body.complete]
[2024-06-21 11:39:24,395]: [_trace.py]: atrace: 85:       DEBUG:    [response_closed.started]
[2024-06-21 11:39:24,395]: [_trace.py]: atrace: 85:       DEBUG:    [response_closed.complete]
[2024-06-21 11:39:24,395]: [_bot.py]: _do_post: 652:       DEBUG:    [Call to Bot API endpoint `getMe` finished with return value `{'id': 6030805959, 'is_bot': True, 'first_name': 'TyPHoone', 'username': 'TyPHoone_Project_bot', 'can_join_groups': True, 'can_read_all_group_messages': False, 'supports_inline_queries': False, 'can_connect_to_business': False}`]
[2024-06-21 11:39:24,397]: [_bot.py]: _do_post: 643:       DEBUG:    [Calling Bot API endpoint `sendDocument` with parameters `{'chat_id': '-4119703192', 'document': <telegram._files.inputfile.InputFile object at 0x7ff92a0e3580>}`]
[2024-06-21 11:39:24,397]: [_trace.py]: atrace: 85:       DEBUG:    [send_request_headers.started request=<Request [b'POST']>]
[2024-06-21 11:39:24,398]: [_trace.py]: atrace: 85:       DEBUG:    [send_request_headers.complete]
[2024-06-21 11:39:24,398]: [_trace.py]: atrace: 85:       DEBUG:    [send_request_body.started request=<Request [b'POST']>]
[2024-06-21 11:39:25,276]: [_trace.py]: atrace: 85:       DEBUG:    [send_request_body.complete]
[2024-06-21 11:39:25,276]: [_trace.py]: atrace: 85:       DEBUG:    [receive_response_headers.started request=<Request [b'POST']>]
[2024-06-21 11:39:26,787]: [_trace.py]: atrace: 85:       DEBUG:    [receive_response_headers.complete return_value=(b'HTTP/1.1', 200, b'OK', [(b'Server', b'nginx/1.18.0'), (b'Date', b'Fri, 21 Jun 2024 11:39:26 GMT'), (b'Content-Type', b'application/json'), (b'Content-Length', b'478'), (b'Connection', b'keep-alive'), (b'Strict-Transport-Security', b'max-age=31536000; includeSubDomains; preload'), (b'Access-Control-Allow-Origin', b'*'), (b'Access-Control-Allow-Methods', b'GET, POST, OPTIONS'), (b'Access-Control-Expose-Headers', b'Content-Length,Content-Type,Date,Server,Connection')])]
[2024-06-21 11:39:26,787]: [_client.py]: _send_single_request: 1773:       INFO:    [HTTP Request: POST https://api.telegram.org/bot6030805959:AAGUHAMxLYc-PrevgKouJ3ZyM7ktu56ftjo/sendDocument "HTTP/1.1 200 OK"]
[2024-06-21 11:39:26,787]: [_trace.py]: atrace: 85:       DEBUG:    [receive_response_body.started request=<Request [b'POST']>]
[2024-06-21 11:39:26,787]: [_trace.py]: atrace: 85:       DEBUG:    [receive_response_body.complete]
[2024-06-21 11:39:26,787]: [_trace.py]: atrace: 85:       DEBUG:    [response_closed.started]
[2024-06-21 11:39:26,787]: [_trace.py]: atrace: 85:       DEBUG:    [response_closed.complete]
[2024-06-21 11:39:26,788]: [_bot.py]: _do_post: 652:       DEBUG:    [Call to Bot API endpoint `sendDocument` finished with return value `{'message_id': 866, 'from': {'id': 6030805959, 'is_bot': True, 'first_name': 'TyPHoone', 'username': 'TyPHoone_Project_bot'}, 'chat': {'id': -4119703192, 'title': 'Robocop', 'type': 'group', 'all_members_are_administrators': True}, 'date': 1718969966, 'document': {'file_name': '(2024_06_21--11_39)output.zip', 'mime_type': 'application/zip', 'file_id': 'BQACAgQAAxkDAAIDYmZ1Zm0Qy9HzQt5lndu6m-EAAdeWagAC3BMAAiggqVPv4S_p7JWmEzUE', 'file_unique_id': 'AgAD3BMAAiggqVM', 'file_size': 9522929}}`]
[2024-06-21 11:39:26,788]: [_trace.py]: atrace: 85:       DEBUG:    [close.started]
[2024-06-21 11:39:26,788]: [_trace.py]: atrace: 85:       DEBUG:    [close.complete]
[2024-06-21 11:39:26,788]: [Telegram_Sender.py]: runner: 61:       INFO:    [sent successfully]
[2024-06-21 11:39:26,789]: [Main.py]: <module>: 48:       INFO:    [Finished]
