[2024-05-01 22:48:33,194]: [Main.py]: <module>: 21:       INFO:    [Started]
[2024-05-01 22:48:35,076]: [Iron_Scraper.py]: Scrap: 32:       INFO:    [Data Scaraped Successfully]
[2024-05-01 22:48:35,270]: [Iron_Scraper.py]: Scrap: 70:       INFO:    [Scrapped Data Has No Problem]
[2024-05-01 22:48:35,270]: [Iron_Scraper.py]: Scrap: 83:       INFO:    [Data Saved Successfully]
[2024-05-01 22:48:35,270]: [Iron.py]: Run: 26:       INFO:    [Scraping Phase Completed]
[2024-05-01 22:48:35,270]: [Iron_Data_Processor.py]: Data_Reader: 61:       INFO:    [Data File Has Been Red Successfully]
[2024-05-01 22:48:35,270]: [Iron_Data_Processor.py]: Shaper: 78:       INFO:    [Data Shaped]
[2024-05-01 22:48:35,271]: [Iron_Data_Processor.py]: Process: 226:       INFO:    [Data Cleaned]
[2024-05-01 22:48:35,271]: [Iron_Data_Processor.py]: Make_Pages_Objects: 101:       INFO:    [Page Objects Has Been Made]
[2024-05-01 22:48:35,271]: [Iron_Data_Processor.py]: Make_Pages_Objects: 101:       INFO:    [Page Objects Has Been Made]
[2024-05-01 22:48:35,271]: [Iron_Data_Processor.py]: Load_Data: 118:       INFO:    [Data Has Been Load]
[2024-05-01 22:48:35,271]: [Iron_Data_Processor.py]: Load_Data: 118:       INFO:    [Data Has Been Load]
[2024-05-01 22:48:35,271]: [Iron_Data_Processor.py]: Load_positions: 140:       INFO:    [Positions Are Ready]
[2024-05-01 22:48:35,271]: [Iron_Data_Processor.py]: Load_positions: 140:       INFO:    [Positions Are Ready]
[2024-05-01 22:48:36,400]: [Iron_Data_Processor.py]: Make_Tagged_Images: 193:       INFO:    [Images Has Been Made]
[2024-05-01 22:48:37,358]: [Iron_Data_Processor.py]: Make_Tagged_Images: 193:       INFO:    [Images Has Been Made]
[2024-05-01 22:48:37,783]: [Iron_Data_Processor.py]: Make_Cover_Page: 213:       INFO:    [Made Cover Pages]
[2024-05-01 22:48:37,784]: [Iron.py]: Run: 29:       INFO:    [Imagination Phase Completed]
[2024-05-01 22:48:39,208]: [Phone_Scraper.py]: Scrap: 56:       CRITICAL:    [Couldent Scrap Data]
[2024-05-01 22:48:39,208]: [Phone_Scraper.py]: Scrap: 69:       CRITICAL:    [Couldent Save Scraped Data]
[2024-05-01 22:48:39,208]: [Phone.py]: Run: 26:       INFO:    [Scraping Phase Complete]
[2024-05-01 22:48:39,208]: [Phone_Data_Processor.py]: data_reader: 37:       INFO:    [Scraped Data Loaded]
[2024-05-01 22:48:39,208]: [Phone_Data_Processor.py]: filter_list: 64:       INFO:    [Persian Phrases Are deleted]
[2024-05-01 22:48:39,209]: [Phone_Data_Processor.py]: reshape_list: 84:       ERROR:    [Failed To Reshape Data]
[2024-05-01 22:48:39,209]: [Phone_Data_Processor.py]: separate_brands: 121:       CRITICAL:    [Couldnt Separate Brands From Each Other]
[2024-05-01 22:48:39,209]: [Phone_Data_Processor.py]: delete_extra_spaces: 140:       INFO:    [Extra Spaces Are Deleted]
[2024-05-01 22:48:39,209]: [Phone.py]: Run: 29:       INFO:    [Imagination Phase Complete]
[2024-05-01 22:48:39,209]: [selector_events.py]: __init__: 64:       DEBUG:    [Using selector: EpollSelector]
[2024-05-01 22:48:39,209]: [_bot.py]: _do_post: 643:       DEBUG:    [Calling Bot API endpoint `getMe` with parameters `{}`]
[2024-05-01 22:48:39,213]: [_trace.py]: atrace: 85:       DEBUG:    [connect_tcp.started host='api.telegram.org' port=443 local_address=None timeout=5.0 socket_options=None]
[2024-05-01 22:48:39,424]: [_trace.py]: atrace: 85:       DEBUG:    [connect_tcp.complete return_value=<httpcore._backends.anyio.AnyIOStream object at 0x7f901b0a8aa0>]
[2024-05-01 22:48:39,424]: [_trace.py]: atrace: 85:       DEBUG:    [start_tls.started ssl_context=<ssl.SSLContext object at 0x7f901b53dd50> server_hostname='api.telegram.org' timeout=5.0]
[2024-05-01 22:48:39,574]: [_trace.py]: atrace: 85:       DEBUG:    [start_tls.complete return_value=<httpcore._backends.anyio.AnyIOStream object at 0x7f901b089c10>]
[2024-05-01 22:48:39,574]: [_trace.py]: atrace: 85:       DEBUG:    [send_request_headers.started request=<Request [b'POST']>]
[2024-05-01 22:48:39,574]: [_trace.py]: atrace: 85:       DEBUG:    [send_request_headers.complete]
[2024-05-01 22:48:39,574]: [_trace.py]: atrace: 85:       DEBUG:    [send_request_body.started request=<Request [b'POST']>]
[2024-05-01 22:48:39,574]: [_trace.py]: atrace: 85:       DEBUG:    [send_request_body.complete]
[2024-05-01 22:48:39,574]: [_trace.py]: atrace: 85:       DEBUG:    [receive_response_headers.started request=<Request [b'POST']>]
[2024-05-01 22:48:39,722]: [_trace.py]: atrace: 85:       DEBUG:    [receive_response_headers.complete return_value=(b'HTTP/1.1', 200, b'OK', [(b'Server', b'nginx/1.18.0'), (b'Date', b'Wed, 01 May 2024 22:48:39 GMT'), (b'Content-Type', b'application/json'), (b'Content-Length', b'233'), (b'Connection', b'keep-alive'), (b'Strict-Transport-Security', b'max-age=31536000; includeSubDomains; preload'), (b'Access-Control-Allow-Origin', b'*'), (b'Access-Control-Allow-Methods', b'GET, POST, OPTIONS'), (b'Access-Control-Expose-Headers', b'Content-Length,Content-Type,Date,Server,Connection')])]
[2024-05-01 22:48:39,722]: [_client.py]: _send_single_request: 1773:       INFO:    [HTTP Request: POST https://api.telegram.org/bot6030805959:AAGUHAMxLYc-PrevgKouJ3ZyM7ktu56ftjo/getMe "HTTP/1.1 200 OK"]
[2024-05-01 22:48:39,722]: [_trace.py]: atrace: 85:       DEBUG:    [receive_response_body.started request=<Request [b'POST']>]
[2024-05-01 22:48:39,722]: [_trace.py]: atrace: 85:       DEBUG:    [receive_response_body.complete]
[2024-05-01 22:48:39,723]: [_trace.py]: atrace: 85:       DEBUG:    [response_closed.started]
[2024-05-01 22:48:39,723]: [_trace.py]: atrace: 85:       DEBUG:    [response_closed.complete]
[2024-05-01 22:48:39,723]: [_bot.py]: _do_post: 652:       DEBUG:    [Call to Bot API endpoint `getMe` finished with return value `{'id': 6030805959, 'is_bot': True, 'first_name': 'TyPHoone', 'username': 'TyPHoone_Project_bot', 'can_join_groups': True, 'can_read_all_group_messages': False, 'supports_inline_queries': False, 'can_connect_to_business': False}`]
[2024-05-01 22:48:39,726]: [_bot.py]: _do_post: 643:       DEBUG:    [Calling Bot API endpoint `sendDocument` with parameters `{'chat_id': '-4119703192', 'document': <telegram._files.inputfile.InputFile object at 0x7f901b059180>}`]
[2024-05-01 22:48:39,727]: [_trace.py]: atrace: 85:       DEBUG:    [send_request_headers.started request=<Request [b'POST']>]
[2024-05-01 22:48:39,727]: [_trace.py]: atrace: 85:       DEBUG:    [send_request_headers.complete]
[2024-05-01 22:48:39,727]: [_trace.py]: atrace: 85:       DEBUG:    [send_request_body.started request=<Request [b'POST']>]
[2024-05-01 22:48:40,168]: [_trace.py]: atrace: 85:       DEBUG:    [send_request_body.complete]
[2024-05-01 22:48:40,168]: [_trace.py]: atrace: 85:       DEBUG:    [receive_response_headers.started request=<Request [b'POST']>]
[2024-05-01 22:48:40,736]: [_trace.py]: atrace: 85:       DEBUG:    [receive_response_headers.complete return_value=(b'HTTP/1.1', 200, b'OK', [(b'Server', b'nginx/1.18.0'), (b'Date', b'Wed, 01 May 2024 22:48:40 GMT'), (b'Content-Type', b'application/json'), (b'Content-Length', b'819'), (b'Connection', b'keep-alive'), (b'Strict-Transport-Security', b'max-age=31536000; includeSubDomains; preload'), (b'Access-Control-Allow-Origin', b'*'), (b'Access-Control-Allow-Methods', b'GET, POST, OPTIONS'), (b'Access-Control-Expose-Headers', b'Content-Length,Content-Type,Date,Server,Connection')])]
[2024-05-01 22:48:40,736]: [_client.py]: _send_single_request: 1773:       INFO:    [HTTP Request: POST https://api.telegram.org/bot6030805959:AAGUHAMxLYc-PrevgKouJ3ZyM7ktu56ftjo/sendDocument "HTTP/1.1 200 OK"]
[2024-05-01 22:48:40,736]: [_trace.py]: atrace: 85:       DEBUG:    [receive_response_body.started request=<Request [b'POST']>]
[2024-05-01 22:48:40,736]: [_trace.py]: atrace: 85:       DEBUG:    [receive_response_body.complete]
[2024-05-01 22:48:40,736]: [_trace.py]: atrace: 85:       DEBUG:    [response_closed.started]
[2024-05-01 22:48:40,736]: [_trace.py]: atrace: 85:       DEBUG:    [response_closed.complete]
[2024-05-01 22:48:40,737]: [_bot.py]: _do_post: 652:       DEBUG:    [Call to Bot API endpoint `sendDocument` finished with return value `{'message_id': 485, 'from': {'id': 6030805959, 'is_bot': True, 'first_name': 'TyPHoone', 'username': 'TyPHoone_Project_bot'}, 'chat': {'id': -4119703192, 'title': 'Robocop', 'type': 'group', 'all_members_are_administrators': True}, 'date': 1714603720, 'document': {'file_name': '1-Tir_Ahan.png', 'mime_type': 'image/png', 'thumbnail': {'file_id': 'AAMCBAADGQMAAgHlZjLGyL0JhFFbWNDnSGH0xP9TDcYAAgYWAAKOWZhRV_eukoBnpjsBAAdtAAM0BA', 'file_unique_id': 'AQADBhYAAo5ZmFFy', 'file_size': 38506, 'width': 320, 'height': 320}, 'thumb': {'file_id': 'AAMCBAADGQMAAgHlZjLGyL0JhFFbWNDnSGH0xP9TDcYAAgYWAAKOWZhRV_eukoBnpjsBAAdtAAM0BA', 'file_unique_id': 'AQADBhYAAo5ZmFFy', 'file_size': 38506, 'width': 320, 'height': 320}, 'file_id': 'BQACAgQAAxkDAAIB5WYyxsi9CYRRW1jQ50hh9MT_Uw3GAAIGFgACjlmYUVf3rpKAZ6Y7NAQ', 'file_unique_id': 'AgADBhYAAo5ZmFE', 'file_size': 459629}}`]
[2024-05-01 22:48:40,737]: [_bot.py]: _do_post: 643:       DEBUG:    [Calling Bot API endpoint `sendDocument` with parameters `{'chat_id': '-4119703192', 'document': <telegram._files.inputfile.InputFile object at 0x7f901b058dc0>}`]
[2024-05-01 22:48:40,738]: [_trace.py]: atrace: 85:       DEBUG:    [send_request_headers.started request=<Request [b'POST']>]
[2024-05-01 22:48:40,738]: [_trace.py]: atrace: 85:       DEBUG:    [send_request_headers.complete]
[2024-05-01 22:48:40,738]: [_trace.py]: atrace: 85:       DEBUG:    [send_request_body.started request=<Request [b'POST']>]
[2024-05-01 22:48:40,739]: [_trace.py]: atrace: 85:       DEBUG:    [send_request_body.complete]
[2024-05-01 22:48:40,739]: [_trace.py]: atrace: 85:       DEBUG:    [receive_response_headers.started request=<Request [b'POST']>]
[2024-05-01 22:48:40,987]: [_trace.py]: atrace: 85:       DEBUG:    [receive_response_headers.complete return_value=(b'HTTP/1.1', 200, b'OK', [(b'Server', b'nginx/1.18.0'), (b'Date', b'Wed, 01 May 2024 22:48:40 GMT'), (b'Content-Type', b'application/json'), (b'Content-Length', b'826'), (b'Connection', b'keep-alive'), (b'Strict-Transport-Security', b'max-age=31536000; includeSubDomains; preload'), (b'Access-Control-Allow-Origin', b'*'), (b'Access-Control-Allow-Methods', b'GET, POST, OPTIONS'), (b'Access-Control-Expose-Headers', b'Content-Length,Content-Type,Date,Server,Connection')])]
[2024-05-01 22:48:40,988]: [_client.py]: _send_single_request: 1773:       INFO:    [HTTP Request: POST https://api.telegram.org/bot6030805959:AAGUHAMxLYc-PrevgKouJ3ZyM7ktu56ftjo/sendDocument "HTTP/1.1 200 OK"]
[2024-05-01 22:48:40,988]: [_trace.py]: atrace: 85:       DEBUG:    [receive_response_body.started request=<Request [b'POST']>]
[2024-05-01 22:48:40,988]: [_trace.py]: atrace: 85:       DEBUG:    [receive_response_body.complete]
[2024-05-01 22:48:40,988]: [_trace.py]: atrace: 85:       DEBUG:    [response_closed.started]
[2024-05-01 22:48:40,988]: [_trace.py]: atrace: 85:       DEBUG:    [response_closed.complete]
[2024-05-01 22:48:40,988]: [_bot.py]: _do_post: 652:       DEBUG:    [Call to Bot API endpoint `sendDocument` finished with return value `{'message_id': 486, 'from': {'id': 6030805959, 'is_bot': True, 'first_name': 'TyPHoone', 'username': 'TyPHoone_Project_bot'}, 'chat': {'id': -4119703192, 'title': 'Robocop', 'type': 'group', 'all_members_are_administrators': True}, 'date': 1714603720, 'document': {'file_name': '9-Waraq_Galwanize.png', 'mime_type': 'image/png', 'thumbnail': {'file_id': 'AAMCBAADGQMAAgHmZjLGyGTju4RyBfuGuhVFcPxcHmIAAgcWAAKOWZhRCptxY-8cI24BAAdtAAM0BA', 'file_unique_id': 'AQADBxYAAo5ZmFFy', 'file_size': 38440, 'width': 320, 'height': 320}, 'thumb': {'file_id': 'AAMCBAADGQMAAgHmZjLGyGTju4RyBfuGuhVFcPxcHmIAAgcWAAKOWZhRCptxY-8cI24BAAdtAAM0BA', 'file_unique_id': 'AQADBxYAAo5ZmFFy', 'file_size': 38440, 'width': 320, 'height': 320}, 'file_id': 'BQACAgQAAxkDAAIB5mYyxshk47uEcgX7hroVRXD8XB5iAAIHFgACjlmYUQqbcWPvHCNuNAQ', 'file_unique_id': 'AgADBxYAAo5ZmFE', 'file_size': 428872}}`]
[2024-05-01 22:48:40,988]: [_bot.py]: _do_post: 643:       DEBUG:    [Calling Bot API endpoint `sendDocument` with parameters `{'chat_id': '-4119703192', 'document': <telegram._files.inputfile.InputFile object at 0x7f901b059180>}`]
[2024-05-01 22:48:40,989]: [_trace.py]: atrace: 85:       DEBUG:    [send_request_headers.started request=<Request [b'POST']>]
[2024-05-01 22:48:40,989]: [_trace.py]: atrace: 85:       DEBUG:    [send_request_headers.complete]
[2024-05-01 22:48:40,989]: [_trace.py]: atrace: 85:       DEBUG:    [send_request_body.started request=<Request [b'POST']>]
[2024-05-01 22:48:40,990]: [_trace.py]: atrace: 85:       DEBUG:    [send_request_body.complete]
[2024-05-01 22:48:40,990]: [_trace.py]: atrace: 85:       DEBUG:    [receive_response_headers.started request=<Request [b'POST']>]
[2024-05-01 22:48:41,267]: [_trace.py]: atrace: 85:       DEBUG:    [receive_response_headers.complete return_value=(b'HTTP/1.1', 200, b'OK', [(b'Server', b'nginx/1.18.0'), (b'Date', b'Wed, 01 May 2024 22:48:41 GMT'), (b'Content-Type', b'application/json'), (b'Content-Length', b'818'), (b'Connection', b'keep-alive'), (b'Strict-Transport-Security', b'max-age=31536000; includeSubDomains; preload'), (b'Access-Control-Allow-Origin', b'*'), (b'Access-Control-Allow-Methods', b'GET, POST, OPTIONS'), (b'Access-Control-Expose-Headers', b'Content-Length,Content-Type,Date,Server,Connection')])]
[2024-05-01 22:48:41,267]: [_client.py]: _send_single_request: 1773:       INFO:    [HTTP Request: POST https://api.telegram.org/bot6030805959:AAGUHAMxLYc-PrevgKouJ3ZyM7ktu56ftjo/sendDocument "HTTP/1.1 200 OK"]
[2024-05-01 22:48:41,267]: [_trace.py]: atrace: 85:       DEBUG:    [receive_response_body.started request=<Request [b'POST']>]
[2024-05-01 22:48:41,267]: [_trace.py]: atrace: 85:       DEBUG:    [receive_response_body.complete]
[2024-05-01 22:48:41,267]: [_trace.py]: atrace: 85:       DEBUG:    [response_closed.started]
[2024-05-01 22:48:41,268]: [_trace.py]: atrace: 85:       DEBUG:    [response_closed.complete]
[2024-05-01 22:48:41,268]: [_bot.py]: _do_post: 652:       DEBUG:    [Call to Bot API endpoint `sendDocument` finished with return value `{'message_id': 487, 'from': {'id': 6030805959, 'is_bot': True, 'first_name': 'TyPHoone', 'username': 'TyPHoone_Project_bot'}, 'chat': {'id': -4119703192, 'title': 'Robocop', 'type': 'group', 'all_members_are_administrators': True}, 'date': 1714603721, 'document': {'file_name': '2-Milgerd.png', 'mime_type': 'image/png', 'thumbnail': {'file_id': 'AAMCBAADGQMAAgHnZjLGyUWQwZVyYXNqS1glrp9oNnsAAggWAAKOWZhRJhh4zZefyXgBAAdtAAM0BA', 'file_unique_id': 'AQADCBYAAo5ZmFFy', 'file_size': 42486, 'width': 320, 'height': 320}, 'thumb': {'file_id': 'AAMCBAADGQMAAgHnZjLGyUWQwZVyYXNqS1glrp9oNnsAAggWAAKOWZhRJhh4zZefyXgBAAdtAAM0BA', 'file_unique_id': 'AQADCBYAAo5ZmFFy', 'file_size': 42486, 'width': 320, 'height': 320}, 'file_id': 'BQACAgQAAxkDAAIB52YyxslFkMGVcmFzaktYJa6faDZ7AAIIFgACjlmYUSYYeM2Xn8l4NAQ', 'file_unique_id': 'AgADCBYAAo5ZmFE', 'file_size': 418074}}`]
[2024-05-01 22:48:41,268]: [_bot.py]: _do_post: 643:       DEBUG:    [Calling Bot API endpoint `sendDocument` with parameters `{'chat_id': '-4119703192', 'document': <telegram._files.inputfile.InputFile object at 0x7f901b3332c0>}`]
[2024-05-01 22:48:41,268]: [_trace.py]: atrace: 85:       DEBUG:    [send_request_headers.started request=<Request [b'POST']>]
[2024-05-01 22:48:41,269]: [_trace.py]: atrace: 85:       DEBUG:    [send_request_headers.complete]
[2024-05-01 22:48:41,269]: [_trace.py]: atrace: 85:       DEBUG:    [send_request_body.started request=<Request [b'POST']>]
[2024-05-01 22:48:41,270]: [_trace.py]: atrace: 85:       DEBUG:    [send_request_body.complete]
[2024-05-01 22:48:41,270]: [_trace.py]: atrace: 85:       DEBUG:    [receive_response_headers.started request=<Request [b'POST']>]
[2024-05-01 22:48:41,533]: [_trace.py]: atrace: 85:       DEBUG:    [receive_response_headers.complete return_value=(b'HTTP/1.1', 200, b'OK', [(b'Server', b'nginx/1.18.0'), (b'Date', b'Wed, 01 May 2024 22:48:41 GMT'), (b'Content-Type', b'application/json'), (b'Content-Length', b'817'), (b'Connection', b'keep-alive'), (b'Strict-Transport-Security', b'max-age=31536000; includeSubDomains; preload'), (b'Access-Control-Allow-Origin', b'*'), (b'Access-Control-Allow-Methods', b'GET, POST, OPTIONS'), (b'Access-Control-Expose-Headers', b'Content-Length,Content-Type,Date,Server,Connection')])]
[2024-05-01 22:48:41,533]: [_client.py]: _send_single_request: 1773:       INFO:    [HTTP Request: POST https://api.telegram.org/bot6030805959:AAGUHAMxLYc-PrevgKouJ3ZyM7ktu56ftjo/sendDocument "HTTP/1.1 200 OK"]
[2024-05-01 22:48:41,533]: [_trace.py]: atrace: 85:       DEBUG:    [receive_response_body.started request=<Request [b'POST']>]
[2024-05-01 22:48:41,533]: [_trace.py]: atrace: 85:       DEBUG:    [receive_response_body.complete]
[2024-05-01 22:48:41,533]: [_trace.py]: atrace: 85:       DEBUG:    [response_closed.started]
[2024-05-01 22:48:41,533]: [_trace.py]: atrace: 85:       DEBUG:    [response_closed.complete]
[2024-05-01 22:48:41,534]: [_bot.py]: _do_post: 652:       DEBUG:    [Call to Bot API endpoint `sendDocument` finished with return value `{'message_id': 488, 'from': {'id': 6030805959, 'is_bot': True, 'first_name': 'TyPHoone', 'username': 'TyPHoone_Project_bot'}, 'chat': {'id': -4119703192, 'title': 'Robocop', 'type': 'group', 'all_members_are_administrators': True}, 'date': 1714603721, 'document': {'file_name': '5-Nabshi.png', 'mime_type': 'image/png', 'thumbnail': {'file_id': 'AAMCBAADGQMAAgHoZjLGyVzn0rlQTL3Mis65L0f5XzYAAgkWAAKOWZhRroXzLHA5cu8BAAdtAAM0BA', 'file_unique_id': 'AQADCRYAAo5ZmFFy', 'file_size': 32054, 'width': 320, 'height': 320}, 'thumb': {'file_id': 'AAMCBAADGQMAAgHoZjLGyVzn0rlQTL3Mis65L0f5XzYAAgkWAAKOWZhRroXzLHA5cu8BAAdtAAM0BA', 'file_unique_id': 'AQADCRYAAo5ZmFFy', 'file_size': 32054, 'width': 320, 'height': 320}, 'file_id': 'BQACAgQAAxkDAAIB6GYyxslc59K5UEy9zIrOuS9H-V82AAIJFgACjlmYUa6F8yxwOXLvNAQ', 'file_unique_id': 'AgADCRYAAo5ZmFE', 'file_size': 449777}}`]
[2024-05-01 22:48:41,534]: [_bot.py]: _do_post: 643:       DEBUG:    [Calling Bot API endpoint `sendDocument` with parameters `{'chat_id': '-4119703192', 'document': <telegram._files.inputfile.InputFile object at 0x7f901b361240>}`]
[2024-05-01 22:48:41,534]: [_trace.py]: atrace: 85:       DEBUG:    [send_request_headers.started request=<Request [b'POST']>]
[2024-05-01 22:48:41,535]: [_trace.py]: atrace: 85:       DEBUG:    [send_request_headers.complete]
[2024-05-01 22:48:41,535]: [_trace.py]: atrace: 85:       DEBUG:    [send_request_body.started request=<Request [b'POST']>]
[2024-05-01 22:48:41,535]: [_trace.py]: atrace: 85:       DEBUG:    [send_request_body.complete]
[2024-05-01 22:48:41,536]: [_trace.py]: atrace: 85:       DEBUG:    [receive_response_headers.started request=<Request [b'POST']>]
[2024-05-01 22:48:41,812]: [_trace.py]: atrace: 85:       DEBUG:    [receive_response_headers.complete return_value=(b'HTTP/1.1', 200, b'OK', [(b'Server', b'nginx/1.18.0'), (b'Date', b'Wed, 01 May 2024 22:48:41 GMT'), (b'Content-Type', b'application/json'), (b'Content-Length', b'821'), (b'Connection', b'keep-alive'), (b'Strict-Transport-Security', b'max-age=31536000; includeSubDomains; preload'), (b'Access-Control-Allow-Origin', b'*'), (b'Access-Control-Allow-Methods', b'GET, POST, OPTIONS'), (b'Access-Control-Expose-Headers', b'Content-Length,Content-Type,Date,Server,Connection')])]
[2024-05-01 22:48:41,812]: [_client.py]: _send_single_request: 1773:       INFO:    [HTTP Request: POST https://api.telegram.org/bot6030805959:AAGUHAMxLYc-PrevgKouJ3ZyM7ktu56ftjo/sendDocument "HTTP/1.1 200 OK"]
[2024-05-01 22:48:41,812]: [_trace.py]: atrace: 85:       DEBUG:    [receive_response_body.started request=<Request [b'POST']>]
[2024-05-01 22:48:41,812]: [_trace.py]: atrace: 85:       DEBUG:    [receive_response_body.complete]
[2024-05-01 22:48:41,813]: [_trace.py]: atrace: 85:       DEBUG:    [response_closed.started]
[2024-05-01 22:48:41,813]: [_trace.py]: atrace: 85:       DEBUG:    [response_closed.complete]
[2024-05-01 22:48:41,813]: [_bot.py]: _do_post: 652:       DEBUG:    [Call to Bot API endpoint `sendDocument` finished with return value `{'message_id': 489, 'from': {'id': 6030805959, 'is_bot': True, 'first_name': 'TyPHoone', 'username': 'TyPHoone_Project_bot'}, 'chat': {'id': -4119703192, 'title': 'Robocop', 'type': 'group', 'all_members_are_administrators': True}, 'date': 1714603721, 'document': {'file_name': '6-Waraq_Siah.png', 'mime_type': 'image/png', 'thumbnail': {'file_id': 'AAMCBAADGQMAAgHpZjLGyUqTGx8MG73CRndrN-c8NYsAAgoWAAKOWZhRJWfMj4ZwBeQBAAdtAAM0BA', 'file_unique_id': 'AQADChYAAo5ZmFFy', 'file_size': 43089, 'width': 320, 'height': 320}, 'thumb': {'file_id': 'AAMCBAADGQMAAgHpZjLGyUqTGx8MG73CRndrN-c8NYsAAgoWAAKOWZhRJWfMj4ZwBeQBAAdtAAM0BA', 'file_unique_id': 'AQADChYAAo5ZmFFy', 'file_size': 43089, 'width': 320, 'height': 320}, 'file_id': 'BQACAgQAAxkDAAIB6WYyxslKkxsfDBu9wkZ3azfnPDWLAAIKFgACjlmYUSVnzI-GcAXkNAQ', 'file_unique_id': 'AgADChYAAo5ZmFE', 'file_size': 424026}}`]
[2024-05-01 22:48:41,813]: [_bot.py]: _do_post: 643:       DEBUG:    [Calling Bot API endpoint `sendDocument` with parameters `{'chat_id': '-4119703192', 'document': <telegram._files.inputfile.InputFile object at 0x7f901b3332c0>}`]
[2024-05-01 22:48:41,814]: [_trace.py]: atrace: 85:       DEBUG:    [send_request_headers.started request=<Request [b'POST']>]
[2024-05-01 22:48:41,814]: [_trace.py]: atrace: 85:       DEBUG:    [send_request_headers.complete]
[2024-05-01 22:48:41,814]: [_trace.py]: atrace: 85:       DEBUG:    [send_request_body.started request=<Request [b'POST']>]
[2024-05-01 22:48:41,815]: [_trace.py]: atrace: 85:       DEBUG:    [send_request_body.complete]
[2024-05-01 22:48:41,815]: [_trace.py]: atrace: 85:       DEBUG:    [receive_response_headers.started request=<Request [b'POST']>]
[2024-05-01 22:48:46,118]: [_trace.py]: atrace: 85:       DEBUG:    [receive_response_headers.complete return_value=(b'HTTP/1.1', 200, b'OK', [(b'Server', b'nginx/1.18.0'), (b'Date', b'Wed, 01 May 2024 22:48:46 GMT'), (b'Content-Type', b'application/json'), (b'Content-Length', b'818'), (b'Connection', b'keep-alive'), (b'Strict-Transport-Security', b'max-age=31536000; includeSubDomains; preload'), (b'Access-Control-Allow-Origin', b'*'), (b'Access-Control-Allow-Methods', b'GET, POST, OPTIONS'), (b'Access-Control-Expose-Headers', b'Content-Length,Content-Type,Date,Server,Connection')])]
[2024-05-01 22:48:46,118]: [_client.py]: _send_single_request: 1773:       INFO:    [HTTP Request: POST https://api.telegram.org/bot6030805959:AAGUHAMxLYc-PrevgKouJ3ZyM7ktu56ftjo/sendDocument "HTTP/1.1 200 OK"]
[2024-05-01 22:48:46,119]: [_trace.py]: atrace: 85:       DEBUG:    [receive_response_body.started request=<Request [b'POST']>]
[2024-05-01 22:48:46,119]: [_trace.py]: atrace: 85:       DEBUG:    [receive_response_body.complete]
[2024-05-01 22:48:46,119]: [_trace.py]: atrace: 85:       DEBUG:    [response_closed.started]
[2024-05-01 22:48:46,119]: [_trace.py]: atrace: 85:       DEBUG:    [response_closed.complete]
[2024-05-01 22:48:46,119]: [_bot.py]: _do_post: 652:       DEBUG:    [Call to Bot API endpoint `sendDocument` finished with return value `{'message_id': 490, 'from': {'id': 6030805959, 'is_bot': True, 'first_name': 'TyPHoone', 'username': 'TyPHoone_Project_bot'}, 'chat': {'id': -4119703192, 'title': 'Robocop', 'type': 'group', 'all_members_are_administrators': True}, 'date': 1714603726, 'document': {'file_name': '4-Nawdani.png', 'mime_type': 'image/png', 'thumbnail': {'file_id': 'AAMCBAADGQMAAgHqZjLGzdK279rsWBc8EaAvC6PGUvwAAgsWAAKOWZhRsWfvk9UDQxgBAAdtAAM0BA', 'file_unique_id': 'AQADCxYAAo5ZmFFy', 'file_size': 32927, 'width': 320, 'height': 320}, 'thumb': {'file_id': 'AAMCBAADGQMAAgHqZjLGzdK279rsWBc8EaAvC6PGUvwAAgsWAAKOWZhRsWfvk9UDQxgBAAdtAAM0BA', 'file_unique_id': 'AQADCxYAAo5ZmFFy', 'file_size': 32927, 'width': 320, 'height': 320}, 'file_id': 'BQACAgQAAxkDAAIB6mYyxs3Stu_a7FgXPBGgLwujxlL8AAILFgACjlmYUbFn75PVA0MYNAQ', 'file_unique_id': 'AgADCxYAAo5ZmFE', 'file_size': 430873}}`]
[2024-05-01 22:48:46,120]: [_bot.py]: _do_post: 643:       DEBUG:    [Calling Bot API endpoint `sendDocument` with parameters `{'chat_id': '-4119703192', 'document': <telegram._files.inputfile.InputFile object at 0x7f901b361240>}`]
[2024-05-01 22:48:46,120]: [_trace.py]: atrace: 85:       DEBUG:    [send_request_headers.started request=<Request [b'POST']>]
[2024-05-01 22:48:46,120]: [_trace.py]: atrace: 85:       DEBUG:    [send_request_headers.complete]
[2024-05-01 22:48:46,120]: [_trace.py]: atrace: 85:       DEBUG:    [send_request_body.started request=<Request [b'POST']>]
[2024-05-01 22:48:46,121]: [_trace.py]: atrace: 85:       DEBUG:    [send_request_body.complete]
[2024-05-01 22:48:46,121]: [_trace.py]: atrace: 85:       DEBUG:    [receive_response_headers.started request=<Request [b'POST']>]
[2024-05-01 22:48:46,975]: [_trace.py]: atrace: 85:       DEBUG:    [receive_response_headers.complete return_value=(b'HTTP/1.1', 200, b'OK', [(b'Server', b'nginx/1.18.0'), (b'Date', b'Wed, 01 May 2024 22:48:46 GMT'), (b'Content-Type', b'application/json'), (b'Content-Length', b'818'), (b'Connection', b'keep-alive'), (b'Strict-Transport-Security', b'max-age=31536000; includeSubDomains; preload'), (b'Access-Control-Allow-Origin', b'*'), (b'Access-Control-Allow-Methods', b'GET, POST, OPTIONS'), (b'Access-Control-Expose-Headers', b'Content-Length,Content-Type,Date,Server,Connection')])]
[2024-05-01 22:48:46,975]: [_client.py]: _send_single_request: 1773:       INFO:    [HTTP Request: POST https://api.telegram.org/bot6030805959:AAGUHAMxLYc-PrevgKouJ3ZyM7ktu56ftjo/sendDocument "HTTP/1.1 200 OK"]
[2024-05-01 22:48:46,975]: [_trace.py]: atrace: 85:       DEBUG:    [receive_response_body.started request=<Request [b'POST']>]
[2024-05-01 22:48:46,976]: [_trace.py]: atrace: 85:       DEBUG:    [receive_response_body.complete]
[2024-05-01 22:48:46,976]: [_trace.py]: atrace: 85:       DEBUG:    [response_closed.started]
[2024-05-01 22:48:46,976]: [_trace.py]: atrace: 85:       DEBUG:    [response_closed.complete]
[2024-05-01 22:48:46,976]: [_bot.py]: _do_post: 652:       DEBUG:    [Call to Bot API endpoint `sendDocument` finished with return value `{'message_id': 491, 'from': {'id': 6030805959, 'is_bot': True, 'first_name': 'TyPHoone', 'username': 'TyPHoone_Project_bot'}, 'chat': {'id': -4119703192, 'title': 'Robocop', 'type': 'group', 'all_members_are_administrators': True}, 'date': 1714603726, 'document': {'file_name': '3-Profill.png', 'mime_type': 'image/png', 'thumbnail': {'file_id': 'AAMCBAADGQMAAgHrZjLGzn3tIPGv-0lT9Uh-zTboyXQAAgwWAAKOWZhRxsddJVVGhcwBAAdtAAM0BA', 'file_unique_id': 'AQADDBYAAo5ZmFFy', 'file_size': 32350, 'width': 320, 'height': 320}, 'thumb': {'file_id': 'AAMCBAADGQMAAgHrZjLGzn3tIPGv-0lT9Uh-zTboyXQAAgwWAAKOWZhRxsddJVVGhcwBAAdtAAM0BA', 'file_unique_id': 'AQADDBYAAo5ZmFFy', 'file_size': 32350, 'width': 320, 'height': 320}, 'file_id': 'BQACAgQAAxkDAAIB62Yyxs597SDxr_tJU_VIfs026Ml0AAIMFgACjlmYUcbHXSVVRoXMNAQ', 'file_unique_id': 'AgADDBYAAo5ZmFE', 'file_size': 391313}}`]
[2024-05-01 22:48:46,976]: [_bot.py]: _do_post: 643:       DEBUG:    [Calling Bot API endpoint `sendDocument` with parameters `{'chat_id': '-4119703192', 'document': <telegram._files.inputfile.InputFile object at 0x7f901b3332c0>}`]
[2024-05-01 22:48:46,977]: [_trace.py]: atrace: 85:       DEBUG:    [send_request_headers.started request=<Request [b'POST']>]
[2024-05-01 22:48:46,977]: [_trace.py]: atrace: 85:       DEBUG:    [send_request_headers.complete]
[2024-05-01 22:48:46,977]: [_trace.py]: atrace: 85:       DEBUG:    [send_request_body.started request=<Request [b'POST']>]
[2024-05-01 22:48:46,978]: [_trace.py]: atrace: 85:       DEBUG:    [send_request_body.complete]
[2024-05-01 22:48:46,978]: [_trace.py]: atrace: 85:       DEBUG:    [receive_response_headers.started request=<Request [b'POST']>]
[2024-05-01 22:48:47,228]: [_trace.py]: atrace: 85:       DEBUG:    [receive_response_headers.complete return_value=(b'HTTP/1.1', 200, b'OK', [(b'Server', b'nginx/1.18.0'), (b'Date', b'Wed, 01 May 2024 22:48:47 GMT'), (b'Content-Type', b'application/json'), (b'Content-Length', b'824'), (b'Connection', b'keep-alive'), (b'Strict-Transport-Security', b'max-age=31536000; includeSubDomains; preload'), (b'Access-Control-Allow-Origin', b'*'), (b'Access-Control-Allow-Methods', b'GET, POST, OPTIONS'), (b'Access-Control-Expose-Headers', b'Content-Length,Content-Type,Date,Server,Connection')])]
[2024-05-01 22:48:47,229]: [_client.py]: _send_single_request: 1773:       INFO:    [HTTP Request: POST https://api.telegram.org/bot6030805959:AAGUHAMxLYc-PrevgKouJ3ZyM7ktu56ftjo/sendDocument "HTTP/1.1 200 OK"]
[2024-05-01 22:48:47,229]: [_trace.py]: atrace: 85:       DEBUG:    [receive_response_body.started request=<Request [b'POST']>]
[2024-05-01 22:48:47,229]: [_trace.py]: atrace: 85:       DEBUG:    [receive_response_body.complete]
[2024-05-01 22:48:47,229]: [_trace.py]: atrace: 85:       DEBUG:    [response_closed.started]
[2024-05-01 22:48:47,229]: [_trace.py]: atrace: 85:       DEBUG:    [response_closed.complete]
[2024-05-01 22:48:47,229]: [_bot.py]: _do_post: 652:       DEBUG:    [Call to Bot API endpoint `sendDocument` finished with return value `{'message_id': 492, 'from': {'id': 6030805959, 'is_bot': True, 'first_name': 'TyPHoone', 'username': 'TyPHoone_Project_bot'}, 'chat': {'id': -4119703192, 'title': 'Robocop', 'type': 'group', 'all_members_are_administrators': True}, 'date': 1714603727, 'document': {'file_name': '7-Tasme_Maftoul.png', 'mime_type': 'image/png', 'thumbnail': {'file_id': 'AAMCBAADGQMAAgHsZjLGz8yKyBzbv1Ns5YHWxy9aL7gAAg0WAAKOWZhRqNzKqCNyCH4BAAdtAAM0BA', 'file_unique_id': 'AQADDRYAAo5ZmFFy', 'file_size': 35662, 'width': 320, 'height': 320}, 'thumb': {'file_id': 'AAMCBAADGQMAAgHsZjLGz8yKyBzbv1Ns5YHWxy9aL7gAAg0WAAKOWZhRqNzKqCNyCH4BAAdtAAM0BA', 'file_unique_id': 'AQADDRYAAo5ZmFFy', 'file_size': 35662, 'width': 320, 'height': 320}, 'file_id': 'BQACAgQAAxkDAAIB7GYyxs_Misgc279TbOWB1scvWi-4AAINFgACjlmYUajcyqgjcgh-NAQ', 'file_unique_id': 'AgADDRYAAo5ZmFE', 'file_size': 385511}}`]
[2024-05-01 22:48:47,230]: [_bot.py]: _do_post: 643:       DEBUG:    [Calling Bot API endpoint `sendDocument` with parameters `{'chat_id': '-4119703192', 'document': <telegram._files.inputfile.InputFile object at 0x7f901b361240>}`]
[2024-05-01 22:48:47,230]: [_trace.py]: atrace: 85:       DEBUG:    [send_request_headers.started request=<Request [b'POST']>]
[2024-05-01 22:48:47,231]: [_trace.py]: atrace: 85:       DEBUG:    [send_request_headers.complete]
[2024-05-01 22:48:47,231]: [_trace.py]: atrace: 85:       DEBUG:    [send_request_body.started request=<Request [b'POST']>]
[2024-05-01 22:48:47,232]: [_trace.py]: atrace: 85:       DEBUG:    [send_request_body.complete]
[2024-05-01 22:48:47,232]: [_trace.py]: atrace: 85:       DEBUG:    [receive_response_headers.started request=<Request [b'POST']>]
[2024-05-01 22:48:47,466]: [_trace.py]: atrace: 85:       DEBUG:    [receive_response_headers.complete return_value=(b'HTTP/1.1', 200, b'OK', [(b'Server', b'nginx/1.18.0'), (b'Date', b'Wed, 01 May 2024 22:48:47 GMT'), (b'Content-Type', b'application/json'), (b'Content-Length', b'818'), (b'Connection', b'keep-alive'), (b'Strict-Transport-Security', b'max-age=31536000; includeSubDomains; preload'), (b'Access-Control-Allow-Origin', b'*'), (b'Access-Control-Allow-Methods', b'GET, POST, OPTIONS'), (b'Access-Control-Expose-Headers', b'Content-Length,Content-Type,Date,Server,Connection')])]
[2024-05-01 22:48:47,466]: [_client.py]: _send_single_request: 1773:       INFO:    [HTTP Request: POST https://api.telegram.org/bot6030805959:AAGUHAMxLYc-PrevgKouJ3ZyM7ktu56ftjo/sendDocument "HTTP/1.1 200 OK"]
[2024-05-01 22:48:47,466]: [_trace.py]: atrace: 85:       DEBUG:    [receive_response_body.started request=<Request [b'POST']>]
[2024-05-01 22:48:47,466]: [_trace.py]: atrace: 85:       DEBUG:    [receive_response_body.complete]
[2024-05-01 22:48:47,466]: [_trace.py]: atrace: 85:       DEBUG:    [response_closed.started]
[2024-05-01 22:48:47,466]: [_trace.py]: atrace: 85:       DEBUG:    [response_closed.complete]
[2024-05-01 22:48:47,466]: [_bot.py]: _do_post: 652:       DEBUG:    [Call to Bot API endpoint `sendDocument` finished with return value `{'message_id': 493, 'from': {'id': 6030805959, 'is_bot': True, 'first_name': 'TyPHoone', 'username': 'TyPHoone_Project_bot'}, 'chat': {'id': -4119703192, 'title': 'Robocop', 'type': 'group', 'all_members_are_administrators': True}, 'date': 1714603727, 'document': {'file_name': '8-Khamoot.png', 'mime_type': 'image/png', 'thumbnail': {'file_id': 'AAMCBAADGQMAAgHtZjLGz64IM7_RCIHvSJElab5iRHUAAg4WAAKOWZhRPf1vN4mXLbsBAAdtAAM0BA', 'file_unique_id': 'AQADDhYAAo5ZmFFy', 'file_size': 27553, 'width': 320, 'height': 320}, 'thumb': {'file_id': 'AAMCBAADGQMAAgHtZjLGz64IM7_RCIHvSJElab5iRHUAAg4WAAKOWZhRPf1vN4mXLbsBAAdtAAM0BA', 'file_unique_id': 'AQADDhYAAo5ZmFFy', 'file_size': 27553, 'width': 320, 'height': 320}, 'file_id': 'BQACAgQAAxkDAAIB7WYyxs-uCDO_0QiB70iRJWm-YkR1AAIOFgACjlmYUT39bzeJly27NAQ', 'file_unique_id': 'AgADDhYAAo5ZmFE', 'file_size': 432784}}`]
[2024-05-01 22:48:47,467]: [_bot.py]: _do_post: 643:       DEBUG:    [Calling Bot API endpoint `sendDocument` with parameters `{'chat_id': '-4119703192', 'document': <telegram._files.inputfile.InputFile object at 0x7f901b3332c0>}`]
[2024-05-01 22:48:47,467]: [_trace.py]: atrace: 85:       DEBUG:    [send_request_headers.started request=<Request [b'POST']>]
[2024-05-01 22:48:47,468]: [_trace.py]: atrace: 85:       DEBUG:    [send_request_headers.complete]
[2024-05-01 22:48:47,468]: [_trace.py]: atrace: 85:       DEBUG:    [send_request_body.started request=<Request [b'POST']>]
[2024-05-01 22:48:47,471]: [_trace.py]: atrace: 85:       DEBUG:    [send_request_body.complete]
[2024-05-01 22:48:47,471]: [_trace.py]: atrace: 85:       DEBUG:    [receive_response_headers.started request=<Request [b'POST']>]
[2024-05-01 22:48:47,726]: [_trace.py]: atrace: 85:       DEBUG:    [receive_response_headers.complete return_value=(b'HTTP/1.1', 200, b'OK', [(b'Server', b'nginx/1.18.0'), (b'Date', b'Wed, 01 May 2024 22:48:47 GMT'), (b'Content-Type', b'application/json'), (b'Content-Length', b'816'), (b'Connection', b'keep-alive'), (b'Strict-Transport-Security', b'max-age=31536000; includeSubDomains; preload'), (b'Access-Control-Allow-Origin', b'*'), (b'Access-Control-Allow-Methods', b'GET, POST, OPTIONS'), (b'Access-Control-Expose-Headers', b'Content-Length,Content-Type,Date,Server,Connection')])]
[2024-05-01 22:48:47,726]: [_client.py]: _send_single_request: 1773:       INFO:    [HTTP Request: POST https://api.telegram.org/bot6030805959:AAGUHAMxLYc-PrevgKouJ3ZyM7ktu56ftjo/sendDocument "HTTP/1.1 200 OK"]
[2024-05-01 22:48:47,726]: [_trace.py]: atrace: 85:       DEBUG:    [receive_response_body.started request=<Request [b'POST']>]
[2024-05-01 22:48:47,726]: [_trace.py]: atrace: 85:       DEBUG:    [receive_response_body.complete]
[2024-05-01 22:48:47,726]: [_trace.py]: atrace: 85:       DEBUG:    [response_closed.started]
[2024-05-01 22:48:47,726]: [_trace.py]: atrace: 85:       DEBUG:    [response_closed.complete]
[2024-05-01 22:48:47,726]: [_bot.py]: _do_post: 652:       DEBUG:    [Call to Bot API endpoint `sendDocument` finished with return value `{'message_id': 494, 'from': {'id': 6030805959, 'is_bot': True, 'first_name': 'TyPHoone', 'username': 'TyPHoone_Project_bot'}, 'chat': {'id': -4119703192, 'title': 'Robocop', 'type': 'group', 'all_members_are_administrators': True}, 'date': 1714603727, 'document': {'file_name': '0-cover.png', 'mime_type': 'image/png', 'thumbnail': {'file_id': 'AAMCBAADGQMAAgHuZjLGz23JHY_3tGESTm8U2LUYeyQAAg8WAAKOWZhRJlblgZ6DNg8BAAdtAAM0BA', 'file_unique_id': 'AQADDxYAAo5ZmFFy', 'file_size': 33676, 'width': 320, 'height': 320}, 'thumb': {'file_id': 'AAMCBAADGQMAAgHuZjLGz23JHY_3tGESTm8U2LUYeyQAAg8WAAKOWZhRJlblgZ6DNg8BAAdtAAM0BA', 'file_unique_id': 'AQADDxYAAo5ZmFFy', 'file_size': 33676, 'width': 320, 'height': 320}, 'file_id': 'BQACAgQAAxkDAAIB7mYyxs9tyR2P97RhEk5vFNi1GHskAAIPFgACjlmYUSZW5YGegzYPNAQ', 'file_unique_id': 'AgADDxYAAo5ZmFE', 'file_size': 830514}}`]
[2024-05-01 22:48:47,727]: [_trace.py]: atrace: 85:       DEBUG:    [close.started]
[2024-05-01 22:48:47,727]: [_trace.py]: atrace: 85:       DEBUG:    [close.complete]
[2024-05-01 22:48:47,727]: [_config.py]: load_ssl_context: 80:       DEBUG:    [load_ssl_context verify=True cert=None trust_env=True http2=False]
[2024-05-01 22:48:47,727]: [_config.py]: load_ssl_context_verify: 146:       DEBUG:    [load_verify_locations cafile='/opt/hostedtoolcache/Python/3.12.3/x64/lib/python3.12/site-packages/certifi/cacert.pem']
[2024-05-01 22:48:47,756]: [_config.py]: load_ssl_context: 80:       DEBUG:    [load_ssl_context verify=True cert=None trust_env=True http2=False]
[2024-05-01 22:48:47,756]: [_config.py]: load_ssl_context_verify: 146:       DEBUG:    [load_verify_locations cafile='/opt/hostedtoolcache/Python/3.12.3/x64/lib/python3.12/site-packages/certifi/cacert.pem']
[2024-05-01 22:48:47,782]: [_bot.py]: _do_post: 643:       DEBUG:    [Calling Bot API endpoint `getMe` with parameters `{}`]
[2024-05-01 22:48:47,783]: [_trace.py]: atrace: 85:       DEBUG:    [connect_tcp.started host='api.telegram.org' port=443 local_address=None timeout=5.0 socket_options=None]
[2024-05-01 22:48:47,931]: [_trace.py]: atrace: 85:       DEBUG:    [connect_tcp.complete return_value=<httpcore._backends.anyio.AnyIOStream object at 0x7f9019f29700>]
[2024-05-01 22:48:47,932]: [_trace.py]: atrace: 85:       DEBUG:    [start_tls.started ssl_context=<ssl.SSLContext object at 0x7f901b53db50> server_hostname='api.telegram.org' timeout=5.0]
[2024-05-01 22:48:48,081]: [_trace.py]: atrace: 85:       DEBUG:    [start_tls.complete return_value=<httpcore._backends.anyio.AnyIOStream object at 0x7f901b1fb2f0>]
[2024-05-01 22:48:48,081]: [_trace.py]: atrace: 85:       DEBUG:    [send_request_headers.started request=<Request [b'POST']>]
[2024-05-01 22:48:48,081]: [_trace.py]: atrace: 85:       DEBUG:    [send_request_headers.complete]
[2024-05-01 22:48:48,081]: [_trace.py]: atrace: 85:       DEBUG:    [send_request_body.started request=<Request [b'POST']>]
[2024-05-01 22:48:48,081]: [_trace.py]: atrace: 85:       DEBUG:    [send_request_body.complete]
[2024-05-01 22:48:48,081]: [_trace.py]: atrace: 85:       DEBUG:    [receive_response_headers.started request=<Request [b'POST']>]
[2024-05-01 22:48:48,229]: [_trace.py]: atrace: 85:       DEBUG:    [receive_response_headers.complete return_value=(b'HTTP/1.1', 200, b'OK', [(b'Server', b'nginx/1.18.0'), (b'Date', b'Wed, 01 May 2024 22:48:48 GMT'), (b'Content-Type', b'application/json'), (b'Content-Length', b'233'), (b'Connection', b'keep-alive'), (b'Strict-Transport-Security', b'max-age=31536000; includeSubDomains; preload'), (b'Access-Control-Allow-Origin', b'*'), (b'Access-Control-Allow-Methods', b'GET, POST, OPTIONS'), (b'Access-Control-Expose-Headers', b'Content-Length,Content-Type,Date,Server,Connection')])]
[2024-05-01 22:48:48,229]: [_client.py]: _send_single_request: 1773:       INFO:    [HTTP Request: POST https://api.telegram.org/bot6030805959:AAGUHAMxLYc-PrevgKouJ3ZyM7ktu56ftjo/getMe "HTTP/1.1 200 OK"]
[2024-05-01 22:48:48,230]: [_trace.py]: atrace: 85:       DEBUG:    [receive_response_body.started request=<Request [b'POST']>]
[2024-05-01 22:48:48,230]: [_trace.py]: atrace: 85:       DEBUG:    [receive_response_body.complete]
[2024-05-01 22:48:48,230]: [_trace.py]: atrace: 85:       DEBUG:    [response_closed.started]
[2024-05-01 22:48:48,230]: [_trace.py]: atrace: 85:       DEBUG:    [response_closed.complete]
[2024-05-01 22:48:48,230]: [_bot.py]: _do_post: 652:       DEBUG:    [Call to Bot API endpoint `getMe` finished with return value `{'id': 6030805959, 'is_bot': True, 'first_name': 'TyPHoone', 'username': 'TyPHoone_Project_bot', 'can_join_groups': True, 'can_read_all_group_messages': False, 'supports_inline_queries': False, 'can_connect_to_business': False}`]
[2024-05-01 22:48:48,230]: [_bot.py]: _do_post: 643:       DEBUG:    [Calling Bot API endpoint `sendDocument` with parameters `{'chat_id': '-4119703192', 'document': <telegram._files.inputfile.InputFile object at 0x7f9019f2c280>}`]
[2024-05-01 22:48:48,231]: [_trace.py]: atrace: 85:       DEBUG:    [send_request_headers.started request=<Request [b'POST']>]
[2024-05-01 22:48:48,231]: [_trace.py]: atrace: 85:       DEBUG:    [send_request_headers.complete]
[2024-05-01 22:48:48,231]: [_trace.py]: atrace: 85:       DEBUG:    [send_request_body.started request=<Request [b'POST']>]
[2024-05-01 22:48:48,674]: [_trace.py]: atrace: 85:       DEBUG:    [send_request_body.complete]
[2024-05-01 22:48:48,674]: [_trace.py]: atrace: 85:       DEBUG:    [receive_response_headers.started request=<Request [b'POST']>]
[2024-05-01 22:48:52,264]: [_trace.py]: atrace: 85:       DEBUG:    [receive_response_headers.complete return_value=(b'HTTP/1.1', 200, b'OK', [(b'Server', b'nginx/1.18.0'), (b'Date', b'Wed, 01 May 2024 22:48:52 GMT'), (b'Content-Type', b'application/json'), (b'Content-Length', b'819'), (b'Connection', b'keep-alive'), (b'Strict-Transport-Security', b'max-age=31536000; includeSubDomains; preload'), (b'Access-Control-Allow-Origin', b'*'), (b'Access-Control-Allow-Methods', b'GET, POST, OPTIONS'), (b'Access-Control-Expose-Headers', b'Content-Length,Content-Type,Date,Server,Connection')])]
[2024-05-01 22:48:52,264]: [_client.py]: _send_single_request: 1773:       INFO:    [HTTP Request: POST https://api.telegram.org/bot6030805959:AAGUHAMxLYc-PrevgKouJ3ZyM7ktu56ftjo/sendDocument "HTTP/1.1 200 OK"]
[2024-05-01 22:48:52,264]: [_trace.py]: atrace: 85:       DEBUG:    [receive_response_body.started request=<Request [b'POST']>]
[2024-05-01 22:48:52,264]: [_trace.py]: atrace: 85:       DEBUG:    [receive_response_body.complete]
[2024-05-01 22:48:52,264]: [_trace.py]: atrace: 85:       DEBUG:    [response_closed.started]
[2024-05-01 22:48:52,264]: [_trace.py]: atrace: 85:       DEBUG:    [response_closed.complete]
[2024-05-01 22:48:52,265]: [_bot.py]: _do_post: 652:       DEBUG:    [Call to Bot API endpoint `sendDocument` finished with return value `{'message_id': 495, 'from': {'id': 6030805959, 'is_bot': True, 'first_name': 'TyPHoone', 'username': 'TyPHoone_Project_bot'}, 'chat': {'id': -4119703192, 'title': 'Robocop', 'type': 'group', 'all_members_are_administrators': True}, 'date': 1714603732, 'document': {'file_name': '1-Tir_Ahan.png', 'mime_type': 'image/png', 'thumbnail': {'file_id': 'AAMCBAADGQMAAgHvZjLG1KyxVN5hJ42K7-pck0HVP94AAhAWAAKOWZhREQ8pvMJmv2sBAAdtAAM0BA', 'file_unique_id': 'AQADEBYAAo5ZmFFy', 'file_size': 37998, 'width': 320, 'height': 320}, 'thumb': {'file_id': 'AAMCBAADGQMAAgHvZjLG1KyxVN5hJ42K7-pck0HVP94AAhAWAAKOWZhREQ8pvMJmv2sBAAdtAAM0BA', 'file_unique_id': 'AQADEBYAAo5ZmFFy', 'file_size': 37998, 'width': 320, 'height': 320}, 'file_id': 'BQACAgQAAxkDAAIB72YyxtSssVTeYSeNiu_qXJNB1T_eAAIQFgACjlmYUREPKbzCZr9rNAQ', 'file_unique_id': 'AgADEBYAAo5ZmFE', 'file_size': 425618}}`]
[2024-05-01 22:48:52,265]: [_bot.py]: _do_post: 643:       DEBUG:    [Calling Bot API endpoint `sendDocument` with parameters `{'chat_id': '-4119703192', 'document': <telegram._files.inputfile.InputFile object at 0x7f9019f2e600>}`]
[2024-05-01 22:48:52,266]: [_trace.py]: atrace: 85:       DEBUG:    [send_request_headers.started request=<Request [b'POST']>]
[2024-05-01 22:48:52,266]: [_trace.py]: atrace: 85:       DEBUG:    [send_request_headers.complete]
[2024-05-01 22:48:52,266]: [_trace.py]: atrace: 85:       DEBUG:    [send_request_body.started request=<Request [b'POST']>]
[2024-05-01 22:48:52,267]: [_trace.py]: atrace: 85:       DEBUG:    [send_request_body.complete]
[2024-05-01 22:48:52,267]: [_trace.py]: atrace: 85:       DEBUG:    [receive_response_headers.started request=<Request [b'POST']>]
[2024-05-01 22:48:53,311]: [_trace.py]: atrace: 85:       DEBUG:    [receive_response_headers.complete return_value=(b'HTTP/1.1', 200, b'OK', [(b'Server', b'nginx/1.18.0'), (b'Date', b'Wed, 01 May 2024 22:48:53 GMT'), (b'Content-Type', b'application/json'), (b'Content-Length', b'829'), (b'Connection', b'keep-alive'), (b'Strict-Transport-Security', b'max-age=31536000; includeSubDomains; preload'), (b'Access-Control-Allow-Origin', b'*'), (b'Access-Control-Allow-Methods', b'GET, POST, OPTIONS'), (b'Access-Control-Expose-Headers', b'Content-Length,Content-Type,Date,Server,Connection')])]
[2024-05-01 22:48:53,311]: [_client.py]: _send_single_request: 1773:       INFO:    [HTTP Request: POST https://api.telegram.org/bot6030805959:AAGUHAMxLYc-PrevgKouJ3ZyM7ktu56ftjo/sendDocument "HTTP/1.1 200 OK"]
[2024-05-01 22:48:53,311]: [_trace.py]: atrace: 85:       DEBUG:    [receive_response_body.started request=<Request [b'POST']>]
[2024-05-01 22:48:53,311]: [_trace.py]: atrace: 85:       DEBUG:    [receive_response_body.complete]
[2024-05-01 22:48:53,311]: [_trace.py]: atrace: 85:       DEBUG:    [response_closed.started]
[2024-05-01 22:48:53,312]: [_trace.py]: atrace: 85:       DEBUG:    [response_closed.complete]
[2024-05-01 22:48:53,312]: [_bot.py]: _do_post: 652:       DEBUG:    [Call to Bot API endpoint `sendDocument` finished with return value `{'message_id': 496, 'from': {'id': 6030805959, 'is_bot': True, 'first_name': 'TyPHoone', 'username': 'TyPHoone_Project_bot'}, 'chat': {'id': -4119703192, 'title': 'Robocop', 'type': 'group', 'all_members_are_administrators': True}, 'date': 1714603733, 'document': {'file_name': '9-Waraq_Galwanize.png', 'mime_type': 'image/png', 'thumbnail': {'file_id': 'AAMCBAADGQMAAgHwZjLG1eTYbvDTmW_ierlNRmdur6EAAhEWAAKOWZhRAAERgH8ZFJvQAQAHbQADNAQ', 'file_unique_id': 'AQADERYAAo5ZmFFy', 'file_size': 37978, 'width': 320, 'height': 320}, 'thumb': {'file_id': 'AAMCBAADGQMAAgHwZjLG1eTYbvDTmW_ierlNRmdur6EAAhEWAAKOWZhRAAERgH8ZFJvQAQAHbQADNAQ', 'file_unique_id': 'AQADERYAAo5ZmFFy', 'file_size': 37978, 'width': 320, 'height': 320}, 'file_id': 'BQACAgQAAxkDAAIB8GYyxtXk2G7w05lv4nq5TUZnbq-hAAIRFgACjlmYUQABEYB_GRSb0DQE', 'file_unique_id': 'AgADERYAAo5ZmFE', 'file_size': 406220}}`]
[2024-05-01 22:48:53,312]: [_bot.py]: _do_post: 643:       DEBUG:    [Calling Bot API endpoint `sendDocument` with parameters `{'chat_id': '-4119703192', 'document': <telegram._files.inputfile.InputFile object at 0x7f9019f1e780>}`]
[2024-05-01 22:48:53,313]: [_trace.py]: atrace: 85:       DEBUG:    [send_request_headers.started request=<Request [b'POST']>]
[2024-05-01 22:48:53,314]: [_trace.py]: atrace: 85:       DEBUG:    [send_request_headers.complete]
[2024-05-01 22:48:53,314]: [_trace.py]: atrace: 85:       DEBUG:    [send_request_body.started request=<Request [b'POST']>]
[2024-05-01 22:48:53,315]: [_trace.py]: atrace: 85:       DEBUG:    [send_request_body.complete]
[2024-05-01 22:48:53,315]: [_trace.py]: atrace: 85:       DEBUG:    [receive_response_headers.started request=<Request [b'POST']>]
[2024-05-01 22:48:53,795]: [_trace.py]: atrace: 85:       DEBUG:    [receive_response_headers.complete return_value=(b'HTTP/1.1', 200, b'OK', [(b'Server', b'nginx/1.18.0'), (b'Date', b'Wed, 01 May 2024 22:48:53 GMT'), (b'Content-Type', b'application/json'), (b'Content-Length', b'818'), (b'Connection', b'keep-alive'), (b'Strict-Transport-Security', b'max-age=31536000; includeSubDomains; preload'), (b'Access-Control-Allow-Origin', b'*'), (b'Access-Control-Allow-Methods', b'GET, POST, OPTIONS'), (b'Access-Control-Expose-Headers', b'Content-Length,Content-Type,Date,Server,Connection')])]
[2024-05-01 22:48:53,796]: [_client.py]: _send_single_request: 1773:       INFO:    [HTTP Request: POST https://api.telegram.org/bot6030805959:AAGUHAMxLYc-PrevgKouJ3ZyM7ktu56ftjo/sendDocument "HTTP/1.1 200 OK"]
[2024-05-01 22:48:53,796]: [_trace.py]: atrace: 85:       DEBUG:    [receive_response_body.started request=<Request [b'POST']>]
[2024-05-01 22:48:53,796]: [_trace.py]: atrace: 85:       DEBUG:    [receive_response_body.complete]
[2024-05-01 22:48:53,796]: [_trace.py]: atrace: 85:       DEBUG:    [response_closed.started]
[2024-05-01 22:48:53,797]: [_trace.py]: atrace: 85:       DEBUG:    [response_closed.complete]
[2024-05-01 22:48:53,797]: [_bot.py]: _do_post: 652:       DEBUG:    [Call to Bot API endpoint `sendDocument` finished with return value `{'message_id': 497, 'from': {'id': 6030805959, 'is_bot': True, 'first_name': 'TyPHoone', 'username': 'TyPHoone_Project_bot'}, 'chat': {'id': -4119703192, 'title': 'Robocop', 'type': 'group', 'all_members_are_administrators': True}, 'date': 1714603733, 'document': {'file_name': '2-Milgerd.png', 'mime_type': 'image/png', 'thumbnail': {'file_id': 'AAMCBAADGQMAAgHxZjLG1XhIDUXts7d8vsulcsfUIxIAAhIWAAKOWZhRQxiBGz9VTb0BAAdtAAM0BA', 'file_unique_id': 'AQADEhYAAo5ZmFFy', 'file_size': 41813, 'width': 320, 'height': 320}, 'thumb': {'file_id': 'AAMCBAADGQMAAgHxZjLG1XhIDUXts7d8vsulcsfUIxIAAhIWAAKOWZhRQxiBGz9VTb0BAAdtAAM0BA', 'file_unique_id': 'AQADEhYAAo5ZmFFy', 'file_size': 41813, 'width': 320, 'height': 320}, 'file_id': 'BQACAgQAAxkDAAIB8WYyxtV4SA1F7bO3fL7LpXLH1CMSAAISFgACjlmYUUMYgRs_VU29NAQ', 'file_unique_id': 'AgADEhYAAo5ZmFE', 'file_size': 411748}}`]
[2024-05-01 22:48:53,797]: [_bot.py]: _do_post: 643:       DEBUG:    [Calling Bot API endpoint `sendDocument` with parameters `{'chat_id': '-4119703192', 'document': <telegram._files.inputfile.InputFile object at 0x7f901b550480>}`]
[2024-05-01 22:48:53,798]: [_trace.py]: atrace: 85:       DEBUG:    [send_request_headers.started request=<Request [b'POST']>]
[2024-05-01 22:48:53,798]: [_trace.py]: atrace: 85:       DEBUG:    [send_request_headers.complete]
[2024-05-01 22:48:53,798]: [_trace.py]: atrace: 85:       DEBUG:    [send_request_body.started request=<Request [b'POST']>]
[2024-05-01 22:48:53,799]: [_trace.py]: atrace: 85:       DEBUG:    [send_request_body.complete]
[2024-05-01 22:48:53,799]: [_trace.py]: atrace: 85:       DEBUG:    [receive_response_headers.started request=<Request [b'POST']>]
[2024-05-01 22:48:54,050]: [_trace.py]: atrace: 85:       DEBUG:    [receive_response_headers.complete return_value=(b'HTTP/1.1', 200, b'OK', [(b'Server', b'nginx/1.18.0'), (b'Date', b'Wed, 01 May 2024 22:48:53 GMT'), (b'Content-Type', b'application/json'), (b'Content-Length', b'817'), (b'Connection', b'keep-alive'), (b'Strict-Transport-Security', b'max-age=31536000; includeSubDomains; preload'), (b'Access-Control-Allow-Origin', b'*'), (b'Access-Control-Allow-Methods', b'GET, POST, OPTIONS'), (b'Access-Control-Expose-Headers', b'Content-Length,Content-Type,Date,Server,Connection')])]
[2024-05-01 22:48:54,051]: [_client.py]: _send_single_request: 1773:       INFO:    [HTTP Request: POST https://api.telegram.org/bot6030805959:AAGUHAMxLYc-PrevgKouJ3ZyM7ktu56ftjo/sendDocument "HTTP/1.1 200 OK"]
[2024-05-01 22:48:54,051]: [_trace.py]: atrace: 85:       DEBUG:    [receive_response_body.started request=<Request [b'POST']>]
[2024-05-01 22:48:54,051]: [_trace.py]: atrace: 85:       DEBUG:    [receive_response_body.complete]
[2024-05-01 22:48:54,051]: [_trace.py]: atrace: 85:       DEBUG:    [response_closed.started]
[2024-05-01 22:48:54,051]: [_trace.py]: atrace: 85:       DEBUG:    [response_closed.complete]
[2024-05-01 22:48:54,051]: [_bot.py]: _do_post: 652:       DEBUG:    [Call to Bot API endpoint `sendDocument` finished with return value `{'message_id': 498, 'from': {'id': 6030805959, 'is_bot': True, 'first_name': 'TyPHoone', 'username': 'TyPHoone_Project_bot'}, 'chat': {'id': -4119703192, 'title': 'Robocop', 'type': 'group', 'all_members_are_administrators': True}, 'date': 1714603733, 'document': {'file_name': '5-Nabshi.png', 'mime_type': 'image/png', 'thumbnail': {'file_id': 'AAMCBAADGQMAAgHyZjLG1bLBHVxiDtKnwcwEXvvM1VoAAhMWAAKOWZhRuAacUdrxy3sBAAdtAAM0BA', 'file_unique_id': 'AQADExYAAo5ZmFFy', 'file_size': 31528, 'width': 320, 'height': 320}, 'thumb': {'file_id': 'AAMCBAADGQMAAgHyZjLG1bLBHVxiDtKnwcwEXvvM1VoAAhMWAAKOWZhRuAacUdrxy3sBAAdtAAM0BA', 'file_unique_id': 'AQADExYAAo5ZmFFy', 'file_size': 31528, 'width': 320, 'height': 320}, 'file_id': 'BQACAgQAAxkDAAIB8mYyxtWywR1cYg7Sp8HMBF77zNVaAAITFgACjlmYUbgGnFHa8ct7NAQ', 'file_unique_id': 'AgADExYAAo5ZmFE', 'file_size': 395211}}`]
[2024-05-01 22:48:54,052]: [_bot.py]: _do_post: 643:       DEBUG:    [Calling Bot API endpoint `sendDocument` with parameters `{'chat_id': '-4119703192', 'document': <telegram._files.inputfile.InputFile object at 0x7f901c703c80>}`]
[2024-05-01 22:48:54,052]: [_trace.py]: atrace: 85:       DEBUG:    [send_request_headers.started request=<Request [b'POST']>]
[2024-05-01 22:48:54,052]: [_trace.py]: atrace: 85:       DEBUG:    [send_request_headers.complete]
[2024-05-01 22:48:54,052]: [_trace.py]: atrace: 85:       DEBUG:    [send_request_body.started request=<Request [b'POST']>]
[2024-05-01 22:48:54,053]: [_trace.py]: atrace: 85:       DEBUG:    [send_request_body.complete]
[2024-05-01 22:48:54,053]: [_trace.py]: atrace: 85:       DEBUG:    [receive_response_headers.started request=<Request [b'POST']>]
[2024-05-01 22:48:54,360]: [_trace.py]: atrace: 85:       DEBUG:    [receive_response_headers.complete return_value=(b'HTTP/1.1', 200, b'OK', [(b'Server', b'nginx/1.18.0'), (b'Date', b'Wed, 01 May 2024 22:48:54 GMT'), (b'Content-Type', b'application/json'), (b'Content-Length', b'821'), (b'Connection', b'keep-alive'), (b'Strict-Transport-Security', b'max-age=31536000; includeSubDomains; preload'), (b'Access-Control-Allow-Origin', b'*'), (b'Access-Control-Allow-Methods', b'GET, POST, OPTIONS'), (b'Access-Control-Expose-Headers', b'Content-Length,Content-Type,Date,Server,Connection')])]
[2024-05-01 22:48:54,360]: [_client.py]: _send_single_request: 1773:       INFO:    [HTTP Request: POST https://api.telegram.org/bot6030805959:AAGUHAMxLYc-PrevgKouJ3ZyM7ktu56ftjo/sendDocument "HTTP/1.1 200 OK"]
[2024-05-01 22:48:54,360]: [_trace.py]: atrace: 85:       DEBUG:    [receive_response_body.started request=<Request [b'POST']>]
[2024-05-01 22:48:54,360]: [_trace.py]: atrace: 85:       DEBUG:    [receive_response_body.complete]
[2024-05-01 22:48:54,360]: [_trace.py]: atrace: 85:       DEBUG:    [response_closed.started]
[2024-05-01 22:48:54,360]: [_trace.py]: atrace: 85:       DEBUG:    [response_closed.complete]
[2024-05-01 22:48:54,361]: [_bot.py]: _do_post: 652:       DEBUG:    [Call to Bot API endpoint `sendDocument` finished with return value `{'message_id': 499, 'from': {'id': 6030805959, 'is_bot': True, 'first_name': 'TyPHoone', 'username': 'TyPHoone_Project_bot'}, 'chat': {'id': -4119703192, 'title': 'Robocop', 'type': 'group', 'all_members_are_administrators': True}, 'date': 1714603734, 'document': {'file_name': '6-Waraq_Siah.png', 'mime_type': 'image/png', 'thumbnail': {'file_id': 'AAMCBAADGQMAAgHzZjLG1hZtqc8YmxomsJCz1o7lvxAAAhQWAAKOWZhRIsy3pnabg1wBAAdtAAM0BA', 'file_unique_id': 'AQADFBYAAo5ZmFFy', 'file_size': 42590, 'width': 320, 'height': 320}, 'thumb': {'file_id': 'AAMCBAADGQMAAgHzZjLG1hZtqc8YmxomsJCz1o7lvxAAAhQWAAKOWZhRIsy3pnabg1wBAAdtAAM0BA', 'file_unique_id': 'AQADFBYAAo5ZmFFy', 'file_size': 42590, 'width': 320, 'height': 320}, 'file_id': 'BQACAgQAAxkDAAIB82YyxtYWbanPGJsaJrCQs9aO5b8QAAIUFgACjlmYUSLMt6Z2m4NcNAQ', 'file_unique_id': 'AgADFBYAAo5ZmFE', 'file_size': 417882}}`]
[2024-05-01 22:48:54,361]: [_bot.py]: _do_post: 643:       DEBUG:    [Calling Bot API endpoint `sendDocument` with parameters `{'chat_id': '-4119703192', 'document': <telegram._files.inputfile.InputFile object at 0x7f901b0629c0>}`]
[2024-05-01 22:48:54,361]: [_trace.py]: atrace: 85:       DEBUG:    [send_request_headers.started request=<Request [b'POST']>]
[2024-05-01 22:48:54,362]: [_trace.py]: atrace: 85:       DEBUG:    [send_request_headers.complete]
[2024-05-01 22:48:54,362]: [_trace.py]: atrace: 85:       DEBUG:    [send_request_body.started request=<Request [b'POST']>]
[2024-05-01 22:48:54,362]: [_trace.py]: atrace: 85:       DEBUG:    [send_request_body.complete]
[2024-05-01 22:48:54,362]: [_trace.py]: atrace: 85:       DEBUG:    [receive_response_headers.started request=<Request [b'POST']>]
[2024-05-01 22:48:57,666]: [_trace.py]: atrace: 85:       DEBUG:    [receive_response_headers.complete return_value=(b'HTTP/1.1', 200, b'OK', [(b'Server', b'nginx/1.18.0'), (b'Date', b'Wed, 01 May 2024 22:48:57 GMT'), (b'Content-Type', b'application/json'), (b'Content-Length', b'818'), (b'Connection', b'keep-alive'), (b'Strict-Transport-Security', b'max-age=31536000; includeSubDomains; preload'), (b'Access-Control-Allow-Origin', b'*'), (b'Access-Control-Allow-Methods', b'GET, POST, OPTIONS'), (b'Access-Control-Expose-Headers', b'Content-Length,Content-Type,Date,Server,Connection')])]
[2024-05-01 22:48:57,667]: [_client.py]: _send_single_request: 1773:       INFO:    [HTTP Request: POST https://api.telegram.org/bot6030805959:AAGUHAMxLYc-PrevgKouJ3ZyM7ktu56ftjo/sendDocument "HTTP/1.1 200 OK"]
[2024-05-01 22:48:57,667]: [_trace.py]: atrace: 85:       DEBUG:    [receive_response_body.started request=<Request [b'POST']>]
[2024-05-01 22:48:57,667]: [_trace.py]: atrace: 85:       DEBUG:    [receive_response_body.complete]
[2024-05-01 22:48:57,667]: [_trace.py]: atrace: 85:       DEBUG:    [response_closed.started]
[2024-05-01 22:48:57,667]: [_trace.py]: atrace: 85:       DEBUG:    [response_closed.complete]
[2024-05-01 22:48:57,667]: [_bot.py]: _do_post: 652:       DEBUG:    [Call to Bot API endpoint `sendDocument` finished with return value `{'message_id': 500, 'from': {'id': 6030805959, 'is_bot': True, 'first_name': 'TyPHoone', 'username': 'TyPHoone_Project_bot'}, 'chat': {'id': -4119703192, 'title': 'Robocop', 'type': 'group', 'all_members_are_administrators': True}, 'date': 1714603737, 'document': {'file_name': '4-Nawdani.png', 'mime_type': 'image/png', 'thumbnail': {'file_id': 'AAMCBAADGQMAAgH0ZjLG2UKdEUmVTRLgEo0okY1KYncAAhUWAAKOWZhROx0tUmdaw6MBAAdtAAM0BA', 'file_unique_id': 'AQADFRYAAo5ZmFFy', 'file_size': 32230, 'width': 320, 'height': 320}, 'thumb': {'file_id': 'AAMCBAADGQMAAgH0ZjLG2UKdEUmVTRLgEo0okY1KYncAAhUWAAKOWZhROx0tUmdaw6MBAAdtAAM0BA', 'file_unique_id': 'AQADFRYAAo5ZmFFy', 'file_size': 32230, 'width': 320, 'height': 320}, 'file_id': 'BQACAgQAAxkDAAIB9GYyxtlCnRFJlU0S4BKNKJGNSmJ3AAIVFgACjlmYUTsdLVJnWsOjNAQ', 'file_unique_id': 'AgADFRYAAo5ZmFE', 'file_size': 385764}}`]
[2024-05-01 22:48:57,668]: [_bot.py]: _do_post: 643:       DEBUG:    [Calling Bot API endpoint `sendDocument` with parameters `{'chat_id': '-4119703192', 'document': <telegram._files.inputfile.InputFile object at 0x7f901c703c80>}`]
[2024-05-01 22:48:57,668]: [_trace.py]: atrace: 85:       DEBUG:    [send_request_headers.started request=<Request [b'POST']>]
[2024-05-01 22:48:57,669]: [_trace.py]: atrace: 85:       DEBUG:    [send_request_headers.complete]
[2024-05-01 22:48:57,669]: [_trace.py]: atrace: 85:       DEBUG:    [send_request_body.started request=<Request [b'POST']>]
[2024-05-01 22:48:57,669]: [_trace.py]: atrace: 85:       DEBUG:    [send_request_body.complete]
[2024-05-01 22:48:57,669]: [_trace.py]: atrace: 85:       DEBUG:    [receive_response_headers.started request=<Request [b'POST']>]
[2024-05-01 22:48:58,500]: [_trace.py]: atrace: 85:       DEBUG:    [receive_response_headers.complete return_value=(b'HTTP/1.1', 200, b'OK', [(b'Server', b'nginx/1.18.0'), (b'Date', b'Wed, 01 May 2024 22:48:58 GMT'), (b'Content-Type', b'application/json'), (b'Content-Length', b'818'), (b'Connection', b'keep-alive'), (b'Strict-Transport-Security', b'max-age=31536000; includeSubDomains; preload'), (b'Access-Control-Allow-Origin', b'*'), (b'Access-Control-Allow-Methods', b'GET, POST, OPTIONS'), (b'Access-Control-Expose-Headers', b'Content-Length,Content-Type,Date,Server,Connection')])]
[2024-05-01 22:48:58,500]: [_client.py]: _send_single_request: 1773:       INFO:    [HTTP Request: POST https://api.telegram.org/bot6030805959:AAGUHAMxLYc-PrevgKouJ3ZyM7ktu56ftjo/sendDocument "HTTP/1.1 200 OK"]
[2024-05-01 22:48:58,500]: [_trace.py]: atrace: 85:       DEBUG:    [receive_response_body.started request=<Request [b'POST']>]
[2024-05-01 22:48:58,500]: [_trace.py]: atrace: 85:       DEBUG:    [receive_response_body.complete]
[2024-05-01 22:48:58,500]: [_trace.py]: atrace: 85:       DEBUG:    [response_closed.started]
[2024-05-01 22:48:58,500]: [_trace.py]: atrace: 85:       DEBUG:    [response_closed.complete]
[2024-05-01 22:48:58,501]: [_bot.py]: _do_post: 652:       DEBUG:    [Call to Bot API endpoint `sendDocument` finished with return value `{'message_id': 501, 'from': {'id': 6030805959, 'is_bot': True, 'first_name': 'TyPHoone', 'username': 'TyPHoone_Project_bot'}, 'chat': {'id': -4119703192, 'title': 'Robocop', 'type': 'group', 'all_members_are_administrators': True}, 'date': 1714603738, 'document': {'file_name': '3-Profill.png', 'mime_type': 'image/png', 'thumbnail': {'file_id': 'AAMCBAADGQMAAgH1ZjLG2thDZt5CcX4Mj6_k64FTFpwAAhYWAAKOWZhR75IuLTmU-0sBAAdtAAM0BA', 'file_unique_id': 'AQADFhYAAo5ZmFFy', 'file_size': 31863, 'width': 320, 'height': 320}, 'thumb': {'file_id': 'AAMCBAADGQMAAgH1ZjLG2thDZt5CcX4Mj6_k64FTFpwAAhYWAAKOWZhR75IuLTmU-0sBAAdtAAM0BA', 'file_unique_id': 'AQADFhYAAo5ZmFFy', 'file_size': 31863, 'width': 320, 'height': 320}, 'file_id': 'BQACAgQAAxkDAAIB9WYyxtrYQ2beQnF-DI-v5OuBUxacAAIWFgACjlmYUe-SLi05lPtLNAQ', 'file_unique_id': 'AgADFhYAAo5ZmFE', 'file_size': 355234}}`]
[2024-05-01 22:48:58,501]: [_bot.py]: _do_post: 643:       DEBUG:    [Calling Bot API endpoint `sendDocument` with parameters `{'chat_id': '-4119703192', 'document': <telegram._files.inputfile.InputFile object at 0x7f901b0629c0>}`]
[2024-05-01 22:48:58,502]: [_trace.py]: atrace: 85:       DEBUG:    [send_request_headers.started request=<Request [b'POST']>]
[2024-05-01 22:48:58,502]: [_trace.py]: atrace: 85:       DEBUG:    [send_request_headers.complete]
[2024-05-01 22:48:58,502]: [_trace.py]: atrace: 85:       DEBUG:    [send_request_body.started request=<Request [b'POST']>]
[2024-05-01 22:48:58,503]: [_trace.py]: atrace: 85:       DEBUG:    [send_request_body.complete]
[2024-05-01 22:48:58,503]: [_trace.py]: atrace: 85:       DEBUG:    [receive_response_headers.started request=<Request [b'POST']>]
[2024-05-01 22:48:58,739]: [_trace.py]: atrace: 85:       DEBUG:    [receive_response_headers.complete return_value=(b'HTTP/1.1', 200, b'OK', [(b'Server', b'nginx/1.18.0'), (b'Date', b'Wed, 01 May 2024 22:48:58 GMT'), (b'Content-Type', b'application/json'), (b'Content-Length', b'824'), (b'Connection', b'keep-alive'), (b'Strict-Transport-Security', b'max-age=31536000; includeSubDomains; preload'), (b'Access-Control-Allow-Origin', b'*'), (b'Access-Control-Allow-Methods', b'GET, POST, OPTIONS'), (b'Access-Control-Expose-Headers', b'Content-Length,Content-Type,Date,Server,Connection')])]
[2024-05-01 22:48:58,740]: [_client.py]: _send_single_request: 1773:       INFO:    [HTTP Request: POST https://api.telegram.org/bot6030805959:AAGUHAMxLYc-PrevgKouJ3ZyM7ktu56ftjo/sendDocument "HTTP/1.1 200 OK"]
[2024-05-01 22:48:58,740]: [_trace.py]: atrace: 85:       DEBUG:    [receive_response_body.started request=<Request [b'POST']>]
[2024-05-01 22:48:58,740]: [_trace.py]: atrace: 85:       DEBUG:    [receive_response_body.complete]
[2024-05-01 22:48:58,740]: [_trace.py]: atrace: 85:       DEBUG:    [response_closed.started]
[2024-05-01 22:48:58,740]: [_trace.py]: atrace: 85:       DEBUG:    [response_closed.complete]
[2024-05-01 22:48:58,740]: [_bot.py]: _do_post: 652:       DEBUG:    [Call to Bot API endpoint `sendDocument` finished with return value `{'message_id': 502, 'from': {'id': 6030805959, 'is_bot': True, 'first_name': 'TyPHoone', 'username': 'TyPHoone_Project_bot'}, 'chat': {'id': -4119703192, 'title': 'Robocop', 'type': 'group', 'all_members_are_administrators': True}, 'date': 1714603738, 'document': {'file_name': '7-Tasme_Maftoul.png', 'mime_type': 'image/png', 'thumbnail': {'file_id': 'AAMCBAADGQMAAgH2ZjLG2uJdiR4_4152HuIsGHBKgesAAhcWAAKOWZhR1oloc8oQVUkBAAdtAAM0BA', 'file_unique_id': 'AQADFxYAAo5ZmFFy', 'file_size': 35068, 'width': 320, 'height': 320}, 'thumb': {'file_id': 'AAMCBAADGQMAAgH2ZjLG2uJdiR4_4152HuIsGHBKgesAAhcWAAKOWZhR1oloc8oQVUkBAAdtAAM0BA', 'file_unique_id': 'AQADFxYAAo5ZmFFy', 'file_size': 35068, 'width': 320, 'height': 320}, 'file_id': 'BQACAgQAAxkDAAIB9mYyxtriXYkeP-Nedh7iLBhwSoHrAAIXFgACjlmYUdaJaHPKEFVJNAQ', 'file_unique_id': 'AgADFxYAAo5ZmFE', 'file_size': 362313}}`]
[2024-05-01 22:48:58,741]: [_bot.py]: _do_post: 643:       DEBUG:    [Calling Bot API endpoint `sendDocument` with parameters `{'chat_id': '-4119703192', 'document': <telegram._files.inputfile.InputFile object at 0x7f901b062300>}`]
[2024-05-01 22:48:58,741]: [_trace.py]: atrace: 85:       DEBUG:    [send_request_headers.started request=<Request [b'POST']>]
[2024-05-01 22:48:58,741]: [_trace.py]: atrace: 85:       DEBUG:    [send_request_headers.complete]
[2024-05-01 22:48:58,741]: [_trace.py]: atrace: 85:       DEBUG:    [send_request_body.started request=<Request [b'POST']>]
[2024-05-01 22:48:58,742]: [_trace.py]: atrace: 85:       DEBUG:    [send_request_body.complete]
[2024-05-01 22:48:58,742]: [_trace.py]: atrace: 85:       DEBUG:    [receive_response_headers.started request=<Request [b'POST']>]
[2024-05-01 22:48:59,008]: [_trace.py]: atrace: 85:       DEBUG:    [receive_response_headers.complete return_value=(b'HTTP/1.1', 200, b'OK', [(b'Server', b'nginx/1.18.0'), (b'Date', b'Wed, 01 May 2024 22:48:58 GMT'), (b'Content-Type', b'application/json'), (b'Content-Length', b'818'), (b'Connection', b'keep-alive'), (b'Strict-Transport-Security', b'max-age=31536000; includeSubDomains; preload'), (b'Access-Control-Allow-Origin', b'*'), (b'Access-Control-Allow-Methods', b'GET, POST, OPTIONS'), (b'Access-Control-Expose-Headers', b'Content-Length,Content-Type,Date,Server,Connection')])]
[2024-05-01 22:48:59,008]: [_client.py]: _send_single_request: 1773:       INFO:    [HTTP Request: POST https://api.telegram.org/bot6030805959:AAGUHAMxLYc-PrevgKouJ3ZyM7ktu56ftjo/sendDocument "HTTP/1.1 200 OK"]
[2024-05-01 22:48:59,008]: [_trace.py]: atrace: 85:       DEBUG:    [receive_response_body.started request=<Request [b'POST']>]
[2024-05-01 22:48:59,008]: [_trace.py]: atrace: 85:       DEBUG:    [receive_response_body.complete]
[2024-05-01 22:48:59,008]: [_trace.py]: atrace: 85:       DEBUG:    [response_closed.started]
[2024-05-01 22:48:59,009]: [_trace.py]: atrace: 85:       DEBUG:    [response_closed.complete]
[2024-05-01 22:48:59,009]: [_bot.py]: _do_post: 652:       DEBUG:    [Call to Bot API endpoint `sendDocument` finished with return value `{'message_id': 503, 'from': {'id': 6030805959, 'is_bot': True, 'first_name': 'TyPHoone', 'username': 'TyPHoone_Project_bot'}, 'chat': {'id': -4119703192, 'title': 'Robocop', 'type': 'group', 'all_members_are_administrators': True}, 'date': 1714603738, 'document': {'file_name': '8-Khamoot.png', 'mime_type': 'image/png', 'thumbnail': {'file_id': 'AAMCBAADGQMAAgH3ZjLG2nWIVIlxtt_t4VKGkqc4EvQAAhgWAAKOWZhRYGGY4A6FzM0BAAdtAAM0BA', 'file_unique_id': 'AQADGBYAAo5ZmFFy', 'file_size': 26978, 'width': 320, 'height': 320}, 'thumb': {'file_id': 'AAMCBAADGQMAAgH3ZjLG2nWIVIlxtt_t4VKGkqc4EvQAAhgWAAKOWZhRYGGY4A6FzM0BAAdtAAM0BA', 'file_unique_id': 'AQADGBYAAo5ZmFFy', 'file_size': 26978, 'width': 320, 'height': 320}, 'file_id': 'BQACAgQAAxkDAAIB92Yyxtp1iFSJcbbf7eFShpKnOBL0AAIYFgACjlmYUWBhmOAOhczNNAQ', 'file_unique_id': 'AgADGBYAAo5ZmFE', 'file_size': 364977}}`]
[2024-05-01 22:48:59,009]: [_bot.py]: _do_post: 643:       DEBUG:    [Calling Bot API endpoint `sendDocument` with parameters `{'chat_id': '-4119703192', 'document': <telegram._files.inputfile.InputFile object at 0x7f901b0629c0>}`]
[2024-05-01 22:48:59,010]: [_trace.py]: atrace: 85:       DEBUG:    [send_request_headers.started request=<Request [b'POST']>]
[2024-05-01 22:48:59,010]: [_trace.py]: atrace: 85:       DEBUG:    [send_request_headers.complete]
[2024-05-01 22:48:59,010]: [_trace.py]: atrace: 85:       DEBUG:    [send_request_body.started request=<Request [b'POST']>]
[2024-05-01 22:48:59,012]: [_trace.py]: atrace: 85:       DEBUG:    [send_request_body.complete]
[2024-05-01 22:48:59,012]: [_trace.py]: atrace: 85:       DEBUG:    [receive_response_headers.started request=<Request [b'POST']>]
[2024-05-01 22:48:59,428]: [_trace.py]: atrace: 85:       DEBUG:    [receive_response_headers.complete return_value=(b'HTTP/1.1', 200, b'OK', [(b'Server', b'nginx/1.18.0'), (b'Date', b'Wed, 01 May 2024 22:48:59 GMT'), (b'Content-Type', b'application/json'), (b'Content-Length', b'819'), (b'Connection', b'keep-alive'), (b'Strict-Transport-Security', b'max-age=31536000; includeSubDomains; preload'), (b'Access-Control-Allow-Origin', b'*'), (b'Access-Control-Allow-Methods', b'GET, POST, OPTIONS'), (b'Access-Control-Expose-Headers', b'Content-Length,Content-Type,Date,Server,Connection')])]
[2024-05-01 22:48:59,429]: [_client.py]: _send_single_request: 1773:       INFO:    [HTTP Request: POST https://api.telegram.org/bot6030805959:AAGUHAMxLYc-PrevgKouJ3ZyM7ktu56ftjo/sendDocument "HTTP/1.1 200 OK"]
[2024-05-01 22:48:59,429]: [_trace.py]: atrace: 85:       DEBUG:    [receive_response_body.started request=<Request [b'POST']>]
[2024-05-01 22:48:59,429]: [_trace.py]: atrace: 85:       DEBUG:    [receive_response_body.complete]
[2024-05-01 22:48:59,429]: [_trace.py]: atrace: 85:       DEBUG:    [response_closed.started]
[2024-05-01 22:48:59,429]: [_trace.py]: atrace: 85:       DEBUG:    [response_closed.complete]
[2024-05-01 22:48:59,429]: [_bot.py]: _do_post: 652:       DEBUG:    [Call to Bot API endpoint `sendDocument` finished with return value `{'message_id': 504, 'from': {'id': 6030805959, 'is_bot': True, 'first_name': 'TyPHoone', 'username': 'TyPHoone_Project_bot'}, 'chat': {'id': -4119703192, 'title': 'Robocop', 'type': 'group', 'all_members_are_administrators': True}, 'date': 1714603739, 'document': {'file_name': '0-cover.png', 'mime_type': 'image/png', 'thumbnail': {'file_id': 'AAMCBAADGQMAAgH4ZjLG2_33MXqZGO0fa7qBOQllvr4AAhkWAAKOWZhRSauAD78AAdGxAQAHbQADNAQ', 'file_unique_id': 'AQADGRYAAo5ZmFFy', 'file_size': 33655, 'width': 320, 'height': 320}, 'thumb': {'file_id': 'AAMCBAADGQMAAgH4ZjLG2_33MXqZGO0fa7qBOQllvr4AAhkWAAKOWZhRSauAD78AAdGxAQAHbQADNAQ', 'file_unique_id': 'AQADGRYAAo5ZmFFy', 'file_size': 33655, 'width': 320, 'height': 320}, 'file_id': 'BQACAgQAAxkDAAIB-GYyxtv99zF6mRjtH2u6gTkJZb6-AAIZFgACjlmYUUmrgA-_AAHRsTQE', 'file_unique_id': 'AgADGRYAAo5ZmFE', 'file_size': 831831}}`]
[2024-05-01 22:48:59,430]: [_trace.py]: atrace: 85:       DEBUG:    [close.started]
[2024-05-01 22:48:59,430]: [_trace.py]: atrace: 85:       DEBUG:    [close.complete]
[2024-05-01 22:48:59,430]: [_config.py]: load_ssl_context: 80:       DEBUG:    [load_ssl_context verify=True cert=None trust_env=True http2=False]
[2024-05-01 22:48:59,431]: [_config.py]: load_ssl_context_verify: 146:       DEBUG:    [load_verify_locations cafile='/opt/hostedtoolcache/Python/3.12.3/x64/lib/python3.12/site-packages/certifi/cacert.pem']
[2024-05-01 22:48:59,457]: [_config.py]: load_ssl_context: 80:       DEBUG:    [load_ssl_context verify=True cert=None trust_env=True http2=False]
[2024-05-01 22:48:59,458]: [_config.py]: load_ssl_context_verify: 146:       DEBUG:    [load_verify_locations cafile='/opt/hostedtoolcache/Python/3.12.3/x64/lib/python3.12/site-packages/certifi/cacert.pem']
[2024-05-01 22:48:59,483]: [_bot.py]: _do_post: 643:       DEBUG:    [Calling Bot API endpoint `getMe` with parameters `{}`]
[2024-05-01 22:48:59,483]: [_trace.py]: atrace: 85:       DEBUG:    [connect_tcp.started host='api.telegram.org' port=443 local_address=None timeout=5.0 socket_options=None]
[2024-05-01 22:48:59,632]: [_trace.py]: atrace: 85:       DEBUG:    [connect_tcp.complete return_value=<httpcore._backends.anyio.AnyIOStream object at 0x7f9019f2b380>]
[2024-05-01 22:48:59,632]: [_trace.py]: atrace: 85:       DEBUG:    [start_tls.started ssl_context=<ssl.SSLContext object at 0x7f901b1ddcd0> server_hostname='api.telegram.org' timeout=5.0]
[2024-05-01 22:48:59,782]: [_trace.py]: atrace: 85:       DEBUG:    [start_tls.complete return_value=<httpcore._backends.anyio.AnyIOStream object at 0x7f901b110f20>]
[2024-05-01 22:48:59,783]: [_trace.py]: atrace: 85:       DEBUG:    [send_request_headers.started request=<Request [b'POST']>]
[2024-05-01 22:48:59,783]: [_trace.py]: atrace: 85:       DEBUG:    [send_request_headers.complete]
[2024-05-01 22:48:59,783]: [_trace.py]: atrace: 85:       DEBUG:    [send_request_body.started request=<Request [b'POST']>]
[2024-05-01 22:48:59,783]: [_trace.py]: atrace: 85:       DEBUG:    [send_request_body.complete]
[2024-05-01 22:48:59,783]: [_trace.py]: atrace: 85:       DEBUG:    [receive_response_headers.started request=<Request [b'POST']>]
[2024-05-01 22:48:59,937]: [_trace.py]: atrace: 85:       DEBUG:    [receive_response_headers.complete return_value=(b'HTTP/1.1', 200, b'OK', [(b'Server', b'nginx/1.18.0'), (b'Date', b'Wed, 01 May 2024 22:48:59 GMT'), (b'Content-Type', b'application/json'), (b'Content-Length', b'233'), (b'Connection', b'keep-alive'), (b'Strict-Transport-Security', b'max-age=31536000; includeSubDomains; preload'), (b'Access-Control-Allow-Origin', b'*'), (b'Access-Control-Allow-Methods', b'GET, POST, OPTIONS'), (b'Access-Control-Expose-Headers', b'Content-Length,Content-Type,Date,Server,Connection')])]
[2024-05-01 22:48:59,938]: [_client.py]: _send_single_request: 1773:       INFO:    [HTTP Request: POST https://api.telegram.org/bot6030805959:AAGUHAMxLYc-PrevgKouJ3ZyM7ktu56ftjo/getMe "HTTP/1.1 200 OK"]
[2024-05-01 22:48:59,938]: [_trace.py]: atrace: 85:       DEBUG:    [receive_response_body.started request=<Request [b'POST']>]
[2024-05-01 22:48:59,938]: [_trace.py]: atrace: 85:       DEBUG:    [receive_response_body.complete]
[2024-05-01 22:48:59,938]: [_trace.py]: atrace: 85:       DEBUG:    [response_closed.started]
[2024-05-01 22:48:59,938]: [_trace.py]: atrace: 85:       DEBUG:    [response_closed.complete]
[2024-05-01 22:48:59,938]: [_bot.py]: _do_post: 652:       DEBUG:    [Call to Bot API endpoint `getMe` finished with return value `{'id': 6030805959, 'is_bot': True, 'first_name': 'TyPHoone', 'username': 'TyPHoone_Project_bot', 'can_join_groups': True, 'can_read_all_group_messages': False, 'supports_inline_queries': False, 'can_connect_to_business': False}`]
[2024-05-01 22:48:59,938]: [_trace.py]: atrace: 85:       DEBUG:    [close.started]
[2024-05-01 22:48:59,939]: [_trace.py]: atrace: 85:       DEBUG:    [close.complete]
[2024-05-01 22:48:59,939]: [Telegram_Sender.py]: runner: 39:       CRITICAL:    [Files Didnt sent]
[2024-05-01 22:48:59,939]: [Main.py]: <module>: 48:       INFO:    [Finished]
