[2024-08-17 11:37:47,247]: [Main.py]: <module>: 21:       INFO:    [Started]
[2024-08-17 11:37:48,893]: [Iron_Scraper.py]: Scrap: 32:       INFO:    [Data Scaraped Successfully]
[2024-08-17 11:37:49,082]: [Iron_Scraper.py]: Scrap: 70:       INFO:    [Scrapped Data Has No Problem]
[2024-08-17 11:37:49,082]: [Iron_Scraper.py]: Scrap: 83:       INFO:    [Data Saved Successfully]
[2024-08-17 11:37:49,082]: [Iron.py]: Run: 26:       INFO:    [Scraping Phase Completed]
[2024-08-17 11:37:49,083]: [Iron_Data_Processor.py]: Data_Reader: 61:       INFO:    [Data File Has Been Red Successfully]
[2024-08-17 11:37:49,083]: [Iron_Data_Processor.py]: Shaper: 78:       INFO:    [Data Shaped]
[2024-08-17 11:37:49,083]: [Iron_Data_Processor.py]: Process: 228:       INFO:    [Data Cleaned]
[2024-08-17 11:37:49,083]: [Iron_Data_Processor.py]: Make_Pages_Objects: 101:       INFO:    [Page Objects Has Been Made]
[2024-08-17 11:37:49,083]: [Iron_Data_Processor.py]: Make_Pages_Objects: 101:       INFO:    [Page Objects Has Been Made]
[2024-08-17 11:37:49,083]: [Iron_Data_Processor.py]: Load_Data: 118:       INFO:    [Data Has Been Load]
[2024-08-17 11:37:49,083]: [Iron_Data_Processor.py]: Load_Data: 118:       INFO:    [Data Has Been Load]
[2024-08-17 11:37:49,083]: [Iron_Data_Processor.py]: Load_positions: 140:       INFO:    [Positions Are Ready]
[2024-08-17 11:37:49,083]: [Iron_Data_Processor.py]: Load_positions: 140:       INFO:    [Positions Are Ready]
[2024-08-17 11:37:50,209]: [Iron_Data_Processor.py]: Make_Tagged_Images: 193:       INFO:    [Images Has Been Made]
[2024-08-17 11:37:51,161]: [Iron_Data_Processor.py]: Make_Tagged_Images: 193:       INFO:    [Images Has Been Made]
[2024-08-17 11:37:51,415]: [Iron_Data_Processor.py]: Make_Cover_Page: 215:       INFO:    [Made Cover Pages]
[2024-08-17 11:37:51,415]: [Iron.py]: Run: 29:       INFO:    [Imagination Phase Completed]
[2024-08-17 11:37:55,480]: [Phone_Scraper.py]: Scrap: 58:       INFO:    [Data Scraped]
[2024-08-17 11:37:55,480]: [Phone_Scraper.py]: Scrap: 71:       INFO:    [Scraped Data Successfully]
[2024-08-17 11:37:55,480]: [Phone.py]: Run: 26:       INFO:    [Scraping Phase Complete]
[2024-08-17 11:37:55,480]: [Phone_Data_Processor.py]: data_reader: 38:       INFO:    [Scraped Data Loaded]
[2024-08-17 11:37:55,482]: [Phone_Data_Processor.py]: filter_list: 65:       INFO:    [Persian Phrases Are deleted]
[2024-08-17 11:37:55,482]: [Phone_Data_Processor.py]: reshape_list: 87:       INFO:    [Date Reshaped]
[2024-08-17 11:37:55,483]: [Phone_Data_Processor.py]: separate_brands: 124:       INFO:    [Brands Are Separated]
[2024-08-17 11:37:55,483]: [Phone_Data_Processor.py]: delete_extra_spaces: 141:       INFO:    [Extra Spaces Are Deleted]
[2024-08-17 11:37:56,262]: [Phone.py]: Run: 29:       INFO:    [Imagination Phase Complete]
[2024-08-17 11:37:56,262]: [selector_events.py]: __init__: 64:       DEBUG:    [Using selector: EpollSelector]
[2024-08-17 11:37:56,603]: [_bot.py]: _do_post: 643:       DEBUG:    [Calling Bot API endpoint `getMe` with parameters `{}`]
[2024-08-17 11:37:56,607]: [_trace.py]: atrace: 85:       DEBUG:    [connect_tcp.started host='api.telegram.org' port=443 local_address=None timeout=5.0 socket_options=None]
[2024-08-17 11:37:56,747]: [_trace.py]: atrace: 85:       DEBUG:    [connect_tcp.complete return_value=<httpcore._backends.anyio.AnyIOStream object at 0x7efd551937a0>]
[2024-08-17 11:37:56,747]: [_trace.py]: atrace: 85:       DEBUG:    [start_tls.started ssl_context=<ssl.SSLContext object at 0x7efd5562ea50> server_hostname='api.telegram.org' timeout=5.0]
[2024-08-17 11:37:56,837]: [_trace.py]: atrace: 85:       DEBUG:    [start_tls.complete return_value=<httpcore._backends.anyio.AnyIOStream object at 0x7efd551933e0>]
[2024-08-17 11:37:56,837]: [_trace.py]: atrace: 85:       DEBUG:    [send_request_headers.started request=<Request [b'POST']>]
[2024-08-17 11:37:56,837]: [_trace.py]: atrace: 85:       DEBUG:    [send_request_headers.complete]
[2024-08-17 11:37:56,838]: [_trace.py]: atrace: 85:       DEBUG:    [send_request_body.started request=<Request [b'POST']>]
[2024-08-17 11:37:56,838]: [_trace.py]: atrace: 85:       DEBUG:    [send_request_body.complete]
[2024-08-17 11:37:56,838]: [_trace.py]: atrace: 85:       DEBUG:    [receive_response_headers.started request=<Request [b'POST']>]
[2024-08-17 11:37:56,927]: [_trace.py]: atrace: 85:       DEBUG:    [receive_response_headers.complete return_value=(b'HTTP/1.1', 200, b'OK', [(b'Server', b'nginx/1.18.0'), (b'Date', b'Sat, 17 Aug 2024 11:37:56 GMT'), (b'Content-Type', b'application/json'), (b'Content-Length', b'258'), (b'Connection', b'keep-alive'), (b'Strict-Transport-Security', b'max-age=31536000; includeSubDomains; preload'), (b'Access-Control-Allow-Origin', b'*'), (b'Access-Control-Allow-Methods', b'GET, POST, OPTIONS'), (b'Access-Control-Expose-Headers', b'Content-Length,Content-Type,Date,Server,Connection')])]
[2024-08-17 11:37:56,927]: [_client.py]: _send_single_request: 1773:       INFO:    [HTTP Request: POST https://api.telegram.org/bot6030805959:AAGUHAMxLYc-PrevgKouJ3ZyM7ktu56ftjo/getMe "HTTP/1.1 200 OK"]
[2024-08-17 11:37:56,927]: [_trace.py]: atrace: 85:       DEBUG:    [receive_response_body.started request=<Request [b'POST']>]
[2024-08-17 11:37:56,927]: [_trace.py]: atrace: 85:       DEBUG:    [receive_response_body.complete]
[2024-08-17 11:37:56,927]: [_trace.py]: atrace: 85:       DEBUG:    [response_closed.started]
[2024-08-17 11:37:56,927]: [_trace.py]: atrace: 85:       DEBUG:    [response_closed.complete]
[2024-08-17 11:37:56,927]: [_bot.py]: _do_post: 652:       DEBUG:    [Call to Bot API endpoint `getMe` finished with return value `{'id': 6030805959, 'is_bot': True, 'first_name': 'TyPHoone', 'username': 'TyPHoone_Project_bot', 'can_join_groups': True, 'can_read_all_group_messages': False, 'supports_inline_queries': False, 'can_connect_to_business': False, 'has_main_web_app': False}`]
[2024-08-17 11:37:56,931]: [_bot.py]: _do_post: 643:       DEBUG:    [Calling Bot API endpoint `sendDocument` with parameters `{'chat_id': '-4119703192', 'document': <telegram._files.inputfile.InputFile object at 0x7efd54cc4c40>}`]
[2024-08-17 11:37:56,931]: [_trace.py]: atrace: 85:       DEBUG:    [send_request_headers.started request=<Request [b'POST']>]
[2024-08-17 11:37:56,931]: [_trace.py]: atrace: 85:       DEBUG:    [send_request_headers.complete]
[2024-08-17 11:37:56,931]: [_trace.py]: atrace: 85:       DEBUG:    [send_request_body.started request=<Request [b'POST']>]
[2024-08-17 11:37:56,932]: [_trace.py]: atrace: 85:       DEBUG:    [send_request_body.complete]
[2024-08-17 11:37:56,932]: [_trace.py]: atrace: 85:       DEBUG:    [receive_response_headers.started request=<Request [b'POST']>]
[2024-08-17 11:37:57,192]: [_trace.py]: atrace: 85:       DEBUG:    [receive_response_headers.complete return_value=(b'HTTP/1.1', 200, b'OK', [(b'Server', b'nginx/1.18.0'), (b'Date', b'Sat, 17 Aug 2024 11:37:57 GMT'), (b'Content-Type', b'application/json'), (b'Content-Length', b'464'), (b'Connection', b'keep-alive'), (b'Strict-Transport-Security', b'max-age=31536000; includeSubDomains; preload'), (b'Access-Control-Allow-Origin', b'*'), (b'Access-Control-Allow-Methods', b'GET, POST, OPTIONS'), (b'Access-Control-Expose-Headers', b'Content-Length,Content-Type,Date,Server,Connection')])]
[2024-08-17 11:37:57,192]: [_client.py]: _send_single_request: 1773:       INFO:    [HTTP Request: POST https://api.telegram.org/bot6030805959:AAGUHAMxLYc-PrevgKouJ3ZyM7ktu56ftjo/sendDocument "HTTP/1.1 200 OK"]
[2024-08-17 11:37:57,192]: [_trace.py]: atrace: 85:       DEBUG:    [receive_response_body.started request=<Request [b'POST']>]
[2024-08-17 11:37:57,193]: [_trace.py]: atrace: 85:       DEBUG:    [receive_response_body.complete]
[2024-08-17 11:37:57,193]: [_trace.py]: atrace: 85:       DEBUG:    [response_closed.started]
[2024-08-17 11:37:57,193]: [_trace.py]: atrace: 85:       DEBUG:    [response_closed.complete]
[2024-08-17 11:37:57,193]: [_bot.py]: _do_post: 652:       DEBUG:    [Call to Bot API endpoint `sendDocument` finished with return value `{'message_id': 1809, 'from': {'id': 6030805959, 'is_bot': True, 'first_name': 'TyPHoone', 'username': 'TyPHoone_Project_bot'}, 'chat': {'id': -4119703192, 'title': 'Robocop', 'type': 'group', 'all_members_are_administrators': True}, 'date': 1723894677, 'document': {'file_name': '(2024_08_17--11_37).log', 'mime_type': 'text/plain', 'file_id': 'BQACAgQAAxkDAAIHEWbAi5XnE2ujNxBpH4xghQgYYJ_HAAIrFQAC4MIIUgUH9rwVaZ50NQQ', 'file_unique_id': 'AgADKxUAAuDCCFI', 'file_size': 5937}}`]
[2024-08-17 11:37:57,193]: [_trace.py]: atrace: 85:       DEBUG:    [close.started]
[2024-08-17 11:37:57,193]: [_trace.py]: atrace: 85:       DEBUG:    [close.complete]
[2024-08-17 11:37:57,194]: [_config.py]: load_ssl_context: 80:       DEBUG:    [load_ssl_context verify=True cert=None trust_env=True http2=False]
[2024-08-17 11:37:57,194]: [_config.py]: load_ssl_context_verify: 146:       DEBUG:    [load_verify_locations cafile='/opt/hostedtoolcache/Python/3.12.4/x64/lib/python3.12/site-packages/certifi/cacert.pem']
[2024-08-17 11:37:57,222]: [_config.py]: load_ssl_context: 80:       DEBUG:    [load_ssl_context verify=True cert=None trust_env=True http2=False]
[2024-08-17 11:37:57,222]: [_config.py]: load_ssl_context_verify: 146:       DEBUG:    [load_verify_locations cafile='/opt/hostedtoolcache/Python/3.12.4/x64/lib/python3.12/site-packages/certifi/cacert.pem']
[2024-08-17 11:37:57,248]: [_bot.py]: _do_post: 643:       DEBUG:    [Calling Bot API endpoint `getMe` with parameters `{}`]
[2024-08-17 11:37:57,249]: [_trace.py]: atrace: 85:       DEBUG:    [connect_tcp.started host='api.telegram.org' port=443 local_address=None timeout=5.0 socket_options=None]
[2024-08-17 11:37:57,338]: [_trace.py]: atrace: 85:       DEBUG:    [connect_tcp.complete return_value=<httpcore._backends.anyio.AnyIOStream object at 0x7efd557f2ed0>]
[2024-08-17 11:37:57,339]: [_trace.py]: atrace: 85:       DEBUG:    [start_tls.started ssl_context=<ssl.SSLContext object at 0x7efd5562e850> server_hostname='api.telegram.org' timeout=5.0]
[2024-08-17 11:37:57,429]: [_trace.py]: atrace: 85:       DEBUG:    [start_tls.complete return_value=<httpcore._backends.anyio.AnyIOStream object at 0x7efd54c55d30>]
[2024-08-17 11:37:57,429]: [_trace.py]: atrace: 85:       DEBUG:    [send_request_headers.started request=<Request [b'POST']>]
[2024-08-17 11:37:57,429]: [_trace.py]: atrace: 85:       DEBUG:    [send_request_headers.complete]
[2024-08-17 11:37:57,429]: [_trace.py]: atrace: 85:       DEBUG:    [send_request_body.started request=<Request [b'POST']>]
[2024-08-17 11:37:57,430]: [_trace.py]: atrace: 85:       DEBUG:    [send_request_body.complete]
[2024-08-17 11:37:57,430]: [_trace.py]: atrace: 85:       DEBUG:    [receive_response_headers.started request=<Request [b'POST']>]
[2024-08-17 11:37:57,519]: [_trace.py]: atrace: 85:       DEBUG:    [receive_response_headers.complete return_value=(b'HTTP/1.1', 200, b'OK', [(b'Server', b'nginx/1.18.0'), (b'Date', b'Sat, 17 Aug 2024 11:37:57 GMT'), (b'Content-Type', b'application/json'), (b'Content-Length', b'258'), (b'Connection', b'keep-alive'), (b'Strict-Transport-Security', b'max-age=31536000; includeSubDomains; preload'), (b'Access-Control-Allow-Origin', b'*'), (b'Access-Control-Allow-Methods', b'GET, POST, OPTIONS'), (b'Access-Control-Expose-Headers', b'Content-Length,Content-Type,Date,Server,Connection')])]
[2024-08-17 11:37:57,519]: [_client.py]: _send_single_request: 1773:       INFO:    [HTTP Request: POST https://api.telegram.org/bot6030805959:AAGUHAMxLYc-PrevgKouJ3ZyM7ktu56ftjo/getMe "HTTP/1.1 200 OK"]
[2024-08-17 11:37:57,519]: [_trace.py]: atrace: 85:       DEBUG:    [receive_response_body.started request=<Request [b'POST']>]
[2024-08-17 11:37:57,519]: [_trace.py]: atrace: 85:       DEBUG:    [receive_response_body.complete]
[2024-08-17 11:37:57,520]: [_trace.py]: atrace: 85:       DEBUG:    [response_closed.started]
[2024-08-17 11:37:57,520]: [_trace.py]: atrace: 85:       DEBUG:    [response_closed.complete]
[2024-08-17 11:37:57,520]: [_bot.py]: _do_post: 652:       DEBUG:    [Call to Bot API endpoint `getMe` finished with return value `{'id': 6030805959, 'is_bot': True, 'first_name': 'TyPHoone', 'username': 'TyPHoone_Project_bot', 'can_join_groups': True, 'can_read_all_group_messages': False, 'supports_inline_queries': False, 'can_connect_to_business': False, 'has_main_web_app': False}`]
[2024-08-17 11:37:57,522]: [_bot.py]: _do_post: 643:       DEBUG:    [Calling Bot API endpoint `sendDocument` with parameters `{'chat_id': '-4119703192', 'document': <telegram._files.inputfile.InputFile object at 0x7efd54cc51c0>}`]
[2024-08-17 11:37:57,523]: [_trace.py]: atrace: 85:       DEBUG:    [send_request_headers.started request=<Request [b'POST']>]
[2024-08-17 11:37:57,523]: [_trace.py]: atrace: 85:       DEBUG:    [send_request_headers.complete]
[2024-08-17 11:37:57,523]: [_trace.py]: atrace: 85:       DEBUG:    [send_request_body.started request=<Request [b'POST']>]
[2024-08-17 11:37:58,674]: [_trace.py]: atrace: 85:       DEBUG:    [send_request_body.complete]
[2024-08-17 11:37:58,674]: [_trace.py]: atrace: 85:       DEBUG:    [receive_response_headers.started request=<Request [b'POST']>]
[2024-08-17 11:37:59,968]: [_trace.py]: atrace: 85:       DEBUG:    [receive_response_headers.complete return_value=(b'HTTP/1.1', 200, b'OK', [(b'Server', b'nginx/1.18.0'), (b'Date', b'Sat, 17 Aug 2024 11:37:59 GMT'), (b'Content-Type', b'application/json'), (b'Content-Length', b'480'), (b'Connection', b'keep-alive'), (b'Strict-Transport-Security', b'max-age=31536000; includeSubDomains; preload'), (b'Access-Control-Allow-Origin', b'*'), (b'Access-Control-Allow-Methods', b'GET, POST, OPTIONS'), (b'Access-Control-Expose-Headers', b'Content-Length,Content-Type,Date,Server,Connection')])]
[2024-08-17 11:37:59,969]: [_client.py]: _send_single_request: 1773:       INFO:    [HTTP Request: POST https://api.telegram.org/bot6030805959:AAGUHAMxLYc-PrevgKouJ3ZyM7ktu56ftjo/sendDocument "HTTP/1.1 200 OK"]
[2024-08-17 11:37:59,969]: [_trace.py]: atrace: 85:       DEBUG:    [receive_response_body.started request=<Request [b'POST']>]
[2024-08-17 11:37:59,969]: [_trace.py]: atrace: 85:       DEBUG:    [receive_response_body.complete]
[2024-08-17 11:37:59,969]: [_trace.py]: atrace: 85:       DEBUG:    [response_closed.started]
[2024-08-17 11:37:59,969]: [_trace.py]: atrace: 85:       DEBUG:    [response_closed.complete]
[2024-08-17 11:37:59,969]: [_bot.py]: _do_post: 652:       DEBUG:    [Call to Bot API endpoint `sendDocument` finished with return value `{'message_id': 1810, 'from': {'id': 6030805959, 'is_bot': True, 'first_name': 'TyPHoone', 'username': 'TyPHoone_Project_bot'}, 'chat': {'id': -4119703192, 'title': 'Robocop', 'type': 'group', 'all_members_are_administrators': True}, 'date': 1723894679, 'document': {'file_name': '(2024_08_17--11_37)output.zip', 'mime_type': 'application/zip', 'file_id': 'BQACAgQAAxkDAAIHEmbAi5ewUQAB3c4Pezr39bahXVK9YAACLBUAAuDCCFLs__k0_Iq-pTUE', 'file_unique_id': 'AgADLBUAAuDCCFI', 'file_size': 10251070}}`]
[2024-08-17 11:37:59,970]: [_trace.py]: atrace: 85:       DEBUG:    [close.started]
[2024-08-17 11:37:59,970]: [_trace.py]: atrace: 85:       DEBUG:    [close.complete]
[2024-08-17 11:37:59,970]: [Telegram_Sender.py]: runner: 61:       INFO:    [sent successfully]
[2024-08-17 11:37:59,970]: [Main.py]: <module>: 48:       INFO:    [Finished]
