[2026-01-09 11:43:49,602]: [Main.py]: <module>: 21:       INFO:    [Started]
[2026-01-09 11:43:59,640]: [Iron_Scraper.py]: Scrap: 30:       CRITICAL:    [Scrapping Faild]
[2026-01-09 11:43:59,640]: [Iron_Scraper.py]: Scrap: 68:       CRITICAL:    [Something Went Wrong About Scraped Data]
[2026-01-09 11:43:59,640]: [Iron_Scraper.py]: Scrap: 81:       CRITICAL:    [Saving Data Failed]
[2026-01-09 11:43:59,640]: [Iron.py]: Run: 26:       INFO:    [Scraping Phase Completed]
[2026-01-09 11:43:59,641]: [Iron_Data_Processor.py]: Data_Reader: 61:       INFO:    [Data File Has Been Red Successfully]
[2026-01-09 11:43:59,641]: [Iron_Data_Processor.py]: Shaper: 78:       INFO:    [Data Shaped]
[2026-01-09 11:43:59,641]: [Iron_Data_Processor.py]: Process: 228:       INFO:    [Data Cleaned]
[2026-01-09 11:43:59,641]: [Iron_Data_Processor.py]: Make_Pages_Objects: 101:       INFO:    [Page Objects Has Been Made]
[2026-01-09 11:43:59,641]: [Iron_Data_Processor.py]: Make_Pages_Objects: 101:       INFO:    [Page Objects Has Been Made]
[2026-01-09 11:43:59,641]: [Iron_Data_Processor.py]: Load_Data: 118:       INFO:    [Data Has Been Load]
[2026-01-09 11:43:59,641]: [Iron_Data_Processor.py]: Load_Data: 118:       INFO:    [Data Has Been Load]
[2026-01-09 11:43:59,642]: [Iron_Data_Processor.py]: Load_positions: 140:       INFO:    [Positions Are Ready]
[2026-01-09 11:43:59,642]: [Iron_Data_Processor.py]: Load_positions: 140:       INFO:    [Positions Are Ready]
[2026-01-09 11:44:00,735]: [Iron_Data_Processor.py]: Make_Tagged_Images: 193:       INFO:    [Images Has Been Made]
[2026-01-09 11:44:01,639]: [Iron_Data_Processor.py]: Make_Tagged_Images: 193:       INFO:    [Images Has Been Made]
[2026-01-09 11:44:01,894]: [Iron_Data_Processor.py]: Make_Cover_Page: 215:       INFO:    [Made Cover Pages]
[2026-01-09 11:44:01,895]: [Iron.py]: Run: 29:       INFO:    [Imagination Phase Completed]
[2026-01-09 11:46:17,856]: [Phone_Scraper.py]: Scrap: 56:       CRITICAL:    [Couldent Scrap Data]
[2026-01-09 11:46:17,856]: [Phone_Scraper.py]: Scrap: 69:       CRITICAL:    [Couldent Save Scraped Data]
[2026-01-09 11:46:17,856]: [Phone.py]: Run: 26:       INFO:    [Scraping Phase Complete]
[2026-01-09 11:46:17,856]: [Phone_Data_Processor.py]: data_reader: 38:       INFO:    [Scraped Data Loaded]
[2026-01-09 11:46:17,856]: [Phone_Data_Processor.py]: filter_list: 65:       INFO:    [Persian Phrases Are deleted]
[2026-01-09 11:46:17,856]: [Phone_Data_Processor.py]: reshape_list: 85:       ERROR:    [Failed To Reshape Data]
[2026-01-09 11:46:17,856]: [Phone_Data_Processor.py]: separate_brands: 122:       CRITICAL:    [Couldnt Separate Brands From Each Other]
[2026-01-09 11:46:17,856]: [Phone_Data_Processor.py]: delete_extra_spaces: 141:       INFO:    [Extra Spaces Are Deleted]
[2026-01-09 11:46:17,857]: [Phone.py]: Run: 29:       INFO:    [Imagination Phase Complete]
[2026-01-09 11:46:17,857]: [selector_events.py]: __init__: 64:       DEBUG:    [Using selector: EpollSelector]
[2026-01-09 11:46:18,074]: [_bot.py]: _do_post: 643:       DEBUG:    [Calling Bot API endpoint `getMe` with parameters `{}`]
[2026-01-09 11:46:18,079]: [_trace.py]: atrace: 87:       DEBUG:    [connect_tcp.started host='api.telegram.org' port=443 local_address=None timeout=5.0 socket_options=None]
[2026-01-09 11:46:18,280]: [_trace.py]: atrace: 87:       DEBUG:    [connect_tcp.complete return_value=<httpcore._backends.anyio.AnyIOStream object at 0x7f7ad2aef6b0>]
[2026-01-09 11:46:18,280]: [_trace.py]: atrace: 87:       DEBUG:    [start_tls.started ssl_context=<ssl.SSLContext object at 0x7f7ad2abdc50> server_hostname='api.telegram.org' timeout=5.0]
[2026-01-09 11:46:18,369]: [_trace.py]: atrace: 87:       DEBUG:    [start_tls.complete return_value=<httpcore._backends.anyio.AnyIOStream object at 0x7f7ae0821b20>]
[2026-01-09 11:46:18,369]: [_trace.py]: atrace: 87:       DEBUG:    [send_request_headers.started request=<Request [b'POST']>]
[2026-01-09 11:46:18,370]: [_trace.py]: atrace: 87:       DEBUG:    [send_request_headers.complete]
[2026-01-09 11:46:18,370]: [_trace.py]: atrace: 87:       DEBUG:    [send_request_body.started request=<Request [b'POST']>]
[2026-01-09 11:46:18,370]: [_trace.py]: atrace: 87:       DEBUG:    [send_request_body.complete]
[2026-01-09 11:46:18,370]: [_trace.py]: atrace: 87:       DEBUG:    [receive_response_headers.started request=<Request [b'POST']>]
[2026-01-09 11:46:18,458]: [_trace.py]: atrace: 87:       DEBUG:    [receive_response_headers.complete return_value=(b'HTTP/1.1', 200, b'OK', [(b'Server', b'nginx/1.18.0'), (b'Date', b'Fri, 09 Jan 2026 11:46:18 GMT'), (b'Content-Type', b'application/json'), (b'Content-Length', b'285'), (b'Connection', b'keep-alive'), (b'Strict-Transport-Security', b'max-age=31536000; includeSubDomains; preload'), (b'Access-Control-Allow-Origin', b'*'), (b'Access-Control-Allow-Methods', b'GET, POST, OPTIONS'), (b'Access-Control-Expose-Headers', b'Content-Length,Content-Type,Date,Server,Connection')])]
[2026-01-09 11:46:18,458]: [_client.py]: _send_single_request: 1740:       INFO:    [HTTP Request: POST https://api.telegram.org/bot6030805959:AAGUHAMxLYc-PrevgKouJ3ZyM7ktu56ftjo/getMe "HTTP/1.1 200 OK"]
[2026-01-09 11:46:18,459]: [_trace.py]: atrace: 87:       DEBUG:    [receive_response_body.started request=<Request [b'POST']>]
[2026-01-09 11:46:18,459]: [_trace.py]: atrace: 87:       DEBUG:    [receive_response_body.complete]
[2026-01-09 11:46:18,459]: [_trace.py]: atrace: 87:       DEBUG:    [response_closed.started]
[2026-01-09 11:46:18,459]: [_trace.py]: atrace: 87:       DEBUG:    [response_closed.complete]
[2026-01-09 11:46:18,459]: [_bot.py]: _do_post: 652:       DEBUG:    [Call to Bot API endpoint `getMe` finished with return value `{'id': 6030805959, 'is_bot': True, 'first_name': 'TyPHoone', 'username': 'TyPHoone_Project_bot', 'can_join_groups': True, 'can_read_all_group_messages': False, 'supports_inline_queries': False, 'can_connect_to_business': False, 'has_main_web_app': False, 'has_topics_enabled': False}`]
[2026-01-09 11:46:18,462]: [_bot.py]: _do_post: 643:       DEBUG:    [Calling Bot API endpoint `sendDocument` with parameters `{'chat_id': '-4119703192', 'document': <telegram._files.inputfile.InputFile object at 0x7f7ae07dd640>}`]
[2026-01-09 11:46:18,463]: [_trace.py]: atrace: 87:       DEBUG:    [send_request_headers.started request=<Request [b'POST']>]
[2026-01-09 11:46:18,463]: [_trace.py]: atrace: 87:       DEBUG:    [send_request_headers.complete]
[2026-01-09 11:46:18,463]: [_trace.py]: atrace: 87:       DEBUG:    [send_request_body.started request=<Request [b'POST']>]
[2026-01-09 11:46:18,464]: [_trace.py]: atrace: 87:       DEBUG:    [send_request_body.complete]
[2026-01-09 11:46:18,464]: [_trace.py]: atrace: 87:       DEBUG:    [receive_response_headers.started request=<Request [b'POST']>]
[2026-01-09 11:46:18,688]: [_trace.py]: atrace: 87:       DEBUG:    [receive_response_headers.complete return_value=(b'HTTP/1.1', 200, b'OK', [(b'Server', b'nginx/1.18.0'), (b'Date', b'Fri, 09 Jan 2026 11:46:18 GMT'), (b'Content-Type', b'application/json'), (b'Content-Length', b'612'), (b'Connection', b'keep-alive'), (b'Strict-Transport-Security', b'max-age=31536000; includeSubDomains; preload'), (b'Access-Control-Allow-Origin', b'*'), (b'Access-Control-Allow-Methods', b'GET, POST, OPTIONS'), (b'Access-Control-Expose-Headers', b'Content-Length,Content-Type,Date,Server,Connection')])]
[2026-01-09 11:46:18,688]: [_client.py]: _send_single_request: 1740:       INFO:    [HTTP Request: POST https://api.telegram.org/bot6030805959:AAGUHAMxLYc-PrevgKouJ3ZyM7ktu56ftjo/sendDocument "HTTP/1.1 200 OK"]
[2026-01-09 11:46:18,688]: [_trace.py]: atrace: 87:       DEBUG:    [receive_response_body.started request=<Request [b'POST']>]
[2026-01-09 11:46:18,688]: [_trace.py]: atrace: 87:       DEBUG:    [receive_response_body.complete]
[2026-01-09 11:46:18,689]: [_trace.py]: atrace: 87:       DEBUG:    [response_closed.started]
[2026-01-09 11:46:18,689]: [_trace.py]: atrace: 87:       DEBUG:    [response_closed.complete]
[2026-01-09 11:46:18,689]: [_bot.py]: _do_post: 652:       DEBUG:    [Call to Bot API endpoint `sendDocument` finished with return value `{'message_id': 2849, 'from': {'id': 6030805959, 'is_bot': True, 'first_name': 'TyPHoone', 'username': 'TyPHoone_Project_bot'}, 'chat': {'id': -4119703192, 'title': 'Robocop', 'type': 'group', 'all_members_are_administrators': True, 'accepted_gift_types': {'unlimited_gifts': False, 'limited_gifts': False, 'unique_gifts': False, 'premium_subscription': False, 'gifts_from_channels': False}}, 'date': 1767959178, 'document': {'file_name': '(2026_01_09--11_43).log', 'mime_type': 'text/plain', 'file_id': 'BQACAgQAAxkDAAILIWlg6oqts90Q9o2apzyhU7L1zLWIAAJUGwACfFMIU9twb-LJUxnJOAQ', 'file_unique_id': 'AgADVBsAAnxTCFM', 'file_size': 6022}}`]
[2026-01-09 11:46:18,690]: [_trace.py]: atrace: 87:       DEBUG:    [close.started]
[2026-01-09 11:46:18,690]: [_trace.py]: atrace: 87:       DEBUG:    [close.complete]
[2026-01-09 11:46:18,730]: [_bot.py]: _do_post: 643:       DEBUG:    [Calling Bot API endpoint `getMe` with parameters `{}`]
[2026-01-09 11:46:18,731]: [_trace.py]: atrace: 87:       DEBUG:    [connect_tcp.started host='api.telegram.org' port=443 local_address=None timeout=5.0 socket_options=None]
[2026-01-09 11:46:18,824]: [_trace.py]: atrace: 87:       DEBUG:    [connect_tcp.complete return_value=<httpcore._backends.anyio.AnyIOStream object at 0x7f7ad2a110a0>]
[2026-01-09 11:46:18,824]: [_trace.py]: atrace: 87:       DEBUG:    [start_tls.started ssl_context=<ssl.SSLContext object at 0x7f7ad2abdb50> server_hostname='api.telegram.org' timeout=5.0]
[2026-01-09 11:46:18,917]: [_trace.py]: atrace: 87:       DEBUG:    [start_tls.complete return_value=<httpcore._backends.anyio.AnyIOStream object at 0x7f7ad2f1a870>]
[2026-01-09 11:46:18,918]: [_trace.py]: atrace: 87:       DEBUG:    [send_request_headers.started request=<Request [b'POST']>]
[2026-01-09 11:46:18,918]: [_trace.py]: atrace: 87:       DEBUG:    [send_request_headers.complete]
[2026-01-09 11:46:18,918]: [_trace.py]: atrace: 87:       DEBUG:    [send_request_body.started request=<Request [b'POST']>]
[2026-01-09 11:46:18,918]: [_trace.py]: atrace: 87:       DEBUG:    [send_request_body.complete]
[2026-01-09 11:46:18,918]: [_trace.py]: atrace: 87:       DEBUG:    [receive_response_headers.started request=<Request [b'POST']>]
[2026-01-09 11:46:19,030]: [_trace.py]: atrace: 87:       DEBUG:    [receive_response_headers.complete return_value=(b'HTTP/1.1', 200, b'OK', [(b'Server', b'nginx/1.18.0'), (b'Date', b'Fri, 09 Jan 2026 11:46:18 GMT'), (b'Content-Type', b'application/json'), (b'Content-Length', b'285'), (b'Connection', b'keep-alive'), (b'Strict-Transport-Security', b'max-age=31536000; includeSubDomains; preload'), (b'Access-Control-Allow-Origin', b'*'), (b'Access-Control-Allow-Methods', b'GET, POST, OPTIONS'), (b'Access-Control-Expose-Headers', b'Content-Length,Content-Type,Date,Server,Connection')])]
[2026-01-09 11:46:19,031]: [_client.py]: _send_single_request: 1740:       INFO:    [HTTP Request: POST https://api.telegram.org/bot6030805959:AAGUHAMxLYc-PrevgKouJ3ZyM7ktu56ftjo/getMe "HTTP/1.1 200 OK"]
[2026-01-09 11:46:19,031]: [_trace.py]: atrace: 87:       DEBUG:    [receive_response_body.started request=<Request [b'POST']>]
[2026-01-09 11:46:19,031]: [_trace.py]: atrace: 87:       DEBUG:    [receive_response_body.complete]
[2026-01-09 11:46:19,031]: [_trace.py]: atrace: 87:       DEBUG:    [response_closed.started]
[2026-01-09 11:46:19,031]: [_trace.py]: atrace: 87:       DEBUG:    [response_closed.complete]
[2026-01-09 11:46:19,031]: [_bot.py]: _do_post: 652:       DEBUG:    [Call to Bot API endpoint `getMe` finished with return value `{'id': 6030805959, 'is_bot': True, 'first_name': 'TyPHoone', 'username': 'TyPHoone_Project_bot', 'can_join_groups': True, 'can_read_all_group_messages': False, 'supports_inline_queries': False, 'can_connect_to_business': False, 'has_main_web_app': False, 'has_topics_enabled': False}`]
[2026-01-09 11:46:19,032]: [_bot.py]: _do_post: 643:       DEBUG:    [Calling Bot API endpoint `sendDocument` with parameters `{'chat_id': '-4119703192', 'document': <telegram._files.inputfile.InputFile object at 0x7f7ad2ae8ec0>}`]
[2026-01-09 11:46:19,033]: [_trace.py]: atrace: 87:       DEBUG:    [send_request_headers.started request=<Request [b'POST']>]
[2026-01-09 11:46:19,033]: [_trace.py]: atrace: 87:       DEBUG:    [send_request_headers.complete]
[2026-01-09 11:46:19,033]: [_trace.py]: atrace: 87:       DEBUG:    [send_request_body.started request=<Request [b'POST']>]
[2026-01-09 11:46:19,860]: [_trace.py]: atrace: 87:       DEBUG:    [send_request_body.complete]
[2026-01-09 11:46:19,860]: [_trace.py]: atrace: 87:       DEBUG:    [receive_response_headers.started request=<Request [b'POST']>]
[2026-01-09 11:46:20,469]: [_trace.py]: atrace: 87:       DEBUG:    [receive_response_headers.complete return_value=(b'HTTP/1.1', 200, b'OK', [(b'Server', b'nginx/1.18.0'), (b'Date', b'Fri, 09 Jan 2026 11:46:20 GMT'), (b'Content-Type', b'application/json'), (b'Content-Length', b'626'), (b'Connection', b'keep-alive'), (b'Strict-Transport-Security', b'max-age=31536000; includeSubDomains; preload'), (b'Access-Control-Allow-Origin', b'*'), (b'Access-Control-Allow-Methods', b'GET, POST, OPTIONS'), (b'Access-Control-Expose-Headers', b'Content-Length,Content-Type,Date,Server,Connection')])]
[2026-01-09 11:46:20,470]: [_client.py]: _send_single_request: 1740:       INFO:    [HTTP Request: POST https://api.telegram.org/bot6030805959:AAGUHAMxLYc-PrevgKouJ3ZyM7ktu56ftjo/sendDocument "HTTP/1.1 200 OK"]
[2026-01-09 11:46:20,470]: [_trace.py]: atrace: 87:       DEBUG:    [receive_response_body.started request=<Request [b'POST']>]
[2026-01-09 11:46:20,470]: [_trace.py]: atrace: 87:       DEBUG:    [receive_response_body.complete]
[2026-01-09 11:46:20,470]: [_trace.py]: atrace: 87:       DEBUG:    [response_closed.started]
[2026-01-09 11:46:20,470]: [_trace.py]: atrace: 87:       DEBUG:    [response_closed.complete]
[2026-01-09 11:46:20,470]: [_bot.py]: _do_post: 652:       DEBUG:    [Call to Bot API endpoint `sendDocument` finished with return value `{'message_id': 2850, 'from': {'id': 6030805959, 'is_bot': True, 'first_name': 'TyPHoone', 'username': 'TyPHoone_Project_bot'}, 'chat': {'id': -4119703192, 'title': 'Robocop', 'type': 'group', 'all_members_are_administrators': True, 'accepted_gift_types': {'unlimited_gifts': False, 'limited_gifts': False, 'unique_gifts': False, 'premium_subscription': False, 'gifts_from_channels': False}}, 'date': 1767959180, 'document': {'file_name': '(2026_01_09--11_43)output.zip', 'mime_type': 'application/zip', 'file_id': 'BQACAgQAAxkDAAILImlg6oyatt_wu2oBPDr0VoCV7oD3AAJVGwACfFMIUz49qJtOHfJQOAQ', 'file_unique_id': 'AgADVRsAAnxTCFM', 'file_size': 7850642}}`]
[2026-01-09 11:46:20,471]: [_trace.py]: atrace: 87:       DEBUG:    [close.started]
[2026-01-09 11:46:20,471]: [_trace.py]: atrace: 87:       DEBUG:    [close.complete]
[2026-01-09 11:46:20,471]: [Telegram_Sender.py]: runner: 61:       INFO:    [sent successfully]
[2026-01-09 11:46:20,472]: [Main.py]: <module>: 48:       INFO:    [Finished]
