[2026-01-31 11:46:06,423]: [Main.py]: <module>: 21:       INFO:    [Started]
[2026-01-31 11:46:08,798]: [Iron_Scraper.py]: Scrap: 32:       INFO:    [Data Scaraped Successfully]
[2026-01-31 11:46:09,000]: [Iron_Scraper.py]: Scrap: 70:       INFO:    [Scrapped Data Has No Problem]
[2026-01-31 11:46:09,000]: [Iron_Scraper.py]: Scrap: 83:       INFO:    [Data Saved Successfully]
[2026-01-31 11:46:09,000]: [Iron.py]: Run: 26:       INFO:    [Scraping Phase Completed]
[2026-01-31 11:46:09,000]: [Iron_Data_Processor.py]: Data_Reader: 61:       INFO:    [Data File Has Been Red Successfully]
[2026-01-31 11:46:09,000]: [Iron_Data_Processor.py]: Shaper: 78:       INFO:    [Data Shaped]
[2026-01-31 11:46:09,001]: [Iron_Data_Processor.py]: Process: 228:       INFO:    [Data Cleaned]
[2026-01-31 11:46:09,001]: [Iron_Data_Processor.py]: Make_Pages_Objects: 101:       INFO:    [Page Objects Has Been Made]
[2026-01-31 11:46:09,001]: [Iron_Data_Processor.py]: Make_Pages_Objects: 101:       INFO:    [Page Objects Has Been Made]
[2026-01-31 11:46:09,001]: [Iron_Data_Processor.py]: Load_Data: 118:       INFO:    [Data Has Been Load]
[2026-01-31 11:46:09,001]: [Iron_Data_Processor.py]: Load_Data: 118:       INFO:    [Data Has Been Load]
[2026-01-31 11:46:09,001]: [Iron_Data_Processor.py]: Load_positions: 140:       INFO:    [Positions Are Ready]
[2026-01-31 11:46:09,002]: [Iron_Data_Processor.py]: Load_positions: 140:       INFO:    [Positions Are Ready]
[2026-01-31 11:46:10,118]: [Iron_Data_Processor.py]: Make_Tagged_Images: 193:       INFO:    [Images Has Been Made]
[2026-01-31 11:46:11,060]: [Iron_Data_Processor.py]: Make_Tagged_Images: 193:       INFO:    [Images Has Been Made]
[2026-01-31 11:46:11,314]: [Iron_Data_Processor.py]: Make_Cover_Page: 215:       INFO:    [Made Cover Pages]
[2026-01-31 11:46:11,315]: [Iron.py]: Run: 29:       INFO:    [Imagination Phase Completed]
[2026-01-31 11:46:15,656]: [Phone_Scraper.py]: Scrap: 58:       INFO:    [Data Scraped]
[2026-01-31 11:46:15,656]: [Phone_Scraper.py]: Scrap: 71:       INFO:    [Scraped Data Successfully]
[2026-01-31 11:46:15,656]: [Phone.py]: Run: 26:       INFO:    [Scraping Phase Complete]
[2026-01-31 11:46:15,656]: [Phone_Data_Processor.py]: data_reader: 38:       INFO:    [Scraped Data Loaded]
[2026-01-31 11:46:15,657]: [Phone_Data_Processor.py]: filter_list: 65:       INFO:    [Persian Phrases Are deleted]
[2026-01-31 11:46:15,657]: [Phone_Data_Processor.py]: reshape_list: 87:       INFO:    [Date Reshaped]
[2026-01-31 11:46:15,658]: [Phone_Data_Processor.py]: separate_brands: 124:       INFO:    [Brands Are Separated]
[2026-01-31 11:46:15,658]: [Phone_Data_Processor.py]: delete_extra_spaces: 141:       INFO:    [Extra Spaces Are Deleted]
[2026-01-31 11:46:16,277]: [Phone.py]: Run: 29:       INFO:    [Imagination Phase Complete]
[2026-01-31 11:46:16,278]: [selector_events.py]: __init__: 64:       DEBUG:    [Using selector: EpollSelector]
[2026-01-31 11:46:16,546]: [_bot.py]: _do_post: 643:       DEBUG:    [Calling Bot API endpoint `getMe` with parameters `{}`]
[2026-01-31 11:46:16,551]: [_trace.py]: atrace: 87:       DEBUG:    [connect_tcp.started host='api.telegram.org' port=443 local_address=None timeout=5.0 socket_options=None]
[2026-01-31 11:46:16,841]: [_trace.py]: atrace: 87:       DEBUG:    [connect_tcp.complete return_value=<httpcore._backends.anyio.AnyIOStream object at 0x7f3f9cf03e30>]
[2026-01-31 11:46:16,841]: [_trace.py]: atrace: 87:       DEBUG:    [start_tls.started ssl_context=<ssl.SSLContext object at 0x7f3f9d3c1c50> server_hostname='api.telegram.org' timeout=5.0]
[2026-01-31 11:46:16,980]: [_trace.py]: atrace: 87:       DEBUG:    [start_tls.complete return_value=<httpcore._backends.anyio.AnyIOStream object at 0x7f3f9d6d8c20>]
[2026-01-31 11:46:16,980]: [_trace.py]: atrace: 87:       DEBUG:    [send_request_headers.started request=<Request [b'POST']>]
[2026-01-31 11:46:16,980]: [_trace.py]: atrace: 87:       DEBUG:    [send_request_headers.complete]
[2026-01-31 11:46:16,980]: [_trace.py]: atrace: 87:       DEBUG:    [send_request_body.started request=<Request [b'POST']>]
[2026-01-31 11:46:16,980]: [_trace.py]: atrace: 87:       DEBUG:    [send_request_body.complete]
[2026-01-31 11:46:16,980]: [_trace.py]: atrace: 87:       DEBUG:    [receive_response_headers.started request=<Request [b'POST']>]
[2026-01-31 11:46:17,117]: [_trace.py]: atrace: 87:       DEBUG:    [receive_response_headers.complete return_value=(b'HTTP/1.1', 200, b'OK', [(b'Server', b'nginx/1.18.0'), (b'Date', b'Sat, 31 Jan 2026 11:46:17 GMT'), (b'Content-Type', b'application/json'), (b'Content-Length', b'341'), (b'Connection', b'keep-alive'), (b'Strict-Transport-Security', b'max-age=31536000; includeSubDomains; preload'), (b'Access-Control-Allow-Origin', b'*'), (b'Access-Control-Allow-Methods', b'GET, POST, OPTIONS'), (b'Access-Control-Expose-Headers', b'Content-Length,Content-Type,Date,Server,Connection')])]
[2026-01-31 11:46:17,118]: [_client.py]: _send_single_request: 1740:       INFO:    [HTTP Request: POST https://api.telegram.org/bot6030805959:AAGUHAMxLYc-PrevgKouJ3ZyM7ktu56ftjo/getMe "HTTP/1.1 200 OK"]
[2026-01-31 11:46:17,118]: [_trace.py]: atrace: 87:       DEBUG:    [receive_response_body.started request=<Request [b'POST']>]
[2026-01-31 11:46:17,118]: [_trace.py]: atrace: 87:       DEBUG:    [receive_response_body.complete]
[2026-01-31 11:46:17,118]: [_trace.py]: atrace: 87:       DEBUG:    [response_closed.started]
[2026-01-31 11:46:17,118]: [_trace.py]: atrace: 87:       DEBUG:    [response_closed.complete]
[2026-01-31 11:46:17,118]: [_bot.py]: _do_post: 652:       DEBUG:    [Call to Bot API endpoint `getMe` finished with return value `{'id': 6030805959, 'is_bot': True, 'first_name': 'e⚠️⚠️ Hack By Miku e⚠️⚠️', 'username': 'TyPHoone_Project_bot', 'can_join_groups': True, 'can_read_all_group_messages': False, 'supports_inline_queries': False, 'can_connect_to_business': False, 'has_main_web_app': False, 'has_topics_enabled': False}`]
[2026-01-31 11:46:17,122]: [_bot.py]: _do_post: 643:       DEBUG:    [Calling Bot API endpoint `sendDocument` with parameters `{'chat_id': '-4119703192', 'document': <telegram._files.inputfile.InputFile object at 0x7f3f9c96dac0>}`]
[2026-01-31 11:46:17,122]: [_trace.py]: atrace: 87:       DEBUG:    [send_request_headers.started request=<Request [b'POST']>]
[2026-01-31 11:46:17,123]: [_trace.py]: atrace: 87:       DEBUG:    [send_request_headers.complete]
[2026-01-31 11:46:17,123]: [_trace.py]: atrace: 87:       DEBUG:    [send_request_body.started request=<Request [b'POST']>]
[2026-01-31 11:46:17,123]: [_trace.py]: atrace: 87:       DEBUG:    [send_request_body.complete]
[2026-01-31 11:46:17,123]: [_trace.py]: atrace: 87:       DEBUG:    [receive_response_headers.started request=<Request [b'POST']>]
[2026-01-31 11:46:17,562]: [_trace.py]: atrace: 87:       DEBUG:    [receive_response_headers.complete return_value=(b'HTTP/1.1', 400, b'Bad Request', [(b'Server', b'nginx/1.18.0'), (b'Date', b'Sat, 31 Jan 2026 11:46:17 GMT'), (b'Content-Type', b'application/json'), (b'Content-Length', b'74'), (b'Connection', b'keep-alive'), (b'Strict-Transport-Security', b'max-age=31536000; includeSubDomains; preload'), (b'Access-Control-Allow-Origin', b'*'), (b'Access-Control-Expose-Headers', b'Content-Length,Content-Type,Date,Server,Connection')])]
[2026-01-31 11:46:17,562]: [_client.py]: _send_single_request: 1740:       INFO:    [HTTP Request: POST https://api.telegram.org/bot6030805959:AAGUHAMxLYc-PrevgKouJ3ZyM7ktu56ftjo/sendDocument "HTTP/1.1 400 Bad Request"]
[2026-01-31 11:46:17,562]: [_trace.py]: atrace: 87:       DEBUG:    [receive_response_body.started request=<Request [b'POST']>]
[2026-01-31 11:46:17,562]: [_trace.py]: atrace: 87:       DEBUG:    [receive_response_body.complete]
[2026-01-31 11:46:17,562]: [_trace.py]: atrace: 87:       DEBUG:    [response_closed.started]
[2026-01-31 11:46:17,562]: [_trace.py]: atrace: 87:       DEBUG:    [response_closed.complete]
[2026-01-31 11:46:17,563]: [_trace.py]: atrace: 87:       DEBUG:    [close.started]
[2026-01-31 11:46:17,563]: [_trace.py]: atrace: 87:       DEBUG:    [close.complete]
[2026-01-31 11:46:17,563]: [Telegram_Sender.py]: runner: 59:       CRITICAL:    [didnt sent]
[2026-01-31 11:46:17,564]: [Main.py]: <module>: 48:       INFO:    [Finished]
