[2025-08-09 11:40:43,102]: [Main.py]: <module>: 21:       INFO:    [Started]
[2025-08-09 11:40:44,704]: [Iron_Scraper.py]: Scrap: 32:       INFO:    [Data Scaraped Successfully]
[2025-08-09 11:40:44,901]: [Iron_Scraper.py]: Scrap: 70:       INFO:    [Scrapped Data Has No Problem]
[2025-08-09 11:40:44,902]: [Iron_Scraper.py]: Scrap: 83:       INFO:    [Data Saved Successfully]
[2025-08-09 11:40:44,902]: [Iron.py]: Run: 26:       INFO:    [Scraping Phase Completed]
[2025-08-09 11:40:44,902]: [Iron_Data_Processor.py]: Data_Reader: 61:       INFO:    [Data File Has Been Red Successfully]
[2025-08-09 11:40:44,902]: [Iron_Data_Processor.py]: Shaper: 78:       INFO:    [Data Shaped]
[2025-08-09 11:40:44,902]: [Iron_Data_Processor.py]: Process: 228:       INFO:    [Data Cleaned]
[2025-08-09 11:40:44,902]: [Iron_Data_Processor.py]: Make_Pages_Objects: 101:       INFO:    [Page Objects Has Been Made]
[2025-08-09 11:40:44,903]: [Iron_Data_Processor.py]: Make_Pages_Objects: 101:       INFO:    [Page Objects Has Been Made]
[2025-08-09 11:40:44,903]: [Iron_Data_Processor.py]: Load_Data: 118:       INFO:    [Data Has Been Load]
[2025-08-09 11:40:44,903]: [Iron_Data_Processor.py]: Load_Data: 118:       INFO:    [Data Has Been Load]
[2025-08-09 11:40:44,903]: [Iron_Data_Processor.py]: Load_positions: 140:       INFO:    [Positions Are Ready]
[2025-08-09 11:40:44,903]: [Iron_Data_Processor.py]: Load_positions: 140:       INFO:    [Positions Are Ready]
[2025-08-09 11:40:46,013]: [Iron_Data_Processor.py]: Make_Tagged_Images: 193:       INFO:    [Images Has Been Made]
[2025-08-09 11:40:46,954]: [Iron_Data_Processor.py]: Make_Tagged_Images: 193:       INFO:    [Images Has Been Made]
[2025-08-09 11:40:47,209]: [Iron_Data_Processor.py]: Make_Cover_Page: 215:       INFO:    [Made Cover Pages]
[2025-08-09 11:40:47,210]: [Iron.py]: Run: 29:       INFO:    [Imagination Phase Completed]
[2025-08-09 11:40:50,561]: [Phone_Scraper.py]: Scrap: 58:       INFO:    [Data Scraped]
[2025-08-09 11:40:50,562]: [Phone_Scraper.py]: Scrap: 71:       INFO:    [Scraped Data Successfully]
[2025-08-09 11:40:50,562]: [Phone.py]: Run: 26:       INFO:    [Scraping Phase Complete]
[2025-08-09 11:40:50,562]: [Phone_Data_Processor.py]: data_reader: 38:       INFO:    [Scraped Data Loaded]
[2025-08-09 11:40:50,563]: [Phone_Data_Processor.py]: filter_list: 65:       INFO:    [Persian Phrases Are deleted]
[2025-08-09 11:40:50,564]: [Phone_Data_Processor.py]: reshape_list: 87:       INFO:    [Date Reshaped]
[2025-08-09 11:40:50,564]: [Phone_Data_Processor.py]: separate_brands: 124:       INFO:    [Brands Are Separated]
[2025-08-09 11:40:50,564]: [Phone_Data_Processor.py]: delete_extra_spaces: 141:       INFO:    [Extra Spaces Are Deleted]
[2025-08-09 11:40:51,348]: [Phone.py]: Run: 29:       INFO:    [Imagination Phase Complete]
[2025-08-09 11:40:51,348]: [selector_events.py]: __init__: 64:       DEBUG:    [Using selector: EpollSelector]
[2025-08-09 11:40:51,627]: [_bot.py]: _do_post: 643:       DEBUG:    [Calling Bot API endpoint `getMe` with parameters `{}`]
[2025-08-09 11:40:51,632]: [_trace.py]: atrace: 87:       DEBUG:    [connect_tcp.started host='api.telegram.org' port=443 local_address=None timeout=5.0 socket_options=None]
[2025-08-09 11:40:51,901]: [_trace.py]: atrace: 87:       DEBUG:    [connect_tcp.complete return_value=<httpcore._backends.anyio.AnyIOStream object at 0x7fc77e563200>]
[2025-08-09 11:40:51,902]: [_trace.py]: atrace: 87:       DEBUG:    [start_tls.started ssl_context=<ssl.SSLContext object at 0x7fc77e4b9bd0> server_hostname='api.telegram.org' timeout=5.0]
[2025-08-09 11:40:51,989]: [_trace.py]: atrace: 87:       DEBUG:    [start_tls.complete return_value=<httpcore._backends.anyio.AnyIOStream object at 0x7fc77e69be30>]
[2025-08-09 11:40:51,989]: [_trace.py]: atrace: 87:       DEBUG:    [send_request_headers.started request=<Request [b'POST']>]
[2025-08-09 11:40:51,990]: [_trace.py]: atrace: 87:       DEBUG:    [send_request_headers.complete]
[2025-08-09 11:40:51,990]: [_trace.py]: atrace: 87:       DEBUG:    [send_request_body.started request=<Request [b'POST']>]
[2025-08-09 11:40:51,990]: [_trace.py]: atrace: 87:       DEBUG:    [send_request_body.complete]
[2025-08-09 11:40:51,990]: [_trace.py]: atrace: 87:       DEBUG:    [receive_response_headers.started request=<Request [b'POST']>]
[2025-08-09 11:40:52,075]: [_trace.py]: atrace: 87:       DEBUG:    [receive_response_headers.complete return_value=(b'HTTP/1.1', 200, b'OK', [(b'Server', b'nginx/1.18.0'), (b'Date', b'Sat, 09 Aug 2025 11:40:52 GMT'), (b'Content-Type', b'application/json'), (b'Content-Length', b'258'), (b'Connection', b'keep-alive'), (b'Strict-Transport-Security', b'max-age=31536000; includeSubDomains; preload'), (b'Access-Control-Allow-Origin', b'*'), (b'Access-Control-Allow-Methods', b'GET, POST, OPTIONS'), (b'Access-Control-Expose-Headers', b'Content-Length,Content-Type,Date,Server,Connection')])]
[2025-08-09 11:40:52,075]: [_client.py]: _send_single_request: 1740:       INFO:    [HTTP Request: POST https://api.telegram.org/bot6030805959:AAGUHAMxLYc-PrevgKouJ3ZyM7ktu56ftjo/getMe "HTTP/1.1 200 OK"]
[2025-08-09 11:40:52,075]: [_trace.py]: atrace: 87:       DEBUG:    [receive_response_body.started request=<Request [b'POST']>]
[2025-08-09 11:40:52,076]: [_trace.py]: atrace: 87:       DEBUG:    [receive_response_body.complete]
[2025-08-09 11:40:52,076]: [_trace.py]: atrace: 87:       DEBUG:    [response_closed.started]
[2025-08-09 11:40:52,076]: [_trace.py]: atrace: 87:       DEBUG:    [response_closed.complete]
[2025-08-09 11:40:52,076]: [_bot.py]: _do_post: 652:       DEBUG:    [Call to Bot API endpoint `getMe` finished with return value `{'id': 6030805959, 'is_bot': True, 'first_name': 'TyPHoone', 'username': 'TyPHoone_Project_bot', 'can_join_groups': True, 'can_read_all_group_messages': False, 'supports_inline_queries': False, 'can_connect_to_business': False, 'has_main_web_app': False}`]
[2025-08-09 11:40:52,079]: [_bot.py]: _do_post: 643:       DEBUG:    [Calling Bot API endpoint `sendDocument` with parameters `{'chat_id': '-4119703192', 'document': <telegram._files.inputfile.InputFile object at 0x7fc77d931a00>}`]
[2025-08-09 11:40:52,079]: [_trace.py]: atrace: 87:       DEBUG:    [send_request_headers.started request=<Request [b'POST']>]
[2025-08-09 11:40:52,079]: [_trace.py]: atrace: 87:       DEBUG:    [send_request_headers.complete]
[2025-08-09 11:40:52,079]: [_trace.py]: atrace: 87:       DEBUG:    [send_request_body.started request=<Request [b'POST']>]
[2025-08-09 11:40:52,080]: [_trace.py]: atrace: 87:       DEBUG:    [send_request_body.complete]
[2025-08-09 11:40:52,080]: [_trace.py]: atrace: 87:       DEBUG:    [receive_response_headers.started request=<Request [b'POST']>]
[2025-08-09 11:40:52,299]: [_trace.py]: atrace: 87:       DEBUG:    [receive_response_headers.complete return_value=(b'HTTP/1.1', 200, b'OK', [(b'Server', b'nginx/1.18.0'), (b'Date', b'Sat, 09 Aug 2025 11:40:52 GMT'), (b'Content-Type', b'application/json'), (b'Content-Length', b'584'), (b'Connection', b'keep-alive'), (b'Strict-Transport-Security', b'max-age=31536000; includeSubDomains; preload'), (b'Access-Control-Allow-Origin', b'*'), (b'Access-Control-Allow-Methods', b'GET, POST, OPTIONS'), (b'Access-Control-Expose-Headers', b'Content-Length,Content-Type,Date,Server,Connection')])]
[2025-08-09 11:40:52,299]: [_client.py]: _send_single_request: 1740:       INFO:    [HTTP Request: POST https://api.telegram.org/bot6030805959:AAGUHAMxLYc-PrevgKouJ3ZyM7ktu56ftjo/sendDocument "HTTP/1.1 200 OK"]
[2025-08-09 11:40:52,300]: [_trace.py]: atrace: 87:       DEBUG:    [receive_response_body.started request=<Request [b'POST']>]
[2025-08-09 11:40:52,300]: [_trace.py]: atrace: 87:       DEBUG:    [receive_response_body.complete]
[2025-08-09 11:40:52,300]: [_trace.py]: atrace: 87:       DEBUG:    [response_closed.started]
[2025-08-09 11:40:52,300]: [_trace.py]: atrace: 87:       DEBUG:    [response_closed.complete]
[2025-08-09 11:40:52,300]: [_bot.py]: _do_post: 652:       DEBUG:    [Call to Bot API endpoint `sendDocument` finished with return value `{'message_id': 2531, 'from': {'id': 6030805959, 'is_bot': True, 'first_name': 'TyPHoone', 'username': 'TyPHoone_Project_bot'}, 'chat': {'id': -4119703192, 'title': 'Robocop', 'type': 'group', 'all_members_are_administrators': True, 'accepted_gift_types': {'unlimited_gifts': False, 'limited_gifts': False, 'unique_gifts': False, 'premium_subscription': False}}, 'date': 1754739652, 'document': {'file_name': '(2025_08_09--11_40).log', 'mime_type': 'text/plain', 'file_id': 'BQACAgQAAxkDAAIJ42iXM8T3Ew4lBnEHR_8BLUE1eKVNAALwGwACbODBUMwir9Bsc77uNgQ', 'file_unique_id': 'AgAD8BsAAmzgwVA', 'file_size': 5937}}`]
[2025-08-09 11:40:52,301]: [_trace.py]: atrace: 87:       DEBUG:    [close.started]
[2025-08-09 11:40:52,301]: [_trace.py]: atrace: 87:       DEBUG:    [close.complete]
[2025-08-09 11:40:52,344]: [_bot.py]: _do_post: 643:       DEBUG:    [Calling Bot API endpoint `getMe` with parameters `{}`]
[2025-08-09 11:40:52,344]: [_trace.py]: atrace: 87:       DEBUG:    [connect_tcp.started host='api.telegram.org' port=443 local_address=None timeout=5.0 socket_options=None]
[2025-08-09 11:40:52,431]: [_trace.py]: atrace: 87:       DEBUG:    [connect_tcp.complete return_value=<httpcore._backends.anyio.AnyIOStream object at 0x7fc77d95fb90>]
[2025-08-09 11:40:52,431]: [_trace.py]: atrace: 87:       DEBUG:    [start_tls.started ssl_context=<ssl.SSLContext object at 0x7fc77e4b9ad0> server_hostname='api.telegram.org' timeout=5.0]
[2025-08-09 11:40:52,519]: [_trace.py]: atrace: 87:       DEBUG:    [start_tls.complete return_value=<httpcore._backends.anyio.AnyIOStream object at 0x7fc77e79a7e0>]
[2025-08-09 11:40:52,519]: [_trace.py]: atrace: 87:       DEBUG:    [send_request_headers.started request=<Request [b'POST']>]
[2025-08-09 11:40:52,519]: [_trace.py]: atrace: 87:       DEBUG:    [send_request_headers.complete]
[2025-08-09 11:40:52,519]: [_trace.py]: atrace: 87:       DEBUG:    [send_request_body.started request=<Request [b'POST']>]
[2025-08-09 11:40:52,519]: [_trace.py]: atrace: 87:       DEBUG:    [send_request_body.complete]
[2025-08-09 11:40:52,519]: [_trace.py]: atrace: 87:       DEBUG:    [receive_response_headers.started request=<Request [b'POST']>]
[2025-08-09 11:40:52,605]: [_trace.py]: atrace: 87:       DEBUG:    [receive_response_headers.complete return_value=(b'HTTP/1.1', 200, b'OK', [(b'Server', b'nginx/1.18.0'), (b'Date', b'Sat, 09 Aug 2025 11:40:52 GMT'), (b'Content-Type', b'application/json'), (b'Content-Length', b'258'), (b'Connection', b'keep-alive'), (b'Strict-Transport-Security', b'max-age=31536000; includeSubDomains; preload'), (b'Access-Control-Allow-Origin', b'*'), (b'Access-Control-Allow-Methods', b'GET, POST, OPTIONS'), (b'Access-Control-Expose-Headers', b'Content-Length,Content-Type,Date,Server,Connection')])]
[2025-08-09 11:40:52,605]: [_client.py]: _send_single_request: 1740:       INFO:    [HTTP Request: POST https://api.telegram.org/bot6030805959:AAGUHAMxLYc-PrevgKouJ3ZyM7ktu56ftjo/getMe "HTTP/1.1 200 OK"]
[2025-08-09 11:40:52,605]: [_trace.py]: atrace: 87:       DEBUG:    [receive_response_body.started request=<Request [b'POST']>]
[2025-08-09 11:40:52,605]: [_trace.py]: atrace: 87:       DEBUG:    [receive_response_body.complete]
[2025-08-09 11:40:52,605]: [_trace.py]: atrace: 87:       DEBUG:    [response_closed.started]
[2025-08-09 11:40:52,605]: [_trace.py]: atrace: 87:       DEBUG:    [response_closed.complete]
[2025-08-09 11:40:52,606]: [_bot.py]: _do_post: 652:       DEBUG:    [Call to Bot API endpoint `getMe` finished with return value `{'id': 6030805959, 'is_bot': True, 'first_name': 'TyPHoone', 'username': 'TyPHoone_Project_bot', 'can_join_groups': True, 'can_read_all_group_messages': False, 'supports_inline_queries': False, 'can_connect_to_business': False, 'has_main_web_app': False}`]
[2025-08-09 11:40:52,608]: [_bot.py]: _do_post: 643:       DEBUG:    [Calling Bot API endpoint `sendDocument` with parameters `{'chat_id': '-4119703192', 'document': <telegram._files.inputfile.InputFile object at 0x7fc77e4d2000>}`]
[2025-08-09 11:40:52,609]: [_trace.py]: atrace: 87:       DEBUG:    [send_request_headers.started request=<Request [b'POST']>]
[2025-08-09 11:40:52,609]: [_trace.py]: atrace: 87:       DEBUG:    [send_request_headers.complete]
[2025-08-09 11:40:52,609]: [_trace.py]: atrace: 87:       DEBUG:    [send_request_body.started request=<Request [b'POST']>]
[2025-08-09 11:40:53,463]: [_trace.py]: atrace: 87:       DEBUG:    [send_request_body.complete]
[2025-08-09 11:40:53,463]: [_trace.py]: atrace: 87:       DEBUG:    [receive_response_headers.started request=<Request [b'POST']>]
[2025-08-09 11:40:54,058]: [_trace.py]: atrace: 87:       DEBUG:    [receive_response_headers.complete return_value=(b'HTTP/1.1', 200, b'OK', [(b'Server', b'nginx/1.18.0'), (b'Date', b'Sat, 09 Aug 2025 11:40:54 GMT'), (b'Content-Type', b'application/json'), (b'Content-Length', b'599'), (b'Connection', b'keep-alive'), (b'Strict-Transport-Security', b'max-age=31536000; includeSubDomains; preload'), (b'Access-Control-Allow-Origin', b'*'), (b'Access-Control-Allow-Methods', b'GET, POST, OPTIONS'), (b'Access-Control-Expose-Headers', b'Content-Length,Content-Type,Date,Server,Connection')])]
[2025-08-09 11:40:54,059]: [_client.py]: _send_single_request: 1740:       INFO:    [HTTP Request: POST https://api.telegram.org/bot6030805959:AAGUHAMxLYc-PrevgKouJ3ZyM7ktu56ftjo/sendDocument "HTTP/1.1 200 OK"]
[2025-08-09 11:40:54,059]: [_trace.py]: atrace: 87:       DEBUG:    [receive_response_body.started request=<Request [b'POST']>]
[2025-08-09 11:40:54,059]: [_trace.py]: atrace: 87:       DEBUG:    [receive_response_body.complete]
[2025-08-09 11:40:54,059]: [_trace.py]: atrace: 87:       DEBUG:    [response_closed.started]
[2025-08-09 11:40:54,059]: [_trace.py]: atrace: 87:       DEBUG:    [response_closed.complete]
[2025-08-09 11:40:54,059]: [_bot.py]: _do_post: 652:       DEBUG:    [Call to Bot API endpoint `sendDocument` finished with return value `{'message_id': 2532, 'from': {'id': 6030805959, 'is_bot': True, 'first_name': 'TyPHoone', 'username': 'TyPHoone_Project_bot'}, 'chat': {'id': -4119703192, 'title': 'Robocop', 'type': 'group', 'all_members_are_administrators': True, 'accepted_gift_types': {'unlimited_gifts': False, 'limited_gifts': False, 'unique_gifts': False, 'premium_subscription': False}}, 'date': 1754739653, 'document': {'file_name': '(2025_08_09--11_40)output.zip', 'mime_type': 'application/zip', 'file_id': 'BQACAgQAAxkDAAIJ5GiXM8Xy8u0injgfg6GAe3EIT9UpAALxGwACbODBUOWxgUjFYhyoNgQ', 'file_unique_id': 'AgAD8RsAAmzgwVA', 'file_size': 10218015}}`]
[2025-08-09 11:40:54,060]: [_trace.py]: atrace: 87:       DEBUG:    [close.started]
[2025-08-09 11:40:54,060]: [_trace.py]: atrace: 87:       DEBUG:    [close.complete]
[2025-08-09 11:40:54,060]: [Telegram_Sender.py]: runner: 61:       INFO:    [sent successfully]
[2025-08-09 11:40:54,061]: [Main.py]: <module>: 48:       INFO:    [Finished]
