[2025-01-11 11:39:26,400]: [Main.py]: <module>: 21:       INFO:    [Started]
[2025-01-11 11:39:28,201]: [Iron_Scraper.py]: Scrap: 32:       INFO:    [Data Scaraped Successfully]
[2025-01-11 11:39:28,249]: [Iron_Scraper.py]: Scrap: 70:       INFO:    [Scrapped Data Has No Problem]
[2025-01-11 11:39:28,249]: [Iron_Scraper.py]: Scrap: 83:       INFO:    [Data Saved Successfully]
[2025-01-11 11:39:28,249]: [Iron.py]: Run: 26:       INFO:    [Scraping Phase Completed]
[2025-01-11 11:39:28,249]: [Iron_Data_Processor.py]: Data_Reader: 61:       INFO:    [Data File Has Been Red Successfully]
[2025-01-11 11:39:28,249]: [Iron_Data_Processor.py]: Shaper: 78:       INFO:    [Data Shaped]
[2025-01-11 11:39:28,249]: [Iron_Data_Processor.py]: Process: 228:       INFO:    [Data Cleaned]
[2025-01-11 11:39:28,249]: [Iron_Data_Processor.py]: Make_Pages_Objects: 101:       INFO:    [Page Objects Has Been Made]
[2025-01-11 11:39:28,249]: [Iron_Data_Processor.py]: Make_Pages_Objects: 101:       INFO:    [Page Objects Has Been Made]
[2025-01-11 11:39:28,249]: [Iron_Data_Processor.py]: Load_Data: 118:       INFO:    [Data Has Been Load]
[2025-01-11 11:39:28,249]: [Iron_Data_Processor.py]: Load_Data: 118:       INFO:    [Data Has Been Load]
[2025-01-11 11:39:28,250]: [Iron_Data_Processor.py]: Load_positions: 140:       INFO:    [Positions Are Ready]
[2025-01-11 11:39:28,250]: [Iron_Data_Processor.py]: Load_positions: 140:       INFO:    [Positions Are Ready]
[2025-01-11 11:39:29,311]: [Iron_Data_Processor.py]: Make_Tagged_Images: 193:       INFO:    [Images Has Been Made]
[2025-01-11 11:39:30,239]: [Iron_Data_Processor.py]: Make_Tagged_Images: 193:       INFO:    [Images Has Been Made]
[2025-01-11 11:39:30,491]: [Iron_Data_Processor.py]: Make_Cover_Page: 215:       INFO:    [Made Cover Pages]
[2025-01-11 11:39:30,491]: [Iron.py]: Run: 29:       INFO:    [Imagination Phase Completed]
[2025-01-11 11:39:34,657]: [Phone_Scraper.py]: Scrap: 58:       INFO:    [Data Scraped]
[2025-01-11 11:39:34,658]: [Phone_Scraper.py]: Scrap: 71:       INFO:    [Scraped Data Successfully]
[2025-01-11 11:39:34,658]: [Phone.py]: Run: 26:       INFO:    [Scraping Phase Complete]
[2025-01-11 11:39:34,658]: [Phone_Data_Processor.py]: data_reader: 38:       INFO:    [Scraped Data Loaded]
[2025-01-11 11:39:34,659]: [Phone_Data_Processor.py]: filter_list: 65:       INFO:    [Persian Phrases Are deleted]
[2025-01-11 11:39:34,660]: [Phone_Data_Processor.py]: reshape_list: 87:       INFO:    [Date Reshaped]
[2025-01-11 11:39:34,660]: [Phone_Data_Processor.py]: separate_brands: 124:       INFO:    [Brands Are Separated]
[2025-01-11 11:39:34,660]: [Phone_Data_Processor.py]: delete_extra_spaces: 141:       INFO:    [Extra Spaces Are Deleted]
[2025-01-11 11:39:35,286]: [Phone.py]: Run: 29:       INFO:    [Imagination Phase Complete]
[2025-01-11 11:39:35,286]: [selector_events.py]: __init__: 64:       DEBUG:    [Using selector: EpollSelector]
[2025-01-11 11:39:35,549]: [_bot.py]: _do_post: 643:       DEBUG:    [Calling Bot API endpoint `getMe` with parameters `{}`]
[2025-01-11 11:39:35,554]: [_trace.py]: atrace: 87:       DEBUG:    [connect_tcp.started host='api.telegram.org' port=443 local_address=None timeout=5.0 socket_options=None]
[2025-01-11 11:39:35,686]: [_trace.py]: atrace: 87:       DEBUG:    [connect_tcp.complete return_value=<httpcore._backends.anyio.AnyIOStream object at 0x7f3c4e0c5460>]
[2025-01-11 11:39:35,686]: [_trace.py]: atrace: 87:       DEBUG:    [start_tls.started ssl_context=<ssl.SSLContext object at 0x7f3c4e706ad0> server_hostname='api.telegram.org' timeout=5.0]
[2025-01-11 11:39:35,792]: [_trace.py]: atrace: 87:       DEBUG:    [start_tls.complete return_value=<httpcore._backends.anyio.AnyIOStream object at 0x7f3c4e076030>]
[2025-01-11 11:39:35,792]: [_trace.py]: atrace: 87:       DEBUG:    [send_request_headers.started request=<Request [b'POST']>]
[2025-01-11 11:39:35,792]: [_trace.py]: atrace: 87:       DEBUG:    [send_request_headers.complete]
[2025-01-11 11:39:35,792]: [_trace.py]: atrace: 87:       DEBUG:    [send_request_body.started request=<Request [b'POST']>]
[2025-01-11 11:39:35,792]: [_trace.py]: atrace: 87:       DEBUG:    [send_request_body.complete]
[2025-01-11 11:39:35,792]: [_trace.py]: atrace: 87:       DEBUG:    [receive_response_headers.started request=<Request [b'POST']>]
[2025-01-11 11:39:35,897]: [_trace.py]: atrace: 87:       DEBUG:    [receive_response_headers.complete return_value=(b'HTTP/1.1', 200, b'OK', [(b'Server', b'nginx/1.18.0'), (b'Date', b'Sat, 11 Jan 2025 11:39:35 GMT'), (b'Content-Type', b'application/json'), (b'Content-Length', b'258'), (b'Connection', b'keep-alive'), (b'Strict-Transport-Security', b'max-age=31536000; includeSubDomains; preload'), (b'Access-Control-Allow-Origin', b'*'), (b'Access-Control-Allow-Methods', b'GET, POST, OPTIONS'), (b'Access-Control-Expose-Headers', b'Content-Length,Content-Type,Date,Server,Connection')])]
[2025-01-11 11:39:35,897]: [_client.py]: _send_single_request: 1740:       INFO:    [HTTP Request: POST https://api.telegram.org/bot6030805959:AAGUHAMxLYc-PrevgKouJ3ZyM7ktu56ftjo/getMe "HTTP/1.1 200 OK"]
[2025-01-11 11:39:35,897]: [_trace.py]: atrace: 87:       DEBUG:    [receive_response_body.started request=<Request [b'POST']>]
[2025-01-11 11:39:35,897]: [_trace.py]: atrace: 87:       DEBUG:    [receive_response_body.complete]
[2025-01-11 11:39:35,898]: [_trace.py]: atrace: 87:       DEBUG:    [response_closed.started]
[2025-01-11 11:39:35,898]: [_trace.py]: atrace: 87:       DEBUG:    [response_closed.complete]
[2025-01-11 11:39:35,898]: [_bot.py]: _do_post: 652:       DEBUG:    [Call to Bot API endpoint `getMe` finished with return value `{'id': 6030805959, 'is_bot': True, 'first_name': 'TyPHoone', 'username': 'TyPHoone_Project_bot', 'can_join_groups': True, 'can_read_all_group_messages': False, 'supports_inline_queries': False, 'can_connect_to_business': False, 'has_main_web_app': False}`]
[2025-01-11 11:39:35,901]: [_bot.py]: _do_post: 643:       DEBUG:    [Calling Bot API endpoint `sendDocument` with parameters `{'chat_id': '-4119703192', 'document': <telegram._files.inputfile.InputFile object at 0x7f3c4df15100>}`]
[2025-01-11 11:39:35,901]: [_trace.py]: atrace: 87:       DEBUG:    [send_request_headers.started request=<Request [b'POST']>]
[2025-01-11 11:39:35,901]: [_trace.py]: atrace: 87:       DEBUG:    [send_request_headers.complete]
[2025-01-11 11:39:35,901]: [_trace.py]: atrace: 87:       DEBUG:    [send_request_body.started request=<Request [b'POST']>]
[2025-01-11 11:39:35,903]: [_trace.py]: atrace: 87:       DEBUG:    [send_request_body.complete]
[2025-01-11 11:39:35,903]: [_trace.py]: atrace: 87:       DEBUG:    [receive_response_headers.started request=<Request [b'POST']>]
[2025-01-11 11:39:36,175]: [_trace.py]: atrace: 87:       DEBUG:    [receive_response_headers.complete return_value=(b'HTTP/1.1', 200, b'OK', [(b'Server', b'nginx/1.18.0'), (b'Date', b'Sat, 11 Jan 2025 11:39:36 GMT'), (b'Content-Type', b'application/json'), (b'Content-Length', b'464'), (b'Connection', b'keep-alive'), (b'Strict-Transport-Security', b'max-age=31536000; includeSubDomains; preload'), (b'Access-Control-Allow-Origin', b'*'), (b'Access-Control-Allow-Methods', b'GET, POST, OPTIONS'), (b'Access-Control-Expose-Headers', b'Content-Length,Content-Type,Date,Server,Connection')])]
[2025-01-11 11:39:36,175]: [_client.py]: _send_single_request: 1740:       INFO:    [HTTP Request: POST https://api.telegram.org/bot6030805959:AAGUHAMxLYc-PrevgKouJ3ZyM7ktu56ftjo/sendDocument "HTTP/1.1 200 OK"]
[2025-01-11 11:39:36,175]: [_trace.py]: atrace: 87:       DEBUG:    [receive_response_body.started request=<Request [b'POST']>]
[2025-01-11 11:39:36,175]: [_trace.py]: atrace: 87:       DEBUG:    [receive_response_body.complete]
[2025-01-11 11:39:36,175]: [_trace.py]: atrace: 87:       DEBUG:    [response_closed.started]
[2025-01-11 11:39:36,175]: [_trace.py]: atrace: 87:       DEBUG:    [response_closed.complete]
[2025-01-11 11:39:36,175]: [_bot.py]: _do_post: 652:       DEBUG:    [Call to Bot API endpoint `sendDocument` finished with return value `{'message_id': 2105, 'from': {'id': 6030805959, 'is_bot': True, 'first_name': 'TyPHoone', 'username': 'TyPHoone_Project_bot'}, 'chat': {'id': -4119703192, 'title': 'Robocop', 'type': 'group', 'all_members_are_administrators': True}, 'date': 1736595576, 'document': {'file_name': '(2025_01_11--11_39).log', 'mime_type': 'text/plain', 'file_id': 'BQACAgQAAxkDAAIIOWeCWHj0Hmh1BQElIluW6DxRsrMLAALjFAACkSURUFc5hYn74aAKNgQ', 'file_unique_id': 'AgAD4xQAApElEVA', 'file_size': 5937}}`]
[2025-01-11 11:39:36,176]: [_trace.py]: atrace: 87:       DEBUG:    [close.started]
[2025-01-11 11:39:36,176]: [_trace.py]: atrace: 87:       DEBUG:    [close.complete]
[2025-01-11 11:39:36,219]: [_bot.py]: _do_post: 643:       DEBUG:    [Calling Bot API endpoint `getMe` with parameters `{}`]
[2025-01-11 11:39:36,220]: [_trace.py]: atrace: 87:       DEBUG:    [connect_tcp.started host='api.telegram.org' port=443 local_address=None timeout=5.0 socket_options=None]
[2025-01-11 11:39:36,325]: [_trace.py]: atrace: 87:       DEBUG:    [connect_tcp.complete return_value=<httpcore._backends.anyio.AnyIOStream object at 0x7f3c4e0769c0>]
[2025-01-11 11:39:36,325]: [_trace.py]: atrace: 87:       DEBUG:    [start_tls.started ssl_context=<ssl.SSLContext object at 0x7f3c4e7068d0> server_hostname='api.telegram.org' timeout=5.0]
[2025-01-11 11:39:36,431]: [_trace.py]: atrace: 87:       DEBUG:    [start_tls.complete return_value=<httpcore._backends.anyio.AnyIOStream object at 0x7f3c4e050cb0>]
[2025-01-11 11:39:36,431]: [_trace.py]: atrace: 87:       DEBUG:    [send_request_headers.started request=<Request [b'POST']>]
[2025-01-11 11:39:36,431]: [_trace.py]: atrace: 87:       DEBUG:    [send_request_headers.complete]
[2025-01-11 11:39:36,431]: [_trace.py]: atrace: 87:       DEBUG:    [send_request_body.started request=<Request [b'POST']>]
[2025-01-11 11:39:36,431]: [_trace.py]: atrace: 87:       DEBUG:    [send_request_body.complete]
[2025-01-11 11:39:36,431]: [_trace.py]: atrace: 87:       DEBUG:    [receive_response_headers.started request=<Request [b'POST']>]
[2025-01-11 11:39:36,537]: [_trace.py]: atrace: 87:       DEBUG:    [receive_response_headers.complete return_value=(b'HTTP/1.1', 200, b'OK', [(b'Server', b'nginx/1.18.0'), (b'Date', b'Sat, 11 Jan 2025 11:39:36 GMT'), (b'Content-Type', b'application/json'), (b'Content-Length', b'258'), (b'Connection', b'keep-alive'), (b'Strict-Transport-Security', b'max-age=31536000; includeSubDomains; preload'), (b'Access-Control-Allow-Origin', b'*'), (b'Access-Control-Allow-Methods', b'GET, POST, OPTIONS'), (b'Access-Control-Expose-Headers', b'Content-Length,Content-Type,Date,Server,Connection')])]
[2025-01-11 11:39:36,538]: [_client.py]: _send_single_request: 1740:       INFO:    [HTTP Request: POST https://api.telegram.org/bot6030805959:AAGUHAMxLYc-PrevgKouJ3ZyM7ktu56ftjo/getMe "HTTP/1.1 200 OK"]
[2025-01-11 11:39:36,538]: [_trace.py]: atrace: 87:       DEBUG:    [receive_response_body.started request=<Request [b'POST']>]
[2025-01-11 11:39:36,538]: [_trace.py]: atrace: 87:       DEBUG:    [receive_response_body.complete]
[2025-01-11 11:39:36,538]: [_trace.py]: atrace: 87:       DEBUG:    [response_closed.started]
[2025-01-11 11:39:36,538]: [_trace.py]: atrace: 87:       DEBUG:    [response_closed.complete]
[2025-01-11 11:39:36,538]: [_bot.py]: _do_post: 652:       DEBUG:    [Call to Bot API endpoint `getMe` finished with return value `{'id': 6030805959, 'is_bot': True, 'first_name': 'TyPHoone', 'username': 'TyPHoone_Project_bot', 'can_join_groups': True, 'can_read_all_group_messages': False, 'supports_inline_queries': False, 'can_connect_to_business': False, 'has_main_web_app': False}`]
[2025-01-11 11:39:36,540]: [_bot.py]: _do_post: 643:       DEBUG:    [Calling Bot API endpoint `sendDocument` with parameters `{'chat_id': '-4119703192', 'document': <telegram._files.inputfile.InputFile object at 0x7f3c4f0aa600>}`]
[2025-01-11 11:39:36,541]: [_trace.py]: atrace: 87:       DEBUG:    [send_request_headers.started request=<Request [b'POST']>]
[2025-01-11 11:39:36,541]: [_trace.py]: atrace: 87:       DEBUG:    [send_request_headers.complete]
[2025-01-11 11:39:36,541]: [_trace.py]: atrace: 87:       DEBUG:    [send_request_body.started request=<Request [b'POST']>]
[2025-01-11 11:39:37,605]: [_trace.py]: atrace: 87:       DEBUG:    [send_request_body.complete]
[2025-01-11 11:39:37,605]: [_trace.py]: atrace: 87:       DEBUG:    [receive_response_headers.started request=<Request [b'POST']>]
[2025-01-11 11:39:38,281]: [_trace.py]: atrace: 87:       DEBUG:    [receive_response_headers.complete return_value=(b'HTTP/1.1', 200, b'OK', [(b'Server', b'nginx/1.18.0'), (b'Date', b'Sat, 11 Jan 2025 11:39:38 GMT'), (b'Content-Type', b'application/json'), (b'Content-Length', b'478'), (b'Connection', b'keep-alive'), (b'Strict-Transport-Security', b'max-age=31536000; includeSubDomains; preload'), (b'Access-Control-Allow-Origin', b'*'), (b'Access-Control-Allow-Methods', b'GET, POST, OPTIONS'), (b'Access-Control-Expose-Headers', b'Content-Length,Content-Type,Date,Server,Connection')])]
[2025-01-11 11:39:38,281]: [_client.py]: _send_single_request: 1740:       INFO:    [HTTP Request: POST https://api.telegram.org/bot6030805959:AAGUHAMxLYc-PrevgKouJ3ZyM7ktu56ftjo/sendDocument "HTTP/1.1 200 OK"]
[2025-01-11 11:39:38,281]: [_trace.py]: atrace: 87:       DEBUG:    [receive_response_body.started request=<Request [b'POST']>]
[2025-01-11 11:39:38,282]: [_trace.py]: atrace: 87:       DEBUG:    [receive_response_body.complete]
[2025-01-11 11:39:38,282]: [_trace.py]: atrace: 87:       DEBUG:    [response_closed.started]
[2025-01-11 11:39:38,282]: [_trace.py]: atrace: 87:       DEBUG:    [response_closed.complete]
[2025-01-11 11:39:38,282]: [_bot.py]: _do_post: 652:       DEBUG:    [Call to Bot API endpoint `sendDocument` finished with return value `{'message_id': 2106, 'from': {'id': 6030805959, 'is_bot': True, 'first_name': 'TyPHoone', 'username': 'TyPHoone_Project_bot'}, 'chat': {'id': -4119703192, 'title': 'Robocop', 'type': 'group', 'all_members_are_administrators': True}, 'date': 1736595578, 'document': {'file_name': '(2025_01_11--11_39)output.zip', 'mime_type': 'application/zip', 'file_id': 'BQACAgQAAxkDAAIIOmeCWHnSVfZ1HOl3Wvi65bOPTMa0AALkFAACkSURUNKtf8p5yzHdNgQ', 'file_unique_id': 'AgAD5BQAApElEVA', 'file_size': 9542095}}`]
[2025-01-11 11:39:38,282]: [_trace.py]: atrace: 87:       DEBUG:    [close.started]
[2025-01-11 11:39:38,282]: [_trace.py]: atrace: 87:       DEBUG:    [close.complete]
[2025-01-11 11:39:38,283]: [Telegram_Sender.py]: runner: 61:       INFO:    [sent successfully]
[2025-01-11 11:39:38,283]: [Main.py]: <module>: 48:       INFO:    [Finished]
