[2025-12-11 11:43:04,666]: [Main.py]: <module>: 21:       INFO:    [Started]
[2025-12-11 11:43:06,408]: [Iron_Scraper.py]: Scrap: 32:       INFO:    [Data Scaraped Successfully]
[2025-12-11 11:43:06,612]: [Iron_Scraper.py]: Scrap: 70:       INFO:    [Scrapped Data Has No Problem]
[2025-12-11 11:43:06,613]: [Iron_Scraper.py]: Scrap: 83:       INFO:    [Data Saved Successfully]
[2025-12-11 11:43:06,613]: [Iron.py]: Run: 26:       INFO:    [Scraping Phase Completed]
[2025-12-11 11:43:06,613]: [Iron_Data_Processor.py]: Data_Reader: 61:       INFO:    [Data File Has Been Red Successfully]
[2025-12-11 11:43:06,613]: [Iron_Data_Processor.py]: Shaper: 78:       INFO:    [Data Shaped]
[2025-12-11 11:43:06,613]: [Iron_Data_Processor.py]: Process: 228:       INFO:    [Data Cleaned]
[2025-12-11 11:43:06,613]: [Iron_Data_Processor.py]: Make_Pages_Objects: 101:       INFO:    [Page Objects Has Been Made]
[2025-12-11 11:43:06,614]: [Iron_Data_Processor.py]: Make_Pages_Objects: 101:       INFO:    [Page Objects Has Been Made]
[2025-12-11 11:43:06,614]: [Iron_Data_Processor.py]: Load_Data: 118:       INFO:    [Data Has Been Load]
[2025-12-11 11:43:06,614]: [Iron_Data_Processor.py]: Load_Data: 118:       INFO:    [Data Has Been Load]
[2025-12-11 11:43:06,614]: [Iron_Data_Processor.py]: Load_positions: 140:       INFO:    [Positions Are Ready]
[2025-12-11 11:43:06,614]: [Iron_Data_Processor.py]: Load_positions: 140:       INFO:    [Positions Are Ready]
[2025-12-11 11:43:07,735]: [Iron_Data_Processor.py]: Make_Tagged_Images: 193:       INFO:    [Images Has Been Made]
[2025-12-11 11:43:08,690]: [Iron_Data_Processor.py]: Make_Tagged_Images: 193:       INFO:    [Images Has Been Made]
[2025-12-11 11:43:09,077]: [Iron_Data_Processor.py]: Make_Cover_Page: 215:       INFO:    [Made Cover Pages]
[2025-12-11 11:43:09,077]: [Iron.py]: Run: 29:       INFO:    [Imagination Phase Completed]
[2025-12-11 11:43:12,771]: [Phone_Scraper.py]: Scrap: 58:       INFO:    [Data Scraped]
[2025-12-11 11:43:12,771]: [Phone_Scraper.py]: Scrap: 71:       INFO:    [Scraped Data Successfully]
[2025-12-11 11:43:12,771]: [Phone.py]: Run: 26:       INFO:    [Scraping Phase Complete]
[2025-12-11 11:43:12,771]: [Phone_Data_Processor.py]: data_reader: 38:       INFO:    [Scraped Data Loaded]
[2025-12-11 11:43:12,773]: [Phone_Data_Processor.py]: filter_list: 65:       INFO:    [Persian Phrases Are deleted]
[2025-12-11 11:43:12,773]: [Phone_Data_Processor.py]: reshape_list: 87:       INFO:    [Date Reshaped]
[2025-12-11 11:43:12,773]: [Phone_Data_Processor.py]: separate_brands: 124:       INFO:    [Brands Are Separated]
[2025-12-11 11:43:12,774]: [Phone_Data_Processor.py]: delete_extra_spaces: 141:       INFO:    [Extra Spaces Are Deleted]
[2025-12-11 11:43:13,529]: [Phone.py]: Run: 29:       INFO:    [Imagination Phase Complete]
[2025-12-11 11:43:13,530]: [selector_events.py]: __init__: 64:       DEBUG:    [Using selector: EpollSelector]
[2025-12-11 11:43:13,808]: [_bot.py]: _do_post: 643:       DEBUG:    [Calling Bot API endpoint `getMe` with parameters `{}`]
[2025-12-11 11:43:13,813]: [_trace.py]: atrace: 87:       DEBUG:    [connect_tcp.started host='api.telegram.org' port=443 local_address=None timeout=5.0 socket_options=None]
[2025-12-11 11:43:13,972]: [_trace.py]: atrace: 87:       DEBUG:    [connect_tcp.complete return_value=<httpcore._backends.anyio.AnyIOStream object at 0x7fa3d0d7c6e0>]
[2025-12-11 11:43:13,972]: [_trace.py]: atrace: 87:       DEBUG:    [start_tls.started ssl_context=<ssl.SSLContext object at 0x7fa3d0cb1ed0> server_hostname='api.telegram.org' timeout=5.0]
[2025-12-11 11:43:14,065]: [_trace.py]: atrace: 87:       DEBUG:    [start_tls.complete return_value=<httpcore._backends.anyio.AnyIOStream object at 0x7fa3d07a1670>]
[2025-12-11 11:43:14,065]: [_trace.py]: atrace: 87:       DEBUG:    [send_request_headers.started request=<Request [b'POST']>]
[2025-12-11 11:43:14,065]: [_trace.py]: atrace: 87:       DEBUG:    [send_request_headers.complete]
[2025-12-11 11:43:14,065]: [_trace.py]: atrace: 87:       DEBUG:    [send_request_body.started request=<Request [b'POST']>]
[2025-12-11 11:43:14,065]: [_trace.py]: atrace: 87:       DEBUG:    [send_request_body.complete]
[2025-12-11 11:43:14,065]: [_trace.py]: atrace: 87:       DEBUG:    [receive_response_headers.started request=<Request [b'POST']>]
[2025-12-11 11:43:14,160]: [_trace.py]: atrace: 87:       DEBUG:    [receive_response_headers.complete return_value=(b'HTTP/1.1', 200, b'OK', [(b'Server', b'nginx/1.18.0'), (b'Date', b'Thu, 11 Dec 2025 11:43:14 GMT'), (b'Content-Type', b'application/json'), (b'Content-Length', b'258'), (b'Connection', b'keep-alive'), (b'Strict-Transport-Security', b'max-age=31536000; includeSubDomains; preload'), (b'Access-Control-Allow-Origin', b'*'), (b'Access-Control-Allow-Methods', b'GET, POST, OPTIONS'), (b'Access-Control-Expose-Headers', b'Content-Length,Content-Type,Date,Server,Connection')])]
[2025-12-11 11:43:14,160]: [_client.py]: _send_single_request: 1740:       INFO:    [HTTP Request: POST https://api.telegram.org/bot6030805959:AAGUHAMxLYc-PrevgKouJ3ZyM7ktu56ftjo/getMe "HTTP/1.1 200 OK"]
[2025-12-11 11:43:14,160]: [_trace.py]: atrace: 87:       DEBUG:    [receive_response_body.started request=<Request [b'POST']>]
[2025-12-11 11:43:14,160]: [_trace.py]: atrace: 87:       DEBUG:    [receive_response_body.complete]
[2025-12-11 11:43:14,161]: [_trace.py]: atrace: 87:       DEBUG:    [response_closed.started]
[2025-12-11 11:43:14,161]: [_trace.py]: atrace: 87:       DEBUG:    [response_closed.complete]
[2025-12-11 11:43:14,161]: [_bot.py]: _do_post: 652:       DEBUG:    [Call to Bot API endpoint `getMe` finished with return value `{'id': 6030805959, 'is_bot': True, 'first_name': 'TyPHoone', 'username': 'TyPHoone_Project_bot', 'can_join_groups': True, 'can_read_all_group_messages': False, 'supports_inline_queries': False, 'can_connect_to_business': False, 'has_main_web_app': False}`]
[2025-12-11 11:43:14,165]: [_bot.py]: _do_post: 643:       DEBUG:    [Calling Bot API endpoint `sendDocument` with parameters `{'chat_id': '-4119703192', 'document': <telegram._files.inputfile.InputFile object at 0x7fa3d01b18c0>}`]
[2025-12-11 11:43:14,165]: [_trace.py]: atrace: 87:       DEBUG:    [send_request_headers.started request=<Request [b'POST']>]
[2025-12-11 11:43:14,165]: [_trace.py]: atrace: 87:       DEBUG:    [send_request_headers.complete]
[2025-12-11 11:43:14,166]: [_trace.py]: atrace: 87:       DEBUG:    [send_request_body.started request=<Request [b'POST']>]
[2025-12-11 11:43:14,166]: [_trace.py]: atrace: 87:       DEBUG:    [send_request_body.complete]
[2025-12-11 11:43:14,166]: [_trace.py]: atrace: 87:       DEBUG:    [receive_response_headers.started request=<Request [b'POST']>]
[2025-12-11 11:43:14,351]: [_trace.py]: atrace: 87:       DEBUG:    [receive_response_headers.complete return_value=(b'HTTP/1.1', 200, b'OK', [(b'Server', b'nginx/1.18.0'), (b'Date', b'Thu, 11 Dec 2025 11:43:14 GMT'), (b'Content-Type', b'application/json'), (b'Content-Length', b'584'), (b'Connection', b'keep-alive'), (b'Strict-Transport-Security', b'max-age=31536000; includeSubDomains; preload'), (b'Access-Control-Allow-Origin', b'*'), (b'Access-Control-Allow-Methods', b'GET, POST, OPTIONS'), (b'Access-Control-Expose-Headers', b'Content-Length,Content-Type,Date,Server,Connection')])]
[2025-12-11 11:43:14,352]: [_client.py]: _send_single_request: 1740:       INFO:    [HTTP Request: POST https://api.telegram.org/bot6030805959:AAGUHAMxLYc-PrevgKouJ3ZyM7ktu56ftjo/sendDocument "HTTP/1.1 200 OK"]
[2025-12-11 11:43:14,352]: [_trace.py]: atrace: 87:       DEBUG:    [receive_response_body.started request=<Request [b'POST']>]
[2025-12-11 11:43:14,352]: [_trace.py]: atrace: 87:       DEBUG:    [receive_response_body.complete]
[2025-12-11 11:43:14,352]: [_trace.py]: atrace: 87:       DEBUG:    [response_closed.started]
[2025-12-11 11:43:14,352]: [_trace.py]: atrace: 87:       DEBUG:    [response_closed.complete]
[2025-12-11 11:43:14,352]: [_bot.py]: _do_post: 652:       DEBUG:    [Call to Bot API endpoint `sendDocument` finished with return value `{'message_id': 2780, 'from': {'id': 6030805959, 'is_bot': True, 'first_name': 'TyPHoone', 'username': 'TyPHoone_Project_bot'}, 'chat': {'id': -4119703192, 'title': 'Robocop', 'type': 'group', 'all_members_are_administrators': True, 'accepted_gift_types': {'unlimited_gifts': False, 'limited_gifts': False, 'unique_gifts': False, 'premium_subscription': False}}, 'date': 1765453394, 'document': {'file_name': '(2025_12_11--11_43).log', 'mime_type': 'text/plain', 'file_id': 'BQACAgQAAxkDAAIK3Gk6rlL2M8mTt1gj-JyDz2tITM2dAAI6bQAC_ZXZUUBferLJ93ChNgQ', 'file_unique_id': 'AgADOm0AAv2V2VE', 'file_size': 5937}}`]
[2025-12-11 11:43:14,353]: [_trace.py]: atrace: 87:       DEBUG:    [close.started]
[2025-12-11 11:43:14,353]: [_trace.py]: atrace: 87:       DEBUG:    [close.complete]
[2025-12-11 11:43:14,397]: [_bot.py]: _do_post: 643:       DEBUG:    [Calling Bot API endpoint `getMe` with parameters `{}`]
[2025-12-11 11:43:14,397]: [_trace.py]: atrace: 87:       DEBUG:    [connect_tcp.started host='api.telegram.org' port=443 local_address=None timeout=5.0 socket_options=None]
[2025-12-11 11:43:14,488]: [_trace.py]: atrace: 87:       DEBUG:    [connect_tcp.complete return_value=<httpcore._backends.anyio.AnyIOStream object at 0x7fa3d01a34a0>]
[2025-12-11 11:43:14,488]: [_trace.py]: atrace: 87:       DEBUG:    [start_tls.started ssl_context=<ssl.SSLContext object at 0x7fa3d0cb1dd0> server_hostname='api.telegram.org' timeout=5.0]
[2025-12-11 11:43:14,580]: [_trace.py]: atrace: 87:       DEBUG:    [start_tls.complete return_value=<httpcore._backends.anyio.AnyIOStream object at 0x7fa3d0df8ef0>]
[2025-12-11 11:43:14,580]: [_trace.py]: atrace: 87:       DEBUG:    [send_request_headers.started request=<Request [b'POST']>]
[2025-12-11 11:43:14,580]: [_trace.py]: atrace: 87:       DEBUG:    [send_request_headers.complete]
[2025-12-11 11:43:14,580]: [_trace.py]: atrace: 87:       DEBUG:    [send_request_body.started request=<Request [b'POST']>]
[2025-12-11 11:43:14,580]: [_trace.py]: atrace: 87:       DEBUG:    [send_request_body.complete]
[2025-12-11 11:43:14,580]: [_trace.py]: atrace: 87:       DEBUG:    [receive_response_headers.started request=<Request [b'POST']>]
[2025-12-11 11:43:14,670]: [_trace.py]: atrace: 87:       DEBUG:    [receive_response_headers.complete return_value=(b'HTTP/1.1', 200, b'OK', [(b'Server', b'nginx/1.18.0'), (b'Date', b'Thu, 11 Dec 2025 11:43:14 GMT'), (b'Content-Type', b'application/json'), (b'Content-Length', b'258'), (b'Connection', b'keep-alive'), (b'Strict-Transport-Security', b'max-age=31536000; includeSubDomains; preload'), (b'Access-Control-Allow-Origin', b'*'), (b'Access-Control-Allow-Methods', b'GET, POST, OPTIONS'), (b'Access-Control-Expose-Headers', b'Content-Length,Content-Type,Date,Server,Connection')])]
[2025-12-11 11:43:14,670]: [_client.py]: _send_single_request: 1740:       INFO:    [HTTP Request: POST https://api.telegram.org/bot6030805959:AAGUHAMxLYc-PrevgKouJ3ZyM7ktu56ftjo/getMe "HTTP/1.1 200 OK"]
[2025-12-11 11:43:14,670]: [_trace.py]: atrace: 87:       DEBUG:    [receive_response_body.started request=<Request [b'POST']>]
[2025-12-11 11:43:14,671]: [_trace.py]: atrace: 87:       DEBUG:    [receive_response_body.complete]
[2025-12-11 11:43:14,671]: [_trace.py]: atrace: 87:       DEBUG:    [response_closed.started]
[2025-12-11 11:43:14,671]: [_trace.py]: atrace: 87:       DEBUG:    [response_closed.complete]
[2025-12-11 11:43:14,671]: [_bot.py]: _do_post: 652:       DEBUG:    [Call to Bot API endpoint `getMe` finished with return value `{'id': 6030805959, 'is_bot': True, 'first_name': 'TyPHoone', 'username': 'TyPHoone_Project_bot', 'can_join_groups': True, 'can_read_all_group_messages': False, 'supports_inline_queries': False, 'can_connect_to_business': False, 'has_main_web_app': False}`]
[2025-12-11 11:43:14,673]: [_bot.py]: _do_post: 643:       DEBUG:    [Calling Bot API endpoint `sendDocument` with parameters `{'chat_id': '-4119703192', 'document': <telegram._files.inputfile.InputFile object at 0x7fa3d0cdf5c0>}`]
[2025-12-11 11:43:14,674]: [_trace.py]: atrace: 87:       DEBUG:    [send_request_headers.started request=<Request [b'POST']>]
[2025-12-11 11:43:14,674]: [_trace.py]: atrace: 87:       DEBUG:    [send_request_headers.complete]
[2025-12-11 11:43:14,674]: [_trace.py]: atrace: 87:       DEBUG:    [send_request_body.started request=<Request [b'POST']>]
[2025-12-11 11:43:15,491]: [_trace.py]: atrace: 87:       DEBUG:    [send_request_body.complete]
[2025-12-11 11:43:15,491]: [_trace.py]: atrace: 87:       DEBUG:    [receive_response_headers.started request=<Request [b'POST']>]
[2025-12-11 11:43:16,364]: [_trace.py]: atrace: 87:       DEBUG:    [receive_response_headers.complete return_value=(b'HTTP/1.1', 200, b'OK', [(b'Server', b'nginx/1.18.0'), (b'Date', b'Thu, 11 Dec 2025 11:43:16 GMT'), (b'Content-Type', b'application/json'), (b'Content-Length', b'599'), (b'Connection', b'keep-alive'), (b'Strict-Transport-Security', b'max-age=31536000; includeSubDomains; preload'), (b'Access-Control-Allow-Origin', b'*'), (b'Access-Control-Allow-Methods', b'GET, POST, OPTIONS'), (b'Access-Control-Expose-Headers', b'Content-Length,Content-Type,Date,Server,Connection')])]
[2025-12-11 11:43:16,364]: [_client.py]: _send_single_request: 1740:       INFO:    [HTTP Request: POST https://api.telegram.org/bot6030805959:AAGUHAMxLYc-PrevgKouJ3ZyM7ktu56ftjo/sendDocument "HTTP/1.1 200 OK"]
[2025-12-11 11:43:16,364]: [_trace.py]: atrace: 87:       DEBUG:    [receive_response_body.started request=<Request [b'POST']>]
[2025-12-11 11:43:16,364]: [_trace.py]: atrace: 87:       DEBUG:    [receive_response_body.complete]
[2025-12-11 11:43:16,364]: [_trace.py]: atrace: 87:       DEBUG:    [response_closed.started]
[2025-12-11 11:43:16,364]: [_trace.py]: atrace: 87:       DEBUG:    [response_closed.complete]
[2025-12-11 11:43:16,365]: [_bot.py]: _do_post: 652:       DEBUG:    [Call to Bot API endpoint `sendDocument` finished with return value `{'message_id': 2781, 'from': {'id': 6030805959, 'is_bot': True, 'first_name': 'TyPHoone', 'username': 'TyPHoone_Project_bot'}, 'chat': {'id': -4119703192, 'title': 'Robocop', 'type': 'group', 'all_members_are_administrators': True, 'accepted_gift_types': {'unlimited_gifts': False, 'limited_gifts': False, 'unique_gifts': False, 'premium_subscription': False}}, 'date': 1765453396, 'document': {'file_name': '(2025_12_11--11_43)output.zip', 'mime_type': 'application/zip', 'file_id': 'BQACAgQAAxkDAAIK3Wk6rlSYfiJSqyLAuv4JMb4ZyMH9AAI7bQAC_ZXZUajbTwIF8WVWNgQ', 'file_unique_id': 'AgADO20AAv2V2VE', 'file_size': 10167244}}`]
[2025-12-11 11:43:16,365]: [_trace.py]: atrace: 87:       DEBUG:    [close.started]
[2025-12-11 11:43:16,365]: [_trace.py]: atrace: 87:       DEBUG:    [close.complete]
[2025-12-11 11:43:16,365]: [Telegram_Sender.py]: runner: 61:       INFO:    [sent successfully]
[2025-12-11 11:43:16,366]: [Main.py]: <module>: 48:       INFO:    [Finished]
