[2024-08-08 11:39:50,966]: [Main.py]: <module>: 21:       INFO:    [Started]
[2024-08-08 11:39:52,518]: [Iron_Scraper.py]: Scrap: 32:       INFO:    [Data Scaraped Successfully]
[2024-08-08 11:39:52,704]: [Iron_Scraper.py]: Scrap: 70:       INFO:    [Scrapped Data Has No Problem]
[2024-08-08 11:39:52,704]: [Iron_Scraper.py]: Scrap: 83:       INFO:    [Data Saved Successfully]
[2024-08-08 11:39:52,704]: [Iron.py]: Run: 26:       INFO:    [Scraping Phase Completed]
[2024-08-08 11:39:52,705]: [Iron_Data_Processor.py]: Data_Reader: 61:       INFO:    [Data File Has Been Red Successfully]
[2024-08-08 11:39:52,705]: [Iron_Data_Processor.py]: Shaper: 78:       INFO:    [Data Shaped]
[2024-08-08 11:39:52,705]: [Iron_Data_Processor.py]: Process: 228:       INFO:    [Data Cleaned]
[2024-08-08 11:39:52,705]: [Iron_Data_Processor.py]: Make_Pages_Objects: 101:       INFO:    [Page Objects Has Been Made]
[2024-08-08 11:39:52,705]: [Iron_Data_Processor.py]: Make_Pages_Objects: 101:       INFO:    [Page Objects Has Been Made]
[2024-08-08 11:39:52,705]: [Iron_Data_Processor.py]: Load_Data: 118:       INFO:    [Data Has Been Load]
[2024-08-08 11:39:52,705]: [Iron_Data_Processor.py]: Load_Data: 118:       INFO:    [Data Has Been Load]
[2024-08-08 11:39:52,705]: [Iron_Data_Processor.py]: Load_positions: 140:       INFO:    [Positions Are Ready]
[2024-08-08 11:39:52,706]: [Iron_Data_Processor.py]: Load_positions: 140:       INFO:    [Positions Are Ready]
[2024-08-08 11:39:53,829]: [Iron_Data_Processor.py]: Make_Tagged_Images: 193:       INFO:    [Images Has Been Made]
[2024-08-08 11:39:54,784]: [Iron_Data_Processor.py]: Make_Tagged_Images: 193:       INFO:    [Images Has Been Made]
[2024-08-08 11:39:55,039]: [Iron_Data_Processor.py]: Make_Cover_Page: 215:       INFO:    [Made Cover Pages]
[2024-08-08 11:39:55,039]: [Iron.py]: Run: 29:       INFO:    [Imagination Phase Completed]
[2024-08-08 11:40:34,829]: [Phone_Scraper.py]: Scrap: 58:       INFO:    [Data Scraped]
[2024-08-08 11:40:34,830]: [Phone_Scraper.py]: Scrap: 71:       INFO:    [Scraped Data Successfully]
[2024-08-08 11:40:34,830]: [Phone.py]: Run: 26:       INFO:    [Scraping Phase Complete]
[2024-08-08 11:40:34,830]: [Phone_Data_Processor.py]: data_reader: 38:       INFO:    [Scraped Data Loaded]
[2024-08-08 11:40:34,831]: [Phone_Data_Processor.py]: filter_list: 65:       INFO:    [Persian Phrases Are deleted]
[2024-08-08 11:40:34,832]: [Phone_Data_Processor.py]: reshape_list: 87:       INFO:    [Date Reshaped]
[2024-08-08 11:40:34,832]: [Phone_Data_Processor.py]: separate_brands: 124:       INFO:    [Brands Are Separated]
[2024-08-08 11:40:34,833]: [Phone_Data_Processor.py]: delete_extra_spaces: 141:       INFO:    [Extra Spaces Are Deleted]
[2024-08-08 11:40:35,578]: [Phone.py]: Run: 29:       INFO:    [Imagination Phase Complete]
[2024-08-08 11:40:35,578]: [selector_events.py]: __init__: 64:       DEBUG:    [Using selector: EpollSelector]
[2024-08-08 11:40:35,915]: [_bot.py]: _do_post: 643:       DEBUG:    [Calling Bot API endpoint `getMe` with parameters `{}`]
[2024-08-08 11:40:35,919]: [_trace.py]: atrace: 85:       DEBUG:    [connect_tcp.started host='api.telegram.org' port=443 local_address=None timeout=5.0 socket_options=None]
[2024-08-08 11:40:36,048]: [_trace.py]: atrace: 85:       DEBUG:    [connect_tcp.complete return_value=<httpcore._backends.anyio.AnyIOStream object at 0x7f219e690c50>]
[2024-08-08 11:40:36,048]: [_trace.py]: atrace: 85:       DEBUG:    [start_tls.started ssl_context=<ssl.SSLContext object at 0x7f219eb36a50> server_hostname='api.telegram.org' timeout=5.0]
[2024-08-08 11:40:36,135]: [_trace.py]: atrace: 85:       DEBUG:    [start_tls.complete return_value=<httpcore._backends.anyio.AnyIOStream object at 0x7f219eb29b20>]
[2024-08-08 11:40:36,136]: [_trace.py]: atrace: 85:       DEBUG:    [send_request_headers.started request=<Request [b'POST']>]
[2024-08-08 11:40:36,136]: [_trace.py]: atrace: 85:       DEBUG:    [send_request_headers.complete]
[2024-08-08 11:40:36,136]: [_trace.py]: atrace: 85:       DEBUG:    [send_request_body.started request=<Request [b'POST']>]
[2024-08-08 11:40:36,136]: [_trace.py]: atrace: 85:       DEBUG:    [send_request_body.complete]
[2024-08-08 11:40:36,136]: [_trace.py]: atrace: 85:       DEBUG:    [receive_response_headers.started request=<Request [b'POST']>]
[2024-08-08 11:40:36,224]: [_trace.py]: atrace: 85:       DEBUG:    [receive_response_headers.complete return_value=(b'HTTP/1.1', 200, b'OK', [(b'Server', b'nginx/1.18.0'), (b'Date', b'Thu, 08 Aug 2024 11:40:36 GMT'), (b'Content-Type', b'application/json'), (b'Content-Length', b'258'), (b'Connection', b'keep-alive'), (b'Strict-Transport-Security', b'max-age=31536000; includeSubDomains; preload'), (b'Access-Control-Allow-Origin', b'*'), (b'Access-Control-Allow-Methods', b'GET, POST, OPTIONS'), (b'Access-Control-Expose-Headers', b'Content-Length,Content-Type,Date,Server,Connection')])]
[2024-08-08 11:40:36,225]: [_client.py]: _send_single_request: 1773:       INFO:    [HTTP Request: POST https://api.telegram.org/bot6030805959:AAGUHAMxLYc-PrevgKouJ3ZyM7ktu56ftjo/getMe "HTTP/1.1 200 OK"]
[2024-08-08 11:40:36,225]: [_trace.py]: atrace: 85:       DEBUG:    [receive_response_body.started request=<Request [b'POST']>]
[2024-08-08 11:40:36,225]: [_trace.py]: atrace: 85:       DEBUG:    [receive_response_body.complete]
[2024-08-08 11:40:36,225]: [_trace.py]: atrace: 85:       DEBUG:    [response_closed.started]
[2024-08-08 11:40:36,225]: [_trace.py]: atrace: 85:       DEBUG:    [response_closed.complete]
[2024-08-08 11:40:36,225]: [_bot.py]: _do_post: 652:       DEBUG:    [Call to Bot API endpoint `getMe` finished with return value `{'id': 6030805959, 'is_bot': True, 'first_name': 'TyPHoone', 'username': 'TyPHoone_Project_bot', 'can_join_groups': True, 'can_read_all_group_messages': False, 'supports_inline_queries': False, 'can_connect_to_business': False, 'has_main_web_app': False}`]
[2024-08-08 11:40:36,229]: [_bot.py]: _do_post: 643:       DEBUG:    [Calling Bot API endpoint `sendDocument` with parameters `{'chat_id': '-4119703192', 'document': <telegram._files.inputfile.InputFile object at 0x7f219ed24d40>}`]
[2024-08-08 11:40:36,230]: [_trace.py]: atrace: 85:       DEBUG:    [send_request_headers.started request=<Request [b'POST']>]
[2024-08-08 11:40:36,230]: [_trace.py]: atrace: 85:       DEBUG:    [send_request_headers.complete]
[2024-08-08 11:40:36,230]: [_trace.py]: atrace: 85:       DEBUG:    [send_request_body.started request=<Request [b'POST']>]
[2024-08-08 11:40:36,230]: [_trace.py]: atrace: 85:       DEBUG:    [send_request_body.complete]
[2024-08-08 11:40:36,231]: [_trace.py]: atrace: 85:       DEBUG:    [receive_response_headers.started request=<Request [b'POST']>]
[2024-08-08 11:40:36,439]: [_trace.py]: atrace: 85:       DEBUG:    [receive_response_headers.complete return_value=(b'HTTP/1.1', 200, b'OK', [(b'Server', b'nginx/1.18.0'), (b'Date', b'Thu, 08 Aug 2024 11:40:36 GMT'), (b'Content-Type', b'application/json'), (b'Content-Length', b'464'), (b'Connection', b'keep-alive'), (b'Strict-Transport-Security', b'max-age=31536000; includeSubDomains; preload'), (b'Access-Control-Allow-Origin', b'*'), (b'Access-Control-Allow-Methods', b'GET, POST, OPTIONS'), (b'Access-Control-Expose-Headers', b'Content-Length,Content-Type,Date,Server,Connection')])]
[2024-08-08 11:40:36,440]: [_client.py]: _send_single_request: 1773:       INFO:    [HTTP Request: POST https://api.telegram.org/bot6030805959:AAGUHAMxLYc-PrevgKouJ3ZyM7ktu56ftjo/sendDocument "HTTP/1.1 200 OK"]
[2024-08-08 11:40:36,440]: [_trace.py]: atrace: 85:       DEBUG:    [receive_response_body.started request=<Request [b'POST']>]
[2024-08-08 11:40:36,440]: [_trace.py]: atrace: 85:       DEBUG:    [receive_response_body.complete]
[2024-08-08 11:40:36,440]: [_trace.py]: atrace: 85:       DEBUG:    [response_closed.started]
[2024-08-08 11:40:36,440]: [_trace.py]: atrace: 85:       DEBUG:    [response_closed.complete]
[2024-08-08 11:40:36,440]: [_bot.py]: _do_post: 652:       DEBUG:    [Call to Bot API endpoint `sendDocument` finished with return value `{'message_id': 1791, 'from': {'id': 6030805959, 'is_bot': True, 'first_name': 'TyPHoone', 'username': 'TyPHoone_Project_bot'}, 'chat': {'id': -4119703192, 'title': 'Robocop', 'type': 'group', 'all_members_are_administrators': True}, 'date': 1723117236, 'document': {'file_name': '(2024_08_08--11_39).log', 'mime_type': 'text/plain', 'file_id': 'BQACAgQAAxkDAAIG_2a0rrSWBS4iekf7JFQDqk6-yNQXAAI3FgAChgOpUf8ZuHPcn6L8NQQ', 'file_unique_id': 'AgADNxYAAoYDqVE', 'file_size': 5937}}`]
[2024-08-08 11:40:36,441]: [_trace.py]: atrace: 85:       DEBUG:    [close.started]
[2024-08-08 11:40:36,441]: [_trace.py]: atrace: 85:       DEBUG:    [close.complete]
[2024-08-08 11:40:36,441]: [_config.py]: load_ssl_context: 80:       DEBUG:    [load_ssl_context verify=True cert=None trust_env=True http2=False]
[2024-08-08 11:40:36,442]: [_config.py]: load_ssl_context_verify: 146:       DEBUG:    [load_verify_locations cafile='/opt/hostedtoolcache/Python/3.12.4/x64/lib/python3.12/site-packages/certifi/cacert.pem']
[2024-08-08 11:40:36,470]: [_config.py]: load_ssl_context: 80:       DEBUG:    [load_ssl_context verify=True cert=None trust_env=True http2=False]
[2024-08-08 11:40:36,471]: [_config.py]: load_ssl_context_verify: 146:       DEBUG:    [load_verify_locations cafile='/opt/hostedtoolcache/Python/3.12.4/x64/lib/python3.12/site-packages/certifi/cacert.pem']
[2024-08-08 11:40:36,498]: [_bot.py]: _do_post: 643:       DEBUG:    [Calling Bot API endpoint `getMe` with parameters `{}`]
[2024-08-08 11:40:36,499]: [_trace.py]: atrace: 85:       DEBUG:    [connect_tcp.started host='api.telegram.org' port=443 local_address=None timeout=5.0 socket_options=None]
[2024-08-08 11:40:36,584]: [_trace.py]: atrace: 85:       DEBUG:    [connect_tcp.complete return_value=<httpcore._backends.anyio.AnyIOStream object at 0x7f219e2ccaa0>]
[2024-08-08 11:40:36,584]: [_trace.py]: atrace: 85:       DEBUG:    [start_tls.started ssl_context=<ssl.SSLContext object at 0x7f219eb36850> server_hostname='api.telegram.org' timeout=5.0]
[2024-08-08 11:40:36,671]: [_trace.py]: atrace: 85:       DEBUG:    [start_tls.complete return_value=<httpcore._backends.anyio.AnyIOStream object at 0x7f219e2ac530>]
[2024-08-08 11:40:36,672]: [_trace.py]: atrace: 85:       DEBUG:    [send_request_headers.started request=<Request [b'POST']>]
[2024-08-08 11:40:36,672]: [_trace.py]: atrace: 85:       DEBUG:    [send_request_headers.complete]
[2024-08-08 11:40:36,672]: [_trace.py]: atrace: 85:       DEBUG:    [send_request_body.started request=<Request [b'POST']>]
[2024-08-08 11:40:36,672]: [_trace.py]: atrace: 85:       DEBUG:    [send_request_body.complete]
[2024-08-08 11:40:36,672]: [_trace.py]: atrace: 85:       DEBUG:    [receive_response_headers.started request=<Request [b'POST']>]
[2024-08-08 11:40:36,757]: [_trace.py]: atrace: 85:       DEBUG:    [receive_response_headers.complete return_value=(b'HTTP/1.1', 200, b'OK', [(b'Server', b'nginx/1.18.0'), (b'Date', b'Thu, 08 Aug 2024 11:40:36 GMT'), (b'Content-Type', b'application/json'), (b'Content-Length', b'258'), (b'Connection', b'keep-alive'), (b'Strict-Transport-Security', b'max-age=31536000; includeSubDomains; preload'), (b'Access-Control-Allow-Origin', b'*'), (b'Access-Control-Allow-Methods', b'GET, POST, OPTIONS'), (b'Access-Control-Expose-Headers', b'Content-Length,Content-Type,Date,Server,Connection')])]
[2024-08-08 11:40:36,757]: [_client.py]: _send_single_request: 1773:       INFO:    [HTTP Request: POST https://api.telegram.org/bot6030805959:AAGUHAMxLYc-PrevgKouJ3ZyM7ktu56ftjo/getMe "HTTP/1.1 200 OK"]
[2024-08-08 11:40:36,757]: [_trace.py]: atrace: 85:       DEBUG:    [receive_response_body.started request=<Request [b'POST']>]
[2024-08-08 11:40:36,757]: [_trace.py]: atrace: 85:       DEBUG:    [receive_response_body.complete]
[2024-08-08 11:40:36,757]: [_trace.py]: atrace: 85:       DEBUG:    [response_closed.started]
[2024-08-08 11:40:36,757]: [_trace.py]: atrace: 85:       DEBUG:    [response_closed.complete]
[2024-08-08 11:40:36,758]: [_bot.py]: _do_post: 652:       DEBUG:    [Call to Bot API endpoint `getMe` finished with return value `{'id': 6030805959, 'is_bot': True, 'first_name': 'TyPHoone', 'username': 'TyPHoone_Project_bot', 'can_join_groups': True, 'can_read_all_group_messages': False, 'supports_inline_queries': False, 'can_connect_to_business': False, 'has_main_web_app': False}`]
[2024-08-08 11:40:36,760]: [_bot.py]: _do_post: 643:       DEBUG:    [Calling Bot API endpoint `sendDocument` with parameters `{'chat_id': '-4119703192', 'document': <telegram._files.inputfile.InputFile object at 0x7f219eb45e00>}`]
[2024-08-08 11:40:36,761]: [_trace.py]: atrace: 85:       DEBUG:    [send_request_headers.started request=<Request [b'POST']>]
[2024-08-08 11:40:36,761]: [_trace.py]: atrace: 85:       DEBUG:    [send_request_headers.complete]
[2024-08-08 11:40:36,761]: [_trace.py]: atrace: 85:       DEBUG:    [send_request_body.started request=<Request [b'POST']>]
[2024-08-08 11:40:37,619]: [_trace.py]: atrace: 85:       DEBUG:    [send_request_body.complete]
[2024-08-08 11:40:37,620]: [_trace.py]: atrace: 85:       DEBUG:    [receive_response_headers.started request=<Request [b'POST']>]
[2024-08-08 11:40:38,719]: [_trace.py]: atrace: 85:       DEBUG:    [receive_response_headers.complete return_value=(b'HTTP/1.1', 200, b'OK', [(b'Server', b'nginx/1.18.0'), (b'Date', b'Thu, 08 Aug 2024 11:40:38 GMT'), (b'Content-Type', b'application/json'), (b'Content-Length', b'480'), (b'Connection', b'keep-alive'), (b'Strict-Transport-Security', b'max-age=31536000; includeSubDomains; preload'), (b'Access-Control-Allow-Origin', b'*'), (b'Access-Control-Allow-Methods', b'GET, POST, OPTIONS'), (b'Access-Control-Expose-Headers', b'Content-Length,Content-Type,Date,Server,Connection')])]
[2024-08-08 11:40:38,719]: [_client.py]: _send_single_request: 1773:       INFO:    [HTTP Request: POST https://api.telegram.org/bot6030805959:AAGUHAMxLYc-PrevgKouJ3ZyM7ktu56ftjo/sendDocument "HTTP/1.1 200 OK"]
[2024-08-08 11:40:38,720]: [_trace.py]: atrace: 85:       DEBUG:    [receive_response_body.started request=<Request [b'POST']>]
[2024-08-08 11:40:38,720]: [_trace.py]: atrace: 85:       DEBUG:    [receive_response_body.complete]
[2024-08-08 11:40:38,720]: [_trace.py]: atrace: 85:       DEBUG:    [response_closed.started]
[2024-08-08 11:40:38,720]: [_trace.py]: atrace: 85:       DEBUG:    [response_closed.complete]
[2024-08-08 11:40:38,720]: [_bot.py]: _do_post: 652:       DEBUG:    [Call to Bot API endpoint `sendDocument` finished with return value `{'message_id': 1792, 'from': {'id': 6030805959, 'is_bot': True, 'first_name': 'TyPHoone', 'username': 'TyPHoone_Project_bot'}, 'chat': {'id': -4119703192, 'title': 'Robocop', 'type': 'group', 'all_members_are_administrators': True}, 'date': 1723117238, 'document': {'file_name': '(2024_08_08--11_39)output.zip', 'mime_type': 'application/zip', 'file_id': 'BQACAgQAAxkDAAIHAAFmtK62CaZoZ6XWkSdmnvp-tkwgmAACOBYAAoYDqVHV24hnEdPaxTUE', 'file_unique_id': 'AgADOBYAAoYDqVE', 'file_size': 10099859}}`]
[2024-08-08 11:40:38,720]: [_trace.py]: atrace: 85:       DEBUG:    [close.started]
[2024-08-08 11:40:38,721]: [_trace.py]: atrace: 85:       DEBUG:    [close.complete]
[2024-08-08 11:40:38,721]: [Telegram_Sender.py]: runner: 61:       INFO:    [sent successfully]
[2024-08-08 11:40:38,721]: [Main.py]: <module>: 48:       INFO:    [Finished]
