[2025-10-16 11:40:05,812]: [Main.py]: <module>: 21:       INFO:    [Started]
[2025-10-16 11:40:08,015]: [Iron_Scraper.py]: Scrap: 32:       INFO:    [Data Scaraped Successfully]
[2025-10-16 11:40:08,214]: [Iron_Scraper.py]: Scrap: 70:       INFO:    [Scrapped Data Has No Problem]
[2025-10-16 11:40:08,214]: [Iron_Scraper.py]: Scrap: 83:       INFO:    [Data Saved Successfully]
[2025-10-16 11:40:08,214]: [Iron.py]: Run: 26:       INFO:    [Scraping Phase Completed]
[2025-10-16 11:40:08,215]: [Iron_Data_Processor.py]: Data_Reader: 61:       INFO:    [Data File Has Been Red Successfully]
[2025-10-16 11:40:08,215]: [Iron_Data_Processor.py]: Shaper: 78:       INFO:    [Data Shaped]
[2025-10-16 11:40:08,215]: [Iron_Data_Processor.py]: Process: 228:       INFO:    [Data Cleaned]
[2025-10-16 11:40:08,215]: [Iron_Data_Processor.py]: Make_Pages_Objects: 101:       INFO:    [Page Objects Has Been Made]
[2025-10-16 11:40:08,215]: [Iron_Data_Processor.py]: Make_Pages_Objects: 101:       INFO:    [Page Objects Has Been Made]
[2025-10-16 11:40:08,215]: [Iron_Data_Processor.py]: Load_Data: 118:       INFO:    [Data Has Been Load]
[2025-10-16 11:40:08,215]: [Iron_Data_Processor.py]: Load_Data: 118:       INFO:    [Data Has Been Load]
[2025-10-16 11:40:08,216]: [Iron_Data_Processor.py]: Load_positions: 140:       INFO:    [Positions Are Ready]
[2025-10-16 11:40:08,216]: [Iron_Data_Processor.py]: Load_positions: 140:       INFO:    [Positions Are Ready]
[2025-10-16 11:40:09,353]: [Iron_Data_Processor.py]: Make_Tagged_Images: 193:       INFO:    [Images Has Been Made]
[2025-10-16 11:40:10,303]: [Iron_Data_Processor.py]: Make_Tagged_Images: 193:       INFO:    [Images Has Been Made]
[2025-10-16 11:40:10,561]: [Iron_Data_Processor.py]: Make_Cover_Page: 215:       INFO:    [Made Cover Pages]
[2025-10-16 11:40:10,561]: [Iron.py]: Run: 29:       INFO:    [Imagination Phase Completed]
[2025-10-16 11:40:13,657]: [Phone_Scraper.py]: Scrap: 58:       INFO:    [Data Scraped]
[2025-10-16 11:40:13,658]: [Phone_Scraper.py]: Scrap: 71:       INFO:    [Scraped Data Successfully]
[2025-10-16 11:40:13,658]: [Phone.py]: Run: 26:       INFO:    [Scraping Phase Complete]
[2025-10-16 11:40:13,658]: [Phone_Data_Processor.py]: data_reader: 38:       INFO:    [Scraped Data Loaded]
[2025-10-16 11:40:13,659]: [Phone_Data_Processor.py]: filter_list: 65:       INFO:    [Persian Phrases Are deleted]
[2025-10-16 11:40:13,659]: [Phone_Data_Processor.py]: reshape_list: 87:       INFO:    [Date Reshaped]
[2025-10-16 11:40:13,659]: [Phone_Data_Processor.py]: separate_brands: 124:       INFO:    [Brands Are Separated]
[2025-10-16 11:40:13,660]: [Phone_Data_Processor.py]: delete_extra_spaces: 141:       INFO:    [Extra Spaces Are Deleted]
[2025-10-16 11:40:14,396]: [Phone.py]: Run: 29:       INFO:    [Imagination Phase Complete]
[2025-10-16 11:40:14,396]: [selector_events.py]: __init__: 64:       DEBUG:    [Using selector: EpollSelector]
[2025-10-16 11:40:14,673]: [_bot.py]: _do_post: 643:       DEBUG:    [Calling Bot API endpoint `getMe` with parameters `{}`]
[2025-10-16 11:40:14,677]: [_trace.py]: atrace: 87:       DEBUG:    [connect_tcp.started host='api.telegram.org' port=443 local_address=None timeout=5.0 socket_options=None]
[2025-10-16 11:40:14,814]: [_trace.py]: atrace: 87:       DEBUG:    [connect_tcp.complete return_value=<httpcore._backends.anyio.AnyIOStream object at 0x7fed0562aae0>]
[2025-10-16 11:40:14,814]: [_trace.py]: atrace: 87:       DEBUG:    [start_tls.started ssl_context=<ssl.SSLContext object at 0x7fed05cc1f50> server_hostname='api.telegram.org' timeout=5.0]
[2025-10-16 11:40:14,921]: [_trace.py]: atrace: 87:       DEBUG:    [start_tls.complete return_value=<httpcore._backends.anyio.AnyIOStream object at 0x7fed05ca4530>]
[2025-10-16 11:40:14,921]: [_trace.py]: atrace: 87:       DEBUG:    [send_request_headers.started request=<Request [b'POST']>]
[2025-10-16 11:40:14,922]: [_trace.py]: atrace: 87:       DEBUG:    [send_request_headers.complete]
[2025-10-16 11:40:14,922]: [_trace.py]: atrace: 87:       DEBUG:    [send_request_body.started request=<Request [b'POST']>]
[2025-10-16 11:40:14,922]: [_trace.py]: atrace: 87:       DEBUG:    [send_request_body.complete]
[2025-10-16 11:40:14,922]: [_trace.py]: atrace: 87:       DEBUG:    [receive_response_headers.started request=<Request [b'POST']>]
[2025-10-16 11:40:15,025]: [_trace.py]: atrace: 87:       DEBUG:    [receive_response_headers.complete return_value=(b'HTTP/1.1', 200, b'OK', [(b'Server', b'nginx/1.18.0'), (b'Date', b'Thu, 16 Oct 2025 11:40:14 GMT'), (b'Content-Type', b'application/json'), (b'Content-Length', b'258'), (b'Connection', b'keep-alive'), (b'Strict-Transport-Security', b'max-age=31536000; includeSubDomains; preload'), (b'Access-Control-Allow-Origin', b'*'), (b'Access-Control-Allow-Methods', b'GET, POST, OPTIONS'), (b'Access-Control-Expose-Headers', b'Content-Length,Content-Type,Date,Server,Connection')])]
[2025-10-16 11:40:15,025]: [_client.py]: _send_single_request: 1740:       INFO:    [HTTP Request: POST https://api.telegram.org/bot6030805959:AAGUHAMxLYc-PrevgKouJ3ZyM7ktu56ftjo/getMe "HTTP/1.1 200 OK"]
[2025-10-16 11:40:15,026]: [_trace.py]: atrace: 87:       DEBUG:    [receive_response_body.started request=<Request [b'POST']>]
[2025-10-16 11:40:15,026]: [_trace.py]: atrace: 87:       DEBUG:    [receive_response_body.complete]
[2025-10-16 11:40:15,026]: [_trace.py]: atrace: 87:       DEBUG:    [response_closed.started]
[2025-10-16 11:40:15,026]: [_trace.py]: atrace: 87:       DEBUG:    [response_closed.complete]
[2025-10-16 11:40:15,026]: [_bot.py]: _do_post: 652:       DEBUG:    [Call to Bot API endpoint `getMe` finished with return value `{'id': 6030805959, 'is_bot': True, 'first_name': 'TyPHoone', 'username': 'TyPHoone_Project_bot', 'can_join_groups': True, 'can_read_all_group_messages': False, 'supports_inline_queries': False, 'can_connect_to_business': False, 'has_main_web_app': False}`]
[2025-10-16 11:40:15,029]: [_bot.py]: _do_post: 643:       DEBUG:    [Calling Bot API endpoint `sendDocument` with parameters `{'chat_id': '-4119703192', 'document': <telegram._files.inputfile.InputFile object at 0x7fed052b6000>}`]
[2025-10-16 11:40:15,030]: [_trace.py]: atrace: 87:       DEBUG:    [send_request_headers.started request=<Request [b'POST']>]
[2025-10-16 11:40:15,030]: [_trace.py]: atrace: 87:       DEBUG:    [send_request_headers.complete]
[2025-10-16 11:40:15,030]: [_trace.py]: atrace: 87:       DEBUG:    [send_request_body.started request=<Request [b'POST']>]
[2025-10-16 11:40:15,030]: [_trace.py]: atrace: 87:       DEBUG:    [send_request_body.complete]
[2025-10-16 11:40:15,031]: [_trace.py]: atrace: 87:       DEBUG:    [receive_response_headers.started request=<Request [b'POST']>]
[2025-10-16 11:40:15,309]: [_trace.py]: atrace: 87:       DEBUG:    [receive_response_headers.complete return_value=(b'HTTP/1.1', 200, b'OK', [(b'Server', b'nginx/1.18.0'), (b'Date', b'Thu, 16 Oct 2025 11:40:15 GMT'), (b'Content-Type', b'application/json'), (b'Content-Length', b'584'), (b'Connection', b'keep-alive'), (b'Strict-Transport-Security', b'max-age=31536000; includeSubDomains; preload'), (b'Access-Control-Allow-Origin', b'*'), (b'Access-Control-Allow-Methods', b'GET, POST, OPTIONS'), (b'Access-Control-Expose-Headers', b'Content-Length,Content-Type,Date,Server,Connection')])]
[2025-10-16 11:40:15,309]: [_client.py]: _send_single_request: 1740:       INFO:    [HTTP Request: POST https://api.telegram.org/bot6030805959:AAGUHAMxLYc-PrevgKouJ3ZyM7ktu56ftjo/sendDocument "HTTP/1.1 200 OK"]
[2025-10-16 11:40:15,309]: [_trace.py]: atrace: 87:       DEBUG:    [receive_response_body.started request=<Request [b'POST']>]
[2025-10-16 11:40:15,310]: [_trace.py]: atrace: 87:       DEBUG:    [receive_response_body.complete]
[2025-10-16 11:40:15,310]: [_trace.py]: atrace: 87:       DEBUG:    [response_closed.started]
[2025-10-16 11:40:15,310]: [_trace.py]: atrace: 87:       DEBUG:    [response_closed.complete]
[2025-10-16 11:40:15,310]: [_bot.py]: _do_post: 652:       DEBUG:    [Call to Bot API endpoint `sendDocument` finished with return value `{'message_id': 2667, 'from': {'id': 6030805959, 'is_bot': True, 'first_name': 'TyPHoone', 'username': 'TyPHoone_Project_bot'}, 'chat': {'id': -4119703192, 'title': 'Robocop', 'type': 'group', 'all_members_are_administrators': True, 'accepted_gift_types': {'unlimited_gifts': False, 'limited_gifts': False, 'unique_gifts': False, 'premium_subscription': False}}, 'date': 1760614815, 'document': {'file_name': '(2025_10_16--11_40).log', 'mime_type': 'text/plain', 'file_id': 'BQACAgQAAxkDAAIKa2jw2Z_-rSPO7rBnsXyeKXRzC42-AAI_GAACul6IU4Jj8t0f6Ce5NgQ', 'file_unique_id': 'AgADPxgAArpeiFM', 'file_size': 5937}}`]
[2025-10-16 11:40:15,311]: [_trace.py]: atrace: 87:       DEBUG:    [close.started]
[2025-10-16 11:40:15,311]: [_trace.py]: atrace: 87:       DEBUG:    [close.complete]
[2025-10-16 11:40:15,355]: [_bot.py]: _do_post: 643:       DEBUG:    [Calling Bot API endpoint `getMe` with parameters `{}`]
[2025-10-16 11:40:15,355]: [_trace.py]: atrace: 87:       DEBUG:    [connect_tcp.started host='api.telegram.org' port=443 local_address=None timeout=5.0 socket_options=None]
[2025-10-16 11:40:15,458]: [_trace.py]: atrace: 87:       DEBUG:    [connect_tcp.complete return_value=<httpcore._backends.anyio.AnyIOStream object at 0x7fed052ace30>]
[2025-10-16 11:40:15,458]: [_trace.py]: atrace: 87:       DEBUG:    [start_tls.started ssl_context=<ssl.SSLContext object at 0x7fed05cc1e50> server_hostname='api.telegram.org' timeout=5.0]
[2025-10-16 11:40:15,561]: [_trace.py]: atrace: 87:       DEBUG:    [start_tls.complete return_value=<httpcore._backends.anyio.AnyIOStream object at 0x7fed0dc66330>]
[2025-10-16 11:40:15,561]: [_trace.py]: atrace: 87:       DEBUG:    [send_request_headers.started request=<Request [b'POST']>]
[2025-10-16 11:40:15,562]: [_trace.py]: atrace: 87:       DEBUG:    [send_request_headers.complete]
[2025-10-16 11:40:15,562]: [_trace.py]: atrace: 87:       DEBUG:    [send_request_body.started request=<Request [b'POST']>]
[2025-10-16 11:40:15,562]: [_trace.py]: atrace: 87:       DEBUG:    [send_request_body.complete]
[2025-10-16 11:40:15,562]: [_trace.py]: atrace: 87:       DEBUG:    [receive_response_headers.started request=<Request [b'POST']>]
[2025-10-16 11:40:15,663]: [_trace.py]: atrace: 87:       DEBUG:    [receive_response_headers.complete return_value=(b'HTTP/1.1', 200, b'OK', [(b'Server', b'nginx/1.18.0'), (b'Date', b'Thu, 16 Oct 2025 11:40:15 GMT'), (b'Content-Type', b'application/json'), (b'Content-Length', b'258'), (b'Connection', b'keep-alive'), (b'Strict-Transport-Security', b'max-age=31536000; includeSubDomains; preload'), (b'Access-Control-Allow-Origin', b'*'), (b'Access-Control-Allow-Methods', b'GET, POST, OPTIONS'), (b'Access-Control-Expose-Headers', b'Content-Length,Content-Type,Date,Server,Connection')])]
[2025-10-16 11:40:15,664]: [_client.py]: _send_single_request: 1740:       INFO:    [HTTP Request: POST https://api.telegram.org/bot6030805959:AAGUHAMxLYc-PrevgKouJ3ZyM7ktu56ftjo/getMe "HTTP/1.1 200 OK"]
[2025-10-16 11:40:15,664]: [_trace.py]: atrace: 87:       DEBUG:    [receive_response_body.started request=<Request [b'POST']>]
[2025-10-16 11:40:15,664]: [_trace.py]: atrace: 87:       DEBUG:    [receive_response_body.complete]
[2025-10-16 11:40:15,664]: [_trace.py]: atrace: 87:       DEBUG:    [response_closed.started]
[2025-10-16 11:40:15,664]: [_trace.py]: atrace: 87:       DEBUG:    [response_closed.complete]
[2025-10-16 11:40:15,664]: [_bot.py]: _do_post: 652:       DEBUG:    [Call to Bot API endpoint `getMe` finished with return value `{'id': 6030805959, 'is_bot': True, 'first_name': 'TyPHoone', 'username': 'TyPHoone_Project_bot', 'can_join_groups': True, 'can_read_all_group_messages': False, 'supports_inline_queries': False, 'can_connect_to_business': False, 'has_main_web_app': False}`]
[2025-10-16 11:40:15,666]: [_bot.py]: _do_post: 643:       DEBUG:    [Calling Bot API endpoint `sendDocument` with parameters `{'chat_id': '-4119703192', 'document': <telegram._files.inputfile.InputFile object at 0x7fed05ce6b00>}`]
[2025-10-16 11:40:15,667]: [_trace.py]: atrace: 87:       DEBUG:    [send_request_headers.started request=<Request [b'POST']>]
[2025-10-16 11:40:15,667]: [_trace.py]: atrace: 87:       DEBUG:    [send_request_headers.complete]
[2025-10-16 11:40:15,667]: [_trace.py]: atrace: 87:       DEBUG:    [send_request_body.started request=<Request [b'POST']>]
[2025-10-16 11:40:16,583]: [_trace.py]: atrace: 87:       DEBUG:    [send_request_body.complete]
[2025-10-16 11:40:16,584]: [_trace.py]: atrace: 87:       DEBUG:    [receive_response_headers.started request=<Request [b'POST']>]
[2025-10-16 11:40:17,347]: [_trace.py]: atrace: 87:       DEBUG:    [receive_response_headers.complete return_value=(b'HTTP/1.1', 200, b'OK', [(b'Server', b'nginx/1.18.0'), (b'Date', b'Thu, 16 Oct 2025 11:40:17 GMT'), (b'Content-Type', b'application/json'), (b'Content-Length', b'599'), (b'Connection', b'keep-alive'), (b'Strict-Transport-Security', b'max-age=31536000; includeSubDomains; preload'), (b'Access-Control-Allow-Origin', b'*'), (b'Access-Control-Allow-Methods', b'GET, POST, OPTIONS'), (b'Access-Control-Expose-Headers', b'Content-Length,Content-Type,Date,Server,Connection')])]
[2025-10-16 11:40:17,348]: [_client.py]: _send_single_request: 1740:       INFO:    [HTTP Request: POST https://api.telegram.org/bot6030805959:AAGUHAMxLYc-PrevgKouJ3ZyM7ktu56ftjo/sendDocument "HTTP/1.1 200 OK"]
[2025-10-16 11:40:17,348]: [_trace.py]: atrace: 87:       DEBUG:    [receive_response_body.started request=<Request [b'POST']>]
[2025-10-16 11:40:17,348]: [_trace.py]: atrace: 87:       DEBUG:    [receive_response_body.complete]
[2025-10-16 11:40:17,348]: [_trace.py]: atrace: 87:       DEBUG:    [response_closed.started]
[2025-10-16 11:40:17,348]: [_trace.py]: atrace: 87:       DEBUG:    [response_closed.complete]
[2025-10-16 11:40:17,348]: [_bot.py]: _do_post: 652:       DEBUG:    [Call to Bot API endpoint `sendDocument` finished with return value `{'message_id': 2668, 'from': {'id': 6030805959, 'is_bot': True, 'first_name': 'TyPHoone', 'username': 'TyPHoone_Project_bot'}, 'chat': {'id': -4119703192, 'title': 'Robocop', 'type': 'group', 'all_members_are_administrators': True, 'accepted_gift_types': {'unlimited_gifts': False, 'limited_gifts': False, 'unique_gifts': False, 'premium_subscription': False}}, 'date': 1760614817, 'document': {'file_name': '(2025_10_16--11_40)output.zip', 'mime_type': 'application/zip', 'file_id': 'BQACAgQAAxkDAAIKbGjw2aBNGZpR1hbh-BrDPvAt0r6tAAJAGAACul6IU28yUSU7Dj3JNgQ', 'file_unique_id': 'AgADQBgAArpeiFM', 'file_size': 10114628}}`]
[2025-10-16 11:40:17,349]: [_trace.py]: atrace: 87:       DEBUG:    [close.started]
[2025-10-16 11:40:17,349]: [_trace.py]: atrace: 87:       DEBUG:    [close.complete]
[2025-10-16 11:40:17,349]: [Telegram_Sender.py]: runner: 61:       INFO:    [sent successfully]
[2025-10-16 11:40:17,350]: [Main.py]: <module>: 48:       INFO:    [Finished]
