[2025-09-05 11:39:33,913]: [Main.py]: <module>: 21:       INFO:    [Started]
[2025-09-05 11:39:34,864]: [Iron_Scraper.py]: Scrap: 30:       CRITICAL:    [Scrapping Faild]
[2025-09-05 11:39:34,864]: [Iron_Scraper.py]: Scrap: 68:       CRITICAL:    [Something Went Wrong About Scraped Data]
[2025-09-05 11:39:34,864]: [Iron_Scraper.py]: Scrap: 81:       CRITICAL:    [Saving Data Failed]
[2025-09-05 11:39:34,864]: [Iron.py]: Run: 26:       INFO:    [Scraping Phase Completed]
[2025-09-05 11:39:34,865]: [Iron_Data_Processor.py]: Data_Reader: 61:       INFO:    [Data File Has Been Red Successfully]
[2025-09-05 11:39:34,865]: [Iron_Data_Processor.py]: Shaper: 78:       INFO:    [Data Shaped]
[2025-09-05 11:39:34,865]: [Iron_Data_Processor.py]: Process: 228:       INFO:    [Data Cleaned]
[2025-09-05 11:39:34,865]: [Iron_Data_Processor.py]: Make_Pages_Objects: 101:       INFO:    [Page Objects Has Been Made]
[2025-09-05 11:39:34,865]: [Iron_Data_Processor.py]: Make_Pages_Objects: 101:       INFO:    [Page Objects Has Been Made]
[2025-09-05 11:39:34,865]: [Iron_Data_Processor.py]: Load_Data: 118:       INFO:    [Data Has Been Load]
[2025-09-05 11:39:34,865]: [Iron_Data_Processor.py]: Load_Data: 118:       INFO:    [Data Has Been Load]
[2025-09-05 11:39:34,865]: [Iron_Data_Processor.py]: Load_positions: 140:       INFO:    [Positions Are Ready]
[2025-09-05 11:39:34,865]: [Iron_Data_Processor.py]: Load_positions: 140:       INFO:    [Positions Are Ready]
[2025-09-05 11:39:35,938]: [Iron_Data_Processor.py]: Make_Tagged_Images: 193:       INFO:    [Images Has Been Made]
[2025-09-05 11:39:36,829]: [Iron_Data_Processor.py]: Make_Tagged_Images: 193:       INFO:    [Images Has Been Made]
[2025-09-05 11:39:37,082]: [Iron_Data_Processor.py]: Make_Cover_Page: 215:       INFO:    [Made Cover Pages]
[2025-09-05 11:39:37,082]: [Iron.py]: Run: 29:       INFO:    [Imagination Phase Completed]
[2025-09-05 11:39:41,071]: [Phone_Scraper.py]: Scrap: 58:       INFO:    [Data Scraped]
[2025-09-05 11:39:41,071]: [Phone_Scraper.py]: Scrap: 71:       INFO:    [Scraped Data Successfully]
[2025-09-05 11:39:41,071]: [Phone.py]: Run: 26:       INFO:    [Scraping Phase Complete]
[2025-09-05 11:39:41,071]: [Phone_Data_Processor.py]: data_reader: 38:       INFO:    [Scraped Data Loaded]
[2025-09-05 11:39:41,072]: [Phone_Data_Processor.py]: filter_list: 65:       INFO:    [Persian Phrases Are deleted]
[2025-09-05 11:39:41,073]: [Phone_Data_Processor.py]: reshape_list: 87:       INFO:    [Date Reshaped]
[2025-09-05 11:39:41,073]: [Phone_Data_Processor.py]: separate_brands: 124:       INFO:    [Brands Are Separated]
[2025-09-05 11:39:41,073]: [Phone_Data_Processor.py]: delete_extra_spaces: 141:       INFO:    [Extra Spaces Are Deleted]
[2025-09-05 11:39:41,717]: [Phone.py]: Run: 29:       INFO:    [Imagination Phase Complete]
[2025-09-05 11:39:41,717]: [selector_events.py]: __init__: 64:       DEBUG:    [Using selector: EpollSelector]
[2025-09-05 11:39:41,978]: [_bot.py]: _do_post: 643:       DEBUG:    [Calling Bot API endpoint `getMe` with parameters `{}`]
[2025-09-05 11:39:41,983]: [_trace.py]: atrace: 87:       DEBUG:    [connect_tcp.started host='api.telegram.org' port=443 local_address=None timeout=5.0 socket_options=None]
[2025-09-05 11:39:42,139]: [_trace.py]: atrace: 87:       DEBUG:    [connect_tcp.complete return_value=<httpcore._backends.anyio.AnyIOStream object at 0x7fed93d0ad20>]
[2025-09-05 11:39:42,139]: [_trace.py]: atrace: 87:       DEBUG:    [start_tls.started ssl_context=<ssl.SSLContext object at 0x7fed938adcd0> server_hostname='api.telegram.org' timeout=5.0]
[2025-09-05 11:39:42,291]: [_trace.py]: atrace: 87:       DEBUG:    [start_tls.complete return_value=<httpcore._backends.anyio.AnyIOStream object at 0x7fed93d1b3b0>]
[2025-09-05 11:39:42,291]: [_trace.py]: atrace: 87:       DEBUG:    [send_request_headers.started request=<Request [b'POST']>]
[2025-09-05 11:39:42,292]: [_trace.py]: atrace: 87:       DEBUG:    [send_request_headers.complete]
[2025-09-05 11:39:42,292]: [_trace.py]: atrace: 87:       DEBUG:    [send_request_body.started request=<Request [b'POST']>]
[2025-09-05 11:39:42,292]: [_trace.py]: atrace: 87:       DEBUG:    [send_request_body.complete]
[2025-09-05 11:39:42,292]: [_trace.py]: atrace: 87:       DEBUG:    [receive_response_headers.started request=<Request [b'POST']>]
[2025-09-05 11:39:42,441]: [_trace.py]: atrace: 87:       DEBUG:    [receive_response_headers.complete return_value=(b'HTTP/1.1', 200, b'OK', [(b'Server', b'nginx/1.18.0'), (b'Date', b'Fri, 05 Sep 2025 11:39:42 GMT'), (b'Content-Type', b'application/json'), (b'Content-Length', b'258'), (b'Connection', b'keep-alive'), (b'Strict-Transport-Security', b'max-age=31536000; includeSubDomains; preload'), (b'Access-Control-Allow-Origin', b'*'), (b'Access-Control-Allow-Methods', b'GET, POST, OPTIONS'), (b'Access-Control-Expose-Headers', b'Content-Length,Content-Type,Date,Server,Connection')])]
[2025-09-05 11:39:42,441]: [_client.py]: _send_single_request: 1740:       INFO:    [HTTP Request: POST https://api.telegram.org/bot6030805959:AAGUHAMxLYc-PrevgKouJ3ZyM7ktu56ftjo/getMe "HTTP/1.1 200 OK"]
[2025-09-05 11:39:42,441]: [_trace.py]: atrace: 87:       DEBUG:    [receive_response_body.started request=<Request [b'POST']>]
[2025-09-05 11:39:42,442]: [_trace.py]: atrace: 87:       DEBUG:    [receive_response_body.complete]
[2025-09-05 11:39:42,442]: [_trace.py]: atrace: 87:       DEBUG:    [response_closed.started]
[2025-09-05 11:39:42,442]: [_trace.py]: atrace: 87:       DEBUG:    [response_closed.complete]
[2025-09-05 11:39:42,442]: [_bot.py]: _do_post: 652:       DEBUG:    [Call to Bot API endpoint `getMe` finished with return value `{'id': 6030805959, 'is_bot': True, 'first_name': 'TyPHoone', 'username': 'TyPHoone_Project_bot', 'can_join_groups': True, 'can_read_all_group_messages': False, 'supports_inline_queries': False, 'can_connect_to_business': False, 'has_main_web_app': False}`]
[2025-09-05 11:39:42,445]: [_bot.py]: _do_post: 643:       DEBUG:    [Calling Bot API endpoint `sendDocument` with parameters `{'chat_id': '-4119703192', 'document': <telegram._files.inputfile.InputFile object at 0x7fed93405ec0>}`]
[2025-09-05 11:39:42,445]: [_trace.py]: atrace: 87:       DEBUG:    [send_request_headers.started request=<Request [b'POST']>]
[2025-09-05 11:39:42,445]: [_trace.py]: atrace: 87:       DEBUG:    [send_request_headers.complete]
[2025-09-05 11:39:42,446]: [_trace.py]: atrace: 87:       DEBUG:    [send_request_body.started request=<Request [b'POST']>]
[2025-09-05 11:39:42,446]: [_trace.py]: atrace: 87:       DEBUG:    [send_request_body.complete]
[2025-09-05 11:39:42,446]: [_trace.py]: atrace: 87:       DEBUG:    [receive_response_headers.started request=<Request [b'POST']>]
[2025-09-05 11:39:42,657]: [_trace.py]: atrace: 87:       DEBUG:    [receive_response_headers.complete return_value=(b'HTTP/1.1', 200, b'OK', [(b'Server', b'nginx/1.18.0'), (b'Date', b'Fri, 05 Sep 2025 11:39:42 GMT'), (b'Content-Type', b'application/json'), (b'Content-Length', b'584'), (b'Connection', b'keep-alive'), (b'Strict-Transport-Security', b'max-age=31536000; includeSubDomains; preload'), (b'Access-Control-Allow-Origin', b'*'), (b'Access-Control-Allow-Methods', b'GET, POST, OPTIONS'), (b'Access-Control-Expose-Headers', b'Content-Length,Content-Type,Date,Server,Connection')])]
[2025-09-05 11:39:42,658]: [_client.py]: _send_single_request: 1740:       INFO:    [HTTP Request: POST https://api.telegram.org/bot6030805959:AAGUHAMxLYc-PrevgKouJ3ZyM7ktu56ftjo/sendDocument "HTTP/1.1 200 OK"]
[2025-09-05 11:39:42,658]: [_trace.py]: atrace: 87:       DEBUG:    [receive_response_body.started request=<Request [b'POST']>]
[2025-09-05 11:39:42,658]: [_trace.py]: atrace: 87:       DEBUG:    [receive_response_body.complete]
[2025-09-05 11:39:42,658]: [_trace.py]: atrace: 87:       DEBUG:    [response_closed.started]
[2025-09-05 11:39:42,658]: [_trace.py]: atrace: 87:       DEBUG:    [response_closed.complete]
[2025-09-05 11:39:42,658]: [_bot.py]: _do_post: 652:       DEBUG:    [Call to Bot API endpoint `sendDocument` finished with return value `{'message_id': 2585, 'from': {'id': 6030805959, 'is_bot': True, 'first_name': 'TyPHoone', 'username': 'TyPHoone_Project_bot'}, 'chat': {'id': -4119703192, 'title': 'Robocop', 'type': 'group', 'all_members_are_administrators': True, 'accepted_gift_types': {'unlimited_gifts': False, 'limited_gifts': False, 'unique_gifts': False, 'premium_subscription': False}}, 'date': 1757072382, 'document': {'file_name': '(2025_09_05--11_39).log', 'mime_type': 'text/plain', 'file_id': 'BQACAgQAAxkDAAIKGWi6y_58zvzEIBX15UnCx58OLrx1AAJFGQAC5MLYURLtw_TPkIfWNgQ', 'file_unique_id': 'AgADRRkAAuTC2FE', 'file_size': 5944}}`]
[2025-09-05 11:39:42,659]: [_trace.py]: atrace: 87:       DEBUG:    [close.started]
[2025-09-05 11:39:42,659]: [_trace.py]: atrace: 87:       DEBUG:    [close.complete]
[2025-09-05 11:39:42,702]: [_bot.py]: _do_post: 643:       DEBUG:    [Calling Bot API endpoint `getMe` with parameters `{}`]
[2025-09-05 11:39:42,702]: [_trace.py]: atrace: 87:       DEBUG:    [connect_tcp.started host='api.telegram.org' port=443 local_address=None timeout=5.0 socket_options=None]
[2025-09-05 11:39:42,852]: [_trace.py]: atrace: 87:       DEBUG:    [connect_tcp.complete return_value=<httpcore._backends.anyio.AnyIOStream object at 0x7fed9324b890>]
[2025-09-05 11:39:42,852]: [_trace.py]: atrace: 87:       DEBUG:    [start_tls.started ssl_context=<ssl.SSLContext object at 0x7fed938adbd0> server_hostname='api.telegram.org' timeout=5.0]
[2025-09-05 11:39:43,004]: [_trace.py]: atrace: 87:       DEBUG:    [start_tls.complete return_value=<httpcore._backends.anyio.AnyIOStream object at 0x7fed93de8fb0>]
[2025-09-05 11:39:43,004]: [_trace.py]: atrace: 87:       DEBUG:    [send_request_headers.started request=<Request [b'POST']>]
[2025-09-05 11:39:43,005]: [_trace.py]: atrace: 87:       DEBUG:    [send_request_headers.complete]
[2025-09-05 11:39:43,005]: [_trace.py]: atrace: 87:       DEBUG:    [send_request_body.started request=<Request [b'POST']>]
[2025-09-05 11:39:43,005]: [_trace.py]: atrace: 87:       DEBUG:    [send_request_body.complete]
[2025-09-05 11:39:43,005]: [_trace.py]: atrace: 87:       DEBUG:    [receive_response_headers.started request=<Request [b'POST']>]
[2025-09-05 11:39:43,156]: [_trace.py]: atrace: 87:       DEBUG:    [receive_response_headers.complete return_value=(b'HTTP/1.1', 200, b'OK', [(b'Server', b'nginx/1.18.0'), (b'Date', b'Fri, 05 Sep 2025 11:39:43 GMT'), (b'Content-Type', b'application/json'), (b'Content-Length', b'258'), (b'Connection', b'keep-alive'), (b'Strict-Transport-Security', b'max-age=31536000; includeSubDomains; preload'), (b'Access-Control-Allow-Origin', b'*'), (b'Access-Control-Allow-Methods', b'GET, POST, OPTIONS'), (b'Access-Control-Expose-Headers', b'Content-Length,Content-Type,Date,Server,Connection')])]
[2025-09-05 11:39:43,156]: [_client.py]: _send_single_request: 1740:       INFO:    [HTTP Request: POST https://api.telegram.org/bot6030805959:AAGUHAMxLYc-PrevgKouJ3ZyM7ktu56ftjo/getMe "HTTP/1.1 200 OK"]
[2025-09-05 11:39:43,156]: [_trace.py]: atrace: 87:       DEBUG:    [receive_response_body.started request=<Request [b'POST']>]
[2025-09-05 11:39:43,156]: [_trace.py]: atrace: 87:       DEBUG:    [receive_response_body.complete]
[2025-09-05 11:39:43,157]: [_trace.py]: atrace: 87:       DEBUG:    [response_closed.started]
[2025-09-05 11:39:43,157]: [_trace.py]: atrace: 87:       DEBUG:    [response_closed.complete]
[2025-09-05 11:39:43,157]: [_bot.py]: _do_post: 652:       DEBUG:    [Call to Bot API endpoint `getMe` finished with return value `{'id': 6030805959, 'is_bot': True, 'first_name': 'TyPHoone', 'username': 'TyPHoone_Project_bot', 'can_join_groups': True, 'can_read_all_group_messages': False, 'supports_inline_queries': False, 'can_connect_to_business': False, 'has_main_web_app': False}`]
[2025-09-05 11:39:43,159]: [_bot.py]: _do_post: 643:       DEBUG:    [Calling Bot API endpoint `sendDocument` with parameters `{'chat_id': '-4119703192', 'document': <telegram._files.inputfile.InputFile object at 0x7fed938ca440>}`]
[2025-09-05 11:39:43,160]: [_trace.py]: atrace: 87:       DEBUG:    [send_request_headers.started request=<Request [b'POST']>]
[2025-09-05 11:39:43,160]: [_trace.py]: atrace: 87:       DEBUG:    [send_request_headers.complete]
[2025-09-05 11:39:43,160]: [_trace.py]: atrace: 87:       DEBUG:    [send_request_body.started request=<Request [b'POST']>]
[2025-09-05 11:39:44,513]: [_trace.py]: atrace: 87:       DEBUG:    [send_request_body.complete]
[2025-09-05 11:39:44,514]: [_trace.py]: atrace: 87:       DEBUG:    [receive_response_headers.started request=<Request [b'POST']>]
[2025-09-05 11:39:45,187]: [_trace.py]: atrace: 87:       DEBUG:    [receive_response_headers.complete return_value=(b'HTTP/1.1', 200, b'OK', [(b'Server', b'nginx/1.18.0'), (b'Date', b'Fri, 05 Sep 2025 11:39:45 GMT'), (b'Content-Type', b'application/json'), (b'Content-Length', b'599'), (b'Connection', b'keep-alive'), (b'Strict-Transport-Security', b'max-age=31536000; includeSubDomains; preload'), (b'Access-Control-Allow-Origin', b'*'), (b'Access-Control-Allow-Methods', b'GET, POST, OPTIONS'), (b'Access-Control-Expose-Headers', b'Content-Length,Content-Type,Date,Server,Connection')])]
[2025-09-05 11:39:45,187]: [_client.py]: _send_single_request: 1740:       INFO:    [HTTP Request: POST https://api.telegram.org/bot6030805959:AAGUHAMxLYc-PrevgKouJ3ZyM7ktu56ftjo/sendDocument "HTTP/1.1 200 OK"]
[2025-09-05 11:39:45,187]: [_trace.py]: atrace: 87:       DEBUG:    [receive_response_body.started request=<Request [b'POST']>]
[2025-09-05 11:39:45,187]: [_trace.py]: atrace: 87:       DEBUG:    [receive_response_body.complete]
[2025-09-05 11:39:45,187]: [_trace.py]: atrace: 87:       DEBUG:    [response_closed.started]
[2025-09-05 11:39:45,187]: [_trace.py]: atrace: 87:       DEBUG:    [response_closed.complete]
[2025-09-05 11:39:45,187]: [_bot.py]: _do_post: 652:       DEBUG:    [Call to Bot API endpoint `sendDocument` finished with return value `{'message_id': 2586, 'from': {'id': 6030805959, 'is_bot': True, 'first_name': 'TyPHoone', 'username': 'TyPHoone_Project_bot'}, 'chat': {'id': -4119703192, 'title': 'Robocop', 'type': 'group', 'all_members_are_administrators': True, 'accepted_gift_types': {'unlimited_gifts': False, 'limited_gifts': False, 'unique_gifts': False, 'premium_subscription': False}}, 'date': 1757072385, 'document': {'file_name': '(2025_09_05--11_39)output.zip', 'mime_type': 'application/zip', 'file_id': 'BQACAgQAAxkDAAIKGmi6zAABZhxAxMi1nVGa64tQu6npQAACRhkAAuTC2FHsNdZs3dMd2TYE', 'file_unique_id': 'AgADRhkAAuTC2FE', 'file_size': 9584392}}`]
[2025-09-05 11:39:45,188]: [_trace.py]: atrace: 87:       DEBUG:    [close.started]
[2025-09-05 11:39:45,188]: [_trace.py]: atrace: 87:       DEBUG:    [close.complete]
[2025-09-05 11:39:45,188]: [Telegram_Sender.py]: runner: 61:       INFO:    [sent successfully]
[2025-09-05 11:39:45,189]: [Main.py]: <module>: 48:       INFO:    [Finished]
