[2024-06-25 11:38:27,465]: [Main.py]: <module>: 21:       INFO:    [Started]
[2024-06-25 11:38:29,405]: [Iron_Scraper.py]: Scrap: 32:       INFO:    [Data Scaraped Successfully]
[2024-06-25 11:38:29,603]: [Iron_Scraper.py]: Scrap: 70:       INFO:    [Scrapped Data Has No Problem]
[2024-06-25 11:38:29,603]: [Iron_Scraper.py]: Scrap: 83:       INFO:    [Data Saved Successfully]
[2024-06-25 11:38:29,603]: [Iron.py]: Run: 26:       INFO:    [Scraping Phase Completed]
[2024-06-25 11:38:29,604]: [Iron_Data_Processor.py]: Data_Reader: 61:       INFO:    [Data File Has Been Red Successfully]
[2024-06-25 11:38:29,604]: [Iron_Data_Processor.py]: Shaper: 78:       INFO:    [Data Shaped]
[2024-06-25 11:38:29,604]: [Iron_Data_Processor.py]: Process: 228:       INFO:    [Data Cleaned]
[2024-06-25 11:38:29,604]: [Iron_Data_Processor.py]: Make_Pages_Objects: 101:       INFO:    [Page Objects Has Been Made]
[2024-06-25 11:38:29,604]: [Iron_Data_Processor.py]: Make_Pages_Objects: 101:       INFO:    [Page Objects Has Been Made]
[2024-06-25 11:38:29,604]: [Iron_Data_Processor.py]: Load_Data: 118:       INFO:    [Data Has Been Load]
[2024-06-25 11:38:29,604]: [Iron_Data_Processor.py]: Load_Data: 118:       INFO:    [Data Has Been Load]
[2024-06-25 11:38:29,604]: [Iron_Data_Processor.py]: Load_positions: 140:       INFO:    [Positions Are Ready]
[2024-06-25 11:38:29,604]: [Iron_Data_Processor.py]: Load_positions: 140:       INFO:    [Positions Are Ready]
[2024-06-25 11:38:30,733]: [Iron_Data_Processor.py]: Make_Tagged_Images: 193:       INFO:    [Images Has Been Made]
[2024-06-25 11:38:31,687]: [Iron_Data_Processor.py]: Make_Tagged_Images: 193:       INFO:    [Images Has Been Made]
[2024-06-25 11:38:31,941]: [Iron_Data_Processor.py]: Make_Cover_Page: 215:       INFO:    [Made Cover Pages]
[2024-06-25 11:38:31,941]: [Iron.py]: Run: 29:       INFO:    [Imagination Phase Completed]
[2024-06-25 11:38:38,092]: [Phone_Scraper.py]: Scrap: 58:       INFO:    [Data Scraped]
[2024-06-25 11:38:38,093]: [Phone_Scraper.py]: Scrap: 71:       INFO:    [Scraped Data Successfully]
[2024-06-25 11:38:38,093]: [Phone.py]: Run: 26:       INFO:    [Scraping Phase Complete]
[2024-06-25 11:38:38,093]: [Phone_Data_Processor.py]: data_reader: 38:       INFO:    [Scraped Data Loaded]
[2024-06-25 11:38:38,094]: [Phone_Data_Processor.py]: filter_list: 65:       INFO:    [Persian Phrases Are deleted]
[2024-06-25 11:38:38,095]: [Phone_Data_Processor.py]: reshape_list: 87:       INFO:    [Date Reshaped]
[2024-06-25 11:38:38,095]: [Phone_Data_Processor.py]: separate_brands: 124:       INFO:    [Brands Are Separated]
[2024-06-25 11:38:38,095]: [Phone_Data_Processor.py]: delete_extra_spaces: 141:       INFO:    [Extra Spaces Are Deleted]
[2024-06-25 11:38:38,611]: [Phone.py]: Run: 29:       INFO:    [Imagination Phase Complete]
[2024-06-25 11:38:38,611]: [selector_events.py]: __init__: 64:       DEBUG:    [Using selector: EpollSelector]
[2024-06-25 11:38:38,940]: [_bot.py]: _do_post: 643:       DEBUG:    [Calling Bot API endpoint `getMe` with parameters `{}`]
[2024-06-25 11:38:38,944]: [_trace.py]: atrace: 85:       DEBUG:    [connect_tcp.started host='api.telegram.org' port=443 local_address=None timeout=5.0 socket_options=None]
[2024-06-25 11:38:39,148]: [_trace.py]: atrace: 85:       DEBUG:    [connect_tcp.complete return_value=<httpcore._backends.anyio.AnyIOStream object at 0x7ff039297c50>]
[2024-06-25 11:38:39,148]: [_trace.py]: atrace: 85:       DEBUG:    [start_tls.started ssl_context=<ssl.SSLContext object at 0x7ff039b369d0> server_hostname='api.telegram.org' timeout=5.0]
[2024-06-25 11:38:39,298]: [_trace.py]: atrace: 85:       DEBUG:    [start_tls.complete return_value=<httpcore._backends.anyio.AnyIOStream object at 0x7ff03add1af0>]
[2024-06-25 11:38:39,298]: [_trace.py]: atrace: 85:       DEBUG:    [send_request_headers.started request=<Request [b'POST']>]
[2024-06-25 11:38:39,299]: [_trace.py]: atrace: 85:       DEBUG:    [send_request_headers.complete]
[2024-06-25 11:38:39,299]: [_trace.py]: atrace: 85:       DEBUG:    [send_request_body.started request=<Request [b'POST']>]
[2024-06-25 11:38:39,299]: [_trace.py]: atrace: 85:       DEBUG:    [send_request_body.complete]
[2024-06-25 11:38:39,299]: [_trace.py]: atrace: 85:       DEBUG:    [receive_response_headers.started request=<Request [b'POST']>]
[2024-06-25 11:38:39,447]: [_trace.py]: atrace: 85:       DEBUG:    [receive_response_headers.complete return_value=(b'HTTP/1.1', 200, b'OK', [(b'Server', b'nginx/1.18.0'), (b'Date', b'Tue, 25 Jun 2024 11:38:39 GMT'), (b'Content-Type', b'application/json'), (b'Content-Length', b'233'), (b'Connection', b'keep-alive'), (b'Strict-Transport-Security', b'max-age=31536000; includeSubDomains; preload'), (b'Access-Control-Allow-Origin', b'*'), (b'Access-Control-Allow-Methods', b'GET, POST, OPTIONS'), (b'Access-Control-Expose-Headers', b'Content-Length,Content-Type,Date,Server,Connection')])]
[2024-06-25 11:38:39,447]: [_client.py]: _send_single_request: 1773:       INFO:    [HTTP Request: POST https://api.telegram.org/bot6030805959:AAGUHAMxLYc-PrevgKouJ3ZyM7ktu56ftjo/getMe "HTTP/1.1 200 OK"]
[2024-06-25 11:38:39,448]: [_trace.py]: atrace: 85:       DEBUG:    [receive_response_body.started request=<Request [b'POST']>]
[2024-06-25 11:38:39,448]: [_trace.py]: atrace: 85:       DEBUG:    [receive_response_body.complete]
[2024-06-25 11:38:39,448]: [_trace.py]: atrace: 85:       DEBUG:    [response_closed.started]
[2024-06-25 11:38:39,448]: [_trace.py]: atrace: 85:       DEBUG:    [response_closed.complete]
[2024-06-25 11:38:39,448]: [_bot.py]: _do_post: 652:       DEBUG:    [Call to Bot API endpoint `getMe` finished with return value `{'id': 6030805959, 'is_bot': True, 'first_name': 'TyPHoone', 'username': 'TyPHoone_Project_bot', 'can_join_groups': True, 'can_read_all_group_messages': False, 'supports_inline_queries': False, 'can_connect_to_business': False}`]
[2024-06-25 11:38:39,452]: [_bot.py]: _do_post: 643:       DEBUG:    [Calling Bot API endpoint `sendDocument` with parameters `{'chat_id': '-4119703192', 'document': <telegram._files.inputfile.InputFile object at 0x7ff039311fc0>}`]
[2024-06-25 11:38:39,452]: [_trace.py]: atrace: 85:       DEBUG:    [send_request_headers.started request=<Request [b'POST']>]
[2024-06-25 11:38:39,453]: [_trace.py]: atrace: 85:       DEBUG:    [send_request_headers.complete]
[2024-06-25 11:38:39,453]: [_trace.py]: atrace: 85:       DEBUG:    [send_request_body.started request=<Request [b'POST']>]
[2024-06-25 11:38:39,453]: [_trace.py]: atrace: 85:       DEBUG:    [send_request_body.complete]
[2024-06-25 11:38:39,453]: [_trace.py]: atrace: 85:       DEBUG:    [receive_response_headers.started request=<Request [b'POST']>]
[2024-06-25 11:38:39,831]: [_trace.py]: atrace: 85:       DEBUG:    [receive_response_headers.complete return_value=(b'HTTP/1.1', 200, b'OK', [(b'Server', b'nginx/1.18.0'), (b'Date', b'Tue, 25 Jun 2024 11:38:39 GMT'), (b'Content-Type', b'application/json'), (b'Content-Length', b'464'), (b'Connection', b'keep-alive'), (b'Strict-Transport-Security', b'max-age=31536000; includeSubDomains; preload'), (b'Access-Control-Allow-Origin', b'*'), (b'Access-Control-Allow-Methods', b'GET, POST, OPTIONS'), (b'Access-Control-Expose-Headers', b'Content-Length,Content-Type,Date,Server,Connection')])]
[2024-06-25 11:38:39,832]: [_client.py]: _send_single_request: 1773:       INFO:    [HTTP Request: POST https://api.telegram.org/bot6030805959:AAGUHAMxLYc-PrevgKouJ3ZyM7ktu56ftjo/sendDocument "HTTP/1.1 200 OK"]
[2024-06-25 11:38:39,832]: [_trace.py]: atrace: 85:       DEBUG:    [receive_response_body.started request=<Request [b'POST']>]
[2024-06-25 11:38:39,832]: [_trace.py]: atrace: 85:       DEBUG:    [receive_response_body.complete]
[2024-06-25 11:38:39,832]: [_trace.py]: atrace: 85:       DEBUG:    [response_closed.started]
[2024-06-25 11:38:39,832]: [_trace.py]: atrace: 85:       DEBUG:    [response_closed.complete]
[2024-06-25 11:38:39,832]: [_bot.py]: _do_post: 652:       DEBUG:    [Call to Bot API endpoint `sendDocument` finished with return value `{'message_id': 873, 'from': {'id': 6030805959, 'is_bot': True, 'first_name': 'TyPHoone', 'username': 'TyPHoone_Project_bot'}, 'chat': {'id': -4119703192, 'title': 'Robocop', 'type': 'group', 'all_members_are_administrators': True}, 'date': 1719315519, 'document': {'file_name': '(2024_06_25--11_38).log', 'mime_type': 'text/plain', 'file_id': 'BQACAgQAAxkDAAIDaWZ6rD9w_3Fn9nDIN771V2SUGJMUAALhEgACin7ZU5UAAb0VJhrMmjUE', 'file_unique_id': 'AgAD4RIAAop-2VM', 'file_size': 5910}}`]
[2024-06-25 11:38:39,833]: [_trace.py]: atrace: 85:       DEBUG:    [close.started]
[2024-06-25 11:38:39,833]: [_trace.py]: atrace: 85:       DEBUG:    [close.complete]
[2024-06-25 11:38:39,833]: [_config.py]: load_ssl_context: 80:       DEBUG:    [load_ssl_context verify=True cert=None trust_env=True http2=False]
[2024-06-25 11:38:39,834]: [_config.py]: load_ssl_context_verify: 146:       DEBUG:    [load_verify_locations cafile='/opt/hostedtoolcache/Python/3.12.4/x64/lib/python3.12/site-packages/certifi/cacert.pem']
[2024-06-25 11:38:39,860]: [_config.py]: load_ssl_context: 80:       DEBUG:    [load_ssl_context verify=True cert=None trust_env=True http2=False]
[2024-06-25 11:38:39,861]: [_config.py]: load_ssl_context_verify: 146:       DEBUG:    [load_verify_locations cafile='/opt/hostedtoolcache/Python/3.12.4/x64/lib/python3.12/site-packages/certifi/cacert.pem']
[2024-06-25 11:38:39,887]: [_bot.py]: _do_post: 643:       DEBUG:    [Calling Bot API endpoint `getMe` with parameters `{}`]
[2024-06-25 11:38:39,887]: [_trace.py]: atrace: 85:       DEBUG:    [connect_tcp.started host='api.telegram.org' port=443 local_address=None timeout=5.0 socket_options=None]
[2024-06-25 11:38:40,036]: [_trace.py]: atrace: 85:       DEBUG:    [connect_tcp.complete return_value=<httpcore._backends.anyio.AnyIOStream object at 0x7ff039296ed0>]
[2024-06-25 11:38:40,036]: [_trace.py]: atrace: 85:       DEBUG:    [start_tls.started ssl_context=<ssl.SSLContext object at 0x7ff039b367d0> server_hostname='api.telegram.org' timeout=5.0]
[2024-06-25 11:38:40,188]: [_trace.py]: atrace: 85:       DEBUG:    [start_tls.complete return_value=<httpcore._backends.anyio.AnyIOStream object at 0x7ff039cb15e0>]
[2024-06-25 11:38:40,188]: [_trace.py]: atrace: 85:       DEBUG:    [send_request_headers.started request=<Request [b'POST']>]
[2024-06-25 11:38:40,188]: [_trace.py]: atrace: 85:       DEBUG:    [send_request_headers.complete]
[2024-06-25 11:38:40,188]: [_trace.py]: atrace: 85:       DEBUG:    [send_request_body.started request=<Request [b'POST']>]
[2024-06-25 11:38:40,188]: [_trace.py]: atrace: 85:       DEBUG:    [send_request_body.complete]
[2024-06-25 11:38:40,188]: [_trace.py]: atrace: 85:       DEBUG:    [receive_response_headers.started request=<Request [b'POST']>]
[2024-06-25 11:38:40,336]: [_trace.py]: atrace: 85:       DEBUG:    [receive_response_headers.complete return_value=(b'HTTP/1.1', 200, b'OK', [(b'Server', b'nginx/1.18.0'), (b'Date', b'Tue, 25 Jun 2024 11:38:40 GMT'), (b'Content-Type', b'application/json'), (b'Content-Length', b'233'), (b'Connection', b'keep-alive'), (b'Strict-Transport-Security', b'max-age=31536000; includeSubDomains; preload'), (b'Access-Control-Allow-Origin', b'*'), (b'Access-Control-Allow-Methods', b'GET, POST, OPTIONS'), (b'Access-Control-Expose-Headers', b'Content-Length,Content-Type,Date,Server,Connection')])]
[2024-06-25 11:38:40,337]: [_client.py]: _send_single_request: 1773:       INFO:    [HTTP Request: POST https://api.telegram.org/bot6030805959:AAGUHAMxLYc-PrevgKouJ3ZyM7ktu56ftjo/getMe "HTTP/1.1 200 OK"]
[2024-06-25 11:38:40,337]: [_trace.py]: atrace: 85:       DEBUG:    [receive_response_body.started request=<Request [b'POST']>]
[2024-06-25 11:38:40,337]: [_trace.py]: atrace: 85:       DEBUG:    [receive_response_body.complete]
[2024-06-25 11:38:40,337]: [_trace.py]: atrace: 85:       DEBUG:    [response_closed.started]
[2024-06-25 11:38:40,337]: [_trace.py]: atrace: 85:       DEBUG:    [response_closed.complete]
[2024-06-25 11:38:40,337]: [_bot.py]: _do_post: 652:       DEBUG:    [Call to Bot API endpoint `getMe` finished with return value `{'id': 6030805959, 'is_bot': True, 'first_name': 'TyPHoone', 'username': 'TyPHoone_Project_bot', 'can_join_groups': True, 'can_read_all_group_messages': False, 'supports_inline_queries': False, 'can_connect_to_business': False}`]
[2024-06-25 11:38:40,339]: [_bot.py]: _do_post: 643:       DEBUG:    [Calling Bot API endpoint `sendDocument` with parameters `{'chat_id': '-4119703192', 'document': <telegram._files.inputfile.InputFile object at 0x7ff03927f900>}`]
[2024-06-25 11:38:40,340]: [_trace.py]: atrace: 85:       DEBUG:    [send_request_headers.started request=<Request [b'POST']>]
[2024-06-25 11:38:40,340]: [_trace.py]: atrace: 85:       DEBUG:    [send_request_headers.complete]
[2024-06-25 11:38:40,340]: [_trace.py]: atrace: 85:       DEBUG:    [send_request_body.started request=<Request [b'POST']>]
[2024-06-25 11:38:41,821]: [_trace.py]: atrace: 85:       DEBUG:    [send_request_body.complete]
[2024-06-25 11:38:41,821]: [_trace.py]: atrace: 85:       DEBUG:    [receive_response_headers.started request=<Request [b'POST']>]
[2024-06-25 11:38:42,803]: [_trace.py]: atrace: 85:       DEBUG:    [receive_response_headers.complete return_value=(b'HTTP/1.1', 200, b'OK', [(b'Server', b'nginx/1.18.0'), (b'Date', b'Tue, 25 Jun 2024 11:38:42 GMT'), (b'Content-Type', b'application/json'), (b'Content-Length', b'477'), (b'Connection', b'keep-alive'), (b'Strict-Transport-Security', b'max-age=31536000; includeSubDomains; preload'), (b'Access-Control-Allow-Origin', b'*'), (b'Access-Control-Allow-Methods', b'GET, POST, OPTIONS'), (b'Access-Control-Expose-Headers', b'Content-Length,Content-Type,Date,Server,Connection')])]
[2024-06-25 11:38:42,803]: [_client.py]: _send_single_request: 1773:       INFO:    [HTTP Request: POST https://api.telegram.org/bot6030805959:AAGUHAMxLYc-PrevgKouJ3ZyM7ktu56ftjo/sendDocument "HTTP/1.1 200 OK"]
[2024-06-25 11:38:42,803]: [_trace.py]: atrace: 85:       DEBUG:    [receive_response_body.started request=<Request [b'POST']>]
[2024-06-25 11:38:42,803]: [_trace.py]: atrace: 85:       DEBUG:    [receive_response_body.complete]
[2024-06-25 11:38:42,803]: [_trace.py]: atrace: 85:       DEBUG:    [response_closed.started]
[2024-06-25 11:38:42,803]: [_trace.py]: atrace: 85:       DEBUG:    [response_closed.complete]
[2024-06-25 11:38:42,803]: [_bot.py]: _do_post: 652:       DEBUG:    [Call to Bot API endpoint `sendDocument` finished with return value `{'message_id': 874, 'from': {'id': 6030805959, 'is_bot': True, 'first_name': 'TyPHoone', 'username': 'TyPHoone_Project_bot'}, 'chat': {'id': -4119703192, 'title': 'Robocop', 'type': 'group', 'all_members_are_administrators': True}, 'date': 1719315522, 'document': {'file_name': '(2024_06_25--11_38)output.zip', 'mime_type': 'application/zip', 'file_id': 'BQACAgQAAxkDAAIDamZ6rEI1OIkrTBae3IYETP4qnuRqAALiEgACin7ZU0hAmg-UWEKFNQQ', 'file_unique_id': 'AgAD4hIAAop-2VM', 'file_size': 9522707}}`]
[2024-06-25 11:38:42,804]: [_trace.py]: atrace: 85:       DEBUG:    [close.started]
[2024-06-25 11:38:42,804]: [_trace.py]: atrace: 85:       DEBUG:    [close.complete]
[2024-06-25 11:38:42,804]: [Telegram_Sender.py]: runner: 61:       INFO:    [sent successfully]
[2024-06-25 11:38:42,805]: [Main.py]: <module>: 48:       INFO:    [Finished]
