[2025-03-30 11:37:50,283]: [Main.py]: <module>: 21:       INFO:    [Started]
[2025-03-30 11:37:52,103]: [Iron_Scraper.py]: Scrap: 32:       INFO:    [Data Scaraped Successfully]
[2025-03-30 11:37:52,297]: [Iron_Scraper.py]: Scrap: 70:       INFO:    [Scrapped Data Has No Problem]
[2025-03-30 11:37:52,298]: [Iron_Scraper.py]: Scrap: 83:       INFO:    [Data Saved Successfully]
[2025-03-30 11:37:52,298]: [Iron.py]: Run: 26:       INFO:    [Scraping Phase Completed]
[2025-03-30 11:37:52,298]: [Iron_Data_Processor.py]: Data_Reader: 61:       INFO:    [Data File Has Been Red Successfully]
[2025-03-30 11:37:52,298]: [Iron_Data_Processor.py]: Shaper: 78:       INFO:    [Data Shaped]
[2025-03-30 11:37:52,299]: [Iron_Data_Processor.py]: Process: 228:       INFO:    [Data Cleaned]
[2025-03-30 11:37:52,299]: [Iron_Data_Processor.py]: Make_Pages_Objects: 101:       INFO:    [Page Objects Has Been Made]
[2025-03-30 11:37:52,299]: [Iron_Data_Processor.py]: Make_Pages_Objects: 101:       INFO:    [Page Objects Has Been Made]
[2025-03-30 11:37:52,299]: [Iron_Data_Processor.py]: Load_Data: 118:       INFO:    [Data Has Been Load]
[2025-03-30 11:37:52,299]: [Iron_Data_Processor.py]: Load_Data: 118:       INFO:    [Data Has Been Load]
[2025-03-30 11:37:52,299]: [Iron_Data_Processor.py]: Load_positions: 140:       INFO:    [Positions Are Ready]
[2025-03-30 11:37:52,299]: [Iron_Data_Processor.py]: Load_positions: 140:       INFO:    [Positions Are Ready]
[2025-03-30 11:37:53,416]: [Iron_Data_Processor.py]: Make_Tagged_Images: 193:       INFO:    [Images Has Been Made]
[2025-03-30 11:37:54,361]: [Iron_Data_Processor.py]: Make_Tagged_Images: 193:       INFO:    [Images Has Been Made]
[2025-03-30 11:37:54,615]: [Iron_Data_Processor.py]: Make_Cover_Page: 215:       INFO:    [Made Cover Pages]
[2025-03-30 11:37:54,616]: [Iron.py]: Run: 29:       INFO:    [Imagination Phase Completed]
[2025-03-30 11:37:58,235]: [Phone_Scraper.py]: Scrap: 58:       INFO:    [Data Scraped]
[2025-03-30 11:37:58,236]: [Phone_Scraper.py]: Scrap: 71:       INFO:    [Scraped Data Successfully]
[2025-03-30 11:37:58,236]: [Phone.py]: Run: 26:       INFO:    [Scraping Phase Complete]
[2025-03-30 11:37:58,236]: [Phone_Data_Processor.py]: data_reader: 38:       INFO:    [Scraped Data Loaded]
[2025-03-30 11:37:58,237]: [Phone_Data_Processor.py]: filter_list: 65:       INFO:    [Persian Phrases Are deleted]
[2025-03-30 11:37:58,237]: [Phone_Data_Processor.py]: reshape_list: 87:       INFO:    [Date Reshaped]
[2025-03-30 11:37:58,238]: [Phone_Data_Processor.py]: separate_brands: 124:       INFO:    [Brands Are Separated]
[2025-03-30 11:37:58,238]: [Phone_Data_Processor.py]: delete_extra_spaces: 141:       INFO:    [Extra Spaces Are Deleted]
[2025-03-30 11:37:58,991]: [Phone.py]: Run: 29:       INFO:    [Imagination Phase Complete]
[2025-03-30 11:37:58,991]: [selector_events.py]: __init__: 64:       DEBUG:    [Using selector: EpollSelector]
[2025-03-30 11:37:59,268]: [_bot.py]: _do_post: 643:       DEBUG:    [Calling Bot API endpoint `getMe` with parameters `{}`]
[2025-03-30 11:37:59,272]: [_trace.py]: atrace: 87:       DEBUG:    [connect_tcp.started host='api.telegram.org' port=443 local_address=None timeout=5.0 socket_options=None]
[2025-03-30 11:37:59,421]: [_trace.py]: atrace: 87:       DEBUG:    [connect_tcp.complete return_value=<httpcore._backends.anyio.AnyIOStream object at 0x7fbf8eab5850>]
[2025-03-30 11:37:59,421]: [_trace.py]: atrace: 87:       DEBUG:    [start_tls.started ssl_context=<ssl.SSLContext object at 0x7fbf8f3b4350> server_hostname='api.telegram.org' timeout=5.0]
[2025-03-30 11:37:59,526]: [_trace.py]: atrace: 87:       DEBUG:    [start_tls.complete return_value=<httpcore._backends.anyio.AnyIOStream object at 0x7fbf8eeb2600>]
[2025-03-30 11:37:59,526]: [_trace.py]: atrace: 87:       DEBUG:    [send_request_headers.started request=<Request [b'POST']>]
[2025-03-30 11:37:59,526]: [_trace.py]: atrace: 87:       DEBUG:    [send_request_headers.complete]
[2025-03-30 11:37:59,527]: [_trace.py]: atrace: 87:       DEBUG:    [send_request_body.started request=<Request [b'POST']>]
[2025-03-30 11:37:59,527]: [_trace.py]: atrace: 87:       DEBUG:    [send_request_body.complete]
[2025-03-30 11:37:59,527]: [_trace.py]: atrace: 87:       DEBUG:    [receive_response_headers.started request=<Request [b'POST']>]
[2025-03-30 11:37:59,630]: [_trace.py]: atrace: 87:       DEBUG:    [receive_response_headers.complete return_value=(b'HTTP/1.1', 200, b'OK', [(b'Server', b'nginx/1.18.0'), (b'Date', b'Sun, 30 Mar 2025 11:37:59 GMT'), (b'Content-Type', b'application/json'), (b'Content-Length', b'258'), (b'Connection', b'keep-alive'), (b'Strict-Transport-Security', b'max-age=31536000; includeSubDomains; preload'), (b'Access-Control-Allow-Origin', b'*'), (b'Access-Control-Allow-Methods', b'GET, POST, OPTIONS'), (b'Access-Control-Expose-Headers', b'Content-Length,Content-Type,Date,Server,Connection')])]
[2025-03-30 11:37:59,630]: [_client.py]: _send_single_request: 1740:       INFO:    [HTTP Request: POST https://api.telegram.org/bot6030805959:AAGUHAMxLYc-PrevgKouJ3ZyM7ktu56ftjo/getMe "HTTP/1.1 200 OK"]
[2025-03-30 11:37:59,630]: [_trace.py]: atrace: 87:       DEBUG:    [receive_response_body.started request=<Request [b'POST']>]
[2025-03-30 11:37:59,631]: [_trace.py]: atrace: 87:       DEBUG:    [receive_response_body.complete]
[2025-03-30 11:37:59,631]: [_trace.py]: atrace: 87:       DEBUG:    [response_closed.started]
[2025-03-30 11:37:59,631]: [_trace.py]: atrace: 87:       DEBUG:    [response_closed.complete]
[2025-03-30 11:37:59,631]: [_bot.py]: _do_post: 652:       DEBUG:    [Call to Bot API endpoint `getMe` finished with return value `{'id': 6030805959, 'is_bot': True, 'first_name': 'TyPHoone', 'username': 'TyPHoone_Project_bot', 'can_join_groups': True, 'can_read_all_group_messages': False, 'supports_inline_queries': False, 'can_connect_to_business': False, 'has_main_web_app': False}`]
[2025-03-30 11:37:59,634]: [_bot.py]: _do_post: 643:       DEBUG:    [Calling Bot API endpoint `sendDocument` with parameters `{'chat_id': '-4119703192', 'document': <telegram._files.inputfile.InputFile object at 0x7fbf8e94a8c0>}`]
[2025-03-30 11:37:59,634]: [_trace.py]: atrace: 87:       DEBUG:    [send_request_headers.started request=<Request [b'POST']>]
[2025-03-30 11:37:59,634]: [_trace.py]: atrace: 87:       DEBUG:    [send_request_headers.complete]
[2025-03-30 11:37:59,635]: [_trace.py]: atrace: 87:       DEBUG:    [send_request_body.started request=<Request [b'POST']>]
[2025-03-30 11:37:59,635]: [_trace.py]: atrace: 87:       DEBUG:    [send_request_body.complete]
[2025-03-30 11:37:59,635]: [_trace.py]: atrace: 87:       DEBUG:    [receive_response_headers.started request=<Request [b'POST']>]
[2025-03-30 11:38:01,104]: [_trace.py]: atrace: 87:       DEBUG:    [receive_response_headers.complete return_value=(b'HTTP/1.1', 200, b'OK', [(b'Server', b'nginx/1.18.0'), (b'Date', b'Sun, 30 Mar 2025 11:38:01 GMT'), (b'Content-Type', b'application/json'), (b'Content-Length', b'464'), (b'Connection', b'keep-alive'), (b'Strict-Transport-Security', b'max-age=31536000; includeSubDomains; preload'), (b'Access-Control-Allow-Origin', b'*'), (b'Access-Control-Allow-Methods', b'GET, POST, OPTIONS'), (b'Access-Control-Expose-Headers', b'Content-Length,Content-Type,Date,Server,Connection')])]
[2025-03-30 11:38:01,104]: [_client.py]: _send_single_request: 1740:       INFO:    [HTTP Request: POST https://api.telegram.org/bot6030805959:AAGUHAMxLYc-PrevgKouJ3ZyM7ktu56ftjo/sendDocument "HTTP/1.1 200 OK"]
[2025-03-30 11:38:01,104]: [_trace.py]: atrace: 87:       DEBUG:    [receive_response_body.started request=<Request [b'POST']>]
[2025-03-30 11:38:01,104]: [_trace.py]: atrace: 87:       DEBUG:    [receive_response_body.complete]
[2025-03-30 11:38:01,104]: [_trace.py]: atrace: 87:       DEBUG:    [response_closed.started]
[2025-03-30 11:38:01,104]: [_trace.py]: atrace: 87:       DEBUG:    [response_closed.complete]
[2025-03-30 11:38:01,105]: [_bot.py]: _do_post: 652:       DEBUG:    [Call to Bot API endpoint `sendDocument` finished with return value `{'message_id': 2263, 'from': {'id': 6030805959, 'is_bot': True, 'first_name': 'TyPHoone', 'username': 'TyPHoone_Project_bot'}, 'chat': {'id': -4119703192, 'title': 'Robocop', 'type': 'group', 'all_members_are_administrators': True}, 'date': 1743334681, 'document': {'file_name': '(2025_03_30--11_37).log', 'mime_type': 'text/plain', 'file_id': 'BQACAgQAAxkDAAII12fpLRmP6z05Ol_pmWBU6TQcB16bAAK4GgACnD9JUzmWZnk4WdAUNgQ', 'file_unique_id': 'AgADuBoAApw_SVM', 'file_size': 5937}}`]
[2025-03-30 11:38:01,105]: [_trace.py]: atrace: 87:       DEBUG:    [close.started]
[2025-03-30 11:38:01,105]: [_trace.py]: atrace: 87:       DEBUG:    [close.complete]
[2025-03-30 11:38:01,150]: [_bot.py]: _do_post: 643:       DEBUG:    [Calling Bot API endpoint `getMe` with parameters `{}`]
[2025-03-30 11:38:01,150]: [_trace.py]: atrace: 87:       DEBUG:    [connect_tcp.started host='api.telegram.org' port=443 local_address=None timeout=5.0 socket_options=None]
[2025-03-30 11:38:01,255]: [_trace.py]: atrace: 87:       DEBUG:    [connect_tcp.complete return_value=<httpcore._backends.anyio.AnyIOStream object at 0x7fbf8e9aaab0>]
[2025-03-30 11:38:01,255]: [_trace.py]: atrace: 87:       DEBUG:    [start_tls.started ssl_context=<ssl.SSLContext object at 0x7fbf8f347c50> server_hostname='api.telegram.org' timeout=5.0]
[2025-03-30 11:38:01,361]: [_trace.py]: atrace: 87:       DEBUG:    [start_tls.complete return_value=<httpcore._backends.anyio.AnyIOStream object at 0x7fbf993c7020>]
[2025-03-30 11:38:01,361]: [_trace.py]: atrace: 87:       DEBUG:    [send_request_headers.started request=<Request [b'POST']>]
[2025-03-30 11:38:01,361]: [_trace.py]: atrace: 87:       DEBUG:    [send_request_headers.complete]
[2025-03-30 11:38:01,361]: [_trace.py]: atrace: 87:       DEBUG:    [send_request_body.started request=<Request [b'POST']>]
[2025-03-30 11:38:01,361]: [_trace.py]: atrace: 87:       DEBUG:    [send_request_body.complete]
[2025-03-30 11:38:01,361]: [_trace.py]: atrace: 87:       DEBUG:    [receive_response_headers.started request=<Request [b'POST']>]
[2025-03-30 11:38:01,465]: [_trace.py]: atrace: 87:       DEBUG:    [receive_response_headers.complete return_value=(b'HTTP/1.1', 200, b'OK', [(b'Server', b'nginx/1.18.0'), (b'Date', b'Sun, 30 Mar 2025 11:38:01 GMT'), (b'Content-Type', b'application/json'), (b'Content-Length', b'258'), (b'Connection', b'keep-alive'), (b'Strict-Transport-Security', b'max-age=31536000; includeSubDomains; preload'), (b'Access-Control-Allow-Origin', b'*'), (b'Access-Control-Allow-Methods', b'GET, POST, OPTIONS'), (b'Access-Control-Expose-Headers', b'Content-Length,Content-Type,Date,Server,Connection')])]
[2025-03-30 11:38:01,465]: [_client.py]: _send_single_request: 1740:       INFO:    [HTTP Request: POST https://api.telegram.org/bot6030805959:AAGUHAMxLYc-PrevgKouJ3ZyM7ktu56ftjo/getMe "HTTP/1.1 200 OK"]
[2025-03-30 11:38:01,465]: [_trace.py]: atrace: 87:       DEBUG:    [receive_response_body.started request=<Request [b'POST']>]
[2025-03-30 11:38:01,465]: [_trace.py]: atrace: 87:       DEBUG:    [receive_response_body.complete]
[2025-03-30 11:38:01,466]: [_trace.py]: atrace: 87:       DEBUG:    [response_closed.started]
[2025-03-30 11:38:01,466]: [_trace.py]: atrace: 87:       DEBUG:    [response_closed.complete]
[2025-03-30 11:38:01,466]: [_bot.py]: _do_post: 652:       DEBUG:    [Call to Bot API endpoint `getMe` finished with return value `{'id': 6030805959, 'is_bot': True, 'first_name': 'TyPHoone', 'username': 'TyPHoone_Project_bot', 'can_join_groups': True, 'can_read_all_group_messages': False, 'supports_inline_queries': False, 'can_connect_to_business': False, 'has_main_web_app': False}`]
[2025-03-30 11:38:01,468]: [_bot.py]: _do_post: 643:       DEBUG:    [Calling Bot API endpoint `sendDocument` with parameters `{'chat_id': '-4119703192', 'document': <telegram._files.inputfile.InputFile object at 0x7fbf8f3aba00>}`]
[2025-03-30 11:38:01,469]: [_trace.py]: atrace: 87:       DEBUG:    [send_request_headers.started request=<Request [b'POST']>]
[2025-03-30 11:38:01,469]: [_trace.py]: atrace: 87:       DEBUG:    [send_request_headers.complete]
[2025-03-30 11:38:01,469]: [_trace.py]: atrace: 87:       DEBUG:    [send_request_body.started request=<Request [b'POST']>]
[2025-03-30 11:38:02,510]: [_trace.py]: atrace: 87:       DEBUG:    [send_request_body.complete]
[2025-03-30 11:38:02,510]: [_trace.py]: atrace: 87:       DEBUG:    [receive_response_headers.started request=<Request [b'POST']>]
[2025-03-30 11:38:03,198]: [_trace.py]: atrace: 87:       DEBUG:    [receive_response_headers.complete return_value=(b'HTTP/1.1', 200, b'OK', [(b'Server', b'nginx/1.18.0'), (b'Date', b'Sun, 30 Mar 2025 11:38:03 GMT'), (b'Content-Type', b'application/json'), (b'Content-Length', b'480'), (b'Connection', b'keep-alive'), (b'Strict-Transport-Security', b'max-age=31536000; includeSubDomains; preload'), (b'Access-Control-Allow-Origin', b'*'), (b'Access-Control-Allow-Methods', b'GET, POST, OPTIONS'), (b'Access-Control-Expose-Headers', b'Content-Length,Content-Type,Date,Server,Connection')])]
[2025-03-30 11:38:03,198]: [_client.py]: _send_single_request: 1740:       INFO:    [HTTP Request: POST https://api.telegram.org/bot6030805959:AAGUHAMxLYc-PrevgKouJ3ZyM7ktu56ftjo/sendDocument "HTTP/1.1 200 OK"]
[2025-03-30 11:38:03,198]: [_trace.py]: atrace: 87:       DEBUG:    [receive_response_body.started request=<Request [b'POST']>]
[2025-03-30 11:38:03,198]: [_trace.py]: atrace: 87:       DEBUG:    [receive_response_body.complete]
[2025-03-30 11:38:03,198]: [_trace.py]: atrace: 87:       DEBUG:    [response_closed.started]
[2025-03-30 11:38:03,198]: [_trace.py]: atrace: 87:       DEBUG:    [response_closed.complete]
[2025-03-30 11:38:03,199]: [_bot.py]: _do_post: 652:       DEBUG:    [Call to Bot API endpoint `sendDocument` finished with return value `{'message_id': 2264, 'from': {'id': 6030805959, 'is_bot': True, 'first_name': 'TyPHoone', 'username': 'TyPHoone_Project_bot'}, 'chat': {'id': -4119703192, 'title': 'Robocop', 'type': 'group', 'all_members_are_administrators': True}, 'date': 1743334683, 'document': {'file_name': '(2025_03_30--11_37)output.zip', 'mime_type': 'application/zip', 'file_id': 'BQACAgQAAxkDAAII2GfpLRoQI0rzBQFSR6jbt4OHAAHdOgACuRoAApw_SVNusIh4bu_p3TYE', 'file_unique_id': 'AgADuRoAApw_SVM', 'file_size': 10105853}}`]
[2025-03-30 11:38:03,199]: [_trace.py]: atrace: 87:       DEBUG:    [close.started]
[2025-03-30 11:38:03,199]: [_trace.py]: atrace: 87:       DEBUG:    [close.complete]
[2025-03-30 11:38:03,199]: [Telegram_Sender.py]: runner: 61:       INFO:    [sent successfully]
[2025-03-30 11:38:03,200]: [Main.py]: <module>: 48:       INFO:    [Finished]
