[2024-11-18 11:39:36,553]: [Main.py]: <module>: 21:       INFO:    [Started]
[2024-11-18 11:39:38,036]: [Iron_Scraper.py]: Scrap: 32:       INFO:    [Data Scaraped Successfully]
[2024-11-18 11:39:38,089]: [Iron_Scraper.py]: Scrap: 70:       INFO:    [Scrapped Data Has No Problem]
[2024-11-18 11:39:38,089]: [Iron_Scraper.py]: Scrap: 83:       INFO:    [Data Saved Successfully]
[2024-11-18 11:39:38,090]: [Iron.py]: Run: 26:       INFO:    [Scraping Phase Completed]
[2024-11-18 11:39:38,090]: [Iron_Data_Processor.py]: Data_Reader: 61:       INFO:    [Data File Has Been Red Successfully]
[2024-11-18 11:39:38,090]: [Iron_Data_Processor.py]: Shaper: 78:       INFO:    [Data Shaped]
[2024-11-18 11:39:38,090]: [Iron_Data_Processor.py]: Process: 228:       INFO:    [Data Cleaned]
[2024-11-18 11:39:38,090]: [Iron_Data_Processor.py]: Make_Pages_Objects: 101:       INFO:    [Page Objects Has Been Made]
[2024-11-18 11:39:38,090]: [Iron_Data_Processor.py]: Make_Pages_Objects: 101:       INFO:    [Page Objects Has Been Made]
[2024-11-18 11:39:38,090]: [Iron_Data_Processor.py]: Load_Data: 118:       INFO:    [Data Has Been Load]
[2024-11-18 11:39:38,090]: [Iron_Data_Processor.py]: Load_Data: 118:       INFO:    [Data Has Been Load]
[2024-11-18 11:39:38,090]: [Iron_Data_Processor.py]: Load_positions: 140:       INFO:    [Positions Are Ready]
[2024-11-18 11:39:38,090]: [Iron_Data_Processor.py]: Load_positions: 140:       INFO:    [Positions Are Ready]
[2024-11-18 11:39:39,171]: [Iron_Data_Processor.py]: Make_Tagged_Images: 193:       INFO:    [Images Has Been Made]
[2024-11-18 11:39:40,080]: [Iron_Data_Processor.py]: Make_Tagged_Images: 193:       INFO:    [Images Has Been Made]
[2024-11-18 11:39:40,336]: [Iron_Data_Processor.py]: Make_Cover_Page: 215:       INFO:    [Made Cover Pages]
[2024-11-18 11:39:40,337]: [Iron.py]: Run: 29:       INFO:    [Imagination Phase Completed]
[2024-11-18 11:39:44,035]: [Phone_Scraper.py]: Scrap: 58:       INFO:    [Data Scraped]
[2024-11-18 11:39:44,035]: [Phone_Scraper.py]: Scrap: 71:       INFO:    [Scraped Data Successfully]
[2024-11-18 11:39:44,035]: [Phone.py]: Run: 26:       INFO:    [Scraping Phase Complete]
[2024-11-18 11:39:44,035]: [Phone_Data_Processor.py]: data_reader: 38:       INFO:    [Scraped Data Loaded]
[2024-11-18 11:39:44,037]: [Phone_Data_Processor.py]: filter_list: 65:       INFO:    [Persian Phrases Are deleted]
[2024-11-18 11:39:44,037]: [Phone_Data_Processor.py]: reshape_list: 87:       INFO:    [Date Reshaped]
[2024-11-18 11:39:44,038]: [Phone_Data_Processor.py]: separate_brands: 124:       INFO:    [Brands Are Separated]
[2024-11-18 11:39:44,038]: [Phone_Data_Processor.py]: delete_extra_spaces: 141:       INFO:    [Extra Spaces Are Deleted]
[2024-11-18 11:39:44,822]: [Phone.py]: Run: 29:       INFO:    [Imagination Phase Complete]
[2024-11-18 11:39:44,822]: [selector_events.py]: __init__: 64:       DEBUG:    [Using selector: EpollSelector]
[2024-11-18 11:39:45,149]: [_bot.py]: _do_post: 643:       DEBUG:    [Calling Bot API endpoint `getMe` with parameters `{}`]
[2024-11-18 11:39:45,155]: [_trace.py]: atrace: 87:       DEBUG:    [connect_tcp.started host='api.telegram.org' port=443 local_address=None timeout=5.0 socket_options=None]
[2024-11-18 11:39:45,265]: [_trace.py]: atrace: 87:       DEBUG:    [connect_tcp.complete return_value=<httpcore._backends.anyio.AnyIOStream object at 0x7f943a929d60>]
[2024-11-18 11:39:45,266]: [_trace.py]: atrace: 87:       DEBUG:    [start_tls.started ssl_context=<ssl.SSLContext object at 0x7f943b13fbd0> server_hostname='api.telegram.org' timeout=5.0]
[2024-11-18 11:39:45,371]: [_trace.py]: atrace: 87:       DEBUG:    [start_tls.complete return_value=<httpcore._backends.anyio.AnyIOStream object at 0x7f943b7a7260>]
[2024-11-18 11:39:45,371]: [_trace.py]: atrace: 87:       DEBUG:    [send_request_headers.started request=<Request [b'POST']>]
[2024-11-18 11:39:45,372]: [_trace.py]: atrace: 87:       DEBUG:    [send_request_headers.complete]
[2024-11-18 11:39:45,372]: [_trace.py]: atrace: 87:       DEBUG:    [send_request_body.started request=<Request [b'POST']>]
[2024-11-18 11:39:45,372]: [_trace.py]: atrace: 87:       DEBUG:    [send_request_body.complete]
[2024-11-18 11:39:45,372]: [_trace.py]: atrace: 87:       DEBUG:    [receive_response_headers.started request=<Request [b'POST']>]
[2024-11-18 11:39:45,476]: [_trace.py]: atrace: 87:       DEBUG:    [receive_response_headers.complete return_value=(b'HTTP/1.1', 200, b'OK', [(b'Server', b'nginx/1.18.0'), (b'Date', b'Mon, 18 Nov 2024 11:39:45 GMT'), (b'Content-Type', b'application/json'), (b'Content-Length', b'258'), (b'Connection', b'keep-alive'), (b'Strict-Transport-Security', b'max-age=31536000; includeSubDomains; preload'), (b'Access-Control-Allow-Origin', b'*'), (b'Access-Control-Allow-Methods', b'GET, POST, OPTIONS'), (b'Access-Control-Expose-Headers', b'Content-Length,Content-Type,Date,Server,Connection')])]
[2024-11-18 11:39:45,476]: [_client.py]: _send_single_request: 1786:       INFO:    [HTTP Request: POST https://api.telegram.org/bot6030805959:AAGUHAMxLYc-PrevgKouJ3ZyM7ktu56ftjo/getMe "HTTP/1.1 200 OK"]
[2024-11-18 11:39:45,477]: [_trace.py]: atrace: 87:       DEBUG:    [receive_response_body.started request=<Request [b'POST']>]
[2024-11-18 11:39:45,477]: [_trace.py]: atrace: 87:       DEBUG:    [receive_response_body.complete]
[2024-11-18 11:39:45,477]: [_trace.py]: atrace: 87:       DEBUG:    [response_closed.started]
[2024-11-18 11:39:45,477]: [_trace.py]: atrace: 87:       DEBUG:    [response_closed.complete]
[2024-11-18 11:39:45,477]: [_bot.py]: _do_post: 652:       DEBUG:    [Call to Bot API endpoint `getMe` finished with return value `{'id': 6030805959, 'is_bot': True, 'first_name': 'TyPHoone', 'username': 'TyPHoone_Project_bot', 'can_join_groups': True, 'can_read_all_group_messages': False, 'supports_inline_queries': False, 'can_connect_to_business': False, 'has_main_web_app': False}`]
[2024-11-18 11:39:45,481]: [_bot.py]: _do_post: 643:       DEBUG:    [Calling Bot API endpoint `sendDocument` with parameters `{'chat_id': '-4119703192', 'document': <telegram._files.inputfile.InputFile object at 0x7f943a9448c0>}`]
[2024-11-18 11:39:45,481]: [_trace.py]: atrace: 87:       DEBUG:    [send_request_headers.started request=<Request [b'POST']>]
[2024-11-18 11:39:45,481]: [_trace.py]: atrace: 87:       DEBUG:    [send_request_headers.complete]
[2024-11-18 11:39:45,481]: [_trace.py]: atrace: 87:       DEBUG:    [send_request_body.started request=<Request [b'POST']>]
[2024-11-18 11:39:45,482]: [_trace.py]: atrace: 87:       DEBUG:    [send_request_body.complete]
[2024-11-18 11:39:45,482]: [_trace.py]: atrace: 87:       DEBUG:    [receive_response_headers.started request=<Request [b'POST']>]
[2024-11-18 11:39:45,724]: [_trace.py]: atrace: 87:       DEBUG:    [receive_response_headers.complete return_value=(b'HTTP/1.1', 200, b'OK', [(b'Server', b'nginx/1.18.0'), (b'Date', b'Mon, 18 Nov 2024 11:39:45 GMT'), (b'Content-Type', b'application/json'), (b'Content-Length', b'465'), (b'Connection', b'keep-alive'), (b'Strict-Transport-Security', b'max-age=31536000; includeSubDomains; preload'), (b'Access-Control-Allow-Origin', b'*'), (b'Access-Control-Allow-Methods', b'GET, POST, OPTIONS'), (b'Access-Control-Expose-Headers', b'Content-Length,Content-Type,Date,Server,Connection')])]
[2024-11-18 11:39:45,725]: [_client.py]: _send_single_request: 1786:       INFO:    [HTTP Request: POST https://api.telegram.org/bot6030805959:AAGUHAMxLYc-PrevgKouJ3ZyM7ktu56ftjo/sendDocument "HTTP/1.1 200 OK"]
[2024-11-18 11:39:45,725]: [_trace.py]: atrace: 87:       DEBUG:    [receive_response_body.started request=<Request [b'POST']>]
[2024-11-18 11:39:45,725]: [_trace.py]: atrace: 87:       DEBUG:    [receive_response_body.complete]
[2024-11-18 11:39:45,725]: [_trace.py]: atrace: 87:       DEBUG:    [response_closed.started]
[2024-11-18 11:39:45,725]: [_trace.py]: atrace: 87:       DEBUG:    [response_closed.complete]
[2024-11-18 11:39:45,725]: [_bot.py]: _do_post: 652:       DEBUG:    [Call to Bot API endpoint `sendDocument` finished with return value `{'message_id': 1996, 'from': {'id': 6030805959, 'is_bot': True, 'first_name': 'TyPHoone', 'username': 'TyPHoone_Project_bot'}, 'chat': {'id': -4119703192, 'title': 'Robocop', 'type': 'group', 'all_members_are_administrators': True}, 'date': 1731929985, 'document': {'file_name': '(2024_11_18--11_39).log', 'mime_type': 'text/plain', 'file_id': 'BQACAgQAAxkDAAIHzGc7J4GRmSLlfxFKQewIBpuG_E08AAKEFQACkp7YUYF4yKdgVPMAATYE', 'file_unique_id': 'AgADhBUAApKe2FE', 'file_size': 5937}}`]
[2024-11-18 11:39:45,726]: [_trace.py]: atrace: 87:       DEBUG:    [close.started]
[2024-11-18 11:39:45,726]: [_trace.py]: atrace: 87:       DEBUG:    [close.complete]
[2024-11-18 11:39:45,726]: [_config.py]: load_ssl_context: 82:       DEBUG:    [load_ssl_context verify=True cert=None trust_env=True http2=False]
[2024-11-18 11:39:45,727]: [_config.py]: load_ssl_context_verify: 148:       DEBUG:    [load_verify_locations cafile='/opt/hostedtoolcache/Python/3.12.7/x64/lib/python3.12/site-packages/certifi/cacert.pem']
[2024-11-18 11:39:45,756]: [_config.py]: load_ssl_context: 82:       DEBUG:    [load_ssl_context verify=True cert=None trust_env=True http2=False]
[2024-11-18 11:39:45,756]: [_config.py]: load_ssl_context_verify: 148:       DEBUG:    [load_verify_locations cafile='/opt/hostedtoolcache/Python/3.12.7/x64/lib/python3.12/site-packages/certifi/cacert.pem']
[2024-11-18 11:39:45,783]: [_bot.py]: _do_post: 643:       DEBUG:    [Calling Bot API endpoint `getMe` with parameters `{}`]
[2024-11-18 11:39:45,783]: [_trace.py]: atrace: 87:       DEBUG:    [connect_tcp.started host='api.telegram.org' port=443 local_address=None timeout=5.0 socket_options=None]
[2024-11-18 11:39:45,888]: [_trace.py]: atrace: 87:       DEBUG:    [connect_tcp.complete return_value=<httpcore._backends.anyio.AnyIOStream object at 0x7f943a9a9640>]
[2024-11-18 11:39:45,888]: [_trace.py]: atrace: 87:       DEBUG:    [start_tls.started ssl_context=<ssl.SSLContext object at 0x7f943b13f9d0> server_hostname='api.telegram.org' timeout=5.0]
[2024-11-18 11:39:45,995]: [_trace.py]: atrace: 87:       DEBUG:    [start_tls.complete return_value=<httpcore._backends.anyio.AnyIOStream object at 0x7f943b4f42c0>]
[2024-11-18 11:39:45,996]: [_trace.py]: atrace: 87:       DEBUG:    [send_request_headers.started request=<Request [b'POST']>]
[2024-11-18 11:39:45,996]: [_trace.py]: atrace: 87:       DEBUG:    [send_request_headers.complete]
[2024-11-18 11:39:45,996]: [_trace.py]: atrace: 87:       DEBUG:    [send_request_body.started request=<Request [b'POST']>]
[2024-11-18 11:39:45,996]: [_trace.py]: atrace: 87:       DEBUG:    [send_request_body.complete]
[2024-11-18 11:39:45,996]: [_trace.py]: atrace: 87:       DEBUG:    [receive_response_headers.started request=<Request [b'POST']>]
[2024-11-18 11:39:46,101]: [_trace.py]: atrace: 87:       DEBUG:    [receive_response_headers.complete return_value=(b'HTTP/1.1', 200, b'OK', [(b'Server', b'nginx/1.18.0'), (b'Date', b'Mon, 18 Nov 2024 11:39:46 GMT'), (b'Content-Type', b'application/json'), (b'Content-Length', b'258'), (b'Connection', b'keep-alive'), (b'Strict-Transport-Security', b'max-age=31536000; includeSubDomains; preload'), (b'Access-Control-Allow-Origin', b'*'), (b'Access-Control-Allow-Methods', b'GET, POST, OPTIONS'), (b'Access-Control-Expose-Headers', b'Content-Length,Content-Type,Date,Server,Connection')])]
[2024-11-18 11:39:46,101]: [_client.py]: _send_single_request: 1786:       INFO:    [HTTP Request: POST https://api.telegram.org/bot6030805959:AAGUHAMxLYc-PrevgKouJ3ZyM7ktu56ftjo/getMe "HTTP/1.1 200 OK"]
[2024-11-18 11:39:46,101]: [_trace.py]: atrace: 87:       DEBUG:    [receive_response_body.started request=<Request [b'POST']>]
[2024-11-18 11:39:46,101]: [_trace.py]: atrace: 87:       DEBUG:    [receive_response_body.complete]
[2024-11-18 11:39:46,101]: [_trace.py]: atrace: 87:       DEBUG:    [response_closed.started]
[2024-11-18 11:39:46,101]: [_trace.py]: atrace: 87:       DEBUG:    [response_closed.complete]
[2024-11-18 11:39:46,102]: [_bot.py]: _do_post: 652:       DEBUG:    [Call to Bot API endpoint `getMe` finished with return value `{'id': 6030805959, 'is_bot': True, 'first_name': 'TyPHoone', 'username': 'TyPHoone_Project_bot', 'can_join_groups': True, 'can_read_all_group_messages': False, 'supports_inline_queries': False, 'can_connect_to_business': False, 'has_main_web_app': False}`]
[2024-11-18 11:39:46,104]: [_bot.py]: _do_post: 643:       DEBUG:    [Calling Bot API endpoint `sendDocument` with parameters `{'chat_id': '-4119703192', 'document': <telegram._files.inputfile.InputFile object at 0x7f943b168400>}`]
[2024-11-18 11:39:46,104]: [_trace.py]: atrace: 87:       DEBUG:    [send_request_headers.started request=<Request [b'POST']>]
[2024-11-18 11:39:46,105]: [_trace.py]: atrace: 87:       DEBUG:    [send_request_headers.complete]
[2024-11-18 11:39:46,105]: [_trace.py]: atrace: 87:       DEBUG:    [send_request_body.started request=<Request [b'POST']>]
[2024-11-18 11:39:47,162]: [_trace.py]: atrace: 87:       DEBUG:    [send_request_body.complete]
[2024-11-18 11:39:47,162]: [_trace.py]: atrace: 87:       DEBUG:    [receive_response_headers.started request=<Request [b'POST']>]
[2024-11-18 11:39:47,897]: [_trace.py]: atrace: 87:       DEBUG:    [receive_response_headers.complete return_value=(b'HTTP/1.1', 200, b'OK', [(b'Server', b'nginx/1.18.0'), (b'Date', b'Mon, 18 Nov 2024 11:39:47 GMT'), (b'Content-Type', b'application/json'), (b'Content-Length', b'478'), (b'Connection', b'keep-alive'), (b'Strict-Transport-Security', b'max-age=31536000; includeSubDomains; preload'), (b'Access-Control-Allow-Origin', b'*'), (b'Access-Control-Allow-Methods', b'GET, POST, OPTIONS'), (b'Access-Control-Expose-Headers', b'Content-Length,Content-Type,Date,Server,Connection')])]
[2024-11-18 11:39:47,897]: [_client.py]: _send_single_request: 1786:       INFO:    [HTTP Request: POST https://api.telegram.org/bot6030805959:AAGUHAMxLYc-PrevgKouJ3ZyM7ktu56ftjo/sendDocument "HTTP/1.1 200 OK"]
[2024-11-18 11:39:47,897]: [_trace.py]: atrace: 87:       DEBUG:    [receive_response_body.started request=<Request [b'POST']>]
[2024-11-18 11:39:47,897]: [_trace.py]: atrace: 87:       DEBUG:    [receive_response_body.complete]
[2024-11-18 11:39:47,897]: [_trace.py]: atrace: 87:       DEBUG:    [response_closed.started]
[2024-11-18 11:39:47,898]: [_trace.py]: atrace: 87:       DEBUG:    [response_closed.complete]
[2024-11-18 11:39:47,898]: [_bot.py]: _do_post: 652:       DEBUG:    [Call to Bot API endpoint `sendDocument` finished with return value `{'message_id': 1997, 'from': {'id': 6030805959, 'is_bot': True, 'first_name': 'TyPHoone', 'username': 'TyPHoone_Project_bot'}, 'chat': {'id': -4119703192, 'title': 'Robocop', 'type': 'group', 'all_members_are_administrators': True}, 'date': 1731929987, 'document': {'file_name': '(2024_11_18--11_39)output.zip', 'mime_type': 'application/zip', 'file_id': 'BQACAgQAAxkDAAIHzWc7J4NAzo2Ugc2MLd5mEtNATWUUAAKFFQACkp7YUY_Fmb0L7cuBNgQ', 'file_unique_id': 'AgADhRUAApKe2FE', 'file_size': 9920692}}`]
[2024-11-18 11:39:47,898]: [_trace.py]: atrace: 87:       DEBUG:    [close.started]
[2024-11-18 11:39:47,898]: [_trace.py]: atrace: 87:       DEBUG:    [close.complete]
[2024-11-18 11:39:47,898]: [Telegram_Sender.py]: runner: 61:       INFO:    [sent successfully]
[2024-11-18 11:39:47,899]: [Main.py]: <module>: 48:       INFO:    [Finished]
