[2025-12-10 11:42:46,627]: [Main.py]: <module>: 21:       INFO:    [Started]
[2025-12-10 11:42:48,451]: [Iron_Scraper.py]: Scrap: 32:       INFO:    [Data Scaraped Successfully]
[2025-12-10 11:42:48,653]: [Iron_Scraper.py]: Scrap: 70:       INFO:    [Scrapped Data Has No Problem]
[2025-12-10 11:42:48,654]: [Iron_Scraper.py]: Scrap: 83:       INFO:    [Data Saved Successfully]
[2025-12-10 11:42:48,654]: [Iron.py]: Run: 26:       INFO:    [Scraping Phase Completed]
[2025-12-10 11:42:48,654]: [Iron_Data_Processor.py]: Data_Reader: 61:       INFO:    [Data File Has Been Red Successfully]
[2025-12-10 11:42:48,654]: [Iron_Data_Processor.py]: Shaper: 78:       INFO:    [Data Shaped]
[2025-12-10 11:42:48,655]: [Iron_Data_Processor.py]: Process: 228:       INFO:    [Data Cleaned]
[2025-12-10 11:42:48,655]: [Iron_Data_Processor.py]: Make_Pages_Objects: 101:       INFO:    [Page Objects Has Been Made]
[2025-12-10 11:42:48,655]: [Iron_Data_Processor.py]: Make_Pages_Objects: 101:       INFO:    [Page Objects Has Been Made]
[2025-12-10 11:42:48,655]: [Iron_Data_Processor.py]: Load_Data: 118:       INFO:    [Data Has Been Load]
[2025-12-10 11:42:48,655]: [Iron_Data_Processor.py]: Load_Data: 118:       INFO:    [Data Has Been Load]
[2025-12-10 11:42:48,655]: [Iron_Data_Processor.py]: Load_positions: 140:       INFO:    [Positions Are Ready]
[2025-12-10 11:42:48,655]: [Iron_Data_Processor.py]: Load_positions: 140:       INFO:    [Positions Are Ready]
[2025-12-10 11:42:49,774]: [Iron_Data_Processor.py]: Make_Tagged_Images: 193:       INFO:    [Images Has Been Made]
[2025-12-10 11:42:50,719]: [Iron_Data_Processor.py]: Make_Tagged_Images: 193:       INFO:    [Images Has Been Made]
[2025-12-10 11:42:50,972]: [Iron_Data_Processor.py]: Make_Cover_Page: 215:       INFO:    [Made Cover Pages]
[2025-12-10 11:42:50,972]: [Iron.py]: Run: 29:       INFO:    [Imagination Phase Completed]
[2025-12-10 11:42:53,748]: [Phone_Scraper.py]: Scrap: 58:       INFO:    [Data Scraped]
[2025-12-10 11:42:53,748]: [Phone_Scraper.py]: Scrap: 71:       INFO:    [Scraped Data Successfully]
[2025-12-10 11:42:53,748]: [Phone.py]: Run: 26:       INFO:    [Scraping Phase Complete]
[2025-12-10 11:42:53,748]: [Phone_Data_Processor.py]: data_reader: 38:       INFO:    [Scraped Data Loaded]
[2025-12-10 11:42:53,749]: [Phone_Data_Processor.py]: filter_list: 65:       INFO:    [Persian Phrases Are deleted]
[2025-12-10 11:42:53,750]: [Phone_Data_Processor.py]: reshape_list: 87:       INFO:    [Date Reshaped]
[2025-12-10 11:42:53,750]: [Phone_Data_Processor.py]: separate_brands: 124:       INFO:    [Brands Are Separated]
[2025-12-10 11:42:53,750]: [Phone_Data_Processor.py]: delete_extra_spaces: 141:       INFO:    [Extra Spaces Are Deleted]
[2025-12-10 11:42:54,504]: [Phone.py]: Run: 29:       INFO:    [Imagination Phase Complete]
[2025-12-10 11:42:54,504]: [selector_events.py]: __init__: 64:       DEBUG:    [Using selector: EpollSelector]
[2025-12-10 11:42:54,781]: [_bot.py]: _do_post: 643:       DEBUG:    [Calling Bot API endpoint `getMe` with parameters `{}`]
[2025-12-10 11:42:54,787]: [_trace.py]: atrace: 87:       DEBUG:    [connect_tcp.started host='api.telegram.org' port=443 local_address=None timeout=5.0 socket_options=None]
[2025-12-10 11:42:55,031]: [_trace.py]: atrace: 87:       DEBUG:    [connect_tcp.complete return_value=<httpcore._backends.anyio.AnyIOStream object at 0x7fa5b2657aa0>]
[2025-12-10 11:42:55,031]: [_trace.py]: atrace: 87:       DEBUG:    [start_tls.started ssl_context=<ssl.SSLContext object at 0x7fa5b31b1ed0> server_hostname='api.telegram.org' timeout=5.0]
[2025-12-10 11:42:55,182]: [_trace.py]: atrace: 87:       DEBUG:    [start_tls.complete return_value=<httpcore._backends.anyio.AnyIOStream object at 0x7fa5b2ca19d0>]
[2025-12-10 11:42:55,183]: [_trace.py]: atrace: 87:       DEBUG:    [send_request_headers.started request=<Request [b'POST']>]
[2025-12-10 11:42:55,183]: [_trace.py]: atrace: 87:       DEBUG:    [send_request_headers.complete]
[2025-12-10 11:42:55,183]: [_trace.py]: atrace: 87:       DEBUG:    [send_request_body.started request=<Request [b'POST']>]
[2025-12-10 11:42:55,183]: [_trace.py]: atrace: 87:       DEBUG:    [send_request_body.complete]
[2025-12-10 11:42:55,183]: [_trace.py]: atrace: 87:       DEBUG:    [receive_response_headers.started request=<Request [b'POST']>]
[2025-12-10 11:42:55,334]: [_trace.py]: atrace: 87:       DEBUG:    [receive_response_headers.complete return_value=(b'HTTP/1.1', 200, b'OK', [(b'Server', b'nginx/1.18.0'), (b'Date', b'Wed, 10 Dec 2025 11:42:55 GMT'), (b'Content-Type', b'application/json'), (b'Content-Length', b'258'), (b'Connection', b'keep-alive'), (b'Strict-Transport-Security', b'max-age=31536000; includeSubDomains; preload'), (b'Access-Control-Allow-Origin', b'*'), (b'Access-Control-Allow-Methods', b'GET, POST, OPTIONS'), (b'Access-Control-Expose-Headers', b'Content-Length,Content-Type,Date,Server,Connection')])]
[2025-12-10 11:42:55,335]: [_client.py]: _send_single_request: 1740:       INFO:    [HTTP Request: POST https://api.telegram.org/bot6030805959:AAGUHAMxLYc-PrevgKouJ3ZyM7ktu56ftjo/getMe "HTTP/1.1 200 OK"]
[2025-12-10 11:42:55,335]: [_trace.py]: atrace: 87:       DEBUG:    [receive_response_body.started request=<Request [b'POST']>]
[2025-12-10 11:42:55,335]: [_trace.py]: atrace: 87:       DEBUG:    [receive_response_body.complete]
[2025-12-10 11:42:55,335]: [_trace.py]: atrace: 87:       DEBUG:    [response_closed.started]
[2025-12-10 11:42:55,335]: [_trace.py]: atrace: 87:       DEBUG:    [response_closed.complete]
[2025-12-10 11:42:55,335]: [_bot.py]: _do_post: 652:       DEBUG:    [Call to Bot API endpoint `getMe` finished with return value `{'id': 6030805959, 'is_bot': True, 'first_name': 'TyPHoone', 'username': 'TyPHoone_Project_bot', 'can_join_groups': True, 'can_read_all_group_messages': False, 'supports_inline_queries': False, 'can_connect_to_business': False, 'has_main_web_app': False}`]
[2025-12-10 11:42:55,338]: [_bot.py]: _do_post: 643:       DEBUG:    [Calling Bot API endpoint `sendDocument` with parameters `{'chat_id': '-4119703192', 'document': <telegram._files.inputfile.InputFile object at 0x7fa5b2b667c0>}`]
[2025-12-10 11:42:55,339]: [_trace.py]: atrace: 87:       DEBUG:    [send_request_headers.started request=<Request [b'POST']>]
[2025-12-10 11:42:55,339]: [_trace.py]: atrace: 87:       DEBUG:    [send_request_headers.complete]
[2025-12-10 11:42:55,339]: [_trace.py]: atrace: 87:       DEBUG:    [send_request_body.started request=<Request [b'POST']>]
[2025-12-10 11:42:55,340]: [_trace.py]: atrace: 87:       DEBUG:    [send_request_body.complete]
[2025-12-10 11:42:55,340]: [_trace.py]: atrace: 87:       DEBUG:    [receive_response_headers.started request=<Request [b'POST']>]
[2025-12-10 11:42:55,541]: [_trace.py]: atrace: 87:       DEBUG:    [receive_response_headers.complete return_value=(b'HTTP/1.1', 200, b'OK', [(b'Server', b'nginx/1.18.0'), (b'Date', b'Wed, 10 Dec 2025 11:42:55 GMT'), (b'Content-Type', b'application/json'), (b'Content-Length', b'584'), (b'Connection', b'keep-alive'), (b'Strict-Transport-Security', b'max-age=31536000; includeSubDomains; preload'), (b'Access-Control-Allow-Origin', b'*'), (b'Access-Control-Allow-Methods', b'GET, POST, OPTIONS'), (b'Access-Control-Expose-Headers', b'Content-Length,Content-Type,Date,Server,Connection')])]
[2025-12-10 11:42:55,541]: [_client.py]: _send_single_request: 1740:       INFO:    [HTTP Request: POST https://api.telegram.org/bot6030805959:AAGUHAMxLYc-PrevgKouJ3ZyM7ktu56ftjo/sendDocument "HTTP/1.1 200 OK"]
[2025-12-10 11:42:55,541]: [_trace.py]: atrace: 87:       DEBUG:    [receive_response_body.started request=<Request [b'POST']>]
[2025-12-10 11:42:55,541]: [_trace.py]: atrace: 87:       DEBUG:    [receive_response_body.complete]
[2025-12-10 11:42:55,541]: [_trace.py]: atrace: 87:       DEBUG:    [response_closed.started]
[2025-12-10 11:42:55,541]: [_trace.py]: atrace: 87:       DEBUG:    [response_closed.complete]
[2025-12-10 11:42:55,542]: [_bot.py]: _do_post: 652:       DEBUG:    [Call to Bot API endpoint `sendDocument` finished with return value `{'message_id': 2778, 'from': {'id': 6030805959, 'is_bot': True, 'first_name': 'TyPHoone', 'username': 'TyPHoone_Project_bot'}, 'chat': {'id': -4119703192, 'title': 'Robocop', 'type': 'group', 'all_members_are_administrators': True, 'accepted_gift_types': {'unlimited_gifts': False, 'limited_gifts': False, 'unique_gifts': False, 'premium_subscription': False}}, 'date': 1765366975, 'document': {'file_name': '(2025_12_10--11_42).log', 'mime_type': 'text/plain', 'file_id': 'BQACAgQAAxkDAAIK2mk5XL8MbLG0tA43D0aYNDj3IHfgAAKkIQAC_ZXJUSDAu24JGBHnNgQ', 'file_unique_id': 'AgADpCEAAv2VyVE', 'file_size': 5937}}`]
[2025-12-10 11:42:55,542]: [_trace.py]: atrace: 87:       DEBUG:    [close.started]
[2025-12-10 11:42:55,542]: [_trace.py]: atrace: 87:       DEBUG:    [close.complete]
[2025-12-10 11:42:55,585]: [_bot.py]: _do_post: 643:       DEBUG:    [Calling Bot API endpoint `getMe` with parameters `{}`]
[2025-12-10 11:42:55,586]: [_trace.py]: atrace: 87:       DEBUG:    [connect_tcp.started host='api.telegram.org' port=443 local_address=None timeout=5.0 socket_options=None]
[2025-12-10 11:42:55,731]: [_trace.py]: atrace: 87:       DEBUG:    [connect_tcp.complete return_value=<httpcore._backends.anyio.AnyIOStream object at 0x7fa5b267a090>]
[2025-12-10 11:42:55,731]: [_trace.py]: atrace: 87:       DEBUG:    [start_tls.started ssl_context=<ssl.SSLContext object at 0x7fa5b31b1dd0> server_hostname='api.telegram.org' timeout=5.0]
[2025-12-10 11:42:55,878]: [_trace.py]: atrace: 87:       DEBUG:    [start_tls.complete return_value=<httpcore._backends.anyio.AnyIOStream object at 0x7fa5b3385e20>]
[2025-12-10 11:42:55,879]: [_trace.py]: atrace: 87:       DEBUG:    [send_request_headers.started request=<Request [b'POST']>]
[2025-12-10 11:42:55,879]: [_trace.py]: atrace: 87:       DEBUG:    [send_request_headers.complete]
[2025-12-10 11:42:55,879]: [_trace.py]: atrace: 87:       DEBUG:    [send_request_body.started request=<Request [b'POST']>]
[2025-12-10 11:42:55,879]: [_trace.py]: atrace: 87:       DEBUG:    [send_request_body.complete]
[2025-12-10 11:42:55,879]: [_trace.py]: atrace: 87:       DEBUG:    [receive_response_headers.started request=<Request [b'POST']>]
[2025-12-10 11:42:56,024]: [_trace.py]: atrace: 87:       DEBUG:    [receive_response_headers.complete return_value=(b'HTTP/1.1', 200, b'OK', [(b'Server', b'nginx/1.18.0'), (b'Date', b'Wed, 10 Dec 2025 11:42:55 GMT'), (b'Content-Type', b'application/json'), (b'Content-Length', b'258'), (b'Connection', b'keep-alive'), (b'Strict-Transport-Security', b'max-age=31536000; includeSubDomains; preload'), (b'Access-Control-Allow-Origin', b'*'), (b'Access-Control-Allow-Methods', b'GET, POST, OPTIONS'), (b'Access-Control-Expose-Headers', b'Content-Length,Content-Type,Date,Server,Connection')])]
[2025-12-10 11:42:56,024]: [_client.py]: _send_single_request: 1740:       INFO:    [HTTP Request: POST https://api.telegram.org/bot6030805959:AAGUHAMxLYc-PrevgKouJ3ZyM7ktu56ftjo/getMe "HTTP/1.1 200 OK"]
[2025-12-10 11:42:56,024]: [_trace.py]: atrace: 87:       DEBUG:    [receive_response_body.started request=<Request [b'POST']>]
[2025-12-10 11:42:56,024]: [_trace.py]: atrace: 87:       DEBUG:    [receive_response_body.complete]
[2025-12-10 11:42:56,024]: [_trace.py]: atrace: 87:       DEBUG:    [response_closed.started]
[2025-12-10 11:42:56,024]: [_trace.py]: atrace: 87:       DEBUG:    [response_closed.complete]
[2025-12-10 11:42:56,025]: [_bot.py]: _do_post: 652:       DEBUG:    [Call to Bot API endpoint `getMe` finished with return value `{'id': 6030805959, 'is_bot': True, 'first_name': 'TyPHoone', 'username': 'TyPHoone_Project_bot', 'can_join_groups': True, 'can_read_all_group_messages': False, 'supports_inline_queries': False, 'can_connect_to_business': False, 'has_main_web_app': False}`]
[2025-12-10 11:42:56,027]: [_bot.py]: _do_post: 643:       DEBUG:    [Calling Bot API endpoint `sendDocument` with parameters `{'chat_id': '-4119703192', 'document': <telegram._files.inputfile.InputFile object at 0x7fa5b31ed280>}`]
[2025-12-10 11:42:56,028]: [_trace.py]: atrace: 87:       DEBUG:    [send_request_headers.started request=<Request [b'POST']>]
[2025-12-10 11:42:56,028]: [_trace.py]: atrace: 87:       DEBUG:    [send_request_headers.complete]
[2025-12-10 11:42:56,028]: [_trace.py]: atrace: 87:       DEBUG:    [send_request_body.started request=<Request [b'POST']>]
[2025-12-10 11:42:57,343]: [_trace.py]: atrace: 87:       DEBUG:    [send_request_body.complete]
[2025-12-10 11:42:57,343]: [_trace.py]: atrace: 87:       DEBUG:    [receive_response_headers.started request=<Request [b'POST']>]
[2025-12-10 11:42:58,158]: [_trace.py]: atrace: 87:       DEBUG:    [receive_response_headers.complete return_value=(b'HTTP/1.1', 200, b'OK', [(b'Server', b'nginx/1.18.0'), (b'Date', b'Wed, 10 Dec 2025 11:42:58 GMT'), (b'Content-Type', b'application/json'), (b'Content-Length', b'599'), (b'Connection', b'keep-alive'), (b'Strict-Transport-Security', b'max-age=31536000; includeSubDomains; preload'), (b'Access-Control-Allow-Origin', b'*'), (b'Access-Control-Allow-Methods', b'GET, POST, OPTIONS'), (b'Access-Control-Expose-Headers', b'Content-Length,Content-Type,Date,Server,Connection')])]
[2025-12-10 11:42:58,158]: [_client.py]: _send_single_request: 1740:       INFO:    [HTTP Request: POST https://api.telegram.org/bot6030805959:AAGUHAMxLYc-PrevgKouJ3ZyM7ktu56ftjo/sendDocument "HTTP/1.1 200 OK"]
[2025-12-10 11:42:58,158]: [_trace.py]: atrace: 87:       DEBUG:    [receive_response_body.started request=<Request [b'POST']>]
[2025-12-10 11:42:58,159]: [_trace.py]: atrace: 87:       DEBUG:    [receive_response_body.complete]
[2025-12-10 11:42:58,159]: [_trace.py]: atrace: 87:       DEBUG:    [response_closed.started]
[2025-12-10 11:42:58,159]: [_trace.py]: atrace: 87:       DEBUG:    [response_closed.complete]
[2025-12-10 11:42:58,159]: [_bot.py]: _do_post: 652:       DEBUG:    [Call to Bot API endpoint `sendDocument` finished with return value `{'message_id': 2779, 'from': {'id': 6030805959, 'is_bot': True, 'first_name': 'TyPHoone', 'username': 'TyPHoone_Project_bot'}, 'chat': {'id': -4119703192, 'title': 'Robocop', 'type': 'group', 'all_members_are_administrators': True, 'accepted_gift_types': {'unlimited_gifts': False, 'limited_gifts': False, 'unique_gifts': False, 'premium_subscription': False}}, 'date': 1765366978, 'document': {'file_name': '(2025_12_10--11_42)output.zip', 'mime_type': 'application/zip', 'file_id': 'BQACAgQAAxkDAAIK22k5XMG3KuBzJV95jqgsNcIQfx8dAAKlIQAC_ZXJUYC9dw5fC9LWNgQ', 'file_unique_id': 'AgADpSEAAv2VyVE', 'file_size': 10166830}}`]
[2025-12-10 11:42:58,160]: [_trace.py]: atrace: 87:       DEBUG:    [close.started]
[2025-12-10 11:42:58,160]: [_trace.py]: atrace: 87:       DEBUG:    [close.complete]
[2025-12-10 11:42:58,160]: [Telegram_Sender.py]: runner: 61:       INFO:    [sent successfully]
[2025-12-10 11:42:58,161]: [Main.py]: <module>: 48:       INFO:    [Finished]
