[2024-05-01 22:44:54,241]: [Main.py]: <module>: 21:       INFO:    [Started]
[2024-05-01 22:44:56,574]: [Iron_Scraper.py]: Scrap: 32:       INFO:    [Data Scaraped Successfully]
[2024-05-01 22:44:56,765]: [Iron_Scraper.py]: Scrap: 70:       INFO:    [Scrapped Data Has No Problem]
[2024-05-01 22:44:56,765]: [Iron_Scraper.py]: Scrap: 83:       INFO:    [Data Saved Successfully]
[2024-05-01 22:44:56,765]: [Iron.py]: Run: 26:       INFO:    [Scraping Phase Completed]
[2024-05-01 22:44:56,765]: [Iron_Data_Processor.py]: Data_Reader: 61:       INFO:    [Data File Has Been Red Successfully]
[2024-05-01 22:44:56,766]: [Iron_Data_Processor.py]: Shaper: 78:       INFO:    [Data Shaped]
[2024-05-01 22:44:56,766]: [Iron_Data_Processor.py]: Process: 226:       INFO:    [Data Cleaned]
[2024-05-01 22:44:56,766]: [Iron_Data_Processor.py]: Make_Pages_Objects: 101:       INFO:    [Page Objects Has Been Made]
[2024-05-01 22:44:56,766]: [Iron_Data_Processor.py]: Make_Pages_Objects: 101:       INFO:    [Page Objects Has Been Made]
[2024-05-01 22:44:56,766]: [Iron_Data_Processor.py]: Load_Data: 118:       INFO:    [Data Has Been Load]
[2024-05-01 22:44:56,766]: [Iron_Data_Processor.py]: Load_Data: 118:       INFO:    [Data Has Been Load]
[2024-05-01 22:44:56,766]: [Iron_Data_Processor.py]: Load_positions: 140:       INFO:    [Positions Are Ready]
[2024-05-01 22:44:56,766]: [Iron_Data_Processor.py]: Load_positions: 140:       INFO:    [Positions Are Ready]
[2024-05-01 22:44:57,931]: [Iron_Data_Processor.py]: Make_Tagged_Images: 193:       INFO:    [Images Has Been Made]
[2024-05-01 22:44:58,927]: [Iron_Data_Processor.py]: Make_Tagged_Images: 193:       INFO:    [Images Has Been Made]
[2024-05-01 22:44:59,350]: [Iron_Data_Processor.py]: Make_Cover_Page: 213:       INFO:    [Made Cover Pages]
[2024-05-01 22:44:59,351]: [Iron.py]: Run: 29:       INFO:    [Imagination Phase Completed]
[2024-05-01 22:45:00,724]: [Phone_Scraper.py]: Scrap: 56:       CRITICAL:    [Couldent Scrap Data]
[2024-05-01 22:45:00,724]: [Phone_Scraper.py]: Scrap: 69:       CRITICAL:    [Couldent Save Scraped Data]
[2024-05-01 22:45:00,724]: [Phone.py]: Run: 26:       INFO:    [Scraping Phase Complete]
[2024-05-01 22:45:00,725]: [Phone_Data_Processor.py]: data_reader: 37:       INFO:    [Scraped Data Loaded]
[2024-05-01 22:45:00,725]: [Phone_Data_Processor.py]: filter_list: 64:       INFO:    [Persian Phrases Are deleted]
[2024-05-01 22:45:00,725]: [Phone_Data_Processor.py]: reshape_list: 84:       ERROR:    [Failed To Reshape Data]
[2024-05-01 22:45:00,725]: [Phone_Data_Processor.py]: separate_brands: 121:       CRITICAL:    [Couldnt Separate Brands From Each Other]
[2024-05-01 22:45:00,725]: [Phone_Data_Processor.py]: delete_extra_spaces: 140:       INFO:    [Extra Spaces Are Deleted]
[2024-05-01 22:45:00,725]: [Phone.py]: Run: 29:       INFO:    [Imagination Phase Complete]
[2024-05-01 22:45:00,725]: [selector_events.py]: __init__: 64:       DEBUG:    [Using selector: EpollSelector]
[2024-05-01 22:45:00,725]: [_bot.py]: _do_post: 643:       DEBUG:    [Calling Bot API endpoint `getMe` with parameters `{}`]
[2024-05-01 22:45:00,729]: [_trace.py]: atrace: 85:       DEBUG:    [connect_tcp.started host='api.telegram.org' port=443 local_address=None timeout=5.0 socket_options=None]
[2024-05-01 22:45:00,918]: [_trace.py]: atrace: 85:       DEBUG:    [connect_tcp.complete return_value=<httpcore._backends.anyio.AnyIOStream object at 0x7faab33537d0>]
[2024-05-01 22:45:00,918]: [_trace.py]: atrace: 85:       DEBUG:    [start_tls.started ssl_context=<ssl.SSLContext object at 0x7faab3249d50> server_hostname='api.telegram.org' timeout=5.0]
[2024-05-01 22:45:01,059]: [_trace.py]: atrace: 85:       DEBUG:    [start_tls.complete return_value=<httpcore._backends.anyio.AnyIOStream object at 0x7faab2da5700>]
[2024-05-01 22:45:01,059]: [_trace.py]: atrace: 85:       DEBUG:    [send_request_headers.started request=<Request [b'POST']>]
[2024-05-01 22:45:01,059]: [_trace.py]: atrace: 85:       DEBUG:    [send_request_headers.complete]
[2024-05-01 22:45:01,059]: [_trace.py]: atrace: 85:       DEBUG:    [send_request_body.started request=<Request [b'POST']>]
[2024-05-01 22:45:01,059]: [_trace.py]: atrace: 85:       DEBUG:    [send_request_body.complete]
[2024-05-01 22:45:01,059]: [_trace.py]: atrace: 85:       DEBUG:    [receive_response_headers.started request=<Request [b'POST']>]
[2024-05-01 22:45:01,199]: [_trace.py]: atrace: 85:       DEBUG:    [receive_response_headers.complete return_value=(b'HTTP/1.1', 200, b'OK', [(b'Server', b'nginx/1.18.0'), (b'Date', b'Wed, 01 May 2024 22:45:01 GMT'), (b'Content-Type', b'application/json'), (b'Content-Length', b'233'), (b'Connection', b'keep-alive'), (b'Strict-Transport-Security', b'max-age=31536000; includeSubDomains; preload'), (b'Access-Control-Allow-Origin', b'*'), (b'Access-Control-Allow-Methods', b'GET, POST, OPTIONS'), (b'Access-Control-Expose-Headers', b'Content-Length,Content-Type,Date,Server,Connection')])]
[2024-05-01 22:45:01,199]: [_client.py]: _send_single_request: 1773:       INFO:    [HTTP Request: POST https://api.telegram.org/bot6030805959:AAGUHAMxLYc-PrevgKouJ3ZyM7ktu56ftjo/getMe "HTTP/1.1 200 OK"]
[2024-05-01 22:45:01,199]: [_trace.py]: atrace: 85:       DEBUG:    [receive_response_body.started request=<Request [b'POST']>]
[2024-05-01 22:45:01,200]: [_trace.py]: atrace: 85:       DEBUG:    [receive_response_body.complete]
[2024-05-01 22:45:01,200]: [_trace.py]: atrace: 85:       DEBUG:    [response_closed.started]
[2024-05-01 22:45:01,200]: [_trace.py]: atrace: 85:       DEBUG:    [response_closed.complete]
[2024-05-01 22:45:01,200]: [_bot.py]: _do_post: 652:       DEBUG:    [Call to Bot API endpoint `getMe` finished with return value `{'id': 6030805959, 'is_bot': True, 'first_name': 'TyPHoone', 'username': 'TyPHoone_Project_bot', 'can_join_groups': True, 'can_read_all_group_messages': False, 'supports_inline_queries': False, 'can_connect_to_business': False}`]
[2024-05-01 22:45:01,203]: [_bot.py]: _do_post: 643:       DEBUG:    [Calling Bot API endpoint `sendDocument` with parameters `{'chat_id': '-4119703192', 'document': <telegram._files.inputfile.InputFile object at 0x7faab2d99340>}`]
[2024-05-01 22:45:01,204]: [_trace.py]: atrace: 85:       DEBUG:    [send_request_headers.started request=<Request [b'POST']>]
[2024-05-01 22:45:01,204]: [_trace.py]: atrace: 85:       DEBUG:    [send_request_headers.complete]
[2024-05-01 22:45:01,204]: [_trace.py]: atrace: 85:       DEBUG:    [send_request_body.started request=<Request [b'POST']>]
[2024-05-01 22:45:01,618]: [_trace.py]: atrace: 85:       DEBUG:    [send_request_body.complete]
[2024-05-01 22:45:01,618]: [_trace.py]: atrace: 85:       DEBUG:    [receive_response_headers.started request=<Request [b'POST']>]
[2024-05-01 22:45:02,216]: [_trace.py]: atrace: 85:       DEBUG:    [receive_response_headers.complete return_value=(b'HTTP/1.1', 200, b'OK', [(b'Server', b'nginx/1.18.0'), (b'Date', b'Wed, 01 May 2024 22:45:02 GMT'), (b'Content-Type', b'application/json'), (b'Content-Length', b'819'), (b'Connection', b'keep-alive'), (b'Strict-Transport-Security', b'max-age=31536000; includeSubDomains; preload'), (b'Access-Control-Allow-Origin', b'*'), (b'Access-Control-Allow-Methods', b'GET, POST, OPTIONS'), (b'Access-Control-Expose-Headers', b'Content-Length,Content-Type,Date,Server,Connection')])]
[2024-05-01 22:45:02,217]: [_client.py]: _send_single_request: 1773:       INFO:    [HTTP Request: POST https://api.telegram.org/bot6030805959:AAGUHAMxLYc-PrevgKouJ3ZyM7ktu56ftjo/sendDocument "HTTP/1.1 200 OK"]
[2024-05-01 22:45:02,217]: [_trace.py]: atrace: 85:       DEBUG:    [receive_response_body.started request=<Request [b'POST']>]
[2024-05-01 22:45:02,217]: [_trace.py]: atrace: 85:       DEBUG:    [receive_response_body.complete]
[2024-05-01 22:45:02,217]: [_trace.py]: atrace: 85:       DEBUG:    [response_closed.started]
[2024-05-01 22:45:02,217]: [_trace.py]: atrace: 85:       DEBUG:    [response_closed.complete]
[2024-05-01 22:45:02,217]: [_bot.py]: _do_post: 652:       DEBUG:    [Call to Bot API endpoint `sendDocument` finished with return value `{'message_id': 449, 'from': {'id': 6030805959, 'is_bot': True, 'first_name': 'TyPHoone', 'username': 'TyPHoone_Project_bot'}, 'chat': {'id': -4119703192, 'title': 'Robocop', 'type': 'group', 'all_members_are_administrators': True}, 'date': 1714603502, 'document': {'file_name': '1-Tir_Ahan.png', 'mime_type': 'image/png', 'thumbnail': {'file_id': 'AAMCBAADGQMAAgHBZjLF7j6eeLEV2g4awFBU2WMm-FwAAuEVAAKOWZhRY2qR9e2AiuoBAAdtAAM0BA', 'file_unique_id': 'AQAD4RUAAo5ZmFFy', 'file_size': 39624, 'width': 320, 'height': 320}, 'thumb': {'file_id': 'AAMCBAADGQMAAgHBZjLF7j6eeLEV2g4awFBU2WMm-FwAAuEVAAKOWZhRY2qR9e2AiuoBAAdtAAM0BA', 'file_unique_id': 'AQAD4RUAAo5ZmFFy', 'file_size': 39624, 'width': 320, 'height': 320}, 'file_id': 'BQACAgQAAxkDAAIBwWYyxe4-nnixFdoOGsBQVNljJvhcAALhFQACjlmYUWNqkfXtgIrqNAQ', 'file_unique_id': 'AgAD4RUAAo5ZmFE', 'file_size': 476034}}`]
[2024-05-01 22:45:02,218]: [_bot.py]: _do_post: 643:       DEBUG:    [Calling Bot API endpoint `sendDocument` with parameters `{'chat_id': '-4119703192', 'document': <telegram._files.inputfile.InputFile object at 0x7faab2d98180>}`]
[2024-05-01 22:45:02,218]: [_trace.py]: atrace: 85:       DEBUG:    [send_request_headers.started request=<Request [b'POST']>]
[2024-05-01 22:45:02,218]: [_trace.py]: atrace: 85:       DEBUG:    [send_request_headers.complete]
[2024-05-01 22:45:02,218]: [_trace.py]: atrace: 85:       DEBUG:    [send_request_body.started request=<Request [b'POST']>]
[2024-05-01 22:45:02,219]: [_trace.py]: atrace: 85:       DEBUG:    [send_request_body.complete]
[2024-05-01 22:45:02,220]: [_trace.py]: atrace: 85:       DEBUG:    [receive_response_headers.started request=<Request [b'POST']>]
[2024-05-01 22:45:02,509]: [_trace.py]: atrace: 85:       DEBUG:    [receive_response_headers.complete return_value=(b'HTTP/1.1', 200, b'OK', [(b'Server', b'nginx/1.18.0'), (b'Date', b'Wed, 01 May 2024 22:45:02 GMT'), (b'Content-Type', b'application/json'), (b'Content-Length', b'826'), (b'Connection', b'keep-alive'), (b'Strict-Transport-Security', b'max-age=31536000; includeSubDomains; preload'), (b'Access-Control-Allow-Origin', b'*'), (b'Access-Control-Allow-Methods', b'GET, POST, OPTIONS'), (b'Access-Control-Expose-Headers', b'Content-Length,Content-Type,Date,Server,Connection')])]
[2024-05-01 22:45:02,510]: [_client.py]: _send_single_request: 1773:       INFO:    [HTTP Request: POST https://api.telegram.org/bot6030805959:AAGUHAMxLYc-PrevgKouJ3ZyM7ktu56ftjo/sendDocument "HTTP/1.1 200 OK"]
[2024-05-01 22:45:02,510]: [_trace.py]: atrace: 85:       DEBUG:    [receive_response_body.started request=<Request [b'POST']>]
[2024-05-01 22:45:02,510]: [_trace.py]: atrace: 85:       DEBUG:    [receive_response_body.complete]
[2024-05-01 22:45:02,510]: [_trace.py]: atrace: 85:       DEBUG:    [response_closed.started]
[2024-05-01 22:45:02,510]: [_trace.py]: atrace: 85:       DEBUG:    [response_closed.complete]
[2024-05-01 22:45:02,510]: [_bot.py]: _do_post: 652:       DEBUG:    [Call to Bot API endpoint `sendDocument` finished with return value `{'message_id': 450, 'from': {'id': 6030805959, 'is_bot': True, 'first_name': 'TyPHoone', 'username': 'TyPHoone_Project_bot'}, 'chat': {'id': -4119703192, 'title': 'Robocop', 'type': 'group', 'all_members_are_administrators': True}, 'date': 1714603502, 'document': {'file_name': '9-Waraq_Galwanize.png', 'mime_type': 'image/png', 'thumbnail': {'file_id': 'AAMCBAADGQMAAgHCZjLF7ufqz3Z39-v-e3vGZpiA0VEAAuIVAAKOWZhR2XUCwPWp9vABAAdtAAM0BA', 'file_unique_id': 'AQAD4hUAAo5ZmFFy', 'file_size': 39756, 'width': 320, 'height': 320}, 'thumb': {'file_id': 'AAMCBAADGQMAAgHCZjLF7ufqz3Z39-v-e3vGZpiA0VEAAuIVAAKOWZhR2XUCwPWp9vABAAdtAAM0BA', 'file_unique_id': 'AQAD4hUAAo5ZmFFy', 'file_size': 39756, 'width': 320, 'height': 320}, 'file_id': 'BQACAgQAAxkDAAIBwmYyxe7n6s92d_fr_nt7xmaYgNFRAALiFQACjlmYUdl1AsD1qfbwNAQ', 'file_unique_id': 'AgAD4hUAAo5ZmFE', 'file_size': 443815}}`]
[2024-05-01 22:45:02,511]: [_bot.py]: _do_post: 643:       DEBUG:    [Calling Bot API endpoint `sendDocument` with parameters `{'chat_id': '-4119703192', 'document': <telegram._files.inputfile.InputFile object at 0x7faab2d99340>}`]
[2024-05-01 22:45:02,511]: [_trace.py]: atrace: 85:       DEBUG:    [send_request_headers.started request=<Request [b'POST']>]
[2024-05-01 22:45:02,511]: [_trace.py]: atrace: 85:       DEBUG:    [send_request_headers.complete]
[2024-05-01 22:45:02,511]: [_trace.py]: atrace: 85:       DEBUG:    [send_request_body.started request=<Request [b'POST']>]
[2024-05-01 22:45:02,512]: [_trace.py]: atrace: 85:       DEBUG:    [send_request_body.complete]
[2024-05-01 22:45:02,512]: [_trace.py]: atrace: 85:       DEBUG:    [receive_response_headers.started request=<Request [b'POST']>]
[2024-05-01 22:45:02,845]: [_trace.py]: atrace: 85:       DEBUG:    [receive_response_headers.complete return_value=(b'HTTP/1.1', 200, b'OK', [(b'Server', b'nginx/1.18.0'), (b'Date', b'Wed, 01 May 2024 22:45:02 GMT'), (b'Content-Type', b'application/json'), (b'Content-Length', b'821'), (b'Connection', b'keep-alive'), (b'Strict-Transport-Security', b'max-age=31536000; includeSubDomains; preload'), (b'Access-Control-Allow-Origin', b'*'), (b'Access-Control-Allow-Methods', b'GET, POST, OPTIONS'), (b'Access-Control-Expose-Headers', b'Content-Length,Content-Type,Date,Server,Connection')])]
[2024-05-01 22:45:02,846]: [_client.py]: _send_single_request: 1773:       INFO:    [HTTP Request: POST https://api.telegram.org/bot6030805959:AAGUHAMxLYc-PrevgKouJ3ZyM7ktu56ftjo/sendDocument "HTTP/1.1 200 OK"]
[2024-05-01 22:45:02,846]: [_trace.py]: atrace: 85:       DEBUG:    [receive_response_body.started request=<Request [b'POST']>]
[2024-05-01 22:45:02,846]: [_trace.py]: atrace: 85:       DEBUG:    [receive_response_body.complete]
[2024-05-01 22:45:02,846]: [_trace.py]: atrace: 85:       DEBUG:    [response_closed.started]
[2024-05-01 22:45:02,846]: [_trace.py]: atrace: 85:       DEBUG:    [response_closed.complete]
[2024-05-01 22:45:02,846]: [_bot.py]: _do_post: 652:       DEBUG:    [Call to Bot API endpoint `sendDocument` finished with return value `{'message_id': 451, 'from': {'id': 6030805959, 'is_bot': True, 'first_name': 'TyPHoone', 'username': 'TyPHoone_Project_bot'}, 'chat': {'id': -4119703192, 'title': 'Robocop', 'type': 'group', 'all_members_are_administrators': True}, 'date': 1714603502, 'document': {'file_name': '2-Milgerd.png', 'mime_type': 'image/png', 'thumbnail': {'file_id': 'AAMCBAADGQMAAgHDZjLF7ioAAdMKm38oQpYG0MXh_YJ3AALjFQACjlmYUQTDqSx6Z5soAQAHbQADNAQ', 'file_unique_id': 'AQAD4xUAAo5ZmFFy', 'file_size': 43723, 'width': 320, 'height': 320}, 'thumb': {'file_id': 'AAMCBAADGQMAAgHDZjLF7ioAAdMKm38oQpYG0MXh_YJ3AALjFQACjlmYUQTDqSx6Z5soAQAHbQADNAQ', 'file_unique_id': 'AQAD4xUAAo5ZmFFy', 'file_size': 43723, 'width': 320, 'height': 320}, 'file_id': 'BQACAgQAAxkDAAIBw2Yyxe4qAAHTCpt_KEKWBtDF4f2CdwAC4xUAAo5ZmFEEw6ksemebKDQE', 'file_unique_id': 'AgAD4xUAAo5ZmFE', 'file_size': 432289}}`]
[2024-05-01 22:45:02,847]: [_bot.py]: _do_post: 643:       DEBUG:    [Calling Bot API endpoint `sendDocument` with parameters `{'chat_id': '-4119703192', 'document': <telegram._files.inputfile.InputFile object at 0x7faab3043100>}`]
[2024-05-01 22:45:02,847]: [_trace.py]: atrace: 85:       DEBUG:    [send_request_headers.started request=<Request [b'POST']>]
[2024-05-01 22:45:02,847]: [_trace.py]: atrace: 85:       DEBUG:    [send_request_headers.complete]
[2024-05-01 22:45:02,847]: [_trace.py]: atrace: 85:       DEBUG:    [send_request_body.started request=<Request [b'POST']>]
[2024-05-01 22:45:02,848]: [_trace.py]: atrace: 85:       DEBUG:    [send_request_body.complete]
[2024-05-01 22:45:02,848]: [_trace.py]: atrace: 85:       DEBUG:    [receive_response_headers.started request=<Request [b'POST']>]
[2024-05-01 22:45:03,335]: [_trace.py]: atrace: 85:       DEBUG:    [receive_response_headers.complete return_value=(b'HTTP/1.1', 200, b'OK', [(b'Server', b'nginx/1.18.0'), (b'Date', b'Wed, 01 May 2024 22:45:03 GMT'), (b'Content-Type', b'application/json'), (b'Content-Length', b'817'), (b'Connection', b'keep-alive'), (b'Strict-Transport-Security', b'max-age=31536000; includeSubDomains; preload'), (b'Access-Control-Allow-Origin', b'*'), (b'Access-Control-Allow-Methods', b'GET, POST, OPTIONS'), (b'Access-Control-Expose-Headers', b'Content-Length,Content-Type,Date,Server,Connection')])]
[2024-05-01 22:45:03,336]: [_client.py]: _send_single_request: 1773:       INFO:    [HTTP Request: POST https://api.telegram.org/bot6030805959:AAGUHAMxLYc-PrevgKouJ3ZyM7ktu56ftjo/sendDocument "HTTP/1.1 200 OK"]
[2024-05-01 22:45:03,336]: [_trace.py]: atrace: 85:       DEBUG:    [receive_response_body.started request=<Request [b'POST']>]
[2024-05-01 22:45:03,336]: [_trace.py]: atrace: 85:       DEBUG:    [receive_response_body.complete]
[2024-05-01 22:45:03,336]: [_trace.py]: atrace: 85:       DEBUG:    [response_closed.started]
[2024-05-01 22:45:03,336]: [_trace.py]: atrace: 85:       DEBUG:    [response_closed.complete]
[2024-05-01 22:45:03,337]: [_bot.py]: _do_post: 652:       DEBUG:    [Call to Bot API endpoint `sendDocument` finished with return value `{'message_id': 452, 'from': {'id': 6030805959, 'is_bot': True, 'first_name': 'TyPHoone', 'username': 'TyPHoone_Project_bot'}, 'chat': {'id': -4119703192, 'title': 'Robocop', 'type': 'group', 'all_members_are_administrators': True}, 'date': 1714603503, 'document': {'file_name': '5-Nabshi.png', 'mime_type': 'image/png', 'thumbnail': {'file_id': 'AAMCBAADGQMAAgHEZjLF712UzHmpFGYUkDpr0NrplLsAAuQVAAKOWZhRSfq54AQrooUBAAdtAAM0BA', 'file_unique_id': 'AQAD5BUAAo5ZmFFy', 'file_size': 33035, 'width': 320, 'height': 320}, 'thumb': {'file_id': 'AAMCBAADGQMAAgHEZjLF712UzHmpFGYUkDpr0NrplLsAAuQVAAKOWZhRSfq54AQrooUBAAdtAAM0BA', 'file_unique_id': 'AQAD5BUAAo5ZmFFy', 'file_size': 33035, 'width': 320, 'height': 320}, 'file_id': 'BQACAgQAAxkDAAIBxGYyxe9dlMx5qRRmFJA6a9Da6ZS7AALkFQACjlmYUUn6ueAEK6KFNAQ', 'file_unique_id': 'AgAD5BUAAo5ZmFE', 'file_size': 465060}}`]
[2024-05-01 22:45:03,337]: [_bot.py]: _do_post: 643:       DEBUG:    [Calling Bot API endpoint `sendDocument` with parameters `{'chat_id': '-4119703192', 'document': <telegram._files.inputfile.InputFile object at 0x7faab2d29040>}`]
[2024-05-01 22:45:03,338]: [_trace.py]: atrace: 85:       DEBUG:    [send_request_headers.started request=<Request [b'POST']>]
[2024-05-01 22:45:03,338]: [_trace.py]: atrace: 85:       DEBUG:    [send_request_headers.complete]
[2024-05-01 22:45:03,338]: [_trace.py]: atrace: 85:       DEBUG:    [send_request_body.started request=<Request [b'POST']>]
[2024-05-01 22:45:03,339]: [_trace.py]: atrace: 85:       DEBUG:    [send_request_body.complete]
[2024-05-01 22:45:03,339]: [_trace.py]: atrace: 85:       DEBUG:    [receive_response_headers.started request=<Request [b'POST']>]
[2024-05-01 22:45:03,771]: [_trace.py]: atrace: 85:       DEBUG:    [receive_response_headers.complete return_value=(b'HTTP/1.1', 200, b'OK', [(b'Server', b'nginx/1.18.0'), (b'Date', b'Wed, 01 May 2024 22:45:03 GMT'), (b'Content-Type', b'application/json'), (b'Content-Length', b'821'), (b'Connection', b'keep-alive'), (b'Strict-Transport-Security', b'max-age=31536000; includeSubDomains; preload'), (b'Access-Control-Allow-Origin', b'*'), (b'Access-Control-Allow-Methods', b'GET, POST, OPTIONS'), (b'Access-Control-Expose-Headers', b'Content-Length,Content-Type,Date,Server,Connection')])]
[2024-05-01 22:45:03,771]: [_client.py]: _send_single_request: 1773:       INFO:    [HTTP Request: POST https://api.telegram.org/bot6030805959:AAGUHAMxLYc-PrevgKouJ3ZyM7ktu56ftjo/sendDocument "HTTP/1.1 200 OK"]
[2024-05-01 22:45:03,771]: [_trace.py]: atrace: 85:       DEBUG:    [receive_response_body.started request=<Request [b'POST']>]
[2024-05-01 22:45:03,771]: [_trace.py]: atrace: 85:       DEBUG:    [receive_response_body.complete]
[2024-05-01 22:45:03,772]: [_trace.py]: atrace: 85:       DEBUG:    [response_closed.started]
[2024-05-01 22:45:03,772]: [_trace.py]: atrace: 85:       DEBUG:    [response_closed.complete]
[2024-05-01 22:45:03,772]: [_bot.py]: _do_post: 652:       DEBUG:    [Call to Bot API endpoint `sendDocument` finished with return value `{'message_id': 453, 'from': {'id': 6030805959, 'is_bot': True, 'first_name': 'TyPHoone', 'username': 'TyPHoone_Project_bot'}, 'chat': {'id': -4119703192, 'title': 'Robocop', 'type': 'group', 'all_members_are_administrators': True}, 'date': 1714603503, 'document': {'file_name': '6-Waraq_Siah.png', 'mime_type': 'image/png', 'thumbnail': {'file_id': 'AAMCBAADGQMAAgHFZjLF7zcW3mkht33C7Cy1lPc5KaMAAuUVAAKOWZhRSPTQVnybtt8BAAdtAAM0BA', 'file_unique_id': 'AQAD5RUAAo5ZmFFy', 'file_size': 44532, 'width': 320, 'height': 320}, 'thumb': {'file_id': 'AAMCBAADGQMAAgHFZjLF7zcW3mkht33C7Cy1lPc5KaMAAuUVAAKOWZhRSPTQVnybtt8BAAdtAAM0BA', 'file_unique_id': 'AQAD5RUAAo5ZmFFy', 'file_size': 44532, 'width': 320, 'height': 320}, 'file_id': 'BQACAgQAAxkDAAIBxWYyxe83Ft5pIbd9wuwstZT3OSmjAALlFQACjlmYUUj00FZ8m7bfNAQ', 'file_unique_id': 'AgAD5RUAAo5ZmFE', 'file_size': 437090}}`]
[2024-05-01 22:45:03,773]: [_bot.py]: _do_post: 643:       DEBUG:    [Calling Bot API endpoint `sendDocument` with parameters `{'chat_id': '-4119703192', 'document': <telegram._files.inputfile.InputFile object at 0x7faab35d2b40>}`]
[2024-05-01 22:45:03,773]: [_trace.py]: atrace: 85:       DEBUG:    [send_request_headers.started request=<Request [b'POST']>]
[2024-05-01 22:45:03,773]: [_trace.py]: atrace: 85:       DEBUG:    [send_request_headers.complete]
[2024-05-01 22:45:03,774]: [_trace.py]: atrace: 85:       DEBUG:    [send_request_body.started request=<Request [b'POST']>]
[2024-05-01 22:45:03,775]: [_trace.py]: atrace: 85:       DEBUG:    [send_request_body.complete]
[2024-05-01 22:45:03,775]: [_trace.py]: atrace: 85:       DEBUG:    [receive_response_headers.started request=<Request [b'POST']>]
[2024-05-01 22:45:07,577]: [_trace.py]: atrace: 85:       DEBUG:    [receive_response_headers.complete return_value=(b'HTTP/1.1', 200, b'OK', [(b'Server', b'nginx/1.18.0'), (b'Date', b'Wed, 01 May 2024 22:45:07 GMT'), (b'Content-Type', b'application/json'), (b'Content-Length', b'818'), (b'Connection', b'keep-alive'), (b'Strict-Transport-Security', b'max-age=31536000; includeSubDomains; preload'), (b'Access-Control-Allow-Origin', b'*'), (b'Access-Control-Allow-Methods', b'GET, POST, OPTIONS'), (b'Access-Control-Expose-Headers', b'Content-Length,Content-Type,Date,Server,Connection')])]
[2024-05-01 22:45:07,578]: [_client.py]: _send_single_request: 1773:       INFO:    [HTTP Request: POST https://api.telegram.org/bot6030805959:AAGUHAMxLYc-PrevgKouJ3ZyM7ktu56ftjo/sendDocument "HTTP/1.1 200 OK"]
[2024-05-01 22:45:07,578]: [_trace.py]: atrace: 85:       DEBUG:    [receive_response_body.started request=<Request [b'POST']>]
[2024-05-01 22:45:07,578]: [_trace.py]: atrace: 85:       DEBUG:    [receive_response_body.complete]
[2024-05-01 22:45:07,578]: [_trace.py]: atrace: 85:       DEBUG:    [response_closed.started]
[2024-05-01 22:45:07,578]: [_trace.py]: atrace: 85:       DEBUG:    [response_closed.complete]
[2024-05-01 22:45:07,578]: [_bot.py]: _do_post: 652:       DEBUG:    [Call to Bot API endpoint `sendDocument` finished with return value `{'message_id': 454, 'from': {'id': 6030805959, 'is_bot': True, 'first_name': 'TyPHoone', 'username': 'TyPHoone_Project_bot'}, 'chat': {'id': -4119703192, 'title': 'Robocop', 'type': 'group', 'all_members_are_administrators': True}, 'date': 1714603507, 'document': {'file_name': '4-Nawdani.png', 'mime_type': 'image/png', 'thumbnail': {'file_id': 'AAMCBAADGQMAAgHGZjLF8-AsC3sOPHdlW10a8-eGKU0AAuYVAAKOWZhRHB5sIhBjDYIBAAdtAAM0BA', 'file_unique_id': 'AQAD5hUAAo5ZmFFy', 'file_size': 34028, 'width': 320, 'height': 320}, 'thumb': {'file_id': 'AAMCBAADGQMAAgHGZjLF8-AsC3sOPHdlW10a8-eGKU0AAuYVAAKOWZhRHB5sIhBjDYIBAAdtAAM0BA', 'file_unique_id': 'AQAD5hUAAo5ZmFFy', 'file_size': 34028, 'width': 320, 'height': 320}, 'file_id': 'BQACAgQAAxkDAAIBxmYyxfPgLAt7Djx3ZVtdGvPnhilNAALmFQACjlmYURwebCIQYw2CNAQ', 'file_unique_id': 'AgAD5hUAAo5ZmFE', 'file_size': 448718}}`]
[2024-05-01 22:45:07,579]: [_bot.py]: _do_post: 643:       DEBUG:    [Calling Bot API endpoint `sendDocument` with parameters `{'chat_id': '-4119703192', 'document': <telegram._files.inputfile.InputFile object at 0x7faab2d29040>}`]
[2024-05-01 22:45:07,579]: [_trace.py]: atrace: 85:       DEBUG:    [send_request_headers.started request=<Request [b'POST']>]
[2024-05-01 22:45:07,579]: [_trace.py]: atrace: 85:       DEBUG:    [send_request_headers.complete]
[2024-05-01 22:45:07,579]: [_trace.py]: atrace: 85:       DEBUG:    [send_request_body.started request=<Request [b'POST']>]
[2024-05-01 22:45:07,580]: [_trace.py]: atrace: 85:       DEBUG:    [send_request_body.complete]
[2024-05-01 22:45:07,580]: [_trace.py]: atrace: 85:       DEBUG:    [receive_response_headers.started request=<Request [b'POST']>]
[2024-05-01 22:45:08,364]: [_trace.py]: atrace: 85:       DEBUG:    [receive_response_headers.complete return_value=(b'HTTP/1.1', 200, b'OK', [(b'Server', b'nginx/1.18.0'), (b'Date', b'Wed, 01 May 2024 22:45:08 GMT'), (b'Content-Type', b'application/json'), (b'Content-Length', b'821'), (b'Connection', b'keep-alive'), (b'Strict-Transport-Security', b'max-age=31536000; includeSubDomains; preload'), (b'Access-Control-Allow-Origin', b'*'), (b'Access-Control-Allow-Methods', b'GET, POST, OPTIONS'), (b'Access-Control-Expose-Headers', b'Content-Length,Content-Type,Date,Server,Connection')])]
[2024-05-01 22:45:08,364]: [_client.py]: _send_single_request: 1773:       INFO:    [HTTP Request: POST https://api.telegram.org/bot6030805959:AAGUHAMxLYc-PrevgKouJ3ZyM7ktu56ftjo/sendDocument "HTTP/1.1 200 OK"]
[2024-05-01 22:45:08,364]: [_trace.py]: atrace: 85:       DEBUG:    [receive_response_body.started request=<Request [b'POST']>]
[2024-05-01 22:45:08,364]: [_trace.py]: atrace: 85:       DEBUG:    [receive_response_body.complete]
[2024-05-01 22:45:08,364]: [_trace.py]: atrace: 85:       DEBUG:    [response_closed.started]
[2024-05-01 22:45:08,365]: [_trace.py]: atrace: 85:       DEBUG:    [response_closed.complete]
[2024-05-01 22:45:08,365]: [_bot.py]: _do_post: 652:       DEBUG:    [Call to Bot API endpoint `sendDocument` finished with return value `{'message_id': 455, 'from': {'id': 6030805959, 'is_bot': True, 'first_name': 'TyPHoone', 'username': 'TyPHoone_Project_bot'}, 'chat': {'id': -4119703192, 'title': 'Robocop', 'type': 'group', 'all_members_are_administrators': True}, 'date': 1714603508, 'document': {'file_name': '3-Profill.png', 'mime_type': 'image/png', 'thumbnail': {'file_id': 'AAMCBAADGQMAAgHHZjLF9GGup_IYd_VgmveD0hnK_4sAAucVAAKOWZhRL7E4AAGoXLRlAQAHbQADNAQ', 'file_unique_id': 'AQAD5xUAAo5ZmFFy', 'file_size': 33326, 'width': 320, 'height': 320}, 'thumb': {'file_id': 'AAMCBAADGQMAAgHHZjLF9GGup_IYd_VgmveD0hnK_4sAAucVAAKOWZhRL7E4AAGoXLRlAQAHbQADNAQ', 'file_unique_id': 'AQAD5xUAAo5ZmFFy', 'file_size': 33326, 'width': 320, 'height': 320}, 'file_id': 'BQACAgQAAxkDAAIBx2YyxfRhrqfyGHf1YJr3g9IZyv-LAALnFQACjlmYUS-xOAABqFy0ZTQE', 'file_unique_id': 'AgAD5xUAAo5ZmFE', 'file_size': 405156}}`]
[2024-05-01 22:45:08,365]: [_bot.py]: _do_post: 643:       DEBUG:    [Calling Bot API endpoint `sendDocument` with parameters `{'chat_id': '-4119703192', 'document': <telegram._files.inputfile.InputFile object at 0x7faab35d2b40>}`]
[2024-05-01 22:45:08,366]: [_trace.py]: atrace: 85:       DEBUG:    [send_request_headers.started request=<Request [b'POST']>]
[2024-05-01 22:45:08,366]: [_trace.py]: atrace: 85:       DEBUG:    [send_request_headers.complete]
[2024-05-01 22:45:08,366]: [_trace.py]: atrace: 85:       DEBUG:    [send_request_body.started request=<Request [b'POST']>]
[2024-05-01 22:45:08,367]: [_trace.py]: atrace: 85:       DEBUG:    [send_request_body.complete]
[2024-05-01 22:45:08,367]: [_trace.py]: atrace: 85:       DEBUG:    [receive_response_headers.started request=<Request [b'POST']>]
[2024-05-01 22:45:08,672]: [_trace.py]: atrace: 85:       DEBUG:    [receive_response_headers.complete return_value=(b'HTTP/1.1', 200, b'OK', [(b'Server', b'nginx/1.18.0'), (b'Date', b'Wed, 01 May 2024 22:45:08 GMT'), (b'Content-Type', b'application/json'), (b'Content-Length', b'824'), (b'Connection', b'keep-alive'), (b'Strict-Transport-Security', b'max-age=31536000; includeSubDomains; preload'), (b'Access-Control-Allow-Origin', b'*'), (b'Access-Control-Allow-Methods', b'GET, POST, OPTIONS'), (b'Access-Control-Expose-Headers', b'Content-Length,Content-Type,Date,Server,Connection')])]
[2024-05-01 22:45:08,673]: [_client.py]: _send_single_request: 1773:       INFO:    [HTTP Request: POST https://api.telegram.org/bot6030805959:AAGUHAMxLYc-PrevgKouJ3ZyM7ktu56ftjo/sendDocument "HTTP/1.1 200 OK"]
[2024-05-01 22:45:08,673]: [_trace.py]: atrace: 85:       DEBUG:    [receive_response_body.started request=<Request [b'POST']>]
[2024-05-01 22:45:08,673]: [_trace.py]: atrace: 85:       DEBUG:    [receive_response_body.complete]
[2024-05-01 22:45:08,673]: [_trace.py]: atrace: 85:       DEBUG:    [response_closed.started]
[2024-05-01 22:45:08,673]: [_trace.py]: atrace: 85:       DEBUG:    [response_closed.complete]
[2024-05-01 22:45:08,673]: [_bot.py]: _do_post: 652:       DEBUG:    [Call to Bot API endpoint `sendDocument` finished with return value `{'message_id': 456, 'from': {'id': 6030805959, 'is_bot': True, 'first_name': 'TyPHoone', 'username': 'TyPHoone_Project_bot'}, 'chat': {'id': -4119703192, 'title': 'Robocop', 'type': 'group', 'all_members_are_administrators': True}, 'date': 1714603508, 'document': {'file_name': '7-Tasme_Maftoul.png', 'mime_type': 'image/png', 'thumbnail': {'file_id': 'AAMCBAADGQMAAgHIZjLF9M5FF2bciHO4epnm0pZ8uNUAAugVAAKOWZhRfbG1lPQ8ErIBAAdtAAM0BA', 'file_unique_id': 'AQAD6BUAAo5ZmFFy', 'file_size': 36616, 'width': 320, 'height': 320}, 'thumb': {'file_id': 'AAMCBAADGQMAAgHIZjLF9M5FF2bciHO4epnm0pZ8uNUAAugVAAKOWZhRfbG1lPQ8ErIBAAdtAAM0BA', 'file_unique_id': 'AQAD6BUAAo5ZmFFy', 'file_size': 36616, 'width': 320, 'height': 320}, 'file_id': 'BQACAgQAAxkDAAIByGYyxfTORRdm3IhzuHqZ5tKWfLjVAALoFQACjlmYUX2xtZT0PBKyNAQ', 'file_unique_id': 'AgAD6BUAAo5ZmFE', 'file_size': 400210}}`]
[2024-05-01 22:45:08,674]: [_bot.py]: _do_post: 643:       DEBUG:    [Calling Bot API endpoint `sendDocument` with parameters `{'chat_id': '-4119703192', 'document': <telegram._files.inputfile.InputFile object at 0x7faab2d29040>}`]
[2024-05-01 22:45:08,674]: [_trace.py]: atrace: 85:       DEBUG:    [send_request_headers.started request=<Request [b'POST']>]
[2024-05-01 22:45:08,674]: [_trace.py]: atrace: 85:       DEBUG:    [send_request_headers.complete]
[2024-05-01 22:45:08,675]: [_trace.py]: atrace: 85:       DEBUG:    [send_request_body.started request=<Request [b'POST']>]
[2024-05-01 22:45:08,676]: [_trace.py]: atrace: 85:       DEBUG:    [send_request_body.complete]
[2024-05-01 22:45:08,676]: [_trace.py]: atrace: 85:       DEBUG:    [receive_response_headers.started request=<Request [b'POST']>]
[2024-05-01 22:45:08,908]: [_trace.py]: atrace: 85:       DEBUG:    [receive_response_headers.complete return_value=(b'HTTP/1.1', 200, b'OK', [(b'Server', b'nginx/1.18.0'), (b'Date', b'Wed, 01 May 2024 22:45:08 GMT'), (b'Content-Type', b'application/json'), (b'Content-Length', b'818'), (b'Connection', b'keep-alive'), (b'Strict-Transport-Security', b'max-age=31536000; includeSubDomains; preload'), (b'Access-Control-Allow-Origin', b'*'), (b'Access-Control-Allow-Methods', b'GET, POST, OPTIONS'), (b'Access-Control-Expose-Headers', b'Content-Length,Content-Type,Date,Server,Connection')])]
[2024-05-01 22:45:08,908]: [_client.py]: _send_single_request: 1773:       INFO:    [HTTP Request: POST https://api.telegram.org/bot6030805959:AAGUHAMxLYc-PrevgKouJ3ZyM7ktu56ftjo/sendDocument "HTTP/1.1 200 OK"]
[2024-05-01 22:45:08,908]: [_trace.py]: atrace: 85:       DEBUG:    [receive_response_body.started request=<Request [b'POST']>]
[2024-05-01 22:45:08,909]: [_trace.py]: atrace: 85:       DEBUG:    [receive_response_body.complete]
[2024-05-01 22:45:08,909]: [_trace.py]: atrace: 85:       DEBUG:    [response_closed.started]
[2024-05-01 22:45:08,909]: [_trace.py]: atrace: 85:       DEBUG:    [response_closed.complete]
[2024-05-01 22:45:08,909]: [_bot.py]: _do_post: 652:       DEBUG:    [Call to Bot API endpoint `sendDocument` finished with return value `{'message_id': 457, 'from': {'id': 6030805959, 'is_bot': True, 'first_name': 'TyPHoone', 'username': 'TyPHoone_Project_bot'}, 'chat': {'id': -4119703192, 'title': 'Robocop', 'type': 'group', 'all_members_are_administrators': True}, 'date': 1714603508, 'document': {'file_name': '8-Khamoot.png', 'mime_type': 'image/png', 'thumbnail': {'file_id': 'AAMCBAADGQMAAgHJZjLF9JEIErN_D8FsfFh8zqpgBXsAAukVAAKOWZhR77XSjWqDpZYBAAdtAAM0BA', 'file_unique_id': 'AQAD6RUAAo5ZmFFy', 'file_size': 28381, 'width': 320, 'height': 320}, 'thumb': {'file_id': 'AAMCBAADGQMAAgHJZjLF9JEIErN_D8FsfFh8zqpgBXsAAukVAAKOWZhR77XSjWqDpZYBAAdtAAM0BA', 'file_unique_id': 'AQAD6RUAAo5ZmFFy', 'file_size': 28381, 'width': 320, 'height': 320}, 'file_id': 'BQACAgQAAxkDAAIByWYyxfSRCBKzfw_BbHxYfM6qYAV7AALpFQACjlmYUe-10o1qg6WWNAQ', 'file_unique_id': 'AgAD6RUAAo5ZmFE', 'file_size': 448746}}`]
[2024-05-01 22:45:08,910]: [_bot.py]: _do_post: 643:       DEBUG:    [Calling Bot API endpoint `sendDocument` with parameters `{'chat_id': '-4119703192', 'document': <telegram._files.inputfile.InputFile object at 0x7faab35d2b40>}`]
[2024-05-01 22:45:08,910]: [_trace.py]: atrace: 85:       DEBUG:    [send_request_headers.started request=<Request [b'POST']>]
[2024-05-01 22:45:08,910]: [_trace.py]: atrace: 85:       DEBUG:    [send_request_headers.complete]
[2024-05-01 22:45:08,910]: [_trace.py]: atrace: 85:       DEBUG:    [send_request_body.started request=<Request [b'POST']>]
[2024-05-01 22:45:08,912]: [_trace.py]: atrace: 85:       DEBUG:    [send_request_body.complete]
[2024-05-01 22:45:08,912]: [_trace.py]: atrace: 85:       DEBUG:    [receive_response_headers.started request=<Request [b'POST']>]
[2024-05-01 22:45:09,173]: [_trace.py]: atrace: 85:       DEBUG:    [receive_response_headers.complete return_value=(b'HTTP/1.1', 200, b'OK', [(b'Server', b'nginx/1.18.0'), (b'Date', b'Wed, 01 May 2024 22:45:09 GMT'), (b'Content-Type', b'application/json'), (b'Content-Length', b'816'), (b'Connection', b'keep-alive'), (b'Strict-Transport-Security', b'max-age=31536000; includeSubDomains; preload'), (b'Access-Control-Allow-Origin', b'*'), (b'Access-Control-Allow-Methods', b'GET, POST, OPTIONS'), (b'Access-Control-Expose-Headers', b'Content-Length,Content-Type,Date,Server,Connection')])]
[2024-05-01 22:45:09,173]: [_client.py]: _send_single_request: 1773:       INFO:    [HTTP Request: POST https://api.telegram.org/bot6030805959:AAGUHAMxLYc-PrevgKouJ3ZyM7ktu56ftjo/sendDocument "HTTP/1.1 200 OK"]
[2024-05-01 22:45:09,173]: [_trace.py]: atrace: 85:       DEBUG:    [receive_response_body.started request=<Request [b'POST']>]
[2024-05-01 22:45:09,173]: [_trace.py]: atrace: 85:       DEBUG:    [receive_response_body.complete]
[2024-05-01 22:45:09,173]: [_trace.py]: atrace: 85:       DEBUG:    [response_closed.started]
[2024-05-01 22:45:09,173]: [_trace.py]: atrace: 85:       DEBUG:    [response_closed.complete]
[2024-05-01 22:45:09,174]: [_bot.py]: _do_post: 652:       DEBUG:    [Call to Bot API endpoint `sendDocument` finished with return value `{'message_id': 458, 'from': {'id': 6030805959, 'is_bot': True, 'first_name': 'TyPHoone', 'username': 'TyPHoone_Project_bot'}, 'chat': {'id': -4119703192, 'title': 'Robocop', 'type': 'group', 'all_members_are_administrators': True}, 'date': 1714603509, 'document': {'file_name': '0-cover.png', 'mime_type': 'image/png', 'thumbnail': {'file_id': 'AAMCBAADGQMAAgHKZjLF9WgnPMTWQ2rHXxAq3HxSnToAAuoVAAKOWZhRdJpw6PbmjIYBAAdtAAM0BA', 'file_unique_id': 'AQAD6hUAAo5ZmFFy', 'file_size': 33676, 'width': 320, 'height': 320}, 'thumb': {'file_id': 'AAMCBAADGQMAAgHKZjLF9WgnPMTWQ2rHXxAq3HxSnToAAuoVAAKOWZhRdJpw6PbmjIYBAAdtAAM0BA', 'file_unique_id': 'AQAD6hUAAo5ZmFFy', 'file_size': 33676, 'width': 320, 'height': 320}, 'file_id': 'BQACAgQAAxkDAAIBymYyxfVoJzzE1kNqx18QKtx8Up06AALqFQACjlmYUXSacOj25oyGNAQ', 'file_unique_id': 'AgAD6hUAAo5ZmFE', 'file_size': 830514}}`]
[2024-05-01 22:45:09,174]: [_trace.py]: atrace: 85:       DEBUG:    [close.started]
[2024-05-01 22:45:09,174]: [_trace.py]: atrace: 85:       DEBUG:    [close.complete]
[2024-05-01 22:45:09,174]: [_config.py]: load_ssl_context: 80:       DEBUG:    [load_ssl_context verify=True cert=None trust_env=True http2=False]
[2024-05-01 22:45:09,175]: [_config.py]: load_ssl_context_verify: 146:       DEBUG:    [load_verify_locations cafile='/opt/hostedtoolcache/Python/3.12.3/x64/lib/python3.12/site-packages/certifi/cacert.pem']
[2024-05-01 22:45:09,203]: [_config.py]: load_ssl_context: 80:       DEBUG:    [load_ssl_context verify=True cert=None trust_env=True http2=False]
[2024-05-01 22:45:09,203]: [_config.py]: load_ssl_context_verify: 146:       DEBUG:    [load_verify_locations cafile='/opt/hostedtoolcache/Python/3.12.3/x64/lib/python3.12/site-packages/certifi/cacert.pem']
[2024-05-01 22:45:09,230]: [_bot.py]: _do_post: 643:       DEBUG:    [Calling Bot API endpoint `getMe` with parameters `{}`]
[2024-05-01 22:45:09,231]: [_trace.py]: atrace: 85:       DEBUG:    [connect_tcp.started host='api.telegram.org' port=443 local_address=None timeout=5.0 socket_options=None]
[2024-05-01 22:45:09,374]: [_trace.py]: atrace: 85:       DEBUG:    [connect_tcp.complete return_value=<httpcore._backends.anyio.AnyIOStream object at 0x7faab3242d20>]
[2024-05-01 22:45:09,374]: [_trace.py]: atrace: 85:       DEBUG:    [start_tls.started ssl_context=<ssl.SSLContext object at 0x7faab3249b50> server_hostname='api.telegram.org' timeout=5.0]
[2024-05-01 22:45:09,518]: [_trace.py]: atrace: 85:       DEBUG:    [start_tls.complete return_value=<httpcore._backends.anyio.AnyIOStream object at 0x7faab2ef29f0>]
[2024-05-01 22:45:09,518]: [_trace.py]: atrace: 85:       DEBUG:    [send_request_headers.started request=<Request [b'POST']>]
[2024-05-01 22:45:09,519]: [_trace.py]: atrace: 85:       DEBUG:    [send_request_headers.complete]
[2024-05-01 22:45:09,519]: [_trace.py]: atrace: 85:       DEBUG:    [send_request_body.started request=<Request [b'POST']>]
[2024-05-01 22:45:09,519]: [_trace.py]: atrace: 85:       DEBUG:    [send_request_body.complete]
[2024-05-01 22:45:09,519]: [_trace.py]: atrace: 85:       DEBUG:    [receive_response_headers.started request=<Request [b'POST']>]
[2024-05-01 22:45:09,661]: [_trace.py]: atrace: 85:       DEBUG:    [receive_response_headers.complete return_value=(b'HTTP/1.1', 200, b'OK', [(b'Server', b'nginx/1.18.0'), (b'Date', b'Wed, 01 May 2024 22:45:09 GMT'), (b'Content-Type', b'application/json'), (b'Content-Length', b'233'), (b'Connection', b'keep-alive'), (b'Strict-Transport-Security', b'max-age=31536000; includeSubDomains; preload'), (b'Access-Control-Allow-Origin', b'*'), (b'Access-Control-Allow-Methods', b'GET, POST, OPTIONS'), (b'Access-Control-Expose-Headers', b'Content-Length,Content-Type,Date,Server,Connection')])]
[2024-05-01 22:45:09,661]: [_client.py]: _send_single_request: 1773:       INFO:    [HTTP Request: POST https://api.telegram.org/bot6030805959:AAGUHAMxLYc-PrevgKouJ3ZyM7ktu56ftjo/getMe "HTTP/1.1 200 OK"]
[2024-05-01 22:45:09,661]: [_trace.py]: atrace: 85:       DEBUG:    [receive_response_body.started request=<Request [b'POST']>]
[2024-05-01 22:45:09,661]: [_trace.py]: atrace: 85:       DEBUG:    [receive_response_body.complete]
[2024-05-01 22:45:09,661]: [_trace.py]: atrace: 85:       DEBUG:    [response_closed.started]
[2024-05-01 22:45:09,661]: [_trace.py]: atrace: 85:       DEBUG:    [response_closed.complete]
[2024-05-01 22:45:09,662]: [_bot.py]: _do_post: 652:       DEBUG:    [Call to Bot API endpoint `getMe` finished with return value `{'id': 6030805959, 'is_bot': True, 'first_name': 'TyPHoone', 'username': 'TyPHoone_Project_bot', 'can_join_groups': True, 'can_read_all_group_messages': False, 'supports_inline_queries': False, 'can_connect_to_business': False}`]
[2024-05-01 22:45:09,662]: [_bot.py]: _do_post: 643:       DEBUG:    [Calling Bot API endpoint `sendDocument` with parameters `{'chat_id': '-4119703192', 'document': <telegram._files.inputfile.InputFile object at 0x7faab1c364c0>}`]
[2024-05-01 22:45:09,662]: [_trace.py]: atrace: 85:       DEBUG:    [send_request_headers.started request=<Request [b'POST']>]
[2024-05-01 22:45:09,662]: [_trace.py]: atrace: 85:       DEBUG:    [send_request_headers.complete]
[2024-05-01 22:45:09,662]: [_trace.py]: atrace: 85:       DEBUG:    [send_request_body.started request=<Request [b'POST']>]
[2024-05-01 22:45:10,089]: [_trace.py]: atrace: 85:       DEBUG:    [send_request_body.complete]
[2024-05-01 22:45:10,089]: [_trace.py]: atrace: 85:       DEBUG:    [receive_response_headers.started request=<Request [b'POST']>]
[2024-05-01 22:45:13,683]: [_trace.py]: atrace: 85:       DEBUG:    [receive_response_headers.complete return_value=(b'HTTP/1.1', 200, b'OK', [(b'Server', b'nginx/1.18.0'), (b'Date', b'Wed, 01 May 2024 22:45:13 GMT'), (b'Content-Type', b'application/json'), (b'Content-Length', b'819'), (b'Connection', b'keep-alive'), (b'Strict-Transport-Security', b'max-age=31536000; includeSubDomains; preload'), (b'Access-Control-Allow-Origin', b'*'), (b'Access-Control-Allow-Methods', b'GET, POST, OPTIONS'), (b'Access-Control-Expose-Headers', b'Content-Length,Content-Type,Date,Server,Connection')])]
[2024-05-01 22:45:13,683]: [_client.py]: _send_single_request: 1773:       INFO:    [HTTP Request: POST https://api.telegram.org/bot6030805959:AAGUHAMxLYc-PrevgKouJ3ZyM7ktu56ftjo/sendDocument "HTTP/1.1 200 OK"]
[2024-05-01 22:45:13,684]: [_trace.py]: atrace: 85:       DEBUG:    [receive_response_body.started request=<Request [b'POST']>]
[2024-05-01 22:45:13,684]: [_trace.py]: atrace: 85:       DEBUG:    [receive_response_body.complete]
[2024-05-01 22:45:13,684]: [_trace.py]: atrace: 85:       DEBUG:    [response_closed.started]
[2024-05-01 22:45:13,684]: [_trace.py]: atrace: 85:       DEBUG:    [response_closed.complete]
[2024-05-01 22:45:13,684]: [_bot.py]: _do_post: 652:       DEBUG:    [Call to Bot API endpoint `sendDocument` finished with return value `{'message_id': 459, 'from': {'id': 6030805959, 'is_bot': True, 'first_name': 'TyPHoone', 'username': 'TyPHoone_Project_bot'}, 'chat': {'id': -4119703192, 'title': 'Robocop', 'type': 'group', 'all_members_are_administrators': True}, 'date': 1714603513, 'document': {'file_name': '1-Tir_Ahan.png', 'mime_type': 'image/png', 'thumbnail': {'file_id': 'AAMCBAADGQMAAgHLZjLF-Uw646HgFiNZIiTtec5XZCUAAusVAAKOWZhRBwx7576lGcIBAAdtAAM0BA', 'file_unique_id': 'AQAD6xUAAo5ZmFFy', 'file_size': 38871, 'width': 320, 'height': 320}, 'thumb': {'file_id': 'AAMCBAADGQMAAgHLZjLF-Uw646HgFiNZIiTtec5XZCUAAusVAAKOWZhRBwx7576lGcIBAAdtAAM0BA', 'file_unique_id': 'AQAD6xUAAo5ZmFFy', 'file_size': 38871, 'width': 320, 'height': 320}, 'file_id': 'BQACAgQAAxkDAAIBy2YyxflMOuOh4BYjWSIk7XnOV2QlAALrFQACjlmYUQcMe-e-pRnCNAQ', 'file_unique_id': 'AgAD6xUAAo5ZmFE', 'file_size': 445305}}`]
[2024-05-01 22:45:13,685]: [_bot.py]: _do_post: 643:       DEBUG:    [Calling Bot API endpoint `sendDocument` with parameters `{'chat_id': '-4119703192', 'document': <telegram._files.inputfile.InputFile object at 0x7faab1c36000>}`]
[2024-05-01 22:45:13,685]: [_trace.py]: atrace: 85:       DEBUG:    [send_request_headers.started request=<Request [b'POST']>]
[2024-05-01 22:45:13,685]: [_trace.py]: atrace: 85:       DEBUG:    [send_request_headers.complete]
[2024-05-01 22:45:13,685]: [_trace.py]: atrace: 85:       DEBUG:    [send_request_body.started request=<Request [b'POST']>]
[2024-05-01 22:45:13,686]: [_trace.py]: atrace: 85:       DEBUG:    [send_request_body.complete]
[2024-05-01 22:45:13,686]: [_trace.py]: atrace: 85:       DEBUG:    [receive_response_headers.started request=<Request [b'POST']>]
[2024-05-01 22:45:14,492]: [_trace.py]: atrace: 85:       DEBUG:    [receive_response_headers.complete return_value=(b'HTTP/1.1', 200, b'OK', [(b'Server', b'nginx/1.18.0'), (b'Date', b'Wed, 01 May 2024 22:45:14 GMT'), (b'Content-Type', b'application/json'), (b'Content-Length', b'826'), (b'Connection', b'keep-alive'), (b'Strict-Transport-Security', b'max-age=31536000; includeSubDomains; preload'), (b'Access-Control-Allow-Origin', b'*'), (b'Access-Control-Allow-Methods', b'GET, POST, OPTIONS'), (b'Access-Control-Expose-Headers', b'Content-Length,Content-Type,Date,Server,Connection')])]
[2024-05-01 22:45:14,493]: [_client.py]: _send_single_request: 1773:       INFO:    [HTTP Request: POST https://api.telegram.org/bot6030805959:AAGUHAMxLYc-PrevgKouJ3ZyM7ktu56ftjo/sendDocument "HTTP/1.1 200 OK"]
[2024-05-01 22:45:14,493]: [_trace.py]: atrace: 85:       DEBUG:    [receive_response_body.started request=<Request [b'POST']>]
[2024-05-01 22:45:14,493]: [_trace.py]: atrace: 85:       DEBUG:    [receive_response_body.complete]
[2024-05-01 22:45:14,493]: [_trace.py]: atrace: 85:       DEBUG:    [response_closed.started]
[2024-05-01 22:45:14,493]: [_trace.py]: atrace: 85:       DEBUG:    [response_closed.complete]
[2024-05-01 22:45:14,493]: [_bot.py]: _do_post: 652:       DEBUG:    [Call to Bot API endpoint `sendDocument` finished with return value `{'message_id': 460, 'from': {'id': 6030805959, 'is_bot': True, 'first_name': 'TyPHoone', 'username': 'TyPHoone_Project_bot'}, 'chat': {'id': -4119703192, 'title': 'Robocop', 'type': 'group', 'all_members_are_administrators': True}, 'date': 1714603514, 'document': {'file_name': '9-Waraq_Galwanize.png', 'mime_type': 'image/png', 'thumbnail': {'file_id': 'AAMCBAADGQMAAgHMZjLF-vqLWcoCCX6fsHsQ-xEt5zYAAuwVAAKOWZhR1x1Cjg6gbbkBAAdtAAM0BA', 'file_unique_id': 'AQAD7BUAAo5ZmFFy', 'file_size': 39088, 'width': 320, 'height': 320}, 'thumb': {'file_id': 'AAMCBAADGQMAAgHMZjLF-vqLWcoCCX6fsHsQ-xEt5zYAAuwVAAKOWZhR1x1Cjg6gbbkBAAdtAAM0BA', 'file_unique_id': 'AQAD7BUAAo5ZmFFy', 'file_size': 39088, 'width': 320, 'height': 320}, 'file_id': 'BQACAgQAAxkDAAIBzGYyxfr6i1nKAgl-n7B7EPsRLec2AALsFQACjlmYUdcdQo4OoG25NAQ', 'file_unique_id': 'AgAD7BUAAo5ZmFE', 'file_size': 424987}}`]
[2024-05-01 22:45:14,494]: [_bot.py]: _do_post: 643:       DEBUG:    [Calling Bot API endpoint `sendDocument` with parameters `{'chat_id': '-4119703192', 'document': <telegram._files.inputfile.InputFile object at 0x7faab1c26600>}`]
[2024-05-01 22:45:14,494]: [_trace.py]: atrace: 85:       DEBUG:    [send_request_headers.started request=<Request [b'POST']>]
[2024-05-01 22:45:14,496]: [_trace.py]: atrace: 85:       DEBUG:    [send_request_headers.complete]
[2024-05-01 22:45:14,496]: [_trace.py]: atrace: 85:       DEBUG:    [send_request_body.started request=<Request [b'POST']>]
[2024-05-01 22:45:14,497]: [_trace.py]: atrace: 85:       DEBUG:    [send_request_body.complete]
[2024-05-01 22:45:14,497]: [_trace.py]: atrace: 85:       DEBUG:    [receive_response_headers.started request=<Request [b'POST']>]
[2024-05-01 22:45:14,744]: [_trace.py]: atrace: 85:       DEBUG:    [receive_response_headers.complete return_value=(b'HTTP/1.1', 200, b'OK', [(b'Server', b'nginx/1.18.0'), (b'Date', b'Wed, 01 May 2024 22:45:14 GMT'), (b'Content-Type', b'application/json'), (b'Content-Length', b'818'), (b'Connection', b'keep-alive'), (b'Strict-Transport-Security', b'max-age=31536000; includeSubDomains; preload'), (b'Access-Control-Allow-Origin', b'*'), (b'Access-Control-Allow-Methods', b'GET, POST, OPTIONS'), (b'Access-Control-Expose-Headers', b'Content-Length,Content-Type,Date,Server,Connection')])]
[2024-05-01 22:45:14,744]: [_client.py]: _send_single_request: 1773:       INFO:    [HTTP Request: POST https://api.telegram.org/bot6030805959:AAGUHAMxLYc-PrevgKouJ3ZyM7ktu56ftjo/sendDocument "HTTP/1.1 200 OK"]
[2024-05-01 22:45:14,745]: [_trace.py]: atrace: 85:       DEBUG:    [receive_response_body.started request=<Request [b'POST']>]
[2024-05-01 22:45:14,745]: [_trace.py]: atrace: 85:       DEBUG:    [receive_response_body.complete]
[2024-05-01 22:45:14,745]: [_trace.py]: atrace: 85:       DEBUG:    [response_closed.started]
[2024-05-01 22:45:14,745]: [_trace.py]: atrace: 85:       DEBUG:    [response_closed.complete]
[2024-05-01 22:45:14,745]: [_bot.py]: _do_post: 652:       DEBUG:    [Call to Bot API endpoint `sendDocument` finished with return value `{'message_id': 461, 'from': {'id': 6030805959, 'is_bot': True, 'first_name': 'TyPHoone', 'username': 'TyPHoone_Project_bot'}, 'chat': {'id': -4119703192, 'title': 'Robocop', 'type': 'group', 'all_members_are_administrators': True}, 'date': 1714603514, 'document': {'file_name': '2-Milgerd.png', 'mime_type': 'image/png', 'thumbnail': {'file_id': 'AAMCBAADGQMAAgHNZjLF-ntgJyY1vFC0cV1jVwkxoNMAAu0VAAKOWZhRoQroUDhRajIBAAdtAAM0BA', 'file_unique_id': 'AQAD7RUAAo5ZmFFy', 'file_size': 42782, 'width': 320, 'height': 320}, 'thumb': {'file_id': 'AAMCBAADGQMAAgHNZjLF-ntgJyY1vFC0cV1jVwkxoNMAAu0VAAKOWZhRoQroUDhRajIBAAdtAAM0BA', 'file_unique_id': 'AQAD7RUAAo5ZmFFy', 'file_size': 42782, 'width': 320, 'height': 320}, 'file_id': 'BQACAgQAAxkDAAIBzWYyxfp7YCcmNbxQtHFdY1cJMaDTAALtFQACjlmYUaEK6FA4UWoyNAQ', 'file_unique_id': 'AgAD7RUAAo5ZmFE', 'file_size': 430033}}`]
[2024-05-01 22:45:14,745]: [_bot.py]: _do_post: 643:       DEBUG:    [Calling Bot API endpoint `sendDocument` with parameters `{'chat_id': '-4119703192', 'document': <telegram._files.inputfile.InputFile object at 0x7faab32582c0>}`]
[2024-05-01 22:45:14,746]: [_trace.py]: atrace: 85:       DEBUG:    [send_request_headers.started request=<Request [b'POST']>]
[2024-05-01 22:45:14,746]: [_trace.py]: atrace: 85:       DEBUG:    [send_request_headers.complete]
[2024-05-01 22:45:14,746]: [_trace.py]: atrace: 85:       DEBUG:    [send_request_body.started request=<Request [b'POST']>]
[2024-05-01 22:45:14,747]: [_trace.py]: atrace: 85:       DEBUG:    [send_request_body.complete]
[2024-05-01 22:45:14,747]: [_trace.py]: atrace: 85:       DEBUG:    [receive_response_headers.started request=<Request [b'POST']>]
[2024-05-01 22:45:15,100]: [_trace.py]: atrace: 85:       DEBUG:    [receive_response_headers.complete return_value=(b'HTTP/1.1', 200, b'OK', [(b'Server', b'nginx/1.18.0'), (b'Date', b'Wed, 01 May 2024 22:45:15 GMT'), (b'Content-Type', b'application/json'), (b'Content-Length', b'817'), (b'Connection', b'keep-alive'), (b'Strict-Transport-Security', b'max-age=31536000; includeSubDomains; preload'), (b'Access-Control-Allow-Origin', b'*'), (b'Access-Control-Allow-Methods', b'GET, POST, OPTIONS'), (b'Access-Control-Expose-Headers', b'Content-Length,Content-Type,Date,Server,Connection')])]
[2024-05-01 22:45:15,100]: [_client.py]: _send_single_request: 1773:       INFO:    [HTTP Request: POST https://api.telegram.org/bot6030805959:AAGUHAMxLYc-PrevgKouJ3ZyM7ktu56ftjo/sendDocument "HTTP/1.1 200 OK"]
[2024-05-01 22:45:15,100]: [_trace.py]: atrace: 85:       DEBUG:    [receive_response_body.started request=<Request [b'POST']>]
[2024-05-01 22:45:15,100]: [_trace.py]: atrace: 85:       DEBUG:    [receive_response_body.complete]
[2024-05-01 22:45:15,100]: [_trace.py]: atrace: 85:       DEBUG:    [response_closed.started]
[2024-05-01 22:45:15,100]: [_trace.py]: atrace: 85:       DEBUG:    [response_closed.complete]
[2024-05-01 22:45:15,101]: [_bot.py]: _do_post: 652:       DEBUG:    [Call to Bot API endpoint `sendDocument` finished with return value `{'message_id': 462, 'from': {'id': 6030805959, 'is_bot': True, 'first_name': 'TyPHoone', 'username': 'TyPHoone_Project_bot'}, 'chat': {'id': -4119703192, 'title': 'Robocop', 'type': 'group', 'all_members_are_administrators': True}, 'date': 1714603515, 'document': {'file_name': '5-Nabshi.png', 'mime_type': 'image/png', 'thumbnail': {'file_id': 'AAMCBAADGQMAAgHOZjLF-v6nZiwfDC1zVF9x-tYiTDIAAu4VAAKOWZhR7rC8CO6cS-IBAAdtAAM0BA', 'file_unique_id': 'AQAD7hUAAo5ZmFFy', 'file_size': 32214, 'width': 320, 'height': 320}, 'thumb': {'file_id': 'AAMCBAADGQMAAgHOZjLF-v6nZiwfDC1zVF9x-tYiTDIAAu4VAAKOWZhR7rC8CO6cS-IBAAdtAAM0BA', 'file_unique_id': 'AQAD7hUAAo5ZmFFy', 'file_size': 32214, 'width': 320, 'height': 320}, 'file_id': 'BQACAgQAAxkDAAIBzmYyxfr-p2YsHwwtc1RfcfrWIkwyAALuFQACjlmYUe6wvAjunEviNAQ', 'file_unique_id': 'AgAD7hUAAo5ZmFE', 'file_size': 414087}}`]
[2024-05-01 22:45:15,101]: [_bot.py]: _do_post: 643:       DEBUG:    [Calling Bot API endpoint `sendDocument` with parameters `{'chat_id': '-4119703192', 'document': <telegram._files.inputfile.InputFile object at 0x7faab3237840>}`]
[2024-05-01 22:45:15,102]: [_trace.py]: atrace: 85:       DEBUG:    [send_request_headers.started request=<Request [b'POST']>]
[2024-05-01 22:45:15,102]: [_trace.py]: atrace: 85:       DEBUG:    [send_request_headers.complete]
[2024-05-01 22:45:15,102]: [_trace.py]: atrace: 85:       DEBUG:    [send_request_body.started request=<Request [b'POST']>]
[2024-05-01 22:45:15,103]: [_trace.py]: atrace: 85:       DEBUG:    [send_request_body.complete]
[2024-05-01 22:45:15,103]: [_trace.py]: atrace: 85:       DEBUG:    [receive_response_headers.started request=<Request [b'POST']>]
[2024-05-01 22:45:15,341]: [_trace.py]: atrace: 85:       DEBUG:    [receive_response_headers.complete return_value=(b'HTTP/1.1', 200, b'OK', [(b'Server', b'nginx/1.18.0'), (b'Date', b'Wed, 01 May 2024 22:45:15 GMT'), (b'Content-Type', b'application/json'), (b'Content-Length', b'824'), (b'Connection', b'keep-alive'), (b'Strict-Transport-Security', b'max-age=31536000; includeSubDomains; preload'), (b'Access-Control-Allow-Origin', b'*'), (b'Access-Control-Allow-Methods', b'GET, POST, OPTIONS'), (b'Access-Control-Expose-Headers', b'Content-Length,Content-Type,Date,Server,Connection')])]
[2024-05-01 22:45:15,341]: [_client.py]: _send_single_request: 1773:       INFO:    [HTTP Request: POST https://api.telegram.org/bot6030805959:AAGUHAMxLYc-PrevgKouJ3ZyM7ktu56ftjo/sendDocument "HTTP/1.1 200 OK"]
[2024-05-01 22:45:15,341]: [_trace.py]: atrace: 85:       DEBUG:    [receive_response_body.started request=<Request [b'POST']>]
[2024-05-01 22:45:15,342]: [_trace.py]: atrace: 85:       DEBUG:    [receive_response_body.complete]
[2024-05-01 22:45:15,342]: [_trace.py]: atrace: 85:       DEBUG:    [response_closed.started]
[2024-05-01 22:45:15,342]: [_trace.py]: atrace: 85:       DEBUG:    [response_closed.complete]
[2024-05-01 22:45:15,342]: [_bot.py]: _do_post: 652:       DEBUG:    [Call to Bot API endpoint `sendDocument` finished with return value `{'message_id': 463, 'from': {'id': 6030805959, 'is_bot': True, 'first_name': 'TyPHoone', 'username': 'TyPHoone_Project_bot'}, 'chat': {'id': -4119703192, 'title': 'Robocop', 'type': 'group', 'all_members_are_administrators': True}, 'date': 1714603515, 'document': {'file_name': '6-Waraq_Siah.png', 'mime_type': 'image/png', 'thumbnail': {'file_id': 'AAMCBAADGQMAAgHPZjLF-wAB3aMV3eMSYwxXAjrGldFlAALvFQACjlmYUYMkFpIUz0QQAQAHbQADNAQ', 'file_unique_id': 'AQAD7xUAAo5ZmFFy', 'file_size': 43780, 'width': 320, 'height': 320}, 'thumb': {'file_id': 'AAMCBAADGQMAAgHPZjLF-wAB3aMV3eMSYwxXAjrGldFlAALvFQACjlmYUYMkFpIUz0QQAQAHbQADNAQ', 'file_unique_id': 'AQAD7xUAAo5ZmFFy', 'file_size': 43780, 'width': 320, 'height': 320}, 'file_id': 'BQACAgQAAxkDAAIBz2YyxfsAAd2jFd3jEmMMVwI6xpXRZQAC7xUAAo5ZmFGDJBaSFM9EEDQE', 'file_unique_id': 'AgAD7xUAAo5ZmFE', 'file_size': 436437}}`]
[2024-05-01 22:45:15,342]: [_bot.py]: _do_post: 643:       DEBUG:    [Calling Bot API endpoint `sendDocument` with parameters `{'chat_id': '-4119703192', 'document': <telegram._files.inputfile.InputFile object at 0x7faab2d6ee00>}`]
[2024-05-01 22:45:15,343]: [_trace.py]: atrace: 85:       DEBUG:    [send_request_headers.started request=<Request [b'POST']>]
[2024-05-01 22:45:15,343]: [_trace.py]: atrace: 85:       DEBUG:    [send_request_headers.complete]
[2024-05-01 22:45:15,343]: [_trace.py]: atrace: 85:       DEBUG:    [send_request_body.started request=<Request [b'POST']>]
[2024-05-01 22:45:15,344]: [_trace.py]: atrace: 85:       DEBUG:    [send_request_body.complete]
[2024-05-01 22:45:15,344]: [_trace.py]: atrace: 85:       DEBUG:    [receive_response_headers.started request=<Request [b'POST']>]
[2024-05-01 22:45:20,349]: [_trace.py]: atrace: 85:       DEBUG:    [receive_response_headers.failed exception=ReadTimeout(TimeoutError())]
[2024-05-01 22:45:20,350]: [_trace.py]: atrace: 85:       DEBUG:    [response_closed.started]
[2024-05-01 22:45:20,350]: [_trace.py]: atrace: 85:       DEBUG:    [response_closed.complete]
[2024-05-01 22:45:20,350]: [Telegram_Sender.py]: runner: 39:       CRITICAL:    [Files Didnt sent]
[2024-05-01 22:45:20,351]: [Main.py]: <module>: 48:       INFO:    [Finished]
