[2025-03-25 11:38:32,938]: [Main.py]: <module>: 21:       INFO:    [Started]
[2025-03-25 11:38:34,920]: [Iron_Scraper.py]: Scrap: 32:       INFO:    [Data Scaraped Successfully]
[2025-03-25 11:38:35,126]: [Iron_Scraper.py]: Scrap: 70:       INFO:    [Scrapped Data Has No Problem]
[2025-03-25 11:38:35,127]: [Iron_Scraper.py]: Scrap: 83:       INFO:    [Data Saved Successfully]
[2025-03-25 11:38:35,127]: [Iron.py]: Run: 26:       INFO:    [Scraping Phase Completed]
[2025-03-25 11:38:35,127]: [Iron_Data_Processor.py]: Data_Reader: 61:       INFO:    [Data File Has Been Red Successfully]
[2025-03-25 11:38:35,127]: [Iron_Data_Processor.py]: Shaper: 78:       INFO:    [Data Shaped]
[2025-03-25 11:38:35,128]: [Iron_Data_Processor.py]: Process: 228:       INFO:    [Data Cleaned]
[2025-03-25 11:38:35,128]: [Iron_Data_Processor.py]: Make_Pages_Objects: 101:       INFO:    [Page Objects Has Been Made]
[2025-03-25 11:38:35,128]: [Iron_Data_Processor.py]: Make_Pages_Objects: 101:       INFO:    [Page Objects Has Been Made]
[2025-03-25 11:38:35,128]: [Iron_Data_Processor.py]: Load_Data: 118:       INFO:    [Data Has Been Load]
[2025-03-25 11:38:35,128]: [Iron_Data_Processor.py]: Load_Data: 118:       INFO:    [Data Has Been Load]
[2025-03-25 11:38:35,128]: [Iron_Data_Processor.py]: Load_positions: 140:       INFO:    [Positions Are Ready]
[2025-03-25 11:38:35,128]: [Iron_Data_Processor.py]: Load_positions: 140:       INFO:    [Positions Are Ready]
[2025-03-25 11:38:36,240]: [Iron_Data_Processor.py]: Make_Tagged_Images: 193:       INFO:    [Images Has Been Made]
[2025-03-25 11:38:37,182]: [Iron_Data_Processor.py]: Make_Tagged_Images: 193:       INFO:    [Images Has Been Made]
[2025-03-25 11:38:37,437]: [Iron_Data_Processor.py]: Make_Cover_Page: 215:       INFO:    [Made Cover Pages]
[2025-03-25 11:38:37,437]: [Iron.py]: Run: 29:       INFO:    [Imagination Phase Completed]
[2025-03-25 11:38:41,272]: [Phone_Scraper.py]: Scrap: 58:       INFO:    [Data Scraped]
[2025-03-25 11:38:41,272]: [Phone_Scraper.py]: Scrap: 71:       INFO:    [Scraped Data Successfully]
[2025-03-25 11:38:41,272]: [Phone.py]: Run: 26:       INFO:    [Scraping Phase Complete]
[2025-03-25 11:38:41,272]: [Phone_Data_Processor.py]: data_reader: 38:       INFO:    [Scraped Data Loaded]
[2025-03-25 11:38:41,273]: [Phone_Data_Processor.py]: filter_list: 65:       INFO:    [Persian Phrases Are deleted]
[2025-03-25 11:38:41,274]: [Phone_Data_Processor.py]: reshape_list: 87:       INFO:    [Date Reshaped]
[2025-03-25 11:38:41,274]: [Phone_Data_Processor.py]: separate_brands: 124:       INFO:    [Brands Are Separated]
[2025-03-25 11:38:41,274]: [Phone_Data_Processor.py]: delete_extra_spaces: 141:       INFO:    [Extra Spaces Are Deleted]
[2025-03-25 11:38:42,014]: [Phone.py]: Run: 29:       INFO:    [Imagination Phase Complete]
[2025-03-25 11:38:42,014]: [selector_events.py]: __init__: 64:       DEBUG:    [Using selector: EpollSelector]
[2025-03-25 11:38:42,293]: [_bot.py]: _do_post: 643:       DEBUG:    [Calling Bot API endpoint `getMe` with parameters `{}`]
[2025-03-25 11:38:42,298]: [_trace.py]: atrace: 87:       DEBUG:    [connect_tcp.started host='api.telegram.org' port=443 local_address=None timeout=5.0 socket_options=None]
[2025-03-25 11:38:42,529]: [_trace.py]: atrace: 87:       DEBUG:    [connect_tcp.complete return_value=<httpcore._backends.anyio.AnyIOStream object at 0x7f5334eecf80>]
[2025-03-25 11:38:42,529]: [_trace.py]: atrace: 87:       DEBUG:    [start_tls.started ssl_context=<ssl.SSLContext object at 0x7f533443fbd0> server_hostname='api.telegram.org' timeout=5.0]
[2025-03-25 11:38:42,681]: [_trace.py]: atrace: 87:       DEBUG:    [start_tls.complete return_value=<httpcore._backends.anyio.AnyIOStream object at 0x7f533450c980>]
[2025-03-25 11:38:42,681]: [_trace.py]: atrace: 87:       DEBUG:    [send_request_headers.started request=<Request [b'POST']>]
[2025-03-25 11:38:42,682]: [_trace.py]: atrace: 87:       DEBUG:    [send_request_headers.complete]
[2025-03-25 11:38:42,682]: [_trace.py]: atrace: 87:       DEBUG:    [send_request_body.started request=<Request [b'POST']>]
[2025-03-25 11:38:42,682]: [_trace.py]: atrace: 87:       DEBUG:    [send_request_body.complete]
[2025-03-25 11:38:42,682]: [_trace.py]: atrace: 87:       DEBUG:    [receive_response_headers.started request=<Request [b'POST']>]
[2025-03-25 11:38:42,835]: [_trace.py]: atrace: 87:       DEBUG:    [receive_response_headers.complete return_value=(b'HTTP/1.1', 200, b'OK', [(b'Server', b'nginx/1.18.0'), (b'Date', b'Tue, 25 Mar 2025 11:38:42 GMT'), (b'Content-Type', b'application/json'), (b'Content-Length', b'258'), (b'Connection', b'keep-alive'), (b'Strict-Transport-Security', b'max-age=31536000; includeSubDomains; preload'), (b'Access-Control-Allow-Origin', b'*'), (b'Access-Control-Allow-Methods', b'GET, POST, OPTIONS'), (b'Access-Control-Expose-Headers', b'Content-Length,Content-Type,Date,Server,Connection')])]
[2025-03-25 11:38:42,835]: [_client.py]: _send_single_request: 1740:       INFO:    [HTTP Request: POST https://api.telegram.org/bot6030805959:AAGUHAMxLYc-PrevgKouJ3ZyM7ktu56ftjo/getMe "HTTP/1.1 200 OK"]
[2025-03-25 11:38:42,835]: [_trace.py]: atrace: 87:       DEBUG:    [receive_response_body.started request=<Request [b'POST']>]
[2025-03-25 11:38:42,836]: [_trace.py]: atrace: 87:       DEBUG:    [receive_response_body.complete]
[2025-03-25 11:38:42,836]: [_trace.py]: atrace: 87:       DEBUG:    [response_closed.started]
[2025-03-25 11:38:42,836]: [_trace.py]: atrace: 87:       DEBUG:    [response_closed.complete]
[2025-03-25 11:38:42,836]: [_bot.py]: _do_post: 652:       DEBUG:    [Call to Bot API endpoint `getMe` finished with return value `{'id': 6030805959, 'is_bot': True, 'first_name': 'TyPHoone', 'username': 'TyPHoone_Project_bot', 'can_join_groups': True, 'can_read_all_group_messages': False, 'supports_inline_queries': False, 'can_connect_to_business': False, 'has_main_web_app': False}`]
[2025-03-25 11:38:42,839]: [_bot.py]: _do_post: 643:       DEBUG:    [Calling Bot API endpoint `sendDocument` with parameters `{'chat_id': '-4119703192', 'document': <telegram._files.inputfile.InputFile object at 0x7f5333a85500>}`]
[2025-03-25 11:38:42,839]: [_trace.py]: atrace: 87:       DEBUG:    [send_request_headers.started request=<Request [b'POST']>]
[2025-03-25 11:38:42,840]: [_trace.py]: atrace: 87:       DEBUG:    [send_request_headers.complete]
[2025-03-25 11:38:42,840]: [_trace.py]: atrace: 87:       DEBUG:    [send_request_body.started request=<Request [b'POST']>]
[2025-03-25 11:38:42,840]: [_trace.py]: atrace: 87:       DEBUG:    [send_request_body.complete]
[2025-03-25 11:38:42,840]: [_trace.py]: atrace: 87:       DEBUG:    [receive_response_headers.started request=<Request [b'POST']>]
[2025-03-25 11:38:43,279]: [_trace.py]: atrace: 87:       DEBUG:    [receive_response_headers.complete return_value=(b'HTTP/1.1', 200, b'OK', [(b'Server', b'nginx/1.18.0'), (b'Date', b'Tue, 25 Mar 2025 11:38:43 GMT'), (b'Content-Type', b'application/json'), (b'Content-Length', b'464'), (b'Connection', b'keep-alive'), (b'Strict-Transport-Security', b'max-age=31536000; includeSubDomains; preload'), (b'Access-Control-Allow-Origin', b'*'), (b'Access-Control-Allow-Methods', b'GET, POST, OPTIONS'), (b'Access-Control-Expose-Headers', b'Content-Length,Content-Type,Date,Server,Connection')])]
[2025-03-25 11:38:43,280]: [_client.py]: _send_single_request: 1740:       INFO:    [HTTP Request: POST https://api.telegram.org/bot6030805959:AAGUHAMxLYc-PrevgKouJ3ZyM7ktu56ftjo/sendDocument "HTTP/1.1 200 OK"]
[2025-03-25 11:38:43,280]: [_trace.py]: atrace: 87:       DEBUG:    [receive_response_body.started request=<Request [b'POST']>]
[2025-03-25 11:38:43,280]: [_trace.py]: atrace: 87:       DEBUG:    [receive_response_body.complete]
[2025-03-25 11:38:43,280]: [_trace.py]: atrace: 87:       DEBUG:    [response_closed.started]
[2025-03-25 11:38:43,280]: [_trace.py]: atrace: 87:       DEBUG:    [response_closed.complete]
[2025-03-25 11:38:43,280]: [_bot.py]: _do_post: 652:       DEBUG:    [Call to Bot API endpoint `sendDocument` finished with return value `{'message_id': 2253, 'from': {'id': 6030805959, 'is_bot': True, 'first_name': 'TyPHoone', 'username': 'TyPHoone_Project_bot'}, 'chat': {'id': -4119703192, 'title': 'Robocop', 'type': 'group', 'all_members_are_administrators': True}, 'date': 1742902723, 'document': {'file_name': '(2025_03_25--11_38).log', 'mime_type': 'text/plain', 'file_id': 'BQACAgQAAxkDAAIIzWfilcPr24vkSYSuWf1wdXwzw5vSAALbFAACOWsYUwUJElem2EFtNgQ', 'file_unique_id': 'AgAD2xQAAjlrGFM', 'file_size': 5937}}`]
[2025-03-25 11:38:43,281]: [_trace.py]: atrace: 87:       DEBUG:    [close.started]
[2025-03-25 11:38:43,281]: [_trace.py]: atrace: 87:       DEBUG:    [close.complete]
[2025-03-25 11:38:43,327]: [_bot.py]: _do_post: 643:       DEBUG:    [Calling Bot API endpoint `getMe` with parameters `{}`]
[2025-03-25 11:38:43,327]: [_trace.py]: atrace: 87:       DEBUG:    [connect_tcp.started host='api.telegram.org' port=443 local_address=None timeout=5.0 socket_options=None]
[2025-03-25 11:38:43,478]: [_trace.py]: atrace: 87:       DEBUG:    [connect_tcp.complete return_value=<httpcore._backends.anyio.AnyIOStream object at 0x7f5333ab5820>]
[2025-03-25 11:38:43,478]: [_trace.py]: atrace: 87:       DEBUG:    [start_tls.started ssl_context=<ssl.SSLContext object at 0x7f533443f9d0> server_hostname='api.telegram.org' timeout=5.0]
[2025-03-25 11:38:43,629]: [_trace.py]: atrace: 87:       DEBUG:    [start_tls.complete return_value=<httpcore._backends.anyio.AnyIOStream object at 0x7f533d3fec60>]
[2025-03-25 11:38:43,630]: [_trace.py]: atrace: 87:       DEBUG:    [send_request_headers.started request=<Request [b'POST']>]
[2025-03-25 11:38:43,630]: [_trace.py]: atrace: 87:       DEBUG:    [send_request_headers.complete]
[2025-03-25 11:38:43,630]: [_trace.py]: atrace: 87:       DEBUG:    [send_request_body.started request=<Request [b'POST']>]
[2025-03-25 11:38:43,630]: [_trace.py]: atrace: 87:       DEBUG:    [send_request_body.complete]
[2025-03-25 11:38:43,630]: [_trace.py]: atrace: 87:       DEBUG:    [receive_response_headers.started request=<Request [b'POST']>]
[2025-03-25 11:38:43,798]: [_trace.py]: atrace: 87:       DEBUG:    [receive_response_headers.complete return_value=(b'HTTP/1.1', 200, b'OK', [(b'Server', b'nginx/1.18.0'), (b'Date', b'Tue, 25 Mar 2025 11:38:43 GMT'), (b'Content-Type', b'application/json'), (b'Content-Length', b'258'), (b'Connection', b'keep-alive'), (b'Strict-Transport-Security', b'max-age=31536000; includeSubDomains; preload'), (b'Access-Control-Allow-Origin', b'*'), (b'Access-Control-Allow-Methods', b'GET, POST, OPTIONS'), (b'Access-Control-Expose-Headers', b'Content-Length,Content-Type,Date,Server,Connection')])]
[2025-03-25 11:38:43,798]: [_client.py]: _send_single_request: 1740:       INFO:    [HTTP Request: POST https://api.telegram.org/bot6030805959:AAGUHAMxLYc-PrevgKouJ3ZyM7ktu56ftjo/getMe "HTTP/1.1 200 OK"]
[2025-03-25 11:38:43,798]: [_trace.py]: atrace: 87:       DEBUG:    [receive_response_body.started request=<Request [b'POST']>]
[2025-03-25 11:38:43,798]: [_trace.py]: atrace: 87:       DEBUG:    [receive_response_body.complete]
[2025-03-25 11:38:43,798]: [_trace.py]: atrace: 87:       DEBUG:    [response_closed.started]
[2025-03-25 11:38:43,799]: [_trace.py]: atrace: 87:       DEBUG:    [response_closed.complete]
[2025-03-25 11:38:43,799]: [_bot.py]: _do_post: 652:       DEBUG:    [Call to Bot API endpoint `getMe` finished with return value `{'id': 6030805959, 'is_bot': True, 'first_name': 'TyPHoone', 'username': 'TyPHoone_Project_bot', 'can_join_groups': True, 'can_read_all_group_messages': False, 'supports_inline_queries': False, 'can_connect_to_business': False, 'has_main_web_app': False}`]
[2025-03-25 11:38:43,802]: [_bot.py]: _do_post: 643:       DEBUG:    [Calling Bot API endpoint `sendDocument` with parameters `{'chat_id': '-4119703192', 'document': <telegram._files.inputfile.InputFile object at 0x7f533449e180>}`]
[2025-03-25 11:38:43,802]: [_trace.py]: atrace: 87:       DEBUG:    [send_request_headers.started request=<Request [b'POST']>]
[2025-03-25 11:38:43,802]: [_trace.py]: atrace: 87:       DEBUG:    [send_request_headers.complete]
[2025-03-25 11:38:43,802]: [_trace.py]: atrace: 87:       DEBUG:    [send_request_body.started request=<Request [b'POST']>]
[2025-03-25 11:38:45,199]: [_trace.py]: atrace: 87:       DEBUG:    [send_request_body.complete]
[2025-03-25 11:38:45,199]: [_trace.py]: atrace: 87:       DEBUG:    [receive_response_headers.started request=<Request [b'POST']>]
[2025-03-25 11:38:45,814]: [_trace.py]: atrace: 87:       DEBUG:    [receive_response_headers.complete return_value=(b'HTTP/1.1', 200, b'OK', [(b'Server', b'nginx/1.18.0'), (b'Date', b'Tue, 25 Mar 2025 11:38:45 GMT'), (b'Content-Type', b'application/json'), (b'Content-Length', b'480'), (b'Connection', b'keep-alive'), (b'Strict-Transport-Security', b'max-age=31536000; includeSubDomains; preload'), (b'Access-Control-Allow-Origin', b'*'), (b'Access-Control-Allow-Methods', b'GET, POST, OPTIONS'), (b'Access-Control-Expose-Headers', b'Content-Length,Content-Type,Date,Server,Connection')])]
[2025-03-25 11:38:45,814]: [_client.py]: _send_single_request: 1740:       INFO:    [HTTP Request: POST https://api.telegram.org/bot6030805959:AAGUHAMxLYc-PrevgKouJ3ZyM7ktu56ftjo/sendDocument "HTTP/1.1 200 OK"]
[2025-03-25 11:38:45,814]: [_trace.py]: atrace: 87:       DEBUG:    [receive_response_body.started request=<Request [b'POST']>]
[2025-03-25 11:38:45,814]: [_trace.py]: atrace: 87:       DEBUG:    [receive_response_body.complete]
[2025-03-25 11:38:45,814]: [_trace.py]: atrace: 87:       DEBUG:    [response_closed.started]
[2025-03-25 11:38:45,815]: [_trace.py]: atrace: 87:       DEBUG:    [response_closed.complete]
[2025-03-25 11:38:45,815]: [_bot.py]: _do_post: 652:       DEBUG:    [Call to Bot API endpoint `sendDocument` finished with return value `{'message_id': 2254, 'from': {'id': 6030805959, 'is_bot': True, 'first_name': 'TyPHoone', 'username': 'TyPHoone_Project_bot'}, 'chat': {'id': -4119703192, 'title': 'Robocop', 'type': 'group', 'all_members_are_administrators': True}, 'date': 1742902725, 'document': {'file_name': '(2025_03_25--11_38)output.zip', 'mime_type': 'application/zip', 'file_id': 'BQACAgQAAxkDAAIIzmfilcXH_bHrPbf7cP_I3mPlS6ksAALcFAACOWsYU2DRoUwAAbu9sTYE', 'file_unique_id': 'AgAD3BQAAjlrGFM', 'file_size': 10105363}}`]
[2025-03-25 11:38:45,815]: [_trace.py]: atrace: 87:       DEBUG:    [close.started]
[2025-03-25 11:38:45,815]: [_trace.py]: atrace: 87:       DEBUG:    [close.complete]
[2025-03-25 11:38:45,815]: [Telegram_Sender.py]: runner: 61:       INFO:    [sent successfully]
[2025-03-25 11:38:45,816]: [Main.py]: <module>: 48:       INFO:    [Finished]
