[2025-02-23 11:40:08,413]: [Main.py]: <module>: 21:       INFO:    [Started]
[2025-02-23 11:40:09,828]: [Iron_Scraper.py]: Scrap: 32:       INFO:    [Data Scaraped Successfully]
[2025-02-23 11:40:09,887]: [Iron_Scraper.py]: Scrap: 70:       INFO:    [Scrapped Data Has No Problem]
[2025-02-23 11:40:09,887]: [Iron_Scraper.py]: Scrap: 83:       INFO:    [Data Saved Successfully]
[2025-02-23 11:40:09,887]: [Iron.py]: Run: 26:       INFO:    [Scraping Phase Completed]
[2025-02-23 11:40:09,887]: [Iron_Data_Processor.py]: Data_Reader: 61:       INFO:    [Data File Has Been Red Successfully]
[2025-02-23 11:40:09,887]: [Iron_Data_Processor.py]: Shaper: 78:       INFO:    [Data Shaped]
[2025-02-23 11:40:09,887]: [Iron_Data_Processor.py]: Process: 228:       INFO:    [Data Cleaned]
[2025-02-23 11:40:09,887]: [Iron_Data_Processor.py]: Make_Pages_Objects: 101:       INFO:    [Page Objects Has Been Made]
[2025-02-23 11:40:09,887]: [Iron_Data_Processor.py]: Make_Pages_Objects: 101:       INFO:    [Page Objects Has Been Made]
[2025-02-23 11:40:09,887]: [Iron_Data_Processor.py]: Load_Data: 118:       INFO:    [Data Has Been Load]
[2025-02-23 11:40:09,888]: [Iron_Data_Processor.py]: Load_Data: 118:       INFO:    [Data Has Been Load]
[2025-02-23 11:40:09,888]: [Iron_Data_Processor.py]: Load_positions: 140:       INFO:    [Positions Are Ready]
[2025-02-23 11:40:09,888]: [Iron_Data_Processor.py]: Load_positions: 140:       INFO:    [Positions Are Ready]
[2025-02-23 11:40:10,951]: [Iron_Data_Processor.py]: Make_Tagged_Images: 193:       INFO:    [Images Has Been Made]
[2025-02-23 11:40:11,846]: [Iron_Data_Processor.py]: Make_Tagged_Images: 193:       INFO:    [Images Has Been Made]
[2025-02-23 11:40:12,101]: [Iron_Data_Processor.py]: Make_Cover_Page: 215:       INFO:    [Made Cover Pages]
[2025-02-23 11:40:12,101]: [Iron.py]: Run: 29:       INFO:    [Imagination Phase Completed]
[2025-02-23 11:40:15,614]: [Phone_Scraper.py]: Scrap: 58:       INFO:    [Data Scraped]
[2025-02-23 11:40:15,614]: [Phone_Scraper.py]: Scrap: 71:       INFO:    [Scraped Data Successfully]
[2025-02-23 11:40:15,614]: [Phone.py]: Run: 26:       INFO:    [Scraping Phase Complete]
[2025-02-23 11:40:15,615]: [Phone_Data_Processor.py]: data_reader: 38:       INFO:    [Scraped Data Loaded]
[2025-02-23 11:40:15,616]: [Phone_Data_Processor.py]: filter_list: 65:       INFO:    [Persian Phrases Are deleted]
[2025-02-23 11:40:15,616]: [Phone_Data_Processor.py]: reshape_list: 87:       INFO:    [Date Reshaped]
[2025-02-23 11:40:15,616]: [Phone_Data_Processor.py]: separate_brands: 124:       INFO:    [Brands Are Separated]
[2025-02-23 11:40:15,617]: [Phone_Data_Processor.py]: delete_extra_spaces: 141:       INFO:    [Extra Spaces Are Deleted]
[2025-02-23 11:40:16,346]: [Phone.py]: Run: 29:       INFO:    [Imagination Phase Complete]
[2025-02-23 11:40:16,346]: [selector_events.py]: __init__: 64:       DEBUG:    [Using selector: EpollSelector]
[2025-02-23 11:40:16,613]: [_bot.py]: _do_post: 643:       DEBUG:    [Calling Bot API endpoint `getMe` with parameters `{}`]
[2025-02-23 11:40:16,618]: [_trace.py]: atrace: 87:       DEBUG:    [connect_tcp.started host='api.telegram.org' port=443 local_address=None timeout=5.0 socket_options=None]
[2025-02-23 11:40:16,768]: [_trace.py]: atrace: 87:       DEBUG:    [connect_tcp.complete return_value=<httpcore._backends.anyio.AnyIOStream object at 0x7f718fedec30>]
[2025-02-23 11:40:16,768]: [_trace.py]: atrace: 87:       DEBUG:    [start_tls.started ssl_context=<ssl.SSLContext object at 0x7f71905374d0> server_hostname='api.telegram.org' timeout=5.0]
[2025-02-23 11:40:16,855]: [_trace.py]: atrace: 87:       DEBUG:    [start_tls.complete return_value=<httpcore._backends.anyio.AnyIOStream object at 0x7f71961c6f00>]
[2025-02-23 11:40:16,855]: [_trace.py]: atrace: 87:       DEBUG:    [send_request_headers.started request=<Request [b'POST']>]
[2025-02-23 11:40:16,855]: [_trace.py]: atrace: 87:       DEBUG:    [send_request_headers.complete]
[2025-02-23 11:40:16,855]: [_trace.py]: atrace: 87:       DEBUG:    [send_request_body.started request=<Request [b'POST']>]
[2025-02-23 11:40:16,855]: [_trace.py]: atrace: 87:       DEBUG:    [send_request_body.complete]
[2025-02-23 11:40:16,855]: [_trace.py]: atrace: 87:       DEBUG:    [receive_response_headers.started request=<Request [b'POST']>]
[2025-02-23 11:40:16,941]: [_trace.py]: atrace: 87:       DEBUG:    [receive_response_headers.complete return_value=(b'HTTP/1.1', 200, b'OK', [(b'Server', b'nginx/1.18.0'), (b'Date', b'Sun, 23 Feb 2025 11:40:16 GMT'), (b'Content-Type', b'application/json'), (b'Content-Length', b'258'), (b'Connection', b'keep-alive'), (b'Strict-Transport-Security', b'max-age=31536000; includeSubDomains; preload'), (b'Access-Control-Allow-Origin', b'*'), (b'Access-Control-Allow-Methods', b'GET, POST, OPTIONS'), (b'Access-Control-Expose-Headers', b'Content-Length,Content-Type,Date,Server,Connection')])]
[2025-02-23 11:40:16,941]: [_client.py]: _send_single_request: 1740:       INFO:    [HTTP Request: POST https://api.telegram.org/bot6030805959:AAGUHAMxLYc-PrevgKouJ3ZyM7ktu56ftjo/getMe "HTTP/1.1 200 OK"]
[2025-02-23 11:40:16,941]: [_trace.py]: atrace: 87:       DEBUG:    [receive_response_body.started request=<Request [b'POST']>]
[2025-02-23 11:40:16,941]: [_trace.py]: atrace: 87:       DEBUG:    [receive_response_body.complete]
[2025-02-23 11:40:16,941]: [_trace.py]: atrace: 87:       DEBUG:    [response_closed.started]
[2025-02-23 11:40:16,941]: [_trace.py]: atrace: 87:       DEBUG:    [response_closed.complete]
[2025-02-23 11:40:16,942]: [_bot.py]: _do_post: 652:       DEBUG:    [Call to Bot API endpoint `getMe` finished with return value `{'id': 6030805959, 'is_bot': True, 'first_name': 'TyPHoone', 'username': 'TyPHoone_Project_bot', 'can_join_groups': True, 'can_read_all_group_messages': False, 'supports_inline_queries': False, 'can_connect_to_business': False, 'has_main_web_app': False}`]
[2025-02-23 11:40:16,944]: [_bot.py]: _do_post: 643:       DEBUG:    [Calling Bot API endpoint `sendDocument` with parameters `{'chat_id': '-4119703192', 'document': <telegram._files.inputfile.InputFile object at 0x7f718fd10ec0>}`]
[2025-02-23 11:40:16,945]: [_trace.py]: atrace: 87:       DEBUG:    [send_request_headers.started request=<Request [b'POST']>]
[2025-02-23 11:40:16,945]: [_trace.py]: atrace: 87:       DEBUG:    [send_request_headers.complete]
[2025-02-23 11:40:16,945]: [_trace.py]: atrace: 87:       DEBUG:    [send_request_body.started request=<Request [b'POST']>]
[2025-02-23 11:40:16,946]: [_trace.py]: atrace: 87:       DEBUG:    [send_request_body.complete]
[2025-02-23 11:40:16,946]: [_trace.py]: atrace: 87:       DEBUG:    [receive_response_headers.started request=<Request [b'POST']>]
[2025-02-23 11:40:17,169]: [_trace.py]: atrace: 87:       DEBUG:    [receive_response_headers.complete return_value=(b'HTTP/1.1', 200, b'OK', [(b'Server', b'nginx/1.18.0'), (b'Date', b'Sun, 23 Feb 2025 11:40:17 GMT'), (b'Content-Type', b'application/json'), (b'Content-Length', b'464'), (b'Connection', b'keep-alive'), (b'Strict-Transport-Security', b'max-age=31536000; includeSubDomains; preload'), (b'Access-Control-Allow-Origin', b'*'), (b'Access-Control-Allow-Methods', b'GET, POST, OPTIONS'), (b'Access-Control-Expose-Headers', b'Content-Length,Content-Type,Date,Server,Connection')])]
[2025-02-23 11:40:17,170]: [_client.py]: _send_single_request: 1740:       INFO:    [HTTP Request: POST https://api.telegram.org/bot6030805959:AAGUHAMxLYc-PrevgKouJ3ZyM7ktu56ftjo/sendDocument "HTTP/1.1 200 OK"]
[2025-02-23 11:40:17,170]: [_trace.py]: atrace: 87:       DEBUG:    [receive_response_body.started request=<Request [b'POST']>]
[2025-02-23 11:40:17,170]: [_trace.py]: atrace: 87:       DEBUG:    [receive_response_body.complete]
[2025-02-23 11:40:17,170]: [_trace.py]: atrace: 87:       DEBUG:    [response_closed.started]
[2025-02-23 11:40:17,170]: [_trace.py]: atrace: 87:       DEBUG:    [response_closed.complete]
[2025-02-23 11:40:17,170]: [_bot.py]: _do_post: 652:       DEBUG:    [Call to Bot API endpoint `sendDocument` finished with return value `{'message_id': 2191, 'from': {'id': 6030805959, 'is_bot': True, 'first_name': 'TyPHoone', 'username': 'TyPHoone_Project_bot'}, 'chat': {'id': -4119703192, 'title': 'Robocop', 'type': 'group', 'all_members_are_administrators': True}, 'date': 1740310817, 'document': {'file_name': '(2025_02_23--11_40).log', 'mime_type': 'text/plain', 'file_id': 'BQACAgQAAxkDAAIIj2e7CSEsBU0iT5LmJhs-NYknIsUtAAJXFgAC-dbYUVgXtXQjNN4JNgQ', 'file_unique_id': 'AgADVxYAAvnW2FE', 'file_size': 5937}}`]
[2025-02-23 11:40:17,171]: [_trace.py]: atrace: 87:       DEBUG:    [close.started]
[2025-02-23 11:40:17,171]: [_trace.py]: atrace: 87:       DEBUG:    [close.complete]
[2025-02-23 11:40:17,215]: [_bot.py]: _do_post: 643:       DEBUG:    [Calling Bot API endpoint `getMe` with parameters `{}`]
[2025-02-23 11:40:17,216]: [_trace.py]: atrace: 87:       DEBUG:    [connect_tcp.started host='api.telegram.org' port=443 local_address=None timeout=5.0 socket_options=None]
[2025-02-23 11:40:17,301]: [_trace.py]: atrace: 87:       DEBUG:    [connect_tcp.complete return_value=<httpcore._backends.anyio.AnyIOStream object at 0x7f718fd5d070>]
[2025-02-23 11:40:17,301]: [_trace.py]: atrace: 87:       DEBUG:    [start_tls.started ssl_context=<ssl.SSLContext object at 0x7f71905372d0> server_hostname='api.telegram.org' timeout=5.0]
[2025-02-23 11:40:17,389]: [_trace.py]: atrace: 87:       DEBUG:    [start_tls.complete return_value=<httpcore._backends.anyio.AnyIOStream object at 0x7f7196168380>]
[2025-02-23 11:40:17,389]: [_trace.py]: atrace: 87:       DEBUG:    [send_request_headers.started request=<Request [b'POST']>]
[2025-02-23 11:40:17,389]: [_trace.py]: atrace: 87:       DEBUG:    [send_request_headers.complete]
[2025-02-23 11:40:17,389]: [_trace.py]: atrace: 87:       DEBUG:    [send_request_body.started request=<Request [b'POST']>]
[2025-02-23 11:40:17,389]: [_trace.py]: atrace: 87:       DEBUG:    [send_request_body.complete]
[2025-02-23 11:40:17,389]: [_trace.py]: atrace: 87:       DEBUG:    [receive_response_headers.started request=<Request [b'POST']>]
[2025-02-23 11:40:17,477]: [_trace.py]: atrace: 87:       DEBUG:    [receive_response_headers.complete return_value=(b'HTTP/1.1', 200, b'OK', [(b'Server', b'nginx/1.18.0'), (b'Date', b'Sun, 23 Feb 2025 11:40:17 GMT'), (b'Content-Type', b'application/json'), (b'Content-Length', b'258'), (b'Connection', b'keep-alive'), (b'Strict-Transport-Security', b'max-age=31536000; includeSubDomains; preload'), (b'Access-Control-Allow-Origin', b'*'), (b'Access-Control-Allow-Methods', b'GET, POST, OPTIONS'), (b'Access-Control-Expose-Headers', b'Content-Length,Content-Type,Date,Server,Connection')])]
[2025-02-23 11:40:17,477]: [_client.py]: _send_single_request: 1740:       INFO:    [HTTP Request: POST https://api.telegram.org/bot6030805959:AAGUHAMxLYc-PrevgKouJ3ZyM7ktu56ftjo/getMe "HTTP/1.1 200 OK"]
[2025-02-23 11:40:17,477]: [_trace.py]: atrace: 87:       DEBUG:    [receive_response_body.started request=<Request [b'POST']>]
[2025-02-23 11:40:17,477]: [_trace.py]: atrace: 87:       DEBUG:    [receive_response_body.complete]
[2025-02-23 11:40:17,477]: [_trace.py]: atrace: 87:       DEBUG:    [response_closed.started]
[2025-02-23 11:40:17,477]: [_trace.py]: atrace: 87:       DEBUG:    [response_closed.complete]
[2025-02-23 11:40:17,477]: [_bot.py]: _do_post: 652:       DEBUG:    [Call to Bot API endpoint `getMe` finished with return value `{'id': 6030805959, 'is_bot': True, 'first_name': 'TyPHoone', 'username': 'TyPHoone_Project_bot', 'can_join_groups': True, 'can_read_all_group_messages': False, 'supports_inline_queries': False, 'can_connect_to_business': False, 'has_main_web_app': False}`]
[2025-02-23 11:40:17,480]: [_bot.py]: _do_post: 643:       DEBUG:    [Calling Bot API endpoint `sendDocument` with parameters `{'chat_id': '-4119703192', 'document': <telegram._files.inputfile.InputFile object at 0x7f718fd57b00>}`]
[2025-02-23 11:40:17,480]: [_trace.py]: atrace: 87:       DEBUG:    [send_request_headers.started request=<Request [b'POST']>]
[2025-02-23 11:40:17,480]: [_trace.py]: atrace: 87:       DEBUG:    [send_request_headers.complete]
[2025-02-23 11:40:17,480]: [_trace.py]: atrace: 87:       DEBUG:    [send_request_body.started request=<Request [b'POST']>]
[2025-02-23 11:40:18,320]: [_trace.py]: atrace: 87:       DEBUG:    [send_request_body.complete]
[2025-02-23 11:40:18,321]: [_trace.py]: atrace: 87:       DEBUG:    [receive_response_headers.started request=<Request [b'POST']>]
[2025-02-23 11:40:19,088]: [_trace.py]: atrace: 87:       DEBUG:    [receive_response_headers.complete return_value=(b'HTTP/1.1', 200, b'OK', [(b'Server', b'nginx/1.18.0'), (b'Date', b'Sun, 23 Feb 2025 11:40:19 GMT'), (b'Content-Type', b'application/json'), (b'Content-Length', b'478'), (b'Connection', b'keep-alive'), (b'Strict-Transport-Security', b'max-age=31536000; includeSubDomains; preload'), (b'Access-Control-Allow-Origin', b'*'), (b'Access-Control-Allow-Methods', b'GET, POST, OPTIONS'), (b'Access-Control-Expose-Headers', b'Content-Length,Content-Type,Date,Server,Connection')])]
[2025-02-23 11:40:19,088]: [_client.py]: _send_single_request: 1740:       INFO:    [HTTP Request: POST https://api.telegram.org/bot6030805959:AAGUHAMxLYc-PrevgKouJ3ZyM7ktu56ftjo/sendDocument "HTTP/1.1 200 OK"]
[2025-02-23 11:40:19,088]: [_trace.py]: atrace: 87:       DEBUG:    [receive_response_body.started request=<Request [b'POST']>]
[2025-02-23 11:40:19,088]: [_trace.py]: atrace: 87:       DEBUG:    [receive_response_body.complete]
[2025-02-23 11:40:19,088]: [_trace.py]: atrace: 87:       DEBUG:    [response_closed.started]
[2025-02-23 11:40:19,088]: [_trace.py]: atrace: 87:       DEBUG:    [response_closed.complete]
[2025-02-23 11:40:19,089]: [_bot.py]: _do_post: 652:       DEBUG:    [Call to Bot API endpoint `sendDocument` finished with return value `{'message_id': 2192, 'from': {'id': 6030805959, 'is_bot': True, 'first_name': 'TyPHoone', 'username': 'TyPHoone_Project_bot'}, 'chat': {'id': -4119703192, 'title': 'Robocop', 'type': 'group', 'all_members_are_administrators': True}, 'date': 1740310819, 'document': {'file_name': '(2025_02_23--11_40)output.zip', 'mime_type': 'application/zip', 'file_id': 'BQACAgQAAxkDAAIIkGe7CSKljSYEzR-v1Z7TujOZVni3AAJYFgAC-dbYUcxYSy1bIatINgQ', 'file_unique_id': 'AgADWBYAAvnW2FE', 'file_size': 9779985}}`]
[2025-02-23 11:40:19,089]: [_trace.py]: atrace: 87:       DEBUG:    [close.started]
[2025-02-23 11:40:19,089]: [_trace.py]: atrace: 87:       DEBUG:    [close.complete]
[2025-02-23 11:40:19,089]: [Telegram_Sender.py]: runner: 61:       INFO:    [sent successfully]
[2025-02-23 11:40:19,090]: [Main.py]: <module>: 48:       INFO:    [Finished]
