[2026-01-14 11:46:27,346]: [Main.py]: <module>: 21:       INFO:    [Started]
[2026-01-14 11:46:37,385]: [Iron_Scraper.py]: Scrap: 30:       CRITICAL:    [Scrapping Faild]
[2026-01-14 11:46:37,385]: [Iron_Scraper.py]: Scrap: 68:       CRITICAL:    [Something Went Wrong About Scraped Data]
[2026-01-14 11:46:37,386]: [Iron_Scraper.py]: Scrap: 81:       CRITICAL:    [Saving Data Failed]
[2026-01-14 11:46:37,386]: [Iron.py]: Run: 26:       INFO:    [Scraping Phase Completed]
[2026-01-14 11:46:37,386]: [Iron_Data_Processor.py]: Data_Reader: 61:       INFO:    [Data File Has Been Red Successfully]
[2026-01-14 11:46:37,386]: [Iron_Data_Processor.py]: Shaper: 78:       INFO:    [Data Shaped]
[2026-01-14 11:46:37,386]: [Iron_Data_Processor.py]: Process: 228:       INFO:    [Data Cleaned]
[2026-01-14 11:46:37,386]: [Iron_Data_Processor.py]: Make_Pages_Objects: 101:       INFO:    [Page Objects Has Been Made]
[2026-01-14 11:46:37,386]: [Iron_Data_Processor.py]: Make_Pages_Objects: 101:       INFO:    [Page Objects Has Been Made]
[2026-01-14 11:46:37,386]: [Iron_Data_Processor.py]: Load_Data: 118:       INFO:    [Data Has Been Load]
[2026-01-14 11:46:37,386]: [Iron_Data_Processor.py]: Load_Data: 118:       INFO:    [Data Has Been Load]
[2026-01-14 11:46:37,387]: [Iron_Data_Processor.py]: Load_positions: 140:       INFO:    [Positions Are Ready]
[2026-01-14 11:46:37,387]: [Iron_Data_Processor.py]: Load_positions: 140:       INFO:    [Positions Are Ready]
[2026-01-14 11:46:38,415]: [Iron_Data_Processor.py]: Make_Tagged_Images: 193:       INFO:    [Images Has Been Made]
[2026-01-14 11:46:39,252]: [Iron_Data_Processor.py]: Make_Tagged_Images: 193:       INFO:    [Images Has Been Made]
[2026-01-14 11:46:39,485]: [Iron_Data_Processor.py]: Make_Cover_Page: 215:       INFO:    [Made Cover Pages]
[2026-01-14 11:46:39,485]: [Iron.py]: Run: 29:       INFO:    [Imagination Phase Completed]
[2026-01-14 11:48:54,874]: [Phone_Scraper.py]: Scrap: 56:       CRITICAL:    [Couldent Scrap Data]
[2026-01-14 11:48:54,875]: [Phone_Scraper.py]: Scrap: 69:       CRITICAL:    [Couldent Save Scraped Data]
[2026-01-14 11:48:54,875]: [Phone.py]: Run: 26:       INFO:    [Scraping Phase Complete]
[2026-01-14 11:48:54,875]: [Phone_Data_Processor.py]: data_reader: 38:       INFO:    [Scraped Data Loaded]
[2026-01-14 11:48:54,875]: [Phone_Data_Processor.py]: filter_list: 65:       INFO:    [Persian Phrases Are deleted]
[2026-01-14 11:48:54,875]: [Phone_Data_Processor.py]: reshape_list: 85:       ERROR:    [Failed To Reshape Data]
[2026-01-14 11:48:54,875]: [Phone_Data_Processor.py]: separate_brands: 122:       CRITICAL:    [Couldnt Separate Brands From Each Other]
[2026-01-14 11:48:54,875]: [Phone_Data_Processor.py]: delete_extra_spaces: 141:       INFO:    [Extra Spaces Are Deleted]
[2026-01-14 11:48:54,875]: [Phone.py]: Run: 29:       INFO:    [Imagination Phase Complete]
[2026-01-14 11:48:54,875]: [selector_events.py]: __init__: 64:       DEBUG:    [Using selector: EpollSelector]
[2026-01-14 11:48:55,096]: [_bot.py]: _do_post: 643:       DEBUG:    [Calling Bot API endpoint `getMe` with parameters `{}`]
[2026-01-14 11:48:55,101]: [_trace.py]: atrace: 87:       DEBUG:    [connect_tcp.started host='api.telegram.org' port=443 local_address=None timeout=5.0 socket_options=None]
[2026-01-14 11:48:55,447]: [_trace.py]: atrace: 87:       DEBUG:    [connect_tcp.complete return_value=<httpcore._backends.anyio.AnyIOStream object at 0x7f244ef66840>]
[2026-01-14 11:48:55,447]: [_trace.py]: atrace: 87:       DEBUG:    [start_tls.started ssl_context=<ssl.SSLContext object at 0x7f244eab5cd0> server_hostname='api.telegram.org' timeout=5.0]
[2026-01-14 11:48:55,589]: [_trace.py]: atrace: 87:       DEBUG:    [start_tls.complete return_value=<httpcore._backends.anyio.AnyIOStream object at 0x7f244e91eae0>]
[2026-01-14 11:48:55,589]: [_trace.py]: atrace: 87:       DEBUG:    [send_request_headers.started request=<Request [b'POST']>]
[2026-01-14 11:48:55,590]: [_trace.py]: atrace: 87:       DEBUG:    [send_request_headers.complete]
[2026-01-14 11:48:55,590]: [_trace.py]: atrace: 87:       DEBUG:    [send_request_body.started request=<Request [b'POST']>]
[2026-01-14 11:48:55,590]: [_trace.py]: atrace: 87:       DEBUG:    [send_request_body.complete]
[2026-01-14 11:48:55,590]: [_trace.py]: atrace: 87:       DEBUG:    [receive_response_headers.started request=<Request [b'POST']>]
[2026-01-14 11:48:55,730]: [_trace.py]: atrace: 87:       DEBUG:    [receive_response_headers.complete return_value=(b'HTTP/1.1', 200, b'OK', [(b'Server', b'nginx/1.18.0'), (b'Date', b'Wed, 14 Jan 2026 11:48:55 GMT'), (b'Content-Type', b'application/json'), (b'Content-Length', b'285'), (b'Connection', b'keep-alive'), (b'Strict-Transport-Security', b'max-age=31536000; includeSubDomains; preload'), (b'Access-Control-Allow-Origin', b'*'), (b'Access-Control-Allow-Methods', b'GET, POST, OPTIONS'), (b'Access-Control-Expose-Headers', b'Content-Length,Content-Type,Date,Server,Connection')])]
[2026-01-14 11:48:55,731]: [_client.py]: _send_single_request: 1740:       INFO:    [HTTP Request: POST https://api.telegram.org/bot6030805959:AAGUHAMxLYc-PrevgKouJ3ZyM7ktu56ftjo/getMe "HTTP/1.1 200 OK"]
[2026-01-14 11:48:55,731]: [_trace.py]: atrace: 87:       DEBUG:    [receive_response_body.started request=<Request [b'POST']>]
[2026-01-14 11:48:55,731]: [_trace.py]: atrace: 87:       DEBUG:    [receive_response_body.complete]
[2026-01-14 11:48:55,731]: [_trace.py]: atrace: 87:       DEBUG:    [response_closed.started]
[2026-01-14 11:48:55,731]: [_trace.py]: atrace: 87:       DEBUG:    [response_closed.complete]
[2026-01-14 11:48:55,732]: [_bot.py]: _do_post: 652:       DEBUG:    [Call to Bot API endpoint `getMe` finished with return value `{'id': 6030805959, 'is_bot': True, 'first_name': 'TyPHoone', 'username': 'TyPHoone_Project_bot', 'can_join_groups': True, 'can_read_all_group_messages': False, 'supports_inline_queries': False, 'can_connect_to_business': False, 'has_main_web_app': False, 'has_topics_enabled': False}`]
[2026-01-14 11:48:55,735]: [_bot.py]: _do_post: 643:       DEBUG:    [Calling Bot API endpoint `sendDocument` with parameters `{'chat_id': '-4119703192', 'document': <telegram._files.inputfile.InputFile object at 0x7f244e9c9580>}`]
[2026-01-14 11:48:55,735]: [_trace.py]: atrace: 87:       DEBUG:    [send_request_headers.started request=<Request [b'POST']>]
[2026-01-14 11:48:55,735]: [_trace.py]: atrace: 87:       DEBUG:    [send_request_headers.complete]
[2026-01-14 11:48:55,736]: [_trace.py]: atrace: 87:       DEBUG:    [send_request_body.started request=<Request [b'POST']>]
[2026-01-14 11:48:55,736]: [_trace.py]: atrace: 87:       DEBUG:    [send_request_body.complete]
[2026-01-14 11:48:55,736]: [_trace.py]: atrace: 87:       DEBUG:    [receive_response_headers.started request=<Request [b'POST']>]
[2026-01-14 11:48:56,056]: [_trace.py]: atrace: 87:       DEBUG:    [receive_response_headers.complete return_value=(b'HTTP/1.1', 200, b'OK', [(b'Server', b'nginx/1.18.0'), (b'Date', b'Wed, 14 Jan 2026 11:48:55 GMT'), (b'Content-Type', b'application/json'), (b'Content-Length', b'612'), (b'Connection', b'keep-alive'), (b'Strict-Transport-Security', b'max-age=31536000; includeSubDomains; preload'), (b'Access-Control-Allow-Origin', b'*'), (b'Access-Control-Allow-Methods', b'GET, POST, OPTIONS'), (b'Access-Control-Expose-Headers', b'Content-Length,Content-Type,Date,Server,Connection')])]
[2026-01-14 11:48:56,057]: [_client.py]: _send_single_request: 1740:       INFO:    [HTTP Request: POST https://api.telegram.org/bot6030805959:AAGUHAMxLYc-PrevgKouJ3ZyM7ktu56ftjo/sendDocument "HTTP/1.1 200 OK"]
[2026-01-14 11:48:56,057]: [_trace.py]: atrace: 87:       DEBUG:    [receive_response_body.started request=<Request [b'POST']>]
[2026-01-14 11:48:56,057]: [_trace.py]: atrace: 87:       DEBUG:    [receive_response_body.complete]
[2026-01-14 11:48:56,057]: [_trace.py]: atrace: 87:       DEBUG:    [response_closed.started]
[2026-01-14 11:48:56,057]: [_trace.py]: atrace: 87:       DEBUG:    [response_closed.complete]
[2026-01-14 11:48:56,057]: [_bot.py]: _do_post: 652:       DEBUG:    [Call to Bot API endpoint `sendDocument` finished with return value `{'message_id': 2859, 'from': {'id': 6030805959, 'is_bot': True, 'first_name': 'TyPHoone', 'username': 'TyPHoone_Project_bot'}, 'chat': {'id': -4119703192, 'title': 'Robocop', 'type': 'group', 'all_members_are_administrators': True, 'accepted_gift_types': {'unlimited_gifts': False, 'limited_gifts': False, 'unique_gifts': False, 'premium_subscription': False, 'gifts_from_channels': False}}, 'date': 1768391335, 'document': {'file_name': '(2026_01_14--11_46).log', 'mime_type': 'text/plain', 'file_id': 'BQACAgQAAxkDAAILK2lngqe-IaTn1TNeyW3mCchP8lniAAKsGQACGjc5U4c3HBCxJhw9OAQ', 'file_unique_id': 'AgADrBkAAho3OVM', 'file_size': 6022}}`]
[2026-01-14 11:48:56,058]: [_trace.py]: atrace: 87:       DEBUG:    [close.started]
[2026-01-14 11:48:56,058]: [_trace.py]: atrace: 87:       DEBUG:    [close.complete]
[2026-01-14 11:48:56,100]: [_bot.py]: _do_post: 643:       DEBUG:    [Calling Bot API endpoint `getMe` with parameters `{}`]
[2026-01-14 11:48:56,101]: [_trace.py]: atrace: 87:       DEBUG:    [connect_tcp.started host='api.telegram.org' port=443 local_address=None timeout=5.0 socket_options=None]
[2026-01-14 11:48:56,238]: [_trace.py]: atrace: 87:       DEBUG:    [connect_tcp.complete return_value=<httpcore._backends.anyio.AnyIOStream object at 0x7f244ea0cc50>]
[2026-01-14 11:48:56,238]: [_trace.py]: atrace: 87:       DEBUG:    [start_tls.started ssl_context=<ssl.SSLContext object at 0x7f244eab5bd0> server_hostname='api.telegram.org' timeout=5.0]
[2026-01-14 11:48:56,377]: [_trace.py]: atrace: 87:       DEBUG:    [start_tls.complete return_value=<httpcore._backends.anyio.AnyIOStream object at 0x7f244eaeaab0>]
[2026-01-14 11:48:56,377]: [_trace.py]: atrace: 87:       DEBUG:    [send_request_headers.started request=<Request [b'POST']>]
[2026-01-14 11:48:56,378]: [_trace.py]: atrace: 87:       DEBUG:    [send_request_headers.complete]
[2026-01-14 11:48:56,378]: [_trace.py]: atrace: 87:       DEBUG:    [send_request_body.started request=<Request [b'POST']>]
[2026-01-14 11:48:56,378]: [_trace.py]: atrace: 87:       DEBUG:    [send_request_body.complete]
[2026-01-14 11:48:56,378]: [_trace.py]: atrace: 87:       DEBUG:    [receive_response_headers.started request=<Request [b'POST']>]
[2026-01-14 11:48:56,516]: [_trace.py]: atrace: 87:       DEBUG:    [receive_response_headers.complete return_value=(b'HTTP/1.1', 200, b'OK', [(b'Server', b'nginx/1.18.0'), (b'Date', b'Wed, 14 Jan 2026 11:48:56 GMT'), (b'Content-Type', b'application/json'), (b'Content-Length', b'285'), (b'Connection', b'keep-alive'), (b'Strict-Transport-Security', b'max-age=31536000; includeSubDomains; preload'), (b'Access-Control-Allow-Origin', b'*'), (b'Access-Control-Allow-Methods', b'GET, POST, OPTIONS'), (b'Access-Control-Expose-Headers', b'Content-Length,Content-Type,Date,Server,Connection')])]
[2026-01-14 11:48:56,517]: [_client.py]: _send_single_request: 1740:       INFO:    [HTTP Request: POST https://api.telegram.org/bot6030805959:AAGUHAMxLYc-PrevgKouJ3ZyM7ktu56ftjo/getMe "HTTP/1.1 200 OK"]
[2026-01-14 11:48:56,517]: [_trace.py]: atrace: 87:       DEBUG:    [receive_response_body.started request=<Request [b'POST']>]
[2026-01-14 11:48:56,517]: [_trace.py]: atrace: 87:       DEBUG:    [receive_response_body.complete]
[2026-01-14 11:48:56,517]: [_trace.py]: atrace: 87:       DEBUG:    [response_closed.started]
[2026-01-14 11:48:56,517]: [_trace.py]: atrace: 87:       DEBUG:    [response_closed.complete]
[2026-01-14 11:48:56,517]: [_bot.py]: _do_post: 652:       DEBUG:    [Call to Bot API endpoint `getMe` finished with return value `{'id': 6030805959, 'is_bot': True, 'first_name': 'TyPHoone', 'username': 'TyPHoone_Project_bot', 'can_join_groups': True, 'can_read_all_group_messages': False, 'supports_inline_queries': False, 'can_connect_to_business': False, 'has_main_web_app': False, 'has_topics_enabled': False}`]
[2026-01-14 11:48:56,522]: [_bot.py]: _do_post: 643:       DEBUG:    [Calling Bot API endpoint `sendDocument` with parameters `{'chat_id': '-4119703192', 'document': <telegram._files.inputfile.InputFile object at 0x7f244eae4b80>}`]
[2026-01-14 11:48:56,522]: [_trace.py]: atrace: 87:       DEBUG:    [send_request_headers.started request=<Request [b'POST']>]
[2026-01-14 11:48:56,523]: [_trace.py]: atrace: 87:       DEBUG:    [send_request_headers.complete]
[2026-01-14 11:48:56,523]: [_trace.py]: atrace: 87:       DEBUG:    [send_request_body.started request=<Request [b'POST']>]
[2026-01-14 11:48:57,741]: [_trace.py]: atrace: 87:       DEBUG:    [send_request_body.complete]
[2026-01-14 11:48:57,741]: [_trace.py]: atrace: 87:       DEBUG:    [receive_response_headers.started request=<Request [b'POST']>]
[2026-01-14 11:48:58,313]: [_trace.py]: atrace: 87:       DEBUG:    [receive_response_headers.complete return_value=(b'HTTP/1.1', 200, b'OK', [(b'Server', b'nginx/1.18.0'), (b'Date', b'Wed, 14 Jan 2026 11:48:58 GMT'), (b'Content-Type', b'application/json'), (b'Content-Length', b'626'), (b'Connection', b'keep-alive'), (b'Strict-Transport-Security', b'max-age=31536000; includeSubDomains; preload'), (b'Access-Control-Allow-Origin', b'*'), (b'Access-Control-Allow-Methods', b'GET, POST, OPTIONS'), (b'Access-Control-Expose-Headers', b'Content-Length,Content-Type,Date,Server,Connection')])]
[2026-01-14 11:48:58,313]: [_client.py]: _send_single_request: 1740:       INFO:    [HTTP Request: POST https://api.telegram.org/bot6030805959:AAGUHAMxLYc-PrevgKouJ3ZyM7ktu56ftjo/sendDocument "HTTP/1.1 200 OK"]
[2026-01-14 11:48:58,313]: [_trace.py]: atrace: 87:       DEBUG:    [receive_response_body.started request=<Request [b'POST']>]
[2026-01-14 11:48:58,314]: [_trace.py]: atrace: 87:       DEBUG:    [receive_response_body.complete]
[2026-01-14 11:48:58,314]: [_trace.py]: atrace: 87:       DEBUG:    [response_closed.started]
[2026-01-14 11:48:58,314]: [_trace.py]: atrace: 87:       DEBUG:    [response_closed.complete]
[2026-01-14 11:48:58,314]: [_bot.py]: _do_post: 652:       DEBUG:    [Call to Bot API endpoint `sendDocument` finished with return value `{'message_id': 2860, 'from': {'id': 6030805959, 'is_bot': True, 'first_name': 'TyPHoone', 'username': 'TyPHoone_Project_bot'}, 'chat': {'id': -4119703192, 'title': 'Robocop', 'type': 'group', 'all_members_are_administrators': True, 'accepted_gift_types': {'unlimited_gifts': False, 'limited_gifts': False, 'unique_gifts': False, 'premium_subscription': False, 'gifts_from_channels': False}}, 'date': 1768391338, 'document': {'file_name': '(2026_01_14--11_46)output.zip', 'mime_type': 'application/zip', 'file_id': 'BQACAgQAAxkDAAILLGlngqrlyMKjBNEhzfTrn1fsrDZ2AAKtGQACGjc5U8eCSz0rbo-JOAQ', 'file_unique_id': 'AgADrRkAAho3OVM', 'file_size': 7851300}}`]
[2026-01-14 11:48:58,315]: [_trace.py]: atrace: 87:       DEBUG:    [close.started]
[2026-01-14 11:48:58,315]: [_trace.py]: atrace: 87:       DEBUG:    [close.complete]
[2026-01-14 11:48:58,315]: [Telegram_Sender.py]: runner: 61:       INFO:    [sent successfully]
[2026-01-14 11:48:58,316]: [Main.py]: <module>: 48:       INFO:    [Finished]
