[2025-02-22 11:38:16,278]: [Main.py]: <module>: 21:       INFO:    [Started]
[2025-02-22 11:38:17,651]: [Iron_Scraper.py]: Scrap: 32:       INFO:    [Data Scaraped Successfully]
[2025-02-22 11:38:17,708]: [Iron_Scraper.py]: Scrap: 70:       INFO:    [Scrapped Data Has No Problem]
[2025-02-22 11:38:17,708]: [Iron_Scraper.py]: Scrap: 83:       INFO:    [Data Saved Successfully]
[2025-02-22 11:38:17,708]: [Iron.py]: Run: 26:       INFO:    [Scraping Phase Completed]
[2025-02-22 11:38:17,708]: [Iron_Data_Processor.py]: Data_Reader: 61:       INFO:    [Data File Has Been Red Successfully]
[2025-02-22 11:38:17,708]: [Iron_Data_Processor.py]: Shaper: 78:       INFO:    [Data Shaped]
[2025-02-22 11:38:17,708]: [Iron_Data_Processor.py]: Process: 228:       INFO:    [Data Cleaned]
[2025-02-22 11:38:17,708]: [Iron_Data_Processor.py]: Make_Pages_Objects: 101:       INFO:    [Page Objects Has Been Made]
[2025-02-22 11:38:17,708]: [Iron_Data_Processor.py]: Make_Pages_Objects: 101:       INFO:    [Page Objects Has Been Made]
[2025-02-22 11:38:17,708]: [Iron_Data_Processor.py]: Load_Data: 118:       INFO:    [Data Has Been Load]
[2025-02-22 11:38:17,708]: [Iron_Data_Processor.py]: Load_Data: 118:       INFO:    [Data Has Been Load]
[2025-02-22 11:38:17,708]: [Iron_Data_Processor.py]: Load_positions: 140:       INFO:    [Positions Are Ready]
[2025-02-22 11:38:17,709]: [Iron_Data_Processor.py]: Load_positions: 140:       INFO:    [Positions Are Ready]
[2025-02-22 11:38:18,772]: [Iron_Data_Processor.py]: Make_Tagged_Images: 193:       INFO:    [Images Has Been Made]
[2025-02-22 11:38:19,666]: [Iron_Data_Processor.py]: Make_Tagged_Images: 193:       INFO:    [Images Has Been Made]
[2025-02-22 11:38:19,920]: [Iron_Data_Processor.py]: Make_Cover_Page: 215:       INFO:    [Made Cover Pages]
[2025-02-22 11:38:19,920]: [Iron.py]: Run: 29:       INFO:    [Imagination Phase Completed]
[2025-02-22 11:38:23,301]: [Phone_Scraper.py]: Scrap: 58:       INFO:    [Data Scraped]
[2025-02-22 11:38:23,301]: [Phone_Scraper.py]: Scrap: 71:       INFO:    [Scraped Data Successfully]
[2025-02-22 11:38:23,301]: [Phone.py]: Run: 26:       INFO:    [Scraping Phase Complete]
[2025-02-22 11:38:23,301]: [Phone_Data_Processor.py]: data_reader: 38:       INFO:    [Scraped Data Loaded]
[2025-02-22 11:38:23,302]: [Phone_Data_Processor.py]: filter_list: 65:       INFO:    [Persian Phrases Are deleted]
[2025-02-22 11:38:23,303]: [Phone_Data_Processor.py]: reshape_list: 87:       INFO:    [Date Reshaped]
[2025-02-22 11:38:23,303]: [Phone_Data_Processor.py]: separate_brands: 124:       INFO:    [Brands Are Separated]
[2025-02-22 11:38:23,303]: [Phone_Data_Processor.py]: delete_extra_spaces: 141:       INFO:    [Extra Spaces Are Deleted]
[2025-02-22 11:38:24,032]: [Phone.py]: Run: 29:       INFO:    [Imagination Phase Complete]
[2025-02-22 11:38:24,032]: [selector_events.py]: __init__: 64:       DEBUG:    [Using selector: EpollSelector]
[2025-02-22 11:38:24,299]: [_bot.py]: _do_post: 643:       DEBUG:    [Calling Bot API endpoint `getMe` with parameters `{}`]
[2025-02-22 11:38:24,303]: [_trace.py]: atrace: 87:       DEBUG:    [connect_tcp.started host='api.telegram.org' port=443 local_address=None timeout=5.0 socket_options=None]
[2025-02-22 11:38:24,449]: [_trace.py]: atrace: 87:       DEBUG:    [connect_tcp.complete return_value=<httpcore._backends.anyio.AnyIOStream object at 0x7f5560edb470>]
[2025-02-22 11:38:24,449]: [_trace.py]: atrace: 87:       DEBUG:    [start_tls.started ssl_context=<ssl.SSLContext object at 0x7f55605374d0> server_hostname='api.telegram.org' timeout=5.0]
[2025-02-22 11:38:24,540]: [_trace.py]: atrace: 87:       DEBUG:    [start_tls.complete return_value=<httpcore._backends.anyio.AnyIOStream object at 0x7f555fef8050>]
[2025-02-22 11:38:24,541]: [_trace.py]: atrace: 87:       DEBUG:    [send_request_headers.started request=<Request [b'POST']>]
[2025-02-22 11:38:24,541]: [_trace.py]: atrace: 87:       DEBUG:    [send_request_headers.complete]
[2025-02-22 11:38:24,541]: [_trace.py]: atrace: 87:       DEBUG:    [send_request_body.started request=<Request [b'POST']>]
[2025-02-22 11:38:24,541]: [_trace.py]: atrace: 87:       DEBUG:    [send_request_body.complete]
[2025-02-22 11:38:24,541]: [_trace.py]: atrace: 87:       DEBUG:    [receive_response_headers.started request=<Request [b'POST']>]
[2025-02-22 11:38:24,641]: [_trace.py]: atrace: 87:       DEBUG:    [receive_response_headers.complete return_value=(b'HTTP/1.1', 200, b'OK', [(b'Server', b'nginx/1.18.0'), (b'Date', b'Sat, 22 Feb 2025 11:38:24 GMT'), (b'Content-Type', b'application/json'), (b'Content-Length', b'258'), (b'Connection', b'keep-alive'), (b'Strict-Transport-Security', b'max-age=31536000; includeSubDomains; preload'), (b'Access-Control-Allow-Origin', b'*'), (b'Access-Control-Allow-Methods', b'GET, POST, OPTIONS'), (b'Access-Control-Expose-Headers', b'Content-Length,Content-Type,Date,Server,Connection')])]
[2025-02-22 11:38:24,641]: [_client.py]: _send_single_request: 1740:       INFO:    [HTTP Request: POST https://api.telegram.org/bot6030805959:AAGUHAMxLYc-PrevgKouJ3ZyM7ktu56ftjo/getMe "HTTP/1.1 200 OK"]
[2025-02-22 11:38:24,641]: [_trace.py]: atrace: 87:       DEBUG:    [receive_response_body.started request=<Request [b'POST']>]
[2025-02-22 11:38:24,641]: [_trace.py]: atrace: 87:       DEBUG:    [receive_response_body.complete]
[2025-02-22 11:38:24,641]: [_trace.py]: atrace: 87:       DEBUG:    [response_closed.started]
[2025-02-22 11:38:24,642]: [_trace.py]: atrace: 87:       DEBUG:    [response_closed.complete]
[2025-02-22 11:38:24,642]: [_bot.py]: _do_post: 652:       DEBUG:    [Call to Bot API endpoint `getMe` finished with return value `{'id': 6030805959, 'is_bot': True, 'first_name': 'TyPHoone', 'username': 'TyPHoone_Project_bot', 'can_join_groups': True, 'can_read_all_group_messages': False, 'supports_inline_queries': False, 'can_connect_to_business': False, 'has_main_web_app': False}`]
[2025-02-22 11:38:24,645]: [_bot.py]: _do_post: 643:       DEBUG:    [Calling Bot API endpoint `sendDocument` with parameters `{'chat_id': '-4119703192', 'document': <telegram._files.inputfile.InputFile object at 0x7f555fd31e80>}`]
[2025-02-22 11:38:24,645]: [_trace.py]: atrace: 87:       DEBUG:    [send_request_headers.started request=<Request [b'POST']>]
[2025-02-22 11:38:24,645]: [_trace.py]: atrace: 87:       DEBUG:    [send_request_headers.complete]
[2025-02-22 11:38:24,645]: [_trace.py]: atrace: 87:       DEBUG:    [send_request_body.started request=<Request [b'POST']>]
[2025-02-22 11:38:24,646]: [_trace.py]: atrace: 87:       DEBUG:    [send_request_body.complete]
[2025-02-22 11:38:24,646]: [_trace.py]: atrace: 87:       DEBUG:    [receive_response_headers.started request=<Request [b'POST']>]
[2025-02-22 11:38:24,884]: [_trace.py]: atrace: 87:       DEBUG:    [receive_response_headers.complete return_value=(b'HTTP/1.1', 200, b'OK', [(b'Server', b'nginx/1.18.0'), (b'Date', b'Sat, 22 Feb 2025 11:38:24 GMT'), (b'Content-Type', b'application/json'), (b'Content-Length', b'464'), (b'Connection', b'keep-alive'), (b'Strict-Transport-Security', b'max-age=31536000; includeSubDomains; preload'), (b'Access-Control-Allow-Origin', b'*'), (b'Access-Control-Allow-Methods', b'GET, POST, OPTIONS'), (b'Access-Control-Expose-Headers', b'Content-Length,Content-Type,Date,Server,Connection')])]
[2025-02-22 11:38:24,885]: [_client.py]: _send_single_request: 1740:       INFO:    [HTTP Request: POST https://api.telegram.org/bot6030805959:AAGUHAMxLYc-PrevgKouJ3ZyM7ktu56ftjo/sendDocument "HTTP/1.1 200 OK"]
[2025-02-22 11:38:24,885]: [_trace.py]: atrace: 87:       DEBUG:    [receive_response_body.started request=<Request [b'POST']>]
[2025-02-22 11:38:24,885]: [_trace.py]: atrace: 87:       DEBUG:    [receive_response_body.complete]
[2025-02-22 11:38:24,885]: [_trace.py]: atrace: 87:       DEBUG:    [response_closed.started]
[2025-02-22 11:38:24,885]: [_trace.py]: atrace: 87:       DEBUG:    [response_closed.complete]
[2025-02-22 11:38:24,885]: [_bot.py]: _do_post: 652:       DEBUG:    [Call to Bot API endpoint `sendDocument` finished with return value `{'message_id': 2189, 'from': {'id': 6030805959, 'is_bot': True, 'first_name': 'TyPHoone', 'username': 'TyPHoone_Project_bot'}, 'chat': {'id': -4119703192, 'title': 'Robocop', 'type': 'group', 'all_members_are_administrators': True}, 'date': 1740224304, 'document': {'file_name': '(2025_02_22--11_38).log', 'mime_type': 'text/plain', 'file_id': 'BQACAgQAAxkDAAIIjWe5tzBID77f02iTPk_TwmgxkqX5AAIlGwACzPDJUZ5gy8tKayDGNgQ', 'file_unique_id': 'AgADJRsAAszwyVE', 'file_size': 5937}}`]
[2025-02-22 11:38:24,886]: [_trace.py]: atrace: 87:       DEBUG:    [close.started]
[2025-02-22 11:38:24,886]: [_trace.py]: atrace: 87:       DEBUG:    [close.complete]
[2025-02-22 11:38:24,930]: [_bot.py]: _do_post: 643:       DEBUG:    [Calling Bot API endpoint `getMe` with parameters `{}`]
[2025-02-22 11:38:24,930]: [_trace.py]: atrace: 87:       DEBUG:    [connect_tcp.started host='api.telegram.org' port=443 local_address=None timeout=5.0 socket_options=None]
[2025-02-22 11:38:25,020]: [_trace.py]: atrace: 87:       DEBUG:    [connect_tcp.complete return_value=<httpcore._backends.anyio.AnyIOStream object at 0x7f555fd5d2b0>]
[2025-02-22 11:38:25,020]: [_trace.py]: atrace: 87:       DEBUG:    [start_tls.started ssl_context=<ssl.SSLContext object at 0x7f55605372d0> server_hostname='api.telegram.org' timeout=5.0]
[2025-02-22 11:38:25,112]: [_trace.py]: atrace: 87:       DEBUG:    [start_tls.complete return_value=<httpcore._backends.anyio.AnyIOStream object at 0x7f55661ea900>]
[2025-02-22 11:38:25,112]: [_trace.py]: atrace: 87:       DEBUG:    [send_request_headers.started request=<Request [b'POST']>]
[2025-02-22 11:38:25,112]: [_trace.py]: atrace: 87:       DEBUG:    [send_request_headers.complete]
[2025-02-22 11:38:25,112]: [_trace.py]: atrace: 87:       DEBUG:    [send_request_body.started request=<Request [b'POST']>]
[2025-02-22 11:38:25,112]: [_trace.py]: atrace: 87:       DEBUG:    [send_request_body.complete]
[2025-02-22 11:38:25,112]: [_trace.py]: atrace: 87:       DEBUG:    [receive_response_headers.started request=<Request [b'POST']>]
[2025-02-22 11:38:25,201]: [_trace.py]: atrace: 87:       DEBUG:    [receive_response_headers.complete return_value=(b'HTTP/1.1', 200, b'OK', [(b'Server', b'nginx/1.18.0'), (b'Date', b'Sat, 22 Feb 2025 11:38:25 GMT'), (b'Content-Type', b'application/json'), (b'Content-Length', b'258'), (b'Connection', b'keep-alive'), (b'Strict-Transport-Security', b'max-age=31536000; includeSubDomains; preload'), (b'Access-Control-Allow-Origin', b'*'), (b'Access-Control-Allow-Methods', b'GET, POST, OPTIONS'), (b'Access-Control-Expose-Headers', b'Content-Length,Content-Type,Date,Server,Connection')])]
[2025-02-22 11:38:25,201]: [_client.py]: _send_single_request: 1740:       INFO:    [HTTP Request: POST https://api.telegram.org/bot6030805959:AAGUHAMxLYc-PrevgKouJ3ZyM7ktu56ftjo/getMe "HTTP/1.1 200 OK"]
[2025-02-22 11:38:25,202]: [_trace.py]: atrace: 87:       DEBUG:    [receive_response_body.started request=<Request [b'POST']>]
[2025-02-22 11:38:25,202]: [_trace.py]: atrace: 87:       DEBUG:    [receive_response_body.complete]
[2025-02-22 11:38:25,202]: [_trace.py]: atrace: 87:       DEBUG:    [response_closed.started]
[2025-02-22 11:38:25,202]: [_trace.py]: atrace: 87:       DEBUG:    [response_closed.complete]
[2025-02-22 11:38:25,202]: [_bot.py]: _do_post: 652:       DEBUG:    [Call to Bot API endpoint `getMe` finished with return value `{'id': 6030805959, 'is_bot': True, 'first_name': 'TyPHoone', 'username': 'TyPHoone_Project_bot', 'can_join_groups': True, 'can_read_all_group_messages': False, 'supports_inline_queries': False, 'can_connect_to_business': False, 'has_main_web_app': False}`]
[2025-02-22 11:38:25,204]: [_bot.py]: _do_post: 643:       DEBUG:    [Calling Bot API endpoint `sendDocument` with parameters `{'chat_id': '-4119703192', 'document': <telegram._files.inputfile.InputFile object at 0x7f556058c600>}`]
[2025-02-22 11:38:25,205]: [_trace.py]: atrace: 87:       DEBUG:    [send_request_headers.started request=<Request [b'POST']>]
[2025-02-22 11:38:25,205]: [_trace.py]: atrace: 87:       DEBUG:    [send_request_headers.complete]
[2025-02-22 11:38:25,205]: [_trace.py]: atrace: 87:       DEBUG:    [send_request_body.started request=<Request [b'POST']>]
[2025-02-22 11:38:26,095]: [_trace.py]: atrace: 87:       DEBUG:    [send_request_body.complete]
[2025-02-22 11:38:26,095]: [_trace.py]: atrace: 87:       DEBUG:    [receive_response_headers.started request=<Request [b'POST']>]
[2025-02-22 11:38:26,802]: [_trace.py]: atrace: 87:       DEBUG:    [receive_response_headers.complete return_value=(b'HTTP/1.1', 200, b'OK', [(b'Server', b'nginx/1.18.0'), (b'Date', b'Sat, 22 Feb 2025 11:38:26 GMT'), (b'Content-Type', b'application/json'), (b'Content-Length', b'478'), (b'Connection', b'keep-alive'), (b'Strict-Transport-Security', b'max-age=31536000; includeSubDomains; preload'), (b'Access-Control-Allow-Origin', b'*'), (b'Access-Control-Allow-Methods', b'GET, POST, OPTIONS'), (b'Access-Control-Expose-Headers', b'Content-Length,Content-Type,Date,Server,Connection')])]
[2025-02-22 11:38:26,803]: [_client.py]: _send_single_request: 1740:       INFO:    [HTTP Request: POST https://api.telegram.org/bot6030805959:AAGUHAMxLYc-PrevgKouJ3ZyM7ktu56ftjo/sendDocument "HTTP/1.1 200 OK"]
[2025-02-22 11:38:26,803]: [_trace.py]: atrace: 87:       DEBUG:    [receive_response_body.started request=<Request [b'POST']>]
[2025-02-22 11:38:26,803]: [_trace.py]: atrace: 87:       DEBUG:    [receive_response_body.complete]
[2025-02-22 11:38:26,803]: [_trace.py]: atrace: 87:       DEBUG:    [response_closed.started]
[2025-02-22 11:38:26,803]: [_trace.py]: atrace: 87:       DEBUG:    [response_closed.complete]
[2025-02-22 11:38:26,803]: [_bot.py]: _do_post: 652:       DEBUG:    [Call to Bot API endpoint `sendDocument` finished with return value `{'message_id': 2190, 'from': {'id': 6030805959, 'is_bot': True, 'first_name': 'TyPHoone', 'username': 'TyPHoone_Project_bot'}, 'chat': {'id': -4119703192, 'title': 'Robocop', 'type': 'group', 'all_members_are_administrators': True}, 'date': 1740224306, 'document': {'file_name': '(2025_02_22--11_38)output.zip', 'mime_type': 'application/zip', 'file_id': 'BQACAgQAAxkDAAIIjme5tzLxNWDmkShgKM6iipG93JoiAAImGwACzPDJUZtwcvUXB-eQNgQ', 'file_unique_id': 'AgADJhsAAszwyVE', 'file_size': 9779304}}`]
[2025-02-22 11:38:26,803]: [_trace.py]: atrace: 87:       DEBUG:    [close.started]
[2025-02-22 11:38:26,804]: [_trace.py]: atrace: 87:       DEBUG:    [close.complete]
[2025-02-22 11:38:26,804]: [Telegram_Sender.py]: runner: 61:       INFO:    [sent successfully]
[2025-02-22 11:38:26,804]: [Main.py]: <module>: 48:       INFO:    [Finished]
