[2024-05-01 22:32:32,811]: [Main.py]: <module>: 21:       INFO:    [Started]
[2024-05-01 22:32:34,186]: [Iron_Scraper.py]: Scrap: 32:       INFO:    [Data Scaraped Successfully]
[2024-05-01 22:32:34,380]: [Iron_Scraper.py]: Scrap: 70:       INFO:    [Scrapped Data Has No Problem]
[2024-05-01 22:32:34,380]: [Iron_Scraper.py]: Scrap: 83:       INFO:    [Data Saved Successfully]
[2024-05-01 22:32:34,380]: [Iron.py]: Run: 26:       INFO:    [Scraping Phase Completed]
[2024-05-01 22:32:34,380]: [Iron_Data_Processor.py]: Data_Reader: 61:       INFO:    [Data File Has Been Red Successfully]
[2024-05-01 22:32:34,381]: [Iron_Data_Processor.py]: Shaper: 78:       INFO:    [Data Shaped]
[2024-05-01 22:32:34,381]: [Iron_Data_Processor.py]: Process: 226:       INFO:    [Data Cleaned]
[2024-05-01 22:32:34,381]: [Iron_Data_Processor.py]: Make_Pages_Objects: 101:       INFO:    [Page Objects Has Been Made]
[2024-05-01 22:32:34,381]: [Iron_Data_Processor.py]: Make_Pages_Objects: 101:       INFO:    [Page Objects Has Been Made]
[2024-05-01 22:32:34,381]: [Iron_Data_Processor.py]: Load_Data: 118:       INFO:    [Data Has Been Load]
[2024-05-01 22:32:34,381]: [Iron_Data_Processor.py]: Load_Data: 118:       INFO:    [Data Has Been Load]
[2024-05-01 22:32:34,381]: [Iron_Data_Processor.py]: Load_positions: 140:       INFO:    [Positions Are Ready]
[2024-05-01 22:32:34,381]: [Iron_Data_Processor.py]: Load_positions: 140:       INFO:    [Positions Are Ready]
[2024-05-01 22:32:36,097]: [Iron_Data_Processor.py]: Make_Tagged_Images: 193:       INFO:    [Images Has Been Made]
[2024-05-01 22:32:37,610]: [Iron_Data_Processor.py]: Make_Tagged_Images: 193:       INFO:    [Images Has Been Made]
[2024-05-01 22:32:38,032]: [Iron_Data_Processor.py]: Make_Cover_Page: 213:       INFO:    [Made Cover Pages]
[2024-05-01 22:32:38,032]: [Iron.py]: Run: 29:       INFO:    [Imagination Phase Completed]
[2024-05-01 22:32:38,794]: [Phone_Scraper.py]: Scrap: 56:       CRITICAL:    [Couldent Scrap Data]
[2024-05-01 22:32:38,795]: [Phone_Scraper.py]: Scrap: 69:       CRITICAL:    [Couldent Save Scraped Data]
[2024-05-01 22:32:38,795]: [Phone.py]: Run: 26:       INFO:    [Scraping Phase Complete]
[2024-05-01 22:32:38,795]: [Phone_Data_Processor.py]: data_reader: 37:       INFO:    [Scraped Data Loaded]
[2024-05-01 22:32:38,795]: [Phone_Data_Processor.py]: filter_list: 64:       INFO:    [Persian Phrases Are deleted]
[2024-05-01 22:32:38,795]: [Phone_Data_Processor.py]: reshape_list: 84:       ERROR:    [Failed To Reshape Data]
[2024-05-01 22:32:38,795]: [Phone_Data_Processor.py]: separate_brands: 121:       CRITICAL:    [Couldnt Separate Brands From Each Other]
[2024-05-01 22:32:38,795]: [Phone_Data_Processor.py]: delete_extra_spaces: 140:       INFO:    [Extra Spaces Are Deleted]
[2024-05-01 22:32:38,795]: [Phone.py]: Run: 29:       INFO:    [Imagination Phase Complete]
[2024-05-01 22:32:38,795]: [selector_events.py]: __init__: 64:       DEBUG:    [Using selector: EpollSelector]
[2024-05-01 22:32:38,796]: [_bot.py]: _do_post: 643:       DEBUG:    [Calling Bot API endpoint `getMe` with parameters `{}`]
[2024-05-01 22:32:38,800]: [_trace.py]: atrace: 85:       DEBUG:    [connect_tcp.started host='api.telegram.org' port=443 local_address=None timeout=5.0 socket_options=None]
[2024-05-01 22:32:38,903]: [_trace.py]: atrace: 85:       DEBUG:    [connect_tcp.complete return_value=<httpcore._backends.anyio.AnyIOStream object at 0x7f4be09e7230>]
[2024-05-01 22:32:38,904]: [_trace.py]: atrace: 85:       DEBUG:    [start_tls.started ssl_context=<ssl.SSLContext object at 0x7f4be0d3dcd0> server_hostname='api.telegram.org' timeout=5.0]
[2024-05-01 22:32:38,992]: [_trace.py]: atrace: 85:       DEBUG:    [start_tls.complete return_value=<httpcore._backends.anyio.AnyIOStream object at 0x7f4be10f7320>]
[2024-05-01 22:32:38,992]: [_trace.py]: atrace: 85:       DEBUG:    [send_request_headers.started request=<Request [b'POST']>]
[2024-05-01 22:32:38,992]: [_trace.py]: atrace: 85:       DEBUG:    [send_request_headers.complete]
[2024-05-01 22:32:38,992]: [_trace.py]: atrace: 85:       DEBUG:    [send_request_body.started request=<Request [b'POST']>]
[2024-05-01 22:32:38,993]: [_trace.py]: atrace: 85:       DEBUG:    [send_request_body.complete]
[2024-05-01 22:32:38,993]: [_trace.py]: atrace: 85:       DEBUG:    [receive_response_headers.started request=<Request [b'POST']>]
[2024-05-01 22:32:39,077]: [_trace.py]: atrace: 85:       DEBUG:    [receive_response_headers.complete return_value=(b'HTTP/1.1', 200, b'OK', [(b'Server', b'nginx/1.18.0'), (b'Date', b'Wed, 01 May 2024 22:32:39 GMT'), (b'Content-Type', b'application/json'), (b'Content-Length', b'237'), (b'Connection', b'keep-alive'), (b'Strict-Transport-Security', b'max-age=31536000; includeSubDomains; preload'), (b'Access-Control-Allow-Origin', b'*'), (b'Access-Control-Allow-Methods', b'GET, POST, OPTIONS'), (b'Access-Control-Expose-Headers', b'Content-Length,Content-Type,Date,Server,Connection')])]
[2024-05-01 22:32:39,077]: [_client.py]: _send_single_request: 1773:       INFO:    [HTTP Request: POST https://api.telegram.org/bot6030805959:AAGUHAMxLYc-PrevgKouJ3ZyM7ktu56ftjo/getMe "HTTP/1.1 200 OK"]
[2024-05-01 22:32:39,078]: [_trace.py]: atrace: 85:       DEBUG:    [receive_response_body.started request=<Request [b'POST']>]
[2024-05-01 22:32:39,078]: [_trace.py]: atrace: 85:       DEBUG:    [receive_response_body.complete]
[2024-05-01 22:32:39,078]: [_trace.py]: atrace: 85:       DEBUG:    [response_closed.started]
[2024-05-01 22:32:39,078]: [_trace.py]: atrace: 85:       DEBUG:    [response_closed.complete]
[2024-05-01 22:32:39,078]: [_bot.py]: _do_post: 652:       DEBUG:    [Call to Bot API endpoint `getMe` finished with return value `{'id': 6030805959, 'is_bot': True, 'first_name': 'TyPHoone_bot', 'username': 'TyPHoone_Project_bot', 'can_join_groups': True, 'can_read_all_group_messages': False, 'supports_inline_queries': False, 'can_connect_to_business': False}`]
[2024-05-01 22:32:39,082]: [_bot.py]: _do_post: 643:       DEBUG:    [Calling Bot API endpoint `sendDocument` with parameters `{'chat_id': '-4119703192', 'document': <telegram._files.inputfile.InputFile object at 0x7f4be0855840>}`]
[2024-05-01 22:32:39,082]: [_trace.py]: atrace: 85:       DEBUG:    [send_request_headers.started request=<Request [b'POST']>]
[2024-05-01 22:32:39,082]: [_trace.py]: atrace: 85:       DEBUG:    [send_request_headers.complete]
[2024-05-01 22:32:39,082]: [_trace.py]: atrace: 85:       DEBUG:    [send_request_body.started request=<Request [b'POST']>]
[2024-05-01 22:32:39,417]: [_trace.py]: atrace: 85:       DEBUG:    [send_request_body.complete]
[2024-05-01 22:32:39,417]: [_trace.py]: atrace: 85:       DEBUG:    [receive_response_headers.started request=<Request [b'POST']>]
[2024-05-01 22:32:39,799]: [_trace.py]: atrace: 85:       DEBUG:    [receive_response_headers.complete return_value=(b'HTTP/1.1', 200, b'OK', [(b'Server', b'nginx/1.18.0'), (b'Date', b'Wed, 01 May 2024 22:32:39 GMT'), (b'Content-Type', b'application/json'), (b'Content-Length', b'826'), (b'Connection', b'keep-alive'), (b'Strict-Transport-Security', b'max-age=31536000; includeSubDomains; preload'), (b'Access-Control-Allow-Origin', b'*'), (b'Access-Control-Allow-Methods', b'GET, POST, OPTIONS'), (b'Access-Control-Expose-Headers', b'Content-Length,Content-Type,Date,Server,Connection')])]
[2024-05-01 22:32:39,799]: [_client.py]: _send_single_request: 1773:       INFO:    [HTTP Request: POST https://api.telegram.org/bot6030805959:AAGUHAMxLYc-PrevgKouJ3ZyM7ktu56ftjo/sendDocument "HTTP/1.1 200 OK"]
[2024-05-01 22:32:39,799]: [_trace.py]: atrace: 85:       DEBUG:    [receive_response_body.started request=<Request [b'POST']>]
[2024-05-01 22:32:39,800]: [_trace.py]: atrace: 85:       DEBUG:    [receive_response_body.complete]
[2024-05-01 22:32:39,800]: [_trace.py]: atrace: 85:       DEBUG:    [response_closed.started]
[2024-05-01 22:32:39,800]: [_trace.py]: atrace: 85:       DEBUG:    [response_closed.complete]
[2024-05-01 22:32:39,800]: [_bot.py]: _do_post: 652:       DEBUG:    [Call to Bot API endpoint `sendDocument` finished with return value `{'message_id': 383, 'from': {'id': 6030805959, 'is_bot': True, 'first_name': 'TyPHoone_bot', 'username': 'TyPHoone_Project_bot'}, 'chat': {'id': -4119703192, 'title': 'Robocop', 'type': 'group', 'all_members_are_administrators': True}, 'date': 1714602759, 'document': {'file_name': '1-Tir_Ahan.png', 'mime_type': 'image/png', 'thumbnail': {'file_id': 'AAMCBAADGQMAAgF_ZjLDB1xfAAEoNgX42z2HxxjfMZDXAAKcFQACjlmYUVRKip65eVGdAQAHbQADNAQ', 'file_unique_id': 'AQADnBUAAo5ZmFFy', 'file_size': 39356, 'width': 320, 'height': 320}, 'thumb': {'file_id': 'AAMCBAADGQMAAgF_ZjLDB1xfAAEoNgX42z2HxxjfMZDXAAKcFQACjlmYUVRKip65eVGdAQAHbQADNAQ', 'file_unique_id': 'AQADnBUAAo5ZmFFy', 'file_size': 39356, 'width': 320, 'height': 320}, 'file_id': 'BQACAgQAAxkDAAIBf2YywwdcXwABKDYF-Ns9h8cY3zGQ1wACnBUAAo5ZmFFUSoqeuXlRnTQE', 'file_unique_id': 'AgADnBUAAo5ZmFE', 'file_size': 825503}}`]
[2024-05-01 22:32:39,801]: [_bot.py]: _do_post: 643:       DEBUG:    [Calling Bot API endpoint `sendDocument` with parameters `{'chat_id': '-4119703192', 'document': <telegram._files.inputfile.InputFile object at 0x7f4be0818c40>}`]
[2024-05-01 22:32:39,801]: [_trace.py]: atrace: 85:       DEBUG:    [send_request_headers.started request=<Request [b'POST']>]
[2024-05-01 22:32:39,801]: [_trace.py]: atrace: 85:       DEBUG:    [send_request_headers.complete]
[2024-05-01 22:32:39,801]: [_trace.py]: atrace: 85:       DEBUG:    [send_request_body.started request=<Request [b'POST']>]
[2024-05-01 22:32:39,802]: [_trace.py]: atrace: 85:       DEBUG:    [send_request_body.complete]
[2024-05-01 22:32:39,803]: [_trace.py]: atrace: 85:       DEBUG:    [receive_response_headers.started request=<Request [b'POST']>]
[2024-05-01 22:32:40,144]: [_trace.py]: atrace: 85:       DEBUG:    [receive_response_headers.complete return_value=(b'HTTP/1.1', 200, b'OK', [(b'Server', b'nginx/1.18.0'), (b'Date', b'Wed, 01 May 2024 22:32:40 GMT'), (b'Content-Type', b'application/json'), (b'Content-Length', b'830'), (b'Connection', b'keep-alive'), (b'Strict-Transport-Security', b'max-age=31536000; includeSubDomains; preload'), (b'Access-Control-Allow-Origin', b'*'), (b'Access-Control-Allow-Methods', b'GET, POST, OPTIONS'), (b'Access-Control-Expose-Headers', b'Content-Length,Content-Type,Date,Server,Connection')])]
[2024-05-01 22:32:40,144]: [_client.py]: _send_single_request: 1773:       INFO:    [HTTP Request: POST https://api.telegram.org/bot6030805959:AAGUHAMxLYc-PrevgKouJ3ZyM7ktu56ftjo/sendDocument "HTTP/1.1 200 OK"]
[2024-05-01 22:32:40,144]: [_trace.py]: atrace: 85:       DEBUG:    [receive_response_body.started request=<Request [b'POST']>]
[2024-05-01 22:32:40,145]: [_trace.py]: atrace: 85:       DEBUG:    [receive_response_body.complete]
[2024-05-01 22:32:40,145]: [_trace.py]: atrace: 85:       DEBUG:    [response_closed.started]
[2024-05-01 22:32:40,145]: [_trace.py]: atrace: 85:       DEBUG:    [response_closed.complete]
[2024-05-01 22:32:40,145]: [_bot.py]: _do_post: 652:       DEBUG:    [Call to Bot API endpoint `sendDocument` finished with return value `{'message_id': 384, 'from': {'id': 6030805959, 'is_bot': True, 'first_name': 'TyPHoone_bot', 'username': 'TyPHoone_Project_bot'}, 'chat': {'id': -4119703192, 'title': 'Robocop', 'type': 'group', 'all_members_are_administrators': True}, 'date': 1714602760, 'document': {'file_name': '9-Waraq_Galwanize.png', 'mime_type': 'image/png', 'thumbnail': {'file_id': 'AAMCBAADGQMAAgGAZjLDB1HiNeAJfMT8FxZUP_NCU-0AAp0VAAKOWZhRdhsp6mX1mMgBAAdtAAM0BA', 'file_unique_id': 'AQADnRUAAo5ZmFFy', 'file_size': 39440, 'width': 320, 'height': 320}, 'thumb': {'file_id': 'AAMCBAADGQMAAgGAZjLDB1HiNeAJfMT8FxZUP_NCU-0AAp0VAAKOWZhRdhsp6mX1mMgBAAdtAAM0BA', 'file_unique_id': 'AQADnRUAAo5ZmFFy', 'file_size': 39440, 'width': 320, 'height': 320}, 'file_id': 'BQACAgQAAxkDAAIBgGYywwdR4jXgCXzE_BcWVD_zQlPtAAKdFQACjlmYUXYbKepl9ZjINAQ', 'file_unique_id': 'AgADnRUAAo5ZmFE', 'file_size': 764308}}`]
[2024-05-01 22:32:40,146]: [_bot.py]: _do_post: 643:       DEBUG:    [Calling Bot API endpoint `sendDocument` with parameters `{'chat_id': '-4119703192', 'document': <telegram._files.inputfile.InputFile object at 0x7f4be0ce5480>}`]
[2024-05-01 22:32:40,146]: [_trace.py]: atrace: 85:       DEBUG:    [send_request_headers.started request=<Request [b'POST']>]
[2024-05-01 22:32:40,146]: [_trace.py]: atrace: 85:       DEBUG:    [send_request_headers.complete]
[2024-05-01 22:32:40,146]: [_trace.py]: atrace: 85:       DEBUG:    [send_request_body.started request=<Request [b'POST']>]
[2024-05-01 22:32:40,148]: [_trace.py]: atrace: 85:       DEBUG:    [send_request_body.complete]
[2024-05-01 22:32:40,148]: [_trace.py]: atrace: 85:       DEBUG:    [receive_response_headers.started request=<Request [b'POST']>]
[2024-05-01 22:32:40,343]: [_trace.py]: atrace: 85:       DEBUG:    [receive_response_headers.complete return_value=(b'HTTP/1.1', 200, b'OK', [(b'Server', b'nginx/1.18.0'), (b'Date', b'Wed, 01 May 2024 22:32:40 GMT'), (b'Content-Type', b'application/json'), (b'Content-Length', b'822'), (b'Connection', b'keep-alive'), (b'Strict-Transport-Security', b'max-age=31536000; includeSubDomains; preload'), (b'Access-Control-Allow-Origin', b'*'), (b'Access-Control-Allow-Methods', b'GET, POST, OPTIONS'), (b'Access-Control-Expose-Headers', b'Content-Length,Content-Type,Date,Server,Connection')])]
[2024-05-01 22:32:40,344]: [_client.py]: _send_single_request: 1773:       INFO:    [HTTP Request: POST https://api.telegram.org/bot6030805959:AAGUHAMxLYc-PrevgKouJ3ZyM7ktu56ftjo/sendDocument "HTTP/1.1 200 OK"]
[2024-05-01 22:32:40,344]: [_trace.py]: atrace: 85:       DEBUG:    [receive_response_body.started request=<Request [b'POST']>]
[2024-05-01 22:32:40,344]: [_trace.py]: atrace: 85:       DEBUG:    [receive_response_body.complete]
[2024-05-01 22:32:40,344]: [_trace.py]: atrace: 85:       DEBUG:    [response_closed.started]
[2024-05-01 22:32:40,344]: [_trace.py]: atrace: 85:       DEBUG:    [response_closed.complete]
[2024-05-01 22:32:40,344]: [_bot.py]: _do_post: 652:       DEBUG:    [Call to Bot API endpoint `sendDocument` finished with return value `{'message_id': 385, 'from': {'id': 6030805959, 'is_bot': True, 'first_name': 'TyPHoone_bot', 'username': 'TyPHoone_Project_bot'}, 'chat': {'id': -4119703192, 'title': 'Robocop', 'type': 'group', 'all_members_are_administrators': True}, 'date': 1714602760, 'document': {'file_name': '2-Milgerd.png', 'mime_type': 'image/png', 'thumbnail': {'file_id': 'AAMCBAADGQMAAgGBZjLDCHjEuPjZMA0fIl1q2CP4xRwAAp4VAAKOWZhRDGa8RezBdBIBAAdtAAM0BA', 'file_unique_id': 'AQADnhUAAo5ZmFFy', 'file_size': 43380, 'width': 320, 'height': 320}, 'thumb': {'file_id': 'AAMCBAADGQMAAgGBZjLDCHjEuPjZMA0fIl1q2CP4xRwAAp4VAAKOWZhRDGa8RezBdBIBAAdtAAM0BA', 'file_unique_id': 'AQADnhUAAo5ZmFFy', 'file_size': 43380, 'width': 320, 'height': 320}, 'file_id': 'BQACAgQAAxkDAAIBgWYywwh4xLj42TANHyJdatgj-MUcAAKeFQACjlmYUQxmvEXswXQSNAQ', 'file_unique_id': 'AgADnhUAAo5ZmFE', 'file_size': 705771}}`]
[2024-05-01 22:32:40,345]: [_bot.py]: _do_post: 643:       DEBUG:    [Calling Bot API endpoint `sendDocument` with parameters `{'chat_id': '-4119703192', 'document': <telegram._files.inputfile.InputFile object at 0x7f4be0818c40>}`]
[2024-05-01 22:32:40,345]: [_trace.py]: atrace: 85:       DEBUG:    [send_request_headers.started request=<Request [b'POST']>]
[2024-05-01 22:32:40,346]: [_trace.py]: atrace: 85:       DEBUG:    [send_request_headers.complete]
[2024-05-01 22:32:40,346]: [_trace.py]: atrace: 85:       DEBUG:    [send_request_body.started request=<Request [b'POST']>]
[2024-05-01 22:32:40,347]: [_trace.py]: atrace: 85:       DEBUG:    [send_request_body.complete]
[2024-05-01 22:32:40,347]: [_trace.py]: atrace: 85:       DEBUG:    [receive_response_headers.started request=<Request [b'POST']>]
[2024-05-01 22:32:40,551]: [_trace.py]: atrace: 85:       DEBUG:    [receive_response_headers.complete return_value=(b'HTTP/1.1', 200, b'OK', [(b'Server', b'nginx/1.18.0'), (b'Date', b'Wed, 01 May 2024 22:32:40 GMT'), (b'Content-Type', b'application/json'), (b'Content-Length', b'821'), (b'Connection', b'keep-alive'), (b'Strict-Transport-Security', b'max-age=31536000; includeSubDomains; preload'), (b'Access-Control-Allow-Origin', b'*'), (b'Access-Control-Allow-Methods', b'GET, POST, OPTIONS'), (b'Access-Control-Expose-Headers', b'Content-Length,Content-Type,Date,Server,Connection')])]
[2024-05-01 22:32:40,551]: [_client.py]: _send_single_request: 1773:       INFO:    [HTTP Request: POST https://api.telegram.org/bot6030805959:AAGUHAMxLYc-PrevgKouJ3ZyM7ktu56ftjo/sendDocument "HTTP/1.1 200 OK"]
[2024-05-01 22:32:40,551]: [_trace.py]: atrace: 85:       DEBUG:    [receive_response_body.started request=<Request [b'POST']>]
[2024-05-01 22:32:40,551]: [_trace.py]: atrace: 85:       DEBUG:    [receive_response_body.complete]
[2024-05-01 22:32:40,551]: [_trace.py]: atrace: 85:       DEBUG:    [response_closed.started]
[2024-05-01 22:32:40,552]: [_trace.py]: atrace: 85:       DEBUG:    [response_closed.complete]
[2024-05-01 22:32:40,552]: [_bot.py]: _do_post: 652:       DEBUG:    [Call to Bot API endpoint `sendDocument` finished with return value `{'message_id': 386, 'from': {'id': 6030805959, 'is_bot': True, 'first_name': 'TyPHoone_bot', 'username': 'TyPHoone_Project_bot'}, 'chat': {'id': -4119703192, 'title': 'Robocop', 'type': 'group', 'all_members_are_administrators': True}, 'date': 1714602760, 'document': {'file_name': '5-Nabshi.png', 'mime_type': 'image/png', 'thumbnail': {'file_id': 'AAMCBAADGQMAAgGCZjLDCI99yI9RNg6tVVJB9SfFX_MAAp8VAAKOWZhReOenueKpvRwBAAdtAAM0BA', 'file_unique_id': 'AQADnxUAAo5ZmFFy', 'file_size': 32770, 'width': 320, 'height': 320}, 'thumb': {'file_id': 'AAMCBAADGQMAAgGCZjLDCI99yI9RNg6tVVJB9SfFX_MAAp8VAAKOWZhReOenueKpvRwBAAdtAAM0BA', 'file_unique_id': 'AQADnxUAAo5ZmFFy', 'file_size': 32770, 'width': 320, 'height': 320}, 'file_id': 'BQACAgQAAxkDAAIBgmYywwiPfciPUTYOrVVSQfUnxV_zAAKfFQACjlmYUXjnp7niqb0cNAQ', 'file_unique_id': 'AgADnxUAAo5ZmFE', 'file_size': 852430}}`]
[2024-05-01 22:32:40,552]: [_bot.py]: _do_post: 643:       DEBUG:    [Calling Bot API endpoint `sendDocument` with parameters `{'chat_id': '-4119703192', 'document': <telegram._files.inputfile.InputFile object at 0x7f4be0819380>}`]
[2024-05-01 22:32:40,553]: [_trace.py]: atrace: 85:       DEBUG:    [send_request_headers.started request=<Request [b'POST']>]
[2024-05-01 22:32:40,553]: [_trace.py]: atrace: 85:       DEBUG:    [send_request_headers.complete]
[2024-05-01 22:32:40,553]: [_trace.py]: atrace: 85:       DEBUG:    [send_request_body.started request=<Request [b'POST']>]
[2024-05-01 22:32:40,554]: [_trace.py]: atrace: 85:       DEBUG:    [send_request_body.complete]
[2024-05-01 22:32:40,554]: [_trace.py]: atrace: 85:       DEBUG:    [receive_response_headers.started request=<Request [b'POST']>]
[2024-05-01 22:32:40,741]: [_trace.py]: atrace: 85:       DEBUG:    [receive_response_headers.complete return_value=(b'HTTP/1.1', 200, b'OK', [(b'Server', b'nginx/1.18.0'), (b'Date', b'Wed, 01 May 2024 22:32:40 GMT'), (b'Content-Type', b'application/json'), (b'Content-Length', b'825'), (b'Connection', b'keep-alive'), (b'Strict-Transport-Security', b'max-age=31536000; includeSubDomains; preload'), (b'Access-Control-Allow-Origin', b'*'), (b'Access-Control-Allow-Methods', b'GET, POST, OPTIONS'), (b'Access-Control-Expose-Headers', b'Content-Length,Content-Type,Date,Server,Connection')])]
[2024-05-01 22:32:40,741]: [_client.py]: _send_single_request: 1773:       INFO:    [HTTP Request: POST https://api.telegram.org/bot6030805959:AAGUHAMxLYc-PrevgKouJ3ZyM7ktu56ftjo/sendDocument "HTTP/1.1 200 OK"]
[2024-05-01 22:32:40,741]: [_trace.py]: atrace: 85:       DEBUG:    [receive_response_body.started request=<Request [b'POST']>]
[2024-05-01 22:32:40,741]: [_trace.py]: atrace: 85:       DEBUG:    [receive_response_body.complete]
[2024-05-01 22:32:40,741]: [_trace.py]: atrace: 85:       DEBUG:    [response_closed.started]
[2024-05-01 22:32:40,741]: [_trace.py]: atrace: 85:       DEBUG:    [response_closed.complete]
[2024-05-01 22:32:40,742]: [_bot.py]: _do_post: 652:       DEBUG:    [Call to Bot API endpoint `sendDocument` finished with return value `{'message_id': 387, 'from': {'id': 6030805959, 'is_bot': True, 'first_name': 'TyPHoone_bot', 'username': 'TyPHoone_Project_bot'}, 'chat': {'id': -4119703192, 'title': 'Robocop', 'type': 'group', 'all_members_are_administrators': True}, 'date': 1714602760, 'document': {'file_name': '6-Waraq_Siah.png', 'mime_type': 'image/png', 'thumbnail': {'file_id': 'AAMCBAADGQMAAgGDZjLDCA4hhvGrsliyCApvJYZW4wgAAqAVAAKOWZhRQDFXBY_cTvgBAAdtAAM0BA', 'file_unique_id': 'AQADoBUAAo5ZmFFy', 'file_size': 44006, 'width': 320, 'height': 320}, 'thumb': {'file_id': 'AAMCBAADGQMAAgGDZjLDCA4hhvGrsliyCApvJYZW4wgAAqAVAAKOWZhRQDFXBY_cTvgBAAdtAAM0BA', 'file_unique_id': 'AQADoBUAAo5ZmFFy', 'file_size': 44006, 'width': 320, 'height': 320}, 'file_id': 'BQACAgQAAxkDAAIBg2YywwgOIYbxq7JYsggKbyWGVuMIAAKgFQACjlmYUUAxVwWP3E74NAQ', 'file_unique_id': 'AgADoBUAAo5ZmFE', 'file_size': 709117}}`]
[2024-05-01 22:32:40,742]: [_bot.py]: _do_post: 643:       DEBUG:    [Calling Bot API endpoint `sendDocument` with parameters `{'chat_id': '-4119703192', 'document': <telegram._files.inputfile.InputFile object at 0x7f4be0818c40>}`]
[2024-05-01 22:32:40,743]: [_trace.py]: atrace: 85:       DEBUG:    [send_request_headers.started request=<Request [b'POST']>]
[2024-05-01 22:32:40,743]: [_trace.py]: atrace: 85:       DEBUG:    [send_request_headers.complete]
[2024-05-01 22:32:40,743]: [_trace.py]: atrace: 85:       DEBUG:    [send_request_body.started request=<Request [b'POST']>]
[2024-05-01 22:32:40,744]: [_trace.py]: atrace: 85:       DEBUG:    [send_request_body.complete]
[2024-05-01 22:32:40,744]: [_trace.py]: atrace: 85:       DEBUG:    [receive_response_headers.started request=<Request [b'POST']>]
[2024-05-01 22:32:44,977]: [_trace.py]: atrace: 85:       DEBUG:    [receive_response_headers.complete return_value=(b'HTTP/1.1', 200, b'OK', [(b'Server', b'nginx/1.18.0'), (b'Date', b'Wed, 01 May 2024 22:32:44 GMT'), (b'Content-Type', b'application/json'), (b'Content-Length', b'825'), (b'Connection', b'keep-alive'), (b'Strict-Transport-Security', b'max-age=31536000; includeSubDomains; preload'), (b'Access-Control-Allow-Origin', b'*'), (b'Access-Control-Allow-Methods', b'GET, POST, OPTIONS'), (b'Access-Control-Expose-Headers', b'Content-Length,Content-Type,Date,Server,Connection')])]
[2024-05-01 22:32:44,978]: [_client.py]: _send_single_request: 1773:       INFO:    [HTTP Request: POST https://api.telegram.org/bot6030805959:AAGUHAMxLYc-PrevgKouJ3ZyM7ktu56ftjo/sendDocument "HTTP/1.1 200 OK"]
[2024-05-01 22:32:44,978]: [_trace.py]: atrace: 85:       DEBUG:    [receive_response_body.started request=<Request [b'POST']>]
[2024-05-01 22:32:44,978]: [_trace.py]: atrace: 85:       DEBUG:    [receive_response_body.complete]
[2024-05-01 22:32:44,978]: [_trace.py]: atrace: 85:       DEBUG:    [response_closed.started]
[2024-05-01 22:32:44,978]: [_trace.py]: atrace: 85:       DEBUG:    [response_closed.complete]
[2024-05-01 22:32:44,978]: [_bot.py]: _do_post: 652:       DEBUG:    [Call to Bot API endpoint `sendDocument` finished with return value `{'message_id': 388, 'from': {'id': 6030805959, 'is_bot': True, 'first_name': 'TyPHoone_bot', 'username': 'TyPHoone_Project_bot'}, 'chat': {'id': -4119703192, 'title': 'Robocop', 'type': 'group', 'all_members_are_administrators': True}, 'date': 1714602764, 'document': {'file_name': '4-Nawdani.png', 'mime_type': 'image/png', 'thumbnail': {'file_id': 'AAMCBAADGQMAAgGEZjLDDEO9GVljBnlGBTAAAScvFB0zAAKhFQACjlmYUUoVlhsWY8tbAQAHbQADNAQ', 'file_unique_id': 'AQADoRUAAo5ZmFFy', 'file_size': 33651, 'width': 320, 'height': 320}, 'thumb': {'file_id': 'AAMCBAADGQMAAgGEZjLDDEO9GVljBnlGBTAAAScvFB0zAAKhFQACjlmYUUoVlhsWY8tbAQAHbQADNAQ', 'file_unique_id': 'AQADoRUAAo5ZmFFy', 'file_size': 33651, 'width': 320, 'height': 320}, 'file_id': 'BQACAgQAAxkDAAIBhGYywwxDvRlZYwZ5RgUwAAEnLxQdMwACoRUAAo5ZmFFKFZYbFmPLWzQE', 'file_unique_id': 'AgADoRUAAo5ZmFE', 'file_size': 813436}}`]
[2024-05-01 22:32:44,979]: [_bot.py]: _do_post: 643:       DEBUG:    [Calling Bot API endpoint `sendDocument` with parameters `{'chat_id': '-4119703192', 'document': <telegram._files.inputfile.InputFile object at 0x7f4be0819380>}`]
[2024-05-01 22:32:44,979]: [_trace.py]: atrace: 85:       DEBUG:    [send_request_headers.started request=<Request [b'POST']>]
[2024-05-01 22:32:44,980]: [_trace.py]: atrace: 85:       DEBUG:    [send_request_headers.complete]
[2024-05-01 22:32:44,980]: [_trace.py]: atrace: 85:       DEBUG:    [send_request_body.started request=<Request [b'POST']>]
[2024-05-01 22:32:44,981]: [_trace.py]: atrace: 85:       DEBUG:    [send_request_body.complete]
[2024-05-01 22:32:44,981]: [_trace.py]: atrace: 85:       DEBUG:    [receive_response_headers.started request=<Request [b'POST']>]
[2024-05-01 22:32:45,588]: [_trace.py]: atrace: 85:       DEBUG:    [receive_response_headers.complete return_value=(b'HTTP/1.1', 200, b'OK', [(b'Server', b'nginx/1.18.0'), (b'Date', b'Wed, 01 May 2024 22:32:45 GMT'), (b'Content-Type', b'application/json'), (b'Content-Length', b'822'), (b'Connection', b'keep-alive'), (b'Strict-Transport-Security', b'max-age=31536000; includeSubDomains; preload'), (b'Access-Control-Allow-Origin', b'*'), (b'Access-Control-Allow-Methods', b'GET, POST, OPTIONS'), (b'Access-Control-Expose-Headers', b'Content-Length,Content-Type,Date,Server,Connection')])]
[2024-05-01 22:32:45,588]: [_client.py]: _send_single_request: 1773:       INFO:    [HTTP Request: POST https://api.telegram.org/bot6030805959:AAGUHAMxLYc-PrevgKouJ3ZyM7ktu56ftjo/sendDocument "HTTP/1.1 200 OK"]
[2024-05-01 22:32:45,588]: [_trace.py]: atrace: 85:       DEBUG:    [receive_response_body.started request=<Request [b'POST']>]
[2024-05-01 22:32:45,589]: [_trace.py]: atrace: 85:       DEBUG:    [receive_response_body.complete]
[2024-05-01 22:32:45,589]: [_trace.py]: atrace: 85:       DEBUG:    [response_closed.started]
[2024-05-01 22:32:45,589]: [_trace.py]: atrace: 85:       DEBUG:    [response_closed.complete]
[2024-05-01 22:32:45,589]: [_bot.py]: _do_post: 652:       DEBUG:    [Call to Bot API endpoint `sendDocument` finished with return value `{'message_id': 389, 'from': {'id': 6030805959, 'is_bot': True, 'first_name': 'TyPHoone_bot', 'username': 'TyPHoone_Project_bot'}, 'chat': {'id': -4119703192, 'title': 'Robocop', 'type': 'group', 'all_members_are_administrators': True}, 'date': 1714602765, 'document': {'file_name': '3-Profill.png', 'mime_type': 'image/png', 'thumbnail': {'file_id': 'AAMCBAADGQMAAgGFZjLDDRR1VpUEce3o-mNTJeoPU0IAAqIVAAKOWZhRz12M_C-9u5kBAAdtAAM0BA', 'file_unique_id': 'AQADohUAAo5ZmFFy', 'file_size': 33030, 'width': 320, 'height': 320}, 'thumb': {'file_id': 'AAMCBAADGQMAAgGFZjLDDRR1VpUEce3o-mNTJeoPU0IAAqIVAAKOWZhRz12M_C-9u5kBAAdtAAM0BA', 'file_unique_id': 'AQADohUAAo5ZmFFy', 'file_size': 33030, 'width': 320, 'height': 320}, 'file_id': 'BQACAgQAAxkDAAIBhWYyww0UdVaVBHHt6PpjUyXqD1NCAAKiFQACjlmYUc9djPwvvbuZNAQ', 'file_unique_id': 'AgADohUAAo5ZmFE', 'file_size': 713488}}`]
[2024-05-01 22:32:45,589]: [_bot.py]: _do_post: 643:       DEBUG:    [Calling Bot API endpoint `sendDocument` with parameters `{'chat_id': '-4119703192', 'document': <telegram._files.inputfile.InputFile object at 0x7f4be0818c40>}`]
[2024-05-01 22:32:45,590]: [_trace.py]: atrace: 85:       DEBUG:    [send_request_headers.started request=<Request [b'POST']>]
[2024-05-01 22:32:45,590]: [_trace.py]: atrace: 85:       DEBUG:    [send_request_headers.complete]
[2024-05-01 22:32:45,590]: [_trace.py]: atrace: 85:       DEBUG:    [send_request_body.started request=<Request [b'POST']>]
[2024-05-01 22:32:45,592]: [_trace.py]: atrace: 85:       DEBUG:    [send_request_body.complete]
[2024-05-01 22:32:45,592]: [_trace.py]: atrace: 85:       DEBUG:    [receive_response_headers.started request=<Request [b'POST']>]
[2024-05-01 22:32:45,826]: [_trace.py]: atrace: 85:       DEBUG:    [receive_response_headers.complete return_value=(b'HTTP/1.1', 200, b'OK', [(b'Server', b'nginx/1.18.0'), (b'Date', b'Wed, 01 May 2024 22:32:45 GMT'), (b'Content-Type', b'application/json'), (b'Content-Length', b'831'), (b'Connection', b'keep-alive'), (b'Strict-Transport-Security', b'max-age=31536000; includeSubDomains; preload'), (b'Access-Control-Allow-Origin', b'*'), (b'Access-Control-Allow-Methods', b'GET, POST, OPTIONS'), (b'Access-Control-Expose-Headers', b'Content-Length,Content-Type,Date,Server,Connection')])]
[2024-05-01 22:32:45,827]: [_client.py]: _send_single_request: 1773:       INFO:    [HTTP Request: POST https://api.telegram.org/bot6030805959:AAGUHAMxLYc-PrevgKouJ3ZyM7ktu56ftjo/sendDocument "HTTP/1.1 200 OK"]
[2024-05-01 22:32:45,827]: [_trace.py]: atrace: 85:       DEBUG:    [receive_response_body.started request=<Request [b'POST']>]
[2024-05-01 22:32:45,827]: [_trace.py]: atrace: 85:       DEBUG:    [receive_response_body.complete]
[2024-05-01 22:32:45,827]: [_trace.py]: atrace: 85:       DEBUG:    [response_closed.started]
[2024-05-01 22:32:45,827]: [_trace.py]: atrace: 85:       DEBUG:    [response_closed.complete]
[2024-05-01 22:32:45,827]: [_bot.py]: _do_post: 652:       DEBUG:    [Call to Bot API endpoint `sendDocument` finished with return value `{'message_id': 390, 'from': {'id': 6030805959, 'is_bot': True, 'first_name': 'TyPHoone_bot', 'username': 'TyPHoone_Project_bot'}, 'chat': {'id': -4119703192, 'title': 'Robocop', 'type': 'group', 'all_members_are_administrators': True}, 'date': 1714602765, 'document': {'file_name': '7-Tasme_Maftoul.png', 'mime_type': 'image/png', 'thumbnail': {'file_id': 'AAMCBAADGQMAAgGGZjLDDcOKDB88QgH69wylWS2abOAAAqMVAAKOWZhRTQABVPi8dW-0AQAHbQADNAQ', 'file_unique_id': 'AQADoxUAAo5ZmFFy', 'file_size': 36333, 'width': 320, 'height': 320}, 'thumb': {'file_id': 'AAMCBAADGQMAAgGGZjLDDcOKDB88QgH69wylWS2abOAAAqMVAAKOWZhRTQABVPi8dW-0AQAHbQADNAQ', 'file_unique_id': 'AQADoxUAAo5ZmFFy', 'file_size': 36333, 'width': 320, 'height': 320}, 'file_id': 'BQACAgQAAxkDAAIBhmYyww3DigwfPEIB-vcMpVktmmzgAAKjFQACjlmYUU0AAVT4vHVvtDQE', 'file_unique_id': 'AgADoxUAAo5ZmFE', 'file_size': 686635}}`]
[2024-05-01 22:32:45,828]: [_bot.py]: _do_post: 643:       DEBUG:    [Calling Bot API endpoint `sendDocument` with parameters `{'chat_id': '-4119703192', 'document': <telegram._files.inputfile.InputFile object at 0x7f4be0819380>}`]
[2024-05-01 22:32:45,828]: [_trace.py]: atrace: 85:       DEBUG:    [send_request_headers.started request=<Request [b'POST']>]
[2024-05-01 22:32:45,829]: [_trace.py]: atrace: 85:       DEBUG:    [send_request_headers.complete]
[2024-05-01 22:32:45,829]: [_trace.py]: atrace: 85:       DEBUG:    [send_request_body.started request=<Request [b'POST']>]
[2024-05-01 22:32:45,830]: [_trace.py]: atrace: 85:       DEBUG:    [send_request_body.complete]
[2024-05-01 22:32:45,830]: [_trace.py]: atrace: 85:       DEBUG:    [receive_response_headers.started request=<Request [b'POST']>]
[2024-05-01 22:32:46,021]: [_trace.py]: atrace: 85:       DEBUG:    [receive_response_headers.complete return_value=(b'HTTP/1.1', 200, b'OK', [(b'Server', b'nginx/1.18.0'), (b'Date', b'Wed, 01 May 2024 22:32:45 GMT'), (b'Content-Type', b'application/json'), (b'Content-Length', b'822'), (b'Connection', b'keep-alive'), (b'Strict-Transport-Security', b'max-age=31536000; includeSubDomains; preload'), (b'Access-Control-Allow-Origin', b'*'), (b'Access-Control-Allow-Methods', b'GET, POST, OPTIONS'), (b'Access-Control-Expose-Headers', b'Content-Length,Content-Type,Date,Server,Connection')])]
[2024-05-01 22:32:46,021]: [_client.py]: _send_single_request: 1773:       INFO:    [HTTP Request: POST https://api.telegram.org/bot6030805959:AAGUHAMxLYc-PrevgKouJ3ZyM7ktu56ftjo/sendDocument "HTTP/1.1 200 OK"]
[2024-05-01 22:32:46,021]: [_trace.py]: atrace: 85:       DEBUG:    [receive_response_body.started request=<Request [b'POST']>]
[2024-05-01 22:32:46,021]: [_trace.py]: atrace: 85:       DEBUG:    [receive_response_body.complete]
[2024-05-01 22:32:46,021]: [_trace.py]: atrace: 85:       DEBUG:    [response_closed.started]
[2024-05-01 22:32:46,021]: [_trace.py]: atrace: 85:       DEBUG:    [response_closed.complete]
[2024-05-01 22:32:46,022]: [_bot.py]: _do_post: 652:       DEBUG:    [Call to Bot API endpoint `sendDocument` finished with return value `{'message_id': 391, 'from': {'id': 6030805959, 'is_bot': True, 'first_name': 'TyPHoone_bot', 'username': 'TyPHoone_Project_bot'}, 'chat': {'id': -4119703192, 'title': 'Robocop', 'type': 'group', 'all_members_are_administrators': True}, 'date': 1714602765, 'document': {'file_name': '8-Khamoot.png', 'mime_type': 'image/png', 'thumbnail': {'file_id': 'AAMCBAADGQMAAgGHZjLDDUdrrjsO34LZU9ZeD_910uUAAqQVAAKOWZhR2PtE1-PG3gMBAAdtAAM0BA', 'file_unique_id': 'AQADpBUAAo5ZmFFy', 'file_size': 28050, 'width': 320, 'height': 320}, 'thumb': {'file_id': 'AAMCBAADGQMAAgGHZjLDDUdrrjsO34LZU9ZeD_910uUAAqQVAAKOWZhR2PtE1-PG3gMBAAdtAAM0BA', 'file_unique_id': 'AQADpBUAAo5ZmFFy', 'file_size': 28050, 'width': 320, 'height': 320}, 'file_id': 'BQACAgQAAxkDAAIBh2Yyww1Ha647Dt-C2VPWXg__ddLlAAKkFQACjlmYUdj7RNfjxt4DNAQ', 'file_unique_id': 'AgADpBUAAo5ZmFE', 'file_size': 845752}}`]
[2024-05-01 22:32:46,022]: [_bot.py]: _do_post: 643:       DEBUG:    [Calling Bot API endpoint `sendDocument` with parameters `{'chat_id': '-4119703192', 'document': <telegram._files.inputfile.InputFile object at 0x7f4be0818c40>}`]
[2024-05-01 22:32:46,023]: [_trace.py]: atrace: 85:       DEBUG:    [send_request_headers.started request=<Request [b'POST']>]
[2024-05-01 22:32:46,023]: [_trace.py]: atrace: 85:       DEBUG:    [send_request_headers.complete]
[2024-05-01 22:32:46,023]: [_trace.py]: atrace: 85:       DEBUG:    [send_request_body.started request=<Request [b'POST']>]
[2024-05-01 22:32:46,024]: [_trace.py]: atrace: 85:       DEBUG:    [send_request_body.complete]
[2024-05-01 22:32:46,024]: [_trace.py]: atrace: 85:       DEBUG:    [receive_response_headers.started request=<Request [b'POST']>]
[2024-05-01 22:32:46,238]: [_trace.py]: atrace: 85:       DEBUG:    [receive_response_headers.complete return_value=(b'HTTP/1.1', 200, b'OK', [(b'Server', b'nginx/1.18.0'), (b'Date', b'Wed, 01 May 2024 22:32:46 GMT'), (b'Content-Type', b'application/json'), (b'Content-Length', b'820'), (b'Connection', b'keep-alive'), (b'Strict-Transport-Security', b'max-age=31536000; includeSubDomains; preload'), (b'Access-Control-Allow-Origin', b'*'), (b'Access-Control-Allow-Methods', b'GET, POST, OPTIONS'), (b'Access-Control-Expose-Headers', b'Content-Length,Content-Type,Date,Server,Connection')])]
[2024-05-01 22:32:46,238]: [_client.py]: _send_single_request: 1773:       INFO:    [HTTP Request: POST https://api.telegram.org/bot6030805959:AAGUHAMxLYc-PrevgKouJ3ZyM7ktu56ftjo/sendDocument "HTTP/1.1 200 OK"]
[2024-05-01 22:32:46,239]: [_trace.py]: atrace: 85:       DEBUG:    [receive_response_body.started request=<Request [b'POST']>]
[2024-05-01 22:32:46,239]: [_trace.py]: atrace: 85:       DEBUG:    [receive_response_body.complete]
[2024-05-01 22:32:46,239]: [_trace.py]: atrace: 85:       DEBUG:    [response_closed.started]
[2024-05-01 22:32:46,239]: [_trace.py]: atrace: 85:       DEBUG:    [response_closed.complete]
[2024-05-01 22:32:46,239]: [_bot.py]: _do_post: 652:       DEBUG:    [Call to Bot API endpoint `sendDocument` finished with return value `{'message_id': 392, 'from': {'id': 6030805959, 'is_bot': True, 'first_name': 'TyPHoone_bot', 'username': 'TyPHoone_Project_bot'}, 'chat': {'id': -4119703192, 'title': 'Robocop', 'type': 'group', 'all_members_are_administrators': True}, 'date': 1714602766, 'document': {'file_name': '0-cover.png', 'mime_type': 'image/png', 'thumbnail': {'file_id': 'AAMCBAADGQMAAgGIZjLDDq3xGS2FuQKJp3gqxYuE88wAAqUVAAKOWZhRzhD0SzgaSqgBAAdtAAM0BA', 'file_unique_id': 'AQADpRUAAo5ZmFFy', 'file_size': 33676, 'width': 320, 'height': 320}, 'thumb': {'file_id': 'AAMCBAADGQMAAgGIZjLDDq3xGS2FuQKJp3gqxYuE88wAAqUVAAKOWZhRzhD0SzgaSqgBAAdtAAM0BA', 'file_unique_id': 'AQADpRUAAo5ZmFFy', 'file_size': 33676, 'width': 320, 'height': 320}, 'file_id': 'BQACAgQAAxkDAAIBiGYyww6t8RkthbkCiad4KsWLhPPMAAKlFQACjlmYUc4Q9Es4GkqoNAQ', 'file_unique_id': 'AgADpRUAAo5ZmFE', 'file_size': 830514}}`]
[2024-05-01 22:32:46,240]: [_trace.py]: atrace: 85:       DEBUG:    [close.started]
[2024-05-01 22:32:46,240]: [_trace.py]: atrace: 85:       DEBUG:    [close.complete]
[2024-05-01 22:32:46,240]: [_config.py]: load_ssl_context: 80:       DEBUG:    [load_ssl_context verify=True cert=None trust_env=True http2=False]
[2024-05-01 22:32:46,240]: [_config.py]: load_ssl_context_verify: 146:       DEBUG:    [load_verify_locations cafile='/opt/hostedtoolcache/Python/3.12.3/x64/lib/python3.12/site-packages/certifi/cacert.pem']
[2024-05-01 22:32:46,266]: [_config.py]: load_ssl_context: 80:       DEBUG:    [load_ssl_context verify=True cert=None trust_env=True http2=False]
[2024-05-01 22:32:46,267]: [_config.py]: load_ssl_context_verify: 146:       DEBUG:    [load_verify_locations cafile='/opt/hostedtoolcache/Python/3.12.3/x64/lib/python3.12/site-packages/certifi/cacert.pem']
[2024-05-01 22:32:46,292]: [_bot.py]: _do_post: 643:       DEBUG:    [Calling Bot API endpoint `getMe` with parameters `{}`]
[2024-05-01 22:32:46,292]: [_trace.py]: atrace: 85:       DEBUG:    [connect_tcp.started host='api.telegram.org' port=443 local_address=None timeout=5.0 socket_options=None]
[2024-05-01 22:32:46,377]: [_trace.py]: atrace: 85:       DEBUG:    [connect_tcp.complete return_value=<httpcore._backends.anyio.AnyIOStream object at 0x7f4bdf722fc0>]
[2024-05-01 22:32:46,378]: [_trace.py]: atrace: 85:       DEBUG:    [start_tls.started ssl_context=<ssl.SSLContext object at 0x7f4be0d3dad0> server_hostname='api.telegram.org' timeout=5.0]
[2024-05-01 22:32:46,465]: [_trace.py]: atrace: 85:       DEBUG:    [start_tls.complete return_value=<httpcore._backends.anyio.AnyIOStream object at 0x7f4be0a0a870>]
[2024-05-01 22:32:46,465]: [_trace.py]: atrace: 85:       DEBUG:    [send_request_headers.started request=<Request [b'POST']>]
[2024-05-01 22:32:46,466]: [_trace.py]: atrace: 85:       DEBUG:    [send_request_headers.complete]
[2024-05-01 22:32:46,466]: [_trace.py]: atrace: 85:       DEBUG:    [send_request_body.started request=<Request [b'POST']>]
[2024-05-01 22:32:46,466]: [_trace.py]: atrace: 85:       DEBUG:    [send_request_body.complete]
[2024-05-01 22:32:46,466]: [_trace.py]: atrace: 85:       DEBUG:    [receive_response_headers.started request=<Request [b'POST']>]
[2024-05-01 22:32:46,551]: [_trace.py]: atrace: 85:       DEBUG:    [receive_response_headers.complete return_value=(b'HTTP/1.1', 200, b'OK', [(b'Server', b'nginx/1.18.0'), (b'Date', b'Wed, 01 May 2024 22:32:46 GMT'), (b'Content-Type', b'application/json'), (b'Content-Length', b'237'), (b'Connection', b'keep-alive'), (b'Strict-Transport-Security', b'max-age=31536000; includeSubDomains; preload'), (b'Access-Control-Allow-Origin', b'*'), (b'Access-Control-Allow-Methods', b'GET, POST, OPTIONS'), (b'Access-Control-Expose-Headers', b'Content-Length,Content-Type,Date,Server,Connection')])]
[2024-05-01 22:32:46,551]: [_client.py]: _send_single_request: 1773:       INFO:    [HTTP Request: POST https://api.telegram.org/bot6030805959:AAGUHAMxLYc-PrevgKouJ3ZyM7ktu56ftjo/getMe "HTTP/1.1 200 OK"]
[2024-05-01 22:32:46,551]: [_trace.py]: atrace: 85:       DEBUG:    [receive_response_body.started request=<Request [b'POST']>]
[2024-05-01 22:32:46,551]: [_trace.py]: atrace: 85:       DEBUG:    [receive_response_body.complete]
[2024-05-01 22:32:46,551]: [_trace.py]: atrace: 85:       DEBUG:    [response_closed.started]
[2024-05-01 22:32:46,551]: [_trace.py]: atrace: 85:       DEBUG:    [response_closed.complete]
[2024-05-01 22:32:46,551]: [_bot.py]: _do_post: 652:       DEBUG:    [Call to Bot API endpoint `getMe` finished with return value `{'id': 6030805959, 'is_bot': True, 'first_name': 'TyPHoone_bot', 'username': 'TyPHoone_Project_bot', 'can_join_groups': True, 'can_read_all_group_messages': False, 'supports_inline_queries': False, 'can_connect_to_business': False}`]
[2024-05-01 22:32:46,552]: [_bot.py]: _do_post: 643:       DEBUG:    [Calling Bot API endpoint `sendDocument` with parameters `{'chat_id': '-4119703192', 'document': <telegram._files.inputfile.InputFile object at 0x7f4bdf7296c0>}`]
[2024-05-01 22:32:46,553]: [_trace.py]: atrace: 85:       DEBUG:    [send_request_headers.started request=<Request [b'POST']>]
[2024-05-01 22:32:46,553]: [_trace.py]: atrace: 85:       DEBUG:    [send_request_headers.complete]
[2024-05-01 22:32:46,553]: [_trace.py]: atrace: 85:       DEBUG:    [send_request_body.started request=<Request [b'POST']>]
[2024-05-01 22:32:46,913]: [_trace.py]: atrace: 85:       DEBUG:    [send_request_body.complete]
[2024-05-01 22:32:46,913]: [_trace.py]: atrace: 85:       DEBUG:    [receive_response_headers.started request=<Request [b'POST']>]
[2024-05-01 22:32:50,231]: [_trace.py]: atrace: 85:       DEBUG:    [receive_response_headers.complete return_value=(b'HTTP/1.1', 200, b'OK', [(b'Server', b'nginx/1.18.0'), (b'Date', b'Wed, 01 May 2024 22:32:50 GMT'), (b'Content-Type', b'application/json'), (b'Content-Length', b'823'), (b'Connection', b'keep-alive'), (b'Strict-Transport-Security', b'max-age=31536000; includeSubDomains; preload'), (b'Access-Control-Allow-Origin', b'*'), (b'Access-Control-Allow-Methods', b'GET, POST, OPTIONS'), (b'Access-Control-Expose-Headers', b'Content-Length,Content-Type,Date,Server,Connection')])]
[2024-05-01 22:32:50,232]: [_client.py]: _send_single_request: 1773:       INFO:    [HTTP Request: POST https://api.telegram.org/bot6030805959:AAGUHAMxLYc-PrevgKouJ3ZyM7ktu56ftjo/sendDocument "HTTP/1.1 200 OK"]
[2024-05-01 22:32:50,232]: [_trace.py]: atrace: 85:       DEBUG:    [receive_response_body.started request=<Request [b'POST']>]
[2024-05-01 22:32:50,232]: [_trace.py]: atrace: 85:       DEBUG:    [receive_response_body.complete]
[2024-05-01 22:32:50,232]: [_trace.py]: atrace: 85:       DEBUG:    [response_closed.started]
[2024-05-01 22:32:50,232]: [_trace.py]: atrace: 85:       DEBUG:    [response_closed.complete]
[2024-05-01 22:32:50,232]: [_bot.py]: _do_post: 652:       DEBUG:    [Call to Bot API endpoint `sendDocument` finished with return value `{'message_id': 393, 'from': {'id': 6030805959, 'is_bot': True, 'first_name': 'TyPHoone_bot', 'username': 'TyPHoone_Project_bot'}, 'chat': {'id': -4119703192, 'title': 'Robocop', 'type': 'group', 'all_members_are_administrators': True}, 'date': 1714602770, 'document': {'file_name': '1-Tir_Ahan.png', 'mime_type': 'image/png', 'thumbnail': {'file_id': 'AAMCBAADGQMAAgGJZjLDElYUEZ-3S6rpERnHOsg_YY4AAqYVAAKOWZhRs7-feb2xDTgBAAdtAAM0BA', 'file_unique_id': 'AQADphUAAo5ZmFFy', 'file_size': 38110, 'width': 320, 'height': 320}, 'thumb': {'file_id': 'AAMCBAADGQMAAgGJZjLDElYUEZ-3S6rpERnHOsg_YY4AAqYVAAKOWZhRs7-feb2xDTgBAAdtAAM0BA', 'file_unique_id': 'AQADphUAAo5ZmFFy', 'file_size': 38110, 'width': 320, 'height': 320}, 'file_id': 'BQACAgQAAxkDAAIBiWYywxJWFBGft0uq6REZxzrIP2GOAAKmFQACjlmYUbO_n3m9sQ04NAQ', 'file_unique_id': 'AgADphUAAo5ZmFE', 'file_size': 801373}}`]
[2024-05-01 22:32:50,233]: [_bot.py]: _do_post: 643:       DEBUG:    [Calling Bot API endpoint `sendDocument` with parameters `{'chat_id': '-4119703192', 'document': <telegram._files.inputfile.InputFile object at 0x7f4bdf72a240>}`]
[2024-05-01 22:32:50,233]: [_trace.py]: atrace: 85:       DEBUG:    [send_request_headers.started request=<Request [b'POST']>]
[2024-05-01 22:32:50,233]: [_trace.py]: atrace: 85:       DEBUG:    [send_request_headers.complete]
[2024-05-01 22:32:50,234]: [_trace.py]: atrace: 85:       DEBUG:    [send_request_body.started request=<Request [b'POST']>]
[2024-05-01 22:32:50,235]: [_trace.py]: atrace: 85:       DEBUG:    [send_request_body.complete]
[2024-05-01 22:32:50,235]: [_trace.py]: atrace: 85:       DEBUG:    [receive_response_headers.started request=<Request [b'POST']>]
[2024-05-01 22:32:50,867]: [_trace.py]: atrace: 85:       DEBUG:    [receive_response_headers.complete return_value=(b'HTTP/1.1', 200, b'OK', [(b'Server', b'nginx/1.18.0'), (b'Date', b'Wed, 01 May 2024 22:32:50 GMT'), (b'Content-Type', b'application/json'), (b'Content-Length', b'830'), (b'Connection', b'keep-alive'), (b'Strict-Transport-Security', b'max-age=31536000; includeSubDomains; preload'), (b'Access-Control-Allow-Origin', b'*'), (b'Access-Control-Allow-Methods', b'GET, POST, OPTIONS'), (b'Access-Control-Expose-Headers', b'Content-Length,Content-Type,Date,Server,Connection')])]
[2024-05-01 22:32:50,868]: [_client.py]: _send_single_request: 1773:       INFO:    [HTTP Request: POST https://api.telegram.org/bot6030805959:AAGUHAMxLYc-PrevgKouJ3ZyM7ktu56ftjo/sendDocument "HTTP/1.1 200 OK"]
[2024-05-01 22:32:50,868]: [_trace.py]: atrace: 85:       DEBUG:    [receive_response_body.started request=<Request [b'POST']>]
[2024-05-01 22:32:50,868]: [_trace.py]: atrace: 85:       DEBUG:    [receive_response_body.complete]
[2024-05-01 22:32:50,868]: [_trace.py]: atrace: 85:       DEBUG:    [response_closed.started]
[2024-05-01 22:32:50,868]: [_trace.py]: atrace: 85:       DEBUG:    [response_closed.complete]
[2024-05-01 22:32:50,868]: [_bot.py]: _do_post: 652:       DEBUG:    [Call to Bot API endpoint `sendDocument` finished with return value `{'message_id': 394, 'from': {'id': 6030805959, 'is_bot': True, 'first_name': 'TyPHoone_bot', 'username': 'TyPHoone_Project_bot'}, 'chat': {'id': -4119703192, 'title': 'Robocop', 'type': 'group', 'all_members_are_administrators': True}, 'date': 1714602770, 'document': {'file_name': '9-Waraq_Galwanize.png', 'mime_type': 'image/png', 'thumbnail': {'file_id': 'AAMCBAADGQMAAgGKZjLDEmqoeeXhQQh3vKjPfwm9KEgAAqcVAAKOWZhR5_fqHy9rQwIBAAdtAAM0BA', 'file_unique_id': 'AQADpxUAAo5ZmFFy', 'file_size': 38260, 'width': 320, 'height': 320}, 'thumb': {'file_id': 'AAMCBAADGQMAAgGKZjLDEmqoeeXhQQh3vKjPfwm9KEgAAqcVAAKOWZhR5_fqHy9rQwIBAAdtAAM0BA', 'file_unique_id': 'AQADpxUAAo5ZmFFy', 'file_size': 38260, 'width': 320, 'height': 320}, 'file_id': 'BQACAgQAAxkDAAIBimYywxJqqHnl4UEId7yoz38JvShIAAKnFQACjlmYUef36h8va0MCNAQ', 'file_unique_id': 'AgADpxUAAo5ZmFE', 'file_size': 771865}}`]
[2024-05-01 22:32:50,869]: [_bot.py]: _do_post: 643:       DEBUG:    [Calling Bot API endpoint `sendDocument` with parameters `{'chat_id': '-4119703192', 'document': <telegram._files.inputfile.InputFile object at 0x7f4bdf71a380>}`]
[2024-05-01 22:32:50,869]: [_trace.py]: atrace: 85:       DEBUG:    [send_request_headers.started request=<Request [b'POST']>]
[2024-05-01 22:32:50,871]: [_trace.py]: atrace: 85:       DEBUG:    [send_request_headers.complete]
[2024-05-01 22:32:50,871]: [_trace.py]: atrace: 85:       DEBUG:    [send_request_body.started request=<Request [b'POST']>]
[2024-05-01 22:32:50,872]: [_trace.py]: atrace: 85:       DEBUG:    [send_request_body.complete]
[2024-05-01 22:32:50,872]: [_trace.py]: atrace: 85:       DEBUG:    [receive_response_headers.started request=<Request [b'POST']>]
[2024-05-01 22:32:51,139]: [_trace.py]: atrace: 85:       DEBUG:    [receive_response_headers.complete return_value=(b'HTTP/1.1', 200, b'OK', [(b'Server', b'nginx/1.18.0'), (b'Date', b'Wed, 01 May 2024 22:32:51 GMT'), (b'Content-Type', b'application/json'), (b'Content-Length', b'822'), (b'Connection', b'keep-alive'), (b'Strict-Transport-Security', b'max-age=31536000; includeSubDomains; preload'), (b'Access-Control-Allow-Origin', b'*'), (b'Access-Control-Allow-Methods', b'GET, POST, OPTIONS'), (b'Access-Control-Expose-Headers', b'Content-Length,Content-Type,Date,Server,Connection')])]
[2024-05-01 22:32:51,139]: [_client.py]: _send_single_request: 1773:       INFO:    [HTTP Request: POST https://api.telegram.org/bot6030805959:AAGUHAMxLYc-PrevgKouJ3ZyM7ktu56ftjo/sendDocument "HTTP/1.1 200 OK"]
[2024-05-01 22:32:51,139]: [_trace.py]: atrace: 85:       DEBUG:    [receive_response_body.started request=<Request [b'POST']>]
[2024-05-01 22:32:51,139]: [_trace.py]: atrace: 85:       DEBUG:    [receive_response_body.complete]
[2024-05-01 22:32:51,139]: [_trace.py]: atrace: 85:       DEBUG:    [response_closed.started]
[2024-05-01 22:32:51,140]: [_trace.py]: atrace: 85:       DEBUG:    [response_closed.complete]
[2024-05-01 22:32:51,140]: [_bot.py]: _do_post: 652:       DEBUG:    [Call to Bot API endpoint `sendDocument` finished with return value `{'message_id': 395, 'from': {'id': 6030805959, 'is_bot': True, 'first_name': 'TyPHoone_bot', 'username': 'TyPHoone_Project_bot'}, 'chat': {'id': -4119703192, 'title': 'Robocop', 'type': 'group', 'all_members_are_administrators': True}, 'date': 1714602771, 'document': {'file_name': '2-Milgerd.png', 'mime_type': 'image/png', 'thumbnail': {'file_id': 'AAMCBAADGQMAAgGLZjLDEqC8A2LlKSFwranmx_RQd14AAqgVAAKOWZhRX9zz8m1eScQBAAdtAAM0BA', 'file_unique_id': 'AQADqBUAAo5ZmFFy', 'file_size': 41965, 'width': 320, 'height': 320}, 'thumb': {'file_id': 'AAMCBAADGQMAAgGLZjLDEqC8A2LlKSFwranmx_RQd14AAqgVAAKOWZhRX9zz8m1eScQBAAdtAAM0BA', 'file_unique_id': 'AQADqBUAAo5ZmFFy', 'file_size': 41965, 'width': 320, 'height': 320}, 'file_id': 'BQACAgQAAxkDAAIBi2YywxKgvANi5SkhcK2p5sf0UHdeAAKoFQACjlmYUV_c8_JtXknENAQ', 'file_unique_id': 'AgADqBUAAo5ZmFE', 'file_size': 789557}}`]
[2024-05-01 22:32:51,140]: [_bot.py]: _do_post: 643:       DEBUG:    [Calling Bot API endpoint `sendDocument` with parameters `{'chat_id': '-4119703192', 'document': <telegram._files.inputfile.InputFile object at 0x7f4be0d3bfc0>}`]
[2024-05-01 22:32:51,141]: [_trace.py]: atrace: 85:       DEBUG:    [send_request_headers.started request=<Request [b'POST']>]
[2024-05-01 22:32:51,141]: [_trace.py]: atrace: 85:       DEBUG:    [send_request_headers.complete]
[2024-05-01 22:32:51,141]: [_trace.py]: atrace: 85:       DEBUG:    [send_request_body.started request=<Request [b'POST']>]
[2024-05-01 22:32:51,142]: [_trace.py]: atrace: 85:       DEBUG:    [send_request_body.complete]
[2024-05-01 22:32:51,142]: [_trace.py]: atrace: 85:       DEBUG:    [receive_response_headers.started request=<Request [b'POST']>]
[2024-05-01 22:32:51,327]: [_trace.py]: atrace: 85:       DEBUG:    [receive_response_headers.complete return_value=(b'HTTP/1.1', 200, b'OK', [(b'Server', b'nginx/1.18.0'), (b'Date', b'Wed, 01 May 2024 22:32:51 GMT'), (b'Content-Type', b'application/json'), (b'Content-Length', b'821'), (b'Connection', b'keep-alive'), (b'Strict-Transport-Security', b'max-age=31536000; includeSubDomains; preload'), (b'Access-Control-Allow-Origin', b'*'), (b'Access-Control-Allow-Methods', b'GET, POST, OPTIONS'), (b'Access-Control-Expose-Headers', b'Content-Length,Content-Type,Date,Server,Connection')])]
[2024-05-01 22:32:51,327]: [_client.py]: _send_single_request: 1773:       INFO:    [HTTP Request: POST https://api.telegram.org/bot6030805959:AAGUHAMxLYc-PrevgKouJ3ZyM7ktu56ftjo/sendDocument "HTTP/1.1 200 OK"]
[2024-05-01 22:32:51,327]: [_trace.py]: atrace: 85:       DEBUG:    [receive_response_body.started request=<Request [b'POST']>]
[2024-05-01 22:32:51,327]: [_trace.py]: atrace: 85:       DEBUG:    [receive_response_body.complete]
[2024-05-01 22:32:51,327]: [_trace.py]: atrace: 85:       DEBUG:    [response_closed.started]
[2024-05-01 22:32:51,327]: [_trace.py]: atrace: 85:       DEBUG:    [response_closed.complete]
[2024-05-01 22:32:51,327]: [_bot.py]: _do_post: 652:       DEBUG:    [Call to Bot API endpoint `sendDocument` finished with return value `{'message_id': 396, 'from': {'id': 6030805959, 'is_bot': True, 'first_name': 'TyPHoone_bot', 'username': 'TyPHoone_Project_bot'}, 'chat': {'id': -4119703192, 'title': 'Robocop', 'type': 'group', 'all_members_are_administrators': True}, 'date': 1714602771, 'document': {'file_name': '5-Nabshi.png', 'mime_type': 'image/png', 'thumbnail': {'file_id': 'AAMCBAADGQMAAgGMZjLDEwGOrOKSwAYuWekixyAzIFgAAqkVAAKOWZhRocbqS-0Tsv0BAAdtAAM0BA', 'file_unique_id': 'AQADqRUAAo5ZmFFy', 'file_size': 31660, 'width': 320, 'height': 320}, 'thumb': {'file_id': 'AAMCBAADGQMAAgGMZjLDEwGOrOKSwAYuWekixyAzIFgAAqkVAAKOWZhRocbqS-0Tsv0BAAdtAAM0BA', 'file_unique_id': 'AQADqRUAAo5ZmFFy', 'file_size': 31660, 'width': 320, 'height': 320}, 'file_id': 'BQACAgQAAxkDAAIBjGYywxMBjqziksAGLlnpIscgMyBYAAKpFQACjlmYUaHG6kvtE7L9NAQ', 'file_unique_id': 'AgADqRUAAo5ZmFE', 'file_size': 742311}}`]
[2024-05-01 22:32:51,328]: [_bot.py]: _do_post: 643:       DEBUG:    [Calling Bot API endpoint `sendDocument` with parameters `{'chat_id': '-4119703192', 'document': <telegram._files.inputfile.InputFile object at 0x7f4be1f03c80>}`]
[2024-05-01 22:32:51,328]: [_trace.py]: atrace: 85:       DEBUG:    [send_request_headers.started request=<Request [b'POST']>]
[2024-05-01 22:32:51,329]: [_trace.py]: atrace: 85:       DEBUG:    [send_request_headers.complete]
[2024-05-01 22:32:51,329]: [_trace.py]: atrace: 85:       DEBUG:    [send_request_body.started request=<Request [b'POST']>]
[2024-05-01 22:32:51,330]: [_trace.py]: atrace: 85:       DEBUG:    [send_request_body.complete]
[2024-05-01 22:32:51,330]: [_trace.py]: atrace: 85:       DEBUG:    [receive_response_headers.started request=<Request [b'POST']>]
[2024-05-01 22:32:51,539]: [_trace.py]: atrace: 85:       DEBUG:    [receive_response_headers.complete return_value=(b'HTTP/1.1', 200, b'OK', [(b'Server', b'nginx/1.18.0'), (b'Date', b'Wed, 01 May 2024 22:32:51 GMT'), (b'Content-Type', b'application/json'), (b'Content-Length', b'825'), (b'Connection', b'keep-alive'), (b'Strict-Transport-Security', b'max-age=31536000; includeSubDomains; preload'), (b'Access-Control-Allow-Origin', b'*'), (b'Access-Control-Allow-Methods', b'GET, POST, OPTIONS'), (b'Access-Control-Expose-Headers', b'Content-Length,Content-Type,Date,Server,Connection')])]
[2024-05-01 22:32:51,539]: [_client.py]: _send_single_request: 1773:       INFO:    [HTTP Request: POST https://api.telegram.org/bot6030805959:AAGUHAMxLYc-PrevgKouJ3ZyM7ktu56ftjo/sendDocument "HTTP/1.1 200 OK"]
[2024-05-01 22:32:51,540]: [_trace.py]: atrace: 85:       DEBUG:    [receive_response_body.started request=<Request [b'POST']>]
[2024-05-01 22:32:51,540]: [_trace.py]: atrace: 85:       DEBUG:    [receive_response_body.complete]
[2024-05-01 22:32:51,540]: [_trace.py]: atrace: 85:       DEBUG:    [response_closed.started]
[2024-05-01 22:32:51,540]: [_trace.py]: atrace: 85:       DEBUG:    [response_closed.complete]
[2024-05-01 22:32:51,540]: [_bot.py]: _do_post: 652:       DEBUG:    [Call to Bot API endpoint `sendDocument` finished with return value `{'message_id': 397, 'from': {'id': 6030805959, 'is_bot': True, 'first_name': 'TyPHoone_bot', 'username': 'TyPHoone_Project_bot'}, 'chat': {'id': -4119703192, 'title': 'Robocop', 'type': 'group', 'all_members_are_administrators': True}, 'date': 1714602771, 'document': {'file_name': '6-Waraq_Siah.png', 'mime_type': 'image/png', 'thumbnail': {'file_id': 'AAMCBAADGQMAAgGNZjLDE9iaVqR8vDFEHGMOTp-0YXIAAqoVAAKOWZhR3u1UXM3Ax70BAAdtAAM0BA', 'file_unique_id': 'AQADqhUAAo5ZmFFy', 'file_size': 42768, 'width': 320, 'height': 320}, 'thumb': {'file_id': 'AAMCBAADGQMAAgGNZjLDE9iaVqR8vDFEHGMOTp-0YXIAAqoVAAKOWZhR3u1UXM3Ax70BAAdtAAM0BA', 'file_unique_id': 'AQADqhUAAo5ZmFFy', 'file_size': 42768, 'width': 320, 'height': 320}, 'file_id': 'BQACAgQAAxkDAAIBjWYywxPYmlakfLwxRBxjDk6ftGFyAAKqFQACjlmYUd7tVFzNwMe9NAQ', 'file_unique_id': 'AgADqhUAAo5ZmFE', 'file_size': 798633}}`]
[2024-05-01 22:32:51,541]: [_bot.py]: _do_post: 643:       DEBUG:    [Calling Bot API endpoint `sendDocument` with parameters `{'chat_id': '-4119703192', 'document': <telegram._files.inputfile.InputFile object at 0x7f4be0874ec0>}`]
[2024-05-01 22:32:51,541]: [_trace.py]: atrace: 85:       DEBUG:    [send_request_headers.started request=<Request [b'POST']>]
[2024-05-01 22:32:51,541]: [_trace.py]: atrace: 85:       DEBUG:    [send_request_headers.complete]
[2024-05-01 22:32:51,541]: [_trace.py]: atrace: 85:       DEBUG:    [send_request_body.started request=<Request [b'POST']>]
[2024-05-01 22:32:51,542]: [_trace.py]: atrace: 85:       DEBUG:    [send_request_body.complete]
[2024-05-01 22:32:51,542]: [_trace.py]: atrace: 85:       DEBUG:    [receive_response_headers.started request=<Request [b'POST']>]
[2024-05-01 22:32:55,741]: [_trace.py]: atrace: 85:       DEBUG:    [receive_response_headers.complete return_value=(b'HTTP/1.1', 200, b'OK', [(b'Server', b'nginx/1.18.0'), (b'Date', b'Wed, 01 May 2024 22:32:55 GMT'), (b'Content-Type', b'application/json'), (b'Content-Length', b'822'), (b'Connection', b'keep-alive'), (b'Strict-Transport-Security', b'max-age=31536000; includeSubDomains; preload'), (b'Access-Control-Allow-Origin', b'*'), (b'Access-Control-Allow-Methods', b'GET, POST, OPTIONS'), (b'Access-Control-Expose-Headers', b'Content-Length,Content-Type,Date,Server,Connection')])]
[2024-05-01 22:32:55,741]: [_client.py]: _send_single_request: 1773:       INFO:    [HTTP Request: POST https://api.telegram.org/bot6030805959:AAGUHAMxLYc-PrevgKouJ3ZyM7ktu56ftjo/sendDocument "HTTP/1.1 200 OK"]
[2024-05-01 22:32:55,742]: [_trace.py]: atrace: 85:       DEBUG:    [receive_response_body.started request=<Request [b'POST']>]
[2024-05-01 22:32:55,742]: [_trace.py]: atrace: 85:       DEBUG:    [receive_response_body.complete]
[2024-05-01 22:32:55,742]: [_trace.py]: atrace: 85:       DEBUG:    [response_closed.started]
[2024-05-01 22:32:55,742]: [_trace.py]: atrace: 85:       DEBUG:    [response_closed.complete]
[2024-05-01 22:32:55,742]: [_bot.py]: _do_post: 652:       DEBUG:    [Call to Bot API endpoint `sendDocument` finished with return value `{'message_id': 398, 'from': {'id': 6030805959, 'is_bot': True, 'first_name': 'TyPHoone_bot', 'username': 'TyPHoone_Project_bot'}, 'chat': {'id': -4119703192, 'title': 'Robocop', 'type': 'group', 'all_members_are_administrators': True}, 'date': 1714602775, 'document': {'file_name': '4-Nawdani.png', 'mime_type': 'image/png', 'thumbnail': {'file_id': 'AAMCBAADGQMAAgGOZjLDF5-wRh2rLmrVeDasPYlw9VsAAqsVAAKOWZhRHkOcyeezrfkBAAdtAAM0BA', 'file_unique_id': 'AQADqxUAAo5ZmFFy', 'file_size': 32385, 'width': 320, 'height': 320}, 'thumb': {'file_id': 'AAMCBAADGQMAAgGOZjLDF5-wRh2rLmrVeDasPYlw9VsAAqsVAAKOWZhRHkOcyeezrfkBAAdtAAM0BA', 'file_unique_id': 'AQADqxUAAo5ZmFFy', 'file_size': 32385, 'width': 320, 'height': 320}, 'file_id': 'BQACAgQAAxkDAAIBjmYywxefsEYdqy5q1Xg2rD2JcPVbAAKrFQACjlmYUR5DnMnns635NAQ', 'file_unique_id': 'AgADqxUAAo5ZmFE', 'file_size': 726594}}`]
[2024-05-01 22:32:55,743]: [_bot.py]: _do_post: 643:       DEBUG:    [Calling Bot API endpoint `sendDocument` with parameters `{'chat_id': '-4119703192', 'document': <telegram._files.inputfile.InputFile object at 0x7f4be0e55500>}`]
[2024-05-01 22:32:55,743]: [_trace.py]: atrace: 85:       DEBUG:    [send_request_headers.started request=<Request [b'POST']>]
[2024-05-01 22:32:55,743]: [_trace.py]: atrace: 85:       DEBUG:    [send_request_headers.complete]
[2024-05-01 22:32:55,743]: [_trace.py]: atrace: 85:       DEBUG:    [send_request_body.started request=<Request [b'POST']>]
[2024-05-01 22:32:55,744]: [_trace.py]: atrace: 85:       DEBUG:    [send_request_body.complete]
[2024-05-01 22:32:55,744]: [_trace.py]: atrace: 85:       DEBUG:    [receive_response_headers.started request=<Request [b'POST']>]
[2024-05-01 22:32:56,376]: [_trace.py]: atrace: 85:       DEBUG:    [receive_response_headers.complete return_value=(b'HTTP/1.1', 200, b'OK', [(b'Server', b'nginx/1.18.0'), (b'Date', b'Wed, 01 May 2024 22:32:56 GMT'), (b'Content-Type', b'application/json'), (b'Content-Length', b'822'), (b'Connection', b'keep-alive'), (b'Strict-Transport-Security', b'max-age=31536000; includeSubDomains; preload'), (b'Access-Control-Allow-Origin', b'*'), (b'Access-Control-Allow-Methods', b'GET, POST, OPTIONS'), (b'Access-Control-Expose-Headers', b'Content-Length,Content-Type,Date,Server,Connection')])]
[2024-05-01 22:32:56,377]: [_client.py]: _send_single_request: 1773:       INFO:    [HTTP Request: POST https://api.telegram.org/bot6030805959:AAGUHAMxLYc-PrevgKouJ3ZyM7ktu56ftjo/sendDocument "HTTP/1.1 200 OK"]
[2024-05-01 22:32:56,377]: [_trace.py]: atrace: 85:       DEBUG:    [receive_response_body.started request=<Request [b'POST']>]
[2024-05-01 22:32:56,377]: [_trace.py]: atrace: 85:       DEBUG:    [receive_response_body.complete]
[2024-05-01 22:32:56,377]: [_trace.py]: atrace: 85:       DEBUG:    [response_closed.started]
[2024-05-01 22:32:56,377]: [_trace.py]: atrace: 85:       DEBUG:    [response_closed.complete]
[2024-05-01 22:32:56,377]: [_bot.py]: _do_post: 652:       DEBUG:    [Call to Bot API endpoint `sendDocument` finished with return value `{'message_id': 399, 'from': {'id': 6030805959, 'is_bot': True, 'first_name': 'TyPHoone_bot', 'username': 'TyPHoone_Project_bot'}, 'chat': {'id': -4119703192, 'title': 'Robocop', 'type': 'group', 'all_members_are_administrators': True}, 'date': 1714602776, 'document': {'file_name': '3-Profill.png', 'mime_type': 'image/png', 'thumbnail': {'file_id': 'AAMCBAADGQMAAgGPZjLDGMcuIJfUDcQiJrBl6bygH1gAAqwVAAKOWZhR_NLUC63p4BMBAAdtAAM0BA', 'file_unique_id': 'AQADrBUAAo5ZmFFy', 'file_size': 31942, 'width': 320, 'height': 320}, 'thumb': {'file_id': 'AAMCBAADGQMAAgGPZjLDGMcuIJfUDcQiJrBl6bygH1gAAqwVAAKOWZhR_NLUC63p4BMBAAdtAAM0BA', 'file_unique_id': 'AQADrBUAAo5ZmFFy', 'file_size': 31942, 'width': 320, 'height': 320}, 'file_id': 'BQACAgQAAxkDAAIBj2YywxjHLiCX1A3EIiawZem8oB9YAAKsFQACjlmYUfzS1Aut6eATNAQ', 'file_unique_id': 'AgADrBUAAo5ZmFE', 'file_size': 665494}}`]
[2024-05-01 22:32:56,378]: [_bot.py]: _do_post: 643:       DEBUG:    [Calling Bot API endpoint `sendDocument` with parameters `{'chat_id': '-4119703192', 'document': <telegram._files.inputfile.InputFile object at 0x7f4be0874ec0>}`]
[2024-05-01 22:32:56,378]: [_trace.py]: atrace: 85:       DEBUG:    [send_request_headers.started request=<Request [b'POST']>]
[2024-05-01 22:32:56,378]: [_trace.py]: atrace: 85:       DEBUG:    [send_request_headers.complete]
[2024-05-01 22:32:56,378]: [_trace.py]: atrace: 85:       DEBUG:    [send_request_body.started request=<Request [b'POST']>]
[2024-05-01 22:32:56,379]: [_trace.py]: atrace: 85:       DEBUG:    [send_request_body.complete]
[2024-05-01 22:32:56,380]: [_trace.py]: atrace: 85:       DEBUG:    [receive_response_headers.started request=<Request [b'POST']>]
[2024-05-01 22:32:56,709]: [_trace.py]: atrace: 85:       DEBUG:    [receive_response_headers.complete return_value=(b'HTTP/1.1', 200, b'OK', [(b'Server', b'nginx/1.18.0'), (b'Date', b'Wed, 01 May 2024 22:32:56 GMT'), (b'Content-Type', b'application/json'), (b'Content-Length', b'828'), (b'Connection', b'keep-alive'), (b'Strict-Transport-Security', b'max-age=31536000; includeSubDomains; preload'), (b'Access-Control-Allow-Origin', b'*'), (b'Access-Control-Allow-Methods', b'GET, POST, OPTIONS'), (b'Access-Control-Expose-Headers', b'Content-Length,Content-Type,Date,Server,Connection')])]
[2024-05-01 22:32:56,709]: [_client.py]: _send_single_request: 1773:       INFO:    [HTTP Request: POST https://api.telegram.org/bot6030805959:AAGUHAMxLYc-PrevgKouJ3ZyM7ktu56ftjo/sendDocument "HTTP/1.1 200 OK"]
[2024-05-01 22:32:56,709]: [_trace.py]: atrace: 85:       DEBUG:    [receive_response_body.started request=<Request [b'POST']>]
[2024-05-01 22:32:56,709]: [_trace.py]: atrace: 85:       DEBUG:    [receive_response_body.complete]
[2024-05-01 22:32:56,709]: [_trace.py]: atrace: 85:       DEBUG:    [response_closed.started]
[2024-05-01 22:32:56,709]: [_trace.py]: atrace: 85:       DEBUG:    [response_closed.complete]
[2024-05-01 22:32:56,710]: [_bot.py]: _do_post: 652:       DEBUG:    [Call to Bot API endpoint `sendDocument` finished with return value `{'message_id': 400, 'from': {'id': 6030805959, 'is_bot': True, 'first_name': 'TyPHoone_bot', 'username': 'TyPHoone_Project_bot'}, 'chat': {'id': -4119703192, 'title': 'Robocop', 'type': 'group', 'all_members_are_administrators': True}, 'date': 1714602776, 'document': {'file_name': '7-Tasme_Maftoul.png', 'mime_type': 'image/png', 'thumbnail': {'file_id': 'AAMCBAADGQMAAgGQZjLDGMb1JsptTZSkxsr7dYu8a1cAAq0VAAKOWZhRHA3C6dZImg8BAAdtAAM0BA', 'file_unique_id': 'AQADrRUAAo5ZmFFy', 'file_size': 35245, 'width': 320, 'height': 320}, 'thumb': {'file_id': 'AAMCBAADGQMAAgGQZjLDGMb1JsptTZSkxsr7dYu8a1cAAq0VAAKOWZhRHA3C6dZImg8BAAdtAAM0BA', 'file_unique_id': 'AQADrRUAAo5ZmFFy', 'file_size': 35245, 'width': 320, 'height': 320}, 'file_id': 'BQACAgQAAxkDAAIBkGYywxjG9SbKbU2UpMbK-3WLvGtXAAKtFQACjlmYURwNwunWSJoPNAQ', 'file_unique_id': 'AgADrRUAAo5ZmFE', 'file_size': 694602}}`]
[2024-05-01 22:32:56,710]: [_bot.py]: _do_post: 643:       DEBUG:    [Calling Bot API endpoint `sendDocument` with parameters `{'chat_id': '-4119703192', 'document': <telegram._files.inputfile.InputFile object at 0x7f4be08cea00>}`]
[2024-05-01 22:32:56,711]: [_trace.py]: atrace: 85:       DEBUG:    [send_request_headers.started request=<Request [b'POST']>]
[2024-05-01 22:32:56,711]: [_trace.py]: atrace: 85:       DEBUG:    [send_request_headers.complete]
[2024-05-01 22:32:56,711]: [_trace.py]: atrace: 85:       DEBUG:    [send_request_body.started request=<Request [b'POST']>]
[2024-05-01 22:32:56,712]: [_trace.py]: atrace: 85:       DEBUG:    [send_request_body.complete]
[2024-05-01 22:32:56,712]: [_trace.py]: atrace: 85:       DEBUG:    [receive_response_headers.started request=<Request [b'POST']>]
[2024-05-01 22:32:56,895]: [_trace.py]: atrace: 85:       DEBUG:    [receive_response_headers.complete return_value=(b'HTTP/1.1', 200, b'OK', [(b'Server', b'nginx/1.18.0'), (b'Date', b'Wed, 01 May 2024 22:32:56 GMT'), (b'Content-Type', b'application/json'), (b'Content-Length', b'822'), (b'Connection', b'keep-alive'), (b'Strict-Transport-Security', b'max-age=31536000; includeSubDomains; preload'), (b'Access-Control-Allow-Origin', b'*'), (b'Access-Control-Allow-Methods', b'GET, POST, OPTIONS'), (b'Access-Control-Expose-Headers', b'Content-Length,Content-Type,Date,Server,Connection')])]
[2024-05-01 22:32:56,895]: [_client.py]: _send_single_request: 1773:       INFO:    [HTTP Request: POST https://api.telegram.org/bot6030805959:AAGUHAMxLYc-PrevgKouJ3ZyM7ktu56ftjo/sendDocument "HTTP/1.1 200 OK"]
[2024-05-01 22:32:56,895]: [_trace.py]: atrace: 85:       DEBUG:    [receive_response_body.started request=<Request [b'POST']>]
[2024-05-01 22:32:56,895]: [_trace.py]: atrace: 85:       DEBUG:    [receive_response_body.complete]
[2024-05-01 22:32:56,896]: [_trace.py]: atrace: 85:       DEBUG:    [response_closed.started]
[2024-05-01 22:32:56,896]: [_trace.py]: atrace: 85:       DEBUG:    [response_closed.complete]
[2024-05-01 22:32:56,896]: [_bot.py]: _do_post: 652:       DEBUG:    [Call to Bot API endpoint `sendDocument` finished with return value `{'message_id': 401, 'from': {'id': 6030805959, 'is_bot': True, 'first_name': 'TyPHoone_bot', 'username': 'TyPHoone_Project_bot'}, 'chat': {'id': -4119703192, 'title': 'Robocop', 'type': 'group', 'all_members_are_administrators': True}, 'date': 1714602776, 'document': {'file_name': '8-Khamoot.png', 'mime_type': 'image/png', 'thumbnail': {'file_id': 'AAMCBAADGQMAAgGRZjLDGJHp0GlVhmK9bYmBkueFzkkAAq4VAAKOWZhRjTEb1o2SqTYBAAdtAAM0BA', 'file_unique_id': 'AQADrhUAAo5ZmFFy', 'file_size': 26974, 'width': 320, 'height': 320}, 'thumb': {'file_id': 'AAMCBAADGQMAAgGRZjLDGJHp0GlVhmK9bYmBkueFzkkAAq4VAAKOWZhRjTEb1o2SqTYBAAdtAAM0BA', 'file_unique_id': 'AQADrhUAAo5ZmFFy', 'file_size': 26974, 'width': 320, 'height': 320}, 'file_id': 'BQACAgQAAxkDAAIBkWYywxiR6dBpVYZivW2JgZLnhc5JAAKuFQACjlmYUY0xG9aNkqk2NAQ', 'file_unique_id': 'AgADrhUAAo5ZmFE', 'file_size': 673373}}`]
[2024-05-01 22:32:56,896]: [_bot.py]: _do_post: 643:       DEBUG:    [Calling Bot API endpoint `sendDocument` with parameters `{'chat_id': '-4119703192', 'document': <telegram._files.inputfile.InputFile object at 0x7f4be0d3bc40>}`]
[2024-05-01 22:32:56,897]: [_trace.py]: atrace: 85:       DEBUG:    [send_request_headers.started request=<Request [b'POST']>]
[2024-05-01 22:32:56,897]: [_trace.py]: atrace: 85:       DEBUG:    [send_request_headers.complete]
[2024-05-01 22:32:56,897]: [_trace.py]: atrace: 85:       DEBUG:    [send_request_body.started request=<Request [b'POST']>]
[2024-05-01 22:32:56,898]: [_trace.py]: atrace: 85:       DEBUG:    [send_request_body.complete]
[2024-05-01 22:32:56,898]: [_trace.py]: atrace: 85:       DEBUG:    [receive_response_headers.started request=<Request [b'POST']>]
[2024-05-01 22:32:57,126]: [_trace.py]: atrace: 85:       DEBUG:    [receive_response_headers.complete return_value=(b'HTTP/1.1', 200, b'OK', [(b'Server', b'nginx/1.18.0'), (b'Date', b'Wed, 01 May 2024 22:32:57 GMT'), (b'Content-Type', b'application/json'), (b'Content-Length', b'820'), (b'Connection', b'keep-alive'), (b'Strict-Transport-Security', b'max-age=31536000; includeSubDomains; preload'), (b'Access-Control-Allow-Origin', b'*'), (b'Access-Control-Allow-Methods', b'GET, POST, OPTIONS'), (b'Access-Control-Expose-Headers', b'Content-Length,Content-Type,Date,Server,Connection')])]
[2024-05-01 22:32:57,127]: [_client.py]: _send_single_request: 1773:       INFO:    [HTTP Request: POST https://api.telegram.org/bot6030805959:AAGUHAMxLYc-PrevgKouJ3ZyM7ktu56ftjo/sendDocument "HTTP/1.1 200 OK"]
[2024-05-01 22:32:57,127]: [_trace.py]: atrace: 85:       DEBUG:    [receive_response_body.started request=<Request [b'POST']>]
[2024-05-01 22:32:57,127]: [_trace.py]: atrace: 85:       DEBUG:    [receive_response_body.complete]
[2024-05-01 22:32:57,127]: [_trace.py]: atrace: 85:       DEBUG:    [response_closed.started]
[2024-05-01 22:32:57,127]: [_trace.py]: atrace: 85:       DEBUG:    [response_closed.complete]
[2024-05-01 22:32:57,127]: [_bot.py]: _do_post: 652:       DEBUG:    [Call to Bot API endpoint `sendDocument` finished with return value `{'message_id': 402, 'from': {'id': 6030805959, 'is_bot': True, 'first_name': 'TyPHoone_bot', 'username': 'TyPHoone_Project_bot'}, 'chat': {'id': -4119703192, 'title': 'Robocop', 'type': 'group', 'all_members_are_administrators': True}, 'date': 1714602777, 'document': {'file_name': '0-cover.png', 'mime_type': 'image/png', 'thumbnail': {'file_id': 'AAMCBAADGQMAAgGSZjLDGMvJcDwF2XZVWhv1Njqme0EAAq8VAAKOWZhRWSP4HVLHDsEBAAdtAAM0BA', 'file_unique_id': 'AQADrxUAAo5ZmFFy', 'file_size': 33655, 'width': 320, 'height': 320}, 'thumb': {'file_id': 'AAMCBAADGQMAAgGSZjLDGMvJcDwF2XZVWhv1Njqme0EAAq8VAAKOWZhRWSP4HVLHDsEBAAdtAAM0BA', 'file_unique_id': 'AQADrxUAAo5ZmFFy', 'file_size': 33655, 'width': 320, 'height': 320}, 'file_id': 'BQACAgQAAxkDAAIBkmYywxjLyXA8Bdl2VVob9TY6pntBAAKvFQACjlmYUVkj-B1Sxw7BNAQ', 'file_unique_id': 'AgADrxUAAo5ZmFE', 'file_size': 831831}}`]
[2024-05-01 22:32:57,128]: [_trace.py]: atrace: 85:       DEBUG:    [close.started]
[2024-05-01 22:32:57,128]: [_trace.py]: atrace: 85:       DEBUG:    [close.complete]
[2024-05-01 22:32:57,128]: [_config.py]: load_ssl_context: 80:       DEBUG:    [load_ssl_context verify=True cert=None trust_env=True http2=False]
[2024-05-01 22:32:57,129]: [_config.py]: load_ssl_context_verify: 146:       DEBUG:    [load_verify_locations cafile='/opt/hostedtoolcache/Python/3.12.3/x64/lib/python3.12/site-packages/certifi/cacert.pem']
[2024-05-01 22:32:57,155]: [_config.py]: load_ssl_context: 80:       DEBUG:    [load_ssl_context verify=True cert=None trust_env=True http2=False]
[2024-05-01 22:32:57,155]: [_config.py]: load_ssl_context_verify: 146:       DEBUG:    [load_verify_locations cafile='/opt/hostedtoolcache/Python/3.12.3/x64/lib/python3.12/site-packages/certifi/cacert.pem']
[2024-05-01 22:32:57,182]: [_bot.py]: _do_post: 643:       DEBUG:    [Calling Bot API endpoint `getMe` with parameters `{}`]
[2024-05-01 22:32:57,182]: [_trace.py]: atrace: 85:       DEBUG:    [connect_tcp.started host='api.telegram.org' port=443 local_address=None timeout=5.0 socket_options=None]
[2024-05-01 22:32:57,268]: [_trace.py]: atrace: 85:       DEBUG:    [connect_tcp.complete return_value=<httpcore._backends.anyio.AnyIOStream object at 0x7f4be090a1e0>]
[2024-05-01 22:32:57,268]: [_trace.py]: atrace: 85:       DEBUG:    [start_tls.started ssl_context=<ssl.SSLContext object at 0x7f4be09ddd50> server_hostname='api.telegram.org' timeout=5.0]
[2024-05-01 22:32:57,355]: [_trace.py]: atrace: 85:       DEBUG:    [start_tls.complete return_value=<httpcore._backends.anyio.AnyIOStream object at 0x7f4bdf722120>]
[2024-05-01 22:32:57,355]: [_trace.py]: atrace: 85:       DEBUG:    [send_request_headers.started request=<Request [b'POST']>]
[2024-05-01 22:32:57,355]: [_trace.py]: atrace: 85:       DEBUG:    [send_request_headers.complete]
[2024-05-01 22:32:57,355]: [_trace.py]: atrace: 85:       DEBUG:    [send_request_body.started request=<Request [b'POST']>]
[2024-05-01 22:32:57,356]: [_trace.py]: atrace: 85:       DEBUG:    [send_request_body.complete]
[2024-05-01 22:32:57,356]: [_trace.py]: atrace: 85:       DEBUG:    [receive_response_headers.started request=<Request [b'POST']>]
[2024-05-01 22:32:57,442]: [_trace.py]: atrace: 85:       DEBUG:    [receive_response_headers.complete return_value=(b'HTTP/1.1', 200, b'OK', [(b'Server', b'nginx/1.18.0'), (b'Date', b'Wed, 01 May 2024 22:32:57 GMT'), (b'Content-Type', b'application/json'), (b'Content-Length', b'237'), (b'Connection', b'keep-alive'), (b'Strict-Transport-Security', b'max-age=31536000; includeSubDomains; preload'), (b'Access-Control-Allow-Origin', b'*'), (b'Access-Control-Allow-Methods', b'GET, POST, OPTIONS'), (b'Access-Control-Expose-Headers', b'Content-Length,Content-Type,Date,Server,Connection')])]
[2024-05-01 22:32:57,443]: [_client.py]: _send_single_request: 1773:       INFO:    [HTTP Request: POST https://api.telegram.org/bot6030805959:AAGUHAMxLYc-PrevgKouJ3ZyM7ktu56ftjo/getMe "HTTP/1.1 200 OK"]
[2024-05-01 22:32:57,443]: [_trace.py]: atrace: 85:       DEBUG:    [receive_response_body.started request=<Request [b'POST']>]
[2024-05-01 22:32:57,443]: [_trace.py]: atrace: 85:       DEBUG:    [receive_response_body.complete]
[2024-05-01 22:32:57,443]: [_trace.py]: atrace: 85:       DEBUG:    [response_closed.started]
[2024-05-01 22:32:57,443]: [_trace.py]: atrace: 85:       DEBUG:    [response_closed.complete]
[2024-05-01 22:32:57,443]: [_bot.py]: _do_post: 652:       DEBUG:    [Call to Bot API endpoint `getMe` finished with return value `{'id': 6030805959, 'is_bot': True, 'first_name': 'TyPHoone_bot', 'username': 'TyPHoone_Project_bot', 'can_join_groups': True, 'can_read_all_group_messages': False, 'supports_inline_queries': False, 'can_connect_to_business': False}`]
[2024-05-01 22:32:57,444]: [_trace.py]: atrace: 85:       DEBUG:    [close.started]
[2024-05-01 22:32:57,444]: [_trace.py]: atrace: 85:       DEBUG:    [close.complete]
[2024-05-01 22:32:57,444]: [Telegram_Sender.py]: runner: 39:       CRITICAL:    [Files Didnt sent]
[2024-05-01 22:32:57,444]: [Main.py]: <module>: 48:       INFO:    [Finished]
