[2025-09-18 11:39:33,921]: [Main.py]: <module>: 21:       INFO:    [Started]
[2025-09-18 11:39:35,673]: [Iron_Scraper.py]: Scrap: 32:       INFO:    [Data Scaraped Successfully]
[2025-09-18 11:39:35,874]: [Iron_Scraper.py]: Scrap: 70:       INFO:    [Scrapped Data Has No Problem]
[2025-09-18 11:39:35,874]: [Iron_Scraper.py]: Scrap: 83:       INFO:    [Data Saved Successfully]
[2025-09-18 11:39:35,874]: [Iron.py]: Run: 26:       INFO:    [Scraping Phase Completed]
[2025-09-18 11:39:35,875]: [Iron_Data_Processor.py]: Data_Reader: 61:       INFO:    [Data File Has Been Red Successfully]
[2025-09-18 11:39:35,875]: [Iron_Data_Processor.py]: Shaper: 78:       INFO:    [Data Shaped]
[2025-09-18 11:39:35,875]: [Iron_Data_Processor.py]: Process: 228:       INFO:    [Data Cleaned]
[2025-09-18 11:39:35,875]: [Iron_Data_Processor.py]: Make_Pages_Objects: 101:       INFO:    [Page Objects Has Been Made]
[2025-09-18 11:39:35,875]: [Iron_Data_Processor.py]: Make_Pages_Objects: 101:       INFO:    [Page Objects Has Been Made]
[2025-09-18 11:39:35,875]: [Iron_Data_Processor.py]: Load_Data: 118:       INFO:    [Data Has Been Load]
[2025-09-18 11:39:35,875]: [Iron_Data_Processor.py]: Load_Data: 118:       INFO:    [Data Has Been Load]
[2025-09-18 11:39:35,875]: [Iron_Data_Processor.py]: Load_positions: 140:       INFO:    [Positions Are Ready]
[2025-09-18 11:39:35,876]: [Iron_Data_Processor.py]: Load_positions: 140:       INFO:    [Positions Are Ready]
[2025-09-18 11:39:36,990]: [Iron_Data_Processor.py]: Make_Tagged_Images: 193:       INFO:    [Images Has Been Made]
[2025-09-18 11:39:37,939]: [Iron_Data_Processor.py]: Make_Tagged_Images: 193:       INFO:    [Images Has Been Made]
[2025-09-18 11:39:38,192]: [Iron_Data_Processor.py]: Make_Cover_Page: 215:       INFO:    [Made Cover Pages]
[2025-09-18 11:39:38,192]: [Iron.py]: Run: 29:       INFO:    [Imagination Phase Completed]
[2025-09-18 11:39:42,020]: [Phone_Scraper.py]: Scrap: 58:       INFO:    [Data Scraped]
[2025-09-18 11:39:42,020]: [Phone_Scraper.py]: Scrap: 71:       INFO:    [Scraped Data Successfully]
[2025-09-18 11:39:42,020]: [Phone.py]: Run: 26:       INFO:    [Scraping Phase Complete]
[2025-09-18 11:39:42,020]: [Phone_Data_Processor.py]: data_reader: 38:       INFO:    [Scraped Data Loaded]
[2025-09-18 11:39:42,021]: [Phone_Data_Processor.py]: filter_list: 65:       INFO:    [Persian Phrases Are deleted]
[2025-09-18 11:39:42,022]: [Phone_Data_Processor.py]: reshape_list: 87:       INFO:    [Date Reshaped]
[2025-09-18 11:39:42,022]: [Phone_Data_Processor.py]: separate_brands: 124:       INFO:    [Brands Are Separated]
[2025-09-18 11:39:42,022]: [Phone_Data_Processor.py]: delete_extra_spaces: 141:       INFO:    [Extra Spaces Are Deleted]
[2025-09-18 11:39:42,757]: [Phone.py]: Run: 29:       INFO:    [Imagination Phase Complete]
[2025-09-18 11:39:42,757]: [selector_events.py]: __init__: 64:       DEBUG:    [Using selector: EpollSelector]
[2025-09-18 11:39:43,034]: [_bot.py]: _do_post: 643:       DEBUG:    [Calling Bot API endpoint `getMe` with parameters `{}`]
[2025-09-18 11:39:43,039]: [_trace.py]: atrace: 87:       DEBUG:    [connect_tcp.started host='api.telegram.org' port=443 local_address=None timeout=5.0 socket_options=None]
[2025-09-18 11:39:43,360]: [_trace.py]: atrace: 87:       DEBUG:    [connect_tcp.complete return_value=<httpcore._backends.anyio.AnyIOStream object at 0x7f6b45f34140>]
[2025-09-18 11:39:43,360]: [_trace.py]: atrace: 87:       DEBUG:    [start_tls.started ssl_context=<ssl.SSLContext object at 0x7f6b45eb9cd0> server_hostname='api.telegram.org' timeout=5.0]
[2025-09-18 11:39:43,469]: [_trace.py]: atrace: 87:       DEBUG:    [start_tls.complete return_value=<httpcore._backends.anyio.AnyIOStream object at 0x7f6b45e9e750>]
[2025-09-18 11:39:43,469]: [_trace.py]: atrace: 87:       DEBUG:    [send_request_headers.started request=<Request [b'POST']>]
[2025-09-18 11:39:43,470]: [_trace.py]: atrace: 87:       DEBUG:    [send_request_headers.complete]
[2025-09-18 11:39:43,470]: [_trace.py]: atrace: 87:       DEBUG:    [send_request_body.started request=<Request [b'POST']>]
[2025-09-18 11:39:43,470]: [_trace.py]: atrace: 87:       DEBUG:    [send_request_body.complete]
[2025-09-18 11:39:43,470]: [_trace.py]: atrace: 87:       DEBUG:    [receive_response_headers.started request=<Request [b'POST']>]
[2025-09-18 11:39:43,582]: [_trace.py]: atrace: 87:       DEBUG:    [receive_response_headers.complete return_value=(b'HTTP/1.1', 200, b'OK', [(b'Server', b'nginx/1.18.0'), (b'Date', b'Thu, 18 Sep 2025 11:39:43 GMT'), (b'Content-Type', b'application/json'), (b'Content-Length', b'258'), (b'Connection', b'keep-alive'), (b'Strict-Transport-Security', b'max-age=31536000; includeSubDomains; preload'), (b'Access-Control-Allow-Origin', b'*'), (b'Access-Control-Allow-Methods', b'GET, POST, OPTIONS'), (b'Access-Control-Expose-Headers', b'Content-Length,Content-Type,Date,Server,Connection')])]
[2025-09-18 11:39:43,582]: [_client.py]: _send_single_request: 1740:       INFO:    [HTTP Request: POST https://api.telegram.org/bot6030805959:AAGUHAMxLYc-PrevgKouJ3ZyM7ktu56ftjo/getMe "HTTP/1.1 200 OK"]
[2025-09-18 11:39:43,583]: [_trace.py]: atrace: 87:       DEBUG:    [receive_response_body.started request=<Request [b'POST']>]
[2025-09-18 11:39:43,583]: [_trace.py]: atrace: 87:       DEBUG:    [receive_response_body.complete]
[2025-09-18 11:39:43,583]: [_trace.py]: atrace: 87:       DEBUG:    [response_closed.started]
[2025-09-18 11:39:43,583]: [_trace.py]: atrace: 87:       DEBUG:    [response_closed.complete]
[2025-09-18 11:39:43,583]: [_bot.py]: _do_post: 652:       DEBUG:    [Call to Bot API endpoint `getMe` finished with return value `{'id': 6030805959, 'is_bot': True, 'first_name': 'TyPHoone', 'username': 'TyPHoone_Project_bot', 'can_join_groups': True, 'can_read_all_group_messages': False, 'supports_inline_queries': False, 'can_connect_to_business': False, 'has_main_web_app': False}`]
[2025-09-18 11:39:43,586]: [_bot.py]: _do_post: 643:       DEBUG:    [Calling Bot API endpoint `sendDocument` with parameters `{'chat_id': '-4119703192', 'document': <telegram._files.inputfile.InputFile object at 0x7f6b455daf80>}`]
[2025-09-18 11:39:43,586]: [_trace.py]: atrace: 87:       DEBUG:    [send_request_headers.started request=<Request [b'POST']>]
[2025-09-18 11:39:43,587]: [_trace.py]: atrace: 87:       DEBUG:    [send_request_headers.complete]
[2025-09-18 11:39:43,587]: [_trace.py]: atrace: 87:       DEBUG:    [send_request_body.started request=<Request [b'POST']>]
[2025-09-18 11:39:43,587]: [_trace.py]: atrace: 87:       DEBUG:    [send_request_body.complete]
[2025-09-18 11:39:43,587]: [_trace.py]: atrace: 87:       DEBUG:    [receive_response_headers.started request=<Request [b'POST']>]
[2025-09-18 11:39:43,839]: [_trace.py]: atrace: 87:       DEBUG:    [receive_response_headers.complete return_value=(b'HTTP/1.1', 200, b'OK', [(b'Server', b'nginx/1.18.0'), (b'Date', b'Thu, 18 Sep 2025 11:39:43 GMT'), (b'Content-Type', b'application/json'), (b'Content-Length', b'584'), (b'Connection', b'keep-alive'), (b'Strict-Transport-Security', b'max-age=31536000; includeSubDomains; preload'), (b'Access-Control-Allow-Origin', b'*'), (b'Access-Control-Allow-Methods', b'GET, POST, OPTIONS'), (b'Access-Control-Expose-Headers', b'Content-Length,Content-Type,Date,Server,Connection')])]
[2025-09-18 11:39:43,839]: [_client.py]: _send_single_request: 1740:       INFO:    [HTTP Request: POST https://api.telegram.org/bot6030805959:AAGUHAMxLYc-PrevgKouJ3ZyM7ktu56ftjo/sendDocument "HTTP/1.1 200 OK"]
[2025-09-18 11:39:43,839]: [_trace.py]: atrace: 87:       DEBUG:    [receive_response_body.started request=<Request [b'POST']>]
[2025-09-18 11:39:43,839]: [_trace.py]: atrace: 87:       DEBUG:    [receive_response_body.complete]
[2025-09-18 11:39:43,839]: [_trace.py]: atrace: 87:       DEBUG:    [response_closed.started]
[2025-09-18 11:39:43,839]: [_trace.py]: atrace: 87:       DEBUG:    [response_closed.complete]
[2025-09-18 11:39:43,839]: [_bot.py]: _do_post: 652:       DEBUG:    [Call to Bot API endpoint `sendDocument` finished with return value `{'message_id': 2611, 'from': {'id': 6030805959, 'is_bot': True, 'first_name': 'TyPHoone', 'username': 'TyPHoone_Project_bot'}, 'chat': {'id': -4119703192, 'title': 'Robocop', 'type': 'group', 'all_members_are_administrators': True, 'accepted_gift_types': {'unlimited_gifts': False, 'limited_gifts': False, 'unique_gifts': False, 'premium_subscription': False}}, 'date': 1758195583, 'document': {'file_name': '(2025_09_18--11_39).log', 'mime_type': 'text/plain', 'file_id': 'BQACAgQAAxkDAAIKM2jL738anHahPI9kkHE9PtfalHfHAAIPHQACy8FgUn-A2enX8PWSNgQ', 'file_unique_id': 'AgADDx0AAsvBYFI', 'file_size': 5937}}`]
[2025-09-18 11:39:43,840]: [_trace.py]: atrace: 87:       DEBUG:    [close.started]
[2025-09-18 11:39:43,840]: [_trace.py]: atrace: 87:       DEBUG:    [close.complete]
[2025-09-18 11:39:43,884]: [_bot.py]: _do_post: 643:       DEBUG:    [Calling Bot API endpoint `getMe` with parameters `{}`]
[2025-09-18 11:39:43,885]: [_trace.py]: atrace: 87:       DEBUG:    [connect_tcp.started host='api.telegram.org' port=443 local_address=None timeout=5.0 socket_options=None]
[2025-09-18 11:39:43,993]: [_trace.py]: atrace: 87:       DEBUG:    [connect_tcp.complete return_value=<httpcore._backends.anyio.AnyIOStream object at 0x7f6b45496bd0>]
[2025-09-18 11:39:43,993]: [_trace.py]: atrace: 87:       DEBUG:    [start_tls.started ssl_context=<ssl.SSLContext object at 0x7f6b45eb9bd0> server_hostname='api.telegram.org' timeout=5.0]
[2025-09-18 11:39:44,102]: [_trace.py]: atrace: 87:       DEBUG:    [start_tls.complete return_value=<httpcore._backends.anyio.AnyIOStream object at 0x7f6b4547ffe0>]
[2025-09-18 11:39:44,102]: [_trace.py]: atrace: 87:       DEBUG:    [send_request_headers.started request=<Request [b'POST']>]
[2025-09-18 11:39:44,103]: [_trace.py]: atrace: 87:       DEBUG:    [send_request_headers.complete]
[2025-09-18 11:39:44,103]: [_trace.py]: atrace: 87:       DEBUG:    [send_request_body.started request=<Request [b'POST']>]
[2025-09-18 11:39:44,103]: [_trace.py]: atrace: 87:       DEBUG:    [send_request_body.complete]
[2025-09-18 11:39:44,103]: [_trace.py]: atrace: 87:       DEBUG:    [receive_response_headers.started request=<Request [b'POST']>]
[2025-09-18 11:39:44,210]: [_trace.py]: atrace: 87:       DEBUG:    [receive_response_headers.complete return_value=(b'HTTP/1.1', 200, b'OK', [(b'Server', b'nginx/1.18.0'), (b'Date', b'Thu, 18 Sep 2025 11:39:44 GMT'), (b'Content-Type', b'application/json'), (b'Content-Length', b'258'), (b'Connection', b'keep-alive'), (b'Strict-Transport-Security', b'max-age=31536000; includeSubDomains; preload'), (b'Access-Control-Allow-Origin', b'*'), (b'Access-Control-Allow-Methods', b'GET, POST, OPTIONS'), (b'Access-Control-Expose-Headers', b'Content-Length,Content-Type,Date,Server,Connection')])]
[2025-09-18 11:39:44,210]: [_client.py]: _send_single_request: 1740:       INFO:    [HTTP Request: POST https://api.telegram.org/bot6030805959:AAGUHAMxLYc-PrevgKouJ3ZyM7ktu56ftjo/getMe "HTTP/1.1 200 OK"]
[2025-09-18 11:39:44,210]: [_trace.py]: atrace: 87:       DEBUG:    [receive_response_body.started request=<Request [b'POST']>]
[2025-09-18 11:39:44,210]: [_trace.py]: atrace: 87:       DEBUG:    [receive_response_body.complete]
[2025-09-18 11:39:44,210]: [_trace.py]: atrace: 87:       DEBUG:    [response_closed.started]
[2025-09-18 11:39:44,210]: [_trace.py]: atrace: 87:       DEBUG:    [response_closed.complete]
[2025-09-18 11:39:44,210]: [_bot.py]: _do_post: 652:       DEBUG:    [Call to Bot API endpoint `getMe` finished with return value `{'id': 6030805959, 'is_bot': True, 'first_name': 'TyPHoone', 'username': 'TyPHoone_Project_bot', 'can_join_groups': True, 'can_read_all_group_messages': False, 'supports_inline_queries': False, 'can_connect_to_business': False, 'has_main_web_app': False}`]
[2025-09-18 11:39:44,213]: [_bot.py]: _do_post: 643:       DEBUG:    [Calling Bot API endpoint `sendDocument` with parameters `{'chat_id': '-4119703192', 'document': <telegram._files.inputfile.InputFile object at 0x7f6b45ed5dc0>}`]
[2025-09-18 11:39:44,213]: [_trace.py]: atrace: 87:       DEBUG:    [send_request_headers.started request=<Request [b'POST']>]
[2025-09-18 11:39:44,214]: [_trace.py]: atrace: 87:       DEBUG:    [send_request_headers.complete]
[2025-09-18 11:39:44,214]: [_trace.py]: atrace: 87:       DEBUG:    [send_request_body.started request=<Request [b'POST']>]
[2025-09-18 11:39:45,281]: [_trace.py]: atrace: 87:       DEBUG:    [send_request_body.complete]
[2025-09-18 11:39:45,281]: [_trace.py]: atrace: 87:       DEBUG:    [receive_response_headers.started request=<Request [b'POST']>]
[2025-09-18 11:39:46,112]: [_trace.py]: atrace: 87:       DEBUG:    [receive_response_headers.complete return_value=(b'HTTP/1.1', 200, b'OK', [(b'Server', b'nginx/1.18.0'), (b'Date', b'Thu, 18 Sep 2025 11:39:46 GMT'), (b'Content-Type', b'application/json'), (b'Content-Length', b'599'), (b'Connection', b'keep-alive'), (b'Strict-Transport-Security', b'max-age=31536000; includeSubDomains; preload'), (b'Access-Control-Allow-Origin', b'*'), (b'Access-Control-Allow-Methods', b'GET, POST, OPTIONS'), (b'Access-Control-Expose-Headers', b'Content-Length,Content-Type,Date,Server,Connection')])]
[2025-09-18 11:39:46,113]: [_client.py]: _send_single_request: 1740:       INFO:    [HTTP Request: POST https://api.telegram.org/bot6030805959:AAGUHAMxLYc-PrevgKouJ3ZyM7ktu56ftjo/sendDocument "HTTP/1.1 200 OK"]
[2025-09-18 11:39:46,113]: [_trace.py]: atrace: 87:       DEBUG:    [receive_response_body.started request=<Request [b'POST']>]
[2025-09-18 11:39:46,113]: [_trace.py]: atrace: 87:       DEBUG:    [receive_response_body.complete]
[2025-09-18 11:39:46,113]: [_trace.py]: atrace: 87:       DEBUG:    [response_closed.started]
[2025-09-18 11:39:46,113]: [_trace.py]: atrace: 87:       DEBUG:    [response_closed.complete]
[2025-09-18 11:39:46,113]: [_bot.py]: _do_post: 652:       DEBUG:    [Call to Bot API endpoint `sendDocument` finished with return value `{'message_id': 2612, 'from': {'id': 6030805959, 'is_bot': True, 'first_name': 'TyPHoone', 'username': 'TyPHoone_Project_bot'}, 'chat': {'id': -4119703192, 'title': 'Robocop', 'type': 'group', 'all_members_are_administrators': True, 'accepted_gift_types': {'unlimited_gifts': False, 'limited_gifts': False, 'unique_gifts': False, 'premium_subscription': False}}, 'date': 1758195586, 'document': {'file_name': '(2025_09_18--11_39)output.zip', 'mime_type': 'application/zip', 'file_id': 'BQACAgQAAxkDAAIKNGjL74FhUZiFj9n50GCA9ugtXiRSAAIQHQACy8FgUmUIMcVPq-U1NgQ', 'file_unique_id': 'AgADEB0AAsvBYFI', 'file_size': 10092786}}`]
[2025-09-18 11:39:46,114]: [_trace.py]: atrace: 87:       DEBUG:    [close.started]
[2025-09-18 11:39:46,114]: [_trace.py]: atrace: 87:       DEBUG:    [close.complete]
[2025-09-18 11:39:46,114]: [Telegram_Sender.py]: runner: 61:       INFO:    [sent successfully]
[2025-09-18 11:39:46,115]: [Main.py]: <module>: 48:       INFO:    [Finished]
