[2024-11-23 11:38:45,936]: [Main.py]: <module>: 21:       INFO:    [Started]
[2024-11-23 11:38:47,503]: [Iron_Scraper.py]: Scrap: 32:       INFO:    [Data Scaraped Successfully]
[2024-11-23 11:38:47,557]: [Iron_Scraper.py]: Scrap: 70:       INFO:    [Scrapped Data Has No Problem]
[2024-11-23 11:38:47,558]: [Iron_Scraper.py]: Scrap: 83:       INFO:    [Data Saved Successfully]
[2024-11-23 11:38:47,558]: [Iron.py]: Run: 26:       INFO:    [Scraping Phase Completed]
[2024-11-23 11:38:47,558]: [Iron_Data_Processor.py]: Data_Reader: 61:       INFO:    [Data File Has Been Red Successfully]
[2024-11-23 11:38:47,558]: [Iron_Data_Processor.py]: Shaper: 78:       INFO:    [Data Shaped]
[2024-11-23 11:38:47,558]: [Iron_Data_Processor.py]: Process: 228:       INFO:    [Data Cleaned]
[2024-11-23 11:38:47,558]: [Iron_Data_Processor.py]: Make_Pages_Objects: 101:       INFO:    [Page Objects Has Been Made]
[2024-11-23 11:38:47,558]: [Iron_Data_Processor.py]: Make_Pages_Objects: 101:       INFO:    [Page Objects Has Been Made]
[2024-11-23 11:38:47,558]: [Iron_Data_Processor.py]: Load_Data: 118:       INFO:    [Data Has Been Load]
[2024-11-23 11:38:47,558]: [Iron_Data_Processor.py]: Load_Data: 118:       INFO:    [Data Has Been Load]
[2024-11-23 11:38:47,558]: [Iron_Data_Processor.py]: Load_positions: 140:       INFO:    [Positions Are Ready]
[2024-11-23 11:38:47,558]: [Iron_Data_Processor.py]: Load_positions: 140:       INFO:    [Positions Are Ready]
[2024-11-23 11:38:48,632]: [Iron_Data_Processor.py]: Make_Tagged_Images: 193:       INFO:    [Images Has Been Made]
[2024-11-23 11:38:49,533]: [Iron_Data_Processor.py]: Make_Tagged_Images: 193:       INFO:    [Images Has Been Made]
[2024-11-23 11:38:49,787]: [Iron_Data_Processor.py]: Make_Cover_Page: 215:       INFO:    [Made Cover Pages]
[2024-11-23 11:38:49,787]: [Iron.py]: Run: 29:       INFO:    [Imagination Phase Completed]
[2024-11-23 11:38:52,926]: [Phone_Scraper.py]: Scrap: 58:       INFO:    [Data Scraped]
[2024-11-23 11:38:52,926]: [Phone_Scraper.py]: Scrap: 71:       INFO:    [Scraped Data Successfully]
[2024-11-23 11:38:52,926]: [Phone.py]: Run: 26:       INFO:    [Scraping Phase Complete]
[2024-11-23 11:38:52,926]: [Phone_Data_Processor.py]: data_reader: 38:       INFO:    [Scraped Data Loaded]
[2024-11-23 11:38:52,927]: [Phone_Data_Processor.py]: filter_list: 65:       INFO:    [Persian Phrases Are deleted]
[2024-11-23 11:38:52,928]: [Phone_Data_Processor.py]: reshape_list: 87:       INFO:    [Date Reshaped]
[2024-11-23 11:38:52,928]: [Phone_Data_Processor.py]: separate_brands: 124:       INFO:    [Brands Are Separated]
[2024-11-23 11:38:52,929]: [Phone_Data_Processor.py]: delete_extra_spaces: 141:       INFO:    [Extra Spaces Are Deleted]
[2024-11-23 11:38:53,705]: [Phone.py]: Run: 29:       INFO:    [Imagination Phase Complete]
[2024-11-23 11:38:53,705]: [selector_events.py]: __init__: 64:       DEBUG:    [Using selector: EpollSelector]
[2024-11-23 11:38:54,034]: [_bot.py]: _do_post: 643:       DEBUG:    [Calling Bot API endpoint `getMe` with parameters `{}`]
[2024-11-23 11:38:54,039]: [_trace.py]: atrace: 87:       DEBUG:    [connect_tcp.started host='api.telegram.org' port=443 local_address=None timeout=5.0 socket_options=None]
[2024-11-23 11:38:54,169]: [_trace.py]: atrace: 87:       DEBUG:    [connect_tcp.complete return_value=<httpcore._backends.anyio.AnyIOStream object at 0x7f24cf6ae060>]
[2024-11-23 11:38:54,169]: [_trace.py]: atrace: 87:       DEBUG:    [start_tls.started ssl_context=<ssl.SSLContext object at 0x7f24cfd37bd0> server_hostname='api.telegram.org' timeout=5.0]
[2024-11-23 11:38:54,255]: [_trace.py]: atrace: 87:       DEBUG:    [start_tls.complete return_value=<httpcore._backends.anyio.AnyIOStream object at 0x7f24cf6aff20>]
[2024-11-23 11:38:54,256]: [_trace.py]: atrace: 87:       DEBUG:    [send_request_headers.started request=<Request [b'POST']>]
[2024-11-23 11:38:54,256]: [_trace.py]: atrace: 87:       DEBUG:    [send_request_headers.complete]
[2024-11-23 11:38:54,256]: [_trace.py]: atrace: 87:       DEBUG:    [send_request_body.started request=<Request [b'POST']>]
[2024-11-23 11:38:54,256]: [_trace.py]: atrace: 87:       DEBUG:    [send_request_body.complete]
[2024-11-23 11:38:54,256]: [_trace.py]: atrace: 87:       DEBUG:    [receive_response_headers.started request=<Request [b'POST']>]
[2024-11-23 11:38:54,341]: [_trace.py]: atrace: 87:       DEBUG:    [receive_response_headers.complete return_value=(b'HTTP/1.1', 200, b'OK', [(b'Server', b'nginx/1.18.0'), (b'Date', b'Sat, 23 Nov 2024 11:38:54 GMT'), (b'Content-Type', b'application/json'), (b'Content-Length', b'258'), (b'Connection', b'keep-alive'), (b'Strict-Transport-Security', b'max-age=31536000; includeSubDomains; preload'), (b'Access-Control-Allow-Origin', b'*'), (b'Access-Control-Allow-Methods', b'GET, POST, OPTIONS'), (b'Access-Control-Expose-Headers', b'Content-Length,Content-Type,Date,Server,Connection')])]
[2024-11-23 11:38:54,341]: [_client.py]: _send_single_request: 1786:       INFO:    [HTTP Request: POST https://api.telegram.org/bot6030805959:AAGUHAMxLYc-PrevgKouJ3ZyM7ktu56ftjo/getMe "HTTP/1.1 200 OK"]
[2024-11-23 11:38:54,341]: [_trace.py]: atrace: 87:       DEBUG:    [receive_response_body.started request=<Request [b'POST']>]
[2024-11-23 11:38:54,341]: [_trace.py]: atrace: 87:       DEBUG:    [receive_response_body.complete]
[2024-11-23 11:38:54,341]: [_trace.py]: atrace: 87:       DEBUG:    [response_closed.started]
[2024-11-23 11:38:54,341]: [_trace.py]: atrace: 87:       DEBUG:    [response_closed.complete]
[2024-11-23 11:38:54,342]: [_bot.py]: _do_post: 652:       DEBUG:    [Call to Bot API endpoint `getMe` finished with return value `{'id': 6030805959, 'is_bot': True, 'first_name': 'TyPHoone', 'username': 'TyPHoone_Project_bot', 'can_join_groups': True, 'can_read_all_group_messages': False, 'supports_inline_queries': False, 'can_connect_to_business': False, 'has_main_web_app': False}`]
[2024-11-23 11:38:54,345]: [_bot.py]: _do_post: 643:       DEBUG:    [Calling Bot API endpoint `sendDocument` with parameters `{'chat_id': '-4119703192', 'document': <telegram._files.inputfile.InputFile object at 0x7f24cf551880>}`]
[2024-11-23 11:38:54,345]: [_trace.py]: atrace: 87:       DEBUG:    [send_request_headers.started request=<Request [b'POST']>]
[2024-11-23 11:38:54,346]: [_trace.py]: atrace: 87:       DEBUG:    [send_request_headers.complete]
[2024-11-23 11:38:54,346]: [_trace.py]: atrace: 87:       DEBUG:    [send_request_body.started request=<Request [b'POST']>]
[2024-11-23 11:38:54,346]: [_trace.py]: atrace: 87:       DEBUG:    [send_request_body.complete]
[2024-11-23 11:38:54,346]: [_trace.py]: atrace: 87:       DEBUG:    [receive_response_headers.started request=<Request [b'POST']>]
[2024-11-23 11:38:54,621]: [_trace.py]: atrace: 87:       DEBUG:    [receive_response_headers.complete return_value=(b'HTTP/1.1', 200, b'OK', [(b'Server', b'nginx/1.18.0'), (b'Date', b'Sat, 23 Nov 2024 11:38:54 GMT'), (b'Content-Type', b'application/json'), (b'Content-Length', b'464'), (b'Connection', b'keep-alive'), (b'Strict-Transport-Security', b'max-age=31536000; includeSubDomains; preload'), (b'Access-Control-Allow-Origin', b'*'), (b'Access-Control-Allow-Methods', b'GET, POST, OPTIONS'), (b'Access-Control-Expose-Headers', b'Content-Length,Content-Type,Date,Server,Connection')])]
[2024-11-23 11:38:54,621]: [_client.py]: _send_single_request: 1786:       INFO:    [HTTP Request: POST https://api.telegram.org/bot6030805959:AAGUHAMxLYc-PrevgKouJ3ZyM7ktu56ftjo/sendDocument "HTTP/1.1 200 OK"]
[2024-11-23 11:38:54,621]: [_trace.py]: atrace: 87:       DEBUG:    [receive_response_body.started request=<Request [b'POST']>]
[2024-11-23 11:38:54,622]: [_trace.py]: atrace: 87:       DEBUG:    [receive_response_body.complete]
[2024-11-23 11:38:54,622]: [_trace.py]: atrace: 87:       DEBUG:    [response_closed.started]
[2024-11-23 11:38:54,622]: [_trace.py]: atrace: 87:       DEBUG:    [response_closed.complete]
[2024-11-23 11:38:54,622]: [_bot.py]: _do_post: 652:       DEBUG:    [Call to Bot API endpoint `sendDocument` finished with return value `{'message_id': 2006, 'from': {'id': 6030805959, 'is_bot': True, 'first_name': 'TyPHoone', 'username': 'TyPHoone_Project_bot'}, 'chat': {'id': -4119703192, 'title': 'Robocop', 'type': 'group', 'all_members_are_administrators': True}, 'date': 1732361934, 'document': {'file_name': '(2024_11_23--11_38).log', 'mime_type': 'text/plain', 'file_id': 'BQACAgQAAxkDAAIH1mdBvs5geLU853BQPIL40cs-BHCCAAKtFQACwB4QUrza8mvgrClINgQ', 'file_unique_id': 'AgADrRUAAsAeEFI', 'file_size': 5937}}`]
[2024-11-23 11:38:54,622]: [_trace.py]: atrace: 87:       DEBUG:    [close.started]
[2024-11-23 11:38:54,622]: [_trace.py]: atrace: 87:       DEBUG:    [close.complete]
[2024-11-23 11:38:54,623]: [_config.py]: load_ssl_context: 82:       DEBUG:    [load_ssl_context verify=True cert=None trust_env=True http2=False]
[2024-11-23 11:38:54,623]: [_config.py]: load_ssl_context_verify: 148:       DEBUG:    [load_verify_locations cafile='/opt/hostedtoolcache/Python/3.12.7/x64/lib/python3.12/site-packages/certifi/cacert.pem']
[2024-11-23 11:38:54,652]: [_config.py]: load_ssl_context: 82:       DEBUG:    [load_ssl_context verify=True cert=None trust_env=True http2=False]
[2024-11-23 11:38:54,653]: [_config.py]: load_ssl_context_verify: 148:       DEBUG:    [load_verify_locations cafile='/opt/hostedtoolcache/Python/3.12.7/x64/lib/python3.12/site-packages/certifi/cacert.pem']
[2024-11-23 11:38:54,681]: [_bot.py]: _do_post: 643:       DEBUG:    [Calling Bot API endpoint `getMe` with parameters `{}`]
[2024-11-23 11:38:54,682]: [_trace.py]: atrace: 87:       DEBUG:    [connect_tcp.started host='api.telegram.org' port=443 local_address=None timeout=5.0 socket_options=None]
[2024-11-23 11:38:54,768]: [_trace.py]: atrace: 87:       DEBUG:    [connect_tcp.complete return_value=<httpcore._backends.anyio.AnyIOStream object at 0x7f24cf55c890>]
[2024-11-23 11:38:54,768]: [_trace.py]: atrace: 87:       DEBUG:    [start_tls.started ssl_context=<ssl.SSLContext object at 0x7f24cfd379d0> server_hostname='api.telegram.org' timeout=5.0]
[2024-11-23 11:38:54,856]: [_trace.py]: atrace: 87:       DEBUG:    [start_tls.complete return_value=<httpcore._backends.anyio.AnyIOStream object at 0x7f24cf6ed340>]
[2024-11-23 11:38:54,856]: [_trace.py]: atrace: 87:       DEBUG:    [send_request_headers.started request=<Request [b'POST']>]
[2024-11-23 11:38:54,856]: [_trace.py]: atrace: 87:       DEBUG:    [send_request_headers.complete]
[2024-11-23 11:38:54,856]: [_trace.py]: atrace: 87:       DEBUG:    [send_request_body.started request=<Request [b'POST']>]
[2024-11-23 11:38:54,856]: [_trace.py]: atrace: 87:       DEBUG:    [send_request_body.complete]
[2024-11-23 11:38:54,856]: [_trace.py]: atrace: 87:       DEBUG:    [receive_response_headers.started request=<Request [b'POST']>]
[2024-11-23 11:38:54,942]: [_trace.py]: atrace: 87:       DEBUG:    [receive_response_headers.complete return_value=(b'HTTP/1.1', 200, b'OK', [(b'Server', b'nginx/1.18.0'), (b'Date', b'Sat, 23 Nov 2024 11:38:54 GMT'), (b'Content-Type', b'application/json'), (b'Content-Length', b'258'), (b'Connection', b'keep-alive'), (b'Strict-Transport-Security', b'max-age=31536000; includeSubDomains; preload'), (b'Access-Control-Allow-Origin', b'*'), (b'Access-Control-Allow-Methods', b'GET, POST, OPTIONS'), (b'Access-Control-Expose-Headers', b'Content-Length,Content-Type,Date,Server,Connection')])]
[2024-11-23 11:38:54,942]: [_client.py]: _send_single_request: 1786:       INFO:    [HTTP Request: POST https://api.telegram.org/bot6030805959:AAGUHAMxLYc-PrevgKouJ3ZyM7ktu56ftjo/getMe "HTTP/1.1 200 OK"]
[2024-11-23 11:38:54,942]: [_trace.py]: atrace: 87:       DEBUG:    [receive_response_body.started request=<Request [b'POST']>]
[2024-11-23 11:38:54,942]: [_trace.py]: atrace: 87:       DEBUG:    [receive_response_body.complete]
[2024-11-23 11:38:54,942]: [_trace.py]: atrace: 87:       DEBUG:    [response_closed.started]
[2024-11-23 11:38:54,943]: [_trace.py]: atrace: 87:       DEBUG:    [response_closed.complete]
[2024-11-23 11:38:54,943]: [_bot.py]: _do_post: 652:       DEBUG:    [Call to Bot API endpoint `getMe` finished with return value `{'id': 6030805959, 'is_bot': True, 'first_name': 'TyPHoone', 'username': 'TyPHoone_Project_bot', 'can_join_groups': True, 'can_read_all_group_messages': False, 'supports_inline_queries': False, 'can_connect_to_business': False, 'has_main_web_app': False}`]
[2024-11-23 11:38:54,945]: [_bot.py]: _do_post: 643:       DEBUG:    [Calling Bot API endpoint `sendDocument` with parameters `{'chat_id': '-4119703192', 'document': <telegram._files.inputfile.InputFile object at 0x7f24cfd60500>}`]
[2024-11-23 11:38:54,946]: [_trace.py]: atrace: 87:       DEBUG:    [send_request_headers.started request=<Request [b'POST']>]
[2024-11-23 11:38:54,946]: [_trace.py]: atrace: 87:       DEBUG:    [send_request_headers.complete]
[2024-11-23 11:38:54,946]: [_trace.py]: atrace: 87:       DEBUG:    [send_request_body.started request=<Request [b'POST']>]
[2024-11-23 11:38:55,761]: [_trace.py]: atrace: 87:       DEBUG:    [send_request_body.complete]
[2024-11-23 11:38:55,761]: [_trace.py]: atrace: 87:       DEBUG:    [receive_response_headers.started request=<Request [b'POST']>]
[2024-11-23 11:38:56,448]: [_trace.py]: atrace: 87:       DEBUG:    [receive_response_headers.complete return_value=(b'HTTP/1.1', 200, b'OK', [(b'Server', b'nginx/1.18.0'), (b'Date', b'Sat, 23 Nov 2024 11:38:56 GMT'), (b'Content-Type', b'application/json'), (b'Content-Length', b'478'), (b'Connection', b'keep-alive'), (b'Strict-Transport-Security', b'max-age=31536000; includeSubDomains; preload'), (b'Access-Control-Allow-Origin', b'*'), (b'Access-Control-Allow-Methods', b'GET, POST, OPTIONS'), (b'Access-Control-Expose-Headers', b'Content-Length,Content-Type,Date,Server,Connection')])]
[2024-11-23 11:38:56,449]: [_client.py]: _send_single_request: 1786:       INFO:    [HTTP Request: POST https://api.telegram.org/bot6030805959:AAGUHAMxLYc-PrevgKouJ3ZyM7ktu56ftjo/sendDocument "HTTP/1.1 200 OK"]
[2024-11-23 11:38:56,449]: [_trace.py]: atrace: 87:       DEBUG:    [receive_response_body.started request=<Request [b'POST']>]
[2024-11-23 11:38:56,449]: [_trace.py]: atrace: 87:       DEBUG:    [receive_response_body.complete]
[2024-11-23 11:38:56,449]: [_trace.py]: atrace: 87:       DEBUG:    [response_closed.started]
[2024-11-23 11:38:56,449]: [_trace.py]: atrace: 87:       DEBUG:    [response_closed.complete]
[2024-11-23 11:38:56,449]: [_bot.py]: _do_post: 652:       DEBUG:    [Call to Bot API endpoint `sendDocument` finished with return value `{'message_id': 2007, 'from': {'id': 6030805959, 'is_bot': True, 'first_name': 'TyPHoone', 'username': 'TyPHoone_Project_bot'}, 'chat': {'id': -4119703192, 'title': 'Robocop', 'type': 'group', 'all_members_are_administrators': True}, 'date': 1732361936, 'document': {'file_name': '(2024_11_23--11_38)output.zip', 'mime_type': 'application/zip', 'file_id': 'BQACAgQAAxkDAAIH12dBvtCE3UKaJUpkykqDKTw9GLNDAAKuFQACwB4QUpG7o2kGOQhLNgQ', 'file_unique_id': 'AgADrhUAAsAeEFI', 'file_size': 9916841}}`]
[2024-11-23 11:38:56,450]: [_trace.py]: atrace: 87:       DEBUG:    [close.started]
[2024-11-23 11:38:56,450]: [_trace.py]: atrace: 87:       DEBUG:    [close.complete]
[2024-11-23 11:38:56,450]: [Telegram_Sender.py]: runner: 61:       INFO:    [sent successfully]
[2024-11-23 11:38:56,451]: [Main.py]: <module>: 48:       INFO:    [Finished]
