[2024-04-26 14:31:48,250]: [Main.py]: <module>: 21:       INFO:    [Started]
[2024-04-26 14:31:50,134]: [Iron_Scraper.py]: Scrap: 32:       INFO:    [Data Scaraped Successfully]
[2024-04-26 14:31:50,326]: [Iron_Scraper.py]: Scrap: 70:       INFO:    [Scrapped Data Has No Problem]
[2024-04-26 14:31:50,326]: [Iron_Scraper.py]: Scrap: 83:       INFO:    [Data Saved Successfully]
[2024-04-26 14:31:50,326]: [Iron.py]: Run: 26:       INFO:    [Scraping Phase Completed]
[2024-04-26 14:31:50,327]: [Iron_Data_Processor.py]: Data_Reader: 61:       INFO:    [Data File Has Been Red Successfully]
[2024-04-26 14:31:50,327]: [Iron_Data_Processor.py]: Shaper: 78:       INFO:    [Data Shaped]
[2024-04-26 14:31:50,327]: [Iron_Data_Processor.py]: Process: 225:       INFO:    [Data Cleaned]
[2024-04-26 14:31:50,327]: [Iron_Data_Processor.py]: Make_Pages_Objects: 101:       INFO:    [Page Objects Has Been Made]
[2024-04-26 14:31:50,327]: [Iron_Data_Processor.py]: Make_Pages_Objects: 101:       INFO:    [Page Objects Has Been Made]
[2024-04-26 14:31:50,327]: [Iron_Data_Processor.py]: Load_Data: 118:       INFO:    [Data Has Been Load]
[2024-04-26 14:31:50,327]: [Iron_Data_Processor.py]: Load_Data: 118:       INFO:    [Data Has Been Load]
[2024-04-26 14:31:50,327]: [Iron_Data_Processor.py]: Load_positions: 140:       INFO:    [Positions Are Ready]
[2024-04-26 14:31:50,328]: [Iron_Data_Processor.py]: Load_positions: 140:       INFO:    [Positions Are Ready]
[2024-04-26 14:31:52,044]: [Iron_Data_Processor.py]: Make_Tagged_Images: 192:       INFO:    [Images Has Been Made]
[2024-04-26 14:31:53,550]: [Iron_Data_Processor.py]: Make_Tagged_Images: 192:       INFO:    [Images Has Been Made]
[2024-04-26 14:31:53,975]: [Iron_Data_Processor.py]: Make_Cover_Page: 212:       INFO:    [Made Cover Pages]
[2024-04-26 14:31:53,975]: [Iron.py]: Run: 29:       INFO:    [Imagination Phase Completed]
[2024-04-26 14:31:58,483]: [Phone_Scraper.py]: Scrap: 58:       INFO:    [Data Scraped]
[2024-04-26 14:31:58,484]: [Phone_Scraper.py]: Scrap: 71:       INFO:    [Scraped Data Successfully]
[2024-04-26 14:31:58,484]: [Phone.py]: Run: 26:       INFO:    [Scraping Phase Complete]
[2024-04-26 14:31:58,484]: [Phone_Data_Processor.py]: data_reader: 37:       INFO:    [Scraped Data Loaded]
[2024-04-26 14:31:58,486]: [Phone_Data_Processor.py]: filter_list: 64:       INFO:    [Persian Phrases Are deleted]
[2024-04-26 14:31:58,487]: [Phone_Data_Processor.py]: reshape_list: 86:       INFO:    [Date Reshaped]
[2024-04-26 14:31:58,487]: [Phone_Data_Processor.py]: separate_brands: 123:       INFO:    [Brands Are Separated]
[2024-04-26 14:31:58,487]: [Phone_Data_Processor.py]: delete_extra_spaces: 140:       INFO:    [Extra Spaces Are Deleted]
[2024-04-26 14:31:59,519]: [Phone.py]: Run: 29:       INFO:    [Imagination Phase Complete]
[2024-04-26 14:31:59,520]: [selector_events.py]: __init__: 64:       DEBUG:    [Using selector: EpollSelector]
[2024-04-26 14:31:59,520]: [_bot.py]: _do_post: 643:       DEBUG:    [Calling Bot API endpoint `getMe` with parameters `{}`]
[2024-04-26 14:31:59,524]: [_trace.py]: atrace: 85:       DEBUG:    [connect_tcp.started host='api.telegram.org' port=443 local_address=None timeout=5.0 socket_options=None]
[2024-04-26 14:31:59,717]: [_trace.py]: atrace: 85:       DEBUG:    [connect_tcp.complete return_value=<httpcore._backends.anyio.AnyIOStream object at 0x7f5337da88f0>]
[2024-04-26 14:31:59,717]: [_trace.py]: atrace: 85:       DEBUG:    [start_tls.started ssl_context=<ssl.SSLContext object at 0x7f5338829d50> server_hostname='api.telegram.org' timeout=5.0]
[2024-04-26 14:31:59,875]: [_trace.py]: atrace: 85:       DEBUG:    [start_tls.complete return_value=<httpcore._backends.anyio.AnyIOStream object at 0x7f5338b9bd10>]
[2024-04-26 14:31:59,875]: [_trace.py]: atrace: 85:       DEBUG:    [send_request_headers.started request=<Request [b'POST']>]
[2024-04-26 14:31:59,875]: [_trace.py]: atrace: 85:       DEBUG:    [send_request_headers.complete]
[2024-04-26 14:31:59,876]: [_trace.py]: atrace: 85:       DEBUG:    [send_request_body.started request=<Request [b'POST']>]
[2024-04-26 14:31:59,876]: [_trace.py]: atrace: 85:       DEBUG:    [send_request_body.complete]
[2024-04-26 14:31:59,876]: [_trace.py]: atrace: 85:       DEBUG:    [receive_response_headers.started request=<Request [b'POST']>]
[2024-04-26 14:32:00,023]: [_trace.py]: atrace: 85:       DEBUG:    [receive_response_headers.complete return_value=(b'HTTP/1.1', 200, b'OK', [(b'Server', b'nginx/1.18.0'), (b'Date', b'Fri, 26 Apr 2024 14:31:59 GMT'), (b'Content-Type', b'application/json'), (b'Content-Length', b'237'), (b'Connection', b'keep-alive'), (b'Strict-Transport-Security', b'max-age=31536000; includeSubDomains; preload'), (b'Access-Control-Allow-Origin', b'*'), (b'Access-Control-Allow-Methods', b'GET, POST, OPTIONS'), (b'Access-Control-Expose-Headers', b'Content-Length,Content-Type,Date,Server,Connection')])]
[2024-04-26 14:32:00,023]: [_client.py]: _send_single_request: 1773:       INFO:    [HTTP Request: POST https://api.telegram.org/bot6030805959:AAGUHAMxLYc-PrevgKouJ3ZyM7ktu56ftjo/getMe "HTTP/1.1 200 OK"]
[2024-04-26 14:32:00,023]: [_trace.py]: atrace: 85:       DEBUG:    [receive_response_body.started request=<Request [b'POST']>]
[2024-04-26 14:32:00,023]: [_trace.py]: atrace: 85:       DEBUG:    [receive_response_body.complete]
[2024-04-26 14:32:00,023]: [_trace.py]: atrace: 85:       DEBUG:    [response_closed.started]
[2024-04-26 14:32:00,023]: [_trace.py]: atrace: 85:       DEBUG:    [response_closed.complete]
[2024-04-26 14:32:00,024]: [_bot.py]: _do_post: 652:       DEBUG:    [Call to Bot API endpoint `getMe` finished with return value `{'id': 6030805959, 'is_bot': True, 'first_name': 'TyPHoone_bot', 'username': 'TyPHoone_Project_bot', 'can_join_groups': True, 'can_read_all_group_messages': False, 'supports_inline_queries': False, 'can_connect_to_business': False}`]
[2024-04-26 14:32:00,027]: [_bot.py]: _do_post: 643:       DEBUG:    [Calling Bot API endpoint `sendDocument` with parameters `{'chat_id': '-4119703192', 'document': <telegram._files.inputfile.InputFile object at 0x7f5337d6aa80>}`]
[2024-04-26 14:32:00,028]: [_trace.py]: atrace: 85:       DEBUG:    [send_request_headers.started request=<Request [b'POST']>]
[2024-04-26 14:32:00,028]: [_trace.py]: atrace: 85:       DEBUG:    [send_request_headers.complete]
[2024-04-26 14:32:00,028]: [_trace.py]: atrace: 85:       DEBUG:    [send_request_body.started request=<Request [b'POST']>]
[2024-04-26 14:32:00,028]: [_trace.py]: atrace: 85:       DEBUG:    [send_request_body.complete]
[2024-04-26 14:32:00,028]: [_trace.py]: atrace: 85:       DEBUG:    [receive_response_headers.started request=<Request [b'POST']>]
[2024-04-26 14:32:00,388]: [_trace.py]: atrace: 85:       DEBUG:    [receive_response_headers.complete return_value=(b'HTTP/1.1', 200, b'OK', [(b'Server', b'nginx/1.18.0'), (b'Date', b'Fri, 26 Apr 2024 14:32:00 GMT'), (b'Content-Type', b'application/json'), (b'Content-Length', b'467'), (b'Connection', b'keep-alive'), (b'Strict-Transport-Security', b'max-age=31536000; includeSubDomains; preload'), (b'Access-Control-Allow-Origin', b'*'), (b'Access-Control-Allow-Methods', b'GET, POST, OPTIONS'), (b'Access-Control-Expose-Headers', b'Content-Length,Content-Type,Date,Server,Connection')])]
[2024-04-26 14:32:00,388]: [_client.py]: _send_single_request: 1773:       INFO:    [HTTP Request: POST https://api.telegram.org/bot6030805959:AAGUHAMxLYc-PrevgKouJ3ZyM7ktu56ftjo/sendDocument "HTTP/1.1 200 OK"]
[2024-04-26 14:32:00,388]: [_trace.py]: atrace: 85:       DEBUG:    [receive_response_body.started request=<Request [b'POST']>]
[2024-04-26 14:32:00,388]: [_trace.py]: atrace: 85:       DEBUG:    [receive_response_body.complete]
[2024-04-26 14:32:00,388]: [_trace.py]: atrace: 85:       DEBUG:    [response_closed.started]
[2024-04-26 14:32:00,388]: [_trace.py]: atrace: 85:       DEBUG:    [response_closed.complete]
[2024-04-26 14:32:00,389]: [_bot.py]: _do_post: 652:       DEBUG:    [Call to Bot API endpoint `sendDocument` finished with return value `{'message_id': 315, 'from': {'id': 6030805959, 'is_bot': True, 'first_name': 'TyPHoone_bot', 'username': 'TyPHoone_Project_bot'}, 'chat': {'id': -4119703192, 'title': 'Robocop', 'type': 'group', 'all_members_are_administrators': True}, 'date': 1714141920, 'document': {'file_name': '(2024_04_26--14_31).log', 'mime_type': 'text/plain', 'file_id': 'BQACAgQAAxkDAAIBO2YruuBQyIt8M1fYr5gvUago83VMAAK1FgAC7shgUeLNMboj2RuENAQ', 'file_unique_id': 'AgADtRYAAu7IYFE', 'file_size': 5914}}`]
[2024-04-26 14:32:00,389]: [_trace.py]: atrace: 85:       DEBUG:    [close.started]
[2024-04-26 14:32:00,389]: [_trace.py]: atrace: 85:       DEBUG:    [close.complete]
[2024-04-26 14:32:00,390]: [_config.py]: load_ssl_context: 80:       DEBUG:    [load_ssl_context verify=True cert=None trust_env=True http2=False]
[2024-04-26 14:32:00,390]: [_config.py]: load_ssl_context_verify: 146:       DEBUG:    [load_verify_locations cafile='/opt/hostedtoolcache/Python/3.12.3/x64/lib/python3.12/site-packages/certifi/cacert.pem']
[2024-04-26 14:32:00,416]: [_config.py]: load_ssl_context: 80:       DEBUG:    [load_ssl_context verify=True cert=None trust_env=True http2=False]
[2024-04-26 14:32:00,416]: [_config.py]: load_ssl_context_verify: 146:       DEBUG:    [load_verify_locations cafile='/opt/hostedtoolcache/Python/3.12.3/x64/lib/python3.12/site-packages/certifi/cacert.pem']
[2024-04-26 14:32:00,444]: [_bot.py]: _do_post: 643:       DEBUG:    [Calling Bot API endpoint `getMe` with parameters `{}`]
[2024-04-26 14:32:00,445]: [_trace.py]: atrace: 85:       DEBUG:    [connect_tcp.started host='api.telegram.org' port=443 local_address=None timeout=5.0 socket_options=None]
[2024-04-26 14:32:00,589]: [_trace.py]: atrace: 85:       DEBUG:    [connect_tcp.complete return_value=<httpcore._backends.anyio.AnyIOStream object at 0x7f5336c3d3d0>]
[2024-04-26 14:32:00,589]: [_trace.py]: atrace: 85:       DEBUG:    [start_tls.started ssl_context=<ssl.SSLContext object at 0x7f5338829b50> server_hostname='api.telegram.org' timeout=5.0]
[2024-04-26 14:32:00,737]: [_trace.py]: atrace: 85:       DEBUG:    [start_tls.complete return_value=<httpcore._backends.anyio.AnyIOStream object at 0x7f5342f78b00>]
[2024-04-26 14:32:00,737]: [_trace.py]: atrace: 85:       DEBUG:    [send_request_headers.started request=<Request [b'POST']>]
[2024-04-26 14:32:00,737]: [_trace.py]: atrace: 85:       DEBUG:    [send_request_headers.complete]
[2024-04-26 14:32:00,737]: [_trace.py]: atrace: 85:       DEBUG:    [send_request_body.started request=<Request [b'POST']>]
[2024-04-26 14:32:00,737]: [_trace.py]: atrace: 85:       DEBUG:    [send_request_body.complete]
[2024-04-26 14:32:00,737]: [_trace.py]: atrace: 85:       DEBUG:    [receive_response_headers.started request=<Request [b'POST']>]
[2024-04-26 14:32:00,882]: [_trace.py]: atrace: 85:       DEBUG:    [receive_response_headers.complete return_value=(b'HTTP/1.1', 200, b'OK', [(b'Server', b'nginx/1.18.0'), (b'Date', b'Fri, 26 Apr 2024 14:32:00 GMT'), (b'Content-Type', b'application/json'), (b'Content-Length', b'237'), (b'Connection', b'keep-alive'), (b'Strict-Transport-Security', b'max-age=31536000; includeSubDomains; preload'), (b'Access-Control-Allow-Origin', b'*'), (b'Access-Control-Allow-Methods', b'GET, POST, OPTIONS'), (b'Access-Control-Expose-Headers', b'Content-Length,Content-Type,Date,Server,Connection')])]
[2024-04-26 14:32:00,882]: [_client.py]: _send_single_request: 1773:       INFO:    [HTTP Request: POST https://api.telegram.org/bot6030805959:AAGUHAMxLYc-PrevgKouJ3ZyM7ktu56ftjo/getMe "HTTP/1.1 200 OK"]
[2024-04-26 14:32:00,882]: [_trace.py]: atrace: 85:       DEBUG:    [receive_response_body.started request=<Request [b'POST']>]
[2024-04-26 14:32:00,882]: [_trace.py]: atrace: 85:       DEBUG:    [receive_response_body.complete]
[2024-04-26 14:32:00,882]: [_trace.py]: atrace: 85:       DEBUG:    [response_closed.started]
[2024-04-26 14:32:00,882]: [_trace.py]: atrace: 85:       DEBUG:    [response_closed.complete]
[2024-04-26 14:32:00,883]: [_bot.py]: _do_post: 652:       DEBUG:    [Call to Bot API endpoint `getMe` finished with return value `{'id': 6030805959, 'is_bot': True, 'first_name': 'TyPHoone_bot', 'username': 'TyPHoone_Project_bot', 'can_join_groups': True, 'can_read_all_group_messages': False, 'supports_inline_queries': False, 'can_connect_to_business': False}`]
[2024-04-26 14:32:00,883]: [_bot.py]: _do_post: 643:       DEBUG:    [Calling Bot API endpoint `sendDocument` with parameters `{'chat_id': '-4119703192', 'document': <telegram._files.inputfile.InputFile object at 0x7f5336c3bdc0>}`]
[2024-04-26 14:32:00,883]: [_trace.py]: atrace: 85:       DEBUG:    [send_request_headers.started request=<Request [b'POST']>]
[2024-04-26 14:32:00,884]: [_trace.py]: atrace: 85:       DEBUG:    [send_request_headers.complete]
[2024-04-26 14:32:00,884]: [_trace.py]: atrace: 85:       DEBUG:    [send_request_body.started request=<Request [b'POST']>]
[2024-04-26 14:32:01,458]: [_trace.py]: atrace: 85:       DEBUG:    [send_request_body.complete]
[2024-04-26 14:32:01,458]: [_trace.py]: atrace: 85:       DEBUG:    [receive_response_headers.started request=<Request [b'POST']>]
[2024-04-26 14:32:01,955]: [_trace.py]: atrace: 85:       DEBUG:    [receive_response_headers.complete return_value=(b'HTTP/1.1', 200, b'OK', [(b'Server', b'nginx/1.18.0'), (b'Date', b'Fri, 26 Apr 2024 14:32:01 GMT'), (b'Content-Type', b'application/json'), (b'Content-Length', b'823'), (b'Connection', b'keep-alive'), (b'Strict-Transport-Security', b'max-age=31536000; includeSubDomains; preload'), (b'Access-Control-Allow-Origin', b'*'), (b'Access-Control-Allow-Methods', b'GET, POST, OPTIONS'), (b'Access-Control-Expose-Headers', b'Content-Length,Content-Type,Date,Server,Connection')])]
[2024-04-26 14:32:01,956]: [_client.py]: _send_single_request: 1773:       INFO:    [HTTP Request: POST https://api.telegram.org/bot6030805959:AAGUHAMxLYc-PrevgKouJ3ZyM7ktu56ftjo/sendDocument "HTTP/1.1 200 OK"]
[2024-04-26 14:32:01,956]: [_trace.py]: atrace: 85:       DEBUG:    [receive_response_body.started request=<Request [b'POST']>]
[2024-04-26 14:32:01,956]: [_trace.py]: atrace: 85:       DEBUG:    [receive_response_body.complete]
[2024-04-26 14:32:01,956]: [_trace.py]: atrace: 85:       DEBUG:    [response_closed.started]
[2024-04-26 14:32:01,956]: [_trace.py]: atrace: 85:       DEBUG:    [response_closed.complete]
[2024-04-26 14:32:01,956]: [_bot.py]: _do_post: 652:       DEBUG:    [Call to Bot API endpoint `sendDocument` finished with return value `{'message_id': 316, 'from': {'id': 6030805959, 'is_bot': True, 'first_name': 'TyPHoone_bot', 'username': 'TyPHoone_Project_bot'}, 'chat': {'id': -4119703192, 'title': 'Robocop', 'type': 'group', 'all_members_are_administrators': True}, 'date': 1714141921, 'document': {'file_name': '1-Tir_Ahan.png', 'mime_type': 'image/png', 'thumbnail': {'file_id': 'AAMCBAADGQMAAgE8Ziu64R5r7E1l4fkzmgp92lzKlQcAArYWAALuyGBRlqEvHbULhyoBAAdtAAM0BA', 'file_unique_id': 'AQADthYAAu7IYFFy', 'file_size': 38071, 'width': 320, 'height': 320}, 'thumb': {'file_id': 'AAMCBAADGQMAAgE8Ziu64R5r7E1l4fkzmgp92lzKlQcAArYWAALuyGBRlqEvHbULhyoBAAdtAAM0BA', 'file_unique_id': 'AQADthYAAu7IYFFy', 'file_size': 38071, 'width': 320, 'height': 320}, 'file_id': 'BQACAgQAAxkDAAIBPGYruuEea-xNZeH5M5oKfdpcypUHAAK2FgAC7shgUZahLx21C4cqNAQ', 'file_unique_id': 'AgADthYAAu7IYFE', 'file_size': 800285}}`]
[2024-04-26 14:32:01,957]: [_bot.py]: _do_post: 643:       DEBUG:    [Calling Bot API endpoint `sendDocument` with parameters `{'chat_id': '-4119703192', 'document': <telegram._files.inputfile.InputFile object at 0x7f5336c3bd80>}`]
[2024-04-26 14:32:01,959]: [_trace.py]: atrace: 85:       DEBUG:    [send_request_headers.started request=<Request [b'POST']>]
[2024-04-26 14:32:01,959]: [_trace.py]: atrace: 85:       DEBUG:    [send_request_headers.complete]
[2024-04-26 14:32:01,959]: [_trace.py]: atrace: 85:       DEBUG:    [send_request_body.started request=<Request [b'POST']>]
[2024-04-26 14:32:01,960]: [_trace.py]: atrace: 85:       DEBUG:    [send_request_body.complete]
[2024-04-26 14:32:01,960]: [_trace.py]: atrace: 85:       DEBUG:    [receive_response_headers.started request=<Request [b'POST']>]
[2024-04-26 14:32:02,448]: [_trace.py]: atrace: 85:       DEBUG:    [receive_response_headers.complete return_value=(b'HTTP/1.1', 200, b'OK', [(b'Server', b'nginx/1.18.0'), (b'Date', b'Fri, 26 Apr 2024 14:32:02 GMT'), (b'Content-Type', b'application/json'), (b'Content-Length', b'830'), (b'Connection', b'keep-alive'), (b'Strict-Transport-Security', b'max-age=31536000; includeSubDomains; preload'), (b'Access-Control-Allow-Origin', b'*'), (b'Access-Control-Allow-Methods', b'GET, POST, OPTIONS'), (b'Access-Control-Expose-Headers', b'Content-Length,Content-Type,Date,Server,Connection')])]
[2024-04-26 14:32:02,449]: [_client.py]: _send_single_request: 1773:       INFO:    [HTTP Request: POST https://api.telegram.org/bot6030805959:AAGUHAMxLYc-PrevgKouJ3ZyM7ktu56ftjo/sendDocument "HTTP/1.1 200 OK"]
[2024-04-26 14:32:02,449]: [_trace.py]: atrace: 85:       DEBUG:    [receive_response_body.started request=<Request [b'POST']>]
[2024-04-26 14:32:02,449]: [_trace.py]: atrace: 85:       DEBUG:    [receive_response_body.complete]
[2024-04-26 14:32:02,449]: [_trace.py]: atrace: 85:       DEBUG:    [response_closed.started]
[2024-04-26 14:32:02,449]: [_trace.py]: atrace: 85:       DEBUG:    [response_closed.complete]
[2024-04-26 14:32:02,449]: [_bot.py]: _do_post: 652:       DEBUG:    [Call to Bot API endpoint `sendDocument` finished with return value `{'message_id': 317, 'from': {'id': 6030805959, 'is_bot': True, 'first_name': 'TyPHoone_bot', 'username': 'TyPHoone_Project_bot'}, 'chat': {'id': -4119703192, 'title': 'Robocop', 'type': 'group', 'all_members_are_administrators': True}, 'date': 1714141922, 'document': {'file_name': '9-Waraq_Galwanize.png', 'mime_type': 'image/png', 'thumbnail': {'file_id': 'AAMCBAADGQMAAgE9Ziu64mA9E-8TckHiqWHNpHKnZCYAArcWAALuyGBRS93SgEFyZ7EBAAdtAAM0BA', 'file_unique_id': 'AQADtxYAAu7IYFFy', 'file_size': 38228, 'width': 320, 'height': 320}, 'thumb': {'file_id': 'AAMCBAADGQMAAgE9Ziu64mA9E-8TckHiqWHNpHKnZCYAArcWAALuyGBRS93SgEFyZ7EBAAdtAAM0BA', 'file_unique_id': 'AQADtxYAAu7IYFFy', 'file_size': 38228, 'width': 320, 'height': 320}, 'file_id': 'BQACAgQAAxkDAAIBPWYruuJgPRPvE3JB4qlhzaRyp2QmAAK3FgAC7shgUUvd0oBBcmexNAQ', 'file_unique_id': 'AgADtxYAAu7IYFE', 'file_size': 771618}}`]
[2024-04-26 14:32:02,450]: [_bot.py]: _do_post: 643:       DEBUG:    [Calling Bot API endpoint `sendDocument` with parameters `{'chat_id': '-4119703192', 'document': <telegram._files.inputfile.InputFile object at 0x7f533881b900>}`]
[2024-04-26 14:32:02,450]: [_trace.py]: atrace: 85:       DEBUG:    [send_request_headers.started request=<Request [b'POST']>]
[2024-04-26 14:32:02,450]: [_trace.py]: atrace: 85:       DEBUG:    [send_request_headers.complete]
[2024-04-26 14:32:02,450]: [_trace.py]: atrace: 85:       DEBUG:    [send_request_body.started request=<Request [b'POST']>]
[2024-04-26 14:32:02,451]: [_trace.py]: atrace: 85:       DEBUG:    [send_request_body.complete]
[2024-04-26 14:32:02,452]: [_trace.py]: atrace: 85:       DEBUG:    [receive_response_headers.started request=<Request [b'POST']>]
[2024-04-26 14:32:02,854]: [_trace.py]: atrace: 85:       DEBUG:    [receive_response_headers.complete return_value=(b'HTTP/1.1', 200, b'OK', [(b'Server', b'nginx/1.18.0'), (b'Date', b'Fri, 26 Apr 2024 14:32:02 GMT'), (b'Content-Type', b'application/json'), (b'Content-Length', b'822'), (b'Connection', b'keep-alive'), (b'Strict-Transport-Security', b'max-age=31536000; includeSubDomains; preload'), (b'Access-Control-Allow-Origin', b'*'), (b'Access-Control-Allow-Methods', b'GET, POST, OPTIONS'), (b'Access-Control-Expose-Headers', b'Content-Length,Content-Type,Date,Server,Connection')])]
[2024-04-26 14:32:02,854]: [_client.py]: _send_single_request: 1773:       INFO:    [HTTP Request: POST https://api.telegram.org/bot6030805959:AAGUHAMxLYc-PrevgKouJ3ZyM7ktu56ftjo/sendDocument "HTTP/1.1 200 OK"]
[2024-04-26 14:32:02,854]: [_trace.py]: atrace: 85:       DEBUG:    [receive_response_body.started request=<Request [b'POST']>]
[2024-04-26 14:32:02,854]: [_trace.py]: atrace: 85:       DEBUG:    [receive_response_body.complete]
[2024-04-26 14:32:02,854]: [_trace.py]: atrace: 85:       DEBUG:    [response_closed.started]
[2024-04-26 14:32:02,855]: [_trace.py]: atrace: 85:       DEBUG:    [response_closed.complete]
[2024-04-26 14:32:02,855]: [_bot.py]: _do_post: 652:       DEBUG:    [Call to Bot API endpoint `sendDocument` finished with return value `{'message_id': 318, 'from': {'id': 6030805959, 'is_bot': True, 'first_name': 'TyPHoone_bot', 'username': 'TyPHoone_Project_bot'}, 'chat': {'id': -4119703192, 'title': 'Robocop', 'type': 'group', 'all_members_are_administrators': True}, 'date': 1714141922, 'document': {'file_name': '2-Milgerd.png', 'mime_type': 'image/png', 'thumbnail': {'file_id': 'AAMCBAADGQMAAgE-Ziu64tpTSV8p7sWNWJ-UoVyDeJsAArgWAALuyGBRpNMv11KIS2oBAAdtAAM0BA', 'file_unique_id': 'AQADuBYAAu7IYFFy', 'file_size': 41941, 'width': 320, 'height': 320}, 'thumb': {'file_id': 'AAMCBAADGQMAAgE-Ziu64tpTSV8p7sWNWJ-UoVyDeJsAArgWAALuyGBRpNMv11KIS2oBAAdtAAM0BA', 'file_unique_id': 'AQADuBYAAu7IYFFy', 'file_size': 41941, 'width': 320, 'height': 320}, 'file_id': 'BQACAgQAAxkDAAIBPmYruuLaU0lfKe7FjViflKFcg3ibAAK4FgAC7shgUaTTL9dSiEtqNAQ', 'file_unique_id': 'AgADuBYAAu7IYFE', 'file_size': 789580}}`]
[2024-04-26 14:32:02,855]: [_bot.py]: _do_post: 643:       DEBUG:    [Calling Bot API endpoint `sendDocument` with parameters `{'chat_id': '-4119703192', 'document': <telegram._files.inputfile.InputFile object at 0x7f53391cd600>}`]
[2024-04-26 14:32:02,856]: [_trace.py]: atrace: 85:       DEBUG:    [send_request_headers.started request=<Request [b'POST']>]
[2024-04-26 14:32:02,856]: [_trace.py]: atrace: 85:       DEBUG:    [send_request_headers.complete]
[2024-04-26 14:32:02,856]: [_trace.py]: atrace: 85:       DEBUG:    [send_request_body.started request=<Request [b'POST']>]
[2024-04-26 14:32:02,857]: [_trace.py]: atrace: 85:       DEBUG:    [send_request_body.complete]
[2024-04-26 14:32:02,857]: [_trace.py]: atrace: 85:       DEBUG:    [receive_response_headers.started request=<Request [b'POST']>]
[2024-04-26 14:32:03,216]: [_trace.py]: atrace: 85:       DEBUG:    [receive_response_headers.complete return_value=(b'HTTP/1.1', 200, b'OK', [(b'Server', b'nginx/1.18.0'), (b'Date', b'Fri, 26 Apr 2024 14:32:03 GMT'), (b'Content-Type', b'application/json'), (b'Content-Length', b'821'), (b'Connection', b'keep-alive'), (b'Strict-Transport-Security', b'max-age=31536000; includeSubDomains; preload'), (b'Access-Control-Allow-Origin', b'*'), (b'Access-Control-Allow-Methods', b'GET, POST, OPTIONS'), (b'Access-Control-Expose-Headers', b'Content-Length,Content-Type,Date,Server,Connection')])]
[2024-04-26 14:32:03,216]: [_client.py]: _send_single_request: 1773:       INFO:    [HTTP Request: POST https://api.telegram.org/bot6030805959:AAGUHAMxLYc-PrevgKouJ3ZyM7ktu56ftjo/sendDocument "HTTP/1.1 200 OK"]
[2024-04-26 14:32:03,216]: [_trace.py]: atrace: 85:       DEBUG:    [receive_response_body.started request=<Request [b'POST']>]
[2024-04-26 14:32:03,216]: [_trace.py]: atrace: 85:       DEBUG:    [receive_response_body.complete]
[2024-04-26 14:32:03,216]: [_trace.py]: atrace: 85:       DEBUG:    [response_closed.started]
[2024-04-26 14:32:03,216]: [_trace.py]: atrace: 85:       DEBUG:    [response_closed.complete]
[2024-04-26 14:32:03,216]: [_bot.py]: _do_post: 652:       DEBUG:    [Call to Bot API endpoint `sendDocument` finished with return value `{'message_id': 319, 'from': {'id': 6030805959, 'is_bot': True, 'first_name': 'TyPHoone_bot', 'username': 'TyPHoone_Project_bot'}, 'chat': {'id': -4119703192, 'title': 'Robocop', 'type': 'group', 'all_members_are_administrators': True}, 'date': 1714141923, 'document': {'file_name': '5-Nabshi.png', 'mime_type': 'image/png', 'thumbnail': {'file_id': 'AAMCBAADGQMAAgE_Ziu64vzHNm4YUFw62MuPktoYTDoAArkWAALuyGBReuTUUQt7nt4BAAdtAAM0BA', 'file_unique_id': 'AQADuRYAAu7IYFFy', 'file_size': 31624, 'width': 320, 'height': 320}, 'thumb': {'file_id': 'AAMCBAADGQMAAgE_Ziu64vzHNm4YUFw62MuPktoYTDoAArkWAALuyGBReuTUUQt7nt4BAAdtAAM0BA', 'file_unique_id': 'AQADuRYAAu7IYFFy', 'file_size': 31624, 'width': 320, 'height': 320}, 'file_id': 'BQACAgQAAxkDAAIBP2YruuL8xzZuGFBcOtjLj5LaGEw6AAK5FgAC7shgUXrk1FELe57eNAQ', 'file_unique_id': 'AgADuRYAAu7IYFE', 'file_size': 739717}}`]
[2024-04-26 14:32:03,217]: [_bot.py]: _do_post: 643:       DEBUG:    [Calling Bot API endpoint `sendDocument` with parameters `{'chat_id': '-4119703192', 'document': <telegram._files.inputfile.InputFile object at 0x7f5339a7d280>}`]
[2024-04-26 14:32:03,217]: [_trace.py]: atrace: 85:       DEBUG:    [send_request_headers.started request=<Request [b'POST']>]
[2024-04-26 14:32:03,218]: [_trace.py]: atrace: 85:       DEBUG:    [send_request_headers.complete]
[2024-04-26 14:32:03,218]: [_trace.py]: atrace: 85:       DEBUG:    [send_request_body.started request=<Request [b'POST']>]
[2024-04-26 14:32:03,219]: [_trace.py]: atrace: 85:       DEBUG:    [send_request_body.complete]
[2024-04-26 14:32:03,219]: [_trace.py]: atrace: 85:       DEBUG:    [receive_response_headers.started request=<Request [b'POST']>]
[2024-04-26 14:32:06,522]: [_trace.py]: atrace: 85:       DEBUG:    [receive_response_headers.complete return_value=(b'HTTP/1.1', 200, b'OK', [(b'Server', b'nginx/1.18.0'), (b'Date', b'Fri, 26 Apr 2024 14:32:06 GMT'), (b'Content-Type', b'application/json'), (b'Content-Length', b'825'), (b'Connection', b'keep-alive'), (b'Strict-Transport-Security', b'max-age=31536000; includeSubDomains; preload'), (b'Access-Control-Allow-Origin', b'*'), (b'Access-Control-Allow-Methods', b'GET, POST, OPTIONS'), (b'Access-Control-Expose-Headers', b'Content-Length,Content-Type,Date,Server,Connection')])]
[2024-04-26 14:32:06,522]: [_client.py]: _send_single_request: 1773:       INFO:    [HTTP Request: POST https://api.telegram.org/bot6030805959:AAGUHAMxLYc-PrevgKouJ3ZyM7ktu56ftjo/sendDocument "HTTP/1.1 200 OK"]
[2024-04-26 14:32:06,522]: [_trace.py]: atrace: 85:       DEBUG:    [receive_response_body.started request=<Request [b'POST']>]
[2024-04-26 14:32:06,522]: [_trace.py]: atrace: 85:       DEBUG:    [receive_response_body.complete]
[2024-04-26 14:32:06,522]: [_trace.py]: atrace: 85:       DEBUG:    [response_closed.started]
[2024-04-26 14:32:06,522]: [_trace.py]: atrace: 85:       DEBUG:    [response_closed.complete]
[2024-04-26 14:32:06,523]: [_bot.py]: _do_post: 652:       DEBUG:    [Call to Bot API endpoint `sendDocument` finished with return value `{'message_id': 320, 'from': {'id': 6030805959, 'is_bot': True, 'first_name': 'TyPHoone_bot', 'username': 'TyPHoone_Project_bot'}, 'chat': {'id': -4119703192, 'title': 'Robocop', 'type': 'group', 'all_members_are_administrators': True}, 'date': 1714141926, 'document': {'file_name': '6-Waraq_Siah.png', 'mime_type': 'image/png', 'thumbnail': {'file_id': 'AAMCBAADGQMAAgFAZiu65m_P2nEdGcXoe-aA-PIfpBwAAroWAALuyGBR5dQiuR2HJVkBAAdtAAM0BA', 'file_unique_id': 'AQADuhYAAu7IYFFy', 'file_size': 42779, 'width': 320, 'height': 320}, 'thumb': {'file_id': 'AAMCBAADGQMAAgFAZiu65m_P2nEdGcXoe-aA-PIfpBwAAroWAALuyGBR5dQiuR2HJVkBAAdtAAM0BA', 'file_unique_id': 'AQADuhYAAu7IYFFy', 'file_size': 42779, 'width': 320, 'height': 320}, 'file_id': 'BQACAgQAAxkDAAIBQGYruuZvz9pxHRnF6HvmgPjyH6QcAAK6FgAC7shgUeXUIrkdhyVZNAQ', 'file_unique_id': 'AgADuhYAAu7IYFE', 'file_size': 799003}}`]
[2024-04-26 14:32:06,523]: [_bot.py]: _do_post: 643:       DEBUG:    [Calling Bot API endpoint `sendDocument` with parameters `{'chat_id': '-4119703192', 'document': <telegram._files.inputfile.InputFile object at 0x7f53391cd600>}`]
[2024-04-26 14:32:06,524]: [_trace.py]: atrace: 85:       DEBUG:    [send_request_headers.started request=<Request [b'POST']>]
[2024-04-26 14:32:06,524]: [_trace.py]: atrace: 85:       DEBUG:    [send_request_headers.complete]
[2024-04-26 14:32:06,524]: [_trace.py]: atrace: 85:       DEBUG:    [send_request_body.started request=<Request [b'POST']>]
[2024-04-26 14:32:06,525]: [_trace.py]: atrace: 85:       DEBUG:    [send_request_body.complete]
[2024-04-26 14:32:06,525]: [_trace.py]: atrace: 85:       DEBUG:    [receive_response_headers.started request=<Request [b'POST']>]
[2024-04-26 14:32:07,656]: [_trace.py]: atrace: 85:       DEBUG:    [receive_response_headers.complete return_value=(b'HTTP/1.1', 200, b'OK', [(b'Server', b'nginx/1.18.0'), (b'Date', b'Fri, 26 Apr 2024 14:32:07 GMT'), (b'Content-Type', b'application/json'), (b'Content-Length', b'822'), (b'Connection', b'keep-alive'), (b'Strict-Transport-Security', b'max-age=31536000; includeSubDomains; preload'), (b'Access-Control-Allow-Origin', b'*'), (b'Access-Control-Allow-Methods', b'GET, POST, OPTIONS'), (b'Access-Control-Expose-Headers', b'Content-Length,Content-Type,Date,Server,Connection')])]
[2024-04-26 14:32:07,656]: [_client.py]: _send_single_request: 1773:       INFO:    [HTTP Request: POST https://api.telegram.org/bot6030805959:AAGUHAMxLYc-PrevgKouJ3ZyM7ktu56ftjo/sendDocument "HTTP/1.1 200 OK"]
[2024-04-26 14:32:07,656]: [_trace.py]: atrace: 85:       DEBUG:    [receive_response_body.started request=<Request [b'POST']>]
[2024-04-26 14:32:07,657]: [_trace.py]: atrace: 85:       DEBUG:    [receive_response_body.complete]
[2024-04-26 14:32:07,657]: [_trace.py]: atrace: 85:       DEBUG:    [response_closed.started]
[2024-04-26 14:32:07,657]: [_trace.py]: atrace: 85:       DEBUG:    [response_closed.complete]
[2024-04-26 14:32:07,657]: [_bot.py]: _do_post: 652:       DEBUG:    [Call to Bot API endpoint `sendDocument` finished with return value `{'message_id': 321, 'from': {'id': 6030805959, 'is_bot': True, 'first_name': 'TyPHoone_bot', 'username': 'TyPHoone_Project_bot'}, 'chat': {'id': -4119703192, 'title': 'Robocop', 'type': 'group', 'all_members_are_administrators': True}, 'date': 1714141927, 'document': {'file_name': '4-Nawdani.png', 'mime_type': 'image/png', 'thumbnail': {'file_id': 'AAMCBAADGQMAAgFBZiu65zZ8qhRt3n8xyUkwp1f8OUIAArsWAALuyGBRIq0kJBjDKSIBAAdtAAM0BA', 'file_unique_id': 'AQADuxYAAu7IYFFy', 'file_size': 32369, 'width': 320, 'height': 320}, 'thumb': {'file_id': 'AAMCBAADGQMAAgFBZiu65zZ8qhRt3n8xyUkwp1f8OUIAArsWAALuyGBRIq0kJBjDKSIBAAdtAAM0BA', 'file_unique_id': 'AQADuxYAAu7IYFFy', 'file_size': 32369, 'width': 320, 'height': 320}, 'file_id': 'BQACAgQAAxkDAAIBQWYruuc2fKoUbd5_MclJMKdX_DlCAAK7FgAC7shgUSKtJCQYwykiNAQ', 'file_unique_id': 'AgADuxYAAu7IYFE', 'file_size': 724873}}`]
[2024-04-26 14:32:07,657]: [_bot.py]: _do_post: 643:       DEBUG:    [Calling Bot API endpoint `sendDocument` with parameters `{'chat_id': '-4119703192', 'document': <telegram._files.inputfile.InputFile object at 0x7f5339a7d280>}`]
[2024-04-26 14:32:07,658]: [_trace.py]: atrace: 85:       DEBUG:    [send_request_headers.started request=<Request [b'POST']>]
[2024-04-26 14:32:07,658]: [_trace.py]: atrace: 85:       DEBUG:    [send_request_headers.complete]
[2024-04-26 14:32:07,658]: [_trace.py]: atrace: 85:       DEBUG:    [send_request_body.started request=<Request [b'POST']>]
[2024-04-26 14:32:07,659]: [_trace.py]: atrace: 85:       DEBUG:    [send_request_body.complete]
[2024-04-26 14:32:07,659]: [_trace.py]: atrace: 85:       DEBUG:    [receive_response_headers.started request=<Request [b'POST']>]
[2024-04-26 14:32:08,094]: [_trace.py]: atrace: 85:       DEBUG:    [receive_response_headers.complete return_value=(b'HTTP/1.1', 200, b'OK', [(b'Server', b'nginx/1.18.0'), (b'Date', b'Fri, 26 Apr 2024 14:32:08 GMT'), (b'Content-Type', b'application/json'), (b'Content-Length', b'822'), (b'Connection', b'keep-alive'), (b'Strict-Transport-Security', b'max-age=31536000; includeSubDomains; preload'), (b'Access-Control-Allow-Origin', b'*'), (b'Access-Control-Allow-Methods', b'GET, POST, OPTIONS'), (b'Access-Control-Expose-Headers', b'Content-Length,Content-Type,Date,Server,Connection')])]
[2024-04-26 14:32:08,095]: [_client.py]: _send_single_request: 1773:       INFO:    [HTTP Request: POST https://api.telegram.org/bot6030805959:AAGUHAMxLYc-PrevgKouJ3ZyM7ktu56ftjo/sendDocument "HTTP/1.1 200 OK"]
[2024-04-26 14:32:08,095]: [_trace.py]: atrace: 85:       DEBUG:    [receive_response_body.started request=<Request [b'POST']>]
[2024-04-26 14:32:08,095]: [_trace.py]: atrace: 85:       DEBUG:    [receive_response_body.complete]
[2024-04-26 14:32:08,095]: [_trace.py]: atrace: 85:       DEBUG:    [response_closed.started]
[2024-04-26 14:32:08,095]: [_trace.py]: atrace: 85:       DEBUG:    [response_closed.complete]
[2024-04-26 14:32:08,095]: [_bot.py]: _do_post: 652:       DEBUG:    [Call to Bot API endpoint `sendDocument` finished with return value `{'message_id': 322, 'from': {'id': 6030805959, 'is_bot': True, 'first_name': 'TyPHoone_bot', 'username': 'TyPHoone_Project_bot'}, 'chat': {'id': -4119703192, 'title': 'Robocop', 'type': 'group', 'all_members_are_administrators': True}, 'date': 1714141928, 'document': {'file_name': '3-Profill.png', 'mime_type': 'image/png', 'thumbnail': {'file_id': 'AAMCBAADGQMAAgFCZiu65zlHXUIFpTD-bJ4tBCeKpuEAArwWAALuyGBRpLiuT2Uzur0BAAdtAAM0BA', 'file_unique_id': 'AQADvBYAAu7IYFFy', 'file_size': 31969, 'width': 320, 'height': 320}, 'thumb': {'file_id': 'AAMCBAADGQMAAgFCZiu65zlHXUIFpTD-bJ4tBCeKpuEAArwWAALuyGBRpLiuT2Uzur0BAAdtAAM0BA', 'file_unique_id': 'AQADvBYAAu7IYFFy', 'file_size': 31969, 'width': 320, 'height': 320}, 'file_id': 'BQACAgQAAxkDAAIBQmYruuc5R11CBaUw_myeLQQniqbhAAK8FgAC7shgUaS4rk9lM7q9NAQ', 'file_unique_id': 'AgADvBYAAu7IYFE', 'file_size': 668049}}`]
[2024-04-26 14:32:08,096]: [_bot.py]: _do_post: 643:       DEBUG:    [Calling Bot API endpoint `sendDocument` with parameters `{'chat_id': '-4119703192', 'document': <telegram._files.inputfile.InputFile object at 0x7f5338086600>}`]
[2024-04-26 14:32:08,096]: [_trace.py]: atrace: 85:       DEBUG:    [send_request_headers.started request=<Request [b'POST']>]
[2024-04-26 14:32:08,097]: [_trace.py]: atrace: 85:       DEBUG:    [send_request_headers.complete]
[2024-04-26 14:32:08,097]: [_trace.py]: atrace: 85:       DEBUG:    [send_request_body.started request=<Request [b'POST']>]
[2024-04-26 14:32:08,098]: [_trace.py]: atrace: 85:       DEBUG:    [send_request_body.complete]
[2024-04-26 14:32:08,098]: [_trace.py]: atrace: 85:       DEBUG:    [receive_response_headers.started request=<Request [b'POST']>]
[2024-04-26 14:32:08,426]: [_trace.py]: atrace: 85:       DEBUG:    [receive_response_headers.complete return_value=(b'HTTP/1.1', 200, b'OK', [(b'Server', b'nginx/1.18.0'), (b'Date', b'Fri, 26 Apr 2024 14:32:08 GMT'), (b'Content-Type', b'application/json'), (b'Content-Length', b'828'), (b'Connection', b'keep-alive'), (b'Strict-Transport-Security', b'max-age=31536000; includeSubDomains; preload'), (b'Access-Control-Allow-Origin', b'*'), (b'Access-Control-Allow-Methods', b'GET, POST, OPTIONS'), (b'Access-Control-Expose-Headers', b'Content-Length,Content-Type,Date,Server,Connection')])]
[2024-04-26 14:32:08,427]: [_client.py]: _send_single_request: 1773:       INFO:    [HTTP Request: POST https://api.telegram.org/bot6030805959:AAGUHAMxLYc-PrevgKouJ3ZyM7ktu56ftjo/sendDocument "HTTP/1.1 200 OK"]
[2024-04-26 14:32:08,427]: [_trace.py]: atrace: 85:       DEBUG:    [receive_response_body.started request=<Request [b'POST']>]
[2024-04-26 14:32:08,427]: [_trace.py]: atrace: 85:       DEBUG:    [receive_response_body.complete]
[2024-04-26 14:32:08,427]: [_trace.py]: atrace: 85:       DEBUG:    [response_closed.started]
[2024-04-26 14:32:08,427]: [_trace.py]: atrace: 85:       DEBUG:    [response_closed.complete]
[2024-04-26 14:32:08,427]: [_bot.py]: _do_post: 652:       DEBUG:    [Call to Bot API endpoint `sendDocument` finished with return value `{'message_id': 323, 'from': {'id': 6030805959, 'is_bot': True, 'first_name': 'TyPHoone_bot', 'username': 'TyPHoone_Project_bot'}, 'chat': {'id': -4119703192, 'title': 'Robocop', 'type': 'group', 'all_members_are_administrators': True}, 'date': 1714141928, 'document': {'file_name': '7-Tasme_Maftoul.png', 'mime_type': 'image/png', 'thumbnail': {'file_id': 'AAMCBAADGQMAAgFDZiu66I5UuM_EkNLgpju7kZbZPNUAAr0WAALuyGBRgidfCFVwhbwBAAdtAAM0BA', 'file_unique_id': 'AQADvRYAAu7IYFFy', 'file_size': 35245, 'width': 320, 'height': 320}, 'thumb': {'file_id': 'AAMCBAADGQMAAgFDZiu66I5UuM_EkNLgpju7kZbZPNUAAr0WAALuyGBRgidfCFVwhbwBAAdtAAM0BA', 'file_unique_id': 'AQADvRYAAu7IYFFy', 'file_size': 35245, 'width': 320, 'height': 320}, 'file_id': 'BQACAgQAAxkDAAIBQ2YruuiOVLjPxJDS4KY7u5GW2TzVAAK9FgAC7shgUYInXwhVcIW8NAQ', 'file_unique_id': 'AgADvRYAAu7IYFE', 'file_size': 694602}}`]
[2024-04-26 14:32:08,428]: [_bot.py]: _do_post: 643:       DEBUG:    [Calling Bot API endpoint `sendDocument` with parameters `{'chat_id': '-4119703192', 'document': <telegram._files.inputfile.InputFile object at 0x7f5339a7d280>}`]
[2024-04-26 14:32:08,429]: [_trace.py]: atrace: 85:       DEBUG:    [send_request_headers.started request=<Request [b'POST']>]
[2024-04-26 14:32:08,429]: [_trace.py]: atrace: 85:       DEBUG:    [send_request_headers.complete]
[2024-04-26 14:32:08,429]: [_trace.py]: atrace: 85:       DEBUG:    [send_request_body.started request=<Request [b'POST']>]
[2024-04-26 14:32:08,430]: [_trace.py]: atrace: 85:       DEBUG:    [send_request_body.complete]
[2024-04-26 14:32:08,430]: [_trace.py]: atrace: 85:       DEBUG:    [receive_response_headers.started request=<Request [b'POST']>]
[2024-04-26 14:32:08,756]: [_trace.py]: atrace: 85:       DEBUG:    [receive_response_headers.complete return_value=(b'HTTP/1.1', 200, b'OK', [(b'Server', b'nginx/1.18.0'), (b'Date', b'Fri, 26 Apr 2024 14:32:08 GMT'), (b'Content-Type', b'application/json'), (b'Content-Length', b'822'), (b'Connection', b'keep-alive'), (b'Strict-Transport-Security', b'max-age=31536000; includeSubDomains; preload'), (b'Access-Control-Allow-Origin', b'*'), (b'Access-Control-Allow-Methods', b'GET, POST, OPTIONS'), (b'Access-Control-Expose-Headers', b'Content-Length,Content-Type,Date,Server,Connection')])]
[2024-04-26 14:32:08,757]: [_client.py]: _send_single_request: 1773:       INFO:    [HTTP Request: POST https://api.telegram.org/bot6030805959:AAGUHAMxLYc-PrevgKouJ3ZyM7ktu56ftjo/sendDocument "HTTP/1.1 200 OK"]
[2024-04-26 14:32:08,757]: [_trace.py]: atrace: 85:       DEBUG:    [receive_response_body.started request=<Request [b'POST']>]
[2024-04-26 14:32:08,757]: [_trace.py]: atrace: 85:       DEBUG:    [receive_response_body.complete]
[2024-04-26 14:32:08,757]: [_trace.py]: atrace: 85:       DEBUG:    [response_closed.started]
[2024-04-26 14:32:08,757]: [_trace.py]: atrace: 85:       DEBUG:    [response_closed.complete]
[2024-04-26 14:32:08,757]: [_bot.py]: _do_post: 652:       DEBUG:    [Call to Bot API endpoint `sendDocument` finished with return value `{'message_id': 324, 'from': {'id': 6030805959, 'is_bot': True, 'first_name': 'TyPHoone_bot', 'username': 'TyPHoone_Project_bot'}, 'chat': {'id': -4119703192, 'title': 'Robocop', 'type': 'group', 'all_members_are_administrators': True}, 'date': 1714141928, 'document': {'file_name': '8-Khamoot.png', 'mime_type': 'image/png', 'thumbnail': {'file_id': 'AAMCBAADGQMAAgFEZiu66EHclTV8eHvc2FuHpdi1CmkAAr4WAALuyGBRoKccrPbUE6sBAAdtAAM0BA', 'file_unique_id': 'AQADvhYAAu7IYFFy', 'file_size': 26974, 'width': 320, 'height': 320}, 'thumb': {'file_id': 'AAMCBAADGQMAAgFEZiu66EHclTV8eHvc2FuHpdi1CmkAAr4WAALuyGBRoKccrPbUE6sBAAdtAAM0BA', 'file_unique_id': 'AQADvhYAAu7IYFFy', 'file_size': 26974, 'width': 320, 'height': 320}, 'file_id': 'BQACAgQAAxkDAAIBRGYruuhB3JU1fHh73Nhbh6XYtQppAAK-FgAC7shgUaCnHKz21BOrNAQ', 'file_unique_id': 'AgADvhYAAu7IYFE', 'file_size': 673373}}`]
[2024-04-26 14:32:08,758]: [_bot.py]: _do_post: 643:       DEBUG:    [Calling Bot API endpoint `sendDocument` with parameters `{'chat_id': '-4119703192', 'document': <telegram._files.inputfile.InputFile object at 0x7f5338086cc0>}`]
[2024-04-26 14:32:08,758]: [_trace.py]: atrace: 85:       DEBUG:    [send_request_headers.started request=<Request [b'POST']>]
[2024-04-26 14:32:08,759]: [_trace.py]: atrace: 85:       DEBUG:    [send_request_headers.complete]
[2024-04-26 14:32:08,759]: [_trace.py]: atrace: 85:       DEBUG:    [send_request_body.started request=<Request [b'POST']>]
[2024-04-26 14:32:08,760]: [_trace.py]: atrace: 85:       DEBUG:    [send_request_body.complete]
[2024-04-26 14:32:08,760]: [_trace.py]: atrace: 85:       DEBUG:    [receive_response_headers.started request=<Request [b'POST']>]
[2024-04-26 14:32:12,153]: [_trace.py]: atrace: 85:       DEBUG:    [receive_response_headers.complete return_value=(b'HTTP/1.1', 200, b'OK', [(b'Server', b'nginx/1.18.0'), (b'Date', b'Fri, 26 Apr 2024 14:32:12 GMT'), (b'Content-Type', b'application/json'), (b'Content-Length', b'820'), (b'Connection', b'keep-alive'), (b'Strict-Transport-Security', b'max-age=31536000; includeSubDomains; preload'), (b'Access-Control-Allow-Origin', b'*'), (b'Access-Control-Allow-Methods', b'GET, POST, OPTIONS'), (b'Access-Control-Expose-Headers', b'Content-Length,Content-Type,Date,Server,Connection')])]
[2024-04-26 14:32:12,154]: [_client.py]: _send_single_request: 1773:       INFO:    [HTTP Request: POST https://api.telegram.org/bot6030805959:AAGUHAMxLYc-PrevgKouJ3ZyM7ktu56ftjo/sendDocument "HTTP/1.1 200 OK"]
[2024-04-26 14:32:12,154]: [_trace.py]: atrace: 85:       DEBUG:    [receive_response_body.started request=<Request [b'POST']>]
[2024-04-26 14:32:12,154]: [_trace.py]: atrace: 85:       DEBUG:    [receive_response_body.complete]
[2024-04-26 14:32:12,154]: [_trace.py]: atrace: 85:       DEBUG:    [response_closed.started]
[2024-04-26 14:32:12,154]: [_trace.py]: atrace: 85:       DEBUG:    [response_closed.complete]
[2024-04-26 14:32:12,154]: [_bot.py]: _do_post: 652:       DEBUG:    [Call to Bot API endpoint `sendDocument` finished with return value `{'message_id': 325, 'from': {'id': 6030805959, 'is_bot': True, 'first_name': 'TyPHoone_bot', 'username': 'TyPHoone_Project_bot'}, 'chat': {'id': -4119703192, 'title': 'Robocop', 'type': 'group', 'all_members_are_administrators': True}, 'date': 1714141932, 'document': {'file_name': '0-cover.png', 'mime_type': 'image/png', 'thumbnail': {'file_id': 'AAMCBAADGQMAAgFFZiu66y9OicYz2zPng6M-HoT35-UAAr8WAALuyGBRkJVUbpY01BIBAAdtAAM0BA', 'file_unique_id': 'AQADvxYAAu7IYFFy', 'file_size': 33658, 'width': 320, 'height': 320}, 'thumb': {'file_id': 'AAMCBAADGQMAAgFFZiu66y9OicYz2zPng6M-HoT35-UAAr8WAALuyGBRkJVUbpY01BIBAAdtAAM0BA', 'file_unique_id': 'AQADvxYAAu7IYFFy', 'file_size': 33658, 'width': 320, 'height': 320}, 'file_id': 'BQACAgQAAxkDAAIBRWYruusvTonGM9sz54OjPh6E9-flAAK_FgAC7shgUZCVVG6WNNQSNAQ', 'file_unique_id': 'AgADvxYAAu7IYFE', 'file_size': 832102}}`]
[2024-04-26 14:32:12,155]: [_trace.py]: atrace: 85:       DEBUG:    [close.started]
[2024-04-26 14:32:12,155]: [_trace.py]: atrace: 85:       DEBUG:    [close.complete]
[2024-04-26 14:32:12,155]: [_config.py]: load_ssl_context: 80:       DEBUG:    [load_ssl_context verify=True cert=None trust_env=True http2=False]
[2024-04-26 14:32:12,155]: [_config.py]: load_ssl_context_verify: 146:       DEBUG:    [load_verify_locations cafile='/opt/hostedtoolcache/Python/3.12.3/x64/lib/python3.12/site-packages/certifi/cacert.pem']
[2024-04-26 14:32:12,182]: [_config.py]: load_ssl_context: 80:       DEBUG:    [load_ssl_context verify=True cert=None trust_env=True http2=False]
[2024-04-26 14:32:12,182]: [_config.py]: load_ssl_context_verify: 146:       DEBUG:    [load_verify_locations cafile='/opt/hostedtoolcache/Python/3.12.3/x64/lib/python3.12/site-packages/certifi/cacert.pem']
[2024-04-26 14:32:12,212]: [_bot.py]: _do_post: 643:       DEBUG:    [Calling Bot API endpoint `getMe` with parameters `{}`]
[2024-04-26 14:32:12,212]: [_trace.py]: atrace: 85:       DEBUG:    [connect_tcp.started host='api.telegram.org' port=443 local_address=None timeout=5.0 socket_options=None]
[2024-04-26 14:32:12,357]: [_trace.py]: atrace: 85:       DEBUG:    [connect_tcp.complete return_value=<httpcore._backends.anyio.AnyIOStream object at 0x7f5337dc3b30>]
[2024-04-26 14:32:12,357]: [_trace.py]: atrace: 85:       DEBUG:    [start_tls.started ssl_context=<ssl.SSLContext object at 0x7f5338094f50> server_hostname='api.telegram.org' timeout=5.0]
[2024-04-26 14:32:12,503]: [_trace.py]: atrace: 85:       DEBUG:    [start_tls.complete return_value=<httpcore._backends.anyio.AnyIOStream object at 0x7f5338b9ac30>]
[2024-04-26 14:32:12,504]: [_trace.py]: atrace: 85:       DEBUG:    [send_request_headers.started request=<Request [b'POST']>]
[2024-04-26 14:32:12,504]: [_trace.py]: atrace: 85:       DEBUG:    [send_request_headers.complete]
[2024-04-26 14:32:12,504]: [_trace.py]: atrace: 85:       DEBUG:    [send_request_body.started request=<Request [b'POST']>]
[2024-04-26 14:32:12,504]: [_trace.py]: atrace: 85:       DEBUG:    [send_request_body.complete]
[2024-04-26 14:32:12,504]: [_trace.py]: atrace: 85:       DEBUG:    [receive_response_headers.started request=<Request [b'POST']>]
[2024-04-26 14:32:12,657]: [_trace.py]: atrace: 85:       DEBUG:    [receive_response_headers.complete return_value=(b'HTTP/1.1', 200, b'OK', [(b'Server', b'nginx/1.18.0'), (b'Date', b'Fri, 26 Apr 2024 14:32:12 GMT'), (b'Content-Type', b'application/json'), (b'Content-Length', b'237'), (b'Connection', b'keep-alive'), (b'Strict-Transport-Security', b'max-age=31536000; includeSubDomains; preload'), (b'Access-Control-Allow-Origin', b'*'), (b'Access-Control-Allow-Methods', b'GET, POST, OPTIONS'), (b'Access-Control-Expose-Headers', b'Content-Length,Content-Type,Date,Server,Connection')])]
[2024-04-26 14:32:12,657]: [_client.py]: _send_single_request: 1773:       INFO:    [HTTP Request: POST https://api.telegram.org/bot6030805959:AAGUHAMxLYc-PrevgKouJ3ZyM7ktu56ftjo/getMe "HTTP/1.1 200 OK"]
[2024-04-26 14:32:12,657]: [_trace.py]: atrace: 85:       DEBUG:    [receive_response_body.started request=<Request [b'POST']>]
[2024-04-26 14:32:12,657]: [_trace.py]: atrace: 85:       DEBUG:    [receive_response_body.complete]
[2024-04-26 14:32:12,658]: [_trace.py]: atrace: 85:       DEBUG:    [response_closed.started]
[2024-04-26 14:32:12,658]: [_trace.py]: atrace: 85:       DEBUG:    [response_closed.complete]
[2024-04-26 14:32:12,658]: [_bot.py]: _do_post: 652:       DEBUG:    [Call to Bot API endpoint `getMe` finished with return value `{'id': 6030805959, 'is_bot': True, 'first_name': 'TyPHoone_bot', 'username': 'TyPHoone_Project_bot', 'can_join_groups': True, 'can_read_all_group_messages': False, 'supports_inline_queries': False, 'can_connect_to_business': False}`]
[2024-04-26 14:32:12,658]: [_bot.py]: _do_post: 643:       DEBUG:    [Calling Bot API endpoint `sendDocument` with parameters `{'chat_id': '-4119703192', 'document': <telegram._files.inputfile.InputFile object at 0x7f5337d5f500>}`]
[2024-04-26 14:32:12,659]: [_trace.py]: atrace: 85:       DEBUG:    [send_request_headers.started request=<Request [b'POST']>]
[2024-04-26 14:32:12,659]: [_trace.py]: atrace: 85:       DEBUG:    [send_request_headers.complete]
[2024-04-26 14:32:12,659]: [_trace.py]: atrace: 85:       DEBUG:    [send_request_body.started request=<Request [b'POST']>]
[2024-04-26 14:32:13,233]: [_trace.py]: atrace: 85:       DEBUG:    [send_request_body.complete]
[2024-04-26 14:32:13,233]: [_trace.py]: atrace: 85:       DEBUG:    [receive_response_headers.started request=<Request [b'POST']>]
[2024-04-26 14:32:13,685]: [_trace.py]: atrace: 85:       DEBUG:    [receive_response_headers.complete return_value=(b'HTTP/1.1', 200, b'OK', [(b'Server', b'nginx/1.18.0'), (b'Date', b'Fri, 26 Apr 2024 14:32:13 GMT'), (b'Content-Type', b'application/json'), (b'Content-Length', b'823'), (b'Connection', b'keep-alive'), (b'Strict-Transport-Security', b'max-age=31536000; includeSubDomains; preload'), (b'Access-Control-Allow-Origin', b'*'), (b'Access-Control-Allow-Methods', b'GET, POST, OPTIONS'), (b'Access-Control-Expose-Headers', b'Content-Length,Content-Type,Date,Server,Connection')])]
[2024-04-26 14:32:13,685]: [_client.py]: _send_single_request: 1773:       INFO:    [HTTP Request: POST https://api.telegram.org/bot6030805959:AAGUHAMxLYc-PrevgKouJ3ZyM7ktu56ftjo/sendDocument "HTTP/1.1 200 OK"]
[2024-04-26 14:32:13,685]: [_trace.py]: atrace: 85:       DEBUG:    [receive_response_body.started request=<Request [b'POST']>]
[2024-04-26 14:32:13,685]: [_trace.py]: atrace: 85:       DEBUG:    [receive_response_body.complete]
[2024-04-26 14:32:13,685]: [_trace.py]: atrace: 85:       DEBUG:    [response_closed.started]
[2024-04-26 14:32:13,686]: [_trace.py]: atrace: 85:       DEBUG:    [response_closed.complete]
[2024-04-26 14:32:13,686]: [_bot.py]: _do_post: 652:       DEBUG:    [Call to Bot API endpoint `sendDocument` finished with return value `{'message_id': 326, 'from': {'id': 6030805959, 'is_bot': True, 'first_name': 'TyPHoone_bot', 'username': 'TyPHoone_Project_bot'}, 'chat': {'id': -4119703192, 'title': 'Robocop', 'type': 'group', 'all_members_are_administrators': True}, 'date': 1714141933, 'document': {'file_name': '1-Tir_Ahan.png', 'mime_type': 'image/png', 'thumbnail': {'file_id': 'AAMCBAADGQMAAgFGZiu67eWJaC2o8K2kDMPMCqbJ_UwAAsAWAALuyGBRES6e11iIw8IBAAdtAAM0BA', 'file_unique_id': 'AQADwBYAAu7IYFFy', 'file_size': 39323, 'width': 320, 'height': 320}, 'thumb': {'file_id': 'AAMCBAADGQMAAgFGZiu67eWJaC2o8K2kDMPMCqbJ_UwAAsAWAALuyGBRES6e11iIw8IBAAdtAAM0BA', 'file_unique_id': 'AQADwBYAAu7IYFFy', 'file_size': 39323, 'width': 320, 'height': 320}, 'file_id': 'BQACAgQAAxkDAAIBRmYruu3liWgtqPCtpAzDzAqmyf1MAALAFgAC7shgUREuntdYiMPCNAQ', 'file_unique_id': 'AgADwBYAAu7IYFE', 'file_size': 824492}}`]
[2024-04-26 14:32:13,686]: [_bot.py]: _do_post: 643:       DEBUG:    [Calling Bot API endpoint `sendDocument` with parameters `{'chat_id': '-4119703192', 'document': <telegram._files.inputfile.InputFile object at 0x7f53386b7d00>}`]
[2024-04-26 14:32:13,687]: [_trace.py]: atrace: 85:       DEBUG:    [send_request_headers.started request=<Request [b'POST']>]
[2024-04-26 14:32:13,687]: [_trace.py]: atrace: 85:       DEBUG:    [send_request_headers.complete]
[2024-04-26 14:32:13,687]: [_trace.py]: atrace: 85:       DEBUG:    [send_request_body.started request=<Request [b'POST']>]
[2024-04-26 14:32:13,688]: [_trace.py]: atrace: 85:       DEBUG:    [send_request_body.complete]
[2024-04-26 14:32:13,688]: [_trace.py]: atrace: 85:       DEBUG:    [receive_response_headers.started request=<Request [b'POST']>]
[2024-04-26 14:32:14,111]: [_trace.py]: atrace: 85:       DEBUG:    [receive_response_headers.complete return_value=(b'HTTP/1.1', 200, b'OK', [(b'Server', b'nginx/1.18.0'), (b'Date', b'Fri, 26 Apr 2024 14:32:14 GMT'), (b'Content-Type', b'application/json'), (b'Content-Length', b'830'), (b'Connection', b'keep-alive'), (b'Strict-Transport-Security', b'max-age=31536000; includeSubDomains; preload'), (b'Access-Control-Allow-Origin', b'*'), (b'Access-Control-Allow-Methods', b'GET, POST, OPTIONS'), (b'Access-Control-Expose-Headers', b'Content-Length,Content-Type,Date,Server,Connection')])]
[2024-04-26 14:32:14,111]: [_client.py]: _send_single_request: 1773:       INFO:    [HTTP Request: POST https://api.telegram.org/bot6030805959:AAGUHAMxLYc-PrevgKouJ3ZyM7ktu56ftjo/sendDocument "HTTP/1.1 200 OK"]
[2024-04-26 14:32:14,111]: [_trace.py]: atrace: 85:       DEBUG:    [receive_response_body.started request=<Request [b'POST']>]
[2024-04-26 14:32:14,112]: [_trace.py]: atrace: 85:       DEBUG:    [receive_response_body.complete]
[2024-04-26 14:32:14,112]: [_trace.py]: atrace: 85:       DEBUG:    [response_closed.started]
[2024-04-26 14:32:14,112]: [_trace.py]: atrace: 85:       DEBUG:    [response_closed.complete]
[2024-04-26 14:32:14,112]: [_bot.py]: _do_post: 652:       DEBUG:    [Call to Bot API endpoint `sendDocument` finished with return value `{'message_id': 327, 'from': {'id': 6030805959, 'is_bot': True, 'first_name': 'TyPHoone_bot', 'username': 'TyPHoone_Project_bot'}, 'chat': {'id': -4119703192, 'title': 'Robocop', 'type': 'group', 'all_members_are_administrators': True}, 'date': 1714141934, 'document': {'file_name': '9-Waraq_Galwanize.png', 'mime_type': 'image/png', 'thumbnail': {'file_id': 'AAMCBAADGQMAAgFHZiu67d2PkZEnUONDWZQ5bLWFFcUAAsEWAALuyGBRdCcUQWAlRyABAAdtAAM0BA', 'file_unique_id': 'AQADwRYAAu7IYFFy', 'file_size': 39436, 'width': 320, 'height': 320}, 'thumb': {'file_id': 'AAMCBAADGQMAAgFHZiu67d2PkZEnUONDWZQ5bLWFFcUAAsEWAALuyGBRdCcUQWAlRyABAAdtAAM0BA', 'file_unique_id': 'AQADwRYAAu7IYFFy', 'file_size': 39436, 'width': 320, 'height': 320}, 'file_id': 'BQACAgQAAxkDAAIBR2Yruu3dj5GRJ1DjQ1mUOWy1hRXFAALBFgAC7shgUXQnFEFgJUcgNAQ', 'file_unique_id': 'AgADwRYAAu7IYFE', 'file_size': 764419}}`]
[2024-04-26 14:32:14,113]: [_bot.py]: _do_post: 643:       DEBUG:    [Calling Bot API endpoint `sendDocument` with parameters `{'chat_id': '-4119703192', 'document': <telegram._files.inputfile.InputFile object at 0x7f5337d538c0>}`]
[2024-04-26 14:32:14,113]: [_trace.py]: atrace: 85:       DEBUG:    [send_request_headers.started request=<Request [b'POST']>]
[2024-04-26 14:32:14,114]: [_trace.py]: atrace: 85:       DEBUG:    [send_request_headers.complete]
[2024-04-26 14:32:14,115]: [_trace.py]: atrace: 85:       DEBUG:    [send_request_body.started request=<Request [b'POST']>]
[2024-04-26 14:32:14,115]: [_trace.py]: atrace: 85:       DEBUG:    [send_request_body.complete]
[2024-04-26 14:32:14,116]: [_trace.py]: atrace: 85:       DEBUG:    [receive_response_headers.started request=<Request [b'POST']>]
[2024-04-26 14:32:14,422]: [_trace.py]: atrace: 85:       DEBUG:    [receive_response_headers.complete return_value=(b'HTTP/1.1', 200, b'OK', [(b'Server', b'nginx/1.18.0'), (b'Date', b'Fri, 26 Apr 2024 14:32:14 GMT'), (b'Content-Type', b'application/json'), (b'Content-Length', b'822'), (b'Connection', b'keep-alive'), (b'Strict-Transport-Security', b'max-age=31536000; includeSubDomains; preload'), (b'Access-Control-Allow-Origin', b'*'), (b'Access-Control-Allow-Methods', b'GET, POST, OPTIONS'), (b'Access-Control-Expose-Headers', b'Content-Length,Content-Type,Date,Server,Connection')])]
[2024-04-26 14:32:14,422]: [_client.py]: _send_single_request: 1773:       INFO:    [HTTP Request: POST https://api.telegram.org/bot6030805959:AAGUHAMxLYc-PrevgKouJ3ZyM7ktu56ftjo/sendDocument "HTTP/1.1 200 OK"]
[2024-04-26 14:32:14,422]: [_trace.py]: atrace: 85:       DEBUG:    [receive_response_body.started request=<Request [b'POST']>]
[2024-04-26 14:32:14,422]: [_trace.py]: atrace: 85:       DEBUG:    [receive_response_body.complete]
[2024-04-26 14:32:14,423]: [_trace.py]: atrace: 85:       DEBUG:    [response_closed.started]
[2024-04-26 14:32:14,423]: [_trace.py]: atrace: 85:       DEBUG:    [response_closed.complete]
[2024-04-26 14:32:14,423]: [_bot.py]: _do_post: 652:       DEBUG:    [Call to Bot API endpoint `sendDocument` finished with return value `{'message_id': 328, 'from': {'id': 6030805959, 'is_bot': True, 'first_name': 'TyPHoone_bot', 'username': 'TyPHoone_Project_bot'}, 'chat': {'id': -4119703192, 'title': 'Robocop', 'type': 'group', 'all_members_are_administrators': True}, 'date': 1714141934, 'document': {'file_name': '2-Milgerd.png', 'mime_type': 'image/png', 'thumbnail': {'file_id': 'AAMCBAADGQMAAgFIZiu67tEjLNlJ1onZPBBhI4akDJ0AAsIWAALuyGBR3nNDcvpCA5cBAAdtAAM0BA', 'file_unique_id': 'AQADwhYAAu7IYFFy', 'file_size': 43384, 'width': 320, 'height': 320}, 'thumb': {'file_id': 'AAMCBAADGQMAAgFIZiu67tEjLNlJ1onZPBBhI4akDJ0AAsIWAALuyGBR3nNDcvpCA5cBAAdtAAM0BA', 'file_unique_id': 'AQADwhYAAu7IYFFy', 'file_size': 43384, 'width': 320, 'height': 320}, 'file_id': 'BQACAgQAAxkDAAIBSGYruu7RIyzZSdaJ2TwQYSOGpAydAALCFgAC7shgUd5zQ3L6QgOXNAQ', 'file_unique_id': 'AgADwhYAAu7IYFE', 'file_size': 705635}}`]
[2024-04-26 14:32:14,423]: [_bot.py]: _do_post: 643:       DEBUG:    [Calling Bot API endpoint `sendDocument` with parameters `{'chat_id': '-4119703192', 'document': <telegram._files.inputfile.InputFile object at 0x7f5337e02040>}`]
[2024-04-26 14:32:14,424]: [_trace.py]: atrace: 85:       DEBUG:    [send_request_headers.started request=<Request [b'POST']>]
[2024-04-26 14:32:14,424]: [_trace.py]: atrace: 85:       DEBUG:    [send_request_headers.complete]
[2024-04-26 14:32:14,424]: [_trace.py]: atrace: 85:       DEBUG:    [send_request_body.started request=<Request [b'POST']>]
[2024-04-26 14:32:14,425]: [_trace.py]: atrace: 85:       DEBUG:    [send_request_body.complete]
[2024-04-26 14:32:14,425]: [_trace.py]: atrace: 85:       DEBUG:    [receive_response_headers.started request=<Request [b'POST']>]
[2024-04-26 14:32:14,821]: [_trace.py]: atrace: 85:       DEBUG:    [receive_response_headers.complete return_value=(b'HTTP/1.1', 200, b'OK', [(b'Server', b'nginx/1.18.0'), (b'Date', b'Fri, 26 Apr 2024 14:32:14 GMT'), (b'Content-Type', b'application/json'), (b'Content-Length', b'824'), (b'Connection', b'keep-alive'), (b'Strict-Transport-Security', b'max-age=31536000; includeSubDomains; preload'), (b'Access-Control-Allow-Origin', b'*'), (b'Access-Control-Allow-Methods', b'GET, POST, OPTIONS'), (b'Access-Control-Expose-Headers', b'Content-Length,Content-Type,Date,Server,Connection')])]
[2024-04-26 14:32:14,821]: [_client.py]: _send_single_request: 1773:       INFO:    [HTTP Request: POST https://api.telegram.org/bot6030805959:AAGUHAMxLYc-PrevgKouJ3ZyM7ktu56ftjo/sendDocument "HTTP/1.1 200 OK"]
[2024-04-26 14:32:14,821]: [_trace.py]: atrace: 85:       DEBUG:    [receive_response_body.started request=<Request [b'POST']>]
[2024-04-26 14:32:14,821]: [_trace.py]: atrace: 85:       DEBUG:    [receive_response_body.complete]
[2024-04-26 14:32:14,821]: [_trace.py]: atrace: 85:       DEBUG:    [response_closed.started]
[2024-04-26 14:32:14,821]: [_trace.py]: atrace: 85:       DEBUG:    [response_closed.complete]
[2024-04-26 14:32:14,822]: [_bot.py]: _do_post: 652:       DEBUG:    [Call to Bot API endpoint `sendDocument` finished with return value `{'message_id': 329, 'from': {'id': 6030805959, 'is_bot': True, 'first_name': 'TyPHoone_bot', 'username': 'TyPHoone_Project_bot'}, 'chat': {'id': -4119703192, 'title': 'Robocop', 'type': 'group', 'all_members_are_administrators': True}, 'date': 1714141934, 'document': {'file_name': '5-Nabshi.png', 'mime_type': 'image/png', 'thumbnail': {'file_id': 'AAMCBAADGQMAAgFJZiu67iOFihHP7cLEOucqKWsAAcZKAALDFgAC7shgUb1-czGNEz8XAQAHbQADNAQ', 'file_unique_id': 'AQADwxYAAu7IYFFy', 'file_size': 32735, 'width': 320, 'height': 320}, 'thumb': {'file_id': 'AAMCBAADGQMAAgFJZiu67iOFihHP7cLEOucqKWsAAcZKAALDFgAC7shgUb1-czGNEz8XAQAHbQADNAQ', 'file_unique_id': 'AQADwxYAAu7IYFFy', 'file_size': 32735, 'width': 320, 'height': 320}, 'file_id': 'BQACAgQAAxkDAAIBSWYruu4jhYoRz-3CxDrnKilrAAHGSgACwxYAAu7IYFG9fnMxjRM_FzQE', 'file_unique_id': 'AgADwxYAAu7IYFE', 'file_size': 850214}}`]
[2024-04-26 14:32:14,822]: [_bot.py]: _do_post: 643:       DEBUG:    [Calling Bot API endpoint `sendDocument` with parameters `{'chat_id': '-4119703192', 'document': <telegram._files.inputfile.InputFile object at 0x7f533862c840>}`]
[2024-04-26 14:32:14,823]: [_trace.py]: atrace: 85:       DEBUG:    [send_request_headers.started request=<Request [b'POST']>]
[2024-04-26 14:32:14,823]: [_trace.py]: atrace: 85:       DEBUG:    [send_request_headers.complete]
[2024-04-26 14:32:14,823]: [_trace.py]: atrace: 85:       DEBUG:    [send_request_body.started request=<Request [b'POST']>]
[2024-04-26 14:32:14,824]: [_trace.py]: atrace: 85:       DEBUG:    [send_request_body.complete]
[2024-04-26 14:32:14,824]: [_trace.py]: atrace: 85:       DEBUG:    [receive_response_headers.started request=<Request [b'POST']>]
[2024-04-26 14:32:18,410]: [_trace.py]: atrace: 85:       DEBUG:    [receive_response_headers.complete return_value=(b'HTTP/1.1', 200, b'OK', [(b'Server', b'nginx/1.18.0'), (b'Date', b'Fri, 26 Apr 2024 14:32:18 GMT'), (b'Content-Type', b'application/json'), (b'Content-Length', b'828'), (b'Connection', b'keep-alive'), (b'Strict-Transport-Security', b'max-age=31536000; includeSubDomains; preload'), (b'Access-Control-Allow-Origin', b'*'), (b'Access-Control-Allow-Methods', b'GET, POST, OPTIONS'), (b'Access-Control-Expose-Headers', b'Content-Length,Content-Type,Date,Server,Connection')])]
[2024-04-26 14:32:18,410]: [_client.py]: _send_single_request: 1773:       INFO:    [HTTP Request: POST https://api.telegram.org/bot6030805959:AAGUHAMxLYc-PrevgKouJ3ZyM7ktu56ftjo/sendDocument "HTTP/1.1 200 OK"]
[2024-04-26 14:32:18,411]: [_trace.py]: atrace: 85:       DEBUG:    [receive_response_body.started request=<Request [b'POST']>]
[2024-04-26 14:32:18,411]: [_trace.py]: atrace: 85:       DEBUG:    [receive_response_body.complete]
[2024-04-26 14:32:18,411]: [_trace.py]: atrace: 85:       DEBUG:    [response_closed.started]
[2024-04-26 14:32:18,411]: [_trace.py]: atrace: 85:       DEBUG:    [response_closed.complete]
[2024-04-26 14:32:18,411]: [_bot.py]: _do_post: 652:       DEBUG:    [Call to Bot API endpoint `sendDocument` finished with return value `{'message_id': 330, 'from': {'id': 6030805959, 'is_bot': True, 'first_name': 'TyPHoone_bot', 'username': 'TyPHoone_Project_bot'}, 'chat': {'id': -4119703192, 'title': 'Robocop', 'type': 'group', 'all_members_are_administrators': True}, 'date': 1714141938, 'document': {'file_name': '6-Waraq_Siah.png', 'mime_type': 'image/png', 'thumbnail': {'file_id': 'AAMCBAADGQMAAgFKZiu68lqkZ9AAAWu5jv86QUVWKzwfAALEFgAC7shgUbeXhpb91ZoqAQAHbQADNAQ', 'file_unique_id': 'AQADxBYAAu7IYFFy', 'file_size': 44011, 'width': 320, 'height': 320}, 'thumb': {'file_id': 'AAMCBAADGQMAAgFKZiu68lqkZ9AAAWu5jv86QUVWKzwfAALEFgAC7shgUbeXhpb91ZoqAQAHbQADNAQ', 'file_unique_id': 'AQADxBYAAu7IYFFy', 'file_size': 44011, 'width': 320, 'height': 320}, 'file_id': 'BQACAgQAAxkDAAIBSmYruvJapGfQAAFruY7_OkFFVis8HwACxBYAAu7IYFG3l4aW_dWaKjQE', 'file_unique_id': 'AgADxBYAAu7IYFE', 'file_size': 709535}}`]
[2024-04-26 14:32:18,412]: [_bot.py]: _do_post: 643:       DEBUG:    [Calling Bot API endpoint `sendDocument` with parameters `{'chat_id': '-4119703192', 'document': <telegram._files.inputfile.InputFile object at 0x7f5337e02040>}`]
[2024-04-26 14:32:18,412]: [_trace.py]: atrace: 85:       DEBUG:    [send_request_headers.started request=<Request [b'POST']>]
[2024-04-26 14:32:18,412]: [_trace.py]: atrace: 85:       DEBUG:    [send_request_headers.complete]
[2024-04-26 14:32:18,412]: [_trace.py]: atrace: 85:       DEBUG:    [send_request_body.started request=<Request [b'POST']>]
[2024-04-26 14:32:18,413]: [_trace.py]: atrace: 85:       DEBUG:    [send_request_body.complete]
[2024-04-26 14:32:18,414]: [_trace.py]: atrace: 85:       DEBUG:    [receive_response_headers.started request=<Request [b'POST']>]
[2024-04-26 14:32:19,466]: [_trace.py]: atrace: 85:       DEBUG:    [receive_response_headers.complete return_value=(b'HTTP/1.1', 200, b'OK', [(b'Server', b'nginx/1.18.0'), (b'Date', b'Fri, 26 Apr 2024 14:32:19 GMT'), (b'Content-Type', b'application/json'), (b'Content-Length', b'822'), (b'Connection', b'keep-alive'), (b'Strict-Transport-Security', b'max-age=31536000; includeSubDomains; preload'), (b'Access-Control-Allow-Origin', b'*'), (b'Access-Control-Allow-Methods', b'GET, POST, OPTIONS'), (b'Access-Control-Expose-Headers', b'Content-Length,Content-Type,Date,Server,Connection')])]
[2024-04-26 14:32:19,466]: [_client.py]: _send_single_request: 1773:       INFO:    [HTTP Request: POST https://api.telegram.org/bot6030805959:AAGUHAMxLYc-PrevgKouJ3ZyM7ktu56ftjo/sendDocument "HTTP/1.1 200 OK"]
[2024-04-26 14:32:19,466]: [_trace.py]: atrace: 85:       DEBUG:    [receive_response_body.started request=<Request [b'POST']>]
[2024-04-26 14:32:19,466]: [_trace.py]: atrace: 85:       DEBUG:    [receive_response_body.complete]
[2024-04-26 14:32:19,466]: [_trace.py]: atrace: 85:       DEBUG:    [response_closed.started]
[2024-04-26 14:32:19,466]: [_trace.py]: atrace: 85:       DEBUG:    [response_closed.complete]
[2024-04-26 14:32:19,467]: [_bot.py]: _do_post: 652:       DEBUG:    [Call to Bot API endpoint `sendDocument` finished with return value `{'message_id': 331, 'from': {'id': 6030805959, 'is_bot': True, 'first_name': 'TyPHoone_bot', 'username': 'TyPHoone_Project_bot'}, 'chat': {'id': -4119703192, 'title': 'Robocop', 'type': 'group', 'all_members_are_administrators': True}, 'date': 1714141939, 'document': {'file_name': '4-Nawdani.png', 'mime_type': 'image/png', 'thumbnail': {'file_id': 'AAMCBAADGQMAAgFLZiu68_8deTsFOabDstmL51vEwWsAAsUWAALuyGBRIid7vu8KbIUBAAdtAAM0BA', 'file_unique_id': 'AQADxRYAAu7IYFFy', 'file_size': 33616, 'width': 320, 'height': 320}, 'thumb': {'file_id': 'AAMCBAADGQMAAgFLZiu68_8deTsFOabDstmL51vEwWsAAsUWAALuyGBRIid7vu8KbIUBAAdtAAM0BA', 'file_unique_id': 'AQADxRYAAu7IYFFy', 'file_size': 33616, 'width': 320, 'height': 320}, 'file_id': 'BQACAgQAAxkDAAIBS2YruvP_HXk7BTmmw7LZi-dbxMFrAALFFgAC7shgUSIne77vCmyFNAQ', 'file_unique_id': 'AgADxRYAAu7IYFE', 'file_size': 811807}}`]
[2024-04-26 14:32:19,467]: [_bot.py]: _do_post: 643:       DEBUG:    [Calling Bot API endpoint `sendDocument` with parameters `{'chat_id': '-4119703192', 'document': <telegram._files.inputfile.InputFile object at 0x7f5337e025c0>}`]
[2024-04-26 14:32:19,468]: [_trace.py]: atrace: 85:       DEBUG:    [send_request_headers.started request=<Request [b'POST']>]
[2024-04-26 14:32:19,468]: [_trace.py]: atrace: 85:       DEBUG:    [send_request_headers.complete]
[2024-04-26 14:32:19,468]: [_trace.py]: atrace: 85:       DEBUG:    [send_request_body.started request=<Request [b'POST']>]
[2024-04-26 14:32:19,469]: [_trace.py]: atrace: 85:       DEBUG:    [send_request_body.complete]
[2024-04-26 14:32:19,469]: [_trace.py]: atrace: 85:       DEBUG:    [receive_response_headers.started request=<Request [b'POST']>]
[2024-04-26 14:32:19,748]: [_trace.py]: atrace: 85:       DEBUG:    [receive_response_headers.complete return_value=(b'HTTP/1.1', 200, b'OK', [(b'Server', b'nginx/1.18.0'), (b'Date', b'Fri, 26 Apr 2024 14:32:19 GMT'), (b'Content-Type', b'application/json'), (b'Content-Length', b'822'), (b'Connection', b'keep-alive'), (b'Strict-Transport-Security', b'max-age=31536000; includeSubDomains; preload'), (b'Access-Control-Allow-Origin', b'*'), (b'Access-Control-Allow-Methods', b'GET, POST, OPTIONS'), (b'Access-Control-Expose-Headers', b'Content-Length,Content-Type,Date,Server,Connection')])]
[2024-04-26 14:32:19,748]: [_client.py]: _send_single_request: 1773:       INFO:    [HTTP Request: POST https://api.telegram.org/bot6030805959:AAGUHAMxLYc-PrevgKouJ3ZyM7ktu56ftjo/sendDocument "HTTP/1.1 200 OK"]
[2024-04-26 14:32:19,748]: [_trace.py]: atrace: 85:       DEBUG:    [receive_response_body.started request=<Request [b'POST']>]
[2024-04-26 14:32:19,748]: [_trace.py]: atrace: 85:       DEBUG:    [receive_response_body.complete]
[2024-04-26 14:32:19,748]: [_trace.py]: atrace: 85:       DEBUG:    [response_closed.started]
[2024-04-26 14:32:19,748]: [_trace.py]: atrace: 85:       DEBUG:    [response_closed.complete]
[2024-04-26 14:32:19,749]: [_bot.py]: _do_post: 652:       DEBUG:    [Call to Bot API endpoint `sendDocument` finished with return value `{'message_id': 332, 'from': {'id': 6030805959, 'is_bot': True, 'first_name': 'TyPHoone_bot', 'username': 'TyPHoone_Project_bot'}, 'chat': {'id': -4119703192, 'title': 'Robocop', 'type': 'group', 'all_members_are_administrators': True}, 'date': 1714141939, 'document': {'file_name': '3-Profill.png', 'mime_type': 'image/png', 'thumbnail': {'file_id': 'AAMCBAADGQMAAgFMZiu68wXQ01qyLEFMZKDlTtXCfgwAAsYWAALuyGBR7pQH8rkT26IBAAdtAAM0BA', 'file_unique_id': 'AQADxhYAAu7IYFFy', 'file_size': 33055, 'width': 320, 'height': 320}, 'thumb': {'file_id': 'AAMCBAADGQMAAgFMZiu68wXQ01qyLEFMZKDlTtXCfgwAAsYWAALuyGBR7pQH8rkT26IBAAdtAAM0BA', 'file_unique_id': 'AQADxhYAAu7IYFFy', 'file_size': 33055, 'width': 320, 'height': 320}, 'file_id': 'BQACAgQAAxkDAAIBTGYruvMF0NNasixBTGSg5U7Vwn4MAALGFgAC7shgUe6UB_K5E9uiNAQ', 'file_unique_id': 'AgADxhYAAu7IYFE', 'file_size': 716854}}`]
[2024-04-26 14:32:19,749]: [_bot.py]: _do_post: 643:       DEBUG:    [Calling Bot API endpoint `sendDocument` with parameters `{'chat_id': '-4119703192', 'document': <telegram._files.inputfile.InputFile object at 0x7f5337e02040>}`]
[2024-04-26 14:32:19,750]: [_trace.py]: atrace: 85:       DEBUG:    [send_request_headers.started request=<Request [b'POST']>]
[2024-04-26 14:32:19,750]: [_trace.py]: atrace: 85:       DEBUG:    [send_request_headers.complete]
[2024-04-26 14:32:19,750]: [_trace.py]: atrace: 85:       DEBUG:    [send_request_body.started request=<Request [b'POST']>]
[2024-04-26 14:32:19,751]: [_trace.py]: atrace: 85:       DEBUG:    [send_request_body.complete]
[2024-04-26 14:32:19,751]: [_trace.py]: atrace: 85:       DEBUG:    [receive_response_headers.started request=<Request [b'POST']>]
[2024-04-26 14:32:20,124]: [_trace.py]: atrace: 85:       DEBUG:    [receive_response_headers.complete return_value=(b'HTTP/1.1', 200, b'OK', [(b'Server', b'nginx/1.18.0'), (b'Date', b'Fri, 26 Apr 2024 14:32:20 GMT'), (b'Content-Type', b'application/json'), (b'Content-Length', b'828'), (b'Connection', b'keep-alive'), (b'Strict-Transport-Security', b'max-age=31536000; includeSubDomains; preload'), (b'Access-Control-Allow-Origin', b'*'), (b'Access-Control-Allow-Methods', b'GET, POST, OPTIONS'), (b'Access-Control-Expose-Headers', b'Content-Length,Content-Type,Date,Server,Connection')])]
[2024-04-26 14:32:20,125]: [_client.py]: _send_single_request: 1773:       INFO:    [HTTP Request: POST https://api.telegram.org/bot6030805959:AAGUHAMxLYc-PrevgKouJ3ZyM7ktu56ftjo/sendDocument "HTTP/1.1 200 OK"]
[2024-04-26 14:32:20,125]: [_trace.py]: atrace: 85:       DEBUG:    [receive_response_body.started request=<Request [b'POST']>]
[2024-04-26 14:32:20,125]: [_trace.py]: atrace: 85:       DEBUG:    [receive_response_body.complete]
[2024-04-26 14:32:20,125]: [_trace.py]: atrace: 85:       DEBUG:    [response_closed.started]
[2024-04-26 14:32:20,125]: [_trace.py]: atrace: 85:       DEBUG:    [response_closed.complete]
[2024-04-26 14:32:20,125]: [_bot.py]: _do_post: 652:       DEBUG:    [Call to Bot API endpoint `sendDocument` finished with return value `{'message_id': 333, 'from': {'id': 6030805959, 'is_bot': True, 'first_name': 'TyPHoone_bot', 'username': 'TyPHoone_Project_bot'}, 'chat': {'id': -4119703192, 'title': 'Robocop', 'type': 'group', 'all_members_are_administrators': True}, 'date': 1714141940, 'document': {'file_name': '7-Tasme_Maftoul.png', 'mime_type': 'image/png', 'thumbnail': {'file_id': 'AAMCBAADGQMAAgFNZiu6893uQ_rpwRFzAXWHQh9iNEoAAscWAALuyGBRby5RdWrZ0pYBAAdtAAM0BA', 'file_unique_id': 'AQADxxYAAu7IYFFy', 'file_size': 36333, 'width': 320, 'height': 320}, 'thumb': {'file_id': 'AAMCBAADGQMAAgFNZiu6893uQ_rpwRFzAXWHQh9iNEoAAscWAALuyGBRby5RdWrZ0pYBAAdtAAM0BA', 'file_unique_id': 'AQADxxYAAu7IYFFy', 'file_size': 36333, 'width': 320, 'height': 320}, 'file_id': 'BQACAgQAAxkDAAIBTWYruvPd7kP66cERcwF1h0IfYjRKAALHFgAC7shgUW8uUXVq2dKWNAQ', 'file_unique_id': 'AgADxxYAAu7IYFE', 'file_size': 686635}}`]
[2024-04-26 14:32:20,126]: [_bot.py]: _do_post: 643:       DEBUG:    [Calling Bot API endpoint `sendDocument` with parameters `{'chat_id': '-4119703192', 'document': <telegram._files.inputfile.InputFile object at 0x7f5337e025c0>}`]
[2024-04-26 14:32:20,126]: [_trace.py]: atrace: 85:       DEBUG:    [send_request_headers.started request=<Request [b'POST']>]
[2024-04-26 14:32:20,126]: [_trace.py]: atrace: 85:       DEBUG:    [send_request_headers.complete]
[2024-04-26 14:32:20,126]: [_trace.py]: atrace: 85:       DEBUG:    [send_request_body.started request=<Request [b'POST']>]
[2024-04-26 14:32:20,128]: [_trace.py]: atrace: 85:       DEBUG:    [send_request_body.complete]
[2024-04-26 14:32:20,128]: [_trace.py]: atrace: 85:       DEBUG:    [receive_response_headers.started request=<Request [b'POST']>]
[2024-04-26 14:32:20,570]: [_trace.py]: atrace: 85:       DEBUG:    [receive_response_headers.complete return_value=(b'HTTP/1.1', 200, b'OK', [(b'Server', b'nginx/1.18.0'), (b'Date', b'Fri, 26 Apr 2024 14:32:20 GMT'), (b'Content-Type', b'application/json'), (b'Content-Length', b'822'), (b'Connection', b'keep-alive'), (b'Strict-Transport-Security', b'max-age=31536000; includeSubDomains; preload'), (b'Access-Control-Allow-Origin', b'*'), (b'Access-Control-Allow-Methods', b'GET, POST, OPTIONS'), (b'Access-Control-Expose-Headers', b'Content-Length,Content-Type,Date,Server,Connection')])]
[2024-04-26 14:32:20,570]: [_client.py]: _send_single_request: 1773:       INFO:    [HTTP Request: POST https://api.telegram.org/bot6030805959:AAGUHAMxLYc-PrevgKouJ3ZyM7ktu56ftjo/sendDocument "HTTP/1.1 200 OK"]
[2024-04-26 14:32:20,570]: [_trace.py]: atrace: 85:       DEBUG:    [receive_response_body.started request=<Request [b'POST']>]
[2024-04-26 14:32:20,570]: [_trace.py]: atrace: 85:       DEBUG:    [receive_response_body.complete]
[2024-04-26 14:32:20,570]: [_trace.py]: atrace: 85:       DEBUG:    [response_closed.started]
[2024-04-26 14:32:20,571]: [_trace.py]: atrace: 85:       DEBUG:    [response_closed.complete]
[2024-04-26 14:32:20,571]: [_bot.py]: _do_post: 652:       DEBUG:    [Call to Bot API endpoint `sendDocument` finished with return value `{'message_id': 334, 'from': {'id': 6030805959, 'is_bot': True, 'first_name': 'TyPHoone_bot', 'username': 'TyPHoone_Project_bot'}, 'chat': {'id': -4119703192, 'title': 'Robocop', 'type': 'group', 'all_members_are_administrators': True}, 'date': 1714141940, 'document': {'file_name': '8-Khamoot.png', 'mime_type': 'image/png', 'thumbnail': {'file_id': 'AAMCBAADGQMAAgFOZiu69DzNl7hcK8Qwm_hmLvg4oqMAAsgWAALuyGBRkW68dzpOfY0BAAdtAAM0BA', 'file_unique_id': 'AQADyBYAAu7IYFFy', 'file_size': 28050, 'width': 320, 'height': 320}, 'thumb': {'file_id': 'AAMCBAADGQMAAgFOZiu69DzNl7hcK8Qwm_hmLvg4oqMAAsgWAALuyGBRkW68dzpOfY0BAAdtAAM0BA', 'file_unique_id': 'AQADyBYAAu7IYFFy', 'file_size': 28050, 'width': 320, 'height': 320}, 'file_id': 'BQACAgQAAxkDAAIBTmYruvQ8zZe4XCvEMJv4Zi74OKKjAALIFgAC7shgUZFuvHc6Tn2NNAQ', 'file_unique_id': 'AgADyBYAAu7IYFE', 'file_size': 845752}}`]
[2024-04-26 14:32:20,571]: [_bot.py]: _do_post: 643:       DEBUG:    [Calling Bot API endpoint `sendDocument` with parameters `{'chat_id': '-4119703192', 'document': <telegram._files.inputfile.InputFile object at 0x7f5337e02040>}`]
[2024-04-26 14:32:20,572]: [_trace.py]: atrace: 85:       DEBUG:    [send_request_headers.started request=<Request [b'POST']>]
[2024-04-26 14:32:20,572]: [_trace.py]: atrace: 85:       DEBUG:    [send_request_headers.complete]
[2024-04-26 14:32:20,572]: [_trace.py]: atrace: 85:       DEBUG:    [send_request_body.started request=<Request [b'POST']>]
[2024-04-26 14:32:20,573]: [_trace.py]: atrace: 85:       DEBUG:    [send_request_body.complete]
[2024-04-26 14:32:20,573]: [_trace.py]: atrace: 85:       DEBUG:    [receive_response_headers.started request=<Request [b'POST']>]
[2024-04-26 14:32:20,764]: [_trace.py]: atrace: 85:       DEBUG:    [receive_response_headers.complete return_value=(b'HTTP/1.1', 429, b'Too Many Requests', [(b'Server', b'nginx/1.18.0'), (b'Date', b'Fri, 26 Apr 2024 14:32:20 GMT'), (b'Content-Type', b'application/json'), (b'Content-Length', b'111'), (b'Connection', b'keep-alive'), (b'Retry-After', b'40'), (b'Strict-Transport-Security', b'max-age=31536000; includeSubDomains; preload'), (b'Access-Control-Allow-Origin', b'*'), (b'Access-Control-Expose-Headers', b'Content-Length,Content-Type,Date,Server,Connection')])]
[2024-04-26 14:32:20,765]: [_client.py]: _send_single_request: 1773:       INFO:    [HTTP Request: POST https://api.telegram.org/bot6030805959:AAGUHAMxLYc-PrevgKouJ3ZyM7ktu56ftjo/sendDocument "HTTP/1.1 429 Too Many Requests"]
[2024-04-26 14:32:20,765]: [_trace.py]: atrace: 85:       DEBUG:    [receive_response_body.started request=<Request [b'POST']>]
[2024-04-26 14:32:20,765]: [_trace.py]: atrace: 85:       DEBUG:    [receive_response_body.complete]
[2024-04-26 14:32:20,765]: [_trace.py]: atrace: 85:       DEBUG:    [response_closed.started]
[2024-04-26 14:32:20,765]: [_trace.py]: atrace: 85:       DEBUG:    [response_closed.complete]
[2024-04-26 14:32:20,765]: [_trace.py]: atrace: 85:       DEBUG:    [close.started]
[2024-04-26 14:32:20,765]: [_trace.py]: atrace: 85:       DEBUG:    [close.complete]
[2024-04-26 14:32:20,766]: [Telegram_Sender.py]: runner: 37:       CRITICAL:    [Files Didnt sent]
[2024-04-26 14:32:20,766]: [Main.py]: <module>: 48:       INFO:    [Finished]
