[2025-07-31 11:43:46,741]: [Main.py]: <module>: 21:       INFO:    [Started]
[2025-07-31 11:43:48,683]: [Iron_Scraper.py]: Scrap: 32:       INFO:    [Data Scaraped Successfully]
[2025-07-31 11:43:48,883]: [Iron_Scraper.py]: Scrap: 70:       INFO:    [Scrapped Data Has No Problem]
[2025-07-31 11:43:48,883]: [Iron_Scraper.py]: Scrap: 83:       INFO:    [Data Saved Successfully]
[2025-07-31 11:43:48,883]: [Iron.py]: Run: 26:       INFO:    [Scraping Phase Completed]
[2025-07-31 11:43:48,884]: [Iron_Data_Processor.py]: Data_Reader: 61:       INFO:    [Data File Has Been Red Successfully]
[2025-07-31 11:43:48,884]: [Iron_Data_Processor.py]: Shaper: 78:       INFO:    [Data Shaped]
[2025-07-31 11:43:48,884]: [Iron_Data_Processor.py]: Process: 228:       INFO:    [Data Cleaned]
[2025-07-31 11:43:48,884]: [Iron_Data_Processor.py]: Make_Pages_Objects: 101:       INFO:    [Page Objects Has Been Made]
[2025-07-31 11:43:48,884]: [Iron_Data_Processor.py]: Make_Pages_Objects: 101:       INFO:    [Page Objects Has Been Made]
[2025-07-31 11:43:48,884]: [Iron_Data_Processor.py]: Load_Data: 118:       INFO:    [Data Has Been Load]
[2025-07-31 11:43:48,884]: [Iron_Data_Processor.py]: Load_Data: 118:       INFO:    [Data Has Been Load]
[2025-07-31 11:43:48,884]: [Iron_Data_Processor.py]: Load_positions: 140:       INFO:    [Positions Are Ready]
[2025-07-31 11:43:48,885]: [Iron_Data_Processor.py]: Load_positions: 140:       INFO:    [Positions Are Ready]
[2025-07-31 11:43:49,998]: [Iron_Data_Processor.py]: Make_Tagged_Images: 193:       INFO:    [Images Has Been Made]
[2025-07-31 11:43:50,952]: [Iron_Data_Processor.py]: Make_Tagged_Images: 193:       INFO:    [Images Has Been Made]
[2025-07-31 11:43:51,207]: [Iron_Data_Processor.py]: Make_Cover_Page: 215:       INFO:    [Made Cover Pages]
[2025-07-31 11:43:51,208]: [Iron.py]: Run: 29:       INFO:    [Imagination Phase Completed]
[2025-07-31 11:43:55,064]: [Phone_Scraper.py]: Scrap: 58:       INFO:    [Data Scraped]
[2025-07-31 11:43:55,065]: [Phone_Scraper.py]: Scrap: 71:       INFO:    [Scraped Data Successfully]
[2025-07-31 11:43:55,065]: [Phone.py]: Run: 26:       INFO:    [Scraping Phase Complete]
[2025-07-31 11:43:55,065]: [Phone_Data_Processor.py]: data_reader: 38:       INFO:    [Scraped Data Loaded]
[2025-07-31 11:43:55,066]: [Phone_Data_Processor.py]: filter_list: 65:       INFO:    [Persian Phrases Are deleted]
[2025-07-31 11:43:55,066]: [Phone_Data_Processor.py]: reshape_list: 87:       INFO:    [Date Reshaped]
[2025-07-31 11:43:55,067]: [Phone_Data_Processor.py]: separate_brands: 124:       INFO:    [Brands Are Separated]
[2025-07-31 11:43:55,067]: [Phone_Data_Processor.py]: delete_extra_spaces: 141:       INFO:    [Extra Spaces Are Deleted]
[2025-07-31 11:43:55,836]: [Phone.py]: Run: 29:       INFO:    [Imagination Phase Complete]
[2025-07-31 11:43:55,836]: [selector_events.py]: __init__: 64:       DEBUG:    [Using selector: EpollSelector]
[2025-07-31 11:43:56,116]: [_bot.py]: _do_post: 643:       DEBUG:    [Calling Bot API endpoint `getMe` with parameters `{}`]
[2025-07-31 11:43:56,120]: [_trace.py]: atrace: 87:       DEBUG:    [connect_tcp.started host='api.telegram.org' port=443 local_address=None timeout=5.0 socket_options=None]
[2025-07-31 11:43:56,352]: [_trace.py]: atrace: 87:       DEBUG:    [connect_tcp.complete return_value=<httpcore._backends.anyio.AnyIOStream object at 0x7efc885b5b80>]
[2025-07-31 11:43:56,352]: [_trace.py]: atrace: 87:       DEBUG:    [start_tls.started ssl_context=<ssl.SSLContext object at 0x7efc88f83750> server_hostname='api.telegram.org' timeout=5.0]
[2025-07-31 11:43:56,502]: [_trace.py]: atrace: 87:       DEBUG:    [start_tls.complete return_value=<httpcore._backends.anyio.AnyIOStream object at 0x7efc88920080>]
[2025-07-31 11:43:56,502]: [_trace.py]: atrace: 87:       DEBUG:    [send_request_headers.started request=<Request [b'POST']>]
[2025-07-31 11:43:56,502]: [_trace.py]: atrace: 87:       DEBUG:    [send_request_headers.complete]
[2025-07-31 11:43:56,502]: [_trace.py]: atrace: 87:       DEBUG:    [send_request_body.started request=<Request [b'POST']>]
[2025-07-31 11:43:56,502]: [_trace.py]: atrace: 87:       DEBUG:    [send_request_body.complete]
[2025-07-31 11:43:56,502]: [_trace.py]: atrace: 87:       DEBUG:    [receive_response_headers.started request=<Request [b'POST']>]
[2025-07-31 11:43:56,650]: [_trace.py]: atrace: 87:       DEBUG:    [receive_response_headers.complete return_value=(b'HTTP/1.1', 200, b'OK', [(b'Server', b'nginx/1.18.0'), (b'Date', b'Thu, 31 Jul 2025 11:43:56 GMT'), (b'Content-Type', b'application/json'), (b'Content-Length', b'258'), (b'Connection', b'keep-alive'), (b'Strict-Transport-Security', b'max-age=31536000; includeSubDomains; preload'), (b'Access-Control-Allow-Origin', b'*'), (b'Access-Control-Allow-Methods', b'GET, POST, OPTIONS'), (b'Access-Control-Expose-Headers', b'Content-Length,Content-Type,Date,Server,Connection')])]
[2025-07-31 11:43:56,650]: [_client.py]: _send_single_request: 1740:       INFO:    [HTTP Request: POST https://api.telegram.org/bot6030805959:AAGUHAMxLYc-PrevgKouJ3ZyM7ktu56ftjo/getMe "HTTP/1.1 200 OK"]
[2025-07-31 11:43:56,651]: [_trace.py]: atrace: 87:       DEBUG:    [receive_response_body.started request=<Request [b'POST']>]
[2025-07-31 11:43:56,651]: [_trace.py]: atrace: 87:       DEBUG:    [receive_response_body.complete]
[2025-07-31 11:43:56,651]: [_trace.py]: atrace: 87:       DEBUG:    [response_closed.started]
[2025-07-31 11:43:56,651]: [_trace.py]: atrace: 87:       DEBUG:    [response_closed.complete]
[2025-07-31 11:43:56,651]: [_bot.py]: _do_post: 652:       DEBUG:    [Call to Bot API endpoint `getMe` finished with return value `{'id': 6030805959, 'is_bot': True, 'first_name': 'TyPHoone', 'username': 'TyPHoone_Project_bot', 'can_join_groups': True, 'can_read_all_group_messages': False, 'supports_inline_queries': False, 'can_connect_to_business': False, 'has_main_web_app': False}`]
[2025-07-31 11:43:56,654]: [_bot.py]: _do_post: 643:       DEBUG:    [Calling Bot API endpoint `sendDocument` with parameters `{'chat_id': '-4119703192', 'document': <telegram._files.inputfile.InputFile object at 0x7efc885e1c40>}`]
[2025-07-31 11:43:56,654]: [_trace.py]: atrace: 87:       DEBUG:    [send_request_headers.started request=<Request [b'POST']>]
[2025-07-31 11:43:56,655]: [_trace.py]: atrace: 87:       DEBUG:    [send_request_headers.complete]
[2025-07-31 11:43:56,655]: [_trace.py]: atrace: 87:       DEBUG:    [send_request_body.started request=<Request [b'POST']>]
[2025-07-31 11:43:56,655]: [_trace.py]: atrace: 87:       DEBUG:    [send_request_body.complete]
[2025-07-31 11:43:56,655]: [_trace.py]: atrace: 87:       DEBUG:    [receive_response_headers.started request=<Request [b'POST']>]
[2025-07-31 11:43:56,999]: [_trace.py]: atrace: 87:       DEBUG:    [receive_response_headers.complete return_value=(b'HTTP/1.1', 200, b'OK', [(b'Server', b'nginx/1.18.0'), (b'Date', b'Thu, 31 Jul 2025 11:43:56 GMT'), (b'Content-Type', b'application/json'), (b'Content-Length', b'584'), (b'Connection', b'keep-alive'), (b'Strict-Transport-Security', b'max-age=31536000; includeSubDomains; preload'), (b'Access-Control-Allow-Origin', b'*'), (b'Access-Control-Allow-Methods', b'GET, POST, OPTIONS'), (b'Access-Control-Expose-Headers', b'Content-Length,Content-Type,Date,Server,Connection')])]
[2025-07-31 11:43:57,000]: [_client.py]: _send_single_request: 1740:       INFO:    [HTTP Request: POST https://api.telegram.org/bot6030805959:AAGUHAMxLYc-PrevgKouJ3ZyM7ktu56ftjo/sendDocument "HTTP/1.1 200 OK"]
[2025-07-31 11:43:57,000]: [_trace.py]: atrace: 87:       DEBUG:    [receive_response_body.started request=<Request [b'POST']>]
[2025-07-31 11:43:57,000]: [_trace.py]: atrace: 87:       DEBUG:    [receive_response_body.complete]
[2025-07-31 11:43:57,000]: [_trace.py]: atrace: 87:       DEBUG:    [response_closed.started]
[2025-07-31 11:43:57,000]: [_trace.py]: atrace: 87:       DEBUG:    [response_closed.complete]
[2025-07-31 11:43:57,000]: [_bot.py]: _do_post: 652:       DEBUG:    [Call to Bot API endpoint `sendDocument` finished with return value `{'message_id': 2513, 'from': {'id': 6030805959, 'is_bot': True, 'first_name': 'TyPHoone', 'username': 'TyPHoone_Project_bot'}, 'chat': {'id': -4119703192, 'title': 'Robocop', 'type': 'group', 'all_members_are_administrators': True, 'accepted_gift_types': {'unlimited_gifts': False, 'limited_gifts': False, 'unique_gifts': False, 'premium_subscription': False}}, 'date': 1753962236, 'document': {'file_name': '(2025_07_31--11_43).log', 'mime_type': 'text/plain', 'file_id': 'BQACAgQAAxkDAAIJ0WiLVvyKyNDUOiiELh3bS0JwV4xMAALRGgACa7ZZUM5bsZwbI4ZPNgQ', 'file_unique_id': 'AgAD0RoAAmu2WVA', 'file_size': 5937}}`]
[2025-07-31 11:43:57,001]: [_trace.py]: atrace: 87:       DEBUG:    [close.started]
[2025-07-31 11:43:57,001]: [_trace.py]: atrace: 87:       DEBUG:    [close.complete]
[2025-07-31 11:43:57,045]: [_bot.py]: _do_post: 643:       DEBUG:    [Calling Bot API endpoint `getMe` with parameters `{}`]
[2025-07-31 11:43:57,045]: [_trace.py]: atrace: 87:       DEBUG:    [connect_tcp.started host='api.telegram.org' port=443 local_address=None timeout=5.0 socket_options=None]
[2025-07-31 11:43:57,194]: [_trace.py]: atrace: 87:       DEBUG:    [connect_tcp.complete return_value=<httpcore._backends.anyio.AnyIOStream object at 0x7efc8860edb0>]
[2025-07-31 11:43:57,195]: [_trace.py]: atrace: 87:       DEBUG:    [start_tls.started ssl_context=<ssl.SSLContext object at 0x7efc88f83650> server_hostname='api.telegram.org' timeout=5.0]
[2025-07-31 11:43:57,345]: [_trace.py]: atrace: 87:       DEBUG:    [start_tls.complete return_value=<httpcore._backends.anyio.AnyIOStream object at 0x7efc897ff470>]
[2025-07-31 11:43:57,345]: [_trace.py]: atrace: 87:       DEBUG:    [send_request_headers.started request=<Request [b'POST']>]
[2025-07-31 11:43:57,345]: [_trace.py]: atrace: 87:       DEBUG:    [send_request_headers.complete]
[2025-07-31 11:43:57,345]: [_trace.py]: atrace: 87:       DEBUG:    [send_request_body.started request=<Request [b'POST']>]
[2025-07-31 11:43:57,345]: [_trace.py]: atrace: 87:       DEBUG:    [send_request_body.complete]
[2025-07-31 11:43:57,345]: [_trace.py]: atrace: 87:       DEBUG:    [receive_response_headers.started request=<Request [b'POST']>]
[2025-07-31 11:43:57,494]: [_trace.py]: atrace: 87:       DEBUG:    [receive_response_headers.complete return_value=(b'HTTP/1.1', 200, b'OK', [(b'Server', b'nginx/1.18.0'), (b'Date', b'Thu, 31 Jul 2025 11:43:57 GMT'), (b'Content-Type', b'application/json'), (b'Content-Length', b'258'), (b'Connection', b'keep-alive'), (b'Strict-Transport-Security', b'max-age=31536000; includeSubDomains; preload'), (b'Access-Control-Allow-Origin', b'*'), (b'Access-Control-Allow-Methods', b'GET, POST, OPTIONS'), (b'Access-Control-Expose-Headers', b'Content-Length,Content-Type,Date,Server,Connection')])]
[2025-07-31 11:43:57,494]: [_client.py]: _send_single_request: 1740:       INFO:    [HTTP Request: POST https://api.telegram.org/bot6030805959:AAGUHAMxLYc-PrevgKouJ3ZyM7ktu56ftjo/getMe "HTTP/1.1 200 OK"]
[2025-07-31 11:43:57,494]: [_trace.py]: atrace: 87:       DEBUG:    [receive_response_body.started request=<Request [b'POST']>]
[2025-07-31 11:43:57,494]: [_trace.py]: atrace: 87:       DEBUG:    [receive_response_body.complete]
[2025-07-31 11:43:57,494]: [_trace.py]: atrace: 87:       DEBUG:    [response_closed.started]
[2025-07-31 11:43:57,494]: [_trace.py]: atrace: 87:       DEBUG:    [response_closed.complete]
[2025-07-31 11:43:57,494]: [_bot.py]: _do_post: 652:       DEBUG:    [Call to Bot API endpoint `getMe` finished with return value `{'id': 6030805959, 'is_bot': True, 'first_name': 'TyPHoone', 'username': 'TyPHoone_Project_bot', 'can_join_groups': True, 'can_read_all_group_messages': False, 'supports_inline_queries': False, 'can_connect_to_business': False, 'has_main_web_app': False}`]
[2025-07-31 11:43:57,497]: [_bot.py]: _do_post: 643:       DEBUG:    [Calling Bot API endpoint `sendDocument` with parameters `{'chat_id': '-4119703192', 'document': <telegram._files.inputfile.InputFile object at 0x7efc88fb2bc0>}`]
[2025-07-31 11:43:57,497]: [_trace.py]: atrace: 87:       DEBUG:    [send_request_headers.started request=<Request [b'POST']>]
[2025-07-31 11:43:57,498]: [_trace.py]: atrace: 87:       DEBUG:    [send_request_headers.complete]
[2025-07-31 11:43:57,498]: [_trace.py]: atrace: 87:       DEBUG:    [send_request_body.started request=<Request [b'POST']>]
[2025-07-31 11:43:58,980]: [_trace.py]: atrace: 87:       DEBUG:    [send_request_body.complete]
[2025-07-31 11:43:58,980]: [_trace.py]: atrace: 87:       DEBUG:    [receive_response_headers.started request=<Request [b'POST']>]
[2025-07-31 11:43:59,581]: [_trace.py]: atrace: 87:       DEBUG:    [receive_response_headers.complete return_value=(b'HTTP/1.1', 200, b'OK', [(b'Server', b'nginx/1.18.0'), (b'Date', b'Thu, 31 Jul 2025 11:43:59 GMT'), (b'Content-Type', b'application/json'), (b'Content-Length', b'599'), (b'Connection', b'keep-alive'), (b'Strict-Transport-Security', b'max-age=31536000; includeSubDomains; preload'), (b'Access-Control-Allow-Origin', b'*'), (b'Access-Control-Allow-Methods', b'GET, POST, OPTIONS'), (b'Access-Control-Expose-Headers', b'Content-Length,Content-Type,Date,Server,Connection')])]
[2025-07-31 11:43:59,581]: [_client.py]: _send_single_request: 1740:       INFO:    [HTTP Request: POST https://api.telegram.org/bot6030805959:AAGUHAMxLYc-PrevgKouJ3ZyM7ktu56ftjo/sendDocument "HTTP/1.1 200 OK"]
[2025-07-31 11:43:59,581]: [_trace.py]: atrace: 87:       DEBUG:    [receive_response_body.started request=<Request [b'POST']>]
[2025-07-31 11:43:59,581]: [_trace.py]: atrace: 87:       DEBUG:    [receive_response_body.complete]
[2025-07-31 11:43:59,581]: [_trace.py]: atrace: 87:       DEBUG:    [response_closed.started]
[2025-07-31 11:43:59,581]: [_trace.py]: atrace: 87:       DEBUG:    [response_closed.complete]
[2025-07-31 11:43:59,581]: [_bot.py]: _do_post: 652:       DEBUG:    [Call to Bot API endpoint `sendDocument` finished with return value `{'message_id': 2514, 'from': {'id': 6030805959, 'is_bot': True, 'first_name': 'TyPHoone', 'username': 'TyPHoone_Project_bot'}, 'chat': {'id': -4119703192, 'title': 'Robocop', 'type': 'group', 'all_members_are_administrators': True, 'accepted_gift_types': {'unlimited_gifts': False, 'limited_gifts': False, 'unique_gifts': False, 'premium_subscription': False}}, 'date': 1753962239, 'document': {'file_name': '(2025_07_31--11_43)output.zip', 'mime_type': 'application/zip', 'file_id': 'BQACAgQAAxkDAAIJ0miLVv_9iqPn9eDAz7T3qJpTqx6wAALSGgACa7ZZUBEQ__l2i9hONgQ', 'file_unique_id': 'AgAD0hoAAmu2WVA', 'file_size': 10175585}}`]
[2025-07-31 11:43:59,582]: [_trace.py]: atrace: 87:       DEBUG:    [close.started]
[2025-07-31 11:43:59,582]: [_trace.py]: atrace: 87:       DEBUG:    [close.complete]
[2025-07-31 11:43:59,582]: [Telegram_Sender.py]: runner: 61:       INFO:    [sent successfully]
[2025-07-31 11:43:59,583]: [Main.py]: <module>: 48:       INFO:    [Finished]
