[2024-05-01 22:41:24,499]: [Main.py]: <module>: 21:       INFO:    [Started]
[2024-05-01 22:41:26,402]: [Iron_Scraper.py]: Scrap: 32:       INFO:    [Data Scaraped Successfully]
[2024-05-01 22:41:26,591]: [Iron_Scraper.py]: Scrap: 70:       INFO:    [Scrapped Data Has No Problem]
[2024-05-01 22:41:26,592]: [Iron_Scraper.py]: Scrap: 83:       INFO:    [Data Saved Successfully]
[2024-05-01 22:41:26,592]: [Iron.py]: Run: 26:       INFO:    [Scraping Phase Completed]
[2024-05-01 22:41:26,592]: [Iron_Data_Processor.py]: Data_Reader: 61:       INFO:    [Data File Has Been Red Successfully]
[2024-05-01 22:41:26,592]: [Iron_Data_Processor.py]: Shaper: 78:       INFO:    [Data Shaped]
[2024-05-01 22:41:26,593]: [Iron_Data_Processor.py]: Process: 226:       INFO:    [Data Cleaned]
[2024-05-01 22:41:26,593]: [Iron_Data_Processor.py]: Make_Pages_Objects: 101:       INFO:    [Page Objects Has Been Made]
[2024-05-01 22:41:26,593]: [Iron_Data_Processor.py]: Make_Pages_Objects: 101:       INFO:    [Page Objects Has Been Made]
[2024-05-01 22:41:26,593]: [Iron_Data_Processor.py]: Load_Data: 118:       INFO:    [Data Has Been Load]
[2024-05-01 22:41:26,593]: [Iron_Data_Processor.py]: Load_Data: 118:       INFO:    [Data Has Been Load]
[2024-05-01 22:41:26,593]: [Iron_Data_Processor.py]: Load_positions: 140:       INFO:    [Positions Are Ready]
[2024-05-01 22:41:26,593]: [Iron_Data_Processor.py]: Load_positions: 140:       INFO:    [Positions Are Ready]
[2024-05-01 22:41:27,466]: [Iron_Data_Processor.py]: Make_Tagged_Images: 193:       INFO:    [Images Has Been Made]
[2024-05-01 22:41:28,248]: [Iron_Data_Processor.py]: Make_Tagged_Images: 193:       INFO:    [Images Has Been Made]
[2024-05-01 22:41:28,671]: [Iron_Data_Processor.py]: Make_Cover_Page: 213:       INFO:    [Made Cover Pages]
[2024-05-01 22:41:28,671]: [Iron.py]: Run: 29:       INFO:    [Imagination Phase Completed]
[2024-05-01 22:41:30,073]: [Phone_Scraper.py]: Scrap: 56:       CRITICAL:    [Couldent Scrap Data]
[2024-05-01 22:41:30,074]: [Phone_Scraper.py]: Scrap: 69:       CRITICAL:    [Couldent Save Scraped Data]
[2024-05-01 22:41:30,074]: [Phone.py]: Run: 26:       INFO:    [Scraping Phase Complete]
[2024-05-01 22:41:30,074]: [Phone_Data_Processor.py]: data_reader: 37:       INFO:    [Scraped Data Loaded]
[2024-05-01 22:41:30,074]: [Phone_Data_Processor.py]: filter_list: 64:       INFO:    [Persian Phrases Are deleted]
[2024-05-01 22:41:30,074]: [Phone_Data_Processor.py]: reshape_list: 84:       ERROR:    [Failed To Reshape Data]
[2024-05-01 22:41:30,074]: [Phone_Data_Processor.py]: separate_brands: 121:       CRITICAL:    [Couldnt Separate Brands From Each Other]
[2024-05-01 22:41:30,074]: [Phone_Data_Processor.py]: delete_extra_spaces: 140:       INFO:    [Extra Spaces Are Deleted]
[2024-05-01 22:41:30,074]: [Phone.py]: Run: 29:       INFO:    [Imagination Phase Complete]
[2024-05-01 22:41:30,074]: [selector_events.py]: __init__: 64:       DEBUG:    [Using selector: EpollSelector]
[2024-05-01 22:41:30,075]: [_bot.py]: _do_post: 643:       DEBUG:    [Calling Bot API endpoint `getMe` with parameters `{}`]
[2024-05-01 22:41:30,079]: [_trace.py]: atrace: 85:       DEBUG:    [connect_tcp.started host='api.telegram.org' port=443 local_address=None timeout=5.0 socket_options=None]
[2024-05-01 22:41:30,289]: [_trace.py]: atrace: 85:       DEBUG:    [connect_tcp.complete return_value=<httpcore._backends.anyio.AnyIOStream object at 0x7fd5e099bd40>]
[2024-05-01 22:41:30,289]: [_trace.py]: atrace: 85:       DEBUG:    [start_tls.started ssl_context=<ssl.SSLContext object at 0x7fd5e0339cd0> server_hostname='api.telegram.org' timeout=5.0]
[2024-05-01 22:41:30,440]: [_trace.py]: atrace: 85:       DEBUG:    [start_tls.complete return_value=<httpcore._backends.anyio.AnyIOStream object at 0x7fd5e098d130>]
[2024-05-01 22:41:30,440]: [_trace.py]: atrace: 85:       DEBUG:    [send_request_headers.started request=<Request [b'POST']>]
[2024-05-01 22:41:30,440]: [_trace.py]: atrace: 85:       DEBUG:    [send_request_headers.complete]
[2024-05-01 22:41:30,440]: [_trace.py]: atrace: 85:       DEBUG:    [send_request_body.started request=<Request [b'POST']>]
[2024-05-01 22:41:30,440]: [_trace.py]: atrace: 85:       DEBUG:    [send_request_body.complete]
[2024-05-01 22:41:30,440]: [_trace.py]: atrace: 85:       DEBUG:    [receive_response_headers.started request=<Request [b'POST']>]
[2024-05-01 22:41:30,588]: [_trace.py]: atrace: 85:       DEBUG:    [receive_response_headers.complete return_value=(b'HTTP/1.1', 200, b'OK', [(b'Server', b'nginx/1.18.0'), (b'Date', b'Wed, 01 May 2024 22:41:30 GMT'), (b'Content-Type', b'application/json'), (b'Content-Length', b'237'), (b'Connection', b'keep-alive'), (b'Strict-Transport-Security', b'max-age=31536000; includeSubDomains; preload'), (b'Access-Control-Allow-Origin', b'*'), (b'Access-Control-Allow-Methods', b'GET, POST, OPTIONS'), (b'Access-Control-Expose-Headers', b'Content-Length,Content-Type,Date,Server,Connection')])]
[2024-05-01 22:41:30,589]: [_client.py]: _send_single_request: 1773:       INFO:    [HTTP Request: POST https://api.telegram.org/bot6030805959:AAGUHAMxLYc-PrevgKouJ3ZyM7ktu56ftjo/getMe "HTTP/1.1 200 OK"]
[2024-05-01 22:41:30,589]: [_trace.py]: atrace: 85:       DEBUG:    [receive_response_body.started request=<Request [b'POST']>]
[2024-05-01 22:41:30,589]: [_trace.py]: atrace: 85:       DEBUG:    [receive_response_body.complete]
[2024-05-01 22:41:30,589]: [_trace.py]: atrace: 85:       DEBUG:    [response_closed.started]
[2024-05-01 22:41:30,589]: [_trace.py]: atrace: 85:       DEBUG:    [response_closed.complete]
[2024-05-01 22:41:30,589]: [_bot.py]: _do_post: 652:       DEBUG:    [Call to Bot API endpoint `getMe` finished with return value `{'id': 6030805959, 'is_bot': True, 'first_name': 'TyPHoone_bot', 'username': 'TyPHoone_Project_bot', 'can_join_groups': True, 'can_read_all_group_messages': False, 'supports_inline_queries': False, 'can_connect_to_business': False}`]
[2024-05-01 22:41:30,593]: [_bot.py]: _do_post: 643:       DEBUG:    [Calling Bot API endpoint `sendDocument` with parameters `{'chat_id': '-4119703192', 'document': <telegram._files.inputfile.InputFile object at 0x7fd5dfe88300>}`]
[2024-05-01 22:41:30,593]: [_trace.py]: atrace: 85:       DEBUG:    [send_request_headers.started request=<Request [b'POST']>]
[2024-05-01 22:41:30,593]: [_trace.py]: atrace: 85:       DEBUG:    [send_request_headers.complete]
[2024-05-01 22:41:30,593]: [_trace.py]: atrace: 85:       DEBUG:    [send_request_body.started request=<Request [b'POST']>]
[2024-05-01 22:41:31,036]: [_trace.py]: atrace: 85:       DEBUG:    [send_request_body.complete]
[2024-05-01 22:41:31,036]: [_trace.py]: atrace: 85:       DEBUG:    [receive_response_headers.started request=<Request [b'POST']>]
[2024-05-01 22:41:31,586]: [_trace.py]: atrace: 85:       DEBUG:    [receive_response_headers.complete return_value=(b'HTTP/1.1', 200, b'OK', [(b'Server', b'nginx/1.18.0'), (b'Date', b'Wed, 01 May 2024 22:41:31 GMT'), (b'Content-Type', b'application/json'), (b'Content-Length', b'823'), (b'Connection', b'keep-alive'), (b'Strict-Transport-Security', b'max-age=31536000; includeSubDomains; preload'), (b'Access-Control-Allow-Origin', b'*'), (b'Access-Control-Allow-Methods', b'GET, POST, OPTIONS'), (b'Access-Control-Expose-Headers', b'Content-Length,Content-Type,Date,Server,Connection')])]
[2024-05-01 22:41:31,586]: [_client.py]: _send_single_request: 1773:       INFO:    [HTTP Request: POST https://api.telegram.org/bot6030805959:AAGUHAMxLYc-PrevgKouJ3ZyM7ktu56ftjo/sendDocument "HTTP/1.1 200 OK"]
[2024-05-01 22:41:31,587]: [_trace.py]: atrace: 85:       DEBUG:    [receive_response_body.started request=<Request [b'POST']>]
[2024-05-01 22:41:31,587]: [_trace.py]: atrace: 85:       DEBUG:    [receive_response_body.complete]
[2024-05-01 22:41:31,587]: [_trace.py]: atrace: 85:       DEBUG:    [response_closed.started]
[2024-05-01 22:41:31,587]: [_trace.py]: atrace: 85:       DEBUG:    [response_closed.complete]
[2024-05-01 22:41:31,587]: [_bot.py]: _do_post: 652:       DEBUG:    [Call to Bot API endpoint `sendDocument` finished with return value `{'message_id': 429, 'from': {'id': 6030805959, 'is_bot': True, 'first_name': 'TyPHoone_bot', 'username': 'TyPHoone_Project_bot'}, 'chat': {'id': -4119703192, 'title': 'Robocop', 'type': 'group', 'all_members_are_administrators': True}, 'date': 1714603291, 'document': {'file_name': '1-Tir_Ahan.png', 'mime_type': 'image/png', 'thumbnail': {'file_id': 'AAMCBAADGQMAAgGtZjLFGwLAUYQGCDQZXAl9Pt7c3a0AAs0VAAKOWZhRBlOoh5SGa0ABAAdtAAM0BA', 'file_unique_id': 'AQADzRUAAo5ZmFFy', 'file_size': 40159, 'width': 320, 'height': 320}, 'thumb': {'file_id': 'AAMCBAADGQMAAgGtZjLFGwLAUYQGCDQZXAl9Pt7c3a0AAs0VAAKOWZhRBlOoh5SGa0ABAAdtAAM0BA', 'file_unique_id': 'AQADzRUAAo5ZmFFy', 'file_size': 40159, 'width': 320, 'height': 320}, 'file_id': 'BQACAgQAAxkDAAIBrWYyxRsCwFGEBgg0GVwJfT7e3N2tAALNFQACjlmYUQZTqIeUhmtANAQ', 'file_unique_id': 'AgADzRUAAo5ZmFE', 'file_size': 414597}}`]
[2024-05-01 22:41:31,588]: [_bot.py]: _do_post: 643:       DEBUG:    [Calling Bot API endpoint `sendDocument` with parameters `{'chat_id': '-4119703192', 'document': <telegram._files.inputfile.InputFile object at 0x7fd5dfe889c0>}`]
[2024-05-01 22:41:31,588]: [_trace.py]: atrace: 85:       DEBUG:    [send_request_headers.started request=<Request [b'POST']>]
[2024-05-01 22:41:31,588]: [_trace.py]: atrace: 85:       DEBUG:    [send_request_headers.complete]
[2024-05-01 22:41:31,588]: [_trace.py]: atrace: 85:       DEBUG:    [send_request_body.started request=<Request [b'POST']>]
[2024-05-01 22:41:31,589]: [_trace.py]: atrace: 85:       DEBUG:    [send_request_body.complete]
[2024-05-01 22:41:31,589]: [_trace.py]: atrace: 85:       DEBUG:    [receive_response_headers.started request=<Request [b'POST']>]
[2024-05-01 22:41:32,017]: [_trace.py]: atrace: 85:       DEBUG:    [receive_response_headers.complete return_value=(b'HTTP/1.1', 200, b'OK', [(b'Server', b'nginx/1.18.0'), (b'Date', b'Wed, 01 May 2024 22:41:31 GMT'), (b'Content-Type', b'application/json'), (b'Content-Length', b'830'), (b'Connection', b'keep-alive'), (b'Strict-Transport-Security', b'max-age=31536000; includeSubDomains; preload'), (b'Access-Control-Allow-Origin', b'*'), (b'Access-Control-Allow-Methods', b'GET, POST, OPTIONS'), (b'Access-Control-Expose-Headers', b'Content-Length,Content-Type,Date,Server,Connection')])]
[2024-05-01 22:41:32,018]: [_client.py]: _send_single_request: 1773:       INFO:    [HTTP Request: POST https://api.telegram.org/bot6030805959:AAGUHAMxLYc-PrevgKouJ3ZyM7ktu56ftjo/sendDocument "HTTP/1.1 200 OK"]
[2024-05-01 22:41:32,018]: [_trace.py]: atrace: 85:       DEBUG:    [receive_response_body.started request=<Request [b'POST']>]
[2024-05-01 22:41:32,018]: [_trace.py]: atrace: 85:       DEBUG:    [receive_response_body.complete]
[2024-05-01 22:41:32,018]: [_trace.py]: atrace: 85:       DEBUG:    [response_closed.started]
[2024-05-01 22:41:32,018]: [_trace.py]: atrace: 85:       DEBUG:    [response_closed.complete]
[2024-05-01 22:41:32,018]: [_bot.py]: _do_post: 652:       DEBUG:    [Call to Bot API endpoint `sendDocument` finished with return value `{'message_id': 430, 'from': {'id': 6030805959, 'is_bot': True, 'first_name': 'TyPHoone_bot', 'username': 'TyPHoone_Project_bot'}, 'chat': {'id': -4119703192, 'title': 'Robocop', 'type': 'group', 'all_members_are_administrators': True}, 'date': 1714603291, 'document': {'file_name': '9-Waraq_Galwanize.png', 'mime_type': 'image/png', 'thumbnail': {'file_id': 'AAMCBAADGQMAAgGuZjLFGwUOqyVVq18ZIa3UvkYb2T0AAs4VAAKOWZhRZ92OTHy1TiABAAdtAAM0BA', 'file_unique_id': 'AQADzhUAAo5ZmFFy', 'file_size': 40273, 'width': 320, 'height': 320}, 'thumb': {'file_id': 'AAMCBAADGQMAAgGuZjLFGwUOqyVVq18ZIa3UvkYb2T0AAs4VAAKOWZhRZ92OTHy1TiABAAdtAAM0BA', 'file_unique_id': 'AQADzhUAAo5ZmFFy', 'file_size': 40273, 'width': 320, 'height': 320}, 'file_id': 'BQACAgQAAxkDAAIBrmYyxRsFDqslVatfGSGt1L5GG9k9AALOFQACjlmYUWfdjkx8tU4gNAQ', 'file_unique_id': 'AgADzhUAAo5ZmFE', 'file_size': 382268}}`]
[2024-05-01 22:41:32,019]: [_bot.py]: _do_post: 643:       DEBUG:    [Calling Bot API endpoint `sendDocument` with parameters `{'chat_id': '-4119703192', 'document': <telegram._files.inputfile.InputFile object at 0x7fd5e0119f80>}`]
[2024-05-01 22:41:32,019]: [_trace.py]: atrace: 85:       DEBUG:    [send_request_headers.started request=<Request [b'POST']>]
[2024-05-01 22:41:32,020]: [_trace.py]: atrace: 85:       DEBUG:    [send_request_headers.complete]
[2024-05-01 22:41:32,020]: [_trace.py]: atrace: 85:       DEBUG:    [send_request_body.started request=<Request [b'POST']>]
[2024-05-01 22:41:32,021]: [_trace.py]: atrace: 85:       DEBUG:    [send_request_body.complete]
[2024-05-01 22:41:32,021]: [_trace.py]: atrace: 85:       DEBUG:    [receive_response_headers.started request=<Request [b'POST']>]
[2024-05-01 22:41:32,256]: [_trace.py]: atrace: 85:       DEBUG:    [receive_response_headers.complete return_value=(b'HTTP/1.1', 200, b'OK', [(b'Server', b'nginx/1.18.0'), (b'Date', b'Wed, 01 May 2024 22:41:32 GMT'), (b'Content-Type', b'application/json'), (b'Content-Length', b'825'), (b'Connection', b'keep-alive'), (b'Strict-Transport-Security', b'max-age=31536000; includeSubDomains; preload'), (b'Access-Control-Allow-Origin', b'*'), (b'Access-Control-Allow-Methods', b'GET, POST, OPTIONS'), (b'Access-Control-Expose-Headers', b'Content-Length,Content-Type,Date,Server,Connection')])]
[2024-05-01 22:41:32,256]: [_client.py]: _send_single_request: 1773:       INFO:    [HTTP Request: POST https://api.telegram.org/bot6030805959:AAGUHAMxLYc-PrevgKouJ3ZyM7ktu56ftjo/sendDocument "HTTP/1.1 200 OK"]
[2024-05-01 22:41:32,256]: [_trace.py]: atrace: 85:       DEBUG:    [receive_response_body.started request=<Request [b'POST']>]
[2024-05-01 22:41:32,256]: [_trace.py]: atrace: 85:       DEBUG:    [receive_response_body.complete]
[2024-05-01 22:41:32,256]: [_trace.py]: atrace: 85:       DEBUG:    [response_closed.started]
[2024-05-01 22:41:32,256]: [_trace.py]: atrace: 85:       DEBUG:    [response_closed.complete]
[2024-05-01 22:41:32,256]: [_bot.py]: _do_post: 652:       DEBUG:    [Call to Bot API endpoint `sendDocument` finished with return value `{'message_id': 431, 'from': {'id': 6030805959, 'is_bot': True, 'first_name': 'TyPHoone_bot', 'username': 'TyPHoone_Project_bot'}, 'chat': {'id': -4119703192, 'title': 'Robocop', 'type': 'group', 'all_members_are_administrators': True}, 'date': 1714603292, 'document': {'file_name': '2-Milgerd.png', 'mime_type': 'image/png', 'thumbnail': {'file_id': 'AAMCBAADGQMAAgGvZjLFHAABMJf4LG9vMJWFB9stcmBaAALPFQACjlmYUZ-RXn2Q0xMiAQAHbQADNAQ', 'file_unique_id': 'AQADzxUAAo5ZmFFy', 'file_size': 44391, 'width': 320, 'height': 320}, 'thumb': {'file_id': 'AAMCBAADGQMAAgGvZjLFHAABMJf4LG9vMJWFB9stcmBaAALPFQACjlmYUZ-RXn2Q0xMiAQAHbQADNAQ', 'file_unique_id': 'AQADzxUAAo5ZmFFy', 'file_size': 44391, 'width': 320, 'height': 320}, 'file_id': 'BQACAgQAAxkDAAIBr2YyxRwAATCX-CxvbzCVhQfbLXJgWgACzxUAAo5ZmFGfkV59kNMTIjQE', 'file_unique_id': 'AgADzxUAAo5ZmFE', 'file_size': 355781}}`]
[2024-05-01 22:41:32,257]: [_bot.py]: _do_post: 643:       DEBUG:    [Calling Bot API endpoint `sendDocument` with parameters `{'chat_id': '-4119703192', 'document': <telegram._files.inputfile.InputFile object at 0x7fd5dff0b500>}`]
[2024-05-01 22:41:32,257]: [_trace.py]: atrace: 85:       DEBUG:    [send_request_headers.started request=<Request [b'POST']>]
[2024-05-01 22:41:32,258]: [_trace.py]: atrace: 85:       DEBUG:    [send_request_headers.complete]
[2024-05-01 22:41:32,258]: [_trace.py]: atrace: 85:       DEBUG:    [send_request_body.started request=<Request [b'POST']>]
[2024-05-01 22:41:32,259]: [_trace.py]: atrace: 85:       DEBUG:    [send_request_body.complete]
[2024-05-01 22:41:32,259]: [_trace.py]: atrace: 85:       DEBUG:    [receive_response_headers.started request=<Request [b'POST']>]
[2024-05-01 22:41:32,491]: [_trace.py]: atrace: 85:       DEBUG:    [receive_response_headers.complete return_value=(b'HTTP/1.1', 200, b'OK', [(b'Server', b'nginx/1.18.0'), (b'Date', b'Wed, 01 May 2024 22:41:32 GMT'), (b'Content-Type', b'application/json'), (b'Content-Length', b'821'), (b'Connection', b'keep-alive'), (b'Strict-Transport-Security', b'max-age=31536000; includeSubDomains; preload'), (b'Access-Control-Allow-Origin', b'*'), (b'Access-Control-Allow-Methods', b'GET, POST, OPTIONS'), (b'Access-Control-Expose-Headers', b'Content-Length,Content-Type,Date,Server,Connection')])]
[2024-05-01 22:41:32,491]: [_client.py]: _send_single_request: 1773:       INFO:    [HTTP Request: POST https://api.telegram.org/bot6030805959:AAGUHAMxLYc-PrevgKouJ3ZyM7ktu56ftjo/sendDocument "HTTP/1.1 200 OK"]
[2024-05-01 22:41:32,491]: [_trace.py]: atrace: 85:       DEBUG:    [receive_response_body.started request=<Request [b'POST']>]
[2024-05-01 22:41:32,491]: [_trace.py]: atrace: 85:       DEBUG:    [receive_response_body.complete]
[2024-05-01 22:41:32,491]: [_trace.py]: atrace: 85:       DEBUG:    [response_closed.started]
[2024-05-01 22:41:32,491]: [_trace.py]: atrace: 85:       DEBUG:    [response_closed.complete]
[2024-05-01 22:41:32,492]: [_bot.py]: _do_post: 652:       DEBUG:    [Call to Bot API endpoint `sendDocument` finished with return value `{'message_id': 432, 'from': {'id': 6030805959, 'is_bot': True, 'first_name': 'TyPHoone_bot', 'username': 'TyPHoone_Project_bot'}, 'chat': {'id': -4119703192, 'title': 'Robocop', 'type': 'group', 'all_members_are_administrators': True}, 'date': 1714603292, 'document': {'file_name': '5-Nabshi.png', 'mime_type': 'image/png', 'thumbnail': {'file_id': 'AAMCBAADGQMAAgGwZjLFHPQSuPdknTJU2vkBtC4QUXoAAtAVAAKOWZhRcyu4IWihfh4BAAdtAAM0BA', 'file_unique_id': 'AQAD0BUAAo5ZmFFy', 'file_size': 33446, 'width': 320, 'height': 320}, 'thumb': {'file_id': 'AAMCBAADGQMAAgGwZjLFHPQSuPdknTJU2vkBtC4QUXoAAtAVAAKOWZhRcyu4IWihfh4BAAdtAAM0BA', 'file_unique_id': 'AQAD0BUAAo5ZmFFy', 'file_size': 33446, 'width': 320, 'height': 320}, 'file_id': 'BQACAgQAAxkDAAIBsGYyxRz0Erj3ZJ0yVNr5AbQuEFF6AALQFQACjlmYUXMruCFooX4eNAQ', 'file_unique_id': 'AgAD0BUAAo5ZmFE', 'file_size': 425705}}`]
[2024-05-01 22:41:32,492]: [_bot.py]: _do_post: 643:       DEBUG:    [Calling Bot API endpoint `sendDocument` with parameters `{'chat_id': '-4119703192', 'document': <telegram._files.inputfile.InputFile object at 0x7fd5e0119f80>}`]
[2024-05-01 22:41:32,493]: [_trace.py]: atrace: 85:       DEBUG:    [send_request_headers.started request=<Request [b'POST']>]
[2024-05-01 22:41:32,493]: [_trace.py]: atrace: 85:       DEBUG:    [send_request_headers.complete]
[2024-05-01 22:41:32,493]: [_trace.py]: atrace: 85:       DEBUG:    [send_request_body.started request=<Request [b'POST']>]
[2024-05-01 22:41:32,494]: [_trace.py]: atrace: 85:       DEBUG:    [send_request_body.complete]
[2024-05-01 22:41:32,494]: [_trace.py]: atrace: 85:       DEBUG:    [receive_response_headers.started request=<Request [b'POST']>]
[2024-05-01 22:41:32,734]: [_trace.py]: atrace: 85:       DEBUG:    [receive_response_headers.complete return_value=(b'HTTP/1.1', 200, b'OK', [(b'Server', b'nginx/1.18.0'), (b'Date', b'Wed, 01 May 2024 22:41:32 GMT'), (b'Content-Type', b'application/json'), (b'Content-Length', b'828'), (b'Connection', b'keep-alive'), (b'Strict-Transport-Security', b'max-age=31536000; includeSubDomains; preload'), (b'Access-Control-Allow-Origin', b'*'), (b'Access-Control-Allow-Methods', b'GET, POST, OPTIONS'), (b'Access-Control-Expose-Headers', b'Content-Length,Content-Type,Date,Server,Connection')])]
[2024-05-01 22:41:32,734]: [_client.py]: _send_single_request: 1773:       INFO:    [HTTP Request: POST https://api.telegram.org/bot6030805959:AAGUHAMxLYc-PrevgKouJ3ZyM7ktu56ftjo/sendDocument "HTTP/1.1 200 OK"]
[2024-05-01 22:41:32,734]: [_trace.py]: atrace: 85:       DEBUG:    [receive_response_body.started request=<Request [b'POST']>]
[2024-05-01 22:41:32,734]: [_trace.py]: atrace: 85:       DEBUG:    [receive_response_body.complete]
[2024-05-01 22:41:32,735]: [_trace.py]: atrace: 85:       DEBUG:    [response_closed.started]
[2024-05-01 22:41:32,735]: [_trace.py]: atrace: 85:       DEBUG:    [response_closed.complete]
[2024-05-01 22:41:32,735]: [_bot.py]: _do_post: 652:       DEBUG:    [Call to Bot API endpoint `sendDocument` finished with return value `{'message_id': 433, 'from': {'id': 6030805959, 'is_bot': True, 'first_name': 'TyPHoone_bot', 'username': 'TyPHoone_Project_bot'}, 'chat': {'id': -4119703192, 'title': 'Robocop', 'type': 'group', 'all_members_are_administrators': True}, 'date': 1714603292, 'document': {'file_name': '6-Waraq_Siah.png', 'mime_type': 'image/png', 'thumbnail': {'file_id': 'AAMCBAADGQMAAgGxZjLFHGKEfVEAARtrhHRKFRbkFKUnAALRFQACjlmYURazZ5G2GmvnAQAHbQADNAQ', 'file_unique_id': 'AQAD0RUAAo5ZmFFy', 'file_size': 45096, 'width': 320, 'height': 320}, 'thumb': {'file_id': 'AAMCBAADGQMAAgGxZjLFHGKEfVEAARtrhHRKFRbkFKUnAALRFQACjlmYURazZ5G2GmvnAQAHbQADNAQ', 'file_unique_id': 'AQAD0RUAAo5ZmFFy', 'file_size': 45096, 'width': 320, 'height': 320}, 'file_id': 'BQACAgQAAxkDAAIBsWYyxRxihH1RAAEba4R0ShUW5BSlJwAC0RUAAo5ZmFEWs2eRthpr5zQE', 'file_unique_id': 'AgAD0RUAAo5ZmFE', 'file_size': 357616}}`]
[2024-05-01 22:41:32,735]: [_bot.py]: _do_post: 643:       DEBUG:    [Calling Bot API endpoint `sendDocument` with parameters `{'chat_id': '-4119703192', 'document': <telegram._files.inputfile.InputFile object at 0x7fd5e05a4480>}`]
[2024-05-01 22:41:32,736]: [_trace.py]: atrace: 85:       DEBUG:    [send_request_headers.started request=<Request [b'POST']>]
[2024-05-01 22:41:32,736]: [_trace.py]: atrace: 85:       DEBUG:    [send_request_headers.complete]
[2024-05-01 22:41:32,736]: [_trace.py]: atrace: 85:       DEBUG:    [send_request_body.started request=<Request [b'POST']>]
[2024-05-01 22:41:32,737]: [_trace.py]: atrace: 85:       DEBUG:    [send_request_body.complete]
[2024-05-01 22:41:32,737]: [_trace.py]: atrace: 85:       DEBUG:    [receive_response_headers.started request=<Request [b'POST']>]
[2024-05-01 22:41:36,982]: [_trace.py]: atrace: 85:       DEBUG:    [receive_response_headers.complete return_value=(b'HTTP/1.1', 200, b'OK', [(b'Server', b'nginx/1.18.0'), (b'Date', b'Wed, 01 May 2024 22:41:36 GMT'), (b'Content-Type', b'application/json'), (b'Content-Length', b'825'), (b'Connection', b'keep-alive'), (b'Strict-Transport-Security', b'max-age=31536000; includeSubDomains; preload'), (b'Access-Control-Allow-Origin', b'*'), (b'Access-Control-Allow-Methods', b'GET, POST, OPTIONS'), (b'Access-Control-Expose-Headers', b'Content-Length,Content-Type,Date,Server,Connection')])]
[2024-05-01 22:41:36,983]: [_client.py]: _send_single_request: 1773:       INFO:    [HTTP Request: POST https://api.telegram.org/bot6030805959:AAGUHAMxLYc-PrevgKouJ3ZyM7ktu56ftjo/sendDocument "HTTP/1.1 200 OK"]
[2024-05-01 22:41:36,983]: [_trace.py]: atrace: 85:       DEBUG:    [receive_response_body.started request=<Request [b'POST']>]
[2024-05-01 22:41:36,983]: [_trace.py]: atrace: 85:       DEBUG:    [receive_response_body.complete]
[2024-05-01 22:41:36,983]: [_trace.py]: atrace: 85:       DEBUG:    [response_closed.started]
[2024-05-01 22:41:36,983]: [_trace.py]: atrace: 85:       DEBUG:    [response_closed.complete]
[2024-05-01 22:41:36,983]: [_bot.py]: _do_post: 652:       DEBUG:    [Call to Bot API endpoint `sendDocument` finished with return value `{'message_id': 434, 'from': {'id': 6030805959, 'is_bot': True, 'first_name': 'TyPHoone_bot', 'username': 'TyPHoone_Project_bot'}, 'chat': {'id': -4119703192, 'title': 'Robocop', 'type': 'group', 'all_members_are_administrators': True}, 'date': 1714603296, 'document': {'file_name': '4-Nawdani.png', 'mime_type': 'image/png', 'thumbnail': {'file_id': 'AAMCBAADGQMAAgGyZjLFIMX4MymCcwABjK9VaX7Z9BDoAALSFQACjlmYUbiF264LwewLAQAHbQADNAQ', 'file_unique_id': 'AQAD0hUAAo5ZmFFy', 'file_size': 34515, 'width': 320, 'height': 320}, 'thumb': {'file_id': 'AAMCBAADGQMAAgGyZjLFIMX4MymCcwABjK9VaX7Z9BDoAALSFQACjlmYUbiF264LwewLAQAHbQADNAQ', 'file_unique_id': 'AQAD0hUAAo5ZmFFy', 'file_size': 34515, 'width': 320, 'height': 320}, 'file_id': 'BQACAgQAAxkDAAIBsmYyxSDF-DMpgnMAAYyvVWl-2fQQ6AAC0hUAAo5ZmFG4hduuC8HsCzQE', 'file_unique_id': 'AgAD0hUAAo5ZmFE', 'file_size': 406099}}`]
[2024-05-01 22:41:36,984]: [_bot.py]: _do_post: 643:       DEBUG:    [Calling Bot API endpoint `sendDocument` with parameters `{'chat_id': '-4119703192', 'document': <telegram._files.inputfile.InputFile object at 0x7fd5e0119f80>}`]
[2024-05-01 22:41:36,984]: [_trace.py]: atrace: 85:       DEBUG:    [send_request_headers.started request=<Request [b'POST']>]
[2024-05-01 22:41:36,984]: [_trace.py]: atrace: 85:       DEBUG:    [send_request_headers.complete]
[2024-05-01 22:41:36,984]: [_trace.py]: atrace: 85:       DEBUG:    [send_request_body.started request=<Request [b'POST']>]
[2024-05-01 22:41:36,985]: [_trace.py]: atrace: 85:       DEBUG:    [send_request_body.complete]
[2024-05-01 22:41:36,985]: [_trace.py]: atrace: 85:       DEBUG:    [receive_response_headers.started request=<Request [b'POST']>]
[2024-05-01 22:41:37,809]: [_trace.py]: atrace: 85:       DEBUG:    [receive_response_headers.complete return_value=(b'HTTP/1.1', 200, b'OK', [(b'Server', b'nginx/1.18.0'), (b'Date', b'Wed, 01 May 2024 22:41:37 GMT'), (b'Content-Type', b'application/json'), (b'Content-Length', b'822'), (b'Connection', b'keep-alive'), (b'Strict-Transport-Security', b'max-age=31536000; includeSubDomains; preload'), (b'Access-Control-Allow-Origin', b'*'), (b'Access-Control-Allow-Methods', b'GET, POST, OPTIONS'), (b'Access-Control-Expose-Headers', b'Content-Length,Content-Type,Date,Server,Connection')])]
[2024-05-01 22:41:37,809]: [_client.py]: _send_single_request: 1773:       INFO:    [HTTP Request: POST https://api.telegram.org/bot6030805959:AAGUHAMxLYc-PrevgKouJ3ZyM7ktu56ftjo/sendDocument "HTTP/1.1 200 OK"]
[2024-05-01 22:41:37,809]: [_trace.py]: atrace: 85:       DEBUG:    [receive_response_body.started request=<Request [b'POST']>]
[2024-05-01 22:41:37,809]: [_trace.py]: atrace: 85:       DEBUG:    [receive_response_body.complete]
[2024-05-01 22:41:37,809]: [_trace.py]: atrace: 85:       DEBUG:    [response_closed.started]
[2024-05-01 22:41:37,810]: [_trace.py]: atrace: 85:       DEBUG:    [response_closed.complete]
[2024-05-01 22:41:37,810]: [_bot.py]: _do_post: 652:       DEBUG:    [Call to Bot API endpoint `sendDocument` finished with return value `{'message_id': 435, 'from': {'id': 6030805959, 'is_bot': True, 'first_name': 'TyPHoone_bot', 'username': 'TyPHoone_Project_bot'}, 'chat': {'id': -4119703192, 'title': 'Robocop', 'type': 'group', 'all_members_are_administrators': True}, 'date': 1714603297, 'document': {'file_name': '3-Profill.png', 'mime_type': 'image/png', 'thumbnail': {'file_id': 'AAMCBAADGQMAAgGzZjLFIePxEL7MdyzzPXUf2x5SVtkAAtMVAAKOWZhREMtmWNoGO-kBAAdtAAM0BA', 'file_unique_id': 'AQAD0xUAAo5ZmFFy', 'file_size': 33711, 'width': 320, 'height': 320}, 'thumb': {'file_id': 'AAMCBAADGQMAAgGzZjLFIePxEL7MdyzzPXUf2x5SVtkAAtMVAAKOWZhREMtmWNoGO-kBAAdtAAM0BA', 'file_unique_id': 'AQAD0xUAAo5ZmFFy', 'file_size': 33711, 'width': 320, 'height': 320}, 'file_id': 'BQACAgQAAxkDAAIBs2YyxSHj8RC-zHcs8z11H9seUlbZAALTFQACjlmYURDLZljaBjvpNAQ', 'file_unique_id': 'AgAD0xUAAo5ZmFE', 'file_size': 360850}}`]
[2024-05-01 22:41:37,810]: [_bot.py]: _do_post: 643:       DEBUG:    [Calling Bot API endpoint `sendDocument` with parameters `{'chat_id': '-4119703192', 'document': <telegram._files.inputfile.InputFile object at 0x7fd5e05a4480>}`]
[2024-05-01 22:41:37,811]: [_trace.py]: atrace: 85:       DEBUG:    [send_request_headers.started request=<Request [b'POST']>]
[2024-05-01 22:41:37,811]: [_trace.py]: atrace: 85:       DEBUG:    [send_request_headers.complete]
[2024-05-01 22:41:37,811]: [_trace.py]: atrace: 85:       DEBUG:    [send_request_body.started request=<Request [b'POST']>]
[2024-05-01 22:41:37,812]: [_trace.py]: atrace: 85:       DEBUG:    [send_request_body.complete]
[2024-05-01 22:41:37,812]: [_trace.py]: atrace: 85:       DEBUG:    [receive_response_headers.started request=<Request [b'POST']>]
[2024-05-01 22:41:38,117]: [_trace.py]: atrace: 85:       DEBUG:    [receive_response_headers.complete return_value=(b'HTTP/1.1', 200, b'OK', [(b'Server', b'nginx/1.18.0'), (b'Date', b'Wed, 01 May 2024 22:41:38 GMT'), (b'Content-Type', b'application/json'), (b'Content-Length', b'828'), (b'Connection', b'keep-alive'), (b'Strict-Transport-Security', b'max-age=31536000; includeSubDomains; preload'), (b'Access-Control-Allow-Origin', b'*'), (b'Access-Control-Allow-Methods', b'GET, POST, OPTIONS'), (b'Access-Control-Expose-Headers', b'Content-Length,Content-Type,Date,Server,Connection')])]
[2024-05-01 22:41:38,117]: [_client.py]: _send_single_request: 1773:       INFO:    [HTTP Request: POST https://api.telegram.org/bot6030805959:AAGUHAMxLYc-PrevgKouJ3ZyM7ktu56ftjo/sendDocument "HTTP/1.1 200 OK"]
[2024-05-01 22:41:38,117]: [_trace.py]: atrace: 85:       DEBUG:    [receive_response_body.started request=<Request [b'POST']>]
[2024-05-01 22:41:38,117]: [_trace.py]: atrace: 85:       DEBUG:    [receive_response_body.complete]
[2024-05-01 22:41:38,117]: [_trace.py]: atrace: 85:       DEBUG:    [response_closed.started]
[2024-05-01 22:41:38,118]: [_trace.py]: atrace: 85:       DEBUG:    [response_closed.complete]
[2024-05-01 22:41:38,118]: [_bot.py]: _do_post: 652:       DEBUG:    [Call to Bot API endpoint `sendDocument` finished with return value `{'message_id': 436, 'from': {'id': 6030805959, 'is_bot': True, 'first_name': 'TyPHoone_bot', 'username': 'TyPHoone_Project_bot'}, 'chat': {'id': -4119703192, 'title': 'Robocop', 'type': 'group', 'all_members_are_administrators': True}, 'date': 1714603298, 'document': {'file_name': '7-Tasme_Maftoul.png', 'mime_type': 'image/png', 'thumbnail': {'file_id': 'AAMCBAADGQMAAgG0ZjLFIfIhxq_k2eN7vbTNByJ_CicAAtQVAAKOWZhRXELeyuHUWgQBAAdtAAM0BA', 'file_unique_id': 'AQAD1BUAAo5ZmFFy', 'file_size': 37030, 'width': 320, 'height': 320}, 'thumb': {'file_id': 'AAMCBAADGQMAAgG0ZjLFIfIhxq_k2eN7vbTNByJ_CicAAtQVAAKOWZhRXELeyuHUWgQBAAdtAAM0BA', 'file_unique_id': 'AQAD1BUAAo5ZmFFy', 'file_size': 37030, 'width': 320, 'height': 320}, 'file_id': 'BQACAgQAAxkDAAIBtGYyxSHyIcav5Nnje720zQcifwonAALUFQACjlmYUVxC3srh1FoENAQ', 'file_unique_id': 'AgAD1BUAAo5ZmFE', 'file_size': 346044}}`]
[2024-05-01 22:41:38,118]: [_bot.py]: _do_post: 643:       DEBUG:    [Calling Bot API endpoint `sendDocument` with parameters `{'chat_id': '-4119703192', 'document': <telegram._files.inputfile.InputFile object at 0x7fd5e0119f80>}`]
[2024-05-01 22:41:38,119]: [_trace.py]: atrace: 85:       DEBUG:    [send_request_headers.started request=<Request [b'POST']>]
[2024-05-01 22:41:38,119]: [_trace.py]: atrace: 85:       DEBUG:    [send_request_headers.complete]
[2024-05-01 22:41:38,119]: [_trace.py]: atrace: 85:       DEBUG:    [send_request_body.started request=<Request [b'POST']>]
[2024-05-01 22:41:38,120]: [_trace.py]: atrace: 85:       DEBUG:    [send_request_body.complete]
[2024-05-01 22:41:38,120]: [_trace.py]: atrace: 85:       DEBUG:    [receive_response_headers.started request=<Request [b'POST']>]
[2024-05-01 22:41:38,417]: [_trace.py]: atrace: 85:       DEBUG:    [receive_response_headers.complete return_value=(b'HTTP/1.1', 200, b'OK', [(b'Server', b'nginx/1.18.0'), (b'Date', b'Wed, 01 May 2024 22:41:38 GMT'), (b'Content-Type', b'application/json'), (b'Content-Length', b'822'), (b'Connection', b'keep-alive'), (b'Strict-Transport-Security', b'max-age=31536000; includeSubDomains; preload'), (b'Access-Control-Allow-Origin', b'*'), (b'Access-Control-Allow-Methods', b'GET, POST, OPTIONS'), (b'Access-Control-Expose-Headers', b'Content-Length,Content-Type,Date,Server,Connection')])]
[2024-05-01 22:41:38,418]: [_client.py]: _send_single_request: 1773:       INFO:    [HTTP Request: POST https://api.telegram.org/bot6030805959:AAGUHAMxLYc-PrevgKouJ3ZyM7ktu56ftjo/sendDocument "HTTP/1.1 200 OK"]
[2024-05-01 22:41:38,418]: [_trace.py]: atrace: 85:       DEBUG:    [receive_response_body.started request=<Request [b'POST']>]
[2024-05-01 22:41:38,418]: [_trace.py]: atrace: 85:       DEBUG:    [receive_response_body.complete]
[2024-05-01 22:41:38,418]: [_trace.py]: atrace: 85:       DEBUG:    [response_closed.started]
[2024-05-01 22:41:38,418]: [_trace.py]: atrace: 85:       DEBUG:    [response_closed.complete]
[2024-05-01 22:41:38,418]: [_bot.py]: _do_post: 652:       DEBUG:    [Call to Bot API endpoint `sendDocument` finished with return value `{'message_id': 437, 'from': {'id': 6030805959, 'is_bot': True, 'first_name': 'TyPHoone_bot', 'username': 'TyPHoone_Project_bot'}, 'chat': {'id': -4119703192, 'title': 'Robocop', 'type': 'group', 'all_members_are_administrators': True}, 'date': 1714603298, 'document': {'file_name': '8-Khamoot.png', 'mime_type': 'image/png', 'thumbnail': {'file_id': 'AAMCBAADGQMAAgG1ZjLFIne0as3gWpuHV1MFhxA3ZCUAAtUVAAKOWZhRYdsd3PKX4MMBAAdtAAM0BA', 'file_unique_id': 'AQAD1RUAAo5ZmFFy', 'file_size': 28725, 'width': 320, 'height': 320}, 'thumb': {'file_id': 'AAMCBAADGQMAAgG1ZjLFIne0as3gWpuHV1MFhxA3ZCUAAtUVAAKOWZhRYdsd3PKX4MMBAAdtAAM0BA', 'file_unique_id': 'AQAD1RUAAo5ZmFFy', 'file_size': 28725, 'width': 320, 'height': 320}, 'file_id': 'BQACAgQAAxkDAAIBtWYyxSJ3tGrN4Fqbh1dTBYcQN2QlAALVFQACjlmYUWHbHdzyl-DDNAQ', 'file_unique_id': 'AgAD1RUAAo5ZmFE', 'file_size': 422757}}`]
[2024-05-01 22:41:38,419]: [_bot.py]: _do_post: 643:       DEBUG:    [Calling Bot API endpoint `sendDocument` with parameters `{'chat_id': '-4119703192', 'document': <telegram._files.inputfile.InputFile object at 0x7fd5e05a4480>}`]
[2024-05-01 22:41:38,419]: [_trace.py]: atrace: 85:       DEBUG:    [send_request_headers.started request=<Request [b'POST']>]
[2024-05-01 22:41:38,419]: [_trace.py]: atrace: 85:       DEBUG:    [send_request_headers.complete]
[2024-05-01 22:41:38,420]: [_trace.py]: atrace: 85:       DEBUG:    [send_request_body.started request=<Request [b'POST']>]
[2024-05-01 22:41:38,422]: [_trace.py]: atrace: 85:       DEBUG:    [send_request_body.complete]
[2024-05-01 22:41:38,423]: [_trace.py]: atrace: 85:       DEBUG:    [receive_response_headers.started request=<Request [b'POST']>]
[2024-05-01 22:41:38,765]: [_trace.py]: atrace: 85:       DEBUG:    [receive_response_headers.complete return_value=(b'HTTP/1.1', 200, b'OK', [(b'Server', b'nginx/1.18.0'), (b'Date', b'Wed, 01 May 2024 22:41:38 GMT'), (b'Content-Type', b'application/json'), (b'Content-Length', b'820'), (b'Connection', b'keep-alive'), (b'Strict-Transport-Security', b'max-age=31536000; includeSubDomains; preload'), (b'Access-Control-Allow-Origin', b'*'), (b'Access-Control-Allow-Methods', b'GET, POST, OPTIONS'), (b'Access-Control-Expose-Headers', b'Content-Length,Content-Type,Date,Server,Connection')])]
[2024-05-01 22:41:38,765]: [_client.py]: _send_single_request: 1773:       INFO:    [HTTP Request: POST https://api.telegram.org/bot6030805959:AAGUHAMxLYc-PrevgKouJ3ZyM7ktu56ftjo/sendDocument "HTTP/1.1 200 OK"]
[2024-05-01 22:41:38,766]: [_trace.py]: atrace: 85:       DEBUG:    [receive_response_body.started request=<Request [b'POST']>]
[2024-05-01 22:41:38,766]: [_trace.py]: atrace: 85:       DEBUG:    [receive_response_body.complete]
[2024-05-01 22:41:38,766]: [_trace.py]: atrace: 85:       DEBUG:    [response_closed.started]
[2024-05-01 22:41:38,766]: [_trace.py]: atrace: 85:       DEBUG:    [response_closed.complete]
[2024-05-01 22:41:38,766]: [_bot.py]: _do_post: 652:       DEBUG:    [Call to Bot API endpoint `sendDocument` finished with return value `{'message_id': 438, 'from': {'id': 6030805959, 'is_bot': True, 'first_name': 'TyPHoone_bot', 'username': 'TyPHoone_Project_bot'}, 'chat': {'id': -4119703192, 'title': 'Robocop', 'type': 'group', 'all_members_are_administrators': True}, 'date': 1714603298, 'document': {'file_name': '0-cover.png', 'mime_type': 'image/png', 'thumbnail': {'file_id': 'AAMCBAADGQMAAgG2ZjLFInTXoly2ngoizc7dBiLptu4AAtYVAAKOWZhRCLWvAvHgMTgBAAdtAAM0BA', 'file_unique_id': 'AQAD1hUAAo5ZmFFy', 'file_size': 33676, 'width': 320, 'height': 320}, 'thumb': {'file_id': 'AAMCBAADGQMAAgG2ZjLFInTXoly2ngoizc7dBiLptu4AAtYVAAKOWZhRCLWvAvHgMTgBAAdtAAM0BA', 'file_unique_id': 'AQAD1hUAAo5ZmFFy', 'file_size': 33676, 'width': 320, 'height': 320}, 'file_id': 'BQACAgQAAxkDAAIBtmYyxSJ016Jctp4KIs3O3QYi6bbuAALWFQACjlmYUQi1rwLx4DE4NAQ', 'file_unique_id': 'AgAD1hUAAo5ZmFE', 'file_size': 830514}}`]
[2024-05-01 22:41:38,766]: [_trace.py]: atrace: 85:       DEBUG:    [close.started]
[2024-05-01 22:41:38,767]: [_trace.py]: atrace: 85:       DEBUG:    [close.complete]
[2024-05-01 22:41:38,767]: [_config.py]: load_ssl_context: 80:       DEBUG:    [load_ssl_context verify=True cert=None trust_env=True http2=False]
[2024-05-01 22:41:38,767]: [_config.py]: load_ssl_context_verify: 146:       DEBUG:    [load_verify_locations cafile='/opt/hostedtoolcache/Python/3.12.3/x64/lib/python3.12/site-packages/certifi/cacert.pem']
[2024-05-01 22:41:38,795]: [_config.py]: load_ssl_context: 80:       DEBUG:    [load_ssl_context verify=True cert=None trust_env=True http2=False]
[2024-05-01 22:41:38,796]: [_config.py]: load_ssl_context_verify: 146:       DEBUG:    [load_verify_locations cafile='/opt/hostedtoolcache/Python/3.12.3/x64/lib/python3.12/site-packages/certifi/cacert.pem']
[2024-05-01 22:41:38,822]: [_bot.py]: _do_post: 643:       DEBUG:    [Calling Bot API endpoint `getMe` with parameters `{}`]
[2024-05-01 22:41:38,823]: [_trace.py]: atrace: 85:       DEBUG:    [connect_tcp.started host='api.telegram.org' port=443 local_address=None timeout=5.0 socket_options=None]
[2024-05-01 22:41:38,971]: [_trace.py]: atrace: 85:       DEBUG:    [connect_tcp.complete return_value=<httpcore._backends.anyio.AnyIOStream object at 0x7fd5ded1ec90>]
[2024-05-01 22:41:38,972]: [_trace.py]: atrace: 85:       DEBUG:    [start_tls.started ssl_context=<ssl.SSLContext object at 0x7fd5e0339ad0> server_hostname='api.telegram.org' timeout=5.0]
[2024-05-01 22:41:39,122]: [_trace.py]: atrace: 85:       DEBUG:    [start_tls.complete return_value=<httpcore._backends.anyio.AnyIOStream object at 0x7fd5dff06c00>]
[2024-05-01 22:41:39,122]: [_trace.py]: atrace: 85:       DEBUG:    [send_request_headers.started request=<Request [b'POST']>]
[2024-05-01 22:41:39,122]: [_trace.py]: atrace: 85:       DEBUG:    [send_request_headers.complete]
[2024-05-01 22:41:39,122]: [_trace.py]: atrace: 85:       DEBUG:    [send_request_body.started request=<Request [b'POST']>]
[2024-05-01 22:41:39,122]: [_trace.py]: atrace: 85:       DEBUG:    [send_request_body.complete]
[2024-05-01 22:41:39,123]: [_trace.py]: atrace: 85:       DEBUG:    [receive_response_headers.started request=<Request [b'POST']>]
[2024-05-01 22:41:39,271]: [_trace.py]: atrace: 85:       DEBUG:    [receive_response_headers.complete return_value=(b'HTTP/1.1', 200, b'OK', [(b'Server', b'nginx/1.18.0'), (b'Date', b'Wed, 01 May 2024 22:41:39 GMT'), (b'Content-Type', b'application/json'), (b'Content-Length', b'237'), (b'Connection', b'keep-alive'), (b'Strict-Transport-Security', b'max-age=31536000; includeSubDomains; preload'), (b'Access-Control-Allow-Origin', b'*'), (b'Access-Control-Allow-Methods', b'GET, POST, OPTIONS'), (b'Access-Control-Expose-Headers', b'Content-Length,Content-Type,Date,Server,Connection')])]
[2024-05-01 22:41:39,271]: [_client.py]: _send_single_request: 1773:       INFO:    [HTTP Request: POST https://api.telegram.org/bot6030805959:AAGUHAMxLYc-PrevgKouJ3ZyM7ktu56ftjo/getMe "HTTP/1.1 200 OK"]
[2024-05-01 22:41:39,271]: [_trace.py]: atrace: 85:       DEBUG:    [receive_response_body.started request=<Request [b'POST']>]
[2024-05-01 22:41:39,271]: [_trace.py]: atrace: 85:       DEBUG:    [receive_response_body.complete]
[2024-05-01 22:41:39,271]: [_trace.py]: atrace: 85:       DEBUG:    [response_closed.started]
[2024-05-01 22:41:39,271]: [_trace.py]: atrace: 85:       DEBUG:    [response_closed.complete]
[2024-05-01 22:41:39,272]: [_bot.py]: _do_post: 652:       DEBUG:    [Call to Bot API endpoint `getMe` finished with return value `{'id': 6030805959, 'is_bot': True, 'first_name': 'TyPHoone_bot', 'username': 'TyPHoone_Project_bot', 'can_join_groups': True, 'can_read_all_group_messages': False, 'supports_inline_queries': False, 'can_connect_to_business': False}`]
[2024-05-01 22:41:39,272]: [_bot.py]: _do_post: 643:       DEBUG:    [Calling Bot API endpoint `sendDocument` with parameters `{'chat_id': '-4119703192', 'document': <telegram._files.inputfile.InputFile object at 0x7fd5ded24280>}`]
[2024-05-01 22:41:39,272]: [_trace.py]: atrace: 85:       DEBUG:    [send_request_headers.started request=<Request [b'POST']>]
[2024-05-01 22:41:39,272]: [_trace.py]: atrace: 85:       DEBUG:    [send_request_headers.complete]
[2024-05-01 22:41:39,272]: [_trace.py]: atrace: 85:       DEBUG:    [send_request_body.started request=<Request [b'POST']>]
[2024-05-01 22:41:39,715]: [_trace.py]: atrace: 85:       DEBUG:    [send_request_body.complete]
[2024-05-01 22:41:39,715]: [_trace.py]: atrace: 85:       DEBUG:    [receive_response_headers.started request=<Request [b'POST']>]
[2024-05-01 22:41:43,266]: [_trace.py]: atrace: 85:       DEBUG:    [receive_response_headers.complete return_value=(b'HTTP/1.1', 200, b'OK', [(b'Server', b'nginx/1.18.0'), (b'Date', b'Wed, 01 May 2024 22:41:43 GMT'), (b'Content-Type', b'application/json'), (b'Content-Length', b'826'), (b'Connection', b'keep-alive'), (b'Strict-Transport-Security', b'max-age=31536000; includeSubDomains; preload'), (b'Access-Control-Allow-Origin', b'*'), (b'Access-Control-Allow-Methods', b'GET, POST, OPTIONS'), (b'Access-Control-Expose-Headers', b'Content-Length,Content-Type,Date,Server,Connection')])]
[2024-05-01 22:41:43,266]: [_client.py]: _send_single_request: 1773:       INFO:    [HTTP Request: POST https://api.telegram.org/bot6030805959:AAGUHAMxLYc-PrevgKouJ3ZyM7ktu56ftjo/sendDocument "HTTP/1.1 200 OK"]
[2024-05-01 22:41:43,266]: [_trace.py]: atrace: 85:       DEBUG:    [receive_response_body.started request=<Request [b'POST']>]
[2024-05-01 22:41:43,266]: [_trace.py]: atrace: 85:       DEBUG:    [receive_response_body.complete]
[2024-05-01 22:41:43,266]: [_trace.py]: atrace: 85:       DEBUG:    [response_closed.started]
[2024-05-01 22:41:43,267]: [_trace.py]: atrace: 85:       DEBUG:    [response_closed.complete]
[2024-05-01 22:41:43,267]: [_bot.py]: _do_post: 652:       DEBUG:    [Call to Bot API endpoint `sendDocument` finished with return value `{'message_id': 439, 'from': {'id': 6030805959, 'is_bot': True, 'first_name': 'TyPHoone_bot', 'username': 'TyPHoone_Project_bot'}, 'chat': {'id': -4119703192, 'title': 'Robocop', 'type': 'group', 'all_members_are_administrators': True}, 'date': 1714603303, 'document': {'file_name': '1-Tir_Ahan.png', 'mime_type': 'image/png', 'thumbnail': {'file_id': 'AAMCBAADGQMAAgG3ZjLFJwABwuBu3WyisPYSOJhT6g_CAALXFQACjlmYUXX4x_xTYBr-AQAHbQADNAQ', 'file_unique_id': 'AQAD1xUAAo5ZmFFy', 'file_size': 39244, 'width': 320, 'height': 320}, 'thumb': {'file_id': 'AAMCBAADGQMAAgG3ZjLFJwABwuBu3WyisPYSOJhT6g_CAALXFQACjlmYUXX4x_xTYBr-AQAHbQADNAQ', 'file_unique_id': 'AQAD1xUAAo5ZmFFy', 'file_size': 39244, 'width': 320, 'height': 320}, 'file_id': 'BQACAgQAAxkDAAIBt2YyxScAAcLgbt1sorD2EjiYU-oPwgAC1xUAAo5ZmFF1-Mf8U2Aa_jQE', 'file_unique_id': 'AgAD1xUAAo5ZmFE', 'file_size': 413819}}`]
[2024-05-01 22:41:43,267]: [_bot.py]: _do_post: 643:       DEBUG:    [Calling Bot API endpoint `sendDocument` with parameters `{'chat_id': '-4119703192', 'document': <telegram._files.inputfile.InputFile object at 0x7fd5ded26640>}`]
[2024-05-01 22:41:43,268]: [_trace.py]: atrace: 85:       DEBUG:    [send_request_headers.started request=<Request [b'POST']>]
[2024-05-01 22:41:43,268]: [_trace.py]: atrace: 85:       DEBUG:    [send_request_headers.complete]
[2024-05-01 22:41:43,268]: [_trace.py]: atrace: 85:       DEBUG:    [send_request_body.started request=<Request [b'POST']>]
[2024-05-01 22:41:43,269]: [_trace.py]: atrace: 85:       DEBUG:    [send_request_body.complete]
[2024-05-01 22:41:43,269]: [_trace.py]: atrace: 85:       DEBUG:    [receive_response_headers.started request=<Request [b'POST']>]
[2024-05-01 22:41:44,110]: [_trace.py]: atrace: 85:       DEBUG:    [receive_response_headers.complete return_value=(b'HTTP/1.1', 200, b'OK', [(b'Server', b'nginx/1.18.0'), (b'Date', b'Wed, 01 May 2024 22:41:44 GMT'), (b'Content-Type', b'application/json'), (b'Content-Length', b'830'), (b'Connection', b'keep-alive'), (b'Strict-Transport-Security', b'max-age=31536000; includeSubDomains; preload'), (b'Access-Control-Allow-Origin', b'*'), (b'Access-Control-Allow-Methods', b'GET, POST, OPTIONS'), (b'Access-Control-Expose-Headers', b'Content-Length,Content-Type,Date,Server,Connection')])]
[2024-05-01 22:41:44,110]: [_client.py]: _send_single_request: 1773:       INFO:    [HTTP Request: POST https://api.telegram.org/bot6030805959:AAGUHAMxLYc-PrevgKouJ3ZyM7ktu56ftjo/sendDocument "HTTP/1.1 200 OK"]
[2024-05-01 22:41:44,111]: [_trace.py]: atrace: 85:       DEBUG:    [receive_response_body.started request=<Request [b'POST']>]
[2024-05-01 22:41:44,111]: [_trace.py]: atrace: 85:       DEBUG:    [receive_response_body.complete]
[2024-05-01 22:41:44,111]: [_trace.py]: atrace: 85:       DEBUG:    [response_closed.started]
[2024-05-01 22:41:44,111]: [_trace.py]: atrace: 85:       DEBUG:    [response_closed.complete]
[2024-05-01 22:41:44,111]: [_bot.py]: _do_post: 652:       DEBUG:    [Call to Bot API endpoint `sendDocument` finished with return value `{'message_id': 440, 'from': {'id': 6030805959, 'is_bot': True, 'first_name': 'TyPHoone_bot', 'username': 'TyPHoone_Project_bot'}, 'chat': {'id': -4119703192, 'title': 'Robocop', 'type': 'group', 'all_members_are_administrators': True}, 'date': 1714603304, 'document': {'file_name': '9-Waraq_Galwanize.png', 'mime_type': 'image/png', 'thumbnail': {'file_id': 'AAMCBAADGQMAAgG4ZjLFJwtOiYE8ewrQRHXgac9UhKMAAtgVAAKOWZhRIhdu4JwuLJkBAAdtAAM0BA', 'file_unique_id': 'AQAD2BUAAo5ZmFFy', 'file_size': 39487, 'width': 320, 'height': 320}, 'thumb': {'file_id': 'AAMCBAADGQMAAgG4ZjLFJwtOiYE8ewrQRHXgac9UhKMAAtgVAAKOWZhRIhdu4JwuLJkBAAdtAAM0BA', 'file_unique_id': 'AQAD2BUAAo5ZmFFy', 'file_size': 39487, 'width': 320, 'height': 320}, 'file_id': 'BQACAgQAAxkDAAIBuGYyxScLTomBPHsK0ER14GnPVISjAALYFQACjlmYUSIXbuCcLiyZNAQ', 'file_unique_id': 'AgAD2BUAAo5ZmFE', 'file_size': 397055}}`]
[2024-05-01 22:41:44,112]: [_bot.py]: _do_post: 643:       DEBUG:    [Calling Bot API endpoint `sendDocument` with parameters `{'chat_id': '-4119703192', 'document': <telegram._files.inputfile.InputFile object at 0x7fd5ded16780>}`]
[2024-05-01 22:41:44,112]: [_trace.py]: atrace: 85:       DEBUG:    [send_request_headers.started request=<Request [b'POST']>]
[2024-05-01 22:41:44,113]: [_trace.py]: atrace: 85:       DEBUG:    [send_request_headers.complete]
[2024-05-01 22:41:44,113]: [_trace.py]: atrace: 85:       DEBUG:    [send_request_body.started request=<Request [b'POST']>]
[2024-05-01 22:41:44,114]: [_trace.py]: atrace: 85:       DEBUG:    [send_request_body.complete]
[2024-05-01 22:41:44,114]: [_trace.py]: atrace: 85:       DEBUG:    [receive_response_headers.started request=<Request [b'POST']>]
[2024-05-01 22:41:44,431]: [_trace.py]: atrace: 85:       DEBUG:    [receive_response_headers.complete return_value=(b'HTTP/1.1', 200, b'OK', [(b'Server', b'nginx/1.18.0'), (b'Date', b'Wed, 01 May 2024 22:41:44 GMT'), (b'Content-Type', b'application/json'), (b'Content-Length', b'822'), (b'Connection', b'keep-alive'), (b'Strict-Transport-Security', b'max-age=31536000; includeSubDomains; preload'), (b'Access-Control-Allow-Origin', b'*'), (b'Access-Control-Allow-Methods', b'GET, POST, OPTIONS'), (b'Access-Control-Expose-Headers', b'Content-Length,Content-Type,Date,Server,Connection')])]
[2024-05-01 22:41:44,432]: [_client.py]: _send_single_request: 1773:       INFO:    [HTTP Request: POST https://api.telegram.org/bot6030805959:AAGUHAMxLYc-PrevgKouJ3ZyM7ktu56ftjo/sendDocument "HTTP/1.1 200 OK"]
[2024-05-01 22:41:44,432]: [_trace.py]: atrace: 85:       DEBUG:    [receive_response_body.started request=<Request [b'POST']>]
[2024-05-01 22:41:44,432]: [_trace.py]: atrace: 85:       DEBUG:    [receive_response_body.complete]
[2024-05-01 22:41:44,432]: [_trace.py]: atrace: 85:       DEBUG:    [response_closed.started]
[2024-05-01 22:41:44,432]: [_trace.py]: atrace: 85:       DEBUG:    [response_closed.complete]
[2024-05-01 22:41:44,432]: [_bot.py]: _do_post: 652:       DEBUG:    [Call to Bot API endpoint `sendDocument` finished with return value `{'message_id': 441, 'from': {'id': 6030805959, 'is_bot': True, 'first_name': 'TyPHoone_bot', 'username': 'TyPHoone_Project_bot'}, 'chat': {'id': -4119703192, 'title': 'Robocop', 'type': 'group', 'all_members_are_administrators': True}, 'date': 1714603304, 'document': {'file_name': '2-Milgerd.png', 'mime_type': 'image/png', 'thumbnail': {'file_id': 'AAMCBAADGQMAAgG5ZjLFKBZPCh5Q67FR79MHX3pvasEAAtkVAAKOWZhRWCz1kIG1VrIBAAdtAAM0BA', 'file_unique_id': 'AQAD2RUAAo5ZmFFy', 'file_size': 43089, 'width': 320, 'height': 320}, 'thumb': {'file_id': 'AAMCBAADGQMAAgG5ZjLFKBZPCh5Q67FR79MHX3pvasEAAtkVAAKOWZhRWCz1kIG1VrIBAAdtAAM0BA', 'file_unique_id': 'AQAD2RUAAo5ZmFFy', 'file_size': 43089, 'width': 320, 'height': 320}, 'file_id': 'BQACAgQAAxkDAAIBuWYyxSgWTwoeUOuxUe_TB196b2rBAALZFQACjlmYUVgs9ZCBtVayNAQ', 'file_unique_id': 'AgAD2RUAAo5ZmFE', 'file_size': 400635}}`]
[2024-05-01 22:41:44,433]: [_bot.py]: _do_post: 643:       DEBUG:    [Calling Bot API endpoint `sendDocument` with parameters `{'chat_id': '-4119703192', 'document': <telegram._files.inputfile.InputFile object at 0x7fd5e0348140>}`]
[2024-05-01 22:41:44,433]: [_trace.py]: atrace: 85:       DEBUG:    [send_request_headers.started request=<Request [b'POST']>]
[2024-05-01 22:41:44,433]: [_trace.py]: atrace: 85:       DEBUG:    [send_request_headers.complete]
[2024-05-01 22:41:44,433]: [_trace.py]: atrace: 85:       DEBUG:    [send_request_body.started request=<Request [b'POST']>]
[2024-05-01 22:41:44,434]: [_trace.py]: atrace: 85:       DEBUG:    [send_request_body.complete]
[2024-05-01 22:41:44,434]: [_trace.py]: atrace: 85:       DEBUG:    [receive_response_headers.started request=<Request [b'POST']>]
[2024-05-01 22:41:44,707]: [_trace.py]: atrace: 85:       DEBUG:    [receive_response_headers.complete return_value=(b'HTTP/1.1', 200, b'OK', [(b'Server', b'nginx/1.18.0'), (b'Date', b'Wed, 01 May 2024 22:41:44 GMT'), (b'Content-Type', b'application/json'), (b'Content-Length', b'821'), (b'Connection', b'keep-alive'), (b'Strict-Transport-Security', b'max-age=31536000; includeSubDomains; preload'), (b'Access-Control-Allow-Origin', b'*'), (b'Access-Control-Allow-Methods', b'GET, POST, OPTIONS'), (b'Access-Control-Expose-Headers', b'Content-Length,Content-Type,Date,Server,Connection')])]
[2024-05-01 22:41:44,707]: [_client.py]: _send_single_request: 1773:       INFO:    [HTTP Request: POST https://api.telegram.org/bot6030805959:AAGUHAMxLYc-PrevgKouJ3ZyM7ktu56ftjo/sendDocument "HTTP/1.1 200 OK"]
[2024-05-01 22:41:44,708]: [_trace.py]: atrace: 85:       DEBUG:    [receive_response_body.started request=<Request [b'POST']>]
[2024-05-01 22:41:44,708]: [_trace.py]: atrace: 85:       DEBUG:    [receive_response_body.complete]
[2024-05-01 22:41:44,708]: [_trace.py]: atrace: 85:       DEBUG:    [response_closed.started]
[2024-05-01 22:41:44,708]: [_trace.py]: atrace: 85:       DEBUG:    [response_closed.complete]
[2024-05-01 22:41:44,708]: [_bot.py]: _do_post: 652:       DEBUG:    [Call to Bot API endpoint `sendDocument` finished with return value `{'message_id': 442, 'from': {'id': 6030805959, 'is_bot': True, 'first_name': 'TyPHoone_bot', 'username': 'TyPHoone_Project_bot'}, 'chat': {'id': -4119703192, 'title': 'Robocop', 'type': 'group', 'all_members_are_administrators': True}, 'date': 1714603304, 'document': {'file_name': '5-Nabshi.png', 'mime_type': 'image/png', 'thumbnail': {'file_id': 'AAMCBAADGQMAAgG6ZjLFKDPjgw3hyFX_-nBSCcBXEFoAAtoVAAKOWZhR1kFdeJj93fQBAAdtAAM0BA', 'file_unique_id': 'AQAD2hUAAo5ZmFFy', 'file_size': 32599, 'width': 320, 'height': 320}, 'thumb': {'file_id': 'AAMCBAADGQMAAgG6ZjLFKDPjgw3hyFX_-nBSCcBXEFoAAtoVAAKOWZhR1kFdeJj93fQBAAdtAAM0BA', 'file_unique_id': 'AQAD2hUAAo5ZmFFy', 'file_size': 32599, 'width': 320, 'height': 320}, 'file_id': 'BQACAgQAAxkDAAIBumYyxSgz44MN4chV__pwUgnAVxBaAALaFQACjlmYUdZBXXiY_d30NAQ', 'file_unique_id': 'AgAD2hUAAo5ZmFE', 'file_size': 386463}}`]
[2024-05-01 22:41:44,708]: [_bot.py]: _do_post: 643:       DEBUG:    [Calling Bot API endpoint `sendDocument` with parameters `{'chat_id': '-4119703192', 'document': <telegram._files.inputfile.InputFile object at 0x7fd5e0309100>}`]
[2024-05-01 22:41:44,709]: [_trace.py]: atrace: 85:       DEBUG:    [send_request_headers.started request=<Request [b'POST']>]
[2024-05-01 22:41:44,709]: [_trace.py]: atrace: 85:       DEBUG:    [send_request_headers.complete]
[2024-05-01 22:41:44,709]: [_trace.py]: atrace: 85:       DEBUG:    [send_request_body.started request=<Request [b'POST']>]
[2024-05-01 22:41:44,710]: [_trace.py]: atrace: 85:       DEBUG:    [send_request_body.complete]
[2024-05-01 22:41:44,710]: [_trace.py]: atrace: 85:       DEBUG:    [receive_response_headers.started request=<Request [b'POST']>]
[2024-05-01 22:41:45,033]: [_trace.py]: atrace: 85:       DEBUG:    [receive_response_headers.complete return_value=(b'HTTP/1.1', 200, b'OK', [(b'Server', b'nginx/1.18.0'), (b'Date', b'Wed, 01 May 2024 22:41:44 GMT'), (b'Content-Type', b'application/json'), (b'Content-Length', b'825'), (b'Connection', b'keep-alive'), (b'Strict-Transport-Security', b'max-age=31536000; includeSubDomains; preload'), (b'Access-Control-Allow-Origin', b'*'), (b'Access-Control-Allow-Methods', b'GET, POST, OPTIONS'), (b'Access-Control-Expose-Headers', b'Content-Length,Content-Type,Date,Server,Connection')])]
[2024-05-01 22:41:45,034]: [_client.py]: _send_single_request: 1773:       INFO:    [HTTP Request: POST https://api.telegram.org/bot6030805959:AAGUHAMxLYc-PrevgKouJ3ZyM7ktu56ftjo/sendDocument "HTTP/1.1 200 OK"]
[2024-05-01 22:41:45,034]: [_trace.py]: atrace: 85:       DEBUG:    [receive_response_body.started request=<Request [b'POST']>]
[2024-05-01 22:41:45,034]: [_trace.py]: atrace: 85:       DEBUG:    [receive_response_body.complete]
[2024-05-01 22:41:45,034]: [_trace.py]: atrace: 85:       DEBUG:    [response_closed.started]
[2024-05-01 22:41:45,034]: [_trace.py]: atrace: 85:       DEBUG:    [response_closed.complete]
[2024-05-01 22:41:45,034]: [_bot.py]: _do_post: 652:       DEBUG:    [Call to Bot API endpoint `sendDocument` finished with return value `{'message_id': 443, 'from': {'id': 6030805959, 'is_bot': True, 'first_name': 'TyPHoone_bot', 'username': 'TyPHoone_Project_bot'}, 'chat': {'id': -4119703192, 'title': 'Robocop', 'type': 'group', 'all_members_are_administrators': True}, 'date': 1714603304, 'document': {'file_name': '6-Waraq_Siah.png', 'mime_type': 'image/png', 'thumbnail': {'file_id': 'AAMCBAADGQMAAgG7ZjLFKMCdFjFpZReuN7masVMuL_MAAtsVAAKOWZhRUPh2nrEmQn4BAAdtAAM0BA', 'file_unique_id': 'AQAD2xUAAo5ZmFFy', 'file_size': 44133, 'width': 320, 'height': 320}, 'thumb': {'file_id': 'AAMCBAADGQMAAgG7ZjLFKMCdFjFpZReuN7masVMuL_MAAtsVAAKOWZhRUPh2nrEmQn4BAAdtAAM0BA', 'file_unique_id': 'AQAD2xUAAo5ZmFFy', 'file_size': 44133, 'width': 320, 'height': 320}, 'file_id': 'BQACAgQAAxkDAAIBu2YyxSjAnRYxaWUXrje5mrFTLi_zAALbFQACjlmYUVD4dp6xJkJ-NAQ', 'file_unique_id': 'AgAD2xUAAo5ZmFE', 'file_size': 404281}}`]
[2024-05-01 22:41:45,035]: [_bot.py]: _do_post: 643:       DEBUG:    [Calling Bot API endpoint `sendDocument` with parameters `{'chat_id': '-4119703192', 'document': <telegram._files.inputfile.InputFile object at 0x7fd5dfe5ec40>}`]
[2024-05-01 22:41:45,035]: [_trace.py]: atrace: 85:       DEBUG:    [send_request_headers.started request=<Request [b'POST']>]
[2024-05-01 22:41:45,036]: [_trace.py]: atrace: 85:       DEBUG:    [send_request_headers.complete]
[2024-05-01 22:41:45,036]: [_trace.py]: atrace: 85:       DEBUG:    [send_request_body.started request=<Request [b'POST']>]
[2024-05-01 22:41:45,036]: [_trace.py]: atrace: 85:       DEBUG:    [send_request_body.complete]
[2024-05-01 22:41:45,037]: [_trace.py]: atrace: 85:       DEBUG:    [receive_response_headers.started request=<Request [b'POST']>]
[2024-05-01 22:41:48,289]: [_trace.py]: atrace: 85:       DEBUG:    [receive_response_headers.complete return_value=(b'HTTP/1.1', 200, b'OK', [(b'Server', b'nginx/1.18.0'), (b'Date', b'Wed, 01 May 2024 22:41:48 GMT'), (b'Content-Type', b'application/json'), (b'Content-Length', b'822'), (b'Connection', b'keep-alive'), (b'Strict-Transport-Security', b'max-age=31536000; includeSubDomains; preload'), (b'Access-Control-Allow-Origin', b'*'), (b'Access-Control-Allow-Methods', b'GET, POST, OPTIONS'), (b'Access-Control-Expose-Headers', b'Content-Length,Content-Type,Date,Server,Connection')])]
[2024-05-01 22:41:48,289]: [_client.py]: _send_single_request: 1773:       INFO:    [HTTP Request: POST https://api.telegram.org/bot6030805959:AAGUHAMxLYc-PrevgKouJ3ZyM7ktu56ftjo/sendDocument "HTTP/1.1 200 OK"]
[2024-05-01 22:41:48,289]: [_trace.py]: atrace: 85:       DEBUG:    [receive_response_body.started request=<Request [b'POST']>]
[2024-05-01 22:41:48,289]: [_trace.py]: atrace: 85:       DEBUG:    [receive_response_body.complete]
[2024-05-01 22:41:48,289]: [_trace.py]: atrace: 85:       DEBUG:    [response_closed.started]
[2024-05-01 22:41:48,289]: [_trace.py]: atrace: 85:       DEBUG:    [response_closed.complete]
[2024-05-01 22:41:48,290]: [_bot.py]: _do_post: 652:       DEBUG:    [Call to Bot API endpoint `sendDocument` finished with return value `{'message_id': 444, 'from': {'id': 6030805959, 'is_bot': True, 'first_name': 'TyPHoone_bot', 'username': 'TyPHoone_Project_bot'}, 'chat': {'id': -4119703192, 'title': 'Robocop', 'type': 'group', 'all_members_are_administrators': True}, 'date': 1714603308, 'document': {'file_name': '4-Nawdani.png', 'mime_type': 'image/png', 'thumbnail': {'file_id': 'AAMCBAADGQMAAgG8ZjLFLI83jWWXkNiXQR04lA31hG4AAtwVAAKOWZhRebQeZ0-2RO4BAAdtAAM0BA', 'file_unique_id': 'AQAD3BUAAo5ZmFFy', 'file_size': 33462, 'width': 320, 'height': 320}, 'thumb': {'file_id': 'AAMCBAADGQMAAgG8ZjLFLI83jWWXkNiXQR04lA31hG4AAtwVAAKOWZhRebQeZ0-2RO4BAAdtAAM0BA', 'file_unique_id': 'AQAD3BUAAo5ZmFFy', 'file_size': 33462, 'width': 320, 'height': 320}, 'file_id': 'BQACAgQAAxkDAAIBvGYyxSyPN41ll5DYl0EdOJQN9YRuAALcFQACjlmYUXm0HmdPtkTuNAQ', 'file_unique_id': 'AgAD3BUAAo5ZmFE', 'file_size': 379019}}`]
[2024-05-01 22:41:48,290]: [_bot.py]: _do_post: 643:       DEBUG:    [Calling Bot API endpoint `sendDocument` with parameters `{'chat_id': '-4119703192', 'document': <telegram._files.inputfile.InputFile object at 0x7fd5e0309100>}`]
[2024-05-01 22:41:48,291]: [_trace.py]: atrace: 85:       DEBUG:    [send_request_headers.started request=<Request [b'POST']>]
[2024-05-01 22:41:48,291]: [_trace.py]: atrace: 85:       DEBUG:    [send_request_headers.complete]
[2024-05-01 22:41:48,291]: [_trace.py]: atrace: 85:       DEBUG:    [send_request_body.started request=<Request [b'POST']>]
[2024-05-01 22:41:48,292]: [_trace.py]: atrace: 85:       DEBUG:    [send_request_body.complete]
[2024-05-01 22:41:48,292]: [_trace.py]: atrace: 85:       DEBUG:    [receive_response_headers.started request=<Request [b'POST']>]
[2024-05-01 22:41:49,186]: [_trace.py]: atrace: 85:       DEBUG:    [receive_response_headers.complete return_value=(b'HTTP/1.1', 200, b'OK', [(b'Server', b'nginx/1.18.0'), (b'Date', b'Wed, 01 May 2024 22:41:49 GMT'), (b'Content-Type', b'application/json'), (b'Content-Length', b'822'), (b'Connection', b'keep-alive'), (b'Strict-Transport-Security', b'max-age=31536000; includeSubDomains; preload'), (b'Access-Control-Allow-Origin', b'*'), (b'Access-Control-Allow-Methods', b'GET, POST, OPTIONS'), (b'Access-Control-Expose-Headers', b'Content-Length,Content-Type,Date,Server,Connection')])]
[2024-05-01 22:41:49,187]: [_client.py]: _send_single_request: 1773:       INFO:    [HTTP Request: POST https://api.telegram.org/bot6030805959:AAGUHAMxLYc-PrevgKouJ3ZyM7ktu56ftjo/sendDocument "HTTP/1.1 200 OK"]
[2024-05-01 22:41:49,187]: [_trace.py]: atrace: 85:       DEBUG:    [receive_response_body.started request=<Request [b'POST']>]
[2024-05-01 22:41:49,187]: [_trace.py]: atrace: 85:       DEBUG:    [receive_response_body.complete]
[2024-05-01 22:41:49,187]: [_trace.py]: atrace: 85:       DEBUG:    [response_closed.started]
[2024-05-01 22:41:49,187]: [_trace.py]: atrace: 85:       DEBUG:    [response_closed.complete]
[2024-05-01 22:41:49,187]: [_bot.py]: _do_post: 652:       DEBUG:    [Call to Bot API endpoint `sendDocument` finished with return value `{'message_id': 445, 'from': {'id': 6030805959, 'is_bot': True, 'first_name': 'TyPHoone_bot', 'username': 'TyPHoone_Project_bot'}, 'chat': {'id': -4119703192, 'title': 'Robocop', 'type': 'group', 'all_members_are_administrators': True}, 'date': 1714603309, 'document': {'file_name': '3-Profill.png', 'mime_type': 'image/png', 'thumbnail': {'file_id': 'AAMCBAADGQMAAgG9ZjLFLNuSRe8J3Rrvw81JDLYKy5YAAt0VAAKOWZhRUP9KQ5hhOEsBAAdtAAM0BA', 'file_unique_id': 'AQAD3RUAAo5ZmFFy', 'file_size': 32901, 'width': 320, 'height': 320}, 'thumb': {'file_id': 'AAMCBAADGQMAAgG9ZjLFLNuSRe8J3Rrvw81JDLYKy5YAAt0VAAKOWZhRUP9KQ5hhOEsBAAdtAAM0BA', 'file_unique_id': 'AQAD3RUAAo5ZmFFy', 'file_size': 32901, 'width': 320, 'height': 320}, 'file_id': 'BQACAgQAAxkDAAIBvWYyxSzbkkXvCd0a78PNSQy2CsuWAALdFQACjlmYUVD_SkOYYThLNAQ', 'file_unique_id': 'AgAD3RUAAo5ZmFE', 'file_size': 345775}}`]
[2024-05-01 22:41:49,188]: [_bot.py]: _do_post: 643:       DEBUG:    [Calling Bot API endpoint `sendDocument` with parameters `{'chat_id': '-4119703192', 'document': <telegram._files.inputfile.InputFile object at 0x7fd5dfe5ec40>}`]
[2024-05-01 22:41:49,188]: [_trace.py]: atrace: 85:       DEBUG:    [send_request_headers.started request=<Request [b'POST']>]
[2024-05-01 22:41:49,188]: [_trace.py]: atrace: 85:       DEBUG:    [send_request_headers.complete]
[2024-05-01 22:41:49,188]: [_trace.py]: atrace: 85:       DEBUG:    [send_request_body.started request=<Request [b'POST']>]
[2024-05-01 22:41:49,189]: [_trace.py]: atrace: 85:       DEBUG:    [send_request_body.complete]
[2024-05-01 22:41:49,189]: [_trace.py]: atrace: 85:       DEBUG:    [receive_response_headers.started request=<Request [b'POST']>]
[2024-05-01 22:41:49,427]: [_trace.py]: atrace: 85:       DEBUG:    [receive_response_headers.complete return_value=(b'HTTP/1.1', 200, b'OK', [(b'Server', b'nginx/1.18.0'), (b'Date', b'Wed, 01 May 2024 22:41:49 GMT'), (b'Content-Type', b'application/json'), (b'Content-Length', b'828'), (b'Connection', b'keep-alive'), (b'Strict-Transport-Security', b'max-age=31536000; includeSubDomains; preload'), (b'Access-Control-Allow-Origin', b'*'), (b'Access-Control-Allow-Methods', b'GET, POST, OPTIONS'), (b'Access-Control-Expose-Headers', b'Content-Length,Content-Type,Date,Server,Connection')])]
[2024-05-01 22:41:49,428]: [_client.py]: _send_single_request: 1773:       INFO:    [HTTP Request: POST https://api.telegram.org/bot6030805959:AAGUHAMxLYc-PrevgKouJ3ZyM7ktu56ftjo/sendDocument "HTTP/1.1 200 OK"]
[2024-05-01 22:41:49,428]: [_trace.py]: atrace: 85:       DEBUG:    [receive_response_body.started request=<Request [b'POST']>]
[2024-05-01 22:41:49,428]: [_trace.py]: atrace: 85:       DEBUG:    [receive_response_body.complete]
[2024-05-01 22:41:49,428]: [_trace.py]: atrace: 85:       DEBUG:    [response_closed.started]
[2024-05-01 22:41:49,428]: [_trace.py]: atrace: 85:       DEBUG:    [response_closed.complete]
[2024-05-01 22:41:49,428]: [_bot.py]: _do_post: 652:       DEBUG:    [Call to Bot API endpoint `sendDocument` finished with return value `{'message_id': 446, 'from': {'id': 6030805959, 'is_bot': True, 'first_name': 'TyPHoone_bot', 'username': 'TyPHoone_Project_bot'}, 'chat': {'id': -4119703192, 'title': 'Robocop', 'type': 'group', 'all_members_are_administrators': True}, 'date': 1714603309, 'document': {'file_name': '7-Tasme_Maftoul.png', 'mime_type': 'image/png', 'thumbnail': {'file_id': 'AAMCBAADGQMAAgG-ZjLFLf4LVMs8TpdJqsG7kBiZ7QgAAt4VAAKOWZhRFydbv7k-zsUBAAdtAAM0BA', 'file_unique_id': 'AQAD3hUAAo5ZmFFy', 'file_size': 35999, 'width': 320, 'height': 320}, 'thumb': {'file_id': 'AAMCBAADGQMAAgG-ZjLFLf4LVMs8TpdJqsG7kBiZ7QgAAt4VAAKOWZhRFydbv7k-zsUBAAdtAAM0BA', 'file_unique_id': 'AQAD3hUAAo5ZmFFy', 'file_size': 35999, 'width': 320, 'height': 320}, 'file_id': 'BQACAgQAAxkDAAIBvmYyxS3-C1TLPE6XSarBu5AYme0IAALeFQACjlmYURcnW7-5Ps7FNAQ', 'file_unique_id': 'AgAD3hUAAo5ZmFE', 'file_size': 356987}}`]
[2024-05-01 22:41:49,429]: [_bot.py]: _do_post: 643:       DEBUG:    [Calling Bot API endpoint `sendDocument` with parameters `{'chat_id': '-4119703192', 'document': <telegram._files.inputfile.InputFile object at 0x7fd5dfe5e240>}`]
[2024-05-01 22:41:49,429]: [_trace.py]: atrace: 85:       DEBUG:    [send_request_headers.started request=<Request [b'POST']>]
[2024-05-01 22:41:49,429]: [_trace.py]: atrace: 85:       DEBUG:    [send_request_headers.complete]
[2024-05-01 22:41:49,429]: [_trace.py]: atrace: 85:       DEBUG:    [send_request_body.started request=<Request [b'POST']>]
[2024-05-01 22:41:49,430]: [_trace.py]: atrace: 85:       DEBUG:    [send_request_body.complete]
[2024-05-01 22:41:49,430]: [_trace.py]: atrace: 85:       DEBUG:    [receive_response_headers.started request=<Request [b'POST']>]
[2024-05-01 22:41:49,673]: [_trace.py]: atrace: 85:       DEBUG:    [receive_response_headers.complete return_value=(b'HTTP/1.1', 200, b'OK', [(b'Server', b'nginx/1.18.0'), (b'Date', b'Wed, 01 May 2024 22:41:49 GMT'), (b'Content-Type', b'application/json'), (b'Content-Length', b'822'), (b'Connection', b'keep-alive'), (b'Strict-Transport-Security', b'max-age=31536000; includeSubDomains; preload'), (b'Access-Control-Allow-Origin', b'*'), (b'Access-Control-Allow-Methods', b'GET, POST, OPTIONS'), (b'Access-Control-Expose-Headers', b'Content-Length,Content-Type,Date,Server,Connection')])]
[2024-05-01 22:41:49,673]: [_client.py]: _send_single_request: 1773:       INFO:    [HTTP Request: POST https://api.telegram.org/bot6030805959:AAGUHAMxLYc-PrevgKouJ3ZyM7ktu56ftjo/sendDocument "HTTP/1.1 200 OK"]
[2024-05-01 22:41:49,673]: [_trace.py]: atrace: 85:       DEBUG:    [receive_response_body.started request=<Request [b'POST']>]
[2024-05-01 22:41:49,674]: [_trace.py]: atrace: 85:       DEBUG:    [receive_response_body.complete]
[2024-05-01 22:41:49,674]: [_trace.py]: atrace: 85:       DEBUG:    [response_closed.started]
[2024-05-01 22:41:49,674]: [_trace.py]: atrace: 85:       DEBUG:    [response_closed.complete]
[2024-05-01 22:41:49,674]: [_bot.py]: _do_post: 652:       DEBUG:    [Call to Bot API endpoint `sendDocument` finished with return value `{'message_id': 447, 'from': {'id': 6030805959, 'is_bot': True, 'first_name': 'TyPHoone_bot', 'username': 'TyPHoone_Project_bot'}, 'chat': {'id': -4119703192, 'title': 'Robocop', 'type': 'group', 'all_members_are_administrators': True}, 'date': 1714603309, 'document': {'file_name': '8-Khamoot.png', 'mime_type': 'image/png', 'thumbnail': {'file_id': 'AAMCBAADGQMAAgG_ZjLFLW5By9Jnd-YTXZ9rfbTTYWsAAt8VAAKOWZhRfr6dBGE_1x0BAAdtAAM0BA', 'file_unique_id': 'AQAD3xUAAo5ZmFFy', 'file_size': 27766, 'width': 320, 'height': 320}, 'thumb': {'file_id': 'AAMCBAADGQMAAgG_ZjLFLW5By9Jnd-YTXZ9rfbTTYWsAAt8VAAKOWZhRfr6dBGE_1x0BAAdtAAM0BA', 'file_unique_id': 'AQAD3xUAAo5ZmFFy', 'file_size': 27766, 'width': 320, 'height': 320}, 'file_id': 'BQACAgQAAxkDAAIBv2YyxS1uQcvSZ3fmE12fa32002FrAALfFQACjlmYUX6-nQRhP9cdNAQ', 'file_unique_id': 'AgAD3xUAAo5ZmFE', 'file_size': 356839}}`]
[2024-05-01 22:41:49,674]: [_bot.py]: _do_post: 643:       DEBUG:    [Calling Bot API endpoint `sendDocument` with parameters `{'chat_id': '-4119703192', 'document': <telegram._files.inputfile.InputFile object at 0x7fd5dfe5ec40>}`]
[2024-05-01 22:41:49,675]: [_trace.py]: atrace: 85:       DEBUG:    [send_request_headers.started request=<Request [b'POST']>]
[2024-05-01 22:41:49,675]: [_trace.py]: atrace: 85:       DEBUG:    [send_request_headers.complete]
[2024-05-01 22:41:49,675]: [_trace.py]: atrace: 85:       DEBUG:    [send_request_body.started request=<Request [b'POST']>]
[2024-05-01 22:41:49,677]: [_trace.py]: atrace: 85:       DEBUG:    [send_request_body.complete]
[2024-05-01 22:41:49,677]: [_trace.py]: atrace: 85:       DEBUG:    [receive_response_headers.started request=<Request [b'POST']>]
[2024-05-01 22:41:50,097]: [_trace.py]: atrace: 85:       DEBUG:    [receive_response_headers.complete return_value=(b'HTTP/1.1', 200, b'OK', [(b'Server', b'nginx/1.18.0'), (b'Date', b'Wed, 01 May 2024 22:41:50 GMT'), (b'Content-Type', b'application/json'), (b'Content-Length', b'820'), (b'Connection', b'keep-alive'), (b'Strict-Transport-Security', b'max-age=31536000; includeSubDomains; preload'), (b'Access-Control-Allow-Origin', b'*'), (b'Access-Control-Allow-Methods', b'GET, POST, OPTIONS'), (b'Access-Control-Expose-Headers', b'Content-Length,Content-Type,Date,Server,Connection')])]
[2024-05-01 22:41:50,097]: [_client.py]: _send_single_request: 1773:       INFO:    [HTTP Request: POST https://api.telegram.org/bot6030805959:AAGUHAMxLYc-PrevgKouJ3ZyM7ktu56ftjo/sendDocument "HTTP/1.1 200 OK"]
[2024-05-01 22:41:50,098]: [_trace.py]: atrace: 85:       DEBUG:    [receive_response_body.started request=<Request [b'POST']>]
[2024-05-01 22:41:50,098]: [_trace.py]: atrace: 85:       DEBUG:    [receive_response_body.complete]
[2024-05-01 22:41:50,098]: [_trace.py]: atrace: 85:       DEBUG:    [response_closed.started]
[2024-05-01 22:41:50,098]: [_trace.py]: atrace: 85:       DEBUG:    [response_closed.complete]
[2024-05-01 22:41:50,098]: [_bot.py]: _do_post: 652:       DEBUG:    [Call to Bot API endpoint `sendDocument` finished with return value `{'message_id': 448, 'from': {'id': 6030805959, 'is_bot': True, 'first_name': 'TyPHoone_bot', 'username': 'TyPHoone_Project_bot'}, 'chat': {'id': -4119703192, 'title': 'Robocop', 'type': 'group', 'all_members_are_administrators': True}, 'date': 1714603310, 'document': {'file_name': '0-cover.png', 'mime_type': 'image/png', 'thumbnail': {'file_id': 'AAMCBAADGQMAAgHAZjLFLc1Ir2Zh6HABW3CtNdBmHygAAuAVAAKOWZhRSMib6m4xxY0BAAdtAAM0BA', 'file_unique_id': 'AQAD4BUAAo5ZmFFy', 'file_size': 33655, 'width': 320, 'height': 320}, 'thumb': {'file_id': 'AAMCBAADGQMAAgHAZjLFLc1Ir2Zh6HABW3CtNdBmHygAAuAVAAKOWZhRSMib6m4xxY0BAAdtAAM0BA', 'file_unique_id': 'AQAD4BUAAo5ZmFFy', 'file_size': 33655, 'width': 320, 'height': 320}, 'file_id': 'BQACAgQAAxkDAAIBwGYyxS3NSK9mYehwAVtwrTXQZh8oAALgFQACjlmYUUjIm-puMcWNNAQ', 'file_unique_id': 'AgAD4BUAAo5ZmFE', 'file_size': 831831}}`]
[2024-05-01 22:41:50,098]: [_trace.py]: atrace: 85:       DEBUG:    [close.started]
[2024-05-01 22:41:50,099]: [_trace.py]: atrace: 85:       DEBUG:    [close.complete]
[2024-05-01 22:41:50,099]: [_config.py]: load_ssl_context: 80:       DEBUG:    [load_ssl_context verify=True cert=None trust_env=True http2=False]
[2024-05-01 22:41:50,099]: [_config.py]: load_ssl_context_verify: 146:       DEBUG:    [load_verify_locations cafile='/opt/hostedtoolcache/Python/3.12.3/x64/lib/python3.12/site-packages/certifi/cacert.pem']
[2024-05-01 22:41:50,126]: [_config.py]: load_ssl_context: 80:       DEBUG:    [load_ssl_context verify=True cert=None trust_env=True http2=False]
[2024-05-01 22:41:50,127]: [_config.py]: load_ssl_context_verify: 146:       DEBUG:    [load_verify_locations cafile='/opt/hostedtoolcache/Python/3.12.3/x64/lib/python3.12/site-packages/certifi/cacert.pem']
[2024-05-01 22:41:50,152]: [_bot.py]: _do_post: 643:       DEBUG:    [Calling Bot API endpoint `getMe` with parameters `{}`]
[2024-05-01 22:41:50,153]: [_trace.py]: atrace: 85:       DEBUG:    [connect_tcp.started host='api.telegram.org' port=443 local_address=None timeout=5.0 socket_options=None]
[2024-05-01 22:41:50,301]: [_trace.py]: atrace: 85:       DEBUG:    [connect_tcp.complete return_value=<httpcore._backends.anyio.AnyIOStream object at 0x7fd5dff06570>]
[2024-05-01 22:41:50,301]: [_trace.py]: atrace: 85:       DEBUG:    [start_tls.started ssl_context=<ssl.SSLContext object at 0x7fd5dffd9d50> server_hostname='api.telegram.org' timeout=5.0]
[2024-05-01 22:41:50,451]: [_trace.py]: atrace: 85:       DEBUG:    [start_tls.complete return_value=<httpcore._backends.anyio.AnyIOStream object at 0x7fd5ded1c080>]
[2024-05-01 22:41:50,451]: [_trace.py]: atrace: 85:       DEBUG:    [send_request_headers.started request=<Request [b'POST']>]
[2024-05-01 22:41:50,452]: [_trace.py]: atrace: 85:       DEBUG:    [send_request_headers.complete]
[2024-05-01 22:41:50,452]: [_trace.py]: atrace: 85:       DEBUG:    [send_request_body.started request=<Request [b'POST']>]
[2024-05-01 22:41:50,452]: [_trace.py]: atrace: 85:       DEBUG:    [send_request_body.complete]
[2024-05-01 22:41:50,452]: [_trace.py]: atrace: 85:       DEBUG:    [receive_response_headers.started request=<Request [b'POST']>]
[2024-05-01 22:41:50,602]: [_trace.py]: atrace: 85:       DEBUG:    [receive_response_headers.complete return_value=(b'HTTP/1.1', 200, b'OK', [(b'Server', b'nginx/1.18.0'), (b'Date', b'Wed, 01 May 2024 22:41:50 GMT'), (b'Content-Type', b'application/json'), (b'Content-Length', b'237'), (b'Connection', b'keep-alive'), (b'Strict-Transport-Security', b'max-age=31536000; includeSubDomains; preload'), (b'Access-Control-Allow-Origin', b'*'), (b'Access-Control-Allow-Methods', b'GET, POST, OPTIONS'), (b'Access-Control-Expose-Headers', b'Content-Length,Content-Type,Date,Server,Connection')])]
[2024-05-01 22:41:50,603]: [_client.py]: _send_single_request: 1773:       INFO:    [HTTP Request: POST https://api.telegram.org/bot6030805959:AAGUHAMxLYc-PrevgKouJ3ZyM7ktu56ftjo/getMe "HTTP/1.1 200 OK"]
[2024-05-01 22:41:50,603]: [_trace.py]: atrace: 85:       DEBUG:    [receive_response_body.started request=<Request [b'POST']>]
[2024-05-01 22:41:50,603]: [_trace.py]: atrace: 85:       DEBUG:    [receive_response_body.complete]
[2024-05-01 22:41:50,603]: [_trace.py]: atrace: 85:       DEBUG:    [response_closed.started]
[2024-05-01 22:41:50,603]: [_trace.py]: atrace: 85:       DEBUG:    [response_closed.complete]
[2024-05-01 22:41:50,603]: [_bot.py]: _do_post: 652:       DEBUG:    [Call to Bot API endpoint `getMe` finished with return value `{'id': 6030805959, 'is_bot': True, 'first_name': 'TyPHoone_bot', 'username': 'TyPHoone_Project_bot', 'can_join_groups': True, 'can_read_all_group_messages': False, 'supports_inline_queries': False, 'can_connect_to_business': False}`]
[2024-05-01 22:41:50,603]: [_trace.py]: atrace: 85:       DEBUG:    [close.started]
[2024-05-01 22:41:50,603]: [_trace.py]: atrace: 85:       DEBUG:    [close.complete]
[2024-05-01 22:41:50,604]: [Telegram_Sender.py]: runner: 39:       CRITICAL:    [Files Didnt sent]
[2024-05-01 22:41:50,604]: [Main.py]: <module>: 48:       INFO:    [Finished]
