[2025-02-02 11:39:31,020]: [Main.py]: <module>: 21:       INFO:    [Started]
[2025-02-02 11:39:33,072]: [Iron_Scraper.py]: Scrap: 32:       INFO:    [Data Scaraped Successfully]
[2025-02-02 11:39:33,121]: [Iron_Scraper.py]: Scrap: 70:       INFO:    [Scrapped Data Has No Problem]
[2025-02-02 11:39:33,122]: [Iron_Scraper.py]: Scrap: 83:       INFO:    [Data Saved Successfully]
[2025-02-02 11:39:33,122]: [Iron.py]: Run: 26:       INFO:    [Scraping Phase Completed]
[2025-02-02 11:39:33,122]: [Iron_Data_Processor.py]: Data_Reader: 61:       INFO:    [Data File Has Been Red Successfully]
[2025-02-02 11:39:33,122]: [Iron_Data_Processor.py]: Shaper: 78:       INFO:    [Data Shaped]
[2025-02-02 11:39:33,122]: [Iron_Data_Processor.py]: Process: 228:       INFO:    [Data Cleaned]
[2025-02-02 11:39:33,122]: [Iron_Data_Processor.py]: Make_Pages_Objects: 101:       INFO:    [Page Objects Has Been Made]
[2025-02-02 11:39:33,122]: [Iron_Data_Processor.py]: Make_Pages_Objects: 101:       INFO:    [Page Objects Has Been Made]
[2025-02-02 11:39:33,122]: [Iron_Data_Processor.py]: Load_Data: 118:       INFO:    [Data Has Been Load]
[2025-02-02 11:39:33,122]: [Iron_Data_Processor.py]: Load_Data: 118:       INFO:    [Data Has Been Load]
[2025-02-02 11:39:33,122]: [Iron_Data_Processor.py]: Load_positions: 140:       INFO:    [Positions Are Ready]
[2025-02-02 11:39:33,122]: [Iron_Data_Processor.py]: Load_positions: 140:       INFO:    [Positions Are Ready]
[2025-02-02 11:39:34,189]: [Iron_Data_Processor.py]: Make_Tagged_Images: 193:       INFO:    [Images Has Been Made]
[2025-02-02 11:39:35,084]: [Iron_Data_Processor.py]: Make_Tagged_Images: 193:       INFO:    [Images Has Been Made]
[2025-02-02 11:39:35,337]: [Iron_Data_Processor.py]: Make_Cover_Page: 215:       INFO:    [Made Cover Pages]
[2025-02-02 11:39:35,337]: [Iron.py]: Run: 29:       INFO:    [Imagination Phase Completed]
[2025-02-02 11:39:38,682]: [Phone_Scraper.py]: Scrap: 58:       INFO:    [Data Scraped]
[2025-02-02 11:39:38,682]: [Phone_Scraper.py]: Scrap: 71:       INFO:    [Scraped Data Successfully]
[2025-02-02 11:39:38,682]: [Phone.py]: Run: 26:       INFO:    [Scraping Phase Complete]
[2025-02-02 11:39:38,683]: [Phone_Data_Processor.py]: data_reader: 38:       INFO:    [Scraped Data Loaded]
[2025-02-02 11:39:38,684]: [Phone_Data_Processor.py]: filter_list: 65:       INFO:    [Persian Phrases Are deleted]
[2025-02-02 11:39:38,684]: [Phone_Data_Processor.py]: reshape_list: 87:       INFO:    [Date Reshaped]
[2025-02-02 11:39:38,685]: [Phone_Data_Processor.py]: separate_brands: 124:       INFO:    [Brands Are Separated]
[2025-02-02 11:39:38,685]: [Phone_Data_Processor.py]: delete_extra_spaces: 141:       INFO:    [Extra Spaces Are Deleted]
[2025-02-02 11:39:39,302]: [Phone.py]: Run: 29:       INFO:    [Imagination Phase Complete]
[2025-02-02 11:39:39,302]: [selector_events.py]: __init__: 64:       DEBUG:    [Using selector: EpollSelector]
[2025-02-02 11:39:39,563]: [_bot.py]: _do_post: 643:       DEBUG:    [Calling Bot API endpoint `getMe` with parameters `{}`]
[2025-02-02 11:39:39,568]: [_trace.py]: atrace: 87:       DEBUG:    [connect_tcp.started host='api.telegram.org' port=443 local_address=None timeout=5.0 socket_options=None]
[2025-02-02 11:39:39,777]: [_trace.py]: atrace: 87:       DEBUG:    [connect_tcp.complete return_value=<httpcore._backends.anyio.AnyIOStream object at 0x7f2550f83da0>]
[2025-02-02 11:39:39,778]: [_trace.py]: atrace: 87:       DEBUG:    [start_tls.started ssl_context=<ssl.SSLContext object at 0x7f2551612ad0> server_hostname='api.telegram.org' timeout=5.0]
[2025-02-02 11:39:39,928]: [_trace.py]: atrace: 87:       DEBUG:    [start_tls.complete return_value=<httpcore._backends.anyio.AnyIOStream object at 0x7f255bc81e80>]
[2025-02-02 11:39:39,929]: [_trace.py]: atrace: 87:       DEBUG:    [send_request_headers.started request=<Request [b'POST']>]
[2025-02-02 11:39:39,929]: [_trace.py]: atrace: 87:       DEBUG:    [send_request_headers.complete]
[2025-02-02 11:39:39,929]: [_trace.py]: atrace: 87:       DEBUG:    [send_request_body.started request=<Request [b'POST']>]
[2025-02-02 11:39:39,929]: [_trace.py]: atrace: 87:       DEBUG:    [send_request_body.complete]
[2025-02-02 11:39:39,929]: [_trace.py]: atrace: 87:       DEBUG:    [receive_response_headers.started request=<Request [b'POST']>]
[2025-02-02 11:39:40,078]: [_trace.py]: atrace: 87:       DEBUG:    [receive_response_headers.complete return_value=(b'HTTP/1.1', 200, b'OK', [(b'Server', b'nginx/1.18.0'), (b'Date', b'Sun, 02 Feb 2025 11:39:40 GMT'), (b'Content-Type', b'application/json'), (b'Content-Length', b'258'), (b'Connection', b'keep-alive'), (b'Strict-Transport-Security', b'max-age=31536000; includeSubDomains; preload'), (b'Access-Control-Allow-Origin', b'*'), (b'Access-Control-Allow-Methods', b'GET, POST, OPTIONS'), (b'Access-Control-Expose-Headers', b'Content-Length,Content-Type,Date,Server,Connection')])]
[2025-02-02 11:39:40,078]: [_client.py]: _send_single_request: 1740:       INFO:    [HTTP Request: POST https://api.telegram.org/bot6030805959:AAGUHAMxLYc-PrevgKouJ3ZyM7ktu56ftjo/getMe "HTTP/1.1 200 OK"]
[2025-02-02 11:39:40,078]: [_trace.py]: atrace: 87:       DEBUG:    [receive_response_body.started request=<Request [b'POST']>]
[2025-02-02 11:39:40,078]: [_trace.py]: atrace: 87:       DEBUG:    [receive_response_body.complete]
[2025-02-02 11:39:40,078]: [_trace.py]: atrace: 87:       DEBUG:    [response_closed.started]
[2025-02-02 11:39:40,078]: [_trace.py]: atrace: 87:       DEBUG:    [response_closed.complete]
[2025-02-02 11:39:40,078]: [_bot.py]: _do_post: 652:       DEBUG:    [Call to Bot API endpoint `getMe` finished with return value `{'id': 6030805959, 'is_bot': True, 'first_name': 'TyPHoone', 'username': 'TyPHoone_Project_bot', 'can_join_groups': True, 'can_read_all_group_messages': False, 'supports_inline_queries': False, 'can_connect_to_business': False, 'has_main_web_app': False}`]
[2025-02-02 11:39:40,082]: [_bot.py]: _do_post: 643:       DEBUG:    [Calling Bot API endpoint `sendDocument` with parameters `{'chat_id': '-4119703192', 'document': <telegram._files.inputfile.InputFile object at 0x7f25514a7440>}`]
[2025-02-02 11:39:40,082]: [_trace.py]: atrace: 87:       DEBUG:    [send_request_headers.started request=<Request [b'POST']>]
[2025-02-02 11:39:40,082]: [_trace.py]: atrace: 87:       DEBUG:    [send_request_headers.complete]
[2025-02-02 11:39:40,082]: [_trace.py]: atrace: 87:       DEBUG:    [send_request_body.started request=<Request [b'POST']>]
[2025-02-02 11:39:40,083]: [_trace.py]: atrace: 87:       DEBUG:    [send_request_body.complete]
[2025-02-02 11:39:40,083]: [_trace.py]: atrace: 87:       DEBUG:    [receive_response_headers.started request=<Request [b'POST']>]
[2025-02-02 11:39:40,460]: [_trace.py]: atrace: 87:       DEBUG:    [receive_response_headers.complete return_value=(b'HTTP/1.1', 200, b'OK', [(b'Server', b'nginx/1.18.0'), (b'Date', b'Sun, 02 Feb 2025 11:39:40 GMT'), (b'Content-Type', b'application/json'), (b'Content-Length', b'465'), (b'Connection', b'keep-alive'), (b'Strict-Transport-Security', b'max-age=31536000; includeSubDomains; preload'), (b'Access-Control-Allow-Origin', b'*'), (b'Access-Control-Allow-Methods', b'GET, POST, OPTIONS'), (b'Access-Control-Expose-Headers', b'Content-Length,Content-Type,Date,Server,Connection')])]
[2025-02-02 11:39:40,460]: [_client.py]: _send_single_request: 1740:       INFO:    [HTTP Request: POST https://api.telegram.org/bot6030805959:AAGUHAMxLYc-PrevgKouJ3ZyM7ktu56ftjo/sendDocument "HTTP/1.1 200 OK"]
[2025-02-02 11:39:40,460]: [_trace.py]: atrace: 87:       DEBUG:    [receive_response_body.started request=<Request [b'POST']>]
[2025-02-02 11:39:40,460]: [_trace.py]: atrace: 87:       DEBUG:    [receive_response_body.complete]
[2025-02-02 11:39:40,460]: [_trace.py]: atrace: 87:       DEBUG:    [response_closed.started]
[2025-02-02 11:39:40,460]: [_trace.py]: atrace: 87:       DEBUG:    [response_closed.complete]
[2025-02-02 11:39:40,460]: [_bot.py]: _do_post: 652:       DEBUG:    [Call to Bot API endpoint `sendDocument` finished with return value `{'message_id': 2149, 'from': {'id': 6030805959, 'is_bot': True, 'first_name': 'TyPHoone', 'username': 'TyPHoone_Project_bot'}, 'chat': {'id': -4119703192, 'title': 'Robocop', 'type': 'group', 'all_members_are_administrators': True}, 'date': 1738496380, 'document': {'file_name': '(2025_02_02--11_39).log', 'mime_type': 'text/plain', 'file_id': 'BQACAgQAAxkDAAIIZWefWXy9LwABTuyBhs5N9CGYQcjlhwACTxcAApfB-VDSy89iVyEtVjYE', 'file_unique_id': 'AgADTxcAApfB-VA', 'file_size': 5937}}`]
[2025-02-02 11:39:40,461]: [_trace.py]: atrace: 87:       DEBUG:    [close.started]
[2025-02-02 11:39:40,461]: [_trace.py]: atrace: 87:       DEBUG:    [close.complete]
[2025-02-02 11:39:40,506]: [_bot.py]: _do_post: 643:       DEBUG:    [Calling Bot API endpoint `getMe` with parameters `{}`]
[2025-02-02 11:39:40,506]: [_trace.py]: atrace: 87:       DEBUG:    [connect_tcp.started host='api.telegram.org' port=443 local_address=None timeout=5.0 socket_options=None]
[2025-02-02 11:39:40,655]: [_trace.py]: atrace: 87:       DEBUG:    [connect_tcp.complete return_value=<httpcore._backends.anyio.AnyIOStream object at 0x7f2550ff39e0>]
[2025-02-02 11:39:40,656]: [_trace.py]: atrace: 87:       DEBUG:    [start_tls.started ssl_context=<ssl.SSLContext object at 0x7f25516128d0> server_hostname='api.telegram.org' timeout=5.0]
[2025-02-02 11:39:40,805]: [_trace.py]: atrace: 87:       DEBUG:    [start_tls.complete return_value=<httpcore._backends.anyio.AnyIOStream object at 0x7f25517102c0>]
[2025-02-02 11:39:40,806]: [_trace.py]: atrace: 87:       DEBUG:    [send_request_headers.started request=<Request [b'POST']>]
[2025-02-02 11:39:40,806]: [_trace.py]: atrace: 87:       DEBUG:    [send_request_headers.complete]
[2025-02-02 11:39:40,806]: [_trace.py]: atrace: 87:       DEBUG:    [send_request_body.started request=<Request [b'POST']>]
[2025-02-02 11:39:40,806]: [_trace.py]: atrace: 87:       DEBUG:    [send_request_body.complete]
[2025-02-02 11:39:40,806]: [_trace.py]: atrace: 87:       DEBUG:    [receive_response_headers.started request=<Request [b'POST']>]
[2025-02-02 11:39:40,954]: [_trace.py]: atrace: 87:       DEBUG:    [receive_response_headers.complete return_value=(b'HTTP/1.1', 200, b'OK', [(b'Server', b'nginx/1.18.0'), (b'Date', b'Sun, 02 Feb 2025 11:39:40 GMT'), (b'Content-Type', b'application/json'), (b'Content-Length', b'258'), (b'Connection', b'keep-alive'), (b'Strict-Transport-Security', b'max-age=31536000; includeSubDomains; preload'), (b'Access-Control-Allow-Origin', b'*'), (b'Access-Control-Allow-Methods', b'GET, POST, OPTIONS'), (b'Access-Control-Expose-Headers', b'Content-Length,Content-Type,Date,Server,Connection')])]
[2025-02-02 11:39:40,954]: [_client.py]: _send_single_request: 1740:       INFO:    [HTTP Request: POST https://api.telegram.org/bot6030805959:AAGUHAMxLYc-PrevgKouJ3ZyM7ktu56ftjo/getMe "HTTP/1.1 200 OK"]
[2025-02-02 11:39:40,954]: [_trace.py]: atrace: 87:       DEBUG:    [receive_response_body.started request=<Request [b'POST']>]
[2025-02-02 11:39:40,954]: [_trace.py]: atrace: 87:       DEBUG:    [receive_response_body.complete]
[2025-02-02 11:39:40,954]: [_trace.py]: atrace: 87:       DEBUG:    [response_closed.started]
[2025-02-02 11:39:40,954]: [_trace.py]: atrace: 87:       DEBUG:    [response_closed.complete]
[2025-02-02 11:39:40,954]: [_bot.py]: _do_post: 652:       DEBUG:    [Call to Bot API endpoint `getMe` finished with return value `{'id': 6030805959, 'is_bot': True, 'first_name': 'TyPHoone', 'username': 'TyPHoone_Project_bot', 'can_join_groups': True, 'can_read_all_group_messages': False, 'supports_inline_queries': False, 'can_connect_to_business': False, 'has_main_web_app': False}`]
[2025-02-02 11:39:40,957]: [_bot.py]: _do_post: 643:       DEBUG:    [Calling Bot API endpoint `sendDocument` with parameters `{'chat_id': '-4119703192', 'document': <telegram._files.inputfile.InputFile object at 0x7f2551654780>}`]
[2025-02-02 11:39:40,957]: [_trace.py]: atrace: 87:       DEBUG:    [send_request_headers.started request=<Request [b'POST']>]
[2025-02-02 11:39:40,958]: [_trace.py]: atrace: 87:       DEBUG:    [send_request_headers.complete]
[2025-02-02 11:39:40,958]: [_trace.py]: atrace: 87:       DEBUG:    [send_request_body.started request=<Request [b'POST']>]
[2025-02-02 11:39:42,435]: [_trace.py]: atrace: 87:       DEBUG:    [send_request_body.complete]
[2025-02-02 11:39:42,435]: [_trace.py]: atrace: 87:       DEBUG:    [receive_response_headers.started request=<Request [b'POST']>]
[2025-02-02 11:39:43,139]: [_trace.py]: atrace: 87:       DEBUG:    [receive_response_headers.complete return_value=(b'HTTP/1.1', 200, b'OK', [(b'Server', b'nginx/1.18.0'), (b'Date', b'Sun, 02 Feb 2025 11:39:43 GMT'), (b'Content-Type', b'application/json'), (b'Content-Length', b'478'), (b'Connection', b'keep-alive'), (b'Strict-Transport-Security', b'max-age=31536000; includeSubDomains; preload'), (b'Access-Control-Allow-Origin', b'*'), (b'Access-Control-Allow-Methods', b'GET, POST, OPTIONS'), (b'Access-Control-Expose-Headers', b'Content-Length,Content-Type,Date,Server,Connection')])]
[2025-02-02 11:39:43,139]: [_client.py]: _send_single_request: 1740:       INFO:    [HTTP Request: POST https://api.telegram.org/bot6030805959:AAGUHAMxLYc-PrevgKouJ3ZyM7ktu56ftjo/sendDocument "HTTP/1.1 200 OK"]
[2025-02-02 11:39:43,139]: [_trace.py]: atrace: 87:       DEBUG:    [receive_response_body.started request=<Request [b'POST']>]
[2025-02-02 11:39:43,139]: [_trace.py]: atrace: 87:       DEBUG:    [receive_response_body.complete]
[2025-02-02 11:39:43,139]: [_trace.py]: atrace: 87:       DEBUG:    [response_closed.started]
[2025-02-02 11:39:43,139]: [_trace.py]: atrace: 87:       DEBUG:    [response_closed.complete]
[2025-02-02 11:39:43,140]: [_bot.py]: _do_post: 652:       DEBUG:    [Call to Bot API endpoint `sendDocument` finished with return value `{'message_id': 2150, 'from': {'id': 6030805959, 'is_bot': True, 'first_name': 'TyPHoone', 'username': 'TyPHoone_Project_bot'}, 'chat': {'id': -4119703192, 'title': 'Robocop', 'type': 'group', 'all_members_are_administrators': True}, 'date': 1738496383, 'document': {'file_name': '(2025_02_02--11_39)output.zip', 'mime_type': 'application/zip', 'file_id': 'BQACAgQAAxkDAAIIZmefWX7pXys7zlRdatwbw47VUhdTAAJQFwACl8H5UJ9wg_XPwkWENgQ', 'file_unique_id': 'AgADUBcAApfB-VA', 'file_size': 9517960}}`]
[2025-02-02 11:39:43,140]: [_trace.py]: atrace: 87:       DEBUG:    [close.started]
[2025-02-02 11:39:43,140]: [_trace.py]: atrace: 87:       DEBUG:    [close.complete]
[2025-02-02 11:39:43,140]: [Telegram_Sender.py]: runner: 61:       INFO:    [sent successfully]
[2025-02-02 11:39:43,141]: [Main.py]: <module>: 48:       INFO:    [Finished]
