[2024-08-31 11:39:07,955]: [Main.py]: <module>: 21:       INFO:    [Started]
[2024-08-31 11:39:09,730]: [Iron_Scraper.py]: Scrap: 32:       INFO:    [Data Scaraped Successfully]
[2024-08-31 11:39:09,915]: [Iron_Scraper.py]: Scrap: 70:       INFO:    [Scrapped Data Has No Problem]
[2024-08-31 11:39:09,915]: [Iron_Scraper.py]: Scrap: 83:       INFO:    [Data Saved Successfully]
[2024-08-31 11:39:09,915]: [Iron.py]: Run: 26:       INFO:    [Scraping Phase Completed]
[2024-08-31 11:39:09,915]: [Iron_Data_Processor.py]: Data_Reader: 61:       INFO:    [Data File Has Been Red Successfully]
[2024-08-31 11:39:09,915]: [Iron_Data_Processor.py]: Shaper: 78:       INFO:    [Data Shaped]
[2024-08-31 11:39:09,916]: [Iron_Data_Processor.py]: Process: 228:       INFO:    [Data Cleaned]
[2024-08-31 11:39:09,916]: [Iron_Data_Processor.py]: Make_Pages_Objects: 101:       INFO:    [Page Objects Has Been Made]
[2024-08-31 11:39:09,916]: [Iron_Data_Processor.py]: Make_Pages_Objects: 101:       INFO:    [Page Objects Has Been Made]
[2024-08-31 11:39:09,916]: [Iron_Data_Processor.py]: Load_Data: 118:       INFO:    [Data Has Been Load]
[2024-08-31 11:39:09,916]: [Iron_Data_Processor.py]: Load_Data: 118:       INFO:    [Data Has Been Load]
[2024-08-31 11:39:09,916]: [Iron_Data_Processor.py]: Load_positions: 140:       INFO:    [Positions Are Ready]
[2024-08-31 11:39:09,916]: [Iron_Data_Processor.py]: Load_positions: 140:       INFO:    [Positions Are Ready]
[2024-08-31 11:39:11,036]: [Iron_Data_Processor.py]: Make_Tagged_Images: 193:       INFO:    [Images Has Been Made]
[2024-08-31 11:39:11,989]: [Iron_Data_Processor.py]: Make_Tagged_Images: 193:       INFO:    [Images Has Been Made]
[2024-08-31 11:39:12,242]: [Iron_Data_Processor.py]: Make_Cover_Page: 215:       INFO:    [Made Cover Pages]
[2024-08-31 11:39:12,242]: [Iron.py]: Run: 29:       INFO:    [Imagination Phase Completed]
[2024-08-31 11:39:16,427]: [Phone_Scraper.py]: Scrap: 58:       INFO:    [Data Scraped]
[2024-08-31 11:39:16,427]: [Phone_Scraper.py]: Scrap: 71:       INFO:    [Scraped Data Successfully]
[2024-08-31 11:39:16,427]: [Phone.py]: Run: 26:       INFO:    [Scraping Phase Complete]
[2024-08-31 11:39:16,428]: [Phone_Data_Processor.py]: data_reader: 38:       INFO:    [Scraped Data Loaded]
[2024-08-31 11:39:16,429]: [Phone_Data_Processor.py]: filter_list: 65:       INFO:    [Persian Phrases Are deleted]
[2024-08-31 11:39:16,430]: [Phone_Data_Processor.py]: reshape_list: 87:       INFO:    [Date Reshaped]
[2024-08-31 11:39:16,430]: [Phone_Data_Processor.py]: separate_brands: 124:       INFO:    [Brands Are Separated]
[2024-08-31 11:39:16,430]: [Phone_Data_Processor.py]: delete_extra_spaces: 141:       INFO:    [Extra Spaces Are Deleted]
[2024-08-31 11:39:17,202]: [Phone.py]: Run: 29:       INFO:    [Imagination Phase Complete]
[2024-08-31 11:39:17,203]: [selector_events.py]: __init__: 64:       DEBUG:    [Using selector: EpollSelector]
[2024-08-31 11:39:17,541]: [_bot.py]: _do_post: 643:       DEBUG:    [Calling Bot API endpoint `getMe` with parameters `{}`]
[2024-08-31 11:39:17,545]: [_trace.py]: atrace: 85:       DEBUG:    [connect_tcp.started host='api.telegram.org' port=443 local_address=None timeout=5.0 socket_options=None]
[2024-08-31 11:39:17,747]: [_trace.py]: atrace: 85:       DEBUG:    [connect_tcp.complete return_value=<httpcore._backends.anyio.AnyIOStream object at 0x7fa0faca92e0>]
[2024-08-31 11:39:17,747]: [_trace.py]: atrace: 85:       DEBUG:    [start_tls.started ssl_context=<ssl.SSLContext object at 0x7fa0fb647c50> server_hostname='api.telegram.org' timeout=5.0]
[2024-08-31 11:39:17,892]: [_trace.py]: atrace: 85:       DEBUG:    [start_tls.complete return_value=<httpcore._backends.anyio.AnyIOStream object at 0x7fa0fb1b5040>]
[2024-08-31 11:39:17,892]: [_trace.py]: atrace: 85:       DEBUG:    [send_request_headers.started request=<Request [b'POST']>]
[2024-08-31 11:39:17,893]: [_trace.py]: atrace: 85:       DEBUG:    [send_request_headers.complete]
[2024-08-31 11:39:17,893]: [_trace.py]: atrace: 85:       DEBUG:    [send_request_body.started request=<Request [b'POST']>]
[2024-08-31 11:39:17,893]: [_trace.py]: atrace: 85:       DEBUG:    [send_request_body.complete]
[2024-08-31 11:39:17,893]: [_trace.py]: atrace: 85:       DEBUG:    [receive_response_headers.started request=<Request [b'POST']>]
[2024-08-31 11:39:18,035]: [_trace.py]: atrace: 85:       DEBUG:    [receive_response_headers.complete return_value=(b'HTTP/1.1', 200, b'OK', [(b'Server', b'nginx/1.18.0'), (b'Date', b'Sat, 31 Aug 2024 11:39:17 GMT'), (b'Content-Type', b'application/json'), (b'Content-Length', b'258'), (b'Connection', b'keep-alive'), (b'Strict-Transport-Security', b'max-age=31536000; includeSubDomains; preload'), (b'Access-Control-Allow-Origin', b'*'), (b'Access-Control-Allow-Methods', b'GET, POST, OPTIONS'), (b'Access-Control-Expose-Headers', b'Content-Length,Content-Type,Date,Server,Connection')])]
[2024-08-31 11:39:18,035]: [_client.py]: _send_single_request: 1786:       INFO:    [HTTP Request: POST https://api.telegram.org/bot6030805959:AAGUHAMxLYc-PrevgKouJ3ZyM7ktu56ftjo/getMe "HTTP/1.1 200 OK"]
[2024-08-31 11:39:18,035]: [_trace.py]: atrace: 85:       DEBUG:    [receive_response_body.started request=<Request [b'POST']>]
[2024-08-31 11:39:18,035]: [_trace.py]: atrace: 85:       DEBUG:    [receive_response_body.complete]
[2024-08-31 11:39:18,036]: [_trace.py]: atrace: 85:       DEBUG:    [response_closed.started]
[2024-08-31 11:39:18,036]: [_trace.py]: atrace: 85:       DEBUG:    [response_closed.complete]
[2024-08-31 11:39:18,036]: [_bot.py]: _do_post: 652:       DEBUG:    [Call to Bot API endpoint `getMe` finished with return value `{'id': 6030805959, 'is_bot': True, 'first_name': 'TyPHoone', 'username': 'TyPHoone_Project_bot', 'can_join_groups': True, 'can_read_all_group_messages': False, 'supports_inline_queries': False, 'can_connect_to_business': False, 'has_main_web_app': False}`]
[2024-08-31 11:39:18,039]: [_bot.py]: _do_post: 643:       DEBUG:    [Calling Bot API endpoint `sendDocument` with parameters `{'chat_id': '-4119703192', 'document': <telegram._files.inputfile.InputFile object at 0x7fa0facc4200>}`]
[2024-08-31 11:39:18,040]: [_trace.py]: atrace: 85:       DEBUG:    [send_request_headers.started request=<Request [b'POST']>]
[2024-08-31 11:39:18,040]: [_trace.py]: atrace: 85:       DEBUG:    [send_request_headers.complete]
[2024-08-31 11:39:18,040]: [_trace.py]: atrace: 85:       DEBUG:    [send_request_body.started request=<Request [b'POST']>]
[2024-08-31 11:39:18,040]: [_trace.py]: atrace: 85:       DEBUG:    [send_request_body.complete]
[2024-08-31 11:39:18,041]: [_trace.py]: atrace: 85:       DEBUG:    [receive_response_headers.started request=<Request [b'POST']>]
[2024-08-31 11:39:18,371]: [_trace.py]: atrace: 85:       DEBUG:    [receive_response_headers.complete return_value=(b'HTTP/1.1', 200, b'OK', [(b'Server', b'nginx/1.18.0'), (b'Date', b'Sat, 31 Aug 2024 11:39:18 GMT'), (b'Content-Type', b'application/json'), (b'Content-Length', b'465'), (b'Connection', b'keep-alive'), (b'Strict-Transport-Security', b'max-age=31536000; includeSubDomains; preload'), (b'Access-Control-Allow-Origin', b'*'), (b'Access-Control-Allow-Methods', b'GET, POST, OPTIONS'), (b'Access-Control-Expose-Headers', b'Content-Length,Content-Type,Date,Server,Connection')])]
[2024-08-31 11:39:18,372]: [_client.py]: _send_single_request: 1786:       INFO:    [HTTP Request: POST https://api.telegram.org/bot6030805959:AAGUHAMxLYc-PrevgKouJ3ZyM7ktu56ftjo/sendDocument "HTTP/1.1 200 OK"]
[2024-08-31 11:39:18,372]: [_trace.py]: atrace: 85:       DEBUG:    [receive_response_body.started request=<Request [b'POST']>]
[2024-08-31 11:39:18,372]: [_trace.py]: atrace: 85:       DEBUG:    [receive_response_body.complete]
[2024-08-31 11:39:18,372]: [_trace.py]: atrace: 85:       DEBUG:    [response_closed.started]
[2024-08-31 11:39:18,372]: [_trace.py]: atrace: 85:       DEBUG:    [response_closed.complete]
[2024-08-31 11:39:18,372]: [_bot.py]: _do_post: 652:       DEBUG:    [Call to Bot API endpoint `sendDocument` finished with return value `{'message_id': 1837, 'from': {'id': 6030805959, 'is_bot': True, 'first_name': 'TyPHoone', 'username': 'TyPHoone_Project_bot'}, 'chat': {'id': -4119703192, 'title': 'Robocop', 'type': 'group', 'all_members_are_administrators': True}, 'date': 1725104358, 'document': {'file_name': '(2024_08_31--11_39).log', 'mime_type': 'text/plain', 'file_id': 'BQACAgQAAxkDAAIHLWbTAAHmVTJD814EETgRrAHHpVrUfgACtxMAAskwmVJFWGS8A9mM-zUE', 'file_unique_id': 'AgADtxMAAskwmVI', 'file_size': 5937}}`]
[2024-08-31 11:39:18,373]: [_trace.py]: atrace: 85:       DEBUG:    [close.started]
[2024-08-31 11:39:18,373]: [_trace.py]: atrace: 85:       DEBUG:    [close.complete]
[2024-08-31 11:39:18,373]: [_config.py]: load_ssl_context: 82:       DEBUG:    [load_ssl_context verify=True cert=None trust_env=True http2=False]
[2024-08-31 11:39:18,374]: [_config.py]: load_ssl_context_verify: 148:       DEBUG:    [load_verify_locations cafile='/opt/hostedtoolcache/Python/3.12.5/x64/lib/python3.12/site-packages/certifi/cacert.pem']
[2024-08-31 11:39:18,401]: [_config.py]: load_ssl_context: 82:       DEBUG:    [load_ssl_context verify=True cert=None trust_env=True http2=False]
[2024-08-31 11:39:18,401]: [_config.py]: load_ssl_context_verify: 148:       DEBUG:    [load_verify_locations cafile='/opt/hostedtoolcache/Python/3.12.5/x64/lib/python3.12/site-packages/certifi/cacert.pem']
[2024-08-31 11:39:18,427]: [_bot.py]: _do_post: 643:       DEBUG:    [Calling Bot API endpoint `getMe` with parameters `{}`]
[2024-08-31 11:39:18,427]: [_trace.py]: atrace: 85:       DEBUG:    [connect_tcp.started host='api.telegram.org' port=443 local_address=None timeout=5.0 socket_options=None]
[2024-08-31 11:39:18,571]: [_trace.py]: atrace: 85:       DEBUG:    [connect_tcp.complete return_value=<httpcore._backends.anyio.AnyIOStream object at 0x7fa10836d310>]
[2024-08-31 11:39:18,572]: [_trace.py]: atrace: 85:       DEBUG:    [start_tls.started ssl_context=<ssl.SSLContext object at 0x7fa0fb647a50> server_hostname='api.telegram.org' timeout=5.0]
[2024-08-31 11:39:18,715]: [_trace.py]: atrace: 85:       DEBUG:    [start_tls.complete return_value=<httpcore._backends.anyio.AnyIOStream object at 0x7fa0fc07a930>]
[2024-08-31 11:39:18,715]: [_trace.py]: atrace: 85:       DEBUG:    [send_request_headers.started request=<Request [b'POST']>]
[2024-08-31 11:39:18,716]: [_trace.py]: atrace: 85:       DEBUG:    [send_request_headers.complete]
[2024-08-31 11:39:18,716]: [_trace.py]: atrace: 85:       DEBUG:    [send_request_body.started request=<Request [b'POST']>]
[2024-08-31 11:39:18,716]: [_trace.py]: atrace: 85:       DEBUG:    [send_request_body.complete]
[2024-08-31 11:39:18,716]: [_trace.py]: atrace: 85:       DEBUG:    [receive_response_headers.started request=<Request [b'POST']>]
[2024-08-31 11:39:18,858]: [_trace.py]: atrace: 85:       DEBUG:    [receive_response_headers.complete return_value=(b'HTTP/1.1', 200, b'OK', [(b'Server', b'nginx/1.18.0'), (b'Date', b'Sat, 31 Aug 2024 11:39:18 GMT'), (b'Content-Type', b'application/json'), (b'Content-Length', b'258'), (b'Connection', b'keep-alive'), (b'Strict-Transport-Security', b'max-age=31536000; includeSubDomains; preload'), (b'Access-Control-Allow-Origin', b'*'), (b'Access-Control-Allow-Methods', b'GET, POST, OPTIONS'), (b'Access-Control-Expose-Headers', b'Content-Length,Content-Type,Date,Server,Connection')])]
[2024-08-31 11:39:18,858]: [_client.py]: _send_single_request: 1786:       INFO:    [HTTP Request: POST https://api.telegram.org/bot6030805959:AAGUHAMxLYc-PrevgKouJ3ZyM7ktu56ftjo/getMe "HTTP/1.1 200 OK"]
[2024-08-31 11:39:18,858]: [_trace.py]: atrace: 85:       DEBUG:    [receive_response_body.started request=<Request [b'POST']>]
[2024-08-31 11:39:18,858]: [_trace.py]: atrace: 85:       DEBUG:    [receive_response_body.complete]
[2024-08-31 11:39:18,858]: [_trace.py]: atrace: 85:       DEBUG:    [response_closed.started]
[2024-08-31 11:39:18,858]: [_trace.py]: atrace: 85:       DEBUG:    [response_closed.complete]
[2024-08-31 11:39:18,859]: [_bot.py]: _do_post: 652:       DEBUG:    [Call to Bot API endpoint `getMe` finished with return value `{'id': 6030805959, 'is_bot': True, 'first_name': 'TyPHoone', 'username': 'TyPHoone_Project_bot', 'can_join_groups': True, 'can_read_all_group_messages': False, 'supports_inline_queries': False, 'can_connect_to_business': False, 'has_main_web_app': False}`]
[2024-08-31 11:39:18,861]: [_bot.py]: _do_post: 643:       DEBUG:    [Calling Bot API endpoint `sendDocument` with parameters `{'chat_id': '-4119703192', 'document': <telegram._files.inputfile.InputFile object at 0x7fa0facafd00>}`]
[2024-08-31 11:39:18,861]: [_trace.py]: atrace: 85:       DEBUG:    [send_request_headers.started request=<Request [b'POST']>]
[2024-08-31 11:39:18,862]: [_trace.py]: atrace: 85:       DEBUG:    [send_request_headers.complete]
[2024-08-31 11:39:18,862]: [_trace.py]: atrace: 85:       DEBUG:    [send_request_body.started request=<Request [b'POST']>]
[2024-08-31 11:39:20,276]: [_trace.py]: atrace: 85:       DEBUG:    [send_request_body.complete]
[2024-08-31 11:39:20,276]: [_trace.py]: atrace: 85:       DEBUG:    [receive_response_headers.started request=<Request [b'POST']>]
[2024-08-31 11:39:21,869]: [_trace.py]: atrace: 85:       DEBUG:    [receive_response_headers.complete return_value=(b'HTTP/1.1', 200, b'OK', [(b'Server', b'nginx/1.18.0'), (b'Date', b'Sat, 31 Aug 2024 11:39:21 GMT'), (b'Content-Type', b'application/json'), (b'Content-Length', b'480'), (b'Connection', b'keep-alive'), (b'Strict-Transport-Security', b'max-age=31536000; includeSubDomains; preload'), (b'Access-Control-Allow-Origin', b'*'), (b'Access-Control-Allow-Methods', b'GET, POST, OPTIONS'), (b'Access-Control-Expose-Headers', b'Content-Length,Content-Type,Date,Server,Connection')])]
[2024-08-31 11:39:21,870]: [_client.py]: _send_single_request: 1786:       INFO:    [HTTP Request: POST https://api.telegram.org/bot6030805959:AAGUHAMxLYc-PrevgKouJ3ZyM7ktu56ftjo/sendDocument "HTTP/1.1 200 OK"]
[2024-08-31 11:39:21,870]: [_trace.py]: atrace: 85:       DEBUG:    [receive_response_body.started request=<Request [b'POST']>]
[2024-08-31 11:39:21,870]: [_trace.py]: atrace: 85:       DEBUG:    [receive_response_body.complete]
[2024-08-31 11:39:21,870]: [_trace.py]: atrace: 85:       DEBUG:    [response_closed.started]
[2024-08-31 11:39:21,870]: [_trace.py]: atrace: 85:       DEBUG:    [response_closed.complete]
[2024-08-31 11:39:21,870]: [_bot.py]: _do_post: 652:       DEBUG:    [Call to Bot API endpoint `sendDocument` finished with return value `{'message_id': 1838, 'from': {'id': 6030805959, 'is_bot': True, 'first_name': 'TyPHoone', 'username': 'TyPHoone_Project_bot'}, 'chat': {'id': -4119703192, 'title': 'Robocop', 'type': 'group', 'all_members_are_administrators': True}, 'date': 1725104361, 'document': {'file_name': '(2024_08_31--11_39)output.zip', 'mime_type': 'application/zip', 'file_id': 'BQACAgQAAxkDAAIHLmbTAAHpEj7WBXJMR1w9KLGU31KLHgACuBMAAskwmVJeRnFJ4BZlezUE', 'file_unique_id': 'AgADuBMAAskwmVI', 'file_size': 10213809}}`]
[2024-08-31 11:39:21,871]: [_trace.py]: atrace: 85:       DEBUG:    [close.started]
[2024-08-31 11:39:21,871]: [_trace.py]: atrace: 85:       DEBUG:    [close.complete]
[2024-08-31 11:39:21,871]: [Telegram_Sender.py]: runner: 61:       INFO:    [sent successfully]
[2024-08-31 11:39:21,872]: [Main.py]: <module>: 48:       INFO:    [Finished]
