[2025-02-10 11:39:07,372]: [Main.py]: <module>: 21:       INFO:    [Started]
[2025-02-10 11:39:08,752]: [Iron_Scraper.py]: Scrap: 32:       INFO:    [Data Scaraped Successfully]
[2025-02-10 11:39:08,809]: [Iron_Scraper.py]: Scrap: 70:       INFO:    [Scrapped Data Has No Problem]
[2025-02-10 11:39:08,809]: [Iron_Scraper.py]: Scrap: 83:       INFO:    [Data Saved Successfully]
[2025-02-10 11:39:08,809]: [Iron.py]: Run: 26:       INFO:    [Scraping Phase Completed]
[2025-02-10 11:39:08,809]: [Iron_Data_Processor.py]: Data_Reader: 61:       INFO:    [Data File Has Been Red Successfully]
[2025-02-10 11:39:08,809]: [Iron_Data_Processor.py]: Shaper: 78:       INFO:    [Data Shaped]
[2025-02-10 11:39:08,809]: [Iron_Data_Processor.py]: Process: 228:       INFO:    [Data Cleaned]
[2025-02-10 11:39:08,809]: [Iron_Data_Processor.py]: Make_Pages_Objects: 101:       INFO:    [Page Objects Has Been Made]
[2025-02-10 11:39:08,809]: [Iron_Data_Processor.py]: Make_Pages_Objects: 101:       INFO:    [Page Objects Has Been Made]
[2025-02-10 11:39:08,809]: [Iron_Data_Processor.py]: Load_Data: 118:       INFO:    [Data Has Been Load]
[2025-02-10 11:39:08,809]: [Iron_Data_Processor.py]: Load_Data: 118:       INFO:    [Data Has Been Load]
[2025-02-10 11:39:08,810]: [Iron_Data_Processor.py]: Load_positions: 140:       INFO:    [Positions Are Ready]
[2025-02-10 11:39:08,810]: [Iron_Data_Processor.py]: Load_positions: 140:       INFO:    [Positions Are Ready]
[2025-02-10 11:39:09,871]: [Iron_Data_Processor.py]: Make_Tagged_Images: 193:       INFO:    [Images Has Been Made]
[2025-02-10 11:39:10,765]: [Iron_Data_Processor.py]: Make_Tagged_Images: 193:       INFO:    [Images Has Been Made]
[2025-02-10 11:39:11,020]: [Iron_Data_Processor.py]: Make_Cover_Page: 215:       INFO:    [Made Cover Pages]
[2025-02-10 11:39:11,020]: [Iron.py]: Run: 29:       INFO:    [Imagination Phase Completed]
[2025-02-10 11:39:14,458]: [Phone_Scraper.py]: Scrap: 58:       INFO:    [Data Scraped]
[2025-02-10 11:39:14,458]: [Phone_Scraper.py]: Scrap: 71:       INFO:    [Scraped Data Successfully]
[2025-02-10 11:39:14,458]: [Phone.py]: Run: 26:       INFO:    [Scraping Phase Complete]
[2025-02-10 11:39:14,459]: [Phone_Data_Processor.py]: data_reader: 38:       INFO:    [Scraped Data Loaded]
[2025-02-10 11:39:14,460]: [Phone_Data_Processor.py]: filter_list: 65:       INFO:    [Persian Phrases Are deleted]
[2025-02-10 11:39:14,460]: [Phone_Data_Processor.py]: reshape_list: 87:       INFO:    [Date Reshaped]
[2025-02-10 11:39:14,460]: [Phone_Data_Processor.py]: separate_brands: 124:       INFO:    [Brands Are Separated]
[2025-02-10 11:39:14,461]: [Phone_Data_Processor.py]: delete_extra_spaces: 141:       INFO:    [Extra Spaces Are Deleted]
[2025-02-10 11:39:15,070]: [Phone.py]: Run: 29:       INFO:    [Imagination Phase Complete]
[2025-02-10 11:39:15,070]: [selector_events.py]: __init__: 64:       DEBUG:    [Using selector: EpollSelector]
[2025-02-10 11:39:15,330]: [_bot.py]: _do_post: 643:       DEBUG:    [Calling Bot API endpoint `getMe` with parameters `{}`]
[2025-02-10 11:39:15,335]: [_trace.py]: atrace: 87:       DEBUG:    [connect_tcp.started host='api.telegram.org' port=443 local_address=None timeout=5.0 socket_options=None]
[2025-02-10 11:39:15,464]: [_trace.py]: atrace: 87:       DEBUG:    [connect_tcp.complete return_value=<httpcore._backends.anyio.AnyIOStream object at 0x7fd87934c200>]
[2025-02-10 11:39:15,464]: [_trace.py]: atrace: 87:       DEBUG:    [start_tls.started ssl_context=<ssl.SSLContext object at 0x7fd87963b450> server_hostname='api.telegram.org' timeout=5.0]
[2025-02-10 11:39:15,551]: [_trace.py]: atrace: 87:       DEBUG:    [start_tls.complete return_value=<httpcore._backends.anyio.AnyIOStream object at 0x7fd878f98980>]
[2025-02-10 11:39:15,551]: [_trace.py]: atrace: 87:       DEBUG:    [send_request_headers.started request=<Request [b'POST']>]
[2025-02-10 11:39:15,551]: [_trace.py]: atrace: 87:       DEBUG:    [send_request_headers.complete]
[2025-02-10 11:39:15,551]: [_trace.py]: atrace: 87:       DEBUG:    [send_request_body.started request=<Request [b'POST']>]
[2025-02-10 11:39:15,551]: [_trace.py]: atrace: 87:       DEBUG:    [send_request_body.complete]
[2025-02-10 11:39:15,551]: [_trace.py]: atrace: 87:       DEBUG:    [receive_response_headers.started request=<Request [b'POST']>]
[2025-02-10 11:39:15,637]: [_trace.py]: atrace: 87:       DEBUG:    [receive_response_headers.complete return_value=(b'HTTP/1.1', 200, b'OK', [(b'Server', b'nginx/1.18.0'), (b'Date', b'Mon, 10 Feb 2025 11:39:15 GMT'), (b'Content-Type', b'application/json'), (b'Content-Length', b'258'), (b'Connection', b'keep-alive'), (b'Strict-Transport-Security', b'max-age=31536000; includeSubDomains; preload'), (b'Access-Control-Allow-Origin', b'*'), (b'Access-Control-Allow-Methods', b'GET, POST, OPTIONS'), (b'Access-Control-Expose-Headers', b'Content-Length,Content-Type,Date,Server,Connection')])]
[2025-02-10 11:39:15,637]: [_client.py]: _send_single_request: 1740:       INFO:    [HTTP Request: POST https://api.telegram.org/bot6030805959:AAGUHAMxLYc-PrevgKouJ3ZyM7ktu56ftjo/getMe "HTTP/1.1 200 OK"]
[2025-02-10 11:39:15,637]: [_trace.py]: atrace: 87:       DEBUG:    [receive_response_body.started request=<Request [b'POST']>]
[2025-02-10 11:39:15,637]: [_trace.py]: atrace: 87:       DEBUG:    [receive_response_body.complete]
[2025-02-10 11:39:15,637]: [_trace.py]: atrace: 87:       DEBUG:    [response_closed.started]
[2025-02-10 11:39:15,637]: [_trace.py]: atrace: 87:       DEBUG:    [response_closed.complete]
[2025-02-10 11:39:15,637]: [_bot.py]: _do_post: 652:       DEBUG:    [Call to Bot API endpoint `getMe` finished with return value `{'id': 6030805959, 'is_bot': True, 'first_name': 'TyPHoone', 'username': 'TyPHoone_Project_bot', 'can_join_groups': True, 'can_read_all_group_messages': False, 'supports_inline_queries': False, 'can_connect_to_business': False, 'has_main_web_app': False}`]
[2025-02-10 11:39:15,640]: [_bot.py]: _do_post: 643:       DEBUG:    [Calling Bot API endpoint `sendDocument` with parameters `{'chat_id': '-4119703192', 'document': <telegram._files.inputfile.InputFile object at 0x7fd878fcaa00>}`]
[2025-02-10 11:39:15,641]: [_trace.py]: atrace: 87:       DEBUG:    [send_request_headers.started request=<Request [b'POST']>]
[2025-02-10 11:39:15,641]: [_trace.py]: atrace: 87:       DEBUG:    [send_request_headers.complete]
[2025-02-10 11:39:15,641]: [_trace.py]: atrace: 87:       DEBUG:    [send_request_body.started request=<Request [b'POST']>]
[2025-02-10 11:39:15,641]: [_trace.py]: atrace: 87:       DEBUG:    [send_request_body.complete]
[2025-02-10 11:39:15,641]: [_trace.py]: atrace: 87:       DEBUG:    [receive_response_headers.started request=<Request [b'POST']>]
[2025-02-10 11:39:15,758]: [_trace.py]: atrace: 87:       DEBUG:    [receive_response_headers.complete return_value=(b'HTTP/1.1', 200, b'OK', [(b'Server', b'nginx/1.18.0'), (b'Date', b'Mon, 10 Feb 2025 11:39:15 GMT'), (b'Content-Type', b'application/json'), (b'Content-Length', b'464'), (b'Connection', b'keep-alive'), (b'Strict-Transport-Security', b'max-age=31536000; includeSubDomains; preload'), (b'Access-Control-Allow-Origin', b'*'), (b'Access-Control-Allow-Methods', b'GET, POST, OPTIONS'), (b'Access-Control-Expose-Headers', b'Content-Length,Content-Type,Date,Server,Connection')])]
[2025-02-10 11:39:15,759]: [_client.py]: _send_single_request: 1740:       INFO:    [HTTP Request: POST https://api.telegram.org/bot6030805959:AAGUHAMxLYc-PrevgKouJ3ZyM7ktu56ftjo/sendDocument "HTTP/1.1 200 OK"]
[2025-02-10 11:39:15,759]: [_trace.py]: atrace: 87:       DEBUG:    [receive_response_body.started request=<Request [b'POST']>]
[2025-02-10 11:39:15,759]: [_trace.py]: atrace: 87:       DEBUG:    [receive_response_body.complete]
[2025-02-10 11:39:15,759]: [_trace.py]: atrace: 87:       DEBUG:    [response_closed.started]
[2025-02-10 11:39:15,759]: [_trace.py]: atrace: 87:       DEBUG:    [response_closed.complete]
[2025-02-10 11:39:15,759]: [_bot.py]: _do_post: 652:       DEBUG:    [Call to Bot API endpoint `sendDocument` finished with return value `{'message_id': 2165, 'from': {'id': 6030805959, 'is_bot': True, 'first_name': 'TyPHoone', 'username': 'TyPHoone_Project_bot'}, 'chat': {'id': -4119703192, 'title': 'Robocop', 'type': 'group', 'all_members_are_administrators': True}, 'date': 1739187555, 'document': {'file_name': '(2025_02_10--11_39).log', 'mime_type': 'text/plain', 'file_id': 'BQACAgQAAxkDAAIIdWep5WPthsWOT7NhBjbGt3HAeiKFAAIEGAACHOZRUcuusEYCljjLNgQ', 'file_unique_id': 'AgADBBgAAhzmUVE', 'file_size': 5937}}`]
[2025-02-10 11:39:15,760]: [_trace.py]: atrace: 87:       DEBUG:    [close.started]
[2025-02-10 11:39:15,760]: [_trace.py]: atrace: 87:       DEBUG:    [close.complete]
[2025-02-10 11:39:15,804]: [_bot.py]: _do_post: 643:       DEBUG:    [Calling Bot API endpoint `getMe` with parameters `{}`]
[2025-02-10 11:39:15,804]: [_trace.py]: atrace: 87:       DEBUG:    [connect_tcp.started host='api.telegram.org' port=443 local_address=None timeout=5.0 socket_options=None]
[2025-02-10 11:39:15,891]: [_trace.py]: atrace: 87:       DEBUG:    [connect_tcp.complete return_value=<httpcore._backends.anyio.AnyIOStream object at 0x7fd878e293a0>]
[2025-02-10 11:39:15,891]: [_trace.py]: atrace: 87:       DEBUG:    [start_tls.started ssl_context=<ssl.SSLContext object at 0x7fd87963b250> server_hostname='api.telegram.org' timeout=5.0]
[2025-02-10 11:39:15,978]: [_trace.py]: atrace: 87:       DEBUG:    [start_tls.complete return_value=<httpcore._backends.anyio.AnyIOStream object at 0x7fd87a11c170>]
[2025-02-10 11:39:15,978]: [_trace.py]: atrace: 87:       DEBUG:    [send_request_headers.started request=<Request [b'POST']>]
[2025-02-10 11:39:15,978]: [_trace.py]: atrace: 87:       DEBUG:    [send_request_headers.complete]
[2025-02-10 11:39:15,978]: [_trace.py]: atrace: 87:       DEBUG:    [send_request_body.started request=<Request [b'POST']>]
[2025-02-10 11:39:15,978]: [_trace.py]: atrace: 87:       DEBUG:    [send_request_body.complete]
[2025-02-10 11:39:15,978]: [_trace.py]: atrace: 87:       DEBUG:    [receive_response_headers.started request=<Request [b'POST']>]
[2025-02-10 11:39:16,064]: [_trace.py]: atrace: 87:       DEBUG:    [receive_response_headers.complete return_value=(b'HTTP/1.1', 200, b'OK', [(b'Server', b'nginx/1.18.0'), (b'Date', b'Mon, 10 Feb 2025 11:39:16 GMT'), (b'Content-Type', b'application/json'), (b'Content-Length', b'258'), (b'Connection', b'keep-alive'), (b'Strict-Transport-Security', b'max-age=31536000; includeSubDomains; preload'), (b'Access-Control-Allow-Origin', b'*'), (b'Access-Control-Allow-Methods', b'GET, POST, OPTIONS'), (b'Access-Control-Expose-Headers', b'Content-Length,Content-Type,Date,Server,Connection')])]
[2025-02-10 11:39:16,064]: [_client.py]: _send_single_request: 1740:       INFO:    [HTTP Request: POST https://api.telegram.org/bot6030805959:AAGUHAMxLYc-PrevgKouJ3ZyM7ktu56ftjo/getMe "HTTP/1.1 200 OK"]
[2025-02-10 11:39:16,064]: [_trace.py]: atrace: 87:       DEBUG:    [receive_response_body.started request=<Request [b'POST']>]
[2025-02-10 11:39:16,064]: [_trace.py]: atrace: 87:       DEBUG:    [receive_response_body.complete]
[2025-02-10 11:39:16,064]: [_trace.py]: atrace: 87:       DEBUG:    [response_closed.started]
[2025-02-10 11:39:16,064]: [_trace.py]: atrace: 87:       DEBUG:    [response_closed.complete]
[2025-02-10 11:39:16,065]: [_bot.py]: _do_post: 652:       DEBUG:    [Call to Bot API endpoint `getMe` finished with return value `{'id': 6030805959, 'is_bot': True, 'first_name': 'TyPHoone', 'username': 'TyPHoone_Project_bot', 'can_join_groups': True, 'can_read_all_group_messages': False, 'supports_inline_queries': False, 'can_connect_to_business': False, 'has_main_web_app': False}`]
[2025-02-10 11:39:16,067]: [_bot.py]: _do_post: 643:       DEBUG:    [Calling Bot API endpoint `sendDocument` with parameters `{'chat_id': '-4119703192', 'document': <telegram._files.inputfile.InputFile object at 0x7fd87967d680>}`]
[2025-02-10 11:39:16,068]: [_trace.py]: atrace: 87:       DEBUG:    [send_request_headers.started request=<Request [b'POST']>]
[2025-02-10 11:39:16,068]: [_trace.py]: atrace: 87:       DEBUG:    [send_request_headers.complete]
[2025-02-10 11:39:16,068]: [_trace.py]: atrace: 87:       DEBUG:    [send_request_body.started request=<Request [b'POST']>]
[2025-02-10 11:39:16,931]: [_trace.py]: atrace: 87:       DEBUG:    [send_request_body.complete]
[2025-02-10 11:39:16,931]: [_trace.py]: atrace: 87:       DEBUG:    [receive_response_headers.started request=<Request [b'POST']>]
[2025-02-10 11:39:17,523]: [_trace.py]: atrace: 87:       DEBUG:    [receive_response_headers.complete return_value=(b'HTTP/1.1', 200, b'OK', [(b'Server', b'nginx/1.18.0'), (b'Date', b'Mon, 10 Feb 2025 11:39:17 GMT'), (b'Content-Type', b'application/json'), (b'Content-Length', b'478'), (b'Connection', b'keep-alive'), (b'Strict-Transport-Security', b'max-age=31536000; includeSubDomains; preload'), (b'Access-Control-Allow-Origin', b'*'), (b'Access-Control-Allow-Methods', b'GET, POST, OPTIONS'), (b'Access-Control-Expose-Headers', b'Content-Length,Content-Type,Date,Server,Connection')])]
[2025-02-10 11:39:17,523]: [_client.py]: _send_single_request: 1740:       INFO:    [HTTP Request: POST https://api.telegram.org/bot6030805959:AAGUHAMxLYc-PrevgKouJ3ZyM7ktu56ftjo/sendDocument "HTTP/1.1 200 OK"]
[2025-02-10 11:39:17,523]: [_trace.py]: atrace: 87:       DEBUG:    [receive_response_body.started request=<Request [b'POST']>]
[2025-02-10 11:39:17,523]: [_trace.py]: atrace: 87:       DEBUG:    [receive_response_body.complete]
[2025-02-10 11:39:17,524]: [_trace.py]: atrace: 87:       DEBUG:    [response_closed.started]
[2025-02-10 11:39:17,524]: [_trace.py]: atrace: 87:       DEBUG:    [response_closed.complete]
[2025-02-10 11:39:17,524]: [_bot.py]: _do_post: 652:       DEBUG:    [Call to Bot API endpoint `sendDocument` finished with return value `{'message_id': 2166, 'from': {'id': 6030805959, 'is_bot': True, 'first_name': 'TyPHoone', 'username': 'TyPHoone_Project_bot'}, 'chat': {'id': -4119703192, 'title': 'Robocop', 'type': 'group', 'all_members_are_administrators': True}, 'date': 1739187557, 'document': {'file_name': '(2025_02_10--11_39)output.zip', 'mime_type': 'application/zip', 'file_id': 'BQACAgQAAxkDAAIIdmep5WVBwXYQT2rpZMWr0TFf6TAnAAIFGAACHOZRUcThWn2glgzUNgQ', 'file_unique_id': 'AgADBRgAAhzmUVE', 'file_size': 9493030}}`]
[2025-02-10 11:39:17,524]: [_trace.py]: atrace: 87:       DEBUG:    [close.started]
[2025-02-10 11:39:17,524]: [_trace.py]: atrace: 87:       DEBUG:    [close.complete]
[2025-02-10 11:39:17,524]: [Telegram_Sender.py]: runner: 61:       INFO:    [sent successfully]
[2025-02-10 11:39:17,525]: [Main.py]: <module>: 48:       INFO:    [Finished]
