[2025-03-12 11:38:11,983]: [Main.py]: <module>: 21:       INFO:    [Started]
[2025-03-12 11:38:13,615]: [Iron_Scraper.py]: Scrap: 32:       INFO:    [Data Scaraped Successfully]
[2025-03-12 11:38:13,813]: [Iron_Scraper.py]: Scrap: 70:       INFO:    [Scrapped Data Has No Problem]
[2025-03-12 11:38:13,813]: [Iron_Scraper.py]: Scrap: 83:       INFO:    [Data Saved Successfully]
[2025-03-12 11:38:13,813]: [Iron.py]: Run: 26:       INFO:    [Scraping Phase Completed]
[2025-03-12 11:38:13,814]: [Iron_Data_Processor.py]: Data_Reader: 61:       INFO:    [Data File Has Been Red Successfully]
[2025-03-12 11:38:13,814]: [Iron_Data_Processor.py]: Shaper: 78:       INFO:    [Data Shaped]
[2025-03-12 11:38:13,814]: [Iron_Data_Processor.py]: Process: 228:       INFO:    [Data Cleaned]
[2025-03-12 11:38:13,814]: [Iron_Data_Processor.py]: Make_Pages_Objects: 101:       INFO:    [Page Objects Has Been Made]
[2025-03-12 11:38:13,814]: [Iron_Data_Processor.py]: Make_Pages_Objects: 101:       INFO:    [Page Objects Has Been Made]
[2025-03-12 11:38:13,814]: [Iron_Data_Processor.py]: Load_Data: 118:       INFO:    [Data Has Been Load]
[2025-03-12 11:38:13,814]: [Iron_Data_Processor.py]: Load_Data: 118:       INFO:    [Data Has Been Load]
[2025-03-12 11:38:13,814]: [Iron_Data_Processor.py]: Load_positions: 140:       INFO:    [Positions Are Ready]
[2025-03-12 11:38:13,814]: [Iron_Data_Processor.py]: Load_positions: 140:       INFO:    [Positions Are Ready]
[2025-03-12 11:38:14,921]: [Iron_Data_Processor.py]: Make_Tagged_Images: 193:       INFO:    [Images Has Been Made]
[2025-03-12 11:38:15,910]: [Iron_Data_Processor.py]: Make_Tagged_Images: 193:       INFO:    [Images Has Been Made]
[2025-03-12 11:38:16,165]: [Iron_Data_Processor.py]: Make_Cover_Page: 215:       INFO:    [Made Cover Pages]
[2025-03-12 11:38:16,165]: [Iron.py]: Run: 29:       INFO:    [Imagination Phase Completed]
[2025-03-12 11:38:19,257]: [Phone_Scraper.py]: Scrap: 58:       INFO:    [Data Scraped]
[2025-03-12 11:38:19,258]: [Phone_Scraper.py]: Scrap: 71:       INFO:    [Scraped Data Successfully]
[2025-03-12 11:38:19,258]: [Phone.py]: Run: 26:       INFO:    [Scraping Phase Complete]
[2025-03-12 11:38:19,258]: [Phone_Data_Processor.py]: data_reader: 38:       INFO:    [Scraped Data Loaded]
[2025-03-12 11:38:19,259]: [Phone_Data_Processor.py]: filter_list: 65:       INFO:    [Persian Phrases Are deleted]
[2025-03-12 11:38:19,259]: [Phone_Data_Processor.py]: reshape_list: 87:       INFO:    [Date Reshaped]
[2025-03-12 11:38:19,260]: [Phone_Data_Processor.py]: separate_brands: 124:       INFO:    [Brands Are Separated]
[2025-03-12 11:38:19,260]: [Phone_Data_Processor.py]: delete_extra_spaces: 141:       INFO:    [Extra Spaces Are Deleted]
[2025-03-12 11:38:20,013]: [Phone.py]: Run: 29:       INFO:    [Imagination Phase Complete]
[2025-03-12 11:38:20,013]: [selector_events.py]: __init__: 64:       DEBUG:    [Using selector: EpollSelector]
[2025-03-12 11:38:20,296]: [_bot.py]: _do_post: 643:       DEBUG:    [Calling Bot API endpoint `getMe` with parameters `{}`]
[2025-03-12 11:38:20,301]: [_trace.py]: atrace: 87:       DEBUG:    [connect_tcp.started host='api.telegram.org' port=443 local_address=None timeout=5.0 socket_options=None]
[2025-03-12 11:38:20,469]: [_trace.py]: atrace: 87:       DEBUG:    [connect_tcp.complete return_value=<httpcore._backends.anyio.AnyIOStream object at 0x7fc7830bf710>]
[2025-03-12 11:38:20,469]: [_trace.py]: atrace: 87:       DEBUG:    [start_tls.started ssl_context=<ssl.SSLContext object at 0x7fc78393b3d0> server_hostname='api.telegram.org' timeout=5.0]
[2025-03-12 11:38:20,562]: [_trace.py]: atrace: 87:       DEBUG:    [start_tls.complete return_value=<httpcore._backends.anyio.AnyIOStream object at 0x7fc78390d1c0>]
[2025-03-12 11:38:20,562]: [_trace.py]: atrace: 87:       DEBUG:    [send_request_headers.started request=<Request [b'POST']>]
[2025-03-12 11:38:20,563]: [_trace.py]: atrace: 87:       DEBUG:    [send_request_headers.complete]
[2025-03-12 11:38:20,563]: [_trace.py]: atrace: 87:       DEBUG:    [send_request_body.started request=<Request [b'POST']>]
[2025-03-12 11:38:20,563]: [_trace.py]: atrace: 87:       DEBUG:    [send_request_body.complete]
[2025-03-12 11:38:20,563]: [_trace.py]: atrace: 87:       DEBUG:    [receive_response_headers.started request=<Request [b'POST']>]
[2025-03-12 11:38:20,653]: [_trace.py]: atrace: 87:       DEBUG:    [receive_response_headers.complete return_value=(b'HTTP/1.1', 200, b'OK', [(b'Server', b'nginx/1.18.0'), (b'Date', b'Wed, 12 Mar 2025 11:38:20 GMT'), (b'Content-Type', b'application/json'), (b'Content-Length', b'258'), (b'Connection', b'keep-alive'), (b'Strict-Transport-Security', b'max-age=31536000; includeSubDomains; preload'), (b'Access-Control-Allow-Origin', b'*'), (b'Access-Control-Allow-Methods', b'GET, POST, OPTIONS'), (b'Access-Control-Expose-Headers', b'Content-Length,Content-Type,Date,Server,Connection')])]
[2025-03-12 11:38:20,654]: [_client.py]: _send_single_request: 1740:       INFO:    [HTTP Request: POST https://api.telegram.org/bot6030805959:AAGUHAMxLYc-PrevgKouJ3ZyM7ktu56ftjo/getMe "HTTP/1.1 200 OK"]
[2025-03-12 11:38:20,654]: [_trace.py]: atrace: 87:       DEBUG:    [receive_response_body.started request=<Request [b'POST']>]
[2025-03-12 11:38:20,654]: [_trace.py]: atrace: 87:       DEBUG:    [receive_response_body.complete]
[2025-03-12 11:38:20,654]: [_trace.py]: atrace: 87:       DEBUG:    [response_closed.started]
[2025-03-12 11:38:20,654]: [_trace.py]: atrace: 87:       DEBUG:    [response_closed.complete]
[2025-03-12 11:38:20,654]: [_bot.py]: _do_post: 652:       DEBUG:    [Call to Bot API endpoint `getMe` finished with return value `{'id': 6030805959, 'is_bot': True, 'first_name': 'TyPHoone', 'username': 'TyPHoone_Project_bot', 'can_join_groups': True, 'can_read_all_group_messages': False, 'supports_inline_queries': False, 'can_connect_to_business': False, 'has_main_web_app': False}`]
[2025-03-12 11:38:20,657]: [_bot.py]: _do_post: 643:       DEBUG:    [Calling Bot API endpoint `sendDocument` with parameters `{'chat_id': '-4119703192', 'document': <telegram._files.inputfile.InputFile object at 0x7fc782f251c0>}`]
[2025-03-12 11:38:20,658]: [_trace.py]: atrace: 87:       DEBUG:    [send_request_headers.started request=<Request [b'POST']>]
[2025-03-12 11:38:20,658]: [_trace.py]: atrace: 87:       DEBUG:    [send_request_headers.complete]
[2025-03-12 11:38:20,658]: [_trace.py]: atrace: 87:       DEBUG:    [send_request_body.started request=<Request [b'POST']>]
[2025-03-12 11:38:20,658]: [_trace.py]: atrace: 87:       DEBUG:    [send_request_body.complete]
[2025-03-12 11:38:20,659]: [_trace.py]: atrace: 87:       DEBUG:    [receive_response_headers.started request=<Request [b'POST']>]
[2025-03-12 11:38:20,942]: [_trace.py]: atrace: 87:       DEBUG:    [receive_response_headers.complete return_value=(b'HTTP/1.1', 200, b'OK', [(b'Server', b'nginx/1.18.0'), (b'Date', b'Wed, 12 Mar 2025 11:38:20 GMT'), (b'Content-Type', b'application/json'), (b'Content-Length', b'464'), (b'Connection', b'keep-alive'), (b'Strict-Transport-Security', b'max-age=31536000; includeSubDomains; preload'), (b'Access-Control-Allow-Origin', b'*'), (b'Access-Control-Allow-Methods', b'GET, POST, OPTIONS'), (b'Access-Control-Expose-Headers', b'Content-Length,Content-Type,Date,Server,Connection')])]
[2025-03-12 11:38:20,942]: [_client.py]: _send_single_request: 1740:       INFO:    [HTTP Request: POST https://api.telegram.org/bot6030805959:AAGUHAMxLYc-PrevgKouJ3ZyM7ktu56ftjo/sendDocument "HTTP/1.1 200 OK"]
[2025-03-12 11:38:20,942]: [_trace.py]: atrace: 87:       DEBUG:    [receive_response_body.started request=<Request [b'POST']>]
[2025-03-12 11:38:20,942]: [_trace.py]: atrace: 87:       DEBUG:    [receive_response_body.complete]
[2025-03-12 11:38:20,943]: [_trace.py]: atrace: 87:       DEBUG:    [response_closed.started]
[2025-03-12 11:38:20,943]: [_trace.py]: atrace: 87:       DEBUG:    [response_closed.complete]
[2025-03-12 11:38:20,943]: [_bot.py]: _do_post: 652:       DEBUG:    [Call to Bot API endpoint `sendDocument` finished with return value `{'message_id': 2227, 'from': {'id': 6030805959, 'is_bot': True, 'first_name': 'TyPHoone', 'username': 'TyPHoone_Project_bot'}, 'chat': {'id': -4119703192, 'title': 'Robocop', 'type': 'group', 'all_members_are_administrators': True}, 'date': 1741779500, 'document': {'file_name': '(2025_03_12--11_38).log', 'mime_type': 'text/plain', 'file_id': 'BQACAgQAAxkDAAIIs2fRciyRA0GvJlOkcGrgD-9Gg5IaAAI-FQACPZ2RUlZ3m2Y978taNgQ', 'file_unique_id': 'AgADPhUAAj2dkVI', 'file_size': 5937}}`]
[2025-03-12 11:38:20,943]: [_trace.py]: atrace: 87:       DEBUG:    [close.started]
[2025-03-12 11:38:20,943]: [_trace.py]: atrace: 87:       DEBUG:    [close.complete]
[2025-03-12 11:38:20,989]: [_bot.py]: _do_post: 643:       DEBUG:    [Calling Bot API endpoint `getMe` with parameters `{}`]
[2025-03-12 11:38:20,989]: [_trace.py]: atrace: 87:       DEBUG:    [connect_tcp.started host='api.telegram.org' port=443 local_address=None timeout=5.0 socket_options=None]
[2025-03-12 11:38:21,080]: [_trace.py]: atrace: 87:       DEBUG:    [connect_tcp.complete return_value=<httpcore._backends.anyio.AnyIOStream object at 0x7fc782f5c680>]
[2025-03-12 11:38:21,080]: [_trace.py]: atrace: 87:       DEBUG:    [start_tls.started ssl_context=<ssl.SSLContext object at 0x7fc78393b1d0> server_hostname='api.telegram.org' timeout=5.0]
[2025-03-12 11:38:21,173]: [_trace.py]: atrace: 87:       DEBUG:    [start_tls.complete return_value=<httpcore._backends.anyio.AnyIOStream object at 0x7fc7830bcc20>]
[2025-03-12 11:38:21,173]: [_trace.py]: atrace: 87:       DEBUG:    [send_request_headers.started request=<Request [b'POST']>]
[2025-03-12 11:38:21,173]: [_trace.py]: atrace: 87:       DEBUG:    [send_request_headers.complete]
[2025-03-12 11:38:21,173]: [_trace.py]: atrace: 87:       DEBUG:    [send_request_body.started request=<Request [b'POST']>]
[2025-03-12 11:38:21,173]: [_trace.py]: atrace: 87:       DEBUG:    [send_request_body.complete]
[2025-03-12 11:38:21,173]: [_trace.py]: atrace: 87:       DEBUG:    [receive_response_headers.started request=<Request [b'POST']>]
[2025-03-12 11:38:21,263]: [_trace.py]: atrace: 87:       DEBUG:    [receive_response_headers.complete return_value=(b'HTTP/1.1', 200, b'OK', [(b'Server', b'nginx/1.18.0'), (b'Date', b'Wed, 12 Mar 2025 11:38:21 GMT'), (b'Content-Type', b'application/json'), (b'Content-Length', b'258'), (b'Connection', b'keep-alive'), (b'Strict-Transport-Security', b'max-age=31536000; includeSubDomains; preload'), (b'Access-Control-Allow-Origin', b'*'), (b'Access-Control-Allow-Methods', b'GET, POST, OPTIONS'), (b'Access-Control-Expose-Headers', b'Content-Length,Content-Type,Date,Server,Connection')])]
[2025-03-12 11:38:21,264]: [_client.py]: _send_single_request: 1740:       INFO:    [HTTP Request: POST https://api.telegram.org/bot6030805959:AAGUHAMxLYc-PrevgKouJ3ZyM7ktu56ftjo/getMe "HTTP/1.1 200 OK"]
[2025-03-12 11:38:21,264]: [_trace.py]: atrace: 87:       DEBUG:    [receive_response_body.started request=<Request [b'POST']>]
[2025-03-12 11:38:21,264]: [_trace.py]: atrace: 87:       DEBUG:    [receive_response_body.complete]
[2025-03-12 11:38:21,264]: [_trace.py]: atrace: 87:       DEBUG:    [response_closed.started]
[2025-03-12 11:38:21,264]: [_trace.py]: atrace: 87:       DEBUG:    [response_closed.complete]
[2025-03-12 11:38:21,264]: [_bot.py]: _do_post: 652:       DEBUG:    [Call to Bot API endpoint `getMe` finished with return value `{'id': 6030805959, 'is_bot': True, 'first_name': 'TyPHoone', 'username': 'TyPHoone_Project_bot', 'can_join_groups': True, 'can_read_all_group_messages': False, 'supports_inline_queries': False, 'can_connect_to_business': False, 'has_main_web_app': False}`]
[2025-03-12 11:38:21,267]: [_bot.py]: _do_post: 643:       DEBUG:    [Calling Bot API endpoint `sendDocument` with parameters `{'chat_id': '-4119703192', 'document': <telegram._files.inputfile.InputFile object at 0x7fc782f5b000>}`]
[2025-03-12 11:38:21,267]: [_trace.py]: atrace: 87:       DEBUG:    [send_request_headers.started request=<Request [b'POST']>]
[2025-03-12 11:38:21,267]: [_trace.py]: atrace: 87:       DEBUG:    [send_request_headers.complete]
[2025-03-12 11:38:21,267]: [_trace.py]: atrace: 87:       DEBUG:    [send_request_body.started request=<Request [b'POST']>]
[2025-03-12 11:38:22,164]: [_trace.py]: atrace: 87:       DEBUG:    [send_request_body.complete]
[2025-03-12 11:38:22,165]: [_trace.py]: atrace: 87:       DEBUG:    [receive_response_headers.started request=<Request [b'POST']>]
[2025-03-12 11:38:22,970]: [_trace.py]: atrace: 87:       DEBUG:    [receive_response_headers.complete return_value=(b'HTTP/1.1', 200, b'OK', [(b'Server', b'nginx/1.18.0'), (b'Date', b'Wed, 12 Mar 2025 11:38:22 GMT'), (b'Content-Type', b'application/json'), (b'Content-Length', b'479'), (b'Connection', b'keep-alive'), (b'Strict-Transport-Security', b'max-age=31536000; includeSubDomains; preload'), (b'Access-Control-Allow-Origin', b'*'), (b'Access-Control-Allow-Methods', b'GET, POST, OPTIONS'), (b'Access-Control-Expose-Headers', b'Content-Length,Content-Type,Date,Server,Connection')])]
[2025-03-12 11:38:22,971]: [_client.py]: _send_single_request: 1740:       INFO:    [HTTP Request: POST https://api.telegram.org/bot6030805959:AAGUHAMxLYc-PrevgKouJ3ZyM7ktu56ftjo/sendDocument "HTTP/1.1 200 OK"]
[2025-03-12 11:38:22,971]: [_trace.py]: atrace: 87:       DEBUG:    [receive_response_body.started request=<Request [b'POST']>]
[2025-03-12 11:38:22,971]: [_trace.py]: atrace: 87:       DEBUG:    [receive_response_body.complete]
[2025-03-12 11:38:22,971]: [_trace.py]: atrace: 87:       DEBUG:    [response_closed.started]
[2025-03-12 11:38:22,971]: [_trace.py]: atrace: 87:       DEBUG:    [response_closed.complete]
[2025-03-12 11:38:22,971]: [_bot.py]: _do_post: 652:       DEBUG:    [Call to Bot API endpoint `sendDocument` finished with return value `{'message_id': 2228, 'from': {'id': 6030805959, 'is_bot': True, 'first_name': 'TyPHoone', 'username': 'TyPHoone_Project_bot'}, 'chat': {'id': -4119703192, 'title': 'Robocop', 'type': 'group', 'all_members_are_administrators': True}, 'date': 1741779502, 'document': {'file_name': '(2025_03_12--11_38)output.zip', 'mime_type': 'application/zip', 'file_id': 'BQACAgQAAxkDAAIItGfRci6m7t16tJo9EZ5krfrMGkH-AAI_FQACPZ2RUn1Ji4YDna_hNgQ', 'file_unique_id': 'AgADPxUAAj2dkVI', 'file_size': 10086062}}`]
[2025-03-12 11:38:22,972]: [_trace.py]: atrace: 87:       DEBUG:    [close.started]
[2025-03-12 11:38:22,972]: [_trace.py]: atrace: 87:       DEBUG:    [close.complete]
[2025-03-12 11:38:22,972]: [Telegram_Sender.py]: runner: 61:       INFO:    [sent successfully]
[2025-03-12 11:38:22,973]: [Main.py]: <module>: 48:       INFO:    [Finished]
