[2025-08-06 11:44:08,321]: [Main.py]: <module>: 21:       INFO:    [Started]
[2025-08-06 11:44:09,627]: [Iron_Scraper.py]: Scrap: 32:       INFO:    [Data Scaraped Successfully]
[2025-08-06 11:44:09,827]: [Iron_Scraper.py]: Scrap: 70:       INFO:    [Scrapped Data Has No Problem]
[2025-08-06 11:44:09,828]: [Iron_Scraper.py]: Scrap: 83:       INFO:    [Data Saved Successfully]
[2025-08-06 11:44:09,828]: [Iron.py]: Run: 26:       INFO:    [Scraping Phase Completed]
[2025-08-06 11:44:09,828]: [Iron_Data_Processor.py]: Data_Reader: 61:       INFO:    [Data File Has Been Red Successfully]
[2025-08-06 11:44:09,828]: [Iron_Data_Processor.py]: Shaper: 78:       INFO:    [Data Shaped]
[2025-08-06 11:44:09,829]: [Iron_Data_Processor.py]: Process: 228:       INFO:    [Data Cleaned]
[2025-08-06 11:44:09,829]: [Iron_Data_Processor.py]: Make_Pages_Objects: 101:       INFO:    [Page Objects Has Been Made]
[2025-08-06 11:44:09,829]: [Iron_Data_Processor.py]: Make_Pages_Objects: 101:       INFO:    [Page Objects Has Been Made]
[2025-08-06 11:44:09,829]: [Iron_Data_Processor.py]: Load_Data: 118:       INFO:    [Data Has Been Load]
[2025-08-06 11:44:09,829]: [Iron_Data_Processor.py]: Load_Data: 118:       INFO:    [Data Has Been Load]
[2025-08-06 11:44:09,829]: [Iron_Data_Processor.py]: Load_positions: 140:       INFO:    [Positions Are Ready]
[2025-08-06 11:44:09,829]: [Iron_Data_Processor.py]: Load_positions: 140:       INFO:    [Positions Are Ready]
[2025-08-06 11:44:10,936]: [Iron_Data_Processor.py]: Make_Tagged_Images: 193:       INFO:    [Images Has Been Made]
[2025-08-06 11:44:11,873]: [Iron_Data_Processor.py]: Make_Tagged_Images: 193:       INFO:    [Images Has Been Made]
[2025-08-06 11:44:12,128]: [Iron_Data_Processor.py]: Make_Cover_Page: 215:       INFO:    [Made Cover Pages]
[2025-08-06 11:44:12,129]: [Iron.py]: Run: 29:       INFO:    [Imagination Phase Completed]
[2025-08-06 11:44:15,553]: [Phone_Scraper.py]: Scrap: 58:       INFO:    [Data Scraped]
[2025-08-06 11:44:15,553]: [Phone_Scraper.py]: Scrap: 71:       INFO:    [Scraped Data Successfully]
[2025-08-06 11:44:15,553]: [Phone.py]: Run: 26:       INFO:    [Scraping Phase Complete]
[2025-08-06 11:44:15,553]: [Phone_Data_Processor.py]: data_reader: 38:       INFO:    [Scraped Data Loaded]
[2025-08-06 11:44:15,554]: [Phone_Data_Processor.py]: filter_list: 65:       INFO:    [Persian Phrases Are deleted]
[2025-08-06 11:44:15,555]: [Phone_Data_Processor.py]: reshape_list: 87:       INFO:    [Date Reshaped]
[2025-08-06 11:44:15,555]: [Phone_Data_Processor.py]: separate_brands: 124:       INFO:    [Brands Are Separated]
[2025-08-06 11:44:15,555]: [Phone_Data_Processor.py]: delete_extra_spaces: 141:       INFO:    [Extra Spaces Are Deleted]
[2025-08-06 11:44:16,328]: [Phone.py]: Run: 29:       INFO:    [Imagination Phase Complete]
[2025-08-06 11:44:16,328]: [selector_events.py]: __init__: 64:       DEBUG:    [Using selector: EpollSelector]
[2025-08-06 11:44:16,610]: [_bot.py]: _do_post: 643:       DEBUG:    [Calling Bot API endpoint `getMe` with parameters `{}`]
[2025-08-06 11:44:16,615]: [_trace.py]: atrace: 87:       DEBUG:    [connect_tcp.started host='api.telegram.org' port=443 local_address=None timeout=5.0 socket_options=None]
[2025-08-06 11:44:16,798]: [_trace.py]: atrace: 87:       DEBUG:    [connect_tcp.complete return_value=<httpcore._backends.anyio.AnyIOStream object at 0x7efff44e2d80>]
[2025-08-06 11:44:16,798]: [_trace.py]: atrace: 87:       DEBUG:    [start_tls.started ssl_context=<ssl.SSLContext object at 0x7efff4eb9bd0> server_hostname='api.telegram.org' timeout=5.0]
[2025-08-06 11:44:16,892]: [_trace.py]: atrace: 87:       DEBUG:    [start_tls.complete return_value=<httpcore._backends.anyio.AnyIOStream object at 0x7efff4fff560>]
[2025-08-06 11:44:16,892]: [_trace.py]: atrace: 87:       DEBUG:    [send_request_headers.started request=<Request [b'POST']>]
[2025-08-06 11:44:16,892]: [_trace.py]: atrace: 87:       DEBUG:    [send_request_headers.complete]
[2025-08-06 11:44:16,892]: [_trace.py]: atrace: 87:       DEBUG:    [send_request_body.started request=<Request [b'POST']>]
[2025-08-06 11:44:16,892]: [_trace.py]: atrace: 87:       DEBUG:    [send_request_body.complete]
[2025-08-06 11:44:16,892]: [_trace.py]: atrace: 87:       DEBUG:    [receive_response_headers.started request=<Request [b'POST']>]
[2025-08-06 11:44:16,983]: [_trace.py]: atrace: 87:       DEBUG:    [receive_response_headers.complete return_value=(b'HTTP/1.1', 200, b'OK', [(b'Server', b'nginx/1.18.0'), (b'Date', b'Wed, 06 Aug 2025 11:44:16 GMT'), (b'Content-Type', b'application/json'), (b'Content-Length', b'258'), (b'Connection', b'keep-alive'), (b'Strict-Transport-Security', b'max-age=31536000; includeSubDomains; preload'), (b'Access-Control-Allow-Origin', b'*'), (b'Access-Control-Allow-Methods', b'GET, POST, OPTIONS'), (b'Access-Control-Expose-Headers', b'Content-Length,Content-Type,Date,Server,Connection')])]
[2025-08-06 11:44:16,984]: [_client.py]: _send_single_request: 1740:       INFO:    [HTTP Request: POST https://api.telegram.org/bot6030805959:AAGUHAMxLYc-PrevgKouJ3ZyM7ktu56ftjo/getMe "HTTP/1.1 200 OK"]
[2025-08-06 11:44:16,984]: [_trace.py]: atrace: 87:       DEBUG:    [receive_response_body.started request=<Request [b'POST']>]
[2025-08-06 11:44:16,984]: [_trace.py]: atrace: 87:       DEBUG:    [receive_response_body.complete]
[2025-08-06 11:44:16,984]: [_trace.py]: atrace: 87:       DEBUG:    [response_closed.started]
[2025-08-06 11:44:16,984]: [_trace.py]: atrace: 87:       DEBUG:    [response_closed.complete]
[2025-08-06 11:44:16,984]: [_bot.py]: _do_post: 652:       DEBUG:    [Call to Bot API endpoint `getMe` finished with return value `{'id': 6030805959, 'is_bot': True, 'first_name': 'TyPHoone', 'username': 'TyPHoone_Project_bot', 'can_join_groups': True, 'can_read_all_group_messages': False, 'supports_inline_queries': False, 'can_connect_to_business': False, 'has_main_web_app': False}`]
[2025-08-06 11:44:16,987]: [_bot.py]: _do_post: 643:       DEBUG:    [Calling Bot API endpoint `sendDocument` with parameters `{'chat_id': '-4119703192', 'document': <telegram._files.inputfile.InputFile object at 0x7efff4335b80>}`]
[2025-08-06 11:44:16,987]: [_trace.py]: atrace: 87:       DEBUG:    [send_request_headers.started request=<Request [b'POST']>]
[2025-08-06 11:44:16,988]: [_trace.py]: atrace: 87:       DEBUG:    [send_request_headers.complete]
[2025-08-06 11:44:16,988]: [_trace.py]: atrace: 87:       DEBUG:    [send_request_body.started request=<Request [b'POST']>]
[2025-08-06 11:44:16,988]: [_trace.py]: atrace: 87:       DEBUG:    [send_request_body.complete]
[2025-08-06 11:44:16,988]: [_trace.py]: atrace: 87:       DEBUG:    [receive_response_headers.started request=<Request [b'POST']>]
[2025-08-06 11:44:17,642]: [_trace.py]: atrace: 87:       DEBUG:    [receive_response_headers.complete return_value=(b'HTTP/1.1', 200, b'OK', [(b'Server', b'nginx/1.18.0'), (b'Date', b'Wed, 06 Aug 2025 11:44:17 GMT'), (b'Content-Type', b'application/json'), (b'Content-Length', b'584'), (b'Connection', b'keep-alive'), (b'Strict-Transport-Security', b'max-age=31536000; includeSubDomains; preload'), (b'Access-Control-Allow-Origin', b'*'), (b'Access-Control-Allow-Methods', b'GET, POST, OPTIONS'), (b'Access-Control-Expose-Headers', b'Content-Length,Content-Type,Date,Server,Connection')])]
[2025-08-06 11:44:17,642]: [_client.py]: _send_single_request: 1740:       INFO:    [HTTP Request: POST https://api.telegram.org/bot6030805959:AAGUHAMxLYc-PrevgKouJ3ZyM7ktu56ftjo/sendDocument "HTTP/1.1 200 OK"]
[2025-08-06 11:44:17,642]: [_trace.py]: atrace: 87:       DEBUG:    [receive_response_body.started request=<Request [b'POST']>]
[2025-08-06 11:44:17,642]: [_trace.py]: atrace: 87:       DEBUG:    [receive_response_body.complete]
[2025-08-06 11:44:17,642]: [_trace.py]: atrace: 87:       DEBUG:    [response_closed.started]
[2025-08-06 11:44:17,642]: [_trace.py]: atrace: 87:       DEBUG:    [response_closed.complete]
[2025-08-06 11:44:17,642]: [_bot.py]: _do_post: 652:       DEBUG:    [Call to Bot API endpoint `sendDocument` finished with return value `{'message_id': 2525, 'from': {'id': 6030805959, 'is_bot': True, 'first_name': 'TyPHoone', 'username': 'TyPHoone_Project_bot'}, 'chat': {'id': -4119703192, 'title': 'Robocop', 'type': 'group', 'all_members_are_administrators': True, 'accepted_gift_types': {'unlimited_gifts': False, 'limited_gifts': False, 'unique_gifts': False, 'premium_subscription': False}}, 'date': 1754480657, 'document': {'file_name': '(2025_08_06--11_44).log', 'mime_type': 'text/plain', 'file_id': 'BQACAgQAAxkDAAIJ3WiTQBEpvEgh2_SedansvEEVD0hIAAJtGwACcd6hUJDxYPfAUUpLNgQ', 'file_unique_id': 'AgADbRsAAnHeoVA', 'file_size': 5937}}`]
[2025-08-06 11:44:17,643]: [_trace.py]: atrace: 87:       DEBUG:    [close.started]
[2025-08-06 11:44:17,643]: [_trace.py]: atrace: 87:       DEBUG:    [close.complete]
[2025-08-06 11:44:17,687]: [_bot.py]: _do_post: 643:       DEBUG:    [Calling Bot API endpoint `getMe` with parameters `{}`]
[2025-08-06 11:44:17,687]: [_trace.py]: atrace: 87:       DEBUG:    [connect_tcp.started host='api.telegram.org' port=443 local_address=None timeout=5.0 socket_options=None]
[2025-08-06 11:44:17,777]: [_trace.py]: atrace: 87:       DEBUG:    [connect_tcp.complete return_value=<httpcore._backends.anyio.AnyIOStream object at 0x7efff436d4c0>]
[2025-08-06 11:44:17,777]: [_trace.py]: atrace: 87:       DEBUG:    [start_tls.started ssl_context=<ssl.SSLContext object at 0x7efff4eb9ad0> server_hostname='api.telegram.org' timeout=5.0]
[2025-08-06 11:44:17,868]: [_trace.py]: atrace: 87:       DEBUG:    [start_tls.complete return_value=<httpcore._backends.anyio.AnyIOStream object at 0x7efff513e7b0>]
[2025-08-06 11:44:17,868]: [_trace.py]: atrace: 87:       DEBUG:    [send_request_headers.started request=<Request [b'POST']>]
[2025-08-06 11:44:17,869]: [_trace.py]: atrace: 87:       DEBUG:    [send_request_headers.complete]
[2025-08-06 11:44:17,869]: [_trace.py]: atrace: 87:       DEBUG:    [send_request_body.started request=<Request [b'POST']>]
[2025-08-06 11:44:17,869]: [_trace.py]: atrace: 87:       DEBUG:    [send_request_body.complete]
[2025-08-06 11:44:17,869]: [_trace.py]: atrace: 87:       DEBUG:    [receive_response_headers.started request=<Request [b'POST']>]
[2025-08-06 11:44:17,959]: [_trace.py]: atrace: 87:       DEBUG:    [receive_response_headers.complete return_value=(b'HTTP/1.1', 200, b'OK', [(b'Server', b'nginx/1.18.0'), (b'Date', b'Wed, 06 Aug 2025 11:44:17 GMT'), (b'Content-Type', b'application/json'), (b'Content-Length', b'258'), (b'Connection', b'keep-alive'), (b'Strict-Transport-Security', b'max-age=31536000; includeSubDomains; preload'), (b'Access-Control-Allow-Origin', b'*'), (b'Access-Control-Allow-Methods', b'GET, POST, OPTIONS'), (b'Access-Control-Expose-Headers', b'Content-Length,Content-Type,Date,Server,Connection')])]
[2025-08-06 11:44:17,960]: [_client.py]: _send_single_request: 1740:       INFO:    [HTTP Request: POST https://api.telegram.org/bot6030805959:AAGUHAMxLYc-PrevgKouJ3ZyM7ktu56ftjo/getMe "HTTP/1.1 200 OK"]
[2025-08-06 11:44:17,960]: [_trace.py]: atrace: 87:       DEBUG:    [receive_response_body.started request=<Request [b'POST']>]
[2025-08-06 11:44:17,960]: [_trace.py]: atrace: 87:       DEBUG:    [receive_response_body.complete]
[2025-08-06 11:44:17,960]: [_trace.py]: atrace: 87:       DEBUG:    [response_closed.started]
[2025-08-06 11:44:17,960]: [_trace.py]: atrace: 87:       DEBUG:    [response_closed.complete]
[2025-08-06 11:44:17,960]: [_bot.py]: _do_post: 652:       DEBUG:    [Call to Bot API endpoint `getMe` finished with return value `{'id': 6030805959, 'is_bot': True, 'first_name': 'TyPHoone', 'username': 'TyPHoone_Project_bot', 'can_join_groups': True, 'can_read_all_group_messages': False, 'supports_inline_queries': False, 'can_connect_to_business': False, 'has_main_web_app': False}`]
[2025-08-06 11:44:17,963]: [_bot.py]: _do_post: 643:       DEBUG:    [Calling Bot API endpoint `sendDocument` with parameters `{'chat_id': '-4119703192', 'document': <telegram._files.inputfile.InputFile object at 0x7efff4ed5d00>}`]
[2025-08-06 11:44:17,963]: [_trace.py]: atrace: 87:       DEBUG:    [send_request_headers.started request=<Request [b'POST']>]
[2025-08-06 11:44:17,963]: [_trace.py]: atrace: 87:       DEBUG:    [send_request_headers.complete]
[2025-08-06 11:44:17,963]: [_trace.py]: atrace: 87:       DEBUG:    [send_request_body.started request=<Request [b'POST']>]
[2025-08-06 11:44:18,856]: [_trace.py]: atrace: 87:       DEBUG:    [send_request_body.complete]
[2025-08-06 11:44:18,857]: [_trace.py]: atrace: 87:       DEBUG:    [receive_response_headers.started request=<Request [b'POST']>]
[2025-08-06 11:44:21,210]: [_trace.py]: atrace: 87:       DEBUG:    [receive_response_headers.complete return_value=(b'HTTP/1.1', 200, b'OK', [(b'Server', b'nginx/1.18.0'), (b'Date', b'Wed, 06 Aug 2025 11:44:21 GMT'), (b'Content-Type', b'application/json'), (b'Content-Length', b'600'), (b'Connection', b'keep-alive'), (b'Strict-Transport-Security', b'max-age=31536000; includeSubDomains; preload'), (b'Access-Control-Allow-Origin', b'*'), (b'Access-Control-Allow-Methods', b'GET, POST, OPTIONS'), (b'Access-Control-Expose-Headers', b'Content-Length,Content-Type,Date,Server,Connection')])]
[2025-08-06 11:44:21,211]: [_client.py]: _send_single_request: 1740:       INFO:    [HTTP Request: POST https://api.telegram.org/bot6030805959:AAGUHAMxLYc-PrevgKouJ3ZyM7ktu56ftjo/sendDocument "HTTP/1.1 200 OK"]
[2025-08-06 11:44:21,211]: [_trace.py]: atrace: 87:       DEBUG:    [receive_response_body.started request=<Request [b'POST']>]
[2025-08-06 11:44:21,211]: [_trace.py]: atrace: 87:       DEBUG:    [receive_response_body.complete]
[2025-08-06 11:44:21,211]: [_trace.py]: atrace: 87:       DEBUG:    [response_closed.started]
[2025-08-06 11:44:21,211]: [_trace.py]: atrace: 87:       DEBUG:    [response_closed.complete]
[2025-08-06 11:44:21,211]: [_bot.py]: _do_post: 652:       DEBUG:    [Call to Bot API endpoint `sendDocument` finished with return value `{'message_id': 2526, 'from': {'id': 6030805959, 'is_bot': True, 'first_name': 'TyPHoone', 'username': 'TyPHoone_Project_bot'}, 'chat': {'id': -4119703192, 'title': 'Robocop', 'type': 'group', 'all_members_are_administrators': True, 'accepted_gift_types': {'unlimited_gifts': False, 'limited_gifts': False, 'unique_gifts': False, 'premium_subscription': False}}, 'date': 1754480661, 'document': {'file_name': '(2025_08_06--11_44)output.zip', 'mime_type': 'application/zip', 'file_id': 'BQACAgQAAxkDAAIJ3miTQBTcwvbAugABkkRuIi65f730DAACbhsAAnHeoVB-vRqDDAxGODYE', 'file_unique_id': 'AgADbhsAAnHeoVA', 'file_size': 10191694}}`]
[2025-08-06 11:44:21,212]: [_trace.py]: atrace: 87:       DEBUG:    [close.started]
[2025-08-06 11:44:21,212]: [_trace.py]: atrace: 87:       DEBUG:    [close.complete]
[2025-08-06 11:44:21,212]: [Telegram_Sender.py]: runner: 61:       INFO:    [sent successfully]
[2025-08-06 11:44:21,212]: [Main.py]: <module>: 48:       INFO:    [Finished]
