[2024-12-12 11:39:36,790]: [Main.py]: <module>: 21:       INFO:    [Started]
[2024-12-12 11:39:38,349]: [Iron_Scraper.py]: Scrap: 32:       INFO:    [Data Scaraped Successfully]
[2024-12-12 11:39:38,403]: [Iron_Scraper.py]: Scrap: 70:       INFO:    [Scrapped Data Has No Problem]
[2024-12-12 11:39:38,404]: [Iron_Scraper.py]: Scrap: 83:       INFO:    [Data Saved Successfully]
[2024-12-12 11:39:38,404]: [Iron.py]: Run: 26:       INFO:    [Scraping Phase Completed]
[2024-12-12 11:39:38,404]: [Iron_Data_Processor.py]: Data_Reader: 61:       INFO:    [Data File Has Been Red Successfully]
[2024-12-12 11:39:38,404]: [Iron_Data_Processor.py]: Shaper: 78:       INFO:    [Data Shaped]
[2024-12-12 11:39:38,404]: [Iron_Data_Processor.py]: Process: 228:       INFO:    [Data Cleaned]
[2024-12-12 11:39:38,404]: [Iron_Data_Processor.py]: Make_Pages_Objects: 101:       INFO:    [Page Objects Has Been Made]
[2024-12-12 11:39:38,404]: [Iron_Data_Processor.py]: Make_Pages_Objects: 101:       INFO:    [Page Objects Has Been Made]
[2024-12-12 11:39:38,404]: [Iron_Data_Processor.py]: Load_Data: 118:       INFO:    [Data Has Been Load]
[2024-12-12 11:39:38,404]: [Iron_Data_Processor.py]: Load_Data: 118:       INFO:    [Data Has Been Load]
[2024-12-12 11:39:38,404]: [Iron_Data_Processor.py]: Load_positions: 140:       INFO:    [Positions Are Ready]
[2024-12-12 11:39:38,404]: [Iron_Data_Processor.py]: Load_positions: 140:       INFO:    [Positions Are Ready]
[2024-12-12 11:39:39,499]: [Iron_Data_Processor.py]: Make_Tagged_Images: 193:       INFO:    [Images Has Been Made]
[2024-12-12 11:39:40,417]: [Iron_Data_Processor.py]: Make_Tagged_Images: 193:       INFO:    [Images Has Been Made]
[2024-12-12 11:39:40,678]: [Iron_Data_Processor.py]: Make_Cover_Page: 215:       INFO:    [Made Cover Pages]
[2024-12-12 11:39:40,678]: [Iron.py]: Run: 29:       INFO:    [Imagination Phase Completed]
[2024-12-12 11:39:44,755]: [Phone_Scraper.py]: Scrap: 58:       INFO:    [Data Scraped]
[2024-12-12 11:39:44,756]: [Phone_Scraper.py]: Scrap: 71:       INFO:    [Scraped Data Successfully]
[2024-12-12 11:39:44,756]: [Phone.py]: Run: 26:       INFO:    [Scraping Phase Complete]
[2024-12-12 11:39:44,756]: [Phone_Data_Processor.py]: data_reader: 38:       INFO:    [Scraped Data Loaded]
[2024-12-12 11:39:44,757]: [Phone_Data_Processor.py]: filter_list: 65:       INFO:    [Persian Phrases Are deleted]
[2024-12-12 11:39:44,758]: [Phone_Data_Processor.py]: reshape_list: 87:       INFO:    [Date Reshaped]
[2024-12-12 11:39:44,758]: [Phone_Data_Processor.py]: separate_brands: 124:       INFO:    [Brands Are Separated]
[2024-12-12 11:39:44,759]: [Phone_Data_Processor.py]: delete_extra_spaces: 141:       INFO:    [Extra Spaces Are Deleted]
[2024-12-12 11:39:45,531]: [Phone.py]: Run: 29:       INFO:    [Imagination Phase Complete]
[2024-12-12 11:39:45,531]: [selector_events.py]: __init__: 64:       DEBUG:    [Using selector: EpollSelector]
[2024-12-12 11:39:45,860]: [_bot.py]: _do_post: 643:       DEBUG:    [Calling Bot API endpoint `getMe` with parameters `{}`]
[2024-12-12 11:39:45,866]: [_trace.py]: atrace: 87:       DEBUG:    [connect_tcp.started host='api.telegram.org' port=443 local_address=None timeout=5.0 socket_options=None]
[2024-12-12 11:39:46,003]: [_trace.py]: atrace: 87:       DEBUG:    [connect_tcp.complete return_value=<httpcore._backends.anyio.AnyIOStream object at 0x7fbac23f97c0>]
[2024-12-12 11:39:46,003]: [_trace.py]: atrace: 87:       DEBUG:    [start_tls.started ssl_context=<ssl.SSLContext object at 0x7fbac2a3a9d0> server_hostname='api.telegram.org' timeout=5.0]
[2024-12-12 11:39:46,089]: [_trace.py]: atrace: 87:       DEBUG:    [start_tls.complete return_value=<httpcore._backends.anyio.AnyIOStream object at 0x7fbac2a18650>]
[2024-12-12 11:39:46,089]: [_trace.py]: atrace: 87:       DEBUG:    [send_request_headers.started request=<Request [b'POST']>]
[2024-12-12 11:39:46,090]: [_trace.py]: atrace: 87:       DEBUG:    [send_request_headers.complete]
[2024-12-12 11:39:46,090]: [_trace.py]: atrace: 87:       DEBUG:    [send_request_body.started request=<Request [b'POST']>]
[2024-12-12 11:39:46,090]: [_trace.py]: atrace: 87:       DEBUG:    [send_request_body.complete]
[2024-12-12 11:39:46,090]: [_trace.py]: atrace: 87:       DEBUG:    [receive_response_headers.started request=<Request [b'POST']>]
[2024-12-12 11:39:46,174]: [_trace.py]: atrace: 87:       DEBUG:    [receive_response_headers.complete return_value=(b'HTTP/1.1', 200, b'OK', [(b'Server', b'nginx/1.18.0'), (b'Date', b'Thu, 12 Dec 2024 11:39:46 GMT'), (b'Content-Type', b'application/json'), (b'Content-Length', b'258'), (b'Connection', b'keep-alive'), (b'Strict-Transport-Security', b'max-age=31536000; includeSubDomains; preload'), (b'Access-Control-Allow-Origin', b'*'), (b'Access-Control-Allow-Methods', b'GET, POST, OPTIONS'), (b'Access-Control-Expose-Headers', b'Content-Length,Content-Type,Date,Server,Connection')])]
[2024-12-12 11:39:46,174]: [_client.py]: _send_single_request: 1740:       INFO:    [HTTP Request: POST https://api.telegram.org/bot6030805959:AAGUHAMxLYc-PrevgKouJ3ZyM7ktu56ftjo/getMe "HTTP/1.1 200 OK"]
[2024-12-12 11:39:46,174]: [_trace.py]: atrace: 87:       DEBUG:    [receive_response_body.started request=<Request [b'POST']>]
[2024-12-12 11:39:46,175]: [_trace.py]: atrace: 87:       DEBUG:    [receive_response_body.complete]
[2024-12-12 11:39:46,175]: [_trace.py]: atrace: 87:       DEBUG:    [response_closed.started]
[2024-12-12 11:39:46,175]: [_trace.py]: atrace: 87:       DEBUG:    [response_closed.complete]
[2024-12-12 11:39:46,175]: [_bot.py]: _do_post: 652:       DEBUG:    [Call to Bot API endpoint `getMe` finished with return value `{'id': 6030805959, 'is_bot': True, 'first_name': 'TyPHoone', 'username': 'TyPHoone_Project_bot', 'can_join_groups': True, 'can_read_all_group_messages': False, 'supports_inline_queries': False, 'can_connect_to_business': False, 'has_main_web_app': False}`]
[2024-12-12 11:39:46,178]: [_bot.py]: _do_post: 643:       DEBUG:    [Calling Bot API endpoint `sendDocument` with parameters `{'chat_id': '-4119703192', 'document': <telegram._files.inputfile.InputFile object at 0x7fbac2a1c400>}`]
[2024-12-12 11:39:46,179]: [_trace.py]: atrace: 87:       DEBUG:    [send_request_headers.started request=<Request [b'POST']>]
[2024-12-12 11:39:46,179]: [_trace.py]: atrace: 87:       DEBUG:    [send_request_headers.complete]
[2024-12-12 11:39:46,179]: [_trace.py]: atrace: 87:       DEBUG:    [send_request_body.started request=<Request [b'POST']>]
[2024-12-12 11:39:46,180]: [_trace.py]: atrace: 87:       DEBUG:    [send_request_body.complete]
[2024-12-12 11:39:46,180]: [_trace.py]: atrace: 87:       DEBUG:    [receive_response_headers.started request=<Request [b'POST']>]
[2024-12-12 11:39:46,480]: [_trace.py]: atrace: 87:       DEBUG:    [receive_response_headers.complete return_value=(b'HTTP/1.1', 200, b'OK', [(b'Server', b'nginx/1.18.0'), (b'Date', b'Thu, 12 Dec 2024 11:39:46 GMT'), (b'Content-Type', b'application/json'), (b'Content-Length', b'464'), (b'Connection', b'keep-alive'), (b'Strict-Transport-Security', b'max-age=31536000; includeSubDomains; preload'), (b'Access-Control-Allow-Origin', b'*'), (b'Access-Control-Allow-Methods', b'GET, POST, OPTIONS'), (b'Access-Control-Expose-Headers', b'Content-Length,Content-Type,Date,Server,Connection')])]
[2024-12-12 11:39:46,480]: [_client.py]: _send_single_request: 1740:       INFO:    [HTTP Request: POST https://api.telegram.org/bot6030805959:AAGUHAMxLYc-PrevgKouJ3ZyM7ktu56ftjo/sendDocument "HTTP/1.1 200 OK"]
[2024-12-12 11:39:46,480]: [_trace.py]: atrace: 87:       DEBUG:    [receive_response_body.started request=<Request [b'POST']>]
[2024-12-12 11:39:46,480]: [_trace.py]: atrace: 87:       DEBUG:    [receive_response_body.complete]
[2024-12-12 11:39:46,480]: [_trace.py]: atrace: 87:       DEBUG:    [response_closed.started]
[2024-12-12 11:39:46,480]: [_trace.py]: atrace: 87:       DEBUG:    [response_closed.complete]
[2024-12-12 11:39:46,481]: [_bot.py]: _do_post: 652:       DEBUG:    [Call to Bot API endpoint `sendDocument` finished with return value `{'message_id': 2044, 'from': {'id': 6030805959, 'is_bot': True, 'first_name': 'TyPHoone', 'username': 'TyPHoone_Project_bot'}, 'chat': {'id': -4119703192, 'title': 'Robocop', 'type': 'group', 'all_members_are_administrators': True}, 'date': 1734003586, 'document': {'file_name': '(2024_12_12--11_39).log', 'mime_type': 'text/plain', 'file_id': 'BQACAgQAAxkDAAIH_Gday4ICMjrjcY86C4DnBbmpmfZjAAJEFQACvp3YUhyGJZhxnTtgNgQ', 'file_unique_id': 'AgADRBUAAr6d2FI', 'file_size': 5937}}`]
[2024-12-12 11:39:46,481]: [_trace.py]: atrace: 87:       DEBUG:    [close.started]
[2024-12-12 11:39:46,481]: [_trace.py]: atrace: 87:       DEBUG:    [close.complete]
[2024-12-12 11:39:46,540]: [_bot.py]: _do_post: 643:       DEBUG:    [Calling Bot API endpoint `getMe` with parameters `{}`]
[2024-12-12 11:39:46,540]: [_trace.py]: atrace: 87:       DEBUG:    [connect_tcp.started host='api.telegram.org' port=443 local_address=None timeout=5.0 socket_options=None]
[2024-12-12 11:39:46,626]: [_trace.py]: atrace: 87:       DEBUG:    [connect_tcp.complete return_value=<httpcore._backends.anyio.AnyIOStream object at 0x7fbac2298e90>]
[2024-12-12 11:39:46,626]: [_trace.py]: atrace: 87:       DEBUG:    [start_tls.started ssl_context=<ssl.SSLContext object at 0x7fbac2a3a7d0> server_hostname='api.telegram.org' timeout=5.0]
[2024-12-12 11:39:46,713]: [_trace.py]: atrace: 87:       DEBUG:    [start_tls.complete return_value=<httpcore._backends.anyio.AnyIOStream object at 0x7fbac2387e30>]
[2024-12-12 11:39:46,713]: [_trace.py]: atrace: 87:       DEBUG:    [send_request_headers.started request=<Request [b'POST']>]
[2024-12-12 11:39:46,714]: [_trace.py]: atrace: 87:       DEBUG:    [send_request_headers.complete]
[2024-12-12 11:39:46,714]: [_trace.py]: atrace: 87:       DEBUG:    [send_request_body.started request=<Request [b'POST']>]
[2024-12-12 11:39:46,714]: [_trace.py]: atrace: 87:       DEBUG:    [send_request_body.complete]
[2024-12-12 11:39:46,714]: [_trace.py]: atrace: 87:       DEBUG:    [receive_response_headers.started request=<Request [b'POST']>]
[2024-12-12 11:39:46,856]: [_trace.py]: atrace: 87:       DEBUG:    [receive_response_headers.complete return_value=(b'HTTP/1.1', 200, b'OK', [(b'Server', b'nginx/1.18.0'), (b'Date', b'Thu, 12 Dec 2024 11:39:46 GMT'), (b'Content-Type', b'application/json'), (b'Content-Length', b'258'), (b'Connection', b'keep-alive'), (b'Strict-Transport-Security', b'max-age=31536000; includeSubDomains; preload'), (b'Access-Control-Allow-Origin', b'*'), (b'Access-Control-Allow-Methods', b'GET, POST, OPTIONS'), (b'Access-Control-Expose-Headers', b'Content-Length,Content-Type,Date,Server,Connection')])]
[2024-12-12 11:39:46,856]: [_client.py]: _send_single_request: 1740:       INFO:    [HTTP Request: POST https://api.telegram.org/bot6030805959:AAGUHAMxLYc-PrevgKouJ3ZyM7ktu56ftjo/getMe "HTTP/1.1 200 OK"]
[2024-12-12 11:39:46,856]: [_trace.py]: atrace: 87:       DEBUG:    [receive_response_body.started request=<Request [b'POST']>]
[2024-12-12 11:39:46,856]: [_trace.py]: atrace: 87:       DEBUG:    [receive_response_body.complete]
[2024-12-12 11:39:46,856]: [_trace.py]: atrace: 87:       DEBUG:    [response_closed.started]
[2024-12-12 11:39:46,856]: [_trace.py]: atrace: 87:       DEBUG:    [response_closed.complete]
[2024-12-12 11:39:46,856]: [_bot.py]: _do_post: 652:       DEBUG:    [Call to Bot API endpoint `getMe` finished with return value `{'id': 6030805959, 'is_bot': True, 'first_name': 'TyPHoone', 'username': 'TyPHoone_Project_bot', 'can_join_groups': True, 'can_read_all_group_messages': False, 'supports_inline_queries': False, 'can_connect_to_business': False, 'has_main_web_app': False}`]
[2024-12-12 11:39:46,859]: [_bot.py]: _do_post: 643:       DEBUG:    [Calling Bot API endpoint `sendDocument` with parameters `{'chat_id': '-4119703192', 'document': <telegram._files.inputfile.InputFile object at 0x7fbac2a5f980>}`]
[2024-12-12 11:39:46,859]: [_trace.py]: atrace: 87:       DEBUG:    [send_request_headers.started request=<Request [b'POST']>]
[2024-12-12 11:39:46,860]: [_trace.py]: atrace: 87:       DEBUG:    [send_request_headers.complete]
[2024-12-12 11:39:46,860]: [_trace.py]: atrace: 87:       DEBUG:    [send_request_body.started request=<Request [b'POST']>]
[2024-12-12 11:39:47,662]: [_trace.py]: atrace: 87:       DEBUG:    [send_request_body.complete]
[2024-12-12 11:39:47,662]: [_trace.py]: atrace: 87:       DEBUG:    [receive_response_headers.started request=<Request [b'POST']>]
[2024-12-12 11:39:48,467]: [_trace.py]: atrace: 87:       DEBUG:    [receive_response_headers.complete return_value=(b'HTTP/1.1', 200, b'OK', [(b'Server', b'nginx/1.18.0'), (b'Date', b'Thu, 12 Dec 2024 11:39:48 GMT'), (b'Content-Type', b'application/json'), (b'Content-Length', b'478'), (b'Connection', b'keep-alive'), (b'Strict-Transport-Security', b'max-age=31536000; includeSubDomains; preload'), (b'Access-Control-Allow-Origin', b'*'), (b'Access-Control-Allow-Methods', b'GET, POST, OPTIONS'), (b'Access-Control-Expose-Headers', b'Content-Length,Content-Type,Date,Server,Connection')])]
[2024-12-12 11:39:48,467]: [_client.py]: _send_single_request: 1740:       INFO:    [HTTP Request: POST https://api.telegram.org/bot6030805959:AAGUHAMxLYc-PrevgKouJ3ZyM7ktu56ftjo/sendDocument "HTTP/1.1 200 OK"]
[2024-12-12 11:39:48,468]: [_trace.py]: atrace: 87:       DEBUG:    [receive_response_body.started request=<Request [b'POST']>]
[2024-12-12 11:39:48,468]: [_trace.py]: atrace: 87:       DEBUG:    [receive_response_body.complete]
[2024-12-12 11:39:48,468]: [_trace.py]: atrace: 87:       DEBUG:    [response_closed.started]
[2024-12-12 11:39:48,468]: [_trace.py]: atrace: 87:       DEBUG:    [response_closed.complete]
[2024-12-12 11:39:48,468]: [_bot.py]: _do_post: 652:       DEBUG:    [Call to Bot API endpoint `sendDocument` finished with return value `{'message_id': 2045, 'from': {'id': 6030805959, 'is_bot': True, 'first_name': 'TyPHoone', 'username': 'TyPHoone_Project_bot'}, 'chat': {'id': -4119703192, 'title': 'Robocop', 'type': 'group', 'all_members_are_administrators': True}, 'date': 1734003588, 'document': {'file_name': '(2024_12_12--11_39)output.zip', 'mime_type': 'application/zip', 'file_id': 'BQACAgQAAxkDAAIH_Wday4RpA_5voTKiyr3yPw7f0KDOAAJFFQACvp3YUvT0x7xcEQ2aNgQ', 'file_unique_id': 'AgADRRUAAr6d2FI', 'file_size': 9887918}}`]
[2024-12-12 11:39:48,469]: [_trace.py]: atrace: 87:       DEBUG:    [close.started]
[2024-12-12 11:39:48,469]: [_trace.py]: atrace: 87:       DEBUG:    [close.complete]
[2024-12-12 11:39:48,469]: [Telegram_Sender.py]: runner: 61:       INFO:    [sent successfully]
[2024-12-12 11:39:48,470]: [Main.py]: <module>: 48:       INFO:    [Finished]
