[2025-04-30 11:38:48,974]: [Main.py]: <module>: 21:       INFO:    [Started]
[2025-04-30 11:38:50,240]: [Iron_Scraper.py]: Scrap: 32:       INFO:    [Data Scaraped Successfully]
[2025-04-30 11:38:50,443]: [Iron_Scraper.py]: Scrap: 70:       INFO:    [Scrapped Data Has No Problem]
[2025-04-30 11:38:50,443]: [Iron_Scraper.py]: Scrap: 83:       INFO:    [Data Saved Successfully]
[2025-04-30 11:38:50,443]: [Iron.py]: Run: 26:       INFO:    [Scraping Phase Completed]
[2025-04-30 11:38:50,443]: [Iron_Data_Processor.py]: Data_Reader: 61:       INFO:    [Data File Has Been Red Successfully]
[2025-04-30 11:38:50,443]: [Iron_Data_Processor.py]: Shaper: 78:       INFO:    [Data Shaped]
[2025-04-30 11:38:50,444]: [Iron_Data_Processor.py]: Process: 228:       INFO:    [Data Cleaned]
[2025-04-30 11:38:50,444]: [Iron_Data_Processor.py]: Make_Pages_Objects: 101:       INFO:    [Page Objects Has Been Made]
[2025-04-30 11:38:50,444]: [Iron_Data_Processor.py]: Make_Pages_Objects: 101:       INFO:    [Page Objects Has Been Made]
[2025-04-30 11:38:50,444]: [Iron_Data_Processor.py]: Load_Data: 118:       INFO:    [Data Has Been Load]
[2025-04-30 11:38:50,444]: [Iron_Data_Processor.py]: Load_Data: 118:       INFO:    [Data Has Been Load]
[2025-04-30 11:38:50,444]: [Iron_Data_Processor.py]: Load_positions: 140:       INFO:    [Positions Are Ready]
[2025-04-30 11:38:50,444]: [Iron_Data_Processor.py]: Load_positions: 140:       INFO:    [Positions Are Ready]
[2025-04-30 11:38:51,556]: [Iron_Data_Processor.py]: Make_Tagged_Images: 193:       INFO:    [Images Has Been Made]
[2025-04-30 11:38:52,499]: [Iron_Data_Processor.py]: Make_Tagged_Images: 193:       INFO:    [Images Has Been Made]
[2025-04-30 11:38:52,752]: [Iron_Data_Processor.py]: Make_Cover_Page: 215:       INFO:    [Made Cover Pages]
[2025-04-30 11:38:52,752]: [Iron.py]: Run: 29:       INFO:    [Imagination Phase Completed]
[2025-04-30 11:38:56,007]: [Phone_Scraper.py]: Scrap: 58:       INFO:    [Data Scraped]
[2025-04-30 11:38:56,008]: [Phone_Scraper.py]: Scrap: 71:       INFO:    [Scraped Data Successfully]
[2025-04-30 11:38:56,008]: [Phone.py]: Run: 26:       INFO:    [Scraping Phase Complete]
[2025-04-30 11:38:56,008]: [Phone_Data_Processor.py]: data_reader: 38:       INFO:    [Scraped Data Loaded]
[2025-04-30 11:38:56,009]: [Phone_Data_Processor.py]: filter_list: 65:       INFO:    [Persian Phrases Are deleted]
[2025-04-30 11:38:56,010]: [Phone_Data_Processor.py]: reshape_list: 87:       INFO:    [Date Reshaped]
[2025-04-30 11:38:56,010]: [Phone_Data_Processor.py]: separate_brands: 124:       INFO:    [Brands Are Separated]
[2025-04-30 11:38:56,010]: [Phone_Data_Processor.py]: delete_extra_spaces: 141:       INFO:    [Extra Spaces Are Deleted]
[2025-04-30 11:38:56,871]: [Phone.py]: Run: 29:       INFO:    [Imagination Phase Complete]
[2025-04-30 11:38:56,872]: [selector_events.py]: __init__: 64:       DEBUG:    [Using selector: EpollSelector]
[2025-04-30 11:38:57,158]: [_bot.py]: _do_post: 643:       DEBUG:    [Calling Bot API endpoint `getMe` with parameters `{}`]
[2025-04-30 11:38:57,163]: [_trace.py]: atrace: 87:       DEBUG:    [connect_tcp.started host='api.telegram.org' port=443 local_address=None timeout=5.0 socket_options=None]
[2025-04-30 11:38:57,324]: [_trace.py]: atrace: 87:       DEBUG:    [connect_tcp.complete return_value=<httpcore._backends.anyio.AnyIOStream object at 0x7fc940d6f6b0>]
[2025-04-30 11:38:57,324]: [_trace.py]: atrace: 87:       DEBUG:    [start_tls.started ssl_context=<ssl.SSLContext object at 0x7fc94026b7d0> server_hostname='api.telegram.org' timeout=5.0]
[2025-04-30 11:38:57,412]: [_trace.py]: atrace: 87:       DEBUG:    [start_tls.complete return_value=<httpcore._backends.anyio.AnyIOStream object at 0x7fc94028bfb0>]
[2025-04-30 11:38:57,412]: [_trace.py]: atrace: 87:       DEBUG:    [send_request_headers.started request=<Request [b'POST']>]
[2025-04-30 11:38:57,412]: [_trace.py]: atrace: 87:       DEBUG:    [send_request_headers.complete]
[2025-04-30 11:38:57,412]: [_trace.py]: atrace: 87:       DEBUG:    [send_request_body.started request=<Request [b'POST']>]
[2025-04-30 11:38:57,412]: [_trace.py]: atrace: 87:       DEBUG:    [send_request_body.complete]
[2025-04-30 11:38:57,413]: [_trace.py]: atrace: 87:       DEBUG:    [receive_response_headers.started request=<Request [b'POST']>]
[2025-04-30 11:38:57,498]: [_trace.py]: atrace: 87:       DEBUG:    [receive_response_headers.complete return_value=(b'HTTP/1.1', 200, b'OK', [(b'Server', b'nginx/1.18.0'), (b'Date', b'Wed, 30 Apr 2025 11:38:57 GMT'), (b'Content-Type', b'application/json'), (b'Content-Length', b'258'), (b'Connection', b'keep-alive'), (b'Strict-Transport-Security', b'max-age=31536000; includeSubDomains; preload'), (b'Access-Control-Allow-Origin', b'*'), (b'Access-Control-Allow-Methods', b'GET, POST, OPTIONS'), (b'Access-Control-Expose-Headers', b'Content-Length,Content-Type,Date,Server,Connection')])]
[2025-04-30 11:38:57,498]: [_client.py]: _send_single_request: 1740:       INFO:    [HTTP Request: POST https://api.telegram.org/bot6030805959:AAGUHAMxLYc-PrevgKouJ3ZyM7ktu56ftjo/getMe "HTTP/1.1 200 OK"]
[2025-04-30 11:38:57,498]: [_trace.py]: atrace: 87:       DEBUG:    [receive_response_body.started request=<Request [b'POST']>]
[2025-04-30 11:38:57,498]: [_trace.py]: atrace: 87:       DEBUG:    [receive_response_body.complete]
[2025-04-30 11:38:57,498]: [_trace.py]: atrace: 87:       DEBUG:    [response_closed.started]
[2025-04-30 11:38:57,498]: [_trace.py]: atrace: 87:       DEBUG:    [response_closed.complete]
[2025-04-30 11:38:57,499]: [_bot.py]: _do_post: 652:       DEBUG:    [Call to Bot API endpoint `getMe` finished with return value `{'id': 6030805959, 'is_bot': True, 'first_name': 'TyPHoone', 'username': 'TyPHoone_Project_bot', 'can_join_groups': True, 'can_read_all_group_messages': False, 'supports_inline_queries': False, 'can_connect_to_business': False, 'has_main_web_app': False}`]
[2025-04-30 11:38:57,502]: [_bot.py]: _do_post: 643:       DEBUG:    [Calling Bot API endpoint `sendDocument` with parameters `{'chat_id': '-4119703192', 'document': <telegram._files.inputfile.InputFile object at 0x7fc93f771900>}`]
[2025-04-30 11:38:57,503]: [_trace.py]: atrace: 87:       DEBUG:    [send_request_headers.started request=<Request [b'POST']>]
[2025-04-30 11:38:57,503]: [_trace.py]: atrace: 87:       DEBUG:    [send_request_headers.complete]
[2025-04-30 11:38:57,503]: [_trace.py]: atrace: 87:       DEBUG:    [send_request_body.started request=<Request [b'POST']>]
[2025-04-30 11:38:57,504]: [_trace.py]: atrace: 87:       DEBUG:    [send_request_body.complete]
[2025-04-30 11:38:57,504]: [_trace.py]: atrace: 87:       DEBUG:    [receive_response_headers.started request=<Request [b'POST']>]
[2025-04-30 11:38:57,719]: [_trace.py]: atrace: 87:       DEBUG:    [receive_response_headers.complete return_value=(b'HTTP/1.1', 200, b'OK', [(b'Server', b'nginx/1.18.0'), (b'Date', b'Wed, 30 Apr 2025 11:38:57 GMT'), (b'Content-Type', b'application/json'), (b'Content-Length', b'584'), (b'Connection', b'keep-alive'), (b'Strict-Transport-Security', b'max-age=31536000; includeSubDomains; preload'), (b'Access-Control-Allow-Origin', b'*'), (b'Access-Control-Allow-Methods', b'GET, POST, OPTIONS'), (b'Access-Control-Expose-Headers', b'Content-Length,Content-Type,Date,Server,Connection')])]
[2025-04-30 11:38:57,719]: [_client.py]: _send_single_request: 1740:       INFO:    [HTTP Request: POST https://api.telegram.org/bot6030805959:AAGUHAMxLYc-PrevgKouJ3ZyM7ktu56ftjo/sendDocument "HTTP/1.1 200 OK"]
[2025-04-30 11:38:57,719]: [_trace.py]: atrace: 87:       DEBUG:    [receive_response_body.started request=<Request [b'POST']>]
[2025-04-30 11:38:57,719]: [_trace.py]: atrace: 87:       DEBUG:    [receive_response_body.complete]
[2025-04-30 11:38:57,719]: [_trace.py]: atrace: 87:       DEBUG:    [response_closed.started]
[2025-04-30 11:38:57,719]: [_trace.py]: atrace: 87:       DEBUG:    [response_closed.complete]
[2025-04-30 11:38:57,720]: [_bot.py]: _do_post: 652:       DEBUG:    [Call to Bot API endpoint `sendDocument` finished with return value `{'message_id': 2325, 'from': {'id': 6030805959, 'is_bot': True, 'first_name': 'TyPHoone', 'username': 'TyPHoone_Project_bot'}, 'chat': {'id': -4119703192, 'title': 'Robocop', 'type': 'group', 'all_members_are_administrators': True, 'accepted_gift_types': {'unlimited_gifts': False, 'limited_gifts': False, 'unique_gifts': False, 'premium_subscription': False}}, 'date': 1746013137, 'document': {'file_name': '(2025_04_30--11_38).log', 'mime_type': 'text/plain', 'file_id': 'BQACAgQAAxkDAAIJFWgSC9GWxO5NKQG_wBbNIb2y9srBAAJ9GgACcluQUJ0eRYExQqjANgQ', 'file_unique_id': 'AgADfRoAAnJbkFA', 'file_size': 5937}}`]
[2025-04-30 11:38:57,720]: [_trace.py]: atrace: 87:       DEBUG:    [close.started]
[2025-04-30 11:38:57,720]: [_trace.py]: atrace: 87:       DEBUG:    [close.complete]
[2025-04-30 11:38:57,763]: [_bot.py]: _do_post: 643:       DEBUG:    [Calling Bot API endpoint `getMe` with parameters `{}`]
[2025-04-30 11:38:57,763]: [_trace.py]: atrace: 87:       DEBUG:    [connect_tcp.started host='api.telegram.org' port=443 local_address=None timeout=5.0 socket_options=None]
[2025-04-30 11:38:57,849]: [_trace.py]: atrace: 87:       DEBUG:    [connect_tcp.complete return_value=<httpcore._backends.anyio.AnyIOStream object at 0x7fc93fe06690>]
[2025-04-30 11:38:57,849]: [_trace.py]: atrace: 87:       DEBUG:    [start_tls.started ssl_context=<ssl.SSLContext object at 0x7fc94026b6d0> server_hostname='api.telegram.org' timeout=5.0]
[2025-04-30 11:38:57,935]: [_trace.py]: atrace: 87:       DEBUG:    [start_tls.complete return_value=<httpcore._backends.anyio.AnyIOStream object at 0x7fc94022d400>]
[2025-04-30 11:38:57,935]: [_trace.py]: atrace: 87:       DEBUG:    [send_request_headers.started request=<Request [b'POST']>]
[2025-04-30 11:38:57,935]: [_trace.py]: atrace: 87:       DEBUG:    [send_request_headers.complete]
[2025-04-30 11:38:57,936]: [_trace.py]: atrace: 87:       DEBUG:    [send_request_body.started request=<Request [b'POST']>]
[2025-04-30 11:38:57,936]: [_trace.py]: atrace: 87:       DEBUG:    [send_request_body.complete]
[2025-04-30 11:38:57,936]: [_trace.py]: atrace: 87:       DEBUG:    [receive_response_headers.started request=<Request [b'POST']>]
[2025-04-30 11:38:58,021]: [_trace.py]: atrace: 87:       DEBUG:    [receive_response_headers.complete return_value=(b'HTTP/1.1', 200, b'OK', [(b'Server', b'nginx/1.18.0'), (b'Date', b'Wed, 30 Apr 2025 11:38:57 GMT'), (b'Content-Type', b'application/json'), (b'Content-Length', b'258'), (b'Connection', b'keep-alive'), (b'Strict-Transport-Security', b'max-age=31536000; includeSubDomains; preload'), (b'Access-Control-Allow-Origin', b'*'), (b'Access-Control-Allow-Methods', b'GET, POST, OPTIONS'), (b'Access-Control-Expose-Headers', b'Content-Length,Content-Type,Date,Server,Connection')])]
[2025-04-30 11:38:58,021]: [_client.py]: _send_single_request: 1740:       INFO:    [HTTP Request: POST https://api.telegram.org/bot6030805959:AAGUHAMxLYc-PrevgKouJ3ZyM7ktu56ftjo/getMe "HTTP/1.1 200 OK"]
[2025-04-30 11:38:58,021]: [_trace.py]: atrace: 87:       DEBUG:    [receive_response_body.started request=<Request [b'POST']>]
[2025-04-30 11:38:58,021]: [_trace.py]: atrace: 87:       DEBUG:    [receive_response_body.complete]
[2025-04-30 11:38:58,021]: [_trace.py]: atrace: 87:       DEBUG:    [response_closed.started]
[2025-04-30 11:38:58,022]: [_trace.py]: atrace: 87:       DEBUG:    [response_closed.complete]
[2025-04-30 11:38:58,022]: [_bot.py]: _do_post: 652:       DEBUG:    [Call to Bot API endpoint `getMe` finished with return value `{'id': 6030805959, 'is_bot': True, 'first_name': 'TyPHoone', 'username': 'TyPHoone_Project_bot', 'can_join_groups': True, 'can_read_all_group_messages': False, 'supports_inline_queries': False, 'can_connect_to_business': False, 'has_main_web_app': False}`]
[2025-04-30 11:38:58,025]: [_bot.py]: _do_post: 643:       DEBUG:    [Calling Bot API endpoint `sendDocument` with parameters `{'chat_id': '-4119703192', 'document': <telegram._files.inputfile.InputFile object at 0x7fc93f8c0cc0>}`]
[2025-04-30 11:38:58,025]: [_trace.py]: atrace: 87:       DEBUG:    [send_request_headers.started request=<Request [b'POST']>]
[2025-04-30 11:38:58,025]: [_trace.py]: atrace: 87:       DEBUG:    [send_request_headers.complete]
[2025-04-30 11:38:58,025]: [_trace.py]: atrace: 87:       DEBUG:    [send_request_body.started request=<Request [b'POST']>]
[2025-04-30 11:38:58,867]: [_trace.py]: atrace: 87:       DEBUG:    [send_request_body.complete]
[2025-04-30 11:38:58,867]: [_trace.py]: atrace: 87:       DEBUG:    [receive_response_headers.started request=<Request [b'POST']>]
[2025-04-30 11:38:59,678]: [_trace.py]: atrace: 87:       DEBUG:    [receive_response_headers.complete return_value=(b'HTTP/1.1', 200, b'OK', [(b'Server', b'nginx/1.18.0'), (b'Date', b'Wed, 30 Apr 2025 11:38:59 GMT'), (b'Content-Type', b'application/json'), (b'Content-Length', b'600'), (b'Connection', b'keep-alive'), (b'Strict-Transport-Security', b'max-age=31536000; includeSubDomains; preload'), (b'Access-Control-Allow-Origin', b'*'), (b'Access-Control-Allow-Methods', b'GET, POST, OPTIONS'), (b'Access-Control-Expose-Headers', b'Content-Length,Content-Type,Date,Server,Connection')])]
[2025-04-30 11:38:59,678]: [_client.py]: _send_single_request: 1740:       INFO:    [HTTP Request: POST https://api.telegram.org/bot6030805959:AAGUHAMxLYc-PrevgKouJ3ZyM7ktu56ftjo/sendDocument "HTTP/1.1 200 OK"]
[2025-04-30 11:38:59,678]: [_trace.py]: atrace: 87:       DEBUG:    [receive_response_body.started request=<Request [b'POST']>]
[2025-04-30 11:38:59,678]: [_trace.py]: atrace: 87:       DEBUG:    [receive_response_body.complete]
[2025-04-30 11:38:59,678]: [_trace.py]: atrace: 87:       DEBUG:    [response_closed.started]
[2025-04-30 11:38:59,678]: [_trace.py]: atrace: 87:       DEBUG:    [response_closed.complete]
[2025-04-30 11:38:59,678]: [_bot.py]: _do_post: 652:       DEBUG:    [Call to Bot API endpoint `sendDocument` finished with return value `{'message_id': 2326, 'from': {'id': 6030805959, 'is_bot': True, 'first_name': 'TyPHoone', 'username': 'TyPHoone_Project_bot'}, 'chat': {'id': -4119703192, 'title': 'Robocop', 'type': 'group', 'all_members_are_administrators': True, 'accepted_gift_types': {'unlimited_gifts': False, 'limited_gifts': False, 'unique_gifts': False, 'premium_subscription': False}}, 'date': 1746013139, 'document': {'file_name': '(2025_04_30--11_38)output.zip', 'mime_type': 'application/zip', 'file_id': 'BQACAgQAAxkDAAIJFmgSC9O-EgTyc3l-NKOTK2y2UdIIAAJ-GgACcluQUGfEvoQAAUsRuDYE', 'file_unique_id': 'AgADfhoAAnJbkFA', 'file_size': 10462056}}`]
[2025-04-30 11:38:59,679]: [_trace.py]: atrace: 87:       DEBUG:    [close.started]
[2025-04-30 11:38:59,679]: [_trace.py]: atrace: 87:       DEBUG:    [close.complete]
[2025-04-30 11:38:59,679]: [Telegram_Sender.py]: runner: 61:       INFO:    [sent successfully]
[2025-04-30 11:38:59,680]: [Main.py]: <module>: 48:       INFO:    [Finished]
