[2024-07-22 11:38:23,745]: [Main.py]: <module>: 21:       INFO:    [Started]
[2024-07-22 11:38:25,204]: [Iron_Scraper.py]: Scrap: 32:       INFO:    [Data Scaraped Successfully]
[2024-07-22 11:38:25,388]: [Iron_Scraper.py]: Scrap: 70:       INFO:    [Scrapped Data Has No Problem]
[2024-07-22 11:38:25,389]: [Iron_Scraper.py]: Scrap: 83:       INFO:    [Data Saved Successfully]
[2024-07-22 11:38:25,389]: [Iron.py]: Run: 26:       INFO:    [Scraping Phase Completed]
[2024-07-22 11:38:25,389]: [Iron_Data_Processor.py]: Data_Reader: 61:       INFO:    [Data File Has Been Red Successfully]
[2024-07-22 11:38:25,389]: [Iron_Data_Processor.py]: Shaper: 78:       INFO:    [Data Shaped]
[2024-07-22 11:38:25,389]: [Iron_Data_Processor.py]: Process: 228:       INFO:    [Data Cleaned]
[2024-07-22 11:38:25,390]: [Iron_Data_Processor.py]: Make_Pages_Objects: 101:       INFO:    [Page Objects Has Been Made]
[2024-07-22 11:38:25,390]: [Iron_Data_Processor.py]: Make_Pages_Objects: 101:       INFO:    [Page Objects Has Been Made]
[2024-07-22 11:38:25,390]: [Iron_Data_Processor.py]: Load_Data: 118:       INFO:    [Data Has Been Load]
[2024-07-22 11:38:25,390]: [Iron_Data_Processor.py]: Load_Data: 118:       INFO:    [Data Has Been Load]
[2024-07-22 11:38:25,390]: [Iron_Data_Processor.py]: Load_positions: 140:       INFO:    [Positions Are Ready]
[2024-07-22 11:38:25,390]: [Iron_Data_Processor.py]: Load_positions: 140:       INFO:    [Positions Are Ready]
[2024-07-22 11:38:26,509]: [Iron_Data_Processor.py]: Make_Tagged_Images: 193:       INFO:    [Images Has Been Made]
[2024-07-22 11:38:27,465]: [Iron_Data_Processor.py]: Make_Tagged_Images: 193:       INFO:    [Images Has Been Made]
[2024-07-22 11:38:27,718]: [Iron_Data_Processor.py]: Make_Cover_Page: 215:       INFO:    [Made Cover Pages]
[2024-07-22 11:38:27,718]: [Iron.py]: Run: 29:       INFO:    [Imagination Phase Completed]
[2024-07-22 11:38:31,793]: [Phone_Scraper.py]: Scrap: 58:       INFO:    [Data Scraped]
[2024-07-22 11:38:31,793]: [Phone_Scraper.py]: Scrap: 71:       INFO:    [Scraped Data Successfully]
[2024-07-22 11:38:31,793]: [Phone.py]: Run: 26:       INFO:    [Scraping Phase Complete]
[2024-07-22 11:38:31,793]: [Phone_Data_Processor.py]: data_reader: 38:       INFO:    [Scraped Data Loaded]
[2024-07-22 11:38:31,794]: [Phone_Data_Processor.py]: filter_list: 65:       INFO:    [Persian Phrases Are deleted]
[2024-07-22 11:38:31,795]: [Phone_Data_Processor.py]: reshape_list: 87:       INFO:    [Date Reshaped]
[2024-07-22 11:38:31,795]: [Phone_Data_Processor.py]: separate_brands: 124:       INFO:    [Brands Are Separated]
[2024-07-22 11:38:31,795]: [Phone_Data_Processor.py]: delete_extra_spaces: 141:       INFO:    [Extra Spaces Are Deleted]
[2024-07-22 11:38:32,433]: [Phone.py]: Run: 29:       INFO:    [Imagination Phase Complete]
[2024-07-22 11:38:32,434]: [selector_events.py]: __init__: 64:       DEBUG:    [Using selector: EpollSelector]
[2024-07-22 11:38:32,761]: [_bot.py]: _do_post: 643:       DEBUG:    [Calling Bot API endpoint `getMe` with parameters `{}`]
[2024-07-22 11:38:32,765]: [_trace.py]: atrace: 85:       DEBUG:    [connect_tcp.started host='api.telegram.org' port=443 local_address=None timeout=5.0 socket_options=None]
[2024-07-22 11:38:32,900]: [_trace.py]: atrace: 85:       DEBUG:    [connect_tcp.complete return_value=<httpcore._backends.anyio.AnyIOStream object at 0x7fc1e8e2c1a0>]
[2024-07-22 11:38:32,900]: [_trace.py]: atrace: 85:       DEBUG:    [start_tls.started ssl_context=<ssl.SSLContext object at 0x7fc1e9736a50> server_hostname='api.telegram.org' timeout=5.0]
[2024-07-22 11:38:32,991]: [_trace.py]: atrace: 85:       DEBUG:    [start_tls.complete return_value=<httpcore._backends.anyio.AnyIOStream object at 0x7fc1ea943ec0>]
[2024-07-22 11:38:32,992]: [_trace.py]: atrace: 85:       DEBUG:    [send_request_headers.started request=<Request [b'POST']>]
[2024-07-22 11:38:32,992]: [_trace.py]: atrace: 85:       DEBUG:    [send_request_headers.complete]
[2024-07-22 11:38:32,992]: [_trace.py]: atrace: 85:       DEBUG:    [send_request_body.started request=<Request [b'POST']>]
[2024-07-22 11:38:32,992]: [_trace.py]: atrace: 85:       DEBUG:    [send_request_body.complete]
[2024-07-22 11:38:32,992]: [_trace.py]: atrace: 85:       DEBUG:    [receive_response_headers.started request=<Request [b'POST']>]
[2024-07-22 11:38:33,083]: [_trace.py]: atrace: 85:       DEBUG:    [receive_response_headers.complete return_value=(b'HTTP/1.1', 200, b'OK', [(b'Server', b'nginx/1.18.0'), (b'Date', b'Mon, 22 Jul 2024 11:38:33 GMT'), (b'Content-Type', b'application/json'), (b'Content-Length', b'233'), (b'Connection', b'keep-alive'), (b'Strict-Transport-Security', b'max-age=31536000; includeSubDomains; preload'), (b'Access-Control-Allow-Origin', b'*'), (b'Access-Control-Allow-Methods', b'GET, POST, OPTIONS'), (b'Access-Control-Expose-Headers', b'Content-Length,Content-Type,Date,Server,Connection')])]
[2024-07-22 11:38:33,083]: [_client.py]: _send_single_request: 1773:       INFO:    [HTTP Request: POST https://api.telegram.org/bot6030805959:AAGUHAMxLYc-PrevgKouJ3ZyM7ktu56ftjo/getMe "HTTP/1.1 200 OK"]
[2024-07-22 11:38:33,083]: [_trace.py]: atrace: 85:       DEBUG:    [receive_response_body.started request=<Request [b'POST']>]
[2024-07-22 11:38:33,084]: [_trace.py]: atrace: 85:       DEBUG:    [receive_response_body.complete]
[2024-07-22 11:38:33,084]: [_trace.py]: atrace: 85:       DEBUG:    [response_closed.started]
[2024-07-22 11:38:33,084]: [_trace.py]: atrace: 85:       DEBUG:    [response_closed.complete]
[2024-07-22 11:38:33,084]: [_bot.py]: _do_post: 652:       DEBUG:    [Call to Bot API endpoint `getMe` finished with return value `{'id': 6030805959, 'is_bot': True, 'first_name': 'TyPHoone', 'username': 'TyPHoone_Project_bot', 'can_join_groups': True, 'can_read_all_group_messages': False, 'supports_inline_queries': False, 'can_connect_to_business': False}`]
[2024-07-22 11:38:33,087]: [_bot.py]: _do_post: 643:       DEBUG:    [Calling Bot API endpoint `sendDocument` with parameters `{'chat_id': '-4119703192', 'document': <telegram._files.inputfile.InputFile object at 0x7fc1e9003a00>}`]
[2024-07-22 11:38:33,088]: [_trace.py]: atrace: 85:       DEBUG:    [send_request_headers.started request=<Request [b'POST']>]
[2024-07-22 11:38:33,088]: [_trace.py]: atrace: 85:       DEBUG:    [send_request_headers.complete]
[2024-07-22 11:38:33,088]: [_trace.py]: atrace: 85:       DEBUG:    [send_request_body.started request=<Request [b'POST']>]
[2024-07-22 11:38:33,088]: [_trace.py]: atrace: 85:       DEBUG:    [send_request_body.complete]
[2024-07-22 11:38:33,088]: [_trace.py]: atrace: 85:       DEBUG:    [receive_response_headers.started request=<Request [b'POST']>]
[2024-07-22 11:38:33,430]: [_trace.py]: atrace: 85:       DEBUG:    [receive_response_headers.complete return_value=(b'HTTP/1.1', 200, b'OK', [(b'Server', b'nginx/1.18.0'), (b'Date', b'Mon, 22 Jul 2024 11:38:33 GMT'), (b'Content-Type', b'application/json'), (b'Content-Length', b'463'), (b'Connection', b'keep-alive'), (b'Strict-Transport-Security', b'max-age=31536000; includeSubDomains; preload'), (b'Access-Control-Allow-Origin', b'*'), (b'Access-Control-Allow-Methods', b'GET, POST, OPTIONS'), (b'Access-Control-Expose-Headers', b'Content-Length,Content-Type,Date,Server,Connection')])]
[2024-07-22 11:38:33,431]: [_client.py]: _send_single_request: 1773:       INFO:    [HTTP Request: POST https://api.telegram.org/bot6030805959:AAGUHAMxLYc-PrevgKouJ3ZyM7ktu56ftjo/sendDocument "HTTP/1.1 200 OK"]
[2024-07-22 11:38:33,431]: [_trace.py]: atrace: 85:       DEBUG:    [receive_response_body.started request=<Request [b'POST']>]
[2024-07-22 11:38:33,431]: [_trace.py]: atrace: 85:       DEBUG:    [receive_response_body.complete]
[2024-07-22 11:38:33,431]: [_trace.py]: atrace: 85:       DEBUG:    [response_closed.started]
[2024-07-22 11:38:33,431]: [_trace.py]: atrace: 85:       DEBUG:    [response_closed.complete]
[2024-07-22 11:38:33,431]: [_bot.py]: _do_post: 652:       DEBUG:    [Call to Bot API endpoint `sendDocument` finished with return value `{'message_id': 927, 'from': {'id': 6030805959, 'is_bot': True, 'first_name': 'TyPHoone', 'username': 'TyPHoone_Project_bot'}, 'chat': {'id': -4119703192, 'title': 'Robocop', 'type': 'group', 'all_members_are_administrators': True}, 'date': 1721648313, 'document': {'file_name': '(2024_07_22--11_38).log', 'mime_type': 'text/plain', 'file_id': 'BQACAgQAAxkDAAIDn2aeRLnAKoBCIuCpVblBIHA60qHrAAJjFgACpxnxUF0dHFo6H4ZLNQQ', 'file_unique_id': 'AgADYxYAAqcZ8VA', 'file_size': 5910}}`]
[2024-07-22 11:38:33,432]: [_trace.py]: atrace: 85:       DEBUG:    [close.started]
[2024-07-22 11:38:33,432]: [_trace.py]: atrace: 85:       DEBUG:    [close.complete]
[2024-07-22 11:38:33,432]: [_config.py]: load_ssl_context: 80:       DEBUG:    [load_ssl_context verify=True cert=None trust_env=True http2=False]
[2024-07-22 11:38:33,433]: [_config.py]: load_ssl_context_verify: 146:       DEBUG:    [load_verify_locations cafile='/opt/hostedtoolcache/Python/3.12.4/x64/lib/python3.12/site-packages/certifi/cacert.pem']
[2024-07-22 11:38:33,459]: [_config.py]: load_ssl_context: 80:       DEBUG:    [load_ssl_context verify=True cert=None trust_env=True http2=False]
[2024-07-22 11:38:33,460]: [_config.py]: load_ssl_context_verify: 146:       DEBUG:    [load_verify_locations cafile='/opt/hostedtoolcache/Python/3.12.4/x64/lib/python3.12/site-packages/certifi/cacert.pem']
[2024-07-22 11:38:33,487]: [_bot.py]: _do_post: 643:       DEBUG:    [Calling Bot API endpoint `getMe` with parameters `{}`]
[2024-07-22 11:38:33,488]: [_trace.py]: atrace: 85:       DEBUG:    [connect_tcp.started host='api.telegram.org' port=443 local_address=None timeout=5.0 socket_options=None]
[2024-07-22 11:38:33,577]: [_trace.py]: atrace: 85:       DEBUG:    [connect_tcp.complete return_value=<httpcore._backends.anyio.AnyIOStream object at 0x7fc1e8e2ddf0>]
[2024-07-22 11:38:33,577]: [_trace.py]: atrace: 85:       DEBUG:    [start_tls.started ssl_context=<ssl.SSLContext object at 0x7fc1e9736850> server_hostname='api.telegram.org' timeout=5.0]
[2024-07-22 11:38:33,668]: [_trace.py]: atrace: 85:       DEBUG:    [start_tls.complete return_value=<httpcore._backends.anyio.AnyIOStream object at 0x7fc1e982d730>]
[2024-07-22 11:38:33,669]: [_trace.py]: atrace: 85:       DEBUG:    [send_request_headers.started request=<Request [b'POST']>]
[2024-07-22 11:38:33,669]: [_trace.py]: atrace: 85:       DEBUG:    [send_request_headers.complete]
[2024-07-22 11:38:33,669]: [_trace.py]: atrace: 85:       DEBUG:    [send_request_body.started request=<Request [b'POST']>]
[2024-07-22 11:38:33,669]: [_trace.py]: atrace: 85:       DEBUG:    [send_request_body.complete]
[2024-07-22 11:38:33,669]: [_trace.py]: atrace: 85:       DEBUG:    [receive_response_headers.started request=<Request [b'POST']>]
[2024-07-22 11:38:33,770]: [_trace.py]: atrace: 85:       DEBUG:    [receive_response_headers.complete return_value=(b'HTTP/1.1', 200, b'OK', [(b'Server', b'nginx/1.18.0'), (b'Date', b'Mon, 22 Jul 2024 11:38:33 GMT'), (b'Content-Type', b'application/json'), (b'Content-Length', b'233'), (b'Connection', b'keep-alive'), (b'Strict-Transport-Security', b'max-age=31536000; includeSubDomains; preload'), (b'Access-Control-Allow-Origin', b'*'), (b'Access-Control-Allow-Methods', b'GET, POST, OPTIONS'), (b'Access-Control-Expose-Headers', b'Content-Length,Content-Type,Date,Server,Connection')])]
[2024-07-22 11:38:33,770]: [_client.py]: _send_single_request: 1773:       INFO:    [HTTP Request: POST https://api.telegram.org/bot6030805959:AAGUHAMxLYc-PrevgKouJ3ZyM7ktu56ftjo/getMe "HTTP/1.1 200 OK"]
[2024-07-22 11:38:33,770]: [_trace.py]: atrace: 85:       DEBUG:    [receive_response_body.started request=<Request [b'POST']>]
[2024-07-22 11:38:33,770]: [_trace.py]: atrace: 85:       DEBUG:    [receive_response_body.complete]
[2024-07-22 11:38:33,770]: [_trace.py]: atrace: 85:       DEBUG:    [response_closed.started]
[2024-07-22 11:38:33,771]: [_trace.py]: atrace: 85:       DEBUG:    [response_closed.complete]
[2024-07-22 11:38:33,771]: [_bot.py]: _do_post: 652:       DEBUG:    [Call to Bot API endpoint `getMe` finished with return value `{'id': 6030805959, 'is_bot': True, 'first_name': 'TyPHoone', 'username': 'TyPHoone_Project_bot', 'can_join_groups': True, 'can_read_all_group_messages': False, 'supports_inline_queries': False, 'can_connect_to_business': False}`]
[2024-07-22 11:38:33,773]: [_bot.py]: _do_post: 643:       DEBUG:    [Calling Bot API endpoint `sendDocument` with parameters `{'chat_id': '-4119703192', 'document': <telegram._files.inputfile.InputFile object at 0x7fc1e90036c0>}`]
[2024-07-22 11:38:33,773]: [_trace.py]: atrace: 85:       DEBUG:    [send_request_headers.started request=<Request [b'POST']>]
[2024-07-22 11:38:33,773]: [_trace.py]: atrace: 85:       DEBUG:    [send_request_headers.complete]
[2024-07-22 11:38:33,774]: [_trace.py]: atrace: 85:       DEBUG:    [send_request_body.started request=<Request [b'POST']>]
[2024-07-22 11:38:34,578]: [_trace.py]: atrace: 85:       DEBUG:    [send_request_body.complete]
[2024-07-22 11:38:34,578]: [_trace.py]: atrace: 85:       DEBUG:    [receive_response_headers.started request=<Request [b'POST']>]
[2024-07-22 11:38:35,327]: [_trace.py]: atrace: 85:       DEBUG:    [receive_response_headers.complete return_value=(b'HTTP/1.1', 200, b'OK', [(b'Server', b'nginx/1.18.0'), (b'Date', b'Mon, 22 Jul 2024 11:38:35 GMT'), (b'Content-Type', b'application/json'), (b'Content-Length', b'477'), (b'Connection', b'keep-alive'), (b'Strict-Transport-Security', b'max-age=31536000; includeSubDomains; preload'), (b'Access-Control-Allow-Origin', b'*'), (b'Access-Control-Allow-Methods', b'GET, POST, OPTIONS'), (b'Access-Control-Expose-Headers', b'Content-Length,Content-Type,Date,Server,Connection')])]
[2024-07-22 11:38:35,328]: [_client.py]: _send_single_request: 1773:       INFO:    [HTTP Request: POST https://api.telegram.org/bot6030805959:AAGUHAMxLYc-PrevgKouJ3ZyM7ktu56ftjo/sendDocument "HTTP/1.1 200 OK"]
[2024-07-22 11:38:35,328]: [_trace.py]: atrace: 85:       DEBUG:    [receive_response_body.started request=<Request [b'POST']>]
[2024-07-22 11:38:35,328]: [_trace.py]: atrace: 85:       DEBUG:    [receive_response_body.complete]
[2024-07-22 11:38:35,328]: [_trace.py]: atrace: 85:       DEBUG:    [response_closed.started]
[2024-07-22 11:38:35,328]: [_trace.py]: atrace: 85:       DEBUG:    [response_closed.complete]
[2024-07-22 11:38:35,328]: [_bot.py]: _do_post: 652:       DEBUG:    [Call to Bot API endpoint `sendDocument` finished with return value `{'message_id': 928, 'from': {'id': 6030805959, 'is_bot': True, 'first_name': 'TyPHoone', 'username': 'TyPHoone_Project_bot'}, 'chat': {'id': -4119703192, 'title': 'Robocop', 'type': 'group', 'all_members_are_administrators': True}, 'date': 1721648315, 'document': {'file_name': '(2024_07_22--11_38)output.zip', 'mime_type': 'application/zip', 'file_id': 'BQACAgQAAxkDAAIDoGaeRLpqhUfe1YZEIq4Kj7zN3MMNAAJkFgACpxnxUGs2SHWG_ETsNQQ', 'file_unique_id': 'AgADZBYAAqcZ8VA', 'file_size': 9831983}}`]
[2024-07-22 11:38:35,329]: [_trace.py]: atrace: 85:       DEBUG:    [close.started]
[2024-07-22 11:38:35,329]: [_trace.py]: atrace: 85:       DEBUG:    [close.complete]
[2024-07-22 11:38:35,329]: [Telegram_Sender.py]: runner: 61:       INFO:    [sent successfully]
[2024-07-22 11:38:35,330]: [Main.py]: <module>: 48:       INFO:    [Finished]
