[2025-08-02 11:41:13,545]: [Main.py]: <module>: 21:       INFO:    [Started]
[2025-08-02 11:41:15,071]: [Iron_Scraper.py]: Scrap: 32:       INFO:    [Data Scaraped Successfully]
[2025-08-02 11:41:15,270]: [Iron_Scraper.py]: Scrap: 70:       INFO:    [Scrapped Data Has No Problem]
[2025-08-02 11:41:15,271]: [Iron_Scraper.py]: Scrap: 83:       INFO:    [Data Saved Successfully]
[2025-08-02 11:41:15,271]: [Iron.py]: Run: 26:       INFO:    [Scraping Phase Completed]
[2025-08-02 11:41:15,271]: [Iron_Data_Processor.py]: Data_Reader: 61:       INFO:    [Data File Has Been Red Successfully]
[2025-08-02 11:41:15,271]: [Iron_Data_Processor.py]: Shaper: 78:       INFO:    [Data Shaped]
[2025-08-02 11:41:15,271]: [Iron_Data_Processor.py]: Process: 228:       INFO:    [Data Cleaned]
[2025-08-02 11:41:15,271]: [Iron_Data_Processor.py]: Make_Pages_Objects: 101:       INFO:    [Page Objects Has Been Made]
[2025-08-02 11:41:15,272]: [Iron_Data_Processor.py]: Make_Pages_Objects: 101:       INFO:    [Page Objects Has Been Made]
[2025-08-02 11:41:15,272]: [Iron_Data_Processor.py]: Load_Data: 118:       INFO:    [Data Has Been Load]
[2025-08-02 11:41:15,272]: [Iron_Data_Processor.py]: Load_Data: 118:       INFO:    [Data Has Been Load]
[2025-08-02 11:41:15,272]: [Iron_Data_Processor.py]: Load_positions: 140:       INFO:    [Positions Are Ready]
[2025-08-02 11:41:15,272]: [Iron_Data_Processor.py]: Load_positions: 140:       INFO:    [Positions Are Ready]
[2025-08-02 11:41:16,380]: [Iron_Data_Processor.py]: Make_Tagged_Images: 193:       INFO:    [Images Has Been Made]
[2025-08-02 11:41:17,319]: [Iron_Data_Processor.py]: Make_Tagged_Images: 193:       INFO:    [Images Has Been Made]
[2025-08-02 11:41:17,575]: [Iron_Data_Processor.py]: Make_Cover_Page: 215:       INFO:    [Made Cover Pages]
[2025-08-02 11:41:17,576]: [Iron.py]: Run: 29:       INFO:    [Imagination Phase Completed]
[2025-08-02 11:41:20,207]: [Phone_Scraper.py]: Scrap: 58:       INFO:    [Data Scraped]
[2025-08-02 11:41:20,207]: [Phone_Scraper.py]: Scrap: 71:       INFO:    [Scraped Data Successfully]
[2025-08-02 11:41:20,207]: [Phone.py]: Run: 26:       INFO:    [Scraping Phase Complete]
[2025-08-02 11:41:20,207]: [Phone_Data_Processor.py]: data_reader: 38:       INFO:    [Scraped Data Loaded]
[2025-08-02 11:41:20,208]: [Phone_Data_Processor.py]: filter_list: 65:       INFO:    [Persian Phrases Are deleted]
[2025-08-02 11:41:20,209]: [Phone_Data_Processor.py]: reshape_list: 87:       INFO:    [Date Reshaped]
[2025-08-02 11:41:20,209]: [Phone_Data_Processor.py]: separate_brands: 124:       INFO:    [Brands Are Separated]
[2025-08-02 11:41:20,209]: [Phone_Data_Processor.py]: delete_extra_spaces: 141:       INFO:    [Extra Spaces Are Deleted]
[2025-08-02 11:41:20,978]: [Phone.py]: Run: 29:       INFO:    [Imagination Phase Complete]
[2025-08-02 11:41:20,978]: [selector_events.py]: __init__: 64:       DEBUG:    [Using selector: EpollSelector]
[2025-08-02 11:41:21,258]: [_bot.py]: _do_post: 643:       DEBUG:    [Calling Bot API endpoint `getMe` with parameters `{}`]
[2025-08-02 11:41:21,263]: [_trace.py]: atrace: 87:       DEBUG:    [connect_tcp.started host='api.telegram.org' port=443 local_address=None timeout=5.0 socket_options=None]
[2025-08-02 11:41:21,446]: [_trace.py]: atrace: 87:       DEBUG:    [connect_tcp.complete return_value=<httpcore._backends.anyio.AnyIOStream object at 0x7fb5b5bb1100>]
[2025-08-02 11:41:21,446]: [_trace.py]: atrace: 87:       DEBUG:    [start_tls.started ssl_context=<ssl.SSLContext object at 0x7fb5b6587750> server_hostname='api.telegram.org' timeout=5.0]
[2025-08-02 11:41:21,537]: [_trace.py]: atrace: 87:       DEBUG:    [start_tls.complete return_value=<httpcore._backends.anyio.AnyIOStream object at 0x7fb5c48edc10>]
[2025-08-02 11:41:21,537]: [_trace.py]: atrace: 87:       DEBUG:    [send_request_headers.started request=<Request [b'POST']>]
[2025-08-02 11:41:21,537]: [_trace.py]: atrace: 87:       DEBUG:    [send_request_headers.complete]
[2025-08-02 11:41:21,537]: [_trace.py]: atrace: 87:       DEBUG:    [send_request_body.started request=<Request [b'POST']>]
[2025-08-02 11:41:21,537]: [_trace.py]: atrace: 87:       DEBUG:    [send_request_body.complete]
[2025-08-02 11:41:21,537]: [_trace.py]: atrace: 87:       DEBUG:    [receive_response_headers.started request=<Request [b'POST']>]
[2025-08-02 11:41:21,626]: [_trace.py]: atrace: 87:       DEBUG:    [receive_response_headers.complete return_value=(b'HTTP/1.1', 200, b'OK', [(b'Server', b'nginx/1.18.0'), (b'Date', b'Sat, 02 Aug 2025 11:41:21 GMT'), (b'Content-Type', b'application/json'), (b'Content-Length', b'258'), (b'Connection', b'keep-alive'), (b'Strict-Transport-Security', b'max-age=31536000; includeSubDomains; preload'), (b'Access-Control-Allow-Origin', b'*'), (b'Access-Control-Allow-Methods', b'GET, POST, OPTIONS'), (b'Access-Control-Expose-Headers', b'Content-Length,Content-Type,Date,Server,Connection')])]
[2025-08-02 11:41:21,627]: [_client.py]: _send_single_request: 1740:       INFO:    [HTTP Request: POST https://api.telegram.org/bot6030805959:AAGUHAMxLYc-PrevgKouJ3ZyM7ktu56ftjo/getMe "HTTP/1.1 200 OK"]
[2025-08-02 11:41:21,627]: [_trace.py]: atrace: 87:       DEBUG:    [receive_response_body.started request=<Request [b'POST']>]
[2025-08-02 11:41:21,627]: [_trace.py]: atrace: 87:       DEBUG:    [receive_response_body.complete]
[2025-08-02 11:41:21,627]: [_trace.py]: atrace: 87:       DEBUG:    [response_closed.started]
[2025-08-02 11:41:21,627]: [_trace.py]: atrace: 87:       DEBUG:    [response_closed.complete]
[2025-08-02 11:41:21,627]: [_bot.py]: _do_post: 652:       DEBUG:    [Call to Bot API endpoint `getMe` finished with return value `{'id': 6030805959, 'is_bot': True, 'first_name': 'TyPHoone', 'username': 'TyPHoone_Project_bot', 'can_join_groups': True, 'can_read_all_group_messages': False, 'supports_inline_queries': False, 'can_connect_to_business': False, 'has_main_web_app': False}`]
[2025-08-02 11:41:21,630]: [_bot.py]: _do_post: 643:       DEBUG:    [Calling Bot API endpoint `sendDocument` with parameters `{'chat_id': '-4119703192', 'document': <telegram._files.inputfile.InputFile object at 0x7fb5b5b81780>}`]
[2025-08-02 11:41:21,631]: [_trace.py]: atrace: 87:       DEBUG:    [send_request_headers.started request=<Request [b'POST']>]
[2025-08-02 11:41:21,631]: [_trace.py]: atrace: 87:       DEBUG:    [send_request_headers.complete]
[2025-08-02 11:41:21,631]: [_trace.py]: atrace: 87:       DEBUG:    [send_request_body.started request=<Request [b'POST']>]
[2025-08-02 11:41:21,631]: [_trace.py]: atrace: 87:       DEBUG:    [send_request_body.complete]
[2025-08-02 11:41:21,631]: [_trace.py]: atrace: 87:       DEBUG:    [receive_response_headers.started request=<Request [b'POST']>]
[2025-08-02 11:41:21,762]: [_trace.py]: atrace: 87:       DEBUG:    [receive_response_headers.complete return_value=(b'HTTP/1.1', 200, b'OK', [(b'Server', b'nginx/1.18.0'), (b'Date', b'Sat, 02 Aug 2025 11:41:21 GMT'), (b'Content-Type', b'application/json'), (b'Content-Length', b'584'), (b'Connection', b'keep-alive'), (b'Strict-Transport-Security', b'max-age=31536000; includeSubDomains; preload'), (b'Access-Control-Allow-Origin', b'*'), (b'Access-Control-Allow-Methods', b'GET, POST, OPTIONS'), (b'Access-Control-Expose-Headers', b'Content-Length,Content-Type,Date,Server,Connection')])]
[2025-08-02 11:41:21,762]: [_client.py]: _send_single_request: 1740:       INFO:    [HTTP Request: POST https://api.telegram.org/bot6030805959:AAGUHAMxLYc-PrevgKouJ3ZyM7ktu56ftjo/sendDocument "HTTP/1.1 200 OK"]
[2025-08-02 11:41:21,762]: [_trace.py]: atrace: 87:       DEBUG:    [receive_response_body.started request=<Request [b'POST']>]
[2025-08-02 11:41:21,762]: [_trace.py]: atrace: 87:       DEBUG:    [receive_response_body.complete]
[2025-08-02 11:41:21,762]: [_trace.py]: atrace: 87:       DEBUG:    [response_closed.started]
[2025-08-02 11:41:21,762]: [_trace.py]: atrace: 87:       DEBUG:    [response_closed.complete]
[2025-08-02 11:41:21,762]: [_bot.py]: _do_post: 652:       DEBUG:    [Call to Bot API endpoint `sendDocument` finished with return value `{'message_id': 2517, 'from': {'id': 6030805959, 'is_bot': True, 'first_name': 'TyPHoone', 'username': 'TyPHoone_Project_bot'}, 'chat': {'id': -4119703192, 'title': 'Robocop', 'type': 'group', 'all_members_are_administrators': True, 'accepted_gift_types': {'unlimited_gifts': False, 'limited_gifts': False, 'unique_gifts': False, 'premium_subscription': False}}, 'date': 1754134881, 'document': {'file_name': '(2025_08_02--11_41).log', 'mime_type': 'text/plain', 'file_id': 'BQACAgQAAxkDAAIJ1WiN-WHZ2ZHKOfsXQiLetTpstA7vAAI-GgACWTlxUKFpEByYh8YaNgQ', 'file_unique_id': 'AgADPhoAAlk5cVA', 'file_size': 5937}}`]
[2025-08-02 11:41:21,763]: [_trace.py]: atrace: 87:       DEBUG:    [close.started]
[2025-08-02 11:41:21,763]: [_trace.py]: atrace: 87:       DEBUG:    [close.complete]
[2025-08-02 11:41:21,806]: [_bot.py]: _do_post: 643:       DEBUG:    [Calling Bot API endpoint `getMe` with parameters `{}`]
[2025-08-02 11:41:21,807]: [_trace.py]: atrace: 87:       DEBUG:    [connect_tcp.started host='api.telegram.org' port=443 local_address=None timeout=5.0 socket_options=None]
[2025-08-02 11:41:21,896]: [_trace.py]: atrace: 87:       DEBUG:    [connect_tcp.complete return_value=<httpcore._backends.anyio.AnyIOStream object at 0x7fb5b4a1d250>]
[2025-08-02 11:41:21,896]: [_trace.py]: atrace: 87:       DEBUG:    [start_tls.started ssl_context=<ssl.SSLContext object at 0x7fb5b6587650> server_hostname='api.telegram.org' timeout=5.0]
[2025-08-02 11:41:21,987]: [_trace.py]: atrace: 87:       DEBUG:    [start_tls.complete return_value=<httpcore._backends.anyio.AnyIOStream object at 0x7fb5b5bb26c0>]
[2025-08-02 11:41:21,987]: [_trace.py]: atrace: 87:       DEBUG:    [send_request_headers.started request=<Request [b'POST']>]
[2025-08-02 11:41:21,987]: [_trace.py]: atrace: 87:       DEBUG:    [send_request_headers.complete]
[2025-08-02 11:41:21,987]: [_trace.py]: atrace: 87:       DEBUG:    [send_request_body.started request=<Request [b'POST']>]
[2025-08-02 11:41:21,987]: [_trace.py]: atrace: 87:       DEBUG:    [send_request_body.complete]
[2025-08-02 11:41:21,987]: [_trace.py]: atrace: 87:       DEBUG:    [receive_response_headers.started request=<Request [b'POST']>]
[2025-08-02 11:41:22,076]: [_trace.py]: atrace: 87:       DEBUG:    [receive_response_headers.complete return_value=(b'HTTP/1.1', 200, b'OK', [(b'Server', b'nginx/1.18.0'), (b'Date', b'Sat, 02 Aug 2025 11:41:22 GMT'), (b'Content-Type', b'application/json'), (b'Content-Length', b'258'), (b'Connection', b'keep-alive'), (b'Strict-Transport-Security', b'max-age=31536000; includeSubDomains; preload'), (b'Access-Control-Allow-Origin', b'*'), (b'Access-Control-Allow-Methods', b'GET, POST, OPTIONS'), (b'Access-Control-Expose-Headers', b'Content-Length,Content-Type,Date,Server,Connection')])]
[2025-08-02 11:41:22,077]: [_client.py]: _send_single_request: 1740:       INFO:    [HTTP Request: POST https://api.telegram.org/bot6030805959:AAGUHAMxLYc-PrevgKouJ3ZyM7ktu56ftjo/getMe "HTTP/1.1 200 OK"]
[2025-08-02 11:41:22,077]: [_trace.py]: atrace: 87:       DEBUG:    [receive_response_body.started request=<Request [b'POST']>]
[2025-08-02 11:41:22,077]: [_trace.py]: atrace: 87:       DEBUG:    [receive_response_body.complete]
[2025-08-02 11:41:22,077]: [_trace.py]: atrace: 87:       DEBUG:    [response_closed.started]
[2025-08-02 11:41:22,077]: [_trace.py]: atrace: 87:       DEBUG:    [response_closed.complete]
[2025-08-02 11:41:22,077]: [_bot.py]: _do_post: 652:       DEBUG:    [Call to Bot API endpoint `getMe` finished with return value `{'id': 6030805959, 'is_bot': True, 'first_name': 'TyPHoone', 'username': 'TyPHoone_Project_bot', 'can_join_groups': True, 'can_read_all_group_messages': False, 'supports_inline_queries': False, 'can_connect_to_business': False, 'has_main_web_app': False}`]
[2025-08-02 11:41:22,079]: [_bot.py]: _do_post: 643:       DEBUG:    [Calling Bot API endpoint `sendDocument` with parameters `{'chat_id': '-4119703192', 'document': <telegram._files.inputfile.InputFile object at 0x7fb5b65b2a80>}`]
[2025-08-02 11:41:22,080]: [_trace.py]: atrace: 87:       DEBUG:    [send_request_headers.started request=<Request [b'POST']>]
[2025-08-02 11:41:22,080]: [_trace.py]: atrace: 87:       DEBUG:    [send_request_headers.complete]
[2025-08-02 11:41:22,080]: [_trace.py]: atrace: 87:       DEBUG:    [send_request_body.started request=<Request [b'POST']>]
[2025-08-02 11:41:22,977]: [_trace.py]: atrace: 87:       DEBUG:    [send_request_body.complete]
[2025-08-02 11:41:22,977]: [_trace.py]: atrace: 87:       DEBUG:    [receive_response_headers.started request=<Request [b'POST']>]
[2025-08-02 11:41:23,546]: [_trace.py]: atrace: 87:       DEBUG:    [receive_response_headers.complete return_value=(b'HTTP/1.1', 200, b'OK', [(b'Server', b'nginx/1.18.0'), (b'Date', b'Sat, 02 Aug 2025 11:41:23 GMT'), (b'Content-Type', b'application/json'), (b'Content-Length', b'599'), (b'Connection', b'keep-alive'), (b'Strict-Transport-Security', b'max-age=31536000; includeSubDomains; preload'), (b'Access-Control-Allow-Origin', b'*'), (b'Access-Control-Allow-Methods', b'GET, POST, OPTIONS'), (b'Access-Control-Expose-Headers', b'Content-Length,Content-Type,Date,Server,Connection')])]
[2025-08-02 11:41:23,546]: [_client.py]: _send_single_request: 1740:       INFO:    [HTTP Request: POST https://api.telegram.org/bot6030805959:AAGUHAMxLYc-PrevgKouJ3ZyM7ktu56ftjo/sendDocument "HTTP/1.1 200 OK"]
[2025-08-02 11:41:23,546]: [_trace.py]: atrace: 87:       DEBUG:    [receive_response_body.started request=<Request [b'POST']>]
[2025-08-02 11:41:23,546]: [_trace.py]: atrace: 87:       DEBUG:    [receive_response_body.complete]
[2025-08-02 11:41:23,546]: [_trace.py]: atrace: 87:       DEBUG:    [response_closed.started]
[2025-08-02 11:41:23,547]: [_trace.py]: atrace: 87:       DEBUG:    [response_closed.complete]
[2025-08-02 11:41:23,547]: [_bot.py]: _do_post: 652:       DEBUG:    [Call to Bot API endpoint `sendDocument` finished with return value `{'message_id': 2518, 'from': {'id': 6030805959, 'is_bot': True, 'first_name': 'TyPHoone', 'username': 'TyPHoone_Project_bot'}, 'chat': {'id': -4119703192, 'title': 'Robocop', 'type': 'group', 'all_members_are_administrators': True, 'accepted_gift_types': {'unlimited_gifts': False, 'limited_gifts': False, 'unique_gifts': False, 'premium_subscription': False}}, 'date': 1754134883, 'document': {'file_name': '(2025_08_02--11_41)output.zip', 'mime_type': 'application/zip', 'file_id': 'BQACAgQAAxkDAAIJ1miN-WMjmyxkHwxgr1SYQx308J2OAAI_GgACWTlxUM5Zd8AlUpbMNgQ', 'file_unique_id': 'AgADPxoAAlk5cVA', 'file_size': 10174134}}`]
[2025-08-02 11:41:23,547]: [_trace.py]: atrace: 87:       DEBUG:    [close.started]
[2025-08-02 11:41:23,547]: [_trace.py]: atrace: 87:       DEBUG:    [close.complete]
[2025-08-02 11:41:23,547]: [Telegram_Sender.py]: runner: 61:       INFO:    [sent successfully]
[2025-08-02 11:41:23,548]: [Main.py]: <module>: 48:       INFO:    [Finished]
