[2025-09-09 11:39:01,392]: [Main.py]: <module>: 21:       INFO:    [Started]
[2025-09-09 11:39:02,953]: [Iron_Scraper.py]: Scrap: 32:       INFO:    [Data Scaraped Successfully]
[2025-09-09 11:39:03,150]: [Iron_Scraper.py]: Scrap: 70:       INFO:    [Scrapped Data Has No Problem]
[2025-09-09 11:39:03,151]: [Iron_Scraper.py]: Scrap: 83:       INFO:    [Data Saved Successfully]
[2025-09-09 11:39:03,151]: [Iron.py]: Run: 26:       INFO:    [Scraping Phase Completed]
[2025-09-09 11:39:03,151]: [Iron_Data_Processor.py]: Data_Reader: 61:       INFO:    [Data File Has Been Red Successfully]
[2025-09-09 11:39:03,151]: [Iron_Data_Processor.py]: Shaper: 78:       INFO:    [Data Shaped]
[2025-09-09 11:39:03,151]: [Iron_Data_Processor.py]: Process: 228:       INFO:    [Data Cleaned]
[2025-09-09 11:39:03,151]: [Iron_Data_Processor.py]: Make_Pages_Objects: 101:       INFO:    [Page Objects Has Been Made]
[2025-09-09 11:39:03,151]: [Iron_Data_Processor.py]: Make_Pages_Objects: 101:       INFO:    [Page Objects Has Been Made]
[2025-09-09 11:39:03,152]: [Iron_Data_Processor.py]: Load_Data: 118:       INFO:    [Data Has Been Load]
[2025-09-09 11:39:03,152]: [Iron_Data_Processor.py]: Load_Data: 118:       INFO:    [Data Has Been Load]
[2025-09-09 11:39:03,153]: [Iron_Data_Processor.py]: Load_positions: 140:       INFO:    [Positions Are Ready]
[2025-09-09 11:39:03,153]: [Iron_Data_Processor.py]: Load_positions: 140:       INFO:    [Positions Are Ready]
[2025-09-09 11:39:04,275]: [Iron_Data_Processor.py]: Make_Tagged_Images: 193:       INFO:    [Images Has Been Made]
[2025-09-09 11:39:05,225]: [Iron_Data_Processor.py]: Make_Tagged_Images: 193:       INFO:    [Images Has Been Made]
[2025-09-09 11:39:05,478]: [Iron_Data_Processor.py]: Make_Cover_Page: 215:       INFO:    [Made Cover Pages]
[2025-09-09 11:39:05,479]: [Iron.py]: Run: 29:       INFO:    [Imagination Phase Completed]
[2025-09-09 11:39:09,287]: [Phone_Scraper.py]: Scrap: 58:       INFO:    [Data Scraped]
[2025-09-09 11:39:09,287]: [Phone_Scraper.py]: Scrap: 71:       INFO:    [Scraped Data Successfully]
[2025-09-09 11:39:09,288]: [Phone.py]: Run: 26:       INFO:    [Scraping Phase Complete]
[2025-09-09 11:39:09,288]: [Phone_Data_Processor.py]: data_reader: 38:       INFO:    [Scraped Data Loaded]
[2025-09-09 11:39:09,289]: [Phone_Data_Processor.py]: filter_list: 65:       INFO:    [Persian Phrases Are deleted]
[2025-09-09 11:39:09,289]: [Phone_Data_Processor.py]: reshape_list: 87:       INFO:    [Date Reshaped]
[2025-09-09 11:39:09,289]: [Phone_Data_Processor.py]: separate_brands: 124:       INFO:    [Brands Are Separated]
[2025-09-09 11:39:09,290]: [Phone_Data_Processor.py]: delete_extra_spaces: 141:       INFO:    [Extra Spaces Are Deleted]
[2025-09-09 11:39:10,016]: [Phone.py]: Run: 29:       INFO:    [Imagination Phase Complete]
[2025-09-09 11:39:10,016]: [selector_events.py]: __init__: 64:       DEBUG:    [Using selector: EpollSelector]
[2025-09-09 11:39:10,291]: [_bot.py]: _do_post: 643:       DEBUG:    [Calling Bot API endpoint `getMe` with parameters `{}`]
[2025-09-09 11:39:10,296]: [_trace.py]: atrace: 87:       DEBUG:    [connect_tcp.started host='api.telegram.org' port=443 local_address=None timeout=5.0 socket_options=None]
[2025-09-09 11:39:10,482]: [_trace.py]: atrace: 87:       DEBUG:    [connect_tcp.complete return_value=<httpcore._backends.anyio.AnyIOStream object at 0x7fa41d7ff380>]
[2025-09-09 11:39:10,482]: [_trace.py]: atrace: 87:       DEBUG:    [start_tls.started ssl_context=<ssl.SSLContext object at 0x7fa4101b1cd0> server_hostname='api.telegram.org' timeout=5.0]
[2025-09-09 11:39:10,573]: [_trace.py]: atrace: 87:       DEBUG:    [start_tls.complete return_value=<httpcore._backends.anyio.AnyIOStream object at 0x7fa4104f7200>]
[2025-09-09 11:39:10,573]: [_trace.py]: atrace: 87:       DEBUG:    [send_request_headers.started request=<Request [b'POST']>]
[2025-09-09 11:39:10,574]: [_trace.py]: atrace: 87:       DEBUG:    [send_request_headers.complete]
[2025-09-09 11:39:10,574]: [_trace.py]: atrace: 87:       DEBUG:    [send_request_body.started request=<Request [b'POST']>]
[2025-09-09 11:39:10,574]: [_trace.py]: atrace: 87:       DEBUG:    [send_request_body.complete]
[2025-09-09 11:39:10,574]: [_trace.py]: atrace: 87:       DEBUG:    [receive_response_headers.started request=<Request [b'POST']>]
[2025-09-09 11:39:10,664]: [_trace.py]: atrace: 87:       DEBUG:    [receive_response_headers.complete return_value=(b'HTTP/1.1', 200, b'OK', [(b'Server', b'nginx/1.18.0'), (b'Date', b'Tue, 09 Sep 2025 11:39:10 GMT'), (b'Content-Type', b'application/json'), (b'Content-Length', b'258'), (b'Connection', b'keep-alive'), (b'Strict-Transport-Security', b'max-age=31536000; includeSubDomains; preload'), (b'Access-Control-Allow-Origin', b'*'), (b'Access-Control-Allow-Methods', b'GET, POST, OPTIONS'), (b'Access-Control-Expose-Headers', b'Content-Length,Content-Type,Date,Server,Connection')])]
[2025-09-09 11:39:10,664]: [_client.py]: _send_single_request: 1740:       INFO:    [HTTP Request: POST https://api.telegram.org/bot6030805959:AAGUHAMxLYc-PrevgKouJ3ZyM7ktu56ftjo/getMe "HTTP/1.1 200 OK"]
[2025-09-09 11:39:10,664]: [_trace.py]: atrace: 87:       DEBUG:    [receive_response_body.started request=<Request [b'POST']>]
[2025-09-09 11:39:10,665]: [_trace.py]: atrace: 87:       DEBUG:    [receive_response_body.complete]
[2025-09-09 11:39:10,665]: [_trace.py]: atrace: 87:       DEBUG:    [response_closed.started]
[2025-09-09 11:39:10,665]: [_trace.py]: atrace: 87:       DEBUG:    [response_closed.complete]
[2025-09-09 11:39:10,665]: [_bot.py]: _do_post: 652:       DEBUG:    [Call to Bot API endpoint `getMe` finished with return value `{'id': 6030805959, 'is_bot': True, 'first_name': 'TyPHoone', 'username': 'TyPHoone_Project_bot', 'can_join_groups': True, 'can_read_all_group_messages': False, 'supports_inline_queries': False, 'can_connect_to_business': False, 'has_main_web_app': False}`]
[2025-09-09 11:39:10,668]: [_bot.py]: _do_post: 643:       DEBUG:    [Calling Bot API endpoint `sendDocument` with parameters `{'chat_id': '-4119703192', 'document': <telegram._files.inputfile.InputFile object at 0x7fa40fcd5840>}`]
[2025-09-09 11:39:10,668]: [_trace.py]: atrace: 87:       DEBUG:    [send_request_headers.started request=<Request [b'POST']>]
[2025-09-09 11:39:10,669]: [_trace.py]: atrace: 87:       DEBUG:    [send_request_headers.complete]
[2025-09-09 11:39:10,669]: [_trace.py]: atrace: 87:       DEBUG:    [send_request_body.started request=<Request [b'POST']>]
[2025-09-09 11:39:10,669]: [_trace.py]: atrace: 87:       DEBUG:    [send_request_body.complete]
[2025-09-09 11:39:10,669]: [_trace.py]: atrace: 87:       DEBUG:    [receive_response_headers.started request=<Request [b'POST']>]
[2025-09-09 11:39:10,893]: [_trace.py]: atrace: 87:       DEBUG:    [receive_response_headers.complete return_value=(b'HTTP/1.1', 200, b'OK', [(b'Server', b'nginx/1.18.0'), (b'Date', b'Tue, 09 Sep 2025 11:39:10 GMT'), (b'Content-Type', b'application/json'), (b'Content-Length', b'584'), (b'Connection', b'keep-alive'), (b'Strict-Transport-Security', b'max-age=31536000; includeSubDomains; preload'), (b'Access-Control-Allow-Origin', b'*'), (b'Access-Control-Allow-Methods', b'GET, POST, OPTIONS'), (b'Access-Control-Expose-Headers', b'Content-Length,Content-Type,Date,Server,Connection')])]
[2025-09-09 11:39:10,893]: [_client.py]: _send_single_request: 1740:       INFO:    [HTTP Request: POST https://api.telegram.org/bot6030805959:AAGUHAMxLYc-PrevgKouJ3ZyM7ktu56ftjo/sendDocument "HTTP/1.1 200 OK"]
[2025-09-09 11:39:10,894]: [_trace.py]: atrace: 87:       DEBUG:    [receive_response_body.started request=<Request [b'POST']>]
[2025-09-09 11:39:10,894]: [_trace.py]: atrace: 87:       DEBUG:    [receive_response_body.complete]
[2025-09-09 11:39:10,894]: [_trace.py]: atrace: 87:       DEBUG:    [response_closed.started]
[2025-09-09 11:39:10,894]: [_trace.py]: atrace: 87:       DEBUG:    [response_closed.complete]
[2025-09-09 11:39:10,894]: [_bot.py]: _do_post: 652:       DEBUG:    [Call to Bot API endpoint `sendDocument` finished with return value `{'message_id': 2593, 'from': {'id': 6030805959, 'is_bot': True, 'first_name': 'TyPHoone', 'username': 'TyPHoone_Project_bot'}, 'chat': {'id': -4119703192, 'title': 'Robocop', 'type': 'group', 'all_members_are_administrators': True, 'accepted_gift_types': {'unlimited_gifts': False, 'limited_gifts': False, 'unique_gifts': False, 'premium_subscription': False}}, 'date': 1757417950, 'document': {'file_name': '(2025_09_09--11_39).log', 'mime_type': 'text/plain', 'file_id': 'BQACAgQAAxkDAAIKIWjAEd5NwRfvhf_LEUJINAyjqfLXAAKNIQAC3CcBUkmxng6LHB7aNgQ', 'file_unique_id': 'AgADjSEAAtwnAVI', 'file_size': 5937}}`]
[2025-09-09 11:39:10,895]: [_trace.py]: atrace: 87:       DEBUG:    [close.started]
[2025-09-09 11:39:10,895]: [_trace.py]: atrace: 87:       DEBUG:    [close.complete]
[2025-09-09 11:39:10,937]: [_bot.py]: _do_post: 643:       DEBUG:    [Calling Bot API endpoint `getMe` with parameters `{}`]
[2025-09-09 11:39:10,938]: [_trace.py]: atrace: 87:       DEBUG:    [connect_tcp.started host='api.telegram.org' port=443 local_address=None timeout=5.0 socket_options=None]
[2025-09-09 11:39:11,028]: [_trace.py]: atrace: 87:       DEBUG:    [connect_tcp.complete return_value=<httpcore._backends.anyio.AnyIOStream object at 0x7fa40f7a51c0>]
[2025-09-09 11:39:11,028]: [_trace.py]: atrace: 87:       DEBUG:    [start_tls.started ssl_context=<ssl.SSLContext object at 0x7fa4101b1bd0> server_hostname='api.telegram.org' timeout=5.0]
[2025-09-09 11:39:11,119]: [_trace.py]: atrace: 87:       DEBUG:    [start_tls.complete return_value=<httpcore._backends.anyio.AnyIOStream object at 0x7fa40f8daed0>]
[2025-09-09 11:39:11,120]: [_trace.py]: atrace: 87:       DEBUG:    [send_request_headers.started request=<Request [b'POST']>]
[2025-09-09 11:39:11,120]: [_trace.py]: atrace: 87:       DEBUG:    [send_request_headers.complete]
[2025-09-09 11:39:11,120]: [_trace.py]: atrace: 87:       DEBUG:    [send_request_body.started request=<Request [b'POST']>]
[2025-09-09 11:39:11,120]: [_trace.py]: atrace: 87:       DEBUG:    [send_request_body.complete]
[2025-09-09 11:39:11,120]: [_trace.py]: atrace: 87:       DEBUG:    [receive_response_headers.started request=<Request [b'POST']>]
[2025-09-09 11:39:11,209]: [_trace.py]: atrace: 87:       DEBUG:    [receive_response_headers.complete return_value=(b'HTTP/1.1', 200, b'OK', [(b'Server', b'nginx/1.18.0'), (b'Date', b'Tue, 09 Sep 2025 11:39:11 GMT'), (b'Content-Type', b'application/json'), (b'Content-Length', b'258'), (b'Connection', b'keep-alive'), (b'Strict-Transport-Security', b'max-age=31536000; includeSubDomains; preload'), (b'Access-Control-Allow-Origin', b'*'), (b'Access-Control-Allow-Methods', b'GET, POST, OPTIONS'), (b'Access-Control-Expose-Headers', b'Content-Length,Content-Type,Date,Server,Connection')])]
[2025-09-09 11:39:11,210]: [_client.py]: _send_single_request: 1740:       INFO:    [HTTP Request: POST https://api.telegram.org/bot6030805959:AAGUHAMxLYc-PrevgKouJ3ZyM7ktu56ftjo/getMe "HTTP/1.1 200 OK"]
[2025-09-09 11:39:11,210]: [_trace.py]: atrace: 87:       DEBUG:    [receive_response_body.started request=<Request [b'POST']>]
[2025-09-09 11:39:11,210]: [_trace.py]: atrace: 87:       DEBUG:    [receive_response_body.complete]
[2025-09-09 11:39:11,210]: [_trace.py]: atrace: 87:       DEBUG:    [response_closed.started]
[2025-09-09 11:39:11,210]: [_trace.py]: atrace: 87:       DEBUG:    [response_closed.complete]
[2025-09-09 11:39:11,210]: [_bot.py]: _do_post: 652:       DEBUG:    [Call to Bot API endpoint `getMe` finished with return value `{'id': 6030805959, 'is_bot': True, 'first_name': 'TyPHoone', 'username': 'TyPHoone_Project_bot', 'can_join_groups': True, 'can_read_all_group_messages': False, 'supports_inline_queries': False, 'can_connect_to_business': False, 'has_main_web_app': False}`]
[2025-09-09 11:39:11,213]: [_bot.py]: _do_post: 643:       DEBUG:    [Calling Bot API endpoint `sendDocument` with parameters `{'chat_id': '-4119703192', 'document': <telegram._files.inputfile.InputFile object at 0x7fa4101ce000>}`]
[2025-09-09 11:39:11,213]: [_trace.py]: atrace: 87:       DEBUG:    [send_request_headers.started request=<Request [b'POST']>]
[2025-09-09 11:39:11,214]: [_trace.py]: atrace: 87:       DEBUG:    [send_request_headers.complete]
[2025-09-09 11:39:11,214]: [_trace.py]: atrace: 87:       DEBUG:    [send_request_body.started request=<Request [b'POST']>]
[2025-09-09 11:39:12,071]: [_trace.py]: atrace: 87:       DEBUG:    [send_request_body.complete]
[2025-09-09 11:39:12,071]: [_trace.py]: atrace: 87:       DEBUG:    [receive_response_headers.started request=<Request [b'POST']>]
[2025-09-09 11:39:13,004]: [_trace.py]: atrace: 87:       DEBUG:    [receive_response_headers.complete return_value=(b'HTTP/1.1', 200, b'OK', [(b'Server', b'nginx/1.18.0'), (b'Date', b'Tue, 09 Sep 2025 11:39:12 GMT'), (b'Content-Type', b'application/json'), (b'Content-Length', b'600'), (b'Connection', b'keep-alive'), (b'Strict-Transport-Security', b'max-age=31536000; includeSubDomains; preload'), (b'Access-Control-Allow-Origin', b'*'), (b'Access-Control-Allow-Methods', b'GET, POST, OPTIONS'), (b'Access-Control-Expose-Headers', b'Content-Length,Content-Type,Date,Server,Connection')])]
[2025-09-09 11:39:13,004]: [_client.py]: _send_single_request: 1740:       INFO:    [HTTP Request: POST https://api.telegram.org/bot6030805959:AAGUHAMxLYc-PrevgKouJ3ZyM7ktu56ftjo/sendDocument "HTTP/1.1 200 OK"]
[2025-09-09 11:39:13,004]: [_trace.py]: atrace: 87:       DEBUG:    [receive_response_body.started request=<Request [b'POST']>]
[2025-09-09 11:39:13,004]: [_trace.py]: atrace: 87:       DEBUG:    [receive_response_body.complete]
[2025-09-09 11:39:13,004]: [_trace.py]: atrace: 87:       DEBUG:    [response_closed.started]
[2025-09-09 11:39:13,004]: [_trace.py]: atrace: 87:       DEBUG:    [response_closed.complete]
[2025-09-09 11:39:13,004]: [_bot.py]: _do_post: 652:       DEBUG:    [Call to Bot API endpoint `sendDocument` finished with return value `{'message_id': 2594, 'from': {'id': 6030805959, 'is_bot': True, 'first_name': 'TyPHoone', 'username': 'TyPHoone_Project_bot'}, 'chat': {'id': -4119703192, 'title': 'Robocop', 'type': 'group', 'all_members_are_administrators': True, 'accepted_gift_types': {'unlimited_gifts': False, 'limited_gifts': False, 'unique_gifts': False, 'premium_subscription': False}}, 'date': 1757417952, 'document': {'file_name': '(2025_09_09--11_39)output.zip', 'mime_type': 'application/zip', 'file_id': 'BQACAgQAAxkDAAIKImjAEeAAAVS7V3OUq_LxIMT41q0b2gACjiEAAtwnAVLIToULSUS7SDYE', 'file_unique_id': 'AgADjiEAAtwnAVI', 'file_size': 10049227}}`]
[2025-09-09 11:39:13,005]: [_trace.py]: atrace: 87:       DEBUG:    [close.started]
[2025-09-09 11:39:13,005]: [_trace.py]: atrace: 87:       DEBUG:    [close.complete]
[2025-09-09 11:39:13,005]: [Telegram_Sender.py]: runner: 61:       INFO:    [sent successfully]
[2025-09-09 11:39:13,006]: [Main.py]: <module>: 48:       INFO:    [Finished]
