[2025-12-19 11:42:06,215]: [Main.py]: <module>: 21:       INFO:    [Started]
[2025-12-19 11:42:07,632]: [Iron_Scraper.py]: Scrap: 32:       INFO:    [Data Scaraped Successfully]
[2025-12-19 11:42:07,835]: [Iron_Scraper.py]: Scrap: 70:       INFO:    [Scrapped Data Has No Problem]
[2025-12-19 11:42:07,835]: [Iron_Scraper.py]: Scrap: 83:       INFO:    [Data Saved Successfully]
[2025-12-19 11:42:07,835]: [Iron.py]: Run: 26:       INFO:    [Scraping Phase Completed]
[2025-12-19 11:42:07,836]: [Iron_Data_Processor.py]: Data_Reader: 61:       INFO:    [Data File Has Been Red Successfully]
[2025-12-19 11:42:07,836]: [Iron_Data_Processor.py]: Shaper: 78:       INFO:    [Data Shaped]
[2025-12-19 11:42:07,836]: [Iron_Data_Processor.py]: Process: 228:       INFO:    [Data Cleaned]
[2025-12-19 11:42:07,836]: [Iron_Data_Processor.py]: Make_Pages_Objects: 101:       INFO:    [Page Objects Has Been Made]
[2025-12-19 11:42:07,836]: [Iron_Data_Processor.py]: Make_Pages_Objects: 101:       INFO:    [Page Objects Has Been Made]
[2025-12-19 11:42:07,836]: [Iron_Data_Processor.py]: Load_Data: 118:       INFO:    [Data Has Been Load]
[2025-12-19 11:42:07,836]: [Iron_Data_Processor.py]: Load_Data: 118:       INFO:    [Data Has Been Load]
[2025-12-19 11:42:07,837]: [Iron_Data_Processor.py]: Load_positions: 140:       INFO:    [Positions Are Ready]
[2025-12-19 11:42:07,837]: [Iron_Data_Processor.py]: Load_positions: 140:       INFO:    [Positions Are Ready]
[2025-12-19 11:42:08,960]: [Iron_Data_Processor.py]: Make_Tagged_Images: 193:       INFO:    [Images Has Been Made]
[2025-12-19 11:42:09,915]: [Iron_Data_Processor.py]: Make_Tagged_Images: 193:       INFO:    [Images Has Been Made]
[2025-12-19 11:42:10,170]: [Iron_Data_Processor.py]: Make_Cover_Page: 215:       INFO:    [Made Cover Pages]
[2025-12-19 11:42:10,170]: [Iron.py]: Run: 29:       INFO:    [Imagination Phase Completed]
[2025-12-19 11:42:13,589]: [Phone_Scraper.py]: Scrap: 58:       INFO:    [Data Scraped]
[2025-12-19 11:42:13,589]: [Phone_Scraper.py]: Scrap: 71:       INFO:    [Scraped Data Successfully]
[2025-12-19 11:42:13,590]: [Phone.py]: Run: 26:       INFO:    [Scraping Phase Complete]
[2025-12-19 11:42:13,590]: [Phone_Data_Processor.py]: data_reader: 38:       INFO:    [Scraped Data Loaded]
[2025-12-19 11:42:13,591]: [Phone_Data_Processor.py]: filter_list: 65:       INFO:    [Persian Phrases Are deleted]
[2025-12-19 11:42:13,591]: [Phone_Data_Processor.py]: reshape_list: 87:       INFO:    [Date Reshaped]
[2025-12-19 11:42:13,591]: [Phone_Data_Processor.py]: separate_brands: 124:       INFO:    [Brands Are Separated]
[2025-12-19 11:42:13,592]: [Phone_Data_Processor.py]: delete_extra_spaces: 141:       INFO:    [Extra Spaces Are Deleted]
[2025-12-19 11:42:14,329]: [Phone.py]: Run: 29:       INFO:    [Imagination Phase Complete]
[2025-12-19 11:42:14,330]: [selector_events.py]: __init__: 64:       DEBUG:    [Using selector: EpollSelector]
[2025-12-19 11:42:14,605]: [_bot.py]: _do_post: 643:       DEBUG:    [Calling Bot API endpoint `getMe` with parameters `{}`]
[2025-12-19 11:42:14,610]: [_trace.py]: atrace: 87:       DEBUG:    [connect_tcp.started host='api.telegram.org' port=443 local_address=None timeout=5.0 socket_options=None]
[2025-12-19 11:42:14,764]: [_trace.py]: atrace: 87:       DEBUG:    [connect_tcp.complete return_value=<httpcore._backends.anyio.AnyIOStream object at 0x7f2fcabc18b0>]
[2025-12-19 11:42:14,764]: [_trace.py]: atrace: 87:       DEBUG:    [start_tls.started ssl_context=<ssl.SSLContext object at 0x7f2fcb5b9ed0> server_hostname='api.telegram.org' timeout=5.0]
[2025-12-19 11:42:14,856]: [_trace.py]: atrace: 87:       DEBUG:    [start_tls.complete return_value=<httpcore._backends.anyio.AnyIOStream object at 0x7f2fcb8aec30>]
[2025-12-19 11:42:14,856]: [_trace.py]: atrace: 87:       DEBUG:    [send_request_headers.started request=<Request [b'POST']>]
[2025-12-19 11:42:14,856]: [_trace.py]: atrace: 87:       DEBUG:    [send_request_headers.complete]
[2025-12-19 11:42:14,856]: [_trace.py]: atrace: 87:       DEBUG:    [send_request_body.started request=<Request [b'POST']>]
[2025-12-19 11:42:14,857]: [_trace.py]: atrace: 87:       DEBUG:    [send_request_body.complete]
[2025-12-19 11:42:14,857]: [_trace.py]: atrace: 87:       DEBUG:    [receive_response_headers.started request=<Request [b'POST']>]
[2025-12-19 11:42:14,947]: [_trace.py]: atrace: 87:       DEBUG:    [receive_response_headers.complete return_value=(b'HTTP/1.1', 200, b'OK', [(b'Server', b'nginx/1.18.0'), (b'Date', b'Fri, 19 Dec 2025 11:42:14 GMT'), (b'Content-Type', b'application/json'), (b'Content-Length', b'258'), (b'Connection', b'keep-alive'), (b'Strict-Transport-Security', b'max-age=31536000; includeSubDomains; preload'), (b'Access-Control-Allow-Origin', b'*'), (b'Access-Control-Allow-Methods', b'GET, POST, OPTIONS'), (b'Access-Control-Expose-Headers', b'Content-Length,Content-Type,Date,Server,Connection')])]
[2025-12-19 11:42:14,947]: [_client.py]: _send_single_request: 1740:       INFO:    [HTTP Request: POST https://api.telegram.org/bot6030805959:AAGUHAMxLYc-PrevgKouJ3ZyM7ktu56ftjo/getMe "HTTP/1.1 200 OK"]
[2025-12-19 11:42:14,947]: [_trace.py]: atrace: 87:       DEBUG:    [receive_response_body.started request=<Request [b'POST']>]
[2025-12-19 11:42:14,947]: [_trace.py]: atrace: 87:       DEBUG:    [receive_response_body.complete]
[2025-12-19 11:42:14,947]: [_trace.py]: atrace: 87:       DEBUG:    [response_closed.started]
[2025-12-19 11:42:14,947]: [_trace.py]: atrace: 87:       DEBUG:    [response_closed.complete]
[2025-12-19 11:42:14,948]: [_bot.py]: _do_post: 652:       DEBUG:    [Call to Bot API endpoint `getMe` finished with return value `{'id': 6030805959, 'is_bot': True, 'first_name': 'TyPHoone', 'username': 'TyPHoone_Project_bot', 'can_join_groups': True, 'can_read_all_group_messages': False, 'supports_inline_queries': False, 'can_connect_to_business': False, 'has_main_web_app': False}`]
[2025-12-19 11:42:14,951]: [_bot.py]: _do_post: 643:       DEBUG:    [Calling Bot API endpoint `sendDocument` with parameters `{'chat_id': '-4119703192', 'document': <telegram._files.inputfile.InputFile object at 0x7f2fcabd00c0>}`]
[2025-12-19 11:42:14,951]: [_trace.py]: atrace: 87:       DEBUG:    [send_request_headers.started request=<Request [b'POST']>]
[2025-12-19 11:42:14,951]: [_trace.py]: atrace: 87:       DEBUG:    [send_request_headers.complete]
[2025-12-19 11:42:14,952]: [_trace.py]: atrace: 87:       DEBUG:    [send_request_body.started request=<Request [b'POST']>]
[2025-12-19 11:42:14,952]: [_trace.py]: atrace: 87:       DEBUG:    [send_request_body.complete]
[2025-12-19 11:42:14,952]: [_trace.py]: atrace: 87:       DEBUG:    [receive_response_headers.started request=<Request [b'POST']>]
[2025-12-19 11:42:15,394]: [_trace.py]: atrace: 87:       DEBUG:    [receive_response_headers.complete return_value=(b'HTTP/1.1', 200, b'OK', [(b'Server', b'nginx/1.18.0'), (b'Date', b'Fri, 19 Dec 2025 11:42:15 GMT'), (b'Content-Type', b'application/json'), (b'Content-Length', b'584'), (b'Connection', b'keep-alive'), (b'Strict-Transport-Security', b'max-age=31536000; includeSubDomains; preload'), (b'Access-Control-Allow-Origin', b'*'), (b'Access-Control-Allow-Methods', b'GET, POST, OPTIONS'), (b'Access-Control-Expose-Headers', b'Content-Length,Content-Type,Date,Server,Connection')])]
[2025-12-19 11:42:15,395]: [_client.py]: _send_single_request: 1740:       INFO:    [HTTP Request: POST https://api.telegram.org/bot6030805959:AAGUHAMxLYc-PrevgKouJ3ZyM7ktu56ftjo/sendDocument "HTTP/1.1 200 OK"]
[2025-12-19 11:42:15,395]: [_trace.py]: atrace: 87:       DEBUG:    [receive_response_body.started request=<Request [b'POST']>]
[2025-12-19 11:42:15,395]: [_trace.py]: atrace: 87:       DEBUG:    [receive_response_body.complete]
[2025-12-19 11:42:15,395]: [_trace.py]: atrace: 87:       DEBUG:    [response_closed.started]
[2025-12-19 11:42:15,395]: [_trace.py]: atrace: 87:       DEBUG:    [response_closed.complete]
[2025-12-19 11:42:15,395]: [_bot.py]: _do_post: 652:       DEBUG:    [Call to Bot API endpoint `sendDocument` finished with return value `{'message_id': 2796, 'from': {'id': 6030805959, 'is_bot': True, 'first_name': 'TyPHoone', 'username': 'TyPHoone_Project_bot'}, 'chat': {'id': -4119703192, 'title': 'Robocop', 'type': 'group', 'all_members_are_administrators': True, 'accepted_gift_types': {'unlimited_gifts': False, 'limited_gifts': False, 'unique_gifts': False, 'premium_subscription': False}}, 'date': 1766144535, 'document': {'file_name': '(2025_12_19--11_42).log', 'mime_type': 'text/plain', 'file_id': 'BQACAgQAAxkDAAIK7GlFOhdE0UIcJzLy2i-d3TTFSBlwAAJxGQACPNMpUk3XQpOXGBsCNgQ', 'file_unique_id': 'AgADcRkAAjzTKVI', 'file_size': 5937}}`]
[2025-12-19 11:42:15,396]: [_trace.py]: atrace: 87:       DEBUG:    [close.started]
[2025-12-19 11:42:15,396]: [_trace.py]: atrace: 87:       DEBUG:    [close.complete]
[2025-12-19 11:42:15,439]: [_bot.py]: _do_post: 643:       DEBUG:    [Calling Bot API endpoint `getMe` with parameters `{}`]
[2025-12-19 11:42:15,440]: [_trace.py]: atrace: 87:       DEBUG:    [connect_tcp.started host='api.telegram.org' port=443 local_address=None timeout=5.0 socket_options=None]
[2025-12-19 11:42:15,531]: [_trace.py]: atrace: 87:       DEBUG:    [connect_tcp.complete return_value=<httpcore._backends.anyio.AnyIOStream object at 0x7f2fcaa51b80>]
[2025-12-19 11:42:15,531]: [_trace.py]: atrace: 87:       DEBUG:    [start_tls.started ssl_context=<ssl.SSLContext object at 0x7f2fcb5b9dd0> server_hostname='api.telegram.org' timeout=5.0]
[2025-12-19 11:42:15,622]: [_trace.py]: atrace: 87:       DEBUG:    [start_tls.complete return_value=<httpcore._backends.anyio.AnyIOStream object at 0x7f2fcb7ec3b0>]
[2025-12-19 11:42:15,622]: [_trace.py]: atrace: 87:       DEBUG:    [send_request_headers.started request=<Request [b'POST']>]
[2025-12-19 11:42:15,623]: [_trace.py]: atrace: 87:       DEBUG:    [send_request_headers.complete]
[2025-12-19 11:42:15,623]: [_trace.py]: atrace: 87:       DEBUG:    [send_request_body.started request=<Request [b'POST']>]
[2025-12-19 11:42:15,623]: [_trace.py]: atrace: 87:       DEBUG:    [send_request_body.complete]
[2025-12-19 11:42:15,623]: [_trace.py]: atrace: 87:       DEBUG:    [receive_response_headers.started request=<Request [b'POST']>]
[2025-12-19 11:42:15,712]: [_trace.py]: atrace: 87:       DEBUG:    [receive_response_headers.complete return_value=(b'HTTP/1.1', 200, b'OK', [(b'Server', b'nginx/1.18.0'), (b'Date', b'Fri, 19 Dec 2025 11:42:15 GMT'), (b'Content-Type', b'application/json'), (b'Content-Length', b'258'), (b'Connection', b'keep-alive'), (b'Strict-Transport-Security', b'max-age=31536000; includeSubDomains; preload'), (b'Access-Control-Allow-Origin', b'*'), (b'Access-Control-Allow-Methods', b'GET, POST, OPTIONS'), (b'Access-Control-Expose-Headers', b'Content-Length,Content-Type,Date,Server,Connection')])]
[2025-12-19 11:42:15,712]: [_client.py]: _send_single_request: 1740:       INFO:    [HTTP Request: POST https://api.telegram.org/bot6030805959:AAGUHAMxLYc-PrevgKouJ3ZyM7ktu56ftjo/getMe "HTTP/1.1 200 OK"]
[2025-12-19 11:42:15,712]: [_trace.py]: atrace: 87:       DEBUG:    [receive_response_body.started request=<Request [b'POST']>]
[2025-12-19 11:42:15,713]: [_trace.py]: atrace: 87:       DEBUG:    [receive_response_body.complete]
[2025-12-19 11:42:15,713]: [_trace.py]: atrace: 87:       DEBUG:    [response_closed.started]
[2025-12-19 11:42:15,713]: [_trace.py]: atrace: 87:       DEBUG:    [response_closed.complete]
[2025-12-19 11:42:15,713]: [_bot.py]: _do_post: 652:       DEBUG:    [Call to Bot API endpoint `getMe` finished with return value `{'id': 6030805959, 'is_bot': True, 'first_name': 'TyPHoone', 'username': 'TyPHoone_Project_bot', 'can_join_groups': True, 'can_read_all_group_messages': False, 'supports_inline_queries': False, 'can_connect_to_business': False, 'has_main_web_app': False}`]
[2025-12-19 11:42:15,716]: [_bot.py]: _do_post: 643:       DEBUG:    [Calling Bot API endpoint `sendDocument` with parameters `{'chat_id': '-4119703192', 'document': <telegram._files.inputfile.InputFile object at 0x7f2fcb5f5180>}`]
[2025-12-19 11:42:15,716]: [_trace.py]: atrace: 87:       DEBUG:    [send_request_headers.started request=<Request [b'POST']>]
[2025-12-19 11:42:15,717]: [_trace.py]: atrace: 87:       DEBUG:    [send_request_headers.complete]
[2025-12-19 11:42:15,717]: [_trace.py]: atrace: 87:       DEBUG:    [send_request_body.started request=<Request [b'POST']>]
[2025-12-19 11:42:16,606]: [_trace.py]: atrace: 87:       DEBUG:    [send_request_body.complete]
[2025-12-19 11:42:16,606]: [_trace.py]: atrace: 87:       DEBUG:    [receive_response_headers.started request=<Request [b'POST']>]
[2025-12-19 11:42:17,330]: [_trace.py]: atrace: 87:       DEBUG:    [receive_response_headers.complete return_value=(b'HTTP/1.1', 200, b'OK', [(b'Server', b'nginx/1.18.0'), (b'Date', b'Fri, 19 Dec 2025 11:42:17 GMT'), (b'Content-Type', b'application/json'), (b'Content-Length', b'599'), (b'Connection', b'keep-alive'), (b'Strict-Transport-Security', b'max-age=31536000; includeSubDomains; preload'), (b'Access-Control-Allow-Origin', b'*'), (b'Access-Control-Allow-Methods', b'GET, POST, OPTIONS'), (b'Access-Control-Expose-Headers', b'Content-Length,Content-Type,Date,Server,Connection')])]
[2025-12-19 11:42:17,330]: [_client.py]: _send_single_request: 1740:       INFO:    [HTTP Request: POST https://api.telegram.org/bot6030805959:AAGUHAMxLYc-PrevgKouJ3ZyM7ktu56ftjo/sendDocument "HTTP/1.1 200 OK"]
[2025-12-19 11:42:17,330]: [_trace.py]: atrace: 87:       DEBUG:    [receive_response_body.started request=<Request [b'POST']>]
[2025-12-19 11:42:17,330]: [_trace.py]: atrace: 87:       DEBUG:    [receive_response_body.complete]
[2025-12-19 11:42:17,330]: [_trace.py]: atrace: 87:       DEBUG:    [response_closed.started]
[2025-12-19 11:42:17,330]: [_trace.py]: atrace: 87:       DEBUG:    [response_closed.complete]
[2025-12-19 11:42:17,331]: [_bot.py]: _do_post: 652:       DEBUG:    [Call to Bot API endpoint `sendDocument` finished with return value `{'message_id': 2797, 'from': {'id': 6030805959, 'is_bot': True, 'first_name': 'TyPHoone', 'username': 'TyPHoone_Project_bot'}, 'chat': {'id': -4119703192, 'title': 'Robocop', 'type': 'group', 'all_members_are_administrators': True, 'accepted_gift_types': {'unlimited_gifts': False, 'limited_gifts': False, 'unique_gifts': False, 'premium_subscription': False}}, 'date': 1766144537, 'document': {'file_name': '(2025_12_19--11_42)output.zip', 'mime_type': 'application/zip', 'file_id': 'BQACAgQAAxkDAAIK7WlFOhjzdhP-_EsXhX21toIUaDbNAAJyGQACPNMpUoUORzCM6YkjNgQ', 'file_unique_id': 'AgADchkAAjzTKVI', 'file_size': 10078643}}`]
[2025-12-19 11:42:17,331]: [_trace.py]: atrace: 87:       DEBUG:    [close.started]
[2025-12-19 11:42:17,331]: [_trace.py]: atrace: 87:       DEBUG:    [close.complete]
[2025-12-19 11:42:17,331]: [Telegram_Sender.py]: runner: 61:       INFO:    [sent successfully]
[2025-12-19 11:42:17,332]: [Main.py]: <module>: 48:       INFO:    [Finished]
