[2025-09-13 11:39:09,372]: [Main.py]: <module>: 21:       INFO:    [Started]
[2025-09-13 11:39:11,320]: [Iron_Scraper.py]: Scrap: 32:       INFO:    [Data Scaraped Successfully]
[2025-09-13 11:39:11,522]: [Iron_Scraper.py]: Scrap: 70:       INFO:    [Scrapped Data Has No Problem]
[2025-09-13 11:39:11,523]: [Iron_Scraper.py]: Scrap: 83:       INFO:    [Data Saved Successfully]
[2025-09-13 11:39:11,523]: [Iron.py]: Run: 26:       INFO:    [Scraping Phase Completed]
[2025-09-13 11:39:11,523]: [Iron_Data_Processor.py]: Data_Reader: 61:       INFO:    [Data File Has Been Red Successfully]
[2025-09-13 11:39:11,523]: [Iron_Data_Processor.py]: Shaper: 78:       INFO:    [Data Shaped]
[2025-09-13 11:39:11,523]: [Iron_Data_Processor.py]: Process: 228:       INFO:    [Data Cleaned]
[2025-09-13 11:39:11,523]: [Iron_Data_Processor.py]: Make_Pages_Objects: 101:       INFO:    [Page Objects Has Been Made]
[2025-09-13 11:39:11,523]: [Iron_Data_Processor.py]: Make_Pages_Objects: 101:       INFO:    [Page Objects Has Been Made]
[2025-09-13 11:39:11,524]: [Iron_Data_Processor.py]: Load_Data: 118:       INFO:    [Data Has Been Load]
[2025-09-13 11:39:11,524]: [Iron_Data_Processor.py]: Load_Data: 118:       INFO:    [Data Has Been Load]
[2025-09-13 11:39:11,524]: [Iron_Data_Processor.py]: Load_positions: 140:       INFO:    [Positions Are Ready]
[2025-09-13 11:39:11,524]: [Iron_Data_Processor.py]: Load_positions: 140:       INFO:    [Positions Are Ready]
[2025-09-13 11:39:12,638]: [Iron_Data_Processor.py]: Make_Tagged_Images: 193:       INFO:    [Images Has Been Made]
[2025-09-13 11:39:13,583]: [Iron_Data_Processor.py]: Make_Tagged_Images: 193:       INFO:    [Images Has Been Made]
[2025-09-13 11:39:13,835]: [Iron_Data_Processor.py]: Make_Cover_Page: 215:       INFO:    [Made Cover Pages]
[2025-09-13 11:39:13,836]: [Iron.py]: Run: 29:       INFO:    [Imagination Phase Completed]
[2025-09-13 11:39:17,695]: [Phone_Scraper.py]: Scrap: 58:       INFO:    [Data Scraped]
[2025-09-13 11:39:17,696]: [Phone_Scraper.py]: Scrap: 71:       INFO:    [Scraped Data Successfully]
[2025-09-13 11:39:17,696]: [Phone.py]: Run: 26:       INFO:    [Scraping Phase Complete]
[2025-09-13 11:39:17,696]: [Phone_Data_Processor.py]: data_reader: 38:       INFO:    [Scraped Data Loaded]
[2025-09-13 11:39:17,697]: [Phone_Data_Processor.py]: filter_list: 65:       INFO:    [Persian Phrases Are deleted]
[2025-09-13 11:39:17,697]: [Phone_Data_Processor.py]: reshape_list: 87:       INFO:    [Date Reshaped]
[2025-09-13 11:39:17,698]: [Phone_Data_Processor.py]: separate_brands: 124:       INFO:    [Brands Are Separated]
[2025-09-13 11:39:17,698]: [Phone_Data_Processor.py]: delete_extra_spaces: 141:       INFO:    [Extra Spaces Are Deleted]
[2025-09-13 11:39:18,423]: [Phone.py]: Run: 29:       INFO:    [Imagination Phase Complete]
[2025-09-13 11:39:18,424]: [selector_events.py]: __init__: 64:       DEBUG:    [Using selector: EpollSelector]
[2025-09-13 11:39:18,700]: [_bot.py]: _do_post: 643:       DEBUG:    [Calling Bot API endpoint `getMe` with parameters `{}`]
[2025-09-13 11:39:18,704]: [_trace.py]: atrace: 87:       DEBUG:    [connect_tcp.started host='api.telegram.org' port=443 local_address=None timeout=5.0 socket_options=None]
[2025-09-13 11:39:18,916]: [_trace.py]: atrace: 87:       DEBUG:    [connect_tcp.complete return_value=<httpcore._backends.anyio.AnyIOStream object at 0x7f09d5c7a870>]
[2025-09-13 11:39:18,916]: [_trace.py]: atrace: 87:       DEBUG:    [start_tls.started ssl_context=<ssl.SSLContext object at 0x7f09d66adcd0> server_hostname='api.telegram.org' timeout=5.0]
[2025-09-13 11:39:19,055]: [_trace.py]: atrace: 87:       DEBUG:    [start_tls.complete return_value=<httpcore._backends.anyio.AnyIOStream object at 0x7f09d61962d0>]
[2025-09-13 11:39:19,055]: [_trace.py]: atrace: 87:       DEBUG:    [send_request_headers.started request=<Request [b'POST']>]
[2025-09-13 11:39:19,055]: [_trace.py]: atrace: 87:       DEBUG:    [send_request_headers.complete]
[2025-09-13 11:39:19,055]: [_trace.py]: atrace: 87:       DEBUG:    [send_request_body.started request=<Request [b'POST']>]
[2025-09-13 11:39:19,055]: [_trace.py]: atrace: 87:       DEBUG:    [send_request_body.complete]
[2025-09-13 11:39:19,055]: [_trace.py]: atrace: 87:       DEBUG:    [receive_response_headers.started request=<Request [b'POST']>]
[2025-09-13 11:39:19,193]: [_trace.py]: atrace: 87:       DEBUG:    [receive_response_headers.complete return_value=(b'HTTP/1.1', 200, b'OK', [(b'Server', b'nginx/1.18.0'), (b'Date', b'Sat, 13 Sep 2025 11:39:19 GMT'), (b'Content-Type', b'application/json'), (b'Content-Length', b'258'), (b'Connection', b'keep-alive'), (b'Strict-Transport-Security', b'max-age=31536000; includeSubDomains; preload'), (b'Access-Control-Allow-Origin', b'*'), (b'Access-Control-Allow-Methods', b'GET, POST, OPTIONS'), (b'Access-Control-Expose-Headers', b'Content-Length,Content-Type,Date,Server,Connection')])]
[2025-09-13 11:39:19,193]: [_client.py]: _send_single_request: 1740:       INFO:    [HTTP Request: POST https://api.telegram.org/bot6030805959:AAGUHAMxLYc-PrevgKouJ3ZyM7ktu56ftjo/getMe "HTTP/1.1 200 OK"]
[2025-09-13 11:39:19,193]: [_trace.py]: atrace: 87:       DEBUG:    [receive_response_body.started request=<Request [b'POST']>]
[2025-09-13 11:39:19,193]: [_trace.py]: atrace: 87:       DEBUG:    [receive_response_body.complete]
[2025-09-13 11:39:19,193]: [_trace.py]: atrace: 87:       DEBUG:    [response_closed.started]
[2025-09-13 11:39:19,194]: [_trace.py]: atrace: 87:       DEBUG:    [response_closed.complete]
[2025-09-13 11:39:19,194]: [_bot.py]: _do_post: 652:       DEBUG:    [Call to Bot API endpoint `getMe` finished with return value `{'id': 6030805959, 'is_bot': True, 'first_name': 'TyPHoone', 'username': 'TyPHoone_Project_bot', 'can_join_groups': True, 'can_read_all_group_messages': False, 'supports_inline_queries': False, 'can_connect_to_business': False, 'has_main_web_app': False}`]
[2025-09-13 11:39:19,197]: [_bot.py]: _do_post: 643:       DEBUG:    [Calling Bot API endpoint `sendDocument` with parameters `{'chat_id': '-4119703192', 'document': <telegram._files.inputfile.InputFile object at 0x7f09d5c82300>}`]
[2025-09-13 11:39:19,197]: [_trace.py]: atrace: 87:       DEBUG:    [send_request_headers.started request=<Request [b'POST']>]
[2025-09-13 11:39:19,197]: [_trace.py]: atrace: 87:       DEBUG:    [send_request_headers.complete]
[2025-09-13 11:39:19,197]: [_trace.py]: atrace: 87:       DEBUG:    [send_request_body.started request=<Request [b'POST']>]
[2025-09-13 11:39:19,198]: [_trace.py]: atrace: 87:       DEBUG:    [send_request_body.complete]
[2025-09-13 11:39:19,198]: [_trace.py]: atrace: 87:       DEBUG:    [receive_response_headers.started request=<Request [b'POST']>]
[2025-09-13 11:39:19,648]: [_trace.py]: atrace: 87:       DEBUG:    [receive_response_headers.complete return_value=(b'HTTP/1.1', 200, b'OK', [(b'Server', b'nginx/1.18.0'), (b'Date', b'Sat, 13 Sep 2025 11:39:19 GMT'), (b'Content-Type', b'application/json'), (b'Content-Length', b'584'), (b'Connection', b'keep-alive'), (b'Strict-Transport-Security', b'max-age=31536000; includeSubDomains; preload'), (b'Access-Control-Allow-Origin', b'*'), (b'Access-Control-Allow-Methods', b'GET, POST, OPTIONS'), (b'Access-Control-Expose-Headers', b'Content-Length,Content-Type,Date,Server,Connection')])]
[2025-09-13 11:39:19,648]: [_client.py]: _send_single_request: 1740:       INFO:    [HTTP Request: POST https://api.telegram.org/bot6030805959:AAGUHAMxLYc-PrevgKouJ3ZyM7ktu56ftjo/sendDocument "HTTP/1.1 200 OK"]
[2025-09-13 11:39:19,648]: [_trace.py]: atrace: 87:       DEBUG:    [receive_response_body.started request=<Request [b'POST']>]
[2025-09-13 11:39:19,649]: [_trace.py]: atrace: 87:       DEBUG:    [receive_response_body.complete]
[2025-09-13 11:39:19,649]: [_trace.py]: atrace: 87:       DEBUG:    [response_closed.started]
[2025-09-13 11:39:19,649]: [_trace.py]: atrace: 87:       DEBUG:    [response_closed.complete]
[2025-09-13 11:39:19,649]: [_bot.py]: _do_post: 652:       DEBUG:    [Call to Bot API endpoint `sendDocument` finished with return value `{'message_id': 2601, 'from': {'id': 6030805959, 'is_bot': True, 'first_name': 'TyPHoone', 'username': 'TyPHoone_Project_bot'}, 'chat': {'id': -4119703192, 'title': 'Robocop', 'type': 'group', 'all_members_are_administrators': True, 'accepted_gift_types': {'unlimited_gifts': False, 'limited_gifts': False, 'unique_gifts': False, 'premium_subscription': False}}, 'date': 1757763559, 'document': {'file_name': '(2025_09_13--11_39).log', 'mime_type': 'text/plain', 'file_id': 'BQACAgQAAxkDAAIKKWjFV-eIYwewxz8bCMhaiJt0cgxMAAInHAACQ7IoUntb0kQbKYQINgQ', 'file_unique_id': 'AgADJxwAAkOyKFI', 'file_size': 5937}}`]
[2025-09-13 11:39:19,650]: [_trace.py]: atrace: 87:       DEBUG:    [close.started]
[2025-09-13 11:39:19,650]: [_trace.py]: atrace: 87:       DEBUG:    [close.complete]
[2025-09-13 11:39:19,693]: [_bot.py]: _do_post: 643:       DEBUG:    [Calling Bot API endpoint `getMe` with parameters `{}`]
[2025-09-13 11:39:19,693]: [_trace.py]: atrace: 87:       DEBUG:    [connect_tcp.started host='api.telegram.org' port=443 local_address=None timeout=5.0 socket_options=None]
[2025-09-13 11:39:19,829]: [_trace.py]: atrace: 87:       DEBUG:    [connect_tcp.complete return_value=<httpcore._backends.anyio.AnyIOStream object at 0x7f09d5cbf8c0>]
[2025-09-13 11:39:19,830]: [_trace.py]: atrace: 87:       DEBUG:    [start_tls.started ssl_context=<ssl.SSLContext object at 0x7f09d66adbd0> server_hostname='api.telegram.org' timeout=5.0]
[2025-09-13 11:39:19,966]: [_trace.py]: atrace: 87:       DEBUG:    [start_tls.complete return_value=<httpcore._backends.anyio.AnyIOStream object at 0x7f09d5c43890>]
[2025-09-13 11:39:19,966]: [_trace.py]: atrace: 87:       DEBUG:    [send_request_headers.started request=<Request [b'POST']>]
[2025-09-13 11:39:19,967]: [_trace.py]: atrace: 87:       DEBUG:    [send_request_headers.complete]
[2025-09-13 11:39:19,967]: [_trace.py]: atrace: 87:       DEBUG:    [send_request_body.started request=<Request [b'POST']>]
[2025-09-13 11:39:19,967]: [_trace.py]: atrace: 87:       DEBUG:    [send_request_body.complete]
[2025-09-13 11:39:19,967]: [_trace.py]: atrace: 87:       DEBUG:    [receive_response_headers.started request=<Request [b'POST']>]
[2025-09-13 11:39:20,102]: [_trace.py]: atrace: 87:       DEBUG:    [receive_response_headers.complete return_value=(b'HTTP/1.1', 200, b'OK', [(b'Server', b'nginx/1.18.0'), (b'Date', b'Sat, 13 Sep 2025 11:39:20 GMT'), (b'Content-Type', b'application/json'), (b'Content-Length', b'258'), (b'Connection', b'keep-alive'), (b'Strict-Transport-Security', b'max-age=31536000; includeSubDomains; preload'), (b'Access-Control-Allow-Origin', b'*'), (b'Access-Control-Allow-Methods', b'GET, POST, OPTIONS'), (b'Access-Control-Expose-Headers', b'Content-Length,Content-Type,Date,Server,Connection')])]
[2025-09-13 11:39:20,102]: [_client.py]: _send_single_request: 1740:       INFO:    [HTTP Request: POST https://api.telegram.org/bot6030805959:AAGUHAMxLYc-PrevgKouJ3ZyM7ktu56ftjo/getMe "HTTP/1.1 200 OK"]
[2025-09-13 11:39:20,102]: [_trace.py]: atrace: 87:       DEBUG:    [receive_response_body.started request=<Request [b'POST']>]
[2025-09-13 11:39:20,102]: [_trace.py]: atrace: 87:       DEBUG:    [receive_response_body.complete]
[2025-09-13 11:39:20,102]: [_trace.py]: atrace: 87:       DEBUG:    [response_closed.started]
[2025-09-13 11:39:20,102]: [_trace.py]: atrace: 87:       DEBUG:    [response_closed.complete]
[2025-09-13 11:39:20,103]: [_bot.py]: _do_post: 652:       DEBUG:    [Call to Bot API endpoint `getMe` finished with return value `{'id': 6030805959, 'is_bot': True, 'first_name': 'TyPHoone', 'username': 'TyPHoone_Project_bot', 'can_join_groups': True, 'can_read_all_group_messages': False, 'supports_inline_queries': False, 'can_connect_to_business': False, 'has_main_web_app': False}`]
[2025-09-13 11:39:20,105]: [_bot.py]: _do_post: 643:       DEBUG:    [Calling Bot API endpoint `sendDocument` with parameters `{'chat_id': '-4119703192', 'document': <telegram._files.inputfile.InputFile object at 0x7f09d66ca040>}`]
[2025-09-13 11:39:20,105]: [_trace.py]: atrace: 87:       DEBUG:    [send_request_headers.started request=<Request [b'POST']>]
[2025-09-13 11:39:20,106]: [_trace.py]: atrace: 87:       DEBUG:    [send_request_headers.complete]
[2025-09-13 11:39:20,106]: [_trace.py]: atrace: 87:       DEBUG:    [send_request_body.started request=<Request [b'POST']>]
[2025-09-13 11:39:21,455]: [_trace.py]: atrace: 87:       DEBUG:    [send_request_body.complete]
[2025-09-13 11:39:21,455]: [_trace.py]: atrace: 87:       DEBUG:    [receive_response_headers.started request=<Request [b'POST']>]
[2025-09-13 11:39:22,374]: [_trace.py]: atrace: 87:       DEBUG:    [receive_response_headers.complete return_value=(b'HTTP/1.1', 200, b'OK', [(b'Server', b'nginx/1.18.0'), (b'Date', b'Sat, 13 Sep 2025 11:39:22 GMT'), (b'Content-Type', b'application/json'), (b'Content-Length', b'599'), (b'Connection', b'keep-alive'), (b'Strict-Transport-Security', b'max-age=31536000; includeSubDomains; preload'), (b'Access-Control-Allow-Origin', b'*'), (b'Access-Control-Allow-Methods', b'GET, POST, OPTIONS'), (b'Access-Control-Expose-Headers', b'Content-Length,Content-Type,Date,Server,Connection')])]
[2025-09-13 11:39:22,375]: [_client.py]: _send_single_request: 1740:       INFO:    [HTTP Request: POST https://api.telegram.org/bot6030805959:AAGUHAMxLYc-PrevgKouJ3ZyM7ktu56ftjo/sendDocument "HTTP/1.1 200 OK"]
[2025-09-13 11:39:22,375]: [_trace.py]: atrace: 87:       DEBUG:    [receive_response_body.started request=<Request [b'POST']>]
[2025-09-13 11:39:22,375]: [_trace.py]: atrace: 87:       DEBUG:    [receive_response_body.complete]
[2025-09-13 11:39:22,375]: [_trace.py]: atrace: 87:       DEBUG:    [response_closed.started]
[2025-09-13 11:39:22,375]: [_trace.py]: atrace: 87:       DEBUG:    [response_closed.complete]
[2025-09-13 11:39:22,375]: [_bot.py]: _do_post: 652:       DEBUG:    [Call to Bot API endpoint `sendDocument` finished with return value `{'message_id': 2602, 'from': {'id': 6030805959, 'is_bot': True, 'first_name': 'TyPHoone', 'username': 'TyPHoone_Project_bot'}, 'chat': {'id': -4119703192, 'title': 'Robocop', 'type': 'group', 'all_members_are_administrators': True, 'accepted_gift_types': {'unlimited_gifts': False, 'limited_gifts': False, 'unique_gifts': False, 'premium_subscription': False}}, 'date': 1757763562, 'document': {'file_name': '(2025_09_13--11_39)output.zip', 'mime_type': 'application/zip', 'file_id': 'BQACAgQAAxkDAAIKKmjFV-m8SlPJnOymENgr6pPL5gJxAAIoHAACQ7IoUpo-mmCfe3KdNgQ', 'file_unique_id': 'AgADKBwAAkOyKFI', 'file_size': 10053029}}`]
[2025-09-13 11:39:22,376]: [_trace.py]: atrace: 87:       DEBUG:    [close.started]
[2025-09-13 11:39:22,376]: [_trace.py]: atrace: 87:       DEBUG:    [close.complete]
[2025-09-13 11:39:22,376]: [Telegram_Sender.py]: runner: 61:       INFO:    [sent successfully]
[2025-09-13 11:39:22,377]: [Main.py]: <module>: 48:       INFO:    [Finished]
