[2025-07-21 11:43:55,931]: [Main.py]: <module>: 21:       INFO:    [Started]
[2025-07-21 11:43:57,444]: [Iron_Scraper.py]: Scrap: 32:       INFO:    [Data Scaraped Successfully]
[2025-07-21 11:43:57,644]: [Iron_Scraper.py]: Scrap: 70:       INFO:    [Scrapped Data Has No Problem]
[2025-07-21 11:43:57,645]: [Iron_Scraper.py]: Scrap: 83:       INFO:    [Data Saved Successfully]
[2025-07-21 11:43:57,645]: [Iron.py]: Run: 26:       INFO:    [Scraping Phase Completed]
[2025-07-21 11:43:57,645]: [Iron_Data_Processor.py]: Data_Reader: 61:       INFO:    [Data File Has Been Red Successfully]
[2025-07-21 11:43:57,645]: [Iron_Data_Processor.py]: Shaper: 78:       INFO:    [Data Shaped]
[2025-07-21 11:43:57,645]: [Iron_Data_Processor.py]: Process: 228:       INFO:    [Data Cleaned]
[2025-07-21 11:43:57,646]: [Iron_Data_Processor.py]: Make_Pages_Objects: 101:       INFO:    [Page Objects Has Been Made]
[2025-07-21 11:43:57,646]: [Iron_Data_Processor.py]: Make_Pages_Objects: 101:       INFO:    [Page Objects Has Been Made]
[2025-07-21 11:43:57,646]: [Iron_Data_Processor.py]: Load_Data: 118:       INFO:    [Data Has Been Load]
[2025-07-21 11:43:57,646]: [Iron_Data_Processor.py]: Load_Data: 118:       INFO:    [Data Has Been Load]
[2025-07-21 11:43:57,646]: [Iron_Data_Processor.py]: Load_positions: 140:       INFO:    [Positions Are Ready]
[2025-07-21 11:43:57,646]: [Iron_Data_Processor.py]: Load_positions: 140:       INFO:    [Positions Are Ready]
[2025-07-21 11:43:58,757]: [Iron_Data_Processor.py]: Make_Tagged_Images: 193:       INFO:    [Images Has Been Made]
[2025-07-21 11:43:59,701]: [Iron_Data_Processor.py]: Make_Tagged_Images: 193:       INFO:    [Images Has Been Made]
[2025-07-21 11:43:59,956]: [Iron_Data_Processor.py]: Make_Cover_Page: 215:       INFO:    [Made Cover Pages]
[2025-07-21 11:43:59,957]: [Iron.py]: Run: 29:       INFO:    [Imagination Phase Completed]
[2025-07-21 11:44:03,360]: [Phone_Scraper.py]: Scrap: 58:       INFO:    [Data Scraped]
[2025-07-21 11:44:03,360]: [Phone_Scraper.py]: Scrap: 71:       INFO:    [Scraped Data Successfully]
[2025-07-21 11:44:03,360]: [Phone.py]: Run: 26:       INFO:    [Scraping Phase Complete]
[2025-07-21 11:44:03,360]: [Phone_Data_Processor.py]: data_reader: 38:       INFO:    [Scraped Data Loaded]
[2025-07-21 11:44:03,361]: [Phone_Data_Processor.py]: filter_list: 65:       INFO:    [Persian Phrases Are deleted]
[2025-07-21 11:44:03,362]: [Phone_Data_Processor.py]: reshape_list: 87:       INFO:    [Date Reshaped]
[2025-07-21 11:44:03,362]: [Phone_Data_Processor.py]: separate_brands: 124:       INFO:    [Brands Are Separated]
[2025-07-21 11:44:03,362]: [Phone_Data_Processor.py]: delete_extra_spaces: 141:       INFO:    [Extra Spaces Are Deleted]
[2025-07-21 11:44:04,123]: [Phone.py]: Run: 29:       INFO:    [Imagination Phase Complete]
[2025-07-21 11:44:04,123]: [selector_events.py]: __init__: 64:       DEBUG:    [Using selector: EpollSelector]
[2025-07-21 11:44:04,405]: [_bot.py]: _do_post: 643:       DEBUG:    [Calling Bot API endpoint `getMe` with parameters `{}`]
[2025-07-21 11:44:04,410]: [_trace.py]: atrace: 87:       DEBUG:    [connect_tcp.started host='api.telegram.org' port=443 local_address=None timeout=5.0 socket_options=None]
[2025-07-21 11:44:04,540]: [_trace.py]: atrace: 87:       DEBUG:    [connect_tcp.complete return_value=<httpcore._backends.anyio.AnyIOStream object at 0x7f6d79a68b60>]
[2025-07-21 11:44:04,540]: [_trace.py]: atrace: 87:       DEBUG:    [start_tls.started ssl_context=<ssl.SSLContext object at 0x7f6d7a48f750> server_hostname='api.telegram.org' timeout=5.0]
[2025-07-21 11:44:04,646]: [_trace.py]: atrace: 87:       DEBUG:    [start_tls.complete return_value=<httpcore._backends.anyio.AnyIOStream object at 0x7f6d7a44a480>]
[2025-07-21 11:44:04,647]: [_trace.py]: atrace: 87:       DEBUG:    [send_request_headers.started request=<Request [b'POST']>]
[2025-07-21 11:44:04,647]: [_trace.py]: atrace: 87:       DEBUG:    [send_request_headers.complete]
[2025-07-21 11:44:04,647]: [_trace.py]: atrace: 87:       DEBUG:    [send_request_body.started request=<Request [b'POST']>]
[2025-07-21 11:44:04,647]: [_trace.py]: atrace: 87:       DEBUG:    [send_request_body.complete]
[2025-07-21 11:44:04,647]: [_trace.py]: atrace: 87:       DEBUG:    [receive_response_headers.started request=<Request [b'POST']>]
[2025-07-21 11:44:04,751]: [_trace.py]: atrace: 87:       DEBUG:    [receive_response_headers.complete return_value=(b'HTTP/1.1', 200, b'OK', [(b'Server', b'nginx/1.18.0'), (b'Date', b'Mon, 21 Jul 2025 11:44:04 GMT'), (b'Content-Type', b'application/json'), (b'Content-Length', b'258'), (b'Connection', b'keep-alive'), (b'Strict-Transport-Security', b'max-age=31536000; includeSubDomains; preload'), (b'Access-Control-Allow-Origin', b'*'), (b'Access-Control-Allow-Methods', b'GET, POST, OPTIONS'), (b'Access-Control-Expose-Headers', b'Content-Length,Content-Type,Date,Server,Connection')])]
[2025-07-21 11:44:04,752]: [_client.py]: _send_single_request: 1740:       INFO:    [HTTP Request: POST https://api.telegram.org/bot6030805959:AAGUHAMxLYc-PrevgKouJ3ZyM7ktu56ftjo/getMe "HTTP/1.1 200 OK"]
[2025-07-21 11:44:04,752]: [_trace.py]: atrace: 87:       DEBUG:    [receive_response_body.started request=<Request [b'POST']>]
[2025-07-21 11:44:04,752]: [_trace.py]: atrace: 87:       DEBUG:    [receive_response_body.complete]
[2025-07-21 11:44:04,752]: [_trace.py]: atrace: 87:       DEBUG:    [response_closed.started]
[2025-07-21 11:44:04,752]: [_trace.py]: atrace: 87:       DEBUG:    [response_closed.complete]
[2025-07-21 11:44:04,752]: [_bot.py]: _do_post: 652:       DEBUG:    [Call to Bot API endpoint `getMe` finished with return value `{'id': 6030805959, 'is_bot': True, 'first_name': 'TyPHoone', 'username': 'TyPHoone_Project_bot', 'can_join_groups': True, 'can_read_all_group_messages': False, 'supports_inline_queries': False, 'can_connect_to_business': False, 'has_main_web_app': False}`]
[2025-07-21 11:44:04,755]: [_bot.py]: _do_post: 643:       DEBUG:    [Calling Bot API endpoint `sendDocument` with parameters `{'chat_id': '-4119703192', 'document': <telegram._files.inputfile.InputFile object at 0x7f6d79e238c0>}`]
[2025-07-21 11:44:04,756]: [_trace.py]: atrace: 87:       DEBUG:    [send_request_headers.started request=<Request [b'POST']>]
[2025-07-21 11:44:04,756]: [_trace.py]: atrace: 87:       DEBUG:    [send_request_headers.complete]
[2025-07-21 11:44:04,756]: [_trace.py]: atrace: 87:       DEBUG:    [send_request_body.started request=<Request [b'POST']>]
[2025-07-21 11:44:04,756]: [_trace.py]: atrace: 87:       DEBUG:    [send_request_body.complete]
[2025-07-21 11:44:04,756]: [_trace.py]: atrace: 87:       DEBUG:    [receive_response_headers.started request=<Request [b'POST']>]
[2025-07-21 11:44:05,318]: [_trace.py]: atrace: 87:       DEBUG:    [receive_response_headers.complete return_value=(b'HTTP/1.1', 200, b'OK', [(b'Server', b'nginx/1.18.0'), (b'Date', b'Mon, 21 Jul 2025 11:44:05 GMT'), (b'Content-Type', b'application/json'), (b'Content-Length', b'584'), (b'Connection', b'keep-alive'), (b'Strict-Transport-Security', b'max-age=31536000; includeSubDomains; preload'), (b'Access-Control-Allow-Origin', b'*'), (b'Access-Control-Allow-Methods', b'GET, POST, OPTIONS'), (b'Access-Control-Expose-Headers', b'Content-Length,Content-Type,Date,Server,Connection')])]
[2025-07-21 11:44:05,318]: [_client.py]: _send_single_request: 1740:       INFO:    [HTTP Request: POST https://api.telegram.org/bot6030805959:AAGUHAMxLYc-PrevgKouJ3ZyM7ktu56ftjo/sendDocument "HTTP/1.1 200 OK"]
[2025-07-21 11:44:05,318]: [_trace.py]: atrace: 87:       DEBUG:    [receive_response_body.started request=<Request [b'POST']>]
[2025-07-21 11:44:05,318]: [_trace.py]: atrace: 87:       DEBUG:    [receive_response_body.complete]
[2025-07-21 11:44:05,318]: [_trace.py]: atrace: 87:       DEBUG:    [response_closed.started]
[2025-07-21 11:44:05,318]: [_trace.py]: atrace: 87:       DEBUG:    [response_closed.complete]
[2025-07-21 11:44:05,318]: [_bot.py]: _do_post: 652:       DEBUG:    [Call to Bot API endpoint `sendDocument` finished with return value `{'message_id': 2493, 'from': {'id': 6030805959, 'is_bot': True, 'first_name': 'TyPHoone', 'username': 'TyPHoone_Project_bot'}, 'chat': {'id': -4119703192, 'title': 'Robocop', 'type': 'group', 'all_members_are_administrators': True, 'accepted_gift_types': {'unlimited_gifts': False, 'limited_gifts': False, 'unique_gifts': False, 'premium_subscription': False}}, 'date': 1753098245, 'document': {'file_name': '(2025_07_21--11_43).log', 'mime_type': 'text/plain', 'file_id': 'BQACAgQAAxkDAAIJvWh-KAV23vE2KnOPu_XFZ5oT9vzBAAK1FwAChqr5U7vzRDQ-VWpnNgQ', 'file_unique_id': 'AgADtRcAAoaq-VM', 'file_size': 5937}}`]
[2025-07-21 11:44:05,319]: [_trace.py]: atrace: 87:       DEBUG:    [close.started]
[2025-07-21 11:44:05,319]: [_trace.py]: atrace: 87:       DEBUG:    [close.complete]
[2025-07-21 11:44:05,363]: [_bot.py]: _do_post: 643:       DEBUG:    [Calling Bot API endpoint `getMe` with parameters `{}`]
[2025-07-21 11:44:05,363]: [_trace.py]: atrace: 87:       DEBUG:    [connect_tcp.started host='api.telegram.org' port=443 local_address=None timeout=5.0 socket_options=None]
[2025-07-21 11:44:05,469]: [_trace.py]: atrace: 87:       DEBUG:    [connect_tcp.complete return_value=<httpcore._backends.anyio.AnyIOStream object at 0x7f6d79ae9160>]
[2025-07-21 11:44:05,469]: [_trace.py]: atrace: 87:       DEBUG:    [start_tls.started ssl_context=<ssl.SSLContext object at 0x7f6d7a48f650> server_hostname='api.telegram.org' timeout=5.0]
[2025-07-21 11:44:05,577]: [_trace.py]: atrace: 87:       DEBUG:    [start_tls.complete return_value=<httpcore._backends.anyio.AnyIOStream object at 0x7f6d7a5675f0>]
[2025-07-21 11:44:05,578]: [_trace.py]: atrace: 87:       DEBUG:    [send_request_headers.started request=<Request [b'POST']>]
[2025-07-21 11:44:05,578]: [_trace.py]: atrace: 87:       DEBUG:    [send_request_headers.complete]
[2025-07-21 11:44:05,578]: [_trace.py]: atrace: 87:       DEBUG:    [send_request_body.started request=<Request [b'POST']>]
[2025-07-21 11:44:05,578]: [_trace.py]: atrace: 87:       DEBUG:    [send_request_body.complete]
[2025-07-21 11:44:05,578]: [_trace.py]: atrace: 87:       DEBUG:    [receive_response_headers.started request=<Request [b'POST']>]
[2025-07-21 11:44:05,684]: [_trace.py]: atrace: 87:       DEBUG:    [receive_response_headers.complete return_value=(b'HTTP/1.1', 200, b'OK', [(b'Server', b'nginx/1.18.0'), (b'Date', b'Mon, 21 Jul 2025 11:44:05 GMT'), (b'Content-Type', b'application/json'), (b'Content-Length', b'258'), (b'Connection', b'keep-alive'), (b'Strict-Transport-Security', b'max-age=31536000; includeSubDomains; preload'), (b'Access-Control-Allow-Origin', b'*'), (b'Access-Control-Allow-Methods', b'GET, POST, OPTIONS'), (b'Access-Control-Expose-Headers', b'Content-Length,Content-Type,Date,Server,Connection')])]
[2025-07-21 11:44:05,684]: [_client.py]: _send_single_request: 1740:       INFO:    [HTTP Request: POST https://api.telegram.org/bot6030805959:AAGUHAMxLYc-PrevgKouJ3ZyM7ktu56ftjo/getMe "HTTP/1.1 200 OK"]
[2025-07-21 11:44:05,684]: [_trace.py]: atrace: 87:       DEBUG:    [receive_response_body.started request=<Request [b'POST']>]
[2025-07-21 11:44:05,685]: [_trace.py]: atrace: 87:       DEBUG:    [receive_response_body.complete]
[2025-07-21 11:44:05,685]: [_trace.py]: atrace: 87:       DEBUG:    [response_closed.started]
[2025-07-21 11:44:05,685]: [_trace.py]: atrace: 87:       DEBUG:    [response_closed.complete]
[2025-07-21 11:44:05,685]: [_bot.py]: _do_post: 652:       DEBUG:    [Call to Bot API endpoint `getMe` finished with return value `{'id': 6030805959, 'is_bot': True, 'first_name': 'TyPHoone', 'username': 'TyPHoone_Project_bot', 'can_join_groups': True, 'can_read_all_group_messages': False, 'supports_inline_queries': False, 'can_connect_to_business': False, 'has_main_web_app': False}`]
[2025-07-21 11:44:05,688]: [_bot.py]: _do_post: 643:       DEBUG:    [Calling Bot API endpoint `sendDocument` with parameters `{'chat_id': '-4119703192', 'document': <telegram._files.inputfile.InputFile object at 0x7f6d7a4dcc80>}`]
[2025-07-21 11:44:05,688]: [_trace.py]: atrace: 87:       DEBUG:    [send_request_headers.started request=<Request [b'POST']>]
[2025-07-21 11:44:05,688]: [_trace.py]: atrace: 87:       DEBUG:    [send_request_headers.complete]
[2025-07-21 11:44:05,688]: [_trace.py]: atrace: 87:       DEBUG:    [send_request_body.started request=<Request [b'POST']>]
[2025-07-21 11:44:06,647]: [_trace.py]: atrace: 87:       DEBUG:    [send_request_body.complete]
[2025-07-21 11:44:06,647]: [_trace.py]: atrace: 87:       DEBUG:    [receive_response_headers.started request=<Request [b'POST']>]
[2025-07-21 11:44:07,263]: [_trace.py]: atrace: 87:       DEBUG:    [receive_response_headers.complete return_value=(b'HTTP/1.1', 200, b'OK', [(b'Server', b'nginx/1.18.0'), (b'Date', b'Mon, 21 Jul 2025 11:44:07 GMT'), (b'Content-Type', b'application/json'), (b'Content-Length', b'599'), (b'Connection', b'keep-alive'), (b'Strict-Transport-Security', b'max-age=31536000; includeSubDomains; preload'), (b'Access-Control-Allow-Origin', b'*'), (b'Access-Control-Allow-Methods', b'GET, POST, OPTIONS'), (b'Access-Control-Expose-Headers', b'Content-Length,Content-Type,Date,Server,Connection')])]
[2025-07-21 11:44:07,263]: [_client.py]: _send_single_request: 1740:       INFO:    [HTTP Request: POST https://api.telegram.org/bot6030805959:AAGUHAMxLYc-PrevgKouJ3ZyM7ktu56ftjo/sendDocument "HTTP/1.1 200 OK"]
[2025-07-21 11:44:07,263]: [_trace.py]: atrace: 87:       DEBUG:    [receive_response_body.started request=<Request [b'POST']>]
[2025-07-21 11:44:07,264]: [_trace.py]: atrace: 87:       DEBUG:    [receive_response_body.complete]
[2025-07-21 11:44:07,264]: [_trace.py]: atrace: 87:       DEBUG:    [response_closed.started]
[2025-07-21 11:44:07,264]: [_trace.py]: atrace: 87:       DEBUG:    [response_closed.complete]
[2025-07-21 11:44:07,264]: [_bot.py]: _do_post: 652:       DEBUG:    [Call to Bot API endpoint `sendDocument` finished with return value `{'message_id': 2494, 'from': {'id': 6030805959, 'is_bot': True, 'first_name': 'TyPHoone', 'username': 'TyPHoone_Project_bot'}, 'chat': {'id': -4119703192, 'title': 'Robocop', 'type': 'group', 'all_members_are_administrators': True, 'accepted_gift_types': {'unlimited_gifts': False, 'limited_gifts': False, 'unique_gifts': False, 'premium_subscription': False}}, 'date': 1753098247, 'document': {'file_name': '(2025_07_21--11_43)output.zip', 'mime_type': 'application/zip', 'file_id': 'BQACAgQAAxkDAAIJvmh-KAYeTPxtUOG_z4jxNW2fTSP9AAK2FwAChqr5U5p6Tmy5nbVHNgQ', 'file_unique_id': 'AgADthcAAoaq-VM', 'file_size': 10132079}}`]
[2025-07-21 11:44:07,264]: [_trace.py]: atrace: 87:       DEBUG:    [close.started]
[2025-07-21 11:44:07,264]: [_trace.py]: atrace: 87:       DEBUG:    [close.complete]
[2025-07-21 11:44:07,264]: [Telegram_Sender.py]: runner: 61:       INFO:    [sent successfully]
[2025-07-21 11:44:07,265]: [Main.py]: <module>: 48:       INFO:    [Finished]
