[2025-09-14 11:38:47,260]: [Main.py]: <module>: 21:       INFO:    [Started]
[2025-09-14 11:38:48,777]: [Iron_Scraper.py]: Scrap: 32:       INFO:    [Data Scaraped Successfully]
[2025-09-14 11:38:48,974]: [Iron_Scraper.py]: Scrap: 70:       INFO:    [Scrapped Data Has No Problem]
[2025-09-14 11:38:48,974]: [Iron_Scraper.py]: Scrap: 83:       INFO:    [Data Saved Successfully]
[2025-09-14 11:38:48,974]: [Iron.py]: Run: 26:       INFO:    [Scraping Phase Completed]
[2025-09-14 11:38:48,974]: [Iron_Data_Processor.py]: Data_Reader: 61:       INFO:    [Data File Has Been Red Successfully]
[2025-09-14 11:38:48,974]: [Iron_Data_Processor.py]: Shaper: 78:       INFO:    [Data Shaped]
[2025-09-14 11:38:48,975]: [Iron_Data_Processor.py]: Process: 228:       INFO:    [Data Cleaned]
[2025-09-14 11:38:48,975]: [Iron_Data_Processor.py]: Make_Pages_Objects: 101:       INFO:    [Page Objects Has Been Made]
[2025-09-14 11:38:48,975]: [Iron_Data_Processor.py]: Make_Pages_Objects: 101:       INFO:    [Page Objects Has Been Made]
[2025-09-14 11:38:48,975]: [Iron_Data_Processor.py]: Load_Data: 118:       INFO:    [Data Has Been Load]
[2025-09-14 11:38:48,975]: [Iron_Data_Processor.py]: Load_Data: 118:       INFO:    [Data Has Been Load]
[2025-09-14 11:38:48,975]: [Iron_Data_Processor.py]: Load_positions: 140:       INFO:    [Positions Are Ready]
[2025-09-14 11:38:48,975]: [Iron_Data_Processor.py]: Load_positions: 140:       INFO:    [Positions Are Ready]
[2025-09-14 11:38:50,083]: [Iron_Data_Processor.py]: Make_Tagged_Images: 193:       INFO:    [Images Has Been Made]
[2025-09-14 11:38:51,021]: [Iron_Data_Processor.py]: Make_Tagged_Images: 193:       INFO:    [Images Has Been Made]
[2025-09-14 11:38:51,271]: [Iron_Data_Processor.py]: Make_Cover_Page: 215:       INFO:    [Made Cover Pages]
[2025-09-14 11:38:51,272]: [Iron.py]: Run: 29:       INFO:    [Imagination Phase Completed]
[2025-09-14 11:38:54,236]: [Phone_Scraper.py]: Scrap: 58:       INFO:    [Data Scraped]
[2025-09-14 11:38:54,236]: [Phone_Scraper.py]: Scrap: 71:       INFO:    [Scraped Data Successfully]
[2025-09-14 11:38:54,236]: [Phone.py]: Run: 26:       INFO:    [Scraping Phase Complete]
[2025-09-14 11:38:54,236]: [Phone_Data_Processor.py]: data_reader: 38:       INFO:    [Scraped Data Loaded]
[2025-09-14 11:38:54,237]: [Phone_Data_Processor.py]: filter_list: 65:       INFO:    [Persian Phrases Are deleted]
[2025-09-14 11:38:54,237]: [Phone_Data_Processor.py]: reshape_list: 87:       INFO:    [Date Reshaped]
[2025-09-14 11:38:54,238]: [Phone_Data_Processor.py]: separate_brands: 124:       INFO:    [Brands Are Separated]
[2025-09-14 11:38:54,238]: [Phone_Data_Processor.py]: delete_extra_spaces: 141:       INFO:    [Extra Spaces Are Deleted]
[2025-09-14 11:38:54,881]: [Phone.py]: Run: 29:       INFO:    [Imagination Phase Complete]
[2025-09-14 11:38:54,881]: [selector_events.py]: __init__: 64:       DEBUG:    [Using selector: EpollSelector]
[2025-09-14 11:38:55,151]: [_bot.py]: _do_post: 643:       DEBUG:    [Calling Bot API endpoint `getMe` with parameters `{}`]
[2025-09-14 11:38:55,156]: [_trace.py]: atrace: 87:       DEBUG:    [connect_tcp.started host='api.telegram.org' port=443 local_address=None timeout=5.0 socket_options=None]
[2025-09-14 11:38:55,288]: [_trace.py]: atrace: 87:       DEBUG:    [connect_tcp.complete return_value=<httpcore._backends.anyio.AnyIOStream object at 0x7f3af57ea5d0>]
[2025-09-14 11:38:55,288]: [_trace.py]: atrace: 87:       DEBUG:    [start_tls.started ssl_context=<ssl.SSLContext object at 0x7f3aeabb1cd0> server_hostname='api.telegram.org' timeout=5.0]
[2025-09-14 11:38:55,388]: [_trace.py]: atrace: 87:       DEBUG:    [start_tls.complete return_value=<httpcore._backends.anyio.AnyIOStream object at 0x7f3af995f320>]
[2025-09-14 11:38:55,388]: [_trace.py]: atrace: 87:       DEBUG:    [send_request_headers.started request=<Request [b'POST']>]
[2025-09-14 11:38:55,388]: [_trace.py]: atrace: 87:       DEBUG:    [send_request_headers.complete]
[2025-09-14 11:38:55,388]: [_trace.py]: atrace: 87:       DEBUG:    [send_request_body.started request=<Request [b'POST']>]
[2025-09-14 11:38:55,388]: [_trace.py]: atrace: 87:       DEBUG:    [send_request_body.complete]
[2025-09-14 11:38:55,388]: [_trace.py]: atrace: 87:       DEBUG:    [receive_response_headers.started request=<Request [b'POST']>]
[2025-09-14 11:38:55,486]: [_trace.py]: atrace: 87:       DEBUG:    [receive_response_headers.complete return_value=(b'HTTP/1.1', 200, b'OK', [(b'Server', b'nginx/1.18.0'), (b'Date', b'Sun, 14 Sep 2025 11:38:55 GMT'), (b'Content-Type', b'application/json'), (b'Content-Length', b'258'), (b'Connection', b'keep-alive'), (b'Strict-Transport-Security', b'max-age=31536000; includeSubDomains; preload'), (b'Access-Control-Allow-Origin', b'*'), (b'Access-Control-Allow-Methods', b'GET, POST, OPTIONS'), (b'Access-Control-Expose-Headers', b'Content-Length,Content-Type,Date,Server,Connection')])]
[2025-09-14 11:38:55,487]: [_client.py]: _send_single_request: 1740:       INFO:    [HTTP Request: POST https://api.telegram.org/bot6030805959:AAGUHAMxLYc-PrevgKouJ3ZyM7ktu56ftjo/getMe "HTTP/1.1 200 OK"]
[2025-09-14 11:38:55,487]: [_trace.py]: atrace: 87:       DEBUG:    [receive_response_body.started request=<Request [b'POST']>]
[2025-09-14 11:38:55,487]: [_trace.py]: atrace: 87:       DEBUG:    [receive_response_body.complete]
[2025-09-14 11:38:55,487]: [_trace.py]: atrace: 87:       DEBUG:    [response_closed.started]
[2025-09-14 11:38:55,487]: [_trace.py]: atrace: 87:       DEBUG:    [response_closed.complete]
[2025-09-14 11:38:55,487]: [_bot.py]: _do_post: 652:       DEBUG:    [Call to Bot API endpoint `getMe` finished with return value `{'id': 6030805959, 'is_bot': True, 'first_name': 'TyPHoone', 'username': 'TyPHoone_Project_bot', 'can_join_groups': True, 'can_read_all_group_messages': False, 'supports_inline_queries': False, 'can_connect_to_business': False, 'has_main_web_app': False}`]
[2025-09-14 11:38:55,490]: [_bot.py]: _do_post: 643:       DEBUG:    [Calling Bot API endpoint `sendDocument` with parameters `{'chat_id': '-4119703192', 'document': <telegram._files.inputfile.InputFile object at 0x7f3aea5243c0>}`]
[2025-09-14 11:38:55,490]: [_trace.py]: atrace: 87:       DEBUG:    [send_request_headers.started request=<Request [b'POST']>]
[2025-09-14 11:38:55,490]: [_trace.py]: atrace: 87:       DEBUG:    [send_request_headers.complete]
[2025-09-14 11:38:55,491]: [_trace.py]: atrace: 87:       DEBUG:    [send_request_body.started request=<Request [b'POST']>]
[2025-09-14 11:38:55,491]: [_trace.py]: atrace: 87:       DEBUG:    [send_request_body.complete]
[2025-09-14 11:38:55,491]: [_trace.py]: atrace: 87:       DEBUG:    [receive_response_headers.started request=<Request [b'POST']>]
[2025-09-14 11:38:55,743]: [_trace.py]: atrace: 87:       DEBUG:    [receive_response_headers.complete return_value=(b'HTTP/1.1', 200, b'OK', [(b'Server', b'nginx/1.18.0'), (b'Date', b'Sun, 14 Sep 2025 11:38:55 GMT'), (b'Content-Type', b'application/json'), (b'Content-Length', b'584'), (b'Connection', b'keep-alive'), (b'Strict-Transport-Security', b'max-age=31536000; includeSubDomains; preload'), (b'Access-Control-Allow-Origin', b'*'), (b'Access-Control-Allow-Methods', b'GET, POST, OPTIONS'), (b'Access-Control-Expose-Headers', b'Content-Length,Content-Type,Date,Server,Connection')])]
[2025-09-14 11:38:55,743]: [_client.py]: _send_single_request: 1740:       INFO:    [HTTP Request: POST https://api.telegram.org/bot6030805959:AAGUHAMxLYc-PrevgKouJ3ZyM7ktu56ftjo/sendDocument "HTTP/1.1 200 OK"]
[2025-09-14 11:38:55,744]: [_trace.py]: atrace: 87:       DEBUG:    [receive_response_body.started request=<Request [b'POST']>]
[2025-09-14 11:38:55,744]: [_trace.py]: atrace: 87:       DEBUG:    [receive_response_body.complete]
[2025-09-14 11:38:55,744]: [_trace.py]: atrace: 87:       DEBUG:    [response_closed.started]
[2025-09-14 11:38:55,744]: [_trace.py]: atrace: 87:       DEBUG:    [response_closed.complete]
[2025-09-14 11:38:55,744]: [_bot.py]: _do_post: 652:       DEBUG:    [Call to Bot API endpoint `sendDocument` finished with return value `{'message_id': 2603, 'from': {'id': 6030805959, 'is_bot': True, 'first_name': 'TyPHoone', 'username': 'TyPHoone_Project_bot'}, 'chat': {'id': -4119703192, 'title': 'Robocop', 'type': 'group', 'all_members_are_administrators': True, 'accepted_gift_types': {'unlimited_gifts': False, 'limited_gifts': False, 'unique_gifts': False, 'premium_subscription': False}}, 'date': 1757849935, 'document': {'file_name': '(2025_09_14--11_38).log', 'mime_type': 'text/plain', 'file_id': 'BQACAgQAAxkDAAIKK2jGqU_lm9dIZJzb-pubjYm4NqfHAAJvHAACup04Uk_uXfx6OnuJNgQ', 'file_unique_id': 'AgADbxwAArqdOFI', 'file_size': 5937}}`]
[2025-09-14 11:38:55,744]: [_trace.py]: atrace: 87:       DEBUG:    [close.started]
[2025-09-14 11:38:55,745]: [_trace.py]: atrace: 87:       DEBUG:    [close.complete]
[2025-09-14 11:38:55,787]: [_bot.py]: _do_post: 643:       DEBUG:    [Calling Bot API endpoint `getMe` with parameters `{}`]
[2025-09-14 11:38:55,788]: [_trace.py]: atrace: 87:       DEBUG:    [connect_tcp.started host='api.telegram.org' port=443 local_address=None timeout=5.0 socket_options=None]
[2025-09-14 11:38:55,885]: [_trace.py]: atrace: 87:       DEBUG:    [connect_tcp.complete return_value=<httpcore._backends.anyio.AnyIOStream object at 0x7f3aea1b02c0>]
[2025-09-14 11:38:55,885]: [_trace.py]: atrace: 87:       DEBUG:    [start_tls.started ssl_context=<ssl.SSLContext object at 0x7f3aeabb1bd0> server_hostname='api.telegram.org' timeout=5.0]
[2025-09-14 11:38:55,983]: [_trace.py]: atrace: 87:       DEBUG:    [start_tls.complete return_value=<httpcore._backends.anyio.AnyIOStream object at 0x7f3aea135940>]
[2025-09-14 11:38:55,984]: [_trace.py]: atrace: 87:       DEBUG:    [send_request_headers.started request=<Request [b'POST']>]
[2025-09-14 11:38:55,984]: [_trace.py]: atrace: 87:       DEBUG:    [send_request_headers.complete]
[2025-09-14 11:38:55,984]: [_trace.py]: atrace: 87:       DEBUG:    [send_request_body.started request=<Request [b'POST']>]
[2025-09-14 11:38:55,984]: [_trace.py]: atrace: 87:       DEBUG:    [send_request_body.complete]
[2025-09-14 11:38:55,984]: [_trace.py]: atrace: 87:       DEBUG:    [receive_response_headers.started request=<Request [b'POST']>]
[2025-09-14 11:38:56,080]: [_trace.py]: atrace: 87:       DEBUG:    [receive_response_headers.complete return_value=(b'HTTP/1.1', 200, b'OK', [(b'Server', b'nginx/1.18.0'), (b'Date', b'Sun, 14 Sep 2025 11:38:56 GMT'), (b'Content-Type', b'application/json'), (b'Content-Length', b'258'), (b'Connection', b'keep-alive'), (b'Strict-Transport-Security', b'max-age=31536000; includeSubDomains; preload'), (b'Access-Control-Allow-Origin', b'*'), (b'Access-Control-Allow-Methods', b'GET, POST, OPTIONS'), (b'Access-Control-Expose-Headers', b'Content-Length,Content-Type,Date,Server,Connection')])]
[2025-09-14 11:38:56,081]: [_client.py]: _send_single_request: 1740:       INFO:    [HTTP Request: POST https://api.telegram.org/bot6030805959:AAGUHAMxLYc-PrevgKouJ3ZyM7ktu56ftjo/getMe "HTTP/1.1 200 OK"]
[2025-09-14 11:38:56,081]: [_trace.py]: atrace: 87:       DEBUG:    [receive_response_body.started request=<Request [b'POST']>]
[2025-09-14 11:38:56,081]: [_trace.py]: atrace: 87:       DEBUG:    [receive_response_body.complete]
[2025-09-14 11:38:56,081]: [_trace.py]: atrace: 87:       DEBUG:    [response_closed.started]
[2025-09-14 11:38:56,081]: [_trace.py]: atrace: 87:       DEBUG:    [response_closed.complete]
[2025-09-14 11:38:56,081]: [_bot.py]: _do_post: 652:       DEBUG:    [Call to Bot API endpoint `getMe` finished with return value `{'id': 6030805959, 'is_bot': True, 'first_name': 'TyPHoone', 'username': 'TyPHoone_Project_bot', 'can_join_groups': True, 'can_read_all_group_messages': False, 'supports_inline_queries': False, 'can_connect_to_business': False, 'has_main_web_app': False}`]
[2025-09-14 11:38:56,083]: [_bot.py]: _do_post: 643:       DEBUG:    [Calling Bot API endpoint `sendDocument` with parameters `{'chat_id': '-4119703192', 'document': <telegram._files.inputfile.InputFile object at 0x7f3aeabce200>}`]
[2025-09-14 11:38:56,084]: [_trace.py]: atrace: 87:       DEBUG:    [send_request_headers.started request=<Request [b'POST']>]
[2025-09-14 11:38:56,084]: [_trace.py]: atrace: 87:       DEBUG:    [send_request_headers.complete]
[2025-09-14 11:38:56,084]: [_trace.py]: atrace: 87:       DEBUG:    [send_request_body.started request=<Request [b'POST']>]
[2025-09-14 11:38:56,963]: [_trace.py]: atrace: 87:       DEBUG:    [send_request_body.complete]
[2025-09-14 11:38:56,963]: [_trace.py]: atrace: 87:       DEBUG:    [receive_response_headers.started request=<Request [b'POST']>]
[2025-09-14 11:38:57,554]: [_trace.py]: atrace: 87:       DEBUG:    [receive_response_headers.complete return_value=(b'HTTP/1.1', 200, b'OK', [(b'Server', b'nginx/1.18.0'), (b'Date', b'Sun, 14 Sep 2025 11:38:57 GMT'), (b'Content-Type', b'application/json'), (b'Content-Length', b'598'), (b'Connection', b'keep-alive'), (b'Strict-Transport-Security', b'max-age=31536000; includeSubDomains; preload'), (b'Access-Control-Allow-Origin', b'*'), (b'Access-Control-Allow-Methods', b'GET, POST, OPTIONS'), (b'Access-Control-Expose-Headers', b'Content-Length,Content-Type,Date,Server,Connection')])]
[2025-09-14 11:38:57,554]: [_client.py]: _send_single_request: 1740:       INFO:    [HTTP Request: POST https://api.telegram.org/bot6030805959:AAGUHAMxLYc-PrevgKouJ3ZyM7ktu56ftjo/sendDocument "HTTP/1.1 200 OK"]
[2025-09-14 11:38:57,555]: [_trace.py]: atrace: 87:       DEBUG:    [receive_response_body.started request=<Request [b'POST']>]
[2025-09-14 11:38:57,555]: [_trace.py]: atrace: 87:       DEBUG:    [receive_response_body.complete]
[2025-09-14 11:38:57,555]: [_trace.py]: atrace: 87:       DEBUG:    [response_closed.started]
[2025-09-14 11:38:57,555]: [_trace.py]: atrace: 87:       DEBUG:    [response_closed.complete]
[2025-09-14 11:38:57,555]: [_bot.py]: _do_post: 652:       DEBUG:    [Call to Bot API endpoint `sendDocument` finished with return value `{'message_id': 2604, 'from': {'id': 6030805959, 'is_bot': True, 'first_name': 'TyPHoone', 'username': 'TyPHoone_Project_bot'}, 'chat': {'id': -4119703192, 'title': 'Robocop', 'type': 'group', 'all_members_are_administrators': True, 'accepted_gift_types': {'unlimited_gifts': False, 'limited_gifts': False, 'unique_gifts': False, 'premium_subscription': False}}, 'date': 1757849937, 'document': {'file_name': '(2025_09_14--11_38)output.zip', 'mime_type': 'application/zip', 'file_id': 'BQACAgQAAxkDAAIKLGjGqVHBLGS6GhjzcIerbX-2wKmDAAJwHAACup04Ut01QeGpuJY_NgQ', 'file_unique_id': 'AgADcBwAArqdOFI', 'file_size': 9883840}}`]
[2025-09-14 11:38:57,555]: [_trace.py]: atrace: 87:       DEBUG:    [close.started]
[2025-09-14 11:38:57,556]: [_trace.py]: atrace: 87:       DEBUG:    [close.complete]
[2025-09-14 11:38:57,556]: [Telegram_Sender.py]: runner: 61:       INFO:    [sent successfully]
[2025-09-14 11:38:57,556]: [Main.py]: <module>: 48:       INFO:    [Finished]
