[2024-05-10 11:37:58,096]: [Main.py]: <module>: 21:       INFO:    [Started]
[2024-05-10 11:37:59,803]: [Iron_Scraper.py]: Scrap: 32:       INFO:    [Data Scaraped Successfully]
[2024-05-10 11:37:59,992]: [Iron_Scraper.py]: Scrap: 70:       INFO:    [Scrapped Data Has No Problem]
[2024-05-10 11:37:59,992]: [Iron_Scraper.py]: Scrap: 83:       INFO:    [Data Saved Successfully]
[2024-05-10 11:37:59,992]: [Iron.py]: Run: 26:       INFO:    [Scraping Phase Completed]
[2024-05-10 11:37:59,993]: [Iron_Data_Processor.py]: Data_Reader: 61:       INFO:    [Data File Has Been Red Successfully]
[2024-05-10 11:37:59,993]: [Iron_Data_Processor.py]: Shaper: 78:       INFO:    [Data Shaped]
[2024-05-10 11:37:59,993]: [Iron_Data_Processor.py]: Process: 228:       INFO:    [Data Cleaned]
[2024-05-10 11:37:59,993]: [Iron_Data_Processor.py]: Make_Pages_Objects: 101:       INFO:    [Page Objects Has Been Made]
[2024-05-10 11:37:59,993]: [Iron_Data_Processor.py]: Make_Pages_Objects: 101:       INFO:    [Page Objects Has Been Made]
[2024-05-10 11:37:59,993]: [Iron_Data_Processor.py]: Load_Data: 118:       INFO:    [Data Has Been Load]
[2024-05-10 11:37:59,993]: [Iron_Data_Processor.py]: Load_Data: 118:       INFO:    [Data Has Been Load]
[2024-05-10 11:37:59,993]: [Iron_Data_Processor.py]: Load_positions: 140:       INFO:    [Positions Are Ready]
[2024-05-10 11:37:59,994]: [Iron_Data_Processor.py]: Load_positions: 140:       INFO:    [Positions Are Ready]
[2024-05-10 11:38:01,123]: [Iron_Data_Processor.py]: Make_Tagged_Images: 193:       INFO:    [Images Has Been Made]
[2024-05-10 11:38:02,081]: [Iron_Data_Processor.py]: Make_Tagged_Images: 193:       INFO:    [Images Has Been Made]
[2024-05-10 11:38:02,338]: [Iron_Data_Processor.py]: Make_Cover_Page: 215:       INFO:    [Made Cover Pages]
[2024-05-10 11:38:02,338]: [Iron.py]: Run: 29:       INFO:    [Imagination Phase Completed]
[2024-05-10 11:38:16,156]: [Phone_Scraper.py]: Scrap: 58:       INFO:    [Data Scraped]
[2024-05-10 11:38:16,157]: [Phone_Scraper.py]: Scrap: 71:       INFO:    [Scraped Data Successfully]
[2024-05-10 11:38:16,157]: [Phone.py]: Run: 26:       INFO:    [Scraping Phase Complete]
[2024-05-10 11:38:16,157]: [Phone_Data_Processor.py]: data_reader: 38:       INFO:    [Scraped Data Loaded]
[2024-05-10 11:38:16,158]: [Phone_Data_Processor.py]: filter_list: 65:       INFO:    [Persian Phrases Are deleted]
[2024-05-10 11:38:16,159]: [Phone_Data_Processor.py]: reshape_list: 87:       INFO:    [Date Reshaped]
[2024-05-10 11:38:16,159]: [Phone_Data_Processor.py]: separate_brands: 124:       INFO:    [Brands Are Separated]
[2024-05-10 11:38:16,160]: [Phone_Data_Processor.py]: delete_extra_spaces: 141:       INFO:    [Extra Spaces Are Deleted]
[2024-05-10 11:38:17,035]: [Phone.py]: Run: 29:       INFO:    [Imagination Phase Complete]
[2024-05-10 11:38:17,036]: [selector_events.py]: __init__: 64:       DEBUG:    [Using selector: EpollSelector]
[2024-05-10 11:38:17,382]: [_bot.py]: _do_post: 643:       DEBUG:    [Calling Bot API endpoint `getMe` with parameters `{}`]
[2024-05-10 11:38:17,386]: [_trace.py]: atrace: 85:       DEBUG:    [connect_tcp.started host='api.telegram.org' port=443 local_address=None timeout=5.0 socket_options=None]
[2024-05-10 11:38:17,517]: [_trace.py]: atrace: 85:       DEBUG:    [connect_tcp.complete return_value=<httpcore._backends.anyio.AnyIOStream object at 0x7f0a5d5f7110>]
[2024-05-10 11:38:17,517]: [_trace.py]: atrace: 85:       DEBUG:    [start_tls.started ssl_context=<ssl.SSLContext object at 0x7f0a5d445e50> server_hostname='api.telegram.org' timeout=5.0]
[2024-05-10 11:38:17,620]: [_trace.py]: atrace: 85:       DEBUG:    [start_tls.complete return_value=<httpcore._backends.anyio.AnyIOStream object at 0x7f0a5cfbbb60>]
[2024-05-10 11:38:17,620]: [_trace.py]: atrace: 85:       DEBUG:    [send_request_headers.started request=<Request [b'POST']>]
[2024-05-10 11:38:17,620]: [_trace.py]: atrace: 85:       DEBUG:    [send_request_headers.complete]
[2024-05-10 11:38:17,620]: [_trace.py]: atrace: 85:       DEBUG:    [send_request_body.started request=<Request [b'POST']>]
[2024-05-10 11:38:17,620]: [_trace.py]: atrace: 85:       DEBUG:    [send_request_body.complete]
[2024-05-10 11:38:17,620]: [_trace.py]: atrace: 85:       DEBUG:    [receive_response_headers.started request=<Request [b'POST']>]
[2024-05-10 11:38:17,724]: [_trace.py]: atrace: 85:       DEBUG:    [receive_response_headers.complete return_value=(b'HTTP/1.1', 200, b'OK', [(b'Server', b'nginx/1.18.0'), (b'Date', b'Fri, 10 May 2024 11:38:17 GMT'), (b'Content-Type', b'application/json'), (b'Content-Length', b'233'), (b'Connection', b'keep-alive'), (b'Strict-Transport-Security', b'max-age=31536000; includeSubDomains; preload'), (b'Access-Control-Allow-Origin', b'*'), (b'Access-Control-Allow-Methods', b'GET, POST, OPTIONS'), (b'Access-Control-Expose-Headers', b'Content-Length,Content-Type,Date,Server,Connection')])]
[2024-05-10 11:38:17,725]: [_client.py]: _send_single_request: 1773:       INFO:    [HTTP Request: POST https://api.telegram.org/bot6030805959:AAGUHAMxLYc-PrevgKouJ3ZyM7ktu56ftjo/getMe "HTTP/1.1 200 OK"]
[2024-05-10 11:38:17,725]: [_trace.py]: atrace: 85:       DEBUG:    [receive_response_body.started request=<Request [b'POST']>]
[2024-05-10 11:38:17,725]: [_trace.py]: atrace: 85:       DEBUG:    [receive_response_body.complete]
[2024-05-10 11:38:17,725]: [_trace.py]: atrace: 85:       DEBUG:    [response_closed.started]
[2024-05-10 11:38:17,725]: [_trace.py]: atrace: 85:       DEBUG:    [response_closed.complete]
[2024-05-10 11:38:17,725]: [_bot.py]: _do_post: 652:       DEBUG:    [Call to Bot API endpoint `getMe` finished with return value `{'id': 6030805959, 'is_bot': True, 'first_name': 'TyPHoone', 'username': 'TyPHoone_Project_bot', 'can_join_groups': True, 'can_read_all_group_messages': False, 'supports_inline_queries': False, 'can_connect_to_business': False}`]
[2024-05-10 11:38:17,728]: [_bot.py]: _do_post: 643:       DEBUG:    [Calling Bot API endpoint `sendDocument` with parameters `{'chat_id': '-4119703192', 'document': <telegram._files.inputfile.InputFile object at 0x7f0a5c9cab40>}`]
[2024-05-10 11:38:17,729]: [_trace.py]: atrace: 85:       DEBUG:    [send_request_headers.started request=<Request [b'POST']>]
[2024-05-10 11:38:17,729]: [_trace.py]: atrace: 85:       DEBUG:    [send_request_headers.complete]
[2024-05-10 11:38:17,729]: [_trace.py]: atrace: 85:       DEBUG:    [send_request_body.started request=<Request [b'POST']>]
[2024-05-10 11:38:17,730]: [_trace.py]: atrace: 85:       DEBUG:    [send_request_body.complete]
[2024-05-10 11:38:17,730]: [_trace.py]: atrace: 85:       DEBUG:    [receive_response_headers.started request=<Request [b'POST']>]
[2024-05-10 11:38:17,874]: [_trace.py]: atrace: 85:       DEBUG:    [receive_response_headers.complete return_value=(b'HTTP/1.1', 200, b'OK', [(b'Server', b'nginx/1.18.0'), (b'Date', b'Fri, 10 May 2024 11:38:17 GMT'), (b'Content-Type', b'application/json'), (b'Content-Length', b'463'), (b'Connection', b'keep-alive'), (b'Strict-Transport-Security', b'max-age=31536000; includeSubDomains; preload'), (b'Access-Control-Allow-Origin', b'*'), (b'Access-Control-Allow-Methods', b'GET, POST, OPTIONS'), (b'Access-Control-Expose-Headers', b'Content-Length,Content-Type,Date,Server,Connection')])]
[2024-05-10 11:38:17,874]: [_client.py]: _send_single_request: 1773:       INFO:    [HTTP Request: POST https://api.telegram.org/bot6030805959:AAGUHAMxLYc-PrevgKouJ3ZyM7ktu56ftjo/sendDocument "HTTP/1.1 200 OK"]
[2024-05-10 11:38:17,874]: [_trace.py]: atrace: 85:       DEBUG:    [receive_response_body.started request=<Request [b'POST']>]
[2024-05-10 11:38:17,874]: [_trace.py]: atrace: 85:       DEBUG:    [receive_response_body.complete]
[2024-05-10 11:38:17,875]: [_trace.py]: atrace: 85:       DEBUG:    [response_closed.started]
[2024-05-10 11:38:17,875]: [_trace.py]: atrace: 85:       DEBUG:    [response_closed.complete]
[2024-05-10 11:38:17,875]: [_bot.py]: _do_post: 652:       DEBUG:    [Call to Bot API endpoint `sendDocument` finished with return value `{'message_id': 780, 'from': {'id': 6030805959, 'is_bot': True, 'first_name': 'TyPHoone', 'username': 'TyPHoone_Project_bot'}, 'chat': {'id': -4119703192, 'title': 'Robocop', 'type': 'group', 'all_members_are_administrators': True}, 'date': 1715341097, 'document': {'file_name': '(2024_05_10--11_37).log', 'mime_type': 'text/plain', 'file_id': 'BQACAgQAAxkDAAIDDGY-BylYTEekbzJhlBu8oeeb_saxAAIfGQACExPwUQruarMZdllHNQQ', 'file_unique_id': 'AgADHxkAAhMT8FE', 'file_size': 5910}}`]
[2024-05-10 11:38:17,875]: [_trace.py]: atrace: 85:       DEBUG:    [close.started]
[2024-05-10 11:38:17,875]: [_trace.py]: atrace: 85:       DEBUG:    [close.complete]
[2024-05-10 11:38:17,876]: [_config.py]: load_ssl_context: 80:       DEBUG:    [load_ssl_context verify=True cert=None trust_env=True http2=False]
[2024-05-10 11:38:17,876]: [_config.py]: load_ssl_context_verify: 146:       DEBUG:    [load_verify_locations cafile='/opt/hostedtoolcache/Python/3.12.3/x64/lib/python3.12/site-packages/certifi/cacert.pem']
[2024-05-10 11:38:17,903]: [_config.py]: load_ssl_context: 80:       DEBUG:    [load_ssl_context verify=True cert=None trust_env=True http2=False]
[2024-05-10 11:38:17,903]: [_config.py]: load_ssl_context_verify: 146:       DEBUG:    [load_verify_locations cafile='/opt/hostedtoolcache/Python/3.12.3/x64/lib/python3.12/site-packages/certifi/cacert.pem']
[2024-05-10 11:38:17,930]: [_bot.py]: _do_post: 643:       DEBUG:    [Calling Bot API endpoint `getMe` with parameters `{}`]
[2024-05-10 11:38:17,931]: [_trace.py]: atrace: 85:       DEBUG:    [connect_tcp.started host='api.telegram.org' port=443 local_address=None timeout=5.0 socket_options=None]
[2024-05-10 11:38:18,032]: [_trace.py]: atrace: 85:       DEBUG:    [connect_tcp.complete return_value=<httpcore._backends.anyio.AnyIOStream object at 0x7f0a5cfbbef0>]
[2024-05-10 11:38:18,032]: [_trace.py]: atrace: 85:       DEBUG:    [start_tls.started ssl_context=<ssl.SSLContext object at 0x7f0a5d445c50> server_hostname='api.telegram.org' timeout=5.0]
[2024-05-10 11:38:18,135]: [_trace.py]: atrace: 85:       DEBUG:    [start_tls.complete return_value=<httpcore._backends.anyio.AnyIOStream object at 0x7f0a5de88d40>]
[2024-05-10 11:38:18,136]: [_trace.py]: atrace: 85:       DEBUG:    [send_request_headers.started request=<Request [b'POST']>]
[2024-05-10 11:38:18,136]: [_trace.py]: atrace: 85:       DEBUG:    [send_request_headers.complete]
[2024-05-10 11:38:18,136]: [_trace.py]: atrace: 85:       DEBUG:    [send_request_body.started request=<Request [b'POST']>]
[2024-05-10 11:38:18,136]: [_trace.py]: atrace: 85:       DEBUG:    [send_request_body.complete]
[2024-05-10 11:38:18,136]: [_trace.py]: atrace: 85:       DEBUG:    [receive_response_headers.started request=<Request [b'POST']>]
[2024-05-10 11:38:18,243]: [_trace.py]: atrace: 85:       DEBUG:    [receive_response_headers.complete return_value=(b'HTTP/1.1', 200, b'OK', [(b'Server', b'nginx/1.18.0'), (b'Date', b'Fri, 10 May 2024 11:38:18 GMT'), (b'Content-Type', b'application/json'), (b'Content-Length', b'233'), (b'Connection', b'keep-alive'), (b'Strict-Transport-Security', b'max-age=31536000; includeSubDomains; preload'), (b'Access-Control-Allow-Origin', b'*'), (b'Access-Control-Allow-Methods', b'GET, POST, OPTIONS'), (b'Access-Control-Expose-Headers', b'Content-Length,Content-Type,Date,Server,Connection')])]
[2024-05-10 11:38:18,243]: [_client.py]: _send_single_request: 1773:       INFO:    [HTTP Request: POST https://api.telegram.org/bot6030805959:AAGUHAMxLYc-PrevgKouJ3ZyM7ktu56ftjo/getMe "HTTP/1.1 200 OK"]
[2024-05-10 11:38:18,243]: [_trace.py]: atrace: 85:       DEBUG:    [receive_response_body.started request=<Request [b'POST']>]
[2024-05-10 11:38:18,243]: [_trace.py]: atrace: 85:       DEBUG:    [receive_response_body.complete]
[2024-05-10 11:38:18,243]: [_trace.py]: atrace: 85:       DEBUG:    [response_closed.started]
[2024-05-10 11:38:18,243]: [_trace.py]: atrace: 85:       DEBUG:    [response_closed.complete]
[2024-05-10 11:38:18,243]: [_bot.py]: _do_post: 652:       DEBUG:    [Call to Bot API endpoint `getMe` finished with return value `{'id': 6030805959, 'is_bot': True, 'first_name': 'TyPHoone', 'username': 'TyPHoone_Project_bot', 'can_join_groups': True, 'can_read_all_group_messages': False, 'supports_inline_queries': False, 'can_connect_to_business': False}`]
[2024-05-10 11:38:18,246]: [_bot.py]: _do_post: 643:       DEBUG:    [Calling Bot API endpoint `sendDocument` with parameters `{'chat_id': '-4119703192', 'document': <telegram._files.inputfile.InputFile object at 0x7f0a5c9cb4c0>}`]
[2024-05-10 11:38:18,246]: [_trace.py]: atrace: 85:       DEBUG:    [send_request_headers.started request=<Request [b'POST']>]
[2024-05-10 11:38:18,247]: [_trace.py]: atrace: 85:       DEBUG:    [send_request_headers.complete]
[2024-05-10 11:38:18,247]: [_trace.py]: atrace: 85:       DEBUG:    [send_request_body.started request=<Request [b'POST']>]
[2024-05-10 11:38:19,175]: [_trace.py]: atrace: 85:       DEBUG:    [send_request_body.complete]
[2024-05-10 11:38:19,179]: [_trace.py]: atrace: 85:       DEBUG:    [receive_response_headers.started request=<Request [b'POST']>]
[2024-05-10 11:38:19,973]: [_trace.py]: atrace: 85:       DEBUG:    [receive_response_headers.complete return_value=(b'HTTP/1.1', 200, b'OK', [(b'Server', b'nginx/1.18.0'), (b'Date', b'Fri, 10 May 2024 11:38:19 GMT'), (b'Content-Type', b'application/json'), (b'Content-Length', b'478'), (b'Connection', b'keep-alive'), (b'Strict-Transport-Security', b'max-age=31536000; includeSubDomains; preload'), (b'Access-Control-Allow-Origin', b'*'), (b'Access-Control-Allow-Methods', b'GET, POST, OPTIONS'), (b'Access-Control-Expose-Headers', b'Content-Length,Content-Type,Date,Server,Connection')])]
[2024-05-10 11:38:19,973]: [_client.py]: _send_single_request: 1773:       INFO:    [HTTP Request: POST https://api.telegram.org/bot6030805959:AAGUHAMxLYc-PrevgKouJ3ZyM7ktu56ftjo/sendDocument "HTTP/1.1 200 OK"]
[2024-05-10 11:38:19,973]: [_trace.py]: atrace: 85:       DEBUG:    [receive_response_body.started request=<Request [b'POST']>]
[2024-05-10 11:38:19,973]: [_trace.py]: atrace: 85:       DEBUG:    [receive_response_body.complete]
[2024-05-10 11:38:19,973]: [_trace.py]: atrace: 85:       DEBUG:    [response_closed.started]
[2024-05-10 11:38:19,973]: [_trace.py]: atrace: 85:       DEBUG:    [response_closed.complete]
[2024-05-10 11:38:19,974]: [_bot.py]: _do_post: 652:       DEBUG:    [Call to Bot API endpoint `sendDocument` finished with return value `{'message_id': 781, 'from': {'id': 6030805959, 'is_bot': True, 'first_name': 'TyPHoone', 'username': 'TyPHoone_Project_bot'}, 'chat': {'id': -4119703192, 'title': 'Robocop', 'type': 'group', 'all_members_are_administrators': True}, 'date': 1715341099, 'document': {'file_name': '(2024_05_10--11_37)output.zip', 'mime_type': 'application/zip', 'file_id': 'BQACAgQAAxkDAAIDDWY-ByuUeWPjPp7z8JPb6jYTfXNRAAIgGQACExPwUWh7rQcES3B4NQQ', 'file_unique_id': 'AgADIBkAAhMT8FE', 'file_size': 10482298}}`]
[2024-05-10 11:38:19,974]: [_trace.py]: atrace: 85:       DEBUG:    [close.started]
[2024-05-10 11:38:19,974]: [_trace.py]: atrace: 85:       DEBUG:    [close.complete]
[2024-05-10 11:38:19,974]: [Telegram_Sender.py]: runner: 61:       INFO:    [sent successfully]
[2024-05-10 11:38:19,975]: [Main.py]: <module>: 48:       INFO:    [Finished]
