[2025-03-21 11:40:40,222]: [Main.py]: <module>: 21:       INFO:    [Started]
[2025-03-21 11:40:42,084]: [Iron_Scraper.py]: Scrap: 32:       INFO:    [Data Scaraped Successfully]
[2025-03-21 11:40:42,280]: [Iron_Scraper.py]: Scrap: 70:       INFO:    [Scrapped Data Has No Problem]
[2025-03-21 11:40:42,281]: [Iron_Scraper.py]: Scrap: 83:       INFO:    [Data Saved Successfully]
[2025-03-21 11:40:42,281]: [Iron.py]: Run: 26:       INFO:    [Scraping Phase Completed]
[2025-03-21 11:40:42,281]: [Iron_Data_Processor.py]: Data_Reader: 61:       INFO:    [Data File Has Been Red Successfully]
[2025-03-21 11:40:42,281]: [Iron_Data_Processor.py]: Shaper: 78:       INFO:    [Data Shaped]
[2025-03-21 11:40:42,282]: [Iron_Data_Processor.py]: Process: 228:       INFO:    [Data Cleaned]
[2025-03-21 11:40:42,282]: [Iron_Data_Processor.py]: Make_Pages_Objects: 101:       INFO:    [Page Objects Has Been Made]
[2025-03-21 11:40:42,282]: [Iron_Data_Processor.py]: Make_Pages_Objects: 101:       INFO:    [Page Objects Has Been Made]
[2025-03-21 11:40:42,282]: [Iron_Data_Processor.py]: Load_Data: 118:       INFO:    [Data Has Been Load]
[2025-03-21 11:40:42,282]: [Iron_Data_Processor.py]: Load_Data: 118:       INFO:    [Data Has Been Load]
[2025-03-21 11:40:42,282]: [Iron_Data_Processor.py]: Load_positions: 140:       INFO:    [Positions Are Ready]
[2025-03-21 11:40:42,282]: [Iron_Data_Processor.py]: Load_positions: 140:       INFO:    [Positions Are Ready]
[2025-03-21 11:40:43,391]: [Iron_Data_Processor.py]: Make_Tagged_Images: 193:       INFO:    [Images Has Been Made]
[2025-03-21 11:40:44,331]: [Iron_Data_Processor.py]: Make_Tagged_Images: 193:       INFO:    [Images Has Been Made]
[2025-03-21 11:40:44,584]: [Iron_Data_Processor.py]: Make_Cover_Page: 215:       INFO:    [Made Cover Pages]
[2025-03-21 11:40:44,585]: [Iron.py]: Run: 29:       INFO:    [Imagination Phase Completed]
[2025-03-21 11:40:47,977]: [Phone_Scraper.py]: Scrap: 58:       INFO:    [Data Scraped]
[2025-03-21 11:40:47,978]: [Phone_Scraper.py]: Scrap: 71:       INFO:    [Scraped Data Successfully]
[2025-03-21 11:40:47,978]: [Phone.py]: Run: 26:       INFO:    [Scraping Phase Complete]
[2025-03-21 11:40:47,978]: [Phone_Data_Processor.py]: data_reader: 38:       INFO:    [Scraped Data Loaded]
[2025-03-21 11:40:47,979]: [Phone_Data_Processor.py]: filter_list: 65:       INFO:    [Persian Phrases Are deleted]
[2025-03-21 11:40:47,979]: [Phone_Data_Processor.py]: reshape_list: 87:       INFO:    [Date Reshaped]
[2025-03-21 11:40:47,979]: [Phone_Data_Processor.py]: separate_brands: 124:       INFO:    [Brands Are Separated]
[2025-03-21 11:40:47,980]: [Phone_Data_Processor.py]: delete_extra_spaces: 141:       INFO:    [Extra Spaces Are Deleted]
[2025-03-21 11:40:48,734]: [Phone.py]: Run: 29:       INFO:    [Imagination Phase Complete]
[2025-03-21 11:40:48,734]: [selector_events.py]: __init__: 64:       DEBUG:    [Using selector: EpollSelector]
[2025-03-21 11:40:49,011]: [_bot.py]: _do_post: 643:       DEBUG:    [Calling Bot API endpoint `getMe` with parameters `{}`]
[2025-03-21 11:40:49,016]: [_trace.py]: atrace: 87:       DEBUG:    [connect_tcp.started host='api.telegram.org' port=443 local_address=None timeout=5.0 socket_options=None]
[2025-03-21 11:40:49,282]: [_trace.py]: atrace: 87:       DEBUG:    [connect_tcp.complete return_value=<httpcore._backends.anyio.AnyIOStream object at 0x7fd747c94da0>]
[2025-03-21 11:40:49,282]: [_trace.py]: atrace: 87:       DEBUG:    [start_tls.started ssl_context=<ssl.SSLContext object at 0x7fd747333bd0> server_hostname='api.telegram.org' timeout=5.0]
[2025-03-21 11:40:49,429]: [_trace.py]: atrace: 87:       DEBUG:    [start_tls.complete return_value=<httpcore._backends.anyio.AnyIOStream object at 0x7fd746909700>]
[2025-03-21 11:40:49,429]: [_trace.py]: atrace: 87:       DEBUG:    [send_request_headers.started request=<Request [b'POST']>]
[2025-03-21 11:40:49,430]: [_trace.py]: atrace: 87:       DEBUG:    [send_request_headers.complete]
[2025-03-21 11:40:49,430]: [_trace.py]: atrace: 87:       DEBUG:    [send_request_body.started request=<Request [b'POST']>]
[2025-03-21 11:40:49,430]: [_trace.py]: atrace: 87:       DEBUG:    [send_request_body.complete]
[2025-03-21 11:40:49,430]: [_trace.py]: atrace: 87:       DEBUG:    [receive_response_headers.started request=<Request [b'POST']>]
[2025-03-21 11:40:49,576]: [_trace.py]: atrace: 87:       DEBUG:    [receive_response_headers.complete return_value=(b'HTTP/1.1', 200, b'OK', [(b'Server', b'nginx/1.18.0'), (b'Date', b'Fri, 21 Mar 2025 11:40:49 GMT'), (b'Content-Type', b'application/json'), (b'Content-Length', b'258'), (b'Connection', b'keep-alive'), (b'Strict-Transport-Security', b'max-age=31536000; includeSubDomains; preload'), (b'Access-Control-Allow-Origin', b'*'), (b'Access-Control-Allow-Methods', b'GET, POST, OPTIONS'), (b'Access-Control-Expose-Headers', b'Content-Length,Content-Type,Date,Server,Connection')])]
[2025-03-21 11:40:49,576]: [_client.py]: _send_single_request: 1740:       INFO:    [HTTP Request: POST https://api.telegram.org/bot6030805959:AAGUHAMxLYc-PrevgKouJ3ZyM7ktu56ftjo/getMe "HTTP/1.1 200 OK"]
[2025-03-21 11:40:49,576]: [_trace.py]: atrace: 87:       DEBUG:    [receive_response_body.started request=<Request [b'POST']>]
[2025-03-21 11:40:49,577]: [_trace.py]: atrace: 87:       DEBUG:    [receive_response_body.complete]
[2025-03-21 11:40:49,577]: [_trace.py]: atrace: 87:       DEBUG:    [response_closed.started]
[2025-03-21 11:40:49,577]: [_trace.py]: atrace: 87:       DEBUG:    [response_closed.complete]
[2025-03-21 11:40:49,577]: [_bot.py]: _do_post: 652:       DEBUG:    [Call to Bot API endpoint `getMe` finished with return value `{'id': 6030805959, 'is_bot': True, 'first_name': 'TyPHoone', 'username': 'TyPHoone_Project_bot', 'can_join_groups': True, 'can_read_all_group_messages': False, 'supports_inline_queries': False, 'can_connect_to_business': False, 'has_main_web_app': False}`]
[2025-03-21 11:40:49,580]: [_bot.py]: _do_post: 643:       DEBUG:    [Calling Bot API endpoint `sendDocument` with parameters `{'chat_id': '-4119703192', 'document': <telegram._files.inputfile.InputFile object at 0x7fd74695d740>}`]
[2025-03-21 11:40:49,580]: [_trace.py]: atrace: 87:       DEBUG:    [send_request_headers.started request=<Request [b'POST']>]
[2025-03-21 11:40:49,580]: [_trace.py]: atrace: 87:       DEBUG:    [send_request_headers.complete]
[2025-03-21 11:40:49,580]: [_trace.py]: atrace: 87:       DEBUG:    [send_request_body.started request=<Request [b'POST']>]
[2025-03-21 11:40:49,581]: [_trace.py]: atrace: 87:       DEBUG:    [send_request_body.complete]
[2025-03-21 11:40:49,581]: [_trace.py]: atrace: 87:       DEBUG:    [receive_response_headers.started request=<Request [b'POST']>]
[2025-03-21 11:40:49,909]: [_trace.py]: atrace: 87:       DEBUG:    [receive_response_headers.complete return_value=(b'HTTP/1.1', 200, b'OK', [(b'Server', b'nginx/1.18.0'), (b'Date', b'Fri, 21 Mar 2025 11:40:49 GMT'), (b'Content-Type', b'application/json'), (b'Content-Length', b'464'), (b'Connection', b'keep-alive'), (b'Strict-Transport-Security', b'max-age=31536000; includeSubDomains; preload'), (b'Access-Control-Allow-Origin', b'*'), (b'Access-Control-Allow-Methods', b'GET, POST, OPTIONS'), (b'Access-Control-Expose-Headers', b'Content-Length,Content-Type,Date,Server,Connection')])]
[2025-03-21 11:40:49,909]: [_client.py]: _send_single_request: 1740:       INFO:    [HTTP Request: POST https://api.telegram.org/bot6030805959:AAGUHAMxLYc-PrevgKouJ3ZyM7ktu56ftjo/sendDocument "HTTP/1.1 200 OK"]
[2025-03-21 11:40:49,909]: [_trace.py]: atrace: 87:       DEBUG:    [receive_response_body.started request=<Request [b'POST']>]
[2025-03-21 11:40:49,909]: [_trace.py]: atrace: 87:       DEBUG:    [receive_response_body.complete]
[2025-03-21 11:40:49,909]: [_trace.py]: atrace: 87:       DEBUG:    [response_closed.started]
[2025-03-21 11:40:49,909]: [_trace.py]: atrace: 87:       DEBUG:    [response_closed.complete]
[2025-03-21 11:40:49,909]: [_bot.py]: _do_post: 652:       DEBUG:    [Call to Bot API endpoint `sendDocument` finished with return value `{'message_id': 2245, 'from': {'id': 6030805959, 'is_bot': True, 'first_name': 'TyPHoone', 'username': 'TyPHoone_Project_bot'}, 'chat': {'id': -4119703192, 'title': 'Robocop', 'type': 'group', 'all_members_are_administrators': True}, 'date': 1742557249, 'document': {'file_name': '(2025_03_21--11_40).log', 'mime_type': 'text/plain', 'file_id': 'BQACAgQAAxkDAAIIxWfdUEGSLgi2so9A_70oNWTXPfqbAAJVFwACWjLoUqi2rgiV-ol9NgQ', 'file_unique_id': 'AgADVRcAAloy6FI', 'file_size': 5937}}`]
[2025-03-21 11:40:49,910]: [_trace.py]: atrace: 87:       DEBUG:    [close.started]
[2025-03-21 11:40:49,910]: [_trace.py]: atrace: 87:       DEBUG:    [close.complete]
[2025-03-21 11:40:49,956]: [_bot.py]: _do_post: 643:       DEBUG:    [Calling Bot API endpoint `getMe` with parameters `{}`]
[2025-03-21 11:40:49,956]: [_trace.py]: atrace: 87:       DEBUG:    [connect_tcp.started host='api.telegram.org' port=443 local_address=None timeout=5.0 socket_options=None]
[2025-03-21 11:40:50,107]: [_trace.py]: atrace: 87:       DEBUG:    [connect_tcp.complete return_value=<httpcore._backends.anyio.AnyIOStream object at 0x7fd746990f20>]
[2025-03-21 11:40:50,108]: [_trace.py]: atrace: 87:       DEBUG:    [start_tls.started ssl_context=<ssl.SSLContext object at 0x7fd7473339d0> server_hostname='api.telegram.org' timeout=5.0]
[2025-03-21 11:40:50,259]: [_trace.py]: atrace: 87:       DEBUG:    [start_tls.complete return_value=<httpcore._backends.anyio.AnyIOStream object at 0x7fd746ed5130>]
[2025-03-21 11:40:50,259]: [_trace.py]: atrace: 87:       DEBUG:    [send_request_headers.started request=<Request [b'POST']>]
[2025-03-21 11:40:50,259]: [_trace.py]: atrace: 87:       DEBUG:    [send_request_headers.complete]
[2025-03-21 11:40:50,259]: [_trace.py]: atrace: 87:       DEBUG:    [send_request_body.started request=<Request [b'POST']>]
[2025-03-21 11:40:50,259]: [_trace.py]: atrace: 87:       DEBUG:    [send_request_body.complete]
[2025-03-21 11:40:50,259]: [_trace.py]: atrace: 87:       DEBUG:    [receive_response_headers.started request=<Request [b'POST']>]
[2025-03-21 11:40:50,411]: [_trace.py]: atrace: 87:       DEBUG:    [receive_response_headers.complete return_value=(b'HTTP/1.1', 200, b'OK', [(b'Server', b'nginx/1.18.0'), (b'Date', b'Fri, 21 Mar 2025 11:40:50 GMT'), (b'Content-Type', b'application/json'), (b'Content-Length', b'258'), (b'Connection', b'keep-alive'), (b'Strict-Transport-Security', b'max-age=31536000; includeSubDomains; preload'), (b'Access-Control-Allow-Origin', b'*'), (b'Access-Control-Allow-Methods', b'GET, POST, OPTIONS'), (b'Access-Control-Expose-Headers', b'Content-Length,Content-Type,Date,Server,Connection')])]
[2025-03-21 11:40:50,411]: [_client.py]: _send_single_request: 1740:       INFO:    [HTTP Request: POST https://api.telegram.org/bot6030805959:AAGUHAMxLYc-PrevgKouJ3ZyM7ktu56ftjo/getMe "HTTP/1.1 200 OK"]
[2025-03-21 11:40:50,411]: [_trace.py]: atrace: 87:       DEBUG:    [receive_response_body.started request=<Request [b'POST']>]
[2025-03-21 11:40:50,411]: [_trace.py]: atrace: 87:       DEBUG:    [receive_response_body.complete]
[2025-03-21 11:40:50,412]: [_trace.py]: atrace: 87:       DEBUG:    [response_closed.started]
[2025-03-21 11:40:50,412]: [_trace.py]: atrace: 87:       DEBUG:    [response_closed.complete]
[2025-03-21 11:40:50,412]: [_bot.py]: _do_post: 652:       DEBUG:    [Call to Bot API endpoint `getMe` finished with return value `{'id': 6030805959, 'is_bot': True, 'first_name': 'TyPHoone', 'username': 'TyPHoone_Project_bot', 'can_join_groups': True, 'can_read_all_group_messages': False, 'supports_inline_queries': False, 'can_connect_to_business': False, 'has_main_web_app': False}`]
[2025-03-21 11:40:50,414]: [_bot.py]: _do_post: 643:       DEBUG:    [Calling Bot API endpoint `sendDocument` with parameters `{'chat_id': '-4119703192', 'document': <telegram._files.inputfile.InputFile object at 0x7fd747392080>}`]
[2025-03-21 11:40:50,415]: [_trace.py]: atrace: 87:       DEBUG:    [send_request_headers.started request=<Request [b'POST']>]
[2025-03-21 11:40:50,415]: [_trace.py]: atrace: 87:       DEBUG:    [send_request_headers.complete]
[2025-03-21 11:40:50,415]: [_trace.py]: atrace: 87:       DEBUG:    [send_request_body.started request=<Request [b'POST']>]
[2025-03-21 11:40:51,815]: [_trace.py]: atrace: 87:       DEBUG:    [send_request_body.complete]
[2025-03-21 11:40:51,815]: [_trace.py]: atrace: 87:       DEBUG:    [receive_response_headers.started request=<Request [b'POST']>]
[2025-03-21 11:40:53,028]: [_trace.py]: atrace: 87:       DEBUG:    [receive_response_headers.complete return_value=(b'HTTP/1.1', 200, b'OK', [(b'Server', b'nginx/1.18.0'), (b'Date', b'Fri, 21 Mar 2025 11:40:52 GMT'), (b'Content-Type', b'application/json'), (b'Content-Length', b'479'), (b'Connection', b'keep-alive'), (b'Strict-Transport-Security', b'max-age=31536000; includeSubDomains; preload'), (b'Access-Control-Allow-Origin', b'*'), (b'Access-Control-Allow-Methods', b'GET, POST, OPTIONS'), (b'Access-Control-Expose-Headers', b'Content-Length,Content-Type,Date,Server,Connection')])]
[2025-03-21 11:40:53,028]: [_client.py]: _send_single_request: 1740:       INFO:    [HTTP Request: POST https://api.telegram.org/bot6030805959:AAGUHAMxLYc-PrevgKouJ3ZyM7ktu56ftjo/sendDocument "HTTP/1.1 200 OK"]
[2025-03-21 11:40:53,028]: [_trace.py]: atrace: 87:       DEBUG:    [receive_response_body.started request=<Request [b'POST']>]
[2025-03-21 11:40:53,028]: [_trace.py]: atrace: 87:       DEBUG:    [receive_response_body.complete]
[2025-03-21 11:40:53,029]: [_trace.py]: atrace: 87:       DEBUG:    [response_closed.started]
[2025-03-21 11:40:53,029]: [_trace.py]: atrace: 87:       DEBUG:    [response_closed.complete]
[2025-03-21 11:40:53,029]: [_bot.py]: _do_post: 652:       DEBUG:    [Call to Bot API endpoint `sendDocument` finished with return value `{'message_id': 2246, 'from': {'id': 6030805959, 'is_bot': True, 'first_name': 'TyPHoone', 'username': 'TyPHoone_Project_bot'}, 'chat': {'id': -4119703192, 'title': 'Robocop', 'type': 'group', 'all_members_are_administrators': True}, 'date': 1742557252, 'document': {'file_name': '(2025_03_21--11_40)output.zip', 'mime_type': 'application/zip', 'file_id': 'BQACAgQAAxkDAAIIxmfdUETSKGTVW3cX6f9Bqq6OOwj7AAJWFwACWjLoUo3MvKYtt3XMNgQ', 'file_unique_id': 'AgADVhcAAloy6FI', 'file_size': 10105174}}`]
[2025-03-21 11:40:53,029]: [_trace.py]: atrace: 87:       DEBUG:    [close.started]
[2025-03-21 11:40:53,029]: [_trace.py]: atrace: 87:       DEBUG:    [close.complete]
[2025-03-21 11:40:53,029]: [Telegram_Sender.py]: runner: 61:       INFO:    [sent successfully]
[2025-03-21 11:40:53,030]: [Main.py]: <module>: 48:       INFO:    [Finished]
