[2025-11-25 11:41:44,813]: [Main.py]: <module>: 21:       INFO:    [Started]
[2025-11-25 11:41:46,311]: [Iron_Scraper.py]: Scrap: 32:       INFO:    [Data Scaraped Successfully]
[2025-11-25 11:41:46,516]: [Iron_Scraper.py]: Scrap: 70:       INFO:    [Scrapped Data Has No Problem]
[2025-11-25 11:41:46,516]: [Iron_Scraper.py]: Scrap: 83:       INFO:    [Data Saved Successfully]
[2025-11-25 11:41:46,516]: [Iron.py]: Run: 26:       INFO:    [Scraping Phase Completed]
[2025-11-25 11:41:46,516]: [Iron_Data_Processor.py]: Data_Reader: 61:       INFO:    [Data File Has Been Red Successfully]
[2025-11-25 11:41:46,517]: [Iron_Data_Processor.py]: Shaper: 78:       INFO:    [Data Shaped]
[2025-11-25 11:41:46,517]: [Iron_Data_Processor.py]: Process: 228:       INFO:    [Data Cleaned]
[2025-11-25 11:41:46,517]: [Iron_Data_Processor.py]: Make_Pages_Objects: 101:       INFO:    [Page Objects Has Been Made]
[2025-11-25 11:41:46,517]: [Iron_Data_Processor.py]: Make_Pages_Objects: 101:       INFO:    [Page Objects Has Been Made]
[2025-11-25 11:41:46,517]: [Iron_Data_Processor.py]: Load_Data: 118:       INFO:    [Data Has Been Load]
[2025-11-25 11:41:46,517]: [Iron_Data_Processor.py]: Load_Data: 118:       INFO:    [Data Has Been Load]
[2025-11-25 11:41:46,518]: [Iron_Data_Processor.py]: Load_positions: 140:       INFO:    [Positions Are Ready]
[2025-11-25 11:41:46,518]: [Iron_Data_Processor.py]: Load_positions: 140:       INFO:    [Positions Are Ready]
[2025-11-25 11:41:47,655]: [Iron_Data_Processor.py]: Make_Tagged_Images: 193:       INFO:    [Images Has Been Made]
[2025-11-25 11:41:48,624]: [Iron_Data_Processor.py]: Make_Tagged_Images: 193:       INFO:    [Images Has Been Made]
[2025-11-25 11:41:48,880]: [Iron_Data_Processor.py]: Make_Cover_Page: 215:       INFO:    [Made Cover Pages]
[2025-11-25 11:41:48,880]: [Iron.py]: Run: 29:       INFO:    [Imagination Phase Completed]
[2025-11-25 11:41:51,863]: [Phone_Scraper.py]: Scrap: 58:       INFO:    [Data Scraped]
[2025-11-25 11:41:51,863]: [Phone_Scraper.py]: Scrap: 71:       INFO:    [Scraped Data Successfully]
[2025-11-25 11:41:51,863]: [Phone.py]: Run: 26:       INFO:    [Scraping Phase Complete]
[2025-11-25 11:41:51,863]: [Phone_Data_Processor.py]: data_reader: 38:       INFO:    [Scraped Data Loaded]
[2025-11-25 11:41:51,864]: [Phone_Data_Processor.py]: filter_list: 65:       INFO:    [Persian Phrases Are deleted]
[2025-11-25 11:41:51,865]: [Phone_Data_Processor.py]: reshape_list: 87:       INFO:    [Date Reshaped]
[2025-11-25 11:41:51,865]: [Phone_Data_Processor.py]: separate_brands: 124:       INFO:    [Brands Are Separated]
[2025-11-25 11:41:51,866]: [Phone_Data_Processor.py]: delete_extra_spaces: 141:       INFO:    [Extra Spaces Are Deleted]
[2025-11-25 11:41:52,629]: [Phone.py]: Run: 29:       INFO:    [Imagination Phase Complete]
[2025-11-25 11:41:52,630]: [selector_events.py]: __init__: 64:       DEBUG:    [Using selector: EpollSelector]
[2025-11-25 11:41:52,912]: [_bot.py]: _do_post: 643:       DEBUG:    [Calling Bot API endpoint `getMe` with parameters `{}`]
[2025-11-25 11:41:52,917]: [_trace.py]: atrace: 87:       DEBUG:    [connect_tcp.started host='api.telegram.org' port=443 local_address=None timeout=5.0 socket_options=None]
[2025-11-25 11:41:53,024]: [_trace.py]: atrace: 87:       DEBUG:    [connect_tcp.complete return_value=<httpcore._backends.anyio.AnyIOStream object at 0x7f9b80ff6ba0>]
[2025-11-25 11:41:53,024]: [_trace.py]: atrace: 87:       DEBUG:    [start_tls.started ssl_context=<ssl.SSLContext object at 0x7f9b819b5e50> server_hostname='api.telegram.org' timeout=5.0]
[2025-11-25 11:41:53,112]: [_trace.py]: atrace: 87:       DEBUG:    [start_tls.complete return_value=<httpcore._backends.anyio.AnyIOStream object at 0x7f9b81349250>]
[2025-11-25 11:41:53,112]: [_trace.py]: atrace: 87:       DEBUG:    [send_request_headers.started request=<Request [b'POST']>]
[2025-11-25 11:41:53,112]: [_trace.py]: atrace: 87:       DEBUG:    [send_request_headers.complete]
[2025-11-25 11:41:53,112]: [_trace.py]: atrace: 87:       DEBUG:    [send_request_body.started request=<Request [b'POST']>]
[2025-11-25 11:41:53,112]: [_trace.py]: atrace: 87:       DEBUG:    [send_request_body.complete]
[2025-11-25 11:41:53,112]: [_trace.py]: atrace: 87:       DEBUG:    [receive_response_headers.started request=<Request [b'POST']>]
[2025-11-25 11:41:53,198]: [_trace.py]: atrace: 87:       DEBUG:    [receive_response_headers.complete return_value=(b'HTTP/1.1', 200, b'OK', [(b'Server', b'nginx/1.18.0'), (b'Date', b'Tue, 25 Nov 2025 11:41:53 GMT'), (b'Content-Type', b'application/json'), (b'Content-Length', b'258'), (b'Connection', b'keep-alive'), (b'Strict-Transport-Security', b'max-age=31536000; includeSubDomains; preload'), (b'Access-Control-Allow-Origin', b'*'), (b'Access-Control-Allow-Methods', b'GET, POST, OPTIONS'), (b'Access-Control-Expose-Headers', b'Content-Length,Content-Type,Date,Server,Connection')])]
[2025-11-25 11:41:53,198]: [_client.py]: _send_single_request: 1740:       INFO:    [HTTP Request: POST https://api.telegram.org/bot6030805959:AAGUHAMxLYc-PrevgKouJ3ZyM7ktu56ftjo/getMe "HTTP/1.1 200 OK"]
[2025-11-25 11:41:53,199]: [_trace.py]: atrace: 87:       DEBUG:    [receive_response_body.started request=<Request [b'POST']>]
[2025-11-25 11:41:53,199]: [_trace.py]: atrace: 87:       DEBUG:    [receive_response_body.complete]
[2025-11-25 11:41:53,199]: [_trace.py]: atrace: 87:       DEBUG:    [response_closed.started]
[2025-11-25 11:41:53,199]: [_trace.py]: atrace: 87:       DEBUG:    [response_closed.complete]
[2025-11-25 11:41:53,199]: [_bot.py]: _do_post: 652:       DEBUG:    [Call to Bot API endpoint `getMe` finished with return value `{'id': 6030805959, 'is_bot': True, 'first_name': 'TyPHoone', 'username': 'TyPHoone_Project_bot', 'can_join_groups': True, 'can_read_all_group_messages': False, 'supports_inline_queries': False, 'can_connect_to_business': False, 'has_main_web_app': False}`]
[2025-11-25 11:41:53,202]: [_bot.py]: _do_post: 643:       DEBUG:    [Calling Bot API endpoint `sendDocument` with parameters `{'chat_id': '-4119703192', 'document': <telegram._files.inputfile.InputFile object at 0x7f9b81002640>}`]
[2025-11-25 11:41:53,203]: [_trace.py]: atrace: 87:       DEBUG:    [send_request_headers.started request=<Request [b'POST']>]
[2025-11-25 11:41:53,203]: [_trace.py]: atrace: 87:       DEBUG:    [send_request_headers.complete]
[2025-11-25 11:41:53,203]: [_trace.py]: atrace: 87:       DEBUG:    [send_request_body.started request=<Request [b'POST']>]
[2025-11-25 11:41:53,203]: [_trace.py]: atrace: 87:       DEBUG:    [send_request_body.complete]
[2025-11-25 11:41:53,203]: [_trace.py]: atrace: 87:       DEBUG:    [receive_response_headers.started request=<Request [b'POST']>]
[2025-11-25 11:41:53,540]: [_trace.py]: atrace: 87:       DEBUG:    [receive_response_headers.complete return_value=(b'HTTP/1.1', 200, b'OK', [(b'Server', b'nginx/1.18.0'), (b'Date', b'Tue, 25 Nov 2025 11:41:53 GMT'), (b'Content-Type', b'application/json'), (b'Content-Length', b'585'), (b'Connection', b'keep-alive'), (b'Strict-Transport-Security', b'max-age=31536000; includeSubDomains; preload'), (b'Access-Control-Allow-Origin', b'*'), (b'Access-Control-Allow-Methods', b'GET, POST, OPTIONS'), (b'Access-Control-Expose-Headers', b'Content-Length,Content-Type,Date,Server,Connection')])]
[2025-11-25 11:41:53,540]: [_client.py]: _send_single_request: 1740:       INFO:    [HTTP Request: POST https://api.telegram.org/bot6030805959:AAGUHAMxLYc-PrevgKouJ3ZyM7ktu56ftjo/sendDocument "HTTP/1.1 200 OK"]
[2025-11-25 11:41:53,541]: [_trace.py]: atrace: 87:       DEBUG:    [receive_response_body.started request=<Request [b'POST']>]
[2025-11-25 11:41:53,541]: [_trace.py]: atrace: 87:       DEBUG:    [receive_response_body.complete]
[2025-11-25 11:41:53,541]: [_trace.py]: atrace: 87:       DEBUG:    [response_closed.started]
[2025-11-25 11:41:53,541]: [_trace.py]: atrace: 87:       DEBUG:    [response_closed.complete]
[2025-11-25 11:41:53,541]: [_bot.py]: _do_post: 652:       DEBUG:    [Call to Bot API endpoint `sendDocument` finished with return value `{'message_id': 2748, 'from': {'id': 6030805959, 'is_bot': True, 'first_name': 'TyPHoone', 'username': 'TyPHoone_Project_bot'}, 'chat': {'id': -4119703192, 'title': 'Robocop', 'type': 'group', 'all_members_are_administrators': True, 'accepted_gift_types': {'unlimited_gifts': False, 'limited_gifts': False, 'unique_gifts': False, 'premium_subscription': False}}, 'date': 1764070913, 'document': {'file_name': '(2025_11_25--11_41).log', 'mime_type': 'text/plain', 'file_id': 'BQACAgQAAxkDAAIKvGkllgGFCw76mBPdSQABhlz5HvKDHgACbh0AAm8-MVGrYUluq5hjXDYE', 'file_unique_id': 'AgADbh0AAm8-MVE', 'file_size': 5937}}`]
[2025-11-25 11:41:53,542]: [_trace.py]: atrace: 87:       DEBUG:    [close.started]
[2025-11-25 11:41:53,542]: [_trace.py]: atrace: 87:       DEBUG:    [close.complete]
[2025-11-25 11:41:53,586]: [_bot.py]: _do_post: 643:       DEBUG:    [Calling Bot API endpoint `getMe` with parameters `{}`]
[2025-11-25 11:41:53,587]: [_trace.py]: atrace: 87:       DEBUG:    [connect_tcp.started host='api.telegram.org' port=443 local_address=None timeout=5.0 socket_options=None]
[2025-11-25 11:41:53,674]: [_trace.py]: atrace: 87:       DEBUG:    [connect_tcp.complete return_value=<httpcore._backends.anyio.AnyIOStream object at 0x7f9b80e80770>]
[2025-11-25 11:41:53,674]: [_trace.py]: atrace: 87:       DEBUG:    [start_tls.started ssl_context=<ssl.SSLContext object at 0x7f9b819b5d50> server_hostname='api.telegram.org' timeout=5.0]
[2025-11-25 11:41:53,762]: [_trace.py]: atrace: 87:       DEBUG:    [start_tls.complete return_value=<httpcore._backends.anyio.AnyIOStream object at 0x7f9b81b37da0>]
[2025-11-25 11:41:53,763]: [_trace.py]: atrace: 87:       DEBUG:    [send_request_headers.started request=<Request [b'POST']>]
[2025-11-25 11:41:53,763]: [_trace.py]: atrace: 87:       DEBUG:    [send_request_headers.complete]
[2025-11-25 11:41:53,763]: [_trace.py]: atrace: 87:       DEBUG:    [send_request_body.started request=<Request [b'POST']>]
[2025-11-25 11:41:53,763]: [_trace.py]: atrace: 87:       DEBUG:    [send_request_body.complete]
[2025-11-25 11:41:53,763]: [_trace.py]: atrace: 87:       DEBUG:    [receive_response_headers.started request=<Request [b'POST']>]
[2025-11-25 11:41:53,849]: [_trace.py]: atrace: 87:       DEBUG:    [receive_response_headers.complete return_value=(b'HTTP/1.1', 200, b'OK', [(b'Server', b'nginx/1.18.0'), (b'Date', b'Tue, 25 Nov 2025 11:41:53 GMT'), (b'Content-Type', b'application/json'), (b'Content-Length', b'258'), (b'Connection', b'keep-alive'), (b'Strict-Transport-Security', b'max-age=31536000; includeSubDomains; preload'), (b'Access-Control-Allow-Origin', b'*'), (b'Access-Control-Allow-Methods', b'GET, POST, OPTIONS'), (b'Access-Control-Expose-Headers', b'Content-Length,Content-Type,Date,Server,Connection')])]
[2025-11-25 11:41:53,849]: [_client.py]: _send_single_request: 1740:       INFO:    [HTTP Request: POST https://api.telegram.org/bot6030805959:AAGUHAMxLYc-PrevgKouJ3ZyM7ktu56ftjo/getMe "HTTP/1.1 200 OK"]
[2025-11-25 11:41:53,849]: [_trace.py]: atrace: 87:       DEBUG:    [receive_response_body.started request=<Request [b'POST']>]
[2025-11-25 11:41:53,849]: [_trace.py]: atrace: 87:       DEBUG:    [receive_response_body.complete]
[2025-11-25 11:41:53,850]: [_trace.py]: atrace: 87:       DEBUG:    [response_closed.started]
[2025-11-25 11:41:53,850]: [_trace.py]: atrace: 87:       DEBUG:    [response_closed.complete]
[2025-11-25 11:41:53,850]: [_bot.py]: _do_post: 652:       DEBUG:    [Call to Bot API endpoint `getMe` finished with return value `{'id': 6030805959, 'is_bot': True, 'first_name': 'TyPHoone', 'username': 'TyPHoone_Project_bot', 'can_join_groups': True, 'can_read_all_group_messages': False, 'supports_inline_queries': False, 'can_connect_to_business': False, 'has_main_web_app': False}`]
[2025-11-25 11:41:53,853]: [_bot.py]: _do_post: 643:       DEBUG:    [Calling Bot API endpoint `sendDocument` with parameters `{'chat_id': '-4119703192', 'document': <telegram._files.inputfile.InputFile object at 0x7f9b819da980>}`]
[2025-11-25 11:41:53,853]: [_trace.py]: atrace: 87:       DEBUG:    [send_request_headers.started request=<Request [b'POST']>]
[2025-11-25 11:41:53,854]: [_trace.py]: atrace: 87:       DEBUG:    [send_request_headers.complete]
[2025-11-25 11:41:53,854]: [_trace.py]: atrace: 87:       DEBUG:    [send_request_body.started request=<Request [b'POST']>]
[2025-11-25 11:41:54,725]: [_trace.py]: atrace: 87:       DEBUG:    [send_request_body.complete]
[2025-11-25 11:41:54,725]: [_trace.py]: atrace: 87:       DEBUG:    [receive_response_headers.started request=<Request [b'POST']>]
[2025-11-25 11:41:55,702]: [_trace.py]: atrace: 87:       DEBUG:    [receive_response_headers.complete return_value=(b'HTTP/1.1', 200, b'OK', [(b'Server', b'nginx/1.18.0'), (b'Date', b'Tue, 25 Nov 2025 11:41:55 GMT'), (b'Content-Type', b'application/json'), (b'Content-Length', b'600'), (b'Connection', b'keep-alive'), (b'Strict-Transport-Security', b'max-age=31536000; includeSubDomains; preload'), (b'Access-Control-Allow-Origin', b'*'), (b'Access-Control-Allow-Methods', b'GET, POST, OPTIONS'), (b'Access-Control-Expose-Headers', b'Content-Length,Content-Type,Date,Server,Connection')])]
[2025-11-25 11:41:55,702]: [_client.py]: _send_single_request: 1740:       INFO:    [HTTP Request: POST https://api.telegram.org/bot6030805959:AAGUHAMxLYc-PrevgKouJ3ZyM7ktu56ftjo/sendDocument "HTTP/1.1 200 OK"]
[2025-11-25 11:41:55,702]: [_trace.py]: atrace: 87:       DEBUG:    [receive_response_body.started request=<Request [b'POST']>]
[2025-11-25 11:41:55,702]: [_trace.py]: atrace: 87:       DEBUG:    [receive_response_body.complete]
[2025-11-25 11:41:55,703]: [_trace.py]: atrace: 87:       DEBUG:    [response_closed.started]
[2025-11-25 11:41:55,703]: [_trace.py]: atrace: 87:       DEBUG:    [response_closed.complete]
[2025-11-25 11:41:55,703]: [_bot.py]: _do_post: 652:       DEBUG:    [Call to Bot API endpoint `sendDocument` finished with return value `{'message_id': 2749, 'from': {'id': 6030805959, 'is_bot': True, 'first_name': 'TyPHoone', 'username': 'TyPHoone_Project_bot'}, 'chat': {'id': -4119703192, 'title': 'Robocop', 'type': 'group', 'all_members_are_administrators': True, 'accepted_gift_types': {'unlimited_gifts': False, 'limited_gifts': False, 'unique_gifts': False, 'premium_subscription': False}}, 'date': 1764070915, 'document': {'file_name': '(2025_11_25--11_41)output.zip', 'mime_type': 'application/zip', 'file_id': 'BQACAgQAAxkDAAIKvWkllgM72tnl75qh-OHjex47g4P9AAJvHQACbz4xURdQxDVXMgABdjYE', 'file_unique_id': 'AgADbx0AAm8-MVE', 'file_size': 10164767}}`]
[2025-11-25 11:41:55,703]: [_trace.py]: atrace: 87:       DEBUG:    [close.started]
[2025-11-25 11:41:55,704]: [_trace.py]: atrace: 87:       DEBUG:    [close.complete]
[2025-11-25 11:41:55,704]: [Telegram_Sender.py]: runner: 61:       INFO:    [sent successfully]
[2025-11-25 11:41:55,704]: [Main.py]: <module>: 48:       INFO:    [Finished]
