[2024-11-22 11:40:10,615]: [Main.py]: <module>: 21:       INFO:    [Started]
[2024-11-22 11:40:12,237]: [Iron_Scraper.py]: Scrap: 32:       INFO:    [Data Scaraped Successfully]
[2024-11-22 11:40:12,290]: [Iron_Scraper.py]: Scrap: 70:       INFO:    [Scrapped Data Has No Problem]
[2024-11-22 11:40:12,290]: [Iron_Scraper.py]: Scrap: 83:       INFO:    [Data Saved Successfully]
[2024-11-22 11:40:12,290]: [Iron.py]: Run: 26:       INFO:    [Scraping Phase Completed]
[2024-11-22 11:40:12,290]: [Iron_Data_Processor.py]: Data_Reader: 61:       INFO:    [Data File Has Been Red Successfully]
[2024-11-22 11:40:12,290]: [Iron_Data_Processor.py]: Shaper: 78:       INFO:    [Data Shaped]
[2024-11-22 11:40:12,290]: [Iron_Data_Processor.py]: Process: 228:       INFO:    [Data Cleaned]
[2024-11-22 11:40:12,290]: [Iron_Data_Processor.py]: Make_Pages_Objects: 101:       INFO:    [Page Objects Has Been Made]
[2024-11-22 11:40:12,290]: [Iron_Data_Processor.py]: Make_Pages_Objects: 101:       INFO:    [Page Objects Has Been Made]
[2024-11-22 11:40:12,290]: [Iron_Data_Processor.py]: Load_Data: 118:       INFO:    [Data Has Been Load]
[2024-11-22 11:40:12,290]: [Iron_Data_Processor.py]: Load_Data: 118:       INFO:    [Data Has Been Load]
[2024-11-22 11:40:12,291]: [Iron_Data_Processor.py]: Load_positions: 140:       INFO:    [Positions Are Ready]
[2024-11-22 11:40:12,291]: [Iron_Data_Processor.py]: Load_positions: 140:       INFO:    [Positions Are Ready]
[2024-11-22 11:40:13,363]: [Iron_Data_Processor.py]: Make_Tagged_Images: 193:       INFO:    [Images Has Been Made]
[2024-11-22 11:40:14,267]: [Iron_Data_Processor.py]: Make_Tagged_Images: 193:       INFO:    [Images Has Been Made]
[2024-11-22 11:40:14,521]: [Iron_Data_Processor.py]: Make_Cover_Page: 215:       INFO:    [Made Cover Pages]
[2024-11-22 11:40:14,521]: [Iron.py]: Run: 29:       INFO:    [Imagination Phase Completed]
[2024-11-22 11:40:20,567]: [Phone_Scraper.py]: Scrap: 58:       INFO:    [Data Scraped]
[2024-11-22 11:40:20,567]: [Phone_Scraper.py]: Scrap: 71:       INFO:    [Scraped Data Successfully]
[2024-11-22 11:40:20,567]: [Phone.py]: Run: 26:       INFO:    [Scraping Phase Complete]
[2024-11-22 11:40:20,568]: [Phone_Data_Processor.py]: data_reader: 38:       INFO:    [Scraped Data Loaded]
[2024-11-22 11:40:20,569]: [Phone_Data_Processor.py]: filter_list: 65:       INFO:    [Persian Phrases Are deleted]
[2024-11-22 11:40:20,570]: [Phone_Data_Processor.py]: reshape_list: 87:       INFO:    [Date Reshaped]
[2024-11-22 11:40:20,570]: [Phone_Data_Processor.py]: separate_brands: 124:       INFO:    [Brands Are Separated]
[2024-11-22 11:40:20,570]: [Phone_Data_Processor.py]: delete_extra_spaces: 141:       INFO:    [Extra Spaces Are Deleted]
[2024-11-22 11:40:21,341]: [Phone.py]: Run: 29:       INFO:    [Imagination Phase Complete]
[2024-11-22 11:40:21,341]: [selector_events.py]: __init__: 64:       DEBUG:    [Using selector: EpollSelector]
[2024-11-22 11:40:21,667]: [_bot.py]: _do_post: 643:       DEBUG:    [Calling Bot API endpoint `getMe` with parameters `{}`]
[2024-11-22 11:40:21,672]: [_trace.py]: atrace: 87:       DEBUG:    [connect_tcp.started host='api.telegram.org' port=443 local_address=None timeout=5.0 socket_options=None]
[2024-11-22 11:40:21,897]: [_trace.py]: atrace: 87:       DEBUG:    [connect_tcp.complete return_value=<httpcore._backends.anyio.AnyIOStream object at 0x7fce8f9ee660>]
[2024-11-22 11:40:21,897]: [_trace.py]: atrace: 87:       DEBUG:    [start_tls.started ssl_context=<ssl.SSLContext object at 0x7fce90043bd0> server_hostname='api.telegram.org' timeout=5.0]
[2024-11-22 11:40:22,004]: [_trace.py]: atrace: 87:       DEBUG:    [start_tls.complete return_value=<httpcore._backends.anyio.AnyIOStream object at 0x7fce9038a480>]
[2024-11-22 11:40:22,005]: [_trace.py]: atrace: 87:       DEBUG:    [send_request_headers.started request=<Request [b'POST']>]
[2024-11-22 11:40:22,005]: [_trace.py]: atrace: 87:       DEBUG:    [send_request_headers.complete]
[2024-11-22 11:40:22,005]: [_trace.py]: atrace: 87:       DEBUG:    [send_request_body.started request=<Request [b'POST']>]
[2024-11-22 11:40:22,005]: [_trace.py]: atrace: 87:       DEBUG:    [send_request_body.complete]
[2024-11-22 11:40:22,005]: [_trace.py]: atrace: 87:       DEBUG:    [receive_response_headers.started request=<Request [b'POST']>]
[2024-11-22 11:40:22,110]: [_trace.py]: atrace: 87:       DEBUG:    [receive_response_headers.complete return_value=(b'HTTP/1.1', 200, b'OK', [(b'Server', b'nginx/1.18.0'), (b'Date', b'Fri, 22 Nov 2024 11:40:22 GMT'), (b'Content-Type', b'application/json'), (b'Content-Length', b'258'), (b'Connection', b'keep-alive'), (b'Strict-Transport-Security', b'max-age=31536000; includeSubDomains; preload'), (b'Access-Control-Allow-Origin', b'*'), (b'Access-Control-Allow-Methods', b'GET, POST, OPTIONS'), (b'Access-Control-Expose-Headers', b'Content-Length,Content-Type,Date,Server,Connection')])]
[2024-11-22 11:40:22,110]: [_client.py]: _send_single_request: 1786:       INFO:    [HTTP Request: POST https://api.telegram.org/bot6030805959:AAGUHAMxLYc-PrevgKouJ3ZyM7ktu56ftjo/getMe "HTTP/1.1 200 OK"]
[2024-11-22 11:40:22,110]: [_trace.py]: atrace: 87:       DEBUG:    [receive_response_body.started request=<Request [b'POST']>]
[2024-11-22 11:40:22,110]: [_trace.py]: atrace: 87:       DEBUG:    [receive_response_body.complete]
[2024-11-22 11:40:22,110]: [_trace.py]: atrace: 87:       DEBUG:    [response_closed.started]
[2024-11-22 11:40:22,110]: [_trace.py]: atrace: 87:       DEBUG:    [response_closed.complete]
[2024-11-22 11:40:22,110]: [_bot.py]: _do_post: 652:       DEBUG:    [Call to Bot API endpoint `getMe` finished with return value `{'id': 6030805959, 'is_bot': True, 'first_name': 'TyPHoone', 'username': 'TyPHoone_Project_bot', 'can_join_groups': True, 'can_read_all_group_messages': False, 'supports_inline_queries': False, 'can_connect_to_business': False, 'has_main_web_app': False}`]
[2024-11-22 11:40:22,114]: [_bot.py]: _do_post: 643:       DEBUG:    [Calling Bot API endpoint `sendDocument` with parameters `{'chat_id': '-4119703192', 'document': <telegram._files.inputfile.InputFile object at 0x7fce8f87de40>}`]
[2024-11-22 11:40:22,115]: [_trace.py]: atrace: 87:       DEBUG:    [send_request_headers.started request=<Request [b'POST']>]
[2024-11-22 11:40:22,115]: [_trace.py]: atrace: 87:       DEBUG:    [send_request_headers.complete]
[2024-11-22 11:40:22,115]: [_trace.py]: atrace: 87:       DEBUG:    [send_request_body.started request=<Request [b'POST']>]
[2024-11-22 11:40:22,116]: [_trace.py]: atrace: 87:       DEBUG:    [send_request_body.complete]
[2024-11-22 11:40:22,116]: [_trace.py]: atrace: 87:       DEBUG:    [receive_response_headers.started request=<Request [b'POST']>]
[2024-11-22 11:40:22,262]: [_trace.py]: atrace: 87:       DEBUG:    [receive_response_headers.complete return_value=(b'HTTP/1.1', 200, b'OK', [(b'Server', b'nginx/1.18.0'), (b'Date', b'Fri, 22 Nov 2024 11:40:22 GMT'), (b'Content-Type', b'application/json'), (b'Content-Length', b'464'), (b'Connection', b'keep-alive'), (b'Strict-Transport-Security', b'max-age=31536000; includeSubDomains; preload'), (b'Access-Control-Allow-Origin', b'*'), (b'Access-Control-Allow-Methods', b'GET, POST, OPTIONS'), (b'Access-Control-Expose-Headers', b'Content-Length,Content-Type,Date,Server,Connection')])]
[2024-11-22 11:40:22,262]: [_client.py]: _send_single_request: 1786:       INFO:    [HTTP Request: POST https://api.telegram.org/bot6030805959:AAGUHAMxLYc-PrevgKouJ3ZyM7ktu56ftjo/sendDocument "HTTP/1.1 200 OK"]
[2024-11-22 11:40:22,262]: [_trace.py]: atrace: 87:       DEBUG:    [receive_response_body.started request=<Request [b'POST']>]
[2024-11-22 11:40:22,262]: [_trace.py]: atrace: 87:       DEBUG:    [receive_response_body.complete]
[2024-11-22 11:40:22,262]: [_trace.py]: atrace: 87:       DEBUG:    [response_closed.started]
[2024-11-22 11:40:22,262]: [_trace.py]: atrace: 87:       DEBUG:    [response_closed.complete]
[2024-11-22 11:40:22,262]: [_bot.py]: _do_post: 652:       DEBUG:    [Call to Bot API endpoint `sendDocument` finished with return value `{'message_id': 2004, 'from': {'id': 6030805959, 'is_bot': True, 'first_name': 'TyPHoone', 'username': 'TyPHoone_Project_bot'}, 'chat': {'id': -4119703192, 'title': 'Robocop', 'type': 'group', 'all_members_are_administrators': True}, 'date': 1732275622, 'document': {'file_name': '(2024_11_22--11_40).log', 'mime_type': 'text/plain', 'file_id': 'BQACAgQAAxkDAAIH1GdAbabc-LHAPUTbh7Br4Jw8IfbHAAI6FAACwB4IUrDWnJ4ZrxqbNgQ', 'file_unique_id': 'AgADOhQAAsAeCFI', 'file_size': 5937}}`]
[2024-11-22 11:40:22,263]: [_trace.py]: atrace: 87:       DEBUG:    [close.started]
[2024-11-22 11:40:22,263]: [_trace.py]: atrace: 87:       DEBUG:    [close.complete]
[2024-11-22 11:40:22,263]: [_config.py]: load_ssl_context: 82:       DEBUG:    [load_ssl_context verify=True cert=None trust_env=True http2=False]
[2024-11-22 11:40:22,264]: [_config.py]: load_ssl_context_verify: 148:       DEBUG:    [load_verify_locations cafile='/opt/hostedtoolcache/Python/3.12.7/x64/lib/python3.12/site-packages/certifi/cacert.pem']
[2024-11-22 11:40:22,292]: [_config.py]: load_ssl_context: 82:       DEBUG:    [load_ssl_context verify=True cert=None trust_env=True http2=False]
[2024-11-22 11:40:22,293]: [_config.py]: load_ssl_context_verify: 148:       DEBUG:    [load_verify_locations cafile='/opt/hostedtoolcache/Python/3.12.7/x64/lib/python3.12/site-packages/certifi/cacert.pem']
[2024-11-22 11:40:22,320]: [_bot.py]: _do_post: 643:       DEBUG:    [Calling Bot API endpoint `getMe` with parameters `{}`]
[2024-11-22 11:40:22,321]: [_trace.py]: atrace: 87:       DEBUG:    [connect_tcp.started host='api.telegram.org' port=443 local_address=None timeout=5.0 socket_options=None]
[2024-11-22 11:40:22,427]: [_trace.py]: atrace: 87:       DEBUG:    [connect_tcp.complete return_value=<httpcore._backends.anyio.AnyIOStream object at 0x7fce8f898c50>]
[2024-11-22 11:40:22,427]: [_trace.py]: atrace: 87:       DEBUG:    [start_tls.started ssl_context=<ssl.SSLContext object at 0x7fce900439d0> server_hostname='api.telegram.org' timeout=5.0]
[2024-11-22 11:40:22,534]: [_trace.py]: atrace: 87:       DEBUG:    [start_tls.complete return_value=<httpcore._backends.anyio.AnyIOStream object at 0x7fce90524ef0>]
[2024-11-22 11:40:22,534]: [_trace.py]: atrace: 87:       DEBUG:    [send_request_headers.started request=<Request [b'POST']>]
[2024-11-22 11:40:22,534]: [_trace.py]: atrace: 87:       DEBUG:    [send_request_headers.complete]
[2024-11-22 11:40:22,535]: [_trace.py]: atrace: 87:       DEBUG:    [send_request_body.started request=<Request [b'POST']>]
[2024-11-22 11:40:22,535]: [_trace.py]: atrace: 87:       DEBUG:    [send_request_body.complete]
[2024-11-22 11:40:22,535]: [_trace.py]: atrace: 87:       DEBUG:    [receive_response_headers.started request=<Request [b'POST']>]
[2024-11-22 11:40:22,710]: [_trace.py]: atrace: 87:       DEBUG:    [receive_response_headers.complete return_value=(b'HTTP/1.1', 200, b'OK', [(b'Server', b'nginx/1.18.0'), (b'Date', b'Fri, 22 Nov 2024 11:40:22 GMT'), (b'Content-Type', b'application/json'), (b'Content-Length', b'258'), (b'Connection', b'keep-alive'), (b'Strict-Transport-Security', b'max-age=31536000; includeSubDomains; preload'), (b'Access-Control-Allow-Origin', b'*'), (b'Access-Control-Allow-Methods', b'GET, POST, OPTIONS'), (b'Access-Control-Expose-Headers', b'Content-Length,Content-Type,Date,Server,Connection')])]
[2024-11-22 11:40:22,711]: [_client.py]: _send_single_request: 1786:       INFO:    [HTTP Request: POST https://api.telegram.org/bot6030805959:AAGUHAMxLYc-PrevgKouJ3ZyM7ktu56ftjo/getMe "HTTP/1.1 200 OK"]
[2024-11-22 11:40:22,711]: [_trace.py]: atrace: 87:       DEBUG:    [receive_response_body.started request=<Request [b'POST']>]
[2024-11-22 11:40:22,711]: [_trace.py]: atrace: 87:       DEBUG:    [receive_response_body.complete]
[2024-11-22 11:40:22,711]: [_trace.py]: atrace: 87:       DEBUG:    [response_closed.started]
[2024-11-22 11:40:22,711]: [_trace.py]: atrace: 87:       DEBUG:    [response_closed.complete]
[2024-11-22 11:40:22,711]: [_bot.py]: _do_post: 652:       DEBUG:    [Call to Bot API endpoint `getMe` finished with return value `{'id': 6030805959, 'is_bot': True, 'first_name': 'TyPHoone', 'username': 'TyPHoone_Project_bot', 'can_join_groups': True, 'can_read_all_group_messages': False, 'supports_inline_queries': False, 'can_connect_to_business': False, 'has_main_web_app': False}`]
[2024-11-22 11:40:22,713]: [_bot.py]: _do_post: 643:       DEBUG:    [Calling Bot API endpoint `sendDocument` with parameters `{'chat_id': '-4119703192', 'document': <telegram._files.inputfile.InputFile object at 0x7fce90053f40>}`]
[2024-11-22 11:40:22,714]: [_trace.py]: atrace: 87:       DEBUG:    [send_request_headers.started request=<Request [b'POST']>]
[2024-11-22 11:40:22,714]: [_trace.py]: atrace: 87:       DEBUG:    [send_request_headers.complete]
[2024-11-22 11:40:22,714]: [_trace.py]: atrace: 87:       DEBUG:    [send_request_body.started request=<Request [b'POST']>]
[2024-11-22 11:40:23,768]: [_trace.py]: atrace: 87:       DEBUG:    [send_request_body.complete]
[2024-11-22 11:40:23,768]: [_trace.py]: atrace: 87:       DEBUG:    [receive_response_headers.started request=<Request [b'POST']>]
[2024-11-22 11:40:24,659]: [_trace.py]: atrace: 87:       DEBUG:    [receive_response_headers.complete return_value=(b'HTTP/1.1', 200, b'OK', [(b'Server', b'nginx/1.18.0'), (b'Date', b'Fri, 22 Nov 2024 11:40:24 GMT'), (b'Content-Type', b'application/json'), (b'Content-Length', b'478'), (b'Connection', b'keep-alive'), (b'Strict-Transport-Security', b'max-age=31536000; includeSubDomains; preload'), (b'Access-Control-Allow-Origin', b'*'), (b'Access-Control-Allow-Methods', b'GET, POST, OPTIONS'), (b'Access-Control-Expose-Headers', b'Content-Length,Content-Type,Date,Server,Connection')])]
[2024-11-22 11:40:24,660]: [_client.py]: _send_single_request: 1786:       INFO:    [HTTP Request: POST https://api.telegram.org/bot6030805959:AAGUHAMxLYc-PrevgKouJ3ZyM7ktu56ftjo/sendDocument "HTTP/1.1 200 OK"]
[2024-11-22 11:40:24,660]: [_trace.py]: atrace: 87:       DEBUG:    [receive_response_body.started request=<Request [b'POST']>]
[2024-11-22 11:40:24,660]: [_trace.py]: atrace: 87:       DEBUG:    [receive_response_body.complete]
[2024-11-22 11:40:24,660]: [_trace.py]: atrace: 87:       DEBUG:    [response_closed.started]
[2024-11-22 11:40:24,660]: [_trace.py]: atrace: 87:       DEBUG:    [response_closed.complete]
[2024-11-22 11:40:24,660]: [_bot.py]: _do_post: 652:       DEBUG:    [Call to Bot API endpoint `sendDocument` finished with return value `{'message_id': 2005, 'from': {'id': 6030805959, 'is_bot': True, 'first_name': 'TyPHoone', 'username': 'TyPHoone_Project_bot'}, 'chat': {'id': -4119703192, 'title': 'Robocop', 'type': 'group', 'all_members_are_administrators': True}, 'date': 1732275624, 'document': {'file_name': '(2024_11_22--11_40)output.zip', 'mime_type': 'application/zip', 'file_id': 'BQACAgQAAxkDAAIH1WdAbahEjgrof4U3iwSN3K_4uKn_AAI7FAACwB4IUgb0zYQukLJGNgQ', 'file_unique_id': 'AgADOxQAAsAeCFI', 'file_size': 9895852}}`]
[2024-11-22 11:40:24,661]: [_trace.py]: atrace: 87:       DEBUG:    [close.started]
[2024-11-22 11:40:24,661]: [_trace.py]: atrace: 87:       DEBUG:    [close.complete]
[2024-11-22 11:40:24,661]: [Telegram_Sender.py]: runner: 61:       INFO:    [sent successfully]
[2024-11-22 11:40:24,662]: [Main.py]: <module>: 48:       INFO:    [Finished]
