[2025-03-19 11:38:16,131]: [Main.py]: <module>: 21:       INFO:    [Started]
[2025-03-19 11:38:17,951]: [Iron_Scraper.py]: Scrap: 32:       INFO:    [Data Scaraped Successfully]
[2025-03-19 11:38:18,155]: [Iron_Scraper.py]: Scrap: 70:       INFO:    [Scrapped Data Has No Problem]
[2025-03-19 11:38:18,156]: [Iron_Scraper.py]: Scrap: 83:       INFO:    [Data Saved Successfully]
[2025-03-19 11:38:18,156]: [Iron.py]: Run: 26:       INFO:    [Scraping Phase Completed]
[2025-03-19 11:38:18,156]: [Iron_Data_Processor.py]: Data_Reader: 61:       INFO:    [Data File Has Been Red Successfully]
[2025-03-19 11:38:18,156]: [Iron_Data_Processor.py]: Shaper: 78:       INFO:    [Data Shaped]
[2025-03-19 11:38:18,157]: [Iron_Data_Processor.py]: Process: 228:       INFO:    [Data Cleaned]
[2025-03-19 11:38:18,157]: [Iron_Data_Processor.py]: Make_Pages_Objects: 101:       INFO:    [Page Objects Has Been Made]
[2025-03-19 11:38:18,157]: [Iron_Data_Processor.py]: Make_Pages_Objects: 101:       INFO:    [Page Objects Has Been Made]
[2025-03-19 11:38:18,157]: [Iron_Data_Processor.py]: Load_Data: 118:       INFO:    [Data Has Been Load]
[2025-03-19 11:38:18,157]: [Iron_Data_Processor.py]: Load_Data: 118:       INFO:    [Data Has Been Load]
[2025-03-19 11:38:18,157]: [Iron_Data_Processor.py]: Load_positions: 140:       INFO:    [Positions Are Ready]
[2025-03-19 11:38:18,157]: [Iron_Data_Processor.py]: Load_positions: 140:       INFO:    [Positions Are Ready]
[2025-03-19 11:38:19,270]: [Iron_Data_Processor.py]: Make_Tagged_Images: 193:       INFO:    [Images Has Been Made]
[2025-03-19 11:38:20,212]: [Iron_Data_Processor.py]: Make_Tagged_Images: 193:       INFO:    [Images Has Been Made]
[2025-03-19 11:38:20,467]: [Iron_Data_Processor.py]: Make_Cover_Page: 215:       INFO:    [Made Cover Pages]
[2025-03-19 11:38:20,468]: [Iron.py]: Run: 29:       INFO:    [Imagination Phase Completed]
[2025-03-19 11:38:24,503]: [Phone_Scraper.py]: Scrap: 58:       INFO:    [Data Scraped]
[2025-03-19 11:38:24,503]: [Phone_Scraper.py]: Scrap: 71:       INFO:    [Scraped Data Successfully]
[2025-03-19 11:38:24,503]: [Phone.py]: Run: 26:       INFO:    [Scraping Phase Complete]
[2025-03-19 11:38:24,503]: [Phone_Data_Processor.py]: data_reader: 38:       INFO:    [Scraped Data Loaded]
[2025-03-19 11:38:24,504]: [Phone_Data_Processor.py]: filter_list: 65:       INFO:    [Persian Phrases Are deleted]
[2025-03-19 11:38:24,505]: [Phone_Data_Processor.py]: reshape_list: 87:       INFO:    [Date Reshaped]
[2025-03-19 11:38:24,505]: [Phone_Data_Processor.py]: separate_brands: 124:       INFO:    [Brands Are Separated]
[2025-03-19 11:38:24,505]: [Phone_Data_Processor.py]: delete_extra_spaces: 141:       INFO:    [Extra Spaces Are Deleted]
[2025-03-19 11:38:25,263]: [Phone.py]: Run: 29:       INFO:    [Imagination Phase Complete]
[2025-03-19 11:38:25,263]: [selector_events.py]: __init__: 64:       DEBUG:    [Using selector: EpollSelector]
[2025-03-19 11:38:25,542]: [_bot.py]: _do_post: 643:       DEBUG:    [Calling Bot API endpoint `getMe` with parameters `{}`]
[2025-03-19 11:38:25,547]: [_trace.py]: atrace: 87:       DEBUG:    [connect_tcp.started host='api.telegram.org' port=443 local_address=None timeout=5.0 socket_options=None]
[2025-03-19 11:38:25,785]: [_trace.py]: atrace: 87:       DEBUG:    [connect_tcp.complete return_value=<httpcore._backends.anyio.AnyIOStream object at 0x7f974830cf80>]
[2025-03-19 11:38:25,785]: [_trace.py]: atrace: 87:       DEBUG:    [start_tls.started ssl_context=<ssl.SSLContext object at 0x7f974823fbd0> server_hostname='api.telegram.org' timeout=5.0]
[2025-03-19 11:38:25,940]: [_trace.py]: atrace: 87:       DEBUG:    [start_tls.complete return_value=<httpcore._backends.anyio.AnyIOStream object at 0x7f97511d1fd0>]
[2025-03-19 11:38:25,940]: [_trace.py]: atrace: 87:       DEBUG:    [send_request_headers.started request=<Request [b'POST']>]
[2025-03-19 11:38:25,940]: [_trace.py]: atrace: 87:       DEBUG:    [send_request_headers.complete]
[2025-03-19 11:38:25,940]: [_trace.py]: atrace: 87:       DEBUG:    [send_request_body.started request=<Request [b'POST']>]
[2025-03-19 11:38:25,940]: [_trace.py]: atrace: 87:       DEBUG:    [send_request_body.complete]
[2025-03-19 11:38:25,940]: [_trace.py]: atrace: 87:       DEBUG:    [receive_response_headers.started request=<Request [b'POST']>]
[2025-03-19 11:38:26,097]: [_trace.py]: atrace: 87:       DEBUG:    [receive_response_headers.complete return_value=(b'HTTP/1.1', 200, b'OK', [(b'Server', b'nginx/1.18.0'), (b'Date', b'Wed, 19 Mar 2025 11:38:26 GMT'), (b'Content-Type', b'application/json'), (b'Content-Length', b'258'), (b'Connection', b'keep-alive'), (b'Strict-Transport-Security', b'max-age=31536000; includeSubDomains; preload'), (b'Access-Control-Allow-Origin', b'*'), (b'Access-Control-Allow-Methods', b'GET, POST, OPTIONS'), (b'Access-Control-Expose-Headers', b'Content-Length,Content-Type,Date,Server,Connection')])]
[2025-03-19 11:38:26,097]: [_client.py]: _send_single_request: 1740:       INFO:    [HTTP Request: POST https://api.telegram.org/bot6030805959:AAGUHAMxLYc-PrevgKouJ3ZyM7ktu56ftjo/getMe "HTTP/1.1 200 OK"]
[2025-03-19 11:38:26,098]: [_trace.py]: atrace: 87:       DEBUG:    [receive_response_body.started request=<Request [b'POST']>]
[2025-03-19 11:38:26,098]: [_trace.py]: atrace: 87:       DEBUG:    [receive_response_body.complete]
[2025-03-19 11:38:26,098]: [_trace.py]: atrace: 87:       DEBUG:    [response_closed.started]
[2025-03-19 11:38:26,098]: [_trace.py]: atrace: 87:       DEBUG:    [response_closed.complete]
[2025-03-19 11:38:26,098]: [_bot.py]: _do_post: 652:       DEBUG:    [Call to Bot API endpoint `getMe` finished with return value `{'id': 6030805959, 'is_bot': True, 'first_name': 'TyPHoone', 'username': 'TyPHoone_Project_bot', 'can_join_groups': True, 'can_read_all_group_messages': False, 'supports_inline_queries': False, 'can_connect_to_business': False, 'has_main_web_app': False}`]
[2025-03-19 11:38:26,101]: [_bot.py]: _do_post: 643:       DEBUG:    [Calling Bot API endpoint `sendDocument` with parameters `{'chat_id': '-4119703192', 'document': <telegram._files.inputfile.InputFile object at 0x7f9747843700>}`]
[2025-03-19 11:38:26,101]: [_trace.py]: atrace: 87:       DEBUG:    [send_request_headers.started request=<Request [b'POST']>]
[2025-03-19 11:38:26,102]: [_trace.py]: atrace: 87:       DEBUG:    [send_request_headers.complete]
[2025-03-19 11:38:26,102]: [_trace.py]: atrace: 87:       DEBUG:    [send_request_body.started request=<Request [b'POST']>]
[2025-03-19 11:38:26,102]: [_trace.py]: atrace: 87:       DEBUG:    [send_request_body.complete]
[2025-03-19 11:38:26,102]: [_trace.py]: atrace: 87:       DEBUG:    [receive_response_headers.started request=<Request [b'POST']>]
[2025-03-19 11:38:26,395]: [_trace.py]: atrace: 87:       DEBUG:    [receive_response_headers.complete return_value=(b'HTTP/1.1', 200, b'OK', [(b'Server', b'nginx/1.18.0'), (b'Date', b'Wed, 19 Mar 2025 11:38:26 GMT'), (b'Content-Type', b'application/json'), (b'Content-Length', b'464'), (b'Connection', b'keep-alive'), (b'Strict-Transport-Security', b'max-age=31536000; includeSubDomains; preload'), (b'Access-Control-Allow-Origin', b'*'), (b'Access-Control-Allow-Methods', b'GET, POST, OPTIONS'), (b'Access-Control-Expose-Headers', b'Content-Length,Content-Type,Date,Server,Connection')])]
[2025-03-19 11:38:26,395]: [_client.py]: _send_single_request: 1740:       INFO:    [HTTP Request: POST https://api.telegram.org/bot6030805959:AAGUHAMxLYc-PrevgKouJ3ZyM7ktu56ftjo/sendDocument "HTTP/1.1 200 OK"]
[2025-03-19 11:38:26,395]: [_trace.py]: atrace: 87:       DEBUG:    [receive_response_body.started request=<Request [b'POST']>]
[2025-03-19 11:38:26,395]: [_trace.py]: atrace: 87:       DEBUG:    [receive_response_body.complete]
[2025-03-19 11:38:26,395]: [_trace.py]: atrace: 87:       DEBUG:    [response_closed.started]
[2025-03-19 11:38:26,395]: [_trace.py]: atrace: 87:       DEBUG:    [response_closed.complete]
[2025-03-19 11:38:26,395]: [_bot.py]: _do_post: 652:       DEBUG:    [Call to Bot API endpoint `sendDocument` finished with return value `{'message_id': 2241, 'from': {'id': 6030805959, 'is_bot': True, 'first_name': 'TyPHoone', 'username': 'TyPHoone_Project_bot'}, 'chat': {'id': -4119703192, 'title': 'Robocop', 'type': 'group', 'all_members_are_administrators': True}, 'date': 1742384306, 'document': {'file_name': '(2025_03_19--11_38).log', 'mime_type': 'text/plain', 'file_id': 'BQACAgQAAxkDAAIIwWfarLKehcB3joZhGweaYIPCpsr2AAKoGQACqrHYUnNMSrP1ZPNCNgQ', 'file_unique_id': 'AgADqBkAAqqx2FI', 'file_size': 5937}}`]
[2025-03-19 11:38:26,396]: [_trace.py]: atrace: 87:       DEBUG:    [close.started]
[2025-03-19 11:38:26,396]: [_trace.py]: atrace: 87:       DEBUG:    [close.complete]
[2025-03-19 11:38:26,441]: [_bot.py]: _do_post: 643:       DEBUG:    [Calling Bot API endpoint `getMe` with parameters `{}`]
[2025-03-19 11:38:26,442]: [_trace.py]: atrace: 87:       DEBUG:    [connect_tcp.started host='api.telegram.org' port=443 local_address=None timeout=5.0 socket_options=None]
[2025-03-19 11:38:26,595]: [_trace.py]: atrace: 87:       DEBUG:    [connect_tcp.complete return_value=<httpcore._backends.anyio.AnyIOStream object at 0x7f9747897920>]
[2025-03-19 11:38:26,595]: [_trace.py]: atrace: 87:       DEBUG:    [start_tls.started ssl_context=<ssl.SSLContext object at 0x7f974823f9d0> server_hostname='api.telegram.org' timeout=5.0]
[2025-03-19 11:38:26,750]: [_trace.py]: atrace: 87:       DEBUG:    [start_tls.complete return_value=<httpcore._backends.anyio.AnyIOStream object at 0x7f975115b470>]
[2025-03-19 11:38:26,751]: [_trace.py]: atrace: 87:       DEBUG:    [send_request_headers.started request=<Request [b'POST']>]
[2025-03-19 11:38:26,751]: [_trace.py]: atrace: 87:       DEBUG:    [send_request_headers.complete]
[2025-03-19 11:38:26,751]: [_trace.py]: atrace: 87:       DEBUG:    [send_request_body.started request=<Request [b'POST']>]
[2025-03-19 11:38:26,751]: [_trace.py]: atrace: 87:       DEBUG:    [send_request_body.complete]
[2025-03-19 11:38:26,751]: [_trace.py]: atrace: 87:       DEBUG:    [receive_response_headers.started request=<Request [b'POST']>]
[2025-03-19 11:38:26,905]: [_trace.py]: atrace: 87:       DEBUG:    [receive_response_headers.complete return_value=(b'HTTP/1.1', 200, b'OK', [(b'Server', b'nginx/1.18.0'), (b'Date', b'Wed, 19 Mar 2025 11:38:26 GMT'), (b'Content-Type', b'application/json'), (b'Content-Length', b'258'), (b'Connection', b'keep-alive'), (b'Strict-Transport-Security', b'max-age=31536000; includeSubDomains; preload'), (b'Access-Control-Allow-Origin', b'*'), (b'Access-Control-Allow-Methods', b'GET, POST, OPTIONS'), (b'Access-Control-Expose-Headers', b'Content-Length,Content-Type,Date,Server,Connection')])]
[2025-03-19 11:38:26,905]: [_client.py]: _send_single_request: 1740:       INFO:    [HTTP Request: POST https://api.telegram.org/bot6030805959:AAGUHAMxLYc-PrevgKouJ3ZyM7ktu56ftjo/getMe "HTTP/1.1 200 OK"]
[2025-03-19 11:38:26,905]: [_trace.py]: atrace: 87:       DEBUG:    [receive_response_body.started request=<Request [b'POST']>]
[2025-03-19 11:38:26,905]: [_trace.py]: atrace: 87:       DEBUG:    [receive_response_body.complete]
[2025-03-19 11:38:26,905]: [_trace.py]: atrace: 87:       DEBUG:    [response_closed.started]
[2025-03-19 11:38:26,905]: [_trace.py]: atrace: 87:       DEBUG:    [response_closed.complete]
[2025-03-19 11:38:26,905]: [_bot.py]: _do_post: 652:       DEBUG:    [Call to Bot API endpoint `getMe` finished with return value `{'id': 6030805959, 'is_bot': True, 'first_name': 'TyPHoone', 'username': 'TyPHoone_Project_bot', 'can_join_groups': True, 'can_read_all_group_messages': False, 'supports_inline_queries': False, 'can_connect_to_business': False, 'has_main_web_app': False}`]
[2025-03-19 11:38:26,908]: [_bot.py]: _do_post: 643:       DEBUG:    [Calling Bot API endpoint `sendDocument` with parameters `{'chat_id': '-4119703192', 'document': <telegram._files.inputfile.InputFile object at 0x7f974829e140>}`]
[2025-03-19 11:38:26,909]: [_trace.py]: atrace: 87:       DEBUG:    [send_request_headers.started request=<Request [b'POST']>]
[2025-03-19 11:38:26,909]: [_trace.py]: atrace: 87:       DEBUG:    [send_request_headers.complete]
[2025-03-19 11:38:26,909]: [_trace.py]: atrace: 87:       DEBUG:    [send_request_body.started request=<Request [b'POST']>]
[2025-03-19 11:38:28,286]: [_trace.py]: atrace: 87:       DEBUG:    [send_request_body.complete]
[2025-03-19 11:38:28,286]: [_trace.py]: atrace: 87:       DEBUG:    [receive_response_headers.started request=<Request [b'POST']>]
[2025-03-19 11:38:28,935]: [_trace.py]: atrace: 87:       DEBUG:    [receive_response_headers.complete return_value=(b'HTTP/1.1', 200, b'OK', [(b'Server', b'nginx/1.18.0'), (b'Date', b'Wed, 19 Mar 2025 11:38:28 GMT'), (b'Content-Type', b'application/json'), (b'Content-Length', b'479'), (b'Connection', b'keep-alive'), (b'Strict-Transport-Security', b'max-age=31536000; includeSubDomains; preload'), (b'Access-Control-Allow-Origin', b'*'), (b'Access-Control-Allow-Methods', b'GET, POST, OPTIONS'), (b'Access-Control-Expose-Headers', b'Content-Length,Content-Type,Date,Server,Connection')])]
[2025-03-19 11:38:28,935]: [_client.py]: _send_single_request: 1740:       INFO:    [HTTP Request: POST https://api.telegram.org/bot6030805959:AAGUHAMxLYc-PrevgKouJ3ZyM7ktu56ftjo/sendDocument "HTTP/1.1 200 OK"]
[2025-03-19 11:38:28,936]: [_trace.py]: atrace: 87:       DEBUG:    [receive_response_body.started request=<Request [b'POST']>]
[2025-03-19 11:38:28,936]: [_trace.py]: atrace: 87:       DEBUG:    [receive_response_body.complete]
[2025-03-19 11:38:28,936]: [_trace.py]: atrace: 87:       DEBUG:    [response_closed.started]
[2025-03-19 11:38:28,936]: [_trace.py]: atrace: 87:       DEBUG:    [response_closed.complete]
[2025-03-19 11:38:28,936]: [_bot.py]: _do_post: 652:       DEBUG:    [Call to Bot API endpoint `sendDocument` finished with return value `{'message_id': 2242, 'from': {'id': 6030805959, 'is_bot': True, 'first_name': 'TyPHoone', 'username': 'TyPHoone_Project_bot'}, 'chat': {'id': -4119703192, 'title': 'Robocop', 'type': 'group', 'all_members_are_administrators': True}, 'date': 1742384308, 'document': {'file_name': '(2025_03_19--11_38)output.zip', 'mime_type': 'application/zip', 'file_id': 'BQACAgQAAxkDAAIIwmfarLRYJHTt5za9JzzpV7oVYBhxAAKpGQACqrHYUraeji7uyV0mNgQ', 'file_unique_id': 'AgADqRkAAqqx2FI', 'file_size': 10109276}}`]
[2025-03-19 11:38:28,936]: [_trace.py]: atrace: 87:       DEBUG:    [close.started]
[2025-03-19 11:38:28,937]: [_trace.py]: atrace: 87:       DEBUG:    [close.complete]
[2025-03-19 11:38:28,937]: [Telegram_Sender.py]: runner: 61:       INFO:    [sent successfully]
[2025-03-19 11:38:28,937]: [Main.py]: <module>: 48:       INFO:    [Finished]
