[2025-04-07 11:38:22,550]: [Main.py]: <module>: 21:       INFO:    [Started]
[2025-04-07 11:38:24,078]: [Iron_Scraper.py]: Scrap: 32:       INFO:    [Data Scaraped Successfully]
[2025-04-07 11:38:24,278]: [Iron_Scraper.py]: Scrap: 70:       INFO:    [Scrapped Data Has No Problem]
[2025-04-07 11:38:24,278]: [Iron_Scraper.py]: Scrap: 83:       INFO:    [Data Saved Successfully]
[2025-04-07 11:38:24,278]: [Iron.py]: Run: 26:       INFO:    [Scraping Phase Completed]
[2025-04-07 11:38:24,279]: [Iron_Data_Processor.py]: Data_Reader: 61:       INFO:    [Data File Has Been Red Successfully]
[2025-04-07 11:38:24,279]: [Iron_Data_Processor.py]: Shaper: 78:       INFO:    [Data Shaped]
[2025-04-07 11:38:24,279]: [Iron_Data_Processor.py]: Process: 228:       INFO:    [Data Cleaned]
[2025-04-07 11:38:24,279]: [Iron_Data_Processor.py]: Make_Pages_Objects: 101:       INFO:    [Page Objects Has Been Made]
[2025-04-07 11:38:24,279]: [Iron_Data_Processor.py]: Make_Pages_Objects: 101:       INFO:    [Page Objects Has Been Made]
[2025-04-07 11:38:24,279]: [Iron_Data_Processor.py]: Load_Data: 118:       INFO:    [Data Has Been Load]
[2025-04-07 11:38:24,279]: [Iron_Data_Processor.py]: Load_Data: 118:       INFO:    [Data Has Been Load]
[2025-04-07 11:38:24,279]: [Iron_Data_Processor.py]: Load_positions: 140:       INFO:    [Positions Are Ready]
[2025-04-07 11:38:24,279]: [Iron_Data_Processor.py]: Load_positions: 140:       INFO:    [Positions Are Ready]
[2025-04-07 11:38:25,388]: [Iron_Data_Processor.py]: Make_Tagged_Images: 193:       INFO:    [Images Has Been Made]
[2025-04-07 11:38:26,329]: [Iron_Data_Processor.py]: Make_Tagged_Images: 193:       INFO:    [Images Has Been Made]
[2025-04-07 11:38:26,582]: [Iron_Data_Processor.py]: Make_Cover_Page: 215:       INFO:    [Made Cover Pages]
[2025-04-07 11:38:26,582]: [Iron.py]: Run: 29:       INFO:    [Imagination Phase Completed]
[2025-04-07 11:38:30,125]: [Phone_Scraper.py]: Scrap: 58:       INFO:    [Data Scraped]
[2025-04-07 11:38:30,126]: [Phone_Scraper.py]: Scrap: 71:       INFO:    [Scraped Data Successfully]
[2025-04-07 11:38:30,126]: [Phone.py]: Run: 26:       INFO:    [Scraping Phase Complete]
[2025-04-07 11:38:30,126]: [Phone_Data_Processor.py]: data_reader: 38:       INFO:    [Scraped Data Loaded]
[2025-04-07 11:38:30,127]: [Phone_Data_Processor.py]: filter_list: 65:       INFO:    [Persian Phrases Are deleted]
[2025-04-07 11:38:30,128]: [Phone_Data_Processor.py]: reshape_list: 87:       INFO:    [Date Reshaped]
[2025-04-07 11:38:30,128]: [Phone_Data_Processor.py]: separate_brands: 124:       INFO:    [Brands Are Separated]
[2025-04-07 11:38:30,128]: [Phone_Data_Processor.py]: delete_extra_spaces: 141:       INFO:    [Extra Spaces Are Deleted]
[2025-04-07 11:38:30,761]: [Phone.py]: Run: 29:       INFO:    [Imagination Phase Complete]
[2025-04-07 11:38:30,761]: [selector_events.py]: __init__: 64:       DEBUG:    [Using selector: EpollSelector]
[2025-04-07 11:38:31,034]: [_bot.py]: _do_post: 643:       DEBUG:    [Calling Bot API endpoint `getMe` with parameters `{}`]
[2025-04-07 11:38:31,038]: [_trace.py]: atrace: 87:       DEBUG:    [connect_tcp.started host='api.telegram.org' port=443 local_address=None timeout=5.0 socket_options=None]
[2025-04-07 11:38:31,170]: [_trace.py]: atrace: 87:       DEBUG:    [connect_tcp.complete return_value=<httpcore._backends.anyio.AnyIOStream object at 0x7f28403f1820>]
[2025-04-07 11:38:31,170]: [_trace.py]: atrace: 87:       DEBUG:    [start_tls.started ssl_context=<ssl.SSLContext object at 0x7f283f9ac2d0> server_hostname='api.telegram.org' timeout=5.0]
[2025-04-07 11:38:31,262]: [_trace.py]: atrace: 87:       DEBUG:    [start_tls.complete return_value=<httpcore._backends.anyio.AnyIOStream object at 0x7f28402a8980>]
[2025-04-07 11:38:31,262]: [_trace.py]: atrace: 87:       DEBUG:    [send_request_headers.started request=<Request [b'POST']>]
[2025-04-07 11:38:31,262]: [_trace.py]: atrace: 87:       DEBUG:    [send_request_headers.complete]
[2025-04-07 11:38:31,262]: [_trace.py]: atrace: 87:       DEBUG:    [send_request_body.started request=<Request [b'POST']>]
[2025-04-07 11:38:31,262]: [_trace.py]: atrace: 87:       DEBUG:    [send_request_body.complete]
[2025-04-07 11:38:31,263]: [_trace.py]: atrace: 87:       DEBUG:    [receive_response_headers.started request=<Request [b'POST']>]
[2025-04-07 11:38:31,351]: [_trace.py]: atrace: 87:       DEBUG:    [receive_response_headers.complete return_value=(b'HTTP/1.1', 200, b'OK', [(b'Server', b'nginx/1.18.0'), (b'Date', b'Mon, 07 Apr 2025 11:38:31 GMT'), (b'Content-Type', b'application/json'), (b'Content-Length', b'258'), (b'Connection', b'keep-alive'), (b'Strict-Transport-Security', b'max-age=31536000; includeSubDomains; preload'), (b'Access-Control-Allow-Origin', b'*'), (b'Access-Control-Allow-Methods', b'GET, POST, OPTIONS'), (b'Access-Control-Expose-Headers', b'Content-Length,Content-Type,Date,Server,Connection')])]
[2025-04-07 11:38:31,352]: [_client.py]: _send_single_request: 1740:       INFO:    [HTTP Request: POST https://api.telegram.org/bot6030805959:AAGUHAMxLYc-PrevgKouJ3ZyM7ktu56ftjo/getMe "HTTP/1.1 200 OK"]
[2025-04-07 11:38:31,352]: [_trace.py]: atrace: 87:       DEBUG:    [receive_response_body.started request=<Request [b'POST']>]
[2025-04-07 11:38:31,352]: [_trace.py]: atrace: 87:       DEBUG:    [receive_response_body.complete]
[2025-04-07 11:38:31,352]: [_trace.py]: atrace: 87:       DEBUG:    [response_closed.started]
[2025-04-07 11:38:31,352]: [_trace.py]: atrace: 87:       DEBUG:    [response_closed.complete]
[2025-04-07 11:38:31,352]: [_bot.py]: _do_post: 652:       DEBUG:    [Call to Bot API endpoint `getMe` finished with return value `{'id': 6030805959, 'is_bot': True, 'first_name': 'TyPHoone', 'username': 'TyPHoone_Project_bot', 'can_join_groups': True, 'can_read_all_group_messages': False, 'supports_inline_queries': False, 'can_connect_to_business': False, 'has_main_web_app': False}`]
[2025-04-07 11:38:31,355]: [_bot.py]: _do_post: 643:       DEBUG:    [Calling Bot API endpoint `sendDocument` with parameters `{'chat_id': '-4119703192', 'document': <telegram._files.inputfile.InputFile object at 0x7f283efc97c0>}`]
[2025-04-07 11:38:31,355]: [_trace.py]: atrace: 87:       DEBUG:    [send_request_headers.started request=<Request [b'POST']>]
[2025-04-07 11:38:31,356]: [_trace.py]: atrace: 87:       DEBUG:    [send_request_headers.complete]
[2025-04-07 11:38:31,356]: [_trace.py]: atrace: 87:       DEBUG:    [send_request_body.started request=<Request [b'POST']>]
[2025-04-07 11:38:31,356]: [_trace.py]: atrace: 87:       DEBUG:    [send_request_body.complete]
[2025-04-07 11:38:31,356]: [_trace.py]: atrace: 87:       DEBUG:    [receive_response_headers.started request=<Request [b'POST']>]
[2025-04-07 11:38:31,579]: [_trace.py]: atrace: 87:       DEBUG:    [receive_response_headers.complete return_value=(b'HTTP/1.1', 200, b'OK', [(b'Server', b'nginx/1.18.0'), (b'Date', b'Mon, 07 Apr 2025 11:38:31 GMT'), (b'Content-Type', b'application/json'), (b'Content-Length', b'464'), (b'Connection', b'keep-alive'), (b'Strict-Transport-Security', b'max-age=31536000; includeSubDomains; preload'), (b'Access-Control-Allow-Origin', b'*'), (b'Access-Control-Allow-Methods', b'GET, POST, OPTIONS'), (b'Access-Control-Expose-Headers', b'Content-Length,Content-Type,Date,Server,Connection')])]
[2025-04-07 11:38:31,579]: [_client.py]: _send_single_request: 1740:       INFO:    [HTTP Request: POST https://api.telegram.org/bot6030805959:AAGUHAMxLYc-PrevgKouJ3ZyM7ktu56ftjo/sendDocument "HTTP/1.1 200 OK"]
[2025-04-07 11:38:31,579]: [_trace.py]: atrace: 87:       DEBUG:    [receive_response_body.started request=<Request [b'POST']>]
[2025-04-07 11:38:31,579]: [_trace.py]: atrace: 87:       DEBUG:    [receive_response_body.complete]
[2025-04-07 11:38:31,579]: [_trace.py]: atrace: 87:       DEBUG:    [response_closed.started]
[2025-04-07 11:38:31,579]: [_trace.py]: atrace: 87:       DEBUG:    [response_closed.complete]
[2025-04-07 11:38:31,580]: [_bot.py]: _do_post: 652:       DEBUG:    [Call to Bot API endpoint `sendDocument` finished with return value `{'message_id': 2279, 'from': {'id': 6030805959, 'is_bot': True, 'first_name': 'TyPHoone', 'username': 'TyPHoone_Project_bot'}, 'chat': {'id': -4119703192, 'title': 'Robocop', 'type': 'group', 'all_members_are_administrators': True}, 'date': 1744025911, 'document': {'file_name': '(2025_04_07--11_38).log', 'mime_type': 'text/plain', 'file_id': 'BQACAgQAAxkDAAII52fzuTfmxFMEhRvYpbusQ1HSnDeRAAJMFgACAySgU3AzIoiwUTgsNgQ', 'file_unique_id': 'AgADTBYAAgMkoFM', 'file_size': 5937}}`]
[2025-04-07 11:38:31,580]: [_trace.py]: atrace: 87:       DEBUG:    [close.started]
[2025-04-07 11:38:31,580]: [_trace.py]: atrace: 87:       DEBUG:    [close.complete]
[2025-04-07 11:38:31,624]: [_bot.py]: _do_post: 643:       DEBUG:    [Calling Bot API endpoint `getMe` with parameters `{}`]
[2025-04-07 11:38:31,624]: [_trace.py]: atrace: 87:       DEBUG:    [connect_tcp.started host='api.telegram.org' port=443 local_address=None timeout=5.0 socket_options=None]
[2025-04-07 11:38:31,714]: [_trace.py]: atrace: 87:       DEBUG:    [connect_tcp.complete return_value=<httpcore._backends.anyio.AnyIOStream object at 0x7f283eff8110>]
[2025-04-07 11:38:31,714]: [_trace.py]: atrace: 87:       DEBUG:    [start_tls.started ssl_context=<ssl.SSLContext object at 0x7f283f943bd0> server_hostname='api.telegram.org' timeout=5.0]
[2025-04-07 11:38:31,806]: [_trace.py]: atrace: 87:       DEBUG:    [start_tls.complete return_value=<httpcore._backends.anyio.AnyIOStream object at 0x7f283f4deff0>]
[2025-04-07 11:38:31,807]: [_trace.py]: atrace: 87:       DEBUG:    [send_request_headers.started request=<Request [b'POST']>]
[2025-04-07 11:38:31,807]: [_trace.py]: atrace: 87:       DEBUG:    [send_request_headers.complete]
[2025-04-07 11:38:31,807]: [_trace.py]: atrace: 87:       DEBUG:    [send_request_body.started request=<Request [b'POST']>]
[2025-04-07 11:38:31,807]: [_trace.py]: atrace: 87:       DEBUG:    [send_request_body.complete]
[2025-04-07 11:38:31,807]: [_trace.py]: atrace: 87:       DEBUG:    [receive_response_headers.started request=<Request [b'POST']>]
[2025-04-07 11:38:31,896]: [_trace.py]: atrace: 87:       DEBUG:    [receive_response_headers.complete return_value=(b'HTTP/1.1', 200, b'OK', [(b'Server', b'nginx/1.18.0'), (b'Date', b'Mon, 07 Apr 2025 11:38:31 GMT'), (b'Content-Type', b'application/json'), (b'Content-Length', b'258'), (b'Connection', b'keep-alive'), (b'Strict-Transport-Security', b'max-age=31536000; includeSubDomains; preload'), (b'Access-Control-Allow-Origin', b'*'), (b'Access-Control-Allow-Methods', b'GET, POST, OPTIONS'), (b'Access-Control-Expose-Headers', b'Content-Length,Content-Type,Date,Server,Connection')])]
[2025-04-07 11:38:31,896]: [_client.py]: _send_single_request: 1740:       INFO:    [HTTP Request: POST https://api.telegram.org/bot6030805959:AAGUHAMxLYc-PrevgKouJ3ZyM7ktu56ftjo/getMe "HTTP/1.1 200 OK"]
[2025-04-07 11:38:31,896]: [_trace.py]: atrace: 87:       DEBUG:    [receive_response_body.started request=<Request [b'POST']>]
[2025-04-07 11:38:31,897]: [_trace.py]: atrace: 87:       DEBUG:    [receive_response_body.complete]
[2025-04-07 11:38:31,897]: [_trace.py]: atrace: 87:       DEBUG:    [response_closed.started]
[2025-04-07 11:38:31,897]: [_trace.py]: atrace: 87:       DEBUG:    [response_closed.complete]
[2025-04-07 11:38:31,897]: [_bot.py]: _do_post: 652:       DEBUG:    [Call to Bot API endpoint `getMe` finished with return value `{'id': 6030805959, 'is_bot': True, 'first_name': 'TyPHoone', 'username': 'TyPHoone_Project_bot', 'can_join_groups': True, 'can_read_all_group_messages': False, 'supports_inline_queries': False, 'can_connect_to_business': False, 'has_main_web_app': False}`]
[2025-04-07 11:38:31,899]: [_bot.py]: _do_post: 643:       DEBUG:    [Calling Bot API endpoint `sendDocument` with parameters `{'chat_id': '-4119703192', 'document': <telegram._files.inputfile.InputFile object at 0x7f283f99d580>}`]
[2025-04-07 11:38:31,899]: [_trace.py]: atrace: 87:       DEBUG:    [send_request_headers.started request=<Request [b'POST']>]
[2025-04-07 11:38:31,900]: [_trace.py]: atrace: 87:       DEBUG:    [send_request_headers.complete]
[2025-04-07 11:38:31,900]: [_trace.py]: atrace: 87:       DEBUG:    [send_request_body.started request=<Request [b'POST']>]
[2025-04-07 11:38:32,712]: [_trace.py]: atrace: 87:       DEBUG:    [send_request_body.complete]
[2025-04-07 11:38:32,712]: [_trace.py]: atrace: 87:       DEBUG:    [receive_response_headers.started request=<Request [b'POST']>]
[2025-04-07 11:38:33,759]: [_trace.py]: atrace: 87:       DEBUG:    [receive_response_headers.complete return_value=(b'HTTP/1.1', 200, b'OK', [(b'Server', b'nginx/1.18.0'), (b'Date', b'Mon, 07 Apr 2025 11:38:33 GMT'), (b'Content-Type', b'application/json'), (b'Content-Length', b'478'), (b'Connection', b'keep-alive'), (b'Strict-Transport-Security', b'max-age=31536000; includeSubDomains; preload'), (b'Access-Control-Allow-Origin', b'*'), (b'Access-Control-Allow-Methods', b'GET, POST, OPTIONS'), (b'Access-Control-Expose-Headers', b'Content-Length,Content-Type,Date,Server,Connection')])]
[2025-04-07 11:38:33,760]: [_client.py]: _send_single_request: 1740:       INFO:    [HTTP Request: POST https://api.telegram.org/bot6030805959:AAGUHAMxLYc-PrevgKouJ3ZyM7ktu56ftjo/sendDocument "HTTP/1.1 200 OK"]
[2025-04-07 11:38:33,760]: [_trace.py]: atrace: 87:       DEBUG:    [receive_response_body.started request=<Request [b'POST']>]
[2025-04-07 11:38:33,760]: [_trace.py]: atrace: 87:       DEBUG:    [receive_response_body.complete]
[2025-04-07 11:38:33,760]: [_trace.py]: atrace: 87:       DEBUG:    [response_closed.started]
[2025-04-07 11:38:33,760]: [_trace.py]: atrace: 87:       DEBUG:    [response_closed.complete]
[2025-04-07 11:38:33,760]: [_bot.py]: _do_post: 652:       DEBUG:    [Call to Bot API endpoint `sendDocument` finished with return value `{'message_id': 2280, 'from': {'id': 6030805959, 'is_bot': True, 'first_name': 'TyPHoone', 'username': 'TyPHoone_Project_bot'}, 'chat': {'id': -4119703192, 'title': 'Robocop', 'type': 'group', 'all_members_are_administrators': True}, 'date': 1744025913, 'document': {'file_name': '(2025_04_07--11_38)output.zip', 'mime_type': 'application/zip', 'file_id': 'BQACAgQAAxkDAAII6GfzuTlclpS5pXTM7s1Ti3NMzZC0AAJNFgACAySgU35biReJz7qZNgQ', 'file_unique_id': 'AgADTRYAAgMkoFM', 'file_size': 9881661}}`]
[2025-04-07 11:38:33,761]: [_trace.py]: atrace: 87:       DEBUG:    [close.started]
[2025-04-07 11:38:33,761]: [_trace.py]: atrace: 87:       DEBUG:    [close.complete]
[2025-04-07 11:38:33,761]: [Telegram_Sender.py]: runner: 61:       INFO:    [sent successfully]
[2025-04-07 11:38:33,761]: [Main.py]: <module>: 48:       INFO:    [Finished]
