[2025-03-15 11:38:06,140]: [Main.py]: <module>: 21:       INFO:    [Started]
[2025-03-15 11:38:08,176]: [Iron_Scraper.py]: Scrap: 32:       INFO:    [Data Scaraped Successfully]
[2025-03-15 11:38:08,390]: [Iron_Scraper.py]: Scrap: 70:       INFO:    [Scrapped Data Has No Problem]
[2025-03-15 11:38:08,390]: [Iron_Scraper.py]: Scrap: 83:       INFO:    [Data Saved Successfully]
[2025-03-15 11:38:08,390]: [Iron.py]: Run: 26:       INFO:    [Scraping Phase Completed]
[2025-03-15 11:38:08,390]: [Iron_Data_Processor.py]: Data_Reader: 61:       INFO:    [Data File Has Been Red Successfully]
[2025-03-15 11:38:08,391]: [Iron_Data_Processor.py]: Shaper: 78:       INFO:    [Data Shaped]
[2025-03-15 11:38:08,391]: [Iron_Data_Processor.py]: Process: 228:       INFO:    [Data Cleaned]
[2025-03-15 11:38:08,391]: [Iron_Data_Processor.py]: Make_Pages_Objects: 101:       INFO:    [Page Objects Has Been Made]
[2025-03-15 11:38:08,391]: [Iron_Data_Processor.py]: Make_Pages_Objects: 101:       INFO:    [Page Objects Has Been Made]
[2025-03-15 11:38:08,391]: [Iron_Data_Processor.py]: Load_Data: 118:       INFO:    [Data Has Been Load]
[2025-03-15 11:38:08,391]: [Iron_Data_Processor.py]: Load_Data: 118:       INFO:    [Data Has Been Load]
[2025-03-15 11:38:08,391]: [Iron_Data_Processor.py]: Load_positions: 140:       INFO:    [Positions Are Ready]
[2025-03-15 11:38:08,391]: [Iron_Data_Processor.py]: Load_positions: 140:       INFO:    [Positions Are Ready]
[2025-03-15 11:38:09,519]: [Iron_Data_Processor.py]: Make_Tagged_Images: 193:       INFO:    [Images Has Been Made]
[2025-03-15 11:38:10,476]: [Iron_Data_Processor.py]: Make_Tagged_Images: 193:       INFO:    [Images Has Been Made]
[2025-03-15 11:38:10,749]: [Iron_Data_Processor.py]: Make_Cover_Page: 215:       INFO:    [Made Cover Pages]
[2025-03-15 11:38:10,750]: [Iron.py]: Run: 29:       INFO:    [Imagination Phase Completed]
[2025-03-15 11:38:14,329]: [Phone_Scraper.py]: Scrap: 58:       INFO:    [Data Scraped]
[2025-03-15 11:38:14,329]: [Phone_Scraper.py]: Scrap: 71:       INFO:    [Scraped Data Successfully]
[2025-03-15 11:38:14,329]: [Phone.py]: Run: 26:       INFO:    [Scraping Phase Complete]
[2025-03-15 11:38:14,330]: [Phone_Data_Processor.py]: data_reader: 38:       INFO:    [Scraped Data Loaded]
[2025-03-15 11:38:14,331]: [Phone_Data_Processor.py]: filter_list: 65:       INFO:    [Persian Phrases Are deleted]
[2025-03-15 11:38:14,331]: [Phone_Data_Processor.py]: reshape_list: 87:       INFO:    [Date Reshaped]
[2025-03-15 11:38:14,332]: [Phone_Data_Processor.py]: separate_brands: 124:       INFO:    [Brands Are Separated]
[2025-03-15 11:38:14,332]: [Phone_Data_Processor.py]: delete_extra_spaces: 141:       INFO:    [Extra Spaces Are Deleted]
[2025-03-15 11:38:15,081]: [Phone.py]: Run: 29:       INFO:    [Imagination Phase Complete]
[2025-03-15 11:38:15,082]: [selector_events.py]: __init__: 64:       DEBUG:    [Using selector: EpollSelector]
[2025-03-15 11:38:15,359]: [_bot.py]: _do_post: 643:       DEBUG:    [Calling Bot API endpoint `getMe` with parameters `{}`]
[2025-03-15 11:38:15,364]: [_trace.py]: atrace: 87:       DEBUG:    [connect_tcp.started host='api.telegram.org' port=443 local_address=None timeout=5.0 socket_options=None]
[2025-03-15 11:38:15,577]: [_trace.py]: atrace: 87:       DEBUG:    [connect_tcp.complete return_value=<httpcore._backends.anyio.AnyIOStream object at 0x7fb98c3f1490>]
[2025-03-15 11:38:15,577]: [_trace.py]: atrace: 87:       DEBUG:    [start_tls.started ssl_context=<ssl.SSLContext object at 0x7fb98cc374d0> server_hostname='api.telegram.org' timeout=5.0]
[2025-03-15 11:38:15,722]: [_trace.py]: atrace: 87:       DEBUG:    [start_tls.complete return_value=<httpcore._backends.anyio.AnyIOStream object at 0x7fb98cc679e0>]
[2025-03-15 11:38:15,722]: [_trace.py]: atrace: 87:       DEBUG:    [send_request_headers.started request=<Request [b'POST']>]
[2025-03-15 11:38:15,723]: [_trace.py]: atrace: 87:       DEBUG:    [send_request_headers.complete]
[2025-03-15 11:38:15,723]: [_trace.py]: atrace: 87:       DEBUG:    [send_request_body.started request=<Request [b'POST']>]
[2025-03-15 11:38:15,723]: [_trace.py]: atrace: 87:       DEBUG:    [send_request_body.complete]
[2025-03-15 11:38:15,723]: [_trace.py]: atrace: 87:       DEBUG:    [receive_response_headers.started request=<Request [b'POST']>]
[2025-03-15 11:38:15,867]: [_trace.py]: atrace: 87:       DEBUG:    [receive_response_headers.complete return_value=(b'HTTP/1.1', 200, b'OK', [(b'Server', b'nginx/1.18.0'), (b'Date', b'Sat, 15 Mar 2025 11:38:15 GMT'), (b'Content-Type', b'application/json'), (b'Content-Length', b'258'), (b'Connection', b'keep-alive'), (b'Strict-Transport-Security', b'max-age=31536000; includeSubDomains; preload'), (b'Access-Control-Allow-Origin', b'*'), (b'Access-Control-Allow-Methods', b'GET, POST, OPTIONS'), (b'Access-Control-Expose-Headers', b'Content-Length,Content-Type,Date,Server,Connection')])]
[2025-03-15 11:38:15,867]: [_client.py]: _send_single_request: 1740:       INFO:    [HTTP Request: POST https://api.telegram.org/bot6030805959:AAGUHAMxLYc-PrevgKouJ3ZyM7ktu56ftjo/getMe "HTTP/1.1 200 OK"]
[2025-03-15 11:38:15,867]: [_trace.py]: atrace: 87:       DEBUG:    [receive_response_body.started request=<Request [b'POST']>]
[2025-03-15 11:38:15,867]: [_trace.py]: atrace: 87:       DEBUG:    [receive_response_body.complete]
[2025-03-15 11:38:15,867]: [_trace.py]: atrace: 87:       DEBUG:    [response_closed.started]
[2025-03-15 11:38:15,867]: [_trace.py]: atrace: 87:       DEBUG:    [response_closed.complete]
[2025-03-15 11:38:15,867]: [_bot.py]: _do_post: 652:       DEBUG:    [Call to Bot API endpoint `getMe` finished with return value `{'id': 6030805959, 'is_bot': True, 'first_name': 'TyPHoone', 'username': 'TyPHoone_Project_bot', 'can_join_groups': True, 'can_read_all_group_messages': False, 'supports_inline_queries': False, 'can_connect_to_business': False, 'has_main_web_app': False}`]
[2025-03-15 11:38:15,870]: [_bot.py]: _do_post: 643:       DEBUG:    [Calling Bot API endpoint `sendDocument` with parameters `{'chat_id': '-4119703192', 'document': <telegram._files.inputfile.InputFile object at 0x7fb98c2454c0>}`]
[2025-03-15 11:38:15,871]: [_trace.py]: atrace: 87:       DEBUG:    [send_request_headers.started request=<Request [b'POST']>]
[2025-03-15 11:38:15,871]: [_trace.py]: atrace: 87:       DEBUG:    [send_request_headers.complete]
[2025-03-15 11:38:15,871]: [_trace.py]: atrace: 87:       DEBUG:    [send_request_body.started request=<Request [b'POST']>]
[2025-03-15 11:38:15,872]: [_trace.py]: atrace: 87:       DEBUG:    [send_request_body.complete]
[2025-03-15 11:38:15,872]: [_trace.py]: atrace: 87:       DEBUG:    [receive_response_headers.started request=<Request [b'POST']>]
[2025-03-15 11:38:16,198]: [_trace.py]: atrace: 87:       DEBUG:    [receive_response_headers.complete return_value=(b'HTTP/1.1', 200, b'OK', [(b'Server', b'nginx/1.18.0'), (b'Date', b'Sat, 15 Mar 2025 11:38:16 GMT'), (b'Content-Type', b'application/json'), (b'Content-Length', b'464'), (b'Connection', b'keep-alive'), (b'Strict-Transport-Security', b'max-age=31536000; includeSubDomains; preload'), (b'Access-Control-Allow-Origin', b'*'), (b'Access-Control-Allow-Methods', b'GET, POST, OPTIONS'), (b'Access-Control-Expose-Headers', b'Content-Length,Content-Type,Date,Server,Connection')])]
[2025-03-15 11:38:16,198]: [_client.py]: _send_single_request: 1740:       INFO:    [HTTP Request: POST https://api.telegram.org/bot6030805959:AAGUHAMxLYc-PrevgKouJ3ZyM7ktu56ftjo/sendDocument "HTTP/1.1 200 OK"]
[2025-03-15 11:38:16,198]: [_trace.py]: atrace: 87:       DEBUG:    [receive_response_body.started request=<Request [b'POST']>]
[2025-03-15 11:38:16,198]: [_trace.py]: atrace: 87:       DEBUG:    [receive_response_body.complete]
[2025-03-15 11:38:16,199]: [_trace.py]: atrace: 87:       DEBUG:    [response_closed.started]
[2025-03-15 11:38:16,199]: [_trace.py]: atrace: 87:       DEBUG:    [response_closed.complete]
[2025-03-15 11:38:16,199]: [_bot.py]: _do_post: 652:       DEBUG:    [Call to Bot API endpoint `sendDocument` finished with return value `{'message_id': 2233, 'from': {'id': 6030805959, 'is_bot': True, 'first_name': 'TyPHoone', 'username': 'TyPHoone_Project_bot'}, 'chat': {'id': -4119703192, 'title': 'Robocop', 'type': 'group', 'all_members_are_administrators': True}, 'date': 1742038696, 'document': {'file_name': '(2025_03_15--11_38).log', 'mime_type': 'text/plain', 'file_id': 'BQACAgQAAxkDAAIIuWfVZqggxsumQY19g6rbCw5cdohDAAL1FgACbFepUvCXc5E1J-aVNgQ', 'file_unique_id': 'AgAD9RYAAmxXqVI', 'file_size': 5937}}`]
[2025-03-15 11:38:16,199]: [_trace.py]: atrace: 87:       DEBUG:    [close.started]
[2025-03-15 11:38:16,199]: [_trace.py]: atrace: 87:       DEBUG:    [close.complete]
[2025-03-15 11:38:16,245]: [_bot.py]: _do_post: 643:       DEBUG:    [Calling Bot API endpoint `getMe` with parameters `{}`]
[2025-03-15 11:38:16,245]: [_trace.py]: atrace: 87:       DEBUG:    [connect_tcp.started host='api.telegram.org' port=443 local_address=None timeout=5.0 socket_options=None]
[2025-03-15 11:38:16,380]: [_trace.py]: atrace: 87:       DEBUG:    [connect_tcp.complete return_value=<httpcore._backends.anyio.AnyIOStream object at 0x7fb98c26a840>]
[2025-03-15 11:38:16,380]: [_trace.py]: atrace: 87:       DEBUG:    [start_tls.started ssl_context=<ssl.SSLContext object at 0x7fb98cc372d0> server_hostname='api.telegram.org' timeout=5.0]
[2025-03-15 11:38:16,518]: [_trace.py]: atrace: 87:       DEBUG:    [start_tls.complete return_value=<httpcore._backends.anyio.AnyIOStream object at 0x7fb98c3f3d70>]
[2025-03-15 11:38:16,518]: [_trace.py]: atrace: 87:       DEBUG:    [send_request_headers.started request=<Request [b'POST']>]
[2025-03-15 11:38:16,518]: [_trace.py]: atrace: 87:       DEBUG:    [send_request_headers.complete]
[2025-03-15 11:38:16,518]: [_trace.py]: atrace: 87:       DEBUG:    [send_request_body.started request=<Request [b'POST']>]
[2025-03-15 11:38:16,518]: [_trace.py]: atrace: 87:       DEBUG:    [send_request_body.complete]
[2025-03-15 11:38:16,518]: [_trace.py]: atrace: 87:       DEBUG:    [receive_response_headers.started request=<Request [b'POST']>]
[2025-03-15 11:38:16,657]: [_trace.py]: atrace: 87:       DEBUG:    [receive_response_headers.complete return_value=(b'HTTP/1.1', 200, b'OK', [(b'Server', b'nginx/1.18.0'), (b'Date', b'Sat, 15 Mar 2025 11:38:16 GMT'), (b'Content-Type', b'application/json'), (b'Content-Length', b'258'), (b'Connection', b'keep-alive'), (b'Strict-Transport-Security', b'max-age=31536000; includeSubDomains; preload'), (b'Access-Control-Allow-Origin', b'*'), (b'Access-Control-Allow-Methods', b'GET, POST, OPTIONS'), (b'Access-Control-Expose-Headers', b'Content-Length,Content-Type,Date,Server,Connection')])]
[2025-03-15 11:38:16,657]: [_client.py]: _send_single_request: 1740:       INFO:    [HTTP Request: POST https://api.telegram.org/bot6030805959:AAGUHAMxLYc-PrevgKouJ3ZyM7ktu56ftjo/getMe "HTTP/1.1 200 OK"]
[2025-03-15 11:38:16,657]: [_trace.py]: atrace: 87:       DEBUG:    [receive_response_body.started request=<Request [b'POST']>]
[2025-03-15 11:38:16,657]: [_trace.py]: atrace: 87:       DEBUG:    [receive_response_body.complete]
[2025-03-15 11:38:16,657]: [_trace.py]: atrace: 87:       DEBUG:    [response_closed.started]
[2025-03-15 11:38:16,657]: [_trace.py]: atrace: 87:       DEBUG:    [response_closed.complete]
[2025-03-15 11:38:16,658]: [_bot.py]: _do_post: 652:       DEBUG:    [Call to Bot API endpoint `getMe` finished with return value `{'id': 6030805959, 'is_bot': True, 'first_name': 'TyPHoone', 'username': 'TyPHoone_Project_bot', 'can_join_groups': True, 'can_read_all_group_messages': False, 'supports_inline_queries': False, 'can_connect_to_business': False, 'has_main_web_app': False}`]
[2025-03-15 11:38:16,660]: [_bot.py]: _do_post: 643:       DEBUG:    [Calling Bot API endpoint `sendDocument` with parameters `{'chat_id': '-4119703192', 'document': <telegram._files.inputfile.InputFile object at 0x7fb98cc79ec0>}`]
[2025-03-15 11:38:16,660]: [_trace.py]: atrace: 87:       DEBUG:    [send_request_headers.started request=<Request [b'POST']>]
[2025-03-15 11:38:16,661]: [_trace.py]: atrace: 87:       DEBUG:    [send_request_headers.complete]
[2025-03-15 11:38:16,661]: [_trace.py]: atrace: 87:       DEBUG:    [send_request_body.started request=<Request [b'POST']>]
[2025-03-15 11:38:20,968]: [_trace.py]: atrace: 87:       DEBUG:    [send_request_body.complete]
[2025-03-15 11:38:20,968]: [_trace.py]: atrace: 87:       DEBUG:    [receive_response_headers.started request=<Request [b'POST']>]
[2025-03-15 11:38:22,334]: [_trace.py]: atrace: 87:       DEBUG:    [receive_response_headers.complete return_value=(b'HTTP/1.1', 200, b'OK', [(b'Server', b'nginx/1.18.0'), (b'Date', b'Sat, 15 Mar 2025 11:38:22 GMT'), (b'Content-Type', b'application/json'), (b'Content-Length', b'479'), (b'Connection', b'keep-alive'), (b'Strict-Transport-Security', b'max-age=31536000; includeSubDomains; preload'), (b'Access-Control-Allow-Origin', b'*'), (b'Access-Control-Allow-Methods', b'GET, POST, OPTIONS'), (b'Access-Control-Expose-Headers', b'Content-Length,Content-Type,Date,Server,Connection')])]
[2025-03-15 11:38:22,334]: [_client.py]: _send_single_request: 1740:       INFO:    [HTTP Request: POST https://api.telegram.org/bot6030805959:AAGUHAMxLYc-PrevgKouJ3ZyM7ktu56ftjo/sendDocument "HTTP/1.1 200 OK"]
[2025-03-15 11:38:22,334]: [_trace.py]: atrace: 87:       DEBUG:    [receive_response_body.started request=<Request [b'POST']>]
[2025-03-15 11:38:22,334]: [_trace.py]: atrace: 87:       DEBUG:    [receive_response_body.complete]
[2025-03-15 11:38:22,334]: [_trace.py]: atrace: 87:       DEBUG:    [response_closed.started]
[2025-03-15 11:38:22,334]: [_trace.py]: atrace: 87:       DEBUG:    [response_closed.complete]
[2025-03-15 11:38:22,335]: [_bot.py]: _do_post: 652:       DEBUG:    [Call to Bot API endpoint `sendDocument` finished with return value `{'message_id': 2234, 'from': {'id': 6030805959, 'is_bot': True, 'first_name': 'TyPHoone', 'username': 'TyPHoone_Project_bot'}, 'chat': {'id': -4119703192, 'title': 'Robocop', 'type': 'group', 'all_members_are_administrators': True}, 'date': 1742038702, 'document': {'file_name': '(2025_03_15--11_38)output.zip', 'mime_type': 'application/zip', 'file_id': 'BQACAgQAAxkDAAIIumfVZq3XcFLHYnSKp7rm8RRju90yAAL2FgACbFepUulqjMEPc0iANgQ', 'file_unique_id': 'AgAD9hYAAmxXqVI', 'file_size': 10078348}}`]
[2025-03-15 11:38:22,335]: [_trace.py]: atrace: 87:       DEBUG:    [close.started]
[2025-03-15 11:38:22,335]: [_trace.py]: atrace: 87:       DEBUG:    [close.complete]
[2025-03-15 11:38:22,335]: [Telegram_Sender.py]: runner: 61:       INFO:    [sent successfully]
[2025-03-15 11:38:22,336]: [Main.py]: <module>: 48:       INFO:    [Finished]
