[2025-09-11 11:39:25,334]: [Main.py]: <module>: 21:       INFO:    [Started]
[2025-09-11 11:39:26,863]: [Iron_Scraper.py]: Scrap: 32:       INFO:    [Data Scaraped Successfully]
[2025-09-11 11:39:27,062]: [Iron_Scraper.py]: Scrap: 70:       INFO:    [Scrapped Data Has No Problem]
[2025-09-11 11:39:27,062]: [Iron_Scraper.py]: Scrap: 83:       INFO:    [Data Saved Successfully]
[2025-09-11 11:39:27,062]: [Iron.py]: Run: 26:       INFO:    [Scraping Phase Completed]
[2025-09-11 11:39:27,062]: [Iron_Data_Processor.py]: Data_Reader: 61:       INFO:    [Data File Has Been Red Successfully]
[2025-09-11 11:39:27,062]: [Iron_Data_Processor.py]: Shaper: 78:       INFO:    [Data Shaped]
[2025-09-11 11:39:27,063]: [Iron_Data_Processor.py]: Process: 228:       INFO:    [Data Cleaned]
[2025-09-11 11:39:27,063]: [Iron_Data_Processor.py]: Make_Pages_Objects: 101:       INFO:    [Page Objects Has Been Made]
[2025-09-11 11:39:27,063]: [Iron_Data_Processor.py]: Make_Pages_Objects: 101:       INFO:    [Page Objects Has Been Made]
[2025-09-11 11:39:27,063]: [Iron_Data_Processor.py]: Load_Data: 118:       INFO:    [Data Has Been Load]
[2025-09-11 11:39:27,063]: [Iron_Data_Processor.py]: Load_Data: 118:       INFO:    [Data Has Been Load]
[2025-09-11 11:39:27,063]: [Iron_Data_Processor.py]: Load_positions: 140:       INFO:    [Positions Are Ready]
[2025-09-11 11:39:27,063]: [Iron_Data_Processor.py]: Load_positions: 140:       INFO:    [Positions Are Ready]
[2025-09-11 11:39:28,175]: [Iron_Data_Processor.py]: Make_Tagged_Images: 193:       INFO:    [Images Has Been Made]
[2025-09-11 11:39:29,121]: [Iron_Data_Processor.py]: Make_Tagged_Images: 193:       INFO:    [Images Has Been Made]
[2025-09-11 11:39:29,372]: [Iron_Data_Processor.py]: Make_Cover_Page: 215:       INFO:    [Made Cover Pages]
[2025-09-11 11:39:29,373]: [Iron.py]: Run: 29:       INFO:    [Imagination Phase Completed]
[2025-09-11 11:39:33,713]: [Phone_Scraper.py]: Scrap: 58:       INFO:    [Data Scraped]
[2025-09-11 11:39:33,713]: [Phone_Scraper.py]: Scrap: 71:       INFO:    [Scraped Data Successfully]
[2025-09-11 11:39:33,713]: [Phone.py]: Run: 26:       INFO:    [Scraping Phase Complete]
[2025-09-11 11:39:33,714]: [Phone_Data_Processor.py]: data_reader: 38:       INFO:    [Scraped Data Loaded]
[2025-09-11 11:39:33,715]: [Phone_Data_Processor.py]: filter_list: 65:       INFO:    [Persian Phrases Are deleted]
[2025-09-11 11:39:33,715]: [Phone_Data_Processor.py]: reshape_list: 87:       INFO:    [Date Reshaped]
[2025-09-11 11:39:33,715]: [Phone_Data_Processor.py]: separate_brands: 124:       INFO:    [Brands Are Separated]
[2025-09-11 11:39:33,716]: [Phone_Data_Processor.py]: delete_extra_spaces: 141:       INFO:    [Extra Spaces Are Deleted]
[2025-09-11 11:39:34,440]: [Phone.py]: Run: 29:       INFO:    [Imagination Phase Complete]
[2025-09-11 11:39:34,440]: [selector_events.py]: __init__: 64:       DEBUG:    [Using selector: EpollSelector]
[2025-09-11 11:39:34,716]: [_bot.py]: _do_post: 643:       DEBUG:    [Calling Bot API endpoint `getMe` with parameters `{}`]
[2025-09-11 11:39:34,721]: [_trace.py]: atrace: 87:       DEBUG:    [connect_tcp.started host='api.telegram.org' port=443 local_address=None timeout=5.0 socket_options=None]
[2025-09-11 11:39:34,841]: [_trace.py]: atrace: 87:       DEBUG:    [connect_tcp.complete return_value=<httpcore._backends.anyio.AnyIOStream object at 0x7f4c96adee40>]
[2025-09-11 11:39:34,841]: [_trace.py]: atrace: 87:       DEBUG:    [start_tls.started ssl_context=<ssl.SSLContext object at 0x7f4c973b9cd0> server_hostname='api.telegram.org' timeout=5.0]
[2025-09-11 11:39:34,933]: [_trace.py]: atrace: 87:       DEBUG:    [start_tls.complete return_value=<httpcore._backends.anyio.AnyIOStream object at 0x7f4c96e66ed0>]
[2025-09-11 11:39:34,934]: [_trace.py]: atrace: 87:       DEBUG:    [send_request_headers.started request=<Request [b'POST']>]
[2025-09-11 11:39:34,934]: [_trace.py]: atrace: 87:       DEBUG:    [send_request_headers.complete]
[2025-09-11 11:39:34,934]: [_trace.py]: atrace: 87:       DEBUG:    [send_request_body.started request=<Request [b'POST']>]
[2025-09-11 11:39:34,934]: [_trace.py]: atrace: 87:       DEBUG:    [send_request_body.complete]
[2025-09-11 11:39:34,934]: [_trace.py]: atrace: 87:       DEBUG:    [receive_response_headers.started request=<Request [b'POST']>]
[2025-09-11 11:39:35,025]: [_trace.py]: atrace: 87:       DEBUG:    [receive_response_headers.complete return_value=(b'HTTP/1.1', 200, b'OK', [(b'Server', b'nginx/1.18.0'), (b'Date', b'Thu, 11 Sep 2025 11:39:34 GMT'), (b'Content-Type', b'application/json'), (b'Content-Length', b'258'), (b'Connection', b'keep-alive'), (b'Strict-Transport-Security', b'max-age=31536000; includeSubDomains; preload'), (b'Access-Control-Allow-Origin', b'*'), (b'Access-Control-Allow-Methods', b'GET, POST, OPTIONS'), (b'Access-Control-Expose-Headers', b'Content-Length,Content-Type,Date,Server,Connection')])]
[2025-09-11 11:39:35,025]: [_client.py]: _send_single_request: 1740:       INFO:    [HTTP Request: POST https://api.telegram.org/bot6030805959:AAGUHAMxLYc-PrevgKouJ3ZyM7ktu56ftjo/getMe "HTTP/1.1 200 OK"]
[2025-09-11 11:39:35,025]: [_trace.py]: atrace: 87:       DEBUG:    [receive_response_body.started request=<Request [b'POST']>]
[2025-09-11 11:39:35,025]: [_trace.py]: atrace: 87:       DEBUG:    [receive_response_body.complete]
[2025-09-11 11:39:35,025]: [_trace.py]: atrace: 87:       DEBUG:    [response_closed.started]
[2025-09-11 11:39:35,025]: [_trace.py]: atrace: 87:       DEBUG:    [response_closed.complete]
[2025-09-11 11:39:35,025]: [_bot.py]: _do_post: 652:       DEBUG:    [Call to Bot API endpoint `getMe` finished with return value `{'id': 6030805959, 'is_bot': True, 'first_name': 'TyPHoone', 'username': 'TyPHoone_Project_bot', 'can_join_groups': True, 'can_read_all_group_messages': False, 'supports_inline_queries': False, 'can_connect_to_business': False, 'has_main_web_app': False}`]
[2025-09-11 11:39:35,028]: [_bot.py]: _do_post: 643:       DEBUG:    [Calling Bot API endpoint `sendDocument` with parameters `{'chat_id': '-4119703192', 'document': <telegram._files.inputfile.InputFile object at 0x7f4c969b5dc0>}`]
[2025-09-11 11:39:35,029]: [_trace.py]: atrace: 87:       DEBUG:    [send_request_headers.started request=<Request [b'POST']>]
[2025-09-11 11:39:35,029]: [_trace.py]: atrace: 87:       DEBUG:    [send_request_headers.complete]
[2025-09-11 11:39:35,029]: [_trace.py]: atrace: 87:       DEBUG:    [send_request_body.started request=<Request [b'POST']>]
[2025-09-11 11:39:35,030]: [_trace.py]: atrace: 87:       DEBUG:    [send_request_body.complete]
[2025-09-11 11:39:35,030]: [_trace.py]: atrace: 87:       DEBUG:    [receive_response_headers.started request=<Request [b'POST']>]
[2025-09-11 11:39:35,170]: [_trace.py]: atrace: 87:       DEBUG:    [receive_response_headers.complete return_value=(b'HTTP/1.1', 200, b'OK', [(b'Server', b'nginx/1.18.0'), (b'Date', b'Thu, 11 Sep 2025 11:39:35 GMT'), (b'Content-Type', b'application/json'), (b'Content-Length', b'584'), (b'Connection', b'keep-alive'), (b'Strict-Transport-Security', b'max-age=31536000; includeSubDomains; preload'), (b'Access-Control-Allow-Origin', b'*'), (b'Access-Control-Allow-Methods', b'GET, POST, OPTIONS'), (b'Access-Control-Expose-Headers', b'Content-Length,Content-Type,Date,Server,Connection')])]
[2025-09-11 11:39:35,170]: [_client.py]: _send_single_request: 1740:       INFO:    [HTTP Request: POST https://api.telegram.org/bot6030805959:AAGUHAMxLYc-PrevgKouJ3ZyM7ktu56ftjo/sendDocument "HTTP/1.1 200 OK"]
[2025-09-11 11:39:35,170]: [_trace.py]: atrace: 87:       DEBUG:    [receive_response_body.started request=<Request [b'POST']>]
[2025-09-11 11:39:35,170]: [_trace.py]: atrace: 87:       DEBUG:    [receive_response_body.complete]
[2025-09-11 11:39:35,170]: [_trace.py]: atrace: 87:       DEBUG:    [response_closed.started]
[2025-09-11 11:39:35,170]: [_trace.py]: atrace: 87:       DEBUG:    [response_closed.complete]
[2025-09-11 11:39:35,171]: [_bot.py]: _do_post: 652:       DEBUG:    [Call to Bot API endpoint `sendDocument` finished with return value `{'message_id': 2597, 'from': {'id': 6030805959, 'is_bot': True, 'first_name': 'TyPHoone', 'username': 'TyPHoone_Project_bot'}, 'chat': {'id': -4119703192, 'title': 'Robocop', 'type': 'group', 'all_members_are_administrators': True, 'accepted_gift_types': {'unlimited_gifts': False, 'limited_gifts': False, 'unique_gifts': False, 'premium_subscription': False}}, 'date': 1757590775, 'document': {'file_name': '(2025_09_11--11_39).log', 'mime_type': 'text/plain', 'file_id': 'BQACAgQAAxkDAAIKJWjCtPcWGtmU028cCOHt7CRVs4evAAI-HAACJLUYUj2Vs2ijnWUmNgQ', 'file_unique_id': 'AgADPhwAAiS1GFI', 'file_size': 5937}}`]
[2025-09-11 11:39:35,171]: [_trace.py]: atrace: 87:       DEBUG:    [close.started]
[2025-09-11 11:39:35,171]: [_trace.py]: atrace: 87:       DEBUG:    [close.complete]
[2025-09-11 11:39:35,216]: [_bot.py]: _do_post: 643:       DEBUG:    [Calling Bot API endpoint `getMe` with parameters `{}`]
[2025-09-11 11:39:35,217]: [_trace.py]: atrace: 87:       DEBUG:    [connect_tcp.started host='api.telegram.org' port=443 local_address=None timeout=5.0 socket_options=None]
[2025-09-11 11:39:35,318]: [_trace.py]: atrace: 87:       DEBUG:    [connect_tcp.complete return_value=<httpcore._backends.anyio.AnyIOStream object at 0x7f4c969b9d30>]
[2025-09-11 11:39:35,318]: [_trace.py]: atrace: 87:       DEBUG:    [start_tls.started ssl_context=<ssl.SSLContext object at 0x7f4c973b9bd0> server_hostname='api.telegram.org' timeout=5.0]
[2025-09-11 11:39:35,420]: [_trace.py]: atrace: 87:       DEBUG:    [start_tls.complete return_value=<httpcore._backends.anyio.AnyIOStream object at 0x7f4c96edb9e0>]
[2025-09-11 11:39:35,420]: [_trace.py]: atrace: 87:       DEBUG:    [send_request_headers.started request=<Request [b'POST']>]
[2025-09-11 11:39:35,420]: [_trace.py]: atrace: 87:       DEBUG:    [send_request_headers.complete]
[2025-09-11 11:39:35,420]: [_trace.py]: atrace: 87:       DEBUG:    [send_request_body.started request=<Request [b'POST']>]
[2025-09-11 11:39:35,420]: [_trace.py]: atrace: 87:       DEBUG:    [send_request_body.complete]
[2025-09-11 11:39:35,420]: [_trace.py]: atrace: 87:       DEBUG:    [receive_response_headers.started request=<Request [b'POST']>]
[2025-09-11 11:39:35,520]: [_trace.py]: atrace: 87:       DEBUG:    [receive_response_headers.complete return_value=(b'HTTP/1.1', 200, b'OK', [(b'Server', b'nginx/1.18.0'), (b'Date', b'Thu, 11 Sep 2025 11:39:35 GMT'), (b'Content-Type', b'application/json'), (b'Content-Length', b'258'), (b'Connection', b'keep-alive'), (b'Strict-Transport-Security', b'max-age=31536000; includeSubDomains; preload'), (b'Access-Control-Allow-Origin', b'*'), (b'Access-Control-Allow-Methods', b'GET, POST, OPTIONS'), (b'Access-Control-Expose-Headers', b'Content-Length,Content-Type,Date,Server,Connection')])]
[2025-09-11 11:39:35,520]: [_client.py]: _send_single_request: 1740:       INFO:    [HTTP Request: POST https://api.telegram.org/bot6030805959:AAGUHAMxLYc-PrevgKouJ3ZyM7ktu56ftjo/getMe "HTTP/1.1 200 OK"]
[2025-09-11 11:39:35,520]: [_trace.py]: atrace: 87:       DEBUG:    [receive_response_body.started request=<Request [b'POST']>]
[2025-09-11 11:39:35,520]: [_trace.py]: atrace: 87:       DEBUG:    [receive_response_body.complete]
[2025-09-11 11:39:35,520]: [_trace.py]: atrace: 87:       DEBUG:    [response_closed.started]
[2025-09-11 11:39:35,520]: [_trace.py]: atrace: 87:       DEBUG:    [response_closed.complete]
[2025-09-11 11:39:35,520]: [_bot.py]: _do_post: 652:       DEBUG:    [Call to Bot API endpoint `getMe` finished with return value `{'id': 6030805959, 'is_bot': True, 'first_name': 'TyPHoone', 'username': 'TyPHoone_Project_bot', 'can_join_groups': True, 'can_read_all_group_messages': False, 'supports_inline_queries': False, 'can_connect_to_business': False, 'has_main_web_app': False}`]
[2025-09-11 11:39:35,526]: [_bot.py]: _do_post: 643:       DEBUG:    [Calling Bot API endpoint `sendDocument` with parameters `{'chat_id': '-4119703192', 'document': <telegram._files.inputfile.InputFile object at 0x7f4c973d6500>}`]
[2025-09-11 11:39:35,526]: [_trace.py]: atrace: 87:       DEBUG:    [send_request_headers.started request=<Request [b'POST']>]
[2025-09-11 11:39:35,527]: [_trace.py]: atrace: 87:       DEBUG:    [send_request_headers.complete]
[2025-09-11 11:39:35,527]: [_trace.py]: atrace: 87:       DEBUG:    [send_request_body.started request=<Request [b'POST']>]
[2025-09-11 11:39:36,525]: [_trace.py]: atrace: 87:       DEBUG:    [send_request_body.complete]
[2025-09-11 11:39:36,525]: [_trace.py]: atrace: 87:       DEBUG:    [receive_response_headers.started request=<Request [b'POST']>]
[2025-09-11 11:39:37,160]: [_trace.py]: atrace: 87:       DEBUG:    [receive_response_headers.complete return_value=(b'HTTP/1.1', 200, b'OK', [(b'Server', b'nginx/1.18.0'), (b'Date', b'Thu, 11 Sep 2025 11:39:37 GMT'), (b'Content-Type', b'application/json'), (b'Content-Length', b'599'), (b'Connection', b'keep-alive'), (b'Strict-Transport-Security', b'max-age=31536000; includeSubDomains; preload'), (b'Access-Control-Allow-Origin', b'*'), (b'Access-Control-Allow-Methods', b'GET, POST, OPTIONS'), (b'Access-Control-Expose-Headers', b'Content-Length,Content-Type,Date,Server,Connection')])]
[2025-09-11 11:39:37,160]: [_client.py]: _send_single_request: 1740:       INFO:    [HTTP Request: POST https://api.telegram.org/bot6030805959:AAGUHAMxLYc-PrevgKouJ3ZyM7ktu56ftjo/sendDocument "HTTP/1.1 200 OK"]
[2025-09-11 11:39:37,160]: [_trace.py]: atrace: 87:       DEBUG:    [receive_response_body.started request=<Request [b'POST']>]
[2025-09-11 11:39:37,160]: [_trace.py]: atrace: 87:       DEBUG:    [receive_response_body.complete]
[2025-09-11 11:39:37,160]: [_trace.py]: atrace: 87:       DEBUG:    [response_closed.started]
[2025-09-11 11:39:37,160]: [_trace.py]: atrace: 87:       DEBUG:    [response_closed.complete]
[2025-09-11 11:39:37,161]: [_bot.py]: _do_post: 652:       DEBUG:    [Call to Bot API endpoint `sendDocument` finished with return value `{'message_id': 2598, 'from': {'id': 6030805959, 'is_bot': True, 'first_name': 'TyPHoone', 'username': 'TyPHoone_Project_bot'}, 'chat': {'id': -4119703192, 'title': 'Robocop', 'type': 'group', 'all_members_are_administrators': True, 'accepted_gift_types': {'unlimited_gifts': False, 'limited_gifts': False, 'unique_gifts': False, 'premium_subscription': False}}, 'date': 1757590777, 'document': {'file_name': '(2025_09_11--11_39)output.zip', 'mime_type': 'application/zip', 'file_id': 'BQACAgQAAxkDAAIKJmjCtPgqMA_cafotCFa4OMszukIYAAI_HAACJLUYUpkp2cgM1fo3NgQ', 'file_unique_id': 'AgADPxwAAiS1GFI', 'file_size': 10049182}}`]
[2025-09-11 11:39:37,161]: [_trace.py]: atrace: 87:       DEBUG:    [close.started]
[2025-09-11 11:39:37,161]: [_trace.py]: atrace: 87:       DEBUG:    [close.complete]
[2025-09-11 11:39:37,161]: [Telegram_Sender.py]: runner: 61:       INFO:    [sent successfully]
[2025-09-11 11:39:37,162]: [Main.py]: <module>: 48:       INFO:    [Finished]
