[2026-01-13 11:45:08,167]: [Main.py]: <module>: 21:       INFO:    [Started]
[2026-01-13 11:45:18,203]: [Iron_Scraper.py]: Scrap: 30:       CRITICAL:    [Scrapping Faild]
[2026-01-13 11:45:18,203]: [Iron_Scraper.py]: Scrap: 68:       CRITICAL:    [Something Went Wrong About Scraped Data]
[2026-01-13 11:45:18,204]: [Iron_Scraper.py]: Scrap: 81:       CRITICAL:    [Saving Data Failed]
[2026-01-13 11:45:18,204]: [Iron.py]: Run: 26:       INFO:    [Scraping Phase Completed]
[2026-01-13 11:45:18,204]: [Iron_Data_Processor.py]: Data_Reader: 61:       INFO:    [Data File Has Been Red Successfully]
[2026-01-13 11:45:18,204]: [Iron_Data_Processor.py]: Shaper: 78:       INFO:    [Data Shaped]
[2026-01-13 11:45:18,204]: [Iron_Data_Processor.py]: Process: 228:       INFO:    [Data Cleaned]
[2026-01-13 11:45:18,204]: [Iron_Data_Processor.py]: Make_Pages_Objects: 101:       INFO:    [Page Objects Has Been Made]
[2026-01-13 11:45:18,204]: [Iron_Data_Processor.py]: Make_Pages_Objects: 101:       INFO:    [Page Objects Has Been Made]
[2026-01-13 11:45:18,204]: [Iron_Data_Processor.py]: Load_Data: 118:       INFO:    [Data Has Been Load]
[2026-01-13 11:45:18,204]: [Iron_Data_Processor.py]: Load_Data: 118:       INFO:    [Data Has Been Load]
[2026-01-13 11:45:18,205]: [Iron_Data_Processor.py]: Load_positions: 140:       INFO:    [Positions Are Ready]
[2026-01-13 11:45:18,205]: [Iron_Data_Processor.py]: Load_positions: 140:       INFO:    [Positions Are Ready]
[2026-01-13 11:45:19,286]: [Iron_Data_Processor.py]: Make_Tagged_Images: 193:       INFO:    [Images Has Been Made]
[2026-01-13 11:45:20,183]: [Iron_Data_Processor.py]: Make_Tagged_Images: 193:       INFO:    [Images Has Been Made]
[2026-01-13 11:45:20,438]: [Iron_Data_Processor.py]: Make_Cover_Page: 215:       INFO:    [Made Cover Pages]
[2026-01-13 11:45:20,438]: [Iron.py]: Run: 29:       INFO:    [Imagination Phase Completed]
[2026-01-13 11:47:36,681]: [Phone_Scraper.py]: Scrap: 56:       CRITICAL:    [Couldent Scrap Data]
[2026-01-13 11:47:36,681]: [Phone_Scraper.py]: Scrap: 69:       CRITICAL:    [Couldent Save Scraped Data]
[2026-01-13 11:47:36,682]: [Phone.py]: Run: 26:       INFO:    [Scraping Phase Complete]
[2026-01-13 11:47:36,682]: [Phone_Data_Processor.py]: data_reader: 38:       INFO:    [Scraped Data Loaded]
[2026-01-13 11:47:36,682]: [Phone_Data_Processor.py]: filter_list: 65:       INFO:    [Persian Phrases Are deleted]
[2026-01-13 11:47:36,682]: [Phone_Data_Processor.py]: reshape_list: 85:       ERROR:    [Failed To Reshape Data]
[2026-01-13 11:47:36,682]: [Phone_Data_Processor.py]: separate_brands: 122:       CRITICAL:    [Couldnt Separate Brands From Each Other]
[2026-01-13 11:47:36,682]: [Phone_Data_Processor.py]: delete_extra_spaces: 141:       INFO:    [Extra Spaces Are Deleted]
[2026-01-13 11:47:36,682]: [Phone.py]: Run: 29:       INFO:    [Imagination Phase Complete]
[2026-01-13 11:47:36,682]: [selector_events.py]: __init__: 64:       DEBUG:    [Using selector: EpollSelector]
[2026-01-13 11:47:36,900]: [_bot.py]: _do_post: 643:       DEBUG:    [Calling Bot API endpoint `getMe` with parameters `{}`]
[2026-01-13 11:47:36,905]: [_trace.py]: atrace: 87:       DEBUG:    [connect_tcp.started host='api.telegram.org' port=443 local_address=None timeout=5.0 socket_options=None]
[2026-01-13 11:47:37,074]: [_trace.py]: atrace: 87:       DEBUG:    [connect_tcp.complete return_value=<httpcore._backends.anyio.AnyIOStream object at 0x7fa04aaf78c0>]
[2026-01-13 11:47:37,074]: [_trace.py]: atrace: 87:       DEBUG:    [start_tls.started ssl_context=<ssl.SSLContext object at 0x7fa04aac5c50> server_hostname='api.telegram.org' timeout=5.0]
[2026-01-13 11:47:37,177]: [_trace.py]: atrace: 87:       DEBUG:    [start_tls.complete return_value=<httpcore._backends.anyio.AnyIOStream object at 0x7fa04ac87080>]
[2026-01-13 11:47:37,178]: [_trace.py]: atrace: 87:       DEBUG:    [send_request_headers.started request=<Request [b'POST']>]
[2026-01-13 11:47:37,178]: [_trace.py]: atrace: 87:       DEBUG:    [send_request_headers.complete]
[2026-01-13 11:47:37,178]: [_trace.py]: atrace: 87:       DEBUG:    [send_request_body.started request=<Request [b'POST']>]
[2026-01-13 11:47:37,178]: [_trace.py]: atrace: 87:       DEBUG:    [send_request_body.complete]
[2026-01-13 11:47:37,178]: [_trace.py]: atrace: 87:       DEBUG:    [receive_response_headers.started request=<Request [b'POST']>]
[2026-01-13 11:47:37,280]: [_trace.py]: atrace: 87:       DEBUG:    [receive_response_headers.complete return_value=(b'HTTP/1.1', 200, b'OK', [(b'Server', b'nginx/1.18.0'), (b'Date', b'Tue, 13 Jan 2026 11:47:37 GMT'), (b'Content-Type', b'application/json'), (b'Content-Length', b'285'), (b'Connection', b'keep-alive'), (b'Strict-Transport-Security', b'max-age=31536000; includeSubDomains; preload'), (b'Access-Control-Allow-Origin', b'*'), (b'Access-Control-Allow-Methods', b'GET, POST, OPTIONS'), (b'Access-Control-Expose-Headers', b'Content-Length,Content-Type,Date,Server,Connection')])]
[2026-01-13 11:47:37,280]: [_client.py]: _send_single_request: 1740:       INFO:    [HTTP Request: POST https://api.telegram.org/bot6030805959:AAGUHAMxLYc-PrevgKouJ3ZyM7ktu56ftjo/getMe "HTTP/1.1 200 OK"]
[2026-01-13 11:47:37,280]: [_trace.py]: atrace: 87:       DEBUG:    [receive_response_body.started request=<Request [b'POST']>]
[2026-01-13 11:47:37,280]: [_trace.py]: atrace: 87:       DEBUG:    [receive_response_body.complete]
[2026-01-13 11:47:37,281]: [_trace.py]: atrace: 87:       DEBUG:    [response_closed.started]
[2026-01-13 11:47:37,281]: [_trace.py]: atrace: 87:       DEBUG:    [response_closed.complete]
[2026-01-13 11:47:37,281]: [_bot.py]: _do_post: 652:       DEBUG:    [Call to Bot API endpoint `getMe` finished with return value `{'id': 6030805959, 'is_bot': True, 'first_name': 'TyPHoone', 'username': 'TyPHoone_Project_bot', 'can_join_groups': True, 'can_read_all_group_messages': False, 'supports_inline_queries': False, 'can_connect_to_business': False, 'has_main_web_app': False, 'has_topics_enabled': False}`]
[2026-01-13 11:47:37,284]: [_bot.py]: _do_post: 643:       DEBUG:    [Calling Bot API endpoint `sendDocument` with parameters `{'chat_id': '-4119703192', 'document': <telegram._files.inputfile.InputFile object at 0x7fa04aaf15c0>}`]
[2026-01-13 11:47:37,284]: [_trace.py]: atrace: 87:       DEBUG:    [send_request_headers.started request=<Request [b'POST']>]
[2026-01-13 11:47:37,285]: [_trace.py]: atrace: 87:       DEBUG:    [send_request_headers.complete]
[2026-01-13 11:47:37,285]: [_trace.py]: atrace: 87:       DEBUG:    [send_request_body.started request=<Request [b'POST']>]
[2026-01-13 11:47:37,285]: [_trace.py]: atrace: 87:       DEBUG:    [send_request_body.complete]
[2026-01-13 11:47:37,285]: [_trace.py]: atrace: 87:       DEBUG:    [receive_response_headers.started request=<Request [b'POST']>]
[2026-01-13 11:47:37,638]: [_trace.py]: atrace: 87:       DEBUG:    [receive_response_headers.complete return_value=(b'HTTP/1.1', 200, b'OK', [(b'Server', b'nginx/1.18.0'), (b'Date', b'Tue, 13 Jan 2026 11:47:37 GMT'), (b'Content-Type', b'application/json'), (b'Content-Length', b'612'), (b'Connection', b'keep-alive'), (b'Strict-Transport-Security', b'max-age=31536000; includeSubDomains; preload'), (b'Access-Control-Allow-Origin', b'*'), (b'Access-Control-Allow-Methods', b'GET, POST, OPTIONS'), (b'Access-Control-Expose-Headers', b'Content-Length,Content-Type,Date,Server,Connection')])]
[2026-01-13 11:47:37,638]: [_client.py]: _send_single_request: 1740:       INFO:    [HTTP Request: POST https://api.telegram.org/bot6030805959:AAGUHAMxLYc-PrevgKouJ3ZyM7ktu56ftjo/sendDocument "HTTP/1.1 200 OK"]
[2026-01-13 11:47:37,638]: [_trace.py]: atrace: 87:       DEBUG:    [receive_response_body.started request=<Request [b'POST']>]
[2026-01-13 11:47:37,638]: [_trace.py]: atrace: 87:       DEBUG:    [receive_response_body.complete]
[2026-01-13 11:47:37,638]: [_trace.py]: atrace: 87:       DEBUG:    [response_closed.started]
[2026-01-13 11:47:37,638]: [_trace.py]: atrace: 87:       DEBUG:    [response_closed.complete]
[2026-01-13 11:47:37,639]: [_bot.py]: _do_post: 652:       DEBUG:    [Call to Bot API endpoint `sendDocument` finished with return value `{'message_id': 2857, 'from': {'id': 6030805959, 'is_bot': True, 'first_name': 'TyPHoone', 'username': 'TyPHoone_Project_bot'}, 'chat': {'id': -4119703192, 'title': 'Robocop', 'type': 'group', 'all_members_are_administrators': True, 'accepted_gift_types': {'unlimited_gifts': False, 'limited_gifts': False, 'unique_gifts': False, 'premium_subscription': False, 'gifts_from_channels': False}}, 'date': 1768304857, 'document': {'file_name': '(2026_01_13--11_45).log', 'mime_type': 'text/plain', 'file_id': 'BQACAgQAAxkDAAILKWlmMNmvWZ4bQgLFNCBE7JnRC6CYAALDGgACF9AwU4AzUcB5w6LbOAQ', 'file_unique_id': 'AgADwxoAAhfQMFM', 'file_size': 6022}}`]
[2026-01-13 11:47:37,639]: [_trace.py]: atrace: 87:       DEBUG:    [close.started]
[2026-01-13 11:47:37,640]: [_trace.py]: atrace: 87:       DEBUG:    [close.complete]
[2026-01-13 11:47:37,680]: [_bot.py]: _do_post: 643:       DEBUG:    [Calling Bot API endpoint `getMe` with parameters `{}`]
[2026-01-13 11:47:37,681]: [_trace.py]: atrace: 87:       DEBUG:    [connect_tcp.started host='api.telegram.org' port=443 local_address=None timeout=5.0 socket_options=None]
[2026-01-13 11:47:37,783]: [_trace.py]: atrace: 87:       DEBUG:    [connect_tcp.complete return_value=<httpcore._backends.anyio.AnyIOStream object at 0x7fa049818f50>]
[2026-01-13 11:47:37,783]: [_trace.py]: atrace: 87:       DEBUG:    [start_tls.started ssl_context=<ssl.SSLContext object at 0x7fa04aac5b50> server_hostname='api.telegram.org' timeout=5.0]
[2026-01-13 11:47:37,886]: [_trace.py]: atrace: 87:       DEBUG:    [start_tls.complete return_value=<httpcore._backends.anyio.AnyIOStream object at 0x7fa04aa62000>]
[2026-01-13 11:47:37,886]: [_trace.py]: atrace: 87:       DEBUG:    [send_request_headers.started request=<Request [b'POST']>]
[2026-01-13 11:47:37,887]: [_trace.py]: atrace: 87:       DEBUG:    [send_request_headers.complete]
[2026-01-13 11:47:37,887]: [_trace.py]: atrace: 87:       DEBUG:    [send_request_body.started request=<Request [b'POST']>]
[2026-01-13 11:47:37,887]: [_trace.py]: atrace: 87:       DEBUG:    [send_request_body.complete]
[2026-01-13 11:47:37,887]: [_trace.py]: atrace: 87:       DEBUG:    [receive_response_headers.started request=<Request [b'POST']>]
[2026-01-13 11:47:38,016]: [_trace.py]: atrace: 87:       DEBUG:    [receive_response_headers.complete return_value=(b'HTTP/1.1', 200, b'OK', [(b'Server', b'nginx/1.18.0'), (b'Date', b'Tue, 13 Jan 2026 11:47:37 GMT'), (b'Content-Type', b'application/json'), (b'Content-Length', b'285'), (b'Connection', b'keep-alive'), (b'Strict-Transport-Security', b'max-age=31536000; includeSubDomains; preload'), (b'Access-Control-Allow-Origin', b'*'), (b'Access-Control-Allow-Methods', b'GET, POST, OPTIONS'), (b'Access-Control-Expose-Headers', b'Content-Length,Content-Type,Date,Server,Connection')])]
[2026-01-13 11:47:38,017]: [_client.py]: _send_single_request: 1740:       INFO:    [HTTP Request: POST https://api.telegram.org/bot6030805959:AAGUHAMxLYc-PrevgKouJ3ZyM7ktu56ftjo/getMe "HTTP/1.1 200 OK"]
[2026-01-13 11:47:38,017]: [_trace.py]: atrace: 87:       DEBUG:    [receive_response_body.started request=<Request [b'POST']>]
[2026-01-13 11:47:38,017]: [_trace.py]: atrace: 87:       DEBUG:    [receive_response_body.complete]
[2026-01-13 11:47:38,017]: [_trace.py]: atrace: 87:       DEBUG:    [response_closed.started]
[2026-01-13 11:47:38,017]: [_trace.py]: atrace: 87:       DEBUG:    [response_closed.complete]
[2026-01-13 11:47:38,017]: [_bot.py]: _do_post: 652:       DEBUG:    [Call to Bot API endpoint `getMe` finished with return value `{'id': 6030805959, 'is_bot': True, 'first_name': 'TyPHoone', 'username': 'TyPHoone_Project_bot', 'can_join_groups': True, 'can_read_all_group_messages': False, 'supports_inline_queries': False, 'can_connect_to_business': False, 'has_main_web_app': False, 'has_topics_enabled': False}`]
[2026-01-13 11:47:38,020]: [_bot.py]: _do_post: 643:       DEBUG:    [Calling Bot API endpoint `sendDocument` with parameters `{'chat_id': '-4119703192', 'document': <telegram._files.inputfile.InputFile object at 0x7fa04aaf0c40>}`]
[2026-01-13 11:47:38,020]: [_trace.py]: atrace: 87:       DEBUG:    [send_request_headers.started request=<Request [b'POST']>]
[2026-01-13 11:47:38,020]: [_trace.py]: atrace: 87:       DEBUG:    [send_request_headers.complete]
[2026-01-13 11:47:38,020]: [_trace.py]: atrace: 87:       DEBUG:    [send_request_body.started request=<Request [b'POST']>]
[2026-01-13 11:47:38,938]: [_trace.py]: atrace: 87:       DEBUG:    [send_request_body.complete]
[2026-01-13 11:47:38,938]: [_trace.py]: atrace: 87:       DEBUG:    [receive_response_headers.started request=<Request [b'POST']>]
[2026-01-13 11:47:39,498]: [_trace.py]: atrace: 87:       DEBUG:    [receive_response_headers.complete return_value=(b'HTTP/1.1', 200, b'OK', [(b'Server', b'nginx/1.18.0'), (b'Date', b'Tue, 13 Jan 2026 11:47:39 GMT'), (b'Content-Type', b'application/json'), (b'Content-Length', b'626'), (b'Connection', b'keep-alive'), (b'Strict-Transport-Security', b'max-age=31536000; includeSubDomains; preload'), (b'Access-Control-Allow-Origin', b'*'), (b'Access-Control-Allow-Methods', b'GET, POST, OPTIONS'), (b'Access-Control-Expose-Headers', b'Content-Length,Content-Type,Date,Server,Connection')])]
[2026-01-13 11:47:39,499]: [_client.py]: _send_single_request: 1740:       INFO:    [HTTP Request: POST https://api.telegram.org/bot6030805959:AAGUHAMxLYc-PrevgKouJ3ZyM7ktu56ftjo/sendDocument "HTTP/1.1 200 OK"]
[2026-01-13 11:47:39,499]: [_trace.py]: atrace: 87:       DEBUG:    [receive_response_body.started request=<Request [b'POST']>]
[2026-01-13 11:47:39,499]: [_trace.py]: atrace: 87:       DEBUG:    [receive_response_body.complete]
[2026-01-13 11:47:39,499]: [_trace.py]: atrace: 87:       DEBUG:    [response_closed.started]
[2026-01-13 11:47:39,499]: [_trace.py]: atrace: 87:       DEBUG:    [response_closed.complete]
[2026-01-13 11:47:39,499]: [_bot.py]: _do_post: 652:       DEBUG:    [Call to Bot API endpoint `sendDocument` finished with return value `{'message_id': 2858, 'from': {'id': 6030805959, 'is_bot': True, 'first_name': 'TyPHoone', 'username': 'TyPHoone_Project_bot'}, 'chat': {'id': -4119703192, 'title': 'Robocop', 'type': 'group', 'all_members_are_administrators': True, 'accepted_gift_types': {'unlimited_gifts': False, 'limited_gifts': False, 'unique_gifts': False, 'premium_subscription': False, 'gifts_from_channels': False}}, 'date': 1768304859, 'document': {'file_name': '(2026_01_13--11_45)output.zip', 'mime_type': 'application/zip', 'file_id': 'BQACAgQAAxkDAAILKmlmMNv0YY91F66Jjb_8viqhNr9ZAALEGgACF9AwU_g28RFoQkCxOAQ', 'file_unique_id': 'AgADxBoAAhfQMFM', 'file_size': 7851338}}`]
[2026-01-13 11:47:39,500]: [_trace.py]: atrace: 87:       DEBUG:    [close.started]
[2026-01-13 11:47:39,500]: [_trace.py]: atrace: 87:       DEBUG:    [close.complete]
[2026-01-13 11:47:39,500]: [Telegram_Sender.py]: runner: 61:       INFO:    [sent successfully]
[2026-01-13 11:47:39,501]: [Main.py]: <module>: 48:       INFO:    [Finished]
