[2025-01-06 11:39:09,150]: [Main.py]: <module>: 21:       INFO:    [Started]
[2025-01-06 11:39:11,124]: [Iron_Scraper.py]: Scrap: 32:       INFO:    [Data Scaraped Successfully]
[2025-01-06 11:39:11,173]: [Iron_Scraper.py]: Scrap: 70:       INFO:    [Scrapped Data Has No Problem]
[2025-01-06 11:39:11,173]: [Iron_Scraper.py]: Scrap: 83:       INFO:    [Data Saved Successfully]
[2025-01-06 11:39:11,173]: [Iron.py]: Run: 26:       INFO:    [Scraping Phase Completed]
[2025-01-06 11:39:11,173]: [Iron_Data_Processor.py]: Data_Reader: 61:       INFO:    [Data File Has Been Red Successfully]
[2025-01-06 11:39:11,173]: [Iron_Data_Processor.py]: Shaper: 78:       INFO:    [Data Shaped]
[2025-01-06 11:39:11,173]: [Iron_Data_Processor.py]: Process: 228:       INFO:    [Data Cleaned]
[2025-01-06 11:39:11,173]: [Iron_Data_Processor.py]: Make_Pages_Objects: 101:       INFO:    [Page Objects Has Been Made]
[2025-01-06 11:39:11,173]: [Iron_Data_Processor.py]: Make_Pages_Objects: 101:       INFO:    [Page Objects Has Been Made]
[2025-01-06 11:39:11,173]: [Iron_Data_Processor.py]: Load_Data: 118:       INFO:    [Data Has Been Load]
[2025-01-06 11:39:11,173]: [Iron_Data_Processor.py]: Load_Data: 118:       INFO:    [Data Has Been Load]
[2025-01-06 11:39:11,174]: [Iron_Data_Processor.py]: Load_positions: 140:       INFO:    [Positions Are Ready]
[2025-01-06 11:39:11,174]: [Iron_Data_Processor.py]: Load_positions: 140:       INFO:    [Positions Are Ready]
[2025-01-06 11:39:12,236]: [Iron_Data_Processor.py]: Make_Tagged_Images: 193:       INFO:    [Images Has Been Made]
[2025-01-06 11:39:13,128]: [Iron_Data_Processor.py]: Make_Tagged_Images: 193:       INFO:    [Images Has Been Made]
[2025-01-06 11:39:13,381]: [Iron_Data_Processor.py]: Make_Cover_Page: 215:       INFO:    [Made Cover Pages]
[2025-01-06 11:39:13,382]: [Iron.py]: Run: 29:       INFO:    [Imagination Phase Completed]
[2025-01-06 11:39:36,451]: [Phone_Scraper.py]: Scrap: 58:       INFO:    [Data Scraped]
[2025-01-06 11:39:36,451]: [Phone_Scraper.py]: Scrap: 71:       INFO:    [Scraped Data Successfully]
[2025-01-06 11:39:36,451]: [Phone.py]: Run: 26:       INFO:    [Scraping Phase Complete]
[2025-01-06 11:39:36,452]: [Phone_Data_Processor.py]: data_reader: 38:       INFO:    [Scraped Data Loaded]
[2025-01-06 11:39:36,453]: [Phone_Data_Processor.py]: filter_list: 65:       INFO:    [Persian Phrases Are deleted]
[2025-01-06 11:39:36,453]: [Phone_Data_Processor.py]: reshape_list: 87:       INFO:    [Date Reshaped]
[2025-01-06 11:39:36,453]: [Phone_Data_Processor.py]: separate_brands: 124:       INFO:    [Brands Are Separated]
[2025-01-06 11:39:36,454]: [Phone_Data_Processor.py]: delete_extra_spaces: 141:       INFO:    [Extra Spaces Are Deleted]
[2025-01-06 11:39:37,190]: [Phone.py]: Run: 29:       INFO:    [Imagination Phase Complete]
[2025-01-06 11:39:37,190]: [selector_events.py]: __init__: 64:       DEBUG:    [Using selector: EpollSelector]
[2025-01-06 11:39:37,475]: [_bot.py]: _do_post: 643:       DEBUG:    [Calling Bot API endpoint `getMe` with parameters `{}`]
[2025-01-06 11:39:37,480]: [_trace.py]: atrace: 87:       DEBUG:    [connect_tcp.started host='api.telegram.org' port=443 local_address=None timeout=5.0 socket_options=None]
[2025-01-06 11:39:37,572]: [_trace.py]: atrace: 87:       DEBUG:    [connect_tcp.complete return_value=<httpcore._backends.anyio.AnyIOStream object at 0x7fedd2cb7440>]
[2025-01-06 11:39:37,573]: [_trace.py]: atrace: 87:       DEBUG:    [start_tls.started ssl_context=<ssl.SSLContext object at 0x7fedd330aad0> server_hostname='api.telegram.org' timeout=5.0]
[2025-01-06 11:39:37,660]: [_trace.py]: atrace: 87:       DEBUG:    [start_tls.complete return_value=<httpcore._backends.anyio.AnyIOStream object at 0x7fedd3c15730>]
[2025-01-06 11:39:37,660]: [_trace.py]: atrace: 87:       DEBUG:    [send_request_headers.started request=<Request [b'POST']>]
[2025-01-06 11:39:37,661]: [_trace.py]: atrace: 87:       DEBUG:    [send_request_headers.complete]
[2025-01-06 11:39:37,661]: [_trace.py]: atrace: 87:       DEBUG:    [send_request_body.started request=<Request [b'POST']>]
[2025-01-06 11:39:37,661]: [_trace.py]: atrace: 87:       DEBUG:    [send_request_body.complete]
[2025-01-06 11:39:37,661]: [_trace.py]: atrace: 87:       DEBUG:    [receive_response_headers.started request=<Request [b'POST']>]
[2025-01-06 11:39:37,746]: [_trace.py]: atrace: 87:       DEBUG:    [receive_response_headers.complete return_value=(b'HTTP/1.1', 200, b'OK', [(b'Server', b'nginx/1.18.0'), (b'Date', b'Mon, 06 Jan 2025 11:39:37 GMT'), (b'Content-Type', b'application/json'), (b'Content-Length', b'258'), (b'Connection', b'keep-alive'), (b'Strict-Transport-Security', b'max-age=31536000; includeSubDomains; preload'), (b'Access-Control-Allow-Origin', b'*'), (b'Access-Control-Allow-Methods', b'GET, POST, OPTIONS'), (b'Access-Control-Expose-Headers', b'Content-Length,Content-Type,Date,Server,Connection')])]
[2025-01-06 11:39:37,747]: [_client.py]: _send_single_request: 1740:       INFO:    [HTTP Request: POST https://api.telegram.org/bot6030805959:AAGUHAMxLYc-PrevgKouJ3ZyM7ktu56ftjo/getMe "HTTP/1.1 200 OK"]
[2025-01-06 11:39:37,747]: [_trace.py]: atrace: 87:       DEBUG:    [receive_response_body.started request=<Request [b'POST']>]
[2025-01-06 11:39:37,747]: [_trace.py]: atrace: 87:       DEBUG:    [receive_response_body.complete]
[2025-01-06 11:39:37,747]: [_trace.py]: atrace: 87:       DEBUG:    [response_closed.started]
[2025-01-06 11:39:37,747]: [_trace.py]: atrace: 87:       DEBUG:    [response_closed.complete]
[2025-01-06 11:39:37,747]: [_bot.py]: _do_post: 652:       DEBUG:    [Call to Bot API endpoint `getMe` finished with return value `{'id': 6030805959, 'is_bot': True, 'first_name': 'TyPHoone', 'username': 'TyPHoone_Project_bot', 'can_join_groups': True, 'can_read_all_group_messages': False, 'supports_inline_queries': False, 'can_connect_to_business': False, 'has_main_web_app': False}`]
[2025-01-06 11:39:37,750]: [_bot.py]: _do_post: 643:       DEBUG:    [Calling Bot API endpoint `sendDocument` with parameters `{'chat_id': '-4119703192', 'document': <telegram._files.inputfile.InputFile object at 0x7fedd3031c00>}`]
[2025-01-06 11:39:37,751]: [_trace.py]: atrace: 87:       DEBUG:    [send_request_headers.started request=<Request [b'POST']>]
[2025-01-06 11:39:37,751]: [_trace.py]: atrace: 87:       DEBUG:    [send_request_headers.complete]
[2025-01-06 11:39:37,751]: [_trace.py]: atrace: 87:       DEBUG:    [send_request_body.started request=<Request [b'POST']>]
[2025-01-06 11:39:37,752]: [_trace.py]: atrace: 87:       DEBUG:    [send_request_body.complete]
[2025-01-06 11:39:37,752]: [_trace.py]: atrace: 87:       DEBUG:    [receive_response_headers.started request=<Request [b'POST']>]
[2025-01-06 11:39:37,908]: [_trace.py]: atrace: 87:       DEBUG:    [receive_response_headers.complete return_value=(b'HTTP/1.1', 200, b'OK', [(b'Server', b'nginx/1.18.0'), (b'Date', b'Mon, 06 Jan 2025 11:39:37 GMT'), (b'Content-Type', b'application/json'), (b'Content-Length', b'464'), (b'Connection', b'keep-alive'), (b'Strict-Transport-Security', b'max-age=31536000; includeSubDomains; preload'), (b'Access-Control-Allow-Origin', b'*'), (b'Access-Control-Allow-Methods', b'GET, POST, OPTIONS'), (b'Access-Control-Expose-Headers', b'Content-Length,Content-Type,Date,Server,Connection')])]
[2025-01-06 11:39:37,908]: [_client.py]: _send_single_request: 1740:       INFO:    [HTTP Request: POST https://api.telegram.org/bot6030805959:AAGUHAMxLYc-PrevgKouJ3ZyM7ktu56ftjo/sendDocument "HTTP/1.1 200 OK"]
[2025-01-06 11:39:37,908]: [_trace.py]: atrace: 87:       DEBUG:    [receive_response_body.started request=<Request [b'POST']>]
[2025-01-06 11:39:37,908]: [_trace.py]: atrace: 87:       DEBUG:    [receive_response_body.complete]
[2025-01-06 11:39:37,909]: [_trace.py]: atrace: 87:       DEBUG:    [response_closed.started]
[2025-01-06 11:39:37,909]: [_trace.py]: atrace: 87:       DEBUG:    [response_closed.complete]
[2025-01-06 11:39:37,909]: [_bot.py]: _do_post: 652:       DEBUG:    [Call to Bot API endpoint `sendDocument` finished with return value `{'message_id': 2095, 'from': {'id': 6030805959, 'is_bot': True, 'first_name': 'TyPHoone', 'username': 'TyPHoone_Project_bot'}, 'chat': {'id': -4119703192, 'title': 'Robocop', 'type': 'group', 'all_members_are_administrators': True}, 'date': 1736163577, 'document': {'file_name': '(2025_01_06--11_39).log', 'mime_type': 'text/plain', 'file_id': 'BQACAgQAAxkDAAIIL2d7wPmP-rcgGUl8GYrHKjMkED2eAAKZFAACVY_hU6jdyPIHvmdyNgQ', 'file_unique_id': 'AgADmRQAAlWP4VM', 'file_size': 5937}}`]
[2025-01-06 11:39:37,909]: [_trace.py]: atrace: 87:       DEBUG:    [close.started]
[2025-01-06 11:39:37,909]: [_trace.py]: atrace: 87:       DEBUG:    [close.complete]
[2025-01-06 11:39:37,955]: [_bot.py]: _do_post: 643:       DEBUG:    [Calling Bot API endpoint `getMe` with parameters `{}`]
[2025-01-06 11:39:37,955]: [_trace.py]: atrace: 87:       DEBUG:    [connect_tcp.started host='api.telegram.org' port=443 local_address=None timeout=5.0 socket_options=None]
[2025-01-06 11:39:38,041]: [_trace.py]: atrace: 87:       DEBUG:    [connect_tcp.complete return_value=<httpcore._backends.anyio.AnyIOStream object at 0x7fedd2c7d670>]
[2025-01-06 11:39:38,042]: [_trace.py]: atrace: 87:       DEBUG:    [start_tls.started ssl_context=<ssl.SSLContext object at 0x7fedd330a8d0> server_hostname='api.telegram.org' timeout=5.0]
[2025-01-06 11:39:38,131]: [_trace.py]: atrace: 87:       DEBUG:    [start_tls.complete return_value=<httpcore._backends.anyio.AnyIOStream object at 0x7feddc17f1a0>]
[2025-01-06 11:39:38,131]: [_trace.py]: atrace: 87:       DEBUG:    [send_request_headers.started request=<Request [b'POST']>]
[2025-01-06 11:39:38,132]: [_trace.py]: atrace: 87:       DEBUG:    [send_request_headers.complete]
[2025-01-06 11:39:38,132]: [_trace.py]: atrace: 87:       DEBUG:    [send_request_body.started request=<Request [b'POST']>]
[2025-01-06 11:39:38,132]: [_trace.py]: atrace: 87:       DEBUG:    [send_request_body.complete]
[2025-01-06 11:39:38,132]: [_trace.py]: atrace: 87:       DEBUG:    [receive_response_headers.started request=<Request [b'POST']>]
[2025-01-06 11:39:38,217]: [_trace.py]: atrace: 87:       DEBUG:    [receive_response_headers.complete return_value=(b'HTTP/1.1', 200, b'OK', [(b'Server', b'nginx/1.18.0'), (b'Date', b'Mon, 06 Jan 2025 11:39:38 GMT'), (b'Content-Type', b'application/json'), (b'Content-Length', b'258'), (b'Connection', b'keep-alive'), (b'Strict-Transport-Security', b'max-age=31536000; includeSubDomains; preload'), (b'Access-Control-Allow-Origin', b'*'), (b'Access-Control-Allow-Methods', b'GET, POST, OPTIONS'), (b'Access-Control-Expose-Headers', b'Content-Length,Content-Type,Date,Server,Connection')])]
[2025-01-06 11:39:38,217]: [_client.py]: _send_single_request: 1740:       INFO:    [HTTP Request: POST https://api.telegram.org/bot6030805959:AAGUHAMxLYc-PrevgKouJ3ZyM7ktu56ftjo/getMe "HTTP/1.1 200 OK"]
[2025-01-06 11:39:38,218]: [_trace.py]: atrace: 87:       DEBUG:    [receive_response_body.started request=<Request [b'POST']>]
[2025-01-06 11:39:38,218]: [_trace.py]: atrace: 87:       DEBUG:    [receive_response_body.complete]
[2025-01-06 11:39:38,218]: [_trace.py]: atrace: 87:       DEBUG:    [response_closed.started]
[2025-01-06 11:39:38,218]: [_trace.py]: atrace: 87:       DEBUG:    [response_closed.complete]
[2025-01-06 11:39:38,218]: [_bot.py]: _do_post: 652:       DEBUG:    [Call to Bot API endpoint `getMe` finished with return value `{'id': 6030805959, 'is_bot': True, 'first_name': 'TyPHoone', 'username': 'TyPHoone_Project_bot', 'can_join_groups': True, 'can_read_all_group_messages': False, 'supports_inline_queries': False, 'can_connect_to_business': False, 'has_main_web_app': False}`]
[2025-01-06 11:39:38,221]: [_bot.py]: _do_post: 643:       DEBUG:    [Calling Bot API endpoint `sendDocument` with parameters `{'chat_id': '-4119703192', 'document': <telegram._files.inputfile.InputFile object at 0x7fedd3351180>}`]
[2025-01-06 11:39:38,221]: [_trace.py]: atrace: 87:       DEBUG:    [send_request_headers.started request=<Request [b'POST']>]
[2025-01-06 11:39:38,221]: [_trace.py]: atrace: 87:       DEBUG:    [send_request_headers.complete]
[2025-01-06 11:39:38,221]: [_trace.py]: atrace: 87:       DEBUG:    [send_request_body.started request=<Request [b'POST']>]
[2025-01-06 11:39:39,011]: [_trace.py]: atrace: 87:       DEBUG:    [send_request_body.complete]
[2025-01-06 11:39:39,011]: [_trace.py]: atrace: 87:       DEBUG:    [receive_response_headers.started request=<Request [b'POST']>]
[2025-01-06 11:39:39,966]: [_trace.py]: atrace: 87:       DEBUG:    [receive_response_headers.complete return_value=(b'HTTP/1.1', 200, b'OK', [(b'Server', b'nginx/1.18.0'), (b'Date', b'Mon, 06 Jan 2025 11:39:39 GMT'), (b'Content-Type', b'application/json'), (b'Content-Length', b'478'), (b'Connection', b'keep-alive'), (b'Strict-Transport-Security', b'max-age=31536000; includeSubDomains; preload'), (b'Access-Control-Allow-Origin', b'*'), (b'Access-Control-Allow-Methods', b'GET, POST, OPTIONS'), (b'Access-Control-Expose-Headers', b'Content-Length,Content-Type,Date,Server,Connection')])]
[2025-01-06 11:39:39,966]: [_client.py]: _send_single_request: 1740:       INFO:    [HTTP Request: POST https://api.telegram.org/bot6030805959:AAGUHAMxLYc-PrevgKouJ3ZyM7ktu56ftjo/sendDocument "HTTP/1.1 200 OK"]
[2025-01-06 11:39:39,966]: [_trace.py]: atrace: 87:       DEBUG:    [receive_response_body.started request=<Request [b'POST']>]
[2025-01-06 11:39:39,966]: [_trace.py]: atrace: 87:       DEBUG:    [receive_response_body.complete]
[2025-01-06 11:39:39,966]: [_trace.py]: atrace: 87:       DEBUG:    [response_closed.started]
[2025-01-06 11:39:39,966]: [_trace.py]: atrace: 87:       DEBUG:    [response_closed.complete]
[2025-01-06 11:39:39,966]: [_bot.py]: _do_post: 652:       DEBUG:    [Call to Bot API endpoint `sendDocument` finished with return value `{'message_id': 2096, 'from': {'id': 6030805959, 'is_bot': True, 'first_name': 'TyPHoone', 'username': 'TyPHoone_Project_bot'}, 'chat': {'id': -4119703192, 'title': 'Robocop', 'type': 'group', 'all_members_are_administrators': True}, 'date': 1736163579, 'document': {'file_name': '(2025_01_06--11_39)output.zip', 'mime_type': 'application/zip', 'file_id': 'BQACAgQAAxkDAAIIMGd7wPvVrNFRCCH24iKHcCAu7BlXAAKaFAACVY_hU9kttsieDtYpNgQ', 'file_unique_id': 'AgADmhQAAlWP4VM', 'file_size': 9786980}}`]
[2025-01-06 11:39:39,967]: [_trace.py]: atrace: 87:       DEBUG:    [close.started]
[2025-01-06 11:39:39,967]: [_trace.py]: atrace: 87:       DEBUG:    [close.complete]
[2025-01-06 11:39:39,967]: [Telegram_Sender.py]: runner: 61:       INFO:    [sent successfully]
[2025-01-06 11:39:39,968]: [Main.py]: <module>: 48:       INFO:    [Finished]
