[2024-11-08 11:38:44,254]: [Main.py]: <module>: 21:       INFO:    [Started]
[2024-11-08 11:38:45,777]: [Iron_Scraper.py]: Scrap: 32:       INFO:    [Data Scaraped Successfully]
[2024-11-08 11:38:45,971]: [Iron_Scraper.py]: Scrap: 70:       INFO:    [Scrapped Data Has No Problem]
[2024-11-08 11:38:45,971]: [Iron_Scraper.py]: Scrap: 83:       INFO:    [Data Saved Successfully]
[2024-11-08 11:38:45,971]: [Iron.py]: Run: 26:       INFO:    [Scraping Phase Completed]
[2024-11-08 11:38:45,971]: [Iron_Data_Processor.py]: Data_Reader: 61:       INFO:    [Data File Has Been Red Successfully]
[2024-11-08 11:38:45,972]: [Iron_Data_Processor.py]: Shaper: 78:       INFO:    [Data Shaped]
[2024-11-08 11:38:45,972]: [Iron_Data_Processor.py]: Process: 228:       INFO:    [Data Cleaned]
[2024-11-08 11:38:45,972]: [Iron_Data_Processor.py]: Make_Pages_Objects: 101:       INFO:    [Page Objects Has Been Made]
[2024-11-08 11:38:45,972]: [Iron_Data_Processor.py]: Make_Pages_Objects: 101:       INFO:    [Page Objects Has Been Made]
[2024-11-08 11:38:45,972]: [Iron_Data_Processor.py]: Load_Data: 118:       INFO:    [Data Has Been Load]
[2024-11-08 11:38:45,972]: [Iron_Data_Processor.py]: Load_Data: 118:       INFO:    [Data Has Been Load]
[2024-11-08 11:38:45,972]: [Iron_Data_Processor.py]: Load_positions: 140:       INFO:    [Positions Are Ready]
[2024-11-08 11:38:45,973]: [Iron_Data_Processor.py]: Load_positions: 140:       INFO:    [Positions Are Ready]
[2024-11-08 11:38:47,100]: [Iron_Data_Processor.py]: Make_Tagged_Images: 193:       INFO:    [Images Has Been Made]
[2024-11-08 11:38:48,057]: [Iron_Data_Processor.py]: Make_Tagged_Images: 193:       INFO:    [Images Has Been Made]
[2024-11-08 11:38:48,312]: [Iron_Data_Processor.py]: Make_Cover_Page: 215:       INFO:    [Made Cover Pages]
[2024-11-08 11:38:48,313]: [Iron.py]: Run: 29:       INFO:    [Imagination Phase Completed]
[2024-11-08 11:38:51,601]: [Phone_Scraper.py]: Scrap: 58:       INFO:    [Data Scraped]
[2024-11-08 11:38:51,602]: [Phone_Scraper.py]: Scrap: 71:       INFO:    [Scraped Data Successfully]
[2024-11-08 11:38:51,602]: [Phone.py]: Run: 26:       INFO:    [Scraping Phase Complete]
[2024-11-08 11:38:51,602]: [Phone_Data_Processor.py]: data_reader: 38:       INFO:    [Scraped Data Loaded]
[2024-11-08 11:38:51,603]: [Phone_Data_Processor.py]: filter_list: 65:       INFO:    [Persian Phrases Are deleted]
[2024-11-08 11:38:51,604]: [Phone_Data_Processor.py]: reshape_list: 87:       INFO:    [Date Reshaped]
[2024-11-08 11:38:51,604]: [Phone_Data_Processor.py]: separate_brands: 124:       INFO:    [Brands Are Separated]
[2024-11-08 11:38:51,605]: [Phone_Data_Processor.py]: delete_extra_spaces: 141:       INFO:    [Extra Spaces Are Deleted]
[2024-11-08 11:38:52,372]: [Phone.py]: Run: 29:       INFO:    [Imagination Phase Complete]
[2024-11-08 11:38:52,372]: [selector_events.py]: __init__: 64:       DEBUG:    [Using selector: EpollSelector]
[2024-11-08 11:38:52,712]: [_bot.py]: _do_post: 643:       DEBUG:    [Calling Bot API endpoint `getMe` with parameters `{}`]
[2024-11-08 11:38:52,718]: [_trace.py]: atrace: 85:       DEBUG:    [connect_tcp.started host='api.telegram.org' port=443 local_address=None timeout=5.0 socket_options=None]
[2024-11-08 11:38:52,837]: [_trace.py]: atrace: 85:       DEBUG:    [connect_tcp.complete return_value=<httpcore._backends.anyio.AnyIOStream object at 0x7fcd0c3c3f80>]
[2024-11-08 11:38:52,837]: [_trace.py]: atrace: 85:       DEBUG:    [start_tls.started ssl_context=<ssl.SSLContext object at 0x7fcd0cc47b50> server_hostname='api.telegram.org' timeout=5.0]
[2024-11-08 11:38:52,928]: [_trace.py]: atrace: 85:       DEBUG:    [start_tls.complete return_value=<httpcore._backends.anyio.AnyIOStream object at 0x7fcd0cdebf50>]
[2024-11-08 11:38:52,928]: [_trace.py]: atrace: 85:       DEBUG:    [send_request_headers.started request=<Request [b'POST']>]
[2024-11-08 11:38:52,929]: [_trace.py]: atrace: 85:       DEBUG:    [send_request_headers.complete]
[2024-11-08 11:38:52,929]: [_trace.py]: atrace: 85:       DEBUG:    [send_request_body.started request=<Request [b'POST']>]
[2024-11-08 11:38:52,929]: [_trace.py]: atrace: 85:       DEBUG:    [send_request_body.complete]
[2024-11-08 11:38:52,929]: [_trace.py]: atrace: 85:       DEBUG:    [receive_response_headers.started request=<Request [b'POST']>]
[2024-11-08 11:38:53,015]: [_trace.py]: atrace: 85:       DEBUG:    [receive_response_headers.complete return_value=(b'HTTP/1.1', 200, b'OK', [(b'Server', b'nginx/1.18.0'), (b'Date', b'Fri, 08 Nov 2024 11:38:52 GMT'), (b'Content-Type', b'application/json'), (b'Content-Length', b'258'), (b'Connection', b'keep-alive'), (b'Strict-Transport-Security', b'max-age=31536000; includeSubDomains; preload'), (b'Access-Control-Allow-Origin', b'*'), (b'Access-Control-Allow-Methods', b'GET, POST, OPTIONS'), (b'Access-Control-Expose-Headers', b'Content-Length,Content-Type,Date,Server,Connection')])]
[2024-11-08 11:38:53,015]: [_client.py]: _send_single_request: 1786:       INFO:    [HTTP Request: POST https://api.telegram.org/bot6030805959:AAGUHAMxLYc-PrevgKouJ3ZyM7ktu56ftjo/getMe "HTTP/1.1 200 OK"]
[2024-11-08 11:38:53,015]: [_trace.py]: atrace: 85:       DEBUG:    [receive_response_body.started request=<Request [b'POST']>]
[2024-11-08 11:38:53,015]: [_trace.py]: atrace: 85:       DEBUG:    [receive_response_body.complete]
[2024-11-08 11:38:53,016]: [_trace.py]: atrace: 85:       DEBUG:    [response_closed.started]
[2024-11-08 11:38:53,016]: [_trace.py]: atrace: 85:       DEBUG:    [response_closed.complete]
[2024-11-08 11:38:53,016]: [_bot.py]: _do_post: 652:       DEBUG:    [Call to Bot API endpoint `getMe` finished with return value `{'id': 6030805959, 'is_bot': True, 'first_name': 'TyPHoone', 'username': 'TyPHoone_Project_bot', 'can_join_groups': True, 'can_read_all_group_messages': False, 'supports_inline_queries': False, 'can_connect_to_business': False, 'has_main_web_app': False}`]
[2024-11-08 11:38:53,019]: [_bot.py]: _do_post: 643:       DEBUG:    [Calling Bot API endpoint `sendDocument` with parameters `{'chat_id': '-4119703192', 'document': <telegram._files.inputfile.InputFile object at 0x7fcd0c28ec40>}`]
[2024-11-08 11:38:53,020]: [_trace.py]: atrace: 85:       DEBUG:    [send_request_headers.started request=<Request [b'POST']>]
[2024-11-08 11:38:53,020]: [_trace.py]: atrace: 85:       DEBUG:    [send_request_headers.complete]
[2024-11-08 11:38:53,020]: [_trace.py]: atrace: 85:       DEBUG:    [send_request_body.started request=<Request [b'POST']>]
[2024-11-08 11:38:53,021]: [_trace.py]: atrace: 85:       DEBUG:    [send_request_body.complete]
[2024-11-08 11:38:53,021]: [_trace.py]: atrace: 85:       DEBUG:    [receive_response_headers.started request=<Request [b'POST']>]
[2024-11-08 11:38:53,249]: [_trace.py]: atrace: 85:       DEBUG:    [receive_response_headers.complete return_value=(b'HTTP/1.1', 200, b'OK', [(b'Server', b'nginx/1.18.0'), (b'Date', b'Fri, 08 Nov 2024 11:38:53 GMT'), (b'Content-Type', b'application/json'), (b'Content-Length', b'464'), (b'Connection', b'keep-alive'), (b'Strict-Transport-Security', b'max-age=31536000; includeSubDomains; preload'), (b'Access-Control-Allow-Origin', b'*'), (b'Access-Control-Allow-Methods', b'GET, POST, OPTIONS'), (b'Access-Control-Expose-Headers', b'Content-Length,Content-Type,Date,Server,Connection')])]
[2024-11-08 11:38:53,250]: [_client.py]: _send_single_request: 1786:       INFO:    [HTTP Request: POST https://api.telegram.org/bot6030805959:AAGUHAMxLYc-PrevgKouJ3ZyM7ktu56ftjo/sendDocument "HTTP/1.1 200 OK"]
[2024-11-08 11:38:53,250]: [_trace.py]: atrace: 85:       DEBUG:    [receive_response_body.started request=<Request [b'POST']>]
[2024-11-08 11:38:53,250]: [_trace.py]: atrace: 85:       DEBUG:    [receive_response_body.complete]
[2024-11-08 11:38:53,250]: [_trace.py]: atrace: 85:       DEBUG:    [response_closed.started]
[2024-11-08 11:38:53,250]: [_trace.py]: atrace: 85:       DEBUG:    [response_closed.complete]
[2024-11-08 11:38:53,251]: [_bot.py]: _do_post: 652:       DEBUG:    [Call to Bot API endpoint `sendDocument` finished with return value `{'message_id': 1976, 'from': {'id': 6030805959, 'is_bot': True, 'first_name': 'TyPHoone', 'username': 'TyPHoone_Project_bot'}, 'chat': {'id': -4119703192, 'title': 'Robocop', 'type': 'group', 'all_members_are_administrators': True}, 'date': 1731065933, 'document': {'file_name': '(2024_11_08--11_38).log', 'mime_type': 'text/plain', 'file_id': 'BQACAgQAAxkDAAIHuGct-E0y6NBroYyB7Q4MnuStOovfAALaGAACdV1wUfLEY9s3BUi0NgQ', 'file_unique_id': 'AgAD2hgAAnVdcFE', 'file_size': 5937}}`]
[2024-11-08 11:38:53,251]: [_trace.py]: atrace: 85:       DEBUG:    [close.started]
[2024-11-08 11:38:53,251]: [_trace.py]: atrace: 85:       DEBUG:    [close.complete]
[2024-11-08 11:38:53,251]: [_config.py]: load_ssl_context: 82:       DEBUG:    [load_ssl_context verify=True cert=None trust_env=True http2=False]
[2024-11-08 11:38:53,252]: [_config.py]: load_ssl_context_verify: 148:       DEBUG:    [load_verify_locations cafile='/opt/hostedtoolcache/Python/3.12.7/x64/lib/python3.12/site-packages/certifi/cacert.pem']
[2024-11-08 11:38:53,282]: [_config.py]: load_ssl_context: 82:       DEBUG:    [load_ssl_context verify=True cert=None trust_env=True http2=False]
[2024-11-08 11:38:53,283]: [_config.py]: load_ssl_context_verify: 148:       DEBUG:    [load_verify_locations cafile='/opt/hostedtoolcache/Python/3.12.7/x64/lib/python3.12/site-packages/certifi/cacert.pem']
[2024-11-08 11:38:53,311]: [_bot.py]: _do_post: 643:       DEBUG:    [Calling Bot API endpoint `getMe` with parameters `{}`]
[2024-11-08 11:38:53,312]: [_trace.py]: atrace: 85:       DEBUG:    [connect_tcp.started host='api.telegram.org' port=443 local_address=None timeout=5.0 socket_options=None]
[2024-11-08 11:38:53,400]: [_trace.py]: atrace: 85:       DEBUG:    [connect_tcp.complete return_value=<httpcore._backends.anyio.AnyIOStream object at 0x7fcd0c299580>]
[2024-11-08 11:38:53,400]: [_trace.py]: atrace: 85:       DEBUG:    [start_tls.started ssl_context=<ssl.SSLContext object at 0x7fcd0cc47950> server_hostname='api.telegram.org' timeout=5.0]
[2024-11-08 11:38:53,487]: [_trace.py]: atrace: 85:       DEBUG:    [start_tls.complete return_value=<httpcore._backends.anyio.AnyIOStream object at 0x7fcd0cfb3170>]
[2024-11-08 11:38:53,487]: [_trace.py]: atrace: 85:       DEBUG:    [send_request_headers.started request=<Request [b'POST']>]
[2024-11-08 11:38:53,487]: [_trace.py]: atrace: 85:       DEBUG:    [send_request_headers.complete]
[2024-11-08 11:38:53,488]: [_trace.py]: atrace: 85:       DEBUG:    [send_request_body.started request=<Request [b'POST']>]
[2024-11-08 11:38:53,488]: [_trace.py]: atrace: 85:       DEBUG:    [send_request_body.complete]
[2024-11-08 11:38:53,488]: [_trace.py]: atrace: 85:       DEBUG:    [receive_response_headers.started request=<Request [b'POST']>]
[2024-11-08 11:38:53,574]: [_trace.py]: atrace: 85:       DEBUG:    [receive_response_headers.complete return_value=(b'HTTP/1.1', 200, b'OK', [(b'Server', b'nginx/1.18.0'), (b'Date', b'Fri, 08 Nov 2024 11:38:53 GMT'), (b'Content-Type', b'application/json'), (b'Content-Length', b'258'), (b'Connection', b'keep-alive'), (b'Strict-Transport-Security', b'max-age=31536000; includeSubDomains; preload'), (b'Access-Control-Allow-Origin', b'*'), (b'Access-Control-Allow-Methods', b'GET, POST, OPTIONS'), (b'Access-Control-Expose-Headers', b'Content-Length,Content-Type,Date,Server,Connection')])]
[2024-11-08 11:38:53,574]: [_client.py]: _send_single_request: 1786:       INFO:    [HTTP Request: POST https://api.telegram.org/bot6030805959:AAGUHAMxLYc-PrevgKouJ3ZyM7ktu56ftjo/getMe "HTTP/1.1 200 OK"]
[2024-11-08 11:38:53,574]: [_trace.py]: atrace: 85:       DEBUG:    [receive_response_body.started request=<Request [b'POST']>]
[2024-11-08 11:38:53,574]: [_trace.py]: atrace: 85:       DEBUG:    [receive_response_body.complete]
[2024-11-08 11:38:53,574]: [_trace.py]: atrace: 85:       DEBUG:    [response_closed.started]
[2024-11-08 11:38:53,574]: [_trace.py]: atrace: 85:       DEBUG:    [response_closed.complete]
[2024-11-08 11:38:53,575]: [_bot.py]: _do_post: 652:       DEBUG:    [Call to Bot API endpoint `getMe` finished with return value `{'id': 6030805959, 'is_bot': True, 'first_name': 'TyPHoone', 'username': 'TyPHoone_Project_bot', 'can_join_groups': True, 'can_read_all_group_messages': False, 'supports_inline_queries': False, 'can_connect_to_business': False, 'has_main_web_app': False}`]
[2024-11-08 11:38:53,577]: [_bot.py]: _do_post: 643:       DEBUG:    [Calling Bot API endpoint `sendDocument` with parameters `{'chat_id': '-4119703192', 'document': <telegram._files.inputfile.InputFile object at 0x7fcd1b902180>}`]
[2024-11-08 11:38:53,578]: [_trace.py]: atrace: 85:       DEBUG:    [send_request_headers.started request=<Request [b'POST']>]
[2024-11-08 11:38:53,578]: [_trace.py]: atrace: 85:       DEBUG:    [send_request_headers.complete]
[2024-11-08 11:38:53,578]: [_trace.py]: atrace: 85:       DEBUG:    [send_request_body.started request=<Request [b'POST']>]
[2024-11-08 11:38:54,428]: [_trace.py]: atrace: 85:       DEBUG:    [send_request_body.complete]
[2024-11-08 11:38:54,428]: [_trace.py]: atrace: 85:       DEBUG:    [receive_response_headers.started request=<Request [b'POST']>]
[2024-11-08 11:38:55,301]: [_trace.py]: atrace: 85:       DEBUG:    [receive_response_headers.complete return_value=(b'HTTP/1.1', 200, b'OK', [(b'Server', b'nginx/1.18.0'), (b'Date', b'Fri, 08 Nov 2024 11:38:55 GMT'), (b'Content-Type', b'application/json'), (b'Content-Length', b'479'), (b'Connection', b'keep-alive'), (b'Strict-Transport-Security', b'max-age=31536000; includeSubDomains; preload'), (b'Access-Control-Allow-Origin', b'*'), (b'Access-Control-Allow-Methods', b'GET, POST, OPTIONS'), (b'Access-Control-Expose-Headers', b'Content-Length,Content-Type,Date,Server,Connection')])]
[2024-11-08 11:38:55,302]: [_client.py]: _send_single_request: 1786:       INFO:    [HTTP Request: POST https://api.telegram.org/bot6030805959:AAGUHAMxLYc-PrevgKouJ3ZyM7ktu56ftjo/sendDocument "HTTP/1.1 200 OK"]
[2024-11-08 11:38:55,302]: [_trace.py]: atrace: 85:       DEBUG:    [receive_response_body.started request=<Request [b'POST']>]
[2024-11-08 11:38:55,302]: [_trace.py]: atrace: 85:       DEBUG:    [receive_response_body.complete]
[2024-11-08 11:38:55,302]: [_trace.py]: atrace: 85:       DEBUG:    [response_closed.started]
[2024-11-08 11:38:55,302]: [_trace.py]: atrace: 85:       DEBUG:    [response_closed.complete]
[2024-11-08 11:38:55,302]: [_bot.py]: _do_post: 652:       DEBUG:    [Call to Bot API endpoint `sendDocument` finished with return value `{'message_id': 1977, 'from': {'id': 6030805959, 'is_bot': True, 'first_name': 'TyPHoone', 'username': 'TyPHoone_Project_bot'}, 'chat': {'id': -4119703192, 'title': 'Robocop', 'type': 'group', 'all_members_are_administrators': True}, 'date': 1731065935, 'document': {'file_name': '(2024_11_08--11_38)output.zip', 'mime_type': 'application/zip', 'file_id': 'BQACAgQAAxkDAAIHuWct-E7s_46CwJ5TH75s_FxEJzWlAALbGAACdV1wUdq2SHVJvDkYNgQ', 'file_unique_id': 'AgAD2xgAAnVdcFE', 'file_size': 10160208}}`]
[2024-11-08 11:38:55,303]: [_trace.py]: atrace: 85:       DEBUG:    [close.started]
[2024-11-08 11:38:55,303]: [_trace.py]: atrace: 85:       DEBUG:    [close.complete]
[2024-11-08 11:38:55,303]: [Telegram_Sender.py]: runner: 61:       INFO:    [sent successfully]
[2024-11-08 11:38:55,304]: [Main.py]: <module>: 48:       INFO:    [Finished]
