[2024-07-31 11:38:49,754]: [Main.py]: <module>: 21:       INFO:    [Started]
[2024-07-31 11:38:51,328]: [Iron_Scraper.py]: Scrap: 32:       INFO:    [Data Scaraped Successfully]
[2024-07-31 11:38:51,517]: [Iron_Scraper.py]: Scrap: 70:       INFO:    [Scrapped Data Has No Problem]
[2024-07-31 11:38:51,517]: [Iron_Scraper.py]: Scrap: 83:       INFO:    [Data Saved Successfully]
[2024-07-31 11:38:51,518]: [Iron.py]: Run: 26:       INFO:    [Scraping Phase Completed]
[2024-07-31 11:38:51,518]: [Iron_Data_Processor.py]: Data_Reader: 61:       INFO:    [Data File Has Been Red Successfully]
[2024-07-31 11:38:51,518]: [Iron_Data_Processor.py]: Shaper: 78:       INFO:    [Data Shaped]
[2024-07-31 11:38:51,518]: [Iron_Data_Processor.py]: Process: 228:       INFO:    [Data Cleaned]
[2024-07-31 11:38:51,518]: [Iron_Data_Processor.py]: Make_Pages_Objects: 101:       INFO:    [Page Objects Has Been Made]
[2024-07-31 11:38:51,518]: [Iron_Data_Processor.py]: Make_Pages_Objects: 101:       INFO:    [Page Objects Has Been Made]
[2024-07-31 11:38:51,519]: [Iron_Data_Processor.py]: Load_Data: 118:       INFO:    [Data Has Been Load]
[2024-07-31 11:38:51,519]: [Iron_Data_Processor.py]: Load_Data: 118:       INFO:    [Data Has Been Load]
[2024-07-31 11:38:51,519]: [Iron_Data_Processor.py]: Load_positions: 140:       INFO:    [Positions Are Ready]
[2024-07-31 11:38:51,519]: [Iron_Data_Processor.py]: Load_positions: 140:       INFO:    [Positions Are Ready]
[2024-07-31 11:38:52,646]: [Iron_Data_Processor.py]: Make_Tagged_Images: 193:       INFO:    [Images Has Been Made]
[2024-07-31 11:38:53,606]: [Iron_Data_Processor.py]: Make_Tagged_Images: 193:       INFO:    [Images Has Been Made]
[2024-07-31 11:38:53,862]: [Iron_Data_Processor.py]: Make_Cover_Page: 215:       INFO:    [Made Cover Pages]
[2024-07-31 11:38:53,862]: [Iron.py]: Run: 29:       INFO:    [Imagination Phase Completed]
[2024-07-31 11:39:01,500]: [Phone_Scraper.py]: Scrap: 58:       INFO:    [Data Scraped]
[2024-07-31 11:39:01,501]: [Phone_Scraper.py]: Scrap: 71:       INFO:    [Scraped Data Successfully]
[2024-07-31 11:39:01,501]: [Phone.py]: Run: 26:       INFO:    [Scraping Phase Complete]
[2024-07-31 11:39:01,501]: [Phone_Data_Processor.py]: data_reader: 38:       INFO:    [Scraped Data Loaded]
[2024-07-31 11:39:01,502]: [Phone_Data_Processor.py]: filter_list: 65:       INFO:    [Persian Phrases Are deleted]
[2024-07-31 11:39:01,503]: [Phone_Data_Processor.py]: reshape_list: 87:       INFO:    [Date Reshaped]
[2024-07-31 11:39:01,503]: [Phone_Data_Processor.py]: separate_brands: 124:       INFO:    [Brands Are Separated]
[2024-07-31 11:39:01,503]: [Phone_Data_Processor.py]: delete_extra_spaces: 141:       INFO:    [Extra Spaces Are Deleted]
[2024-07-31 11:39:02,264]: [Phone.py]: Run: 29:       INFO:    [Imagination Phase Complete]
[2024-07-31 11:39:02,264]: [selector_events.py]: __init__: 64:       DEBUG:    [Using selector: EpollSelector]
[2024-07-31 11:39:02,605]: [_bot.py]: _do_post: 643:       DEBUG:    [Calling Bot API endpoint `getMe` with parameters `{}`]
[2024-07-31 11:39:02,609]: [_trace.py]: atrace: 85:       DEBUG:    [connect_tcp.started host='api.telegram.org' port=443 local_address=None timeout=5.0 socket_options=None]
[2024-07-31 11:39:02,743]: [_trace.py]: atrace: 85:       DEBUG:    [connect_tcp.complete return_value=<httpcore._backends.anyio.AnyIOStream object at 0x7fadb49edca0>]
[2024-07-31 11:39:02,743]: [_trace.py]: atrace: 85:       DEBUG:    [start_tls.started ssl_context=<ssl.SSLContext object at 0x7fadb4842a50> server_hostname='api.telegram.org' timeout=5.0]
[2024-07-31 11:39:02,833]: [_trace.py]: atrace: 85:       DEBUG:    [start_tls.complete return_value=<httpcore._backends.anyio.AnyIOStream object at 0x7fadb4836780>]
[2024-07-31 11:39:02,833]: [_trace.py]: atrace: 85:       DEBUG:    [send_request_headers.started request=<Request [b'POST']>]
[2024-07-31 11:39:02,834]: [_trace.py]: atrace: 85:       DEBUG:    [send_request_headers.complete]
[2024-07-31 11:39:02,834]: [_trace.py]: atrace: 85:       DEBUG:    [send_request_body.started request=<Request [b'POST']>]
[2024-07-31 11:39:02,834]: [_trace.py]: atrace: 85:       DEBUG:    [send_request_body.complete]
[2024-07-31 11:39:02,834]: [_trace.py]: atrace: 85:       DEBUG:    [receive_response_headers.started request=<Request [b'POST']>]
[2024-07-31 11:39:02,944]: [_trace.py]: atrace: 85:       DEBUG:    [receive_response_headers.complete return_value=(b'HTTP/1.1', 200, b'OK', [(b'Server', b'nginx/1.18.0'), (b'Date', b'Wed, 31 Jul 2024 11:39:02 GMT'), (b'Content-Type', b'application/json'), (b'Content-Length', b'258'), (b'Connection', b'keep-alive'), (b'Strict-Transport-Security', b'max-age=31536000; includeSubDomains; preload'), (b'Access-Control-Allow-Origin', b'*'), (b'Access-Control-Allow-Methods', b'GET, POST, OPTIONS'), (b'Access-Control-Expose-Headers', b'Content-Length,Content-Type,Date,Server,Connection')])]
[2024-07-31 11:39:02,945]: [_client.py]: _send_single_request: 1773:       INFO:    [HTTP Request: POST https://api.telegram.org/bot6030805959:AAGUHAMxLYc-PrevgKouJ3ZyM7ktu56ftjo/getMe "HTTP/1.1 200 OK"]
[2024-07-31 11:39:02,945]: [_trace.py]: atrace: 85:       DEBUG:    [receive_response_body.started request=<Request [b'POST']>]
[2024-07-31 11:39:02,945]: [_trace.py]: atrace: 85:       DEBUG:    [receive_response_body.complete]
[2024-07-31 11:39:02,945]: [_trace.py]: atrace: 85:       DEBUG:    [response_closed.started]
[2024-07-31 11:39:02,945]: [_trace.py]: atrace: 85:       DEBUG:    [response_closed.complete]
[2024-07-31 11:39:02,945]: [_bot.py]: _do_post: 652:       DEBUG:    [Call to Bot API endpoint `getMe` finished with return value `{'id': 6030805959, 'is_bot': True, 'first_name': 'TyPHoone', 'username': 'TyPHoone_Project_bot', 'can_join_groups': True, 'can_read_all_group_messages': False, 'supports_inline_queries': False, 'can_connect_to_business': False, 'has_main_web_app': False}`]
[2024-07-31 11:39:02,949]: [_bot.py]: _do_post: 643:       DEBUG:    [Calling Bot API endpoint `sendDocument` with parameters `{'chat_id': '-4119703192', 'document': <telegram._files.inputfile.InputFile object at 0x7fadb4160e80>}`]
[2024-07-31 11:39:02,949]: [_trace.py]: atrace: 85:       DEBUG:    [send_request_headers.started request=<Request [b'POST']>]
[2024-07-31 11:39:02,949]: [_trace.py]: atrace: 85:       DEBUG:    [send_request_headers.complete]
[2024-07-31 11:39:02,949]: [_trace.py]: atrace: 85:       DEBUG:    [send_request_body.started request=<Request [b'POST']>]
[2024-07-31 11:39:02,950]: [_trace.py]: atrace: 85:       DEBUG:    [send_request_body.complete]
[2024-07-31 11:39:02,950]: [_trace.py]: atrace: 85:       DEBUG:    [receive_response_headers.started request=<Request [b'POST']>]
[2024-07-31 11:39:03,262]: [_trace.py]: atrace: 85:       DEBUG:    [receive_response_headers.complete return_value=(b'HTTP/1.1', 200, b'OK', [(b'Server', b'nginx/1.18.0'), (b'Date', b'Wed, 31 Jul 2024 11:39:03 GMT'), (b'Content-Type', b'application/json'), (b'Content-Length', b'464'), (b'Connection', b'keep-alive'), (b'Strict-Transport-Security', b'max-age=31536000; includeSubDomains; preload'), (b'Access-Control-Allow-Origin', b'*'), (b'Access-Control-Allow-Methods', b'GET, POST, OPTIONS'), (b'Access-Control-Expose-Headers', b'Content-Length,Content-Type,Date,Server,Connection')])]
[2024-07-31 11:39:03,263]: [_client.py]: _send_single_request: 1773:       INFO:    [HTTP Request: POST https://api.telegram.org/bot6030805959:AAGUHAMxLYc-PrevgKouJ3ZyM7ktu56ftjo/sendDocument "HTTP/1.1 200 OK"]
[2024-07-31 11:39:03,263]: [_trace.py]: atrace: 85:       DEBUG:    [receive_response_body.started request=<Request [b'POST']>]
[2024-07-31 11:39:03,263]: [_trace.py]: atrace: 85:       DEBUG:    [receive_response_body.complete]
[2024-07-31 11:39:03,263]: [_trace.py]: atrace: 85:       DEBUG:    [response_closed.started]
[2024-07-31 11:39:03,263]: [_trace.py]: atrace: 85:       DEBUG:    [response_closed.complete]
[2024-07-31 11:39:03,263]: [_bot.py]: _do_post: 652:       DEBUG:    [Call to Bot API endpoint `sendDocument` finished with return value `{'message_id': 1775, 'from': {'id': 6030805959, 'is_bot': True, 'first_name': 'TyPHoone', 'username': 'TyPHoone_Project_bot'}, 'chat': {'id': -4119703192, 'title': 'Robocop', 'type': 'group', 'all_members_are_administrators': True}, 'date': 1722425943, 'document': {'file_name': '(2024_07_31--11_38).log', 'mime_type': 'text/plain', 'file_id': 'BQACAgQAAxkDAAIG72aqIld8wQHqvHTdaQsY0pudmEnUAAKSFAAC4_BQUYzRPQKOdFHQNQQ', 'file_unique_id': 'AgADkhQAAuPwUFE', 'file_size': 5937}}`]
[2024-07-31 11:39:03,264]: [_trace.py]: atrace: 85:       DEBUG:    [close.started]
[2024-07-31 11:39:03,264]: [_trace.py]: atrace: 85:       DEBUG:    [close.complete]
[2024-07-31 11:39:03,264]: [_config.py]: load_ssl_context: 80:       DEBUG:    [load_ssl_context verify=True cert=None trust_env=True http2=False]
[2024-07-31 11:39:03,265]: [_config.py]: load_ssl_context_verify: 146:       DEBUG:    [load_verify_locations cafile='/opt/hostedtoolcache/Python/3.12.4/x64/lib/python3.12/site-packages/certifi/cacert.pem']
[2024-07-31 11:39:03,291]: [_config.py]: load_ssl_context: 80:       DEBUG:    [load_ssl_context verify=True cert=None trust_env=True http2=False]
[2024-07-31 11:39:03,291]: [_config.py]: load_ssl_context_verify: 146:       DEBUG:    [load_verify_locations cafile='/opt/hostedtoolcache/Python/3.12.4/x64/lib/python3.12/site-packages/certifi/cacert.pem']
[2024-07-31 11:39:03,317]: [_bot.py]: _do_post: 643:       DEBUG:    [Calling Bot API endpoint `getMe` with parameters `{}`]
[2024-07-31 11:39:03,317]: [_trace.py]: atrace: 85:       DEBUG:    [connect_tcp.started host='api.telegram.org' port=443 local_address=None timeout=5.0 socket_options=None]
[2024-07-31 11:39:03,408]: [_trace.py]: atrace: 85:       DEBUG:    [connect_tcp.complete return_value=<httpcore._backends.anyio.AnyIOStream object at 0x7fadb4377740>]
[2024-07-31 11:39:03,408]: [_trace.py]: atrace: 85:       DEBUG:    [start_tls.started ssl_context=<ssl.SSLContext object at 0x7fadb4842850> server_hostname='api.telegram.org' timeout=5.0]
[2024-07-31 11:39:03,499]: [_trace.py]: atrace: 85:       DEBUG:    [start_tls.complete return_value=<httpcore._backends.anyio.AnyIOStream object at 0x7fadb3f7a270>]
[2024-07-31 11:39:03,499]: [_trace.py]: atrace: 85:       DEBUG:    [send_request_headers.started request=<Request [b'POST']>]
[2024-07-31 11:39:03,499]: [_trace.py]: atrace: 85:       DEBUG:    [send_request_headers.complete]
[2024-07-31 11:39:03,499]: [_trace.py]: atrace: 85:       DEBUG:    [send_request_body.started request=<Request [b'POST']>]
[2024-07-31 11:39:03,499]: [_trace.py]: atrace: 85:       DEBUG:    [send_request_body.complete]
[2024-07-31 11:39:03,499]: [_trace.py]: atrace: 85:       DEBUG:    [receive_response_headers.started request=<Request [b'POST']>]
[2024-07-31 11:39:03,588]: [_trace.py]: atrace: 85:       DEBUG:    [receive_response_headers.complete return_value=(b'HTTP/1.1', 200, b'OK', [(b'Server', b'nginx/1.18.0'), (b'Date', b'Wed, 31 Jul 2024 11:39:03 GMT'), (b'Content-Type', b'application/json'), (b'Content-Length', b'258'), (b'Connection', b'keep-alive'), (b'Strict-Transport-Security', b'max-age=31536000; includeSubDomains; preload'), (b'Access-Control-Allow-Origin', b'*'), (b'Access-Control-Allow-Methods', b'GET, POST, OPTIONS'), (b'Access-Control-Expose-Headers', b'Content-Length,Content-Type,Date,Server,Connection')])]
[2024-07-31 11:39:03,588]: [_client.py]: _send_single_request: 1773:       INFO:    [HTTP Request: POST https://api.telegram.org/bot6030805959:AAGUHAMxLYc-PrevgKouJ3ZyM7ktu56ftjo/getMe "HTTP/1.1 200 OK"]
[2024-07-31 11:39:03,588]: [_trace.py]: atrace: 85:       DEBUG:    [receive_response_body.started request=<Request [b'POST']>]
[2024-07-31 11:39:03,588]: [_trace.py]: atrace: 85:       DEBUG:    [receive_response_body.complete]
[2024-07-31 11:39:03,589]: [_trace.py]: atrace: 85:       DEBUG:    [response_closed.started]
[2024-07-31 11:39:03,589]: [_trace.py]: atrace: 85:       DEBUG:    [response_closed.complete]
[2024-07-31 11:39:03,589]: [_bot.py]: _do_post: 652:       DEBUG:    [Call to Bot API endpoint `getMe` finished with return value `{'id': 6030805959, 'is_bot': True, 'first_name': 'TyPHoone', 'username': 'TyPHoone_Project_bot', 'can_join_groups': True, 'can_read_all_group_messages': False, 'supports_inline_queries': False, 'can_connect_to_business': False, 'has_main_web_app': False}`]
[2024-07-31 11:39:03,591]: [_bot.py]: _do_post: 643:       DEBUG:    [Calling Bot API endpoint `sendDocument` with parameters `{'chat_id': '-4119703192', 'document': <telegram._files.inputfile.InputFile object at 0x7fadb3f6b100>}`]
[2024-07-31 11:39:03,592]: [_trace.py]: atrace: 85:       DEBUG:    [send_request_headers.started request=<Request [b'POST']>]
[2024-07-31 11:39:03,592]: [_trace.py]: atrace: 85:       DEBUG:    [send_request_headers.complete]
[2024-07-31 11:39:03,592]: [_trace.py]: atrace: 85:       DEBUG:    [send_request_body.started request=<Request [b'POST']>]
[2024-07-31 11:39:04,474]: [_trace.py]: atrace: 85:       DEBUG:    [send_request_body.complete]
[2024-07-31 11:39:04,474]: [_trace.py]: atrace: 85:       DEBUG:    [receive_response_headers.started request=<Request [b'POST']>]
[2024-07-31 11:39:06,129]: [_trace.py]: atrace: 85:       DEBUG:    [receive_response_headers.complete return_value=(b'HTTP/1.1', 200, b'OK', [(b'Server', b'nginx/1.18.0'), (b'Date', b'Wed, 31 Jul 2024 11:39:06 GMT'), (b'Content-Type', b'application/json'), (b'Content-Length', b'479'), (b'Connection', b'keep-alive'), (b'Strict-Transport-Security', b'max-age=31536000; includeSubDomains; preload'), (b'Access-Control-Allow-Origin', b'*'), (b'Access-Control-Allow-Methods', b'GET, POST, OPTIONS'), (b'Access-Control-Expose-Headers', b'Content-Length,Content-Type,Date,Server,Connection')])]
[2024-07-31 11:39:06,129]: [_client.py]: _send_single_request: 1773:       INFO:    [HTTP Request: POST https://api.telegram.org/bot6030805959:AAGUHAMxLYc-PrevgKouJ3ZyM7ktu56ftjo/sendDocument "HTTP/1.1 200 OK"]
[2024-07-31 11:39:06,129]: [_trace.py]: atrace: 85:       DEBUG:    [receive_response_body.started request=<Request [b'POST']>]
[2024-07-31 11:39:06,129]: [_trace.py]: atrace: 85:       DEBUG:    [receive_response_body.complete]
[2024-07-31 11:39:06,129]: [_trace.py]: atrace: 85:       DEBUG:    [response_closed.started]
[2024-07-31 11:39:06,129]: [_trace.py]: atrace: 85:       DEBUG:    [response_closed.complete]
[2024-07-31 11:39:06,129]: [_bot.py]: _do_post: 652:       DEBUG:    [Call to Bot API endpoint `sendDocument` finished with return value `{'message_id': 1776, 'from': {'id': 6030805959, 'is_bot': True, 'first_name': 'TyPHoone', 'username': 'TyPHoone_Project_bot'}, 'chat': {'id': -4119703192, 'title': 'Robocop', 'type': 'group', 'all_members_are_administrators': True}, 'date': 1722425946, 'document': {'file_name': '(2024_07_31--11_38)output.zip', 'mime_type': 'application/zip', 'file_id': 'BQACAgQAAxkDAAIG8GaqIlnn41u5nKiyA3fQZlOPthuEAAKTFAAC4_BQUe3G5CDwWLCENQQ', 'file_unique_id': 'AgADkxQAAuPwUFE', 'file_size': 10126632}}`]
[2024-07-31 11:39:06,130]: [_trace.py]: atrace: 85:       DEBUG:    [close.started]
[2024-07-31 11:39:06,130]: [_trace.py]: atrace: 85:       DEBUG:    [close.complete]
[2024-07-31 11:39:06,130]: [Telegram_Sender.py]: runner: 61:       INFO:    [sent successfully]
[2024-07-31 11:39:06,131]: [Main.py]: <module>: 48:       INFO:    [Finished]
