[2024-08-22 11:38:55,175]: [Main.py]: <module>: 21:       INFO:    [Started]
[2024-08-22 11:38:56,784]: [Iron_Scraper.py]: Scrap: 32:       INFO:    [Data Scaraped Successfully]
[2024-08-22 11:38:56,966]: [Iron_Scraper.py]: Scrap: 70:       INFO:    [Scrapped Data Has No Problem]
[2024-08-22 11:38:56,966]: [Iron_Scraper.py]: Scrap: 83:       INFO:    [Data Saved Successfully]
[2024-08-22 11:38:56,966]: [Iron.py]: Run: 26:       INFO:    [Scraping Phase Completed]
[2024-08-22 11:38:56,966]: [Iron_Data_Processor.py]: Data_Reader: 61:       INFO:    [Data File Has Been Red Successfully]
[2024-08-22 11:38:56,967]: [Iron_Data_Processor.py]: Shaper: 78:       INFO:    [Data Shaped]
[2024-08-22 11:38:56,967]: [Iron_Data_Processor.py]: Process: 228:       INFO:    [Data Cleaned]
[2024-08-22 11:38:56,967]: [Iron_Data_Processor.py]: Make_Pages_Objects: 101:       INFO:    [Page Objects Has Been Made]
[2024-08-22 11:38:56,967]: [Iron_Data_Processor.py]: Make_Pages_Objects: 101:       INFO:    [Page Objects Has Been Made]
[2024-08-22 11:38:56,967]: [Iron_Data_Processor.py]: Load_Data: 118:       INFO:    [Data Has Been Load]
[2024-08-22 11:38:56,967]: [Iron_Data_Processor.py]: Load_Data: 118:       INFO:    [Data Has Been Load]
[2024-08-22 11:38:56,967]: [Iron_Data_Processor.py]: Load_positions: 140:       INFO:    [Positions Are Ready]
[2024-08-22 11:38:56,967]: [Iron_Data_Processor.py]: Load_positions: 140:       INFO:    [Positions Are Ready]
[2024-08-22 11:38:58,088]: [Iron_Data_Processor.py]: Make_Tagged_Images: 193:       INFO:    [Images Has Been Made]
[2024-08-22 11:38:59,036]: [Iron_Data_Processor.py]: Make_Tagged_Images: 193:       INFO:    [Images Has Been Made]
[2024-08-22 11:38:59,289]: [Iron_Data_Processor.py]: Make_Cover_Page: 215:       INFO:    [Made Cover Pages]
[2024-08-22 11:38:59,290]: [Iron.py]: Run: 29:       INFO:    [Imagination Phase Completed]
[2024-08-22 11:39:03,411]: [Phone_Scraper.py]: Scrap: 58:       INFO:    [Data Scraped]
[2024-08-22 11:39:03,412]: [Phone_Scraper.py]: Scrap: 71:       INFO:    [Scraped Data Successfully]
[2024-08-22 11:39:03,412]: [Phone.py]: Run: 26:       INFO:    [Scraping Phase Complete]
[2024-08-22 11:39:03,412]: [Phone_Data_Processor.py]: data_reader: 38:       INFO:    [Scraped Data Loaded]
[2024-08-22 11:39:03,413]: [Phone_Data_Processor.py]: filter_list: 65:       INFO:    [Persian Phrases Are deleted]
[2024-08-22 11:39:03,414]: [Phone_Data_Processor.py]: reshape_list: 87:       INFO:    [Date Reshaped]
[2024-08-22 11:39:03,414]: [Phone_Data_Processor.py]: separate_brands: 124:       INFO:    [Brands Are Separated]
[2024-08-22 11:39:03,415]: [Phone_Data_Processor.py]: delete_extra_spaces: 141:       INFO:    [Extra Spaces Are Deleted]
[2024-08-22 11:39:04,187]: [Phone.py]: Run: 29:       INFO:    [Imagination Phase Complete]
[2024-08-22 11:39:04,187]: [selector_events.py]: __init__: 64:       DEBUG:    [Using selector: EpollSelector]
[2024-08-22 11:39:04,530]: [_bot.py]: _do_post: 643:       DEBUG:    [Calling Bot API endpoint `getMe` with parameters `{}`]
[2024-08-22 11:39:04,534]: [_trace.py]: atrace: 85:       DEBUG:    [connect_tcp.started host='api.telegram.org' port=443 local_address=None timeout=5.0 socket_options=None]
[2024-08-22 11:39:04,662]: [_trace.py]: atrace: 85:       DEBUG:    [connect_tcp.complete return_value=<httpcore._backends.anyio.AnyIOStream object at 0x7f4991fd4f20>]
[2024-08-22 11:39:04,662]: [_trace.py]: atrace: 85:       DEBUG:    [start_tls.started ssl_context=<ssl.SSLContext object at 0x7f499293fbd0> server_hostname='api.telegram.org' timeout=5.0]
[2024-08-22 11:39:04,751]: [_trace.py]: atrace: 85:       DEBUG:    [start_tls.complete return_value=<httpcore._backends.anyio.AnyIOStream object at 0x7f4992b21fa0>]
[2024-08-22 11:39:04,752]: [_trace.py]: atrace: 85:       DEBUG:    [send_request_headers.started request=<Request [b'POST']>]
[2024-08-22 11:39:04,752]: [_trace.py]: atrace: 85:       DEBUG:    [send_request_headers.complete]
[2024-08-22 11:39:04,752]: [_trace.py]: atrace: 85:       DEBUG:    [send_request_body.started request=<Request [b'POST']>]
[2024-08-22 11:39:04,752]: [_trace.py]: atrace: 85:       DEBUG:    [send_request_body.complete]
[2024-08-22 11:39:04,752]: [_trace.py]: atrace: 85:       DEBUG:    [receive_response_headers.started request=<Request [b'POST']>]
[2024-08-22 11:39:04,853]: [_trace.py]: atrace: 85:       DEBUG:    [receive_response_headers.complete return_value=(b'HTTP/1.1', 200, b'OK', [(b'Server', b'nginx/1.18.0'), (b'Date', b'Thu, 22 Aug 2024 11:39:04 GMT'), (b'Content-Type', b'application/json'), (b'Content-Length', b'258'), (b'Connection', b'keep-alive'), (b'Strict-Transport-Security', b'max-age=31536000; includeSubDomains; preload'), (b'Access-Control-Allow-Origin', b'*'), (b'Access-Control-Allow-Methods', b'GET, POST, OPTIONS'), (b'Access-Control-Expose-Headers', b'Content-Length,Content-Type,Date,Server,Connection')])]
[2024-08-22 11:39:04,853]: [_client.py]: _send_single_request: 1773:       INFO:    [HTTP Request: POST https://api.telegram.org/bot6030805959:AAGUHAMxLYc-PrevgKouJ3ZyM7ktu56ftjo/getMe "HTTP/1.1 200 OK"]
[2024-08-22 11:39:04,853]: [_trace.py]: atrace: 85:       DEBUG:    [receive_response_body.started request=<Request [b'POST']>]
[2024-08-22 11:39:04,853]: [_trace.py]: atrace: 85:       DEBUG:    [receive_response_body.complete]
[2024-08-22 11:39:04,854]: [_trace.py]: atrace: 85:       DEBUG:    [response_closed.started]
[2024-08-22 11:39:04,854]: [_trace.py]: atrace: 85:       DEBUG:    [response_closed.complete]
[2024-08-22 11:39:04,854]: [_bot.py]: _do_post: 652:       DEBUG:    [Call to Bot API endpoint `getMe` finished with return value `{'id': 6030805959, 'is_bot': True, 'first_name': 'TyPHoone', 'username': 'TyPHoone_Project_bot', 'can_join_groups': True, 'can_read_all_group_messages': False, 'supports_inline_queries': False, 'can_connect_to_business': False, 'has_main_web_app': False}`]
[2024-08-22 11:39:04,857]: [_bot.py]: _do_post: 643:       DEBUG:    [Calling Bot API endpoint `sendDocument` with parameters `{'chat_id': '-4119703192', 'document': <telegram._files.inputfile.InputFile object at 0x7f4991f5f040>}`]
[2024-08-22 11:39:04,858]: [_trace.py]: atrace: 85:       DEBUG:    [send_request_headers.started request=<Request [b'POST']>]
[2024-08-22 11:39:04,858]: [_trace.py]: atrace: 85:       DEBUG:    [send_request_headers.complete]
[2024-08-22 11:39:04,858]: [_trace.py]: atrace: 85:       DEBUG:    [send_request_body.started request=<Request [b'POST']>]
[2024-08-22 11:39:04,858]: [_trace.py]: atrace: 85:       DEBUG:    [send_request_body.complete]
[2024-08-22 11:39:04,858]: [_trace.py]: atrace: 85:       DEBUG:    [receive_response_headers.started request=<Request [b'POST']>]
[2024-08-22 11:39:05,009]: [_trace.py]: atrace: 85:       DEBUG:    [receive_response_headers.complete return_value=(b'HTTP/1.1', 200, b'OK', [(b'Server', b'nginx/1.18.0'), (b'Date', b'Thu, 22 Aug 2024 11:39:04 GMT'), (b'Content-Type', b'application/json'), (b'Content-Length', b'464'), (b'Connection', b'keep-alive'), (b'Strict-Transport-Security', b'max-age=31536000; includeSubDomains; preload'), (b'Access-Control-Allow-Origin', b'*'), (b'Access-Control-Allow-Methods', b'GET, POST, OPTIONS'), (b'Access-Control-Expose-Headers', b'Content-Length,Content-Type,Date,Server,Connection')])]
[2024-08-22 11:39:05,009]: [_client.py]: _send_single_request: 1773:       INFO:    [HTTP Request: POST https://api.telegram.org/bot6030805959:AAGUHAMxLYc-PrevgKouJ3ZyM7ktu56ftjo/sendDocument "HTTP/1.1 200 OK"]
[2024-08-22 11:39:05,009]: [_trace.py]: atrace: 85:       DEBUG:    [receive_response_body.started request=<Request [b'POST']>]
[2024-08-22 11:39:05,010]: [_trace.py]: atrace: 85:       DEBUG:    [receive_response_body.complete]
[2024-08-22 11:39:05,010]: [_trace.py]: atrace: 85:       DEBUG:    [response_closed.started]
[2024-08-22 11:39:05,010]: [_trace.py]: atrace: 85:       DEBUG:    [response_closed.complete]
[2024-08-22 11:39:05,010]: [_bot.py]: _do_post: 652:       DEBUG:    [Call to Bot API endpoint `sendDocument` finished with return value `{'message_id': 1819, 'from': {'id': 6030805959, 'is_bot': True, 'first_name': 'TyPHoone', 'username': 'TyPHoone_Project_bot'}, 'chat': {'id': -4119703192, 'title': 'Robocop', 'type': 'group', 'all_members_are_administrators': True}, 'date': 1724326744, 'document': {'file_name': '(2024_08_22--11_38).log', 'mime_type': 'text/plain', 'file_id': 'BQACAgQAAxkDAAIHG2bHI1j0uvEpc88i3HeRQFLrIyKPAAJ_EwACRvs4UvRwYYfgAVX6NQQ', 'file_unique_id': 'AgADfxMAAkb7OFI', 'file_size': 5937}}`]
[2024-08-22 11:39:05,010]: [_trace.py]: atrace: 85:       DEBUG:    [close.started]
[2024-08-22 11:39:05,010]: [_trace.py]: atrace: 85:       DEBUG:    [close.complete]
[2024-08-22 11:39:05,011]: [_config.py]: load_ssl_context: 80:       DEBUG:    [load_ssl_context verify=True cert=None trust_env=True http2=False]
[2024-08-22 11:39:05,011]: [_config.py]: load_ssl_context_verify: 146:       DEBUG:    [load_verify_locations cafile='/opt/hostedtoolcache/Python/3.12.5/x64/lib/python3.12/site-packages/certifi/cacert.pem']
[2024-08-22 11:39:05,038]: [_config.py]: load_ssl_context: 80:       DEBUG:    [load_ssl_context verify=True cert=None trust_env=True http2=False]
[2024-08-22 11:39:05,039]: [_config.py]: load_ssl_context_verify: 146:       DEBUG:    [load_verify_locations cafile='/opt/hostedtoolcache/Python/3.12.5/x64/lib/python3.12/site-packages/certifi/cacert.pem']
[2024-08-22 11:39:05,066]: [_bot.py]: _do_post: 643:       DEBUG:    [Calling Bot API endpoint `getMe` with parameters `{}`]
[2024-08-22 11:39:05,067]: [_trace.py]: atrace: 85:       DEBUG:    [connect_tcp.started host='api.telegram.org' port=443 local_address=None timeout=5.0 socket_options=None]
[2024-08-22 11:39:05,155]: [_trace.py]: atrace: 85:       DEBUG:    [connect_tcp.complete return_value=<httpcore._backends.anyio.AnyIOStream object at 0x7f4992b11c40>]
[2024-08-22 11:39:05,156]: [_trace.py]: atrace: 85:       DEBUG:    [start_tls.started ssl_context=<ssl.SSLContext object at 0x7f499293f9d0> server_hostname='api.telegram.org' timeout=5.0]
[2024-08-22 11:39:05,245]: [_trace.py]: atrace: 85:       DEBUG:    [start_tls.complete return_value=<httpcore._backends.anyio.AnyIOStream object at 0x7f4991fd5f10>]
[2024-08-22 11:39:05,245]: [_trace.py]: atrace: 85:       DEBUG:    [send_request_headers.started request=<Request [b'POST']>]
[2024-08-22 11:39:05,246]: [_trace.py]: atrace: 85:       DEBUG:    [send_request_headers.complete]
[2024-08-22 11:39:05,246]: [_trace.py]: atrace: 85:       DEBUG:    [send_request_body.started request=<Request [b'POST']>]
[2024-08-22 11:39:05,246]: [_trace.py]: atrace: 85:       DEBUG:    [send_request_body.complete]
[2024-08-22 11:39:05,246]: [_trace.py]: atrace: 85:       DEBUG:    [receive_response_headers.started request=<Request [b'POST']>]
[2024-08-22 11:39:05,335]: [_trace.py]: atrace: 85:       DEBUG:    [receive_response_headers.complete return_value=(b'HTTP/1.1', 200, b'OK', [(b'Server', b'nginx/1.18.0'), (b'Date', b'Thu, 22 Aug 2024 11:39:05 GMT'), (b'Content-Type', b'application/json'), (b'Content-Length', b'258'), (b'Connection', b'keep-alive'), (b'Strict-Transport-Security', b'max-age=31536000; includeSubDomains; preload'), (b'Access-Control-Allow-Origin', b'*'), (b'Access-Control-Allow-Methods', b'GET, POST, OPTIONS'), (b'Access-Control-Expose-Headers', b'Content-Length,Content-Type,Date,Server,Connection')])]
[2024-08-22 11:39:05,335]: [_client.py]: _send_single_request: 1773:       INFO:    [HTTP Request: POST https://api.telegram.org/bot6030805959:AAGUHAMxLYc-PrevgKouJ3ZyM7ktu56ftjo/getMe "HTTP/1.1 200 OK"]
[2024-08-22 11:39:05,335]: [_trace.py]: atrace: 85:       DEBUG:    [receive_response_body.started request=<Request [b'POST']>]
[2024-08-22 11:39:05,335]: [_trace.py]: atrace: 85:       DEBUG:    [receive_response_body.complete]
[2024-08-22 11:39:05,335]: [_trace.py]: atrace: 85:       DEBUG:    [response_closed.started]
[2024-08-22 11:39:05,335]: [_trace.py]: atrace: 85:       DEBUG:    [response_closed.complete]
[2024-08-22 11:39:05,336]: [_bot.py]: _do_post: 652:       DEBUG:    [Call to Bot API endpoint `getMe` finished with return value `{'id': 6030805959, 'is_bot': True, 'first_name': 'TyPHoone', 'username': 'TyPHoone_Project_bot', 'can_join_groups': True, 'can_read_all_group_messages': False, 'supports_inline_queries': False, 'can_connect_to_business': False, 'has_main_web_app': False}`]
[2024-08-22 11:39:05,338]: [_bot.py]: _do_post: 643:       DEBUG:    [Calling Bot API endpoint `sendDocument` with parameters `{'chat_id': '-4119703192', 'document': <telegram._files.inputfile.InputFile object at 0x7f4991f5ca40>}`]
[2024-08-22 11:39:05,338]: [_trace.py]: atrace: 85:       DEBUG:    [send_request_headers.started request=<Request [b'POST']>]
[2024-08-22 11:39:05,339]: [_trace.py]: atrace: 85:       DEBUG:    [send_request_headers.complete]
[2024-08-22 11:39:05,339]: [_trace.py]: atrace: 85:       DEBUG:    [send_request_body.started request=<Request [b'POST']>]
[2024-08-22 11:39:06,189]: [_trace.py]: atrace: 85:       DEBUG:    [send_request_body.complete]
[2024-08-22 11:39:06,189]: [_trace.py]: atrace: 85:       DEBUG:    [receive_response_headers.started request=<Request [b'POST']>]
[2024-08-22 11:39:06,979]: [_trace.py]: atrace: 85:       DEBUG:    [receive_response_headers.complete return_value=(b'HTTP/1.1', 200, b'OK', [(b'Server', b'nginx/1.18.0'), (b'Date', b'Thu, 22 Aug 2024 11:39:06 GMT'), (b'Content-Type', b'application/json'), (b'Content-Length', b'480'), (b'Connection', b'keep-alive'), (b'Strict-Transport-Security', b'max-age=31536000; includeSubDomains; preload'), (b'Access-Control-Allow-Origin', b'*'), (b'Access-Control-Allow-Methods', b'GET, POST, OPTIONS'), (b'Access-Control-Expose-Headers', b'Content-Length,Content-Type,Date,Server,Connection')])]
[2024-08-22 11:39:06,979]: [_client.py]: _send_single_request: 1773:       INFO:    [HTTP Request: POST https://api.telegram.org/bot6030805959:AAGUHAMxLYc-PrevgKouJ3ZyM7ktu56ftjo/sendDocument "HTTP/1.1 200 OK"]
[2024-08-22 11:39:06,979]: [_trace.py]: atrace: 85:       DEBUG:    [receive_response_body.started request=<Request [b'POST']>]
[2024-08-22 11:39:06,980]: [_trace.py]: atrace: 85:       DEBUG:    [receive_response_body.complete]
[2024-08-22 11:39:06,980]: [_trace.py]: atrace: 85:       DEBUG:    [response_closed.started]
[2024-08-22 11:39:06,980]: [_trace.py]: atrace: 85:       DEBUG:    [response_closed.complete]
[2024-08-22 11:39:06,980]: [_bot.py]: _do_post: 652:       DEBUG:    [Call to Bot API endpoint `sendDocument` finished with return value `{'message_id': 1820, 'from': {'id': 6030805959, 'is_bot': True, 'first_name': 'TyPHoone', 'username': 'TyPHoone_Project_bot'}, 'chat': {'id': -4119703192, 'title': 'Robocop', 'type': 'group', 'all_members_are_administrators': True}, 'date': 1724326746, 'document': {'file_name': '(2024_08_22--11_38)output.zip', 'mime_type': 'application/zip', 'file_id': 'BQACAgQAAxkDAAIHHGbHI1qKu4vwAAFBwVXX4bDBFgoMSQACgBMAAkb7OFKNYV4V_hFNkTUE', 'file_unique_id': 'AgADgBMAAkb7OFI', 'file_size': 10213483}}`]
[2024-08-22 11:39:06,980]: [_trace.py]: atrace: 85:       DEBUG:    [close.started]
[2024-08-22 11:39:06,981]: [_trace.py]: atrace: 85:       DEBUG:    [close.complete]
[2024-08-22 11:39:06,981]: [Telegram_Sender.py]: runner: 61:       INFO:    [sent successfully]
[2024-08-22 11:39:06,981]: [Main.py]: <module>: 48:       INFO:    [Finished]
