[2024-05-15 11:37:53,152]: [Main.py]: <module>: 21:       INFO:    [Started]
[2024-05-15 11:37:54,727]: [Iron_Scraper.py]: Scrap: 32:       INFO:    [Data Scaraped Successfully]
[2024-05-15 11:37:54,921]: [Iron_Scraper.py]: Scrap: 70:       INFO:    [Scrapped Data Has No Problem]
[2024-05-15 11:37:54,922]: [Iron_Scraper.py]: Scrap: 83:       INFO:    [Data Saved Successfully]
[2024-05-15 11:37:54,922]: [Iron.py]: Run: 26:       INFO:    [Scraping Phase Completed]
[2024-05-15 11:37:54,922]: [Iron_Data_Processor.py]: Data_Reader: 61:       INFO:    [Data File Has Been Red Successfully]
[2024-05-15 11:37:54,922]: [Iron_Data_Processor.py]: Shaper: 78:       INFO:    [Data Shaped]
[2024-05-15 11:37:54,922]: [Iron_Data_Processor.py]: Process: 228:       INFO:    [Data Cleaned]
[2024-05-15 11:37:54,922]: [Iron_Data_Processor.py]: Make_Pages_Objects: 101:       INFO:    [Page Objects Has Been Made]
[2024-05-15 11:37:54,923]: [Iron_Data_Processor.py]: Make_Pages_Objects: 101:       INFO:    [Page Objects Has Been Made]
[2024-05-15 11:37:54,923]: [Iron_Data_Processor.py]: Load_Data: 118:       INFO:    [Data Has Been Load]
[2024-05-15 11:37:54,923]: [Iron_Data_Processor.py]: Load_Data: 118:       INFO:    [Data Has Been Load]
[2024-05-15 11:37:54,923]: [Iron_Data_Processor.py]: Load_positions: 140:       INFO:    [Positions Are Ready]
[2024-05-15 11:37:54,923]: [Iron_Data_Processor.py]: Load_positions: 140:       INFO:    [Positions Are Ready]
[2024-05-15 11:37:56,052]: [Iron_Data_Processor.py]: Make_Tagged_Images: 193:       INFO:    [Images Has Been Made]
[2024-05-15 11:37:57,006]: [Iron_Data_Processor.py]: Make_Tagged_Images: 193:       INFO:    [Images Has Been Made]
[2024-05-15 11:37:57,261]: [Iron_Data_Processor.py]: Make_Cover_Page: 215:       INFO:    [Made Cover Pages]
[2024-05-15 11:37:57,262]: [Iron.py]: Run: 29:       INFO:    [Imagination Phase Completed]
[2024-05-15 11:38:01,155]: [Phone_Scraper.py]: Scrap: 58:       INFO:    [Data Scraped]
[2024-05-15 11:38:01,155]: [Phone_Scraper.py]: Scrap: 71:       INFO:    [Scraped Data Successfully]
[2024-05-15 11:38:01,156]: [Phone.py]: Run: 26:       INFO:    [Scraping Phase Complete]
[2024-05-15 11:38:01,156]: [Phone_Data_Processor.py]: data_reader: 38:       INFO:    [Scraped Data Loaded]
[2024-05-15 11:38:01,157]: [Phone_Data_Processor.py]: filter_list: 65:       INFO:    [Persian Phrases Are deleted]
[2024-05-15 11:38:01,158]: [Phone_Data_Processor.py]: reshape_list: 87:       INFO:    [Date Reshaped]
[2024-05-15 11:38:01,158]: [Phone_Data_Processor.py]: separate_brands: 124:       INFO:    [Brands Are Separated]
[2024-05-15 11:38:01,159]: [Phone_Data_Processor.py]: delete_extra_spaces: 141:       INFO:    [Extra Spaces Are Deleted]
[2024-05-15 11:38:02,036]: [Phone.py]: Run: 29:       INFO:    [Imagination Phase Complete]
[2024-05-15 11:38:02,037]: [selector_events.py]: __init__: 64:       DEBUG:    [Using selector: EpollSelector]
[2024-05-15 11:38:02,385]: [_bot.py]: _do_post: 643:       DEBUG:    [Calling Bot API endpoint `getMe` with parameters `{}`]
[2024-05-15 11:38:02,389]: [_trace.py]: atrace: 85:       DEBUG:    [connect_tcp.started host='api.telegram.org' port=443 local_address=None timeout=5.0 socket_options=None]
[2024-05-15 11:38:02,514]: [_trace.py]: atrace: 85:       DEBUG:    [connect_tcp.complete return_value=<httpcore._backends.anyio.AnyIOStream object at 0x7effc76d4e60>]
[2024-05-15 11:38:02,514]: [_trace.py]: atrace: 85:       DEBUG:    [start_tls.started ssl_context=<ssl.SSLContext object at 0x7effc8141e50> server_hostname='api.telegram.org' timeout=5.0]
[2024-05-15 11:38:02,606]: [_trace.py]: atrace: 85:       DEBUG:    [start_tls.complete return_value=<httpcore._backends.anyio.AnyIOStream object at 0x7effc76d6210>]
[2024-05-15 11:38:02,606]: [_trace.py]: atrace: 85:       DEBUG:    [send_request_headers.started request=<Request [b'POST']>]
[2024-05-15 11:38:02,606]: [_trace.py]: atrace: 85:       DEBUG:    [send_request_headers.complete]
[2024-05-15 11:38:02,606]: [_trace.py]: atrace: 85:       DEBUG:    [send_request_body.started request=<Request [b'POST']>]
[2024-05-15 11:38:02,607]: [_trace.py]: atrace: 85:       DEBUG:    [send_request_body.complete]
[2024-05-15 11:38:02,607]: [_trace.py]: atrace: 85:       DEBUG:    [receive_response_headers.started request=<Request [b'POST']>]
[2024-05-15 11:38:02,699]: [_trace.py]: atrace: 85:       DEBUG:    [receive_response_headers.complete return_value=(b'HTTP/1.1', 200, b'OK', [(b'Server', b'nginx/1.18.0'), (b'Date', b'Wed, 15 May 2024 11:38:02 GMT'), (b'Content-Type', b'application/json'), (b'Content-Length', b'233'), (b'Connection', b'keep-alive'), (b'Strict-Transport-Security', b'max-age=31536000; includeSubDomains; preload'), (b'Access-Control-Allow-Origin', b'*'), (b'Access-Control-Allow-Methods', b'GET, POST, OPTIONS'), (b'Access-Control-Expose-Headers', b'Content-Length,Content-Type,Date,Server,Connection')])]
[2024-05-15 11:38:02,699]: [_client.py]: _send_single_request: 1773:       INFO:    [HTTP Request: POST https://api.telegram.org/bot6030805959:AAGUHAMxLYc-PrevgKouJ3ZyM7ktu56ftjo/getMe "HTTP/1.1 200 OK"]
[2024-05-15 11:38:02,699]: [_trace.py]: atrace: 85:       DEBUG:    [receive_response_body.started request=<Request [b'POST']>]
[2024-05-15 11:38:02,699]: [_trace.py]: atrace: 85:       DEBUG:    [receive_response_body.complete]
[2024-05-15 11:38:02,699]: [_trace.py]: atrace: 85:       DEBUG:    [response_closed.started]
[2024-05-15 11:38:02,699]: [_trace.py]: atrace: 85:       DEBUG:    [response_closed.complete]
[2024-05-15 11:38:02,700]: [_bot.py]: _do_post: 652:       DEBUG:    [Call to Bot API endpoint `getMe` finished with return value `{'id': 6030805959, 'is_bot': True, 'first_name': 'TyPHoone', 'username': 'TyPHoone_Project_bot', 'can_join_groups': True, 'can_read_all_group_messages': False, 'supports_inline_queries': False, 'can_connect_to_business': False}`]
[2024-05-15 11:38:02,703]: [_bot.py]: _do_post: 643:       DEBUG:    [Calling Bot API endpoint `sendDocument` with parameters `{'chat_id': '-4119703192', 'document': <telegram._files.inputfile.InputFile object at 0x7effc7686600>}`]
[2024-05-15 11:38:02,703]: [_trace.py]: atrace: 85:       DEBUG:    [send_request_headers.started request=<Request [b'POST']>]
[2024-05-15 11:38:02,704]: [_trace.py]: atrace: 85:       DEBUG:    [send_request_headers.complete]
[2024-05-15 11:38:02,704]: [_trace.py]: atrace: 85:       DEBUG:    [send_request_body.started request=<Request [b'POST']>]
[2024-05-15 11:38:02,704]: [_trace.py]: atrace: 85:       DEBUG:    [send_request_body.complete]
[2024-05-15 11:38:02,704]: [_trace.py]: atrace: 85:       DEBUG:    [receive_response_headers.started request=<Request [b'POST']>]
[2024-05-15 11:38:02,859]: [_trace.py]: atrace: 85:       DEBUG:    [receive_response_headers.complete return_value=(b'HTTP/1.1', 200, b'OK', [(b'Server', b'nginx/1.18.0'), (b'Date', b'Wed, 15 May 2024 11:38:02 GMT'), (b'Content-Type', b'application/json'), (b'Content-Length', b'463'), (b'Connection', b'keep-alive'), (b'Strict-Transport-Security', b'max-age=31536000; includeSubDomains; preload'), (b'Access-Control-Allow-Origin', b'*'), (b'Access-Control-Allow-Methods', b'GET, POST, OPTIONS'), (b'Access-Control-Expose-Headers', b'Content-Length,Content-Type,Date,Server,Connection')])]
[2024-05-15 11:38:02,859]: [_client.py]: _send_single_request: 1773:       INFO:    [HTTP Request: POST https://api.telegram.org/bot6030805959:AAGUHAMxLYc-PrevgKouJ3ZyM7ktu56ftjo/sendDocument "HTTP/1.1 200 OK"]
[2024-05-15 11:38:02,859]: [_trace.py]: atrace: 85:       DEBUG:    [receive_response_body.started request=<Request [b'POST']>]
[2024-05-15 11:38:02,859]: [_trace.py]: atrace: 85:       DEBUG:    [receive_response_body.complete]
[2024-05-15 11:38:02,859]: [_trace.py]: atrace: 85:       DEBUG:    [response_closed.started]
[2024-05-15 11:38:02,860]: [_trace.py]: atrace: 85:       DEBUG:    [response_closed.complete]
[2024-05-15 11:38:02,860]: [_bot.py]: _do_post: 652:       DEBUG:    [Call to Bot API endpoint `sendDocument` finished with return value `{'message_id': 790, 'from': {'id': 6030805959, 'is_bot': True, 'first_name': 'TyPHoone', 'username': 'TyPHoone_Project_bot'}, 'chat': {'id': -4119703192, 'title': 'Robocop', 'type': 'group', 'all_members_are_administrators': True}, 'date': 1715773082, 'document': {'file_name': '(2024_05_15--11_37).log', 'mime_type': 'text/plain', 'file_id': 'BQACAgQAAxkDAAIDFmZEnpoosVroBKrTs6iAz8WkqhL3AALvFgAC3r8pUiYbHMv1rJ-KNQQ', 'file_unique_id': 'AgAD7xYAAt6_KVI', 'file_size': 5910}}`]
[2024-05-15 11:38:02,860]: [_trace.py]: atrace: 85:       DEBUG:    [close.started]
[2024-05-15 11:38:02,860]: [_trace.py]: atrace: 85:       DEBUG:    [close.complete]
[2024-05-15 11:38:02,861]: [_config.py]: load_ssl_context: 80:       DEBUG:    [load_ssl_context verify=True cert=None trust_env=True http2=False]
[2024-05-15 11:38:02,861]: [_config.py]: load_ssl_context_verify: 146:       DEBUG:    [load_verify_locations cafile='/opt/hostedtoolcache/Python/3.12.3/x64/lib/python3.12/site-packages/certifi/cacert.pem']
[2024-05-15 11:38:02,887]: [_config.py]: load_ssl_context: 80:       DEBUG:    [load_ssl_context verify=True cert=None trust_env=True http2=False]
[2024-05-15 11:38:02,888]: [_config.py]: load_ssl_context_verify: 146:       DEBUG:    [load_verify_locations cafile='/opt/hostedtoolcache/Python/3.12.3/x64/lib/python3.12/site-packages/certifi/cacert.pem']
[2024-05-15 11:38:02,914]: [_bot.py]: _do_post: 643:       DEBUG:    [Calling Bot API endpoint `getMe` with parameters `{}`]
[2024-05-15 11:38:02,914]: [_trace.py]: atrace: 85:       DEBUG:    [connect_tcp.started host='api.telegram.org' port=443 local_address=None timeout=5.0 socket_options=None]
[2024-05-15 11:38:03,005]: [_trace.py]: atrace: 85:       DEBUG:    [connect_tcp.complete return_value=<httpcore._backends.anyio.AnyIOStream object at 0x7effc82ef800>]
[2024-05-15 11:38:03,005]: [_trace.py]: atrace: 85:       DEBUG:    [start_tls.started ssl_context=<ssl.SSLContext object at 0x7effc8141c50> server_hostname='api.telegram.org' timeout=5.0]
[2024-05-15 11:38:03,098]: [_trace.py]: atrace: 85:       DEBUG:    [start_tls.complete return_value=<httpcore._backends.anyio.AnyIOStream object at 0x7effc8295970>]
[2024-05-15 11:38:03,098]: [_trace.py]: atrace: 85:       DEBUG:    [send_request_headers.started request=<Request [b'POST']>]
[2024-05-15 11:38:03,098]: [_trace.py]: atrace: 85:       DEBUG:    [send_request_headers.complete]
[2024-05-15 11:38:03,098]: [_trace.py]: atrace: 85:       DEBUG:    [send_request_body.started request=<Request [b'POST']>]
[2024-05-15 11:38:03,099]: [_trace.py]: atrace: 85:       DEBUG:    [send_request_body.complete]
[2024-05-15 11:38:03,099]: [_trace.py]: atrace: 85:       DEBUG:    [receive_response_headers.started request=<Request [b'POST']>]
[2024-05-15 11:38:03,187]: [_trace.py]: atrace: 85:       DEBUG:    [receive_response_headers.complete return_value=(b'HTTP/1.1', 200, b'OK', [(b'Server', b'nginx/1.18.0'), (b'Date', b'Wed, 15 May 2024 11:38:03 GMT'), (b'Content-Type', b'application/json'), (b'Content-Length', b'233'), (b'Connection', b'keep-alive'), (b'Strict-Transport-Security', b'max-age=31536000; includeSubDomains; preload'), (b'Access-Control-Allow-Origin', b'*'), (b'Access-Control-Allow-Methods', b'GET, POST, OPTIONS'), (b'Access-Control-Expose-Headers', b'Content-Length,Content-Type,Date,Server,Connection')])]
[2024-05-15 11:38:03,187]: [_client.py]: _send_single_request: 1773:       INFO:    [HTTP Request: POST https://api.telegram.org/bot6030805959:AAGUHAMxLYc-PrevgKouJ3ZyM7ktu56ftjo/getMe "HTTP/1.1 200 OK"]
[2024-05-15 11:38:03,187]: [_trace.py]: atrace: 85:       DEBUG:    [receive_response_body.started request=<Request [b'POST']>]
[2024-05-15 11:38:03,187]: [_trace.py]: atrace: 85:       DEBUG:    [receive_response_body.complete]
[2024-05-15 11:38:03,187]: [_trace.py]: atrace: 85:       DEBUG:    [response_closed.started]
[2024-05-15 11:38:03,188]: [_trace.py]: atrace: 85:       DEBUG:    [response_closed.complete]
[2024-05-15 11:38:03,188]: [_bot.py]: _do_post: 652:       DEBUG:    [Call to Bot API endpoint `getMe` finished with return value `{'id': 6030805959, 'is_bot': True, 'first_name': 'TyPHoone', 'username': 'TyPHoone_Project_bot', 'can_join_groups': True, 'can_read_all_group_messages': False, 'supports_inline_queries': False, 'can_connect_to_business': False}`]
[2024-05-15 11:38:03,190]: [_bot.py]: _do_post: 643:       DEBUG:    [Calling Bot API endpoint `sendDocument` with parameters `{'chat_id': '-4119703192', 'document': <telegram._files.inputfile.InputFile object at 0x7effc81503c0>}`]
[2024-05-15 11:38:03,191]: [_trace.py]: atrace: 85:       DEBUG:    [send_request_headers.started request=<Request [b'POST']>]
[2024-05-15 11:38:03,191]: [_trace.py]: atrace: 85:       DEBUG:    [send_request_headers.complete]
[2024-05-15 11:38:03,191]: [_trace.py]: atrace: 85:       DEBUG:    [send_request_body.started request=<Request [b'POST']>]
[2024-05-15 11:38:04,000]: [_trace.py]: atrace: 85:       DEBUG:    [send_request_body.complete]
[2024-05-15 11:38:04,000]: [_trace.py]: atrace: 85:       DEBUG:    [receive_response_headers.started request=<Request [b'POST']>]
[2024-05-15 11:38:04,809]: [_trace.py]: atrace: 85:       DEBUG:    [receive_response_headers.complete return_value=(b'HTTP/1.1', 200, b'OK', [(b'Server', b'nginx/1.18.0'), (b'Date', b'Wed, 15 May 2024 11:38:04 GMT'), (b'Content-Type', b'application/json'), (b'Content-Length', b'478'), (b'Connection', b'keep-alive'), (b'Strict-Transport-Security', b'max-age=31536000; includeSubDomains; preload'), (b'Access-Control-Allow-Origin', b'*'), (b'Access-Control-Allow-Methods', b'GET, POST, OPTIONS'), (b'Access-Control-Expose-Headers', b'Content-Length,Content-Type,Date,Server,Connection')])]
[2024-05-15 11:38:04,809]: [_client.py]: _send_single_request: 1773:       INFO:    [HTTP Request: POST https://api.telegram.org/bot6030805959:AAGUHAMxLYc-PrevgKouJ3ZyM7ktu56ftjo/sendDocument "HTTP/1.1 200 OK"]
[2024-05-15 11:38:04,809]: [_trace.py]: atrace: 85:       DEBUG:    [receive_response_body.started request=<Request [b'POST']>]
[2024-05-15 11:38:04,810]: [_trace.py]: atrace: 85:       DEBUG:    [receive_response_body.complete]
[2024-05-15 11:38:04,810]: [_trace.py]: atrace: 85:       DEBUG:    [response_closed.started]
[2024-05-15 11:38:04,810]: [_trace.py]: atrace: 85:       DEBUG:    [response_closed.complete]
[2024-05-15 11:38:04,810]: [_bot.py]: _do_post: 652:       DEBUG:    [Call to Bot API endpoint `sendDocument` finished with return value `{'message_id': 791, 'from': {'id': 6030805959, 'is_bot': True, 'first_name': 'TyPHoone', 'username': 'TyPHoone_Project_bot'}, 'chat': {'id': -4119703192, 'title': 'Robocop', 'type': 'group', 'all_members_are_administrators': True}, 'date': 1715773084, 'document': {'file_name': '(2024_05_15--11_37)output.zip', 'mime_type': 'application/zip', 'file_id': 'BQACAgQAAxkDAAIDF2ZEnpxqn8qEdEKNeqAx8Q-I5oOcAALwFgAC3r8pUkkM4SnTjhb3NQQ', 'file_unique_id': 'AgAD8BYAAt6_KVI', 'file_size': 10463110}}`]
[2024-05-15 11:38:04,810]: [_trace.py]: atrace: 85:       DEBUG:    [close.started]
[2024-05-15 11:38:04,810]: [_trace.py]: atrace: 85:       DEBUG:    [close.complete]
[2024-05-15 11:38:04,811]: [Telegram_Sender.py]: runner: 61:       INFO:    [sent successfully]
[2024-05-15 11:38:04,811]: [Main.py]: <module>: 48:       INFO:    [Finished]
