[2024-05-23 11:37:54,432]: [Main.py]: <module>: 21:       INFO:    [Started]
[2024-05-23 11:37:56,247]: [Iron_Scraper.py]: Scrap: 32:       INFO:    [Data Scaraped Successfully]
[2024-05-23 11:37:56,444]: [Iron_Scraper.py]: Scrap: 70:       INFO:    [Scrapped Data Has No Problem]
[2024-05-23 11:37:56,444]: [Iron_Scraper.py]: Scrap: 83:       INFO:    [Data Saved Successfully]
[2024-05-23 11:37:56,444]: [Iron.py]: Run: 26:       INFO:    [Scraping Phase Completed]
[2024-05-23 11:37:56,445]: [Iron_Data_Processor.py]: Data_Reader: 61:       INFO:    [Data File Has Been Red Successfully]
[2024-05-23 11:37:56,445]: [Iron_Data_Processor.py]: Shaper: 78:       INFO:    [Data Shaped]
[2024-05-23 11:37:56,445]: [Iron_Data_Processor.py]: Process: 228:       INFO:    [Data Cleaned]
[2024-05-23 11:37:56,445]: [Iron_Data_Processor.py]: Make_Pages_Objects: 101:       INFO:    [Page Objects Has Been Made]
[2024-05-23 11:37:56,445]: [Iron_Data_Processor.py]: Make_Pages_Objects: 101:       INFO:    [Page Objects Has Been Made]
[2024-05-23 11:37:56,445]: [Iron_Data_Processor.py]: Load_Data: 118:       INFO:    [Data Has Been Load]
[2024-05-23 11:37:56,445]: [Iron_Data_Processor.py]: Load_Data: 118:       INFO:    [Data Has Been Load]
[2024-05-23 11:37:56,445]: [Iron_Data_Processor.py]: Load_positions: 140:       INFO:    [Positions Are Ready]
[2024-05-23 11:37:56,446]: [Iron_Data_Processor.py]: Load_positions: 140:       INFO:    [Positions Are Ready]
[2024-05-23 11:37:57,577]: [Iron_Data_Processor.py]: Make_Tagged_Images: 193:       INFO:    [Images Has Been Made]
[2024-05-23 11:37:58,535]: [Iron_Data_Processor.py]: Make_Tagged_Images: 193:       INFO:    [Images Has Been Made]
[2024-05-23 11:37:58,791]: [Iron_Data_Processor.py]: Make_Cover_Page: 215:       INFO:    [Made Cover Pages]
[2024-05-23 11:37:58,792]: [Iron.py]: Run: 29:       INFO:    [Imagination Phase Completed]
[2024-05-23 11:38:02,870]: [Phone_Scraper.py]: Scrap: 58:       INFO:    [Data Scraped]
[2024-05-23 11:38:02,870]: [Phone_Scraper.py]: Scrap: 71:       INFO:    [Scraped Data Successfully]
[2024-05-23 11:38:02,870]: [Phone.py]: Run: 26:       INFO:    [Scraping Phase Complete]
[2024-05-23 11:38:02,870]: [Phone_Data_Processor.py]: data_reader: 38:       INFO:    [Scraped Data Loaded]
[2024-05-23 11:38:02,872]: [Phone_Data_Processor.py]: filter_list: 65:       INFO:    [Persian Phrases Are deleted]
[2024-05-23 11:38:02,873]: [Phone_Data_Processor.py]: reshape_list: 87:       INFO:    [Date Reshaped]
[2024-05-23 11:38:02,873]: [Phone_Data_Processor.py]: separate_brands: 124:       INFO:    [Brands Are Separated]
[2024-05-23 11:38:02,874]: [Phone_Data_Processor.py]: delete_extra_spaces: 141:       INFO:    [Extra Spaces Are Deleted]
[2024-05-23 11:38:03,746]: [Phone.py]: Run: 29:       INFO:    [Imagination Phase Complete]
[2024-05-23 11:38:03,747]: [selector_events.py]: __init__: 64:       DEBUG:    [Using selector: EpollSelector]
[2024-05-23 11:38:04,098]: [_bot.py]: _do_post: 643:       DEBUG:    [Calling Bot API endpoint `getMe` with parameters `{}`]
[2024-05-23 11:38:04,102]: [_trace.py]: atrace: 85:       DEBUG:    [connect_tcp.started host='api.telegram.org' port=443 local_address=None timeout=5.0 socket_options=None]
[2024-05-23 11:38:04,310]: [_trace.py]: atrace: 85:       DEBUG:    [connect_tcp.complete return_value=<httpcore._backends.anyio.AnyIOStream object at 0x7ff4fd8becc0>]
[2024-05-23 11:38:04,310]: [_trace.py]: atrace: 85:       DEBUG:    [start_tls.started ssl_context=<ssl.SSLContext object at 0x7ff4fe335e50> server_hostname='api.telegram.org' timeout=5.0]
[2024-05-23 11:38:04,455]: [_trace.py]: atrace: 85:       DEBUG:    [start_tls.complete return_value=<httpcore._backends.anyio.AnyIOStream object at 0x7ff4fe4a04a0>]
[2024-05-23 11:38:04,455]: [_trace.py]: atrace: 85:       DEBUG:    [send_request_headers.started request=<Request [b'POST']>]
[2024-05-23 11:38:04,455]: [_trace.py]: atrace: 85:       DEBUG:    [send_request_headers.complete]
[2024-05-23 11:38:04,455]: [_trace.py]: atrace: 85:       DEBUG:    [send_request_body.started request=<Request [b'POST']>]
[2024-05-23 11:38:04,455]: [_trace.py]: atrace: 85:       DEBUG:    [send_request_body.complete]
[2024-05-23 11:38:04,455]: [_trace.py]: atrace: 85:       DEBUG:    [receive_response_headers.started request=<Request [b'POST']>]
[2024-05-23 11:38:04,598]: [_trace.py]: atrace: 85:       DEBUG:    [receive_response_headers.complete return_value=(b'HTTP/1.1', 200, b'OK', [(b'Server', b'nginx/1.18.0'), (b'Date', b'Thu, 23 May 2024 11:38:04 GMT'), (b'Content-Type', b'application/json'), (b'Content-Length', b'233'), (b'Connection', b'keep-alive'), (b'Strict-Transport-Security', b'max-age=31536000; includeSubDomains; preload'), (b'Access-Control-Allow-Origin', b'*'), (b'Access-Control-Allow-Methods', b'GET, POST, OPTIONS'), (b'Access-Control-Expose-Headers', b'Content-Length,Content-Type,Date,Server,Connection')])]
[2024-05-23 11:38:04,598]: [_client.py]: _send_single_request: 1773:       INFO:    [HTTP Request: POST https://api.telegram.org/bot6030805959:AAGUHAMxLYc-PrevgKouJ3ZyM7ktu56ftjo/getMe "HTTP/1.1 200 OK"]
[2024-05-23 11:38:04,598]: [_trace.py]: atrace: 85:       DEBUG:    [receive_response_body.started request=<Request [b'POST']>]
[2024-05-23 11:38:04,599]: [_trace.py]: atrace: 85:       DEBUG:    [receive_response_body.complete]
[2024-05-23 11:38:04,599]: [_trace.py]: atrace: 85:       DEBUG:    [response_closed.started]
[2024-05-23 11:38:04,599]: [_trace.py]: atrace: 85:       DEBUG:    [response_closed.complete]
[2024-05-23 11:38:04,599]: [_bot.py]: _do_post: 652:       DEBUG:    [Call to Bot API endpoint `getMe` finished with return value `{'id': 6030805959, 'is_bot': True, 'first_name': 'TyPHoone', 'username': 'TyPHoone_Project_bot', 'can_join_groups': True, 'can_read_all_group_messages': False, 'supports_inline_queries': False, 'can_connect_to_business': False}`]
[2024-05-23 11:38:04,602]: [_bot.py]: _do_post: 643:       DEBUG:    [Calling Bot API endpoint `sendDocument` with parameters `{'chat_id': '-4119703192', 'document': <telegram._files.inputfile.InputFile object at 0x7ff4fe5a4880>}`]
[2024-05-23 11:38:04,603]: [_trace.py]: atrace: 85:       DEBUG:    [send_request_headers.started request=<Request [b'POST']>]
[2024-05-23 11:38:04,603]: [_trace.py]: atrace: 85:       DEBUG:    [send_request_headers.complete]
[2024-05-23 11:38:04,603]: [_trace.py]: atrace: 85:       DEBUG:    [send_request_body.started request=<Request [b'POST']>]
[2024-05-23 11:38:04,604]: [_trace.py]: atrace: 85:       DEBUG:    [send_request_body.complete]
[2024-05-23 11:38:04,604]: [_trace.py]: atrace: 85:       DEBUG:    [receive_response_headers.started request=<Request [b'POST']>]
[2024-05-23 11:38:04,956]: [_trace.py]: atrace: 85:       DEBUG:    [receive_response_headers.complete return_value=(b'HTTP/1.1', 200, b'OK', [(b'Server', b'nginx/1.18.0'), (b'Date', b'Thu, 23 May 2024 11:38:04 GMT'), (b'Content-Type', b'application/json'), (b'Content-Length', b'464'), (b'Connection', b'keep-alive'), (b'Strict-Transport-Security', b'max-age=31536000; includeSubDomains; preload'), (b'Access-Control-Allow-Origin', b'*'), (b'Access-Control-Allow-Methods', b'GET, POST, OPTIONS'), (b'Access-Control-Expose-Headers', b'Content-Length,Content-Type,Date,Server,Connection')])]
[2024-05-23 11:38:04,956]: [_client.py]: _send_single_request: 1773:       INFO:    [HTTP Request: POST https://api.telegram.org/bot6030805959:AAGUHAMxLYc-PrevgKouJ3ZyM7ktu56ftjo/sendDocument "HTTP/1.1 200 OK"]
[2024-05-23 11:38:04,956]: [_trace.py]: atrace: 85:       DEBUG:    [receive_response_body.started request=<Request [b'POST']>]
[2024-05-23 11:38:04,956]: [_trace.py]: atrace: 85:       DEBUG:    [receive_response_body.complete]
[2024-05-23 11:38:04,956]: [_trace.py]: atrace: 85:       DEBUG:    [response_closed.started]
[2024-05-23 11:38:04,956]: [_trace.py]: atrace: 85:       DEBUG:    [response_closed.complete]
[2024-05-23 11:38:04,956]: [_bot.py]: _do_post: 652:       DEBUG:    [Call to Bot API endpoint `sendDocument` finished with return value `{'message_id': 806, 'from': {'id': 6030805959, 'is_bot': True, 'first_name': 'TyPHoone', 'username': 'TyPHoone_Project_bot'}, 'chat': {'id': -4119703192, 'title': 'Robocop', 'type': 'group', 'all_members_are_administrators': True}, 'date': 1716464284, 'document': {'file_name': '(2024_05_23--11_37).log', 'mime_type': 'text/plain', 'file_id': 'BQACAgQAAxkDAAIDJmZPKpy4qFGs_Ng4OlMAAdR-DL1MuAACMREAAgkpeVIQy6DMp_KiUzUE', 'file_unique_id': 'AgADMREAAgkpeVI', 'file_size': 5910}}`]
[2024-05-23 11:38:04,957]: [_trace.py]: atrace: 85:       DEBUG:    [close.started]
[2024-05-23 11:38:04,957]: [_trace.py]: atrace: 85:       DEBUG:    [close.complete]
[2024-05-23 11:38:04,957]: [_config.py]: load_ssl_context: 80:       DEBUG:    [load_ssl_context verify=True cert=None trust_env=True http2=False]
[2024-05-23 11:38:04,958]: [_config.py]: load_ssl_context_verify: 146:       DEBUG:    [load_verify_locations cafile='/opt/hostedtoolcache/Python/3.12.3/x64/lib/python3.12/site-packages/certifi/cacert.pem']
[2024-05-23 11:38:04,987]: [_config.py]: load_ssl_context: 80:       DEBUG:    [load_ssl_context verify=True cert=None trust_env=True http2=False]
[2024-05-23 11:38:04,987]: [_config.py]: load_ssl_context_verify: 146:       DEBUG:    [load_verify_locations cafile='/opt/hostedtoolcache/Python/3.12.3/x64/lib/python3.12/site-packages/certifi/cacert.pem']
[2024-05-23 11:38:05,014]: [_bot.py]: _do_post: 643:       DEBUG:    [Calling Bot API endpoint `getMe` with parameters `{}`]
[2024-05-23 11:38:05,015]: [_trace.py]: atrace: 85:       DEBUG:    [connect_tcp.started host='api.telegram.org' port=443 local_address=None timeout=5.0 socket_options=None]
[2024-05-23 11:38:05,160]: [_trace.py]: atrace: 85:       DEBUG:    [connect_tcp.complete return_value=<httpcore._backends.anyio.AnyIOStream object at 0x7ff4fd8d5d30>]
[2024-05-23 11:38:05,160]: [_trace.py]: atrace: 85:       DEBUG:    [start_tls.started ssl_context=<ssl.SSLContext object at 0x7ff4fe335c50> server_hostname='api.telegram.org' timeout=5.0]
[2024-05-23 11:38:05,308]: [_trace.py]: atrace: 85:       DEBUG:    [start_tls.complete return_value=<httpcore._backends.anyio.AnyIOStream object at 0x7ff4fd8d45c0>]
[2024-05-23 11:38:05,308]: [_trace.py]: atrace: 85:       DEBUG:    [send_request_headers.started request=<Request [b'POST']>]
[2024-05-23 11:38:05,308]: [_trace.py]: atrace: 85:       DEBUG:    [send_request_headers.complete]
[2024-05-23 11:38:05,308]: [_trace.py]: atrace: 85:       DEBUG:    [send_request_body.started request=<Request [b'POST']>]
[2024-05-23 11:38:05,309]: [_trace.py]: atrace: 85:       DEBUG:    [send_request_body.complete]
[2024-05-23 11:38:05,309]: [_trace.py]: atrace: 85:       DEBUG:    [receive_response_headers.started request=<Request [b'POST']>]
[2024-05-23 11:38:05,454]: [_trace.py]: atrace: 85:       DEBUG:    [receive_response_headers.complete return_value=(b'HTTP/1.1', 200, b'OK', [(b'Server', b'nginx/1.18.0'), (b'Date', b'Thu, 23 May 2024 11:38:05 GMT'), (b'Content-Type', b'application/json'), (b'Content-Length', b'233'), (b'Connection', b'keep-alive'), (b'Strict-Transport-Security', b'max-age=31536000; includeSubDomains; preload'), (b'Access-Control-Allow-Origin', b'*'), (b'Access-Control-Allow-Methods', b'GET, POST, OPTIONS'), (b'Access-Control-Expose-Headers', b'Content-Length,Content-Type,Date,Server,Connection')])]
[2024-05-23 11:38:05,454]: [_client.py]: _send_single_request: 1773:       INFO:    [HTTP Request: POST https://api.telegram.org/bot6030805959:AAGUHAMxLYc-PrevgKouJ3ZyM7ktu56ftjo/getMe "HTTP/1.1 200 OK"]
[2024-05-23 11:38:05,455]: [_trace.py]: atrace: 85:       DEBUG:    [receive_response_body.started request=<Request [b'POST']>]
[2024-05-23 11:38:05,455]: [_trace.py]: atrace: 85:       DEBUG:    [receive_response_body.complete]
[2024-05-23 11:38:05,455]: [_trace.py]: atrace: 85:       DEBUG:    [response_closed.started]
[2024-05-23 11:38:05,455]: [_trace.py]: atrace: 85:       DEBUG:    [response_closed.complete]
[2024-05-23 11:38:05,455]: [_bot.py]: _do_post: 652:       DEBUG:    [Call to Bot API endpoint `getMe` finished with return value `{'id': 6030805959, 'is_bot': True, 'first_name': 'TyPHoone', 'username': 'TyPHoone_Project_bot', 'can_join_groups': True, 'can_read_all_group_messages': False, 'supports_inline_queries': False, 'can_connect_to_business': False}`]
[2024-05-23 11:38:05,458]: [_bot.py]: _do_post: 643:       DEBUG:    [Calling Bot API endpoint `sendDocument` with parameters `{'chat_id': '-4119703192', 'document': <telegram._files.inputfile.InputFile object at 0x7ff4fd89edc0>}`]
[2024-05-23 11:38:05,458]: [_trace.py]: atrace: 85:       DEBUG:    [send_request_headers.started request=<Request [b'POST']>]
[2024-05-23 11:38:05,458]: [_trace.py]: atrace: 85:       DEBUG:    [send_request_headers.complete]
[2024-05-23 11:38:05,458]: [_trace.py]: atrace: 85:       DEBUG:    [send_request_body.started request=<Request [b'POST']>]
[2024-05-23 11:38:06,761]: [_trace.py]: atrace: 85:       DEBUG:    [send_request_body.complete]
[2024-05-23 11:38:06,761]: [_trace.py]: atrace: 85:       DEBUG:    [receive_response_headers.started request=<Request [b'POST']>]
[2024-05-23 11:38:07,652]: [_trace.py]: atrace: 85:       DEBUG:    [receive_response_headers.complete return_value=(b'HTTP/1.1', 200, b'OK', [(b'Server', b'nginx/1.18.0'), (b'Date', b'Thu, 23 May 2024 11:38:07 GMT'), (b'Content-Type', b'application/json'), (b'Content-Length', b'478'), (b'Connection', b'keep-alive'), (b'Strict-Transport-Security', b'max-age=31536000; includeSubDomains; preload'), (b'Access-Control-Allow-Origin', b'*'), (b'Access-Control-Allow-Methods', b'GET, POST, OPTIONS'), (b'Access-Control-Expose-Headers', b'Content-Length,Content-Type,Date,Server,Connection')])]
[2024-05-23 11:38:07,652]: [_client.py]: _send_single_request: 1773:       INFO:    [HTTP Request: POST https://api.telegram.org/bot6030805959:AAGUHAMxLYc-PrevgKouJ3ZyM7ktu56ftjo/sendDocument "HTTP/1.1 200 OK"]
[2024-05-23 11:38:07,653]: [_trace.py]: atrace: 85:       DEBUG:    [receive_response_body.started request=<Request [b'POST']>]
[2024-05-23 11:38:07,653]: [_trace.py]: atrace: 85:       DEBUG:    [receive_response_body.complete]
[2024-05-23 11:38:07,653]: [_trace.py]: atrace: 85:       DEBUG:    [response_closed.started]
[2024-05-23 11:38:07,653]: [_trace.py]: atrace: 85:       DEBUG:    [response_closed.complete]
[2024-05-23 11:38:07,653]: [_bot.py]: _do_post: 652:       DEBUG:    [Call to Bot API endpoint `sendDocument` finished with return value `{'message_id': 807, 'from': {'id': 6030805959, 'is_bot': True, 'first_name': 'TyPHoone', 'username': 'TyPHoone_Project_bot'}, 'chat': {'id': -4119703192, 'title': 'Robocop', 'type': 'group', 'all_members_are_administrators': True}, 'date': 1716464287, 'document': {'file_name': '(2024_05_23--11_37)output.zip', 'mime_type': 'application/zip', 'file_id': 'BQACAgQAAxkDAAIDJ2ZPKp8hYZ451KVA7QdQblAw_xswAAIyEQACCSl5UpaWeDq-t7A6NQQ', 'file_unique_id': 'AgADMhEAAgkpeVI', 'file_size': 10433310}}`]
[2024-05-23 11:38:07,654]: [_trace.py]: atrace: 85:       DEBUG:    [close.started]
[2024-05-23 11:38:07,654]: [_trace.py]: atrace: 85:       DEBUG:    [close.complete]
[2024-05-23 11:38:07,654]: [Telegram_Sender.py]: runner: 61:       INFO:    [sent successfully]
[2024-05-23 11:38:07,654]: [Main.py]: <module>: 48:       INFO:    [Finished]
