[2025-07-19 11:40:37,823]: [Main.py]: <module>: 21:       INFO:    [Started]
[2025-07-19 11:40:39,240]: [Iron_Scraper.py]: Scrap: 32:       INFO:    [Data Scaraped Successfully]
[2025-07-19 11:40:39,435]: [Iron_Scraper.py]: Scrap: 70:       INFO:    [Scrapped Data Has No Problem]
[2025-07-19 11:40:39,436]: [Iron_Scraper.py]: Scrap: 83:       INFO:    [Data Saved Successfully]
[2025-07-19 11:40:39,436]: [Iron.py]: Run: 26:       INFO:    [Scraping Phase Completed]
[2025-07-19 11:40:39,436]: [Iron_Data_Processor.py]: Data_Reader: 61:       INFO:    [Data File Has Been Red Successfully]
[2025-07-19 11:40:39,436]: [Iron_Data_Processor.py]: Shaper: 78:       INFO:    [Data Shaped]
[2025-07-19 11:40:39,436]: [Iron_Data_Processor.py]: Process: 228:       INFO:    [Data Cleaned]
[2025-07-19 11:40:39,436]: [Iron_Data_Processor.py]: Make_Pages_Objects: 101:       INFO:    [Page Objects Has Been Made]
[2025-07-19 11:40:39,436]: [Iron_Data_Processor.py]: Make_Pages_Objects: 101:       INFO:    [Page Objects Has Been Made]
[2025-07-19 11:40:39,437]: [Iron_Data_Processor.py]: Load_Data: 118:       INFO:    [Data Has Been Load]
[2025-07-19 11:40:39,437]: [Iron_Data_Processor.py]: Load_Data: 118:       INFO:    [Data Has Been Load]
[2025-07-19 11:40:39,437]: [Iron_Data_Processor.py]: Load_positions: 140:       INFO:    [Positions Are Ready]
[2025-07-19 11:40:39,437]: [Iron_Data_Processor.py]: Load_positions: 140:       INFO:    [Positions Are Ready]
[2025-07-19 11:40:40,541]: [Iron_Data_Processor.py]: Make_Tagged_Images: 193:       INFO:    [Images Has Been Made]
[2025-07-19 11:40:41,479]: [Iron_Data_Processor.py]: Make_Tagged_Images: 193:       INFO:    [Images Has Been Made]
[2025-07-19 11:40:41,732]: [Iron_Data_Processor.py]: Make_Cover_Page: 215:       INFO:    [Made Cover Pages]
[2025-07-19 11:40:41,733]: [Iron.py]: Run: 29:       INFO:    [Imagination Phase Completed]
[2025-07-19 11:40:45,281]: [Phone_Scraper.py]: Scrap: 58:       INFO:    [Data Scraped]
[2025-07-19 11:40:45,281]: [Phone_Scraper.py]: Scrap: 71:       INFO:    [Scraped Data Successfully]
[2025-07-19 11:40:45,281]: [Phone.py]: Run: 26:       INFO:    [Scraping Phase Complete]
[2025-07-19 11:40:45,282]: [Phone_Data_Processor.py]: data_reader: 38:       INFO:    [Scraped Data Loaded]
[2025-07-19 11:40:45,283]: [Phone_Data_Processor.py]: filter_list: 65:       INFO:    [Persian Phrases Are deleted]
[2025-07-19 11:40:45,283]: [Phone_Data_Processor.py]: reshape_list: 87:       INFO:    [Date Reshaped]
[2025-07-19 11:40:45,283]: [Phone_Data_Processor.py]: separate_brands: 124:       INFO:    [Brands Are Separated]
[2025-07-19 11:40:45,284]: [Phone_Data_Processor.py]: delete_extra_spaces: 141:       INFO:    [Extra Spaces Are Deleted]
[2025-07-19 11:40:46,038]: [Phone.py]: Run: 29:       INFO:    [Imagination Phase Complete]
[2025-07-19 11:40:46,038]: [selector_events.py]: __init__: 64:       DEBUG:    [Using selector: EpollSelector]
[2025-07-19 11:40:46,313]: [_bot.py]: _do_post: 643:       DEBUG:    [Calling Bot API endpoint `getMe` with parameters `{}`]
[2025-07-19 11:40:46,317]: [_trace.py]: atrace: 87:       DEBUG:    [connect_tcp.started host='api.telegram.org' port=443 local_address=None timeout=5.0 socket_options=None]
[2025-07-19 11:40:46,592]: [_trace.py]: atrace: 87:       DEBUG:    [connect_tcp.complete return_value=<httpcore._backends.anyio.AnyIOStream object at 0x7f51bca93e30>]
[2025-07-19 11:40:46,592]: [_trace.py]: atrace: 87:       DEBUG:    [start_tls.started ssl_context=<ssl.SSLContext object at 0x7f51bd48f750> server_hostname='api.telegram.org' timeout=5.0]
[2025-07-19 11:40:46,682]: [_trace.py]: atrace: 87:       DEBUG:    [start_tls.complete return_value=<httpcore._backends.anyio.AnyIOStream object at 0x7f51c47e8b90>]
[2025-07-19 11:40:46,682]: [_trace.py]: atrace: 87:       DEBUG:    [send_request_headers.started request=<Request [b'POST']>]
[2025-07-19 11:40:46,682]: [_trace.py]: atrace: 87:       DEBUG:    [send_request_headers.complete]
[2025-07-19 11:40:46,682]: [_trace.py]: atrace: 87:       DEBUG:    [send_request_body.started request=<Request [b'POST']>]
[2025-07-19 11:40:46,683]: [_trace.py]: atrace: 87:       DEBUG:    [send_request_body.complete]
[2025-07-19 11:40:46,683]: [_trace.py]: atrace: 87:       DEBUG:    [receive_response_headers.started request=<Request [b'POST']>]
[2025-07-19 11:40:46,771]: [_trace.py]: atrace: 87:       DEBUG:    [receive_response_headers.complete return_value=(b'HTTP/1.1', 200, b'OK', [(b'Server', b'nginx/1.18.0'), (b'Date', b'Sat, 19 Jul 2025 11:40:46 GMT'), (b'Content-Type', b'application/json'), (b'Content-Length', b'258'), (b'Connection', b'keep-alive'), (b'Strict-Transport-Security', b'max-age=31536000; includeSubDomains; preload'), (b'Access-Control-Allow-Origin', b'*'), (b'Access-Control-Allow-Methods', b'GET, POST, OPTIONS'), (b'Access-Control-Expose-Headers', b'Content-Length,Content-Type,Date,Server,Connection')])]
[2025-07-19 11:40:46,771]: [_client.py]: _send_single_request: 1740:       INFO:    [HTTP Request: POST https://api.telegram.org/bot6030805959:AAGUHAMxLYc-PrevgKouJ3ZyM7ktu56ftjo/getMe "HTTP/1.1 200 OK"]
[2025-07-19 11:40:46,771]: [_trace.py]: atrace: 87:       DEBUG:    [receive_response_body.started request=<Request [b'POST']>]
[2025-07-19 11:40:46,772]: [_trace.py]: atrace: 87:       DEBUG:    [receive_response_body.complete]
[2025-07-19 11:40:46,772]: [_trace.py]: atrace: 87:       DEBUG:    [response_closed.started]
[2025-07-19 11:40:46,772]: [_trace.py]: atrace: 87:       DEBUG:    [response_closed.complete]
[2025-07-19 11:40:46,772]: [_bot.py]: _do_post: 652:       DEBUG:    [Call to Bot API endpoint `getMe` finished with return value `{'id': 6030805959, 'is_bot': True, 'first_name': 'TyPHoone', 'username': 'TyPHoone_Project_bot', 'can_join_groups': True, 'can_read_all_group_messages': False, 'supports_inline_queries': False, 'can_connect_to_business': False, 'has_main_web_app': False}`]
[2025-07-19 11:40:46,775]: [_bot.py]: _do_post: 643:       DEBUG:    [Calling Bot API endpoint `sendDocument` with parameters `{'chat_id': '-4119703192', 'document': <telegram._files.inputfile.InputFile object at 0x7f51bca19c40>}`]
[2025-07-19 11:40:46,775]: [_trace.py]: atrace: 87:       DEBUG:    [send_request_headers.started request=<Request [b'POST']>]
[2025-07-19 11:40:46,775]: [_trace.py]: atrace: 87:       DEBUG:    [send_request_headers.complete]
[2025-07-19 11:40:46,775]: [_trace.py]: atrace: 87:       DEBUG:    [send_request_body.started request=<Request [b'POST']>]
[2025-07-19 11:40:46,776]: [_trace.py]: atrace: 87:       DEBUG:    [send_request_body.complete]
[2025-07-19 11:40:46,776]: [_trace.py]: atrace: 87:       DEBUG:    [receive_response_headers.started request=<Request [b'POST']>]
[2025-07-19 11:40:46,896]: [_trace.py]: atrace: 87:       DEBUG:    [receive_response_headers.complete return_value=(b'HTTP/1.1', 200, b'OK', [(b'Server', b'nginx/1.18.0'), (b'Date', b'Sat, 19 Jul 2025 11:40:46 GMT'), (b'Content-Type', b'application/json'), (b'Content-Length', b'584'), (b'Connection', b'keep-alive'), (b'Strict-Transport-Security', b'max-age=31536000; includeSubDomains; preload'), (b'Access-Control-Allow-Origin', b'*'), (b'Access-Control-Allow-Methods', b'GET, POST, OPTIONS'), (b'Access-Control-Expose-Headers', b'Content-Length,Content-Type,Date,Server,Connection')])]
[2025-07-19 11:40:46,896]: [_client.py]: _send_single_request: 1740:       INFO:    [HTTP Request: POST https://api.telegram.org/bot6030805959:AAGUHAMxLYc-PrevgKouJ3ZyM7ktu56ftjo/sendDocument "HTTP/1.1 200 OK"]
[2025-07-19 11:40:46,896]: [_trace.py]: atrace: 87:       DEBUG:    [receive_response_body.started request=<Request [b'POST']>]
[2025-07-19 11:40:46,897]: [_trace.py]: atrace: 87:       DEBUG:    [receive_response_body.complete]
[2025-07-19 11:40:46,897]: [_trace.py]: atrace: 87:       DEBUG:    [response_closed.started]
[2025-07-19 11:40:46,897]: [_trace.py]: atrace: 87:       DEBUG:    [response_closed.complete]
[2025-07-19 11:40:46,897]: [_bot.py]: _do_post: 652:       DEBUG:    [Call to Bot API endpoint `sendDocument` finished with return value `{'message_id': 2489, 'from': {'id': 6030805959, 'is_bot': True, 'first_name': 'TyPHoone', 'username': 'TyPHoone_Project_bot'}, 'chat': {'id': -4119703192, 'title': 'Robocop', 'type': 'group', 'all_members_are_administrators': True, 'accepted_gift_types': {'unlimited_gifts': False, 'limited_gifts': False, 'unique_gifts': False, 'premium_subscription': False}}, 'date': 1752925246, 'document': {'file_name': '(2025_07_19--11_40).log', 'mime_type': 'text/plain', 'file_id': 'BQACAgQAAxkDAAIJuWh7hD69MK0k_h-yOwn-FMLSoWskAALxGgACiKrgU6vwbxEXFeTtNgQ', 'file_unique_id': 'AgAD8RoAAoiq4FM', 'file_size': 5937}}`]
[2025-07-19 11:40:46,897]: [_trace.py]: atrace: 87:       DEBUG:    [close.started]
[2025-07-19 11:40:46,898]: [_trace.py]: atrace: 87:       DEBUG:    [close.complete]
[2025-07-19 11:40:46,940]: [_bot.py]: _do_post: 643:       DEBUG:    [Calling Bot API endpoint `getMe` with parameters `{}`]
[2025-07-19 11:40:46,941]: [_trace.py]: atrace: 87:       DEBUG:    [connect_tcp.started host='api.telegram.org' port=443 local_address=None timeout=5.0 socket_options=None]
[2025-07-19 11:40:47,031]: [_trace.py]: atrace: 87:       DEBUG:    [connect_tcp.complete return_value=<httpcore._backends.anyio.AnyIOStream object at 0x7f51bcaf1100>]
[2025-07-19 11:40:47,031]: [_trace.py]: atrace: 87:       DEBUG:    [start_tls.started ssl_context=<ssl.SSLContext object at 0x7f51bd48f650> server_hostname='api.telegram.org' timeout=5.0]
[2025-07-19 11:40:47,122]: [_trace.py]: atrace: 87:       DEBUG:    [start_tls.complete return_value=<httpcore._backends.anyio.AnyIOStream object at 0x7f51bd7972f0>]
[2025-07-19 11:40:47,122]: [_trace.py]: atrace: 87:       DEBUG:    [send_request_headers.started request=<Request [b'POST']>]
[2025-07-19 11:40:47,122]: [_trace.py]: atrace: 87:       DEBUG:    [send_request_headers.complete]
[2025-07-19 11:40:47,122]: [_trace.py]: atrace: 87:       DEBUG:    [send_request_body.started request=<Request [b'POST']>]
[2025-07-19 11:40:47,122]: [_trace.py]: atrace: 87:       DEBUG:    [send_request_body.complete]
[2025-07-19 11:40:47,122]: [_trace.py]: atrace: 87:       DEBUG:    [receive_response_headers.started request=<Request [b'POST']>]
[2025-07-19 11:40:47,212]: [_trace.py]: atrace: 87:       DEBUG:    [receive_response_headers.complete return_value=(b'HTTP/1.1', 200, b'OK', [(b'Server', b'nginx/1.18.0'), (b'Date', b'Sat, 19 Jul 2025 11:40:47 GMT'), (b'Content-Type', b'application/json'), (b'Content-Length', b'258'), (b'Connection', b'keep-alive'), (b'Strict-Transport-Security', b'max-age=31536000; includeSubDomains; preload'), (b'Access-Control-Allow-Origin', b'*'), (b'Access-Control-Allow-Methods', b'GET, POST, OPTIONS'), (b'Access-Control-Expose-Headers', b'Content-Length,Content-Type,Date,Server,Connection')])]
[2025-07-19 11:40:47,213]: [_client.py]: _send_single_request: 1740:       INFO:    [HTTP Request: POST https://api.telegram.org/bot6030805959:AAGUHAMxLYc-PrevgKouJ3ZyM7ktu56ftjo/getMe "HTTP/1.1 200 OK"]
[2025-07-19 11:40:47,213]: [_trace.py]: atrace: 87:       DEBUG:    [receive_response_body.started request=<Request [b'POST']>]
[2025-07-19 11:40:47,213]: [_trace.py]: atrace: 87:       DEBUG:    [receive_response_body.complete]
[2025-07-19 11:40:47,213]: [_trace.py]: atrace: 87:       DEBUG:    [response_closed.started]
[2025-07-19 11:40:47,213]: [_trace.py]: atrace: 87:       DEBUG:    [response_closed.complete]
[2025-07-19 11:40:47,213]: [_bot.py]: _do_post: 652:       DEBUG:    [Call to Bot API endpoint `getMe` finished with return value `{'id': 6030805959, 'is_bot': True, 'first_name': 'TyPHoone', 'username': 'TyPHoone_Project_bot', 'can_join_groups': True, 'can_read_all_group_messages': False, 'supports_inline_queries': False, 'can_connect_to_business': False, 'has_main_web_app': False}`]
[2025-07-19 11:40:47,215]: [_bot.py]: _do_post: 643:       DEBUG:    [Calling Bot API endpoint `sendDocument` with parameters `{'chat_id': '-4119703192', 'document': <telegram._files.inputfile.InputFile object at 0x7f51bd4dce80>}`]
[2025-07-19 11:40:47,216]: [_trace.py]: atrace: 87:       DEBUG:    [send_request_headers.started request=<Request [b'POST']>]
[2025-07-19 11:40:47,216]: [_trace.py]: atrace: 87:       DEBUG:    [send_request_headers.complete]
[2025-07-19 11:40:47,216]: [_trace.py]: atrace: 87:       DEBUG:    [send_request_body.started request=<Request [b'POST']>]
[2025-07-19 11:40:48,053]: [_trace.py]: atrace: 87:       DEBUG:    [send_request_body.complete]
[2025-07-19 11:40:48,053]: [_trace.py]: atrace: 87:       DEBUG:    [receive_response_headers.started request=<Request [b'POST']>]
[2025-07-19 11:40:48,658]: [_trace.py]: atrace: 87:       DEBUG:    [receive_response_headers.complete return_value=(b'HTTP/1.1', 200, b'OK', [(b'Server', b'nginx/1.18.0'), (b'Date', b'Sat, 19 Jul 2025 11:40:48 GMT'), (b'Content-Type', b'application/json'), (b'Content-Length', b'599'), (b'Connection', b'keep-alive'), (b'Strict-Transport-Security', b'max-age=31536000; includeSubDomains; preload'), (b'Access-Control-Allow-Origin', b'*'), (b'Access-Control-Allow-Methods', b'GET, POST, OPTIONS'), (b'Access-Control-Expose-Headers', b'Content-Length,Content-Type,Date,Server,Connection')])]
[2025-07-19 11:40:48,658]: [_client.py]: _send_single_request: 1740:       INFO:    [HTTP Request: POST https://api.telegram.org/bot6030805959:AAGUHAMxLYc-PrevgKouJ3ZyM7ktu56ftjo/sendDocument "HTTP/1.1 200 OK"]
[2025-07-19 11:40:48,658]: [_trace.py]: atrace: 87:       DEBUG:    [receive_response_body.started request=<Request [b'POST']>]
[2025-07-19 11:40:48,658]: [_trace.py]: atrace: 87:       DEBUG:    [receive_response_body.complete]
[2025-07-19 11:40:48,658]: [_trace.py]: atrace: 87:       DEBUG:    [response_closed.started]
[2025-07-19 11:40:48,658]: [_trace.py]: atrace: 87:       DEBUG:    [response_closed.complete]
[2025-07-19 11:40:48,658]: [_bot.py]: _do_post: 652:       DEBUG:    [Call to Bot API endpoint `sendDocument` finished with return value `{'message_id': 2490, 'from': {'id': 6030805959, 'is_bot': True, 'first_name': 'TyPHoone', 'username': 'TyPHoone_Project_bot'}, 'chat': {'id': -4119703192, 'title': 'Robocop', 'type': 'group', 'all_members_are_administrators': True, 'accepted_gift_types': {'unlimited_gifts': False, 'limited_gifts': False, 'unique_gifts': False, 'premium_subscription': False}}, 'date': 1752925248, 'document': {'file_name': '(2025_07_19--11_40)output.zip', 'mime_type': 'application/zip', 'file_id': 'BQACAgQAAxkDAAIJumh7hEDXbW4xPSbJPf58PQMPvGB8AALyGgACiKrgUxjnwJC4jGwJNgQ', 'file_unique_id': 'AgAD8hoAAoiq4FM', 'file_size': 10123687}}`]
[2025-07-19 11:40:48,659]: [_trace.py]: atrace: 87:       DEBUG:    [close.started]
[2025-07-19 11:40:48,659]: [_trace.py]: atrace: 87:       DEBUG:    [close.complete]
[2025-07-19 11:40:48,659]: [Telegram_Sender.py]: runner: 61:       INFO:    [sent successfully]
[2025-07-19 11:40:48,660]: [Main.py]: <module>: 48:       INFO:    [Finished]
