[2024-05-28 11:37:19,146]: [Main.py]: <module>: 21:       INFO:    [Started]
[2024-05-28 11:37:20,529]: [Iron_Scraper.py]: Scrap: 32:       INFO:    [Data Scaraped Successfully]
[2024-05-28 11:37:20,816]: [Iron_Scraper.py]: Scrap: 70:       INFO:    [Scrapped Data Has No Problem]
[2024-05-28 11:37:20,817]: [Iron_Scraper.py]: Scrap: 83:       INFO:    [Data Saved Successfully]
[2024-05-28 11:37:20,817]: [Iron.py]: Run: 26:       INFO:    [Scraping Phase Completed]
[2024-05-28 11:37:20,817]: [Iron_Data_Processor.py]: Data_Reader: 61:       INFO:    [Data File Has Been Red Successfully]
[2024-05-28 11:37:20,817]: [Iron_Data_Processor.py]: Shaper: 78:       INFO:    [Data Shaped]
[2024-05-28 11:37:20,818]: [Iron_Data_Processor.py]: Process: 228:       INFO:    [Data Cleaned]
[2024-05-28 11:37:20,818]: [Iron_Data_Processor.py]: Make_Pages_Objects: 101:       INFO:    [Page Objects Has Been Made]
[2024-05-28 11:37:20,818]: [Iron_Data_Processor.py]: Make_Pages_Objects: 101:       INFO:    [Page Objects Has Been Made]
[2024-05-28 11:37:20,818]: [Iron_Data_Processor.py]: Load_Data: 118:       INFO:    [Data Has Been Load]
[2024-05-28 11:37:20,818]: [Iron_Data_Processor.py]: Load_Data: 118:       INFO:    [Data Has Been Load]
[2024-05-28 11:37:20,818]: [Iron_Data_Processor.py]: Load_positions: 140:       INFO:    [Positions Are Ready]
[2024-05-28 11:37:20,819]: [Iron_Data_Processor.py]: Load_positions: 140:       INFO:    [Positions Are Ready]
[2024-05-28 11:37:22,002]: [Iron_Data_Processor.py]: Make_Tagged_Images: 193:       INFO:    [Images Has Been Made]
[2024-05-28 11:37:22,997]: [Iron_Data_Processor.py]: Make_Tagged_Images: 193:       INFO:    [Images Has Been Made]
[2024-05-28 11:37:23,255]: [Iron_Data_Processor.py]: Make_Cover_Page: 215:       INFO:    [Made Cover Pages]
[2024-05-28 11:37:23,255]: [Iron.py]: Run: 29:       INFO:    [Imagination Phase Completed]
[2024-05-28 11:37:26,488]: [Phone_Scraper.py]: Scrap: 58:       INFO:    [Data Scraped]
[2024-05-28 11:37:26,488]: [Phone_Scraper.py]: Scrap: 71:       INFO:    [Scraped Data Successfully]
[2024-05-28 11:37:26,488]: [Phone.py]: Run: 26:       INFO:    [Scraping Phase Complete]
[2024-05-28 11:37:26,489]: [Phone_Data_Processor.py]: data_reader: 38:       INFO:    [Scraped Data Loaded]
[2024-05-28 11:37:26,490]: [Phone_Data_Processor.py]: filter_list: 65:       INFO:    [Persian Phrases Are deleted]
[2024-05-28 11:37:26,491]: [Phone_Data_Processor.py]: reshape_list: 87:       INFO:    [Date Reshaped]
[2024-05-28 11:37:26,491]: [Phone_Data_Processor.py]: separate_brands: 124:       INFO:    [Brands Are Separated]
[2024-05-28 11:37:26,492]: [Phone_Data_Processor.py]: delete_extra_spaces: 141:       INFO:    [Extra Spaces Are Deleted]
[2024-05-28 11:37:27,454]: [Phone.py]: Run: 29:       INFO:    [Imagination Phase Complete]
[2024-05-28 11:37:27,454]: [selector_events.py]: __init__: 64:       DEBUG:    [Using selector: EpollSelector]
[2024-05-28 11:37:27,817]: [_bot.py]: _do_post: 643:       DEBUG:    [Calling Bot API endpoint `getMe` with parameters `{}`]
[2024-05-28 11:37:27,822]: [_trace.py]: atrace: 85:       DEBUG:    [connect_tcp.started host='api.telegram.org' port=443 local_address=None timeout=5.0 socket_options=None]
[2024-05-28 11:37:27,946]: [_trace.py]: atrace: 85:       DEBUG:    [connect_tcp.complete return_value=<httpcore._backends.anyio.AnyIOStream object at 0x7ff8982b4ad0>]
[2024-05-28 11:37:27,946]: [_trace.py]: atrace: 85:       DEBUG:    [start_tls.started ssl_context=<ssl.SSLContext object at 0x7ff898d36450> server_hostname='api.telegram.org' timeout=5.0]
[2024-05-28 11:37:28,037]: [_trace.py]: atrace: 85:       DEBUG:    [start_tls.complete return_value=<httpcore._backends.anyio.AnyIOStream object at 0x7ff89938cec0>]
[2024-05-28 11:37:28,037]: [_trace.py]: atrace: 85:       DEBUG:    [send_request_headers.started request=<Request [b'POST']>]
[2024-05-28 11:37:28,038]: [_trace.py]: atrace: 85:       DEBUG:    [send_request_headers.complete]
[2024-05-28 11:37:28,038]: [_trace.py]: atrace: 85:       DEBUG:    [send_request_body.started request=<Request [b'POST']>]
[2024-05-28 11:37:28,038]: [_trace.py]: atrace: 85:       DEBUG:    [send_request_body.complete]
[2024-05-28 11:37:28,038]: [_trace.py]: atrace: 85:       DEBUG:    [receive_response_headers.started request=<Request [b'POST']>]
[2024-05-28 11:37:28,153]: [_trace.py]: atrace: 85:       DEBUG:    [receive_response_headers.complete return_value=(b'HTTP/1.1', 200, b'OK', [(b'Server', b'nginx/1.18.0'), (b'Date', b'Tue, 28 May 2024 11:37:28 GMT'), (b'Content-Type', b'application/json'), (b'Content-Length', b'233'), (b'Connection', b'keep-alive'), (b'Strict-Transport-Security', b'max-age=31536000; includeSubDomains; preload'), (b'Access-Control-Allow-Origin', b'*'), (b'Access-Control-Allow-Methods', b'GET, POST, OPTIONS'), (b'Access-Control-Expose-Headers', b'Content-Length,Content-Type,Date,Server,Connection')])]
[2024-05-28 11:37:28,154]: [_client.py]: _send_single_request: 1773:       INFO:    [HTTP Request: POST https://api.telegram.org/bot6030805959:AAGUHAMxLYc-PrevgKouJ3ZyM7ktu56ftjo/getMe "HTTP/1.1 200 OK"]
[2024-05-28 11:37:28,154]: [_trace.py]: atrace: 85:       DEBUG:    [receive_response_body.started request=<Request [b'POST']>]
[2024-05-28 11:37:28,154]: [_trace.py]: atrace: 85:       DEBUG:    [receive_response_body.complete]
[2024-05-28 11:37:28,154]: [_trace.py]: atrace: 85:       DEBUG:    [response_closed.started]
[2024-05-28 11:37:28,154]: [_trace.py]: atrace: 85:       DEBUG:    [response_closed.complete]
[2024-05-28 11:37:28,154]: [_bot.py]: _do_post: 652:       DEBUG:    [Call to Bot API endpoint `getMe` finished with return value `{'id': 6030805959, 'is_bot': True, 'first_name': 'TyPHoone', 'username': 'TyPHoone_Project_bot', 'can_join_groups': True, 'can_read_all_group_messages': False, 'supports_inline_queries': False, 'can_connect_to_business': False}`]
[2024-05-28 11:37:28,158]: [_bot.py]: _do_post: 643:       DEBUG:    [Calling Bot API endpoint `sendDocument` with parameters `{'chat_id': '-4119703192', 'document': <telegram._files.inputfile.InputFile object at 0x7ff898bc1180>}`]
[2024-05-28 11:37:28,158]: [_trace.py]: atrace: 85:       DEBUG:    [send_request_headers.started request=<Request [b'POST']>]
[2024-05-28 11:37:28,159]: [_trace.py]: atrace: 85:       DEBUG:    [send_request_headers.complete]
[2024-05-28 11:37:28,159]: [_trace.py]: atrace: 85:       DEBUG:    [send_request_body.started request=<Request [b'POST']>]
[2024-05-28 11:37:28,159]: [_trace.py]: atrace: 85:       DEBUG:    [send_request_body.complete]
[2024-05-28 11:37:28,159]: [_trace.py]: atrace: 85:       DEBUG:    [receive_response_headers.started request=<Request [b'POST']>]
[2024-05-28 11:37:28,404]: [_trace.py]: atrace: 85:       DEBUG:    [receive_response_headers.complete return_value=(b'HTTP/1.1', 200, b'OK', [(b'Server', b'nginx/1.18.0'), (b'Date', b'Tue, 28 May 2024 11:37:28 GMT'), (b'Content-Type', b'application/json'), (b'Content-Length', b'463'), (b'Connection', b'keep-alive'), (b'Strict-Transport-Security', b'max-age=31536000; includeSubDomains; preload'), (b'Access-Control-Allow-Origin', b'*'), (b'Access-Control-Allow-Methods', b'GET, POST, OPTIONS'), (b'Access-Control-Expose-Headers', b'Content-Length,Content-Type,Date,Server,Connection')])]
[2024-05-28 11:37:28,404]: [_client.py]: _send_single_request: 1773:       INFO:    [HTTP Request: POST https://api.telegram.org/bot6030805959:AAGUHAMxLYc-PrevgKouJ3ZyM7ktu56ftjo/sendDocument "HTTP/1.1 200 OK"]
[2024-05-28 11:37:28,404]: [_trace.py]: atrace: 85:       DEBUG:    [receive_response_body.started request=<Request [b'POST']>]
[2024-05-28 11:37:28,404]: [_trace.py]: atrace: 85:       DEBUG:    [receive_response_body.complete]
[2024-05-28 11:37:28,404]: [_trace.py]: atrace: 85:       DEBUG:    [response_closed.started]
[2024-05-28 11:37:28,405]: [_trace.py]: atrace: 85:       DEBUG:    [response_closed.complete]
[2024-05-28 11:37:28,405]: [_bot.py]: _do_post: 652:       DEBUG:    [Call to Bot API endpoint `sendDocument` finished with return value `{'message_id': 816, 'from': {'id': 6030805959, 'is_bot': True, 'first_name': 'TyPHoone', 'username': 'TyPHoone_Project_bot'}, 'chat': {'id': -4119703192, 'title': 'Robocop', 'type': 'group', 'all_members_are_administrators': True}, 'date': 1716896248, 'document': {'file_name': '(2024_05_28--11_37).log', 'mime_type': 'text/plain', 'file_id': 'BQACAgQAAxkDAAIDMGZVwfiP_PTgubTLK2h8qONVdSgBAAKnEwAC38ypUk7E9_YkPZTgNQQ', 'file_unique_id': 'AgADpxMAAt_MqVI', 'file_size': 5910}}`]
[2024-05-28 11:37:28,405]: [_trace.py]: atrace: 85:       DEBUG:    [close.started]
[2024-05-28 11:37:28,405]: [_trace.py]: atrace: 85:       DEBUG:    [close.complete]
[2024-05-28 11:37:28,406]: [_config.py]: load_ssl_context: 80:       DEBUG:    [load_ssl_context verify=True cert=None trust_env=True http2=False]
[2024-05-28 11:37:28,406]: [_config.py]: load_ssl_context_verify: 146:       DEBUG:    [load_verify_locations cafile='/opt/hostedtoolcache/Python/3.12.3/x64/lib/python3.12/site-packages/certifi/cacert.pem']
[2024-05-28 11:37:28,433]: [_config.py]: load_ssl_context: 80:       DEBUG:    [load_ssl_context verify=True cert=None trust_env=True http2=False]
[2024-05-28 11:37:28,433]: [_config.py]: load_ssl_context_verify: 146:       DEBUG:    [load_verify_locations cafile='/opt/hostedtoolcache/Python/3.12.3/x64/lib/python3.12/site-packages/certifi/cacert.pem']
[2024-05-28 11:37:28,460]: [_bot.py]: _do_post: 643:       DEBUG:    [Calling Bot API endpoint `getMe` with parameters `{}`]
[2024-05-28 11:37:28,461]: [_trace.py]: atrace: 85:       DEBUG:    [connect_tcp.started host='api.telegram.org' port=443 local_address=None timeout=5.0 socket_options=None]
[2024-05-28 11:37:28,551]: [_trace.py]: atrace: 85:       DEBUG:    [connect_tcp.complete return_value=<httpcore._backends.anyio.AnyIOStream object at 0x7ff89904d5e0>]
[2024-05-28 11:37:28,552]: [_trace.py]: atrace: 85:       DEBUG:    [start_tls.started ssl_context=<ssl.SSLContext object at 0x7ff898d36250> server_hostname='api.telegram.org' timeout=5.0]
[2024-05-28 11:37:28,644]: [_trace.py]: atrace: 85:       DEBUG:    [start_tls.complete return_value=<httpcore._backends.anyio.AnyIOStream object at 0x7ff8988bc260>]
[2024-05-28 11:37:28,644]: [_trace.py]: atrace: 85:       DEBUG:    [send_request_headers.started request=<Request [b'POST']>]
[2024-05-28 11:37:28,644]: [_trace.py]: atrace: 85:       DEBUG:    [send_request_headers.complete]
[2024-05-28 11:37:28,644]: [_trace.py]: atrace: 85:       DEBUG:    [send_request_body.started request=<Request [b'POST']>]
[2024-05-28 11:37:28,645]: [_trace.py]: atrace: 85:       DEBUG:    [send_request_body.complete]
[2024-05-28 11:37:28,645]: [_trace.py]: atrace: 85:       DEBUG:    [receive_response_headers.started request=<Request [b'POST']>]
[2024-05-28 11:37:28,734]: [_trace.py]: atrace: 85:       DEBUG:    [receive_response_headers.complete return_value=(b'HTTP/1.1', 200, b'OK', [(b'Server', b'nginx/1.18.0'), (b'Date', b'Tue, 28 May 2024 11:37:28 GMT'), (b'Content-Type', b'application/json'), (b'Content-Length', b'233'), (b'Connection', b'keep-alive'), (b'Strict-Transport-Security', b'max-age=31536000; includeSubDomains; preload'), (b'Access-Control-Allow-Origin', b'*'), (b'Access-Control-Allow-Methods', b'GET, POST, OPTIONS'), (b'Access-Control-Expose-Headers', b'Content-Length,Content-Type,Date,Server,Connection')])]
[2024-05-28 11:37:28,734]: [_client.py]: _send_single_request: 1773:       INFO:    [HTTP Request: POST https://api.telegram.org/bot6030805959:AAGUHAMxLYc-PrevgKouJ3ZyM7ktu56ftjo/getMe "HTTP/1.1 200 OK"]
[2024-05-28 11:37:28,734]: [_trace.py]: atrace: 85:       DEBUG:    [receive_response_body.started request=<Request [b'POST']>]
[2024-05-28 11:37:28,735]: [_trace.py]: atrace: 85:       DEBUG:    [receive_response_body.complete]
[2024-05-28 11:37:28,735]: [_trace.py]: atrace: 85:       DEBUG:    [response_closed.started]
[2024-05-28 11:37:28,735]: [_trace.py]: atrace: 85:       DEBUG:    [response_closed.complete]
[2024-05-28 11:37:28,735]: [_bot.py]: _do_post: 652:       DEBUG:    [Call to Bot API endpoint `getMe` finished with return value `{'id': 6030805959, 'is_bot': True, 'first_name': 'TyPHoone', 'username': 'TyPHoone_Project_bot', 'can_join_groups': True, 'can_read_all_group_messages': False, 'supports_inline_queries': False, 'can_connect_to_business': False}`]
[2024-05-28 11:37:28,738]: [_bot.py]: _do_post: 643:       DEBUG:    [Calling Bot API endpoint `sendDocument` with parameters `{'chat_id': '-4119703192', 'document': <telegram._files.inputfile.InputFile object at 0x7ff8982aac40>}`]
[2024-05-28 11:37:28,738]: [_trace.py]: atrace: 85:       DEBUG:    [send_request_headers.started request=<Request [b'POST']>]
[2024-05-28 11:37:28,738]: [_trace.py]: atrace: 85:       DEBUG:    [send_request_headers.complete]
[2024-05-28 11:37:28,738]: [_trace.py]: atrace: 85:       DEBUG:    [send_request_body.started request=<Request [b'POST']>]
[2024-05-28 11:37:29,622]: [_trace.py]: atrace: 85:       DEBUG:    [send_request_body.complete]
[2024-05-28 11:37:29,622]: [_trace.py]: atrace: 85:       DEBUG:    [receive_response_headers.started request=<Request [b'POST']>]
[2024-05-28 11:37:30,339]: [_trace.py]: atrace: 85:       DEBUG:    [receive_response_headers.complete return_value=(b'HTTP/1.1', 200, b'OK', [(b'Server', b'nginx/1.18.0'), (b'Date', b'Tue, 28 May 2024 11:37:30 GMT'), (b'Content-Type', b'application/json'), (b'Content-Length', b'478'), (b'Connection', b'keep-alive'), (b'Strict-Transport-Security', b'max-age=31536000; includeSubDomains; preload'), (b'Access-Control-Allow-Origin', b'*'), (b'Access-Control-Allow-Methods', b'GET, POST, OPTIONS'), (b'Access-Control-Expose-Headers', b'Content-Length,Content-Type,Date,Server,Connection')])]
[2024-05-28 11:37:30,339]: [_client.py]: _send_single_request: 1773:       INFO:    [HTTP Request: POST https://api.telegram.org/bot6030805959:AAGUHAMxLYc-PrevgKouJ3ZyM7ktu56ftjo/sendDocument "HTTP/1.1 200 OK"]
[2024-05-28 11:37:30,339]: [_trace.py]: atrace: 85:       DEBUG:    [receive_response_body.started request=<Request [b'POST']>]
[2024-05-28 11:37:30,339]: [_trace.py]: atrace: 85:       DEBUG:    [receive_response_body.complete]
[2024-05-28 11:37:30,339]: [_trace.py]: atrace: 85:       DEBUG:    [response_closed.started]
[2024-05-28 11:37:30,339]: [_trace.py]: atrace: 85:       DEBUG:    [response_closed.complete]
[2024-05-28 11:37:30,340]: [_bot.py]: _do_post: 652:       DEBUG:    [Call to Bot API endpoint `sendDocument` finished with return value `{'message_id': 817, 'from': {'id': 6030805959, 'is_bot': True, 'first_name': 'TyPHoone', 'username': 'TyPHoone_Project_bot'}, 'chat': {'id': -4119703192, 'title': 'Robocop', 'type': 'group', 'all_members_are_administrators': True}, 'date': 1716896250, 'document': {'file_name': '(2024_05_28--11_37)output.zip', 'mime_type': 'application/zip', 'file_id': 'BQACAgQAAxkDAAIDMWZVwfoYd2PE35GF-BvgC6QTjAMHAAKoEwAC38ypUpcqmE2ykio_NQQ', 'file_unique_id': 'AgADqBMAAt_MqVI', 'file_size': 10543089}}`]
[2024-05-28 11:37:30,340]: [_trace.py]: atrace: 85:       DEBUG:    [close.started]
[2024-05-28 11:37:30,340]: [_trace.py]: atrace: 85:       DEBUG:    [close.complete]
[2024-05-28 11:37:30,340]: [Telegram_Sender.py]: runner: 61:       INFO:    [sent successfully]
[2024-05-28 11:37:30,341]: [Main.py]: <module>: 48:       INFO:    [Finished]
