[2024-09-19 11:38:48,642]: [Main.py]: <module>: 21:       INFO:    [Started]
[2024-09-19 11:38:50,205]: [Iron_Scraper.py]: Scrap: 32:       INFO:    [Data Scaraped Successfully]
[2024-09-19 11:38:50,390]: [Iron_Scraper.py]: Scrap: 70:       INFO:    [Scrapped Data Has No Problem]
[2024-09-19 11:38:50,390]: [Iron_Scraper.py]: Scrap: 83:       INFO:    [Data Saved Successfully]
[2024-09-19 11:38:50,390]: [Iron.py]: Run: 26:       INFO:    [Scraping Phase Completed]
[2024-09-19 11:38:50,390]: [Iron_Data_Processor.py]: Data_Reader: 61:       INFO:    [Data File Has Been Red Successfully]
[2024-09-19 11:38:50,390]: [Iron_Data_Processor.py]: Shaper: 78:       INFO:    [Data Shaped]
[2024-09-19 11:38:50,391]: [Iron_Data_Processor.py]: Process: 228:       INFO:    [Data Cleaned]
[2024-09-19 11:38:50,391]: [Iron_Data_Processor.py]: Make_Pages_Objects: 101:       INFO:    [Page Objects Has Been Made]
[2024-09-19 11:38:50,391]: [Iron_Data_Processor.py]: Make_Pages_Objects: 101:       INFO:    [Page Objects Has Been Made]
[2024-09-19 11:38:50,391]: [Iron_Data_Processor.py]: Load_Data: 118:       INFO:    [Data Has Been Load]
[2024-09-19 11:38:50,391]: [Iron_Data_Processor.py]: Load_Data: 118:       INFO:    [Data Has Been Load]
[2024-09-19 11:38:50,391]: [Iron_Data_Processor.py]: Load_positions: 140:       INFO:    [Positions Are Ready]
[2024-09-19 11:38:50,391]: [Iron_Data_Processor.py]: Load_positions: 140:       INFO:    [Positions Are Ready]
[2024-09-19 11:38:51,526]: [Iron_Data_Processor.py]: Make_Tagged_Images: 193:       INFO:    [Images Has Been Made]
[2024-09-19 11:38:52,483]: [Iron_Data_Processor.py]: Make_Tagged_Images: 193:       INFO:    [Images Has Been Made]
[2024-09-19 11:38:52,742]: [Iron_Data_Processor.py]: Make_Cover_Page: 215:       INFO:    [Made Cover Pages]
[2024-09-19 11:38:52,742]: [Iron.py]: Run: 29:       INFO:    [Imagination Phase Completed]
[2024-09-19 11:38:55,899]: [Phone_Scraper.py]: Scrap: 58:       INFO:    [Data Scraped]
[2024-09-19 11:38:55,899]: [Phone_Scraper.py]: Scrap: 71:       INFO:    [Scraped Data Successfully]
[2024-09-19 11:38:55,899]: [Phone.py]: Run: 26:       INFO:    [Scraping Phase Complete]
[2024-09-19 11:38:55,900]: [Phone_Data_Processor.py]: data_reader: 38:       INFO:    [Scraped Data Loaded]
[2024-09-19 11:38:55,901]: [Phone_Data_Processor.py]: filter_list: 65:       INFO:    [Persian Phrases Are deleted]
[2024-09-19 11:38:55,901]: [Phone_Data_Processor.py]: reshape_list: 87:       INFO:    [Date Reshaped]
[2024-09-19 11:38:55,902]: [Phone_Data_Processor.py]: separate_brands: 124:       INFO:    [Brands Are Separated]
[2024-09-19 11:38:55,902]: [Phone_Data_Processor.py]: delete_extra_spaces: 141:       INFO:    [Extra Spaces Are Deleted]
[2024-09-19 11:38:56,668]: [Phone.py]: Run: 29:       INFO:    [Imagination Phase Complete]
[2024-09-19 11:38:56,668]: [selector_events.py]: __init__: 64:       DEBUG:    [Using selector: EpollSelector]
[2024-09-19 11:38:57,009]: [_bot.py]: _do_post: 643:       DEBUG:    [Calling Bot API endpoint `getMe` with parameters `{}`]
[2024-09-19 11:38:57,014]: [_trace.py]: atrace: 85:       DEBUG:    [connect_tcp.started host='api.telegram.org' port=443 local_address=None timeout=5.0 socket_options=None]
[2024-09-19 11:38:57,197]: [_trace.py]: atrace: 85:       DEBUG:    [connect_tcp.complete return_value=<httpcore._backends.anyio.AnyIOStream object at 0x7ff61a5bfb30>]
[2024-09-19 11:38:57,198]: [_trace.py]: atrace: 85:       DEBUG:    [start_tls.started ssl_context=<ssl.SSLContext object at 0x7ff61ae1fad0> server_hostname='api.telegram.org' timeout=5.0]
[2024-09-19 11:38:57,280]: [_trace.py]: atrace: 85:       DEBUG:    [start_tls.complete return_value=<httpcore._backends.anyio.AnyIOStream object at 0x7ff61aacb380>]
[2024-09-19 11:38:57,280]: [_trace.py]: atrace: 85:       DEBUG:    [send_request_headers.started request=<Request [b'POST']>]
[2024-09-19 11:38:57,281]: [_trace.py]: atrace: 85:       DEBUG:    [send_request_headers.complete]
[2024-09-19 11:38:57,281]: [_trace.py]: atrace: 85:       DEBUG:    [send_request_body.started request=<Request [b'POST']>]
[2024-09-19 11:38:57,281]: [_trace.py]: atrace: 85:       DEBUG:    [send_request_body.complete]
[2024-09-19 11:38:57,281]: [_trace.py]: atrace: 85:       DEBUG:    [receive_response_headers.started request=<Request [b'POST']>]
[2024-09-19 11:38:57,362]: [_trace.py]: atrace: 85:       DEBUG:    [receive_response_headers.complete return_value=(b'HTTP/1.1', 200, b'OK', [(b'Server', b'nginx/1.18.0'), (b'Date', b'Thu, 19 Sep 2024 11:38:57 GMT'), (b'Content-Type', b'application/json'), (b'Content-Length', b'258'), (b'Connection', b'keep-alive'), (b'Strict-Transport-Security', b'max-age=31536000; includeSubDomains; preload'), (b'Access-Control-Allow-Origin', b'*'), (b'Access-Control-Allow-Methods', b'GET, POST, OPTIONS'), (b'Access-Control-Expose-Headers', b'Content-Length,Content-Type,Date,Server,Connection')])]
[2024-09-19 11:38:57,362]: [_client.py]: _send_single_request: 1786:       INFO:    [HTTP Request: POST https://api.telegram.org/bot6030805959:AAGUHAMxLYc-PrevgKouJ3ZyM7ktu56ftjo/getMe "HTTP/1.1 200 OK"]
[2024-09-19 11:38:57,362]: [_trace.py]: atrace: 85:       DEBUG:    [receive_response_body.started request=<Request [b'POST']>]
[2024-09-19 11:38:57,362]: [_trace.py]: atrace: 85:       DEBUG:    [receive_response_body.complete]
[2024-09-19 11:38:57,362]: [_trace.py]: atrace: 85:       DEBUG:    [response_closed.started]
[2024-09-19 11:38:57,363]: [_trace.py]: atrace: 85:       DEBUG:    [response_closed.complete]
[2024-09-19 11:38:57,363]: [_bot.py]: _do_post: 652:       DEBUG:    [Call to Bot API endpoint `getMe` finished with return value `{'id': 6030805959, 'is_bot': True, 'first_name': 'TyPHoone', 'username': 'TyPHoone_Project_bot', 'can_join_groups': True, 'can_read_all_group_messages': False, 'supports_inline_queries': False, 'can_connect_to_business': False, 'has_main_web_app': False}`]
[2024-09-19 11:38:57,366]: [_bot.py]: _do_post: 643:       DEBUG:    [Calling Bot API endpoint `sendDocument` with parameters `{'chat_id': '-4119703192', 'document': <telegram._files.inputfile.InputFile object at 0x7ff61a413200>}`]
[2024-09-19 11:38:57,367]: [_trace.py]: atrace: 85:       DEBUG:    [send_request_headers.started request=<Request [b'POST']>]
[2024-09-19 11:38:57,367]: [_trace.py]: atrace: 85:       DEBUG:    [send_request_headers.complete]
[2024-09-19 11:38:57,367]: [_trace.py]: atrace: 85:       DEBUG:    [send_request_body.started request=<Request [b'POST']>]
[2024-09-19 11:38:57,368]: [_trace.py]: atrace: 85:       DEBUG:    [send_request_body.complete]
[2024-09-19 11:38:57,368]: [_trace.py]: atrace: 85:       DEBUG:    [receive_response_headers.started request=<Request [b'POST']>]
[2024-09-19 11:38:57,725]: [_trace.py]: atrace: 85:       DEBUG:    [receive_response_headers.complete return_value=(b'HTTP/1.1', 200, b'OK', [(b'Server', b'nginx/1.18.0'), (b'Date', b'Thu, 19 Sep 2024 11:38:57 GMT'), (b'Content-Type', b'application/json'), (b'Content-Length', b'464'), (b'Connection', b'keep-alive'), (b'Strict-Transport-Security', b'max-age=31536000; includeSubDomains; preload'), (b'Access-Control-Allow-Origin', b'*'), (b'Access-Control-Allow-Methods', b'GET, POST, OPTIONS'), (b'Access-Control-Expose-Headers', b'Content-Length,Content-Type,Date,Server,Connection')])]
[2024-09-19 11:38:57,726]: [_client.py]: _send_single_request: 1786:       INFO:    [HTTP Request: POST https://api.telegram.org/bot6030805959:AAGUHAMxLYc-PrevgKouJ3ZyM7ktu56ftjo/sendDocument "HTTP/1.1 200 OK"]
[2024-09-19 11:38:57,726]: [_trace.py]: atrace: 85:       DEBUG:    [receive_response_body.started request=<Request [b'POST']>]
[2024-09-19 11:38:57,726]: [_trace.py]: atrace: 85:       DEBUG:    [receive_response_body.complete]
[2024-09-19 11:38:57,726]: [_trace.py]: atrace: 85:       DEBUG:    [response_closed.started]
[2024-09-19 11:38:57,726]: [_trace.py]: atrace: 85:       DEBUG:    [response_closed.complete]
[2024-09-19 11:38:57,726]: [_bot.py]: _do_post: 652:       DEBUG:    [Call to Bot API endpoint `sendDocument` finished with return value `{'message_id': 1876, 'from': {'id': 6030805959, 'is_bot': True, 'first_name': 'TyPHoone', 'username': 'TyPHoone_Project_bot'}, 'chat': {'id': -4119703192, 'title': 'Robocop', 'type': 'group', 'all_members_are_administrators': True}, 'date': 1726745937, 'document': {'file_name': '(2024_09_19--11_38).log', 'mime_type': 'text/plain', 'file_id': 'BQACAgQAAxkDAAIHVGbsDVF3o-fJLZ8BkMuE3gnID7GyAALRFQACtDVgU0dlg4qfzbOsNgQ', 'file_unique_id': 'AgAD0RUAArQ1YFM', 'file_size': 5937}}`]
[2024-09-19 11:38:57,727]: [_trace.py]: atrace: 85:       DEBUG:    [close.started]
[2024-09-19 11:38:57,727]: [_trace.py]: atrace: 85:       DEBUG:    [close.complete]
[2024-09-19 11:38:57,727]: [_config.py]: load_ssl_context: 82:       DEBUG:    [load_ssl_context verify=True cert=None trust_env=True http2=False]
[2024-09-19 11:38:57,727]: [_config.py]: load_ssl_context_verify: 148:       DEBUG:    [load_verify_locations cafile='/opt/hostedtoolcache/Python/3.12.6/x64/lib/python3.12/site-packages/certifi/cacert.pem']
[2024-09-19 11:38:57,754]: [_config.py]: load_ssl_context: 82:       DEBUG:    [load_ssl_context verify=True cert=None trust_env=True http2=False]
[2024-09-19 11:38:57,755]: [_config.py]: load_ssl_context_verify: 148:       DEBUG:    [load_verify_locations cafile='/opt/hostedtoolcache/Python/3.12.6/x64/lib/python3.12/site-packages/certifi/cacert.pem']
[2024-09-19 11:38:57,783]: [_bot.py]: _do_post: 643:       DEBUG:    [Calling Bot API endpoint `getMe` with parameters `{}`]
[2024-09-19 11:38:57,783]: [_trace.py]: atrace: 85:       DEBUG:    [connect_tcp.started host='api.telegram.org' port=443 local_address=None timeout=5.0 socket_options=None]
[2024-09-19 11:38:57,867]: [_trace.py]: atrace: 85:       DEBUG:    [connect_tcp.complete return_value=<httpcore._backends.anyio.AnyIOStream object at 0x7ff61a45cd10>]
[2024-09-19 11:38:57,867]: [_trace.py]: atrace: 85:       DEBUG:    [start_tls.started ssl_context=<ssl.SSLContext object at 0x7ff61ae1f8d0> server_hostname='api.telegram.org' timeout=5.0]
[2024-09-19 11:38:57,954]: [_trace.py]: atrace: 85:       DEBUG:    [start_tls.complete return_value=<httpcore._backends.anyio.AnyIOStream object at 0x7ff61afde330>]
[2024-09-19 11:38:57,954]: [_trace.py]: atrace: 85:       DEBUG:    [send_request_headers.started request=<Request [b'POST']>]
[2024-09-19 11:38:57,955]: [_trace.py]: atrace: 85:       DEBUG:    [send_request_headers.complete]
[2024-09-19 11:38:57,955]: [_trace.py]: atrace: 85:       DEBUG:    [send_request_body.started request=<Request [b'POST']>]
[2024-09-19 11:38:57,955]: [_trace.py]: atrace: 85:       DEBUG:    [send_request_body.complete]
[2024-09-19 11:38:57,955]: [_trace.py]: atrace: 85:       DEBUG:    [receive_response_headers.started request=<Request [b'POST']>]
[2024-09-19 11:38:58,083]: [_trace.py]: atrace: 85:       DEBUG:    [receive_response_headers.complete return_value=(b'HTTP/1.1', 200, b'OK', [(b'Server', b'nginx/1.18.0'), (b'Date', b'Thu, 19 Sep 2024 11:38:58 GMT'), (b'Content-Type', b'application/json'), (b'Content-Length', b'258'), (b'Connection', b'keep-alive'), (b'Strict-Transport-Security', b'max-age=31536000; includeSubDomains; preload'), (b'Access-Control-Allow-Origin', b'*'), (b'Access-Control-Allow-Methods', b'GET, POST, OPTIONS'), (b'Access-Control-Expose-Headers', b'Content-Length,Content-Type,Date,Server,Connection')])]
[2024-09-19 11:38:58,084]: [_client.py]: _send_single_request: 1786:       INFO:    [HTTP Request: POST https://api.telegram.org/bot6030805959:AAGUHAMxLYc-PrevgKouJ3ZyM7ktu56ftjo/getMe "HTTP/1.1 200 OK"]
[2024-09-19 11:38:58,084]: [_trace.py]: atrace: 85:       DEBUG:    [receive_response_body.started request=<Request [b'POST']>]
[2024-09-19 11:38:58,084]: [_trace.py]: atrace: 85:       DEBUG:    [receive_response_body.complete]
[2024-09-19 11:38:58,084]: [_trace.py]: atrace: 85:       DEBUG:    [response_closed.started]
[2024-09-19 11:38:58,084]: [_trace.py]: atrace: 85:       DEBUG:    [response_closed.complete]
[2024-09-19 11:38:58,084]: [_bot.py]: _do_post: 652:       DEBUG:    [Call to Bot API endpoint `getMe` finished with return value `{'id': 6030805959, 'is_bot': True, 'first_name': 'TyPHoone', 'username': 'TyPHoone_Project_bot', 'can_join_groups': True, 'can_read_all_group_messages': False, 'supports_inline_queries': False, 'can_connect_to_business': False, 'has_main_web_app': False}`]
[2024-09-19 11:38:58,087]: [_bot.py]: _do_post: 643:       DEBUG:    [Calling Bot API endpoint `sendDocument` with parameters `{'chat_id': '-4119703192', 'document': <telegram._files.inputfile.InputFile object at 0x7ff61ae32a80>}`]
[2024-09-19 11:38:58,087]: [_trace.py]: atrace: 85:       DEBUG:    [send_request_headers.started request=<Request [b'POST']>]
[2024-09-19 11:38:58,087]: [_trace.py]: atrace: 85:       DEBUG:    [send_request_headers.complete]
[2024-09-19 11:38:58,087]: [_trace.py]: atrace: 85:       DEBUG:    [send_request_body.started request=<Request [b'POST']>]
[2024-09-19 11:38:58,847]: [_trace.py]: atrace: 85:       DEBUG:    [send_request_body.complete]
[2024-09-19 11:38:58,847]: [_trace.py]: atrace: 85:       DEBUG:    [receive_response_headers.started request=<Request [b'POST']>]
[2024-09-19 11:38:59,637]: [_trace.py]: atrace: 85:       DEBUG:    [receive_response_headers.complete return_value=(b'HTTP/1.1', 200, b'OK', [(b'Server', b'nginx/1.18.0'), (b'Date', b'Thu, 19 Sep 2024 11:38:59 GMT'), (b'Content-Type', b'application/json'), (b'Content-Length', b'479'), (b'Connection', b'keep-alive'), (b'Strict-Transport-Security', b'max-age=31536000; includeSubDomains; preload'), (b'Access-Control-Allow-Origin', b'*'), (b'Access-Control-Allow-Methods', b'GET, POST, OPTIONS'), (b'Access-Control-Expose-Headers', b'Content-Length,Content-Type,Date,Server,Connection')])]
[2024-09-19 11:38:59,638]: [_client.py]: _send_single_request: 1786:       INFO:    [HTTP Request: POST https://api.telegram.org/bot6030805959:AAGUHAMxLYc-PrevgKouJ3ZyM7ktu56ftjo/sendDocument "HTTP/1.1 200 OK"]
[2024-09-19 11:38:59,638]: [_trace.py]: atrace: 85:       DEBUG:    [receive_response_body.started request=<Request [b'POST']>]
[2024-09-19 11:38:59,638]: [_trace.py]: atrace: 85:       DEBUG:    [receive_response_body.complete]
[2024-09-19 11:38:59,638]: [_trace.py]: atrace: 85:       DEBUG:    [response_closed.started]
[2024-09-19 11:38:59,638]: [_trace.py]: atrace: 85:       DEBUG:    [response_closed.complete]
[2024-09-19 11:38:59,638]: [_bot.py]: _do_post: 652:       DEBUG:    [Call to Bot API endpoint `sendDocument` finished with return value `{'message_id': 1877, 'from': {'id': 6030805959, 'is_bot': True, 'first_name': 'TyPHoone', 'username': 'TyPHoone_Project_bot'}, 'chat': {'id': -4119703192, 'title': 'Robocop', 'type': 'group', 'all_members_are_administrators': True}, 'date': 1726745939, 'document': {'file_name': '(2024_09_19--11_38)output.zip', 'mime_type': 'application/zip', 'file_id': 'BQACAgQAAxkDAAIHVWbsDVMXedgHSNdOUbue7yhyLTGOAALSFQACtDVgU3AxUzUvecnQNgQ', 'file_unique_id': 'AgAD0hUAArQ1YFM', 'file_size': 10165678}}`]
[2024-09-19 11:38:59,639]: [_trace.py]: atrace: 85:       DEBUG:    [close.started]
[2024-09-19 11:38:59,639]: [_trace.py]: atrace: 85:       DEBUG:    [close.complete]
[2024-09-19 11:38:59,639]: [Telegram_Sender.py]: runner: 61:       INFO:    [sent successfully]
[2024-09-19 11:38:59,639]: [Main.py]: <module>: 48:       INFO:    [Finished]
