[2024-05-08 11:37:08,986]: [Main.py]: <module>: 21:       INFO:    [Started]
[2024-05-08 11:37:10,468]: [Iron_Scraper.py]: Scrap: 32:       INFO:    [Data Scaraped Successfully]
[2024-05-08 11:37:10,661]: [Iron_Scraper.py]: Scrap: 70:       INFO:    [Scrapped Data Has No Problem]
[2024-05-08 11:37:10,661]: [Iron_Scraper.py]: Scrap: 83:       INFO:    [Data Saved Successfully]
[2024-05-08 11:37:10,661]: [Iron.py]: Run: 26:       INFO:    [Scraping Phase Completed]
[2024-05-08 11:37:10,661]: [Iron_Data_Processor.py]: Data_Reader: 61:       INFO:    [Data File Has Been Red Successfully]
[2024-05-08 11:37:10,662]: [Iron_Data_Processor.py]: Shaper: 78:       INFO:    [Data Shaped]
[2024-05-08 11:37:10,662]: [Iron_Data_Processor.py]: Process: 228:       INFO:    [Data Cleaned]
[2024-05-08 11:37:10,662]: [Iron_Data_Processor.py]: Make_Pages_Objects: 101:       INFO:    [Page Objects Has Been Made]
[2024-05-08 11:37:10,662]: [Iron_Data_Processor.py]: Make_Pages_Objects: 101:       INFO:    [Page Objects Has Been Made]
[2024-05-08 11:37:10,662]: [Iron_Data_Processor.py]: Load_Data: 118:       INFO:    [Data Has Been Load]
[2024-05-08 11:37:10,662]: [Iron_Data_Processor.py]: Load_Data: 118:       INFO:    [Data Has Been Load]
[2024-05-08 11:37:10,662]: [Iron_Data_Processor.py]: Load_positions: 140:       INFO:    [Positions Are Ready]
[2024-05-08 11:37:10,662]: [Iron_Data_Processor.py]: Load_positions: 140:       INFO:    [Positions Are Ready]
[2024-05-08 11:37:11,789]: [Iron_Data_Processor.py]: Make_Tagged_Images: 193:       INFO:    [Images Has Been Made]
[2024-05-08 11:37:12,746]: [Iron_Data_Processor.py]: Make_Tagged_Images: 193:       INFO:    [Images Has Been Made]
[2024-05-08 11:37:13,003]: [Iron_Data_Processor.py]: Make_Cover_Page: 215:       INFO:    [Made Cover Pages]
[2024-05-08 11:37:13,004]: [Iron.py]: Run: 29:       INFO:    [Imagination Phase Completed]
[2024-05-08 11:37:30,492]: [Phone_Scraper.py]: Scrap: 58:       INFO:    [Data Scraped]
[2024-05-08 11:37:30,493]: [Phone_Scraper.py]: Scrap: 71:       INFO:    [Scraped Data Successfully]
[2024-05-08 11:37:30,493]: [Phone.py]: Run: 26:       INFO:    [Scraping Phase Complete]
[2024-05-08 11:37:30,493]: [Phone_Data_Processor.py]: data_reader: 38:       INFO:    [Scraped Data Loaded]
[2024-05-08 11:37:30,495]: [Phone_Data_Processor.py]: filter_list: 65:       INFO:    [Persian Phrases Are deleted]
[2024-05-08 11:37:30,496]: [Phone_Data_Processor.py]: reshape_list: 87:       INFO:    [Date Reshaped]
[2024-05-08 11:37:30,496]: [Phone_Data_Processor.py]: separate_brands: 124:       INFO:    [Brands Are Separated]
[2024-05-08 11:37:30,496]: [Phone_Data_Processor.py]: delete_extra_spaces: 141:       INFO:    [Extra Spaces Are Deleted]
[2024-05-08 11:37:31,379]: [Phone.py]: Run: 29:       INFO:    [Imagination Phase Complete]
[2024-05-08 11:37:31,379]: [selector_events.py]: __init__: 64:       DEBUG:    [Using selector: EpollSelector]
[2024-05-08 11:37:31,727]: [_bot.py]: _do_post: 643:       DEBUG:    [Calling Bot API endpoint `getMe` with parameters `{}`]
[2024-05-08 11:37:31,731]: [_trace.py]: atrace: 85:       DEBUG:    [connect_tcp.started host='api.telegram.org' port=443 local_address=None timeout=5.0 socket_options=None]
[2024-05-08 11:37:31,866]: [_trace.py]: atrace: 85:       DEBUG:    [connect_tcp.complete return_value=<httpcore._backends.anyio.AnyIOStream object at 0x7f88414d09b0>]
[2024-05-08 11:37:31,866]: [_trace.py]: atrace: 85:       DEBUG:    [start_tls.started ssl_context=<ssl.SSLContext object at 0x7f8841f39e50> server_hostname='api.telegram.org' timeout=5.0]
[2024-05-08 11:37:31,958]: [_trace.py]: atrace: 85:       DEBUG:    [start_tls.complete return_value=<httpcore._backends.anyio.AnyIOStream object at 0x7f8841f32f30>]
[2024-05-08 11:37:31,958]: [_trace.py]: atrace: 85:       DEBUG:    [send_request_headers.started request=<Request [b'POST']>]
[2024-05-08 11:37:31,958]: [_trace.py]: atrace: 85:       DEBUG:    [send_request_headers.complete]
[2024-05-08 11:37:31,958]: [_trace.py]: atrace: 85:       DEBUG:    [send_request_body.started request=<Request [b'POST']>]
[2024-05-08 11:37:31,959]: [_trace.py]: atrace: 85:       DEBUG:    [send_request_body.complete]
[2024-05-08 11:37:31,959]: [_trace.py]: atrace: 85:       DEBUG:    [receive_response_headers.started request=<Request [b'POST']>]
[2024-05-08 11:37:32,050]: [_trace.py]: atrace: 85:       DEBUG:    [receive_response_headers.complete return_value=(b'HTTP/1.1', 200, b'OK', [(b'Server', b'nginx/1.18.0'), (b'Date', b'Wed, 08 May 2024 11:37:32 GMT'), (b'Content-Type', b'application/json'), (b'Content-Length', b'233'), (b'Connection', b'keep-alive'), (b'Strict-Transport-Security', b'max-age=31536000; includeSubDomains; preload'), (b'Access-Control-Allow-Origin', b'*'), (b'Access-Control-Allow-Methods', b'GET, POST, OPTIONS'), (b'Access-Control-Expose-Headers', b'Content-Length,Content-Type,Date,Server,Connection')])]
[2024-05-08 11:37:32,050]: [_client.py]: _send_single_request: 1773:       INFO:    [HTTP Request: POST https://api.telegram.org/bot6030805959:AAGUHAMxLYc-PrevgKouJ3ZyM7ktu56ftjo/getMe "HTTP/1.1 200 OK"]
[2024-05-08 11:37:32,050]: [_trace.py]: atrace: 85:       DEBUG:    [receive_response_body.started request=<Request [b'POST']>]
[2024-05-08 11:37:32,050]: [_trace.py]: atrace: 85:       DEBUG:    [receive_response_body.complete]
[2024-05-08 11:37:32,050]: [_trace.py]: atrace: 85:       DEBUG:    [response_closed.started]
[2024-05-08 11:37:32,050]: [_trace.py]: atrace: 85:       DEBUG:    [response_closed.complete]
[2024-05-08 11:37:32,051]: [_bot.py]: _do_post: 652:       DEBUG:    [Call to Bot API endpoint `getMe` finished with return value `{'id': 6030805959, 'is_bot': True, 'first_name': 'TyPHoone', 'username': 'TyPHoone_Project_bot', 'can_join_groups': True, 'can_read_all_group_messages': False, 'supports_inline_queries': False, 'can_connect_to_business': False}`]
[2024-05-08 11:37:32,054]: [_bot.py]: _do_post: 643:       DEBUG:    [Calling Bot API endpoint `sendDocument` with parameters `{'chat_id': '-4119703192', 'document': <telegram._files.inputfile.InputFile object at 0x7f88414a5540>}`]
[2024-05-08 11:37:32,054]: [_trace.py]: atrace: 85:       DEBUG:    [send_request_headers.started request=<Request [b'POST']>]
[2024-05-08 11:37:32,054]: [_trace.py]: atrace: 85:       DEBUG:    [send_request_headers.complete]
[2024-05-08 11:37:32,055]: [_trace.py]: atrace: 85:       DEBUG:    [send_request_body.started request=<Request [b'POST']>]
[2024-05-08 11:37:32,055]: [_trace.py]: atrace: 85:       DEBUG:    [send_request_body.complete]
[2024-05-08 11:37:32,055]: [_trace.py]: atrace: 85:       DEBUG:    [receive_response_headers.started request=<Request [b'POST']>]
[2024-05-08 11:37:32,280]: [_trace.py]: atrace: 85:       DEBUG:    [receive_response_headers.complete return_value=(b'HTTP/1.1', 200, b'OK', [(b'Server', b'nginx/1.18.0'), (b'Date', b'Wed, 08 May 2024 11:37:32 GMT'), (b'Content-Type', b'application/json'), (b'Content-Length', b'465'), (b'Connection', b'keep-alive'), (b'Strict-Transport-Security', b'max-age=31536000; includeSubDomains; preload'), (b'Access-Control-Allow-Origin', b'*'), (b'Access-Control-Allow-Methods', b'GET, POST, OPTIONS'), (b'Access-Control-Expose-Headers', b'Content-Length,Content-Type,Date,Server,Connection')])]
[2024-05-08 11:37:32,280]: [_client.py]: _send_single_request: 1773:       INFO:    [HTTP Request: POST https://api.telegram.org/bot6030805959:AAGUHAMxLYc-PrevgKouJ3ZyM7ktu56ftjo/sendDocument "HTTP/1.1 200 OK"]
[2024-05-08 11:37:32,280]: [_trace.py]: atrace: 85:       DEBUG:    [receive_response_body.started request=<Request [b'POST']>]
[2024-05-08 11:37:32,280]: [_trace.py]: atrace: 85:       DEBUG:    [receive_response_body.complete]
[2024-05-08 11:37:32,281]: [_trace.py]: atrace: 85:       DEBUG:    [response_closed.started]
[2024-05-08 11:37:32,281]: [_trace.py]: atrace: 85:       DEBUG:    [response_closed.complete]
[2024-05-08 11:37:32,281]: [_bot.py]: _do_post: 652:       DEBUG:    [Call to Bot API endpoint `sendDocument` finished with return value `{'message_id': 776, 'from': {'id': 6030805959, 'is_bot': True, 'first_name': 'TyPHoone', 'username': 'TyPHoone_Project_bot'}, 'chat': {'id': -4119703192, 'title': 'Robocop', 'type': 'group', 'all_members_are_administrators': True}, 'date': 1715168252, 'document': {'file_name': '(2024_05_08--11_37).log', 'mime_type': 'text/plain', 'file_id': 'BQACAgQAAxkDAAIDCGY7Y_zM1LRv5JM_28aI2pLcNlxaAAKDnQEAAaok4VFGUIbzkqSK6jUE', 'file_unique_id': 'AgADg50BAAGqJOFR', 'file_size': 5910}}`]
[2024-05-08 11:37:32,281]: [_trace.py]: atrace: 85:       DEBUG:    [close.started]
[2024-05-08 11:37:32,282]: [_trace.py]: atrace: 85:       DEBUG:    [close.complete]
[2024-05-08 11:37:32,282]: [_config.py]: load_ssl_context: 80:       DEBUG:    [load_ssl_context verify=True cert=None trust_env=True http2=False]
[2024-05-08 11:37:32,282]: [_config.py]: load_ssl_context_verify: 146:       DEBUG:    [load_verify_locations cafile='/opt/hostedtoolcache/Python/3.12.3/x64/lib/python3.12/site-packages/certifi/cacert.pem']
[2024-05-08 11:37:32,309]: [_config.py]: load_ssl_context: 80:       DEBUG:    [load_ssl_context verify=True cert=None trust_env=True http2=False]
[2024-05-08 11:37:32,309]: [_config.py]: load_ssl_context_verify: 146:       DEBUG:    [load_verify_locations cafile='/opt/hostedtoolcache/Python/3.12.3/x64/lib/python3.12/site-packages/certifi/cacert.pem']
[2024-05-08 11:37:32,337]: [_bot.py]: _do_post: 643:       DEBUG:    [Calling Bot API endpoint `getMe` with parameters `{}`]
[2024-05-08 11:37:32,337]: [_trace.py]: atrace: 85:       DEBUG:    [connect_tcp.started host='api.telegram.org' port=443 local_address=None timeout=5.0 socket_options=None]
[2024-05-08 11:37:32,429]: [_trace.py]: atrace: 85:       DEBUG:    [connect_tcp.complete return_value=<httpcore._backends.anyio.AnyIOStream object at 0x7f88414a0d40>]
[2024-05-08 11:37:32,430]: [_trace.py]: atrace: 85:       DEBUG:    [start_tls.started ssl_context=<ssl.SSLContext object at 0x7f8841f39c50> server_hostname='api.telegram.org' timeout=5.0]
[2024-05-08 11:37:32,526]: [_trace.py]: atrace: 85:       DEBUG:    [start_tls.complete return_value=<httpcore._backends.anyio.AnyIOStream object at 0x7f8850a8c920>]
[2024-05-08 11:37:32,526]: [_trace.py]: atrace: 85:       DEBUG:    [send_request_headers.started request=<Request [b'POST']>]
[2024-05-08 11:37:32,526]: [_trace.py]: atrace: 85:       DEBUG:    [send_request_headers.complete]
[2024-05-08 11:37:32,526]: [_trace.py]: atrace: 85:       DEBUG:    [send_request_body.started request=<Request [b'POST']>]
[2024-05-08 11:37:32,526]: [_trace.py]: atrace: 85:       DEBUG:    [send_request_body.complete]
[2024-05-08 11:37:32,526]: [_trace.py]: atrace: 85:       DEBUG:    [receive_response_headers.started request=<Request [b'POST']>]
[2024-05-08 11:37:32,619]: [_trace.py]: atrace: 85:       DEBUG:    [receive_response_headers.complete return_value=(b'HTTP/1.1', 200, b'OK', [(b'Server', b'nginx/1.18.0'), (b'Date', b'Wed, 08 May 2024 11:37:32 GMT'), (b'Content-Type', b'application/json'), (b'Content-Length', b'233'), (b'Connection', b'keep-alive'), (b'Strict-Transport-Security', b'max-age=31536000; includeSubDomains; preload'), (b'Access-Control-Allow-Origin', b'*'), (b'Access-Control-Allow-Methods', b'GET, POST, OPTIONS'), (b'Access-Control-Expose-Headers', b'Content-Length,Content-Type,Date,Server,Connection')])]
[2024-05-08 11:37:32,619]: [_client.py]: _send_single_request: 1773:       INFO:    [HTTP Request: POST https://api.telegram.org/bot6030805959:AAGUHAMxLYc-PrevgKouJ3ZyM7ktu56ftjo/getMe "HTTP/1.1 200 OK"]
[2024-05-08 11:37:32,619]: [_trace.py]: atrace: 85:       DEBUG:    [receive_response_body.started request=<Request [b'POST']>]
[2024-05-08 11:37:32,619]: [_trace.py]: atrace: 85:       DEBUG:    [receive_response_body.complete]
[2024-05-08 11:37:32,619]: [_trace.py]: atrace: 85:       DEBUG:    [response_closed.started]
[2024-05-08 11:37:32,619]: [_trace.py]: atrace: 85:       DEBUG:    [response_closed.complete]
[2024-05-08 11:37:32,619]: [_bot.py]: _do_post: 652:       DEBUG:    [Call to Bot API endpoint `getMe` finished with return value `{'id': 6030805959, 'is_bot': True, 'first_name': 'TyPHoone', 'username': 'TyPHoone_Project_bot', 'can_join_groups': True, 'can_read_all_group_messages': False, 'supports_inline_queries': False, 'can_connect_to_business': False}`]
[2024-05-08 11:37:32,621]: [_bot.py]: _do_post: 643:       DEBUG:    [Calling Bot API endpoint `sendDocument` with parameters `{'chat_id': '-4119703192', 'document': <telegram._files.inputfile.InputFile object at 0x7f884032fdc0>}`]
[2024-05-08 11:37:32,622]: [_trace.py]: atrace: 85:       DEBUG:    [send_request_headers.started request=<Request [b'POST']>]
[2024-05-08 11:37:32,622]: [_trace.py]: atrace: 85:       DEBUG:    [send_request_headers.complete]
[2024-05-08 11:37:32,622]: [_trace.py]: atrace: 85:       DEBUG:    [send_request_body.started request=<Request [b'POST']>]
[2024-05-08 11:37:33,519]: [_trace.py]: atrace: 85:       DEBUG:    [send_request_body.complete]
[2024-05-08 11:37:33,519]: [_trace.py]: atrace: 85:       DEBUG:    [receive_response_headers.started request=<Request [b'POST']>]
[2024-05-08 11:37:33,968]: [_trace.py]: atrace: 85:       DEBUG:    [receive_response_headers.complete return_value=(b'HTTP/1.1', 200, b'OK', [(b'Server', b'nginx/1.18.0'), (b'Date', b'Wed, 08 May 2024 11:37:33 GMT'), (b'Content-Type', b'application/json'), (b'Content-Length', b'480'), (b'Connection', b'keep-alive'), (b'Strict-Transport-Security', b'max-age=31536000; includeSubDomains; preload'), (b'Access-Control-Allow-Origin', b'*'), (b'Access-Control-Allow-Methods', b'GET, POST, OPTIONS'), (b'Access-Control-Expose-Headers', b'Content-Length,Content-Type,Date,Server,Connection')])]
[2024-05-08 11:37:33,968]: [_client.py]: _send_single_request: 1773:       INFO:    [HTTP Request: POST https://api.telegram.org/bot6030805959:AAGUHAMxLYc-PrevgKouJ3ZyM7ktu56ftjo/sendDocument "HTTP/1.1 200 OK"]
[2024-05-08 11:37:33,968]: [_trace.py]: atrace: 85:       DEBUG:    [receive_response_body.started request=<Request [b'POST']>]
[2024-05-08 11:37:33,968]: [_trace.py]: atrace: 85:       DEBUG:    [receive_response_body.complete]
[2024-05-08 11:37:33,968]: [_trace.py]: atrace: 85:       DEBUG:    [response_closed.started]
[2024-05-08 11:37:33,968]: [_trace.py]: atrace: 85:       DEBUG:    [response_closed.complete]
[2024-05-08 11:37:33,969]: [_bot.py]: _do_post: 652:       DEBUG:    [Call to Bot API endpoint `sendDocument` finished with return value `{'message_id': 777, 'from': {'id': 6030805959, 'is_bot': True, 'first_name': 'TyPHoone', 'username': 'TyPHoone_Project_bot'}, 'chat': {'id': -4119703192, 'title': 'Robocop', 'type': 'group', 'all_members_are_administrators': True}, 'date': 1715168253, 'document': {'file_name': '(2024_05_08--11_37)output.zip', 'mime_type': 'application/zip', 'file_id': 'BQACAgQAAxkDAAIDCWY7Y_1ZXxn280oNLTiLUxXzr877AAKEnQEAAaok4VHEqJ8bt4I_bTUE', 'file_unique_id': 'AgADhJ0BAAGqJOFR', 'file_size': 10495206}}`]
[2024-05-08 11:37:33,969]: [_trace.py]: atrace: 85:       DEBUG:    [close.started]
[2024-05-08 11:37:33,969]: [_trace.py]: atrace: 85:       DEBUG:    [close.complete]
[2024-05-08 11:37:33,969]: [Telegram_Sender.py]: runner: 61:       INFO:    [sent successfully]
[2024-05-08 11:37:33,970]: [Main.py]: <module>: 48:       INFO:    [Finished]
