[2025-11-23 11:39:57,136]: [Main.py]: <module>: 21:       INFO:    [Started]
[2025-11-23 11:39:58,717]: [Iron_Scraper.py]: Scrap: 32:       INFO:    [Data Scaraped Successfully]
[2025-11-23 11:39:58,920]: [Iron_Scraper.py]: Scrap: 70:       INFO:    [Scrapped Data Has No Problem]
[2025-11-23 11:39:58,920]: [Iron_Scraper.py]: Scrap: 83:       INFO:    [Data Saved Successfully]
[2025-11-23 11:39:58,920]: [Iron.py]: Run: 26:       INFO:    [Scraping Phase Completed]
[2025-11-23 11:39:58,921]: [Iron_Data_Processor.py]: Data_Reader: 61:       INFO:    [Data File Has Been Red Successfully]
[2025-11-23 11:39:58,921]: [Iron_Data_Processor.py]: Shaper: 78:       INFO:    [Data Shaped]
[2025-11-23 11:39:58,921]: [Iron_Data_Processor.py]: Process: 228:       INFO:    [Data Cleaned]
[2025-11-23 11:39:58,921]: [Iron_Data_Processor.py]: Make_Pages_Objects: 101:       INFO:    [Page Objects Has Been Made]
[2025-11-23 11:39:58,921]: [Iron_Data_Processor.py]: Make_Pages_Objects: 101:       INFO:    [Page Objects Has Been Made]
[2025-11-23 11:39:58,921]: [Iron_Data_Processor.py]: Load_Data: 118:       INFO:    [Data Has Been Load]
[2025-11-23 11:39:58,921]: [Iron_Data_Processor.py]: Load_Data: 118:       INFO:    [Data Has Been Load]
[2025-11-23 11:39:58,922]: [Iron_Data_Processor.py]: Load_positions: 140:       INFO:    [Positions Are Ready]
[2025-11-23 11:39:58,922]: [Iron_Data_Processor.py]: Load_positions: 140:       INFO:    [Positions Are Ready]
[2025-11-23 11:40:00,045]: [Iron_Data_Processor.py]: Make_Tagged_Images: 193:       INFO:    [Images Has Been Made]
[2025-11-23 11:40:01,000]: [Iron_Data_Processor.py]: Make_Tagged_Images: 193:       INFO:    [Images Has Been Made]
[2025-11-23 11:40:01,255]: [Iron_Data_Processor.py]: Make_Cover_Page: 215:       INFO:    [Made Cover Pages]
[2025-11-23 11:40:01,255]: [Iron.py]: Run: 29:       INFO:    [Imagination Phase Completed]
[2025-11-23 11:40:04,399]: [Phone_Scraper.py]: Scrap: 58:       INFO:    [Data Scraped]
[2025-11-23 11:40:04,400]: [Phone_Scraper.py]: Scrap: 71:       INFO:    [Scraped Data Successfully]
[2025-11-23 11:40:04,400]: [Phone.py]: Run: 26:       INFO:    [Scraping Phase Complete]
[2025-11-23 11:40:04,400]: [Phone_Data_Processor.py]: data_reader: 38:       INFO:    [Scraped Data Loaded]
[2025-11-23 11:40:04,401]: [Phone_Data_Processor.py]: filter_list: 65:       INFO:    [Persian Phrases Are deleted]
[2025-11-23 11:40:04,401]: [Phone_Data_Processor.py]: reshape_list: 87:       INFO:    [Date Reshaped]
[2025-11-23 11:40:04,402]: [Phone_Data_Processor.py]: separate_brands: 124:       INFO:    [Brands Are Separated]
[2025-11-23 11:40:04,402]: [Phone_Data_Processor.py]: delete_extra_spaces: 141:       INFO:    [Extra Spaces Are Deleted]
[2025-11-23 11:40:05,145]: [Phone.py]: Run: 29:       INFO:    [Imagination Phase Complete]
[2025-11-23 11:40:05,145]: [selector_events.py]: __init__: 64:       DEBUG:    [Using selector: EpollSelector]
[2025-11-23 11:40:05,423]: [_bot.py]: _do_post: 643:       DEBUG:    [Calling Bot API endpoint `getMe` with parameters `{}`]
[2025-11-23 11:40:05,427]: [_trace.py]: atrace: 87:       DEBUG:    [connect_tcp.started host='api.telegram.org' port=443 local_address=None timeout=5.0 socket_options=None]
[2025-11-23 11:40:05,632]: [_trace.py]: atrace: 87:       DEBUG:    [connect_tcp.complete return_value=<httpcore._backends.anyio.AnyIOStream object at 0x7fbf2f536150>]
[2025-11-23 11:40:05,632]: [_trace.py]: atrace: 87:       DEBUG:    [start_tls.started ssl_context=<ssl.SSLContext object at 0x7fbf216b5e50> server_hostname='api.telegram.org' timeout=5.0]
[2025-11-23 11:40:05,736]: [_trace.py]: atrace: 87:       DEBUG:    [start_tls.complete return_value=<httpcore._backends.anyio.AnyIOStream object at 0x7fbf217298e0>]
[2025-11-23 11:40:05,736]: [_trace.py]: atrace: 87:       DEBUG:    [send_request_headers.started request=<Request [b'POST']>]
[2025-11-23 11:40:05,737]: [_trace.py]: atrace: 87:       DEBUG:    [send_request_headers.complete]
[2025-11-23 11:40:05,737]: [_trace.py]: atrace: 87:       DEBUG:    [send_request_body.started request=<Request [b'POST']>]
[2025-11-23 11:40:05,737]: [_trace.py]: atrace: 87:       DEBUG:    [send_request_body.complete]
[2025-11-23 11:40:05,737]: [_trace.py]: atrace: 87:       DEBUG:    [receive_response_headers.started request=<Request [b'POST']>]
[2025-11-23 11:40:05,838]: [_trace.py]: atrace: 87:       DEBUG:    [receive_response_headers.complete return_value=(b'HTTP/1.1', 200, b'OK', [(b'Server', b'nginx/1.18.0'), (b'Date', b'Sun, 23 Nov 2025 11:40:05 GMT'), (b'Content-Type', b'application/json'), (b'Content-Length', b'258'), (b'Connection', b'keep-alive'), (b'Strict-Transport-Security', b'max-age=31536000; includeSubDomains; preload'), (b'Access-Control-Allow-Origin', b'*'), (b'Access-Control-Allow-Methods', b'GET, POST, OPTIONS'), (b'Access-Control-Expose-Headers', b'Content-Length,Content-Type,Date,Server,Connection')])]
[2025-11-23 11:40:05,838]: [_client.py]: _send_single_request: 1740:       INFO:    [HTTP Request: POST https://api.telegram.org/bot6030805959:AAGUHAMxLYc-PrevgKouJ3ZyM7ktu56ftjo/getMe "HTTP/1.1 200 OK"]
[2025-11-23 11:40:05,839]: [_trace.py]: atrace: 87:       DEBUG:    [receive_response_body.started request=<Request [b'POST']>]
[2025-11-23 11:40:05,839]: [_trace.py]: atrace: 87:       DEBUG:    [receive_response_body.complete]
[2025-11-23 11:40:05,839]: [_trace.py]: atrace: 87:       DEBUG:    [response_closed.started]
[2025-11-23 11:40:05,839]: [_trace.py]: atrace: 87:       DEBUG:    [response_closed.complete]
[2025-11-23 11:40:05,839]: [_bot.py]: _do_post: 652:       DEBUG:    [Call to Bot API endpoint `getMe` finished with return value `{'id': 6030805959, 'is_bot': True, 'first_name': 'TyPHoone', 'username': 'TyPHoone_Project_bot', 'can_join_groups': True, 'can_read_all_group_messages': False, 'supports_inline_queries': False, 'can_connect_to_business': False, 'has_main_web_app': False}`]
[2025-11-23 11:40:05,842]: [_bot.py]: _do_post: 643:       DEBUG:    [Calling Bot API endpoint `sendDocument` with parameters `{'chat_id': '-4119703192', 'document': <telegram._files.inputfile.InputFile object at 0x7fbf20ca9bc0>}`]
[2025-11-23 11:40:05,843]: [_trace.py]: atrace: 87:       DEBUG:    [send_request_headers.started request=<Request [b'POST']>]
[2025-11-23 11:40:05,843]: [_trace.py]: atrace: 87:       DEBUG:    [send_request_headers.complete]
[2025-11-23 11:40:05,843]: [_trace.py]: atrace: 87:       DEBUG:    [send_request_body.started request=<Request [b'POST']>]
[2025-11-23 11:40:05,843]: [_trace.py]: atrace: 87:       DEBUG:    [send_request_body.complete]
[2025-11-23 11:40:05,844]: [_trace.py]: atrace: 87:       DEBUG:    [receive_response_headers.started request=<Request [b'POST']>]
[2025-11-23 11:40:06,144]: [_trace.py]: atrace: 87:       DEBUG:    [receive_response_headers.complete return_value=(b'HTTP/1.1', 200, b'OK', [(b'Server', b'nginx/1.18.0'), (b'Date', b'Sun, 23 Nov 2025 11:40:06 GMT'), (b'Content-Type', b'application/json'), (b'Content-Length', b'584'), (b'Connection', b'keep-alive'), (b'Strict-Transport-Security', b'max-age=31536000; includeSubDomains; preload'), (b'Access-Control-Allow-Origin', b'*'), (b'Access-Control-Allow-Methods', b'GET, POST, OPTIONS'), (b'Access-Control-Expose-Headers', b'Content-Length,Content-Type,Date,Server,Connection')])]
[2025-11-23 11:40:06,145]: [_client.py]: _send_single_request: 1740:       INFO:    [HTTP Request: POST https://api.telegram.org/bot6030805959:AAGUHAMxLYc-PrevgKouJ3ZyM7ktu56ftjo/sendDocument "HTTP/1.1 200 OK"]
[2025-11-23 11:40:06,145]: [_trace.py]: atrace: 87:       DEBUG:    [receive_response_body.started request=<Request [b'POST']>]
[2025-11-23 11:40:06,145]: [_trace.py]: atrace: 87:       DEBUG:    [receive_response_body.complete]
[2025-11-23 11:40:06,145]: [_trace.py]: atrace: 87:       DEBUG:    [response_closed.started]
[2025-11-23 11:40:06,145]: [_trace.py]: atrace: 87:       DEBUG:    [response_closed.complete]
[2025-11-23 11:40:06,145]: [_bot.py]: _do_post: 652:       DEBUG:    [Call to Bot API endpoint `sendDocument` finished with return value `{'message_id': 2744, 'from': {'id': 6030805959, 'is_bot': True, 'first_name': 'TyPHoone', 'username': 'TyPHoone_Project_bot'}, 'chat': {'id': -4119703192, 'title': 'Robocop', 'type': 'group', 'all_members_are_administrators': True, 'accepted_gift_types': {'unlimited_gifts': False, 'limited_gifts': False, 'unique_gifts': False, 'premium_subscription': False}}, 'date': 1763898006, 'document': {'file_name': '(2025_11_23--11_39).log', 'mime_type': 'text/plain', 'file_id': 'BQACAgQAAxkDAAIKuGki8pZpt8QaoiFwoSVP-h63eZQUAAJYHQACI88YUd_A2UKfGvtqNgQ', 'file_unique_id': 'AgADWB0AAiPPGFE', 'file_size': 5937}}`]
[2025-11-23 11:40:06,146]: [_trace.py]: atrace: 87:       DEBUG:    [close.started]
[2025-11-23 11:40:06,146]: [_trace.py]: atrace: 87:       DEBUG:    [close.complete]
[2025-11-23 11:40:06,189]: [_bot.py]: _do_post: 643:       DEBUG:    [Calling Bot API endpoint `getMe` with parameters `{}`]
[2025-11-23 11:40:06,189]: [_trace.py]: atrace: 87:       DEBUG:    [connect_tcp.started host='api.telegram.org' port=443 local_address=None timeout=5.0 socket_options=None]
[2025-11-23 11:40:06,291]: [_trace.py]: atrace: 87:       DEBUG:    [connect_tcp.complete return_value=<httpcore._backends.anyio.AnyIOStream object at 0x7fbf1fb1bfe0>]
[2025-11-23 11:40:06,291]: [_trace.py]: atrace: 87:       DEBUG:    [start_tls.started ssl_context=<ssl.SSLContext object at 0x7fbf216b5d50> server_hostname='api.telegram.org' timeout=5.0]
[2025-11-23 11:40:06,394]: [_trace.py]: atrace: 87:       DEBUG:    [start_tls.complete return_value=<httpcore._backends.anyio.AnyIOStream object at 0x7fbf28928350>]
[2025-11-23 11:40:06,394]: [_trace.py]: atrace: 87:       DEBUG:    [send_request_headers.started request=<Request [b'POST']>]
[2025-11-23 11:40:06,394]: [_trace.py]: atrace: 87:       DEBUG:    [send_request_headers.complete]
[2025-11-23 11:40:06,394]: [_trace.py]: atrace: 87:       DEBUG:    [send_request_body.started request=<Request [b'POST']>]
[2025-11-23 11:40:06,394]: [_trace.py]: atrace: 87:       DEBUG:    [send_request_body.complete]
[2025-11-23 11:40:06,394]: [_trace.py]: atrace: 87:       DEBUG:    [receive_response_headers.started request=<Request [b'POST']>]
[2025-11-23 11:40:06,496]: [_trace.py]: atrace: 87:       DEBUG:    [receive_response_headers.complete return_value=(b'HTTP/1.1', 200, b'OK', [(b'Server', b'nginx/1.18.0'), (b'Date', b'Sun, 23 Nov 2025 11:40:06 GMT'), (b'Content-Type', b'application/json'), (b'Content-Length', b'258'), (b'Connection', b'keep-alive'), (b'Strict-Transport-Security', b'max-age=31536000; includeSubDomains; preload'), (b'Access-Control-Allow-Origin', b'*'), (b'Access-Control-Allow-Methods', b'GET, POST, OPTIONS'), (b'Access-Control-Expose-Headers', b'Content-Length,Content-Type,Date,Server,Connection')])]
[2025-11-23 11:40:06,496]: [_client.py]: _send_single_request: 1740:       INFO:    [HTTP Request: POST https://api.telegram.org/bot6030805959:AAGUHAMxLYc-PrevgKouJ3ZyM7ktu56ftjo/getMe "HTTP/1.1 200 OK"]
[2025-11-23 11:40:06,496]: [_trace.py]: atrace: 87:       DEBUG:    [receive_response_body.started request=<Request [b'POST']>]
[2025-11-23 11:40:06,496]: [_trace.py]: atrace: 87:       DEBUG:    [receive_response_body.complete]
[2025-11-23 11:40:06,496]: [_trace.py]: atrace: 87:       DEBUG:    [response_closed.started]
[2025-11-23 11:40:06,496]: [_trace.py]: atrace: 87:       DEBUG:    [response_closed.complete]
[2025-11-23 11:40:06,496]: [_bot.py]: _do_post: 652:       DEBUG:    [Call to Bot API endpoint `getMe` finished with return value `{'id': 6030805959, 'is_bot': True, 'first_name': 'TyPHoone', 'username': 'TyPHoone_Project_bot', 'can_join_groups': True, 'can_read_all_group_messages': False, 'supports_inline_queries': False, 'can_connect_to_business': False, 'has_main_web_app': False}`]
[2025-11-23 11:40:06,499]: [_bot.py]: _do_post: 643:       DEBUG:    [Calling Bot API endpoint `sendDocument` with parameters `{'chat_id': '-4119703192', 'document': <telegram._files.inputfile.InputFile object at 0x7fbf216daec0>}`]
[2025-11-23 11:40:06,499]: [_trace.py]: atrace: 87:       DEBUG:    [send_request_headers.started request=<Request [b'POST']>]
[2025-11-23 11:40:06,500]: [_trace.py]: atrace: 87:       DEBUG:    [send_request_headers.complete]
[2025-11-23 11:40:06,500]: [_trace.py]: atrace: 87:       DEBUG:    [send_request_body.started request=<Request [b'POST']>]
[2025-11-23 11:40:07,458]: [_trace.py]: atrace: 87:       DEBUG:    [send_request_body.complete]
[2025-11-23 11:40:07,458]: [_trace.py]: atrace: 87:       DEBUG:    [receive_response_headers.started request=<Request [b'POST']>]
[2025-11-23 11:40:08,349]: [_trace.py]: atrace: 87:       DEBUG:    [receive_response_headers.complete return_value=(b'HTTP/1.1', 200, b'OK', [(b'Server', b'nginx/1.18.0'), (b'Date', b'Sun, 23 Nov 2025 11:40:08 GMT'), (b'Content-Type', b'application/json'), (b'Content-Length', b'600'), (b'Connection', b'keep-alive'), (b'Strict-Transport-Security', b'max-age=31536000; includeSubDomains; preload'), (b'Access-Control-Allow-Origin', b'*'), (b'Access-Control-Allow-Methods', b'GET, POST, OPTIONS'), (b'Access-Control-Expose-Headers', b'Content-Length,Content-Type,Date,Server,Connection')])]
[2025-11-23 11:40:08,349]: [_client.py]: _send_single_request: 1740:       INFO:    [HTTP Request: POST https://api.telegram.org/bot6030805959:AAGUHAMxLYc-PrevgKouJ3ZyM7ktu56ftjo/sendDocument "HTTP/1.1 200 OK"]
[2025-11-23 11:40:08,349]: [_trace.py]: atrace: 87:       DEBUG:    [receive_response_body.started request=<Request [b'POST']>]
[2025-11-23 11:40:08,350]: [_trace.py]: atrace: 87:       DEBUG:    [receive_response_body.complete]
[2025-11-23 11:40:08,350]: [_trace.py]: atrace: 87:       DEBUG:    [response_closed.started]
[2025-11-23 11:40:08,350]: [_trace.py]: atrace: 87:       DEBUG:    [response_closed.complete]
[2025-11-23 11:40:08,350]: [_bot.py]: _do_post: 652:       DEBUG:    [Call to Bot API endpoint `sendDocument` finished with return value `{'message_id': 2745, 'from': {'id': 6030805959, 'is_bot': True, 'first_name': 'TyPHoone', 'username': 'TyPHoone_Project_bot'}, 'chat': {'id': -4119703192, 'title': 'Robocop', 'type': 'group', 'all_members_are_administrators': True, 'accepted_gift_types': {'unlimited_gifts': False, 'limited_gifts': False, 'unique_gifts': False, 'premium_subscription': False}}, 'date': 1763898008, 'document': {'file_name': '(2025_11_23--11_39)output.zip', 'mime_type': 'application/zip', 'file_id': 'BQACAgQAAxkDAAIKuWki8pczWrUZ4Ovpl7hpYeCsx2G2AAJZHQACI88YUUBbU-DQAAEgRTYE', 'file_unique_id': 'AgADWR0AAiPPGFE', 'file_size': 10115072}}`]
[2025-11-23 11:40:08,350]: [_trace.py]: atrace: 87:       DEBUG:    [close.started]
[2025-11-23 11:40:08,350]: [_trace.py]: atrace: 87:       DEBUG:    [close.complete]
[2025-11-23 11:40:08,351]: [Telegram_Sender.py]: runner: 61:       INFO:    [sent successfully]
[2025-11-23 11:40:08,351]: [Main.py]: <module>: 48:       INFO:    [Finished]
