[2026-01-02 11:41:35,492]: [Main.py]: <module>: 21:       INFO:    [Started]
[2026-01-02 11:41:37,122]: [Iron_Scraper.py]: Scrap: 32:       INFO:    [Data Scaraped Successfully]
[2026-01-02 11:41:37,322]: [Iron_Scraper.py]: Scrap: 70:       INFO:    [Scrapped Data Has No Problem]
[2026-01-02 11:41:37,322]: [Iron_Scraper.py]: Scrap: 83:       INFO:    [Data Saved Successfully]
[2026-01-02 11:41:37,322]: [Iron.py]: Run: 26:       INFO:    [Scraping Phase Completed]
[2026-01-02 11:41:37,322]: [Iron_Data_Processor.py]: Data_Reader: 61:       INFO:    [Data File Has Been Red Successfully]
[2026-01-02 11:41:37,322]: [Iron_Data_Processor.py]: Shaper: 78:       INFO:    [Data Shaped]
[2026-01-02 11:41:37,323]: [Iron_Data_Processor.py]: Process: 228:       INFO:    [Data Cleaned]
[2026-01-02 11:41:37,323]: [Iron_Data_Processor.py]: Make_Pages_Objects: 101:       INFO:    [Page Objects Has Been Made]
[2026-01-02 11:41:37,323]: [Iron_Data_Processor.py]: Make_Pages_Objects: 101:       INFO:    [Page Objects Has Been Made]
[2026-01-02 11:41:37,323]: [Iron_Data_Processor.py]: Load_Data: 118:       INFO:    [Data Has Been Load]
[2026-01-02 11:41:37,323]: [Iron_Data_Processor.py]: Load_Data: 118:       INFO:    [Data Has Been Load]
[2026-01-02 11:41:37,323]: [Iron_Data_Processor.py]: Load_positions: 140:       INFO:    [Positions Are Ready]
[2026-01-02 11:41:37,323]: [Iron_Data_Processor.py]: Load_positions: 140:       INFO:    [Positions Are Ready]
[2026-01-02 11:41:38,446]: [Iron_Data_Processor.py]: Make_Tagged_Images: 193:       INFO:    [Images Has Been Made]
[2026-01-02 11:41:39,398]: [Iron_Data_Processor.py]: Make_Tagged_Images: 193:       INFO:    [Images Has Been Made]
[2026-01-02 11:41:39,652]: [Iron_Data_Processor.py]: Make_Cover_Page: 215:       INFO:    [Made Cover Pages]
[2026-01-02 11:41:39,652]: [Iron.py]: Run: 29:       INFO:    [Imagination Phase Completed]
[2026-01-02 11:41:43,776]: [Phone_Scraper.py]: Scrap: 58:       INFO:    [Data Scraped]
[2026-01-02 11:41:43,777]: [Phone_Scraper.py]: Scrap: 71:       INFO:    [Scraped Data Successfully]
[2026-01-02 11:41:43,777]: [Phone.py]: Run: 26:       INFO:    [Scraping Phase Complete]
[2026-01-02 11:41:43,777]: [Phone_Data_Processor.py]: data_reader: 38:       INFO:    [Scraped Data Loaded]
[2026-01-02 11:41:43,778]: [Phone_Data_Processor.py]: filter_list: 65:       INFO:    [Persian Phrases Are deleted]
[2026-01-02 11:41:43,778]: [Phone_Data_Processor.py]: reshape_list: 87:       INFO:    [Date Reshaped]
[2026-01-02 11:41:43,778]: [Phone_Data_Processor.py]: separate_brands: 124:       INFO:    [Brands Are Separated]
[2026-01-02 11:41:43,779]: [Phone_Data_Processor.py]: delete_extra_spaces: 141:       INFO:    [Extra Spaces Are Deleted]
[2026-01-02 11:41:44,525]: [Phone.py]: Run: 29:       INFO:    [Imagination Phase Complete]
[2026-01-02 11:41:44,525]: [selector_events.py]: __init__: 64:       DEBUG:    [Using selector: EpollSelector]
[2026-01-02 11:41:44,798]: [_bot.py]: _do_post: 643:       DEBUG:    [Calling Bot API endpoint `getMe` with parameters `{}`]
[2026-01-02 11:41:44,803]: [_trace.py]: atrace: 87:       DEBUG:    [connect_tcp.started host='api.telegram.org' port=443 local_address=None timeout=5.0 socket_options=None]
[2026-01-02 11:41:45,188]: [_trace.py]: atrace: 87:       DEBUG:    [connect_tcp.complete return_value=<httpcore._backends.anyio.AnyIOStream object at 0x7fda71ffab10>]
[2026-01-02 11:41:45,188]: [_trace.py]: atrace: 87:       DEBUG:    [start_tls.started ssl_context=<ssl.SSLContext object at 0x7fda71eb1ed0> server_hostname='api.telegram.org' timeout=5.0]
[2026-01-02 11:41:45,319]: [_trace.py]: atrace: 87:       DEBUG:    [start_tls.complete return_value=<httpcore._backends.anyio.AnyIOStream object at 0x7fda71f53f20>]
[2026-01-02 11:41:45,320]: [_trace.py]: atrace: 87:       DEBUG:    [send_request_headers.started request=<Request [b'POST']>]
[2026-01-02 11:41:45,320]: [_trace.py]: atrace: 87:       DEBUG:    [send_request_headers.complete]
[2026-01-02 11:41:45,320]: [_trace.py]: atrace: 87:       DEBUG:    [send_request_body.started request=<Request [b'POST']>]
[2026-01-02 11:41:45,320]: [_trace.py]: atrace: 87:       DEBUG:    [send_request_body.complete]
[2026-01-02 11:41:45,320]: [_trace.py]: atrace: 87:       DEBUG:    [receive_response_headers.started request=<Request [b'POST']>]
[2026-01-02 11:41:45,451]: [_trace.py]: atrace: 87:       DEBUG:    [receive_response_headers.complete return_value=(b'HTTP/1.1', 200, b'OK', [(b'Server', b'nginx/1.18.0'), (b'Date', b'Fri, 02 Jan 2026 11:41:45 GMT'), (b'Content-Type', b'application/json'), (b'Content-Length', b'285'), (b'Connection', b'keep-alive'), (b'Strict-Transport-Security', b'max-age=31536000; includeSubDomains; preload'), (b'Access-Control-Allow-Origin', b'*'), (b'Access-Control-Allow-Methods', b'GET, POST, OPTIONS'), (b'Access-Control-Expose-Headers', b'Content-Length,Content-Type,Date,Server,Connection')])]
[2026-01-02 11:41:45,451]: [_client.py]: _send_single_request: 1740:       INFO:    [HTTP Request: POST https://api.telegram.org/bot6030805959:AAGUHAMxLYc-PrevgKouJ3ZyM7ktu56ftjo/getMe "HTTP/1.1 200 OK"]
[2026-01-02 11:41:45,451]: [_trace.py]: atrace: 87:       DEBUG:    [receive_response_body.started request=<Request [b'POST']>]
[2026-01-02 11:41:45,451]: [_trace.py]: atrace: 87:       DEBUG:    [receive_response_body.complete]
[2026-01-02 11:41:45,451]: [_trace.py]: atrace: 87:       DEBUG:    [response_closed.started]
[2026-01-02 11:41:45,451]: [_trace.py]: atrace: 87:       DEBUG:    [response_closed.complete]
[2026-01-02 11:41:45,452]: [_bot.py]: _do_post: 652:       DEBUG:    [Call to Bot API endpoint `getMe` finished with return value `{'id': 6030805959, 'is_bot': True, 'first_name': 'TyPHoone', 'username': 'TyPHoone_Project_bot', 'can_join_groups': True, 'can_read_all_group_messages': False, 'supports_inline_queries': False, 'can_connect_to_business': False, 'has_main_web_app': False, 'has_topics_enabled': False}`]
[2026-01-02 11:41:45,455]: [_bot.py]: _do_post: 643:       DEBUG:    [Calling Bot API endpoint `sendDocument` with parameters `{'chat_id': '-4119703192', 'document': <telegram._files.inputfile.InputFile object at 0x7fda71488540>}`]
[2026-01-02 11:41:45,455]: [_trace.py]: atrace: 87:       DEBUG:    [send_request_headers.started request=<Request [b'POST']>]
[2026-01-02 11:41:45,455]: [_trace.py]: atrace: 87:       DEBUG:    [send_request_headers.complete]
[2026-01-02 11:41:45,455]: [_trace.py]: atrace: 87:       DEBUG:    [send_request_body.started request=<Request [b'POST']>]
[2026-01-02 11:41:45,456]: [_trace.py]: atrace: 87:       DEBUG:    [send_request_body.complete]
[2026-01-02 11:41:45,456]: [_trace.py]: atrace: 87:       DEBUG:    [receive_response_headers.started request=<Request [b'POST']>]
[2026-01-02 11:41:45,764]: [_trace.py]: atrace: 87:       DEBUG:    [receive_response_headers.complete return_value=(b'HTTP/1.1', 200, b'OK', [(b'Server', b'nginx/1.18.0'), (b'Date', b'Fri, 02 Jan 2026 11:41:45 GMT'), (b'Content-Type', b'application/json'), (b'Content-Length', b'612'), (b'Connection', b'keep-alive'), (b'Strict-Transport-Security', b'max-age=31536000; includeSubDomains; preload'), (b'Access-Control-Allow-Origin', b'*'), (b'Access-Control-Allow-Methods', b'GET, POST, OPTIONS'), (b'Access-Control-Expose-Headers', b'Content-Length,Content-Type,Date,Server,Connection')])]
[2026-01-02 11:41:45,765]: [_client.py]: _send_single_request: 1740:       INFO:    [HTTP Request: POST https://api.telegram.org/bot6030805959:AAGUHAMxLYc-PrevgKouJ3ZyM7ktu56ftjo/sendDocument "HTTP/1.1 200 OK"]
[2026-01-02 11:41:45,765]: [_trace.py]: atrace: 87:       DEBUG:    [receive_response_body.started request=<Request [b'POST']>]
[2026-01-02 11:41:45,765]: [_trace.py]: atrace: 87:       DEBUG:    [receive_response_body.complete]
[2026-01-02 11:41:45,765]: [_trace.py]: atrace: 87:       DEBUG:    [response_closed.started]
[2026-01-02 11:41:45,765]: [_trace.py]: atrace: 87:       DEBUG:    [response_closed.complete]
[2026-01-02 11:41:45,766]: [_bot.py]: _do_post: 652:       DEBUG:    [Call to Bot API endpoint `sendDocument` finished with return value `{'message_id': 2835, 'from': {'id': 6030805959, 'is_bot': True, 'first_name': 'TyPHoone', 'username': 'TyPHoone_Project_bot'}, 'chat': {'id': -4119703192, 'title': 'Robocop', 'type': 'group', 'all_members_are_administrators': True, 'accepted_gift_types': {'unlimited_gifts': False, 'limited_gifts': False, 'unique_gifts': False, 'premium_subscription': False, 'gifts_from_channels': False}}, 'date': 1767354105, 'document': {'file_name': '(2026_01_02--11_41).log', 'mime_type': 'text/plain', 'file_id': 'BQACAgQAAxkDAAILE2lXrvlVUSPFs-W7JWkYHGVdTyqTAAIxIAAC0Sa4Ukw8w9kU5-mkOAQ', 'file_unique_id': 'AgADMSAAAtEmuFI', 'file_size': 5966}}`]
[2026-01-02 11:41:45,766]: [_trace.py]: atrace: 87:       DEBUG:    [close.started]
[2026-01-02 11:41:45,767]: [_trace.py]: atrace: 87:       DEBUG:    [close.complete]
[2026-01-02 11:41:45,810]: [_bot.py]: _do_post: 643:       DEBUG:    [Calling Bot API endpoint `getMe` with parameters `{}`]
[2026-01-02 11:41:45,810]: [_trace.py]: atrace: 87:       DEBUG:    [connect_tcp.started host='api.telegram.org' port=443 local_address=None timeout=5.0 socket_options=None]
[2026-01-02 11:41:45,937]: [_trace.py]: atrace: 87:       DEBUG:    [connect_tcp.complete return_value=<httpcore._backends.anyio.AnyIOStream object at 0x7fda714dcfe0>]
[2026-01-02 11:41:45,937]: [_trace.py]: atrace: 87:       DEBUG:    [start_tls.started ssl_context=<ssl.SSLContext object at 0x7fda71eb1dd0> server_hostname='api.telegram.org' timeout=5.0]
[2026-01-02 11:41:46,066]: [_trace.py]: atrace: 87:       DEBUG:    [start_tls.complete return_value=<httpcore._backends.anyio.AnyIOStream object at 0x7fda721b2f00>]
[2026-01-02 11:41:46,067]: [_trace.py]: atrace: 87:       DEBUG:    [send_request_headers.started request=<Request [b'POST']>]
[2026-01-02 11:41:46,067]: [_trace.py]: atrace: 87:       DEBUG:    [send_request_headers.complete]
[2026-01-02 11:41:46,067]: [_trace.py]: atrace: 87:       DEBUG:    [send_request_body.started request=<Request [b'POST']>]
[2026-01-02 11:41:46,067]: [_trace.py]: atrace: 87:       DEBUG:    [send_request_body.complete]
[2026-01-02 11:41:46,067]: [_trace.py]: atrace: 87:       DEBUG:    [receive_response_headers.started request=<Request [b'POST']>]
[2026-01-02 11:41:46,197]: [_trace.py]: atrace: 87:       DEBUG:    [receive_response_headers.complete return_value=(b'HTTP/1.1', 200, b'OK', [(b'Server', b'nginx/1.18.0'), (b'Date', b'Fri, 02 Jan 2026 11:41:46 GMT'), (b'Content-Type', b'application/json'), (b'Content-Length', b'285'), (b'Connection', b'keep-alive'), (b'Strict-Transport-Security', b'max-age=31536000; includeSubDomains; preload'), (b'Access-Control-Allow-Origin', b'*'), (b'Access-Control-Allow-Methods', b'GET, POST, OPTIONS'), (b'Access-Control-Expose-Headers', b'Content-Length,Content-Type,Date,Server,Connection')])]
[2026-01-02 11:41:46,197]: [_client.py]: _send_single_request: 1740:       INFO:    [HTTP Request: POST https://api.telegram.org/bot6030805959:AAGUHAMxLYc-PrevgKouJ3ZyM7ktu56ftjo/getMe "HTTP/1.1 200 OK"]
[2026-01-02 11:41:46,197]: [_trace.py]: atrace: 87:       DEBUG:    [receive_response_body.started request=<Request [b'POST']>]
[2026-01-02 11:41:46,197]: [_trace.py]: atrace: 87:       DEBUG:    [receive_response_body.complete]
[2026-01-02 11:41:46,197]: [_trace.py]: atrace: 87:       DEBUG:    [response_closed.started]
[2026-01-02 11:41:46,197]: [_trace.py]: atrace: 87:       DEBUG:    [response_closed.complete]
[2026-01-02 11:41:46,198]: [_bot.py]: _do_post: 652:       DEBUG:    [Call to Bot API endpoint `getMe` finished with return value `{'id': 6030805959, 'is_bot': True, 'first_name': 'TyPHoone', 'username': 'TyPHoone_Project_bot', 'can_join_groups': True, 'can_read_all_group_messages': False, 'supports_inline_queries': False, 'can_connect_to_business': False, 'has_main_web_app': False, 'has_topics_enabled': False}`]
[2026-01-02 11:41:46,200]: [_bot.py]: _do_post: 643:       DEBUG:    [Calling Bot API endpoint `sendDocument` with parameters `{'chat_id': '-4119703192', 'document': <telegram._files.inputfile.InputFile object at 0x7fda71eed080>}`]
[2026-01-02 11:41:46,201]: [_trace.py]: atrace: 87:       DEBUG:    [send_request_headers.started request=<Request [b'POST']>]
[2026-01-02 11:41:46,201]: [_trace.py]: atrace: 87:       DEBUG:    [send_request_headers.complete]
[2026-01-02 11:41:46,201]: [_trace.py]: atrace: 87:       DEBUG:    [send_request_body.started request=<Request [b'POST']>]
[2026-01-02 11:41:47,350]: [_trace.py]: atrace: 87:       DEBUG:    [send_request_body.complete]
[2026-01-02 11:41:47,350]: [_trace.py]: atrace: 87:       DEBUG:    [receive_response_headers.started request=<Request [b'POST']>]
[2026-01-02 11:41:48,065]: [_trace.py]: atrace: 87:       DEBUG:    [receive_response_headers.complete return_value=(b'HTTP/1.1', 200, b'OK', [(b'Server', b'nginx/1.18.0'), (b'Date', b'Fri, 02 Jan 2026 11:41:48 GMT'), (b'Content-Type', b'application/json'), (b'Content-Length', b'627'), (b'Connection', b'keep-alive'), (b'Strict-Transport-Security', b'max-age=31536000; includeSubDomains; preload'), (b'Access-Control-Allow-Origin', b'*'), (b'Access-Control-Allow-Methods', b'GET, POST, OPTIONS'), (b'Access-Control-Expose-Headers', b'Content-Length,Content-Type,Date,Server,Connection')])]
[2026-01-02 11:41:48,066]: [_client.py]: _send_single_request: 1740:       INFO:    [HTTP Request: POST https://api.telegram.org/bot6030805959:AAGUHAMxLYc-PrevgKouJ3ZyM7ktu56ftjo/sendDocument "HTTP/1.1 200 OK"]
[2026-01-02 11:41:48,066]: [_trace.py]: atrace: 87:       DEBUG:    [receive_response_body.started request=<Request [b'POST']>]
[2026-01-02 11:41:48,066]: [_trace.py]: atrace: 87:       DEBUG:    [receive_response_body.complete]
[2026-01-02 11:41:48,066]: [_trace.py]: atrace: 87:       DEBUG:    [response_closed.started]
[2026-01-02 11:41:48,066]: [_trace.py]: atrace: 87:       DEBUG:    [response_closed.complete]
[2026-01-02 11:41:48,066]: [_bot.py]: _do_post: 652:       DEBUG:    [Call to Bot API endpoint `sendDocument` finished with return value `{'message_id': 2836, 'from': {'id': 6030805959, 'is_bot': True, 'first_name': 'TyPHoone', 'username': 'TyPHoone_Project_bot'}, 'chat': {'id': -4119703192, 'title': 'Robocop', 'type': 'group', 'all_members_are_administrators': True, 'accepted_gift_types': {'unlimited_gifts': False, 'limited_gifts': False, 'unique_gifts': False, 'premium_subscription': False, 'gifts_from_channels': False}}, 'date': 1767354107, 'document': {'file_name': '(2026_01_02--11_41)output.zip', 'mime_type': 'application/zip', 'file_id': 'BQACAgQAAxkDAAILFGlXrvsFOAgfJrykaomsKKOloo9UAAIyIAAC0Sa4Uice-oVH8sioOAQ', 'file_unique_id': 'AgADMiAAAtEmuFI', 'file_size': 10038101}}`]
[2026-01-02 11:41:48,067]: [_trace.py]: atrace: 87:       DEBUG:    [close.started]
[2026-01-02 11:41:48,067]: [_trace.py]: atrace: 87:       DEBUG:    [close.complete]
[2026-01-02 11:41:48,067]: [Telegram_Sender.py]: runner: 61:       INFO:    [sent successfully]
[2026-01-02 11:41:48,068]: [Main.py]: <module>: 48:       INFO:    [Finished]
