[2024-10-12 11:37:57,593]: [Main.py]: <module>: 21:       INFO:    [Started]
[2024-10-12 11:37:59,176]: [Iron_Scraper.py]: Scrap: 32:       INFO:    [Data Scaraped Successfully]
[2024-10-12 11:37:59,360]: [Iron_Scraper.py]: Scrap: 70:       INFO:    [Scrapped Data Has No Problem]
[2024-10-12 11:37:59,361]: [Iron_Scraper.py]: Scrap: 83:       INFO:    [Data Saved Successfully]
[2024-10-12 11:37:59,361]: [Iron.py]: Run: 26:       INFO:    [Scraping Phase Completed]
[2024-10-12 11:37:59,361]: [Iron_Data_Processor.py]: Data_Reader: 61:       INFO:    [Data File Has Been Red Successfully]
[2024-10-12 11:37:59,361]: [Iron_Data_Processor.py]: Shaper: 78:       INFO:    [Data Shaped]
[2024-10-12 11:37:59,362]: [Iron_Data_Processor.py]: Process: 228:       INFO:    [Data Cleaned]
[2024-10-12 11:37:59,362]: [Iron_Data_Processor.py]: Make_Pages_Objects: 101:       INFO:    [Page Objects Has Been Made]
[2024-10-12 11:37:59,362]: [Iron_Data_Processor.py]: Make_Pages_Objects: 101:       INFO:    [Page Objects Has Been Made]
[2024-10-12 11:37:59,362]: [Iron_Data_Processor.py]: Load_Data: 118:       INFO:    [Data Has Been Load]
[2024-10-12 11:37:59,362]: [Iron_Data_Processor.py]: Load_Data: 118:       INFO:    [Data Has Been Load]
[2024-10-12 11:37:59,362]: [Iron_Data_Processor.py]: Load_positions: 140:       INFO:    [Positions Are Ready]
[2024-10-12 11:37:59,362]: [Iron_Data_Processor.py]: Load_positions: 140:       INFO:    [Positions Are Ready]
[2024-10-12 11:38:00,483]: [Iron_Data_Processor.py]: Make_Tagged_Images: 193:       INFO:    [Images Has Been Made]
[2024-10-12 11:38:01,447]: [Iron_Data_Processor.py]: Make_Tagged_Images: 193:       INFO:    [Images Has Been Made]
[2024-10-12 11:38:01,702]: [Iron_Data_Processor.py]: Make_Cover_Page: 215:       INFO:    [Made Cover Pages]
[2024-10-12 11:38:01,702]: [Iron.py]: Run: 29:       INFO:    [Imagination Phase Completed]
[2024-10-12 11:38:05,409]: [Phone_Scraper.py]: Scrap: 58:       INFO:    [Data Scraped]
[2024-10-12 11:38:05,409]: [Phone_Scraper.py]: Scrap: 71:       INFO:    [Scraped Data Successfully]
[2024-10-12 11:38:05,409]: [Phone.py]: Run: 26:       INFO:    [Scraping Phase Complete]
[2024-10-12 11:38:05,409]: [Phone_Data_Processor.py]: data_reader: 38:       INFO:    [Scraped Data Loaded]
[2024-10-12 11:38:05,411]: [Phone_Data_Processor.py]: filter_list: 65:       INFO:    [Persian Phrases Are deleted]
[2024-10-12 11:38:05,411]: [Phone_Data_Processor.py]: reshape_list: 87:       INFO:    [Date Reshaped]
[2024-10-12 11:38:05,412]: [Phone_Data_Processor.py]: separate_brands: 124:       INFO:    [Brands Are Separated]
[2024-10-12 11:38:05,412]: [Phone_Data_Processor.py]: delete_extra_spaces: 141:       INFO:    [Extra Spaces Are Deleted]
[2024-10-12 11:38:06,182]: [Phone.py]: Run: 29:       INFO:    [Imagination Phase Complete]
[2024-10-12 11:38:06,182]: [selector_events.py]: __init__: 64:       DEBUG:    [Using selector: EpollSelector]
[2024-10-12 11:38:06,522]: [_bot.py]: _do_post: 643:       DEBUG:    [Calling Bot API endpoint `getMe` with parameters `{}`]
[2024-10-12 11:38:06,528]: [_trace.py]: atrace: 85:       DEBUG:    [connect_tcp.started host='api.telegram.org' port=443 local_address=None timeout=5.0 socket_options=None]
[2024-10-12 11:38:06,621]: [_trace.py]: atrace: 85:       DEBUG:    [connect_tcp.complete return_value=<httpcore._backends.anyio.AnyIOStream object at 0x7f32caf67470>]
[2024-10-12 11:38:06,621]: [_trace.py]: atrace: 85:       DEBUG:    [start_tls.started ssl_context=<ssl.SSLContext object at 0x7f32cb433ad0> server_hostname='api.telegram.org' timeout=5.0]
[2024-10-12 11:38:06,715]: [_trace.py]: atrace: 85:       DEBUG:    [start_tls.complete return_value=<httpcore._backends.anyio.AnyIOStream object at 0x7f32caf94170>]
[2024-10-12 11:38:06,715]: [_trace.py]: atrace: 85:       DEBUG:    [send_request_headers.started request=<Request [b'POST']>]
[2024-10-12 11:38:06,716]: [_trace.py]: atrace: 85:       DEBUG:    [send_request_headers.complete]
[2024-10-12 11:38:06,716]: [_trace.py]: atrace: 85:       DEBUG:    [send_request_body.started request=<Request [b'POST']>]
[2024-10-12 11:38:06,716]: [_trace.py]: atrace: 85:       DEBUG:    [send_request_body.complete]
[2024-10-12 11:38:06,716]: [_trace.py]: atrace: 85:       DEBUG:    [receive_response_headers.started request=<Request [b'POST']>]
[2024-10-12 11:38:06,818]: [_trace.py]: atrace: 85:       DEBUG:    [receive_response_headers.complete return_value=(b'HTTP/1.1', 200, b'OK', [(b'Server', b'nginx/1.18.0'), (b'Date', b'Sat, 12 Oct 2024 11:38:06 GMT'), (b'Content-Type', b'application/json'), (b'Content-Length', b'258'), (b'Connection', b'keep-alive'), (b'Strict-Transport-Security', b'max-age=31536000; includeSubDomains; preload'), (b'Access-Control-Allow-Origin', b'*'), (b'Access-Control-Allow-Methods', b'GET, POST, OPTIONS'), (b'Access-Control-Expose-Headers', b'Content-Length,Content-Type,Date,Server,Connection')])]
[2024-10-12 11:38:06,819]: [_client.py]: _send_single_request: 1786:       INFO:    [HTTP Request: POST https://api.telegram.org/bot6030805959:AAGUHAMxLYc-PrevgKouJ3ZyM7ktu56ftjo/getMe "HTTP/1.1 200 OK"]
[2024-10-12 11:38:06,819]: [_trace.py]: atrace: 85:       DEBUG:    [receive_response_body.started request=<Request [b'POST']>]
[2024-10-12 11:38:06,819]: [_trace.py]: atrace: 85:       DEBUG:    [receive_response_body.complete]
[2024-10-12 11:38:06,819]: [_trace.py]: atrace: 85:       DEBUG:    [response_closed.started]
[2024-10-12 11:38:06,819]: [_trace.py]: atrace: 85:       DEBUG:    [response_closed.complete]
[2024-10-12 11:38:06,819]: [_bot.py]: _do_post: 652:       DEBUG:    [Call to Bot API endpoint `getMe` finished with return value `{'id': 6030805959, 'is_bot': True, 'first_name': 'TyPHoone', 'username': 'TyPHoone_Project_bot', 'can_join_groups': True, 'can_read_all_group_messages': False, 'supports_inline_queries': False, 'can_connect_to_business': False, 'has_main_web_app': False}`]
[2024-10-12 11:38:06,822]: [_bot.py]: _do_post: 643:       DEBUG:    [Calling Bot API endpoint `sendDocument` with parameters `{'chat_id': '-4119703192', 'document': <telegram._files.inputfile.InputFile object at 0x7f32caa74b80>}`]
[2024-10-12 11:38:06,823]: [_trace.py]: atrace: 85:       DEBUG:    [send_request_headers.started request=<Request [b'POST']>]
[2024-10-12 11:38:06,823]: [_trace.py]: atrace: 85:       DEBUG:    [send_request_headers.complete]
[2024-10-12 11:38:06,823]: [_trace.py]: atrace: 85:       DEBUG:    [send_request_body.started request=<Request [b'POST']>]
[2024-10-12 11:38:06,824]: [_trace.py]: atrace: 85:       DEBUG:    [send_request_body.complete]
[2024-10-12 11:38:06,824]: [_trace.py]: atrace: 85:       DEBUG:    [receive_response_headers.started request=<Request [b'POST']>]
[2024-10-12 11:38:07,313]: [_trace.py]: atrace: 85:       DEBUG:    [receive_response_headers.complete return_value=(b'HTTP/1.1', 200, b'OK', [(b'Server', b'nginx/1.18.0'), (b'Date', b'Sat, 12 Oct 2024 11:38:07 GMT'), (b'Content-Type', b'application/json'), (b'Content-Length', b'464'), (b'Connection', b'keep-alive'), (b'Strict-Transport-Security', b'max-age=31536000; includeSubDomains; preload'), (b'Access-Control-Allow-Origin', b'*'), (b'Access-Control-Allow-Methods', b'GET, POST, OPTIONS'), (b'Access-Control-Expose-Headers', b'Content-Length,Content-Type,Date,Server,Connection')])]
[2024-10-12 11:38:07,313]: [_client.py]: _send_single_request: 1786:       INFO:    [HTTP Request: POST https://api.telegram.org/bot6030805959:AAGUHAMxLYc-PrevgKouJ3ZyM7ktu56ftjo/sendDocument "HTTP/1.1 200 OK"]
[2024-10-12 11:38:07,313]: [_trace.py]: atrace: 85:       DEBUG:    [receive_response_body.started request=<Request [b'POST']>]
[2024-10-12 11:38:07,314]: [_trace.py]: atrace: 85:       DEBUG:    [receive_response_body.complete]
[2024-10-12 11:38:07,314]: [_trace.py]: atrace: 85:       DEBUG:    [response_closed.started]
[2024-10-12 11:38:07,314]: [_trace.py]: atrace: 85:       DEBUG:    [response_closed.complete]
[2024-10-12 11:38:07,314]: [_bot.py]: _do_post: 652:       DEBUG:    [Call to Bot API endpoint `sendDocument` finished with return value `{'message_id': 1923, 'from': {'id': 6030805959, 'is_bot': True, 'first_name': 'TyPHoone', 'username': 'TyPHoone_Project_bot'}, 'chat': {'id': -4119703192, 'title': 'Robocop', 'type': 'group', 'all_members_are_administrators': True}, 'date': 1728733087, 'document': {'file_name': '(2024_10_12--11_37).log', 'mime_type': 'text/plain', 'file_id': 'BQACAgQAAxkDAAIHg2cKX58pn-cXPDa7zHaIFNfw0wjqAAImFQAC0SVZULubc90SsZVENgQ', 'file_unique_id': 'AgADJhUAAtElWVA', 'file_size': 5937}}`]
[2024-10-12 11:38:07,314]: [_trace.py]: atrace: 85:       DEBUG:    [close.started]
[2024-10-12 11:38:07,315]: [_trace.py]: atrace: 85:       DEBUG:    [close.complete]
[2024-10-12 11:38:07,315]: [_config.py]: load_ssl_context: 82:       DEBUG:    [load_ssl_context verify=True cert=None trust_env=True http2=False]
[2024-10-12 11:38:07,315]: [_config.py]: load_ssl_context_verify: 148:       DEBUG:    [load_verify_locations cafile='/opt/hostedtoolcache/Python/3.12.7/x64/lib/python3.12/site-packages/certifi/cacert.pem']
[2024-10-12 11:38:07,345]: [_config.py]: load_ssl_context: 82:       DEBUG:    [load_ssl_context verify=True cert=None trust_env=True http2=False]
[2024-10-12 11:38:07,345]: [_config.py]: load_ssl_context_verify: 148:       DEBUG:    [load_verify_locations cafile='/opt/hostedtoolcache/Python/3.12.7/x64/lib/python3.12/site-packages/certifi/cacert.pem']
[2024-10-12 11:38:07,373]: [_bot.py]: _do_post: 643:       DEBUG:    [Calling Bot API endpoint `getMe` with parameters `{}`]
[2024-10-12 11:38:07,373]: [_trace.py]: atrace: 85:       DEBUG:    [connect_tcp.started host='api.telegram.org' port=443 local_address=None timeout=5.0 socket_options=None]
[2024-10-12 11:38:07,463]: [_trace.py]: atrace: 85:       DEBUG:    [connect_tcp.complete return_value=<httpcore._backends.anyio.AnyIOStream object at 0x7f32caa4ac90>]
[2024-10-12 11:38:07,463]: [_trace.py]: atrace: 85:       DEBUG:    [start_tls.started ssl_context=<ssl.SSLContext object at 0x7f32cb4338d0> server_hostname='api.telegram.org' timeout=5.0]
[2024-10-12 11:38:07,553]: [_trace.py]: atrace: 85:       DEBUG:    [start_tls.complete return_value=<httpcore._backends.anyio.AnyIOStream object at 0x7f32cb778380>]
[2024-10-12 11:38:07,553]: [_trace.py]: atrace: 85:       DEBUG:    [send_request_headers.started request=<Request [b'POST']>]
[2024-10-12 11:38:07,553]: [_trace.py]: atrace: 85:       DEBUG:    [send_request_headers.complete]
[2024-10-12 11:38:07,553]: [_trace.py]: atrace: 85:       DEBUG:    [send_request_body.started request=<Request [b'POST']>]
[2024-10-12 11:38:07,553]: [_trace.py]: atrace: 85:       DEBUG:    [send_request_body.complete]
[2024-10-12 11:38:07,553]: [_trace.py]: atrace: 85:       DEBUG:    [receive_response_headers.started request=<Request [b'POST']>]
[2024-10-12 11:38:07,642]: [_trace.py]: atrace: 85:       DEBUG:    [receive_response_headers.complete return_value=(b'HTTP/1.1', 200, b'OK', [(b'Server', b'nginx/1.18.0'), (b'Date', b'Sat, 12 Oct 2024 11:38:07 GMT'), (b'Content-Type', b'application/json'), (b'Content-Length', b'258'), (b'Connection', b'keep-alive'), (b'Strict-Transport-Security', b'max-age=31536000; includeSubDomains; preload'), (b'Access-Control-Allow-Origin', b'*'), (b'Access-Control-Allow-Methods', b'GET, POST, OPTIONS'), (b'Access-Control-Expose-Headers', b'Content-Length,Content-Type,Date,Server,Connection')])]
[2024-10-12 11:38:07,643]: [_client.py]: _send_single_request: 1786:       INFO:    [HTTP Request: POST https://api.telegram.org/bot6030805959:AAGUHAMxLYc-PrevgKouJ3ZyM7ktu56ftjo/getMe "HTTP/1.1 200 OK"]
[2024-10-12 11:38:07,643]: [_trace.py]: atrace: 85:       DEBUG:    [receive_response_body.started request=<Request [b'POST']>]
[2024-10-12 11:38:07,643]: [_trace.py]: atrace: 85:       DEBUG:    [receive_response_body.complete]
[2024-10-12 11:38:07,643]: [_trace.py]: atrace: 85:       DEBUG:    [response_closed.started]
[2024-10-12 11:38:07,643]: [_trace.py]: atrace: 85:       DEBUG:    [response_closed.complete]
[2024-10-12 11:38:07,643]: [_bot.py]: _do_post: 652:       DEBUG:    [Call to Bot API endpoint `getMe` finished with return value `{'id': 6030805959, 'is_bot': True, 'first_name': 'TyPHoone', 'username': 'TyPHoone_Project_bot', 'can_join_groups': True, 'can_read_all_group_messages': False, 'supports_inline_queries': False, 'can_connect_to_business': False, 'has_main_web_app': False}`]
[2024-10-12 11:38:07,646]: [_bot.py]: _do_post: 643:       DEBUG:    [Calling Bot API endpoint `sendDocument` with parameters `{'chat_id': '-4119703192', 'document': <telegram._files.inputfile.InputFile object at 0x7f32caa74600>}`]
[2024-10-12 11:38:07,646]: [_trace.py]: atrace: 85:       DEBUG:    [send_request_headers.started request=<Request [b'POST']>]
[2024-10-12 11:38:07,646]: [_trace.py]: atrace: 85:       DEBUG:    [send_request_headers.complete]
[2024-10-12 11:38:07,646]: [_trace.py]: atrace: 85:       DEBUG:    [send_request_body.started request=<Request [b'POST']>]
[2024-10-12 11:38:08,524]: [_trace.py]: atrace: 85:       DEBUG:    [send_request_body.complete]
[2024-10-12 11:38:08,525]: [_trace.py]: atrace: 85:       DEBUG:    [receive_response_headers.started request=<Request [b'POST']>]
[2024-10-12 11:38:09,222]: [_trace.py]: atrace: 85:       DEBUG:    [receive_response_headers.complete return_value=(b'HTTP/1.1', 200, b'OK', [(b'Server', b'nginx/1.18.0'), (b'Date', b'Sat, 12 Oct 2024 11:38:09 GMT'), (b'Content-Type', b'application/json'), (b'Content-Length', b'479'), (b'Connection', b'keep-alive'), (b'Strict-Transport-Security', b'max-age=31536000; includeSubDomains; preload'), (b'Access-Control-Allow-Origin', b'*'), (b'Access-Control-Allow-Methods', b'GET, POST, OPTIONS'), (b'Access-Control-Expose-Headers', b'Content-Length,Content-Type,Date,Server,Connection')])]
[2024-10-12 11:38:09,222]: [_client.py]: _send_single_request: 1786:       INFO:    [HTTP Request: POST https://api.telegram.org/bot6030805959:AAGUHAMxLYc-PrevgKouJ3ZyM7ktu56ftjo/sendDocument "HTTP/1.1 200 OK"]
[2024-10-12 11:38:09,222]: [_trace.py]: atrace: 85:       DEBUG:    [receive_response_body.started request=<Request [b'POST']>]
[2024-10-12 11:38:09,222]: [_trace.py]: atrace: 85:       DEBUG:    [receive_response_body.complete]
[2024-10-12 11:38:09,222]: [_trace.py]: atrace: 85:       DEBUG:    [response_closed.started]
[2024-10-12 11:38:09,223]: [_trace.py]: atrace: 85:       DEBUG:    [response_closed.complete]
[2024-10-12 11:38:09,223]: [_bot.py]: _do_post: 652:       DEBUG:    [Call to Bot API endpoint `sendDocument` finished with return value `{'message_id': 1924, 'from': {'id': 6030805959, 'is_bot': True, 'first_name': 'TyPHoone', 'username': 'TyPHoone_Project_bot'}, 'chat': {'id': -4119703192, 'title': 'Robocop', 'type': 'group', 'all_members_are_administrators': True}, 'date': 1728733089, 'document': {'file_name': '(2024_10_12--11_37)output.zip', 'mime_type': 'application/zip', 'file_id': 'BQACAgQAAxkDAAIHhGcKX6DFqziGB95UMzlN5ex7vc2RAAInFQAC0SVZUEaB0iL1N6W-NgQ', 'file_unique_id': 'AgADJxUAAtElWVA', 'file_size': 10217987}}`]
[2024-10-12 11:38:09,223]: [_trace.py]: atrace: 85:       DEBUG:    [close.started]
[2024-10-12 11:38:09,223]: [_trace.py]: atrace: 85:       DEBUG:    [close.complete]
[2024-10-12 11:38:09,223]: [Telegram_Sender.py]: runner: 61:       INFO:    [sent successfully]
[2024-10-12 11:38:09,224]: [Main.py]: <module>: 48:       INFO:    [Finished]
