[2024-07-02 11:38:06,944]: [Main.py]: <module>: 21:       INFO:    [Started]
[2024-07-02 11:38:08,410]: [Iron_Scraper.py]: Scrap: 32:       INFO:    [Data Scaraped Successfully]
[2024-07-02 11:38:08,613]: [Iron_Scraper.py]: Scrap: 70:       INFO:    [Scrapped Data Has No Problem]
[2024-07-02 11:38:08,613]: [Iron_Scraper.py]: Scrap: 83:       INFO:    [Data Saved Successfully]
[2024-07-02 11:38:08,614]: [Iron.py]: Run: 26:       INFO:    [Scraping Phase Completed]
[2024-07-02 11:38:08,614]: [Iron_Data_Processor.py]: Data_Reader: 61:       INFO:    [Data File Has Been Red Successfully]
[2024-07-02 11:38:08,614]: [Iron_Data_Processor.py]: Shaper: 78:       INFO:    [Data Shaped]
[2024-07-02 11:38:08,614]: [Iron_Data_Processor.py]: Process: 228:       INFO:    [Data Cleaned]
[2024-07-02 11:38:08,614]: [Iron_Data_Processor.py]: Make_Pages_Objects: 101:       INFO:    [Page Objects Has Been Made]
[2024-07-02 11:38:08,614]: [Iron_Data_Processor.py]: Make_Pages_Objects: 101:       INFO:    [Page Objects Has Been Made]
[2024-07-02 11:38:08,615]: [Iron_Data_Processor.py]: Load_Data: 118:       INFO:    [Data Has Been Load]
[2024-07-02 11:38:08,615]: [Iron_Data_Processor.py]: Load_Data: 118:       INFO:    [Data Has Been Load]
[2024-07-02 11:38:08,615]: [Iron_Data_Processor.py]: Load_positions: 140:       INFO:    [Positions Are Ready]
[2024-07-02 11:38:08,615]: [Iron_Data_Processor.py]: Load_positions: 140:       INFO:    [Positions Are Ready]
[2024-07-02 11:38:09,763]: [Iron_Data_Processor.py]: Make_Tagged_Images: 193:       INFO:    [Images Has Been Made]
[2024-07-02 11:38:10,741]: [Iron_Data_Processor.py]: Make_Tagged_Images: 193:       INFO:    [Images Has Been Made]
[2024-07-02 11:38:10,994]: [Iron_Data_Processor.py]: Make_Cover_Page: 215:       INFO:    [Made Cover Pages]
[2024-07-02 11:38:10,994]: [Iron.py]: Run: 29:       INFO:    [Imagination Phase Completed]
[2024-07-02 11:38:14,673]: [Phone_Scraper.py]: Scrap: 58:       INFO:    [Data Scraped]
[2024-07-02 11:38:14,673]: [Phone_Scraper.py]: Scrap: 71:       INFO:    [Scraped Data Successfully]
[2024-07-02 11:38:14,673]: [Phone.py]: Run: 26:       INFO:    [Scraping Phase Complete]
[2024-07-02 11:38:14,673]: [Phone_Data_Processor.py]: data_reader: 38:       INFO:    [Scraped Data Loaded]
[2024-07-02 11:38:14,674]: [Phone_Data_Processor.py]: filter_list: 65:       INFO:    [Persian Phrases Are deleted]
[2024-07-02 11:38:14,675]: [Phone_Data_Processor.py]: reshape_list: 87:       INFO:    [Date Reshaped]
[2024-07-02 11:38:14,675]: [Phone_Data_Processor.py]: separate_brands: 124:       INFO:    [Brands Are Separated]
[2024-07-02 11:38:14,675]: [Phone_Data_Processor.py]: delete_extra_spaces: 141:       INFO:    [Extra Spaces Are Deleted]
[2024-07-02 11:38:15,173]: [Phone.py]: Run: 29:       INFO:    [Imagination Phase Complete]
[2024-07-02 11:38:15,174]: [selector_events.py]: __init__: 64:       DEBUG:    [Using selector: EpollSelector]
[2024-07-02 11:38:15,490]: [_bot.py]: _do_post: 643:       DEBUG:    [Calling Bot API endpoint `getMe` with parameters `{}`]
[2024-07-02 11:38:15,494]: [_trace.py]: atrace: 85:       DEBUG:    [connect_tcp.started host='api.telegram.org' port=443 local_address=None timeout=5.0 socket_options=None]
[2024-07-02 11:38:15,620]: [_trace.py]: atrace: 85:       DEBUG:    [connect_tcp.complete return_value=<httpcore._backends.anyio.AnyIOStream object at 0x7efc44e9c350>]
[2024-07-02 11:38:15,620]: [_trace.py]: atrace: 85:       DEBUG:    [start_tls.started ssl_context=<ssl.SSLContext object at 0x7efc453369d0> server_hostname='api.telegram.org' timeout=5.0]
[2024-07-02 11:38:15,724]: [_trace.py]: atrace: 85:       DEBUG:    [start_tls.complete return_value=<httpcore._backends.anyio.AnyIOStream object at 0x7efc454deba0>]
[2024-07-02 11:38:15,724]: [_trace.py]: atrace: 85:       DEBUG:    [send_request_headers.started request=<Request [b'POST']>]
[2024-07-02 11:38:15,725]: [_trace.py]: atrace: 85:       DEBUG:    [send_request_headers.complete]
[2024-07-02 11:38:15,725]: [_trace.py]: atrace: 85:       DEBUG:    [send_request_body.started request=<Request [b'POST']>]
[2024-07-02 11:38:15,725]: [_trace.py]: atrace: 85:       DEBUG:    [send_request_body.complete]
[2024-07-02 11:38:15,725]: [_trace.py]: atrace: 85:       DEBUG:    [receive_response_headers.started request=<Request [b'POST']>]
[2024-07-02 11:38:15,826]: [_trace.py]: atrace: 85:       DEBUG:    [receive_response_headers.complete return_value=(b'HTTP/1.1', 200, b'OK', [(b'Server', b'nginx/1.18.0'), (b'Date', b'Tue, 02 Jul 2024 11:38:15 GMT'), (b'Content-Type', b'application/json'), (b'Content-Length', b'233'), (b'Connection', b'keep-alive'), (b'Strict-Transport-Security', b'max-age=31536000; includeSubDomains; preload'), (b'Access-Control-Allow-Origin', b'*'), (b'Access-Control-Allow-Methods', b'GET, POST, OPTIONS'), (b'Access-Control-Expose-Headers', b'Content-Length,Content-Type,Date,Server,Connection')])]
[2024-07-02 11:38:15,827]: [_client.py]: _send_single_request: 1773:       INFO:    [HTTP Request: POST https://api.telegram.org/bot6030805959:AAGUHAMxLYc-PrevgKouJ3ZyM7ktu56ftjo/getMe "HTTP/1.1 200 OK"]
[2024-07-02 11:38:15,827]: [_trace.py]: atrace: 85:       DEBUG:    [receive_response_body.started request=<Request [b'POST']>]
[2024-07-02 11:38:15,827]: [_trace.py]: atrace: 85:       DEBUG:    [receive_response_body.complete]
[2024-07-02 11:38:15,827]: [_trace.py]: atrace: 85:       DEBUG:    [response_closed.started]
[2024-07-02 11:38:15,827]: [_trace.py]: atrace: 85:       DEBUG:    [response_closed.complete]
[2024-07-02 11:38:15,827]: [_bot.py]: _do_post: 652:       DEBUG:    [Call to Bot API endpoint `getMe` finished with return value `{'id': 6030805959, 'is_bot': True, 'first_name': 'TyPHoone', 'username': 'TyPHoone_Project_bot', 'can_join_groups': True, 'can_read_all_group_messages': False, 'supports_inline_queries': False, 'can_connect_to_business': False}`]
[2024-07-02 11:38:15,830]: [_bot.py]: _do_post: 643:       DEBUG:    [Calling Bot API endpoint `sendDocument` with parameters `{'chat_id': '-4119703192', 'document': <telegram._files.inputfile.InputFile object at 0x7efc44a73440>}`]
[2024-07-02 11:38:15,831]: [_trace.py]: atrace: 85:       DEBUG:    [send_request_headers.started request=<Request [b'POST']>]
[2024-07-02 11:38:15,831]: [_trace.py]: atrace: 85:       DEBUG:    [send_request_headers.complete]
[2024-07-02 11:38:15,831]: [_trace.py]: atrace: 85:       DEBUG:    [send_request_body.started request=<Request [b'POST']>]
[2024-07-02 11:38:15,832]: [_trace.py]: atrace: 85:       DEBUG:    [send_request_body.complete]
[2024-07-02 11:38:15,832]: [_trace.py]: atrace: 85:       DEBUG:    [receive_response_headers.started request=<Request [b'POST']>]
[2024-07-02 11:38:16,091]: [_trace.py]: atrace: 85:       DEBUG:    [receive_response_headers.complete return_value=(b'HTTP/1.1', 200, b'OK', [(b'Server', b'nginx/1.18.0'), (b'Date', b'Tue, 02 Jul 2024 11:38:16 GMT'), (b'Content-Type', b'application/json'), (b'Content-Length', b'463'), (b'Connection', b'keep-alive'), (b'Strict-Transport-Security', b'max-age=31536000; includeSubDomains; preload'), (b'Access-Control-Allow-Origin', b'*'), (b'Access-Control-Allow-Methods', b'GET, POST, OPTIONS'), (b'Access-Control-Expose-Headers', b'Content-Length,Content-Type,Date,Server,Connection')])]
[2024-07-02 11:38:16,091]: [_client.py]: _send_single_request: 1773:       INFO:    [HTTP Request: POST https://api.telegram.org/bot6030805959:AAGUHAMxLYc-PrevgKouJ3ZyM7ktu56ftjo/sendDocument "HTTP/1.1 200 OK"]
[2024-07-02 11:38:16,091]: [_trace.py]: atrace: 85:       DEBUG:    [receive_response_body.started request=<Request [b'POST']>]
[2024-07-02 11:38:16,091]: [_trace.py]: atrace: 85:       DEBUG:    [receive_response_body.complete]
[2024-07-02 11:38:16,092]: [_trace.py]: atrace: 85:       DEBUG:    [response_closed.started]
[2024-07-02 11:38:16,092]: [_trace.py]: atrace: 85:       DEBUG:    [response_closed.complete]
[2024-07-02 11:38:16,092]: [_bot.py]: _do_post: 652:       DEBUG:    [Call to Bot API endpoint `sendDocument` finished with return value `{'message_id': 887, 'from': {'id': 6030805959, 'is_bot': True, 'first_name': 'TyPHoone', 'username': 'TyPHoone_Project_bot'}, 'chat': {'id': -4119703192, 'title': 'Robocop', 'type': 'group', 'all_members_are_administrators': True}, 'date': 1719920296, 'document': {'file_name': '(2024_07_02--11_38).log', 'mime_type': 'text/plain', 'file_id': 'BQACAgQAAxkDAAIDd2aD5qc9TY-enqhysE6SyqmWb0FHAAIeFQAC1IQgUPDLsVknTXsUNQQ', 'file_unique_id': 'AgADHhUAAtSEIFA', 'file_size': 5910}}`]
[2024-07-02 11:38:16,092]: [_trace.py]: atrace: 85:       DEBUG:    [close.started]
[2024-07-02 11:38:16,092]: [_trace.py]: atrace: 85:       DEBUG:    [close.complete]
[2024-07-02 11:38:16,093]: [_config.py]: load_ssl_context: 80:       DEBUG:    [load_ssl_context verify=True cert=None trust_env=True http2=False]
[2024-07-02 11:38:16,093]: [_config.py]: load_ssl_context_verify: 146:       DEBUG:    [load_verify_locations cafile='/opt/hostedtoolcache/Python/3.12.4/x64/lib/python3.12/site-packages/certifi/cacert.pem']
[2024-07-02 11:38:16,119]: [_config.py]: load_ssl_context: 80:       DEBUG:    [load_ssl_context verify=True cert=None trust_env=True http2=False]
[2024-07-02 11:38:16,120]: [_config.py]: load_ssl_context_verify: 146:       DEBUG:    [load_verify_locations cafile='/opt/hostedtoolcache/Python/3.12.4/x64/lib/python3.12/site-packages/certifi/cacert.pem']
[2024-07-02 11:38:16,145]: [_bot.py]: _do_post: 643:       DEBUG:    [Calling Bot API endpoint `getMe` with parameters `{}`]
[2024-07-02 11:38:16,145]: [_trace.py]: atrace: 85:       DEBUG:    [connect_tcp.started host='api.telegram.org' port=443 local_address=None timeout=5.0 socket_options=None]
[2024-07-02 11:38:16,247]: [_trace.py]: atrace: 85:       DEBUG:    [connect_tcp.complete return_value=<httpcore._backends.anyio.AnyIOStream object at 0x7efc44e39ca0>]
[2024-07-02 11:38:16,248]: [_trace.py]: atrace: 85:       DEBUG:    [start_tls.started ssl_context=<ssl.SSLContext object at 0x7efc453367d0> server_hostname='api.telegram.org' timeout=5.0]
[2024-07-02 11:38:16,351]: [_trace.py]: atrace: 85:       DEBUG:    [start_tls.complete return_value=<httpcore._backends.anyio.AnyIOStream object at 0x7efc44eb8fb0>]
[2024-07-02 11:38:16,352]: [_trace.py]: atrace: 85:       DEBUG:    [send_request_headers.started request=<Request [b'POST']>]
[2024-07-02 11:38:16,352]: [_trace.py]: atrace: 85:       DEBUG:    [send_request_headers.complete]
[2024-07-02 11:38:16,352]: [_trace.py]: atrace: 85:       DEBUG:    [send_request_body.started request=<Request [b'POST']>]
[2024-07-02 11:38:16,352]: [_trace.py]: atrace: 85:       DEBUG:    [send_request_body.complete]
[2024-07-02 11:38:16,352]: [_trace.py]: atrace: 85:       DEBUG:    [receive_response_headers.started request=<Request [b'POST']>]
[2024-07-02 11:38:16,453]: [_trace.py]: atrace: 85:       DEBUG:    [receive_response_headers.complete return_value=(b'HTTP/1.1', 200, b'OK', [(b'Server', b'nginx/1.18.0'), (b'Date', b'Tue, 02 Jul 2024 11:38:16 GMT'), (b'Content-Type', b'application/json'), (b'Content-Length', b'233'), (b'Connection', b'keep-alive'), (b'Strict-Transport-Security', b'max-age=31536000; includeSubDomains; preload'), (b'Access-Control-Allow-Origin', b'*'), (b'Access-Control-Allow-Methods', b'GET, POST, OPTIONS'), (b'Access-Control-Expose-Headers', b'Content-Length,Content-Type,Date,Server,Connection')])]
[2024-07-02 11:38:16,453]: [_client.py]: _send_single_request: 1773:       INFO:    [HTTP Request: POST https://api.telegram.org/bot6030805959:AAGUHAMxLYc-PrevgKouJ3ZyM7ktu56ftjo/getMe "HTTP/1.1 200 OK"]
[2024-07-02 11:38:16,453]: [_trace.py]: atrace: 85:       DEBUG:    [receive_response_body.started request=<Request [b'POST']>]
[2024-07-02 11:38:16,453]: [_trace.py]: atrace: 85:       DEBUG:    [receive_response_body.complete]
[2024-07-02 11:38:16,453]: [_trace.py]: atrace: 85:       DEBUG:    [response_closed.started]
[2024-07-02 11:38:16,453]: [_trace.py]: atrace: 85:       DEBUG:    [response_closed.complete]
[2024-07-02 11:38:16,454]: [_bot.py]: _do_post: 652:       DEBUG:    [Call to Bot API endpoint `getMe` finished with return value `{'id': 6030805959, 'is_bot': True, 'first_name': 'TyPHoone', 'username': 'TyPHoone_Project_bot', 'can_join_groups': True, 'can_read_all_group_messages': False, 'supports_inline_queries': False, 'can_connect_to_business': False}`]
[2024-07-02 11:38:16,456]: [_bot.py]: _do_post: 643:       DEBUG:    [Calling Bot API endpoint `sendDocument` with parameters `{'chat_id': '-4119703192', 'document': <telegram._files.inputfile.InputFile object at 0x7efc44a1ad80>}`]
[2024-07-02 11:38:16,456]: [_trace.py]: atrace: 85:       DEBUG:    [send_request_headers.started request=<Request [b'POST']>]
[2024-07-02 11:38:16,456]: [_trace.py]: atrace: 85:       DEBUG:    [send_request_headers.complete]
[2024-07-02 11:38:16,456]: [_trace.py]: atrace: 85:       DEBUG:    [send_request_body.started request=<Request [b'POST']>]
[2024-07-02 11:38:17,376]: [_trace.py]: atrace: 85:       DEBUG:    [send_request_body.complete]
[2024-07-02 11:38:17,376]: [_trace.py]: atrace: 85:       DEBUG:    [receive_response_headers.started request=<Request [b'POST']>]
[2024-07-02 11:38:18,253]: [_trace.py]: atrace: 85:       DEBUG:    [receive_response_headers.complete return_value=(b'HTTP/1.1', 200, b'OK', [(b'Server', b'nginx/1.18.0'), (b'Date', b'Tue, 02 Jul 2024 11:38:18 GMT'), (b'Content-Type', b'application/json'), (b'Content-Length', b'477'), (b'Connection', b'keep-alive'), (b'Strict-Transport-Security', b'max-age=31536000; includeSubDomains; preload'), (b'Access-Control-Allow-Origin', b'*'), (b'Access-Control-Allow-Methods', b'GET, POST, OPTIONS'), (b'Access-Control-Expose-Headers', b'Content-Length,Content-Type,Date,Server,Connection')])]
[2024-07-02 11:38:18,253]: [_client.py]: _send_single_request: 1773:       INFO:    [HTTP Request: POST https://api.telegram.org/bot6030805959:AAGUHAMxLYc-PrevgKouJ3ZyM7ktu56ftjo/sendDocument "HTTP/1.1 200 OK"]
[2024-07-02 11:38:18,253]: [_trace.py]: atrace: 85:       DEBUG:    [receive_response_body.started request=<Request [b'POST']>]
[2024-07-02 11:38:18,253]: [_trace.py]: atrace: 85:       DEBUG:    [receive_response_body.complete]
[2024-07-02 11:38:18,253]: [_trace.py]: atrace: 85:       DEBUG:    [response_closed.started]
[2024-07-02 11:38:18,253]: [_trace.py]: atrace: 85:       DEBUG:    [response_closed.complete]
[2024-07-02 11:38:18,253]: [_bot.py]: _do_post: 652:       DEBUG:    [Call to Bot API endpoint `sendDocument` finished with return value `{'message_id': 888, 'from': {'id': 6030805959, 'is_bot': True, 'first_name': 'TyPHoone', 'username': 'TyPHoone_Project_bot'}, 'chat': {'id': -4119703192, 'title': 'Robocop', 'type': 'group', 'all_members_are_administrators': True}, 'date': 1719920298, 'document': {'file_name': '(2024_07_02--11_38)output.zip', 'mime_type': 'application/zip', 'file_id': 'BQACAgQAAxkDAAIDeGaD5qk0D7dz3MjbJL7L11y7mBrnAAIfFQAC1IQgUMlFOGQTRsC5NQQ', 'file_unique_id': 'AgADHxUAAtSEIFA', 'file_size': 9473148}}`]
[2024-07-02 11:38:18,254]: [_trace.py]: atrace: 85:       DEBUG:    [close.started]
[2024-07-02 11:38:18,254]: [_trace.py]: atrace: 85:       DEBUG:    [close.complete]
[2024-07-02 11:38:18,254]: [Telegram_Sender.py]: runner: 61:       INFO:    [sent successfully]
[2024-07-02 11:38:18,255]: [Main.py]: <module>: 48:       INFO:    [Finished]
