[2025-04-23 11:38:59,629]: [Main.py]: <module>: 21:       INFO:    [Started]
[2025-04-23 11:39:01,021]: [Iron_Scraper.py]: Scrap: 32:       INFO:    [Data Scaraped Successfully]
[2025-04-23 11:39:01,221]: [Iron_Scraper.py]: Scrap: 70:       INFO:    [Scrapped Data Has No Problem]
[2025-04-23 11:39:01,222]: [Iron_Scraper.py]: Scrap: 83:       INFO:    [Data Saved Successfully]
[2025-04-23 11:39:01,222]: [Iron.py]: Run: 26:       INFO:    [Scraping Phase Completed]
[2025-04-23 11:39:01,222]: [Iron_Data_Processor.py]: Data_Reader: 61:       INFO:    [Data File Has Been Red Successfully]
[2025-04-23 11:39:01,222]: [Iron_Data_Processor.py]: Shaper: 78:       INFO:    [Data Shaped]
[2025-04-23 11:39:01,222]: [Iron_Data_Processor.py]: Process: 228:       INFO:    [Data Cleaned]
[2025-04-23 11:39:01,222]: [Iron_Data_Processor.py]: Make_Pages_Objects: 101:       INFO:    [Page Objects Has Been Made]
[2025-04-23 11:39:01,222]: [Iron_Data_Processor.py]: Make_Pages_Objects: 101:       INFO:    [Page Objects Has Been Made]
[2025-04-23 11:39:01,222]: [Iron_Data_Processor.py]: Load_Data: 118:       INFO:    [Data Has Been Load]
[2025-04-23 11:39:01,222]: [Iron_Data_Processor.py]: Load_Data: 118:       INFO:    [Data Has Been Load]
[2025-04-23 11:39:01,223]: [Iron_Data_Processor.py]: Load_positions: 140:       INFO:    [Positions Are Ready]
[2025-04-23 11:39:01,223]: [Iron_Data_Processor.py]: Load_positions: 140:       INFO:    [Positions Are Ready]
[2025-04-23 11:39:02,337]: [Iron_Data_Processor.py]: Make_Tagged_Images: 193:       INFO:    [Images Has Been Made]
[2025-04-23 11:39:03,283]: [Iron_Data_Processor.py]: Make_Tagged_Images: 193:       INFO:    [Images Has Been Made]
[2025-04-23 11:39:03,536]: [Iron_Data_Processor.py]: Make_Cover_Page: 215:       INFO:    [Made Cover Pages]
[2025-04-23 11:39:03,536]: [Iron.py]: Run: 29:       INFO:    [Imagination Phase Completed]
[2025-04-23 11:39:07,979]: [Phone_Scraper.py]: Scrap: 58:       INFO:    [Data Scraped]
[2025-04-23 11:39:07,980]: [Phone_Scraper.py]: Scrap: 71:       INFO:    [Scraped Data Successfully]
[2025-04-23 11:39:07,980]: [Phone.py]: Run: 26:       INFO:    [Scraping Phase Complete]
[2025-04-23 11:39:07,980]: [Phone_Data_Processor.py]: data_reader: 38:       INFO:    [Scraped Data Loaded]
[2025-04-23 11:39:07,981]: [Phone_Data_Processor.py]: filter_list: 65:       INFO:    [Persian Phrases Are deleted]
[2025-04-23 11:39:07,982]: [Phone_Data_Processor.py]: reshape_list: 87:       INFO:    [Date Reshaped]
[2025-04-23 11:39:07,982]: [Phone_Data_Processor.py]: separate_brands: 124:       INFO:    [Brands Are Separated]
[2025-04-23 11:39:07,982]: [Phone_Data_Processor.py]: delete_extra_spaces: 141:       INFO:    [Extra Spaces Are Deleted]
[2025-04-23 11:39:08,731]: [Phone.py]: Run: 29:       INFO:    [Imagination Phase Complete]
[2025-04-23 11:39:08,732]: [selector_events.py]: __init__: 64:       DEBUG:    [Using selector: EpollSelector]
[2025-04-23 11:39:09,012]: [_bot.py]: _do_post: 643:       DEBUG:    [Calling Bot API endpoint `getMe` with parameters `{}`]
[2025-04-23 11:39:09,016]: [_trace.py]: atrace: 87:       DEBUG:    [connect_tcp.started host='api.telegram.org' port=443 local_address=None timeout=5.0 socket_options=None]
[2025-04-23 11:39:09,203]: [_trace.py]: atrace: 87:       DEBUG:    [connect_tcp.complete return_value=<httpcore._backends.anyio.AnyIOStream object at 0x7f4f7df3ac90>]
[2025-04-23 11:39:09,203]: [_trace.py]: atrace: 87:       DEBUG:    [start_tls.started ssl_context=<ssl.SSLContext object at 0x7f4f7d447850> server_hostname='api.telegram.org' timeout=5.0]
[2025-04-23 11:39:09,294]: [_trace.py]: atrace: 87:       DEBUG:    [start_tls.complete return_value=<httpcore._backends.anyio.AnyIOStream object at 0x7f4f7cf1a2a0>]
[2025-04-23 11:39:09,294]: [_trace.py]: atrace: 87:       DEBUG:    [send_request_headers.started request=<Request [b'POST']>]
[2025-04-23 11:39:09,294]: [_trace.py]: atrace: 87:       DEBUG:    [send_request_headers.complete]
[2025-04-23 11:39:09,294]: [_trace.py]: atrace: 87:       DEBUG:    [send_request_body.started request=<Request [b'POST']>]
[2025-04-23 11:39:09,294]: [_trace.py]: atrace: 87:       DEBUG:    [send_request_body.complete]
[2025-04-23 11:39:09,294]: [_trace.py]: atrace: 87:       DEBUG:    [receive_response_headers.started request=<Request [b'POST']>]
[2025-04-23 11:39:09,385]: [_trace.py]: atrace: 87:       DEBUG:    [receive_response_headers.complete return_value=(b'HTTP/1.1', 200, b'OK', [(b'Server', b'nginx/1.18.0'), (b'Date', b'Wed, 23 Apr 2025 11:39:09 GMT'), (b'Content-Type', b'application/json'), (b'Content-Length', b'258'), (b'Connection', b'keep-alive'), (b'Strict-Transport-Security', b'max-age=31536000; includeSubDomains; preload'), (b'Access-Control-Allow-Origin', b'*'), (b'Access-Control-Allow-Methods', b'GET, POST, OPTIONS'), (b'Access-Control-Expose-Headers', b'Content-Length,Content-Type,Date,Server,Connection')])]
[2025-04-23 11:39:09,385]: [_client.py]: _send_single_request: 1740:       INFO:    [HTTP Request: POST https://api.telegram.org/bot6030805959:AAGUHAMxLYc-PrevgKouJ3ZyM7ktu56ftjo/getMe "HTTP/1.1 200 OK"]
[2025-04-23 11:39:09,385]: [_trace.py]: atrace: 87:       DEBUG:    [receive_response_body.started request=<Request [b'POST']>]
[2025-04-23 11:39:09,385]: [_trace.py]: atrace: 87:       DEBUG:    [receive_response_body.complete]
[2025-04-23 11:39:09,385]: [_trace.py]: atrace: 87:       DEBUG:    [response_closed.started]
[2025-04-23 11:39:09,385]: [_trace.py]: atrace: 87:       DEBUG:    [response_closed.complete]
[2025-04-23 11:39:09,385]: [_bot.py]: _do_post: 652:       DEBUG:    [Call to Bot API endpoint `getMe` finished with return value `{'id': 6030805959, 'is_bot': True, 'first_name': 'TyPHoone', 'username': 'TyPHoone_Project_bot', 'can_join_groups': True, 'can_read_all_group_messages': False, 'supports_inline_queries': False, 'can_connect_to_business': False, 'has_main_web_app': False}`]
[2025-04-23 11:39:09,388]: [_bot.py]: _do_post: 643:       DEBUG:    [Calling Bot API endpoint `sendDocument` with parameters `{'chat_id': '-4119703192', 'document': <telegram._files.inputfile.InputFile object at 0x7f4f7ca68a80>}`]
[2025-04-23 11:39:09,389]: [_trace.py]: atrace: 87:       DEBUG:    [send_request_headers.started request=<Request [b'POST']>]
[2025-04-23 11:39:09,389]: [_trace.py]: atrace: 87:       DEBUG:    [send_request_headers.complete]
[2025-04-23 11:39:09,389]: [_trace.py]: atrace: 87:       DEBUG:    [send_request_body.started request=<Request [b'POST']>]
[2025-04-23 11:39:09,390]: [_trace.py]: atrace: 87:       DEBUG:    [send_request_body.complete]
[2025-04-23 11:39:09,390]: [_trace.py]: atrace: 87:       DEBUG:    [receive_response_headers.started request=<Request [b'POST']>]
[2025-04-23 11:39:09,640]: [_trace.py]: atrace: 87:       DEBUG:    [receive_response_headers.complete return_value=(b'HTTP/1.1', 200, b'OK', [(b'Server', b'nginx/1.18.0'), (b'Date', b'Wed, 23 Apr 2025 11:39:09 GMT'), (b'Content-Type', b'application/json'), (b'Content-Length', b'584'), (b'Connection', b'keep-alive'), (b'Strict-Transport-Security', b'max-age=31536000; includeSubDomains; preload'), (b'Access-Control-Allow-Origin', b'*'), (b'Access-Control-Allow-Methods', b'GET, POST, OPTIONS'), (b'Access-Control-Expose-Headers', b'Content-Length,Content-Type,Date,Server,Connection')])]
[2025-04-23 11:39:09,640]: [_client.py]: _send_single_request: 1740:       INFO:    [HTTP Request: POST https://api.telegram.org/bot6030805959:AAGUHAMxLYc-PrevgKouJ3ZyM7ktu56ftjo/sendDocument "HTTP/1.1 200 OK"]
[2025-04-23 11:39:09,640]: [_trace.py]: atrace: 87:       DEBUG:    [receive_response_body.started request=<Request [b'POST']>]
[2025-04-23 11:39:09,641]: [_trace.py]: atrace: 87:       DEBUG:    [receive_response_body.complete]
[2025-04-23 11:39:09,641]: [_trace.py]: atrace: 87:       DEBUG:    [response_closed.started]
[2025-04-23 11:39:09,641]: [_trace.py]: atrace: 87:       DEBUG:    [response_closed.complete]
[2025-04-23 11:39:09,641]: [_bot.py]: _do_post: 652:       DEBUG:    [Call to Bot API endpoint `sendDocument` finished with return value `{'message_id': 2311, 'from': {'id': 6030805959, 'is_bot': True, 'first_name': 'TyPHoone', 'username': 'TyPHoone_Project_bot'}, 'chat': {'id': -4119703192, 'title': 'Robocop', 'type': 'group', 'all_members_are_administrators': True, 'accepted_gift_types': {'unlimited_gifts': False, 'limited_gifts': False, 'unique_gifts': False, 'premium_subscription': False}}, 'date': 1745408349, 'document': {'file_name': '(2025_04_23--11_38).log', 'mime_type': 'text/plain', 'file_id': 'BQACAgQAAxkDAAIJB2gI0V09ryOBcMc6pVK0SNUuJrwyAAIbGQACGeZAUPPVJi0ZVyksNgQ', 'file_unique_id': 'AgADGxkAAhnmQFA', 'file_size': 5937}}`]
[2025-04-23 11:39:09,641]: [_trace.py]: atrace: 87:       DEBUG:    [close.started]
[2025-04-23 11:39:09,642]: [_trace.py]: atrace: 87:       DEBUG:    [close.complete]
[2025-04-23 11:39:09,687]: [_bot.py]: _do_post: 643:       DEBUG:    [Calling Bot API endpoint `getMe` with parameters `{}`]
[2025-04-23 11:39:09,687]: [_trace.py]: atrace: 87:       DEBUG:    [connect_tcp.started host='api.telegram.org' port=443 local_address=None timeout=5.0 socket_options=None]
[2025-04-23 11:39:09,778]: [_trace.py]: atrace: 87:       DEBUG:    [connect_tcp.complete return_value=<httpcore._backends.anyio.AnyIOStream object at 0x7f4f7ca8df10>]
[2025-04-23 11:39:09,778]: [_trace.py]: atrace: 87:       DEBUG:    [start_tls.started ssl_context=<ssl.SSLContext object at 0x7f4f7d447750> server_hostname='api.telegram.org' timeout=5.0]
[2025-04-23 11:39:09,869]: [_trace.py]: atrace: 87:       DEBUG:    [start_tls.complete return_value=<httpcore._backends.anyio.AnyIOStream object at 0x7f4f7ca07fb0>]
[2025-04-23 11:39:09,869]: [_trace.py]: atrace: 87:       DEBUG:    [send_request_headers.started request=<Request [b'POST']>]
[2025-04-23 11:39:09,870]: [_trace.py]: atrace: 87:       DEBUG:    [send_request_headers.complete]
[2025-04-23 11:39:09,870]: [_trace.py]: atrace: 87:       DEBUG:    [send_request_body.started request=<Request [b'POST']>]
[2025-04-23 11:39:09,870]: [_trace.py]: atrace: 87:       DEBUG:    [send_request_body.complete]
[2025-04-23 11:39:09,870]: [_trace.py]: atrace: 87:       DEBUG:    [receive_response_headers.started request=<Request [b'POST']>]
[2025-04-23 11:39:09,959]: [_trace.py]: atrace: 87:       DEBUG:    [receive_response_headers.complete return_value=(b'HTTP/1.1', 200, b'OK', [(b'Server', b'nginx/1.18.0'), (b'Date', b'Wed, 23 Apr 2025 11:39:09 GMT'), (b'Content-Type', b'application/json'), (b'Content-Length', b'258'), (b'Connection', b'keep-alive'), (b'Strict-Transport-Security', b'max-age=31536000; includeSubDomains; preload'), (b'Access-Control-Allow-Origin', b'*'), (b'Access-Control-Allow-Methods', b'GET, POST, OPTIONS'), (b'Access-Control-Expose-Headers', b'Content-Length,Content-Type,Date,Server,Connection')])]
[2025-04-23 11:39:09,959]: [_client.py]: _send_single_request: 1740:       INFO:    [HTTP Request: POST https://api.telegram.org/bot6030805959:AAGUHAMxLYc-PrevgKouJ3ZyM7ktu56ftjo/getMe "HTTP/1.1 200 OK"]
[2025-04-23 11:39:09,959]: [_trace.py]: atrace: 87:       DEBUG:    [receive_response_body.started request=<Request [b'POST']>]
[2025-04-23 11:39:09,959]: [_trace.py]: atrace: 87:       DEBUG:    [receive_response_body.complete]
[2025-04-23 11:39:09,959]: [_trace.py]: atrace: 87:       DEBUG:    [response_closed.started]
[2025-04-23 11:39:09,959]: [_trace.py]: atrace: 87:       DEBUG:    [response_closed.complete]
[2025-04-23 11:39:09,959]: [_bot.py]: _do_post: 652:       DEBUG:    [Call to Bot API endpoint `getMe` finished with return value `{'id': 6030805959, 'is_bot': True, 'first_name': 'TyPHoone', 'username': 'TyPHoone_Project_bot', 'can_join_groups': True, 'can_read_all_group_messages': False, 'supports_inline_queries': False, 'can_connect_to_business': False, 'has_main_web_app': False}`]
[2025-04-23 11:39:09,962]: [_bot.py]: _do_post: 643:       DEBUG:    [Calling Bot API endpoint `sendDocument` with parameters `{'chat_id': '-4119703192', 'document': <telegram._files.inputfile.InputFile object at 0x7f4f7ca8b280>}`]
[2025-04-23 11:39:09,963]: [_trace.py]: atrace: 87:       DEBUG:    [send_request_headers.started request=<Request [b'POST']>]
[2025-04-23 11:39:09,963]: [_trace.py]: atrace: 87:       DEBUG:    [send_request_headers.complete]
[2025-04-23 11:39:09,963]: [_trace.py]: atrace: 87:       DEBUG:    [send_request_body.started request=<Request [b'POST']>]
[2025-04-23 11:39:10,778]: [_trace.py]: atrace: 87:       DEBUG:    [send_request_body.complete]
[2025-04-23 11:39:10,778]: [_trace.py]: atrace: 87:       DEBUG:    [receive_response_headers.started request=<Request [b'POST']>]
[2025-04-23 11:39:11,535]: [_trace.py]: atrace: 87:       DEBUG:    [receive_response_headers.complete return_value=(b'HTTP/1.1', 200, b'OK', [(b'Server', b'nginx/1.18.0'), (b'Date', b'Wed, 23 Apr 2025 11:39:11 GMT'), (b'Content-Type', b'application/json'), (b'Content-Length', b'599'), (b'Connection', b'keep-alive'), (b'Strict-Transport-Security', b'max-age=31536000; includeSubDomains; preload'), (b'Access-Control-Allow-Origin', b'*'), (b'Access-Control-Allow-Methods', b'GET, POST, OPTIONS'), (b'Access-Control-Expose-Headers', b'Content-Length,Content-Type,Date,Server,Connection')])]
[2025-04-23 11:39:11,535]: [_client.py]: _send_single_request: 1740:       INFO:    [HTTP Request: POST https://api.telegram.org/bot6030805959:AAGUHAMxLYc-PrevgKouJ3ZyM7ktu56ftjo/sendDocument "HTTP/1.1 200 OK"]
[2025-04-23 11:39:11,535]: [_trace.py]: atrace: 87:       DEBUG:    [receive_response_body.started request=<Request [b'POST']>]
[2025-04-23 11:39:11,536]: [_trace.py]: atrace: 87:       DEBUG:    [receive_response_body.complete]
[2025-04-23 11:39:11,536]: [_trace.py]: atrace: 87:       DEBUG:    [response_closed.started]
[2025-04-23 11:39:11,536]: [_trace.py]: atrace: 87:       DEBUG:    [response_closed.complete]
[2025-04-23 11:39:11,536]: [_bot.py]: _do_post: 652:       DEBUG:    [Call to Bot API endpoint `sendDocument` finished with return value `{'message_id': 2312, 'from': {'id': 6030805959, 'is_bot': True, 'first_name': 'TyPHoone', 'username': 'TyPHoone_Project_bot'}, 'chat': {'id': -4119703192, 'title': 'Robocop', 'type': 'group', 'all_members_are_administrators': True, 'accepted_gift_types': {'unlimited_gifts': False, 'limited_gifts': False, 'unique_gifts': False, 'premium_subscription': False}}, 'date': 1745408351, 'document': {'file_name': '(2025_04_23--11_38)output.zip', 'mime_type': 'application/zip', 'file_id': 'BQACAgQAAxkDAAIJCGgI0V9t7QwhMLAXVqlr_JnV_247AAIcGQACGeZAUItyNIuCQNjUNgQ', 'file_unique_id': 'AgADHBkAAhnmQFA', 'file_size': 10143139}}`]
[2025-04-23 11:39:11,536]: [_trace.py]: atrace: 87:       DEBUG:    [close.started]
[2025-04-23 11:39:11,536]: [_trace.py]: atrace: 87:       DEBUG:    [close.complete]
[2025-04-23 11:39:11,537]: [Telegram_Sender.py]: runner: 61:       INFO:    [sent successfully]
[2025-04-23 11:39:11,537]: [Main.py]: <module>: 48:       INFO:    [Finished]
