[2024-07-15 11:38:11,435]: [Main.py]: <module>: 21:       INFO:    [Started]
[2024-07-15 11:38:13,628]: [Iron_Scraper.py]: Scrap: 32:       INFO:    [Data Scaraped Successfully]
[2024-07-15 11:38:13,828]: [Iron_Scraper.py]: Scrap: 70:       INFO:    [Scrapped Data Has No Problem]
[2024-07-15 11:38:13,828]: [Iron_Scraper.py]: Scrap: 83:       INFO:    [Data Saved Successfully]
[2024-07-15 11:38:13,828]: [Iron.py]: Run: 26:       INFO:    [Scraping Phase Completed]
[2024-07-15 11:38:13,828]: [Iron_Data_Processor.py]: Data_Reader: 61:       INFO:    [Data File Has Been Red Successfully]
[2024-07-15 11:38:13,829]: [Iron_Data_Processor.py]: Shaper: 78:       INFO:    [Data Shaped]
[2024-07-15 11:38:13,829]: [Iron_Data_Processor.py]: Process: 228:       INFO:    [Data Cleaned]
[2024-07-15 11:38:13,829]: [Iron_Data_Processor.py]: Make_Pages_Objects: 101:       INFO:    [Page Objects Has Been Made]
[2024-07-15 11:38:13,829]: [Iron_Data_Processor.py]: Make_Pages_Objects: 101:       INFO:    [Page Objects Has Been Made]
[2024-07-15 11:38:13,829]: [Iron_Data_Processor.py]: Load_Data: 118:       INFO:    [Data Has Been Load]
[2024-07-15 11:38:13,829]: [Iron_Data_Processor.py]: Load_Data: 118:       INFO:    [Data Has Been Load]
[2024-07-15 11:38:13,829]: [Iron_Data_Processor.py]: Load_positions: 140:       INFO:    [Positions Are Ready]
[2024-07-15 11:38:13,829]: [Iron_Data_Processor.py]: Load_positions: 140:       INFO:    [Positions Are Ready]
[2024-07-15 11:38:14,954]: [Iron_Data_Processor.py]: Make_Tagged_Images: 193:       INFO:    [Images Has Been Made]
[2024-07-15 11:38:15,913]: [Iron_Data_Processor.py]: Make_Tagged_Images: 193:       INFO:    [Images Has Been Made]
[2024-07-15 11:38:16,167]: [Iron_Data_Processor.py]: Make_Cover_Page: 215:       INFO:    [Made Cover Pages]
[2024-07-15 11:38:16,168]: [Iron.py]: Run: 29:       INFO:    [Imagination Phase Completed]
[2024-07-15 11:38:20,506]: [Phone_Scraper.py]: Scrap: 58:       INFO:    [Data Scraped]
[2024-07-15 11:38:20,506]: [Phone_Scraper.py]: Scrap: 71:       INFO:    [Scraped Data Successfully]
[2024-07-15 11:38:20,506]: [Phone.py]: Run: 26:       INFO:    [Scraping Phase Complete]
[2024-07-15 11:38:20,506]: [Phone_Data_Processor.py]: data_reader: 38:       INFO:    [Scraped Data Loaded]
[2024-07-15 11:38:20,507]: [Phone_Data_Processor.py]: filter_list: 65:       INFO:    [Persian Phrases Are deleted]
[2024-07-15 11:38:20,508]: [Phone_Data_Processor.py]: reshape_list: 87:       INFO:    [Date Reshaped]
[2024-07-15 11:38:20,508]: [Phone_Data_Processor.py]: separate_brands: 124:       INFO:    [Brands Are Separated]
[2024-07-15 11:38:20,509]: [Phone_Data_Processor.py]: delete_extra_spaces: 141:       INFO:    [Extra Spaces Are Deleted]
[2024-07-15 11:38:21,147]: [Phone.py]: Run: 29:       INFO:    [Imagination Phase Complete]
[2024-07-15 11:38:21,147]: [selector_events.py]: __init__: 64:       DEBUG:    [Using selector: EpollSelector]
[2024-07-15 11:38:21,477]: [_bot.py]: _do_post: 643:       DEBUG:    [Calling Bot API endpoint `getMe` with parameters `{}`]
[2024-07-15 11:38:21,482]: [_trace.py]: atrace: 85:       DEBUG:    [connect_tcp.started host='api.telegram.org' port=443 local_address=None timeout=5.0 socket_options=None]
[2024-07-15 11:38:21,757]: [_trace.py]: atrace: 85:       DEBUG:    [connect_tcp.complete return_value=<httpcore._backends.anyio.AnyIOStream object at 0x7fc70b45d400>]
[2024-07-15 11:38:21,757]: [_trace.py]: atrace: 85:       DEBUG:    [start_tls.started ssl_context=<ssl.SSLContext object at 0x7fc70bd3aa50> server_hostname='api.telegram.org' timeout=5.0]
[2024-07-15 11:38:21,910]: [_trace.py]: atrace: 85:       DEBUG:    [start_tls.complete return_value=<httpcore._backends.anyio.AnyIOStream object at 0x7fc70bf31af0>]
[2024-07-15 11:38:21,910]: [_trace.py]: atrace: 85:       DEBUG:    [send_request_headers.started request=<Request [b'POST']>]
[2024-07-15 11:38:21,911]: [_trace.py]: atrace: 85:       DEBUG:    [send_request_headers.complete]
[2024-07-15 11:38:21,911]: [_trace.py]: atrace: 85:       DEBUG:    [send_request_body.started request=<Request [b'POST']>]
[2024-07-15 11:38:21,911]: [_trace.py]: atrace: 85:       DEBUG:    [send_request_body.complete]
[2024-07-15 11:38:21,911]: [_trace.py]: atrace: 85:       DEBUG:    [receive_response_headers.started request=<Request [b'POST']>]
[2024-07-15 11:38:22,062]: [_trace.py]: atrace: 85:       DEBUG:    [receive_response_headers.complete return_value=(b'HTTP/1.1', 200, b'OK', [(b'Server', b'nginx/1.18.0'), (b'Date', b'Mon, 15 Jul 2024 11:38:21 GMT'), (b'Content-Type', b'application/json'), (b'Content-Length', b'233'), (b'Connection', b'keep-alive'), (b'Strict-Transport-Security', b'max-age=31536000; includeSubDomains; preload'), (b'Access-Control-Allow-Origin', b'*'), (b'Access-Control-Allow-Methods', b'GET, POST, OPTIONS'), (b'Access-Control-Expose-Headers', b'Content-Length,Content-Type,Date,Server,Connection')])]
[2024-07-15 11:38:22,062]: [_client.py]: _send_single_request: 1773:       INFO:    [HTTP Request: POST https://api.telegram.org/bot6030805959:AAGUHAMxLYc-PrevgKouJ3ZyM7ktu56ftjo/getMe "HTTP/1.1 200 OK"]
[2024-07-15 11:38:22,062]: [_trace.py]: atrace: 85:       DEBUG:    [receive_response_body.started request=<Request [b'POST']>]
[2024-07-15 11:38:22,063]: [_trace.py]: atrace: 85:       DEBUG:    [receive_response_body.complete]
[2024-07-15 11:38:22,063]: [_trace.py]: atrace: 85:       DEBUG:    [response_closed.started]
[2024-07-15 11:38:22,063]: [_trace.py]: atrace: 85:       DEBUG:    [response_closed.complete]
[2024-07-15 11:38:22,063]: [_bot.py]: _do_post: 652:       DEBUG:    [Call to Bot API endpoint `getMe` finished with return value `{'id': 6030805959, 'is_bot': True, 'first_name': 'TyPHoone', 'username': 'TyPHoone_Project_bot', 'can_join_groups': True, 'can_read_all_group_messages': False, 'supports_inline_queries': False, 'can_connect_to_business': False}`]
[2024-07-15 11:38:22,066]: [_bot.py]: _do_post: 643:       DEBUG:    [Calling Bot API endpoint `sendDocument` with parameters `{'chat_id': '-4119703192', 'document': <telegram._files.inputfile.InputFile object at 0x7fc70b433d00>}`]
[2024-07-15 11:38:22,067]: [_trace.py]: atrace: 85:       DEBUG:    [send_request_headers.started request=<Request [b'POST']>]
[2024-07-15 11:38:22,067]: [_trace.py]: atrace: 85:       DEBUG:    [send_request_headers.complete]
[2024-07-15 11:38:22,067]: [_trace.py]: atrace: 85:       DEBUG:    [send_request_body.started request=<Request [b'POST']>]
[2024-07-15 11:38:22,068]: [_trace.py]: atrace: 85:       DEBUG:    [send_request_body.complete]
[2024-07-15 11:38:22,068]: [_trace.py]: atrace: 85:       DEBUG:    [receive_response_headers.started request=<Request [b'POST']>]
[2024-07-15 11:38:22,486]: [_trace.py]: atrace: 85:       DEBUG:    [receive_response_headers.complete return_value=(b'HTTP/1.1', 200, b'OK', [(b'Server', b'nginx/1.18.0'), (b'Date', b'Mon, 15 Jul 2024 11:38:22 GMT'), (b'Content-Type', b'application/json'), (b'Content-Length', b'463'), (b'Connection', b'keep-alive'), (b'Strict-Transport-Security', b'max-age=31536000; includeSubDomains; preload'), (b'Access-Control-Allow-Origin', b'*'), (b'Access-Control-Allow-Methods', b'GET, POST, OPTIONS'), (b'Access-Control-Expose-Headers', b'Content-Length,Content-Type,Date,Server,Connection')])]
[2024-07-15 11:38:22,487]: [_client.py]: _send_single_request: 1773:       INFO:    [HTTP Request: POST https://api.telegram.org/bot6030805959:AAGUHAMxLYc-PrevgKouJ3ZyM7ktu56ftjo/sendDocument "HTTP/1.1 200 OK"]
[2024-07-15 11:38:22,487]: [_trace.py]: atrace: 85:       DEBUG:    [receive_response_body.started request=<Request [b'POST']>]
[2024-07-15 11:38:22,487]: [_trace.py]: atrace: 85:       DEBUG:    [receive_response_body.complete]
[2024-07-15 11:38:22,487]: [_trace.py]: atrace: 85:       DEBUG:    [response_closed.started]
[2024-07-15 11:38:22,487]: [_trace.py]: atrace: 85:       DEBUG:    [response_closed.complete]
[2024-07-15 11:38:22,487]: [_bot.py]: _do_post: 652:       DEBUG:    [Call to Bot API endpoint `sendDocument` finished with return value `{'message_id': 913, 'from': {'id': 6030805959, 'is_bot': True, 'first_name': 'TyPHoone', 'username': 'TyPHoone_Project_bot'}, 'chat': {'id': -4119703192, 'title': 'Robocop', 'type': 'group', 'all_members_are_administrators': True}, 'date': 1721043502, 'document': {'file_name': '(2024_07_15--11_38).log', 'mime_type': 'text/plain', 'file_id': 'BQACAgQAAxkDAAIDkWaVCi7hVCnI8GPucV1uOtUcdWadAAIRFAACw6OpUNtMpdsW1kGVNQQ', 'file_unique_id': 'AgADERQAAsOjqVA', 'file_size': 5910}}`]
[2024-07-15 11:38:22,488]: [_trace.py]: atrace: 85:       DEBUG:    [close.started]
[2024-07-15 11:38:22,488]: [_trace.py]: atrace: 85:       DEBUG:    [close.complete]
[2024-07-15 11:38:22,488]: [_config.py]: load_ssl_context: 80:       DEBUG:    [load_ssl_context verify=True cert=None trust_env=True http2=False]
[2024-07-15 11:38:22,489]: [_config.py]: load_ssl_context_verify: 146:       DEBUG:    [load_verify_locations cafile='/opt/hostedtoolcache/Python/3.12.4/x64/lib/python3.12/site-packages/certifi/cacert.pem']
[2024-07-15 11:38:22,517]: [_config.py]: load_ssl_context: 80:       DEBUG:    [load_ssl_context verify=True cert=None trust_env=True http2=False]
[2024-07-15 11:38:22,517]: [_config.py]: load_ssl_context_verify: 146:       DEBUG:    [load_verify_locations cafile='/opt/hostedtoolcache/Python/3.12.4/x64/lib/python3.12/site-packages/certifi/cacert.pem']
[2024-07-15 11:38:22,545]: [_bot.py]: _do_post: 643:       DEBUG:    [Calling Bot API endpoint `getMe` with parameters `{}`]
[2024-07-15 11:38:22,545]: [_trace.py]: atrace: 85:       DEBUG:    [connect_tcp.started host='api.telegram.org' port=443 local_address=None timeout=5.0 socket_options=None]
[2024-07-15 11:38:22,688]: [_trace.py]: atrace: 85:       DEBUG:    [connect_tcp.complete return_value=<httpcore._backends.anyio.AnyIOStream object at 0x7fc70b45cf20>]
[2024-07-15 11:38:22,689]: [_trace.py]: atrace: 85:       DEBUG:    [start_tls.started ssl_context=<ssl.SSLContext object at 0x7fc70bd3a850> server_hostname='api.telegram.org' timeout=5.0]
[2024-07-15 11:38:22,833]: [_trace.py]: atrace: 85:       DEBUG:    [start_tls.complete return_value=<httpcore._backends.anyio.AnyIOStream object at 0x7fc70b45e600>]
[2024-07-15 11:38:22,833]: [_trace.py]: atrace: 85:       DEBUG:    [send_request_headers.started request=<Request [b'POST']>]
[2024-07-15 11:38:22,833]: [_trace.py]: atrace: 85:       DEBUG:    [send_request_headers.complete]
[2024-07-15 11:38:22,833]: [_trace.py]: atrace: 85:       DEBUG:    [send_request_body.started request=<Request [b'POST']>]
[2024-07-15 11:38:22,833]: [_trace.py]: atrace: 85:       DEBUG:    [send_request_body.complete]
[2024-07-15 11:38:22,833]: [_trace.py]: atrace: 85:       DEBUG:    [receive_response_headers.started request=<Request [b'POST']>]
[2024-07-15 11:38:22,976]: [_trace.py]: atrace: 85:       DEBUG:    [receive_response_headers.complete return_value=(b'HTTP/1.1', 200, b'OK', [(b'Server', b'nginx/1.18.0'), (b'Date', b'Mon, 15 Jul 2024 11:38:22 GMT'), (b'Content-Type', b'application/json'), (b'Content-Length', b'233'), (b'Connection', b'keep-alive'), (b'Strict-Transport-Security', b'max-age=31536000; includeSubDomains; preload'), (b'Access-Control-Allow-Origin', b'*'), (b'Access-Control-Allow-Methods', b'GET, POST, OPTIONS'), (b'Access-Control-Expose-Headers', b'Content-Length,Content-Type,Date,Server,Connection')])]
[2024-07-15 11:38:22,976]: [_client.py]: _send_single_request: 1773:       INFO:    [HTTP Request: POST https://api.telegram.org/bot6030805959:AAGUHAMxLYc-PrevgKouJ3ZyM7ktu56ftjo/getMe "HTTP/1.1 200 OK"]
[2024-07-15 11:38:22,976]: [_trace.py]: atrace: 85:       DEBUG:    [receive_response_body.started request=<Request [b'POST']>]
[2024-07-15 11:38:22,976]: [_trace.py]: atrace: 85:       DEBUG:    [receive_response_body.complete]
[2024-07-15 11:38:22,976]: [_trace.py]: atrace: 85:       DEBUG:    [response_closed.started]
[2024-07-15 11:38:22,976]: [_trace.py]: atrace: 85:       DEBUG:    [response_closed.complete]
[2024-07-15 11:38:22,977]: [_bot.py]: _do_post: 652:       DEBUG:    [Call to Bot API endpoint `getMe` finished with return value `{'id': 6030805959, 'is_bot': True, 'first_name': 'TyPHoone', 'username': 'TyPHoone_Project_bot', 'can_join_groups': True, 'can_read_all_group_messages': False, 'supports_inline_queries': False, 'can_connect_to_business': False}`]
[2024-07-15 11:38:22,979]: [_bot.py]: _do_post: 643:       DEBUG:    [Calling Bot API endpoint `sendDocument` with parameters `{'chat_id': '-4119703192', 'document': <telegram._files.inputfile.InputFile object at 0x7fc70b4322c0>}`]
[2024-07-15 11:38:22,979]: [_trace.py]: atrace: 85:       DEBUG:    [send_request_headers.started request=<Request [b'POST']>]
[2024-07-15 11:38:22,980]: [_trace.py]: atrace: 85:       DEBUG:    [send_request_headers.complete]
[2024-07-15 11:38:22,980]: [_trace.py]: atrace: 85:       DEBUG:    [send_request_body.started request=<Request [b'POST']>]
[2024-07-15 11:38:24,311]: [_trace.py]: atrace: 85:       DEBUG:    [send_request_body.complete]
[2024-07-15 11:38:24,311]: [_trace.py]: atrace: 85:       DEBUG:    [receive_response_headers.started request=<Request [b'POST']>]
[2024-07-15 11:38:25,057]: [_trace.py]: atrace: 85:       DEBUG:    [receive_response_headers.complete return_value=(b'HTTP/1.1', 200, b'OK', [(b'Server', b'nginx/1.18.0'), (b'Date', b'Mon, 15 Jul 2024 11:38:24 GMT'), (b'Content-Type', b'application/json'), (b'Content-Length', b'477'), (b'Connection', b'keep-alive'), (b'Strict-Transport-Security', b'max-age=31536000; includeSubDomains; preload'), (b'Access-Control-Allow-Origin', b'*'), (b'Access-Control-Allow-Methods', b'GET, POST, OPTIONS'), (b'Access-Control-Expose-Headers', b'Content-Length,Content-Type,Date,Server,Connection')])]
[2024-07-15 11:38:25,057]: [_client.py]: _send_single_request: 1773:       INFO:    [HTTP Request: POST https://api.telegram.org/bot6030805959:AAGUHAMxLYc-PrevgKouJ3ZyM7ktu56ftjo/sendDocument "HTTP/1.1 200 OK"]
[2024-07-15 11:38:25,057]: [_trace.py]: atrace: 85:       DEBUG:    [receive_response_body.started request=<Request [b'POST']>]
[2024-07-15 11:38:25,057]: [_trace.py]: atrace: 85:       DEBUG:    [receive_response_body.complete]
[2024-07-15 11:38:25,057]: [_trace.py]: atrace: 85:       DEBUG:    [response_closed.started]
[2024-07-15 11:38:25,057]: [_trace.py]: atrace: 85:       DEBUG:    [response_closed.complete]
[2024-07-15 11:38:25,058]: [_bot.py]: _do_post: 652:       DEBUG:    [Call to Bot API endpoint `sendDocument` finished with return value `{'message_id': 914, 'from': {'id': 6030805959, 'is_bot': True, 'first_name': 'TyPHoone', 'username': 'TyPHoone_Project_bot'}, 'chat': {'id': -4119703192, 'title': 'Robocop', 'type': 'group', 'all_members_are_administrators': True}, 'date': 1721043504, 'document': {'file_name': '(2024_07_15--11_38)output.zip', 'mime_type': 'application/zip', 'file_id': 'BQACAgQAAxkDAAIDkmaVCjCrI9qr0wGfb_tXXcoTVmnfAAISFAACw6OpUPFrFIj_gk7ONQQ', 'file_unique_id': 'AgADEhQAAsOjqVA', 'file_size': 9826450}}`]
[2024-07-15 11:38:25,058]: [_trace.py]: atrace: 85:       DEBUG:    [close.started]
[2024-07-15 11:38:25,058]: [_trace.py]: atrace: 85:       DEBUG:    [close.complete]
[2024-07-15 11:38:25,058]: [Telegram_Sender.py]: runner: 61:       INFO:    [sent successfully]
[2024-07-15 11:38:25,059]: [Main.py]: <module>: 48:       INFO:    [Finished]
