[2024-05-11 11:37:09,089]: [Main.py]: <module>: 21:       INFO:    [Started]
[2024-05-11 11:37:10,657]: [Iron_Scraper.py]: Scrap: 32:       INFO:    [Data Scaraped Successfully]
[2024-05-11 11:37:10,875]: [Iron_Scraper.py]: Scrap: 70:       INFO:    [Scrapped Data Has No Problem]
[2024-05-11 11:37:10,876]: [Iron_Scraper.py]: Scrap: 83:       INFO:    [Data Saved Successfully]
[2024-05-11 11:37:10,876]: [Iron.py]: Run: 26:       INFO:    [Scraping Phase Completed]
[2024-05-11 11:37:10,876]: [Iron_Data_Processor.py]: Data_Reader: 61:       INFO:    [Data File Has Been Red Successfully]
[2024-05-11 11:37:10,877]: [Iron_Data_Processor.py]: Shaper: 78:       INFO:    [Data Shaped]
[2024-05-11 11:37:10,877]: [Iron_Data_Processor.py]: Process: 228:       INFO:    [Data Cleaned]
[2024-05-11 11:37:10,877]: [Iron_Data_Processor.py]: Make_Pages_Objects: 101:       INFO:    [Page Objects Has Been Made]
[2024-05-11 11:37:10,877]: [Iron_Data_Processor.py]: Make_Pages_Objects: 101:       INFO:    [Page Objects Has Been Made]
[2024-05-11 11:37:10,877]: [Iron_Data_Processor.py]: Load_Data: 118:       INFO:    [Data Has Been Load]
[2024-05-11 11:37:10,877]: [Iron_Data_Processor.py]: Load_Data: 118:       INFO:    [Data Has Been Load]
[2024-05-11 11:37:10,877]: [Iron_Data_Processor.py]: Load_positions: 140:       INFO:    [Positions Are Ready]
[2024-05-11 11:37:10,878]: [Iron_Data_Processor.py]: Load_positions: 140:       INFO:    [Positions Are Ready]
[2024-05-11 11:37:12,087]: [Iron_Data_Processor.py]: Make_Tagged_Images: 193:       INFO:    [Images Has Been Made]
[2024-05-11 11:37:13,106]: [Iron_Data_Processor.py]: Make_Tagged_Images: 193:       INFO:    [Images Has Been Made]
[2024-05-11 11:37:13,376]: [Iron_Data_Processor.py]: Make_Cover_Page: 215:       INFO:    [Made Cover Pages]
[2024-05-11 11:37:13,376]: [Iron.py]: Run: 29:       INFO:    [Imagination Phase Completed]
[2024-05-11 11:37:32,732]: [Phone_Scraper.py]: Scrap: 58:       INFO:    [Data Scraped]
[2024-05-11 11:37:32,732]: [Phone_Scraper.py]: Scrap: 71:       INFO:    [Scraped Data Successfully]
[2024-05-11 11:37:32,732]: [Phone.py]: Run: 26:       INFO:    [Scraping Phase Complete]
[2024-05-11 11:37:32,733]: [Phone_Data_Processor.py]: data_reader: 38:       INFO:    [Scraped Data Loaded]
[2024-05-11 11:37:32,734]: [Phone_Data_Processor.py]: filter_list: 65:       INFO:    [Persian Phrases Are deleted]
[2024-05-11 11:37:32,735]: [Phone_Data_Processor.py]: reshape_list: 87:       INFO:    [Date Reshaped]
[2024-05-11 11:37:32,736]: [Phone_Data_Processor.py]: separate_brands: 124:       INFO:    [Brands Are Separated]
[2024-05-11 11:37:32,736]: [Phone_Data_Processor.py]: delete_extra_spaces: 141:       INFO:    [Extra Spaces Are Deleted]
[2024-05-11 11:37:33,663]: [Phone.py]: Run: 29:       INFO:    [Imagination Phase Complete]
[2024-05-11 11:37:33,663]: [selector_events.py]: __init__: 64:       DEBUG:    [Using selector: EpollSelector]
[2024-05-11 11:37:34,032]: [_bot.py]: _do_post: 643:       DEBUG:    [Calling Bot API endpoint `getMe` with parameters `{}`]
[2024-05-11 11:37:34,036]: [_trace.py]: atrace: 85:       DEBUG:    [connect_tcp.started host='api.telegram.org' port=443 local_address=None timeout=5.0 socket_options=None]
[2024-05-11 11:37:34,129]: [_trace.py]: atrace: 85:       DEBUG:    [connect_tcp.complete return_value=<httpcore._backends.anyio.AnyIOStream object at 0x7f3127e23f80>]
[2024-05-11 11:37:34,129]: [_trace.py]: atrace: 85:       DEBUG:    [start_tls.started ssl_context=<ssl.SSLContext object at 0x7f3128a3de50> server_hostname='api.telegram.org' timeout=5.0]
[2024-05-11 11:37:34,219]: [_trace.py]: atrace: 85:       DEBUG:    [start_tls.complete return_value=<httpcore._backends.anyio.AnyIOStream object at 0x7f3128cfcec0>]
[2024-05-11 11:37:34,219]: [_trace.py]: atrace: 85:       DEBUG:    [send_request_headers.started request=<Request [b'POST']>]
[2024-05-11 11:37:34,219]: [_trace.py]: atrace: 85:       DEBUG:    [send_request_headers.complete]
[2024-05-11 11:37:34,219]: [_trace.py]: atrace: 85:       DEBUG:    [send_request_body.started request=<Request [b'POST']>]
[2024-05-11 11:37:34,219]: [_trace.py]: atrace: 85:       DEBUG:    [send_request_body.complete]
[2024-05-11 11:37:34,220]: [_trace.py]: atrace: 85:       DEBUG:    [receive_response_headers.started request=<Request [b'POST']>]
[2024-05-11 11:37:34,305]: [_trace.py]: atrace: 85:       DEBUG:    [receive_response_headers.complete return_value=(b'HTTP/1.1', 200, b'OK', [(b'Server', b'nginx/1.18.0'), (b'Date', b'Sat, 11 May 2024 11:37:34 GMT'), (b'Content-Type', b'application/json'), (b'Content-Length', b'233'), (b'Connection', b'keep-alive'), (b'Strict-Transport-Security', b'max-age=31536000; includeSubDomains; preload'), (b'Access-Control-Allow-Origin', b'*'), (b'Access-Control-Allow-Methods', b'GET, POST, OPTIONS'), (b'Access-Control-Expose-Headers', b'Content-Length,Content-Type,Date,Server,Connection')])]
[2024-05-11 11:37:34,306]: [_client.py]: _send_single_request: 1773:       INFO:    [HTTP Request: POST https://api.telegram.org/bot6030805959:AAGUHAMxLYc-PrevgKouJ3ZyM7ktu56ftjo/getMe "HTTP/1.1 200 OK"]
[2024-05-11 11:37:34,306]: [_trace.py]: atrace: 85:       DEBUG:    [receive_response_body.started request=<Request [b'POST']>]
[2024-05-11 11:37:34,306]: [_trace.py]: atrace: 85:       DEBUG:    [receive_response_body.complete]
[2024-05-11 11:37:34,306]: [_trace.py]: atrace: 85:       DEBUG:    [response_closed.started]
[2024-05-11 11:37:34,306]: [_trace.py]: atrace: 85:       DEBUG:    [response_closed.complete]
[2024-05-11 11:37:34,307]: [_bot.py]: _do_post: 652:       DEBUG:    [Call to Bot API endpoint `getMe` finished with return value `{'id': 6030805959, 'is_bot': True, 'first_name': 'TyPHoone', 'username': 'TyPHoone_Project_bot', 'can_join_groups': True, 'can_read_all_group_messages': False, 'supports_inline_queries': False, 'can_connect_to_business': False}`]
[2024-05-11 11:37:34,312]: [_bot.py]: _do_post: 643:       DEBUG:    [Calling Bot API endpoint `sendDocument` with parameters `{'chat_id': '-4119703192', 'document': <telegram._files.inputfile.InputFile object at 0x7f312854c800>}`]
[2024-05-11 11:37:34,312]: [_trace.py]: atrace: 85:       DEBUG:    [send_request_headers.started request=<Request [b'POST']>]
[2024-05-11 11:37:34,312]: [_trace.py]: atrace: 85:       DEBUG:    [send_request_headers.complete]
[2024-05-11 11:37:34,312]: [_trace.py]: atrace: 85:       DEBUG:    [send_request_body.started request=<Request [b'POST']>]
[2024-05-11 11:37:34,313]: [_trace.py]: atrace: 85:       DEBUG:    [send_request_body.complete]
[2024-05-11 11:37:34,313]: [_trace.py]: atrace: 85:       DEBUG:    [receive_response_headers.started request=<Request [b'POST']>]
[2024-05-11 11:37:34,450]: [_trace.py]: atrace: 85:       DEBUG:    [receive_response_headers.complete return_value=(b'HTTP/1.1', 200, b'OK', [(b'Server', b'nginx/1.18.0'), (b'Date', b'Sat, 11 May 2024 11:37:34 GMT'), (b'Content-Type', b'application/json'), (b'Content-Length', b'463'), (b'Connection', b'keep-alive'), (b'Strict-Transport-Security', b'max-age=31536000; includeSubDomains; preload'), (b'Access-Control-Allow-Origin', b'*'), (b'Access-Control-Allow-Methods', b'GET, POST, OPTIONS'), (b'Access-Control-Expose-Headers', b'Content-Length,Content-Type,Date,Server,Connection')])]
[2024-05-11 11:37:34,451]: [_client.py]: _send_single_request: 1773:       INFO:    [HTTP Request: POST https://api.telegram.org/bot6030805959:AAGUHAMxLYc-PrevgKouJ3ZyM7ktu56ftjo/sendDocument "HTTP/1.1 200 OK"]
[2024-05-11 11:37:34,451]: [_trace.py]: atrace: 85:       DEBUG:    [receive_response_body.started request=<Request [b'POST']>]
[2024-05-11 11:37:34,451]: [_trace.py]: atrace: 85:       DEBUG:    [receive_response_body.complete]
[2024-05-11 11:37:34,451]: [_trace.py]: atrace: 85:       DEBUG:    [response_closed.started]
[2024-05-11 11:37:34,451]: [_trace.py]: atrace: 85:       DEBUG:    [response_closed.complete]
[2024-05-11 11:37:34,452]: [_bot.py]: _do_post: 652:       DEBUG:    [Call to Bot API endpoint `sendDocument` finished with return value `{'message_id': 782, 'from': {'id': 6030805959, 'is_bot': True, 'first_name': 'TyPHoone', 'username': 'TyPHoone_Project_bot'}, 'chat': {'id': -4119703192, 'title': 'Robocop', 'type': 'group', 'all_members_are_administrators': True}, 'date': 1715427454, 'document': {'file_name': '(2024_05_11--11_37).log', 'mime_type': 'text/plain', 'file_id': 'BQACAgQAAxkDAAIDDmY_WH4v4Zp6ih7R2J1kiRmYxaDVAAIdGQACNPT4UX7JGcX6InSdNQQ', 'file_unique_id': 'AgADHRkAAjT0-FE', 'file_size': 5910}}`]
[2024-05-11 11:37:34,452]: [_trace.py]: atrace: 85:       DEBUG:    [close.started]
[2024-05-11 11:37:34,453]: [_trace.py]: atrace: 85:       DEBUG:    [close.complete]
[2024-05-11 11:37:34,453]: [_config.py]: load_ssl_context: 80:       DEBUG:    [load_ssl_context verify=True cert=None trust_env=True http2=False]
[2024-05-11 11:37:34,454]: [_config.py]: load_ssl_context_verify: 146:       DEBUG:    [load_verify_locations cafile='/opt/hostedtoolcache/Python/3.12.3/x64/lib/python3.12/site-packages/certifi/cacert.pem']
[2024-05-11 11:37:34,487]: [_config.py]: load_ssl_context: 80:       DEBUG:    [load_ssl_context verify=True cert=None trust_env=True http2=False]
[2024-05-11 11:37:34,488]: [_config.py]: load_ssl_context_verify: 146:       DEBUG:    [load_verify_locations cafile='/opt/hostedtoolcache/Python/3.12.3/x64/lib/python3.12/site-packages/certifi/cacert.pem']
[2024-05-11 11:37:34,518]: [_bot.py]: _do_post: 643:       DEBUG:    [Calling Bot API endpoint `getMe` with parameters `{}`]
[2024-05-11 11:37:34,518]: [_trace.py]: atrace: 85:       DEBUG:    [connect_tcp.started host='api.telegram.org' port=443 local_address=None timeout=5.0 socket_options=None]
[2024-05-11 11:37:34,605]: [_trace.py]: atrace: 85:       DEBUG:    [connect_tcp.complete return_value=<httpcore._backends.anyio.AnyIOStream object at 0x7f3127e799a0>]
[2024-05-11 11:37:34,605]: [_trace.py]: atrace: 85:       DEBUG:    [start_tls.started ssl_context=<ssl.SSLContext object at 0x7f3128a3dc50> server_hostname='api.telegram.org' timeout=5.0]
[2024-05-11 11:37:34,693]: [_trace.py]: atrace: 85:       DEBUG:    [start_tls.complete return_value=<httpcore._backends.anyio.AnyIOStream object at 0x7f3128c20b60>]
[2024-05-11 11:37:34,693]: [_trace.py]: atrace: 85:       DEBUG:    [send_request_headers.started request=<Request [b'POST']>]
[2024-05-11 11:37:34,693]: [_trace.py]: atrace: 85:       DEBUG:    [send_request_headers.complete]
[2024-05-11 11:37:34,693]: [_trace.py]: atrace: 85:       DEBUG:    [send_request_body.started request=<Request [b'POST']>]
[2024-05-11 11:37:34,693]: [_trace.py]: atrace: 85:       DEBUG:    [send_request_body.complete]
[2024-05-11 11:37:34,693]: [_trace.py]: atrace: 85:       DEBUG:    [receive_response_headers.started request=<Request [b'POST']>]
[2024-05-11 11:37:34,778]: [_trace.py]: atrace: 85:       DEBUG:    [receive_response_headers.complete return_value=(b'HTTP/1.1', 200, b'OK', [(b'Server', b'nginx/1.18.0'), (b'Date', b'Sat, 11 May 2024 11:37:34 GMT'), (b'Content-Type', b'application/json'), (b'Content-Length', b'233'), (b'Connection', b'keep-alive'), (b'Strict-Transport-Security', b'max-age=31536000; includeSubDomains; preload'), (b'Access-Control-Allow-Origin', b'*'), (b'Access-Control-Allow-Methods', b'GET, POST, OPTIONS'), (b'Access-Control-Expose-Headers', b'Content-Length,Content-Type,Date,Server,Connection')])]
[2024-05-11 11:37:34,778]: [_client.py]: _send_single_request: 1773:       INFO:    [HTTP Request: POST https://api.telegram.org/bot6030805959:AAGUHAMxLYc-PrevgKouJ3ZyM7ktu56ftjo/getMe "HTTP/1.1 200 OK"]
[2024-05-11 11:37:34,778]: [_trace.py]: atrace: 85:       DEBUG:    [receive_response_body.started request=<Request [b'POST']>]
[2024-05-11 11:37:34,781]: [_trace.py]: atrace: 85:       DEBUG:    [receive_response_body.complete]
[2024-05-11 11:37:34,781]: [_trace.py]: atrace: 85:       DEBUG:    [response_closed.started]
[2024-05-11 11:37:34,781]: [_trace.py]: atrace: 85:       DEBUG:    [response_closed.complete]
[2024-05-11 11:37:34,782]: [_bot.py]: _do_post: 652:       DEBUG:    [Call to Bot API endpoint `getMe` finished with return value `{'id': 6030805959, 'is_bot': True, 'first_name': 'TyPHoone', 'username': 'TyPHoone_Project_bot', 'can_join_groups': True, 'can_read_all_group_messages': False, 'supports_inline_queries': False, 'can_connect_to_business': False}`]
[2024-05-11 11:37:34,785]: [_bot.py]: _do_post: 643:       DEBUG:    [Calling Bot API endpoint `sendDocument` with parameters `{'chat_id': '-4119703192', 'document': <telegram._files.inputfile.InputFile object at 0x7f3128a3bf80>}`]
[2024-05-11 11:37:34,786]: [_trace.py]: atrace: 85:       DEBUG:    [send_request_headers.started request=<Request [b'POST']>]
[2024-05-11 11:37:34,786]: [_trace.py]: atrace: 85:       DEBUG:    [send_request_headers.complete]
[2024-05-11 11:37:34,786]: [_trace.py]: atrace: 85:       DEBUG:    [send_request_body.started request=<Request [b'POST']>]
[2024-05-11 11:37:35,577]: [_trace.py]: atrace: 85:       DEBUG:    [send_request_body.complete]
[2024-05-11 11:37:35,578]: [_trace.py]: atrace: 85:       DEBUG:    [receive_response_headers.started request=<Request [b'POST']>]
[2024-05-11 11:37:36,344]: [_trace.py]: atrace: 85:       DEBUG:    [receive_response_headers.complete return_value=(b'HTTP/1.1', 200, b'OK', [(b'Server', b'nginx/1.18.0'), (b'Date', b'Sat, 11 May 2024 11:37:36 GMT'), (b'Content-Type', b'application/json'), (b'Content-Length', b'478'), (b'Connection', b'keep-alive'), (b'Strict-Transport-Security', b'max-age=31536000; includeSubDomains; preload'), (b'Access-Control-Allow-Origin', b'*'), (b'Access-Control-Allow-Methods', b'GET, POST, OPTIONS'), (b'Access-Control-Expose-Headers', b'Content-Length,Content-Type,Date,Server,Connection')])]
[2024-05-11 11:37:36,345]: [_client.py]: _send_single_request: 1773:       INFO:    [HTTP Request: POST https://api.telegram.org/bot6030805959:AAGUHAMxLYc-PrevgKouJ3ZyM7ktu56ftjo/sendDocument "HTTP/1.1 200 OK"]
[2024-05-11 11:37:36,345]: [_trace.py]: atrace: 85:       DEBUG:    [receive_response_body.started request=<Request [b'POST']>]
[2024-05-11 11:37:36,345]: [_trace.py]: atrace: 85:       DEBUG:    [receive_response_body.complete]
[2024-05-11 11:37:36,345]: [_trace.py]: atrace: 85:       DEBUG:    [response_closed.started]
[2024-05-11 11:37:36,345]: [_trace.py]: atrace: 85:       DEBUG:    [response_closed.complete]
[2024-05-11 11:37:36,346]: [_bot.py]: _do_post: 652:       DEBUG:    [Call to Bot API endpoint `sendDocument` finished with return value `{'message_id': 783, 'from': {'id': 6030805959, 'is_bot': True, 'first_name': 'TyPHoone', 'username': 'TyPHoone_Project_bot'}, 'chat': {'id': -4119703192, 'title': 'Robocop', 'type': 'group', 'all_members_are_administrators': True}, 'date': 1715427456, 'document': {'file_name': '(2024_05_11--11_37)output.zip', 'mime_type': 'application/zip', 'file_id': 'BQACAgQAAxkDAAIDD2Y_WH8lKkzpgxKmLHLONvvw2RKrAAIeGQACNPT4USP2m7jbIB0BNQQ', 'file_unique_id': 'AgADHhkAAjT0-FE', 'file_size': 10475277}}`]
[2024-05-11 11:37:36,347]: [_trace.py]: atrace: 85:       DEBUG:    [close.started]
[2024-05-11 11:37:36,347]: [_trace.py]: atrace: 85:       DEBUG:    [close.complete]
[2024-05-11 11:37:36,347]: [Telegram_Sender.py]: runner: 61:       INFO:    [sent successfully]
[2024-05-11 11:37:36,348]: [Main.py]: <module>: 48:       INFO:    [Finished]
