[2025-02-25 11:39:11,550]: [Main.py]: <module>: 21:       INFO:    [Started]
[2025-02-25 11:39:14,266]: [Iron_Scraper.py]: Scrap: 32:       INFO:    [Data Scaraped Successfully]
[2025-02-25 11:39:14,322]: [Iron_Scraper.py]: Scrap: 70:       INFO:    [Scrapped Data Has No Problem]
[2025-02-25 11:39:14,322]: [Iron_Scraper.py]: Scrap: 83:       INFO:    [Data Saved Successfully]
[2025-02-25 11:39:14,322]: [Iron.py]: Run: 26:       INFO:    [Scraping Phase Completed]
[2025-02-25 11:39:14,323]: [Iron_Data_Processor.py]: Data_Reader: 61:       INFO:    [Data File Has Been Red Successfully]
[2025-02-25 11:39:14,323]: [Iron_Data_Processor.py]: Shaper: 78:       INFO:    [Data Shaped]
[2025-02-25 11:39:14,323]: [Iron_Data_Processor.py]: Process: 228:       INFO:    [Data Cleaned]
[2025-02-25 11:39:14,323]: [Iron_Data_Processor.py]: Make_Pages_Objects: 101:       INFO:    [Page Objects Has Been Made]
[2025-02-25 11:39:14,323]: [Iron_Data_Processor.py]: Make_Pages_Objects: 101:       INFO:    [Page Objects Has Been Made]
[2025-02-25 11:39:14,323]: [Iron_Data_Processor.py]: Load_Data: 118:       INFO:    [Data Has Been Load]
[2025-02-25 11:39:14,323]: [Iron_Data_Processor.py]: Load_Data: 118:       INFO:    [Data Has Been Load]
[2025-02-25 11:39:14,323]: [Iron_Data_Processor.py]: Load_positions: 140:       INFO:    [Positions Are Ready]
[2025-02-25 11:39:14,323]: [Iron_Data_Processor.py]: Load_positions: 140:       INFO:    [Positions Are Ready]
[2025-02-25 11:39:15,386]: [Iron_Data_Processor.py]: Make_Tagged_Images: 193:       INFO:    [Images Has Been Made]
[2025-02-25 11:39:16,284]: [Iron_Data_Processor.py]: Make_Tagged_Images: 193:       INFO:    [Images Has Been Made]
[2025-02-25 11:39:16,539]: [Iron_Data_Processor.py]: Make_Cover_Page: 215:       INFO:    [Made Cover Pages]
[2025-02-25 11:39:16,539]: [Iron.py]: Run: 29:       INFO:    [Imagination Phase Completed]
[2025-02-25 11:39:21,049]: [Phone_Scraper.py]: Scrap: 58:       INFO:    [Data Scraped]
[2025-02-25 11:39:21,050]: [Phone_Scraper.py]: Scrap: 71:       INFO:    [Scraped Data Successfully]
[2025-02-25 11:39:21,050]: [Phone.py]: Run: 26:       INFO:    [Scraping Phase Complete]
[2025-02-25 11:39:21,050]: [Phone_Data_Processor.py]: data_reader: 38:       INFO:    [Scraped Data Loaded]
[2025-02-25 11:39:21,051]: [Phone_Data_Processor.py]: filter_list: 65:       INFO:    [Persian Phrases Are deleted]
[2025-02-25 11:39:21,051]: [Phone_Data_Processor.py]: reshape_list: 87:       INFO:    [Date Reshaped]
[2025-02-25 11:39:21,052]: [Phone_Data_Processor.py]: separate_brands: 124:       INFO:    [Brands Are Separated]
[2025-02-25 11:39:21,052]: [Phone_Data_Processor.py]: delete_extra_spaces: 141:       INFO:    [Extra Spaces Are Deleted]
[2025-02-25 11:39:21,788]: [Phone.py]: Run: 29:       INFO:    [Imagination Phase Complete]
[2025-02-25 11:39:21,788]: [selector_events.py]: __init__: 64:       DEBUG:    [Using selector: EpollSelector]
[2025-02-25 11:39:22,054]: [_bot.py]: _do_post: 643:       DEBUG:    [Calling Bot API endpoint `getMe` with parameters `{}`]
[2025-02-25 11:39:22,058]: [_trace.py]: atrace: 87:       DEBUG:    [connect_tcp.started host='api.telegram.org' port=443 local_address=None timeout=5.0 socket_options=None]
[2025-02-25 11:39:22,354]: [_trace.py]: atrace: 87:       DEBUG:    [connect_tcp.complete return_value=<httpcore._backends.anyio.AnyIOStream object at 0x7f1f9ebfc0b0>]
[2025-02-25 11:39:22,354]: [_trace.py]: atrace: 87:       DEBUG:    [start_tls.started ssl_context=<ssl.SSLContext object at 0x7f1f9f23b4d0> server_hostname='api.telegram.org' timeout=5.0]
[2025-02-25 11:39:22,492]: [_trace.py]: atrace: 87:       DEBUG:    [start_tls.complete return_value=<httpcore._backends.anyio.AnyIOStream object at 0x7f1f9fb1df40>]
[2025-02-25 11:39:22,492]: [_trace.py]: atrace: 87:       DEBUG:    [send_request_headers.started request=<Request [b'POST']>]
[2025-02-25 11:39:22,492]: [_trace.py]: atrace: 87:       DEBUG:    [send_request_headers.complete]
[2025-02-25 11:39:22,492]: [_trace.py]: atrace: 87:       DEBUG:    [send_request_body.started request=<Request [b'POST']>]
[2025-02-25 11:39:22,492]: [_trace.py]: atrace: 87:       DEBUG:    [send_request_body.complete]
[2025-02-25 11:39:22,492]: [_trace.py]: atrace: 87:       DEBUG:    [receive_response_headers.started request=<Request [b'POST']>]
[2025-02-25 11:39:22,628]: [_trace.py]: atrace: 87:       DEBUG:    [receive_response_headers.complete return_value=(b'HTTP/1.1', 200, b'OK', [(b'Server', b'nginx/1.18.0'), (b'Date', b'Tue, 25 Feb 2025 11:39:22 GMT'), (b'Content-Type', b'application/json'), (b'Content-Length', b'258'), (b'Connection', b'keep-alive'), (b'Strict-Transport-Security', b'max-age=31536000; includeSubDomains; preload'), (b'Access-Control-Allow-Origin', b'*'), (b'Access-Control-Allow-Methods', b'GET, POST, OPTIONS'), (b'Access-Control-Expose-Headers', b'Content-Length,Content-Type,Date,Server,Connection')])]
[2025-02-25 11:39:22,629]: [_client.py]: _send_single_request: 1740:       INFO:    [HTTP Request: POST https://api.telegram.org/bot6030805959:AAGUHAMxLYc-PrevgKouJ3ZyM7ktu56ftjo/getMe "HTTP/1.1 200 OK"]
[2025-02-25 11:39:22,629]: [_trace.py]: atrace: 87:       DEBUG:    [receive_response_body.started request=<Request [b'POST']>]
[2025-02-25 11:39:22,629]: [_trace.py]: atrace: 87:       DEBUG:    [receive_response_body.complete]
[2025-02-25 11:39:22,629]: [_trace.py]: atrace: 87:       DEBUG:    [response_closed.started]
[2025-02-25 11:39:22,629]: [_trace.py]: atrace: 87:       DEBUG:    [response_closed.complete]
[2025-02-25 11:39:22,629]: [_bot.py]: _do_post: 652:       DEBUG:    [Call to Bot API endpoint `getMe` finished with return value `{'id': 6030805959, 'is_bot': True, 'first_name': 'TyPHoone', 'username': 'TyPHoone_Project_bot', 'can_join_groups': True, 'can_read_all_group_messages': False, 'supports_inline_queries': False, 'can_connect_to_business': False, 'has_main_web_app': False}`]
[2025-02-25 11:39:22,632]: [_bot.py]: _do_post: 643:       DEBUG:    [Calling Bot API endpoint `sendDocument` with parameters `{'chat_id': '-4119703192', 'document': <telegram._files.inputfile.InputFile object at 0x7f1f9ea610c0>}`]
[2025-02-25 11:39:22,633]: [_trace.py]: atrace: 87:       DEBUG:    [send_request_headers.started request=<Request [b'POST']>]
[2025-02-25 11:39:22,633]: [_trace.py]: atrace: 87:       DEBUG:    [send_request_headers.complete]
[2025-02-25 11:39:22,633]: [_trace.py]: atrace: 87:       DEBUG:    [send_request_body.started request=<Request [b'POST']>]
[2025-02-25 11:39:22,633]: [_trace.py]: atrace: 87:       DEBUG:    [send_request_body.complete]
[2025-02-25 11:39:22,634]: [_trace.py]: atrace: 87:       DEBUG:    [receive_response_headers.started request=<Request [b'POST']>]
[2025-02-25 11:39:22,940]: [_trace.py]: atrace: 87:       DEBUG:    [receive_response_headers.complete return_value=(b'HTTP/1.1', 200, b'OK', [(b'Server', b'nginx/1.18.0'), (b'Date', b'Tue, 25 Feb 2025 11:39:22 GMT'), (b'Content-Type', b'application/json'), (b'Content-Length', b'464'), (b'Connection', b'keep-alive'), (b'Strict-Transport-Security', b'max-age=31536000; includeSubDomains; preload'), (b'Access-Control-Allow-Origin', b'*'), (b'Access-Control-Allow-Methods', b'GET, POST, OPTIONS'), (b'Access-Control-Expose-Headers', b'Content-Length,Content-Type,Date,Server,Connection')])]
[2025-02-25 11:39:22,941]: [_client.py]: _send_single_request: 1740:       INFO:    [HTTP Request: POST https://api.telegram.org/bot6030805959:AAGUHAMxLYc-PrevgKouJ3ZyM7ktu56ftjo/sendDocument "HTTP/1.1 200 OK"]
[2025-02-25 11:39:22,941]: [_trace.py]: atrace: 87:       DEBUG:    [receive_response_body.started request=<Request [b'POST']>]
[2025-02-25 11:39:22,941]: [_trace.py]: atrace: 87:       DEBUG:    [receive_response_body.complete]
[2025-02-25 11:39:22,941]: [_trace.py]: atrace: 87:       DEBUG:    [response_closed.started]
[2025-02-25 11:39:22,941]: [_trace.py]: atrace: 87:       DEBUG:    [response_closed.complete]
[2025-02-25 11:39:22,941]: [_bot.py]: _do_post: 652:       DEBUG:    [Call to Bot API endpoint `sendDocument` finished with return value `{'message_id': 2195, 'from': {'id': 6030805959, 'is_bot': True, 'first_name': 'TyPHoone', 'username': 'TyPHoone_Project_bot'}, 'chat': {'id': -4119703192, 'title': 'Robocop', 'type': 'group', 'all_members_are_administrators': True}, 'date': 1740483562, 'document': {'file_name': '(2025_02_25--11_39).log', 'mime_type': 'text/plain', 'file_id': 'BQACAgQAAxkDAAIIk2e9q-rZsbiF_Sf-2uAMnKtqmwTtAAK3IQACU4zxUf30H2ORiUwFNgQ', 'file_unique_id': 'AgADtyEAAlOM8VE', 'file_size': 5937}}`]
[2025-02-25 11:39:22,942]: [_trace.py]: atrace: 87:       DEBUG:    [close.started]
[2025-02-25 11:39:22,942]: [_trace.py]: atrace: 87:       DEBUG:    [close.complete]
[2025-02-25 11:39:22,988]: [_bot.py]: _do_post: 643:       DEBUG:    [Calling Bot API endpoint `getMe` with parameters `{}`]
[2025-02-25 11:39:22,988]: [_trace.py]: atrace: 87:       DEBUG:    [connect_tcp.started host='api.telegram.org' port=443 local_address=None timeout=5.0 socket_options=None]
[2025-02-25 11:39:23,126]: [_trace.py]: atrace: 87:       DEBUG:    [connect_tcp.complete return_value=<httpcore._backends.anyio.AnyIOStream object at 0x7f1f9ea785c0>]
[2025-02-25 11:39:23,126]: [_trace.py]: atrace: 87:       DEBUG:    [start_tls.started ssl_context=<ssl.SSLContext object at 0x7f1f9f23b2d0> server_hostname='api.telegram.org' timeout=5.0]
[2025-02-25 11:39:23,266]: [_trace.py]: atrace: 87:       DEBUG:    [start_tls.complete return_value=<httpcore._backends.anyio.AnyIOStream object at 0x7f1f9ef08410>]
[2025-02-25 11:39:23,266]: [_trace.py]: atrace: 87:       DEBUG:    [send_request_headers.started request=<Request [b'POST']>]
[2025-02-25 11:39:23,267]: [_trace.py]: atrace: 87:       DEBUG:    [send_request_headers.complete]
[2025-02-25 11:39:23,267]: [_trace.py]: atrace: 87:       DEBUG:    [send_request_body.started request=<Request [b'POST']>]
[2025-02-25 11:39:23,267]: [_trace.py]: atrace: 87:       DEBUG:    [send_request_body.complete]
[2025-02-25 11:39:23,267]: [_trace.py]: atrace: 87:       DEBUG:    [receive_response_headers.started request=<Request [b'POST']>]
[2025-02-25 11:39:23,403]: [_trace.py]: atrace: 87:       DEBUG:    [receive_response_headers.complete return_value=(b'HTTP/1.1', 200, b'OK', [(b'Server', b'nginx/1.18.0'), (b'Date', b'Tue, 25 Feb 2025 11:39:23 GMT'), (b'Content-Type', b'application/json'), (b'Content-Length', b'258'), (b'Connection', b'keep-alive'), (b'Strict-Transport-Security', b'max-age=31536000; includeSubDomains; preload'), (b'Access-Control-Allow-Origin', b'*'), (b'Access-Control-Allow-Methods', b'GET, POST, OPTIONS'), (b'Access-Control-Expose-Headers', b'Content-Length,Content-Type,Date,Server,Connection')])]
[2025-02-25 11:39:23,403]: [_client.py]: _send_single_request: 1740:       INFO:    [HTTP Request: POST https://api.telegram.org/bot6030805959:AAGUHAMxLYc-PrevgKouJ3ZyM7ktu56ftjo/getMe "HTTP/1.1 200 OK"]
[2025-02-25 11:39:23,403]: [_trace.py]: atrace: 87:       DEBUG:    [receive_response_body.started request=<Request [b'POST']>]
[2025-02-25 11:39:23,403]: [_trace.py]: atrace: 87:       DEBUG:    [receive_response_body.complete]
[2025-02-25 11:39:23,403]: [_trace.py]: atrace: 87:       DEBUG:    [response_closed.started]
[2025-02-25 11:39:23,403]: [_trace.py]: atrace: 87:       DEBUG:    [response_closed.complete]
[2025-02-25 11:39:23,403]: [_bot.py]: _do_post: 652:       DEBUG:    [Call to Bot API endpoint `getMe` finished with return value `{'id': 6030805959, 'is_bot': True, 'first_name': 'TyPHoone', 'username': 'TyPHoone_Project_bot', 'can_join_groups': True, 'can_read_all_group_messages': False, 'supports_inline_queries': False, 'can_connect_to_business': False, 'has_main_web_app': False}`]
[2025-02-25 11:39:23,406]: [_bot.py]: _do_post: 643:       DEBUG:    [Calling Bot API endpoint `sendDocument` with parameters `{'chat_id': '-4119703192', 'document': <telegram._files.inputfile.InputFile object at 0x7f1f9f27dec0>}`]
[2025-02-25 11:39:23,406]: [_trace.py]: atrace: 87:       DEBUG:    [send_request_headers.started request=<Request [b'POST']>]
[2025-02-25 11:39:23,406]: [_trace.py]: atrace: 87:       DEBUG:    [send_request_headers.complete]
[2025-02-25 11:39:23,406]: [_trace.py]: atrace: 87:       DEBUG:    [send_request_body.started request=<Request [b'POST']>]
[2025-02-25 11:39:24,643]: [_trace.py]: atrace: 87:       DEBUG:    [send_request_body.complete]
[2025-02-25 11:39:24,643]: [_trace.py]: atrace: 87:       DEBUG:    [receive_response_headers.started request=<Request [b'POST']>]
[2025-02-25 11:39:25,361]: [_trace.py]: atrace: 87:       DEBUG:    [receive_response_headers.complete return_value=(b'HTTP/1.1', 200, b'OK', [(b'Server', b'nginx/1.18.0'), (b'Date', b'Tue, 25 Feb 2025 11:39:25 GMT'), (b'Content-Type', b'application/json'), (b'Content-Length', b'478'), (b'Connection', b'keep-alive'), (b'Strict-Transport-Security', b'max-age=31536000; includeSubDomains; preload'), (b'Access-Control-Allow-Origin', b'*'), (b'Access-Control-Allow-Methods', b'GET, POST, OPTIONS'), (b'Access-Control-Expose-Headers', b'Content-Length,Content-Type,Date,Server,Connection')])]
[2025-02-25 11:39:25,361]: [_client.py]: _send_single_request: 1740:       INFO:    [HTTP Request: POST https://api.telegram.org/bot6030805959:AAGUHAMxLYc-PrevgKouJ3ZyM7ktu56ftjo/sendDocument "HTTP/1.1 200 OK"]
[2025-02-25 11:39:25,362]: [_trace.py]: atrace: 87:       DEBUG:    [receive_response_body.started request=<Request [b'POST']>]
[2025-02-25 11:39:25,362]: [_trace.py]: atrace: 87:       DEBUG:    [receive_response_body.complete]
[2025-02-25 11:39:25,362]: [_trace.py]: atrace: 87:       DEBUG:    [response_closed.started]
[2025-02-25 11:39:25,362]: [_trace.py]: atrace: 87:       DEBUG:    [response_closed.complete]
[2025-02-25 11:39:25,362]: [_bot.py]: _do_post: 652:       DEBUG:    [Call to Bot API endpoint `sendDocument` finished with return value `{'message_id': 2196, 'from': {'id': 6030805959, 'is_bot': True, 'first_name': 'TyPHoone', 'username': 'TyPHoone_Project_bot'}, 'chat': {'id': -4119703192, 'title': 'Robocop', 'type': 'group', 'all_members_are_administrators': True}, 'date': 1740483565, 'document': {'file_name': '(2025_02_25--11_39)output.zip', 'mime_type': 'application/zip', 'file_id': 'BQACAgQAAxkDAAIIlGe9q-x7NgYMrlbbCEdYnX5eJmNaAAK4IQACU4zxUV1EMVG5rZYqNgQ', 'file_unique_id': 'AgADuCEAAlOM8VE', 'file_size': 9809128}}`]
[2025-02-25 11:39:25,362]: [_trace.py]: atrace: 87:       DEBUG:    [close.started]
[2025-02-25 11:39:25,363]: [_trace.py]: atrace: 87:       DEBUG:    [close.complete]
[2025-02-25 11:39:25,363]: [Telegram_Sender.py]: runner: 61:       INFO:    [sent successfully]
[2025-02-25 11:39:25,363]: [Main.py]: <module>: 48:       INFO:    [Finished]
