[2024-05-27 11:38:03,162]: [Main.py]: <module>: 21:       INFO:    [Started]
[2024-05-27 11:38:04,721]: [Iron_Scraper.py]: Scrap: 32:       INFO:    [Data Scaraped Successfully]
[2024-05-27 11:38:04,920]: [Iron_Scraper.py]: Scrap: 70:       INFO:    [Scrapped Data Has No Problem]
[2024-05-27 11:38:04,921]: [Iron_Scraper.py]: Scrap: 83:       INFO:    [Data Saved Successfully]
[2024-05-27 11:38:04,921]: [Iron.py]: Run: 26:       INFO:    [Scraping Phase Completed]
[2024-05-27 11:38:04,921]: [Iron_Data_Processor.py]: Data_Reader: 61:       INFO:    [Data File Has Been Red Successfully]
[2024-05-27 11:38:04,921]: [Iron_Data_Processor.py]: Shaper: 78:       INFO:    [Data Shaped]
[2024-05-27 11:38:04,922]: [Iron_Data_Processor.py]: Process: 228:       INFO:    [Data Cleaned]
[2024-05-27 11:38:04,922]: [Iron_Data_Processor.py]: Make_Pages_Objects: 101:       INFO:    [Page Objects Has Been Made]
[2024-05-27 11:38:04,922]: [Iron_Data_Processor.py]: Make_Pages_Objects: 101:       INFO:    [Page Objects Has Been Made]
[2024-05-27 11:38:04,922]: [Iron_Data_Processor.py]: Load_Data: 118:       INFO:    [Data Has Been Load]
[2024-05-27 11:38:04,922]: [Iron_Data_Processor.py]: Load_Data: 118:       INFO:    [Data Has Been Load]
[2024-05-27 11:38:04,922]: [Iron_Data_Processor.py]: Load_positions: 140:       INFO:    [Positions Are Ready]
[2024-05-27 11:38:04,922]: [Iron_Data_Processor.py]: Load_positions: 140:       INFO:    [Positions Are Ready]
[2024-05-27 11:38:06,056]: [Iron_Data_Processor.py]: Make_Tagged_Images: 193:       INFO:    [Images Has Been Made]
[2024-05-27 11:38:07,038]: [Iron_Data_Processor.py]: Make_Tagged_Images: 193:       INFO:    [Images Has Been Made]
[2024-05-27 11:38:07,295]: [Iron_Data_Processor.py]: Make_Cover_Page: 215:       INFO:    [Made Cover Pages]
[2024-05-27 11:38:07,296]: [Iron.py]: Run: 29:       INFO:    [Imagination Phase Completed]
[2024-05-27 11:38:10,826]: [Phone_Scraper.py]: Scrap: 58:       INFO:    [Data Scraped]
[2024-05-27 11:38:10,827]: [Phone_Scraper.py]: Scrap: 71:       INFO:    [Scraped Data Successfully]
[2024-05-27 11:38:10,827]: [Phone.py]: Run: 26:       INFO:    [Scraping Phase Complete]
[2024-05-27 11:38:10,827]: [Phone_Data_Processor.py]: data_reader: 38:       INFO:    [Scraped Data Loaded]
[2024-05-27 11:38:10,829]: [Phone_Data_Processor.py]: filter_list: 65:       INFO:    [Persian Phrases Are deleted]
[2024-05-27 11:38:10,830]: [Phone_Data_Processor.py]: reshape_list: 87:       INFO:    [Date Reshaped]
[2024-05-27 11:38:10,830]: [Phone_Data_Processor.py]: separate_brands: 124:       INFO:    [Brands Are Separated]
[2024-05-27 11:38:10,831]: [Phone_Data_Processor.py]: delete_extra_spaces: 141:       INFO:    [Extra Spaces Are Deleted]
[2024-05-27 11:38:11,745]: [Phone.py]: Run: 29:       INFO:    [Imagination Phase Complete]
[2024-05-27 11:38:11,746]: [selector_events.py]: __init__: 64:       DEBUG:    [Using selector: EpollSelector]
[2024-05-27 11:38:12,103]: [_bot.py]: _do_post: 643:       DEBUG:    [Calling Bot API endpoint `getMe` with parameters `{}`]
[2024-05-27 11:38:12,107]: [_trace.py]: atrace: 85:       DEBUG:    [connect_tcp.started host='api.telegram.org' port=443 local_address=None timeout=5.0 socket_options=None]
[2024-05-27 11:38:12,238]: [_trace.py]: atrace: 85:       DEBUG:    [connect_tcp.complete return_value=<httpcore._backends.anyio.AnyIOStream object at 0x7fa0d969f8f0>]
[2024-05-27 11:38:12,238]: [_trace.py]: atrace: 85:       DEBUG:    [start_tls.started ssl_context=<ssl.SSLContext object at 0x7fa0d913a450> server_hostname='api.telegram.org' timeout=5.0]
[2024-05-27 11:38:12,329]: [_trace.py]: atrace: 85:       DEBUG:    [start_tls.complete return_value=<httpcore._backends.anyio.AnyIOStream object at 0x7fa0d91315e0>]
[2024-05-27 11:38:12,329]: [_trace.py]: atrace: 85:       DEBUG:    [send_request_headers.started request=<Request [b'POST']>]
[2024-05-27 11:38:12,329]: [_trace.py]: atrace: 85:       DEBUG:    [send_request_headers.complete]
[2024-05-27 11:38:12,329]: [_trace.py]: atrace: 85:       DEBUG:    [send_request_body.started request=<Request [b'POST']>]
[2024-05-27 11:38:12,329]: [_trace.py]: atrace: 85:       DEBUG:    [send_request_body.complete]
[2024-05-27 11:38:12,330]: [_trace.py]: atrace: 85:       DEBUG:    [receive_response_headers.started request=<Request [b'POST']>]
[2024-05-27 11:38:12,437]: [_trace.py]: atrace: 85:       DEBUG:    [receive_response_headers.complete return_value=(b'HTTP/1.1', 200, b'OK', [(b'Server', b'nginx/1.18.0'), (b'Date', b'Mon, 27 May 2024 11:38:12 GMT'), (b'Content-Type', b'application/json'), (b'Content-Length', b'233'), (b'Connection', b'keep-alive'), (b'Strict-Transport-Security', b'max-age=31536000; includeSubDomains; preload'), (b'Access-Control-Allow-Origin', b'*'), (b'Access-Control-Allow-Methods', b'GET, POST, OPTIONS'), (b'Access-Control-Expose-Headers', b'Content-Length,Content-Type,Date,Server,Connection')])]
[2024-05-27 11:38:12,438]: [_client.py]: _send_single_request: 1773:       INFO:    [HTTP Request: POST https://api.telegram.org/bot6030805959:AAGUHAMxLYc-PrevgKouJ3ZyM7ktu56ftjo/getMe "HTTP/1.1 200 OK"]
[2024-05-27 11:38:12,438]: [_trace.py]: atrace: 85:       DEBUG:    [receive_response_body.started request=<Request [b'POST']>]
[2024-05-27 11:38:12,438]: [_trace.py]: atrace: 85:       DEBUG:    [receive_response_body.complete]
[2024-05-27 11:38:12,438]: [_trace.py]: atrace: 85:       DEBUG:    [response_closed.started]
[2024-05-27 11:38:12,438]: [_trace.py]: atrace: 85:       DEBUG:    [response_closed.complete]
[2024-05-27 11:38:12,438]: [_bot.py]: _do_post: 652:       DEBUG:    [Call to Bot API endpoint `getMe` finished with return value `{'id': 6030805959, 'is_bot': True, 'first_name': 'TyPHoone', 'username': 'TyPHoone_Project_bot', 'can_join_groups': True, 'can_read_all_group_messages': False, 'supports_inline_queries': False, 'can_connect_to_business': False}`]
[2024-05-27 11:38:12,442]: [_bot.py]: _do_post: 643:       DEBUG:    [Calling Bot API endpoint `sendDocument` with parameters `{'chat_id': '-4119703192', 'document': <telegram._files.inputfile.InputFile object at 0x7fa0d967bd40>}`]
[2024-05-27 11:38:12,443]: [_trace.py]: atrace: 85:       DEBUG:    [send_request_headers.started request=<Request [b'POST']>]
[2024-05-27 11:38:12,443]: [_trace.py]: atrace: 85:       DEBUG:    [send_request_headers.complete]
[2024-05-27 11:38:12,443]: [_trace.py]: atrace: 85:       DEBUG:    [send_request_body.started request=<Request [b'POST']>]
[2024-05-27 11:38:12,444]: [_trace.py]: atrace: 85:       DEBUG:    [send_request_body.complete]
[2024-05-27 11:38:12,444]: [_trace.py]: atrace: 85:       DEBUG:    [receive_response_headers.started request=<Request [b'POST']>]
[2024-05-27 11:38:12,682]: [_trace.py]: atrace: 85:       DEBUG:    [receive_response_headers.complete return_value=(b'HTTP/1.1', 200, b'OK', [(b'Server', b'nginx/1.18.0'), (b'Date', b'Mon, 27 May 2024 11:38:12 GMT'), (b'Content-Type', b'application/json'), (b'Content-Length', b'463'), (b'Connection', b'keep-alive'), (b'Strict-Transport-Security', b'max-age=31536000; includeSubDomains; preload'), (b'Access-Control-Allow-Origin', b'*'), (b'Access-Control-Allow-Methods', b'GET, POST, OPTIONS'), (b'Access-Control-Expose-Headers', b'Content-Length,Content-Type,Date,Server,Connection')])]
[2024-05-27 11:38:12,683]: [_client.py]: _send_single_request: 1773:       INFO:    [HTTP Request: POST https://api.telegram.org/bot6030805959:AAGUHAMxLYc-PrevgKouJ3ZyM7ktu56ftjo/sendDocument "HTTP/1.1 200 OK"]
[2024-05-27 11:38:12,683]: [_trace.py]: atrace: 85:       DEBUG:    [receive_response_body.started request=<Request [b'POST']>]
[2024-05-27 11:38:12,683]: [_trace.py]: atrace: 85:       DEBUG:    [receive_response_body.complete]
[2024-05-27 11:38:12,683]: [_trace.py]: atrace: 85:       DEBUG:    [response_closed.started]
[2024-05-27 11:38:12,683]: [_trace.py]: atrace: 85:       DEBUG:    [response_closed.complete]
[2024-05-27 11:38:12,683]: [_bot.py]: _do_post: 652:       DEBUG:    [Call to Bot API endpoint `sendDocument` finished with return value `{'message_id': 814, 'from': {'id': 6030805959, 'is_bot': True, 'first_name': 'TyPHoone', 'username': 'TyPHoone_Project_bot'}, 'chat': {'id': -4119703192, 'title': 'Robocop', 'type': 'group', 'all_members_are_administrators': True}, 'date': 1716809892, 'document': {'file_name': '(2024_05_27--11_38).log', 'mime_type': 'text/plain', 'file_id': 'BQACAgQAAxkDAAIDLmZUcKS8vAEvYWyKJtcRJzPO1VzPAAIGFgAC38yhUntLRvLYiFcXNQQ', 'file_unique_id': 'AgADBhYAAt_MoVI', 'file_size': 5910}}`]
[2024-05-27 11:38:12,684]: [_trace.py]: atrace: 85:       DEBUG:    [close.started]
[2024-05-27 11:38:12,684]: [_trace.py]: atrace: 85:       DEBUG:    [close.complete]
[2024-05-27 11:38:12,684]: [_config.py]: load_ssl_context: 80:       DEBUG:    [load_ssl_context verify=True cert=None trust_env=True http2=False]
[2024-05-27 11:38:12,685]: [_config.py]: load_ssl_context_verify: 146:       DEBUG:    [load_verify_locations cafile='/opt/hostedtoolcache/Python/3.12.3/x64/lib/python3.12/site-packages/certifi/cacert.pem']
[2024-05-27 11:38:12,712]: [_config.py]: load_ssl_context: 80:       DEBUG:    [load_ssl_context verify=True cert=None trust_env=True http2=False]
[2024-05-27 11:38:12,712]: [_config.py]: load_ssl_context_verify: 146:       DEBUG:    [load_verify_locations cafile='/opt/hostedtoolcache/Python/3.12.3/x64/lib/python3.12/site-packages/certifi/cacert.pem']
[2024-05-27 11:38:12,739]: [_bot.py]: _do_post: 643:       DEBUG:    [Calling Bot API endpoint `getMe` with parameters `{}`]
[2024-05-27 11:38:12,739]: [_trace.py]: atrace: 85:       DEBUG:    [connect_tcp.started host='api.telegram.org' port=443 local_address=None timeout=5.0 socket_options=None]
[2024-05-27 11:38:12,829]: [_trace.py]: atrace: 85:       DEBUG:    [connect_tcp.complete return_value=<httpcore._backends.anyio.AnyIOStream object at 0x7fa0d86c8830>]
[2024-05-27 11:38:12,829]: [_trace.py]: atrace: 85:       DEBUG:    [start_tls.started ssl_context=<ssl.SSLContext object at 0x7fa0d913a250> server_hostname='api.telegram.org' timeout=5.0]
[2024-05-27 11:38:12,923]: [_trace.py]: atrace: 85:       DEBUG:    [start_tls.complete return_value=<httpcore._backends.anyio.AnyIOStream object at 0x7fa0d8ca5df0>]
[2024-05-27 11:38:12,924]: [_trace.py]: atrace: 85:       DEBUG:    [send_request_headers.started request=<Request [b'POST']>]
[2024-05-27 11:38:12,924]: [_trace.py]: atrace: 85:       DEBUG:    [send_request_headers.complete]
[2024-05-27 11:38:12,924]: [_trace.py]: atrace: 85:       DEBUG:    [send_request_body.started request=<Request [b'POST']>]
[2024-05-27 11:38:12,924]: [_trace.py]: atrace: 85:       DEBUG:    [send_request_body.complete]
[2024-05-27 11:38:12,924]: [_trace.py]: atrace: 85:       DEBUG:    [receive_response_headers.started request=<Request [b'POST']>]
[2024-05-27 11:38:13,013]: [_trace.py]: atrace: 85:       DEBUG:    [receive_response_headers.complete return_value=(b'HTTP/1.1', 200, b'OK', [(b'Server', b'nginx/1.18.0'), (b'Date', b'Mon, 27 May 2024 11:38:12 GMT'), (b'Content-Type', b'application/json'), (b'Content-Length', b'233'), (b'Connection', b'keep-alive'), (b'Strict-Transport-Security', b'max-age=31536000; includeSubDomains; preload'), (b'Access-Control-Allow-Origin', b'*'), (b'Access-Control-Allow-Methods', b'GET, POST, OPTIONS'), (b'Access-Control-Expose-Headers', b'Content-Length,Content-Type,Date,Server,Connection')])]
[2024-05-27 11:38:13,013]: [_client.py]: _send_single_request: 1773:       INFO:    [HTTP Request: POST https://api.telegram.org/bot6030805959:AAGUHAMxLYc-PrevgKouJ3ZyM7ktu56ftjo/getMe "HTTP/1.1 200 OK"]
[2024-05-27 11:38:13,013]: [_trace.py]: atrace: 85:       DEBUG:    [receive_response_body.started request=<Request [b'POST']>]
[2024-05-27 11:38:13,013]: [_trace.py]: atrace: 85:       DEBUG:    [receive_response_body.complete]
[2024-05-27 11:38:13,014]: [_trace.py]: atrace: 85:       DEBUG:    [response_closed.started]
[2024-05-27 11:38:13,014]: [_trace.py]: atrace: 85:       DEBUG:    [response_closed.complete]
[2024-05-27 11:38:13,014]: [_bot.py]: _do_post: 652:       DEBUG:    [Call to Bot API endpoint `getMe` finished with return value `{'id': 6030805959, 'is_bot': True, 'first_name': 'TyPHoone', 'username': 'TyPHoone_Project_bot', 'can_join_groups': True, 'can_read_all_group_messages': False, 'supports_inline_queries': False, 'can_connect_to_business': False}`]
[2024-05-27 11:38:13,017]: [_bot.py]: _do_post: 643:       DEBUG:    [Calling Bot API endpoint `sendDocument` with parameters `{'chat_id': '-4119703192', 'document': <telegram._files.inputfile.InputFile object at 0x7fa0d9149040>}`]
[2024-05-27 11:38:13,018]: [_trace.py]: atrace: 85:       DEBUG:    [send_request_headers.started request=<Request [b'POST']>]
[2024-05-27 11:38:13,018]: [_trace.py]: atrace: 85:       DEBUG:    [send_request_headers.complete]
[2024-05-27 11:38:13,018]: [_trace.py]: atrace: 85:       DEBUG:    [send_request_body.started request=<Request [b'POST']>]
[2024-05-27 11:38:13,922]: [_trace.py]: atrace: 85:       DEBUG:    [send_request_body.complete]
[2024-05-27 11:38:13,922]: [_trace.py]: atrace: 85:       DEBUG:    [receive_response_headers.started request=<Request [b'POST']>]
[2024-05-27 11:38:14,628]: [_trace.py]: atrace: 85:       DEBUG:    [receive_response_headers.complete return_value=(b'HTTP/1.1', 200, b'OK', [(b'Server', b'nginx/1.18.0'), (b'Date', b'Mon, 27 May 2024 11:38:14 GMT'), (b'Content-Type', b'application/json'), (b'Content-Length', b'478'), (b'Connection', b'keep-alive'), (b'Strict-Transport-Security', b'max-age=31536000; includeSubDomains; preload'), (b'Access-Control-Allow-Origin', b'*'), (b'Access-Control-Allow-Methods', b'GET, POST, OPTIONS'), (b'Access-Control-Expose-Headers', b'Content-Length,Content-Type,Date,Server,Connection')])]
[2024-05-27 11:38:14,628]: [_client.py]: _send_single_request: 1773:       INFO:    [HTTP Request: POST https://api.telegram.org/bot6030805959:AAGUHAMxLYc-PrevgKouJ3ZyM7ktu56ftjo/sendDocument "HTTP/1.1 200 OK"]
[2024-05-27 11:38:14,628]: [_trace.py]: atrace: 85:       DEBUG:    [receive_response_body.started request=<Request [b'POST']>]
[2024-05-27 11:38:14,628]: [_trace.py]: atrace: 85:       DEBUG:    [receive_response_body.complete]
[2024-05-27 11:38:14,629]: [_trace.py]: atrace: 85:       DEBUG:    [response_closed.started]
[2024-05-27 11:38:14,629]: [_trace.py]: atrace: 85:       DEBUG:    [response_closed.complete]
[2024-05-27 11:38:14,629]: [_bot.py]: _do_post: 652:       DEBUG:    [Call to Bot API endpoint `sendDocument` finished with return value `{'message_id': 815, 'from': {'id': 6030805959, 'is_bot': True, 'first_name': 'TyPHoone', 'username': 'TyPHoone_Project_bot'}, 'chat': {'id': -4119703192, 'title': 'Robocop', 'type': 'group', 'all_members_are_administrators': True}, 'date': 1716809894, 'document': {'file_name': '(2024_05_27--11_38)output.zip', 'mime_type': 'application/zip', 'file_id': 'BQACAgQAAxkDAAIDL2ZUcKZL1DcYznUYKx7LNHzOhOVcAAIHFgAC38yhUt05IxqXOvt8NQQ', 'file_unique_id': 'AgADBxYAAt_MoVI', 'file_size': 10566401}}`]
[2024-05-27 11:38:14,629]: [_trace.py]: atrace: 85:       DEBUG:    [close.started]
[2024-05-27 11:38:14,629]: [_trace.py]: atrace: 85:       DEBUG:    [close.complete]
[2024-05-27 11:38:14,630]: [Telegram_Sender.py]: runner: 61:       INFO:    [sent successfully]
[2024-05-27 11:38:14,630]: [Main.py]: <module>: 48:       INFO:    [Finished]
