[2025-10-10 11:39:49,979]: [Main.py]: <module>: 21:       INFO:    [Started]
[2025-10-10 11:39:51,980]: [Iron_Scraper.py]: Scrap: 32:       INFO:    [Data Scaraped Successfully]
[2025-10-10 11:39:52,186]: [Iron_Scraper.py]: Scrap: 70:       INFO:    [Scrapped Data Has No Problem]
[2025-10-10 11:39:52,186]: [Iron_Scraper.py]: Scrap: 83:       INFO:    [Data Saved Successfully]
[2025-10-10 11:39:52,186]: [Iron.py]: Run: 26:       INFO:    [Scraping Phase Completed]
[2025-10-10 11:39:52,186]: [Iron_Data_Processor.py]: Data_Reader: 61:       INFO:    [Data File Has Been Red Successfully]
[2025-10-10 11:39:52,186]: [Iron_Data_Processor.py]: Shaper: 78:       INFO:    [Data Shaped]
[2025-10-10 11:39:52,187]: [Iron_Data_Processor.py]: Process: 228:       INFO:    [Data Cleaned]
[2025-10-10 11:39:52,187]: [Iron_Data_Processor.py]: Make_Pages_Objects: 101:       INFO:    [Page Objects Has Been Made]
[2025-10-10 11:39:52,187]: [Iron_Data_Processor.py]: Make_Pages_Objects: 101:       INFO:    [Page Objects Has Been Made]
[2025-10-10 11:39:52,187]: [Iron_Data_Processor.py]: Load_Data: 118:       INFO:    [Data Has Been Load]
[2025-10-10 11:39:52,187]: [Iron_Data_Processor.py]: Load_Data: 118:       INFO:    [Data Has Been Load]
[2025-10-10 11:39:52,187]: [Iron_Data_Processor.py]: Load_positions: 140:       INFO:    [Positions Are Ready]
[2025-10-10 11:39:52,188]: [Iron_Data_Processor.py]: Load_positions: 140:       INFO:    [Positions Are Ready]
[2025-10-10 11:39:53,313]: [Iron_Data_Processor.py]: Make_Tagged_Images: 193:       INFO:    [Images Has Been Made]
[2025-10-10 11:39:54,266]: [Iron_Data_Processor.py]: Make_Tagged_Images: 193:       INFO:    [Images Has Been Made]
[2025-10-10 11:39:54,521]: [Iron_Data_Processor.py]: Make_Cover_Page: 215:       INFO:    [Made Cover Pages]
[2025-10-10 11:39:54,521]: [Iron.py]: Run: 29:       INFO:    [Imagination Phase Completed]
[2025-10-10 11:39:57,781]: [Phone_Scraper.py]: Scrap: 58:       INFO:    [Data Scraped]
[2025-10-10 11:39:57,782]: [Phone_Scraper.py]: Scrap: 71:       INFO:    [Scraped Data Successfully]
[2025-10-10 11:39:57,782]: [Phone.py]: Run: 26:       INFO:    [Scraping Phase Complete]
[2025-10-10 11:39:57,782]: [Phone_Data_Processor.py]: data_reader: 38:       INFO:    [Scraped Data Loaded]
[2025-10-10 11:39:57,783]: [Phone_Data_Processor.py]: filter_list: 65:       INFO:    [Persian Phrases Are deleted]
[2025-10-10 11:39:57,784]: [Phone_Data_Processor.py]: reshape_list: 87:       INFO:    [Date Reshaped]
[2025-10-10 11:39:57,784]: [Phone_Data_Processor.py]: separate_brands: 124:       INFO:    [Brands Are Separated]
[2025-10-10 11:39:57,784]: [Phone_Data_Processor.py]: delete_extra_spaces: 141:       INFO:    [Extra Spaces Are Deleted]
[2025-10-10 11:39:58,533]: [Phone.py]: Run: 29:       INFO:    [Imagination Phase Complete]
[2025-10-10 11:39:58,533]: [selector_events.py]: __init__: 64:       DEBUG:    [Using selector: EpollSelector]
[2025-10-10 11:39:58,811]: [_bot.py]: _do_post: 643:       DEBUG:    [Calling Bot API endpoint `getMe` with parameters `{}`]
[2025-10-10 11:39:58,816]: [_trace.py]: atrace: 87:       DEBUG:    [connect_tcp.started host='api.telegram.org' port=443 local_address=None timeout=5.0 socket_options=None]
[2025-10-10 11:39:59,055]: [_trace.py]: atrace: 87:       DEBUG:    [connect_tcp.complete return_value=<httpcore._backends.anyio.AnyIOStream object at 0x7f30bf8a7830>]
[2025-10-10 11:39:59,055]: [_trace.py]: atrace: 87:       DEBUG:    [start_tls.started ssl_context=<ssl.SSLContext object at 0x7f30bfdadf50> server_hostname='api.telegram.org' timeout=5.0]
[2025-10-10 11:39:59,208]: [_trace.py]: atrace: 87:       DEBUG:    [start_tls.complete return_value=<httpcore._backends.anyio.AnyIOStream object at 0x7f30bffafc80>]
[2025-10-10 11:39:59,208]: [_trace.py]: atrace: 87:       DEBUG:    [send_request_headers.started request=<Request [b'POST']>]
[2025-10-10 11:39:59,208]: [_trace.py]: atrace: 87:       DEBUG:    [send_request_headers.complete]
[2025-10-10 11:39:59,208]: [_trace.py]: atrace: 87:       DEBUG:    [send_request_body.started request=<Request [b'POST']>]
[2025-10-10 11:39:59,209]: [_trace.py]: atrace: 87:       DEBUG:    [send_request_body.complete]
[2025-10-10 11:39:59,209]: [_trace.py]: atrace: 87:       DEBUG:    [receive_response_headers.started request=<Request [b'POST']>]
[2025-10-10 11:39:59,361]: [_trace.py]: atrace: 87:       DEBUG:    [receive_response_headers.complete return_value=(b'HTTP/1.1', 200, b'OK', [(b'Server', b'nginx/1.18.0'), (b'Date', b'Fri, 10 Oct 2025 11:39:59 GMT'), (b'Content-Type', b'application/json'), (b'Content-Length', b'258'), (b'Connection', b'keep-alive'), (b'Strict-Transport-Security', b'max-age=31536000; includeSubDomains; preload'), (b'Access-Control-Allow-Origin', b'*'), (b'Access-Control-Allow-Methods', b'GET, POST, OPTIONS'), (b'Access-Control-Expose-Headers', b'Content-Length,Content-Type,Date,Server,Connection')])]
[2025-10-10 11:39:59,362]: [_client.py]: _send_single_request: 1740:       INFO:    [HTTP Request: POST https://api.telegram.org/bot6030805959:AAGUHAMxLYc-PrevgKouJ3ZyM7ktu56ftjo/getMe "HTTP/1.1 200 OK"]
[2025-10-10 11:39:59,362]: [_trace.py]: atrace: 87:       DEBUG:    [receive_response_body.started request=<Request [b'POST']>]
[2025-10-10 11:39:59,362]: [_trace.py]: atrace: 87:       DEBUG:    [receive_response_body.complete]
[2025-10-10 11:39:59,362]: [_trace.py]: atrace: 87:       DEBUG:    [response_closed.started]
[2025-10-10 11:39:59,362]: [_trace.py]: atrace: 87:       DEBUG:    [response_closed.complete]
[2025-10-10 11:39:59,362]: [_bot.py]: _do_post: 652:       DEBUG:    [Call to Bot API endpoint `getMe` finished with return value `{'id': 6030805959, 'is_bot': True, 'first_name': 'TyPHoone', 'username': 'TyPHoone_Project_bot', 'can_join_groups': True, 'can_read_all_group_messages': False, 'supports_inline_queries': False, 'can_connect_to_business': False, 'has_main_web_app': False}`]
[2025-10-10 11:39:59,365]: [_bot.py]: _do_post: 643:       DEBUG:    [Calling Bot API endpoint `sendDocument` with parameters `{'chat_id': '-4119703192', 'document': <telegram._files.inputfile.InputFile object at 0x7f30bf3c8200>}`]
[2025-10-10 11:39:59,366]: [_trace.py]: atrace: 87:       DEBUG:    [send_request_headers.started request=<Request [b'POST']>]
[2025-10-10 11:39:59,366]: [_trace.py]: atrace: 87:       DEBUG:    [send_request_headers.complete]
[2025-10-10 11:39:59,366]: [_trace.py]: atrace: 87:       DEBUG:    [send_request_body.started request=<Request [b'POST']>]
[2025-10-10 11:39:59,367]: [_trace.py]: atrace: 87:       DEBUG:    [send_request_body.complete]
[2025-10-10 11:39:59,367]: [_trace.py]: atrace: 87:       DEBUG:    [receive_response_headers.started request=<Request [b'POST']>]
[2025-10-10 11:39:59,748]: [_trace.py]: atrace: 87:       DEBUG:    [receive_response_headers.complete return_value=(b'HTTP/1.1', 200, b'OK', [(b'Server', b'nginx/1.18.0'), (b'Date', b'Fri, 10 Oct 2025 11:39:59 GMT'), (b'Content-Type', b'application/json'), (b'Content-Length', b'584'), (b'Connection', b'keep-alive'), (b'Strict-Transport-Security', b'max-age=31536000; includeSubDomains; preload'), (b'Access-Control-Allow-Origin', b'*'), (b'Access-Control-Allow-Methods', b'GET, POST, OPTIONS'), (b'Access-Control-Expose-Headers', b'Content-Length,Content-Type,Date,Server,Connection')])]
[2025-10-10 11:39:59,748]: [_client.py]: _send_single_request: 1740:       INFO:    [HTTP Request: POST https://api.telegram.org/bot6030805959:AAGUHAMxLYc-PrevgKouJ3ZyM7ktu56ftjo/sendDocument "HTTP/1.1 200 OK"]
[2025-10-10 11:39:59,748]: [_trace.py]: atrace: 87:       DEBUG:    [receive_response_body.started request=<Request [b'POST']>]
[2025-10-10 11:39:59,748]: [_trace.py]: atrace: 87:       DEBUG:    [receive_response_body.complete]
[2025-10-10 11:39:59,748]: [_trace.py]: atrace: 87:       DEBUG:    [response_closed.started]
[2025-10-10 11:39:59,748]: [_trace.py]: atrace: 87:       DEBUG:    [response_closed.complete]
[2025-10-10 11:39:59,749]: [_bot.py]: _do_post: 652:       DEBUG:    [Call to Bot API endpoint `sendDocument` finished with return value `{'message_id': 2655, 'from': {'id': 6030805959, 'is_bot': True, 'first_name': 'TyPHoone', 'username': 'TyPHoone_Project_bot'}, 'chat': {'id': -4119703192, 'title': 'Robocop', 'type': 'group', 'all_members_are_administrators': True, 'accepted_gift_types': {'unlimited_gifts': False, 'limited_gifts': False, 'unique_gifts': False, 'premium_subscription': False}}, 'date': 1760096399, 'document': {'file_name': '(2025_10_10--11_39).log', 'mime_type': 'text/plain', 'file_id': 'BQACAgQAAxkDAAIKX2jo8I9y5izUYZzNDzidkh5ab-1OAAICGgAC_b5IU2OgIbddosKzNgQ', 'file_unique_id': 'AgADAhoAAv2-SFM', 'file_size': 5937}}`]
[2025-10-10 11:39:59,749]: [_trace.py]: atrace: 87:       DEBUG:    [close.started]
[2025-10-10 11:39:59,749]: [_trace.py]: atrace: 87:       DEBUG:    [close.complete]
[2025-10-10 11:39:59,794]: [_bot.py]: _do_post: 643:       DEBUG:    [Calling Bot API endpoint `getMe` with parameters `{}`]
[2025-10-10 11:39:59,794]: [_trace.py]: atrace: 87:       DEBUG:    [connect_tcp.started host='api.telegram.org' port=443 local_address=None timeout=5.0 socket_options=None]
[2025-10-10 11:39:59,947]: [_trace.py]: atrace: 87:       DEBUG:    [connect_tcp.complete return_value=<httpcore._backends.anyio.AnyIOStream object at 0x7f30bf408f80>]
[2025-10-10 11:39:59,947]: [_trace.py]: atrace: 87:       DEBUG:    [start_tls.started ssl_context=<ssl.SSLContext object at 0x7f30bfdade50> server_hostname='api.telegram.org' timeout=5.0]
[2025-10-10 11:40:00,100]: [_trace.py]: atrace: 87:       DEBUG:    [start_tls.complete return_value=<httpcore._backends.anyio.AnyIOStream object at 0x7f30c05f72f0>]
[2025-10-10 11:40:00,100]: [_trace.py]: atrace: 87:       DEBUG:    [send_request_headers.started request=<Request [b'POST']>]
[2025-10-10 11:40:00,100]: [_trace.py]: atrace: 87:       DEBUG:    [send_request_headers.complete]
[2025-10-10 11:40:00,100]: [_trace.py]: atrace: 87:       DEBUG:    [send_request_body.started request=<Request [b'POST']>]
[2025-10-10 11:40:00,101]: [_trace.py]: atrace: 87:       DEBUG:    [send_request_body.complete]
[2025-10-10 11:40:00,101]: [_trace.py]: atrace: 87:       DEBUG:    [receive_response_headers.started request=<Request [b'POST']>]
[2025-10-10 11:40:00,252]: [_trace.py]: atrace: 87:       DEBUG:    [receive_response_headers.complete return_value=(b'HTTP/1.1', 200, b'OK', [(b'Server', b'nginx/1.18.0'), (b'Date', b'Fri, 10 Oct 2025 11:40:00 GMT'), (b'Content-Type', b'application/json'), (b'Content-Length', b'258'), (b'Connection', b'keep-alive'), (b'Strict-Transport-Security', b'max-age=31536000; includeSubDomains; preload'), (b'Access-Control-Allow-Origin', b'*'), (b'Access-Control-Allow-Methods', b'GET, POST, OPTIONS'), (b'Access-Control-Expose-Headers', b'Content-Length,Content-Type,Date,Server,Connection')])]
[2025-10-10 11:40:00,252]: [_client.py]: _send_single_request: 1740:       INFO:    [HTTP Request: POST https://api.telegram.org/bot6030805959:AAGUHAMxLYc-PrevgKouJ3ZyM7ktu56ftjo/getMe "HTTP/1.1 200 OK"]
[2025-10-10 11:40:00,252]: [_trace.py]: atrace: 87:       DEBUG:    [receive_response_body.started request=<Request [b'POST']>]
[2025-10-10 11:40:00,252]: [_trace.py]: atrace: 87:       DEBUG:    [receive_response_body.complete]
[2025-10-10 11:40:00,252]: [_trace.py]: atrace: 87:       DEBUG:    [response_closed.started]
[2025-10-10 11:40:00,252]: [_trace.py]: atrace: 87:       DEBUG:    [response_closed.complete]
[2025-10-10 11:40:00,253]: [_bot.py]: _do_post: 652:       DEBUG:    [Call to Bot API endpoint `getMe` finished with return value `{'id': 6030805959, 'is_bot': True, 'first_name': 'TyPHoone', 'username': 'TyPHoone_Project_bot', 'can_join_groups': True, 'can_read_all_group_messages': False, 'supports_inline_queries': False, 'can_connect_to_business': False, 'has_main_web_app': False}`]
[2025-10-10 11:40:00,255]: [_bot.py]: _do_post: 643:       DEBUG:    [Calling Bot API endpoint `sendDocument` with parameters `{'chat_id': '-4119703192', 'document': <telegram._files.inputfile.InputFile object at 0x7f30bfdd2500>}`]
[2025-10-10 11:40:00,255]: [_trace.py]: atrace: 87:       DEBUG:    [send_request_headers.started request=<Request [b'POST']>]
[2025-10-10 11:40:00,256]: [_trace.py]: atrace: 87:       DEBUG:    [send_request_headers.complete]
[2025-10-10 11:40:00,256]: [_trace.py]: atrace: 87:       DEBUG:    [send_request_body.started request=<Request [b'POST']>]
[2025-10-10 11:40:01,767]: [_trace.py]: atrace: 87:       DEBUG:    [send_request_body.complete]
[2025-10-10 11:40:01,767]: [_trace.py]: atrace: 87:       DEBUG:    [receive_response_headers.started request=<Request [b'POST']>]
[2025-10-10 11:40:03,544]: [_trace.py]: atrace: 87:       DEBUG:    [receive_response_headers.complete return_value=(b'HTTP/1.1', 200, b'OK', [(b'Server', b'nginx/1.18.0'), (b'Date', b'Fri, 10 Oct 2025 11:40:03 GMT'), (b'Content-Type', b'application/json'), (b'Content-Length', b'599'), (b'Connection', b'keep-alive'), (b'Strict-Transport-Security', b'max-age=31536000; includeSubDomains; preload'), (b'Access-Control-Allow-Origin', b'*'), (b'Access-Control-Allow-Methods', b'GET, POST, OPTIONS'), (b'Access-Control-Expose-Headers', b'Content-Length,Content-Type,Date,Server,Connection')])]
[2025-10-10 11:40:03,544]: [_client.py]: _send_single_request: 1740:       INFO:    [HTTP Request: POST https://api.telegram.org/bot6030805959:AAGUHAMxLYc-PrevgKouJ3ZyM7ktu56ftjo/sendDocument "HTTP/1.1 200 OK"]
[2025-10-10 11:40:03,545]: [_trace.py]: atrace: 87:       DEBUG:    [receive_response_body.started request=<Request [b'POST']>]
[2025-10-10 11:40:03,545]: [_trace.py]: atrace: 87:       DEBUG:    [receive_response_body.complete]
[2025-10-10 11:40:03,545]: [_trace.py]: atrace: 87:       DEBUG:    [response_closed.started]
[2025-10-10 11:40:03,545]: [_trace.py]: atrace: 87:       DEBUG:    [response_closed.complete]
[2025-10-10 11:40:03,545]: [_bot.py]: _do_post: 652:       DEBUG:    [Call to Bot API endpoint `sendDocument` finished with return value `{'message_id': 2656, 'from': {'id': 6030805959, 'is_bot': True, 'first_name': 'TyPHoone', 'username': 'TyPHoone_Project_bot'}, 'chat': {'id': -4119703192, 'title': 'Robocop', 'type': 'group', 'all_members_are_administrators': True, 'accepted_gift_types': {'unlimited_gifts': False, 'limited_gifts': False, 'unique_gifts': False, 'premium_subscription': False}}, 'date': 1760096403, 'document': {'file_name': '(2025_10_10--11_39)output.zip', 'mime_type': 'application/zip', 'file_id': 'BQACAgQAAxkDAAIKYGjo8JJitGDP98NAtsny_ttCpSf8AAIDGgAC_b5IUxFMypfD0Y19NgQ', 'file_unique_id': 'AgADAxoAAv2-SFM', 'file_size': 10127066}}`]
[2025-10-10 11:40:03,545]: [_trace.py]: atrace: 87:       DEBUG:    [close.started]
[2025-10-10 11:40:03,546]: [_trace.py]: atrace: 87:       DEBUG:    [close.complete]
[2025-10-10 11:40:03,546]: [Telegram_Sender.py]: runner: 61:       INFO:    [sent successfully]
[2025-10-10 11:40:03,546]: [Main.py]: <module>: 48:       INFO:    [Finished]
