[2024-07-29 11:37:49,849]: [Main.py]: <module>: 21:       INFO:    [Started]
[2024-07-29 11:37:51,400]: [Iron_Scraper.py]: Scrap: 32:       INFO:    [Data Scaraped Successfully]
[2024-07-29 11:37:51,589]: [Iron_Scraper.py]: Scrap: 70:       INFO:    [Scrapped Data Has No Problem]
[2024-07-29 11:37:51,590]: [Iron_Scraper.py]: Scrap: 83:       INFO:    [Data Saved Successfully]
[2024-07-29 11:37:51,590]: [Iron.py]: Run: 26:       INFO:    [Scraping Phase Completed]
[2024-07-29 11:37:51,590]: [Iron_Data_Processor.py]: Data_Reader: 61:       INFO:    [Data File Has Been Red Successfully]
[2024-07-29 11:37:51,590]: [Iron_Data_Processor.py]: Shaper: 78:       INFO:    [Data Shaped]
[2024-07-29 11:37:51,591]: [Iron_Data_Processor.py]: Process: 228:       INFO:    [Data Cleaned]
[2024-07-29 11:37:51,591]: [Iron_Data_Processor.py]: Make_Pages_Objects: 101:       INFO:    [Page Objects Has Been Made]
[2024-07-29 11:37:51,591]: [Iron_Data_Processor.py]: Make_Pages_Objects: 101:       INFO:    [Page Objects Has Been Made]
[2024-07-29 11:37:51,591]: [Iron_Data_Processor.py]: Load_Data: 118:       INFO:    [Data Has Been Load]
[2024-07-29 11:37:51,591]: [Iron_Data_Processor.py]: Load_Data: 118:       INFO:    [Data Has Been Load]
[2024-07-29 11:37:51,591]: [Iron_Data_Processor.py]: Load_positions: 140:       INFO:    [Positions Are Ready]
[2024-07-29 11:37:51,591]: [Iron_Data_Processor.py]: Load_positions: 140:       INFO:    [Positions Are Ready]
[2024-07-29 11:37:52,712]: [Iron_Data_Processor.py]: Make_Tagged_Images: 193:       INFO:    [Images Has Been Made]
[2024-07-29 11:37:53,663]: [Iron_Data_Processor.py]: Make_Tagged_Images: 193:       INFO:    [Images Has Been Made]
[2024-07-29 11:37:53,926]: [Iron_Data_Processor.py]: Make_Cover_Page: 215:       INFO:    [Made Cover Pages]
[2024-07-29 11:37:53,927]: [Iron.py]: Run: 29:       INFO:    [Imagination Phase Completed]
[2024-07-29 11:37:58,053]: [Phone_Scraper.py]: Scrap: 58:       INFO:    [Data Scraped]
[2024-07-29 11:37:58,053]: [Phone_Scraper.py]: Scrap: 71:       INFO:    [Scraped Data Successfully]
[2024-07-29 11:37:58,053]: [Phone.py]: Run: 26:       INFO:    [Scraping Phase Complete]
[2024-07-29 11:37:58,053]: [Phone_Data_Processor.py]: data_reader: 38:       INFO:    [Scraped Data Loaded]
[2024-07-29 11:37:58,055]: [Phone_Data_Processor.py]: filter_list: 65:       INFO:    [Persian Phrases Are deleted]
[2024-07-29 11:37:58,055]: [Phone_Data_Processor.py]: reshape_list: 87:       INFO:    [Date Reshaped]
[2024-07-29 11:37:58,055]: [Phone_Data_Processor.py]: separate_brands: 124:       INFO:    [Brands Are Separated]
[2024-07-29 11:37:58,056]: [Phone_Data_Processor.py]: delete_extra_spaces: 141:       INFO:    [Extra Spaces Are Deleted]
[2024-07-29 11:37:58,814]: [Phone.py]: Run: 29:       INFO:    [Imagination Phase Complete]
[2024-07-29 11:37:58,814]: [selector_events.py]: __init__: 64:       DEBUG:    [Using selector: EpollSelector]
[2024-07-29 11:37:59,152]: [_bot.py]: _do_post: 643:       DEBUG:    [Calling Bot API endpoint `getMe` with parameters `{}`]
[2024-07-29 11:37:59,156]: [_trace.py]: atrace: 85:       DEBUG:    [connect_tcp.started host='api.telegram.org' port=443 local_address=None timeout=5.0 socket_options=None]
[2024-07-29 11:37:59,384]: [_trace.py]: atrace: 85:       DEBUG:    [connect_tcp.complete return_value=<httpcore._backends.anyio.AnyIOStream object at 0x7fa8e4828260>]
[2024-07-29 11:37:59,384]: [_trace.py]: atrace: 85:       DEBUG:    [start_tls.started ssl_context=<ssl.SSLContext object at 0x7fa8e4642a50> server_hostname='api.telegram.org' timeout=5.0]
[2024-07-29 11:37:59,465]: [_trace.py]: atrace: 85:       DEBUG:    [start_tls.complete return_value=<httpcore._backends.anyio.AnyIOStream object at 0x7fa8e479e600>]
[2024-07-29 11:37:59,466]: [_trace.py]: atrace: 85:       DEBUG:    [send_request_headers.started request=<Request [b'POST']>]
[2024-07-29 11:37:59,466]: [_trace.py]: atrace: 85:       DEBUG:    [send_request_headers.complete]
[2024-07-29 11:37:59,466]: [_trace.py]: atrace: 85:       DEBUG:    [send_request_body.started request=<Request [b'POST']>]
[2024-07-29 11:37:59,466]: [_trace.py]: atrace: 85:       DEBUG:    [send_request_body.complete]
[2024-07-29 11:37:59,466]: [_trace.py]: atrace: 85:       DEBUG:    [receive_response_headers.started request=<Request [b'POST']>]
[2024-07-29 11:37:59,548]: [_trace.py]: atrace: 85:       DEBUG:    [receive_response_headers.complete return_value=(b'HTTP/1.1', 200, b'OK', [(b'Server', b'nginx/1.18.0'), (b'Date', b'Mon, 29 Jul 2024 11:37:59 GMT'), (b'Content-Type', b'application/json'), (b'Content-Length', b'233'), (b'Connection', b'keep-alive'), (b'Strict-Transport-Security', b'max-age=31536000; includeSubDomains; preload'), (b'Access-Control-Allow-Origin', b'*'), (b'Access-Control-Allow-Methods', b'GET, POST, OPTIONS'), (b'Access-Control-Expose-Headers', b'Content-Length,Content-Type,Date,Server,Connection')])]
[2024-07-29 11:37:59,548]: [_client.py]: _send_single_request: 1773:       INFO:    [HTTP Request: POST https://api.telegram.org/bot6030805959:AAGUHAMxLYc-PrevgKouJ3ZyM7ktu56ftjo/getMe "HTTP/1.1 200 OK"]
[2024-07-29 11:37:59,548]: [_trace.py]: atrace: 85:       DEBUG:    [receive_response_body.started request=<Request [b'POST']>]
[2024-07-29 11:37:59,548]: [_trace.py]: atrace: 85:       DEBUG:    [receive_response_body.complete]
[2024-07-29 11:37:59,548]: [_trace.py]: atrace: 85:       DEBUG:    [response_closed.started]
[2024-07-29 11:37:59,549]: [_trace.py]: atrace: 85:       DEBUG:    [response_closed.complete]
[2024-07-29 11:37:59,549]: [_bot.py]: _do_post: 652:       DEBUG:    [Call to Bot API endpoint `getMe` finished with return value `{'id': 6030805959, 'is_bot': True, 'first_name': 'TyPHoone', 'username': 'TyPHoone_Project_bot', 'can_join_groups': True, 'can_read_all_group_messages': False, 'supports_inline_queries': False, 'can_connect_to_business': False}`]
[2024-07-29 11:37:59,552]: [_bot.py]: _do_post: 643:       DEBUG:    [Calling Bot API endpoint `sendDocument` with parameters `{'chat_id': '-4119703192', 'document': <telegram._files.inputfile.InputFile object at 0x7fa8f2399380>}`]
[2024-07-29 11:37:59,552]: [_trace.py]: atrace: 85:       DEBUG:    [send_request_headers.started request=<Request [b'POST']>]
[2024-07-29 11:37:59,553]: [_trace.py]: atrace: 85:       DEBUG:    [send_request_headers.complete]
[2024-07-29 11:37:59,553]: [_trace.py]: atrace: 85:       DEBUG:    [send_request_body.started request=<Request [b'POST']>]
[2024-07-29 11:37:59,553]: [_trace.py]: atrace: 85:       DEBUG:    [send_request_body.complete]
[2024-07-29 11:37:59,553]: [_trace.py]: atrace: 85:       DEBUG:    [receive_response_headers.started request=<Request [b'POST']>]
[2024-07-29 11:37:59,688]: [_trace.py]: atrace: 85:       DEBUG:    [receive_response_headers.complete return_value=(b'HTTP/1.1', 200, b'OK', [(b'Server', b'nginx/1.18.0'), (b'Date', b'Mon, 29 Jul 2024 11:37:59 GMT'), (b'Content-Type', b'application/json'), (b'Content-Length', b'463'), (b'Connection', b'keep-alive'), (b'Strict-Transport-Security', b'max-age=31536000; includeSubDomains; preload'), (b'Access-Control-Allow-Origin', b'*'), (b'Access-Control-Allow-Methods', b'GET, POST, OPTIONS'), (b'Access-Control-Expose-Headers', b'Content-Length,Content-Type,Date,Server,Connection')])]
[2024-07-29 11:37:59,688]: [_client.py]: _send_single_request: 1773:       INFO:    [HTTP Request: POST https://api.telegram.org/bot6030805959:AAGUHAMxLYc-PrevgKouJ3ZyM7ktu56ftjo/sendDocument "HTTP/1.1 200 OK"]
[2024-07-29 11:37:59,688]: [_trace.py]: atrace: 85:       DEBUG:    [receive_response_body.started request=<Request [b'POST']>]
[2024-07-29 11:37:59,688]: [_trace.py]: atrace: 85:       DEBUG:    [receive_response_body.complete]
[2024-07-29 11:37:59,688]: [_trace.py]: atrace: 85:       DEBUG:    [response_closed.started]
[2024-07-29 11:37:59,688]: [_trace.py]: atrace: 85:       DEBUG:    [response_closed.complete]
[2024-07-29 11:37:59,689]: [_bot.py]: _do_post: 652:       DEBUG:    [Call to Bot API endpoint `sendDocument` finished with return value `{'message_id': 941, 'from': {'id': 6030805959, 'is_bot': True, 'first_name': 'TyPHoone', 'username': 'TyPHoone_Project_bot'}, 'chat': {'id': -4119703192, 'title': 'Robocop', 'type': 'group', 'all_members_are_administrators': True}, 'date': 1722253079, 'document': {'file_name': '(2024_07_29--11_37).log', 'mime_type': 'text/plain', 'file_id': 'BQACAgQAAxkDAAIDrWanfxfMZj_xXZMYY_pJdVZu02hsAAJSEQACyo85UaJ85mhq2Ct4NQQ', 'file_unique_id': 'AgADUhEAAsqPOVE', 'file_size': 5910}}`]
[2024-07-29 11:37:59,689]: [_trace.py]: atrace: 85:       DEBUG:    [close.started]
[2024-07-29 11:37:59,689]: [_trace.py]: atrace: 85:       DEBUG:    [close.complete]
[2024-07-29 11:37:59,690]: [_config.py]: load_ssl_context: 80:       DEBUG:    [load_ssl_context verify=True cert=None trust_env=True http2=False]
[2024-07-29 11:37:59,690]: [_config.py]: load_ssl_context_verify: 146:       DEBUG:    [load_verify_locations cafile='/opt/hostedtoolcache/Python/3.12.4/x64/lib/python3.12/site-packages/certifi/cacert.pem']
[2024-07-29 11:37:59,719]: [_config.py]: load_ssl_context: 80:       DEBUG:    [load_ssl_context verify=True cert=None trust_env=True http2=False]
[2024-07-29 11:37:59,719]: [_config.py]: load_ssl_context_verify: 146:       DEBUG:    [load_verify_locations cafile='/opt/hostedtoolcache/Python/3.12.4/x64/lib/python3.12/site-packages/certifi/cacert.pem']
[2024-07-29 11:37:59,747]: [_bot.py]: _do_post: 643:       DEBUG:    [Calling Bot API endpoint `getMe` with parameters `{}`]
[2024-07-29 11:37:59,747]: [_trace.py]: atrace: 85:       DEBUG:    [connect_tcp.started host='api.telegram.org' port=443 local_address=None timeout=5.0 socket_options=None]
[2024-07-29 11:37:59,832]: [_trace.py]: atrace: 85:       DEBUG:    [connect_tcp.complete return_value=<httpcore._backends.anyio.AnyIOStream object at 0x7fa8e417e1e0>]
[2024-07-29 11:37:59,832]: [_trace.py]: atrace: 85:       DEBUG:    [start_tls.started ssl_context=<ssl.SSLContext object at 0x7fa8e4642850> server_hostname='api.telegram.org' timeout=5.0]
[2024-07-29 11:37:59,920]: [_trace.py]: atrace: 85:       DEBUG:    [start_tls.complete return_value=<httpcore._backends.anyio.AnyIOStream object at 0x7fa8e3d61c40>]
[2024-07-29 11:37:59,920]: [_trace.py]: atrace: 85:       DEBUG:    [send_request_headers.started request=<Request [b'POST']>]
[2024-07-29 11:37:59,920]: [_trace.py]: atrace: 85:       DEBUG:    [send_request_headers.complete]
[2024-07-29 11:37:59,920]: [_trace.py]: atrace: 85:       DEBUG:    [send_request_body.started request=<Request [b'POST']>]
[2024-07-29 11:37:59,920]: [_trace.py]: atrace: 85:       DEBUG:    [send_request_body.complete]
[2024-07-29 11:37:59,920]: [_trace.py]: atrace: 85:       DEBUG:    [receive_response_headers.started request=<Request [b'POST']>]
[2024-07-29 11:38:00,015]: [_trace.py]: atrace: 85:       DEBUG:    [receive_response_headers.complete return_value=(b'HTTP/1.1', 200, b'OK', [(b'Server', b'nginx/1.18.0'), (b'Date', b'Mon, 29 Jul 2024 11:37:59 GMT'), (b'Content-Type', b'application/json'), (b'Content-Length', b'233'), (b'Connection', b'keep-alive'), (b'Strict-Transport-Security', b'max-age=31536000; includeSubDomains; preload'), (b'Access-Control-Allow-Origin', b'*'), (b'Access-Control-Allow-Methods', b'GET, POST, OPTIONS'), (b'Access-Control-Expose-Headers', b'Content-Length,Content-Type,Date,Server,Connection')])]
[2024-07-29 11:38:00,015]: [_client.py]: _send_single_request: 1773:       INFO:    [HTTP Request: POST https://api.telegram.org/bot6030805959:AAGUHAMxLYc-PrevgKouJ3ZyM7ktu56ftjo/getMe "HTTP/1.1 200 OK"]
[2024-07-29 11:38:00,015]: [_trace.py]: atrace: 85:       DEBUG:    [receive_response_body.started request=<Request [b'POST']>]
[2024-07-29 11:38:00,015]: [_trace.py]: atrace: 85:       DEBUG:    [receive_response_body.complete]
[2024-07-29 11:38:00,015]: [_trace.py]: atrace: 85:       DEBUG:    [response_closed.started]
[2024-07-29 11:38:00,015]: [_trace.py]: atrace: 85:       DEBUG:    [response_closed.complete]
[2024-07-29 11:38:00,015]: [_bot.py]: _do_post: 652:       DEBUG:    [Call to Bot API endpoint `getMe` finished with return value `{'id': 6030805959, 'is_bot': True, 'first_name': 'TyPHoone', 'username': 'TyPHoone_Project_bot', 'can_join_groups': True, 'can_read_all_group_messages': False, 'supports_inline_queries': False, 'can_connect_to_business': False}`]
[2024-07-29 11:38:00,018]: [_bot.py]: _do_post: 643:       DEBUG:    [Calling Bot API endpoint `sendDocument` with parameters `{'chat_id': '-4119703192', 'document': <telegram._files.inputfile.InputFile object at 0x7fa8e3d50a80>}`]
[2024-07-29 11:38:00,018]: [_trace.py]: atrace: 85:       DEBUG:    [send_request_headers.started request=<Request [b'POST']>]
[2024-07-29 11:38:00,019]: [_trace.py]: atrace: 85:       DEBUG:    [send_request_headers.complete]
[2024-07-29 11:38:00,019]: [_trace.py]: atrace: 85:       DEBUG:    [send_request_body.started request=<Request [b'POST']>]
[2024-07-29 11:38:00,863]: [_trace.py]: atrace: 85:       DEBUG:    [send_request_body.complete]
[2024-07-29 11:38:00,863]: [_trace.py]: atrace: 85:       DEBUG:    [receive_response_headers.started request=<Request [b'POST']>]
[2024-07-29 11:38:01,743]: [_trace.py]: atrace: 85:       DEBUG:    [receive_response_headers.complete return_value=(b'HTTP/1.1', 200, b'OK', [(b'Server', b'nginx/1.18.0'), (b'Date', b'Mon, 29 Jul 2024 11:38:01 GMT'), (b'Content-Type', b'application/json'), (b'Content-Length', b'478'), (b'Connection', b'keep-alive'), (b'Strict-Transport-Security', b'max-age=31536000; includeSubDomains; preload'), (b'Access-Control-Allow-Origin', b'*'), (b'Access-Control-Allow-Methods', b'GET, POST, OPTIONS'), (b'Access-Control-Expose-Headers', b'Content-Length,Content-Type,Date,Server,Connection')])]
[2024-07-29 11:38:01,743]: [_client.py]: _send_single_request: 1773:       INFO:    [HTTP Request: POST https://api.telegram.org/bot6030805959:AAGUHAMxLYc-PrevgKouJ3ZyM7ktu56ftjo/sendDocument "HTTP/1.1 200 OK"]
[2024-07-29 11:38:01,743]: [_trace.py]: atrace: 85:       DEBUG:    [receive_response_body.started request=<Request [b'POST']>]
[2024-07-29 11:38:01,743]: [_trace.py]: atrace: 85:       DEBUG:    [receive_response_body.complete]
[2024-07-29 11:38:01,743]: [_trace.py]: atrace: 85:       DEBUG:    [response_closed.started]
[2024-07-29 11:38:01,743]: [_trace.py]: atrace: 85:       DEBUG:    [response_closed.complete]
[2024-07-29 11:38:01,744]: [_bot.py]: _do_post: 652:       DEBUG:    [Call to Bot API endpoint `sendDocument` finished with return value `{'message_id': 942, 'from': {'id': 6030805959, 'is_bot': True, 'first_name': 'TyPHoone', 'username': 'TyPHoone_Project_bot'}, 'chat': {'id': -4119703192, 'title': 'Robocop', 'type': 'group', 'all_members_are_administrators': True}, 'date': 1722253081, 'document': {'file_name': '(2024_07_29--11_37)output.zip', 'mime_type': 'application/zip', 'file_id': 'BQACAgQAAxkDAAIDrmanfxnEF0xDivUU0QedEdG2WVOgAAJTEQACyo85UXiZBxM-i1ZjNQQ', 'file_unique_id': 'AgADUxEAAsqPOVE', 'file_size': 10125208}}`]
[2024-07-29 11:38:01,744]: [_trace.py]: atrace: 85:       DEBUG:    [close.started]
[2024-07-29 11:38:01,744]: [_trace.py]: atrace: 85:       DEBUG:    [close.complete]
[2024-07-29 11:38:01,744]: [Telegram_Sender.py]: runner: 61:       INFO:    [sent successfully]
[2024-07-29 11:38:01,745]: [Main.py]: <module>: 48:       INFO:    [Finished]
