[2024-09-05 11:39:02,475]: [Main.py]: <module>: 21:       INFO:    [Started]
[2024-09-05 11:39:04,046]: [Iron_Scraper.py]: Scrap: 32:       INFO:    [Data Scaraped Successfully]
[2024-09-05 11:39:04,235]: [Iron_Scraper.py]: Scrap: 70:       INFO:    [Scrapped Data Has No Problem]
[2024-09-05 11:39:04,235]: [Iron_Scraper.py]: Scrap: 83:       INFO:    [Data Saved Successfully]
[2024-09-05 11:39:04,235]: [Iron.py]: Run: 26:       INFO:    [Scraping Phase Completed]
[2024-09-05 11:39:04,235]: [Iron_Data_Processor.py]: Data_Reader: 61:       INFO:    [Data File Has Been Red Successfully]
[2024-09-05 11:39:04,236]: [Iron_Data_Processor.py]: Shaper: 78:       INFO:    [Data Shaped]
[2024-09-05 11:39:04,236]: [Iron_Data_Processor.py]: Process: 228:       INFO:    [Data Cleaned]
[2024-09-05 11:39:04,236]: [Iron_Data_Processor.py]: Make_Pages_Objects: 101:       INFO:    [Page Objects Has Been Made]
[2024-09-05 11:39:04,236]: [Iron_Data_Processor.py]: Make_Pages_Objects: 101:       INFO:    [Page Objects Has Been Made]
[2024-09-05 11:39:04,236]: [Iron_Data_Processor.py]: Load_Data: 118:       INFO:    [Data Has Been Load]
[2024-09-05 11:39:04,236]: [Iron_Data_Processor.py]: Load_Data: 118:       INFO:    [Data Has Been Load]
[2024-09-05 11:39:04,236]: [Iron_Data_Processor.py]: Load_positions: 140:       INFO:    [Positions Are Ready]
[2024-09-05 11:39:04,237]: [Iron_Data_Processor.py]: Load_positions: 140:       INFO:    [Positions Are Ready]
[2024-09-05 11:39:05,367]: [Iron_Data_Processor.py]: Make_Tagged_Images: 193:       INFO:    [Images Has Been Made]
[2024-09-05 11:39:06,328]: [Iron_Data_Processor.py]: Make_Tagged_Images: 193:       INFO:    [Images Has Been Made]
[2024-09-05 11:39:06,586]: [Iron_Data_Processor.py]: Make_Cover_Page: 215:       INFO:    [Made Cover Pages]
[2024-09-05 11:39:06,586]: [Iron.py]: Run: 29:       INFO:    [Imagination Phase Completed]
[2024-09-05 11:39:10,718]: [Phone_Scraper.py]: Scrap: 58:       INFO:    [Data Scraped]
[2024-09-05 11:39:10,719]: [Phone_Scraper.py]: Scrap: 71:       INFO:    [Scraped Data Successfully]
[2024-09-05 11:39:10,719]: [Phone.py]: Run: 26:       INFO:    [Scraping Phase Complete]
[2024-09-05 11:39:10,719]: [Phone_Data_Processor.py]: data_reader: 38:       INFO:    [Scraped Data Loaded]
[2024-09-05 11:39:10,721]: [Phone_Data_Processor.py]: filter_list: 65:       INFO:    [Persian Phrases Are deleted]
[2024-09-05 11:39:10,721]: [Phone_Data_Processor.py]: reshape_list: 87:       INFO:    [Date Reshaped]
[2024-09-05 11:39:10,721]: [Phone_Data_Processor.py]: separate_brands: 124:       INFO:    [Brands Are Separated]
[2024-09-05 11:39:10,722]: [Phone_Data_Processor.py]: delete_extra_spaces: 141:       INFO:    [Extra Spaces Are Deleted]
[2024-09-05 11:39:11,494]: [Phone.py]: Run: 29:       INFO:    [Imagination Phase Complete]
[2024-09-05 11:39:11,494]: [selector_events.py]: __init__: 64:       DEBUG:    [Using selector: EpollSelector]
[2024-09-05 11:39:11,839]: [_bot.py]: _do_post: 643:       DEBUG:    [Calling Bot API endpoint `getMe` with parameters `{}`]
[2024-09-05 11:39:11,843]: [_trace.py]: atrace: 85:       DEBUG:    [connect_tcp.started host='api.telegram.org' port=443 local_address=None timeout=5.0 socket_options=None]
[2024-09-05 11:39:12,139]: [_trace.py]: atrace: 85:       DEBUG:    [connect_tcp.complete return_value=<httpcore._backends.anyio.AnyIOStream object at 0x7fb1e03fecf0>]
[2024-09-05 11:39:12,139]: [_trace.py]: atrace: 85:       DEBUG:    [start_tls.started ssl_context=<ssl.SSLContext object at 0x7fb1e0c3fc50> server_hostname='api.telegram.org' timeout=5.0]
[2024-09-05 11:39:12,230]: [_trace.py]: atrace: 85:       DEBUG:    [start_tls.complete return_value=<httpcore._backends.anyio.AnyIOStream object at 0x7fb1e1eac290>]
[2024-09-05 11:39:12,230]: [_trace.py]: atrace: 85:       DEBUG:    [send_request_headers.started request=<Request [b'POST']>]
[2024-09-05 11:39:12,230]: [_trace.py]: atrace: 85:       DEBUG:    [send_request_headers.complete]
[2024-09-05 11:39:12,230]: [_trace.py]: atrace: 85:       DEBUG:    [send_request_body.started request=<Request [b'POST']>]
[2024-09-05 11:39:12,230]: [_trace.py]: atrace: 85:       DEBUG:    [send_request_body.complete]
[2024-09-05 11:39:12,230]: [_trace.py]: atrace: 85:       DEBUG:    [receive_response_headers.started request=<Request [b'POST']>]
[2024-09-05 11:39:12,319]: [_trace.py]: atrace: 85:       DEBUG:    [receive_response_headers.complete return_value=(b'HTTP/1.1', 200, b'OK', [(b'Server', b'nginx/1.18.0'), (b'Date', b'Thu, 05 Sep 2024 11:39:12 GMT'), (b'Content-Type', b'application/json'), (b'Content-Length', b'258'), (b'Connection', b'keep-alive'), (b'Strict-Transport-Security', b'max-age=31536000; includeSubDomains; preload'), (b'Access-Control-Allow-Origin', b'*'), (b'Access-Control-Allow-Methods', b'GET, POST, OPTIONS'), (b'Access-Control-Expose-Headers', b'Content-Length,Content-Type,Date,Server,Connection')])]
[2024-09-05 11:39:12,319]: [_client.py]: _send_single_request: 1786:       INFO:    [HTTP Request: POST https://api.telegram.org/bot6030805959:AAGUHAMxLYc-PrevgKouJ3ZyM7ktu56ftjo/getMe "HTTP/1.1 200 OK"]
[2024-09-05 11:39:12,320]: [_trace.py]: atrace: 85:       DEBUG:    [receive_response_body.started request=<Request [b'POST']>]
[2024-09-05 11:39:12,320]: [_trace.py]: atrace: 85:       DEBUG:    [receive_response_body.complete]
[2024-09-05 11:39:12,320]: [_trace.py]: atrace: 85:       DEBUG:    [response_closed.started]
[2024-09-05 11:39:12,320]: [_trace.py]: atrace: 85:       DEBUG:    [response_closed.complete]
[2024-09-05 11:39:12,320]: [_bot.py]: _do_post: 652:       DEBUG:    [Call to Bot API endpoint `getMe` finished with return value `{'id': 6030805959, 'is_bot': True, 'first_name': 'TyPHoone', 'username': 'TyPHoone_Project_bot', 'can_join_groups': True, 'can_read_all_group_messages': False, 'supports_inline_queries': False, 'can_connect_to_business': False, 'has_main_web_app': False}`]
[2024-09-05 11:39:12,323]: [_bot.py]: _do_post: 643:       DEBUG:    [Calling Bot API endpoint `sendDocument` with parameters `{'chat_id': '-4119703192', 'document': <telegram._files.inputfile.InputFile object at 0x7fb1e022bb80>}`]
[2024-09-05 11:39:12,324]: [_trace.py]: atrace: 85:       DEBUG:    [send_request_headers.started request=<Request [b'POST']>]
[2024-09-05 11:39:12,324]: [_trace.py]: atrace: 85:       DEBUG:    [send_request_headers.complete]
[2024-09-05 11:39:12,324]: [_trace.py]: atrace: 85:       DEBUG:    [send_request_body.started request=<Request [b'POST']>]
[2024-09-05 11:39:12,325]: [_trace.py]: atrace: 85:       DEBUG:    [send_request_body.complete]
[2024-09-05 11:39:12,325]: [_trace.py]: atrace: 85:       DEBUG:    [receive_response_headers.started request=<Request [b'POST']>]
[2024-09-05 11:39:12,600]: [_trace.py]: atrace: 85:       DEBUG:    [receive_response_headers.complete return_value=(b'HTTP/1.1', 200, b'OK', [(b'Server', b'nginx/1.18.0'), (b'Date', b'Thu, 05 Sep 2024 11:39:12 GMT'), (b'Content-Type', b'application/json'), (b'Content-Length', b'464'), (b'Connection', b'keep-alive'), (b'Strict-Transport-Security', b'max-age=31536000; includeSubDomains; preload'), (b'Access-Control-Allow-Origin', b'*'), (b'Access-Control-Allow-Methods', b'GET, POST, OPTIONS'), (b'Access-Control-Expose-Headers', b'Content-Length,Content-Type,Date,Server,Connection')])]
[2024-09-05 11:39:12,601]: [_client.py]: _send_single_request: 1786:       INFO:    [HTTP Request: POST https://api.telegram.org/bot6030805959:AAGUHAMxLYc-PrevgKouJ3ZyM7ktu56ftjo/sendDocument "HTTP/1.1 200 OK"]
[2024-09-05 11:39:12,601]: [_trace.py]: atrace: 85:       DEBUG:    [receive_response_body.started request=<Request [b'POST']>]
[2024-09-05 11:39:12,601]: [_trace.py]: atrace: 85:       DEBUG:    [receive_response_body.complete]
[2024-09-05 11:39:12,601]: [_trace.py]: atrace: 85:       DEBUG:    [response_closed.started]
[2024-09-05 11:39:12,601]: [_trace.py]: atrace: 85:       DEBUG:    [response_closed.complete]
[2024-09-05 11:39:12,601]: [_bot.py]: _do_post: 652:       DEBUG:    [Call to Bot API endpoint `sendDocument` finished with return value `{'message_id': 1847, 'from': {'id': 6030805959, 'is_bot': True, 'first_name': 'TyPHoone', 'username': 'TyPHoone_Project_bot'}, 'chat': {'id': -4119703192, 'title': 'Robocop', 'type': 'group', 'all_members_are_administrators': True}, 'date': 1725536352, 'document': {'file_name': '(2024_09_05--11_39).log', 'mime_type': 'text/plain', 'file_id': 'BQACAgQAAxkDAAIHN2bZmGBn7c15DCn_88SUAsh4UTB0AAKxEQACnybQUosd3SL_eaLRNgQ', 'file_unique_id': 'AgADsREAAp8m0FI', 'file_size': 5937}}`]
[2024-09-05 11:39:12,602]: [_trace.py]: atrace: 85:       DEBUG:    [close.started]
[2024-09-05 11:39:12,602]: [_trace.py]: atrace: 85:       DEBUG:    [close.complete]
[2024-09-05 11:39:12,602]: [_config.py]: load_ssl_context: 82:       DEBUG:    [load_ssl_context verify=True cert=None trust_env=True http2=False]
[2024-09-05 11:39:12,603]: [_config.py]: load_ssl_context_verify: 148:       DEBUG:    [load_verify_locations cafile='/opt/hostedtoolcache/Python/3.12.5/x64/lib/python3.12/site-packages/certifi/cacert.pem']
[2024-09-05 11:39:12,633]: [_config.py]: load_ssl_context: 82:       DEBUG:    [load_ssl_context verify=True cert=None trust_env=True http2=False]
[2024-09-05 11:39:12,634]: [_config.py]: load_ssl_context_verify: 148:       DEBUG:    [load_verify_locations cafile='/opt/hostedtoolcache/Python/3.12.5/x64/lib/python3.12/site-packages/certifi/cacert.pem']
[2024-09-05 11:39:12,661]: [_bot.py]: _do_post: 643:       DEBUG:    [Calling Bot API endpoint `getMe` with parameters `{}`]
[2024-09-05 11:39:12,662]: [_trace.py]: atrace: 85:       DEBUG:    [connect_tcp.started host='api.telegram.org' port=443 local_address=None timeout=5.0 socket_options=None]
[2024-09-05 11:39:12,754]: [_trace.py]: atrace: 85:       DEBUG:    [connect_tcp.complete return_value=<httpcore._backends.anyio.AnyIOStream object at 0x7fb1e08b67e0>]
[2024-09-05 11:39:12,755]: [_trace.py]: atrace: 85:       DEBUG:    [start_tls.started ssl_context=<ssl.SSLContext object at 0x7fb1e0c3fa50> server_hostname='api.telegram.org' timeout=5.0]
[2024-09-05 11:39:12,847]: [_trace.py]: atrace: 85:       DEBUG:    [start_tls.complete return_value=<httpcore._backends.anyio.AnyIOStream object at 0x7fb1eb9741d0>]
[2024-09-05 11:39:12,848]: [_trace.py]: atrace: 85:       DEBUG:    [send_request_headers.started request=<Request [b'POST']>]
[2024-09-05 11:39:12,848]: [_trace.py]: atrace: 85:       DEBUG:    [send_request_headers.complete]
[2024-09-05 11:39:12,848]: [_trace.py]: atrace: 85:       DEBUG:    [send_request_body.started request=<Request [b'POST']>]
[2024-09-05 11:39:12,848]: [_trace.py]: atrace: 85:       DEBUG:    [send_request_body.complete]
[2024-09-05 11:39:12,848]: [_trace.py]: atrace: 85:       DEBUG:    [receive_response_headers.started request=<Request [b'POST']>]
[2024-09-05 11:39:12,939]: [_trace.py]: atrace: 85:       DEBUG:    [receive_response_headers.complete return_value=(b'HTTP/1.1', 200, b'OK', [(b'Server', b'nginx/1.18.0'), (b'Date', b'Thu, 05 Sep 2024 11:39:12 GMT'), (b'Content-Type', b'application/json'), (b'Content-Length', b'258'), (b'Connection', b'keep-alive'), (b'Strict-Transport-Security', b'max-age=31536000; includeSubDomains; preload'), (b'Access-Control-Allow-Origin', b'*'), (b'Access-Control-Allow-Methods', b'GET, POST, OPTIONS'), (b'Access-Control-Expose-Headers', b'Content-Length,Content-Type,Date,Server,Connection')])]
[2024-09-05 11:39:12,939]: [_client.py]: _send_single_request: 1786:       INFO:    [HTTP Request: POST https://api.telegram.org/bot6030805959:AAGUHAMxLYc-PrevgKouJ3ZyM7ktu56ftjo/getMe "HTTP/1.1 200 OK"]
[2024-09-05 11:39:12,939]: [_trace.py]: atrace: 85:       DEBUG:    [receive_response_body.started request=<Request [b'POST']>]
[2024-09-05 11:39:12,939]: [_trace.py]: atrace: 85:       DEBUG:    [receive_response_body.complete]
[2024-09-05 11:39:12,939]: [_trace.py]: atrace: 85:       DEBUG:    [response_closed.started]
[2024-09-05 11:39:12,939]: [_trace.py]: atrace: 85:       DEBUG:    [response_closed.complete]
[2024-09-05 11:39:12,940]: [_bot.py]: _do_post: 652:       DEBUG:    [Call to Bot API endpoint `getMe` finished with return value `{'id': 6030805959, 'is_bot': True, 'first_name': 'TyPHoone', 'username': 'TyPHoone_Project_bot', 'can_join_groups': True, 'can_read_all_group_messages': False, 'supports_inline_queries': False, 'can_connect_to_business': False, 'has_main_web_app': False}`]
[2024-09-05 11:39:12,942]: [_bot.py]: _do_post: 643:       DEBUG:    [Calling Bot API endpoint `sendDocument` with parameters `{'chat_id': '-4119703192', 'document': <telegram._files.inputfile.InputFile object at 0x7fb1e022aa40>}`]
[2024-09-05 11:39:12,943]: [_trace.py]: atrace: 85:       DEBUG:    [send_request_headers.started request=<Request [b'POST']>]
[2024-09-05 11:39:12,943]: [_trace.py]: atrace: 85:       DEBUG:    [send_request_headers.complete]
[2024-09-05 11:39:12,943]: [_trace.py]: atrace: 85:       DEBUG:    [send_request_body.started request=<Request [b'POST']>]
[2024-09-05 11:39:13,826]: [_trace.py]: atrace: 85:       DEBUG:    [send_request_body.complete]
[2024-09-05 11:39:13,826]: [_trace.py]: atrace: 85:       DEBUG:    [receive_response_headers.started request=<Request [b'POST']>]
[2024-09-05 11:39:14,846]: [_trace.py]: atrace: 85:       DEBUG:    [receive_response_headers.complete return_value=(b'HTTP/1.1', 200, b'OK', [(b'Server', b'nginx/1.18.0'), (b'Date', b'Thu, 05 Sep 2024 11:39:14 GMT'), (b'Content-Type', b'application/json'), (b'Content-Length', b'479'), (b'Connection', b'keep-alive'), (b'Strict-Transport-Security', b'max-age=31536000; includeSubDomains; preload'), (b'Access-Control-Allow-Origin', b'*'), (b'Access-Control-Allow-Methods', b'GET, POST, OPTIONS'), (b'Access-Control-Expose-Headers', b'Content-Length,Content-Type,Date,Server,Connection')])]
[2024-09-05 11:39:14,847]: [_client.py]: _send_single_request: 1786:       INFO:    [HTTP Request: POST https://api.telegram.org/bot6030805959:AAGUHAMxLYc-PrevgKouJ3ZyM7ktu56ftjo/sendDocument "HTTP/1.1 200 OK"]
[2024-09-05 11:39:14,847]: [_trace.py]: atrace: 85:       DEBUG:    [receive_response_body.started request=<Request [b'POST']>]
[2024-09-05 11:39:14,847]: [_trace.py]: atrace: 85:       DEBUG:    [receive_response_body.complete]
[2024-09-05 11:39:14,847]: [_trace.py]: atrace: 85:       DEBUG:    [response_closed.started]
[2024-09-05 11:39:14,847]: [_trace.py]: atrace: 85:       DEBUG:    [response_closed.complete]
[2024-09-05 11:39:14,847]: [_bot.py]: _do_post: 652:       DEBUG:    [Call to Bot API endpoint `sendDocument` finished with return value `{'message_id': 1848, 'from': {'id': 6030805959, 'is_bot': True, 'first_name': 'TyPHoone', 'username': 'TyPHoone_Project_bot'}, 'chat': {'id': -4119703192, 'title': 'Robocop', 'type': 'group', 'all_members_are_administrators': True}, 'date': 1725536354, 'document': {'file_name': '(2024_09_05--11_39)output.zip', 'mime_type': 'application/zip', 'file_id': 'BQACAgQAAxkDAAIHOGbZmGJ6aGnPV2vDm4RBQ8E9a6zGAAKyEQACnybQUuC8iI0ZskhSNgQ', 'file_unique_id': 'AgADshEAAp8m0FI', 'file_size': 10187967}}`]
[2024-09-05 11:39:14,848]: [_trace.py]: atrace: 85:       DEBUG:    [close.started]
[2024-09-05 11:39:14,848]: [_trace.py]: atrace: 85:       DEBUG:    [close.complete]
[2024-09-05 11:39:14,848]: [Telegram_Sender.py]: runner: 61:       INFO:    [sent successfully]
[2024-09-05 11:39:14,849]: [Main.py]: <module>: 48:       INFO:    [Finished]
