[2024-08-29 11:38:49,918]: [Main.py]: <module>: 21:       INFO:    [Started]
[2024-08-29 11:38:51,256]: [Iron_Scraper.py]: Scrap: 32:       INFO:    [Data Scaraped Successfully]
[2024-08-29 11:38:51,442]: [Iron_Scraper.py]: Scrap: 70:       INFO:    [Scrapped Data Has No Problem]
[2024-08-29 11:38:51,442]: [Iron_Scraper.py]: Scrap: 83:       INFO:    [Data Saved Successfully]
[2024-08-29 11:38:51,442]: [Iron.py]: Run: 26:       INFO:    [Scraping Phase Completed]
[2024-08-29 11:38:51,442]: [Iron_Data_Processor.py]: Data_Reader: 61:       INFO:    [Data File Has Been Red Successfully]
[2024-08-29 11:38:51,442]: [Iron_Data_Processor.py]: Shaper: 78:       INFO:    [Data Shaped]
[2024-08-29 11:38:51,443]: [Iron_Data_Processor.py]: Process: 228:       INFO:    [Data Cleaned]
[2024-08-29 11:38:51,443]: [Iron_Data_Processor.py]: Make_Pages_Objects: 101:       INFO:    [Page Objects Has Been Made]
[2024-08-29 11:38:51,443]: [Iron_Data_Processor.py]: Make_Pages_Objects: 101:       INFO:    [Page Objects Has Been Made]
[2024-08-29 11:38:51,443]: [Iron_Data_Processor.py]: Load_Data: 118:       INFO:    [Data Has Been Load]
[2024-08-29 11:38:51,443]: [Iron_Data_Processor.py]: Load_Data: 118:       INFO:    [Data Has Been Load]
[2024-08-29 11:38:51,443]: [Iron_Data_Processor.py]: Load_positions: 140:       INFO:    [Positions Are Ready]
[2024-08-29 11:38:51,443]: [Iron_Data_Processor.py]: Load_positions: 140:       INFO:    [Positions Are Ready]
[2024-08-29 11:38:52,582]: [Iron_Data_Processor.py]: Make_Tagged_Images: 193:       INFO:    [Images Has Been Made]
[2024-08-29 11:38:53,549]: [Iron_Data_Processor.py]: Make_Tagged_Images: 193:       INFO:    [Images Has Been Made]
[2024-08-29 11:38:53,810]: [Iron_Data_Processor.py]: Make_Cover_Page: 215:       INFO:    [Made Cover Pages]
[2024-08-29 11:38:53,810]: [Iron.py]: Run: 29:       INFO:    [Imagination Phase Completed]
[2024-08-29 11:38:56,693]: [Phone_Scraper.py]: Scrap: 58:       INFO:    [Data Scraped]
[2024-08-29 11:38:56,694]: [Phone_Scraper.py]: Scrap: 71:       INFO:    [Scraped Data Successfully]
[2024-08-29 11:38:56,694]: [Phone.py]: Run: 26:       INFO:    [Scraping Phase Complete]
[2024-08-29 11:38:56,694]: [Phone_Data_Processor.py]: data_reader: 38:       INFO:    [Scraped Data Loaded]
[2024-08-29 11:38:56,696]: [Phone_Data_Processor.py]: filter_list: 65:       INFO:    [Persian Phrases Are deleted]
[2024-08-29 11:38:56,696]: [Phone_Data_Processor.py]: reshape_list: 87:       INFO:    [Date Reshaped]
[2024-08-29 11:38:56,697]: [Phone_Data_Processor.py]: separate_brands: 124:       INFO:    [Brands Are Separated]
[2024-08-29 11:38:56,697]: [Phone_Data_Processor.py]: delete_extra_spaces: 141:       INFO:    [Extra Spaces Are Deleted]
[2024-08-29 11:38:57,492]: [Phone.py]: Run: 29:       INFO:    [Imagination Phase Complete]
[2024-08-29 11:38:57,493]: [selector_events.py]: __init__: 64:       DEBUG:    [Using selector: EpollSelector]
[2024-08-29 11:38:57,838]: [_bot.py]: _do_post: 643:       DEBUG:    [Calling Bot API endpoint `getMe` with parameters `{}`]
[2024-08-29 11:38:57,842]: [_trace.py]: atrace: 85:       DEBUG:    [connect_tcp.started host='api.telegram.org' port=443 local_address=None timeout=5.0 socket_options=None]
[2024-08-29 11:38:58,018]: [_trace.py]: atrace: 85:       DEBUG:    [connect_tcp.complete return_value=<httpcore._backends.anyio.AnyIOStream object at 0x7fa37c3ae300>]
[2024-08-29 11:38:58,019]: [_trace.py]: atrace: 85:       DEBUG:    [start_tls.started ssl_context=<ssl.SSLContext object at 0x7fa37cd4bc50> server_hostname='api.telegram.org' timeout=5.0]
[2024-08-29 11:38:58,106]: [_trace.py]: atrace: 85:       DEBUG:    [start_tls.complete return_value=<httpcore._backends.anyio.AnyIOStream object at 0x7fa37d0b0e60>]
[2024-08-29 11:38:58,107]: [_trace.py]: atrace: 85:       DEBUG:    [send_request_headers.started request=<Request [b'POST']>]
[2024-08-29 11:38:58,107]: [_trace.py]: atrace: 85:       DEBUG:    [send_request_headers.complete]
[2024-08-29 11:38:58,107]: [_trace.py]: atrace: 85:       DEBUG:    [send_request_body.started request=<Request [b'POST']>]
[2024-08-29 11:38:58,107]: [_trace.py]: atrace: 85:       DEBUG:    [send_request_body.complete]
[2024-08-29 11:38:58,107]: [_trace.py]: atrace: 85:       DEBUG:    [receive_response_headers.started request=<Request [b'POST']>]
[2024-08-29 11:38:58,193]: [_trace.py]: atrace: 85:       DEBUG:    [receive_response_headers.complete return_value=(b'HTTP/1.1', 200, b'OK', [(b'Server', b'nginx/1.18.0'), (b'Date', b'Thu, 29 Aug 2024 11:38:58 GMT'), (b'Content-Type', b'application/json'), (b'Content-Length', b'258'), (b'Connection', b'keep-alive'), (b'Strict-Transport-Security', b'max-age=31536000; includeSubDomains; preload'), (b'Access-Control-Allow-Origin', b'*'), (b'Access-Control-Allow-Methods', b'GET, POST, OPTIONS'), (b'Access-Control-Expose-Headers', b'Content-Length,Content-Type,Date,Server,Connection')])]
[2024-08-29 11:38:58,193]: [_client.py]: _send_single_request: 1786:       INFO:    [HTTP Request: POST https://api.telegram.org/bot6030805959:AAGUHAMxLYc-PrevgKouJ3ZyM7ktu56ftjo/getMe "HTTP/1.1 200 OK"]
[2024-08-29 11:38:58,194]: [_trace.py]: atrace: 85:       DEBUG:    [receive_response_body.started request=<Request [b'POST']>]
[2024-08-29 11:38:58,194]: [_trace.py]: atrace: 85:       DEBUG:    [receive_response_body.complete]
[2024-08-29 11:38:58,194]: [_trace.py]: atrace: 85:       DEBUG:    [response_closed.started]
[2024-08-29 11:38:58,194]: [_trace.py]: atrace: 85:       DEBUG:    [response_closed.complete]
[2024-08-29 11:38:58,194]: [_bot.py]: _do_post: 652:       DEBUG:    [Call to Bot API endpoint `getMe` finished with return value `{'id': 6030805959, 'is_bot': True, 'first_name': 'TyPHoone', 'username': 'TyPHoone_Project_bot', 'can_join_groups': True, 'can_read_all_group_messages': False, 'supports_inline_queries': False, 'can_connect_to_business': False, 'has_main_web_app': False}`]
[2024-08-29 11:38:58,198]: [_bot.py]: _do_post: 643:       DEBUG:    [Calling Bot API endpoint `sendDocument` with parameters `{'chat_id': '-4119703192', 'document': <telegram._files.inputfile.InputFile object at 0x7fa37c3b17c0>}`]
[2024-08-29 11:38:58,199]: [_trace.py]: atrace: 85:       DEBUG:    [send_request_headers.started request=<Request [b'POST']>]
[2024-08-29 11:38:58,199]: [_trace.py]: atrace: 85:       DEBUG:    [send_request_headers.complete]
[2024-08-29 11:38:58,199]: [_trace.py]: atrace: 85:       DEBUG:    [send_request_body.started request=<Request [b'POST']>]
[2024-08-29 11:38:58,200]: [_trace.py]: atrace: 85:       DEBUG:    [send_request_body.complete]
[2024-08-29 11:38:58,200]: [_trace.py]: atrace: 85:       DEBUG:    [receive_response_headers.started request=<Request [b'POST']>]
[2024-08-29 11:38:58,442]: [_trace.py]: atrace: 85:       DEBUG:    [receive_response_headers.complete return_value=(b'HTTP/1.1', 200, b'OK', [(b'Server', b'nginx/1.18.0'), (b'Date', b'Thu, 29 Aug 2024 11:38:58 GMT'), (b'Content-Type', b'application/json'), (b'Content-Length', b'464'), (b'Connection', b'keep-alive'), (b'Strict-Transport-Security', b'max-age=31536000; includeSubDomains; preload'), (b'Access-Control-Allow-Origin', b'*'), (b'Access-Control-Allow-Methods', b'GET, POST, OPTIONS'), (b'Access-Control-Expose-Headers', b'Content-Length,Content-Type,Date,Server,Connection')])]
[2024-08-29 11:38:58,442]: [_client.py]: _send_single_request: 1786:       INFO:    [HTTP Request: POST https://api.telegram.org/bot6030805959:AAGUHAMxLYc-PrevgKouJ3ZyM7ktu56ftjo/sendDocument "HTTP/1.1 200 OK"]
[2024-08-29 11:38:58,442]: [_trace.py]: atrace: 85:       DEBUG:    [receive_response_body.started request=<Request [b'POST']>]
[2024-08-29 11:38:58,442]: [_trace.py]: atrace: 85:       DEBUG:    [receive_response_body.complete]
[2024-08-29 11:38:58,442]: [_trace.py]: atrace: 85:       DEBUG:    [response_closed.started]
[2024-08-29 11:38:58,443]: [_trace.py]: atrace: 85:       DEBUG:    [response_closed.complete]
[2024-08-29 11:38:58,443]: [_bot.py]: _do_post: 652:       DEBUG:    [Call to Bot API endpoint `sendDocument` finished with return value `{'message_id': 1833, 'from': {'id': 6030805959, 'is_bot': True, 'first_name': 'TyPHoone', 'username': 'TyPHoone_Project_bot'}, 'chat': {'id': -4119703192, 'title': 'Robocop', 'type': 'group', 'all_members_are_administrators': True}, 'date': 1724931538, 'document': {'file_name': '(2024_08_29--11_38).log', 'mime_type': 'text/plain', 'file_id': 'BQACAgQAAxkDAAIHKWbQXdJAKnet_bCtxlPVWVCWsJ-kAAJYHAAC9uCBUi3Avi16KrkNNQQ', 'file_unique_id': 'AgADWBwAAvbggVI', 'file_size': 5937}}`]
[2024-08-29 11:38:58,443]: [_trace.py]: atrace: 85:       DEBUG:    [close.started]
[2024-08-29 11:38:58,443]: [_trace.py]: atrace: 85:       DEBUG:    [close.complete]
[2024-08-29 11:38:58,444]: [_config.py]: load_ssl_context: 82:       DEBUG:    [load_ssl_context verify=True cert=None trust_env=True http2=False]
[2024-08-29 11:38:58,444]: [_config.py]: load_ssl_context_verify: 148:       DEBUG:    [load_verify_locations cafile='/opt/hostedtoolcache/Python/3.12.5/x64/lib/python3.12/site-packages/certifi/cacert.pem']
[2024-08-29 11:38:58,473]: [_config.py]: load_ssl_context: 82:       DEBUG:    [load_ssl_context verify=True cert=None trust_env=True http2=False]
[2024-08-29 11:38:58,473]: [_config.py]: load_ssl_context_verify: 148:       DEBUG:    [load_verify_locations cafile='/opt/hostedtoolcache/Python/3.12.5/x64/lib/python3.12/site-packages/certifi/cacert.pem']
[2024-08-29 11:38:58,502]: [_bot.py]: _do_post: 643:       DEBUG:    [Calling Bot API endpoint `getMe` with parameters `{}`]
[2024-08-29 11:38:58,502]: [_trace.py]: atrace: 85:       DEBUG:    [connect_tcp.started host='api.telegram.org' port=443 local_address=None timeout=5.0 socket_options=None]
[2024-08-29 11:38:58,594]: [_trace.py]: atrace: 85:       DEBUG:    [connect_tcp.complete return_value=<httpcore._backends.anyio.AnyIOStream object at 0x7fa37c9c3740>]
[2024-08-29 11:38:58,594]: [_trace.py]: atrace: 85:       DEBUG:    [start_tls.started ssl_context=<ssl.SSLContext object at 0x7fa37cd4ba50> server_hostname='api.telegram.org' timeout=5.0]
[2024-08-29 11:38:58,690]: [_trace.py]: atrace: 85:       DEBUG:    [start_tls.complete return_value=<httpcore._backends.anyio.AnyIOStream object at 0x7fa37c390230>]
[2024-08-29 11:38:58,690]: [_trace.py]: atrace: 85:       DEBUG:    [send_request_headers.started request=<Request [b'POST']>]
[2024-08-29 11:38:58,690]: [_trace.py]: atrace: 85:       DEBUG:    [send_request_headers.complete]
[2024-08-29 11:38:58,690]: [_trace.py]: atrace: 85:       DEBUG:    [send_request_body.started request=<Request [b'POST']>]
[2024-08-29 11:38:58,690]: [_trace.py]: atrace: 85:       DEBUG:    [send_request_body.complete]
[2024-08-29 11:38:58,690]: [_trace.py]: atrace: 85:       DEBUG:    [receive_response_headers.started request=<Request [b'POST']>]
[2024-08-29 11:38:58,783]: [_trace.py]: atrace: 85:       DEBUG:    [receive_response_headers.complete return_value=(b'HTTP/1.1', 200, b'OK', [(b'Server', b'nginx/1.18.0'), (b'Date', b'Thu, 29 Aug 2024 11:38:58 GMT'), (b'Content-Type', b'application/json'), (b'Content-Length', b'258'), (b'Connection', b'keep-alive'), (b'Strict-Transport-Security', b'max-age=31536000; includeSubDomains; preload'), (b'Access-Control-Allow-Origin', b'*'), (b'Access-Control-Allow-Methods', b'GET, POST, OPTIONS'), (b'Access-Control-Expose-Headers', b'Content-Length,Content-Type,Date,Server,Connection')])]
[2024-08-29 11:38:58,783]: [_client.py]: _send_single_request: 1786:       INFO:    [HTTP Request: POST https://api.telegram.org/bot6030805959:AAGUHAMxLYc-PrevgKouJ3ZyM7ktu56ftjo/getMe "HTTP/1.1 200 OK"]
[2024-08-29 11:38:58,783]: [_trace.py]: atrace: 85:       DEBUG:    [receive_response_body.started request=<Request [b'POST']>]
[2024-08-29 11:38:58,783]: [_trace.py]: atrace: 85:       DEBUG:    [receive_response_body.complete]
[2024-08-29 11:38:58,783]: [_trace.py]: atrace: 85:       DEBUG:    [response_closed.started]
[2024-08-29 11:38:58,783]: [_trace.py]: atrace: 85:       DEBUG:    [response_closed.complete]
[2024-08-29 11:38:58,783]: [_bot.py]: _do_post: 652:       DEBUG:    [Call to Bot API endpoint `getMe` finished with return value `{'id': 6030805959, 'is_bot': True, 'first_name': 'TyPHoone', 'username': 'TyPHoone_Project_bot', 'can_join_groups': True, 'can_read_all_group_messages': False, 'supports_inline_queries': False, 'can_connect_to_business': False, 'has_main_web_app': False}`]
[2024-08-29 11:38:58,786]: [_bot.py]: _do_post: 643:       DEBUG:    [Calling Bot API endpoint `sendDocument` with parameters `{'chat_id': '-4119703192', 'document': <telegram._files.inputfile.InputFile object at 0x7fa37c35b1c0>}`]
[2024-08-29 11:38:58,786]: [_trace.py]: atrace: 85:       DEBUG:    [send_request_headers.started request=<Request [b'POST']>]
[2024-08-29 11:38:58,787]: [_trace.py]: atrace: 85:       DEBUG:    [send_request_headers.complete]
[2024-08-29 11:38:58,787]: [_trace.py]: atrace: 85:       DEBUG:    [send_request_body.started request=<Request [b'POST']>]
[2024-08-29 11:38:59,697]: [_trace.py]: atrace: 85:       DEBUG:    [send_request_body.complete]
[2024-08-29 11:38:59,697]: [_trace.py]: atrace: 85:       DEBUG:    [receive_response_headers.started request=<Request [b'POST']>]
[2024-08-29 11:39:00,824]: [_trace.py]: atrace: 85:       DEBUG:    [receive_response_headers.complete return_value=(b'HTTP/1.1', 200, b'OK', [(b'Server', b'nginx/1.18.0'), (b'Date', b'Thu, 29 Aug 2024 11:39:00 GMT'), (b'Content-Type', b'application/json'), (b'Content-Length', b'479'), (b'Connection', b'keep-alive'), (b'Strict-Transport-Security', b'max-age=31536000; includeSubDomains; preload'), (b'Access-Control-Allow-Origin', b'*'), (b'Access-Control-Allow-Methods', b'GET, POST, OPTIONS'), (b'Access-Control-Expose-Headers', b'Content-Length,Content-Type,Date,Server,Connection')])]
[2024-08-29 11:39:00,825]: [_client.py]: _send_single_request: 1786:       INFO:    [HTTP Request: POST https://api.telegram.org/bot6030805959:AAGUHAMxLYc-PrevgKouJ3ZyM7ktu56ftjo/sendDocument "HTTP/1.1 200 OK"]
[2024-08-29 11:39:00,825]: [_trace.py]: atrace: 85:       DEBUG:    [receive_response_body.started request=<Request [b'POST']>]
[2024-08-29 11:39:00,825]: [_trace.py]: atrace: 85:       DEBUG:    [receive_response_body.complete]
[2024-08-29 11:39:00,825]: [_trace.py]: atrace: 85:       DEBUG:    [response_closed.started]
[2024-08-29 11:39:00,825]: [_trace.py]: atrace: 85:       DEBUG:    [response_closed.complete]
[2024-08-29 11:39:00,825]: [_bot.py]: _do_post: 652:       DEBUG:    [Call to Bot API endpoint `sendDocument` finished with return value `{'message_id': 1834, 'from': {'id': 6030805959, 'is_bot': True, 'first_name': 'TyPHoone', 'username': 'TyPHoone_Project_bot'}, 'chat': {'id': -4119703192, 'title': 'Robocop', 'type': 'group', 'all_members_are_administrators': True}, 'date': 1724931540, 'document': {'file_name': '(2024_08_29--11_38)output.zip', 'mime_type': 'application/zip', 'file_id': 'BQACAgQAAxkDAAIHKmbQXdSmgeUP9RSHqDOcCRdoHceYAAJZHAAC9uCBUsAyRUQiYIgpNQQ', 'file_unique_id': 'AgADWRwAAvbggVI', 'file_size': 10218758}}`]
[2024-08-29 11:39:00,826]: [_trace.py]: atrace: 85:       DEBUG:    [close.started]
[2024-08-29 11:39:00,826]: [_trace.py]: atrace: 85:       DEBUG:    [close.complete]
[2024-08-29 11:39:00,826]: [Telegram_Sender.py]: runner: 61:       INFO:    [sent successfully]
[2024-08-29 11:39:00,827]: [Main.py]: <module>: 48:       INFO:    [Finished]
