[2026-01-05 11:44:11,896]: [Main.py]: <module>: 21:       INFO:    [Started]
[2026-01-05 11:44:13,409]: [Iron_Scraper.py]: Scrap: 32:       INFO:    [Data Scaraped Successfully]
[2026-01-05 11:44:13,620]: [Iron_Scraper.py]: Scrap: 70:       INFO:    [Scrapped Data Has No Problem]
[2026-01-05 11:44:13,620]: [Iron_Scraper.py]: Scrap: 83:       INFO:    [Data Saved Successfully]
[2026-01-05 11:44:13,620]: [Iron.py]: Run: 26:       INFO:    [Scraping Phase Completed]
[2026-01-05 11:44:13,621]: [Iron_Data_Processor.py]: Data_Reader: 61:       INFO:    [Data File Has Been Red Successfully]
[2026-01-05 11:44:13,621]: [Iron_Data_Processor.py]: Shaper: 78:       INFO:    [Data Shaped]
[2026-01-05 11:44:13,621]: [Iron_Data_Processor.py]: Process: 228:       INFO:    [Data Cleaned]
[2026-01-05 11:44:13,621]: [Iron_Data_Processor.py]: Make_Pages_Objects: 101:       INFO:    [Page Objects Has Been Made]
[2026-01-05 11:44:13,621]: [Iron_Data_Processor.py]: Make_Pages_Objects: 101:       INFO:    [Page Objects Has Been Made]
[2026-01-05 11:44:13,621]: [Iron_Data_Processor.py]: Load_Data: 118:       INFO:    [Data Has Been Load]
[2026-01-05 11:44:13,621]: [Iron_Data_Processor.py]: Load_Data: 118:       INFO:    [Data Has Been Load]
[2026-01-05 11:44:13,622]: [Iron_Data_Processor.py]: Load_positions: 140:       INFO:    [Positions Are Ready]
[2026-01-05 11:44:13,622]: [Iron_Data_Processor.py]: Load_positions: 140:       INFO:    [Positions Are Ready]
[2026-01-05 11:44:14,757]: [Iron_Data_Processor.py]: Make_Tagged_Images: 193:       INFO:    [Images Has Been Made]
[2026-01-05 11:44:15,716]: [Iron_Data_Processor.py]: Make_Tagged_Images: 193:       INFO:    [Images Has Been Made]
[2026-01-05 11:44:15,970]: [Iron_Data_Processor.py]: Make_Cover_Page: 215:       INFO:    [Made Cover Pages]
[2026-01-05 11:44:15,971]: [Iron.py]: Run: 29:       INFO:    [Imagination Phase Completed]
[2026-01-05 11:44:19,050]: [Phone_Scraper.py]: Scrap: 58:       INFO:    [Data Scraped]
[2026-01-05 11:44:19,050]: [Phone_Scraper.py]: Scrap: 71:       INFO:    [Scraped Data Successfully]
[2026-01-05 11:44:19,050]: [Phone.py]: Run: 26:       INFO:    [Scraping Phase Complete]
[2026-01-05 11:44:19,051]: [Phone_Data_Processor.py]: data_reader: 38:       INFO:    [Scraped Data Loaded]
[2026-01-05 11:44:19,051]: [Phone_Data_Processor.py]: filter_list: 65:       INFO:    [Persian Phrases Are deleted]
[2026-01-05 11:44:19,052]: [Phone_Data_Processor.py]: reshape_list: 87:       INFO:    [Date Reshaped]
[2026-01-05 11:44:19,052]: [Phone_Data_Processor.py]: separate_brands: 124:       INFO:    [Brands Are Separated]
[2026-01-05 11:44:19,052]: [Phone_Data_Processor.py]: delete_extra_spaces: 141:       INFO:    [Extra Spaces Are Deleted]
[2026-01-05 11:44:19,782]: [Phone.py]: Run: 29:       INFO:    [Imagination Phase Complete]
[2026-01-05 11:44:19,782]: [selector_events.py]: __init__: 64:       DEBUG:    [Using selector: EpollSelector]
[2026-01-05 11:44:20,060]: [_bot.py]: _do_post: 643:       DEBUG:    [Calling Bot API endpoint `getMe` with parameters `{}`]
[2026-01-05 11:44:20,065]: [_trace.py]: atrace: 87:       DEBUG:    [connect_tcp.started host='api.telegram.org' port=443 local_address=None timeout=5.0 socket_options=None]
[2026-01-05 11:44:20,165]: [_trace.py]: atrace: 87:       DEBUG:    [connect_tcp.complete return_value=<httpcore._backends.anyio.AnyIOStream object at 0x7f2ef3872060>]
[2026-01-05 11:44:20,165]: [_trace.py]: atrace: 87:       DEBUG:    [start_tls.started ssl_context=<ssl.SSLContext object at 0x7f2ef3eb1ed0> server_hostname='api.telegram.org' timeout=5.0]
[2026-01-05 11:44:20,257]: [_trace.py]: atrace: 87:       DEBUG:    [start_tls.complete return_value=<httpcore._backends.anyio.AnyIOStream object at 0x7f2ef39897f0>]
[2026-01-05 11:44:20,258]: [_trace.py]: atrace: 87:       DEBUG:    [send_request_headers.started request=<Request [b'POST']>]
[2026-01-05 11:44:20,258]: [_trace.py]: atrace: 87:       DEBUG:    [send_request_headers.complete]
[2026-01-05 11:44:20,258]: [_trace.py]: atrace: 87:       DEBUG:    [send_request_body.started request=<Request [b'POST']>]
[2026-01-05 11:44:20,258]: [_trace.py]: atrace: 87:       DEBUG:    [send_request_body.complete]
[2026-01-05 11:44:20,258]: [_trace.py]: atrace: 87:       DEBUG:    [receive_response_headers.started request=<Request [b'POST']>]
[2026-01-05 11:44:20,348]: [_trace.py]: atrace: 87:       DEBUG:    [receive_response_headers.complete return_value=(b'HTTP/1.1', 200, b'OK', [(b'Server', b'nginx/1.18.0'), (b'Date', b'Mon, 05 Jan 2026 11:44:20 GMT'), (b'Content-Type', b'application/json'), (b'Content-Length', b'285'), (b'Connection', b'keep-alive'), (b'Strict-Transport-Security', b'max-age=31536000; includeSubDomains; preload'), (b'Access-Control-Allow-Origin', b'*'), (b'Access-Control-Allow-Methods', b'GET, POST, OPTIONS'), (b'Access-Control-Expose-Headers', b'Content-Length,Content-Type,Date,Server,Connection')])]
[2026-01-05 11:44:20,348]: [_client.py]: _send_single_request: 1740:       INFO:    [HTTP Request: POST https://api.telegram.org/bot6030805959:AAGUHAMxLYc-PrevgKouJ3ZyM7ktu56ftjo/getMe "HTTP/1.1 200 OK"]
[2026-01-05 11:44:20,348]: [_trace.py]: atrace: 87:       DEBUG:    [receive_response_body.started request=<Request [b'POST']>]
[2026-01-05 11:44:20,349]: [_trace.py]: atrace: 87:       DEBUG:    [receive_response_body.complete]
[2026-01-05 11:44:20,349]: [_trace.py]: atrace: 87:       DEBUG:    [response_closed.started]
[2026-01-05 11:44:20,349]: [_trace.py]: atrace: 87:       DEBUG:    [response_closed.complete]
[2026-01-05 11:44:20,349]: [_bot.py]: _do_post: 652:       DEBUG:    [Call to Bot API endpoint `getMe` finished with return value `{'id': 6030805959, 'is_bot': True, 'first_name': 'TyPHoone', 'username': 'TyPHoone_Project_bot', 'can_join_groups': True, 'can_read_all_group_messages': False, 'supports_inline_queries': False, 'can_connect_to_business': False, 'has_main_web_app': False, 'has_topics_enabled': False}`]
[2026-01-05 11:44:20,352]: [_bot.py]: _do_post: 643:       DEBUG:    [Calling Bot API endpoint `sendDocument` with parameters `{'chat_id': '-4119703192', 'document': <telegram._files.inputfile.InputFile object at 0x7f2ef3469400>}`]
[2026-01-05 11:44:20,353]: [_trace.py]: atrace: 87:       DEBUG:    [send_request_headers.started request=<Request [b'POST']>]
[2026-01-05 11:44:20,353]: [_trace.py]: atrace: 87:       DEBUG:    [send_request_headers.complete]
[2026-01-05 11:44:20,353]: [_trace.py]: atrace: 87:       DEBUG:    [send_request_body.started request=<Request [b'POST']>]
[2026-01-05 11:44:20,354]: [_trace.py]: atrace: 87:       DEBUG:    [send_request_body.complete]
[2026-01-05 11:44:20,354]: [_trace.py]: atrace: 87:       DEBUG:    [receive_response_headers.started request=<Request [b'POST']>]
[2026-01-05 11:44:20,591]: [_trace.py]: atrace: 87:       DEBUG:    [receive_response_headers.complete return_value=(b'HTTP/1.1', 200, b'OK', [(b'Server', b'nginx/1.18.0'), (b'Date', b'Mon, 05 Jan 2026 11:44:20 GMT'), (b'Content-Type', b'application/json'), (b'Content-Length', b'612'), (b'Connection', b'keep-alive'), (b'Strict-Transport-Security', b'max-age=31536000; includeSubDomains; preload'), (b'Access-Control-Allow-Origin', b'*'), (b'Access-Control-Allow-Methods', b'GET, POST, OPTIONS'), (b'Access-Control-Expose-Headers', b'Content-Length,Content-Type,Date,Server,Connection')])]
[2026-01-05 11:44:20,592]: [_client.py]: _send_single_request: 1740:       INFO:    [HTTP Request: POST https://api.telegram.org/bot6030805959:AAGUHAMxLYc-PrevgKouJ3ZyM7ktu56ftjo/sendDocument "HTTP/1.1 200 OK"]
[2026-01-05 11:44:20,592]: [_trace.py]: atrace: 87:       DEBUG:    [receive_response_body.started request=<Request [b'POST']>]
[2026-01-05 11:44:20,592]: [_trace.py]: atrace: 87:       DEBUG:    [receive_response_body.complete]
[2026-01-05 11:44:20,592]: [_trace.py]: atrace: 87:       DEBUG:    [response_closed.started]
[2026-01-05 11:44:20,592]: [_trace.py]: atrace: 87:       DEBUG:    [response_closed.complete]
[2026-01-05 11:44:20,593]: [_bot.py]: _do_post: 652:       DEBUG:    [Call to Bot API endpoint `sendDocument` finished with return value `{'message_id': 2841, 'from': {'id': 6030805959, 'is_bot': True, 'first_name': 'TyPHoone', 'username': 'TyPHoone_Project_bot'}, 'chat': {'id': -4119703192, 'title': 'Robocop', 'type': 'group', 'all_members_are_administrators': True, 'accepted_gift_types': {'unlimited_gifts': False, 'limited_gifts': False, 'unique_gifts': False, 'premium_subscription': False, 'gifts_from_channels': False}}, 'date': 1767613460, 'document': {'file_name': '(2026_01_05--11_44).log', 'mime_type': 'text/plain', 'file_id': 'BQACAgQAAxkDAAILGWlbpBSB_SX_n30CH3hKOqAmScXLAAJlGQACnovhUspbeUrXNVjZOAQ', 'file_unique_id': 'AgADZRkAAp6L4VI', 'file_size': 5966}}`]
[2026-01-05 11:44:20,593]: [_trace.py]: atrace: 87:       DEBUG:    [close.started]
[2026-01-05 11:44:20,593]: [_trace.py]: atrace: 87:       DEBUG:    [close.complete]
[2026-01-05 11:44:20,634]: [_bot.py]: _do_post: 643:       DEBUG:    [Calling Bot API endpoint `getMe` with parameters `{}`]
[2026-01-05 11:44:20,635]: [_trace.py]: atrace: 87:       DEBUG:    [connect_tcp.started host='api.telegram.org' port=443 local_address=None timeout=5.0 socket_options=None]
[2026-01-05 11:44:20,727]: [_trace.py]: atrace: 87:       DEBUG:    [connect_tcp.complete return_value=<httpcore._backends.anyio.AnyIOStream object at 0x7f2ef3509a90>]
[2026-01-05 11:44:20,727]: [_trace.py]: atrace: 87:       DEBUG:    [start_tls.started ssl_context=<ssl.SSLContext object at 0x7f2ef3eb1dd0> server_hostname='api.telegram.org' timeout=5.0]
[2026-01-05 11:44:20,820]: [_trace.py]: atrace: 87:       DEBUG:    [start_tls.complete return_value=<httpcore._backends.anyio.AnyIOStream object at 0x7f2ef39aa660>]
[2026-01-05 11:44:20,820]: [_trace.py]: atrace: 87:       DEBUG:    [send_request_headers.started request=<Request [b'POST']>]
[2026-01-05 11:44:20,820]: [_trace.py]: atrace: 87:       DEBUG:    [send_request_headers.complete]
[2026-01-05 11:44:20,820]: [_trace.py]: atrace: 87:       DEBUG:    [send_request_body.started request=<Request [b'POST']>]
[2026-01-05 11:44:20,820]: [_trace.py]: atrace: 87:       DEBUG:    [send_request_body.complete]
[2026-01-05 11:44:20,820]: [_trace.py]: atrace: 87:       DEBUG:    [receive_response_headers.started request=<Request [b'POST']>]
[2026-01-05 11:44:20,911]: [_trace.py]: atrace: 87:       DEBUG:    [receive_response_headers.complete return_value=(b'HTTP/1.1', 200, b'OK', [(b'Server', b'nginx/1.18.0'), (b'Date', b'Mon, 05 Jan 2026 11:44:20 GMT'), (b'Content-Type', b'application/json'), (b'Content-Length', b'285'), (b'Connection', b'keep-alive'), (b'Strict-Transport-Security', b'max-age=31536000; includeSubDomains; preload'), (b'Access-Control-Allow-Origin', b'*'), (b'Access-Control-Allow-Methods', b'GET, POST, OPTIONS'), (b'Access-Control-Expose-Headers', b'Content-Length,Content-Type,Date,Server,Connection')])]
[2026-01-05 11:44:20,911]: [_client.py]: _send_single_request: 1740:       INFO:    [HTTP Request: POST https://api.telegram.org/bot6030805959:AAGUHAMxLYc-PrevgKouJ3ZyM7ktu56ftjo/getMe "HTTP/1.1 200 OK"]
[2026-01-05 11:44:20,911]: [_trace.py]: atrace: 87:       DEBUG:    [receive_response_body.started request=<Request [b'POST']>]
[2026-01-05 11:44:20,911]: [_trace.py]: atrace: 87:       DEBUG:    [receive_response_body.complete]
[2026-01-05 11:44:20,911]: [_trace.py]: atrace: 87:       DEBUG:    [response_closed.started]
[2026-01-05 11:44:20,911]: [_trace.py]: atrace: 87:       DEBUG:    [response_closed.complete]
[2026-01-05 11:44:20,912]: [_bot.py]: _do_post: 652:       DEBUG:    [Call to Bot API endpoint `getMe` finished with return value `{'id': 6030805959, 'is_bot': True, 'first_name': 'TyPHoone', 'username': 'TyPHoone_Project_bot', 'can_join_groups': True, 'can_read_all_group_messages': False, 'supports_inline_queries': False, 'can_connect_to_business': False, 'has_main_web_app': False, 'has_topics_enabled': False}`]
[2026-01-05 11:44:20,916]: [_bot.py]: _do_post: 643:       DEBUG:    [Calling Bot API endpoint `sendDocument` with parameters `{'chat_id': '-4119703192', 'document': <telegram._files.inputfile.InputFile object at 0x7f2ef3ee9600>}`]
[2026-01-05 11:44:20,916]: [_trace.py]: atrace: 87:       DEBUG:    [send_request_headers.started request=<Request [b'POST']>]
[2026-01-05 11:44:20,917]: [_trace.py]: atrace: 87:       DEBUG:    [send_request_headers.complete]
[2026-01-05 11:44:20,917]: [_trace.py]: atrace: 87:       DEBUG:    [send_request_body.started request=<Request [b'POST']>]
[2026-01-05 11:44:21,825]: [_trace.py]: atrace: 87:       DEBUG:    [send_request_body.complete]
[2026-01-05 11:44:21,825]: [_trace.py]: atrace: 87:       DEBUG:    [receive_response_headers.started request=<Request [b'POST']>]
[2026-01-05 11:44:22,458]: [_trace.py]: atrace: 87:       DEBUG:    [receive_response_headers.complete return_value=(b'HTTP/1.1', 200, b'OK', [(b'Server', b'nginx/1.18.0'), (b'Date', b'Mon, 05 Jan 2026 11:44:22 GMT'), (b'Content-Type', b'application/json'), (b'Content-Length', b'627'), (b'Connection', b'keep-alive'), (b'Strict-Transport-Security', b'max-age=31536000; includeSubDomains; preload'), (b'Access-Control-Allow-Origin', b'*'), (b'Access-Control-Allow-Methods', b'GET, POST, OPTIONS'), (b'Access-Control-Expose-Headers', b'Content-Length,Content-Type,Date,Server,Connection')])]
[2026-01-05 11:44:22,458]: [_client.py]: _send_single_request: 1740:       INFO:    [HTTP Request: POST https://api.telegram.org/bot6030805959:AAGUHAMxLYc-PrevgKouJ3ZyM7ktu56ftjo/sendDocument "HTTP/1.1 200 OK"]
[2026-01-05 11:44:22,459]: [_trace.py]: atrace: 87:       DEBUG:    [receive_response_body.started request=<Request [b'POST']>]
[2026-01-05 11:44:22,459]: [_trace.py]: atrace: 87:       DEBUG:    [receive_response_body.complete]
[2026-01-05 11:44:22,459]: [_trace.py]: atrace: 87:       DEBUG:    [response_closed.started]
[2026-01-05 11:44:22,459]: [_trace.py]: atrace: 87:       DEBUG:    [response_closed.complete]
[2026-01-05 11:44:22,459]: [_bot.py]: _do_post: 652:       DEBUG:    [Call to Bot API endpoint `sendDocument` finished with return value `{'message_id': 2842, 'from': {'id': 6030805959, 'is_bot': True, 'first_name': 'TyPHoone', 'username': 'TyPHoone_Project_bot'}, 'chat': {'id': -4119703192, 'title': 'Robocop', 'type': 'group', 'all_members_are_administrators': True, 'accepted_gift_types': {'unlimited_gifts': False, 'limited_gifts': False, 'unique_gifts': False, 'premium_subscription': False, 'gifts_from_channels': False}}, 'date': 1767613462, 'document': {'file_name': '(2026_01_05--11_44)output.zip', 'mime_type': 'application/zip', 'file_id': 'BQACAgQAAxkDAAILGmlbpBYorxTpjoy2eDiToqZPsjX7AAJmGQACnovhUnQ9N5sc9kzJOAQ', 'file_unique_id': 'AgADZhkAAp6L4VI', 'file_size': 10051373}}`]
[2026-01-05 11:44:22,460]: [_trace.py]: atrace: 87:       DEBUG:    [close.started]
[2026-01-05 11:44:22,460]: [_trace.py]: atrace: 87:       DEBUG:    [close.complete]
[2026-01-05 11:44:22,460]: [Telegram_Sender.py]: runner: 61:       INFO:    [sent successfully]
[2026-01-05 11:44:22,461]: [Main.py]: <module>: 48:       INFO:    [Finished]
