[2024-07-23 11:37:57,960]: [Main.py]: <module>: 21:       INFO:    [Started]
[2024-07-23 11:37:59,584]: [Iron_Scraper.py]: Scrap: 32:       INFO:    [Data Scaraped Successfully]
[2024-07-23 11:37:59,776]: [Iron_Scraper.py]: Scrap: 70:       INFO:    [Scrapped Data Has No Problem]
[2024-07-23 11:37:59,776]: [Iron_Scraper.py]: Scrap: 83:       INFO:    [Data Saved Successfully]
[2024-07-23 11:37:59,776]: [Iron.py]: Run: 26:       INFO:    [Scraping Phase Completed]
[2024-07-23 11:37:59,777]: [Iron_Data_Processor.py]: Data_Reader: 61:       INFO:    [Data File Has Been Red Successfully]
[2024-07-23 11:37:59,777]: [Iron_Data_Processor.py]: Shaper: 78:       INFO:    [Data Shaped]
[2024-07-23 11:37:59,777]: [Iron_Data_Processor.py]: Process: 228:       INFO:    [Data Cleaned]
[2024-07-23 11:37:59,777]: [Iron_Data_Processor.py]: Make_Pages_Objects: 101:       INFO:    [Page Objects Has Been Made]
[2024-07-23 11:37:59,777]: [Iron_Data_Processor.py]: Make_Pages_Objects: 101:       INFO:    [Page Objects Has Been Made]
[2024-07-23 11:37:59,777]: [Iron_Data_Processor.py]: Load_Data: 118:       INFO:    [Data Has Been Load]
[2024-07-23 11:37:59,777]: [Iron_Data_Processor.py]: Load_Data: 118:       INFO:    [Data Has Been Load]
[2024-07-23 11:37:59,778]: [Iron_Data_Processor.py]: Load_positions: 140:       INFO:    [Positions Are Ready]
[2024-07-23 11:37:59,778]: [Iron_Data_Processor.py]: Load_positions: 140:       INFO:    [Positions Are Ready]
[2024-07-23 11:38:00,900]: [Iron_Data_Processor.py]: Make_Tagged_Images: 193:       INFO:    [Images Has Been Made]
[2024-07-23 11:38:01,851]: [Iron_Data_Processor.py]: Make_Tagged_Images: 193:       INFO:    [Images Has Been Made]
[2024-07-23 11:38:02,105]: [Iron_Data_Processor.py]: Make_Cover_Page: 215:       INFO:    [Made Cover Pages]
[2024-07-23 11:38:02,105]: [Iron.py]: Run: 29:       INFO:    [Imagination Phase Completed]
[2024-07-23 11:38:06,105]: [Phone_Scraper.py]: Scrap: 58:       INFO:    [Data Scraped]
[2024-07-23 11:38:06,106]: [Phone_Scraper.py]: Scrap: 71:       INFO:    [Scraped Data Successfully]
[2024-07-23 11:38:06,106]: [Phone.py]: Run: 26:       INFO:    [Scraping Phase Complete]
[2024-07-23 11:38:06,106]: [Phone_Data_Processor.py]: data_reader: 38:       INFO:    [Scraped Data Loaded]
[2024-07-23 11:38:06,107]: [Phone_Data_Processor.py]: filter_list: 65:       INFO:    [Persian Phrases Are deleted]
[2024-07-23 11:38:06,108]: [Phone_Data_Processor.py]: reshape_list: 87:       INFO:    [Date Reshaped]
[2024-07-23 11:38:06,108]: [Phone_Data_Processor.py]: separate_brands: 124:       INFO:    [Brands Are Separated]
[2024-07-23 11:38:06,108]: [Phone_Data_Processor.py]: delete_extra_spaces: 141:       INFO:    [Extra Spaces Are Deleted]
[2024-07-23 11:38:06,762]: [Phone.py]: Run: 29:       INFO:    [Imagination Phase Complete]
[2024-07-23 11:38:06,762]: [selector_events.py]: __init__: 64:       DEBUG:    [Using selector: EpollSelector]
[2024-07-23 11:38:07,093]: [_bot.py]: _do_post: 643:       DEBUG:    [Calling Bot API endpoint `getMe` with parameters `{}`]
[2024-07-23 11:38:07,097]: [_trace.py]: atrace: 85:       DEBUG:    [connect_tcp.started host='api.telegram.org' port=443 local_address=None timeout=5.0 socket_options=None]
[2024-07-23 11:38:07,234]: [_trace.py]: atrace: 85:       DEBUG:    [connect_tcp.complete return_value=<httpcore._backends.anyio.AnyIOStream object at 0x7fee39325730>]
[2024-07-23 11:38:07,234]: [_trace.py]: atrace: 85:       DEBUG:    [start_tls.started ssl_context=<ssl.SSLContext object at 0x7fee39332a50> server_hostname='api.telegram.org' timeout=5.0]
[2024-07-23 11:38:07,338]: [_trace.py]: atrace: 85:       DEBUG:    [start_tls.complete return_value=<httpcore._backends.anyio.AnyIOStream object at 0x7fee39518320>]
[2024-07-23 11:38:07,338]: [_trace.py]: atrace: 85:       DEBUG:    [send_request_headers.started request=<Request [b'POST']>]
[2024-07-23 11:38:07,338]: [_trace.py]: atrace: 85:       DEBUG:    [send_request_headers.complete]
[2024-07-23 11:38:07,338]: [_trace.py]: atrace: 85:       DEBUG:    [send_request_body.started request=<Request [b'POST']>]
[2024-07-23 11:38:07,339]: [_trace.py]: atrace: 85:       DEBUG:    [send_request_body.complete]
[2024-07-23 11:38:07,339]: [_trace.py]: atrace: 85:       DEBUG:    [receive_response_headers.started request=<Request [b'POST']>]
[2024-07-23 11:38:07,441]: [_trace.py]: atrace: 85:       DEBUG:    [receive_response_headers.complete return_value=(b'HTTP/1.1', 200, b'OK', [(b'Server', b'nginx/1.18.0'), (b'Date', b'Tue, 23 Jul 2024 11:38:07 GMT'), (b'Content-Type', b'application/json'), (b'Content-Length', b'233'), (b'Connection', b'keep-alive'), (b'Strict-Transport-Security', b'max-age=31536000; includeSubDomains; preload'), (b'Access-Control-Allow-Origin', b'*'), (b'Access-Control-Allow-Methods', b'GET, POST, OPTIONS'), (b'Access-Control-Expose-Headers', b'Content-Length,Content-Type,Date,Server,Connection')])]
[2024-07-23 11:38:07,441]: [_client.py]: _send_single_request: 1773:       INFO:    [HTTP Request: POST https://api.telegram.org/bot6030805959:AAGUHAMxLYc-PrevgKouJ3ZyM7ktu56ftjo/getMe "HTTP/1.1 200 OK"]
[2024-07-23 11:38:07,441]: [_trace.py]: atrace: 85:       DEBUG:    [receive_response_body.started request=<Request [b'POST']>]
[2024-07-23 11:38:07,442]: [_trace.py]: atrace: 85:       DEBUG:    [receive_response_body.complete]
[2024-07-23 11:38:07,442]: [_trace.py]: atrace: 85:       DEBUG:    [response_closed.started]
[2024-07-23 11:38:07,442]: [_trace.py]: atrace: 85:       DEBUG:    [response_closed.complete]
[2024-07-23 11:38:07,442]: [_bot.py]: _do_post: 652:       DEBUG:    [Call to Bot API endpoint `getMe` finished with return value `{'id': 6030805959, 'is_bot': True, 'first_name': 'TyPHoone', 'username': 'TyPHoone_Project_bot', 'can_join_groups': True, 'can_read_all_group_messages': False, 'supports_inline_queries': False, 'can_connect_to_business': False}`]
[2024-07-23 11:38:07,445]: [_bot.py]: _do_post: 643:       DEBUG:    [Calling Bot API endpoint `sendDocument` with parameters `{'chat_id': '-4119703192', 'document': <telegram._files.inputfile.InputFile object at 0x7fee38c0bb00>}`]
[2024-07-23 11:38:07,446]: [_trace.py]: atrace: 85:       DEBUG:    [send_request_headers.started request=<Request [b'POST']>]
[2024-07-23 11:38:07,446]: [_trace.py]: atrace: 85:       DEBUG:    [send_request_headers.complete]
[2024-07-23 11:38:07,446]: [_trace.py]: atrace: 85:       DEBUG:    [send_request_body.started request=<Request [b'POST']>]
[2024-07-23 11:38:07,446]: [_trace.py]: atrace: 85:       DEBUG:    [send_request_body.complete]
[2024-07-23 11:38:07,447]: [_trace.py]: atrace: 85:       DEBUG:    [receive_response_headers.started request=<Request [b'POST']>]
[2024-07-23 11:38:07,695]: [_trace.py]: atrace: 85:       DEBUG:    [receive_response_headers.complete return_value=(b'HTTP/1.1', 200, b'OK', [(b'Server', b'nginx/1.18.0'), (b'Date', b'Tue, 23 Jul 2024 11:38:07 GMT'), (b'Content-Type', b'application/json'), (b'Content-Length', b'463'), (b'Connection', b'keep-alive'), (b'Strict-Transport-Security', b'max-age=31536000; includeSubDomains; preload'), (b'Access-Control-Allow-Origin', b'*'), (b'Access-Control-Allow-Methods', b'GET, POST, OPTIONS'), (b'Access-Control-Expose-Headers', b'Content-Length,Content-Type,Date,Server,Connection')])]
[2024-07-23 11:38:07,695]: [_client.py]: _send_single_request: 1773:       INFO:    [HTTP Request: POST https://api.telegram.org/bot6030805959:AAGUHAMxLYc-PrevgKouJ3ZyM7ktu56ftjo/sendDocument "HTTP/1.1 200 OK"]
[2024-07-23 11:38:07,695]: [_trace.py]: atrace: 85:       DEBUG:    [receive_response_body.started request=<Request [b'POST']>]
[2024-07-23 11:38:07,695]: [_trace.py]: atrace: 85:       DEBUG:    [receive_response_body.complete]
[2024-07-23 11:38:07,696]: [_trace.py]: atrace: 85:       DEBUG:    [response_closed.started]
[2024-07-23 11:38:07,696]: [_trace.py]: atrace: 85:       DEBUG:    [response_closed.complete]
[2024-07-23 11:38:07,696]: [_bot.py]: _do_post: 652:       DEBUG:    [Call to Bot API endpoint `sendDocument` finished with return value `{'message_id': 929, 'from': {'id': 6030805959, 'is_bot': True, 'first_name': 'TyPHoone', 'username': 'TyPHoone_Project_bot'}, 'chat': {'id': -4119703192, 'title': 'Robocop', 'type': 'group', 'all_members_are_administrators': True}, 'date': 1721734687, 'document': {'file_name': '(2024_07_23--11_37).log', 'mime_type': 'text/plain', 'file_id': 'BQACAgQAAxkDAAIDoWaflh-_IPVsZvED3IxSwvuE7GutAAK4FAACpxn5UOa-2rJgF8QBNQQ', 'file_unique_id': 'AgADuBQAAqcZ-VA', 'file_size': 5910}}`]
[2024-07-23 11:38:07,696]: [_trace.py]: atrace: 85:       DEBUG:    [close.started]
[2024-07-23 11:38:07,696]: [_trace.py]: atrace: 85:       DEBUG:    [close.complete]
[2024-07-23 11:38:07,697]: [_config.py]: load_ssl_context: 80:       DEBUG:    [load_ssl_context verify=True cert=None trust_env=True http2=False]
[2024-07-23 11:38:07,697]: [_config.py]: load_ssl_context_verify: 146:       DEBUG:    [load_verify_locations cafile='/opt/hostedtoolcache/Python/3.12.4/x64/lib/python3.12/site-packages/certifi/cacert.pem']
[2024-07-23 11:38:07,726]: [_config.py]: load_ssl_context: 80:       DEBUG:    [load_ssl_context verify=True cert=None trust_env=True http2=False]
[2024-07-23 11:38:07,726]: [_config.py]: load_ssl_context_verify: 146:       DEBUG:    [load_verify_locations cafile='/opt/hostedtoolcache/Python/3.12.4/x64/lib/python3.12/site-packages/certifi/cacert.pem']
[2024-07-23 11:38:07,754]: [_bot.py]: _do_post: 643:       DEBUG:    [Calling Bot API endpoint `getMe` with parameters `{}`]
[2024-07-23 11:38:07,754]: [_trace.py]: atrace: 85:       DEBUG:    [connect_tcp.started host='api.telegram.org' port=443 local_address=None timeout=5.0 socket_options=None]
[2024-07-23 11:38:07,857]: [_trace.py]: atrace: 85:       DEBUG:    [connect_tcp.complete return_value=<httpcore._backends.anyio.AnyIOStream object at 0x7fee39518320>]
[2024-07-23 11:38:07,857]: [_trace.py]: atrace: 85:       DEBUG:    [start_tls.started ssl_context=<ssl.SSLContext object at 0x7fee39332850> server_hostname='api.telegram.org' timeout=5.0]
[2024-07-23 11:38:07,959]: [_trace.py]: atrace: 85:       DEBUG:    [start_tls.complete return_value=<httpcore._backends.anyio.AnyIOStream object at 0x7fee469c93a0>]
[2024-07-23 11:38:07,960]: [_trace.py]: atrace: 85:       DEBUG:    [send_request_headers.started request=<Request [b'POST']>]
[2024-07-23 11:38:07,960]: [_trace.py]: atrace: 85:       DEBUG:    [send_request_headers.complete]
[2024-07-23 11:38:07,960]: [_trace.py]: atrace: 85:       DEBUG:    [send_request_body.started request=<Request [b'POST']>]
[2024-07-23 11:38:07,960]: [_trace.py]: atrace: 85:       DEBUG:    [send_request_body.complete]
[2024-07-23 11:38:07,960]: [_trace.py]: atrace: 85:       DEBUG:    [receive_response_headers.started request=<Request [b'POST']>]
[2024-07-23 11:38:08,061]: [_trace.py]: atrace: 85:       DEBUG:    [receive_response_headers.complete return_value=(b'HTTP/1.1', 200, b'OK', [(b'Server', b'nginx/1.18.0'), (b'Date', b'Tue, 23 Jul 2024 11:38:08 GMT'), (b'Content-Type', b'application/json'), (b'Content-Length', b'233'), (b'Connection', b'keep-alive'), (b'Strict-Transport-Security', b'max-age=31536000; includeSubDomains; preload'), (b'Access-Control-Allow-Origin', b'*'), (b'Access-Control-Allow-Methods', b'GET, POST, OPTIONS'), (b'Access-Control-Expose-Headers', b'Content-Length,Content-Type,Date,Server,Connection')])]
[2024-07-23 11:38:08,061]: [_client.py]: _send_single_request: 1773:       INFO:    [HTTP Request: POST https://api.telegram.org/bot6030805959:AAGUHAMxLYc-PrevgKouJ3ZyM7ktu56ftjo/getMe "HTTP/1.1 200 OK"]
[2024-07-23 11:38:08,061]: [_trace.py]: atrace: 85:       DEBUG:    [receive_response_body.started request=<Request [b'POST']>]
[2024-07-23 11:38:08,061]: [_trace.py]: atrace: 85:       DEBUG:    [receive_response_body.complete]
[2024-07-23 11:38:08,061]: [_trace.py]: atrace: 85:       DEBUG:    [response_closed.started]
[2024-07-23 11:38:08,061]: [_trace.py]: atrace: 85:       DEBUG:    [response_closed.complete]
[2024-07-23 11:38:08,061]: [_bot.py]: _do_post: 652:       DEBUG:    [Call to Bot API endpoint `getMe` finished with return value `{'id': 6030805959, 'is_bot': True, 'first_name': 'TyPHoone', 'username': 'TyPHoone_Project_bot', 'can_join_groups': True, 'can_read_all_group_messages': False, 'supports_inline_queries': False, 'can_connect_to_business': False}`]
[2024-07-23 11:38:08,064]: [_bot.py]: _do_post: 643:       DEBUG:    [Calling Bot API endpoint `sendDocument` with parameters `{'chat_id': '-4119703192', 'document': <telegram._files.inputfile.InputFile object at 0x7fee38ea1a00>}`]
[2024-07-23 11:38:08,064]: [_trace.py]: atrace: 85:       DEBUG:    [send_request_headers.started request=<Request [b'POST']>]
[2024-07-23 11:38:08,064]: [_trace.py]: atrace: 85:       DEBUG:    [send_request_headers.complete]
[2024-07-23 11:38:08,064]: [_trace.py]: atrace: 85:       DEBUG:    [send_request_body.started request=<Request [b'POST']>]
[2024-07-23 11:38:09,067]: [_trace.py]: atrace: 85:       DEBUG:    [send_request_body.complete]
[2024-07-23 11:38:09,067]: [_trace.py]: atrace: 85:       DEBUG:    [receive_response_headers.started request=<Request [b'POST']>]
[2024-07-23 11:38:10,167]: [_trace.py]: atrace: 85:       DEBUG:    [receive_response_headers.complete return_value=(b'HTTP/1.1', 200, b'OK', [(b'Server', b'nginx/1.18.0'), (b'Date', b'Tue, 23 Jul 2024 11:38:10 GMT'), (b'Content-Type', b'application/json'), (b'Content-Length', b'477'), (b'Connection', b'keep-alive'), (b'Strict-Transport-Security', b'max-age=31536000; includeSubDomains; preload'), (b'Access-Control-Allow-Origin', b'*'), (b'Access-Control-Allow-Methods', b'GET, POST, OPTIONS'), (b'Access-Control-Expose-Headers', b'Content-Length,Content-Type,Date,Server,Connection')])]
[2024-07-23 11:38:10,168]: [_client.py]: _send_single_request: 1773:       INFO:    [HTTP Request: POST https://api.telegram.org/bot6030805959:AAGUHAMxLYc-PrevgKouJ3ZyM7ktu56ftjo/sendDocument "HTTP/1.1 200 OK"]
[2024-07-23 11:38:10,168]: [_trace.py]: atrace: 85:       DEBUG:    [receive_response_body.started request=<Request [b'POST']>]
[2024-07-23 11:38:10,168]: [_trace.py]: atrace: 85:       DEBUG:    [receive_response_body.complete]
[2024-07-23 11:38:10,168]: [_trace.py]: atrace: 85:       DEBUG:    [response_closed.started]
[2024-07-23 11:38:10,168]: [_trace.py]: atrace: 85:       DEBUG:    [response_closed.complete]
[2024-07-23 11:38:10,168]: [_bot.py]: _do_post: 652:       DEBUG:    [Call to Bot API endpoint `sendDocument` finished with return value `{'message_id': 930, 'from': {'id': 6030805959, 'is_bot': True, 'first_name': 'TyPHoone', 'username': 'TyPHoone_Project_bot'}, 'chat': {'id': -4119703192, 'title': 'Robocop', 'type': 'group', 'all_members_are_administrators': True}, 'date': 1721734690, 'document': {'file_name': '(2024_07_23--11_37)output.zip', 'mime_type': 'application/zip', 'file_id': 'BQACAgQAAxkDAAIDomafliG0oDOs7xdSal2A8-HNRTLDAAK5FAACpxn5UA7eQpp-X29gNQQ', 'file_unique_id': 'AgADuRQAAqcZ-VA', 'file_size': 9889676}}`]
[2024-07-23 11:38:10,169]: [_trace.py]: atrace: 85:       DEBUG:    [close.started]
[2024-07-23 11:38:10,169]: [_trace.py]: atrace: 85:       DEBUG:    [close.complete]
[2024-07-23 11:38:10,169]: [Telegram_Sender.py]: runner: 61:       INFO:    [sent successfully]
[2024-07-23 11:38:10,170]: [Main.py]: <module>: 48:       INFO:    [Finished]
