[2025-01-05 11:38:56,834]: [Main.py]: <module>: 21:       INFO:    [Started]
[2025-01-05 11:38:59,204]: [Iron_Scraper.py]: Scrap: 32:       INFO:    [Data Scaraped Successfully]
[2025-01-05 11:38:59,251]: [Iron_Scraper.py]: Scrap: 70:       INFO:    [Scrapped Data Has No Problem]
[2025-01-05 11:38:59,251]: [Iron_Scraper.py]: Scrap: 83:       INFO:    [Data Saved Successfully]
[2025-01-05 11:38:59,251]: [Iron.py]: Run: 26:       INFO:    [Scraping Phase Completed]
[2025-01-05 11:38:59,252]: [Iron_Data_Processor.py]: Data_Reader: 61:       INFO:    [Data File Has Been Red Successfully]
[2025-01-05 11:38:59,252]: [Iron_Data_Processor.py]: Shaper: 78:       INFO:    [Data Shaped]
[2025-01-05 11:38:59,252]: [Iron_Data_Processor.py]: Process: 228:       INFO:    [Data Cleaned]
[2025-01-05 11:38:59,252]: [Iron_Data_Processor.py]: Make_Pages_Objects: 101:       INFO:    [Page Objects Has Been Made]
[2025-01-05 11:38:59,252]: [Iron_Data_Processor.py]: Make_Pages_Objects: 101:       INFO:    [Page Objects Has Been Made]
[2025-01-05 11:38:59,252]: [Iron_Data_Processor.py]: Load_Data: 118:       INFO:    [Data Has Been Load]
[2025-01-05 11:38:59,252]: [Iron_Data_Processor.py]: Load_Data: 118:       INFO:    [Data Has Been Load]
[2025-01-05 11:38:59,252]: [Iron_Data_Processor.py]: Load_positions: 140:       INFO:    [Positions Are Ready]
[2025-01-05 11:38:59,252]: [Iron_Data_Processor.py]: Load_positions: 140:       INFO:    [Positions Are Ready]
[2025-01-05 11:39:00,314]: [Iron_Data_Processor.py]: Make_Tagged_Images: 193:       INFO:    [Images Has Been Made]
[2025-01-05 11:39:01,207]: [Iron_Data_Processor.py]: Make_Tagged_Images: 193:       INFO:    [Images Has Been Made]
[2025-01-05 11:39:01,462]: [Iron_Data_Processor.py]: Make_Cover_Page: 215:       INFO:    [Made Cover Pages]
[2025-01-05 11:39:01,462]: [Iron.py]: Run: 29:       INFO:    [Imagination Phase Completed]
[2025-01-05 11:39:05,624]: [Phone_Scraper.py]: Scrap: 58:       INFO:    [Data Scraped]
[2025-01-05 11:39:05,624]: [Phone_Scraper.py]: Scrap: 71:       INFO:    [Scraped Data Successfully]
[2025-01-05 11:39:05,624]: [Phone.py]: Run: 26:       INFO:    [Scraping Phase Complete]
[2025-01-05 11:39:05,625]: [Phone_Data_Processor.py]: data_reader: 38:       INFO:    [Scraped Data Loaded]
[2025-01-05 11:39:05,626]: [Phone_Data_Processor.py]: filter_list: 65:       INFO:    [Persian Phrases Are deleted]
[2025-01-05 11:39:05,626]: [Phone_Data_Processor.py]: reshape_list: 87:       INFO:    [Date Reshaped]
[2025-01-05 11:39:05,626]: [Phone_Data_Processor.py]: separate_brands: 124:       INFO:    [Brands Are Separated]
[2025-01-05 11:39:05,627]: [Phone_Data_Processor.py]: delete_extra_spaces: 141:       INFO:    [Extra Spaces Are Deleted]
[2025-01-05 11:39:06,364]: [Phone.py]: Run: 29:       INFO:    [Imagination Phase Complete]
[2025-01-05 11:39:06,364]: [selector_events.py]: __init__: 64:       DEBUG:    [Using selector: EpollSelector]
[2025-01-05 11:39:06,634]: [_bot.py]: _do_post: 643:       DEBUG:    [Calling Bot API endpoint `getMe` with parameters `{}`]
[2025-01-05 11:39:06,638]: [_trace.py]: atrace: 87:       DEBUG:    [connect_tcp.started host='api.telegram.org' port=443 local_address=None timeout=5.0 socket_options=None]
[2025-01-05 11:39:06,815]: [_trace.py]: atrace: 87:       DEBUG:    [connect_tcp.complete return_value=<httpcore._backends.anyio.AnyIOStream object at 0x7ff1c56807d0>]
[2025-01-05 11:39:06,815]: [_trace.py]: atrace: 87:       DEBUG:    [start_tls.started ssl_context=<ssl.SSLContext object at 0x7ff1c5d1aa50> server_hostname='api.telegram.org' timeout=5.0]
[2025-01-05 11:39:06,955]: [_trace.py]: atrace: 87:       DEBUG:    [start_tls.complete return_value=<httpcore._backends.anyio.AnyIOStream object at 0x7ff1c6621640>]
[2025-01-05 11:39:06,955]: [_trace.py]: atrace: 87:       DEBUG:    [send_request_headers.started request=<Request [b'POST']>]
[2025-01-05 11:39:06,956]: [_trace.py]: atrace: 87:       DEBUG:    [send_request_headers.complete]
[2025-01-05 11:39:06,956]: [_trace.py]: atrace: 87:       DEBUG:    [send_request_body.started request=<Request [b'POST']>]
[2025-01-05 11:39:06,956]: [_trace.py]: atrace: 87:       DEBUG:    [send_request_body.complete]
[2025-01-05 11:39:06,956]: [_trace.py]: atrace: 87:       DEBUG:    [receive_response_headers.started request=<Request [b'POST']>]
[2025-01-05 11:39:07,094]: [_trace.py]: atrace: 87:       DEBUG:    [receive_response_headers.complete return_value=(b'HTTP/1.1', 200, b'OK', [(b'Server', b'nginx/1.18.0'), (b'Date', b'Sun, 05 Jan 2025 11:39:07 GMT'), (b'Content-Type', b'application/json'), (b'Content-Length', b'258'), (b'Connection', b'keep-alive'), (b'Strict-Transport-Security', b'max-age=31536000; includeSubDomains; preload'), (b'Access-Control-Allow-Origin', b'*'), (b'Access-Control-Allow-Methods', b'GET, POST, OPTIONS'), (b'Access-Control-Expose-Headers', b'Content-Length,Content-Type,Date,Server,Connection')])]
[2025-01-05 11:39:07,095]: [_client.py]: _send_single_request: 1740:       INFO:    [HTTP Request: POST https://api.telegram.org/bot6030805959:AAGUHAMxLYc-PrevgKouJ3ZyM7ktu56ftjo/getMe "HTTP/1.1 200 OK"]
[2025-01-05 11:39:07,095]: [_trace.py]: atrace: 87:       DEBUG:    [receive_response_body.started request=<Request [b'POST']>]
[2025-01-05 11:39:07,095]: [_trace.py]: atrace: 87:       DEBUG:    [receive_response_body.complete]
[2025-01-05 11:39:07,095]: [_trace.py]: atrace: 87:       DEBUG:    [response_closed.started]
[2025-01-05 11:39:07,095]: [_trace.py]: atrace: 87:       DEBUG:    [response_closed.complete]
[2025-01-05 11:39:07,095]: [_bot.py]: _do_post: 652:       DEBUG:    [Call to Bot API endpoint `getMe` finished with return value `{'id': 6030805959, 'is_bot': True, 'first_name': 'TyPHoone', 'username': 'TyPHoone_Project_bot', 'can_join_groups': True, 'can_read_all_group_messages': False, 'supports_inline_queries': False, 'can_connect_to_business': False, 'has_main_web_app': False}`]
[2025-01-05 11:39:07,099]: [_bot.py]: _do_post: 643:       DEBUG:    [Calling Bot API endpoint `sendDocument` with parameters `{'chat_id': '-4119703192', 'document': <telegram._files.inputfile.InputFile object at 0x7ff1c5541440>}`]
[2025-01-05 11:39:07,099]: [_trace.py]: atrace: 87:       DEBUG:    [send_request_headers.started request=<Request [b'POST']>]
[2025-01-05 11:39:07,100]: [_trace.py]: atrace: 87:       DEBUG:    [send_request_headers.complete]
[2025-01-05 11:39:07,100]: [_trace.py]: atrace: 87:       DEBUG:    [send_request_body.started request=<Request [b'POST']>]
[2025-01-05 11:39:07,100]: [_trace.py]: atrace: 87:       DEBUG:    [send_request_body.complete]
[2025-01-05 11:39:07,100]: [_trace.py]: atrace: 87:       DEBUG:    [receive_response_headers.started request=<Request [b'POST']>]
[2025-01-05 11:39:07,398]: [_trace.py]: atrace: 87:       DEBUG:    [receive_response_headers.complete return_value=(b'HTTP/1.1', 200, b'OK', [(b'Server', b'nginx/1.18.0'), (b'Date', b'Sun, 05 Jan 2025 11:39:07 GMT'), (b'Content-Type', b'application/json'), (b'Content-Length', b'464'), (b'Connection', b'keep-alive'), (b'Strict-Transport-Security', b'max-age=31536000; includeSubDomains; preload'), (b'Access-Control-Allow-Origin', b'*'), (b'Access-Control-Allow-Methods', b'GET, POST, OPTIONS'), (b'Access-Control-Expose-Headers', b'Content-Length,Content-Type,Date,Server,Connection')])]
[2025-01-05 11:39:07,399]: [_client.py]: _send_single_request: 1740:       INFO:    [HTTP Request: POST https://api.telegram.org/bot6030805959:AAGUHAMxLYc-PrevgKouJ3ZyM7ktu56ftjo/sendDocument "HTTP/1.1 200 OK"]
[2025-01-05 11:39:07,399]: [_trace.py]: atrace: 87:       DEBUG:    [receive_response_body.started request=<Request [b'POST']>]
[2025-01-05 11:39:07,399]: [_trace.py]: atrace: 87:       DEBUG:    [receive_response_body.complete]
[2025-01-05 11:39:07,399]: [_trace.py]: atrace: 87:       DEBUG:    [response_closed.started]
[2025-01-05 11:39:07,399]: [_trace.py]: atrace: 87:       DEBUG:    [response_closed.complete]
[2025-01-05 11:39:07,399]: [_bot.py]: _do_post: 652:       DEBUG:    [Call to Bot API endpoint `sendDocument` finished with return value `{'message_id': 2093, 'from': {'id': 6030805959, 'is_bot': True, 'first_name': 'TyPHoone', 'username': 'TyPHoone_Project_bot'}, 'chat': {'id': -4119703192, 'title': 'Robocop', 'type': 'group', 'all_members_are_administrators': True}, 'date': 1736077147, 'document': {'file_name': '(2025_01_05--11_38).log', 'mime_type': 'text/plain', 'file_id': 'BQACAgQAAxkDAAIILWd6b1ti13BTgh4N0ZK5IN7pYrjJAALxFAACVY_ZU-A4HmPeOGEnNgQ', 'file_unique_id': 'AgAD8RQAAlWP2VM', 'file_size': 5937}}`]
[2025-01-05 11:39:07,400]: [_trace.py]: atrace: 87:       DEBUG:    [close.started]
[2025-01-05 11:39:07,400]: [_trace.py]: atrace: 87:       DEBUG:    [close.complete]
[2025-01-05 11:39:07,444]: [_bot.py]: _do_post: 643:       DEBUG:    [Calling Bot API endpoint `getMe` with parameters `{}`]
[2025-01-05 11:39:07,445]: [_trace.py]: atrace: 87:       DEBUG:    [connect_tcp.started host='api.telegram.org' port=443 local_address=None timeout=5.0 socket_options=None]
[2025-01-05 11:39:07,588]: [_trace.py]: atrace: 87:       DEBUG:    [connect_tcp.complete return_value=<httpcore._backends.anyio.AnyIOStream object at 0x7ff1c5698620>]
[2025-01-05 11:39:07,588]: [_trace.py]: atrace: 87:       DEBUG:    [start_tls.started ssl_context=<ssl.SSLContext object at 0x7ff1c5d1a850> server_hostname='api.telegram.org' timeout=5.0]
[2025-01-05 11:39:07,735]: [_trace.py]: atrace: 87:       DEBUG:    [start_tls.complete return_value=<httpcore._backends.anyio.AnyIOStream object at 0x7ff1c5bd75f0>]
[2025-01-05 11:39:07,735]: [_trace.py]: atrace: 87:       DEBUG:    [send_request_headers.started request=<Request [b'POST']>]
[2025-01-05 11:39:07,735]: [_trace.py]: atrace: 87:       DEBUG:    [send_request_headers.complete]
[2025-01-05 11:39:07,735]: [_trace.py]: atrace: 87:       DEBUG:    [send_request_body.started request=<Request [b'POST']>]
[2025-01-05 11:39:07,735]: [_trace.py]: atrace: 87:       DEBUG:    [send_request_body.complete]
[2025-01-05 11:39:07,735]: [_trace.py]: atrace: 87:       DEBUG:    [receive_response_headers.started request=<Request [b'POST']>]
[2025-01-05 11:39:07,878]: [_trace.py]: atrace: 87:       DEBUG:    [receive_response_headers.complete return_value=(b'HTTP/1.1', 200, b'OK', [(b'Server', b'nginx/1.18.0'), (b'Date', b'Sun, 05 Jan 2025 11:39:07 GMT'), (b'Content-Type', b'application/json'), (b'Content-Length', b'258'), (b'Connection', b'keep-alive'), (b'Strict-Transport-Security', b'max-age=31536000; includeSubDomains; preload'), (b'Access-Control-Allow-Origin', b'*'), (b'Access-Control-Allow-Methods', b'GET, POST, OPTIONS'), (b'Access-Control-Expose-Headers', b'Content-Length,Content-Type,Date,Server,Connection')])]
[2025-01-05 11:39:07,878]: [_client.py]: _send_single_request: 1740:       INFO:    [HTTP Request: POST https://api.telegram.org/bot6030805959:AAGUHAMxLYc-PrevgKouJ3ZyM7ktu56ftjo/getMe "HTTP/1.1 200 OK"]
[2025-01-05 11:39:07,878]: [_trace.py]: atrace: 87:       DEBUG:    [receive_response_body.started request=<Request [b'POST']>]
[2025-01-05 11:39:07,878]: [_trace.py]: atrace: 87:       DEBUG:    [receive_response_body.complete]
[2025-01-05 11:39:07,878]: [_trace.py]: atrace: 87:       DEBUG:    [response_closed.started]
[2025-01-05 11:39:07,879]: [_trace.py]: atrace: 87:       DEBUG:    [response_closed.complete]
[2025-01-05 11:39:07,879]: [_bot.py]: _do_post: 652:       DEBUG:    [Call to Bot API endpoint `getMe` finished with return value `{'id': 6030805959, 'is_bot': True, 'first_name': 'TyPHoone', 'username': 'TyPHoone_Project_bot', 'can_join_groups': True, 'can_read_all_group_messages': False, 'supports_inline_queries': False, 'can_connect_to_business': False, 'has_main_web_app': False}`]
[2025-01-05 11:39:07,881]: [_bot.py]: _do_post: 643:       DEBUG:    [Calling Bot API endpoint `sendDocument` with parameters `{'chat_id': '-4119703192', 'document': <telegram._files.inputfile.InputFile object at 0x7ff1c66be7c0>}`]
[2025-01-05 11:39:07,882]: [_trace.py]: atrace: 87:       DEBUG:    [send_request_headers.started request=<Request [b'POST']>]
[2025-01-05 11:39:07,882]: [_trace.py]: atrace: 87:       DEBUG:    [send_request_headers.complete]
[2025-01-05 11:39:07,882]: [_trace.py]: atrace: 87:       DEBUG:    [send_request_body.started request=<Request [b'POST']>]
[2025-01-05 11:39:09,187]: [_trace.py]: atrace: 87:       DEBUG:    [send_request_body.complete]
[2025-01-05 11:39:09,187]: [_trace.py]: atrace: 87:       DEBUG:    [receive_response_headers.started request=<Request [b'POST']>]
[2025-01-05 11:39:10,186]: [_trace.py]: atrace: 87:       DEBUG:    [receive_response_headers.complete return_value=(b'HTTP/1.1', 200, b'OK', [(b'Server', b'nginx/1.18.0'), (b'Date', b'Sun, 05 Jan 2025 11:39:10 GMT'), (b'Content-Type', b'application/json'), (b'Content-Length', b'478'), (b'Connection', b'keep-alive'), (b'Strict-Transport-Security', b'max-age=31536000; includeSubDomains; preload'), (b'Access-Control-Allow-Origin', b'*'), (b'Access-Control-Allow-Methods', b'GET, POST, OPTIONS'), (b'Access-Control-Expose-Headers', b'Content-Length,Content-Type,Date,Server,Connection')])]
[2025-01-05 11:39:10,187]: [_client.py]: _send_single_request: 1740:       INFO:    [HTTP Request: POST https://api.telegram.org/bot6030805959:AAGUHAMxLYc-PrevgKouJ3ZyM7ktu56ftjo/sendDocument "HTTP/1.1 200 OK"]
[2025-01-05 11:39:10,187]: [_trace.py]: atrace: 87:       DEBUG:    [receive_response_body.started request=<Request [b'POST']>]
[2025-01-05 11:39:10,187]: [_trace.py]: atrace: 87:       DEBUG:    [receive_response_body.complete]
[2025-01-05 11:39:10,187]: [_trace.py]: atrace: 87:       DEBUG:    [response_closed.started]
[2025-01-05 11:39:10,187]: [_trace.py]: atrace: 87:       DEBUG:    [response_closed.complete]
[2025-01-05 11:39:10,187]: [_bot.py]: _do_post: 652:       DEBUG:    [Call to Bot API endpoint `sendDocument` finished with return value `{'message_id': 2094, 'from': {'id': 6030805959, 'is_bot': True, 'first_name': 'TyPHoone', 'username': 'TyPHoone_Project_bot'}, 'chat': {'id': -4119703192, 'title': 'Robocop', 'type': 'group', 'all_members_are_administrators': True}, 'date': 1736077150, 'document': {'file_name': '(2025_01_05--11_38)output.zip', 'mime_type': 'application/zip', 'file_id': 'BQACAgQAAxkDAAIILmd6b11uKpfDBQ-eU3SgTMJNyJ4wAALyFAACVY_ZU2WqnUeaVKDmNgQ', 'file_unique_id': 'AgAD8hQAAlWP2VM', 'file_size': 9809286}}`]
[2025-01-05 11:39:10,188]: [_trace.py]: atrace: 87:       DEBUG:    [close.started]
[2025-01-05 11:39:10,188]: [_trace.py]: atrace: 87:       DEBUG:    [close.complete]
[2025-01-05 11:39:10,188]: [Telegram_Sender.py]: runner: 61:       INFO:    [sent successfully]
[2025-01-05 11:39:10,188]: [Main.py]: <module>: 48:       INFO:    [Finished]
