[2024-12-07 11:39:11,312]: [Main.py]: <module>: 21:       INFO:    [Started]
[2024-12-07 11:39:13,124]: [Iron_Scraper.py]: Scrap: 32:       INFO:    [Data Scaraped Successfully]
[2024-12-07 11:39:13,179]: [Iron_Scraper.py]: Scrap: 70:       INFO:    [Scrapped Data Has No Problem]
[2024-12-07 11:39:13,179]: [Iron_Scraper.py]: Scrap: 83:       INFO:    [Data Saved Successfully]
[2024-12-07 11:39:13,179]: [Iron.py]: Run: 26:       INFO:    [Scraping Phase Completed]
[2024-12-07 11:39:13,180]: [Iron_Data_Processor.py]: Data_Reader: 61:       INFO:    [Data File Has Been Red Successfully]
[2024-12-07 11:39:13,180]: [Iron_Data_Processor.py]: Shaper: 78:       INFO:    [Data Shaped]
[2024-12-07 11:39:13,180]: [Iron_Data_Processor.py]: Process: 228:       INFO:    [Data Cleaned]
[2024-12-07 11:39:13,180]: [Iron_Data_Processor.py]: Make_Pages_Objects: 101:       INFO:    [Page Objects Has Been Made]
[2024-12-07 11:39:13,180]: [Iron_Data_Processor.py]: Make_Pages_Objects: 101:       INFO:    [Page Objects Has Been Made]
[2024-12-07 11:39:13,180]: [Iron_Data_Processor.py]: Load_Data: 118:       INFO:    [Data Has Been Load]
[2024-12-07 11:39:13,180]: [Iron_Data_Processor.py]: Load_Data: 118:       INFO:    [Data Has Been Load]
[2024-12-07 11:39:13,180]: [Iron_Data_Processor.py]: Load_positions: 140:       INFO:    [Positions Are Ready]
[2024-12-07 11:39:13,180]: [Iron_Data_Processor.py]: Load_positions: 140:       INFO:    [Positions Are Ready]
[2024-12-07 11:39:14,257]: [Iron_Data_Processor.py]: Make_Tagged_Images: 193:       INFO:    [Images Has Been Made]
[2024-12-07 11:39:15,165]: [Iron_Data_Processor.py]: Make_Tagged_Images: 193:       INFO:    [Images Has Been Made]
[2024-12-07 11:39:15,420]: [Iron_Data_Processor.py]: Make_Cover_Page: 215:       INFO:    [Made Cover Pages]
[2024-12-07 11:39:15,420]: [Iron.py]: Run: 29:       INFO:    [Imagination Phase Completed]
[2024-12-07 11:39:19,210]: [Phone_Scraper.py]: Scrap: 58:       INFO:    [Data Scraped]
[2024-12-07 11:39:19,210]: [Phone_Scraper.py]: Scrap: 71:       INFO:    [Scraped Data Successfully]
[2024-12-07 11:39:19,210]: [Phone.py]: Run: 26:       INFO:    [Scraping Phase Complete]
[2024-12-07 11:39:19,210]: [Phone_Data_Processor.py]: data_reader: 38:       INFO:    [Scraped Data Loaded]
[2024-12-07 11:39:19,212]: [Phone_Data_Processor.py]: filter_list: 65:       INFO:    [Persian Phrases Are deleted]
[2024-12-07 11:39:19,212]: [Phone_Data_Processor.py]: reshape_list: 87:       INFO:    [Date Reshaped]
[2024-12-07 11:39:19,212]: [Phone_Data_Processor.py]: separate_brands: 124:       INFO:    [Brands Are Separated]
[2024-12-07 11:39:19,213]: [Phone_Data_Processor.py]: delete_extra_spaces: 141:       INFO:    [Extra Spaces Are Deleted]
[2024-12-07 11:39:19,978]: [Phone.py]: Run: 29:       INFO:    [Imagination Phase Complete]
[2024-12-07 11:39:19,978]: [selector_events.py]: __init__: 64:       DEBUG:    [Using selector: EpollSelector]
[2024-12-07 11:39:20,310]: [_bot.py]: _do_post: 643:       DEBUG:    [Calling Bot API endpoint `getMe` with parameters `{}`]
[2024-12-07 11:39:20,316]: [_trace.py]: atrace: 87:       DEBUG:    [connect_tcp.started host='api.telegram.org' port=443 local_address=None timeout=5.0 socket_options=None]
[2024-12-07 11:39:20,536]: [_trace.py]: atrace: 87:       DEBUG:    [connect_tcp.complete return_value=<httpcore._backends.anyio.AnyIOStream object at 0x7f42e51f6330>]
[2024-12-07 11:39:20,536]: [_trace.py]: atrace: 87:       DEBUG:    [start_tls.started ssl_context=<ssl.SSLContext object at 0x7f42e58369d0> server_hostname='api.telegram.org' timeout=5.0]
[2024-12-07 11:39:20,639]: [_trace.py]: atrace: 87:       DEBUG:    [start_tls.complete return_value=<httpcore._backends.anyio.AnyIOStream object at 0x7f42e627b380>]
[2024-12-07 11:39:20,639]: [_trace.py]: atrace: 87:       DEBUG:    [send_request_headers.started request=<Request [b'POST']>]
[2024-12-07 11:39:20,640]: [_trace.py]: atrace: 87:       DEBUG:    [send_request_headers.complete]
[2024-12-07 11:39:20,640]: [_trace.py]: atrace: 87:       DEBUG:    [send_request_body.started request=<Request [b'POST']>]
[2024-12-07 11:39:20,640]: [_trace.py]: atrace: 87:       DEBUG:    [send_request_body.complete]
[2024-12-07 11:39:20,640]: [_trace.py]: atrace: 87:       DEBUG:    [receive_response_headers.started request=<Request [b'POST']>]
[2024-12-07 11:39:20,741]: [_trace.py]: atrace: 87:       DEBUG:    [receive_response_headers.complete return_value=(b'HTTP/1.1', 200, b'OK', [(b'Server', b'nginx/1.18.0'), (b'Date', b'Sat, 07 Dec 2024 11:39:20 GMT'), (b'Content-Type', b'application/json'), (b'Content-Length', b'258'), (b'Connection', b'keep-alive'), (b'Strict-Transport-Security', b'max-age=31536000; includeSubDomains; preload'), (b'Access-Control-Allow-Origin', b'*'), (b'Access-Control-Allow-Methods', b'GET, POST, OPTIONS'), (b'Access-Control-Expose-Headers', b'Content-Length,Content-Type,Date,Server,Connection')])]
[2024-12-07 11:39:20,741]: [_client.py]: _send_single_request: 1740:       INFO:    [HTTP Request: POST https://api.telegram.org/bot6030805959:AAGUHAMxLYc-PrevgKouJ3ZyM7ktu56ftjo/getMe "HTTP/1.1 200 OK"]
[2024-12-07 11:39:20,741]: [_trace.py]: atrace: 87:       DEBUG:    [receive_response_body.started request=<Request [b'POST']>]
[2024-12-07 11:39:20,742]: [_trace.py]: atrace: 87:       DEBUG:    [receive_response_body.complete]
[2024-12-07 11:39:20,742]: [_trace.py]: atrace: 87:       DEBUG:    [response_closed.started]
[2024-12-07 11:39:20,742]: [_trace.py]: atrace: 87:       DEBUG:    [response_closed.complete]
[2024-12-07 11:39:20,742]: [_bot.py]: _do_post: 652:       DEBUG:    [Call to Bot API endpoint `getMe` finished with return value `{'id': 6030805959, 'is_bot': True, 'first_name': 'TyPHoone', 'username': 'TyPHoone_Project_bot', 'can_join_groups': True, 'can_read_all_group_messages': False, 'supports_inline_queries': False, 'can_connect_to_business': False, 'has_main_web_app': False}`]
[2024-12-07 11:39:20,746]: [_bot.py]: _do_post: 643:       DEBUG:    [Calling Bot API endpoint `sendDocument` with parameters `{'chat_id': '-4119703192', 'document': <telegram._files.inputfile.InputFile object at 0x7f42e555df00>}`]
[2024-12-07 11:39:20,746]: [_trace.py]: atrace: 87:       DEBUG:    [send_request_headers.started request=<Request [b'POST']>]
[2024-12-07 11:39:20,747]: [_trace.py]: atrace: 87:       DEBUG:    [send_request_headers.complete]
[2024-12-07 11:39:20,747]: [_trace.py]: atrace: 87:       DEBUG:    [send_request_body.started request=<Request [b'POST']>]
[2024-12-07 11:39:20,747]: [_trace.py]: atrace: 87:       DEBUG:    [send_request_body.complete]
[2024-12-07 11:39:20,747]: [_trace.py]: atrace: 87:       DEBUG:    [receive_response_headers.started request=<Request [b'POST']>]
[2024-12-07 11:39:21,024]: [_trace.py]: atrace: 87:       DEBUG:    [receive_response_headers.complete return_value=(b'HTTP/1.1', 200, b'OK', [(b'Server', b'nginx/1.18.0'), (b'Date', b'Sat, 07 Dec 2024 11:39:20 GMT'), (b'Content-Type', b'application/json'), (b'Content-Length', b'464'), (b'Connection', b'keep-alive'), (b'Strict-Transport-Security', b'max-age=31536000; includeSubDomains; preload'), (b'Access-Control-Allow-Origin', b'*'), (b'Access-Control-Allow-Methods', b'GET, POST, OPTIONS'), (b'Access-Control-Expose-Headers', b'Content-Length,Content-Type,Date,Server,Connection')])]
[2024-12-07 11:39:21,024]: [_client.py]: _send_single_request: 1740:       INFO:    [HTTP Request: POST https://api.telegram.org/bot6030805959:AAGUHAMxLYc-PrevgKouJ3ZyM7ktu56ftjo/sendDocument "HTTP/1.1 200 OK"]
[2024-12-07 11:39:21,024]: [_trace.py]: atrace: 87:       DEBUG:    [receive_response_body.started request=<Request [b'POST']>]
[2024-12-07 11:39:21,024]: [_trace.py]: atrace: 87:       DEBUG:    [receive_response_body.complete]
[2024-12-07 11:39:21,024]: [_trace.py]: atrace: 87:       DEBUG:    [response_closed.started]
[2024-12-07 11:39:21,024]: [_trace.py]: atrace: 87:       DEBUG:    [response_closed.complete]
[2024-12-07 11:39:21,025]: [_bot.py]: _do_post: 652:       DEBUG:    [Call to Bot API endpoint `sendDocument` finished with return value `{'message_id': 2034, 'from': {'id': 6030805959, 'is_bot': True, 'first_name': 'TyPHoone', 'username': 'TyPHoone_Project_bot'}, 'chat': {'id': -4119703192, 'title': 'Robocop', 'type': 'group', 'all_members_are_administrators': True}, 'date': 1733571560, 'document': {'file_name': '(2024_12_07--11_39).log', 'mime_type': 'text/plain', 'file_id': 'BQACAgQAAxkDAAIH8mdUM-i1hoAbE9xV6PLEbKYkMKa9AAIOFgACYB-hUpiiafyhU2TKNgQ', 'file_unique_id': 'AgADDhYAAmAfoVI', 'file_size': 5937}}`]
[2024-12-07 11:39:21,025]: [_trace.py]: atrace: 87:       DEBUG:    [close.started]
[2024-12-07 11:39:21,025]: [_trace.py]: atrace: 87:       DEBUG:    [close.complete]
[2024-12-07 11:39:21,081]: [_bot.py]: _do_post: 643:       DEBUG:    [Calling Bot API endpoint `getMe` with parameters `{}`]
[2024-12-07 11:39:21,081]: [_trace.py]: atrace: 87:       DEBUG:    [connect_tcp.started host='api.telegram.org' port=443 local_address=None timeout=5.0 socket_options=None]
[2024-12-07 11:39:21,184]: [_trace.py]: atrace: 87:       DEBUG:    [connect_tcp.complete return_value=<httpcore._backends.anyio.AnyIOStream object at 0x7f42e51a6960>]
[2024-12-07 11:39:21,184]: [_trace.py]: atrace: 87:       DEBUG:    [start_tls.started ssl_context=<ssl.SSLContext object at 0x7f42e58367d0> server_hostname='api.telegram.org' timeout=5.0]
[2024-12-07 11:39:21,288]: [_trace.py]: atrace: 87:       DEBUG:    [start_tls.complete return_value=<httpcore._backends.anyio.AnyIOStream object at 0x7f42e501b5c0>]
[2024-12-07 11:39:21,288]: [_trace.py]: atrace: 87:       DEBUG:    [send_request_headers.started request=<Request [b'POST']>]
[2024-12-07 11:39:21,288]: [_trace.py]: atrace: 87:       DEBUG:    [send_request_headers.complete]
[2024-12-07 11:39:21,289]: [_trace.py]: atrace: 87:       DEBUG:    [send_request_body.started request=<Request [b'POST']>]
[2024-12-07 11:39:21,289]: [_trace.py]: atrace: 87:       DEBUG:    [send_request_body.complete]
[2024-12-07 11:39:21,289]: [_trace.py]: atrace: 87:       DEBUG:    [receive_response_headers.started request=<Request [b'POST']>]
[2024-12-07 11:39:21,390]: [_trace.py]: atrace: 87:       DEBUG:    [receive_response_headers.complete return_value=(b'HTTP/1.1', 200, b'OK', [(b'Server', b'nginx/1.18.0'), (b'Date', b'Sat, 07 Dec 2024 11:39:21 GMT'), (b'Content-Type', b'application/json'), (b'Content-Length', b'258'), (b'Connection', b'keep-alive'), (b'Strict-Transport-Security', b'max-age=31536000; includeSubDomains; preload'), (b'Access-Control-Allow-Origin', b'*'), (b'Access-Control-Allow-Methods', b'GET, POST, OPTIONS'), (b'Access-Control-Expose-Headers', b'Content-Length,Content-Type,Date,Server,Connection')])]
[2024-12-07 11:39:21,390]: [_client.py]: _send_single_request: 1740:       INFO:    [HTTP Request: POST https://api.telegram.org/bot6030805959:AAGUHAMxLYc-PrevgKouJ3ZyM7ktu56ftjo/getMe "HTTP/1.1 200 OK"]
[2024-12-07 11:39:21,390]: [_trace.py]: atrace: 87:       DEBUG:    [receive_response_body.started request=<Request [b'POST']>]
[2024-12-07 11:39:21,390]: [_trace.py]: atrace: 87:       DEBUG:    [receive_response_body.complete]
[2024-12-07 11:39:21,390]: [_trace.py]: atrace: 87:       DEBUG:    [response_closed.started]
[2024-12-07 11:39:21,390]: [_trace.py]: atrace: 87:       DEBUG:    [response_closed.complete]
[2024-12-07 11:39:21,391]: [_bot.py]: _do_post: 652:       DEBUG:    [Call to Bot API endpoint `getMe` finished with return value `{'id': 6030805959, 'is_bot': True, 'first_name': 'TyPHoone', 'username': 'TyPHoone_Project_bot', 'can_join_groups': True, 'can_read_all_group_messages': False, 'supports_inline_queries': False, 'can_connect_to_business': False, 'has_main_web_app': False}`]
[2024-12-07 11:39:21,393]: [_bot.py]: _do_post: 643:       DEBUG:    [Calling Bot API endpoint `sendDocument` with parameters `{'chat_id': '-4119703192', 'document': <telegram._files.inputfile.InputFile object at 0x7f42e518b800>}`]
[2024-12-07 11:39:21,393]: [_trace.py]: atrace: 87:       DEBUG:    [send_request_headers.started request=<Request [b'POST']>]
[2024-12-07 11:39:21,394]: [_trace.py]: atrace: 87:       DEBUG:    [send_request_headers.complete]
[2024-12-07 11:39:21,394]: [_trace.py]: atrace: 87:       DEBUG:    [send_request_body.started request=<Request [b'POST']>]
[2024-12-07 11:39:22,375]: [_trace.py]: atrace: 87:       DEBUG:    [send_request_body.complete]
[2024-12-07 11:39:22,375]: [_trace.py]: atrace: 87:       DEBUG:    [receive_response_headers.started request=<Request [b'POST']>]
[2024-12-07 11:39:23,291]: [_trace.py]: atrace: 87:       DEBUG:    [receive_response_headers.complete return_value=(b'HTTP/1.1', 200, b'OK', [(b'Server', b'nginx/1.18.0'), (b'Date', b'Sat, 07 Dec 2024 11:39:23 GMT'), (b'Content-Type', b'application/json'), (b'Content-Length', b'478'), (b'Connection', b'keep-alive'), (b'Strict-Transport-Security', b'max-age=31536000; includeSubDomains; preload'), (b'Access-Control-Allow-Origin', b'*'), (b'Access-Control-Allow-Methods', b'GET, POST, OPTIONS'), (b'Access-Control-Expose-Headers', b'Content-Length,Content-Type,Date,Server,Connection')])]
[2024-12-07 11:39:23,291]: [_client.py]: _send_single_request: 1740:       INFO:    [HTTP Request: POST https://api.telegram.org/bot6030805959:AAGUHAMxLYc-PrevgKouJ3ZyM7ktu56ftjo/sendDocument "HTTP/1.1 200 OK"]
[2024-12-07 11:39:23,291]: [_trace.py]: atrace: 87:       DEBUG:    [receive_response_body.started request=<Request [b'POST']>]
[2024-12-07 11:39:23,291]: [_trace.py]: atrace: 87:       DEBUG:    [receive_response_body.complete]
[2024-12-07 11:39:23,291]: [_trace.py]: atrace: 87:       DEBUG:    [response_closed.started]
[2024-12-07 11:39:23,291]: [_trace.py]: atrace: 87:       DEBUG:    [response_closed.complete]
[2024-12-07 11:39:23,291]: [_bot.py]: _do_post: 652:       DEBUG:    [Call to Bot API endpoint `sendDocument` finished with return value `{'message_id': 2035, 'from': {'id': 6030805959, 'is_bot': True, 'first_name': 'TyPHoone', 'username': 'TyPHoone_Project_bot'}, 'chat': {'id': -4119703192, 'title': 'Robocop', 'type': 'group', 'all_members_are_administrators': True}, 'date': 1733571563, 'document': {'file_name': '(2024_12_07--11_39)output.zip', 'mime_type': 'application/zip', 'file_id': 'BQACAgQAAxkDAAIH82dUM-rl9UB9Z8FIM-s6pohBqdNfAAIPFgACYB-hUlcGd6a9BFhdNgQ', 'file_unique_id': 'AgADDxYAAmAfoVI', 'file_size': 9860003}}`]
[2024-12-07 11:39:23,292]: [_trace.py]: atrace: 87:       DEBUG:    [close.started]
[2024-12-07 11:39:23,292]: [_trace.py]: atrace: 87:       DEBUG:    [close.complete]
[2024-12-07 11:39:23,292]: [Telegram_Sender.py]: runner: 61:       INFO:    [sent successfully]
[2024-12-07 11:39:23,293]: [Main.py]: <module>: 48:       INFO:    [Finished]
