[2025-12-17 11:43:17,588]: [Main.py]: <module>: 21:       INFO:    [Started]
[2025-12-17 11:43:19,133]: [Iron_Scraper.py]: Scrap: 32:       INFO:    [Data Scaraped Successfully]
[2025-12-17 11:43:19,337]: [Iron_Scraper.py]: Scrap: 70:       INFO:    [Scrapped Data Has No Problem]
[2025-12-17 11:43:19,337]: [Iron_Scraper.py]: Scrap: 83:       INFO:    [Data Saved Successfully]
[2025-12-17 11:43:19,337]: [Iron.py]: Run: 26:       INFO:    [Scraping Phase Completed]
[2025-12-17 11:43:19,338]: [Iron_Data_Processor.py]: Data_Reader: 61:       INFO:    [Data File Has Been Red Successfully]
[2025-12-17 11:43:19,338]: [Iron_Data_Processor.py]: Shaper: 78:       INFO:    [Data Shaped]
[2025-12-17 11:43:19,338]: [Iron_Data_Processor.py]: Process: 228:       INFO:    [Data Cleaned]
[2025-12-17 11:43:19,338]: [Iron_Data_Processor.py]: Make_Pages_Objects: 101:       INFO:    [Page Objects Has Been Made]
[2025-12-17 11:43:19,338]: [Iron_Data_Processor.py]: Make_Pages_Objects: 101:       INFO:    [Page Objects Has Been Made]
[2025-12-17 11:43:19,338]: [Iron_Data_Processor.py]: Load_Data: 118:       INFO:    [Data Has Been Load]
[2025-12-17 11:43:19,338]: [Iron_Data_Processor.py]: Load_Data: 118:       INFO:    [Data Has Been Load]
[2025-12-17 11:43:19,339]: [Iron_Data_Processor.py]: Load_positions: 140:       INFO:    [Positions Are Ready]
[2025-12-17 11:43:19,339]: [Iron_Data_Processor.py]: Load_positions: 140:       INFO:    [Positions Are Ready]
[2025-12-17 11:43:20,465]: [Iron_Data_Processor.py]: Make_Tagged_Images: 193:       INFO:    [Images Has Been Made]
[2025-12-17 11:43:21,414]: [Iron_Data_Processor.py]: Make_Tagged_Images: 193:       INFO:    [Images Has Been Made]
[2025-12-17 11:43:21,669]: [Iron_Data_Processor.py]: Make_Cover_Page: 215:       INFO:    [Made Cover Pages]
[2025-12-17 11:43:21,669]: [Iron.py]: Run: 29:       INFO:    [Imagination Phase Completed]
[2025-12-17 11:43:24,866]: [Phone_Scraper.py]: Scrap: 58:       INFO:    [Data Scraped]
[2025-12-17 11:43:24,866]: [Phone_Scraper.py]: Scrap: 71:       INFO:    [Scraped Data Successfully]
[2025-12-17 11:43:24,866]: [Phone.py]: Run: 26:       INFO:    [Scraping Phase Complete]
[2025-12-17 11:43:24,867]: [Phone_Data_Processor.py]: data_reader: 38:       INFO:    [Scraped Data Loaded]
[2025-12-17 11:43:24,868]: [Phone_Data_Processor.py]: filter_list: 65:       INFO:    [Persian Phrases Are deleted]
[2025-12-17 11:43:24,868]: [Phone_Data_Processor.py]: reshape_list: 87:       INFO:    [Date Reshaped]
[2025-12-17 11:43:24,868]: [Phone_Data_Processor.py]: separate_brands: 124:       INFO:    [Brands Are Separated]
[2025-12-17 11:43:24,869]: [Phone_Data_Processor.py]: delete_extra_spaces: 141:       INFO:    [Extra Spaces Are Deleted]
[2025-12-17 11:43:25,604]: [Phone.py]: Run: 29:       INFO:    [Imagination Phase Complete]
[2025-12-17 11:43:25,605]: [selector_events.py]: __init__: 64:       DEBUG:    [Using selector: EpollSelector]
[2025-12-17 11:43:25,882]: [_bot.py]: _do_post: 643:       DEBUG:    [Calling Bot API endpoint `getMe` with parameters `{}`]
[2025-12-17 11:43:25,887]: [_trace.py]: atrace: 87:       DEBUG:    [connect_tcp.started host='api.telegram.org' port=443 local_address=None timeout=5.0 socket_options=None]
[2025-12-17 11:43:26,012]: [_trace.py]: atrace: 87:       DEBUG:    [connect_tcp.complete return_value=<httpcore._backends.anyio.AnyIOStream object at 0x7f975f9f2750>]
[2025-12-17 11:43:26,012]: [_trace.py]: atrace: 87:       DEBUG:    [start_tls.started ssl_context=<ssl.SSLContext object at 0x7f97603b9ed0> server_hostname='api.telegram.org' timeout=5.0]
[2025-12-17 11:43:26,117]: [_trace.py]: atrace: 87:       DEBUG:    [start_tls.complete return_value=<httpcore._backends.anyio.AnyIOStream object at 0x7f9760c1aa20>]
[2025-12-17 11:43:26,117]: [_trace.py]: atrace: 87:       DEBUG:    [send_request_headers.started request=<Request [b'POST']>]
[2025-12-17 11:43:26,117]: [_trace.py]: atrace: 87:       DEBUG:    [send_request_headers.complete]
[2025-12-17 11:43:26,117]: [_trace.py]: atrace: 87:       DEBUG:    [send_request_body.started request=<Request [b'POST']>]
[2025-12-17 11:43:26,118]: [_trace.py]: atrace: 87:       DEBUG:    [send_request_body.complete]
[2025-12-17 11:43:26,118]: [_trace.py]: atrace: 87:       DEBUG:    [receive_response_headers.started request=<Request [b'POST']>]
[2025-12-17 11:43:26,219]: [_trace.py]: atrace: 87:       DEBUG:    [receive_response_headers.complete return_value=(b'HTTP/1.1', 200, b'OK', [(b'Server', b'nginx/1.18.0'), (b'Date', b'Wed, 17 Dec 2025 11:43:26 GMT'), (b'Content-Type', b'application/json'), (b'Content-Length', b'258'), (b'Connection', b'keep-alive'), (b'Strict-Transport-Security', b'max-age=31536000; includeSubDomains; preload'), (b'Access-Control-Allow-Origin', b'*'), (b'Access-Control-Allow-Methods', b'GET, POST, OPTIONS'), (b'Access-Control-Expose-Headers', b'Content-Length,Content-Type,Date,Server,Connection')])]
[2025-12-17 11:43:26,219]: [_client.py]: _send_single_request: 1740:       INFO:    [HTTP Request: POST https://api.telegram.org/bot6030805959:AAGUHAMxLYc-PrevgKouJ3ZyM7ktu56ftjo/getMe "HTTP/1.1 200 OK"]
[2025-12-17 11:43:26,220]: [_trace.py]: atrace: 87:       DEBUG:    [receive_response_body.started request=<Request [b'POST']>]
[2025-12-17 11:43:26,220]: [_trace.py]: atrace: 87:       DEBUG:    [receive_response_body.complete]
[2025-12-17 11:43:26,220]: [_trace.py]: atrace: 87:       DEBUG:    [response_closed.started]
[2025-12-17 11:43:26,220]: [_trace.py]: atrace: 87:       DEBUG:    [response_closed.complete]
[2025-12-17 11:43:26,220]: [_bot.py]: _do_post: 652:       DEBUG:    [Call to Bot API endpoint `getMe` finished with return value `{'id': 6030805959, 'is_bot': True, 'first_name': 'TyPHoone', 'username': 'TyPHoone_Project_bot', 'can_join_groups': True, 'can_read_all_group_messages': False, 'supports_inline_queries': False, 'can_connect_to_business': False, 'has_main_web_app': False}`]
[2025-12-17 11:43:26,223]: [_bot.py]: _do_post: 643:       DEBUG:    [Calling Bot API endpoint `sendDocument` with parameters `{'chat_id': '-4119703192', 'document': <telegram._files.inputfile.InputFile object at 0x7f975f82f500>}`]
[2025-12-17 11:43:26,224]: [_trace.py]: atrace: 87:       DEBUG:    [send_request_headers.started request=<Request [b'POST']>]
[2025-12-17 11:43:26,224]: [_trace.py]: atrace: 87:       DEBUG:    [send_request_headers.complete]
[2025-12-17 11:43:26,224]: [_trace.py]: atrace: 87:       DEBUG:    [send_request_body.started request=<Request [b'POST']>]
[2025-12-17 11:43:26,225]: [_trace.py]: atrace: 87:       DEBUG:    [send_request_body.complete]
[2025-12-17 11:43:26,225]: [_trace.py]: atrace: 87:       DEBUG:    [receive_response_headers.started request=<Request [b'POST']>]
[2025-12-17 11:43:26,482]: [_trace.py]: atrace: 87:       DEBUG:    [receive_response_headers.complete return_value=(b'HTTP/1.1', 200, b'OK', [(b'Server', b'nginx/1.18.0'), (b'Date', b'Wed, 17 Dec 2025 11:43:26 GMT'), (b'Content-Type', b'application/json'), (b'Content-Length', b'584'), (b'Connection', b'keep-alive'), (b'Strict-Transport-Security', b'max-age=31536000; includeSubDomains; preload'), (b'Access-Control-Allow-Origin', b'*'), (b'Access-Control-Allow-Methods', b'GET, POST, OPTIONS'), (b'Access-Control-Expose-Headers', b'Content-Length,Content-Type,Date,Server,Connection')])]
[2025-12-17 11:43:26,482]: [_client.py]: _send_single_request: 1740:       INFO:    [HTTP Request: POST https://api.telegram.org/bot6030805959:AAGUHAMxLYc-PrevgKouJ3ZyM7ktu56ftjo/sendDocument "HTTP/1.1 200 OK"]
[2025-12-17 11:43:26,482]: [_trace.py]: atrace: 87:       DEBUG:    [receive_response_body.started request=<Request [b'POST']>]
[2025-12-17 11:43:26,482]: [_trace.py]: atrace: 87:       DEBUG:    [receive_response_body.complete]
[2025-12-17 11:43:26,482]: [_trace.py]: atrace: 87:       DEBUG:    [response_closed.started]
[2025-12-17 11:43:26,483]: [_trace.py]: atrace: 87:       DEBUG:    [response_closed.complete]
[2025-12-17 11:43:26,483]: [_bot.py]: _do_post: 652:       DEBUG:    [Call to Bot API endpoint `sendDocument` finished with return value `{'message_id': 2792, 'from': {'id': 6030805959, 'is_bot': True, 'first_name': 'TyPHoone', 'username': 'TyPHoone_Project_bot'}, 'chat': {'id': -4119703192, 'title': 'Robocop', 'type': 'group', 'all_members_are_administrators': True, 'accepted_gift_types': {'unlimited_gifts': False, 'limited_gifts': False, 'unique_gifts': False, 'premium_subscription': False}}, 'date': 1765971806, 'document': {'file_name': '(2025_12_17--11_43).log', 'mime_type': 'text/plain', 'file_id': 'BQACAgQAAxkDAAIK6GlCl14Zflw9Fj6OYbnd5RQz0X8eAAKIGwACg8sZUkQB98ky4xpbNgQ', 'file_unique_id': 'AgADiBsAAoPLGVI', 'file_size': 5937}}`]
[2025-12-17 11:43:26,484]: [_trace.py]: atrace: 87:       DEBUG:    [close.started]
[2025-12-17 11:43:26,484]: [_trace.py]: atrace: 87:       DEBUG:    [close.complete]
[2025-12-17 11:43:26,526]: [_bot.py]: _do_post: 643:       DEBUG:    [Calling Bot API endpoint `getMe` with parameters `{}`]
[2025-12-17 11:43:26,527]: [_trace.py]: atrace: 87:       DEBUG:    [connect_tcp.started host='api.telegram.org' port=443 local_address=None timeout=5.0 socket_options=None]
[2025-12-17 11:43:26,630]: [_trace.py]: atrace: 87:       DEBUG:    [connect_tcp.complete return_value=<httpcore._backends.anyio.AnyIOStream object at 0x7f975f886f60>]
[2025-12-17 11:43:26,630]: [_trace.py]: atrace: 87:       DEBUG:    [start_tls.started ssl_context=<ssl.SSLContext object at 0x7f97603b9dd0> server_hostname='api.telegram.org' timeout=5.0]
[2025-12-17 11:43:26,734]: [_trace.py]: atrace: 87:       DEBUG:    [start_tls.complete return_value=<httpcore._backends.anyio.AnyIOStream object at 0x7f976056d070>]
[2025-12-17 11:43:26,735]: [_trace.py]: atrace: 87:       DEBUG:    [send_request_headers.started request=<Request [b'POST']>]
[2025-12-17 11:43:26,735]: [_trace.py]: atrace: 87:       DEBUG:    [send_request_headers.complete]
[2025-12-17 11:43:26,735]: [_trace.py]: atrace: 87:       DEBUG:    [send_request_body.started request=<Request [b'POST']>]
[2025-12-17 11:43:26,735]: [_trace.py]: atrace: 87:       DEBUG:    [send_request_body.complete]
[2025-12-17 11:43:26,735]: [_trace.py]: atrace: 87:       DEBUG:    [receive_response_headers.started request=<Request [b'POST']>]
[2025-12-17 11:43:26,836]: [_trace.py]: atrace: 87:       DEBUG:    [receive_response_headers.complete return_value=(b'HTTP/1.1', 200, b'OK', [(b'Server', b'nginx/1.18.0'), (b'Date', b'Wed, 17 Dec 2025 11:43:26 GMT'), (b'Content-Type', b'application/json'), (b'Content-Length', b'258'), (b'Connection', b'keep-alive'), (b'Strict-Transport-Security', b'max-age=31536000; includeSubDomains; preload'), (b'Access-Control-Allow-Origin', b'*'), (b'Access-Control-Allow-Methods', b'GET, POST, OPTIONS'), (b'Access-Control-Expose-Headers', b'Content-Length,Content-Type,Date,Server,Connection')])]
[2025-12-17 11:43:26,837]: [_client.py]: _send_single_request: 1740:       INFO:    [HTTP Request: POST https://api.telegram.org/bot6030805959:AAGUHAMxLYc-PrevgKouJ3ZyM7ktu56ftjo/getMe "HTTP/1.1 200 OK"]
[2025-12-17 11:43:26,837]: [_trace.py]: atrace: 87:       DEBUG:    [receive_response_body.started request=<Request [b'POST']>]
[2025-12-17 11:43:26,837]: [_trace.py]: atrace: 87:       DEBUG:    [receive_response_body.complete]
[2025-12-17 11:43:26,837]: [_trace.py]: atrace: 87:       DEBUG:    [response_closed.started]
[2025-12-17 11:43:26,837]: [_trace.py]: atrace: 87:       DEBUG:    [response_closed.complete]
[2025-12-17 11:43:26,837]: [_bot.py]: _do_post: 652:       DEBUG:    [Call to Bot API endpoint `getMe` finished with return value `{'id': 6030805959, 'is_bot': True, 'first_name': 'TyPHoone', 'username': 'TyPHoone_Project_bot', 'can_join_groups': True, 'can_read_all_group_messages': False, 'supports_inline_queries': False, 'can_connect_to_business': False, 'has_main_web_app': False}`]
[2025-12-17 11:43:26,840]: [_bot.py]: _do_post: 643:       DEBUG:    [Calling Bot API endpoint `sendDocument` with parameters `{'chat_id': '-4119703192', 'document': <telegram._files.inputfile.InputFile object at 0x7f97603f5580>}`]
[2025-12-17 11:43:26,840]: [_trace.py]: atrace: 87:       DEBUG:    [send_request_headers.started request=<Request [b'POST']>]
[2025-12-17 11:43:26,840]: [_trace.py]: atrace: 87:       DEBUG:    [send_request_headers.complete]
[2025-12-17 11:43:26,840]: [_trace.py]: atrace: 87:       DEBUG:    [send_request_body.started request=<Request [b'POST']>]
[2025-12-17 11:43:27,850]: [_trace.py]: atrace: 87:       DEBUG:    [send_request_body.complete]
[2025-12-17 11:43:27,850]: [_trace.py]: atrace: 87:       DEBUG:    [receive_response_headers.started request=<Request [b'POST']>]
[2025-12-17 11:43:28,456]: [_trace.py]: atrace: 87:       DEBUG:    [receive_response_headers.complete return_value=(b'HTTP/1.1', 200, b'OK', [(b'Server', b'nginx/1.18.0'), (b'Date', b'Wed, 17 Dec 2025 11:43:28 GMT'), (b'Content-Type', b'application/json'), (b'Content-Length', b'599'), (b'Connection', b'keep-alive'), (b'Strict-Transport-Security', b'max-age=31536000; includeSubDomains; preload'), (b'Access-Control-Allow-Origin', b'*'), (b'Access-Control-Allow-Methods', b'GET, POST, OPTIONS'), (b'Access-Control-Expose-Headers', b'Content-Length,Content-Type,Date,Server,Connection')])]
[2025-12-17 11:43:28,457]: [_client.py]: _send_single_request: 1740:       INFO:    [HTTP Request: POST https://api.telegram.org/bot6030805959:AAGUHAMxLYc-PrevgKouJ3ZyM7ktu56ftjo/sendDocument "HTTP/1.1 200 OK"]
[2025-12-17 11:43:28,457]: [_trace.py]: atrace: 87:       DEBUG:    [receive_response_body.started request=<Request [b'POST']>]
[2025-12-17 11:43:28,457]: [_trace.py]: atrace: 87:       DEBUG:    [receive_response_body.complete]
[2025-12-17 11:43:28,457]: [_trace.py]: atrace: 87:       DEBUG:    [response_closed.started]
[2025-12-17 11:43:28,457]: [_trace.py]: atrace: 87:       DEBUG:    [response_closed.complete]
[2025-12-17 11:43:28,458]: [_bot.py]: _do_post: 652:       DEBUG:    [Call to Bot API endpoint `sendDocument` finished with return value `{'message_id': 2793, 'from': {'id': 6030805959, 'is_bot': True, 'first_name': 'TyPHoone', 'username': 'TyPHoone_Project_bot'}, 'chat': {'id': -4119703192, 'title': 'Robocop', 'type': 'group', 'all_members_are_administrators': True, 'accepted_gift_types': {'unlimited_gifts': False, 'limited_gifts': False, 'unique_gifts': False, 'premium_subscription': False}}, 'date': 1765971808, 'document': {'file_name': '(2025_12_17--11_43)output.zip', 'mime_type': 'application/zip', 'file_id': 'BQACAgQAAxkDAAIK6WlCl2DTFm48nz7Z7T4e3XIuONTiAAKJGwACg8sZUpIy474RBX9YNgQ', 'file_unique_id': 'AgADiRsAAoPLGVI', 'file_size': 10093212}}`]
[2025-12-17 11:43:28,458]: [_trace.py]: atrace: 87:       DEBUG:    [close.started]
[2025-12-17 11:43:28,458]: [_trace.py]: atrace: 87:       DEBUG:    [close.complete]
[2025-12-17 11:43:28,458]: [Telegram_Sender.py]: runner: 61:       INFO:    [sent successfully]
[2025-12-17 11:43:28,459]: [Main.py]: <module>: 48:       INFO:    [Finished]
