[2025-11-15 11:40:12,028]: [Main.py]: <module>: 21:       INFO:    [Started]
[2025-11-15 11:40:13,500]: [Iron_Scraper.py]: Scrap: 32:       INFO:    [Data Scaraped Successfully]
[2025-11-15 11:40:13,709]: [Iron_Scraper.py]: Scrap: 70:       INFO:    [Scrapped Data Has No Problem]
[2025-11-15 11:40:13,709]: [Iron_Scraper.py]: Scrap: 83:       INFO:    [Data Saved Successfully]
[2025-11-15 11:40:13,709]: [Iron.py]: Run: 26:       INFO:    [Scraping Phase Completed]
[2025-11-15 11:40:13,710]: [Iron_Data_Processor.py]: Data_Reader: 61:       INFO:    [Data File Has Been Red Successfully]
[2025-11-15 11:40:13,710]: [Iron_Data_Processor.py]: Shaper: 78:       INFO:    [Data Shaped]
[2025-11-15 11:40:13,710]: [Iron_Data_Processor.py]: Process: 228:       INFO:    [Data Cleaned]
[2025-11-15 11:40:13,710]: [Iron_Data_Processor.py]: Make_Pages_Objects: 101:       INFO:    [Page Objects Has Been Made]
[2025-11-15 11:40:13,710]: [Iron_Data_Processor.py]: Make_Pages_Objects: 101:       INFO:    [Page Objects Has Been Made]
[2025-11-15 11:40:13,710]: [Iron_Data_Processor.py]: Load_Data: 118:       INFO:    [Data Has Been Load]
[2025-11-15 11:40:13,710]: [Iron_Data_Processor.py]: Load_Data: 118:       INFO:    [Data Has Been Load]
[2025-11-15 11:40:13,711]: [Iron_Data_Processor.py]: Load_positions: 140:       INFO:    [Positions Are Ready]
[2025-11-15 11:40:13,711]: [Iron_Data_Processor.py]: Load_positions: 140:       INFO:    [Positions Are Ready]
[2025-11-15 11:40:14,838]: [Iron_Data_Processor.py]: Make_Tagged_Images: 193:       INFO:    [Images Has Been Made]
[2025-11-15 11:40:15,793]: [Iron_Data_Processor.py]: Make_Tagged_Images: 193:       INFO:    [Images Has Been Made]
[2025-11-15 11:40:16,050]: [Iron_Data_Processor.py]: Make_Cover_Page: 215:       INFO:    [Made Cover Pages]
[2025-11-15 11:40:16,050]: [Iron.py]: Run: 29:       INFO:    [Imagination Phase Completed]
[2025-11-15 11:40:19,419]: [Phone_Scraper.py]: Scrap: 58:       INFO:    [Data Scraped]
[2025-11-15 11:40:19,420]: [Phone_Scraper.py]: Scrap: 71:       INFO:    [Scraped Data Successfully]
[2025-11-15 11:40:19,420]: [Phone.py]: Run: 26:       INFO:    [Scraping Phase Complete]
[2025-11-15 11:40:19,420]: [Phone_Data_Processor.py]: data_reader: 38:       INFO:    [Scraped Data Loaded]
[2025-11-15 11:40:19,421]: [Phone_Data_Processor.py]: filter_list: 65:       INFO:    [Persian Phrases Are deleted]
[2025-11-15 11:40:19,422]: [Phone_Data_Processor.py]: reshape_list: 87:       INFO:    [Date Reshaped]
[2025-11-15 11:40:19,422]: [Phone_Data_Processor.py]: separate_brands: 124:       INFO:    [Brands Are Separated]
[2025-11-15 11:40:19,422]: [Phone_Data_Processor.py]: delete_extra_spaces: 141:       INFO:    [Extra Spaces Are Deleted]
[2025-11-15 11:40:20,154]: [Phone.py]: Run: 29:       INFO:    [Imagination Phase Complete]
[2025-11-15 11:40:20,154]: [selector_events.py]: __init__: 64:       DEBUG:    [Using selector: EpollSelector]
[2025-11-15 11:40:20,430]: [_bot.py]: _do_post: 643:       DEBUG:    [Calling Bot API endpoint `getMe` with parameters `{}`]
[2025-11-15 11:40:20,435]: [_trace.py]: atrace: 87:       DEBUG:    [connect_tcp.started host='api.telegram.org' port=443 local_address=None timeout=5.0 socket_options=None]
[2025-11-15 11:40:20,589]: [_trace.py]: atrace: 87:       DEBUG:    [connect_tcp.complete return_value=<httpcore._backends.anyio.AnyIOStream object at 0x7f82ffd64e30>]
[2025-11-15 11:40:20,589]: [_trace.py]: atrace: 87:       DEBUG:    [start_tls.started ssl_context=<ssl.SSLContext object at 0x7f83003b1e50> server_hostname='api.telegram.org' timeout=5.0]
[2025-11-15 11:40:20,702]: [_trace.py]: atrace: 87:       DEBUG:    [start_tls.complete return_value=<httpcore._backends.anyio.AnyIOStream object at 0x7f82ffe84e30>]
[2025-11-15 11:40:20,702]: [_trace.py]: atrace: 87:       DEBUG:    [send_request_headers.started request=<Request [b'POST']>]
[2025-11-15 11:40:20,703]: [_trace.py]: atrace: 87:       DEBUG:    [send_request_headers.complete]
[2025-11-15 11:40:20,703]: [_trace.py]: atrace: 87:       DEBUG:    [send_request_body.started request=<Request [b'POST']>]
[2025-11-15 11:40:20,703]: [_trace.py]: atrace: 87:       DEBUG:    [send_request_body.complete]
[2025-11-15 11:40:20,703]: [_trace.py]: atrace: 87:       DEBUG:    [receive_response_headers.started request=<Request [b'POST']>]
[2025-11-15 11:40:20,813]: [_trace.py]: atrace: 87:       DEBUG:    [receive_response_headers.complete return_value=(b'HTTP/1.1', 200, b'OK', [(b'Server', b'nginx/1.18.0'), (b'Date', b'Sat, 15 Nov 2025 11:40:20 GMT'), (b'Content-Type', b'application/json'), (b'Content-Length', b'258'), (b'Connection', b'keep-alive'), (b'Strict-Transport-Security', b'max-age=31536000; includeSubDomains; preload'), (b'Access-Control-Allow-Origin', b'*'), (b'Access-Control-Allow-Methods', b'GET, POST, OPTIONS'), (b'Access-Control-Expose-Headers', b'Content-Length,Content-Type,Date,Server,Connection')])]
[2025-11-15 11:40:20,813]: [_client.py]: _send_single_request: 1740:       INFO:    [HTTP Request: POST https://api.telegram.org/bot6030805959:AAGUHAMxLYc-PrevgKouJ3ZyM7ktu56ftjo/getMe "HTTP/1.1 200 OK"]
[2025-11-15 11:40:20,813]: [_trace.py]: atrace: 87:       DEBUG:    [receive_response_body.started request=<Request [b'POST']>]
[2025-11-15 11:40:20,813]: [_trace.py]: atrace: 87:       DEBUG:    [receive_response_body.complete]
[2025-11-15 11:40:20,814]: [_trace.py]: atrace: 87:       DEBUG:    [response_closed.started]
[2025-11-15 11:40:20,814]: [_trace.py]: atrace: 87:       DEBUG:    [response_closed.complete]
[2025-11-15 11:40:20,814]: [_bot.py]: _do_post: 652:       DEBUG:    [Call to Bot API endpoint `getMe` finished with return value `{'id': 6030805959, 'is_bot': True, 'first_name': 'TyPHoone', 'username': 'TyPHoone_Project_bot', 'can_join_groups': True, 'can_read_all_group_messages': False, 'supports_inline_queries': False, 'can_connect_to_business': False, 'has_main_web_app': False}`]
[2025-11-15 11:40:20,817]: [_bot.py]: _do_post: 643:       DEBUG:    [Calling Bot API endpoint `sendDocument` with parameters `{'chat_id': '-4119703192', 'document': <telegram._files.inputfile.InputFile object at 0x7f82ff945900>}`]
[2025-11-15 11:40:20,817]: [_trace.py]: atrace: 87:       DEBUG:    [send_request_headers.started request=<Request [b'POST']>]
[2025-11-15 11:40:20,817]: [_trace.py]: atrace: 87:       DEBUG:    [send_request_headers.complete]
[2025-11-15 11:40:20,818]: [_trace.py]: atrace: 87:       DEBUG:    [send_request_body.started request=<Request [b'POST']>]
[2025-11-15 11:40:20,818]: [_trace.py]: atrace: 87:       DEBUG:    [send_request_body.complete]
[2025-11-15 11:40:20,818]: [_trace.py]: atrace: 87:       DEBUG:    [receive_response_headers.started request=<Request [b'POST']>]
[2025-11-15 11:40:21,086]: [_trace.py]: atrace: 87:       DEBUG:    [receive_response_headers.complete return_value=(b'HTTP/1.1', 200, b'OK', [(b'Server', b'nginx/1.18.0'), (b'Date', b'Sat, 15 Nov 2025 11:40:21 GMT'), (b'Content-Type', b'application/json'), (b'Content-Length', b'584'), (b'Connection', b'keep-alive'), (b'Strict-Transport-Security', b'max-age=31536000; includeSubDomains; preload'), (b'Access-Control-Allow-Origin', b'*'), (b'Access-Control-Allow-Methods', b'GET, POST, OPTIONS'), (b'Access-Control-Expose-Headers', b'Content-Length,Content-Type,Date,Server,Connection')])]
[2025-11-15 11:40:21,087]: [_client.py]: _send_single_request: 1740:       INFO:    [HTTP Request: POST https://api.telegram.org/bot6030805959:AAGUHAMxLYc-PrevgKouJ3ZyM7ktu56ftjo/sendDocument "HTTP/1.1 200 OK"]
[2025-11-15 11:40:21,087]: [_trace.py]: atrace: 87:       DEBUG:    [receive_response_body.started request=<Request [b'POST']>]
[2025-11-15 11:40:21,087]: [_trace.py]: atrace: 87:       DEBUG:    [receive_response_body.complete]
[2025-11-15 11:40:21,087]: [_trace.py]: atrace: 87:       DEBUG:    [response_closed.started]
[2025-11-15 11:40:21,087]: [_trace.py]: atrace: 87:       DEBUG:    [response_closed.complete]
[2025-11-15 11:40:21,087]: [_bot.py]: _do_post: 652:       DEBUG:    [Call to Bot API endpoint `sendDocument` finished with return value `{'message_id': 2728, 'from': {'id': 6030805959, 'is_bot': True, 'first_name': 'TyPHoone', 'username': 'TyPHoone_Project_bot'}, 'chat': {'id': -4119703192, 'title': 'Robocop', 'type': 'group', 'all_members_are_administrators': True, 'accepted_gift_types': {'unlimited_gifts': False, 'limited_gifts': False, 'unique_gifts': False, 'premium_subscription': False}}, 'date': 1763206821, 'document': {'file_name': '(2025_11_15--11_40).log', 'mime_type': 'text/plain', 'file_id': 'BQACAgQAAxkDAAIKqGkYZqRzyoWiGOv2Rswn0oli8X6cAAL2GAACZNzIUGHC2yfaKFCsNgQ', 'file_unique_id': 'AgAD9hgAAmTcyFA', 'file_size': 5937}}`]
[2025-11-15 11:40:21,088]: [_trace.py]: atrace: 87:       DEBUG:    [close.started]
[2025-11-15 11:40:21,088]: [_trace.py]: atrace: 87:       DEBUG:    [close.complete]
[2025-11-15 11:40:21,131]: [_bot.py]: _do_post: 643:       DEBUG:    [Calling Bot API endpoint `getMe` with parameters `{}`]
[2025-11-15 11:40:21,131]: [_trace.py]: atrace: 87:       DEBUG:    [connect_tcp.started host='api.telegram.org' port=443 local_address=None timeout=5.0 socket_options=None]
[2025-11-15 11:40:21,246]: [_trace.py]: atrace: 87:       DEBUG:    [connect_tcp.complete return_value=<httpcore._backends.anyio.AnyIOStream object at 0x7f82ff9defc0>]
[2025-11-15 11:40:21,247]: [_trace.py]: atrace: 87:       DEBUG:    [start_tls.started ssl_context=<ssl.SSLContext object at 0x7f83003b1d50> server_hostname='api.telegram.org' timeout=5.0]
[2025-11-15 11:40:21,364]: [_trace.py]: atrace: 87:       DEBUG:    [start_tls.complete return_value=<httpcore._backends.anyio.AnyIOStream object at 0x7f82ff96d4f0>]
[2025-11-15 11:40:21,364]: [_trace.py]: atrace: 87:       DEBUG:    [send_request_headers.started request=<Request [b'POST']>]
[2025-11-15 11:40:21,364]: [_trace.py]: atrace: 87:       DEBUG:    [send_request_headers.complete]
[2025-11-15 11:40:21,364]: [_trace.py]: atrace: 87:       DEBUG:    [send_request_body.started request=<Request [b'POST']>]
[2025-11-15 11:40:21,364]: [_trace.py]: atrace: 87:       DEBUG:    [send_request_body.complete]
[2025-11-15 11:40:21,364]: [_trace.py]: atrace: 87:       DEBUG:    [receive_response_headers.started request=<Request [b'POST']>]
[2025-11-15 11:40:21,479]: [_trace.py]: atrace: 87:       DEBUG:    [receive_response_headers.complete return_value=(b'HTTP/1.1', 200, b'OK', [(b'Server', b'nginx/1.18.0'), (b'Date', b'Sat, 15 Nov 2025 11:40:21 GMT'), (b'Content-Type', b'application/json'), (b'Content-Length', b'258'), (b'Connection', b'keep-alive'), (b'Strict-Transport-Security', b'max-age=31536000; includeSubDomains; preload'), (b'Access-Control-Allow-Origin', b'*'), (b'Access-Control-Allow-Methods', b'GET, POST, OPTIONS'), (b'Access-Control-Expose-Headers', b'Content-Length,Content-Type,Date,Server,Connection')])]
[2025-11-15 11:40:21,479]: [_client.py]: _send_single_request: 1740:       INFO:    [HTTP Request: POST https://api.telegram.org/bot6030805959:AAGUHAMxLYc-PrevgKouJ3ZyM7ktu56ftjo/getMe "HTTP/1.1 200 OK"]
[2025-11-15 11:40:21,479]: [_trace.py]: atrace: 87:       DEBUG:    [receive_response_body.started request=<Request [b'POST']>]
[2025-11-15 11:40:21,479]: [_trace.py]: atrace: 87:       DEBUG:    [receive_response_body.complete]
[2025-11-15 11:40:21,479]: [_trace.py]: atrace: 87:       DEBUG:    [response_closed.started]
[2025-11-15 11:40:21,479]: [_trace.py]: atrace: 87:       DEBUG:    [response_closed.complete]
[2025-11-15 11:40:21,479]: [_bot.py]: _do_post: 652:       DEBUG:    [Call to Bot API endpoint `getMe` finished with return value `{'id': 6030805959, 'is_bot': True, 'first_name': 'TyPHoone', 'username': 'TyPHoone_Project_bot', 'can_join_groups': True, 'can_read_all_group_messages': False, 'supports_inline_queries': False, 'can_connect_to_business': False, 'has_main_web_app': False}`]
[2025-11-15 11:40:21,482]: [_bot.py]: _do_post: 643:       DEBUG:    [Calling Bot API endpoint `sendDocument` with parameters `{'chat_id': '-4119703192', 'document': <telegram._files.inputfile.InputFile object at 0x7f830042de80>}`]
[2025-11-15 11:40:21,482]: [_trace.py]: atrace: 87:       DEBUG:    [send_request_headers.started request=<Request [b'POST']>]
[2025-11-15 11:40:21,482]: [_trace.py]: atrace: 87:       DEBUG:    [send_request_headers.complete]
[2025-11-15 11:40:21,482]: [_trace.py]: atrace: 87:       DEBUG:    [send_request_body.started request=<Request [b'POST']>]
[2025-11-15 11:40:22,564]: [_trace.py]: atrace: 87:       DEBUG:    [send_request_body.complete]
[2025-11-15 11:40:22,564]: [_trace.py]: atrace: 87:       DEBUG:    [receive_response_headers.started request=<Request [b'POST']>]
[2025-11-15 11:40:23,269]: [_trace.py]: atrace: 87:       DEBUG:    [receive_response_headers.complete return_value=(b'HTTP/1.1', 200, b'OK', [(b'Server', b'nginx/1.18.0'), (b'Date', b'Sat, 15 Nov 2025 11:40:23 GMT'), (b'Content-Type', b'application/json'), (b'Content-Length', b'599'), (b'Connection', b'keep-alive'), (b'Strict-Transport-Security', b'max-age=31536000; includeSubDomains; preload'), (b'Access-Control-Allow-Origin', b'*'), (b'Access-Control-Allow-Methods', b'GET, POST, OPTIONS'), (b'Access-Control-Expose-Headers', b'Content-Length,Content-Type,Date,Server,Connection')])]
[2025-11-15 11:40:23,269]: [_client.py]: _send_single_request: 1740:       INFO:    [HTTP Request: POST https://api.telegram.org/bot6030805959:AAGUHAMxLYc-PrevgKouJ3ZyM7ktu56ftjo/sendDocument "HTTP/1.1 200 OK"]
[2025-11-15 11:40:23,270]: [_trace.py]: atrace: 87:       DEBUG:    [receive_response_body.started request=<Request [b'POST']>]
[2025-11-15 11:40:23,270]: [_trace.py]: atrace: 87:       DEBUG:    [receive_response_body.complete]
[2025-11-15 11:40:23,270]: [_trace.py]: atrace: 87:       DEBUG:    [response_closed.started]
[2025-11-15 11:40:23,270]: [_trace.py]: atrace: 87:       DEBUG:    [response_closed.complete]
[2025-11-15 11:40:23,270]: [_bot.py]: _do_post: 652:       DEBUG:    [Call to Bot API endpoint `sendDocument` finished with return value `{'message_id': 2729, 'from': {'id': 6030805959, 'is_bot': True, 'first_name': 'TyPHoone', 'username': 'TyPHoone_Project_bot'}, 'chat': {'id': -4119703192, 'title': 'Robocop', 'type': 'group', 'all_members_are_administrators': True, 'accepted_gift_types': {'unlimited_gifts': False, 'limited_gifts': False, 'unique_gifts': False, 'premium_subscription': False}}, 'date': 1763206823, 'document': {'file_name': '(2025_11_15--11_40)output.zip', 'mime_type': 'application/zip', 'file_id': 'BQACAgQAAxkDAAIKqWkYZqaw4Kw3jMHq_g6zjYGJkTQ5AAL3GAACZNzIUJosd0DMqFJGNgQ', 'file_unique_id': 'AgAD9xgAAmTcyFA', 'file_size': 10078848}}`]
[2025-11-15 11:40:23,270]: [_trace.py]: atrace: 87:       DEBUG:    [close.started]
[2025-11-15 11:40:23,271]: [_trace.py]: atrace: 87:       DEBUG:    [close.complete]
[2025-11-15 11:40:23,271]: [Telegram_Sender.py]: runner: 61:       INFO:    [sent successfully]
[2025-11-15 11:40:23,271]: [Main.py]: <module>: 48:       INFO:    [Finished]
