[2025-05-16 11:38:33,281]: [Main.py]: <module>: 21:       INFO:    [Started]
[2025-05-16 11:38:34,868]: [Iron_Scraper.py]: Scrap: 32:       INFO:    [Data Scaraped Successfully]
[2025-05-16 11:38:35,070]: [Iron_Scraper.py]: Scrap: 70:       INFO:    [Scrapped Data Has No Problem]
[2025-05-16 11:38:35,071]: [Iron_Scraper.py]: Scrap: 83:       INFO:    [Data Saved Successfully]
[2025-05-16 11:38:35,071]: [Iron.py]: Run: 26:       INFO:    [Scraping Phase Completed]
[2025-05-16 11:38:35,071]: [Iron_Data_Processor.py]: Data_Reader: 61:       INFO:    [Data File Has Been Red Successfully]
[2025-05-16 11:38:35,071]: [Iron_Data_Processor.py]: Shaper: 78:       INFO:    [Data Shaped]
[2025-05-16 11:38:35,072]: [Iron_Data_Processor.py]: Process: 228:       INFO:    [Data Cleaned]
[2025-05-16 11:38:35,072]: [Iron_Data_Processor.py]: Make_Pages_Objects: 101:       INFO:    [Page Objects Has Been Made]
[2025-05-16 11:38:35,072]: [Iron_Data_Processor.py]: Make_Pages_Objects: 101:       INFO:    [Page Objects Has Been Made]
[2025-05-16 11:38:35,072]: [Iron_Data_Processor.py]: Load_Data: 118:       INFO:    [Data Has Been Load]
[2025-05-16 11:38:35,072]: [Iron_Data_Processor.py]: Load_Data: 118:       INFO:    [Data Has Been Load]
[2025-05-16 11:38:35,072]: [Iron_Data_Processor.py]: Load_positions: 140:       INFO:    [Positions Are Ready]
[2025-05-16 11:38:35,072]: [Iron_Data_Processor.py]: Load_positions: 140:       INFO:    [Positions Are Ready]
[2025-05-16 11:38:36,186]: [Iron_Data_Processor.py]: Make_Tagged_Images: 193:       INFO:    [Images Has Been Made]
[2025-05-16 11:38:37,130]: [Iron_Data_Processor.py]: Make_Tagged_Images: 193:       INFO:    [Images Has Been Made]
[2025-05-16 11:38:37,383]: [Iron_Data_Processor.py]: Make_Cover_Page: 215:       INFO:    [Made Cover Pages]
[2025-05-16 11:38:37,383]: [Iron.py]: Run: 29:       INFO:    [Imagination Phase Completed]
[2025-05-16 11:38:41,339]: [Phone_Scraper.py]: Scrap: 58:       INFO:    [Data Scraped]
[2025-05-16 11:38:41,339]: [Phone_Scraper.py]: Scrap: 71:       INFO:    [Scraped Data Successfully]
[2025-05-16 11:38:41,339]: [Phone.py]: Run: 26:       INFO:    [Scraping Phase Complete]
[2025-05-16 11:38:41,339]: [Phone_Data_Processor.py]: data_reader: 38:       INFO:    [Scraped Data Loaded]
[2025-05-16 11:38:41,341]: [Phone_Data_Processor.py]: filter_list: 65:       INFO:    [Persian Phrases Are deleted]
[2025-05-16 11:38:41,341]: [Phone_Data_Processor.py]: reshape_list: 87:       INFO:    [Date Reshaped]
[2025-05-16 11:38:41,341]: [Phone_Data_Processor.py]: separate_brands: 124:       INFO:    [Brands Are Separated]
[2025-05-16 11:38:41,342]: [Phone_Data_Processor.py]: delete_extra_spaces: 141:       INFO:    [Extra Spaces Are Deleted]
[2025-05-16 11:38:42,127]: [Phone.py]: Run: 29:       INFO:    [Imagination Phase Complete]
[2025-05-16 11:38:42,127]: [selector_events.py]: __init__: 64:       DEBUG:    [Using selector: EpollSelector]
[2025-05-16 11:38:42,410]: [_bot.py]: _do_post: 643:       DEBUG:    [Calling Bot API endpoint `getMe` with parameters `{}`]
[2025-05-16 11:38:42,414]: [_trace.py]: atrace: 87:       DEBUG:    [connect_tcp.started host='api.telegram.org' port=443 local_address=None timeout=5.0 socket_options=None]
[2025-05-16 11:38:42,563]: [_trace.py]: atrace: 87:       DEBUG:    [connect_tcp.complete return_value=<httpcore._backends.anyio.AnyIOStream object at 0x7ff0a2ff0f80>]
[2025-05-16 11:38:42,563]: [_trace.py]: atrace: 87:       DEBUG:    [start_tls.started ssl_context=<ssl.SSLContext object at 0x7ff0a2e737d0> server_hostname='api.telegram.org' timeout=5.0]
[2025-05-16 11:38:42,669]: [_trace.py]: atrace: 87:       DEBUG:    [start_tls.complete return_value=<httpcore._backends.anyio.AnyIOStream object at 0x7ff0a3157f20>]
[2025-05-16 11:38:42,670]: [_trace.py]: atrace: 87:       DEBUG:    [send_request_headers.started request=<Request [b'POST']>]
[2025-05-16 11:38:42,670]: [_trace.py]: atrace: 87:       DEBUG:    [send_request_headers.complete]
[2025-05-16 11:38:42,670]: [_trace.py]: atrace: 87:       DEBUG:    [send_request_body.started request=<Request [b'POST']>]
[2025-05-16 11:38:42,670]: [_trace.py]: atrace: 87:       DEBUG:    [send_request_body.complete]
[2025-05-16 11:38:42,670]: [_trace.py]: atrace: 87:       DEBUG:    [receive_response_headers.started request=<Request [b'POST']>]
[2025-05-16 11:38:42,778]: [_trace.py]: atrace: 87:       DEBUG:    [receive_response_headers.complete return_value=(b'HTTP/1.1', 200, b'OK', [(b'Server', b'nginx/1.18.0'), (b'Date', b'Fri, 16 May 2025 11:38:42 GMT'), (b'Content-Type', b'application/json'), (b'Content-Length', b'258'), (b'Connection', b'keep-alive'), (b'Strict-Transport-Security', b'max-age=31536000; includeSubDomains; preload'), (b'Access-Control-Allow-Origin', b'*'), (b'Access-Control-Allow-Methods', b'GET, POST, OPTIONS'), (b'Access-Control-Expose-Headers', b'Content-Length,Content-Type,Date,Server,Connection')])]
[2025-05-16 11:38:42,778]: [_client.py]: _send_single_request: 1740:       INFO:    [HTTP Request: POST https://api.telegram.org/bot6030805959:AAGUHAMxLYc-PrevgKouJ3ZyM7ktu56ftjo/getMe "HTTP/1.1 200 OK"]
[2025-05-16 11:38:42,778]: [_trace.py]: atrace: 87:       DEBUG:    [receive_response_body.started request=<Request [b'POST']>]
[2025-05-16 11:38:42,778]: [_trace.py]: atrace: 87:       DEBUG:    [receive_response_body.complete]
[2025-05-16 11:38:42,779]: [_trace.py]: atrace: 87:       DEBUG:    [response_closed.started]
[2025-05-16 11:38:42,779]: [_trace.py]: atrace: 87:       DEBUG:    [response_closed.complete]
[2025-05-16 11:38:42,779]: [_bot.py]: _do_post: 652:       DEBUG:    [Call to Bot API endpoint `getMe` finished with return value `{'id': 6030805959, 'is_bot': True, 'first_name': 'TyPHoone', 'username': 'TyPHoone_Project_bot', 'can_join_groups': True, 'can_read_all_group_messages': False, 'supports_inline_queries': False, 'can_connect_to_business': False, 'has_main_web_app': False}`]
[2025-05-16 11:38:42,782]: [_bot.py]: _do_post: 643:       DEBUG:    [Calling Bot API endpoint `sendDocument` with parameters `{'chat_id': '-4119703192', 'document': <telegram._files.inputfile.InputFile object at 0x7ff0a24e1040>}`]
[2025-05-16 11:38:42,782]: [_trace.py]: atrace: 87:       DEBUG:    [send_request_headers.started request=<Request [b'POST']>]
[2025-05-16 11:38:42,782]: [_trace.py]: atrace: 87:       DEBUG:    [send_request_headers.complete]
[2025-05-16 11:38:42,783]: [_trace.py]: atrace: 87:       DEBUG:    [send_request_body.started request=<Request [b'POST']>]
[2025-05-16 11:38:42,783]: [_trace.py]: atrace: 87:       DEBUG:    [send_request_body.complete]
[2025-05-16 11:38:42,783]: [_trace.py]: atrace: 87:       DEBUG:    [receive_response_headers.started request=<Request [b'POST']>]
[2025-05-16 11:38:42,925]: [_trace.py]: atrace: 87:       DEBUG:    [receive_response_headers.complete return_value=(b'HTTP/1.1', 200, b'OK', [(b'Server', b'nginx/1.18.0'), (b'Date', b'Fri, 16 May 2025 11:38:42 GMT'), (b'Content-Type', b'application/json'), (b'Content-Length', b'584'), (b'Connection', b'keep-alive'), (b'Strict-Transport-Security', b'max-age=31536000; includeSubDomains; preload'), (b'Access-Control-Allow-Origin', b'*'), (b'Access-Control-Allow-Methods', b'GET, POST, OPTIONS'), (b'Access-Control-Expose-Headers', b'Content-Length,Content-Type,Date,Server,Connection')])]
[2025-05-16 11:38:42,925]: [_client.py]: _send_single_request: 1740:       INFO:    [HTTP Request: POST https://api.telegram.org/bot6030805959:AAGUHAMxLYc-PrevgKouJ3ZyM7ktu56ftjo/sendDocument "HTTP/1.1 200 OK"]
[2025-05-16 11:38:42,926]: [_trace.py]: atrace: 87:       DEBUG:    [receive_response_body.started request=<Request [b'POST']>]
[2025-05-16 11:38:42,926]: [_trace.py]: atrace: 87:       DEBUG:    [receive_response_body.complete]
[2025-05-16 11:38:42,926]: [_trace.py]: atrace: 87:       DEBUG:    [response_closed.started]
[2025-05-16 11:38:42,926]: [_trace.py]: atrace: 87:       DEBUG:    [response_closed.complete]
[2025-05-16 11:38:42,926]: [_bot.py]: _do_post: 652:       DEBUG:    [Call to Bot API endpoint `sendDocument` finished with return value `{'message_id': 2357, 'from': {'id': 6030805959, 'is_bot': True, 'first_name': 'TyPHoone', 'username': 'TyPHoone_Project_bot'}, 'chat': {'id': -4119703192, 'title': 'Robocop', 'type': 'group', 'all_members_are_administrators': True, 'accepted_gift_types': {'unlimited_gifts': False, 'limited_gifts': False, 'unique_gifts': False, 'premium_subscription': False}}, 'date': 1747395522, 'document': {'file_name': '(2025_05_16--11_38).log', 'mime_type': 'text/plain', 'file_id': 'BQACAgQAAxkDAAIJNWgnI8KxW62NN6auS3cJ4R_XVqTsAAKzFwACNT84UXaePTowxc4eNgQ', 'file_unique_id': 'AgADsxcAAjU_OFE', 'file_size': 5937}}`]
[2025-05-16 11:38:42,927]: [_trace.py]: atrace: 87:       DEBUG:    [close.started]
[2025-05-16 11:38:42,927]: [_trace.py]: atrace: 87:       DEBUG:    [close.complete]
[2025-05-16 11:38:42,970]: [_bot.py]: _do_post: 643:       DEBUG:    [Calling Bot API endpoint `getMe` with parameters `{}`]
[2025-05-16 11:38:42,970]: [_trace.py]: atrace: 87:       DEBUG:    [connect_tcp.started host='api.telegram.org' port=443 local_address=None timeout=5.0 socket_options=None]
[2025-05-16 11:38:43,074]: [_trace.py]: atrace: 87:       DEBUG:    [connect_tcp.complete return_value=<httpcore._backends.anyio.AnyIOStream object at 0x7ff0a239deb0>]
[2025-05-16 11:38:43,075]: [_trace.py]: atrace: 87:       DEBUG:    [start_tls.started ssl_context=<ssl.SSLContext object at 0x7ff0a2e736d0> server_hostname='api.telegram.org' timeout=5.0]
[2025-05-16 11:38:43,180]: [_trace.py]: atrace: 87:       DEBUG:    [start_tls.complete return_value=<httpcore._backends.anyio.AnyIOStream object at 0x7ff0a30b7e60>]
[2025-05-16 11:38:43,180]: [_trace.py]: atrace: 87:       DEBUG:    [send_request_headers.started request=<Request [b'POST']>]
[2025-05-16 11:38:43,180]: [_trace.py]: atrace: 87:       DEBUG:    [send_request_headers.complete]
[2025-05-16 11:38:43,180]: [_trace.py]: atrace: 87:       DEBUG:    [send_request_body.started request=<Request [b'POST']>]
[2025-05-16 11:38:43,180]: [_trace.py]: atrace: 87:       DEBUG:    [send_request_body.complete]
[2025-05-16 11:38:43,180]: [_trace.py]: atrace: 87:       DEBUG:    [receive_response_headers.started request=<Request [b'POST']>]
[2025-05-16 11:38:43,284]: [_trace.py]: atrace: 87:       DEBUG:    [receive_response_headers.complete return_value=(b'HTTP/1.1', 200, b'OK', [(b'Server', b'nginx/1.18.0'), (b'Date', b'Fri, 16 May 2025 11:38:43 GMT'), (b'Content-Type', b'application/json'), (b'Content-Length', b'258'), (b'Connection', b'keep-alive'), (b'Strict-Transport-Security', b'max-age=31536000; includeSubDomains; preload'), (b'Access-Control-Allow-Origin', b'*'), (b'Access-Control-Allow-Methods', b'GET, POST, OPTIONS'), (b'Access-Control-Expose-Headers', b'Content-Length,Content-Type,Date,Server,Connection')])]
[2025-05-16 11:38:43,284]: [_client.py]: _send_single_request: 1740:       INFO:    [HTTP Request: POST https://api.telegram.org/bot6030805959:AAGUHAMxLYc-PrevgKouJ3ZyM7ktu56ftjo/getMe "HTTP/1.1 200 OK"]
[2025-05-16 11:38:43,284]: [_trace.py]: atrace: 87:       DEBUG:    [receive_response_body.started request=<Request [b'POST']>]
[2025-05-16 11:38:43,284]: [_trace.py]: atrace: 87:       DEBUG:    [receive_response_body.complete]
[2025-05-16 11:38:43,284]: [_trace.py]: atrace: 87:       DEBUG:    [response_closed.started]
[2025-05-16 11:38:43,284]: [_trace.py]: atrace: 87:       DEBUG:    [response_closed.complete]
[2025-05-16 11:38:43,285]: [_bot.py]: _do_post: 652:       DEBUG:    [Call to Bot API endpoint `getMe` finished with return value `{'id': 6030805959, 'is_bot': True, 'first_name': 'TyPHoone', 'username': 'TyPHoone_Project_bot', 'can_join_groups': True, 'can_read_all_group_messages': False, 'supports_inline_queries': False, 'can_connect_to_business': False, 'has_main_web_app': False}`]
[2025-05-16 11:38:43,287]: [_bot.py]: _do_post: 643:       DEBUG:    [Calling Bot API endpoint `sendDocument` with parameters `{'chat_id': '-4119703192', 'document': <telegram._files.inputfile.InputFile object at 0x7ff0a2ebe000>}`]
[2025-05-16 11:38:43,287]: [_trace.py]: atrace: 87:       DEBUG:    [send_request_headers.started request=<Request [b'POST']>]
[2025-05-16 11:38:43,288]: [_trace.py]: atrace: 87:       DEBUG:    [send_request_headers.complete]
[2025-05-16 11:38:43,288]: [_trace.py]: atrace: 87:       DEBUG:    [send_request_body.started request=<Request [b'POST']>]
[2025-05-16 11:38:44,272]: [_trace.py]: atrace: 87:       DEBUG:    [send_request_body.complete]
[2025-05-16 11:38:44,272]: [_trace.py]: atrace: 87:       DEBUG:    [receive_response_headers.started request=<Request [b'POST']>]
[2025-05-16 11:38:44,955]: [_trace.py]: atrace: 87:       DEBUG:    [receive_response_headers.complete return_value=(b'HTTP/1.1', 200, b'OK', [(b'Server', b'nginx/1.18.0'), (b'Date', b'Fri, 16 May 2025 11:38:44 GMT'), (b'Content-Type', b'application/json'), (b'Content-Length', b'599'), (b'Connection', b'keep-alive'), (b'Strict-Transport-Security', b'max-age=31536000; includeSubDomains; preload'), (b'Access-Control-Allow-Origin', b'*'), (b'Access-Control-Allow-Methods', b'GET, POST, OPTIONS'), (b'Access-Control-Expose-Headers', b'Content-Length,Content-Type,Date,Server,Connection')])]
[2025-05-16 11:38:44,955]: [_client.py]: _send_single_request: 1740:       INFO:    [HTTP Request: POST https://api.telegram.org/bot6030805959:AAGUHAMxLYc-PrevgKouJ3ZyM7ktu56ftjo/sendDocument "HTTP/1.1 200 OK"]
[2025-05-16 11:38:44,955]: [_trace.py]: atrace: 87:       DEBUG:    [receive_response_body.started request=<Request [b'POST']>]
[2025-05-16 11:38:44,955]: [_trace.py]: atrace: 87:       DEBUG:    [receive_response_body.complete]
[2025-05-16 11:38:44,955]: [_trace.py]: atrace: 87:       DEBUG:    [response_closed.started]
[2025-05-16 11:38:44,955]: [_trace.py]: atrace: 87:       DEBUG:    [response_closed.complete]
[2025-05-16 11:38:44,955]: [_bot.py]: _do_post: 652:       DEBUG:    [Call to Bot API endpoint `sendDocument` finished with return value `{'message_id': 2358, 'from': {'id': 6030805959, 'is_bot': True, 'first_name': 'TyPHoone', 'username': 'TyPHoone_Project_bot'}, 'chat': {'id': -4119703192, 'title': 'Robocop', 'type': 'group', 'all_members_are_administrators': True, 'accepted_gift_types': {'unlimited_gifts': False, 'limited_gifts': False, 'unique_gifts': False, 'premium_subscription': False}}, 'date': 1747395524, 'document': {'file_name': '(2025_05_16--11_38)output.zip', 'mime_type': 'application/zip', 'file_id': 'BQACAgQAAxkDAAIJNmgnI8RQoorHQmW1ZCX88kk4Z4DmAAK0FwACNT84UYJeOlcefiG_NgQ', 'file_unique_id': 'AgADtBcAAjU_OFE', 'file_size': 10287997}}`]
[2025-05-16 11:38:44,956]: [_trace.py]: atrace: 87:       DEBUG:    [close.started]
[2025-05-16 11:38:44,956]: [_trace.py]: atrace: 87:       DEBUG:    [close.complete]
[2025-05-16 11:38:44,956]: [Telegram_Sender.py]: runner: 61:       INFO:    [sent successfully]
[2025-05-16 11:38:44,957]: [Main.py]: <module>: 48:       INFO:    [Finished]
