[2025-03-11 11:38:05,337]: [Main.py]: <module>: 21:       INFO:    [Started]
[2025-03-11 11:38:06,734]: [Iron_Scraper.py]: Scrap: 32:       INFO:    [Data Scaraped Successfully]
[2025-03-11 11:38:06,931]: [Iron_Scraper.py]: Scrap: 70:       INFO:    [Scrapped Data Has No Problem]
[2025-03-11 11:38:06,931]: [Iron_Scraper.py]: Scrap: 83:       INFO:    [Data Saved Successfully]
[2025-03-11 11:38:06,931]: [Iron.py]: Run: 26:       INFO:    [Scraping Phase Completed]
[2025-03-11 11:38:06,932]: [Iron_Data_Processor.py]: Data_Reader: 61:       INFO:    [Data File Has Been Red Successfully]
[2025-03-11 11:38:06,932]: [Iron_Data_Processor.py]: Shaper: 78:       INFO:    [Data Shaped]
[2025-03-11 11:38:06,932]: [Iron_Data_Processor.py]: Process: 228:       INFO:    [Data Cleaned]
[2025-03-11 11:38:06,932]: [Iron_Data_Processor.py]: Make_Pages_Objects: 101:       INFO:    [Page Objects Has Been Made]
[2025-03-11 11:38:06,932]: [Iron_Data_Processor.py]: Make_Pages_Objects: 101:       INFO:    [Page Objects Has Been Made]
[2025-03-11 11:38:06,932]: [Iron_Data_Processor.py]: Load_Data: 118:       INFO:    [Data Has Been Load]
[2025-03-11 11:38:06,932]: [Iron_Data_Processor.py]: Load_Data: 118:       INFO:    [Data Has Been Load]
[2025-03-11 11:38:06,932]: [Iron_Data_Processor.py]: Load_positions: 140:       INFO:    [Positions Are Ready]
[2025-03-11 11:38:06,933]: [Iron_Data_Processor.py]: Load_positions: 140:       INFO:    [Positions Are Ready]
[2025-03-11 11:38:08,043]: [Iron_Data_Processor.py]: Make_Tagged_Images: 193:       INFO:    [Images Has Been Made]
[2025-03-11 11:38:08,986]: [Iron_Data_Processor.py]: Make_Tagged_Images: 193:       INFO:    [Images Has Been Made]
[2025-03-11 11:38:09,241]: [Iron_Data_Processor.py]: Make_Cover_Page: 215:       INFO:    [Made Cover Pages]
[2025-03-11 11:38:09,241]: [Iron.py]: Run: 29:       INFO:    [Imagination Phase Completed]
[2025-03-11 11:38:12,709]: [Phone_Scraper.py]: Scrap: 58:       INFO:    [Data Scraped]
[2025-03-11 11:38:12,709]: [Phone_Scraper.py]: Scrap: 71:       INFO:    [Scraped Data Successfully]
[2025-03-11 11:38:12,709]: [Phone.py]: Run: 26:       INFO:    [Scraping Phase Complete]
[2025-03-11 11:38:12,710]: [Phone_Data_Processor.py]: data_reader: 38:       INFO:    [Scraped Data Loaded]
[2025-03-11 11:38:12,711]: [Phone_Data_Processor.py]: filter_list: 65:       INFO:    [Persian Phrases Are deleted]
[2025-03-11 11:38:12,711]: [Phone_Data_Processor.py]: reshape_list: 87:       INFO:    [Date Reshaped]
[2025-03-11 11:38:12,711]: [Phone_Data_Processor.py]: separate_brands: 124:       INFO:    [Brands Are Separated]
[2025-03-11 11:38:12,712]: [Phone_Data_Processor.py]: delete_extra_spaces: 141:       INFO:    [Extra Spaces Are Deleted]
[2025-03-11 11:38:13,440]: [Phone.py]: Run: 29:       INFO:    [Imagination Phase Complete]
[2025-03-11 11:38:13,440]: [selector_events.py]: __init__: 64:       DEBUG:    [Using selector: EpollSelector]
[2025-03-11 11:38:13,719]: [_bot.py]: _do_post: 643:       DEBUG:    [Calling Bot API endpoint `getMe` with parameters `{}`]
[2025-03-11 11:38:13,724]: [_trace.py]: atrace: 87:       DEBUG:    [connect_tcp.started host='api.telegram.org' port=443 local_address=None timeout=5.0 socket_options=None]
[2025-03-11 11:38:13,843]: [_trace.py]: atrace: 87:       DEBUG:    [connect_tcp.complete return_value=<httpcore._backends.anyio.AnyIOStream object at 0x7f7aeed28e30>]
[2025-03-11 11:38:13,843]: [_trace.py]: atrace: 87:       DEBUG:    [start_tls.started ssl_context=<ssl.SSLContext object at 0x7f7aef73f4d0> server_hostname='api.telegram.org' timeout=5.0]
[2025-03-11 11:38:13,930]: [_trace.py]: atrace: 87:       DEBUG:    [start_tls.complete return_value=<httpcore._backends.anyio.AnyIOStream object at 0x7f7aeff4f5f0>]
[2025-03-11 11:38:13,931]: [_trace.py]: atrace: 87:       DEBUG:    [send_request_headers.started request=<Request [b'POST']>]
[2025-03-11 11:38:13,931]: [_trace.py]: atrace: 87:       DEBUG:    [send_request_headers.complete]
[2025-03-11 11:38:13,931]: [_trace.py]: atrace: 87:       DEBUG:    [send_request_body.started request=<Request [b'POST']>]
[2025-03-11 11:38:13,931]: [_trace.py]: atrace: 87:       DEBUG:    [send_request_body.complete]
[2025-03-11 11:38:13,931]: [_trace.py]: atrace: 87:       DEBUG:    [receive_response_headers.started request=<Request [b'POST']>]
[2025-03-11 11:38:14,017]: [_trace.py]: atrace: 87:       DEBUG:    [receive_response_headers.complete return_value=(b'HTTP/1.1', 200, b'OK', [(b'Server', b'nginx/1.18.0'), (b'Date', b'Tue, 11 Mar 2025 11:38:13 GMT'), (b'Content-Type', b'application/json'), (b'Content-Length', b'258'), (b'Connection', b'keep-alive'), (b'Strict-Transport-Security', b'max-age=31536000; includeSubDomains; preload'), (b'Access-Control-Allow-Origin', b'*'), (b'Access-Control-Allow-Methods', b'GET, POST, OPTIONS'), (b'Access-Control-Expose-Headers', b'Content-Length,Content-Type,Date,Server,Connection')])]
[2025-03-11 11:38:14,017]: [_client.py]: _send_single_request: 1740:       INFO:    [HTTP Request: POST https://api.telegram.org/bot6030805959:AAGUHAMxLYc-PrevgKouJ3ZyM7ktu56ftjo/getMe "HTTP/1.1 200 OK"]
[2025-03-11 11:38:14,017]: [_trace.py]: atrace: 87:       DEBUG:    [receive_response_body.started request=<Request [b'POST']>]
[2025-03-11 11:38:14,017]: [_trace.py]: atrace: 87:       DEBUG:    [receive_response_body.complete]
[2025-03-11 11:38:14,018]: [_trace.py]: atrace: 87:       DEBUG:    [response_closed.started]
[2025-03-11 11:38:14,018]: [_trace.py]: atrace: 87:       DEBUG:    [response_closed.complete]
[2025-03-11 11:38:14,018]: [_bot.py]: _do_post: 652:       DEBUG:    [Call to Bot API endpoint `getMe` finished with return value `{'id': 6030805959, 'is_bot': True, 'first_name': 'TyPHoone', 'username': 'TyPHoone_Project_bot', 'can_join_groups': True, 'can_read_all_group_messages': False, 'supports_inline_queries': False, 'can_connect_to_business': False, 'has_main_web_app': False}`]
[2025-03-11 11:38:14,021]: [_bot.py]: _do_post: 643:       DEBUG:    [Calling Bot API endpoint `sendDocument` with parameters `{'chat_id': '-4119703192', 'document': <telegram._files.inputfile.InputFile object at 0x7f7aeed18f40>}`]
[2025-03-11 11:38:14,021]: [_trace.py]: atrace: 87:       DEBUG:    [send_request_headers.started request=<Request [b'POST']>]
[2025-03-11 11:38:14,021]: [_trace.py]: atrace: 87:       DEBUG:    [send_request_headers.complete]
[2025-03-11 11:38:14,021]: [_trace.py]: atrace: 87:       DEBUG:    [send_request_body.started request=<Request [b'POST']>]
[2025-03-11 11:38:14,022]: [_trace.py]: atrace: 87:       DEBUG:    [send_request_body.complete]
[2025-03-11 11:38:14,022]: [_trace.py]: atrace: 87:       DEBUG:    [receive_response_headers.started request=<Request [b'POST']>]
[2025-03-11 11:38:14,243]: [_trace.py]: atrace: 87:       DEBUG:    [receive_response_headers.complete return_value=(b'HTTP/1.1', 200, b'OK', [(b'Server', b'nginx/1.18.0'), (b'Date', b'Tue, 11 Mar 2025 11:38:14 GMT'), (b'Content-Type', b'application/json'), (b'Content-Length', b'464'), (b'Connection', b'keep-alive'), (b'Strict-Transport-Security', b'max-age=31536000; includeSubDomains; preload'), (b'Access-Control-Allow-Origin', b'*'), (b'Access-Control-Allow-Methods', b'GET, POST, OPTIONS'), (b'Access-Control-Expose-Headers', b'Content-Length,Content-Type,Date,Server,Connection')])]
[2025-03-11 11:38:14,243]: [_client.py]: _send_single_request: 1740:       INFO:    [HTTP Request: POST https://api.telegram.org/bot6030805959:AAGUHAMxLYc-PrevgKouJ3ZyM7ktu56ftjo/sendDocument "HTTP/1.1 200 OK"]
[2025-03-11 11:38:14,243]: [_trace.py]: atrace: 87:       DEBUG:    [receive_response_body.started request=<Request [b'POST']>]
[2025-03-11 11:38:14,243]: [_trace.py]: atrace: 87:       DEBUG:    [receive_response_body.complete]
[2025-03-11 11:38:14,243]: [_trace.py]: atrace: 87:       DEBUG:    [response_closed.started]
[2025-03-11 11:38:14,243]: [_trace.py]: atrace: 87:       DEBUG:    [response_closed.complete]
[2025-03-11 11:38:14,243]: [_bot.py]: _do_post: 652:       DEBUG:    [Call to Bot API endpoint `sendDocument` finished with return value `{'message_id': 2225, 'from': {'id': 6030805959, 'is_bot': True, 'first_name': 'TyPHoone', 'username': 'TyPHoone_Project_bot'}, 'chat': {'id': -4119703192, 'title': 'Robocop', 'type': 'group', 'all_members_are_administrators': True}, 'date': 1741693094, 'document': {'file_name': '(2025_03_11--11_38).log', 'mime_type': 'text/plain', 'file_id': 'BQACAgQAAxkDAAIIsWfQIKYNx7yO5GwWV75q5Bys-2kqAAK9FgACUD-BUkMLD4KkTO5rNgQ', 'file_unique_id': 'AgADvRYAAlA_gVI', 'file_size': 5937}}`]
[2025-03-11 11:38:14,244]: [_trace.py]: atrace: 87:       DEBUG:    [close.started]
[2025-03-11 11:38:14,244]: [_trace.py]: atrace: 87:       DEBUG:    [close.complete]
[2025-03-11 11:38:14,288]: [_bot.py]: _do_post: 643:       DEBUG:    [Calling Bot API endpoint `getMe` with parameters `{}`]
[2025-03-11 11:38:14,289]: [_trace.py]: atrace: 87:       DEBUG:    [connect_tcp.started host='api.telegram.org' port=443 local_address=None timeout=5.0 socket_options=None]
[2025-03-11 11:38:14,375]: [_trace.py]: atrace: 87:       DEBUG:    [connect_tcp.complete return_value=<httpcore._backends.anyio.AnyIOStream object at 0x7f7aeed717c0>]
[2025-03-11 11:38:14,375]: [_trace.py]: atrace: 87:       DEBUG:    [start_tls.started ssl_context=<ssl.SSLContext object at 0x7f7aef73f2d0> server_hostname='api.telegram.org' timeout=5.0]
[2025-03-11 11:38:14,462]: [_trace.py]: atrace: 87:       DEBUG:    [start_tls.complete return_value=<httpcore._backends.anyio.AnyIOStream object at 0x7f7aeff9e9c0>]
[2025-03-11 11:38:14,462]: [_trace.py]: atrace: 87:       DEBUG:    [send_request_headers.started request=<Request [b'POST']>]
[2025-03-11 11:38:14,462]: [_trace.py]: atrace: 87:       DEBUG:    [send_request_headers.complete]
[2025-03-11 11:38:14,462]: [_trace.py]: atrace: 87:       DEBUG:    [send_request_body.started request=<Request [b'POST']>]
[2025-03-11 11:38:14,462]: [_trace.py]: atrace: 87:       DEBUG:    [send_request_body.complete]
[2025-03-11 11:38:14,462]: [_trace.py]: atrace: 87:       DEBUG:    [receive_response_headers.started request=<Request [b'POST']>]
[2025-03-11 11:38:14,547]: [_trace.py]: atrace: 87:       DEBUG:    [receive_response_headers.complete return_value=(b'HTTP/1.1', 200, b'OK', [(b'Server', b'nginx/1.18.0'), (b'Date', b'Tue, 11 Mar 2025 11:38:14 GMT'), (b'Content-Type', b'application/json'), (b'Content-Length', b'258'), (b'Connection', b'keep-alive'), (b'Strict-Transport-Security', b'max-age=31536000; includeSubDomains; preload'), (b'Access-Control-Allow-Origin', b'*'), (b'Access-Control-Allow-Methods', b'GET, POST, OPTIONS'), (b'Access-Control-Expose-Headers', b'Content-Length,Content-Type,Date,Server,Connection')])]
[2025-03-11 11:38:14,547]: [_client.py]: _send_single_request: 1740:       INFO:    [HTTP Request: POST https://api.telegram.org/bot6030805959:AAGUHAMxLYc-PrevgKouJ3ZyM7ktu56ftjo/getMe "HTTP/1.1 200 OK"]
[2025-03-11 11:38:14,547]: [_trace.py]: atrace: 87:       DEBUG:    [receive_response_body.started request=<Request [b'POST']>]
[2025-03-11 11:38:14,547]: [_trace.py]: atrace: 87:       DEBUG:    [receive_response_body.complete]
[2025-03-11 11:38:14,547]: [_trace.py]: atrace: 87:       DEBUG:    [response_closed.started]
[2025-03-11 11:38:14,547]: [_trace.py]: atrace: 87:       DEBUG:    [response_closed.complete]
[2025-03-11 11:38:14,548]: [_bot.py]: _do_post: 652:       DEBUG:    [Call to Bot API endpoint `getMe` finished with return value `{'id': 6030805959, 'is_bot': True, 'first_name': 'TyPHoone', 'username': 'TyPHoone_Project_bot', 'can_join_groups': True, 'can_read_all_group_messages': False, 'supports_inline_queries': False, 'can_connect_to_business': False, 'has_main_web_app': False}`]
[2025-03-11 11:38:14,550]: [_bot.py]: _do_post: 643:       DEBUG:    [Calling Bot API endpoint `sendDocument` with parameters `{'chat_id': '-4119703192', 'document': <telegram._files.inputfile.InputFile object at 0x7f7aeed6fbc0>}`]
[2025-03-11 11:38:14,551]: [_trace.py]: atrace: 87:       DEBUG:    [send_request_headers.started request=<Request [b'POST']>]
[2025-03-11 11:38:14,551]: [_trace.py]: atrace: 87:       DEBUG:    [send_request_headers.complete]
[2025-03-11 11:38:14,551]: [_trace.py]: atrace: 87:       DEBUG:    [send_request_body.started request=<Request [b'POST']>]
[2025-03-11 11:38:15,327]: [_trace.py]: atrace: 87:       DEBUG:    [send_request_body.complete]
[2025-03-11 11:38:15,327]: [_trace.py]: atrace: 87:       DEBUG:    [receive_response_headers.started request=<Request [b'POST']>]
[2025-03-11 11:38:16,043]: [_trace.py]: atrace: 87:       DEBUG:    [receive_response_headers.complete return_value=(b'HTTP/1.1', 200, b'OK', [(b'Server', b'nginx/1.18.0'), (b'Date', b'Tue, 11 Mar 2025 11:38:15 GMT'), (b'Content-Type', b'application/json'), (b'Content-Length', b'479'), (b'Connection', b'keep-alive'), (b'Strict-Transport-Security', b'max-age=31536000; includeSubDomains; preload'), (b'Access-Control-Allow-Origin', b'*'), (b'Access-Control-Allow-Methods', b'GET, POST, OPTIONS'), (b'Access-Control-Expose-Headers', b'Content-Length,Content-Type,Date,Server,Connection')])]
[2025-03-11 11:38:16,043]: [_client.py]: _send_single_request: 1740:       INFO:    [HTTP Request: POST https://api.telegram.org/bot6030805959:AAGUHAMxLYc-PrevgKouJ3ZyM7ktu56ftjo/sendDocument "HTTP/1.1 200 OK"]
[2025-03-11 11:38:16,043]: [_trace.py]: atrace: 87:       DEBUG:    [receive_response_body.started request=<Request [b'POST']>]
[2025-03-11 11:38:16,043]: [_trace.py]: atrace: 87:       DEBUG:    [receive_response_body.complete]
[2025-03-11 11:38:16,043]: [_trace.py]: atrace: 87:       DEBUG:    [response_closed.started]
[2025-03-11 11:38:16,043]: [_trace.py]: atrace: 87:       DEBUG:    [response_closed.complete]
[2025-03-11 11:38:16,043]: [_bot.py]: _do_post: 652:       DEBUG:    [Call to Bot API endpoint `sendDocument` finished with return value `{'message_id': 2226, 'from': {'id': 6030805959, 'is_bot': True, 'first_name': 'TyPHoone', 'username': 'TyPHoone_Project_bot'}, 'chat': {'id': -4119703192, 'title': 'Robocop', 'type': 'group', 'all_members_are_administrators': True}, 'date': 1741693095, 'document': {'file_name': '(2025_03_11--11_38)output.zip', 'mime_type': 'application/zip', 'file_id': 'BQACAgQAAxkDAAIIsmfQIKcOFTfh_-cHhYw9GsZ6vjYSAAK-FgACUD-BUi1wGNucMTySNgQ', 'file_unique_id': 'AgADvhYAAlA_gVI', 'file_size': 10084093}}`]
[2025-03-11 11:38:16,044]: [_trace.py]: atrace: 87:       DEBUG:    [close.started]
[2025-03-11 11:38:16,044]: [_trace.py]: atrace: 87:       DEBUG:    [close.complete]
[2025-03-11 11:38:16,044]: [Telegram_Sender.py]: runner: 61:       INFO:    [sent successfully]
[2025-03-11 11:38:16,045]: [Main.py]: <module>: 48:       INFO:    [Finished]
