[2025-04-09 11:38:18,056]: [Main.py]: <module>: 21:       INFO:    [Started]
[2025-04-09 11:38:19,715]: [Iron_Scraper.py]: Scrap: 32:       INFO:    [Data Scaraped Successfully]
[2025-04-09 11:38:19,911]: [Iron_Scraper.py]: Scrap: 70:       INFO:    [Scrapped Data Has No Problem]
[2025-04-09 11:38:19,911]: [Iron_Scraper.py]: Scrap: 83:       INFO:    [Data Saved Successfully]
[2025-04-09 11:38:19,911]: [Iron.py]: Run: 26:       INFO:    [Scraping Phase Completed]
[2025-04-09 11:38:19,912]: [Iron_Data_Processor.py]: Data_Reader: 61:       INFO:    [Data File Has Been Red Successfully]
[2025-04-09 11:38:19,912]: [Iron_Data_Processor.py]: Shaper: 78:       INFO:    [Data Shaped]
[2025-04-09 11:38:19,912]: [Iron_Data_Processor.py]: Process: 228:       INFO:    [Data Cleaned]
[2025-04-09 11:38:19,912]: [Iron_Data_Processor.py]: Make_Pages_Objects: 101:       INFO:    [Page Objects Has Been Made]
[2025-04-09 11:38:19,912]: [Iron_Data_Processor.py]: Make_Pages_Objects: 101:       INFO:    [Page Objects Has Been Made]
[2025-04-09 11:38:19,912]: [Iron_Data_Processor.py]: Load_Data: 118:       INFO:    [Data Has Been Load]
[2025-04-09 11:38:19,912]: [Iron_Data_Processor.py]: Load_Data: 118:       INFO:    [Data Has Been Load]
[2025-04-09 11:38:19,912]: [Iron_Data_Processor.py]: Load_positions: 140:       INFO:    [Positions Are Ready]
[2025-04-09 11:38:19,912]: [Iron_Data_Processor.py]: Load_positions: 140:       INFO:    [Positions Are Ready]
[2025-04-09 11:38:21,020]: [Iron_Data_Processor.py]: Make_Tagged_Images: 193:       INFO:    [Images Has Been Made]
[2025-04-09 11:38:21,966]: [Iron_Data_Processor.py]: Make_Tagged_Images: 193:       INFO:    [Images Has Been Made]
[2025-04-09 11:38:22,216]: [Iron_Data_Processor.py]: Make_Cover_Page: 215:       INFO:    [Made Cover Pages]
[2025-04-09 11:38:22,216]: [Iron.py]: Run: 29:       INFO:    [Imagination Phase Completed]
[2025-04-09 11:38:25,683]: [Phone_Scraper.py]: Scrap: 58:       INFO:    [Data Scraped]
[2025-04-09 11:38:25,683]: [Phone_Scraper.py]: Scrap: 71:       INFO:    [Scraped Data Successfully]
[2025-04-09 11:38:25,683]: [Phone.py]: Run: 26:       INFO:    [Scraping Phase Complete]
[2025-04-09 11:38:25,684]: [Phone_Data_Processor.py]: data_reader: 38:       INFO:    [Scraped Data Loaded]
[2025-04-09 11:38:25,684]: [Phone_Data_Processor.py]: filter_list: 65:       INFO:    [Persian Phrases Are deleted]
[2025-04-09 11:38:25,685]: [Phone_Data_Processor.py]: reshape_list: 87:       INFO:    [Date Reshaped]
[2025-04-09 11:38:25,685]: [Phone_Data_Processor.py]: separate_brands: 124:       INFO:    [Brands Are Separated]
[2025-04-09 11:38:25,686]: [Phone_Data_Processor.py]: delete_extra_spaces: 141:       INFO:    [Extra Spaces Are Deleted]
[2025-04-09 11:38:26,431]: [Phone.py]: Run: 29:       INFO:    [Imagination Phase Complete]
[2025-04-09 11:38:26,431]: [selector_events.py]: __init__: 64:       DEBUG:    [Using selector: EpollSelector]
[2025-04-09 11:38:26,709]: [_bot.py]: _do_post: 643:       DEBUG:    [Calling Bot API endpoint `getMe` with parameters `{}`]
[2025-04-09 11:38:26,713]: [_trace.py]: atrace: 87:       DEBUG:    [connect_tcp.started host='api.telegram.org' port=443 local_address=None timeout=5.0 socket_options=None]
[2025-04-09 11:38:26,860]: [_trace.py]: atrace: 87:       DEBUG:    [connect_tcp.complete return_value=<httpcore._backends.anyio.AnyIOStream object at 0x7f835626d790>]
[2025-04-09 11:38:26,860]: [_trace.py]: atrace: 87:       DEBUG:    [start_tls.started ssl_context=<ssl.SSLContext object at 0x7f83562a82d0> server_hostname='api.telegram.org' timeout=5.0]
[2025-04-09 11:38:26,953]: [_trace.py]: atrace: 87:       DEBUG:    [start_tls.complete return_value=<httpcore._backends.anyio.AnyIOStream object at 0x7f835585f620>]
[2025-04-09 11:38:26,953]: [_trace.py]: atrace: 87:       DEBUG:    [send_request_headers.started request=<Request [b'POST']>]
[2025-04-09 11:38:26,953]: [_trace.py]: atrace: 87:       DEBUG:    [send_request_headers.complete]
[2025-04-09 11:38:26,953]: [_trace.py]: atrace: 87:       DEBUG:    [send_request_body.started request=<Request [b'POST']>]
[2025-04-09 11:38:26,953]: [_trace.py]: atrace: 87:       DEBUG:    [send_request_body.complete]
[2025-04-09 11:38:26,954]: [_trace.py]: atrace: 87:       DEBUG:    [receive_response_headers.started request=<Request [b'POST']>]
[2025-04-09 11:38:27,101]: [_trace.py]: atrace: 87:       DEBUG:    [receive_response_headers.complete return_value=(b'HTTP/1.1', 200, b'OK', [(b'Server', b'nginx/1.18.0'), (b'Date', b'Wed, 09 Apr 2025 11:38:27 GMT'), (b'Content-Type', b'application/json'), (b'Content-Length', b'258'), (b'Connection', b'keep-alive'), (b'Strict-Transport-Security', b'max-age=31536000; includeSubDomains; preload'), (b'Access-Control-Allow-Origin', b'*'), (b'Access-Control-Allow-Methods', b'GET, POST, OPTIONS'), (b'Access-Control-Expose-Headers', b'Content-Length,Content-Type,Date,Server,Connection')])]
[2025-04-09 11:38:27,102]: [_client.py]: _send_single_request: 1740:       INFO:    [HTTP Request: POST https://api.telegram.org/bot6030805959:AAGUHAMxLYc-PrevgKouJ3ZyM7ktu56ftjo/getMe "HTTP/1.1 200 OK"]
[2025-04-09 11:38:27,102]: [_trace.py]: atrace: 87:       DEBUG:    [receive_response_body.started request=<Request [b'POST']>]
[2025-04-09 11:38:27,102]: [_trace.py]: atrace: 87:       DEBUG:    [receive_response_body.complete]
[2025-04-09 11:38:27,102]: [_trace.py]: atrace: 87:       DEBUG:    [response_closed.started]
[2025-04-09 11:38:27,102]: [_trace.py]: atrace: 87:       DEBUG:    [response_closed.complete]
[2025-04-09 11:38:27,102]: [_bot.py]: _do_post: 652:       DEBUG:    [Call to Bot API endpoint `getMe` finished with return value `{'id': 6030805959, 'is_bot': True, 'first_name': 'TyPHoone', 'username': 'TyPHoone_Project_bot', 'can_join_groups': True, 'can_read_all_group_messages': False, 'supports_inline_queries': False, 'can_connect_to_business': False, 'has_main_web_app': False}`]
[2025-04-09 11:38:27,105]: [_bot.py]: _do_post: 643:       DEBUG:    [Calling Bot API endpoint `sendDocument` with parameters `{'chat_id': '-4119703192', 'document': <telegram._files.inputfile.InputFile object at 0x7f8355895980>}`]
[2025-04-09 11:38:27,106]: [_trace.py]: atrace: 87:       DEBUG:    [send_request_headers.started request=<Request [b'POST']>]
[2025-04-09 11:38:27,106]: [_trace.py]: atrace: 87:       DEBUG:    [send_request_headers.complete]
[2025-04-09 11:38:27,106]: [_trace.py]: atrace: 87:       DEBUG:    [send_request_body.started request=<Request [b'POST']>]
[2025-04-09 11:38:27,106]: [_trace.py]: atrace: 87:       DEBUG:    [send_request_body.complete]
[2025-04-09 11:38:27,107]: [_trace.py]: atrace: 87:       DEBUG:    [receive_response_headers.started request=<Request [b'POST']>]
[2025-04-09 11:38:27,494]: [_trace.py]: atrace: 87:       DEBUG:    [receive_response_headers.complete return_value=(b'HTTP/1.1', 200, b'OK', [(b'Server', b'nginx/1.18.0'), (b'Date', b'Wed, 09 Apr 2025 11:38:27 GMT'), (b'Content-Type', b'application/json'), (b'Content-Length', b'584'), (b'Connection', b'keep-alive'), (b'Strict-Transport-Security', b'max-age=31536000; includeSubDomains; preload'), (b'Access-Control-Allow-Origin', b'*'), (b'Access-Control-Allow-Methods', b'GET, POST, OPTIONS'), (b'Access-Control-Expose-Headers', b'Content-Length,Content-Type,Date,Server,Connection')])]
[2025-04-09 11:38:27,495]: [_client.py]: _send_single_request: 1740:       INFO:    [HTTP Request: POST https://api.telegram.org/bot6030805959:AAGUHAMxLYc-PrevgKouJ3ZyM7ktu56ftjo/sendDocument "HTTP/1.1 200 OK"]
[2025-04-09 11:38:27,495]: [_trace.py]: atrace: 87:       DEBUG:    [receive_response_body.started request=<Request [b'POST']>]
[2025-04-09 11:38:27,495]: [_trace.py]: atrace: 87:       DEBUG:    [receive_response_body.complete]
[2025-04-09 11:38:27,495]: [_trace.py]: atrace: 87:       DEBUG:    [response_closed.started]
[2025-04-09 11:38:27,495]: [_trace.py]: atrace: 87:       DEBUG:    [response_closed.complete]
[2025-04-09 11:38:27,495]: [_bot.py]: _do_post: 652:       DEBUG:    [Call to Bot API endpoint `sendDocument` finished with return value `{'message_id': 2283, 'from': {'id': 6030805959, 'is_bot': True, 'first_name': 'TyPHoone', 'username': 'TyPHoone_Project_bot'}, 'chat': {'id': -4119703192, 'title': 'Robocop', 'type': 'group', 'all_members_are_administrators': True, 'accepted_gift_types': {'unlimited_gifts': False, 'limited_gifts': False, 'unique_gifts': False, 'premium_subscription': False}}, 'date': 1744198707, 'document': {'file_name': '(2025_04_09--11_38).log', 'mime_type': 'text/plain', 'file_id': 'BQACAgQAAxkDAAII62f2XDOvi7japCP-h34JbXf5Jr72AAIwFgACmkC4U7iMz2AJK-iXNgQ', 'file_unique_id': 'AgADMBYAAppAuFM', 'file_size': 5937}}`]
[2025-04-09 11:38:27,496]: [_trace.py]: atrace: 87:       DEBUG:    [close.started]
[2025-04-09 11:38:27,496]: [_trace.py]: atrace: 87:       DEBUG:    [close.complete]
[2025-04-09 11:38:27,541]: [_bot.py]: _do_post: 643:       DEBUG:    [Calling Bot API endpoint `getMe` with parameters `{}`]
[2025-04-09 11:38:27,542]: [_trace.py]: atrace: 87:       DEBUG:    [connect_tcp.started host='api.telegram.org' port=443 local_address=None timeout=5.0 socket_options=None]
[2025-04-09 11:38:27,628]: [_trace.py]: atrace: 87:       DEBUG:    [connect_tcp.complete return_value=<httpcore._backends.anyio.AnyIOStream object at 0x7f83558b3290>]
[2025-04-09 11:38:27,628]: [_trace.py]: atrace: 87:       DEBUG:    [start_tls.started ssl_context=<ssl.SSLContext object at 0x7f835623fbd0> server_hostname='api.telegram.org' timeout=5.0]
[2025-04-09 11:38:27,715]: [_trace.py]: atrace: 87:       DEBUG:    [start_tls.complete return_value=<httpcore._backends.anyio.AnyIOStream object at 0x7f8356cf0bf0>]
[2025-04-09 11:38:27,715]: [_trace.py]: atrace: 87:       DEBUG:    [send_request_headers.started request=<Request [b'POST']>]
[2025-04-09 11:38:27,715]: [_trace.py]: atrace: 87:       DEBUG:    [send_request_headers.complete]
[2025-04-09 11:38:27,715]: [_trace.py]: atrace: 87:       DEBUG:    [send_request_body.started request=<Request [b'POST']>]
[2025-04-09 11:38:27,715]: [_trace.py]: atrace: 87:       DEBUG:    [send_request_body.complete]
[2025-04-09 11:38:27,715]: [_trace.py]: atrace: 87:       DEBUG:    [receive_response_headers.started request=<Request [b'POST']>]
[2025-04-09 11:38:27,805]: [_trace.py]: atrace: 87:       DEBUG:    [receive_response_headers.complete return_value=(b'HTTP/1.1', 200, b'OK', [(b'Server', b'nginx/1.18.0'), (b'Date', b'Wed, 09 Apr 2025 11:38:27 GMT'), (b'Content-Type', b'application/json'), (b'Content-Length', b'258'), (b'Connection', b'keep-alive'), (b'Strict-Transport-Security', b'max-age=31536000; includeSubDomains; preload'), (b'Access-Control-Allow-Origin', b'*'), (b'Access-Control-Allow-Methods', b'GET, POST, OPTIONS'), (b'Access-Control-Expose-Headers', b'Content-Length,Content-Type,Date,Server,Connection')])]
[2025-04-09 11:38:27,805]: [_client.py]: _send_single_request: 1740:       INFO:    [HTTP Request: POST https://api.telegram.org/bot6030805959:AAGUHAMxLYc-PrevgKouJ3ZyM7ktu56ftjo/getMe "HTTP/1.1 200 OK"]
[2025-04-09 11:38:27,805]: [_trace.py]: atrace: 87:       DEBUG:    [receive_response_body.started request=<Request [b'POST']>]
[2025-04-09 11:38:27,806]: [_trace.py]: atrace: 87:       DEBUG:    [receive_response_body.complete]
[2025-04-09 11:38:27,806]: [_trace.py]: atrace: 87:       DEBUG:    [response_closed.started]
[2025-04-09 11:38:27,806]: [_trace.py]: atrace: 87:       DEBUG:    [response_closed.complete]
[2025-04-09 11:38:27,806]: [_bot.py]: _do_post: 652:       DEBUG:    [Call to Bot API endpoint `getMe` finished with return value `{'id': 6030805959, 'is_bot': True, 'first_name': 'TyPHoone', 'username': 'TyPHoone_Project_bot', 'can_join_groups': True, 'can_read_all_group_messages': False, 'supports_inline_queries': False, 'can_connect_to_business': False, 'has_main_web_app': False}`]
[2025-04-09 11:38:27,808]: [_bot.py]: _do_post: 643:       DEBUG:    [Calling Bot API endpoint `sendDocument` with parameters `{'chat_id': '-4119703192', 'document': <telegram._files.inputfile.InputFile object at 0x7f835629bac0>}`]
[2025-04-09 11:38:27,809]: [_trace.py]: atrace: 87:       DEBUG:    [send_request_headers.started request=<Request [b'POST']>]
[2025-04-09 11:38:27,809]: [_trace.py]: atrace: 87:       DEBUG:    [send_request_headers.complete]
[2025-04-09 11:38:27,809]: [_trace.py]: atrace: 87:       DEBUG:    [send_request_body.started request=<Request [b'POST']>]
[2025-04-09 11:38:28,574]: [_trace.py]: atrace: 87:       DEBUG:    [send_request_body.complete]
[2025-04-09 11:38:28,574]: [_trace.py]: atrace: 87:       DEBUG:    [receive_response_headers.started request=<Request [b'POST']>]
[2025-04-09 11:38:29,247]: [_trace.py]: atrace: 87:       DEBUG:    [receive_response_headers.complete return_value=(b'HTTP/1.1', 200, b'OK', [(b'Server', b'nginx/1.18.0'), (b'Date', b'Wed, 09 Apr 2025 11:38:29 GMT'), (b'Content-Type', b'application/json'), (b'Content-Length', b'599'), (b'Connection', b'keep-alive'), (b'Strict-Transport-Security', b'max-age=31536000; includeSubDomains; preload'), (b'Access-Control-Allow-Origin', b'*'), (b'Access-Control-Allow-Methods', b'GET, POST, OPTIONS'), (b'Access-Control-Expose-Headers', b'Content-Length,Content-Type,Date,Server,Connection')])]
[2025-04-09 11:38:29,247]: [_client.py]: _send_single_request: 1740:       INFO:    [HTTP Request: POST https://api.telegram.org/bot6030805959:AAGUHAMxLYc-PrevgKouJ3ZyM7ktu56ftjo/sendDocument "HTTP/1.1 200 OK"]
[2025-04-09 11:38:29,248]: [_trace.py]: atrace: 87:       DEBUG:    [receive_response_body.started request=<Request [b'POST']>]
[2025-04-09 11:38:29,248]: [_trace.py]: atrace: 87:       DEBUG:    [receive_response_body.complete]
[2025-04-09 11:38:29,248]: [_trace.py]: atrace: 87:       DEBUG:    [response_closed.started]
[2025-04-09 11:38:29,248]: [_trace.py]: atrace: 87:       DEBUG:    [response_closed.complete]
[2025-04-09 11:38:29,248]: [_bot.py]: _do_post: 652:       DEBUG:    [Call to Bot API endpoint `sendDocument` finished with return value `{'message_id': 2284, 'from': {'id': 6030805959, 'is_bot': True, 'first_name': 'TyPHoone', 'username': 'TyPHoone_Project_bot'}, 'chat': {'id': -4119703192, 'title': 'Robocop', 'type': 'group', 'all_members_are_administrators': True, 'accepted_gift_types': {'unlimited_gifts': False, 'limited_gifts': False, 'unique_gifts': False, 'premium_subscription': False}}, 'date': 1744198709, 'document': {'file_name': '(2025_04_09--11_38)output.zip', 'mime_type': 'application/zip', 'file_id': 'BQACAgQAAxkDAAII7Gf2XDRlUNseYQE_ym3WoN_Uql4BAAIxFgACmkC4U8LtEkPKeFPpNgQ', 'file_unique_id': 'AgADMRYAAppAuFM', 'file_size': 10141189}}`]
[2025-04-09 11:38:29,248]: [_trace.py]: atrace: 87:       DEBUG:    [close.started]
[2025-04-09 11:38:29,249]: [_trace.py]: atrace: 87:       DEBUG:    [close.complete]
[2025-04-09 11:38:29,249]: [Telegram_Sender.py]: runner: 61:       INFO:    [sent successfully]
[2025-04-09 11:38:29,249]: [Main.py]: <module>: 48:       INFO:    [Finished]
