[2024-09-08 11:38:53,956]: [Main.py]: <module>: 21:       INFO:    [Started]
[2024-09-08 11:38:55,496]: [Iron_Scraper.py]: Scrap: 32:       INFO:    [Data Scaraped Successfully]
[2024-09-08 11:38:55,679]: [Iron_Scraper.py]: Scrap: 70:       INFO:    [Scrapped Data Has No Problem]
[2024-09-08 11:38:55,679]: [Iron_Scraper.py]: Scrap: 83:       INFO:    [Data Saved Successfully]
[2024-09-08 11:38:55,679]: [Iron.py]: Run: 26:       INFO:    [Scraping Phase Completed]
[2024-09-08 11:38:55,679]: [Iron_Data_Processor.py]: Data_Reader: 61:       INFO:    [Data File Has Been Red Successfully]
[2024-09-08 11:38:55,679]: [Iron_Data_Processor.py]: Shaper: 78:       INFO:    [Data Shaped]
[2024-09-08 11:38:55,680]: [Iron_Data_Processor.py]: Process: 228:       INFO:    [Data Cleaned]
[2024-09-08 11:38:55,680]: [Iron_Data_Processor.py]: Make_Pages_Objects: 101:       INFO:    [Page Objects Has Been Made]
[2024-09-08 11:38:55,680]: [Iron_Data_Processor.py]: Make_Pages_Objects: 101:       INFO:    [Page Objects Has Been Made]
[2024-09-08 11:38:55,680]: [Iron_Data_Processor.py]: Load_Data: 118:       INFO:    [Data Has Been Load]
[2024-09-08 11:38:55,680]: [Iron_Data_Processor.py]: Load_Data: 118:       INFO:    [Data Has Been Load]
[2024-09-08 11:38:55,680]: [Iron_Data_Processor.py]: Load_positions: 140:       INFO:    [Positions Are Ready]
[2024-09-08 11:38:55,680]: [Iron_Data_Processor.py]: Load_positions: 140:       INFO:    [Positions Are Ready]
[2024-09-08 11:38:56,797]: [Iron_Data_Processor.py]: Make_Tagged_Images: 193:       INFO:    [Images Has Been Made]
[2024-09-08 11:38:57,752]: [Iron_Data_Processor.py]: Make_Tagged_Images: 193:       INFO:    [Images Has Been Made]
[2024-09-08 11:38:58,005]: [Iron_Data_Processor.py]: Make_Cover_Page: 215:       INFO:    [Made Cover Pages]
[2024-09-08 11:38:58,005]: [Iron.py]: Run: 29:       INFO:    [Imagination Phase Completed]
[2024-09-08 11:39:02,980]: [Phone_Scraper.py]: Scrap: 58:       INFO:    [Data Scraped]
[2024-09-08 11:39:02,980]: [Phone_Scraper.py]: Scrap: 71:       INFO:    [Scraped Data Successfully]
[2024-09-08 11:39:02,980]: [Phone.py]: Run: 26:       INFO:    [Scraping Phase Complete]
[2024-09-08 11:39:02,980]: [Phone_Data_Processor.py]: data_reader: 38:       INFO:    [Scraped Data Loaded]
[2024-09-08 11:39:02,981]: [Phone_Data_Processor.py]: filter_list: 65:       INFO:    [Persian Phrases Are deleted]
[2024-09-08 11:39:02,982]: [Phone_Data_Processor.py]: reshape_list: 87:       INFO:    [Date Reshaped]
[2024-09-08 11:39:02,982]: [Phone_Data_Processor.py]: separate_brands: 124:       INFO:    [Brands Are Separated]
[2024-09-08 11:39:02,983]: [Phone_Data_Processor.py]: delete_extra_spaces: 141:       INFO:    [Extra Spaces Are Deleted]
[2024-09-08 11:39:03,751]: [Phone.py]: Run: 29:       INFO:    [Imagination Phase Complete]
[2024-09-08 11:39:03,751]: [selector_events.py]: __init__: 64:       DEBUG:    [Using selector: EpollSelector]
[2024-09-08 11:39:04,090]: [_bot.py]: _do_post: 643:       DEBUG:    [Calling Bot API endpoint `getMe` with parameters `{}`]
[2024-09-08 11:39:04,094]: [_trace.py]: atrace: 85:       DEBUG:    [connect_tcp.started host='api.telegram.org' port=443 local_address=None timeout=5.0 socket_options=None]
[2024-09-08 11:39:04,227]: [_trace.py]: atrace: 85:       DEBUG:    [connect_tcp.complete return_value=<httpcore._backends.anyio.AnyIOStream object at 0x7f678777e5a0>]
[2024-09-08 11:39:04,227]: [_trace.py]: atrace: 85:       DEBUG:    [start_tls.started ssl_context=<ssl.SSLContext object at 0x7f6788143c50> server_hostname='api.telegram.org' timeout=5.0]
[2024-09-08 11:39:04,319]: [_trace.py]: atrace: 85:       DEBUG:    [start_tls.complete return_value=<httpcore._backends.anyio.AnyIOStream object at 0x7f6787ca4830>]
[2024-09-08 11:39:04,319]: [_trace.py]: atrace: 85:       DEBUG:    [send_request_headers.started request=<Request [b'POST']>]
[2024-09-08 11:39:04,319]: [_trace.py]: atrace: 85:       DEBUG:    [send_request_headers.complete]
[2024-09-08 11:39:04,319]: [_trace.py]: atrace: 85:       DEBUG:    [send_request_body.started request=<Request [b'POST']>]
[2024-09-08 11:39:04,319]: [_trace.py]: atrace: 85:       DEBUG:    [send_request_body.complete]
[2024-09-08 11:39:04,319]: [_trace.py]: atrace: 85:       DEBUG:    [receive_response_headers.started request=<Request [b'POST']>]
[2024-09-08 11:39:04,432]: [_trace.py]: atrace: 85:       DEBUG:    [receive_response_headers.complete return_value=(b'HTTP/1.1', 200, b'OK', [(b'Server', b'nginx/1.18.0'), (b'Date', b'Sun, 08 Sep 2024 11:39:04 GMT'), (b'Content-Type', b'application/json'), (b'Content-Length', b'258'), (b'Connection', b'keep-alive'), (b'Strict-Transport-Security', b'max-age=31536000; includeSubDomains; preload'), (b'Access-Control-Allow-Origin', b'*'), (b'Access-Control-Allow-Methods', b'GET, POST, OPTIONS'), (b'Access-Control-Expose-Headers', b'Content-Length,Content-Type,Date,Server,Connection')])]
[2024-09-08 11:39:04,432]: [_client.py]: _send_single_request: 1786:       INFO:    [HTTP Request: POST https://api.telegram.org/bot6030805959:AAGUHAMxLYc-PrevgKouJ3ZyM7ktu56ftjo/getMe "HTTP/1.1 200 OK"]
[2024-09-08 11:39:04,433]: [_trace.py]: atrace: 85:       DEBUG:    [receive_response_body.started request=<Request [b'POST']>]
[2024-09-08 11:39:04,433]: [_trace.py]: atrace: 85:       DEBUG:    [receive_response_body.complete]
[2024-09-08 11:39:04,433]: [_trace.py]: atrace: 85:       DEBUG:    [response_closed.started]
[2024-09-08 11:39:04,433]: [_trace.py]: atrace: 85:       DEBUG:    [response_closed.complete]
[2024-09-08 11:39:04,433]: [_bot.py]: _do_post: 652:       DEBUG:    [Call to Bot API endpoint `getMe` finished with return value `{'id': 6030805959, 'is_bot': True, 'first_name': 'TyPHoone', 'username': 'TyPHoone_Project_bot', 'can_join_groups': True, 'can_read_all_group_messages': False, 'supports_inline_queries': False, 'can_connect_to_business': False, 'has_main_web_app': False}`]
[2024-09-08 11:39:04,436]: [_bot.py]: _do_post: 643:       DEBUG:    [Calling Bot API endpoint `sendDocument` with parameters `{'chat_id': '-4119703192', 'document': <telegram._files.inputfile.InputFile object at 0x7f6787c77540>}`]
[2024-09-08 11:39:04,437]: [_trace.py]: atrace: 85:       DEBUG:    [send_request_headers.started request=<Request [b'POST']>]
[2024-09-08 11:39:04,437]: [_trace.py]: atrace: 85:       DEBUG:    [send_request_headers.complete]
[2024-09-08 11:39:04,437]: [_trace.py]: atrace: 85:       DEBUG:    [send_request_body.started request=<Request [b'POST']>]
[2024-09-08 11:39:04,438]: [_trace.py]: atrace: 85:       DEBUG:    [send_request_body.complete]
[2024-09-08 11:39:04,438]: [_trace.py]: atrace: 85:       DEBUG:    [receive_response_headers.started request=<Request [b'POST']>]
[2024-09-08 11:39:04,567]: [_trace.py]: atrace: 85:       DEBUG:    [receive_response_headers.complete return_value=(b'HTTP/1.1', 200, b'OK', [(b'Server', b'nginx/1.18.0'), (b'Date', b'Sun, 08 Sep 2024 11:39:04 GMT'), (b'Content-Type', b'application/json'), (b'Content-Length', b'464'), (b'Connection', b'keep-alive'), (b'Strict-Transport-Security', b'max-age=31536000; includeSubDomains; preload'), (b'Access-Control-Allow-Origin', b'*'), (b'Access-Control-Allow-Methods', b'GET, POST, OPTIONS'), (b'Access-Control-Expose-Headers', b'Content-Length,Content-Type,Date,Server,Connection')])]
[2024-09-08 11:39:04,568]: [_client.py]: _send_single_request: 1786:       INFO:    [HTTP Request: POST https://api.telegram.org/bot6030805959:AAGUHAMxLYc-PrevgKouJ3ZyM7ktu56ftjo/sendDocument "HTTP/1.1 200 OK"]
[2024-09-08 11:39:04,568]: [_trace.py]: atrace: 85:       DEBUG:    [receive_response_body.started request=<Request [b'POST']>]
[2024-09-08 11:39:04,568]: [_trace.py]: atrace: 85:       DEBUG:    [receive_response_body.complete]
[2024-09-08 11:39:04,568]: [_trace.py]: atrace: 85:       DEBUG:    [response_closed.started]
[2024-09-08 11:39:04,568]: [_trace.py]: atrace: 85:       DEBUG:    [response_closed.complete]
[2024-09-08 11:39:04,568]: [_bot.py]: _do_post: 652:       DEBUG:    [Call to Bot API endpoint `sendDocument` finished with return value `{'message_id': 1853, 'from': {'id': 6030805959, 'is_bot': True, 'first_name': 'TyPHoone', 'username': 'TyPHoone_Project_bot'}, 'chat': {'id': -4119703192, 'title': 'Robocop', 'type': 'group', 'all_members_are_administrators': True}, 'date': 1725795544, 'document': {'file_name': '(2024_09_08--11_38).log', 'mime_type': 'text/plain', 'file_id': 'BQACAgQAAxkDAAIHPWbdjNiyLmzQTzO3czEddBmHIJ_pAAJPGQACJ1bpUlRy3hhhSiO4NgQ', 'file_unique_id': 'AgADTxkAAidW6VI', 'file_size': 5937}}`]
[2024-09-08 11:39:04,569]: [_trace.py]: atrace: 85:       DEBUG:    [close.started]
[2024-09-08 11:39:04,569]: [_trace.py]: atrace: 85:       DEBUG:    [close.complete]
[2024-09-08 11:39:04,569]: [_config.py]: load_ssl_context: 82:       DEBUG:    [load_ssl_context verify=True cert=None trust_env=True http2=False]
[2024-09-08 11:39:04,569]: [_config.py]: load_ssl_context_verify: 148:       DEBUG:    [load_verify_locations cafile='/opt/hostedtoolcache/Python/3.12.5/x64/lib/python3.12/site-packages/certifi/cacert.pem']
[2024-09-08 11:39:04,597]: [_config.py]: load_ssl_context: 82:       DEBUG:    [load_ssl_context verify=True cert=None trust_env=True http2=False]
[2024-09-08 11:39:04,597]: [_config.py]: load_ssl_context_verify: 148:       DEBUG:    [load_verify_locations cafile='/opt/hostedtoolcache/Python/3.12.5/x64/lib/python3.12/site-packages/certifi/cacert.pem']
[2024-09-08 11:39:04,623]: [_bot.py]: _do_post: 643:       DEBUG:    [Calling Bot API endpoint `getMe` with parameters `{}`]
[2024-09-08 11:39:04,624]: [_trace.py]: atrace: 85:       DEBUG:    [connect_tcp.started host='api.telegram.org' port=443 local_address=None timeout=5.0 socket_options=None]
[2024-09-08 11:39:04,713]: [_trace.py]: atrace: 85:       DEBUG:    [connect_tcp.complete return_value=<httpcore._backends.anyio.AnyIOStream object at 0x7f67883a44a0>]
[2024-09-08 11:39:04,713]: [_trace.py]: atrace: 85:       DEBUG:    [start_tls.started ssl_context=<ssl.SSLContext object at 0x7f6788143a50> server_hostname='api.telegram.org' timeout=5.0]
[2024-09-08 11:39:04,803]: [_trace.py]: atrace: 85:       DEBUG:    [start_tls.complete return_value=<httpcore._backends.anyio.AnyIOStream object at 0x7f678840f320>]
[2024-09-08 11:39:04,803]: [_trace.py]: atrace: 85:       DEBUG:    [send_request_headers.started request=<Request [b'POST']>]
[2024-09-08 11:39:04,803]: [_trace.py]: atrace: 85:       DEBUG:    [send_request_headers.complete]
[2024-09-08 11:39:04,803]: [_trace.py]: atrace: 85:       DEBUG:    [send_request_body.started request=<Request [b'POST']>]
[2024-09-08 11:39:04,803]: [_trace.py]: atrace: 85:       DEBUG:    [send_request_body.complete]
[2024-09-08 11:39:04,803]: [_trace.py]: atrace: 85:       DEBUG:    [receive_response_headers.started request=<Request [b'POST']>]
[2024-09-08 11:39:04,892]: [_trace.py]: atrace: 85:       DEBUG:    [receive_response_headers.complete return_value=(b'HTTP/1.1', 200, b'OK', [(b'Server', b'nginx/1.18.0'), (b'Date', b'Sun, 08 Sep 2024 11:39:04 GMT'), (b'Content-Type', b'application/json'), (b'Content-Length', b'258'), (b'Connection', b'keep-alive'), (b'Strict-Transport-Security', b'max-age=31536000; includeSubDomains; preload'), (b'Access-Control-Allow-Origin', b'*'), (b'Access-Control-Allow-Methods', b'GET, POST, OPTIONS'), (b'Access-Control-Expose-Headers', b'Content-Length,Content-Type,Date,Server,Connection')])]
[2024-09-08 11:39:04,892]: [_client.py]: _send_single_request: 1786:       INFO:    [HTTP Request: POST https://api.telegram.org/bot6030805959:AAGUHAMxLYc-PrevgKouJ3ZyM7ktu56ftjo/getMe "HTTP/1.1 200 OK"]
[2024-09-08 11:39:04,892]: [_trace.py]: atrace: 85:       DEBUG:    [receive_response_body.started request=<Request [b'POST']>]
[2024-09-08 11:39:04,892]: [_trace.py]: atrace: 85:       DEBUG:    [receive_response_body.complete]
[2024-09-08 11:39:04,892]: [_trace.py]: atrace: 85:       DEBUG:    [response_closed.started]
[2024-09-08 11:39:04,892]: [_trace.py]: atrace: 85:       DEBUG:    [response_closed.complete]
[2024-09-08 11:39:04,892]: [_bot.py]: _do_post: 652:       DEBUG:    [Call to Bot API endpoint `getMe` finished with return value `{'id': 6030805959, 'is_bot': True, 'first_name': 'TyPHoone', 'username': 'TyPHoone_Project_bot', 'can_join_groups': True, 'can_read_all_group_messages': False, 'supports_inline_queries': False, 'can_connect_to_business': False, 'has_main_web_app': False}`]
[2024-09-08 11:39:04,895]: [_bot.py]: _do_post: 643:       DEBUG:    [Calling Bot API endpoint `sendDocument` with parameters `{'chat_id': '-4119703192', 'document': <telegram._files.inputfile.InputFile object at 0x7f67877f3400>}`]
[2024-09-08 11:39:04,896]: [_trace.py]: atrace: 85:       DEBUG:    [send_request_headers.started request=<Request [b'POST']>]
[2024-09-08 11:39:04,896]: [_trace.py]: atrace: 85:       DEBUG:    [send_request_headers.complete]
[2024-09-08 11:39:04,896]: [_trace.py]: atrace: 85:       DEBUG:    [send_request_body.started request=<Request [b'POST']>]
[2024-09-08 11:39:05,774]: [_trace.py]: atrace: 85:       DEBUG:    [send_request_body.complete]
[2024-09-08 11:39:05,774]: [_trace.py]: atrace: 85:       DEBUG:    [receive_response_headers.started request=<Request [b'POST']>]
[2024-09-08 11:39:06,690]: [_trace.py]: atrace: 85:       DEBUG:    [receive_response_headers.complete return_value=(b'HTTP/1.1', 200, b'OK', [(b'Server', b'nginx/1.18.0'), (b'Date', b'Sun, 08 Sep 2024 11:39:06 GMT'), (b'Content-Type', b'application/json'), (b'Content-Length', b'479'), (b'Connection', b'keep-alive'), (b'Strict-Transport-Security', b'max-age=31536000; includeSubDomains; preload'), (b'Access-Control-Allow-Origin', b'*'), (b'Access-Control-Allow-Methods', b'GET, POST, OPTIONS'), (b'Access-Control-Expose-Headers', b'Content-Length,Content-Type,Date,Server,Connection')])]
[2024-09-08 11:39:06,690]: [_client.py]: _send_single_request: 1786:       INFO:    [HTTP Request: POST https://api.telegram.org/bot6030805959:AAGUHAMxLYc-PrevgKouJ3ZyM7ktu56ftjo/sendDocument "HTTP/1.1 200 OK"]
[2024-09-08 11:39:06,691]: [_trace.py]: atrace: 85:       DEBUG:    [receive_response_body.started request=<Request [b'POST']>]
[2024-09-08 11:39:06,691]: [_trace.py]: atrace: 85:       DEBUG:    [receive_response_body.complete]
[2024-09-08 11:39:06,691]: [_trace.py]: atrace: 85:       DEBUG:    [response_closed.started]
[2024-09-08 11:39:06,691]: [_trace.py]: atrace: 85:       DEBUG:    [response_closed.complete]
[2024-09-08 11:39:06,691]: [_bot.py]: _do_post: 652:       DEBUG:    [Call to Bot API endpoint `sendDocument` finished with return value `{'message_id': 1854, 'from': {'id': 6030805959, 'is_bot': True, 'first_name': 'TyPHoone', 'username': 'TyPHoone_Project_bot'}, 'chat': {'id': -4119703192, 'title': 'Robocop', 'type': 'group', 'all_members_are_administrators': True}, 'date': 1725795546, 'document': {'file_name': '(2024_09_08--11_38)output.zip', 'mime_type': 'application/zip', 'file_id': 'BQACAgQAAxkDAAIHPmbdjNpJeyUpeU2fYdOXzNEjkm3GAAJQGQACJ1bpUu_5qnJgwdYqNgQ', 'file_unique_id': 'AgADUBkAAidW6VI', 'file_size': 10206700}}`]
[2024-09-08 11:39:06,692]: [_trace.py]: atrace: 85:       DEBUG:    [close.started]
[2024-09-08 11:39:06,692]: [_trace.py]: atrace: 85:       DEBUG:    [close.complete]
[2024-09-08 11:39:06,692]: [Telegram_Sender.py]: runner: 61:       INFO:    [sent successfully]
[2024-09-08 11:39:06,692]: [Main.py]: <module>: 48:       INFO:    [Finished]
