[2025-01-25 11:38:43,997]: [Main.py]: <module>: 21:       INFO:    [Started]
[2025-01-25 11:38:46,330]: [Iron_Scraper.py]: Scrap: 32:       INFO:    [Data Scaraped Successfully]
[2025-01-25 11:38:46,378]: [Iron_Scraper.py]: Scrap: 70:       INFO:    [Scrapped Data Has No Problem]
[2025-01-25 11:38:46,378]: [Iron_Scraper.py]: Scrap: 83:       INFO:    [Data Saved Successfully]
[2025-01-25 11:38:46,378]: [Iron.py]: Run: 26:       INFO:    [Scraping Phase Completed]
[2025-01-25 11:38:46,379]: [Iron_Data_Processor.py]: Data_Reader: 61:       INFO:    [Data File Has Been Red Successfully]
[2025-01-25 11:38:46,379]: [Iron_Data_Processor.py]: Shaper: 78:       INFO:    [Data Shaped]
[2025-01-25 11:38:46,379]: [Iron_Data_Processor.py]: Process: 228:       INFO:    [Data Cleaned]
[2025-01-25 11:38:46,379]: [Iron_Data_Processor.py]: Make_Pages_Objects: 101:       INFO:    [Page Objects Has Been Made]
[2025-01-25 11:38:46,379]: [Iron_Data_Processor.py]: Make_Pages_Objects: 101:       INFO:    [Page Objects Has Been Made]
[2025-01-25 11:38:46,379]: [Iron_Data_Processor.py]: Load_Data: 118:       INFO:    [Data Has Been Load]
[2025-01-25 11:38:46,379]: [Iron_Data_Processor.py]: Load_Data: 118:       INFO:    [Data Has Been Load]
[2025-01-25 11:38:46,379]: [Iron_Data_Processor.py]: Load_positions: 140:       INFO:    [Positions Are Ready]
[2025-01-25 11:38:46,379]: [Iron_Data_Processor.py]: Load_positions: 140:       INFO:    [Positions Are Ready]
[2025-01-25 11:38:47,440]: [Iron_Data_Processor.py]: Make_Tagged_Images: 193:       INFO:    [Images Has Been Made]
[2025-01-25 11:38:48,345]: [Iron_Data_Processor.py]: Make_Tagged_Images: 193:       INFO:    [Images Has Been Made]
[2025-01-25 11:38:48,596]: [Iron_Data_Processor.py]: Make_Cover_Page: 215:       INFO:    [Made Cover Pages]
[2025-01-25 11:38:48,596]: [Iron.py]: Run: 29:       INFO:    [Imagination Phase Completed]
[2025-01-25 11:38:55,310]: [Phone_Scraper.py]: Scrap: 58:       INFO:    [Data Scraped]
[2025-01-25 11:38:55,310]: [Phone_Scraper.py]: Scrap: 71:       INFO:    [Scraped Data Successfully]
[2025-01-25 11:38:55,310]: [Phone.py]: Run: 26:       INFO:    [Scraping Phase Complete]
[2025-01-25 11:38:55,310]: [Phone_Data_Processor.py]: data_reader: 38:       INFO:    [Scraped Data Loaded]
[2025-01-25 11:38:55,311]: [Phone_Data_Processor.py]: filter_list: 65:       INFO:    [Persian Phrases Are deleted]
[2025-01-25 11:38:55,312]: [Phone_Data_Processor.py]: reshape_list: 87:       INFO:    [Date Reshaped]
[2025-01-25 11:38:55,312]: [Phone_Data_Processor.py]: separate_brands: 124:       INFO:    [Brands Are Separated]
[2025-01-25 11:38:55,312]: [Phone_Data_Processor.py]: delete_extra_spaces: 141:       INFO:    [Extra Spaces Are Deleted]
[2025-01-25 11:38:56,048]: [Phone.py]: Run: 29:       INFO:    [Imagination Phase Complete]
[2025-01-25 11:38:56,048]: [selector_events.py]: __init__: 64:       DEBUG:    [Using selector: EpollSelector]
[2025-01-25 11:38:56,319]: [_bot.py]: _do_post: 643:       DEBUG:    [Calling Bot API endpoint `getMe` with parameters `{}`]
[2025-01-25 11:38:56,323]: [_trace.py]: atrace: 87:       DEBUG:    [connect_tcp.started host='api.telegram.org' port=443 local_address=None timeout=5.0 socket_options=None]
[2025-01-25 11:38:56,628]: [_trace.py]: atrace: 87:       DEBUG:    [connect_tcp.complete return_value=<httpcore._backends.anyio.AnyIOStream object at 0x7f16826d2360>]
[2025-01-25 11:38:56,628]: [_trace.py]: atrace: 87:       DEBUG:    [start_tls.started ssl_context=<ssl.SSLContext object at 0x7f1682d0aad0> server_hostname='api.telegram.org' timeout=5.0]
[2025-01-25 11:38:56,777]: [_trace.py]: atrace: 87:       DEBUG:    [start_tls.complete return_value=<httpcore._backends.anyio.AnyIOStream object at 0x7f1682656ea0>]
[2025-01-25 11:38:56,778]: [_trace.py]: atrace: 87:       DEBUG:    [send_request_headers.started request=<Request [b'POST']>]
[2025-01-25 11:38:56,778]: [_trace.py]: atrace: 87:       DEBUG:    [send_request_headers.complete]
[2025-01-25 11:38:56,778]: [_trace.py]: atrace: 87:       DEBUG:    [send_request_body.started request=<Request [b'POST']>]
[2025-01-25 11:38:56,778]: [_trace.py]: atrace: 87:       DEBUG:    [send_request_body.complete]
[2025-01-25 11:38:56,778]: [_trace.py]: atrace: 87:       DEBUG:    [receive_response_headers.started request=<Request [b'POST']>]
[2025-01-25 11:38:56,926]: [_trace.py]: atrace: 87:       DEBUG:    [receive_response_headers.complete return_value=(b'HTTP/1.1', 200, b'OK', [(b'Server', b'nginx/1.18.0'), (b'Date', b'Sat, 25 Jan 2025 11:38:56 GMT'), (b'Content-Type', b'application/json'), (b'Content-Length', b'258'), (b'Connection', b'keep-alive'), (b'Strict-Transport-Security', b'max-age=31536000; includeSubDomains; preload'), (b'Access-Control-Allow-Origin', b'*'), (b'Access-Control-Allow-Methods', b'GET, POST, OPTIONS'), (b'Access-Control-Expose-Headers', b'Content-Length,Content-Type,Date,Server,Connection')])]
[2025-01-25 11:38:56,927]: [_client.py]: _send_single_request: 1740:       INFO:    [HTTP Request: POST https://api.telegram.org/bot6030805959:AAGUHAMxLYc-PrevgKouJ3ZyM7ktu56ftjo/getMe "HTTP/1.1 200 OK"]
[2025-01-25 11:38:56,927]: [_trace.py]: atrace: 87:       DEBUG:    [receive_response_body.started request=<Request [b'POST']>]
[2025-01-25 11:38:56,927]: [_trace.py]: atrace: 87:       DEBUG:    [receive_response_body.complete]
[2025-01-25 11:38:56,927]: [_trace.py]: atrace: 87:       DEBUG:    [response_closed.started]
[2025-01-25 11:38:56,927]: [_trace.py]: atrace: 87:       DEBUG:    [response_closed.complete]
[2025-01-25 11:38:56,927]: [_bot.py]: _do_post: 652:       DEBUG:    [Call to Bot API endpoint `getMe` finished with return value `{'id': 6030805959, 'is_bot': True, 'first_name': 'TyPHoone', 'username': 'TyPHoone_Project_bot', 'can_join_groups': True, 'can_read_all_group_messages': False, 'supports_inline_queries': False, 'can_connect_to_business': False, 'has_main_web_app': False}`]
[2025-01-25 11:38:56,930]: [_bot.py]: _do_post: 643:       DEBUG:    [Calling Bot API endpoint `sendDocument` with parameters `{'chat_id': '-4119703192', 'document': <telegram._files.inputfile.InputFile object at 0x7f168251d700>}`]
[2025-01-25 11:38:56,930]: [_trace.py]: atrace: 87:       DEBUG:    [send_request_headers.started request=<Request [b'POST']>]
[2025-01-25 11:38:56,931]: [_trace.py]: atrace: 87:       DEBUG:    [send_request_headers.complete]
[2025-01-25 11:38:56,931]: [_trace.py]: atrace: 87:       DEBUG:    [send_request_body.started request=<Request [b'POST']>]
[2025-01-25 11:38:56,931]: [_trace.py]: atrace: 87:       DEBUG:    [send_request_body.complete]
[2025-01-25 11:38:56,931]: [_trace.py]: atrace: 87:       DEBUG:    [receive_response_headers.started request=<Request [b'POST']>]
[2025-01-25 11:38:57,280]: [_trace.py]: atrace: 87:       DEBUG:    [receive_response_headers.complete return_value=(b'HTTP/1.1', 200, b'OK', [(b'Server', b'nginx/1.18.0'), (b'Date', b'Sat, 25 Jan 2025 11:38:57 GMT'), (b'Content-Type', b'application/json'), (b'Content-Length', b'464'), (b'Connection', b'keep-alive'), (b'Strict-Transport-Security', b'max-age=31536000; includeSubDomains; preload'), (b'Access-Control-Allow-Origin', b'*'), (b'Access-Control-Allow-Methods', b'GET, POST, OPTIONS'), (b'Access-Control-Expose-Headers', b'Content-Length,Content-Type,Date,Server,Connection')])]
[2025-01-25 11:38:57,281]: [_client.py]: _send_single_request: 1740:       INFO:    [HTTP Request: POST https://api.telegram.org/bot6030805959:AAGUHAMxLYc-PrevgKouJ3ZyM7ktu56ftjo/sendDocument "HTTP/1.1 200 OK"]
[2025-01-25 11:38:57,281]: [_trace.py]: atrace: 87:       DEBUG:    [receive_response_body.started request=<Request [b'POST']>]
[2025-01-25 11:38:57,281]: [_trace.py]: atrace: 87:       DEBUG:    [receive_response_body.complete]
[2025-01-25 11:38:57,281]: [_trace.py]: atrace: 87:       DEBUG:    [response_closed.started]
[2025-01-25 11:38:57,281]: [_trace.py]: atrace: 87:       DEBUG:    [response_closed.complete]
[2025-01-25 11:38:57,281]: [_bot.py]: _do_post: 652:       DEBUG:    [Call to Bot API endpoint `sendDocument` finished with return value `{'message_id': 2133, 'from': {'id': 6030805959, 'is_bot': True, 'first_name': 'TyPHoone', 'username': 'TyPHoone_Project_bot'}, 'chat': {'id': -4119703192, 'title': 'Robocop', 'type': 'group', 'all_members_are_administrators': True}, 'date': 1737805137, 'document': {'file_name': '(2025_01_25--11_38).log', 'mime_type': 'text/plain', 'file_id': 'BQACAgQAAxkDAAIIVWeUzVFl-Laf8T4d9PlTedweklRgAAJGFwACFkWoUKk7MImWguAzNgQ', 'file_unique_id': 'AgADRhcAAhZFqFA', 'file_size': 5937}}`]
[2025-01-25 11:38:57,282]: [_trace.py]: atrace: 87:       DEBUG:    [close.started]
[2025-01-25 11:38:57,282]: [_trace.py]: atrace: 87:       DEBUG:    [close.complete]
[2025-01-25 11:38:57,326]: [_bot.py]: _do_post: 643:       DEBUG:    [Calling Bot API endpoint `getMe` with parameters `{}`]
[2025-01-25 11:38:57,326]: [_trace.py]: atrace: 87:       DEBUG:    [connect_tcp.started host='api.telegram.org' port=443 local_address=None timeout=5.0 socket_options=None]
[2025-01-25 11:38:57,475]: [_trace.py]: atrace: 87:       DEBUG:    [connect_tcp.complete return_value=<httpcore._backends.anyio.AnyIOStream object at 0x7f1682556bd0>]
[2025-01-25 11:38:57,475]: [_trace.py]: atrace: 87:       DEBUG:    [start_tls.started ssl_context=<ssl.SSLContext object at 0x7f1682d0a8d0> server_hostname='api.telegram.org' timeout=5.0]
[2025-01-25 11:38:57,624]: [_trace.py]: atrace: 87:       DEBUG:    [start_tls.complete return_value=<httpcore._backends.anyio.AnyIOStream object at 0x7f168dbb2bd0>]
[2025-01-25 11:38:57,624]: [_trace.py]: atrace: 87:       DEBUG:    [send_request_headers.started request=<Request [b'POST']>]
[2025-01-25 11:38:57,624]: [_trace.py]: atrace: 87:       DEBUG:    [send_request_headers.complete]
[2025-01-25 11:38:57,624]: [_trace.py]: atrace: 87:       DEBUG:    [send_request_body.started request=<Request [b'POST']>]
[2025-01-25 11:38:57,625]: [_trace.py]: atrace: 87:       DEBUG:    [send_request_body.complete]
[2025-01-25 11:38:57,625]: [_trace.py]: atrace: 87:       DEBUG:    [receive_response_headers.started request=<Request [b'POST']>]
[2025-01-25 11:38:57,772]: [_trace.py]: atrace: 87:       DEBUG:    [receive_response_headers.complete return_value=(b'HTTP/1.1', 200, b'OK', [(b'Server', b'nginx/1.18.0'), (b'Date', b'Sat, 25 Jan 2025 11:38:57 GMT'), (b'Content-Type', b'application/json'), (b'Content-Length', b'258'), (b'Connection', b'keep-alive'), (b'Strict-Transport-Security', b'max-age=31536000; includeSubDomains; preload'), (b'Access-Control-Allow-Origin', b'*'), (b'Access-Control-Allow-Methods', b'GET, POST, OPTIONS'), (b'Access-Control-Expose-Headers', b'Content-Length,Content-Type,Date,Server,Connection')])]
[2025-01-25 11:38:57,773]: [_client.py]: _send_single_request: 1740:       INFO:    [HTTP Request: POST https://api.telegram.org/bot6030805959:AAGUHAMxLYc-PrevgKouJ3ZyM7ktu56ftjo/getMe "HTTP/1.1 200 OK"]
[2025-01-25 11:38:57,773]: [_trace.py]: atrace: 87:       DEBUG:    [receive_response_body.started request=<Request [b'POST']>]
[2025-01-25 11:38:57,773]: [_trace.py]: atrace: 87:       DEBUG:    [receive_response_body.complete]
[2025-01-25 11:38:57,773]: [_trace.py]: atrace: 87:       DEBUG:    [response_closed.started]
[2025-01-25 11:38:57,773]: [_trace.py]: atrace: 87:       DEBUG:    [response_closed.complete]
[2025-01-25 11:38:57,773]: [_bot.py]: _do_post: 652:       DEBUG:    [Call to Bot API endpoint `getMe` finished with return value `{'id': 6030805959, 'is_bot': True, 'first_name': 'TyPHoone', 'username': 'TyPHoone_Project_bot', 'can_join_groups': True, 'can_read_all_group_messages': False, 'supports_inline_queries': False, 'can_connect_to_business': False, 'has_main_web_app': False}`]
[2025-01-25 11:38:57,775]: [_bot.py]: _do_post: 643:       DEBUG:    [Calling Bot API endpoint `sendDocument` with parameters `{'chat_id': '-4119703192', 'document': <telegram._files.inputfile.InputFile object at 0x7f1682d52b80>}`]
[2025-01-25 11:38:57,776]: [_trace.py]: atrace: 87:       DEBUG:    [send_request_headers.started request=<Request [b'POST']>]
[2025-01-25 11:38:57,776]: [_trace.py]: atrace: 87:       DEBUG:    [send_request_headers.complete]
[2025-01-25 11:38:57,776]: [_trace.py]: atrace: 87:       DEBUG:    [send_request_body.started request=<Request [b'POST']>]
[2025-01-25 11:38:59,112]: [_trace.py]: atrace: 87:       DEBUG:    [send_request_body.complete]
[2025-01-25 11:38:59,113]: [_trace.py]: atrace: 87:       DEBUG:    [receive_response_headers.started request=<Request [b'POST']>]
[2025-01-25 11:39:00,139]: [_trace.py]: atrace: 87:       DEBUG:    [receive_response_headers.complete return_value=(b'HTTP/1.1', 200, b'OK', [(b'Server', b'nginx/1.18.0'), (b'Date', b'Sat, 25 Jan 2025 11:39:00 GMT'), (b'Content-Type', b'application/json'), (b'Content-Length', b'478'), (b'Connection', b'keep-alive'), (b'Strict-Transport-Security', b'max-age=31536000; includeSubDomains; preload'), (b'Access-Control-Allow-Origin', b'*'), (b'Access-Control-Allow-Methods', b'GET, POST, OPTIONS'), (b'Access-Control-Expose-Headers', b'Content-Length,Content-Type,Date,Server,Connection')])]
[2025-01-25 11:39:00,139]: [_client.py]: _send_single_request: 1740:       INFO:    [HTTP Request: POST https://api.telegram.org/bot6030805959:AAGUHAMxLYc-PrevgKouJ3ZyM7ktu56ftjo/sendDocument "HTTP/1.1 200 OK"]
[2025-01-25 11:39:00,139]: [_trace.py]: atrace: 87:       DEBUG:    [receive_response_body.started request=<Request [b'POST']>]
[2025-01-25 11:39:00,140]: [_trace.py]: atrace: 87:       DEBUG:    [receive_response_body.complete]
[2025-01-25 11:39:00,140]: [_trace.py]: atrace: 87:       DEBUG:    [response_closed.started]
[2025-01-25 11:39:00,140]: [_trace.py]: atrace: 87:       DEBUG:    [response_closed.complete]
[2025-01-25 11:39:00,140]: [_bot.py]: _do_post: 652:       DEBUG:    [Call to Bot API endpoint `sendDocument` finished with return value `{'message_id': 2134, 'from': {'id': 6030805959, 'is_bot': True, 'first_name': 'TyPHoone', 'username': 'TyPHoone_Project_bot'}, 'chat': {'id': -4119703192, 'title': 'Robocop', 'type': 'group', 'all_members_are_administrators': True}, 'date': 1737805140, 'document': {'file_name': '(2025_01_25--11_38)output.zip', 'mime_type': 'application/zip', 'file_id': 'BQACAgQAAxkDAAIIVmeUzVNrqcI0dyYu2aCVexZrs8jdAAJHFwACFkWoUA564cnVJfv8NgQ', 'file_unique_id': 'AgADRxcAAhZFqFA', 'file_size': 9804199}}`]
[2025-01-25 11:39:00,140]: [_trace.py]: atrace: 87:       DEBUG:    [close.started]
[2025-01-25 11:39:00,140]: [_trace.py]: atrace: 87:       DEBUG:    [close.complete]
[2025-01-25 11:39:00,140]: [Telegram_Sender.py]: runner: 61:       INFO:    [sent successfully]
[2025-01-25 11:39:00,141]: [Main.py]: <module>: 48:       INFO:    [Finished]
