[2024-05-01 22:35:01,302]: [Main.py]: <module>: 21:       INFO:    [Started]
[2024-05-01 22:35:03,221]: [Iron_Scraper.py]: Scrap: 32:       INFO:    [Data Scaraped Successfully]
[2024-05-01 22:35:03,410]: [Iron_Scraper.py]: Scrap: 70:       INFO:    [Scrapped Data Has No Problem]
[2024-05-01 22:35:03,411]: [Iron_Scraper.py]: Scrap: 83:       INFO:    [Data Saved Successfully]
[2024-05-01 22:35:03,411]: [Iron.py]: Run: 26:       INFO:    [Scraping Phase Completed]
[2024-05-01 22:35:03,411]: [Iron_Data_Processor.py]: Data_Reader: 61:       INFO:    [Data File Has Been Red Successfully]
[2024-05-01 22:35:03,411]: [Iron_Data_Processor.py]: Shaper: 78:       INFO:    [Data Shaped]
[2024-05-01 22:35:03,411]: [Iron_Data_Processor.py]: Process: 226:       INFO:    [Data Cleaned]
[2024-05-01 22:35:03,412]: [Iron_Data_Processor.py]: Make_Pages_Objects: 101:       INFO:    [Page Objects Has Been Made]
[2024-05-01 22:35:03,412]: [Iron_Data_Processor.py]: Make_Pages_Objects: 101:       INFO:    [Page Objects Has Been Made]
[2024-05-01 22:35:03,412]: [Iron_Data_Processor.py]: Load_Data: 118:       INFO:    [Data Has Been Load]
[2024-05-01 22:35:03,412]: [Iron_Data_Processor.py]: Load_Data: 118:       INFO:    [Data Has Been Load]
[2024-05-01 22:35:03,412]: [Iron_Data_Processor.py]: Load_positions: 140:       INFO:    [Positions Are Ready]
[2024-05-01 22:35:03,412]: [Iron_Data_Processor.py]: Load_positions: 140:       INFO:    [Positions Are Ready]
[2024-05-01 22:35:05,123]: [Iron_Data_Processor.py]: Make_Tagged_Images: 193:       INFO:    [Images Has Been Made]
[2024-05-01 22:35:06,624]: [Iron_Data_Processor.py]: Make_Tagged_Images: 193:       INFO:    [Images Has Been Made]
[2024-05-01 22:35:07,044]: [Iron_Data_Processor.py]: Make_Cover_Page: 213:       INFO:    [Made Cover Pages]
[2024-05-01 22:35:07,044]: [Iron.py]: Run: 29:       INFO:    [Imagination Phase Completed]
[2024-05-01 22:35:08,241]: [Phone_Scraper.py]: Scrap: 56:       CRITICAL:    [Couldent Scrap Data]
[2024-05-01 22:35:08,241]: [Phone_Scraper.py]: Scrap: 69:       CRITICAL:    [Couldent Save Scraped Data]
[2024-05-01 22:35:08,241]: [Phone.py]: Run: 26:       INFO:    [Scraping Phase Complete]
[2024-05-01 22:35:08,241]: [Phone_Data_Processor.py]: data_reader: 37:       INFO:    [Scraped Data Loaded]
[2024-05-01 22:35:08,241]: [Phone_Data_Processor.py]: filter_list: 64:       INFO:    [Persian Phrases Are deleted]
[2024-05-01 22:35:08,241]: [Phone_Data_Processor.py]: reshape_list: 84:       ERROR:    [Failed To Reshape Data]
[2024-05-01 22:35:08,241]: [Phone_Data_Processor.py]: separate_brands: 121:       CRITICAL:    [Couldnt Separate Brands From Each Other]
[2024-05-01 22:35:08,241]: [Phone_Data_Processor.py]: delete_extra_spaces: 140:       INFO:    [Extra Spaces Are Deleted]
[2024-05-01 22:35:08,241]: [Phone.py]: Run: 29:       INFO:    [Imagination Phase Complete]
[2024-05-01 22:35:08,242]: [selector_events.py]: __init__: 64:       DEBUG:    [Using selector: EpollSelector]
[2024-05-01 22:35:08,242]: [_bot.py]: _do_post: 643:       DEBUG:    [Calling Bot API endpoint `getMe` with parameters `{}`]
[2024-05-01 22:35:08,246]: [_trace.py]: atrace: 85:       DEBUG:    [connect_tcp.started host='api.telegram.org' port=443 local_address=None timeout=5.0 socket_options=None]
[2024-05-01 22:35:08,444]: [_trace.py]: atrace: 85:       DEBUG:    [connect_tcp.complete return_value=<httpcore._backends.anyio.AnyIOStream object at 0x7f19e86fb290>]
[2024-05-01 22:35:08,444]: [_trace.py]: atrace: 85:       DEBUG:    [start_tls.started ssl_context=<ssl.SSLContext object at 0x7f19e853dcd0> server_hostname='api.telegram.org' timeout=5.0]
[2024-05-01 22:35:08,596]: [_trace.py]: atrace: 85:       DEBUG:    [start_tls.complete return_value=<httpcore._backends.anyio.AnyIOStream object at 0x7f19e86763f0>]
[2024-05-01 22:35:08,596]: [_trace.py]: atrace: 85:       DEBUG:    [send_request_headers.started request=<Request [b'POST']>]
[2024-05-01 22:35:08,596]: [_trace.py]: atrace: 85:       DEBUG:    [send_request_headers.complete]
[2024-05-01 22:35:08,596]: [_trace.py]: atrace: 85:       DEBUG:    [send_request_body.started request=<Request [b'POST']>]
[2024-05-01 22:35:08,596]: [_trace.py]: atrace: 85:       DEBUG:    [send_request_body.complete]
[2024-05-01 22:35:08,596]: [_trace.py]: atrace: 85:       DEBUG:    [receive_response_headers.started request=<Request [b'POST']>]
[2024-05-01 22:35:08,746]: [_trace.py]: atrace: 85:       DEBUG:    [receive_response_headers.complete return_value=(b'HTTP/1.1', 200, b'OK', [(b'Server', b'nginx/1.18.0'), (b'Date', b'Wed, 01 May 2024 22:35:08 GMT'), (b'Content-Type', b'application/json'), (b'Content-Length', b'237'), (b'Connection', b'keep-alive'), (b'Strict-Transport-Security', b'max-age=31536000; includeSubDomains; preload'), (b'Access-Control-Allow-Origin', b'*'), (b'Access-Control-Allow-Methods', b'GET, POST, OPTIONS'), (b'Access-Control-Expose-Headers', b'Content-Length,Content-Type,Date,Server,Connection')])]
[2024-05-01 22:35:08,746]: [_client.py]: _send_single_request: 1773:       INFO:    [HTTP Request: POST https://api.telegram.org/bot6030805959:AAGUHAMxLYc-PrevgKouJ3ZyM7ktu56ftjo/getMe "HTTP/1.1 200 OK"]
[2024-05-01 22:35:08,746]: [_trace.py]: atrace: 85:       DEBUG:    [receive_response_body.started request=<Request [b'POST']>]
[2024-05-01 22:35:08,746]: [_trace.py]: atrace: 85:       DEBUG:    [receive_response_body.complete]
[2024-05-01 22:35:08,746]: [_trace.py]: atrace: 85:       DEBUG:    [response_closed.started]
[2024-05-01 22:35:08,746]: [_trace.py]: atrace: 85:       DEBUG:    [response_closed.complete]
[2024-05-01 22:35:08,747]: [_bot.py]: _do_post: 652:       DEBUG:    [Call to Bot API endpoint `getMe` finished with return value `{'id': 6030805959, 'is_bot': True, 'first_name': 'TyPHoone_bot', 'username': 'TyPHoone_Project_bot', 'can_join_groups': True, 'can_read_all_group_messages': False, 'supports_inline_queries': False, 'can_connect_to_business': False}`]
[2024-05-01 22:35:08,750]: [_bot.py]: _do_post: 643:       DEBUG:    [Calling Bot API endpoint `sendDocument` with parameters `{'chat_id': '-4119703192', 'document': <telegram._files.inputfile.InputFile object at 0x7f19e808d200>}`]
[2024-05-01 22:35:08,750]: [_trace.py]: atrace: 85:       DEBUG:    [send_request_headers.started request=<Request [b'POST']>]
[2024-05-01 22:35:08,750]: [_trace.py]: atrace: 85:       DEBUG:    [send_request_headers.complete]
[2024-05-01 22:35:08,751]: [_trace.py]: atrace: 85:       DEBUG:    [send_request_body.started request=<Request [b'POST']>]
[2024-05-01 22:35:09,344]: [_trace.py]: atrace: 85:       DEBUG:    [send_request_body.complete]
[2024-05-01 22:35:09,344]: [_trace.py]: atrace: 85:       DEBUG:    [receive_response_headers.started request=<Request [b'POST']>]
[2024-05-01 22:35:09,766]: [_trace.py]: atrace: 85:       DEBUG:    [receive_response_headers.complete return_value=(b'HTTP/1.1', 200, b'OK', [(b'Server', b'nginx/1.18.0'), (b'Date', b'Wed, 01 May 2024 22:35:09 GMT'), (b'Content-Type', b'application/json'), (b'Content-Length', b'826'), (b'Connection', b'keep-alive'), (b'Strict-Transport-Security', b'max-age=31536000; includeSubDomains; preload'), (b'Access-Control-Allow-Origin', b'*'), (b'Access-Control-Allow-Methods', b'GET, POST, OPTIONS'), (b'Access-Control-Expose-Headers', b'Content-Length,Content-Type,Date,Server,Connection')])]
[2024-05-01 22:35:09,766]: [_client.py]: _send_single_request: 1773:       INFO:    [HTTP Request: POST https://api.telegram.org/bot6030805959:AAGUHAMxLYc-PrevgKouJ3ZyM7ktu56ftjo/sendDocument "HTTP/1.1 200 OK"]
[2024-05-01 22:35:09,766]: [_trace.py]: atrace: 85:       DEBUG:    [receive_response_body.started request=<Request [b'POST']>]
[2024-05-01 22:35:09,766]: [_trace.py]: atrace: 85:       DEBUG:    [receive_response_body.complete]
[2024-05-01 22:35:09,766]: [_trace.py]: atrace: 85:       DEBUG:    [response_closed.started]
[2024-05-01 22:35:09,766]: [_trace.py]: atrace: 85:       DEBUG:    [response_closed.complete]
[2024-05-01 22:35:09,766]: [_bot.py]: _do_post: 652:       DEBUG:    [Call to Bot API endpoint `sendDocument` finished with return value `{'message_id': 403, 'from': {'id': 6030805959, 'is_bot': True, 'first_name': 'TyPHoone_bot', 'username': 'TyPHoone_Project_bot'}, 'chat': {'id': -4119703192, 'title': 'Robocop', 'type': 'group', 'all_members_are_administrators': True}, 'date': 1714602909, 'document': {'file_name': '1-Tir_Ahan.png', 'mime_type': 'image/png', 'thumbnail': {'file_id': 'AAMCBAADGQMAAgGTZjLDnSXU44741fs-n5fFvC70248AArAVAAKOWZhR-8NrtyMAAYJGAQAHbQADNAQ', 'file_unique_id': 'AQADsBUAAo5ZmFFy', 'file_size': 39356, 'width': 320, 'height': 320}, 'thumb': {'file_id': 'AAMCBAADGQMAAgGTZjLDnSXU44741fs-n5fFvC70248AArAVAAKOWZhR-8NrtyMAAYJGAQAHbQADNAQ', 'file_unique_id': 'AQADsBUAAo5ZmFFy', 'file_size': 39356, 'width': 320, 'height': 320}, 'file_id': 'BQACAgQAAxkDAAIBk2Yyw50l1OOO-NX7Pp-Xxbwu9NuPAAKwFQACjlmYUfvDa7cjAAGCRjQE', 'file_unique_id': 'AgADsBUAAo5ZmFE', 'file_size': 825503}}`]
[2024-05-01 22:35:09,767]: [_bot.py]: _do_post: 643:       DEBUG:    [Calling Bot API endpoint `sendDocument` with parameters `{'chat_id': '-4119703192', 'document': <telegram._files.inputfile.InputFile object at 0x7f19e808d3c0>}`]
[2024-05-01 22:35:09,767]: [_trace.py]: atrace: 85:       DEBUG:    [send_request_headers.started request=<Request [b'POST']>]
[2024-05-01 22:35:09,768]: [_trace.py]: atrace: 85:       DEBUG:    [send_request_headers.complete]
[2024-05-01 22:35:09,768]: [_trace.py]: atrace: 85:       DEBUG:    [send_request_body.started request=<Request [b'POST']>]
[2024-05-01 22:35:09,769]: [_trace.py]: atrace: 85:       DEBUG:    [send_request_body.complete]
[2024-05-01 22:35:09,769]: [_trace.py]: atrace: 85:       DEBUG:    [receive_response_headers.started request=<Request [b'POST']>]
[2024-05-01 22:35:10,045]: [_trace.py]: atrace: 85:       DEBUG:    [receive_response_headers.complete return_value=(b'HTTP/1.1', 200, b'OK', [(b'Server', b'nginx/1.18.0'), (b'Date', b'Wed, 01 May 2024 22:35:09 GMT'), (b'Content-Type', b'application/json'), (b'Content-Length', b'830'), (b'Connection', b'keep-alive'), (b'Strict-Transport-Security', b'max-age=31536000; includeSubDomains; preload'), (b'Access-Control-Allow-Origin', b'*'), (b'Access-Control-Allow-Methods', b'GET, POST, OPTIONS'), (b'Access-Control-Expose-Headers', b'Content-Length,Content-Type,Date,Server,Connection')])]
[2024-05-01 22:35:10,045]: [_client.py]: _send_single_request: 1773:       INFO:    [HTTP Request: POST https://api.telegram.org/bot6030805959:AAGUHAMxLYc-PrevgKouJ3ZyM7ktu56ftjo/sendDocument "HTTP/1.1 200 OK"]
[2024-05-01 22:35:10,046]: [_trace.py]: atrace: 85:       DEBUG:    [receive_response_body.started request=<Request [b'POST']>]
[2024-05-01 22:35:10,046]: [_trace.py]: atrace: 85:       DEBUG:    [receive_response_body.complete]
[2024-05-01 22:35:10,046]: [_trace.py]: atrace: 85:       DEBUG:    [response_closed.started]
[2024-05-01 22:35:10,046]: [_trace.py]: atrace: 85:       DEBUG:    [response_closed.complete]
[2024-05-01 22:35:10,046]: [_bot.py]: _do_post: 652:       DEBUG:    [Call to Bot API endpoint `sendDocument` finished with return value `{'message_id': 404, 'from': {'id': 6030805959, 'is_bot': True, 'first_name': 'TyPHoone_bot', 'username': 'TyPHoone_Project_bot'}, 'chat': {'id': -4119703192, 'title': 'Robocop', 'type': 'group', 'all_members_are_administrators': True}, 'date': 1714602909, 'document': {'file_name': '9-Waraq_Galwanize.png', 'mime_type': 'image/png', 'thumbnail': {'file_id': 'AAMCBAADGQMAAgGUZjLDnc8NcPFneKLyslyy2ZfPeC0AArEVAAKOWZhRfDpYCczLT8kBAAdtAAM0BA', 'file_unique_id': 'AQADsRUAAo5ZmFFy', 'file_size': 39440, 'width': 320, 'height': 320}, 'thumb': {'file_id': 'AAMCBAADGQMAAgGUZjLDnc8NcPFneKLyslyy2ZfPeC0AArEVAAKOWZhRfDpYCczLT8kBAAdtAAM0BA', 'file_unique_id': 'AQADsRUAAo5ZmFFy', 'file_size': 39440, 'width': 320, 'height': 320}, 'file_id': 'BQACAgQAAxkDAAIBlGYyw53PDXDxZ3ii8rJcstmXz3gtAAKxFQACjlmYUXw6WAnMy0_JNAQ', 'file_unique_id': 'AgADsRUAAo5ZmFE', 'file_size': 764308}}`]
[2024-05-01 22:35:10,047]: [_bot.py]: _do_post: 643:       DEBUG:    [Calling Bot API endpoint `sendDocument` with parameters `{'chat_id': '-4119703192', 'document': <telegram._files.inputfile.InputFile object at 0x7f19e808d200>}`]
[2024-05-01 22:35:10,047]: [_trace.py]: atrace: 85:       DEBUG:    [send_request_headers.started request=<Request [b'POST']>]
[2024-05-01 22:35:10,047]: [_trace.py]: atrace: 85:       DEBUG:    [send_request_headers.complete]
[2024-05-01 22:35:10,047]: [_trace.py]: atrace: 85:       DEBUG:    [send_request_body.started request=<Request [b'POST']>]
[2024-05-01 22:35:10,049]: [_trace.py]: atrace: 85:       DEBUG:    [send_request_body.complete]
[2024-05-01 22:35:10,049]: [_trace.py]: atrace: 85:       DEBUG:    [receive_response_headers.started request=<Request [b'POST']>]
[2024-05-01 22:35:10,308]: [_trace.py]: atrace: 85:       DEBUG:    [receive_response_headers.complete return_value=(b'HTTP/1.1', 200, b'OK', [(b'Server', b'nginx/1.18.0'), (b'Date', b'Wed, 01 May 2024 22:35:10 GMT'), (b'Content-Type', b'application/json'), (b'Content-Length', b'822'), (b'Connection', b'keep-alive'), (b'Strict-Transport-Security', b'max-age=31536000; includeSubDomains; preload'), (b'Access-Control-Allow-Origin', b'*'), (b'Access-Control-Allow-Methods', b'GET, POST, OPTIONS'), (b'Access-Control-Expose-Headers', b'Content-Length,Content-Type,Date,Server,Connection')])]
[2024-05-01 22:35:10,308]: [_client.py]: _send_single_request: 1773:       INFO:    [HTTP Request: POST https://api.telegram.org/bot6030805959:AAGUHAMxLYc-PrevgKouJ3ZyM7ktu56ftjo/sendDocument "HTTP/1.1 200 OK"]
[2024-05-01 22:35:10,308]: [_trace.py]: atrace: 85:       DEBUG:    [receive_response_body.started request=<Request [b'POST']>]
[2024-05-01 22:35:10,308]: [_trace.py]: atrace: 85:       DEBUG:    [receive_response_body.complete]
[2024-05-01 22:35:10,308]: [_trace.py]: atrace: 85:       DEBUG:    [response_closed.started]
[2024-05-01 22:35:10,308]: [_trace.py]: atrace: 85:       DEBUG:    [response_closed.complete]
[2024-05-01 22:35:10,308]: [_bot.py]: _do_post: 652:       DEBUG:    [Call to Bot API endpoint `sendDocument` finished with return value `{'message_id': 405, 'from': {'id': 6030805959, 'is_bot': True, 'first_name': 'TyPHoone_bot', 'username': 'TyPHoone_Project_bot'}, 'chat': {'id': -4119703192, 'title': 'Robocop', 'type': 'group', 'all_members_are_administrators': True}, 'date': 1714602910, 'document': {'file_name': '2-Milgerd.png', 'mime_type': 'image/png', 'thumbnail': {'file_id': 'AAMCBAADGQMAAgGVZjLDnnXFJqi2382yW8ko_9Fs5IoAArIVAAKOWZhRd0qH3F7QmtYBAAdtAAM0BA', 'file_unique_id': 'AQADshUAAo5ZmFFy', 'file_size': 43380, 'width': 320, 'height': 320}, 'thumb': {'file_id': 'AAMCBAADGQMAAgGVZjLDnnXFJqi2382yW8ko_9Fs5IoAArIVAAKOWZhRd0qH3F7QmtYBAAdtAAM0BA', 'file_unique_id': 'AQADshUAAo5ZmFFy', 'file_size': 43380, 'width': 320, 'height': 320}, 'file_id': 'BQACAgQAAxkDAAIBlWYyw551xSaott_NslvJKP_RbOSKAAKyFQACjlmYUXdKh9xe0JrWNAQ', 'file_unique_id': 'AgADshUAAo5ZmFE', 'file_size': 705771}}`]
[2024-05-01 22:35:10,309]: [_bot.py]: _do_post: 643:       DEBUG:    [Calling Bot API endpoint `sendDocument` with parameters `{'chat_id': '-4119703192', 'document': <telegram._files.inputfile.InputFile object at 0x7f19e810ad00>}`]
[2024-05-01 22:35:10,309]: [_trace.py]: atrace: 85:       DEBUG:    [send_request_headers.started request=<Request [b'POST']>]
[2024-05-01 22:35:10,309]: [_trace.py]: atrace: 85:       DEBUG:    [send_request_headers.complete]
[2024-05-01 22:35:10,309]: [_trace.py]: atrace: 85:       DEBUG:    [send_request_body.started request=<Request [b'POST']>]
[2024-05-01 22:35:10,311]: [_trace.py]: atrace: 85:       DEBUG:    [send_request_body.complete]
[2024-05-01 22:35:10,311]: [_trace.py]: atrace: 85:       DEBUG:    [receive_response_headers.started request=<Request [b'POST']>]
[2024-05-01 22:35:10,650]: [_trace.py]: atrace: 85:       DEBUG:    [receive_response_headers.complete return_value=(b'HTTP/1.1', 200, b'OK', [(b'Server', b'nginx/1.18.0'), (b'Date', b'Wed, 01 May 2024 22:35:10 GMT'), (b'Content-Type', b'application/json'), (b'Content-Length', b'821'), (b'Connection', b'keep-alive'), (b'Strict-Transport-Security', b'max-age=31536000; includeSubDomains; preload'), (b'Access-Control-Allow-Origin', b'*'), (b'Access-Control-Allow-Methods', b'GET, POST, OPTIONS'), (b'Access-Control-Expose-Headers', b'Content-Length,Content-Type,Date,Server,Connection')])]
[2024-05-01 22:35:10,651]: [_client.py]: _send_single_request: 1773:       INFO:    [HTTP Request: POST https://api.telegram.org/bot6030805959:AAGUHAMxLYc-PrevgKouJ3ZyM7ktu56ftjo/sendDocument "HTTP/1.1 200 OK"]
[2024-05-01 22:35:10,651]: [_trace.py]: atrace: 85:       DEBUG:    [receive_response_body.started request=<Request [b'POST']>]
[2024-05-01 22:35:10,651]: [_trace.py]: atrace: 85:       DEBUG:    [receive_response_body.complete]
[2024-05-01 22:35:10,651]: [_trace.py]: atrace: 85:       DEBUG:    [response_closed.started]
[2024-05-01 22:35:10,651]: [_trace.py]: atrace: 85:       DEBUG:    [response_closed.complete]
[2024-05-01 22:35:10,651]: [_bot.py]: _do_post: 652:       DEBUG:    [Call to Bot API endpoint `sendDocument` finished with return value `{'message_id': 406, 'from': {'id': 6030805959, 'is_bot': True, 'first_name': 'TyPHoone_bot', 'username': 'TyPHoone_Project_bot'}, 'chat': {'id': -4119703192, 'title': 'Robocop', 'type': 'group', 'all_members_are_administrators': True}, 'date': 1714602910, 'document': {'file_name': '5-Nabshi.png', 'mime_type': 'image/png', 'thumbnail': {'file_id': 'AAMCBAADGQMAAgGWZjLDnvB_U3ietRLzsmKXEfmKtk8AArMVAAKOWZhRY2teqAlLd-gBAAdtAAM0BA', 'file_unique_id': 'AQADsxUAAo5ZmFFy', 'file_size': 32770, 'width': 320, 'height': 320}, 'thumb': {'file_id': 'AAMCBAADGQMAAgGWZjLDnvB_U3ietRLzsmKXEfmKtk8AArMVAAKOWZhRY2teqAlLd-gBAAdtAAM0BA', 'file_unique_id': 'AQADsxUAAo5ZmFFy', 'file_size': 32770, 'width': 320, 'height': 320}, 'file_id': 'BQACAgQAAxkDAAIBlmYyw57wf1N4nrUS87JilxH5irZPAAKzFQACjlmYUWNrXqgJS3foNAQ', 'file_unique_id': 'AgADsxUAAo5ZmFE', 'file_size': 852430}}`]
[2024-05-01 22:35:10,652]: [_bot.py]: _do_post: 643:       DEBUG:    [Calling Bot API endpoint `sendDocument` with parameters `{'chat_id': '-4119703192', 'document': <telegram._files.inputfile.InputFile object at 0x7f19e802ea40>}`]
[2024-05-01 22:35:10,652]: [_trace.py]: atrace: 85:       DEBUG:    [send_request_headers.started request=<Request [b'POST']>]
[2024-05-01 22:35:10,652]: [_trace.py]: atrace: 85:       DEBUG:    [send_request_headers.complete]
[2024-05-01 22:35:10,652]: [_trace.py]: atrace: 85:       DEBUG:    [send_request_body.started request=<Request [b'POST']>]
[2024-05-01 22:35:10,653]: [_trace.py]: atrace: 85:       DEBUG:    [send_request_body.complete]
[2024-05-01 22:35:10,653]: [_trace.py]: atrace: 85:       DEBUG:    [receive_response_headers.started request=<Request [b'POST']>]
[2024-05-01 22:35:10,923]: [_trace.py]: atrace: 85:       DEBUG:    [receive_response_headers.complete return_value=(b'HTTP/1.1', 200, b'OK', [(b'Server', b'nginx/1.18.0'), (b'Date', b'Wed, 01 May 2024 22:35:10 GMT'), (b'Content-Type', b'application/json'), (b'Content-Length', b'825'), (b'Connection', b'keep-alive'), (b'Strict-Transport-Security', b'max-age=31536000; includeSubDomains; preload'), (b'Access-Control-Allow-Origin', b'*'), (b'Access-Control-Allow-Methods', b'GET, POST, OPTIONS'), (b'Access-Control-Expose-Headers', b'Content-Length,Content-Type,Date,Server,Connection')])]
[2024-05-01 22:35:10,923]: [_client.py]: _send_single_request: 1773:       INFO:    [HTTP Request: POST https://api.telegram.org/bot6030805959:AAGUHAMxLYc-PrevgKouJ3ZyM7ktu56ftjo/sendDocument "HTTP/1.1 200 OK"]
[2024-05-01 22:35:10,923]: [_trace.py]: atrace: 85:       DEBUG:    [receive_response_body.started request=<Request [b'POST']>]
[2024-05-01 22:35:10,923]: [_trace.py]: atrace: 85:       DEBUG:    [receive_response_body.complete]
[2024-05-01 22:35:10,923]: [_trace.py]: atrace: 85:       DEBUG:    [response_closed.started]
[2024-05-01 22:35:10,923]: [_trace.py]: atrace: 85:       DEBUG:    [response_closed.complete]
[2024-05-01 22:35:10,923]: [_bot.py]: _do_post: 652:       DEBUG:    [Call to Bot API endpoint `sendDocument` finished with return value `{'message_id': 407, 'from': {'id': 6030805959, 'is_bot': True, 'first_name': 'TyPHoone_bot', 'username': 'TyPHoone_Project_bot'}, 'chat': {'id': -4119703192, 'title': 'Robocop', 'type': 'group', 'all_members_are_administrators': True}, 'date': 1714602910, 'document': {'file_name': '6-Waraq_Siah.png', 'mime_type': 'image/png', 'thumbnail': {'file_id': 'AAMCBAADGQMAAgGXZjLDnrXSTkoZluCu-cfKZKaYML4AArQVAAKOWZhRCSkY9fmC9lEBAAdtAAM0BA', 'file_unique_id': 'AQADtBUAAo5ZmFFy', 'file_size': 44006, 'width': 320, 'height': 320}, 'thumb': {'file_id': 'AAMCBAADGQMAAgGXZjLDnrXSTkoZluCu-cfKZKaYML4AArQVAAKOWZhRCSkY9fmC9lEBAAdtAAM0BA', 'file_unique_id': 'AQADtBUAAo5ZmFFy', 'file_size': 44006, 'width': 320, 'height': 320}, 'file_id': 'BQACAgQAAxkDAAIBl2Yyw5610k5KGZbgrvnHymSmmDC-AAK0FQACjlmYUQkpGPX5gvZRNAQ', 'file_unique_id': 'AgADtBUAAo5ZmFE', 'file_size': 709117}}`]
[2024-05-01 22:35:10,924]: [_bot.py]: _do_post: 643:       DEBUG:    [Calling Bot API endpoint `sendDocument` with parameters `{'chat_id': '-4119703192', 'document': <telegram._files.inputfile.InputFile object at 0x7f19e8074940>}`]
[2024-05-01 22:35:10,924]: [_trace.py]: atrace: 85:       DEBUG:    [send_request_headers.started request=<Request [b'POST']>]
[2024-05-01 22:35:10,924]: [_trace.py]: atrace: 85:       DEBUG:    [send_request_headers.complete]
[2024-05-01 22:35:10,924]: [_trace.py]: atrace: 85:       DEBUG:    [send_request_body.started request=<Request [b'POST']>]
[2024-05-01 22:35:10,926]: [_trace.py]: atrace: 85:       DEBUG:    [send_request_body.complete]
[2024-05-01 22:35:10,926]: [_trace.py]: atrace: 85:       DEBUG:    [receive_response_headers.started request=<Request [b'POST']>]
[2024-05-01 22:35:15,931]: [_trace.py]: atrace: 85:       DEBUG:    [receive_response_headers.failed exception=ReadTimeout(TimeoutError())]
[2024-05-01 22:35:15,931]: [_trace.py]: atrace: 85:       DEBUG:    [response_closed.started]
[2024-05-01 22:35:15,931]: [_trace.py]: atrace: 85:       DEBUG:    [response_closed.complete]
[2024-05-01 22:35:15,932]: [Telegram_Sender.py]: runner: 39:       CRITICAL:    [Files Didnt sent]
[2024-05-01 22:35:15,933]: [Main.py]: <module>: 48:       INFO:    [Finished]
