[2024-11-03 11:38:49,142]: [Main.py]: <module>: 21:       INFO:    [Started]
[2024-11-03 11:38:51,289]: [Iron_Scraper.py]: Scrap: 32:       INFO:    [Data Scaraped Successfully]
[2024-11-03 11:38:51,471]: [Iron_Scraper.py]: Scrap: 70:       INFO:    [Scrapped Data Has No Problem]
[2024-11-03 11:38:51,471]: [Iron_Scraper.py]: Scrap: 83:       INFO:    [Data Saved Successfully]
[2024-11-03 11:38:51,471]: [Iron.py]: Run: 26:       INFO:    [Scraping Phase Completed]
[2024-11-03 11:38:51,471]: [Iron_Data_Processor.py]: Data_Reader: 61:       INFO:    [Data File Has Been Red Successfully]
[2024-11-03 11:38:51,472]: [Iron_Data_Processor.py]: Shaper: 78:       INFO:    [Data Shaped]
[2024-11-03 11:38:51,472]: [Iron_Data_Processor.py]: Process: 228:       INFO:    [Data Cleaned]
[2024-11-03 11:38:51,472]: [Iron_Data_Processor.py]: Make_Pages_Objects: 101:       INFO:    [Page Objects Has Been Made]
[2024-11-03 11:38:51,472]: [Iron_Data_Processor.py]: Make_Pages_Objects: 101:       INFO:    [Page Objects Has Been Made]
[2024-11-03 11:38:51,472]: [Iron_Data_Processor.py]: Load_Data: 118:       INFO:    [Data Has Been Load]
[2024-11-03 11:38:51,472]: [Iron_Data_Processor.py]: Load_Data: 118:       INFO:    [Data Has Been Load]
[2024-11-03 11:38:51,472]: [Iron_Data_Processor.py]: Load_positions: 140:       INFO:    [Positions Are Ready]
[2024-11-03 11:38:51,472]: [Iron_Data_Processor.py]: Load_positions: 140:       INFO:    [Positions Are Ready]
[2024-11-03 11:38:52,595]: [Iron_Data_Processor.py]: Make_Tagged_Images: 193:       INFO:    [Images Has Been Made]
[2024-11-03 11:38:53,544]: [Iron_Data_Processor.py]: Make_Tagged_Images: 193:       INFO:    [Images Has Been Made]
[2024-11-03 11:38:53,798]: [Iron_Data_Processor.py]: Make_Cover_Page: 215:       INFO:    [Made Cover Pages]
[2024-11-03 11:38:53,798]: [Iron.py]: Run: 29:       INFO:    [Imagination Phase Completed]
[2024-11-03 11:38:58,074]: [Phone_Scraper.py]: Scrap: 58:       INFO:    [Data Scraped]
[2024-11-03 11:38:58,075]: [Phone_Scraper.py]: Scrap: 71:       INFO:    [Scraped Data Successfully]
[2024-11-03 11:38:58,075]: [Phone.py]: Run: 26:       INFO:    [Scraping Phase Complete]
[2024-11-03 11:38:58,075]: [Phone_Data_Processor.py]: data_reader: 38:       INFO:    [Scraped Data Loaded]
[2024-11-03 11:38:58,076]: [Phone_Data_Processor.py]: filter_list: 65:       INFO:    [Persian Phrases Are deleted]
[2024-11-03 11:38:58,077]: [Phone_Data_Processor.py]: reshape_list: 87:       INFO:    [Date Reshaped]
[2024-11-03 11:38:58,077]: [Phone_Data_Processor.py]: separate_brands: 124:       INFO:    [Brands Are Separated]
[2024-11-03 11:38:58,077]: [Phone_Data_Processor.py]: delete_extra_spaces: 141:       INFO:    [Extra Spaces Are Deleted]
[2024-11-03 11:38:58,839]: [Phone.py]: Run: 29:       INFO:    [Imagination Phase Complete]
[2024-11-03 11:38:58,840]: [selector_events.py]: __init__: 64:       DEBUG:    [Using selector: EpollSelector]
[2024-11-03 11:38:59,179]: [_bot.py]: _do_post: 643:       DEBUG:    [Calling Bot API endpoint `getMe` with parameters `{}`]
[2024-11-03 11:38:59,184]: [_trace.py]: atrace: 85:       DEBUG:    [connect_tcp.started host='api.telegram.org' port=443 local_address=None timeout=5.0 socket_options=None]
[2024-11-03 11:38:59,394]: [_trace.py]: atrace: 85:       DEBUG:    [connect_tcp.complete return_value=<httpcore._backends.anyio.AnyIOStream object at 0x7f2d244a2c30>]
[2024-11-03 11:38:59,394]: [_trace.py]: atrace: 85:       DEBUG:    [start_tls.started ssl_context=<ssl.SSLContext object at 0x7f2d24d3bad0> server_hostname='api.telegram.org' timeout=5.0]
[2024-11-03 11:38:59,544]: [_trace.py]: atrace: 85:       DEBUG:    [start_tls.complete return_value=<httpcore._backends.anyio.AnyIOStream object at 0x7f2d253e81a0>]
[2024-11-03 11:38:59,544]: [_trace.py]: atrace: 85:       DEBUG:    [send_request_headers.started request=<Request [b'POST']>]
[2024-11-03 11:38:59,545]: [_trace.py]: atrace: 85:       DEBUG:    [send_request_headers.complete]
[2024-11-03 11:38:59,545]: [_trace.py]: atrace: 85:       DEBUG:    [send_request_body.started request=<Request [b'POST']>]
[2024-11-03 11:38:59,545]: [_trace.py]: atrace: 85:       DEBUG:    [send_request_body.complete]
[2024-11-03 11:38:59,545]: [_trace.py]: atrace: 85:       DEBUG:    [receive_response_headers.started request=<Request [b'POST']>]
[2024-11-03 11:38:59,719]: [_trace.py]: atrace: 85:       DEBUG:    [receive_response_headers.complete return_value=(b'HTTP/1.1', 200, b'OK', [(b'Server', b'nginx/1.18.0'), (b'Date', b'Sun, 03 Nov 2024 11:38:59 GMT'), (b'Content-Type', b'application/json'), (b'Content-Length', b'258'), (b'Connection', b'keep-alive'), (b'Strict-Transport-Security', b'max-age=31536000; includeSubDomains; preload'), (b'Access-Control-Allow-Origin', b'*'), (b'Access-Control-Allow-Methods', b'GET, POST, OPTIONS'), (b'Access-Control-Expose-Headers', b'Content-Length,Content-Type,Date,Server,Connection')])]
[2024-11-03 11:38:59,719]: [_client.py]: _send_single_request: 1786:       INFO:    [HTTP Request: POST https://api.telegram.org/bot6030805959:AAGUHAMxLYc-PrevgKouJ3ZyM7ktu56ftjo/getMe "HTTP/1.1 200 OK"]
[2024-11-03 11:38:59,720]: [_trace.py]: atrace: 85:       DEBUG:    [receive_response_body.started request=<Request [b'POST']>]
[2024-11-03 11:38:59,720]: [_trace.py]: atrace: 85:       DEBUG:    [receive_response_body.complete]
[2024-11-03 11:38:59,720]: [_trace.py]: atrace: 85:       DEBUG:    [response_closed.started]
[2024-11-03 11:38:59,720]: [_trace.py]: atrace: 85:       DEBUG:    [response_closed.complete]
[2024-11-03 11:38:59,720]: [_bot.py]: _do_post: 652:       DEBUG:    [Call to Bot API endpoint `getMe` finished with return value `{'id': 6030805959, 'is_bot': True, 'first_name': 'TyPHoone', 'username': 'TyPHoone_Project_bot', 'can_join_groups': True, 'can_read_all_group_messages': False, 'supports_inline_queries': False, 'can_connect_to_business': False, 'has_main_web_app': False}`]
[2024-11-03 11:38:59,724]: [_bot.py]: _do_post: 643:       DEBUG:    [Calling Bot API endpoint `sendDocument` with parameters `{'chat_id': '-4119703192', 'document': <telegram._files.inputfile.InputFile object at 0x7f2d24379a40>}`]
[2024-11-03 11:38:59,724]: [_trace.py]: atrace: 85:       DEBUG:    [send_request_headers.started request=<Request [b'POST']>]
[2024-11-03 11:38:59,724]: [_trace.py]: atrace: 85:       DEBUG:    [send_request_headers.complete]
[2024-11-03 11:38:59,725]: [_trace.py]: atrace: 85:       DEBUG:    [send_request_body.started request=<Request [b'POST']>]
[2024-11-03 11:38:59,725]: [_trace.py]: atrace: 85:       DEBUG:    [send_request_body.complete]
[2024-11-03 11:38:59,725]: [_trace.py]: atrace: 85:       DEBUG:    [receive_response_headers.started request=<Request [b'POST']>]
[2024-11-03 11:39:00,068]: [_trace.py]: atrace: 85:       DEBUG:    [receive_response_headers.complete return_value=(b'HTTP/1.1', 200, b'OK', [(b'Server', b'nginx/1.18.0'), (b'Date', b'Sun, 03 Nov 2024 11:38:59 GMT'), (b'Content-Type', b'application/json'), (b'Content-Length', b'465'), (b'Connection', b'keep-alive'), (b'Strict-Transport-Security', b'max-age=31536000; includeSubDomains; preload'), (b'Access-Control-Allow-Origin', b'*'), (b'Access-Control-Allow-Methods', b'GET, POST, OPTIONS'), (b'Access-Control-Expose-Headers', b'Content-Length,Content-Type,Date,Server,Connection')])]
[2024-11-03 11:39:00,068]: [_client.py]: _send_single_request: 1786:       INFO:    [HTTP Request: POST https://api.telegram.org/bot6030805959:AAGUHAMxLYc-PrevgKouJ3ZyM7ktu56ftjo/sendDocument "HTTP/1.1 200 OK"]
[2024-11-03 11:39:00,068]: [_trace.py]: atrace: 85:       DEBUG:    [receive_response_body.started request=<Request [b'POST']>]
[2024-11-03 11:39:00,068]: [_trace.py]: atrace: 85:       DEBUG:    [receive_response_body.complete]
[2024-11-03 11:39:00,068]: [_trace.py]: atrace: 85:       DEBUG:    [response_closed.started]
[2024-11-03 11:39:00,069]: [_trace.py]: atrace: 85:       DEBUG:    [response_closed.complete]
[2024-11-03 11:39:00,069]: [_bot.py]: _do_post: 652:       DEBUG:    [Call to Bot API endpoint `sendDocument` finished with return value `{'message_id': 1966, 'from': {'id': 6030805959, 'is_bot': True, 'first_name': 'TyPHoone', 'username': 'TyPHoone_Project_bot'}, 'chat': {'id': -4119703192, 'title': 'Robocop', 'type': 'group', 'all_members_are_administrators': True}, 'date': 1730633939, 'document': {'file_name': '(2024_11_03--11_38).log', 'mime_type': 'text/plain', 'file_id': 'BQACAgQAAxkDAAIHrmcnYNPxd_WjW0JItUVh15KZo7uCAAJgFQACnCs5UaExBwAB5XczyTYE', 'file_unique_id': 'AgADYBUAApwrOVE', 'file_size': 5937}}`]
[2024-11-03 11:39:00,069]: [_trace.py]: atrace: 85:       DEBUG:    [close.started]
[2024-11-03 11:39:00,069]: [_trace.py]: atrace: 85:       DEBUG:    [close.complete]
[2024-11-03 11:39:00,070]: [_config.py]: load_ssl_context: 82:       DEBUG:    [load_ssl_context verify=True cert=None trust_env=True http2=False]
[2024-11-03 11:39:00,070]: [_config.py]: load_ssl_context_verify: 148:       DEBUG:    [load_verify_locations cafile='/opt/hostedtoolcache/Python/3.12.7/x64/lib/python3.12/site-packages/certifi/cacert.pem']
[2024-11-03 11:39:00,097]: [_config.py]: load_ssl_context: 82:       DEBUG:    [load_ssl_context verify=True cert=None trust_env=True http2=False]
[2024-11-03 11:39:00,097]: [_config.py]: load_ssl_context_verify: 148:       DEBUG:    [load_verify_locations cafile='/opt/hostedtoolcache/Python/3.12.7/x64/lib/python3.12/site-packages/certifi/cacert.pem']
[2024-11-03 11:39:00,126]: [_bot.py]: _do_post: 643:       DEBUG:    [Calling Bot API endpoint `getMe` with parameters `{}`]
[2024-11-03 11:39:00,126]: [_trace.py]: atrace: 85:       DEBUG:    [connect_tcp.started host='api.telegram.org' port=443 local_address=None timeout=5.0 socket_options=None]
[2024-11-03 11:39:00,276]: [_trace.py]: atrace: 85:       DEBUG:    [connect_tcp.complete return_value=<httpcore._backends.anyio.AnyIOStream object at 0x7f2d24387b60>]
[2024-11-03 11:39:00,276]: [_trace.py]: atrace: 85:       DEBUG:    [start_tls.started ssl_context=<ssl.SSLContext object at 0x7f2d24d3b8d0> server_hostname='api.telegram.org' timeout=5.0]
[2024-11-03 11:39:00,427]: [_trace.py]: atrace: 85:       DEBUG:    [start_tls.complete return_value=<httpcore._backends.anyio.AnyIOStream object at 0x7f2d244ed850>]
[2024-11-03 11:39:00,428]: [_trace.py]: atrace: 85:       DEBUG:    [send_request_headers.started request=<Request [b'POST']>]
[2024-11-03 11:39:00,428]: [_trace.py]: atrace: 85:       DEBUG:    [send_request_headers.complete]
[2024-11-03 11:39:00,428]: [_trace.py]: atrace: 85:       DEBUG:    [send_request_body.started request=<Request [b'POST']>]
[2024-11-03 11:39:00,428]: [_trace.py]: atrace: 85:       DEBUG:    [send_request_body.complete]
[2024-11-03 11:39:00,428]: [_trace.py]: atrace: 85:       DEBUG:    [receive_response_headers.started request=<Request [b'POST']>]
[2024-11-03 11:39:00,608]: [_trace.py]: atrace: 85:       DEBUG:    [receive_response_headers.complete return_value=(b'HTTP/1.1', 200, b'OK', [(b'Server', b'nginx/1.18.0'), (b'Date', b'Sun, 03 Nov 2024 11:39:00 GMT'), (b'Content-Type', b'application/json'), (b'Content-Length', b'258'), (b'Connection', b'keep-alive'), (b'Strict-Transport-Security', b'max-age=31536000; includeSubDomains; preload'), (b'Access-Control-Allow-Origin', b'*'), (b'Access-Control-Allow-Methods', b'GET, POST, OPTIONS'), (b'Access-Control-Expose-Headers', b'Content-Length,Content-Type,Date,Server,Connection')])]
[2024-11-03 11:39:00,608]: [_client.py]: _send_single_request: 1786:       INFO:    [HTTP Request: POST https://api.telegram.org/bot6030805959:AAGUHAMxLYc-PrevgKouJ3ZyM7ktu56ftjo/getMe "HTTP/1.1 200 OK"]
[2024-11-03 11:39:00,608]: [_trace.py]: atrace: 85:       DEBUG:    [receive_response_body.started request=<Request [b'POST']>]
[2024-11-03 11:39:00,608]: [_trace.py]: atrace: 85:       DEBUG:    [receive_response_body.complete]
[2024-11-03 11:39:00,608]: [_trace.py]: atrace: 85:       DEBUG:    [response_closed.started]
[2024-11-03 11:39:00,608]: [_trace.py]: atrace: 85:       DEBUG:    [response_closed.complete]
[2024-11-03 11:39:00,609]: [_bot.py]: _do_post: 652:       DEBUG:    [Call to Bot API endpoint `getMe` finished with return value `{'id': 6030805959, 'is_bot': True, 'first_name': 'TyPHoone', 'username': 'TyPHoone_Project_bot', 'can_join_groups': True, 'can_read_all_group_messages': False, 'supports_inline_queries': False, 'can_connect_to_business': False, 'has_main_web_app': False}`]
[2024-11-03 11:39:00,611]: [_bot.py]: _do_post: 643:       DEBUG:    [Calling Bot API endpoint `sendDocument` with parameters `{'chat_id': '-4119703192', 'document': <telegram._files.inputfile.InputFile object at 0x7f2d24d60380>}`]
[2024-11-03 11:39:00,611]: [_trace.py]: atrace: 85:       DEBUG:    [send_request_headers.started request=<Request [b'POST']>]
[2024-11-03 11:39:00,612]: [_trace.py]: atrace: 85:       DEBUG:    [send_request_headers.complete]
[2024-11-03 11:39:00,612]: [_trace.py]: atrace: 85:       DEBUG:    [send_request_body.started request=<Request [b'POST']>]
[2024-11-03 11:39:02,105]: [_trace.py]: atrace: 85:       DEBUG:    [send_request_body.complete]
[2024-11-03 11:39:02,105]: [_trace.py]: atrace: 85:       DEBUG:    [receive_response_headers.started request=<Request [b'POST']>]
[2024-11-03 11:39:02,836]: [_trace.py]: atrace: 85:       DEBUG:    [receive_response_headers.complete return_value=(b'HTTP/1.1', 200, b'OK', [(b'Server', b'nginx/1.18.0'), (b'Date', b'Sun, 03 Nov 2024 11:39:02 GMT'), (b'Content-Type', b'application/json'), (b'Content-Length', b'479'), (b'Connection', b'keep-alive'), (b'Strict-Transport-Security', b'max-age=31536000; includeSubDomains; preload'), (b'Access-Control-Allow-Origin', b'*'), (b'Access-Control-Allow-Methods', b'GET, POST, OPTIONS'), (b'Access-Control-Expose-Headers', b'Content-Length,Content-Type,Date,Server,Connection')])]
[2024-11-03 11:39:02,836]: [_client.py]: _send_single_request: 1786:       INFO:    [HTTP Request: POST https://api.telegram.org/bot6030805959:AAGUHAMxLYc-PrevgKouJ3ZyM7ktu56ftjo/sendDocument "HTTP/1.1 200 OK"]
[2024-11-03 11:39:02,836]: [_trace.py]: atrace: 85:       DEBUG:    [receive_response_body.started request=<Request [b'POST']>]
[2024-11-03 11:39:02,836]: [_trace.py]: atrace: 85:       DEBUG:    [receive_response_body.complete]
[2024-11-03 11:39:02,836]: [_trace.py]: atrace: 85:       DEBUG:    [response_closed.started]
[2024-11-03 11:39:02,836]: [_trace.py]: atrace: 85:       DEBUG:    [response_closed.complete]
[2024-11-03 11:39:02,836]: [_bot.py]: _do_post: 652:       DEBUG:    [Call to Bot API endpoint `sendDocument` finished with return value `{'message_id': 1967, 'from': {'id': 6030805959, 'is_bot': True, 'first_name': 'TyPHoone', 'username': 'TyPHoone_Project_bot'}, 'chat': {'id': -4119703192, 'title': 'Robocop', 'type': 'group', 'all_members_are_administrators': True}, 'date': 1730633942, 'document': {'file_name': '(2024_11_03--11_38)output.zip', 'mime_type': 'application/zip', 'file_id': 'BQACAgQAAxkDAAIHr2cnYNafnF9qLLFxDbjcMiujtJZwAAJhFQACnCs5UUQ0D8lsQMl3NgQ', 'file_unique_id': 'AgADYRUAApwrOVE', 'file_size': 10171825}}`]
[2024-11-03 11:39:02,837]: [_trace.py]: atrace: 85:       DEBUG:    [close.started]
[2024-11-03 11:39:02,837]: [_trace.py]: atrace: 85:       DEBUG:    [close.complete]
[2024-11-03 11:39:02,837]: [Telegram_Sender.py]: runner: 61:       INFO:    [sent successfully]
[2024-11-03 11:39:02,838]: [Main.py]: <module>: 48:       INFO:    [Finished]
