[2025-06-10 11:40:32,952]: [Main.py]: <module>: 21:       INFO:    [Started]
[2025-06-10 11:40:35,404]: [Iron_Scraper.py]: Scrap: 32:       INFO:    [Data Scaraped Successfully]
[2025-06-10 11:40:35,612]: [Iron_Scraper.py]: Scrap: 70:       INFO:    [Scrapped Data Has No Problem]
[2025-06-10 11:40:35,612]: [Iron_Scraper.py]: Scrap: 83:       INFO:    [Data Saved Successfully]
[2025-06-10 11:40:35,612]: [Iron.py]: Run: 26:       INFO:    [Scraping Phase Completed]
[2025-06-10 11:40:35,613]: [Iron_Data_Processor.py]: Data_Reader: 61:       INFO:    [Data File Has Been Red Successfully]
[2025-06-10 11:40:35,613]: [Iron_Data_Processor.py]: Shaper: 78:       INFO:    [Data Shaped]
[2025-06-10 11:40:35,613]: [Iron_Data_Processor.py]: Process: 228:       INFO:    [Data Cleaned]
[2025-06-10 11:40:35,613]: [Iron_Data_Processor.py]: Make_Pages_Objects: 101:       INFO:    [Page Objects Has Been Made]
[2025-06-10 11:40:35,613]: [Iron_Data_Processor.py]: Make_Pages_Objects: 101:       INFO:    [Page Objects Has Been Made]
[2025-06-10 11:40:35,613]: [Iron_Data_Processor.py]: Load_Data: 118:       INFO:    [Data Has Been Load]
[2025-06-10 11:40:35,613]: [Iron_Data_Processor.py]: Load_Data: 118:       INFO:    [Data Has Been Load]
[2025-06-10 11:40:35,614]: [Iron_Data_Processor.py]: Load_positions: 140:       INFO:    [Positions Are Ready]
[2025-06-10 11:40:35,614]: [Iron_Data_Processor.py]: Load_positions: 140:       INFO:    [Positions Are Ready]
[2025-06-10 11:40:36,741]: [Iron_Data_Processor.py]: Make_Tagged_Images: 193:       INFO:    [Images Has Been Made]
[2025-06-10 11:40:37,699]: [Iron_Data_Processor.py]: Make_Tagged_Images: 193:       INFO:    [Images Has Been Made]
[2025-06-10 11:40:37,958]: [Iron_Data_Processor.py]: Make_Cover_Page: 215:       INFO:    [Made Cover Pages]
[2025-06-10 11:40:37,958]: [Iron.py]: Run: 29:       INFO:    [Imagination Phase Completed]
[2025-06-10 11:40:41,902]: [Phone_Scraper.py]: Scrap: 58:       INFO:    [Data Scraped]
[2025-06-10 11:40:41,902]: [Phone_Scraper.py]: Scrap: 71:       INFO:    [Scraped Data Successfully]
[2025-06-10 11:40:41,902]: [Phone.py]: Run: 26:       INFO:    [Scraping Phase Complete]
[2025-06-10 11:40:41,903]: [Phone_Data_Processor.py]: data_reader: 38:       INFO:    [Scraped Data Loaded]
[2025-06-10 11:40:41,904]: [Phone_Data_Processor.py]: filter_list: 65:       INFO:    [Persian Phrases Are deleted]
[2025-06-10 11:40:41,904]: [Phone_Data_Processor.py]: reshape_list: 87:       INFO:    [Date Reshaped]
[2025-06-10 11:40:41,904]: [Phone_Data_Processor.py]: separate_brands: 124:       INFO:    [Brands Are Separated]
[2025-06-10 11:40:41,905]: [Phone_Data_Processor.py]: delete_extra_spaces: 141:       INFO:    [Extra Spaces Are Deleted]
[2025-06-10 11:40:42,692]: [Phone.py]: Run: 29:       INFO:    [Imagination Phase Complete]
[2025-06-10 11:40:42,693]: [selector_events.py]: __init__: 64:       DEBUG:    [Using selector: EpollSelector]
[2025-06-10 11:40:42,978]: [_bot.py]: _do_post: 643:       DEBUG:    [Calling Bot API endpoint `getMe` with parameters `{}`]
[2025-06-10 11:40:42,983]: [_trace.py]: atrace: 87:       DEBUG:    [connect_tcp.started host='api.telegram.org' port=443 local_address=None timeout=5.0 socket_options=None]
[2025-06-10 11:40:43,156]: [_trace.py]: atrace: 87:       DEBUG:    [connect_tcp.complete return_value=<httpcore._backends.anyio.AnyIOStream object at 0x7f45c37d4bc0>]
[2025-06-10 11:40:43,156]: [_trace.py]: atrace: 87:       DEBUG:    [start_tls.started ssl_context=<ssl.SSLContext object at 0x7f45c4187750> server_hostname='api.telegram.org' timeout=5.0]
[2025-06-10 11:40:43,305]: [_trace.py]: atrace: 87:       DEBUG:    [start_tls.complete return_value=<httpcore._backends.anyio.AnyIOStream object at 0x7f45c4a003b0>]
[2025-06-10 11:40:43,306]: [_trace.py]: atrace: 87:       DEBUG:    [send_request_headers.started request=<Request [b'POST']>]
[2025-06-10 11:40:43,306]: [_trace.py]: atrace: 87:       DEBUG:    [send_request_headers.complete]
[2025-06-10 11:40:43,306]: [_trace.py]: atrace: 87:       DEBUG:    [send_request_body.started request=<Request [b'POST']>]
[2025-06-10 11:40:43,306]: [_trace.py]: atrace: 87:       DEBUG:    [send_request_body.complete]
[2025-06-10 11:40:43,306]: [_trace.py]: atrace: 87:       DEBUG:    [receive_response_headers.started request=<Request [b'POST']>]
[2025-06-10 11:40:43,452]: [_trace.py]: atrace: 87:       DEBUG:    [receive_response_headers.complete return_value=(b'HTTP/1.1', 200, b'OK', [(b'Server', b'nginx/1.18.0'), (b'Date', b'Tue, 10 Jun 2025 11:40:43 GMT'), (b'Content-Type', b'application/json'), (b'Content-Length', b'258'), (b'Connection', b'keep-alive'), (b'Strict-Transport-Security', b'max-age=31536000; includeSubDomains; preload'), (b'Access-Control-Allow-Origin', b'*'), (b'Access-Control-Allow-Methods', b'GET, POST, OPTIONS'), (b'Access-Control-Expose-Headers', b'Content-Length,Content-Type,Date,Server,Connection')])]
[2025-06-10 11:40:43,453]: [_client.py]: _send_single_request: 1740:       INFO:    [HTTP Request: POST https://api.telegram.org/bot6030805959:AAGUHAMxLYc-PrevgKouJ3ZyM7ktu56ftjo/getMe "HTTP/1.1 200 OK"]
[2025-06-10 11:40:43,453]: [_trace.py]: atrace: 87:       DEBUG:    [receive_response_body.started request=<Request [b'POST']>]
[2025-06-10 11:40:43,453]: [_trace.py]: atrace: 87:       DEBUG:    [receive_response_body.complete]
[2025-06-10 11:40:43,453]: [_trace.py]: atrace: 87:       DEBUG:    [response_closed.started]
[2025-06-10 11:40:43,453]: [_trace.py]: atrace: 87:       DEBUG:    [response_closed.complete]
[2025-06-10 11:40:43,453]: [_bot.py]: _do_post: 652:       DEBUG:    [Call to Bot API endpoint `getMe` finished with return value `{'id': 6030805959, 'is_bot': True, 'first_name': 'TyPHoone', 'username': 'TyPHoone_Project_bot', 'can_join_groups': True, 'can_read_all_group_messages': False, 'supports_inline_queries': False, 'can_connect_to_business': False, 'has_main_web_app': False}`]
[2025-06-10 11:40:43,456]: [_bot.py]: _do_post: 643:       DEBUG:    [Calling Bot API endpoint `sendDocument` with parameters `{'chat_id': '-4119703192', 'document': <telegram._files.inputfile.InputFile object at 0x7f45c42f9f00>}`]
[2025-06-10 11:40:43,457]: [_trace.py]: atrace: 87:       DEBUG:    [send_request_headers.started request=<Request [b'POST']>]
[2025-06-10 11:40:43,457]: [_trace.py]: atrace: 87:       DEBUG:    [send_request_headers.complete]
[2025-06-10 11:40:43,457]: [_trace.py]: atrace: 87:       DEBUG:    [send_request_body.started request=<Request [b'POST']>]
[2025-06-10 11:40:43,458]: [_trace.py]: atrace: 87:       DEBUG:    [send_request_body.complete]
[2025-06-10 11:40:43,458]: [_trace.py]: atrace: 87:       DEBUG:    [receive_response_headers.started request=<Request [b'POST']>]
[2025-06-10 11:40:43,651]: [_trace.py]: atrace: 87:       DEBUG:    [receive_response_headers.complete return_value=(b'HTTP/1.1', 200, b'OK', [(b'Server', b'nginx/1.18.0'), (b'Date', b'Tue, 10 Jun 2025 11:40:43 GMT'), (b'Content-Type', b'application/json'), (b'Content-Length', b'584'), (b'Connection', b'keep-alive'), (b'Strict-Transport-Security', b'max-age=31536000; includeSubDomains; preload'), (b'Access-Control-Allow-Origin', b'*'), (b'Access-Control-Allow-Methods', b'GET, POST, OPTIONS'), (b'Access-Control-Expose-Headers', b'Content-Length,Content-Type,Date,Server,Connection')])]
[2025-06-10 11:40:43,651]: [_client.py]: _send_single_request: 1740:       INFO:    [HTTP Request: POST https://api.telegram.org/bot6030805959:AAGUHAMxLYc-PrevgKouJ3ZyM7ktu56ftjo/sendDocument "HTTP/1.1 200 OK"]
[2025-06-10 11:40:43,651]: [_trace.py]: atrace: 87:       DEBUG:    [receive_response_body.started request=<Request [b'POST']>]
[2025-06-10 11:40:43,651]: [_trace.py]: atrace: 87:       DEBUG:    [receive_response_body.complete]
[2025-06-10 11:40:43,652]: [_trace.py]: atrace: 87:       DEBUG:    [response_closed.started]
[2025-06-10 11:40:43,652]: [_trace.py]: atrace: 87:       DEBUG:    [response_closed.complete]
[2025-06-10 11:40:43,652]: [_bot.py]: _do_post: 652:       DEBUG:    [Call to Bot API endpoint `sendDocument` finished with return value `{'message_id': 2407, 'from': {'id': 6030805959, 'is_bot': True, 'first_name': 'TyPHoone', 'username': 'TyPHoone_Project_bot'}, 'chat': {'id': -4119703192, 'title': 'Robocop', 'type': 'group', 'all_members_are_administrators': True, 'accepted_gift_types': {'unlimited_gifts': False, 'limited_gifts': False, 'unique_gifts': False, 'premium_subscription': False}}, 'date': 1749555643, 'document': {'file_name': '(2025_06_10--11_40).log', 'mime_type': 'text/plain', 'file_id': 'BQACAgQAAxkDAAIJZ2hIGbsY9qr1Kaqa1ezn8WOSknfTAAK6FgACVPJBUitMRHTFaQbTNgQ', 'file_unique_id': 'AgADuhYAAlTyQVI', 'file_size': 5937}}`]
[2025-06-10 11:40:43,652]: [_trace.py]: atrace: 87:       DEBUG:    [close.started]
[2025-06-10 11:40:43,653]: [_trace.py]: atrace: 87:       DEBUG:    [close.complete]
[2025-06-10 11:40:43,696]: [_bot.py]: _do_post: 643:       DEBUG:    [Calling Bot API endpoint `getMe` with parameters `{}`]
[2025-06-10 11:40:43,697]: [_trace.py]: atrace: 87:       DEBUG:    [connect_tcp.started host='api.telegram.org' port=443 local_address=None timeout=5.0 socket_options=None]
[2025-06-10 11:40:43,846]: [_trace.py]: atrace: 87:       DEBUG:    [connect_tcp.complete return_value=<httpcore._backends.anyio.AnyIOStream object at 0x7f45c3632480>]
[2025-06-10 11:40:43,847]: [_trace.py]: atrace: 87:       DEBUG:    [start_tls.started ssl_context=<ssl.SSLContext object at 0x7f45c4187650> server_hostname='api.telegram.org' timeout=5.0]
[2025-06-10 11:40:43,997]: [_trace.py]: atrace: 87:       DEBUG:    [start_tls.complete return_value=<httpcore._backends.anyio.AnyIOStream object at 0x7f45c3cdf590>]
[2025-06-10 11:40:43,997]: [_trace.py]: atrace: 87:       DEBUG:    [send_request_headers.started request=<Request [b'POST']>]
[2025-06-10 11:40:43,997]: [_trace.py]: atrace: 87:       DEBUG:    [send_request_headers.complete]
[2025-06-10 11:40:43,998]: [_trace.py]: atrace: 87:       DEBUG:    [send_request_body.started request=<Request [b'POST']>]
[2025-06-10 11:40:43,998]: [_trace.py]: atrace: 87:       DEBUG:    [send_request_body.complete]
[2025-06-10 11:40:43,998]: [_trace.py]: atrace: 87:       DEBUG:    [receive_response_headers.started request=<Request [b'POST']>]
[2025-06-10 11:40:44,148]: [_trace.py]: atrace: 87:       DEBUG:    [receive_response_headers.complete return_value=(b'HTTP/1.1', 200, b'OK', [(b'Server', b'nginx/1.18.0'), (b'Date', b'Tue, 10 Jun 2025 11:40:44 GMT'), (b'Content-Type', b'application/json'), (b'Content-Length', b'258'), (b'Connection', b'keep-alive'), (b'Strict-Transport-Security', b'max-age=31536000; includeSubDomains; preload'), (b'Access-Control-Allow-Origin', b'*'), (b'Access-Control-Allow-Methods', b'GET, POST, OPTIONS'), (b'Access-Control-Expose-Headers', b'Content-Length,Content-Type,Date,Server,Connection')])]
[2025-06-10 11:40:44,148]: [_client.py]: _send_single_request: 1740:       INFO:    [HTTP Request: POST https://api.telegram.org/bot6030805959:AAGUHAMxLYc-PrevgKouJ3ZyM7ktu56ftjo/getMe "HTTP/1.1 200 OK"]
[2025-06-10 11:40:44,148]: [_trace.py]: atrace: 87:       DEBUG:    [receive_response_body.started request=<Request [b'POST']>]
[2025-06-10 11:40:44,148]: [_trace.py]: atrace: 87:       DEBUG:    [receive_response_body.complete]
[2025-06-10 11:40:44,148]: [_trace.py]: atrace: 87:       DEBUG:    [response_closed.started]
[2025-06-10 11:40:44,149]: [_trace.py]: atrace: 87:       DEBUG:    [response_closed.complete]
[2025-06-10 11:40:44,149]: [_bot.py]: _do_post: 652:       DEBUG:    [Call to Bot API endpoint `getMe` finished with return value `{'id': 6030805959, 'is_bot': True, 'first_name': 'TyPHoone', 'username': 'TyPHoone_Project_bot', 'can_join_groups': True, 'can_read_all_group_messages': False, 'supports_inline_queries': False, 'can_connect_to_business': False, 'has_main_web_app': False}`]
[2025-06-10 11:40:44,152]: [_bot.py]: _do_post: 643:       DEBUG:    [Calling Bot API endpoint `sendDocument` with parameters `{'chat_id': '-4119703192', 'document': <telegram._files.inputfile.InputFile object at 0x7f45c41c2740>}`]
[2025-06-10 11:40:44,152]: [_trace.py]: atrace: 87:       DEBUG:    [send_request_headers.started request=<Request [b'POST']>]
[2025-06-10 11:40:44,152]: [_trace.py]: atrace: 87:       DEBUG:    [send_request_headers.complete]
[2025-06-10 11:40:44,152]: [_trace.py]: atrace: 87:       DEBUG:    [send_request_body.started request=<Request [b'POST']>]
[2025-06-10 11:40:45,645]: [_trace.py]: atrace: 87:       DEBUG:    [send_request_body.complete]
[2025-06-10 11:40:45,645]: [_trace.py]: atrace: 87:       DEBUG:    [receive_response_headers.started request=<Request [b'POST']>]
[2025-06-10 11:40:46,365]: [_trace.py]: atrace: 87:       DEBUG:    [receive_response_headers.complete return_value=(b'HTTP/1.1', 200, b'OK', [(b'Server', b'nginx/1.18.0'), (b'Date', b'Tue, 10 Jun 2025 11:40:46 GMT'), (b'Content-Type', b'application/json'), (b'Content-Length', b'599'), (b'Connection', b'keep-alive'), (b'Strict-Transport-Security', b'max-age=31536000; includeSubDomains; preload'), (b'Access-Control-Allow-Origin', b'*'), (b'Access-Control-Allow-Methods', b'GET, POST, OPTIONS'), (b'Access-Control-Expose-Headers', b'Content-Length,Content-Type,Date,Server,Connection')])]
[2025-06-10 11:40:46,365]: [_client.py]: _send_single_request: 1740:       INFO:    [HTTP Request: POST https://api.telegram.org/bot6030805959:AAGUHAMxLYc-PrevgKouJ3ZyM7ktu56ftjo/sendDocument "HTTP/1.1 200 OK"]
[2025-06-10 11:40:46,366]: [_trace.py]: atrace: 87:       DEBUG:    [receive_response_body.started request=<Request [b'POST']>]
[2025-06-10 11:40:46,366]: [_trace.py]: atrace: 87:       DEBUG:    [receive_response_body.complete]
[2025-06-10 11:40:46,366]: [_trace.py]: atrace: 87:       DEBUG:    [response_closed.started]
[2025-06-10 11:40:46,366]: [_trace.py]: atrace: 87:       DEBUG:    [response_closed.complete]
[2025-06-10 11:40:46,366]: [_bot.py]: _do_post: 652:       DEBUG:    [Call to Bot API endpoint `sendDocument` finished with return value `{'message_id': 2408, 'from': {'id': 6030805959, 'is_bot': True, 'first_name': 'TyPHoone', 'username': 'TyPHoone_Project_bot'}, 'chat': {'id': -4119703192, 'title': 'Robocop', 'type': 'group', 'all_members_are_administrators': True, 'accepted_gift_types': {'unlimited_gifts': False, 'limited_gifts': False, 'unique_gifts': False, 'premium_subscription': False}}, 'date': 1749555646, 'document': {'file_name': '(2025_06_10--11_40)output.zip', 'mime_type': 'application/zip', 'file_id': 'BQACAgQAAxkDAAIJaGhIGb1LNfUq1JF8aUfn8Sc_k4PnAAK7FgACVPJBUnFsFTSELVKXNgQ', 'file_unique_id': 'AgADuxYAAlTyQVI', 'file_size': 10198520}}`]
[2025-06-10 11:40:46,366]: [_trace.py]: atrace: 87:       DEBUG:    [close.started]
[2025-06-10 11:40:46,367]: [_trace.py]: atrace: 87:       DEBUG:    [close.complete]
[2025-06-10 11:40:46,367]: [Telegram_Sender.py]: runner: 61:       INFO:    [sent successfully]
[2025-06-10 11:40:46,367]: [Main.py]: <module>: 48:       INFO:    [Finished]
