[2025-05-21 11:39:21,107]: [Main.py]: <module>: 21:       INFO:    [Started]
[2025-05-21 11:39:22,710]: [Iron_Scraper.py]: Scrap: 32:       INFO:    [Data Scaraped Successfully]
[2025-05-21 11:39:22,919]: [Iron_Scraper.py]: Scrap: 70:       INFO:    [Scrapped Data Has No Problem]
[2025-05-21 11:39:22,920]: [Iron_Scraper.py]: Scrap: 83:       INFO:    [Data Saved Successfully]
[2025-05-21 11:39:22,920]: [Iron.py]: Run: 26:       INFO:    [Scraping Phase Completed]
[2025-05-21 11:39:22,920]: [Iron_Data_Processor.py]: Data_Reader: 61:       INFO:    [Data File Has Been Red Successfully]
[2025-05-21 11:39:22,920]: [Iron_Data_Processor.py]: Shaper: 78:       INFO:    [Data Shaped]
[2025-05-21 11:39:22,921]: [Iron_Data_Processor.py]: Process: 228:       INFO:    [Data Cleaned]
[2025-05-21 11:39:22,921]: [Iron_Data_Processor.py]: Make_Pages_Objects: 101:       INFO:    [Page Objects Has Been Made]
[2025-05-21 11:39:22,921]: [Iron_Data_Processor.py]: Make_Pages_Objects: 101:       INFO:    [Page Objects Has Been Made]
[2025-05-21 11:39:22,921]: [Iron_Data_Processor.py]: Load_Data: 118:       INFO:    [Data Has Been Load]
[2025-05-21 11:39:22,921]: [Iron_Data_Processor.py]: Load_Data: 118:       INFO:    [Data Has Been Load]
[2025-05-21 11:39:22,921]: [Iron_Data_Processor.py]: Load_positions: 140:       INFO:    [Positions Are Ready]
[2025-05-21 11:39:22,921]: [Iron_Data_Processor.py]: Load_positions: 140:       INFO:    [Positions Are Ready]
[2025-05-21 11:39:24,035]: [Iron_Data_Processor.py]: Make_Tagged_Images: 193:       INFO:    [Images Has Been Made]
[2025-05-21 11:39:24,973]: [Iron_Data_Processor.py]: Make_Tagged_Images: 193:       INFO:    [Images Has Been Made]
[2025-05-21 11:39:25,227]: [Iron_Data_Processor.py]: Make_Cover_Page: 215:       INFO:    [Made Cover Pages]
[2025-05-21 11:39:25,228]: [Iron.py]: Run: 29:       INFO:    [Imagination Phase Completed]
[2025-05-21 11:39:28,359]: [Phone_Scraper.py]: Scrap: 58:       INFO:    [Data Scraped]
[2025-05-21 11:39:28,360]: [Phone_Scraper.py]: Scrap: 71:       INFO:    [Scraped Data Successfully]
[2025-05-21 11:39:28,360]: [Phone.py]: Run: 26:       INFO:    [Scraping Phase Complete]
[2025-05-21 11:39:28,360]: [Phone_Data_Processor.py]: data_reader: 38:       INFO:    [Scraped Data Loaded]
[2025-05-21 11:39:28,361]: [Phone_Data_Processor.py]: filter_list: 65:       INFO:    [Persian Phrases Are deleted]
[2025-05-21 11:39:28,362]: [Phone_Data_Processor.py]: reshape_list: 87:       INFO:    [Date Reshaped]
[2025-05-21 11:39:28,362]: [Phone_Data_Processor.py]: separate_brands: 124:       INFO:    [Brands Are Separated]
[2025-05-21 11:39:28,362]: [Phone_Data_Processor.py]: delete_extra_spaces: 141:       INFO:    [Extra Spaces Are Deleted]
[2025-05-21 11:39:29,153]: [Phone.py]: Run: 29:       INFO:    [Imagination Phase Complete]
[2025-05-21 11:39:29,154]: [selector_events.py]: __init__: 64:       DEBUG:    [Using selector: EpollSelector]
[2025-05-21 11:39:29,433]: [_bot.py]: _do_post: 643:       DEBUG:    [Calling Bot API endpoint `getMe` with parameters `{}`]
[2025-05-21 11:39:29,438]: [_trace.py]: atrace: 87:       DEBUG:    [connect_tcp.started host='api.telegram.org' port=443 local_address=None timeout=5.0 socket_options=None]
[2025-05-21 11:39:29,600]: [_trace.py]: atrace: 87:       DEBUG:    [connect_tcp.complete return_value=<httpcore._backends.anyio.AnyIOStream object at 0x7f42fef77b00>]
[2025-05-21 11:39:29,600]: [_trace.py]: atrace: 87:       DEBUG:    [start_tls.started ssl_context=<ssl.SSLContext object at 0x7f42ff9737d0> server_hostname='api.telegram.org' timeout=5.0]
[2025-05-21 11:39:29,692]: [_trace.py]: atrace: 87:       DEBUG:    [start_tls.complete return_value=<httpcore._backends.anyio.AnyIOStream object at 0x7f42fefb1a90>]
[2025-05-21 11:39:29,692]: [_trace.py]: atrace: 87:       DEBUG:    [send_request_headers.started request=<Request [b'POST']>]
[2025-05-21 11:39:29,693]: [_trace.py]: atrace: 87:       DEBUG:    [send_request_headers.complete]
[2025-05-21 11:39:29,693]: [_trace.py]: atrace: 87:       DEBUG:    [send_request_body.started request=<Request [b'POST']>]
[2025-05-21 11:39:29,693]: [_trace.py]: atrace: 87:       DEBUG:    [send_request_body.complete]
[2025-05-21 11:39:29,693]: [_trace.py]: atrace: 87:       DEBUG:    [receive_response_headers.started request=<Request [b'POST']>]
[2025-05-21 11:39:29,782]: [_trace.py]: atrace: 87:       DEBUG:    [receive_response_headers.complete return_value=(b'HTTP/1.1', 200, b'OK', [(b'Server', b'nginx/1.18.0'), (b'Date', b'Wed, 21 May 2025 11:39:29 GMT'), (b'Content-Type', b'application/json'), (b'Content-Length', b'258'), (b'Connection', b'keep-alive'), (b'Strict-Transport-Security', b'max-age=31536000; includeSubDomains; preload'), (b'Access-Control-Allow-Origin', b'*'), (b'Access-Control-Allow-Methods', b'GET, POST, OPTIONS'), (b'Access-Control-Expose-Headers', b'Content-Length,Content-Type,Date,Server,Connection')])]
[2025-05-21 11:39:29,782]: [_client.py]: _send_single_request: 1740:       INFO:    [HTTP Request: POST https://api.telegram.org/bot6030805959:AAGUHAMxLYc-PrevgKouJ3ZyM7ktu56ftjo/getMe "HTTP/1.1 200 OK"]
[2025-05-21 11:39:29,782]: [_trace.py]: atrace: 87:       DEBUG:    [receive_response_body.started request=<Request [b'POST']>]
[2025-05-21 11:39:29,783]: [_trace.py]: atrace: 87:       DEBUG:    [receive_response_body.complete]
[2025-05-21 11:39:29,783]: [_trace.py]: atrace: 87:       DEBUG:    [response_closed.started]
[2025-05-21 11:39:29,783]: [_trace.py]: atrace: 87:       DEBUG:    [response_closed.complete]
[2025-05-21 11:39:29,783]: [_bot.py]: _do_post: 652:       DEBUG:    [Call to Bot API endpoint `getMe` finished with return value `{'id': 6030805959, 'is_bot': True, 'first_name': 'TyPHoone', 'username': 'TyPHoone_Project_bot', 'can_join_groups': True, 'can_read_all_group_messages': False, 'supports_inline_queries': False, 'can_connect_to_business': False, 'has_main_web_app': False}`]
[2025-05-21 11:39:29,786]: [_bot.py]: _do_post: 643:       DEBUG:    [Calling Bot API endpoint `sendDocument` with parameters `{'chat_id': '-4119703192', 'document': <telegram._files.inputfile.InputFile object at 0x7f42fefe9e40>}`]
[2025-05-21 11:39:29,786]: [_trace.py]: atrace: 87:       DEBUG:    [send_request_headers.started request=<Request [b'POST']>]
[2025-05-21 11:39:29,786]: [_trace.py]: atrace: 87:       DEBUG:    [send_request_headers.complete]
[2025-05-21 11:39:29,786]: [_trace.py]: atrace: 87:       DEBUG:    [send_request_body.started request=<Request [b'POST']>]
[2025-05-21 11:39:29,787]: [_trace.py]: atrace: 87:       DEBUG:    [send_request_body.complete]
[2025-05-21 11:39:29,787]: [_trace.py]: atrace: 87:       DEBUG:    [receive_response_headers.started request=<Request [b'POST']>]
[2025-05-21 11:39:30,003]: [_trace.py]: atrace: 87:       DEBUG:    [receive_response_headers.complete return_value=(b'HTTP/1.1', 200, b'OK', [(b'Server', b'nginx/1.18.0'), (b'Date', b'Wed, 21 May 2025 11:39:29 GMT'), (b'Content-Type', b'application/json'), (b'Content-Length', b'584'), (b'Connection', b'keep-alive'), (b'Strict-Transport-Security', b'max-age=31536000; includeSubDomains; preload'), (b'Access-Control-Allow-Origin', b'*'), (b'Access-Control-Allow-Methods', b'GET, POST, OPTIONS'), (b'Access-Control-Expose-Headers', b'Content-Length,Content-Type,Date,Server,Connection')])]
[2025-05-21 11:39:30,003]: [_client.py]: _send_single_request: 1740:       INFO:    [HTTP Request: POST https://api.telegram.org/bot6030805959:AAGUHAMxLYc-PrevgKouJ3ZyM7ktu56ftjo/sendDocument "HTTP/1.1 200 OK"]
[2025-05-21 11:39:30,003]: [_trace.py]: atrace: 87:       DEBUG:    [receive_response_body.started request=<Request [b'POST']>]
[2025-05-21 11:39:30,003]: [_trace.py]: atrace: 87:       DEBUG:    [receive_response_body.complete]
[2025-05-21 11:39:30,003]: [_trace.py]: atrace: 87:       DEBUG:    [response_closed.started]
[2025-05-21 11:39:30,004]: [_trace.py]: atrace: 87:       DEBUG:    [response_closed.complete]
[2025-05-21 11:39:30,004]: [_bot.py]: _do_post: 652:       DEBUG:    [Call to Bot API endpoint `sendDocument` finished with return value `{'message_id': 2367, 'from': {'id': 6030805959, 'is_bot': True, 'first_name': 'TyPHoone', 'username': 'TyPHoone_Project_bot'}, 'chat': {'id': -4119703192, 'title': 'Robocop', 'type': 'group', 'all_members_are_administrators': True, 'accepted_gift_types': {'unlimited_gifts': False, 'limited_gifts': False, 'unique_gifts': False, 'premium_subscription': False}}, 'date': 1747827569, 'document': {'file_name': '(2025_05_21--11_39).log', 'mime_type': 'text/plain', 'file_id': 'BQACAgQAAxkDAAIJP2gtu3ETT07Kyx76lNhMgFurVvkUAAJ9FwACrHVxUS6mtRy_KwgHNgQ', 'file_unique_id': 'AgADfRcAAqx1cVE', 'file_size': 5937}}`]
[2025-05-21 11:39:30,004]: [_trace.py]: atrace: 87:       DEBUG:    [close.started]
[2025-05-21 11:39:30,004]: [_trace.py]: atrace: 87:       DEBUG:    [close.complete]
[2025-05-21 11:39:30,047]: [_bot.py]: _do_post: 643:       DEBUG:    [Calling Bot API endpoint `getMe` with parameters `{}`]
[2025-05-21 11:39:30,047]: [_trace.py]: atrace: 87:       DEBUG:    [connect_tcp.started host='api.telegram.org' port=443 local_address=None timeout=5.0 socket_options=None]
[2025-05-21 11:39:30,137]: [_trace.py]: atrace: 87:       DEBUG:    [connect_tcp.complete return_value=<httpcore._backends.anyio.AnyIOStream object at 0x7f42fee82b40>]
[2025-05-21 11:39:30,137]: [_trace.py]: atrace: 87:       DEBUG:    [start_tls.started ssl_context=<ssl.SSLContext object at 0x7f42ff9736d0> server_hostname='api.telegram.org' timeout=5.0]
[2025-05-21 11:39:30,227]: [_trace.py]: atrace: 87:       DEBUG:    [start_tls.complete return_value=<httpcore._backends.anyio.AnyIOStream object at 0x7f42ffb468a0>]
[2025-05-21 11:39:30,227]: [_trace.py]: atrace: 87:       DEBUG:    [send_request_headers.started request=<Request [b'POST']>]
[2025-05-21 11:39:30,228]: [_trace.py]: atrace: 87:       DEBUG:    [send_request_headers.complete]
[2025-05-21 11:39:30,228]: [_trace.py]: atrace: 87:       DEBUG:    [send_request_body.started request=<Request [b'POST']>]
[2025-05-21 11:39:30,228]: [_trace.py]: atrace: 87:       DEBUG:    [send_request_body.complete]
[2025-05-21 11:39:30,228]: [_trace.py]: atrace: 87:       DEBUG:    [receive_response_headers.started request=<Request [b'POST']>]
[2025-05-21 11:39:30,316]: [_trace.py]: atrace: 87:       DEBUG:    [receive_response_headers.complete return_value=(b'HTTP/1.1', 200, b'OK', [(b'Server', b'nginx/1.18.0'), (b'Date', b'Wed, 21 May 2025 11:39:30 GMT'), (b'Content-Type', b'application/json'), (b'Content-Length', b'258'), (b'Connection', b'keep-alive'), (b'Strict-Transport-Security', b'max-age=31536000; includeSubDomains; preload'), (b'Access-Control-Allow-Origin', b'*'), (b'Access-Control-Allow-Methods', b'GET, POST, OPTIONS'), (b'Access-Control-Expose-Headers', b'Content-Length,Content-Type,Date,Server,Connection')])]
[2025-05-21 11:39:30,316]: [_client.py]: _send_single_request: 1740:       INFO:    [HTTP Request: POST https://api.telegram.org/bot6030805959:AAGUHAMxLYc-PrevgKouJ3ZyM7ktu56ftjo/getMe "HTTP/1.1 200 OK"]
[2025-05-21 11:39:30,317]: [_trace.py]: atrace: 87:       DEBUG:    [receive_response_body.started request=<Request [b'POST']>]
[2025-05-21 11:39:30,317]: [_trace.py]: atrace: 87:       DEBUG:    [receive_response_body.complete]
[2025-05-21 11:39:30,317]: [_trace.py]: atrace: 87:       DEBUG:    [response_closed.started]
[2025-05-21 11:39:30,317]: [_trace.py]: atrace: 87:       DEBUG:    [response_closed.complete]
[2025-05-21 11:39:30,317]: [_bot.py]: _do_post: 652:       DEBUG:    [Call to Bot API endpoint `getMe` finished with return value `{'id': 6030805959, 'is_bot': True, 'first_name': 'TyPHoone', 'username': 'TyPHoone_Project_bot', 'can_join_groups': True, 'can_read_all_group_messages': False, 'supports_inline_queries': False, 'can_connect_to_business': False, 'has_main_web_app': False}`]
[2025-05-21 11:39:30,319]: [_bot.py]: _do_post: 643:       DEBUG:    [Calling Bot API endpoint `sendDocument` with parameters `{'chat_id': '-4119703192', 'document': <telegram._files.inputfile.InputFile object at 0x7f42ff9c1a00>}`]
[2025-05-21 11:39:30,320]: [_trace.py]: atrace: 87:       DEBUG:    [send_request_headers.started request=<Request [b'POST']>]
[2025-05-21 11:39:30,320]: [_trace.py]: atrace: 87:       DEBUG:    [send_request_headers.complete]
[2025-05-21 11:39:30,320]: [_trace.py]: atrace: 87:       DEBUG:    [send_request_body.started request=<Request [b'POST']>]
[2025-05-21 11:39:31,230]: [_trace.py]: atrace: 87:       DEBUG:    [send_request_body.complete]
[2025-05-21 11:39:31,230]: [_trace.py]: atrace: 87:       DEBUG:    [receive_response_headers.started request=<Request [b'POST']>]
[2025-05-21 11:39:32,084]: [_trace.py]: atrace: 87:       DEBUG:    [receive_response_headers.complete return_value=(b'HTTP/1.1', 200, b'OK', [(b'Server', b'nginx/1.18.0'), (b'Date', b'Wed, 21 May 2025 11:39:32 GMT'), (b'Content-Type', b'application/json'), (b'Content-Length', b'599'), (b'Connection', b'keep-alive'), (b'Strict-Transport-Security', b'max-age=31536000; includeSubDomains; preload'), (b'Access-Control-Allow-Origin', b'*'), (b'Access-Control-Allow-Methods', b'GET, POST, OPTIONS'), (b'Access-Control-Expose-Headers', b'Content-Length,Content-Type,Date,Server,Connection')])]
[2025-05-21 11:39:32,084]: [_client.py]: _send_single_request: 1740:       INFO:    [HTTP Request: POST https://api.telegram.org/bot6030805959:AAGUHAMxLYc-PrevgKouJ3ZyM7ktu56ftjo/sendDocument "HTTP/1.1 200 OK"]
[2025-05-21 11:39:32,084]: [_trace.py]: atrace: 87:       DEBUG:    [receive_response_body.started request=<Request [b'POST']>]
[2025-05-21 11:39:32,084]: [_trace.py]: atrace: 87:       DEBUG:    [receive_response_body.complete]
[2025-05-21 11:39:32,085]: [_trace.py]: atrace: 87:       DEBUG:    [response_closed.started]
[2025-05-21 11:39:32,085]: [_trace.py]: atrace: 87:       DEBUG:    [response_closed.complete]
[2025-05-21 11:39:32,085]: [_bot.py]: _do_post: 652:       DEBUG:    [Call to Bot API endpoint `sendDocument` finished with return value `{'message_id': 2368, 'from': {'id': 6030805959, 'is_bot': True, 'first_name': 'TyPHoone', 'username': 'TyPHoone_Project_bot'}, 'chat': {'id': -4119703192, 'title': 'Robocop', 'type': 'group', 'all_members_are_administrators': True, 'accepted_gift_types': {'unlimited_gifts': False, 'limited_gifts': False, 'unique_gifts': False, 'premium_subscription': False}}, 'date': 1747827572, 'document': {'file_name': '(2025_05_21--11_39)output.zip', 'mime_type': 'application/zip', 'file_id': 'BQACAgQAAxkDAAIJQGgtu3P3zV1KQpJ95N1078Lks32oAAJ-FwACrHVxUe_gW_a_LFThNgQ', 'file_unique_id': 'AgADfhcAAqx1cVE', 'file_size': 10246423}}`]
[2025-05-21 11:39:32,085]: [_trace.py]: atrace: 87:       DEBUG:    [close.started]
[2025-05-21 11:39:32,085]: [_trace.py]: atrace: 87:       DEBUG:    [close.complete]
[2025-05-21 11:39:32,085]: [Telegram_Sender.py]: runner: 61:       INFO:    [sent successfully]
[2025-05-21 11:39:32,086]: [Main.py]: <module>: 48:       INFO:    [Finished]
