[2025-06-28 11:38:51,563]: [Main.py]: <module>: 21:       INFO:    [Started]
[2025-06-28 11:38:53,264]: [Iron_Scraper.py]: Scrap: 32:       INFO:    [Data Scaraped Successfully]
[2025-06-28 11:38:53,463]: [Iron_Scraper.py]: Scrap: 70:       INFO:    [Scrapped Data Has No Problem]
[2025-06-28 11:38:53,463]: [Iron_Scraper.py]: Scrap: 83:       INFO:    [Data Saved Successfully]
[2025-06-28 11:38:53,464]: [Iron.py]: Run: 26:       INFO:    [Scraping Phase Completed]
[2025-06-28 11:38:53,464]: [Iron_Data_Processor.py]: Data_Reader: 61:       INFO:    [Data File Has Been Red Successfully]
[2025-06-28 11:38:53,464]: [Iron_Data_Processor.py]: Shaper: 78:       INFO:    [Data Shaped]
[2025-06-28 11:38:53,464]: [Iron_Data_Processor.py]: Process: 228:       INFO:    [Data Cleaned]
[2025-06-28 11:38:53,464]: [Iron_Data_Processor.py]: Make_Pages_Objects: 101:       INFO:    [Page Objects Has Been Made]
[2025-06-28 11:38:53,464]: [Iron_Data_Processor.py]: Make_Pages_Objects: 101:       INFO:    [Page Objects Has Been Made]
[2025-06-28 11:38:53,464]: [Iron_Data_Processor.py]: Load_Data: 118:       INFO:    [Data Has Been Load]
[2025-06-28 11:38:53,464]: [Iron_Data_Processor.py]: Load_Data: 118:       INFO:    [Data Has Been Load]
[2025-06-28 11:38:53,465]: [Iron_Data_Processor.py]: Load_positions: 140:       INFO:    [Positions Are Ready]
[2025-06-28 11:38:53,465]: [Iron_Data_Processor.py]: Load_positions: 140:       INFO:    [Positions Are Ready]
[2025-06-28 11:38:54,581]: [Iron_Data_Processor.py]: Make_Tagged_Images: 193:       INFO:    [Images Has Been Made]
[2025-06-28 11:38:55,526]: [Iron_Data_Processor.py]: Make_Tagged_Images: 193:       INFO:    [Images Has Been Made]
[2025-06-28 11:38:55,783]: [Iron_Data_Processor.py]: Make_Cover_Page: 215:       INFO:    [Made Cover Pages]
[2025-06-28 11:38:55,784]: [Iron.py]: Run: 29:       INFO:    [Imagination Phase Completed]
[2025-06-28 11:39:36,886]: [Phone_Scraper.py]: Scrap: 58:       INFO:    [Data Scraped]
[2025-06-28 11:39:36,886]: [Phone_Scraper.py]: Scrap: 71:       INFO:    [Scraped Data Successfully]
[2025-06-28 11:39:36,886]: [Phone.py]: Run: 26:       INFO:    [Scraping Phase Complete]
[2025-06-28 11:39:36,886]: [Phone_Data_Processor.py]: data_reader: 38:       INFO:    [Scraped Data Loaded]
[2025-06-28 11:39:36,887]: [Phone_Data_Processor.py]: filter_list: 65:       INFO:    [Persian Phrases Are deleted]
[2025-06-28 11:39:36,888]: [Phone_Data_Processor.py]: reshape_list: 87:       INFO:    [Date Reshaped]
[2025-06-28 11:39:36,888]: [Phone_Data_Processor.py]: separate_brands: 124:       INFO:    [Brands Are Separated]
[2025-06-28 11:39:36,888]: [Phone_Data_Processor.py]: delete_extra_spaces: 141:       INFO:    [Extra Spaces Are Deleted]
[2025-06-28 11:39:37,661]: [Phone.py]: Run: 29:       INFO:    [Imagination Phase Complete]
[2025-06-28 11:39:37,661]: [selector_events.py]: __init__: 64:       DEBUG:    [Using selector: EpollSelector]
[2025-06-28 11:39:37,939]: [_bot.py]: _do_post: 643:       DEBUG:    [Calling Bot API endpoint `getMe` with parameters `{}`]
[2025-06-28 11:39:37,943]: [_trace.py]: atrace: 87:       DEBUG:    [connect_tcp.started host='api.telegram.org' port=443 local_address=None timeout=5.0 socket_options=None]
[2025-06-28 11:39:38,144]: [_trace.py]: atrace: 87:       DEBUG:    [connect_tcp.complete return_value=<httpcore._backends.anyio.AnyIOStream object at 0x7fac18899bb0>]
[2025-06-28 11:39:38,145]: [_trace.py]: atrace: 87:       DEBUG:    [start_tls.started ssl_context=<ssl.SSLContext object at 0x7fac19287850> server_hostname='api.telegram.org' timeout=5.0]
[2025-06-28 11:39:38,232]: [_trace.py]: atrace: 87:       DEBUG:    [start_tls.complete return_value=<httpcore._backends.anyio.AnyIOStream object at 0x7fac192a1220>]
[2025-06-28 11:39:38,232]: [_trace.py]: atrace: 87:       DEBUG:    [send_request_headers.started request=<Request [b'POST']>]
[2025-06-28 11:39:38,232]: [_trace.py]: atrace: 87:       DEBUG:    [send_request_headers.complete]
[2025-06-28 11:39:38,232]: [_trace.py]: atrace: 87:       DEBUG:    [send_request_body.started request=<Request [b'POST']>]
[2025-06-28 11:39:38,232]: [_trace.py]: atrace: 87:       DEBUG:    [send_request_body.complete]
[2025-06-28 11:39:38,232]: [_trace.py]: atrace: 87:       DEBUG:    [receive_response_headers.started request=<Request [b'POST']>]
[2025-06-28 11:39:38,318]: [_trace.py]: atrace: 87:       DEBUG:    [receive_response_headers.complete return_value=(b'HTTP/1.1', 200, b'OK', [(b'Server', b'nginx/1.18.0'), (b'Date', b'Sat, 28 Jun 2025 11:39:38 GMT'), (b'Content-Type', b'application/json'), (b'Content-Length', b'258'), (b'Connection', b'keep-alive'), (b'Strict-Transport-Security', b'max-age=31536000; includeSubDomains; preload'), (b'Access-Control-Allow-Origin', b'*'), (b'Access-Control-Allow-Methods', b'GET, POST, OPTIONS'), (b'Access-Control-Expose-Headers', b'Content-Length,Content-Type,Date,Server,Connection')])]
[2025-06-28 11:39:38,318]: [_client.py]: _send_single_request: 1740:       INFO:    [HTTP Request: POST https://api.telegram.org/bot6030805959:AAGUHAMxLYc-PrevgKouJ3ZyM7ktu56ftjo/getMe "HTTP/1.1 200 OK"]
[2025-06-28 11:39:38,318]: [_trace.py]: atrace: 87:       DEBUG:    [receive_response_body.started request=<Request [b'POST']>]
[2025-06-28 11:39:38,318]: [_trace.py]: atrace: 87:       DEBUG:    [receive_response_body.complete]
[2025-06-28 11:39:38,318]: [_trace.py]: atrace: 87:       DEBUG:    [response_closed.started]
[2025-06-28 11:39:38,319]: [_trace.py]: atrace: 87:       DEBUG:    [response_closed.complete]
[2025-06-28 11:39:38,319]: [_bot.py]: _do_post: 652:       DEBUG:    [Call to Bot API endpoint `getMe` finished with return value `{'id': 6030805959, 'is_bot': True, 'first_name': 'TyPHoone', 'username': 'TyPHoone_Project_bot', 'can_join_groups': True, 'can_read_all_group_messages': False, 'supports_inline_queries': False, 'can_connect_to_business': False, 'has_main_web_app': False}`]
[2025-06-28 11:39:38,322]: [_bot.py]: _do_post: 643:       DEBUG:    [Calling Bot API endpoint `sendDocument` with parameters `{'chat_id': '-4119703192', 'document': <telegram._files.inputfile.InputFile object at 0x7fac188e1780>}`]
[2025-06-28 11:39:38,322]: [_trace.py]: atrace: 87:       DEBUG:    [send_request_headers.started request=<Request [b'POST']>]
[2025-06-28 11:39:38,322]: [_trace.py]: atrace: 87:       DEBUG:    [send_request_headers.complete]
[2025-06-28 11:39:38,322]: [_trace.py]: atrace: 87:       DEBUG:    [send_request_body.started request=<Request [b'POST']>]
[2025-06-28 11:39:38,323]: [_trace.py]: atrace: 87:       DEBUG:    [send_request_body.complete]
[2025-06-28 11:39:38,323]: [_trace.py]: atrace: 87:       DEBUG:    [receive_response_headers.started request=<Request [b'POST']>]
[2025-06-28 11:39:38,524]: [_trace.py]: atrace: 87:       DEBUG:    [receive_response_headers.complete return_value=(b'HTTP/1.1', 200, b'OK', [(b'Server', b'nginx/1.18.0'), (b'Date', b'Sat, 28 Jun 2025 11:39:38 GMT'), (b'Content-Type', b'application/json'), (b'Content-Length', b'584'), (b'Connection', b'keep-alive'), (b'Strict-Transport-Security', b'max-age=31536000; includeSubDomains; preload'), (b'Access-Control-Allow-Origin', b'*'), (b'Access-Control-Allow-Methods', b'GET, POST, OPTIONS'), (b'Access-Control-Expose-Headers', b'Content-Length,Content-Type,Date,Server,Connection')])]
[2025-06-28 11:39:38,524]: [_client.py]: _send_single_request: 1740:       INFO:    [HTTP Request: POST https://api.telegram.org/bot6030805959:AAGUHAMxLYc-PrevgKouJ3ZyM7ktu56ftjo/sendDocument "HTTP/1.1 200 OK"]
[2025-06-28 11:39:38,524]: [_trace.py]: atrace: 87:       DEBUG:    [receive_response_body.started request=<Request [b'POST']>]
[2025-06-28 11:39:38,525]: [_trace.py]: atrace: 87:       DEBUG:    [receive_response_body.complete]
[2025-06-28 11:39:38,525]: [_trace.py]: atrace: 87:       DEBUG:    [response_closed.started]
[2025-06-28 11:39:38,525]: [_trace.py]: atrace: 87:       DEBUG:    [response_closed.complete]
[2025-06-28 11:39:38,525]: [_bot.py]: _do_post: 652:       DEBUG:    [Call to Bot API endpoint `sendDocument` finished with return value `{'message_id': 2447, 'from': {'id': 6030805959, 'is_bot': True, 'first_name': 'TyPHoone', 'username': 'TyPHoone_Project_bot'}, 'chat': {'id': -4119703192, 'title': 'Robocop', 'type': 'group', 'all_members_are_administrators': True, 'accepted_gift_types': {'unlimited_gifts': False, 'limited_gifts': False, 'unique_gifts': False, 'premium_subscription': False}}, 'date': 1751110778, 'document': {'file_name': '(2025_06_28--11_38).log', 'mime_type': 'text/plain', 'file_id': 'BQACAgQAAxkDAAIJj2hf1Hpz-wpstRv9tF4GcUpcGF-jAALGFwACkU0BU8CbbDrUbMdgNgQ', 'file_unique_id': 'AgADxhcAApFNAVM', 'file_size': 5937}}`]
[2025-06-28 11:39:38,525]: [_trace.py]: atrace: 87:       DEBUG:    [close.started]
[2025-06-28 11:39:38,525]: [_trace.py]: atrace: 87:       DEBUG:    [close.complete]
[2025-06-28 11:39:38,568]: [_bot.py]: _do_post: 643:       DEBUG:    [Calling Bot API endpoint `getMe` with parameters `{}`]
[2025-06-28 11:39:38,568]: [_trace.py]: atrace: 87:       DEBUG:    [connect_tcp.started host='api.telegram.org' port=443 local_address=None timeout=5.0 socket_options=None]
[2025-06-28 11:39:38,654]: [_trace.py]: atrace: 87:       DEBUG:    [connect_tcp.complete return_value=<httpcore._backends.anyio.AnyIOStream object at 0x7fac18913b00>]
[2025-06-28 11:39:38,654]: [_trace.py]: atrace: 87:       DEBUG:    [start_tls.started ssl_context=<ssl.SSLContext object at 0x7fac19287750> server_hostname='api.telegram.org' timeout=5.0]
[2025-06-28 11:39:38,740]: [_trace.py]: atrace: 87:       DEBUG:    [start_tls.complete return_value=<httpcore._backends.anyio.AnyIOStream object at 0x7fac19355ca0>]
[2025-06-28 11:39:38,741]: [_trace.py]: atrace: 87:       DEBUG:    [send_request_headers.started request=<Request [b'POST']>]
[2025-06-28 11:39:38,741]: [_trace.py]: atrace: 87:       DEBUG:    [send_request_headers.complete]
[2025-06-28 11:39:38,741]: [_trace.py]: atrace: 87:       DEBUG:    [send_request_body.started request=<Request [b'POST']>]
[2025-06-28 11:39:38,741]: [_trace.py]: atrace: 87:       DEBUG:    [send_request_body.complete]
[2025-06-28 11:39:38,741]: [_trace.py]: atrace: 87:       DEBUG:    [receive_response_headers.started request=<Request [b'POST']>]
[2025-06-28 11:39:38,826]: [_trace.py]: atrace: 87:       DEBUG:    [receive_response_headers.complete return_value=(b'HTTP/1.1', 200, b'OK', [(b'Server', b'nginx/1.18.0'), (b'Date', b'Sat, 28 Jun 2025 11:39:38 GMT'), (b'Content-Type', b'application/json'), (b'Content-Length', b'258'), (b'Connection', b'keep-alive'), (b'Strict-Transport-Security', b'max-age=31536000; includeSubDomains; preload'), (b'Access-Control-Allow-Origin', b'*'), (b'Access-Control-Allow-Methods', b'GET, POST, OPTIONS'), (b'Access-Control-Expose-Headers', b'Content-Length,Content-Type,Date,Server,Connection')])]
[2025-06-28 11:39:38,826]: [_client.py]: _send_single_request: 1740:       INFO:    [HTTP Request: POST https://api.telegram.org/bot6030805959:AAGUHAMxLYc-PrevgKouJ3ZyM7ktu56ftjo/getMe "HTTP/1.1 200 OK"]
[2025-06-28 11:39:38,826]: [_trace.py]: atrace: 87:       DEBUG:    [receive_response_body.started request=<Request [b'POST']>]
[2025-06-28 11:39:38,826]: [_trace.py]: atrace: 87:       DEBUG:    [receive_response_body.complete]
[2025-06-28 11:39:38,826]: [_trace.py]: atrace: 87:       DEBUG:    [response_closed.started]
[2025-06-28 11:39:38,826]: [_trace.py]: atrace: 87:       DEBUG:    [response_closed.complete]
[2025-06-28 11:39:38,826]: [_bot.py]: _do_post: 652:       DEBUG:    [Call to Bot API endpoint `getMe` finished with return value `{'id': 6030805959, 'is_bot': True, 'first_name': 'TyPHoone', 'username': 'TyPHoone_Project_bot', 'can_join_groups': True, 'can_read_all_group_messages': False, 'supports_inline_queries': False, 'can_connect_to_business': False, 'has_main_web_app': False}`]
[2025-06-28 11:39:38,829]: [_bot.py]: _do_post: 643:       DEBUG:    [Calling Bot API endpoint `sendDocument` with parameters `{'chat_id': '-4119703192', 'document': <telegram._files.inputfile.InputFile object at 0x7fac192d8e80>}`]
[2025-06-28 11:39:38,829]: [_trace.py]: atrace: 87:       DEBUG:    [send_request_headers.started request=<Request [b'POST']>]
[2025-06-28 11:39:38,829]: [_trace.py]: atrace: 87:       DEBUG:    [send_request_headers.complete]
[2025-06-28 11:39:38,829]: [_trace.py]: atrace: 87:       DEBUG:    [send_request_body.started request=<Request [b'POST']>]
[2025-06-28 11:39:39,605]: [_trace.py]: atrace: 87:       DEBUG:    [send_request_body.complete]
[2025-06-28 11:39:39,606]: [_trace.py]: atrace: 87:       DEBUG:    [receive_response_headers.started request=<Request [b'POST']>]
[2025-06-28 11:39:40,249]: [_trace.py]: atrace: 87:       DEBUG:    [receive_response_headers.complete return_value=(b'HTTP/1.1', 200, b'OK', [(b'Server', b'nginx/1.18.0'), (b'Date', b'Sat, 28 Jun 2025 11:39:40 GMT'), (b'Content-Type', b'application/json'), (b'Content-Length', b'599'), (b'Connection', b'keep-alive'), (b'Strict-Transport-Security', b'max-age=31536000; includeSubDomains; preload'), (b'Access-Control-Allow-Origin', b'*'), (b'Access-Control-Allow-Methods', b'GET, POST, OPTIONS'), (b'Access-Control-Expose-Headers', b'Content-Length,Content-Type,Date,Server,Connection')])]
[2025-06-28 11:39:40,250]: [_client.py]: _send_single_request: 1740:       INFO:    [HTTP Request: POST https://api.telegram.org/bot6030805959:AAGUHAMxLYc-PrevgKouJ3ZyM7ktu56ftjo/sendDocument "HTTP/1.1 200 OK"]
[2025-06-28 11:39:40,250]: [_trace.py]: atrace: 87:       DEBUG:    [receive_response_body.started request=<Request [b'POST']>]
[2025-06-28 11:39:40,250]: [_trace.py]: atrace: 87:       DEBUG:    [receive_response_body.complete]
[2025-06-28 11:39:40,250]: [_trace.py]: atrace: 87:       DEBUG:    [response_closed.started]
[2025-06-28 11:39:40,250]: [_trace.py]: atrace: 87:       DEBUG:    [response_closed.complete]
[2025-06-28 11:39:40,250]: [_bot.py]: _do_post: 652:       DEBUG:    [Call to Bot API endpoint `sendDocument` finished with return value `{'message_id': 2448, 'from': {'id': 6030805959, 'is_bot': True, 'first_name': 'TyPHoone', 'username': 'TyPHoone_Project_bot'}, 'chat': {'id': -4119703192, 'title': 'Robocop', 'type': 'group', 'all_members_are_administrators': True, 'accepted_gift_types': {'unlimited_gifts': False, 'limited_gifts': False, 'unique_gifts': False, 'premium_subscription': False}}, 'date': 1751110780, 'document': {'file_name': '(2025_06_28--11_38)output.zip', 'mime_type': 'application/zip', 'file_id': 'BQACAgQAAxkDAAIJkGhf1HvcX0Sn3_vQ44thxmbTfnukAALHFwACkU0BU9SfYpKh2QTmNgQ', 'file_unique_id': 'AgADxxcAApFNAVM', 'file_size': 10182240}}`]
[2025-06-28 11:39:40,250]: [_trace.py]: atrace: 87:       DEBUG:    [close.started]
[2025-06-28 11:39:40,251]: [_trace.py]: atrace: 87:       DEBUG:    [close.complete]
[2025-06-28 11:39:40,251]: [Telegram_Sender.py]: runner: 61:       INFO:    [sent successfully]
[2025-06-28 11:39:40,251]: [Main.py]: <module>: 48:       INFO:    [Finished]
