[2025-05-23 11:39:10,763]: [Main.py]: <module>: 21:       INFO:    [Started]
[2025-05-23 11:39:12,404]: [Iron_Scraper.py]: Scrap: 32:       INFO:    [Data Scaraped Successfully]
[2025-05-23 11:39:12,612]: [Iron_Scraper.py]: Scrap: 70:       INFO:    [Scrapped Data Has No Problem]
[2025-05-23 11:39:12,612]: [Iron_Scraper.py]: Scrap: 83:       INFO:    [Data Saved Successfully]
[2025-05-23 11:39:12,613]: [Iron.py]: Run: 26:       INFO:    [Scraping Phase Completed]
[2025-05-23 11:39:12,613]: [Iron_Data_Processor.py]: Data_Reader: 61:       INFO:    [Data File Has Been Red Successfully]
[2025-05-23 11:39:12,613]: [Iron_Data_Processor.py]: Shaper: 78:       INFO:    [Data Shaped]
[2025-05-23 11:39:12,613]: [Iron_Data_Processor.py]: Process: 228:       INFO:    [Data Cleaned]
[2025-05-23 11:39:12,613]: [Iron_Data_Processor.py]: Make_Pages_Objects: 101:       INFO:    [Page Objects Has Been Made]
[2025-05-23 11:39:12,613]: [Iron_Data_Processor.py]: Make_Pages_Objects: 101:       INFO:    [Page Objects Has Been Made]
[2025-05-23 11:39:12,613]: [Iron_Data_Processor.py]: Load_Data: 118:       INFO:    [Data Has Been Load]
[2025-05-23 11:39:12,614]: [Iron_Data_Processor.py]: Load_Data: 118:       INFO:    [Data Has Been Load]
[2025-05-23 11:39:12,614]: [Iron_Data_Processor.py]: Load_positions: 140:       INFO:    [Positions Are Ready]
[2025-05-23 11:39:12,614]: [Iron_Data_Processor.py]: Load_positions: 140:       INFO:    [Positions Are Ready]
[2025-05-23 11:39:13,732]: [Iron_Data_Processor.py]: Make_Tagged_Images: 193:       INFO:    [Images Has Been Made]
[2025-05-23 11:39:14,686]: [Iron_Data_Processor.py]: Make_Tagged_Images: 193:       INFO:    [Images Has Been Made]
[2025-05-23 11:39:14,941]: [Iron_Data_Processor.py]: Make_Cover_Page: 215:       INFO:    [Made Cover Pages]
[2025-05-23 11:39:14,942]: [Iron.py]: Run: 29:       INFO:    [Imagination Phase Completed]
[2025-05-23 11:39:18,873]: [Phone_Scraper.py]: Scrap: 58:       INFO:    [Data Scraped]
[2025-05-23 11:39:18,874]: [Phone_Scraper.py]: Scrap: 71:       INFO:    [Scraped Data Successfully]
[2025-05-23 11:39:18,874]: [Phone.py]: Run: 26:       INFO:    [Scraping Phase Complete]
[2025-05-23 11:39:18,874]: [Phone_Data_Processor.py]: data_reader: 38:       INFO:    [Scraped Data Loaded]
[2025-05-23 11:39:18,875]: [Phone_Data_Processor.py]: filter_list: 65:       INFO:    [Persian Phrases Are deleted]
[2025-05-23 11:39:18,875]: [Phone_Data_Processor.py]: reshape_list: 87:       INFO:    [Date Reshaped]
[2025-05-23 11:39:18,876]: [Phone_Data_Processor.py]: separate_brands: 124:       INFO:    [Brands Are Separated]
[2025-05-23 11:39:18,876]: [Phone_Data_Processor.py]: delete_extra_spaces: 141:       INFO:    [Extra Spaces Are Deleted]
[2025-05-23 11:39:19,669]: [Phone.py]: Run: 29:       INFO:    [Imagination Phase Complete]
[2025-05-23 11:39:19,670]: [selector_events.py]: __init__: 64:       DEBUG:    [Using selector: EpollSelector]
[2025-05-23 11:39:19,950]: [_bot.py]: _do_post: 643:       DEBUG:    [Calling Bot API endpoint `getMe` with parameters `{}`]
[2025-05-23 11:39:19,954]: [_trace.py]: atrace: 87:       DEBUG:    [connect_tcp.started host='api.telegram.org' port=443 local_address=None timeout=5.0 socket_options=None]
[2025-05-23 11:39:20,090]: [_trace.py]: atrace: 87:       DEBUG:    [connect_tcp.complete return_value=<httpcore._backends.anyio.AnyIOStream object at 0x7f26c2fac710>]
[2025-05-23 11:39:20,090]: [_trace.py]: atrace: 87:       DEBUG:    [start_tls.started ssl_context=<ssl.SSLContext object at 0x7f26c396b7d0> server_hostname='api.telegram.org' timeout=5.0]
[2025-05-23 11:39:20,181]: [_trace.py]: atrace: 87:       DEBUG:    [start_tls.complete return_value=<httpcore._backends.anyio.AnyIOStream object at 0x7f26c34683b0>]
[2025-05-23 11:39:20,182]: [_trace.py]: atrace: 87:       DEBUG:    [send_request_headers.started request=<Request [b'POST']>]
[2025-05-23 11:39:20,182]: [_trace.py]: atrace: 87:       DEBUG:    [send_request_headers.complete]
[2025-05-23 11:39:20,182]: [_trace.py]: atrace: 87:       DEBUG:    [send_request_body.started request=<Request [b'POST']>]
[2025-05-23 11:39:20,182]: [_trace.py]: atrace: 87:       DEBUG:    [send_request_body.complete]
[2025-05-23 11:39:20,182]: [_trace.py]: atrace: 87:       DEBUG:    [receive_response_headers.started request=<Request [b'POST']>]
[2025-05-23 11:39:20,273]: [_trace.py]: atrace: 87:       DEBUG:    [receive_response_headers.complete return_value=(b'HTTP/1.1', 200, b'OK', [(b'Server', b'nginx/1.18.0'), (b'Date', b'Fri, 23 May 2025 11:39:20 GMT'), (b'Content-Type', b'application/json'), (b'Content-Length', b'258'), (b'Connection', b'keep-alive'), (b'Strict-Transport-Security', b'max-age=31536000; includeSubDomains; preload'), (b'Access-Control-Allow-Origin', b'*'), (b'Access-Control-Allow-Methods', b'GET, POST, OPTIONS'), (b'Access-Control-Expose-Headers', b'Content-Length,Content-Type,Date,Server,Connection')])]
[2025-05-23 11:39:20,273]: [_client.py]: _send_single_request: 1740:       INFO:    [HTTP Request: POST https://api.telegram.org/bot6030805959:AAGUHAMxLYc-PrevgKouJ3ZyM7ktu56ftjo/getMe "HTTP/1.1 200 OK"]
[2025-05-23 11:39:20,273]: [_trace.py]: atrace: 87:       DEBUG:    [receive_response_body.started request=<Request [b'POST']>]
[2025-05-23 11:39:20,273]: [_trace.py]: atrace: 87:       DEBUG:    [receive_response_body.complete]
[2025-05-23 11:39:20,273]: [_trace.py]: atrace: 87:       DEBUG:    [response_closed.started]
[2025-05-23 11:39:20,273]: [_trace.py]: atrace: 87:       DEBUG:    [response_closed.complete]
[2025-05-23 11:39:20,274]: [_bot.py]: _do_post: 652:       DEBUG:    [Call to Bot API endpoint `getMe` finished with return value `{'id': 6030805959, 'is_bot': True, 'first_name': 'TyPHoone', 'username': 'TyPHoone_Project_bot', 'can_join_groups': True, 'can_read_all_group_messages': False, 'supports_inline_queries': False, 'can_connect_to_business': False, 'has_main_web_app': False}`]
[2025-05-23 11:39:20,277]: [_bot.py]: _do_post: 643:       DEBUG:    [Calling Bot API endpoint `sendDocument` with parameters `{'chat_id': '-4119703192', 'document': <telegram._files.inputfile.InputFile object at 0x7f26c300d300>}`]
[2025-05-23 11:39:20,277]: [_trace.py]: atrace: 87:       DEBUG:    [send_request_headers.started request=<Request [b'POST']>]
[2025-05-23 11:39:20,277]: [_trace.py]: atrace: 87:       DEBUG:    [send_request_headers.complete]
[2025-05-23 11:39:20,277]: [_trace.py]: atrace: 87:       DEBUG:    [send_request_body.started request=<Request [b'POST']>]
[2025-05-23 11:39:20,278]: [_trace.py]: atrace: 87:       DEBUG:    [send_request_body.complete]
[2025-05-23 11:39:20,278]: [_trace.py]: atrace: 87:       DEBUG:    [receive_response_headers.started request=<Request [b'POST']>]
[2025-05-23 11:39:20,610]: [_trace.py]: atrace: 87:       DEBUG:    [receive_response_headers.complete return_value=(b'HTTP/1.1', 200, b'OK', [(b'Server', b'nginx/1.18.0'), (b'Date', b'Fri, 23 May 2025 11:39:20 GMT'), (b'Content-Type', b'application/json'), (b'Content-Length', b'585'), (b'Connection', b'keep-alive'), (b'Strict-Transport-Security', b'max-age=31536000; includeSubDomains; preload'), (b'Access-Control-Allow-Origin', b'*'), (b'Access-Control-Allow-Methods', b'GET, POST, OPTIONS'), (b'Access-Control-Expose-Headers', b'Content-Length,Content-Type,Date,Server,Connection')])]
[2025-05-23 11:39:20,611]: [_client.py]: _send_single_request: 1740:       INFO:    [HTTP Request: POST https://api.telegram.org/bot6030805959:AAGUHAMxLYc-PrevgKouJ3ZyM7ktu56ftjo/sendDocument "HTTP/1.1 200 OK"]
[2025-05-23 11:39:20,611]: [_trace.py]: atrace: 87:       DEBUG:    [receive_response_body.started request=<Request [b'POST']>]
[2025-05-23 11:39:20,611]: [_trace.py]: atrace: 87:       DEBUG:    [receive_response_body.complete]
[2025-05-23 11:39:20,611]: [_trace.py]: atrace: 87:       DEBUG:    [response_closed.started]
[2025-05-23 11:39:20,611]: [_trace.py]: atrace: 87:       DEBUG:    [response_closed.complete]
[2025-05-23 11:39:20,611]: [_bot.py]: _do_post: 652:       DEBUG:    [Call to Bot API endpoint `sendDocument` finished with return value `{'message_id': 2371, 'from': {'id': 6030805959, 'is_bot': True, 'first_name': 'TyPHoone', 'username': 'TyPHoone_Project_bot'}, 'chat': {'id': -4119703192, 'title': 'Robocop', 'type': 'group', 'all_members_are_administrators': True, 'accepted_gift_types': {'unlimited_gifts': False, 'limited_gifts': False, 'unique_gifts': False, 'premium_subscription': False}}, 'date': 1748000360, 'document': {'file_name': '(2025_05_23--11_39).log', 'mime_type': 'text/plain', 'file_id': 'BQACAgQAAxkDAAIJQ2gwXmhkGlcAAdGRUcKFYa0akUOz-wACqB8AAodugVGIPFTjTV91lzYE', 'file_unique_id': 'AgADqB8AAodugVE', 'file_size': 5937}}`]
[2025-05-23 11:39:20,612]: [_trace.py]: atrace: 87:       DEBUG:    [close.started]
[2025-05-23 11:39:20,612]: [_trace.py]: atrace: 87:       DEBUG:    [close.complete]
[2025-05-23 11:39:20,655]: [_bot.py]: _do_post: 643:       DEBUG:    [Calling Bot API endpoint `getMe` with parameters `{}`]
[2025-05-23 11:39:20,656]: [_trace.py]: atrace: 87:       DEBUG:    [connect_tcp.started host='api.telegram.org' port=443 local_address=None timeout=5.0 socket_options=None]
[2025-05-23 11:39:20,755]: [_trace.py]: atrace: 87:       DEBUG:    [connect_tcp.complete return_value=<httpcore._backends.anyio.AnyIOStream object at 0x7f26c2e4a990>]
[2025-05-23 11:39:20,755]: [_trace.py]: atrace: 87:       DEBUG:    [start_tls.started ssl_context=<ssl.SSLContext object at 0x7f26c396b6d0> server_hostname='api.telegram.org' timeout=5.0]
[2025-05-23 11:39:20,846]: [_trace.py]: atrace: 87:       DEBUG:    [start_tls.complete return_value=<httpcore._backends.anyio.AnyIOStream object at 0x7f26c42dc3e0>]
[2025-05-23 11:39:20,846]: [_trace.py]: atrace: 87:       DEBUG:    [send_request_headers.started request=<Request [b'POST']>]
[2025-05-23 11:39:20,847]: [_trace.py]: atrace: 87:       DEBUG:    [send_request_headers.complete]
[2025-05-23 11:39:20,847]: [_trace.py]: atrace: 87:       DEBUG:    [send_request_body.started request=<Request [b'POST']>]
[2025-05-23 11:39:20,847]: [_trace.py]: atrace: 87:       DEBUG:    [send_request_body.complete]
[2025-05-23 11:39:20,847]: [_trace.py]: atrace: 87:       DEBUG:    [receive_response_headers.started request=<Request [b'POST']>]
[2025-05-23 11:39:20,936]: [_trace.py]: atrace: 87:       DEBUG:    [receive_response_headers.complete return_value=(b'HTTP/1.1', 200, b'OK', [(b'Server', b'nginx/1.18.0'), (b'Date', b'Fri, 23 May 2025 11:39:20 GMT'), (b'Content-Type', b'application/json'), (b'Content-Length', b'258'), (b'Connection', b'keep-alive'), (b'Strict-Transport-Security', b'max-age=31536000; includeSubDomains; preload'), (b'Access-Control-Allow-Origin', b'*'), (b'Access-Control-Allow-Methods', b'GET, POST, OPTIONS'), (b'Access-Control-Expose-Headers', b'Content-Length,Content-Type,Date,Server,Connection')])]
[2025-05-23 11:39:20,937]: [_client.py]: _send_single_request: 1740:       INFO:    [HTTP Request: POST https://api.telegram.org/bot6030805959:AAGUHAMxLYc-PrevgKouJ3ZyM7ktu56ftjo/getMe "HTTP/1.1 200 OK"]
[2025-05-23 11:39:20,937]: [_trace.py]: atrace: 87:       DEBUG:    [receive_response_body.started request=<Request [b'POST']>]
[2025-05-23 11:39:20,937]: [_trace.py]: atrace: 87:       DEBUG:    [receive_response_body.complete]
[2025-05-23 11:39:20,937]: [_trace.py]: atrace: 87:       DEBUG:    [response_closed.started]
[2025-05-23 11:39:20,937]: [_trace.py]: atrace: 87:       DEBUG:    [response_closed.complete]
[2025-05-23 11:39:20,937]: [_bot.py]: _do_post: 652:       DEBUG:    [Call to Bot API endpoint `getMe` finished with return value `{'id': 6030805959, 'is_bot': True, 'first_name': 'TyPHoone', 'username': 'TyPHoone_Project_bot', 'can_join_groups': True, 'can_read_all_group_messages': False, 'supports_inline_queries': False, 'can_connect_to_business': False, 'has_main_web_app': False}`]
[2025-05-23 11:39:20,940]: [_bot.py]: _do_post: 643:       DEBUG:    [Calling Bot API endpoint `sendDocument` with parameters `{'chat_id': '-4119703192', 'document': <telegram._files.inputfile.InputFile object at 0x7f26c39bbec0>}`]
[2025-05-23 11:39:20,940]: [_trace.py]: atrace: 87:       DEBUG:    [send_request_headers.started request=<Request [b'POST']>]
[2025-05-23 11:39:20,941]: [_trace.py]: atrace: 87:       DEBUG:    [send_request_headers.complete]
[2025-05-23 11:39:20,941]: [_trace.py]: atrace: 87:       DEBUG:    [send_request_body.started request=<Request [b'POST']>]
[2025-05-23 11:39:21,845]: [_trace.py]: atrace: 87:       DEBUG:    [send_request_body.complete]
[2025-05-23 11:39:21,845]: [_trace.py]: atrace: 87:       DEBUG:    [receive_response_headers.started request=<Request [b'POST']>]
[2025-05-23 11:39:22,541]: [_trace.py]: atrace: 87:       DEBUG:    [receive_response_headers.complete return_value=(b'HTTP/1.1', 200, b'OK', [(b'Server', b'nginx/1.18.0'), (b'Date', b'Fri, 23 May 2025 11:39:22 GMT'), (b'Content-Type', b'application/json'), (b'Content-Length', b'600'), (b'Connection', b'keep-alive'), (b'Strict-Transport-Security', b'max-age=31536000; includeSubDomains; preload'), (b'Access-Control-Allow-Origin', b'*'), (b'Access-Control-Allow-Methods', b'GET, POST, OPTIONS'), (b'Access-Control-Expose-Headers', b'Content-Length,Content-Type,Date,Server,Connection')])]
[2025-05-23 11:39:22,541]: [_client.py]: _send_single_request: 1740:       INFO:    [HTTP Request: POST https://api.telegram.org/bot6030805959:AAGUHAMxLYc-PrevgKouJ3ZyM7ktu56ftjo/sendDocument "HTTP/1.1 200 OK"]
[2025-05-23 11:39:22,542]: [_trace.py]: atrace: 87:       DEBUG:    [receive_response_body.started request=<Request [b'POST']>]
[2025-05-23 11:39:22,542]: [_trace.py]: atrace: 87:       DEBUG:    [receive_response_body.complete]
[2025-05-23 11:39:22,542]: [_trace.py]: atrace: 87:       DEBUG:    [response_closed.started]
[2025-05-23 11:39:22,542]: [_trace.py]: atrace: 87:       DEBUG:    [response_closed.complete]
[2025-05-23 11:39:22,542]: [_bot.py]: _do_post: 652:       DEBUG:    [Call to Bot API endpoint `sendDocument` finished with return value `{'message_id': 2372, 'from': {'id': 6030805959, 'is_bot': True, 'first_name': 'TyPHoone', 'username': 'TyPHoone_Project_bot'}, 'chat': {'id': -4119703192, 'title': 'Robocop', 'type': 'group', 'all_members_are_administrators': True, 'accepted_gift_types': {'unlimited_gifts': False, 'limited_gifts': False, 'unique_gifts': False, 'premium_subscription': False}}, 'date': 1748000362, 'document': {'file_name': '(2025_05_23--11_39)output.zip', 'mime_type': 'application/zip', 'file_id': 'BQACAgQAAxkDAAIJRGgwXmqTAAEHJNEu0mUQs9d1YO48egACqR8AAodugVFtWSeUDbZYmjYE', 'file_unique_id': 'AgADqR8AAodugVE', 'file_size': 10238140}}`]
[2025-05-23 11:39:22,542]: [_trace.py]: atrace: 87:       DEBUG:    [close.started]
[2025-05-23 11:39:22,543]: [_trace.py]: atrace: 87:       DEBUG:    [close.complete]
[2025-05-23 11:39:22,543]: [Telegram_Sender.py]: runner: 61:       INFO:    [sent successfully]
[2025-05-23 11:39:22,543]: [Main.py]: <module>: 48:       INFO:    [Finished]
