[2024-08-09 11:38:09,213]: [Main.py]: <module>: 21:       INFO:    [Started]
[2024-08-09 11:38:10,784]: [Iron_Scraper.py]: Scrap: 32:       INFO:    [Data Scaraped Successfully]
[2024-08-09 11:38:10,979]: [Iron_Scraper.py]: Scrap: 70:       INFO:    [Scrapped Data Has No Problem]
[2024-08-09 11:38:10,979]: [Iron_Scraper.py]: Scrap: 83:       INFO:    [Data Saved Successfully]
[2024-08-09 11:38:10,979]: [Iron.py]: Run: 26:       INFO:    [Scraping Phase Completed]
[2024-08-09 11:38:10,979]: [Iron_Data_Processor.py]: Data_Reader: 61:       INFO:    [Data File Has Been Red Successfully]
[2024-08-09 11:38:10,980]: [Iron_Data_Processor.py]: Shaper: 78:       INFO:    [Data Shaped]
[2024-08-09 11:38:10,980]: [Iron_Data_Processor.py]: Process: 228:       INFO:    [Data Cleaned]
[2024-08-09 11:38:10,980]: [Iron_Data_Processor.py]: Make_Pages_Objects: 101:       INFO:    [Page Objects Has Been Made]
[2024-08-09 11:38:10,980]: [Iron_Data_Processor.py]: Make_Pages_Objects: 101:       INFO:    [Page Objects Has Been Made]
[2024-08-09 11:38:10,980]: [Iron_Data_Processor.py]: Load_Data: 118:       INFO:    [Data Has Been Load]
[2024-08-09 11:38:10,980]: [Iron_Data_Processor.py]: Load_Data: 118:       INFO:    [Data Has Been Load]
[2024-08-09 11:38:10,980]: [Iron_Data_Processor.py]: Load_positions: 140:       INFO:    [Positions Are Ready]
[2024-08-09 11:38:10,981]: [Iron_Data_Processor.py]: Load_positions: 140:       INFO:    [Positions Are Ready]
[2024-08-09 11:38:12,107]: [Iron_Data_Processor.py]: Make_Tagged_Images: 193:       INFO:    [Images Has Been Made]
[2024-08-09 11:38:13,068]: [Iron_Data_Processor.py]: Make_Tagged_Images: 193:       INFO:    [Images Has Been Made]
[2024-08-09 11:38:13,323]: [Iron_Data_Processor.py]: Make_Cover_Page: 215:       INFO:    [Made Cover Pages]
[2024-08-09 11:38:13,323]: [Iron.py]: Run: 29:       INFO:    [Imagination Phase Completed]
[2024-08-09 11:38:16,921]: [Phone_Scraper.py]: Scrap: 58:       INFO:    [Data Scraped]
[2024-08-09 11:38:16,921]: [Phone_Scraper.py]: Scrap: 71:       INFO:    [Scraped Data Successfully]
[2024-08-09 11:38:16,921]: [Phone.py]: Run: 26:       INFO:    [Scraping Phase Complete]
[2024-08-09 11:38:16,922]: [Phone_Data_Processor.py]: data_reader: 38:       INFO:    [Scraped Data Loaded]
[2024-08-09 11:38:16,923]: [Phone_Data_Processor.py]: filter_list: 65:       INFO:    [Persian Phrases Are deleted]
[2024-08-09 11:38:16,923]: [Phone_Data_Processor.py]: reshape_list: 87:       INFO:    [Date Reshaped]
[2024-08-09 11:38:16,924]: [Phone_Data_Processor.py]: separate_brands: 124:       INFO:    [Brands Are Separated]
[2024-08-09 11:38:16,924]: [Phone_Data_Processor.py]: delete_extra_spaces: 141:       INFO:    [Extra Spaces Are Deleted]
[2024-08-09 11:38:17,671]: [Phone.py]: Run: 29:       INFO:    [Imagination Phase Complete]
[2024-08-09 11:38:17,671]: [selector_events.py]: __init__: 64:       DEBUG:    [Using selector: EpollSelector]
[2024-08-09 11:38:18,010]: [_bot.py]: _do_post: 643:       DEBUG:    [Calling Bot API endpoint `getMe` with parameters `{}`]
[2024-08-09 11:38:18,015]: [_trace.py]: atrace: 85:       DEBUG:    [connect_tcp.started host='api.telegram.org' port=443 local_address=None timeout=5.0 socket_options=None]
[2024-08-09 11:38:18,131]: [_trace.py]: atrace: 85:       DEBUG:    [connect_tcp.complete return_value=<httpcore._backends.anyio.AnyIOStream object at 0x7fa06708dd00>]
[2024-08-09 11:38:18,131]: [_trace.py]: atrace: 85:       DEBUG:    [start_tls.started ssl_context=<ssl.SSLContext object at 0x7fa067932a50> server_hostname='api.telegram.org' timeout=5.0]
[2024-08-09 11:38:18,218]: [_trace.py]: atrace: 85:       DEBUG:    [start_tls.complete return_value=<httpcore._backends.anyio.AnyIOStream object at 0x7fa067ee49e0>]
[2024-08-09 11:38:18,218]: [_trace.py]: atrace: 85:       DEBUG:    [send_request_headers.started request=<Request [b'POST']>]
[2024-08-09 11:38:18,218]: [_trace.py]: atrace: 85:       DEBUG:    [send_request_headers.complete]
[2024-08-09 11:38:18,219]: [_trace.py]: atrace: 85:       DEBUG:    [send_request_body.started request=<Request [b'POST']>]
[2024-08-09 11:38:18,219]: [_trace.py]: atrace: 85:       DEBUG:    [send_request_body.complete]
[2024-08-09 11:38:18,219]: [_trace.py]: atrace: 85:       DEBUG:    [receive_response_headers.started request=<Request [b'POST']>]
[2024-08-09 11:38:18,304]: [_trace.py]: atrace: 85:       DEBUG:    [receive_response_headers.complete return_value=(b'HTTP/1.1', 200, b'OK', [(b'Server', b'nginx/1.18.0'), (b'Date', b'Fri, 09 Aug 2024 11:38:18 GMT'), (b'Content-Type', b'application/json'), (b'Content-Length', b'258'), (b'Connection', b'keep-alive'), (b'Strict-Transport-Security', b'max-age=31536000; includeSubDomains; preload'), (b'Access-Control-Allow-Origin', b'*'), (b'Access-Control-Allow-Methods', b'GET, POST, OPTIONS'), (b'Access-Control-Expose-Headers', b'Content-Length,Content-Type,Date,Server,Connection')])]
[2024-08-09 11:38:18,305]: [_client.py]: _send_single_request: 1773:       INFO:    [HTTP Request: POST https://api.telegram.org/bot6030805959:AAGUHAMxLYc-PrevgKouJ3ZyM7ktu56ftjo/getMe "HTTP/1.1 200 OK"]
[2024-08-09 11:38:18,305]: [_trace.py]: atrace: 85:       DEBUG:    [receive_response_body.started request=<Request [b'POST']>]
[2024-08-09 11:38:18,305]: [_trace.py]: atrace: 85:       DEBUG:    [receive_response_body.complete]
[2024-08-09 11:38:18,305]: [_trace.py]: atrace: 85:       DEBUG:    [response_closed.started]
[2024-08-09 11:38:18,305]: [_trace.py]: atrace: 85:       DEBUG:    [response_closed.complete]
[2024-08-09 11:38:18,305]: [_bot.py]: _do_post: 652:       DEBUG:    [Call to Bot API endpoint `getMe` finished with return value `{'id': 6030805959, 'is_bot': True, 'first_name': 'TyPHoone', 'username': 'TyPHoone_Project_bot', 'can_join_groups': True, 'can_read_all_group_messages': False, 'supports_inline_queries': False, 'can_connect_to_business': False, 'has_main_web_app': False}`]
[2024-08-09 11:38:18,309]: [_bot.py]: _do_post: 643:       DEBUG:    [Calling Bot API endpoint `sendDocument` with parameters `{'chat_id': '-4119703192', 'document': <telegram._files.inputfile.InputFile object at 0x7fa0670a2980>}`]
[2024-08-09 11:38:18,310]: [_trace.py]: atrace: 85:       DEBUG:    [send_request_headers.started request=<Request [b'POST']>]
[2024-08-09 11:38:18,310]: [_trace.py]: atrace: 85:       DEBUG:    [send_request_headers.complete]
[2024-08-09 11:38:18,310]: [_trace.py]: atrace: 85:       DEBUG:    [send_request_body.started request=<Request [b'POST']>]
[2024-08-09 11:38:18,311]: [_trace.py]: atrace: 85:       DEBUG:    [send_request_body.complete]
[2024-08-09 11:38:18,311]: [_trace.py]: atrace: 85:       DEBUG:    [receive_response_headers.started request=<Request [b'POST']>]
[2024-08-09 11:38:18,683]: [_trace.py]: atrace: 85:       DEBUG:    [receive_response_headers.complete return_value=(b'HTTP/1.1', 200, b'OK', [(b'Server', b'nginx/1.18.0'), (b'Date', b'Fri, 09 Aug 2024 11:38:18 GMT'), (b'Content-Type', b'application/json'), (b'Content-Length', b'465'), (b'Connection', b'keep-alive'), (b'Strict-Transport-Security', b'max-age=31536000; includeSubDomains; preload'), (b'Access-Control-Allow-Origin', b'*'), (b'Access-Control-Allow-Methods', b'GET, POST, OPTIONS'), (b'Access-Control-Expose-Headers', b'Content-Length,Content-Type,Date,Server,Connection')])]
[2024-08-09 11:38:18,684]: [_client.py]: _send_single_request: 1773:       INFO:    [HTTP Request: POST https://api.telegram.org/bot6030805959:AAGUHAMxLYc-PrevgKouJ3ZyM7ktu56ftjo/sendDocument "HTTP/1.1 200 OK"]
[2024-08-09 11:38:18,684]: [_trace.py]: atrace: 85:       DEBUG:    [receive_response_body.started request=<Request [b'POST']>]
[2024-08-09 11:38:18,684]: [_trace.py]: atrace: 85:       DEBUG:    [receive_response_body.complete]
[2024-08-09 11:38:18,684]: [_trace.py]: atrace: 85:       DEBUG:    [response_closed.started]
[2024-08-09 11:38:18,684]: [_trace.py]: atrace: 85:       DEBUG:    [response_closed.complete]
[2024-08-09 11:38:18,684]: [_bot.py]: _do_post: 652:       DEBUG:    [Call to Bot API endpoint `sendDocument` finished with return value `{'message_id': 1793, 'from': {'id': 6030805959, 'is_bot': True, 'first_name': 'TyPHoone', 'username': 'TyPHoone_Project_bot'}, 'chat': {'id': -4119703192, 'title': 'Robocop', 'type': 'group', 'all_members_are_administrators': True}, 'date': 1723203498, 'document': {'file_name': '(2024_08_09--11_38).log', 'mime_type': 'text/plain', 'file_id': 'BQACAgQAAxkDAAIHAWa1_6rI5Yjgtmf7Te4CK0sxLAABKgACRxMAAoYDsVERxi8OczkXLjUE', 'file_unique_id': 'AgADRxMAAoYDsVE', 'file_size': 5937}}`]
[2024-08-09 11:38:18,685]: [_trace.py]: atrace: 85:       DEBUG:    [close.started]
[2024-08-09 11:38:18,685]: [_trace.py]: atrace: 85:       DEBUG:    [close.complete]
[2024-08-09 11:38:18,685]: [_config.py]: load_ssl_context: 80:       DEBUG:    [load_ssl_context verify=True cert=None trust_env=True http2=False]
[2024-08-09 11:38:18,686]: [_config.py]: load_ssl_context_verify: 146:       DEBUG:    [load_verify_locations cafile='/opt/hostedtoolcache/Python/3.12.4/x64/lib/python3.12/site-packages/certifi/cacert.pem']
[2024-08-09 11:38:18,714]: [_config.py]: load_ssl_context: 80:       DEBUG:    [load_ssl_context verify=True cert=None trust_env=True http2=False]
[2024-08-09 11:38:18,715]: [_config.py]: load_ssl_context_verify: 146:       DEBUG:    [load_verify_locations cafile='/opt/hostedtoolcache/Python/3.12.4/x64/lib/python3.12/site-packages/certifi/cacert.pem']
[2024-08-09 11:38:18,740]: [_bot.py]: _do_post: 643:       DEBUG:    [Calling Bot API endpoint `getMe` with parameters `{}`]
[2024-08-09 11:38:18,741]: [_trace.py]: atrace: 85:       DEBUG:    [connect_tcp.started host='api.telegram.org' port=443 local_address=None timeout=5.0 socket_options=None]
[2024-08-09 11:38:18,826]: [_trace.py]: atrace: 85:       DEBUG:    [connect_tcp.complete return_value=<httpcore._backends.anyio.AnyIOStream object at 0x7fa0670c85f0>]
[2024-08-09 11:38:18,827]: [_trace.py]: atrace: 85:       DEBUG:    [start_tls.started ssl_context=<ssl.SSLContext object at 0x7fa067932850> server_hostname='api.telegram.org' timeout=5.0]
[2024-08-09 11:38:18,915]: [_trace.py]: atrace: 85:       DEBUG:    [start_tls.complete return_value=<httpcore._backends.anyio.AnyIOStream object at 0x7fa0670dc380>]
[2024-08-09 11:38:18,916]: [_trace.py]: atrace: 85:       DEBUG:    [send_request_headers.started request=<Request [b'POST']>]
[2024-08-09 11:38:18,916]: [_trace.py]: atrace: 85:       DEBUG:    [send_request_headers.complete]
[2024-08-09 11:38:18,916]: [_trace.py]: atrace: 85:       DEBUG:    [send_request_body.started request=<Request [b'POST']>]
[2024-08-09 11:38:18,916]: [_trace.py]: atrace: 85:       DEBUG:    [send_request_body.complete]
[2024-08-09 11:38:18,916]: [_trace.py]: atrace: 85:       DEBUG:    [receive_response_headers.started request=<Request [b'POST']>]
[2024-08-09 11:38:19,001]: [_trace.py]: atrace: 85:       DEBUG:    [receive_response_headers.complete return_value=(b'HTTP/1.1', 200, b'OK', [(b'Server', b'nginx/1.18.0'), (b'Date', b'Fri, 09 Aug 2024 11:38:18 GMT'), (b'Content-Type', b'application/json'), (b'Content-Length', b'258'), (b'Connection', b'keep-alive'), (b'Strict-Transport-Security', b'max-age=31536000; includeSubDomains; preload'), (b'Access-Control-Allow-Origin', b'*'), (b'Access-Control-Allow-Methods', b'GET, POST, OPTIONS'), (b'Access-Control-Expose-Headers', b'Content-Length,Content-Type,Date,Server,Connection')])]
[2024-08-09 11:38:19,001]: [_client.py]: _send_single_request: 1773:       INFO:    [HTTP Request: POST https://api.telegram.org/bot6030805959:AAGUHAMxLYc-PrevgKouJ3ZyM7ktu56ftjo/getMe "HTTP/1.1 200 OK"]
[2024-08-09 11:38:19,001]: [_trace.py]: atrace: 85:       DEBUG:    [receive_response_body.started request=<Request [b'POST']>]
[2024-08-09 11:38:19,002]: [_trace.py]: atrace: 85:       DEBUG:    [receive_response_body.complete]
[2024-08-09 11:38:19,002]: [_trace.py]: atrace: 85:       DEBUG:    [response_closed.started]
[2024-08-09 11:38:19,002]: [_trace.py]: atrace: 85:       DEBUG:    [response_closed.complete]
[2024-08-09 11:38:19,002]: [_bot.py]: _do_post: 652:       DEBUG:    [Call to Bot API endpoint `getMe` finished with return value `{'id': 6030805959, 'is_bot': True, 'first_name': 'TyPHoone', 'username': 'TyPHoone_Project_bot', 'can_join_groups': True, 'can_read_all_group_messages': False, 'supports_inline_queries': False, 'can_connect_to_business': False, 'has_main_web_app': False}`]
[2024-08-09 11:38:19,004]: [_bot.py]: _do_post: 643:       DEBUG:    [Calling Bot API endpoint `sendDocument` with parameters `{'chat_id': '-4119703192', 'document': <telegram._files.inputfile.InputFile object at 0x7fa067941f80>}`]
[2024-08-09 11:38:19,005]: [_trace.py]: atrace: 85:       DEBUG:    [send_request_headers.started request=<Request [b'POST']>]
[2024-08-09 11:38:19,005]: [_trace.py]: atrace: 85:       DEBUG:    [send_request_headers.complete]
[2024-08-09 11:38:19,005]: [_trace.py]: atrace: 85:       DEBUG:    [send_request_body.started request=<Request [b'POST']>]
[2024-08-09 11:38:19,780]: [_trace.py]: atrace: 85:       DEBUG:    [send_request_body.complete]
[2024-08-09 11:38:19,780]: [_trace.py]: atrace: 85:       DEBUG:    [receive_response_headers.started request=<Request [b'POST']>]
[2024-08-09 11:38:20,641]: [_trace.py]: atrace: 85:       DEBUG:    [receive_response_headers.complete return_value=(b'HTTP/1.1', 200, b'OK', [(b'Server', b'nginx/1.18.0'), (b'Date', b'Fri, 09 Aug 2024 11:38:20 GMT'), (b'Content-Type', b'application/json'), (b'Content-Length', b'479'), (b'Connection', b'keep-alive'), (b'Strict-Transport-Security', b'max-age=31536000; includeSubDomains; preload'), (b'Access-Control-Allow-Origin', b'*'), (b'Access-Control-Allow-Methods', b'GET, POST, OPTIONS'), (b'Access-Control-Expose-Headers', b'Content-Length,Content-Type,Date,Server,Connection')])]
[2024-08-09 11:38:20,641]: [_client.py]: _send_single_request: 1773:       INFO:    [HTTP Request: POST https://api.telegram.org/bot6030805959:AAGUHAMxLYc-PrevgKouJ3ZyM7ktu56ftjo/sendDocument "HTTP/1.1 200 OK"]
[2024-08-09 11:38:20,641]: [_trace.py]: atrace: 85:       DEBUG:    [receive_response_body.started request=<Request [b'POST']>]
[2024-08-09 11:38:20,641]: [_trace.py]: atrace: 85:       DEBUG:    [receive_response_body.complete]
[2024-08-09 11:38:20,641]: [_trace.py]: atrace: 85:       DEBUG:    [response_closed.started]
[2024-08-09 11:38:20,641]: [_trace.py]: atrace: 85:       DEBUG:    [response_closed.complete]
[2024-08-09 11:38:20,641]: [_bot.py]: _do_post: 652:       DEBUG:    [Call to Bot API endpoint `sendDocument` finished with return value `{'message_id': 1794, 'from': {'id': 6030805959, 'is_bot': True, 'first_name': 'TyPHoone', 'username': 'TyPHoone_Project_bot'}, 'chat': {'id': -4119703192, 'title': 'Robocop', 'type': 'group', 'all_members_are_administrators': True}, 'date': 1723203500, 'document': {'file_name': '(2024_08_09--11_38)output.zip', 'mime_type': 'application/zip', 'file_id': 'BQACAgQAAxkDAAIHAma1_6z7ShNJyXC7TdtfSyndTEFSAAJIEwAChgOxUZBSpUv2Bdp-NQQ', 'file_unique_id': 'AgADSBMAAoYDsVE', 'file_size': 10099707}}`]
[2024-08-09 11:38:20,642]: [_trace.py]: atrace: 85:       DEBUG:    [close.started]
[2024-08-09 11:38:20,642]: [_trace.py]: atrace: 85:       DEBUG:    [close.complete]
[2024-08-09 11:38:20,642]: [Telegram_Sender.py]: runner: 61:       INFO:    [sent successfully]
[2024-08-09 11:38:20,643]: [Main.py]: <module>: 48:       INFO:    [Finished]
