[2024-05-25 11:37:15,168]: [Main.py]: <module>: 21:       INFO:    [Started]
[2024-05-25 11:37:16,557]: [Iron_Scraper.py]: Scrap: 32:       INFO:    [Data Scaraped Successfully]
[2024-05-25 11:37:16,736]: [Iron_Scraper.py]: Scrap: 70:       INFO:    [Scrapped Data Has No Problem]
[2024-05-25 11:37:16,736]: [Iron_Scraper.py]: Scrap: 83:       INFO:    [Data Saved Successfully]
[2024-05-25 11:37:16,736]: [Iron.py]: Run: 26:       INFO:    [Scraping Phase Completed]
[2024-05-25 11:37:16,736]: [Iron_Data_Processor.py]: Data_Reader: 61:       INFO:    [Data File Has Been Red Successfully]
[2024-05-25 11:37:16,736]: [Iron_Data_Processor.py]: Shaper: 78:       INFO:    [Data Shaped]
[2024-05-25 11:37:16,737]: [Iron_Data_Processor.py]: Process: 228:       INFO:    [Data Cleaned]
[2024-05-25 11:37:16,737]: [Iron_Data_Processor.py]: Make_Pages_Objects: 101:       INFO:    [Page Objects Has Been Made]
[2024-05-25 11:37:16,737]: [Iron_Data_Processor.py]: Make_Pages_Objects: 101:       INFO:    [Page Objects Has Been Made]
[2024-05-25 11:37:16,737]: [Iron_Data_Processor.py]: Load_Data: 118:       INFO:    [Data Has Been Load]
[2024-05-25 11:37:16,737]: [Iron_Data_Processor.py]: Load_Data: 118:       INFO:    [Data Has Been Load]
[2024-05-25 11:37:16,737]: [Iron_Data_Processor.py]: Load_positions: 140:       INFO:    [Positions Are Ready]
[2024-05-25 11:37:16,737]: [Iron_Data_Processor.py]: Load_positions: 140:       INFO:    [Positions Are Ready]
[2024-05-25 11:37:17,801]: [Iron_Data_Processor.py]: Make_Tagged_Images: 193:       INFO:    [Images Has Been Made]
[2024-05-25 11:37:18,711]: [Iron_Data_Processor.py]: Make_Tagged_Images: 193:       INFO:    [Images Has Been Made]
[2024-05-25 11:37:18,951]: [Iron_Data_Processor.py]: Make_Cover_Page: 215:       INFO:    [Made Cover Pages]
[2024-05-25 11:37:18,951]: [Iron.py]: Run: 29:       INFO:    [Imagination Phase Completed]
[2024-05-25 11:37:22,906]: [Phone_Scraper.py]: Scrap: 58:       INFO:    [Data Scraped]
[2024-05-25 11:37:22,906]: [Phone_Scraper.py]: Scrap: 71:       INFO:    [Scraped Data Successfully]
[2024-05-25 11:37:22,906]: [Phone.py]: Run: 26:       INFO:    [Scraping Phase Complete]
[2024-05-25 11:37:22,906]: [Phone_Data_Processor.py]: data_reader: 38:       INFO:    [Scraped Data Loaded]
[2024-05-25 11:37:22,908]: [Phone_Data_Processor.py]: filter_list: 65:       INFO:    [Persian Phrases Are deleted]
[2024-05-25 11:37:22,908]: [Phone_Data_Processor.py]: reshape_list: 87:       INFO:    [Date Reshaped]
[2024-05-25 11:37:22,909]: [Phone_Data_Processor.py]: separate_brands: 124:       INFO:    [Brands Are Separated]
[2024-05-25 11:37:22,909]: [Phone_Data_Processor.py]: delete_extra_spaces: 141:       INFO:    [Extra Spaces Are Deleted]
[2024-05-25 11:37:23,772]: [Phone.py]: Run: 29:       INFO:    [Imagination Phase Complete]
[2024-05-25 11:37:23,772]: [selector_events.py]: __init__: 64:       DEBUG:    [Using selector: EpollSelector]
[2024-05-25 11:37:24,103]: [_bot.py]: _do_post: 643:       DEBUG:    [Calling Bot API endpoint `getMe` with parameters `{}`]
[2024-05-25 11:37:24,106]: [_trace.py]: atrace: 85:       DEBUG:    [connect_tcp.started host='api.telegram.org' port=443 local_address=None timeout=5.0 socket_options=None]
[2024-05-25 11:37:24,233]: [_trace.py]: atrace: 85:       DEBUG:    [connect_tcp.complete return_value=<httpcore._backends.anyio.AnyIOStream object at 0x7fc7525efef0>]
[2024-05-25 11:37:24,233]: [_trace.py]: atrace: 85:       DEBUG:    [start_tls.started ssl_context=<ssl.SSLContext object at 0x7fc752935e50> server_hostname='api.telegram.org' timeout=5.0]
[2024-05-25 11:37:24,324]: [_trace.py]: atrace: 85:       DEBUG:    [start_tls.complete return_value=<httpcore._backends.anyio.AnyIOStream object at 0x7fc752e6f530>]
[2024-05-25 11:37:24,324]: [_trace.py]: atrace: 85:       DEBUG:    [send_request_headers.started request=<Request [b'POST']>]
[2024-05-25 11:37:24,324]: [_trace.py]: atrace: 85:       DEBUG:    [send_request_headers.complete]
[2024-05-25 11:37:24,324]: [_trace.py]: atrace: 85:       DEBUG:    [send_request_body.started request=<Request [b'POST']>]
[2024-05-25 11:37:24,324]: [_trace.py]: atrace: 85:       DEBUG:    [send_request_body.complete]
[2024-05-25 11:37:24,324]: [_trace.py]: atrace: 85:       DEBUG:    [receive_response_headers.started request=<Request [b'POST']>]
[2024-05-25 11:37:24,414]: [_trace.py]: atrace: 85:       DEBUG:    [receive_response_headers.complete return_value=(b'HTTP/1.1', 200, b'OK', [(b'Server', b'nginx/1.18.0'), (b'Date', b'Sat, 25 May 2024 11:37:24 GMT'), (b'Content-Type', b'application/json'), (b'Content-Length', b'233'), (b'Connection', b'keep-alive'), (b'Strict-Transport-Security', b'max-age=31536000; includeSubDomains; preload'), (b'Access-Control-Allow-Origin', b'*'), (b'Access-Control-Allow-Methods', b'GET, POST, OPTIONS'), (b'Access-Control-Expose-Headers', b'Content-Length,Content-Type,Date,Server,Connection')])]
[2024-05-25 11:37:24,415]: [_client.py]: _send_single_request: 1773:       INFO:    [HTTP Request: POST https://api.telegram.org/bot6030805959:AAGUHAMxLYc-PrevgKouJ3ZyM7ktu56ftjo/getMe "HTTP/1.1 200 OK"]
[2024-05-25 11:37:24,415]: [_trace.py]: atrace: 85:       DEBUG:    [receive_response_body.started request=<Request [b'POST']>]
[2024-05-25 11:37:24,415]: [_trace.py]: atrace: 85:       DEBUG:    [receive_response_body.complete]
[2024-05-25 11:37:24,415]: [_trace.py]: atrace: 85:       DEBUG:    [response_closed.started]
[2024-05-25 11:37:24,415]: [_trace.py]: atrace: 85:       DEBUG:    [response_closed.complete]
[2024-05-25 11:37:24,415]: [_bot.py]: _do_post: 652:       DEBUG:    [Call to Bot API endpoint `getMe` finished with return value `{'id': 6030805959, 'is_bot': True, 'first_name': 'TyPHoone', 'username': 'TyPHoone_Project_bot', 'can_join_groups': True, 'can_read_all_group_messages': False, 'supports_inline_queries': False, 'can_connect_to_business': False}`]
[2024-05-25 11:37:24,418]: [_bot.py]: _do_post: 643:       DEBUG:    [Calling Bot API endpoint `sendDocument` with parameters `{'chat_id': '-4119703192', 'document': <telegram._files.inputfile.InputFile object at 0x7fc751f108c0>}`]
[2024-05-25 11:37:24,418]: [_trace.py]: atrace: 85:       DEBUG:    [send_request_headers.started request=<Request [b'POST']>]
[2024-05-25 11:37:24,418]: [_trace.py]: atrace: 85:       DEBUG:    [send_request_headers.complete]
[2024-05-25 11:37:24,418]: [_trace.py]: atrace: 85:       DEBUG:    [send_request_body.started request=<Request [b'POST']>]
[2024-05-25 11:37:24,419]: [_trace.py]: atrace: 85:       DEBUG:    [send_request_body.complete]
[2024-05-25 11:37:24,419]: [_trace.py]: atrace: 85:       DEBUG:    [receive_response_headers.started request=<Request [b'POST']>]
[2024-05-25 11:37:24,614]: [_trace.py]: atrace: 85:       DEBUG:    [receive_response_headers.complete return_value=(b'HTTP/1.1', 200, b'OK', [(b'Server', b'nginx/1.18.0'), (b'Date', b'Sat, 25 May 2024 11:37:24 GMT'), (b'Content-Type', b'application/json'), (b'Content-Length', b'463'), (b'Connection', b'keep-alive'), (b'Strict-Transport-Security', b'max-age=31536000; includeSubDomains; preload'), (b'Access-Control-Allow-Origin', b'*'), (b'Access-Control-Allow-Methods', b'GET, POST, OPTIONS'), (b'Access-Control-Expose-Headers', b'Content-Length,Content-Type,Date,Server,Connection')])]
[2024-05-25 11:37:24,614]: [_client.py]: _send_single_request: 1773:       INFO:    [HTTP Request: POST https://api.telegram.org/bot6030805959:AAGUHAMxLYc-PrevgKouJ3ZyM7ktu56ftjo/sendDocument "HTTP/1.1 200 OK"]
[2024-05-25 11:37:24,614]: [_trace.py]: atrace: 85:       DEBUG:    [receive_response_body.started request=<Request [b'POST']>]
[2024-05-25 11:37:24,614]: [_trace.py]: atrace: 85:       DEBUG:    [receive_response_body.complete]
[2024-05-25 11:37:24,614]: [_trace.py]: atrace: 85:       DEBUG:    [response_closed.started]
[2024-05-25 11:37:24,614]: [_trace.py]: atrace: 85:       DEBUG:    [response_closed.complete]
[2024-05-25 11:37:24,614]: [_bot.py]: _do_post: 652:       DEBUG:    [Call to Bot API endpoint `sendDocument` finished with return value `{'message_id': 810, 'from': {'id': 6030805959, 'is_bot': True, 'first_name': 'TyPHoone', 'username': 'TyPHoone_Project_bot'}, 'chat': {'id': -4119703192, 'title': 'Robocop', 'type': 'group', 'all_members_are_administrators': True}, 'date': 1716637044, 'document': {'file_name': '(2024_05_25--11_37).log', 'mime_type': 'text/plain', 'file_id': 'BQACAgQAAxkDAAIDKmZRzXSlPLFJBfMCH8pW-FhOPliPAAIsEAACHWaRUnh-8B9tGmqcNQQ', 'file_unique_id': 'AgADLBAAAh1mkVI', 'file_size': 5910}}`]
[2024-05-25 11:37:24,615]: [_trace.py]: atrace: 85:       DEBUG:    [close.started]
[2024-05-25 11:37:24,615]: [_trace.py]: atrace: 85:       DEBUG:    [close.complete]
[2024-05-25 11:37:24,615]: [_config.py]: load_ssl_context: 80:       DEBUG:    [load_ssl_context verify=True cert=None trust_env=True http2=False]
[2024-05-25 11:37:24,616]: [_config.py]: load_ssl_context_verify: 146:       DEBUG:    [load_verify_locations cafile='/opt/hostedtoolcache/Python/3.12.3/x64/lib/python3.12/site-packages/certifi/cacert.pem']
[2024-05-25 11:37:24,640]: [_config.py]: load_ssl_context: 80:       DEBUG:    [load_ssl_context verify=True cert=None trust_env=True http2=False]
[2024-05-25 11:37:24,640]: [_config.py]: load_ssl_context_verify: 146:       DEBUG:    [load_verify_locations cafile='/opt/hostedtoolcache/Python/3.12.3/x64/lib/python3.12/site-packages/certifi/cacert.pem']
[2024-05-25 11:37:24,665]: [_bot.py]: _do_post: 643:       DEBUG:    [Calling Bot API endpoint `getMe` with parameters `{}`]
[2024-05-25 11:37:24,665]: [_trace.py]: atrace: 85:       DEBUG:    [connect_tcp.started host='api.telegram.org' port=443 local_address=None timeout=5.0 socket_options=None]
[2024-05-25 11:37:24,754]: [_trace.py]: atrace: 85:       DEBUG:    [connect_tcp.complete return_value=<httpcore._backends.anyio.AnyIOStream object at 0x7fc751d6ddc0>]
[2024-05-25 11:37:24,754]: [_trace.py]: atrace: 85:       DEBUG:    [start_tls.started ssl_context=<ssl.SSLContext object at 0x7fc752935c50> server_hostname='api.telegram.org' timeout=5.0]
[2024-05-25 11:37:24,845]: [_trace.py]: atrace: 85:       DEBUG:    [start_tls.complete return_value=<httpcore._backends.anyio.AnyIOStream object at 0x7fc752cef3e0>]
[2024-05-25 11:37:24,845]: [_trace.py]: atrace: 85:       DEBUG:    [send_request_headers.started request=<Request [b'POST']>]
[2024-05-25 11:37:24,845]: [_trace.py]: atrace: 85:       DEBUG:    [send_request_headers.complete]
[2024-05-25 11:37:24,845]: [_trace.py]: atrace: 85:       DEBUG:    [send_request_body.started request=<Request [b'POST']>]
[2024-05-25 11:37:24,845]: [_trace.py]: atrace: 85:       DEBUG:    [send_request_body.complete]
[2024-05-25 11:37:24,846]: [_trace.py]: atrace: 85:       DEBUG:    [receive_response_headers.started request=<Request [b'POST']>]
[2024-05-25 11:37:24,938]: [_trace.py]: atrace: 85:       DEBUG:    [receive_response_headers.complete return_value=(b'HTTP/1.1', 200, b'OK', [(b'Server', b'nginx/1.18.0'), (b'Date', b'Sat, 25 May 2024 11:37:24 GMT'), (b'Content-Type', b'application/json'), (b'Content-Length', b'233'), (b'Connection', b'keep-alive'), (b'Strict-Transport-Security', b'max-age=31536000; includeSubDomains; preload'), (b'Access-Control-Allow-Origin', b'*'), (b'Access-Control-Allow-Methods', b'GET, POST, OPTIONS'), (b'Access-Control-Expose-Headers', b'Content-Length,Content-Type,Date,Server,Connection')])]
[2024-05-25 11:37:24,938]: [_client.py]: _send_single_request: 1773:       INFO:    [HTTP Request: POST https://api.telegram.org/bot6030805959:AAGUHAMxLYc-PrevgKouJ3ZyM7ktu56ftjo/getMe "HTTP/1.1 200 OK"]
[2024-05-25 11:37:24,938]: [_trace.py]: atrace: 85:       DEBUG:    [receive_response_body.started request=<Request [b'POST']>]
[2024-05-25 11:37:24,938]: [_trace.py]: atrace: 85:       DEBUG:    [receive_response_body.complete]
[2024-05-25 11:37:24,938]: [_trace.py]: atrace: 85:       DEBUG:    [response_closed.started]
[2024-05-25 11:37:24,939]: [_trace.py]: atrace: 85:       DEBUG:    [response_closed.complete]
[2024-05-25 11:37:24,939]: [_bot.py]: _do_post: 652:       DEBUG:    [Call to Bot API endpoint `getMe` finished with return value `{'id': 6030805959, 'is_bot': True, 'first_name': 'TyPHoone', 'username': 'TyPHoone_Project_bot', 'can_join_groups': True, 'can_read_all_group_messages': False, 'supports_inline_queries': False, 'can_connect_to_business': False}`]
[2024-05-25 11:37:24,941]: [_bot.py]: _do_post: 643:       DEBUG:    [Calling Bot API endpoint `sendDocument` with parameters `{'chat_id': '-4119703192', 'document': <telegram._files.inputfile.InputFile object at 0x7fc7529443c0>}`]
[2024-05-25 11:37:24,942]: [_trace.py]: atrace: 85:       DEBUG:    [send_request_headers.started request=<Request [b'POST']>]
[2024-05-25 11:37:24,943]: [_trace.py]: atrace: 85:       DEBUG:    [send_request_headers.complete]
[2024-05-25 11:37:24,943]: [_trace.py]: atrace: 85:       DEBUG:    [send_request_body.started request=<Request [b'POST']>]
[2024-05-25 11:37:25,751]: [_trace.py]: atrace: 85:       DEBUG:    [send_request_body.complete]
[2024-05-25 11:37:25,751]: [_trace.py]: atrace: 85:       DEBUG:    [receive_response_headers.started request=<Request [b'POST']>]
[2024-05-25 11:37:26,459]: [_trace.py]: atrace: 85:       DEBUG:    [receive_response_headers.complete return_value=(b'HTTP/1.1', 200, b'OK', [(b'Server', b'nginx/1.18.0'), (b'Date', b'Sat, 25 May 2024 11:37:26 GMT'), (b'Content-Type', b'application/json'), (b'Content-Length', b'478'), (b'Connection', b'keep-alive'), (b'Strict-Transport-Security', b'max-age=31536000; includeSubDomains; preload'), (b'Access-Control-Allow-Origin', b'*'), (b'Access-Control-Allow-Methods', b'GET, POST, OPTIONS'), (b'Access-Control-Expose-Headers', b'Content-Length,Content-Type,Date,Server,Connection')])]
[2024-05-25 11:37:26,459]: [_client.py]: _send_single_request: 1773:       INFO:    [HTTP Request: POST https://api.telegram.org/bot6030805959:AAGUHAMxLYc-PrevgKouJ3ZyM7ktu56ftjo/sendDocument "HTTP/1.1 200 OK"]
[2024-05-25 11:37:26,460]: [_trace.py]: atrace: 85:       DEBUG:    [receive_response_body.started request=<Request [b'POST']>]
[2024-05-25 11:37:26,460]: [_trace.py]: atrace: 85:       DEBUG:    [receive_response_body.complete]
[2024-05-25 11:37:26,460]: [_trace.py]: atrace: 85:       DEBUG:    [response_closed.started]
[2024-05-25 11:37:26,460]: [_trace.py]: atrace: 85:       DEBUG:    [response_closed.complete]
[2024-05-25 11:37:26,460]: [_bot.py]: _do_post: 652:       DEBUG:    [Call to Bot API endpoint `sendDocument` finished with return value `{'message_id': 811, 'from': {'id': 6030805959, 'is_bot': True, 'first_name': 'TyPHoone', 'username': 'TyPHoone_Project_bot'}, 'chat': {'id': -4119703192, 'title': 'Robocop', 'type': 'group', 'all_members_are_administrators': True}, 'date': 1716637046, 'document': {'file_name': '(2024_05_25--11_37)output.zip', 'mime_type': 'application/zip', 'file_id': 'BQACAgQAAxkDAAIDK2ZRzXb84aUHgewyzeJYeZUff1yGAAItEAACHWaRUpmu3G91FN2gNQQ', 'file_unique_id': 'AgADLRAAAh1mkVI', 'file_size': 10575097}}`]
[2024-05-25 11:37:26,460]: [_trace.py]: atrace: 85:       DEBUG:    [close.started]
[2024-05-25 11:37:26,461]: [_trace.py]: atrace: 85:       DEBUG:    [close.complete]
[2024-05-25 11:37:26,461]: [Telegram_Sender.py]: runner: 61:       INFO:    [sent successfully]
[2024-05-25 11:37:26,461]: [Main.py]: <module>: 48:       INFO:    [Finished]
