[2025-12-01 11:41:49,369]: [Main.py]: <module>: 21:       INFO:    [Started]
[2025-12-01 11:41:51,158]: [Iron_Scraper.py]: Scrap: 32:       INFO:    [Data Scaraped Successfully]
[2025-12-01 11:41:51,358]: [Iron_Scraper.py]: Scrap: 70:       INFO:    [Scrapped Data Has No Problem]
[2025-12-01 11:41:51,358]: [Iron_Scraper.py]: Scrap: 83:       INFO:    [Data Saved Successfully]
[2025-12-01 11:41:51,358]: [Iron.py]: Run: 26:       INFO:    [Scraping Phase Completed]
[2025-12-01 11:41:51,358]: [Iron_Data_Processor.py]: Data_Reader: 61:       INFO:    [Data File Has Been Red Successfully]
[2025-12-01 11:41:51,358]: [Iron_Data_Processor.py]: Shaper: 78:       INFO:    [Data Shaped]
[2025-12-01 11:41:51,359]: [Iron_Data_Processor.py]: Process: 228:       INFO:    [Data Cleaned]
[2025-12-01 11:41:51,359]: [Iron_Data_Processor.py]: Make_Pages_Objects: 101:       INFO:    [Page Objects Has Been Made]
[2025-12-01 11:41:51,359]: [Iron_Data_Processor.py]: Make_Pages_Objects: 101:       INFO:    [Page Objects Has Been Made]
[2025-12-01 11:41:51,359]: [Iron_Data_Processor.py]: Load_Data: 118:       INFO:    [Data Has Been Load]
[2025-12-01 11:41:51,359]: [Iron_Data_Processor.py]: Load_Data: 118:       INFO:    [Data Has Been Load]
[2025-12-01 11:41:51,360]: [Iron_Data_Processor.py]: Load_positions: 140:       INFO:    [Positions Are Ready]
[2025-12-01 11:41:51,360]: [Iron_Data_Processor.py]: Load_positions: 140:       INFO:    [Positions Are Ready]
[2025-12-01 11:41:52,481]: [Iron_Data_Processor.py]: Make_Tagged_Images: 193:       INFO:    [Images Has Been Made]
[2025-12-01 11:41:53,431]: [Iron_Data_Processor.py]: Make_Tagged_Images: 193:       INFO:    [Images Has Been Made]
[2025-12-01 11:41:53,685]: [Iron_Data_Processor.py]: Make_Cover_Page: 215:       INFO:    [Made Cover Pages]
[2025-12-01 11:41:53,686]: [Iron.py]: Run: 29:       INFO:    [Imagination Phase Completed]
[2025-12-01 11:41:56,560]: [Phone_Scraper.py]: Scrap: 58:       INFO:    [Data Scraped]
[2025-12-01 11:41:56,560]: [Phone_Scraper.py]: Scrap: 71:       INFO:    [Scraped Data Successfully]
[2025-12-01 11:41:56,560]: [Phone.py]: Run: 26:       INFO:    [Scraping Phase Complete]
[2025-12-01 11:41:56,560]: [Phone_Data_Processor.py]: data_reader: 38:       INFO:    [Scraped Data Loaded]
[2025-12-01 11:41:56,561]: [Phone_Data_Processor.py]: filter_list: 65:       INFO:    [Persian Phrases Are deleted]
[2025-12-01 11:41:56,562]: [Phone_Data_Processor.py]: reshape_list: 87:       INFO:    [Date Reshaped]
[2025-12-01 11:41:56,562]: [Phone_Data_Processor.py]: separate_brands: 124:       INFO:    [Brands Are Separated]
[2025-12-01 11:41:56,563]: [Phone_Data_Processor.py]: delete_extra_spaces: 141:       INFO:    [Extra Spaces Are Deleted]
[2025-12-01 11:41:57,315]: [Phone.py]: Run: 29:       INFO:    [Imagination Phase Complete]
[2025-12-01 11:41:57,315]: [selector_events.py]: __init__: 64:       DEBUG:    [Using selector: EpollSelector]
[2025-12-01 11:41:57,612]: [_bot.py]: _do_post: 643:       DEBUG:    [Calling Bot API endpoint `getMe` with parameters `{}`]
[2025-12-01 11:41:57,617]: [_trace.py]: atrace: 87:       DEBUG:    [connect_tcp.started host='api.telegram.org' port=443 local_address=None timeout=5.0 socket_options=None]
[2025-12-01 11:41:57,822]: [_trace.py]: atrace: 87:       DEBUG:    [connect_tcp.complete return_value=<httpcore._backends.anyio.AnyIOStream object at 0x7f8b0cd5de20>]
[2025-12-01 11:41:57,822]: [_trace.py]: atrace: 87:       DEBUG:    [start_tls.started ssl_context=<ssl.SSLContext object at 0x7f8b0c8b1ed0> server_hostname='api.telegram.org' timeout=5.0]
[2025-12-01 11:41:57,915]: [_trace.py]: atrace: 87:       DEBUG:    [start_tls.complete return_value=<httpcore._backends.anyio.AnyIOStream object at 0x7f8b0cb697f0>]
[2025-12-01 11:41:57,916]: [_trace.py]: atrace: 87:       DEBUG:    [send_request_headers.started request=<Request [b'POST']>]
[2025-12-01 11:41:57,916]: [_trace.py]: atrace: 87:       DEBUG:    [send_request_headers.complete]
[2025-12-01 11:41:57,916]: [_trace.py]: atrace: 87:       DEBUG:    [send_request_body.started request=<Request [b'POST']>]
[2025-12-01 11:41:57,916]: [_trace.py]: atrace: 87:       DEBUG:    [send_request_body.complete]
[2025-12-01 11:41:57,916]: [_trace.py]: atrace: 87:       DEBUG:    [receive_response_headers.started request=<Request [b'POST']>]
[2025-12-01 11:41:58,007]: [_trace.py]: atrace: 87:       DEBUG:    [receive_response_headers.complete return_value=(b'HTTP/1.1', 200, b'OK', [(b'Server', b'nginx/1.18.0'), (b'Date', b'Mon, 01 Dec 2025 11:41:57 GMT'), (b'Content-Type', b'application/json'), (b'Content-Length', b'258'), (b'Connection', b'keep-alive'), (b'Strict-Transport-Security', b'max-age=31536000; includeSubDomains; preload'), (b'Access-Control-Allow-Origin', b'*'), (b'Access-Control-Allow-Methods', b'GET, POST, OPTIONS'), (b'Access-Control-Expose-Headers', b'Content-Length,Content-Type,Date,Server,Connection')])]
[2025-12-01 11:41:58,007]: [_client.py]: _send_single_request: 1740:       INFO:    [HTTP Request: POST https://api.telegram.org/bot6030805959:AAGUHAMxLYc-PrevgKouJ3ZyM7ktu56ftjo/getMe "HTTP/1.1 200 OK"]
[2025-12-01 11:41:58,007]: [_trace.py]: atrace: 87:       DEBUG:    [receive_response_body.started request=<Request [b'POST']>]
[2025-12-01 11:41:58,007]: [_trace.py]: atrace: 87:       DEBUG:    [receive_response_body.complete]
[2025-12-01 11:41:58,007]: [_trace.py]: atrace: 87:       DEBUG:    [response_closed.started]
[2025-12-01 11:41:58,007]: [_trace.py]: atrace: 87:       DEBUG:    [response_closed.complete]
[2025-12-01 11:41:58,008]: [_bot.py]: _do_post: 652:       DEBUG:    [Call to Bot API endpoint `getMe` finished with return value `{'id': 6030805959, 'is_bot': True, 'first_name': 'TyPHoone', 'username': 'TyPHoone_Project_bot', 'can_join_groups': True, 'can_read_all_group_messages': False, 'supports_inline_queries': False, 'can_connect_to_business': False, 'has_main_web_app': False}`]
[2025-12-01 11:41:58,011]: [_bot.py]: _do_post: 643:       DEBUG:    [Calling Bot API endpoint `sendDocument` with parameters `{'chat_id': '-4119703192', 'document': <telegram._files.inputfile.InputFile object at 0x7f8b0bf0d800>}`]
[2025-12-01 11:41:58,011]: [_trace.py]: atrace: 87:       DEBUG:    [send_request_headers.started request=<Request [b'POST']>]
[2025-12-01 11:41:58,011]: [_trace.py]: atrace: 87:       DEBUG:    [send_request_headers.complete]
[2025-12-01 11:41:58,011]: [_trace.py]: atrace: 87:       DEBUG:    [send_request_body.started request=<Request [b'POST']>]
[2025-12-01 11:41:58,012]: [_trace.py]: atrace: 87:       DEBUG:    [send_request_body.complete]
[2025-12-01 11:41:58,012]: [_trace.py]: atrace: 87:       DEBUG:    [receive_response_headers.started request=<Request [b'POST']>]
[2025-12-01 11:41:58,242]: [_trace.py]: atrace: 87:       DEBUG:    [receive_response_headers.complete return_value=(b'HTTP/1.1', 200, b'OK', [(b'Server', b'nginx/1.18.0'), (b'Date', b'Mon, 01 Dec 2025 11:41:58 GMT'), (b'Content-Type', b'application/json'), (b'Content-Length', b'584'), (b'Connection', b'keep-alive'), (b'Strict-Transport-Security', b'max-age=31536000; includeSubDomains; preload'), (b'Access-Control-Allow-Origin', b'*'), (b'Access-Control-Allow-Methods', b'GET, POST, OPTIONS'), (b'Access-Control-Expose-Headers', b'Content-Length,Content-Type,Date,Server,Connection')])]
[2025-12-01 11:41:58,242]: [_client.py]: _send_single_request: 1740:       INFO:    [HTTP Request: POST https://api.telegram.org/bot6030805959:AAGUHAMxLYc-PrevgKouJ3ZyM7ktu56ftjo/sendDocument "HTTP/1.1 200 OK"]
[2025-12-01 11:41:58,242]: [_trace.py]: atrace: 87:       DEBUG:    [receive_response_body.started request=<Request [b'POST']>]
[2025-12-01 11:41:58,242]: [_trace.py]: atrace: 87:       DEBUG:    [receive_response_body.complete]
[2025-12-01 11:41:58,243]: [_trace.py]: atrace: 87:       DEBUG:    [response_closed.started]
[2025-12-01 11:41:58,243]: [_trace.py]: atrace: 87:       DEBUG:    [response_closed.complete]
[2025-12-01 11:41:58,243]: [_bot.py]: _do_post: 652:       DEBUG:    [Call to Bot API endpoint `sendDocument` finished with return value `{'message_id': 2760, 'from': {'id': 6030805959, 'is_bot': True, 'first_name': 'TyPHoone', 'username': 'TyPHoone_Project_bot'}, 'chat': {'id': -4119703192, 'title': 'Robocop', 'type': 'group', 'all_members_are_administrators': True, 'accepted_gift_types': {'unlimited_gifts': False, 'limited_gifts': False, 'unique_gifts': False, 'premium_subscription': False}}, 'date': 1764589318, 'document': {'file_name': '(2025_12_01--11_41).log', 'mime_type': 'text/plain', 'file_id': 'BQACAgQAAxkDAAIKyGktfwaV7NnKPyOH9unViw6JKtDGAALqGwACjZtxUS-MU_peHmJTNgQ', 'file_unique_id': 'AgAD6hsAAo2bcVE', 'file_size': 5937}}`]
[2025-12-01 11:41:58,244]: [_trace.py]: atrace: 87:       DEBUG:    [close.started]
[2025-12-01 11:41:58,244]: [_trace.py]: atrace: 87:       DEBUG:    [close.complete]
[2025-12-01 11:41:58,286]: [_bot.py]: _do_post: 643:       DEBUG:    [Calling Bot API endpoint `getMe` with parameters `{}`]
[2025-12-01 11:41:58,287]: [_trace.py]: atrace: 87:       DEBUG:    [connect_tcp.started host='api.telegram.org' port=443 local_address=None timeout=5.0 socket_options=None]
[2025-12-01 11:41:58,378]: [_trace.py]: atrace: 87:       DEBUG:    [connect_tcp.complete return_value=<httpcore._backends.anyio.AnyIOStream object at 0x7f8b0bd4a750>]
[2025-12-01 11:41:58,378]: [_trace.py]: atrace: 87:       DEBUG:    [start_tls.started ssl_context=<ssl.SSLContext object at 0x7f8b0c8b1dd0> server_hostname='api.telegram.org' timeout=5.0]
[2025-12-01 11:41:58,469]: [_trace.py]: atrace: 87:       DEBUG:    [start_tls.complete return_value=<httpcore._backends.anyio.AnyIOStream object at 0x7f8b0bed2030>]
[2025-12-01 11:41:58,469]: [_trace.py]: atrace: 87:       DEBUG:    [send_request_headers.started request=<Request [b'POST']>]
[2025-12-01 11:41:58,470]: [_trace.py]: atrace: 87:       DEBUG:    [send_request_headers.complete]
[2025-12-01 11:41:58,470]: [_trace.py]: atrace: 87:       DEBUG:    [send_request_body.started request=<Request [b'POST']>]
[2025-12-01 11:41:58,470]: [_trace.py]: atrace: 87:       DEBUG:    [send_request_body.complete]
[2025-12-01 11:41:58,470]: [_trace.py]: atrace: 87:       DEBUG:    [receive_response_headers.started request=<Request [b'POST']>]
[2025-12-01 11:41:58,559]: [_trace.py]: atrace: 87:       DEBUG:    [receive_response_headers.complete return_value=(b'HTTP/1.1', 200, b'OK', [(b'Server', b'nginx/1.18.0'), (b'Date', b'Mon, 01 Dec 2025 11:41:58 GMT'), (b'Content-Type', b'application/json'), (b'Content-Length', b'258'), (b'Connection', b'keep-alive'), (b'Strict-Transport-Security', b'max-age=31536000; includeSubDomains; preload'), (b'Access-Control-Allow-Origin', b'*'), (b'Access-Control-Allow-Methods', b'GET, POST, OPTIONS'), (b'Access-Control-Expose-Headers', b'Content-Length,Content-Type,Date,Server,Connection')])]
[2025-12-01 11:41:58,560]: [_client.py]: _send_single_request: 1740:       INFO:    [HTTP Request: POST https://api.telegram.org/bot6030805959:AAGUHAMxLYc-PrevgKouJ3ZyM7ktu56ftjo/getMe "HTTP/1.1 200 OK"]
[2025-12-01 11:41:58,560]: [_trace.py]: atrace: 87:       DEBUG:    [receive_response_body.started request=<Request [b'POST']>]
[2025-12-01 11:41:58,560]: [_trace.py]: atrace: 87:       DEBUG:    [receive_response_body.complete]
[2025-12-01 11:41:58,560]: [_trace.py]: atrace: 87:       DEBUG:    [response_closed.started]
[2025-12-01 11:41:58,560]: [_trace.py]: atrace: 87:       DEBUG:    [response_closed.complete]
[2025-12-01 11:41:58,560]: [_bot.py]: _do_post: 652:       DEBUG:    [Call to Bot API endpoint `getMe` finished with return value `{'id': 6030805959, 'is_bot': True, 'first_name': 'TyPHoone', 'username': 'TyPHoone_Project_bot', 'can_join_groups': True, 'can_read_all_group_messages': False, 'supports_inline_queries': False, 'can_connect_to_business': False, 'has_main_web_app': False}`]
[2025-12-01 11:41:58,563]: [_bot.py]: _do_post: 643:       DEBUG:    [Calling Bot API endpoint `sendDocument` with parameters `{'chat_id': '-4119703192', 'document': <telegram._files.inputfile.InputFile object at 0x7f8b0c8e9540>}`]
[2025-12-01 11:41:58,563]: [_trace.py]: atrace: 87:       DEBUG:    [send_request_headers.started request=<Request [b'POST']>]
[2025-12-01 11:41:58,563]: [_trace.py]: atrace: 87:       DEBUG:    [send_request_headers.complete]
[2025-12-01 11:41:58,563]: [_trace.py]: atrace: 87:       DEBUG:    [send_request_body.started request=<Request [b'POST']>]
[2025-12-01 11:41:59,460]: [_trace.py]: atrace: 87:       DEBUG:    [send_request_body.complete]
[2025-12-01 11:41:59,460]: [_trace.py]: atrace: 87:       DEBUG:    [receive_response_headers.started request=<Request [b'POST']>]
[2025-12-01 11:42:00,527]: [_trace.py]: atrace: 87:       DEBUG:    [receive_response_headers.complete return_value=(b'HTTP/1.1', 200, b'OK', [(b'Server', b'nginx/1.18.0'), (b'Date', b'Mon, 01 Dec 2025 11:42:00 GMT'), (b'Content-Type', b'application/json'), (b'Content-Length', b'599'), (b'Connection', b'keep-alive'), (b'Strict-Transport-Security', b'max-age=31536000; includeSubDomains; preload'), (b'Access-Control-Allow-Origin', b'*'), (b'Access-Control-Allow-Methods', b'GET, POST, OPTIONS'), (b'Access-Control-Expose-Headers', b'Content-Length,Content-Type,Date,Server,Connection')])]
[2025-12-01 11:42:00,527]: [_client.py]: _send_single_request: 1740:       INFO:    [HTTP Request: POST https://api.telegram.org/bot6030805959:AAGUHAMxLYc-PrevgKouJ3ZyM7ktu56ftjo/sendDocument "HTTP/1.1 200 OK"]
[2025-12-01 11:42:00,527]: [_trace.py]: atrace: 87:       DEBUG:    [receive_response_body.started request=<Request [b'POST']>]
[2025-12-01 11:42:00,528]: [_trace.py]: atrace: 87:       DEBUG:    [receive_response_body.complete]
[2025-12-01 11:42:00,528]: [_trace.py]: atrace: 87:       DEBUG:    [response_closed.started]
[2025-12-01 11:42:00,528]: [_trace.py]: atrace: 87:       DEBUG:    [response_closed.complete]
[2025-12-01 11:42:00,529]: [_bot.py]: _do_post: 652:       DEBUG:    [Call to Bot API endpoint `sendDocument` finished with return value `{'message_id': 2761, 'from': {'id': 6030805959, 'is_bot': True, 'first_name': 'TyPHoone', 'username': 'TyPHoone_Project_bot'}, 'chat': {'id': -4119703192, 'title': 'Robocop', 'type': 'group', 'all_members_are_administrators': True, 'accepted_gift_types': {'unlimited_gifts': False, 'limited_gifts': False, 'unique_gifts': False, 'premium_subscription': False}}, 'date': 1764589320, 'document': {'file_name': '(2025_12_01--11_41)output.zip', 'mime_type': 'application/zip', 'file_id': 'BQACAgQAAxkDAAIKyWktfwjn2LMC74OZZYKt1fUMj_9eAALrGwACjZtxUSO2aSPdfsPnNgQ', 'file_unique_id': 'AgAD6xsAAo2bcVE', 'file_size': 10143484}}`]
[2025-12-01 11:42:00,530]: [_trace.py]: atrace: 87:       DEBUG:    [close.started]
[2025-12-01 11:42:00,530]: [_trace.py]: atrace: 87:       DEBUG:    [close.complete]
[2025-12-01 11:42:00,531]: [Telegram_Sender.py]: runner: 61:       INFO:    [sent successfully]
[2025-12-01 11:42:00,532]: [Main.py]: <module>: 48:       INFO:    [Finished]
