[2024-09-23 11:39:09,759]: [Main.py]: <module>: 21:       INFO:    [Started]
[2024-09-23 11:39:11,319]: [Iron_Scraper.py]: Scrap: 32:       INFO:    [Data Scaraped Successfully]
[2024-09-23 11:39:11,510]: [Iron_Scraper.py]: Scrap: 70:       INFO:    [Scrapped Data Has No Problem]
[2024-09-23 11:39:11,511]: [Iron_Scraper.py]: Scrap: 83:       INFO:    [Data Saved Successfully]
[2024-09-23 11:39:11,511]: [Iron.py]: Run: 26:       INFO:    [Scraping Phase Completed]
[2024-09-23 11:39:11,511]: [Iron_Data_Processor.py]: Data_Reader: 61:       INFO:    [Data File Has Been Red Successfully]
[2024-09-23 11:39:11,511]: [Iron_Data_Processor.py]: Shaper: 78:       INFO:    [Data Shaped]
[2024-09-23 11:39:11,511]: [Iron_Data_Processor.py]: Process: 228:       INFO:    [Data Cleaned]
[2024-09-23 11:39:11,511]: [Iron_Data_Processor.py]: Make_Pages_Objects: 101:       INFO:    [Page Objects Has Been Made]
[2024-09-23 11:39:11,512]: [Iron_Data_Processor.py]: Make_Pages_Objects: 101:       INFO:    [Page Objects Has Been Made]
[2024-09-23 11:39:11,512]: [Iron_Data_Processor.py]: Load_Data: 118:       INFO:    [Data Has Been Load]
[2024-09-23 11:39:11,512]: [Iron_Data_Processor.py]: Load_Data: 118:       INFO:    [Data Has Been Load]
[2024-09-23 11:39:11,512]: [Iron_Data_Processor.py]: Load_positions: 140:       INFO:    [Positions Are Ready]
[2024-09-23 11:39:11,512]: [Iron_Data_Processor.py]: Load_positions: 140:       INFO:    [Positions Are Ready]
[2024-09-23 11:39:12,644]: [Iron_Data_Processor.py]: Make_Tagged_Images: 193:       INFO:    [Images Has Been Made]
[2024-09-23 11:39:13,606]: [Iron_Data_Processor.py]: Make_Tagged_Images: 193:       INFO:    [Images Has Been Made]
[2024-09-23 11:39:13,862]: [Iron_Data_Processor.py]: Make_Cover_Page: 215:       INFO:    [Made Cover Pages]
[2024-09-23 11:39:13,862]: [Iron.py]: Run: 29:       INFO:    [Imagination Phase Completed]
[2024-09-23 11:39:17,475]: [Phone_Scraper.py]: Scrap: 58:       INFO:    [Data Scraped]
[2024-09-23 11:39:17,476]: [Phone_Scraper.py]: Scrap: 71:       INFO:    [Scraped Data Successfully]
[2024-09-23 11:39:17,476]: [Phone.py]: Run: 26:       INFO:    [Scraping Phase Complete]
[2024-09-23 11:39:17,476]: [Phone_Data_Processor.py]: data_reader: 38:       INFO:    [Scraped Data Loaded]
[2024-09-23 11:39:17,477]: [Phone_Data_Processor.py]: filter_list: 65:       INFO:    [Persian Phrases Are deleted]
[2024-09-23 11:39:17,478]: [Phone_Data_Processor.py]: reshape_list: 87:       INFO:    [Date Reshaped]
[2024-09-23 11:39:17,478]: [Phone_Data_Processor.py]: separate_brands: 124:       INFO:    [Brands Are Separated]
[2024-09-23 11:39:17,478]: [Phone_Data_Processor.py]: delete_extra_spaces: 141:       INFO:    [Extra Spaces Are Deleted]
[2024-09-23 11:39:18,121]: [Phone.py]: Run: 29:       INFO:    [Imagination Phase Complete]
[2024-09-23 11:39:18,121]: [selector_events.py]: __init__: 64:       DEBUG:    [Using selector: EpollSelector]
[2024-09-23 11:39:18,450]: [_bot.py]: _do_post: 643:       DEBUG:    [Calling Bot API endpoint `getMe` with parameters `{}`]
[2024-09-23 11:39:18,455]: [_trace.py]: atrace: 85:       DEBUG:    [connect_tcp.started host='api.telegram.org' port=443 local_address=None timeout=5.0 socket_options=None]
[2024-09-23 11:39:18,579]: [_trace.py]: atrace: 85:       DEBUG:    [connect_tcp.complete return_value=<httpcore._backends.anyio.AnyIOStream object at 0x7fd0e26cb410>]
[2024-09-23 11:39:18,580]: [_trace.py]: atrace: 85:       DEBUG:    [start_tls.started ssl_context=<ssl.SSLContext object at 0x7fd0e2f1fad0> server_hostname='api.telegram.org' timeout=5.0]
[2024-09-23 11:39:18,669]: [_trace.py]: atrace: 85:       DEBUG:    [start_tls.complete return_value=<httpcore._backends.anyio.AnyIOStream object at 0x7fd0e38a1af0>]
[2024-09-23 11:39:18,669]: [_trace.py]: atrace: 85:       DEBUG:    [send_request_headers.started request=<Request [b'POST']>]
[2024-09-23 11:39:18,670]: [_trace.py]: atrace: 85:       DEBUG:    [send_request_headers.complete]
[2024-09-23 11:39:18,670]: [_trace.py]: atrace: 85:       DEBUG:    [send_request_body.started request=<Request [b'POST']>]
[2024-09-23 11:39:18,670]: [_trace.py]: atrace: 85:       DEBUG:    [send_request_body.complete]
[2024-09-23 11:39:18,670]: [_trace.py]: atrace: 85:       DEBUG:    [receive_response_headers.started request=<Request [b'POST']>]
[2024-09-23 11:39:18,758]: [_trace.py]: atrace: 85:       DEBUG:    [receive_response_headers.complete return_value=(b'HTTP/1.1', 200, b'OK', [(b'Server', b'nginx/1.18.0'), (b'Date', b'Mon, 23 Sep 2024 11:39:18 GMT'), (b'Content-Type', b'application/json'), (b'Content-Length', b'258'), (b'Connection', b'keep-alive'), (b'Strict-Transport-Security', b'max-age=31536000; includeSubDomains; preload'), (b'Access-Control-Allow-Origin', b'*'), (b'Access-Control-Allow-Methods', b'GET, POST, OPTIONS'), (b'Access-Control-Expose-Headers', b'Content-Length,Content-Type,Date,Server,Connection')])]
[2024-09-23 11:39:18,758]: [_client.py]: _send_single_request: 1786:       INFO:    [HTTP Request: POST https://api.telegram.org/bot6030805959:AAGUHAMxLYc-PrevgKouJ3ZyM7ktu56ftjo/getMe "HTTP/1.1 200 OK"]
[2024-09-23 11:39:18,758]: [_trace.py]: atrace: 85:       DEBUG:    [receive_response_body.started request=<Request [b'POST']>]
[2024-09-23 11:39:18,759]: [_trace.py]: atrace: 85:       DEBUG:    [receive_response_body.complete]
[2024-09-23 11:39:18,759]: [_trace.py]: atrace: 85:       DEBUG:    [response_closed.started]
[2024-09-23 11:39:18,759]: [_trace.py]: atrace: 85:       DEBUG:    [response_closed.complete]
[2024-09-23 11:39:18,759]: [_bot.py]: _do_post: 652:       DEBUG:    [Call to Bot API endpoint `getMe` finished with return value `{'id': 6030805959, 'is_bot': True, 'first_name': 'TyPHoone', 'username': 'TyPHoone_Project_bot', 'can_join_groups': True, 'can_read_all_group_messages': False, 'supports_inline_queries': False, 'can_connect_to_business': False, 'has_main_web_app': False}`]
[2024-09-23 11:39:18,763]: [_bot.py]: _do_post: 643:       DEBUG:    [Calling Bot API endpoint `sendDocument` with parameters `{'chat_id': '-4119703192', 'document': <telegram._files.inputfile.InputFile object at 0x7fd0e2524e80>}`]
[2024-09-23 11:39:18,763]: [_trace.py]: atrace: 85:       DEBUG:    [send_request_headers.started request=<Request [b'POST']>]
[2024-09-23 11:39:18,764]: [_trace.py]: atrace: 85:       DEBUG:    [send_request_headers.complete]
[2024-09-23 11:39:18,764]: [_trace.py]: atrace: 85:       DEBUG:    [send_request_body.started request=<Request [b'POST']>]
[2024-09-23 11:39:18,764]: [_trace.py]: atrace: 85:       DEBUG:    [send_request_body.complete]
[2024-09-23 11:39:18,764]: [_trace.py]: atrace: 85:       DEBUG:    [receive_response_headers.started request=<Request [b'POST']>]
[2024-09-23 11:39:19,022]: [_trace.py]: atrace: 85:       DEBUG:    [receive_response_headers.complete return_value=(b'HTTP/1.1', 200, b'OK', [(b'Server', b'nginx/1.18.0'), (b'Date', b'Mon, 23 Sep 2024 11:39:18 GMT'), (b'Content-Type', b'application/json'), (b'Content-Length', b'464'), (b'Connection', b'keep-alive'), (b'Strict-Transport-Security', b'max-age=31536000; includeSubDomains; preload'), (b'Access-Control-Allow-Origin', b'*'), (b'Access-Control-Allow-Methods', b'GET, POST, OPTIONS'), (b'Access-Control-Expose-Headers', b'Content-Length,Content-Type,Date,Server,Connection')])]
[2024-09-23 11:39:19,022]: [_client.py]: _send_single_request: 1786:       INFO:    [HTTP Request: POST https://api.telegram.org/bot6030805959:AAGUHAMxLYc-PrevgKouJ3ZyM7ktu56ftjo/sendDocument "HTTP/1.1 200 OK"]
[2024-09-23 11:39:19,022]: [_trace.py]: atrace: 85:       DEBUG:    [receive_response_body.started request=<Request [b'POST']>]
[2024-09-23 11:39:19,022]: [_trace.py]: atrace: 85:       DEBUG:    [receive_response_body.complete]
[2024-09-23 11:39:19,022]: [_trace.py]: atrace: 85:       DEBUG:    [response_closed.started]
[2024-09-23 11:39:19,022]: [_trace.py]: atrace: 85:       DEBUG:    [response_closed.complete]
[2024-09-23 11:39:19,023]: [_bot.py]: _do_post: 652:       DEBUG:    [Call to Bot API endpoint `sendDocument` finished with return value `{'message_id': 1883, 'from': {'id': 6030805959, 'is_bot': True, 'first_name': 'TyPHoone', 'username': 'TyPHoone_Project_bot'}, 'chat': {'id': -4119703192, 'title': 'Robocop', 'type': 'group', 'all_members_are_administrators': True}, 'date': 1727091558, 'document': {'file_name': '(2024_09_23--11_39).log', 'mime_type': 'text/plain', 'file_id': 'BQACAgQAAxkDAAIHW2bxU2a05xe15WPBsg7zJ_ku-PKXAAIZFAACkHmJUzObDa33VEilNgQ', 'file_unique_id': 'AgADGRQAApB5iVM', 'file_size': 5937}}`]
[2024-09-23 11:39:19,023]: [_trace.py]: atrace: 85:       DEBUG:    [close.started]
[2024-09-23 11:39:19,023]: [_trace.py]: atrace: 85:       DEBUG:    [close.complete]
[2024-09-23 11:39:19,024]: [_config.py]: load_ssl_context: 82:       DEBUG:    [load_ssl_context verify=True cert=None trust_env=True http2=False]
[2024-09-23 11:39:19,024]: [_config.py]: load_ssl_context_verify: 148:       DEBUG:    [load_verify_locations cafile='/opt/hostedtoolcache/Python/3.12.6/x64/lib/python3.12/site-packages/certifi/cacert.pem']
[2024-09-23 11:39:19,051]: [_config.py]: load_ssl_context: 82:       DEBUG:    [load_ssl_context verify=True cert=None trust_env=True http2=False]
[2024-09-23 11:39:19,052]: [_config.py]: load_ssl_context_verify: 148:       DEBUG:    [load_verify_locations cafile='/opt/hostedtoolcache/Python/3.12.6/x64/lib/python3.12/site-packages/certifi/cacert.pem']
[2024-09-23 11:39:19,078]: [_bot.py]: _do_post: 643:       DEBUG:    [Calling Bot API endpoint `getMe` with parameters `{}`]
[2024-09-23 11:39:19,079]: [_trace.py]: atrace: 85:       DEBUG:    [connect_tcp.started host='api.telegram.org' port=443 local_address=None timeout=5.0 socket_options=None]
[2024-09-23 11:39:19,169]: [_trace.py]: atrace: 85:       DEBUG:    [connect_tcp.complete return_value=<httpcore._backends.anyio.AnyIOStream object at 0x7fd0e2691b80>]
[2024-09-23 11:39:19,169]: [_trace.py]: atrace: 85:       DEBUG:    [start_tls.started ssl_context=<ssl.SSLContext object at 0x7fd0e2f1f8d0> server_hostname='api.telegram.org' timeout=5.0]
[2024-09-23 11:39:19,262]: [_trace.py]: atrace: 85:       DEBUG:    [start_tls.complete return_value=<httpcore._backends.anyio.AnyIOStream object at 0x7fd0e37f3b00>]
[2024-09-23 11:39:19,262]: [_trace.py]: atrace: 85:       DEBUG:    [send_request_headers.started request=<Request [b'POST']>]
[2024-09-23 11:39:19,263]: [_trace.py]: atrace: 85:       DEBUG:    [send_request_headers.complete]
[2024-09-23 11:39:19,263]: [_trace.py]: atrace: 85:       DEBUG:    [send_request_body.started request=<Request [b'POST']>]
[2024-09-23 11:39:19,263]: [_trace.py]: atrace: 85:       DEBUG:    [send_request_body.complete]
[2024-09-23 11:39:19,263]: [_trace.py]: atrace: 85:       DEBUG:    [receive_response_headers.started request=<Request [b'POST']>]
[2024-09-23 11:39:19,357]: [_trace.py]: atrace: 85:       DEBUG:    [receive_response_headers.complete return_value=(b'HTTP/1.1', 200, b'OK', [(b'Server', b'nginx/1.18.0'), (b'Date', b'Mon, 23 Sep 2024 11:39:19 GMT'), (b'Content-Type', b'application/json'), (b'Content-Length', b'258'), (b'Connection', b'keep-alive'), (b'Strict-Transport-Security', b'max-age=31536000; includeSubDomains; preload'), (b'Access-Control-Allow-Origin', b'*'), (b'Access-Control-Allow-Methods', b'GET, POST, OPTIONS'), (b'Access-Control-Expose-Headers', b'Content-Length,Content-Type,Date,Server,Connection')])]
[2024-09-23 11:39:19,358]: [_client.py]: _send_single_request: 1786:       INFO:    [HTTP Request: POST https://api.telegram.org/bot6030805959:AAGUHAMxLYc-PrevgKouJ3ZyM7ktu56ftjo/getMe "HTTP/1.1 200 OK"]
[2024-09-23 11:39:19,358]: [_trace.py]: atrace: 85:       DEBUG:    [receive_response_body.started request=<Request [b'POST']>]
[2024-09-23 11:39:19,358]: [_trace.py]: atrace: 85:       DEBUG:    [receive_response_body.complete]
[2024-09-23 11:39:19,358]: [_trace.py]: atrace: 85:       DEBUG:    [response_closed.started]
[2024-09-23 11:39:19,358]: [_trace.py]: atrace: 85:       DEBUG:    [response_closed.complete]
[2024-09-23 11:39:19,358]: [_bot.py]: _do_post: 652:       DEBUG:    [Call to Bot API endpoint `getMe` finished with return value `{'id': 6030805959, 'is_bot': True, 'first_name': 'TyPHoone', 'username': 'TyPHoone_Project_bot', 'can_join_groups': True, 'can_read_all_group_messages': False, 'supports_inline_queries': False, 'can_connect_to_business': False, 'has_main_web_app': False}`]
[2024-09-23 11:39:19,361]: [_bot.py]: _do_post: 643:       DEBUG:    [Calling Bot API endpoint `sendDocument` with parameters `{'chat_id': '-4119703192', 'document': <telegram._files.inputfile.InputFile object at 0x7fd0e2525400>}`]
[2024-09-23 11:39:19,361]: [_trace.py]: atrace: 85:       DEBUG:    [send_request_headers.started request=<Request [b'POST']>]
[2024-09-23 11:39:19,361]: [_trace.py]: atrace: 85:       DEBUG:    [send_request_headers.complete]
[2024-09-23 11:39:19,361]: [_trace.py]: atrace: 85:       DEBUG:    [send_request_body.started request=<Request [b'POST']>]
[2024-09-23 11:39:20,234]: [_trace.py]: atrace: 85:       DEBUG:    [send_request_body.complete]
[2024-09-23 11:39:20,234]: [_trace.py]: atrace: 85:       DEBUG:    [receive_response_headers.started request=<Request [b'POST']>]
[2024-09-23 11:39:21,238]: [_trace.py]: atrace: 85:       DEBUG:    [receive_response_headers.complete return_value=(b'HTTP/1.1', 200, b'OK', [(b'Server', b'nginx/1.18.0'), (b'Date', b'Mon, 23 Sep 2024 11:39:21 GMT'), (b'Content-Type', b'application/json'), (b'Content-Length', b'478'), (b'Connection', b'keep-alive'), (b'Strict-Transport-Security', b'max-age=31536000; includeSubDomains; preload'), (b'Access-Control-Allow-Origin', b'*'), (b'Access-Control-Allow-Methods', b'GET, POST, OPTIONS'), (b'Access-Control-Expose-Headers', b'Content-Length,Content-Type,Date,Server,Connection')])]
[2024-09-23 11:39:21,238]: [_client.py]: _send_single_request: 1786:       INFO:    [HTTP Request: POST https://api.telegram.org/bot6030805959:AAGUHAMxLYc-PrevgKouJ3ZyM7ktu56ftjo/sendDocument "HTTP/1.1 200 OK"]
[2024-09-23 11:39:21,238]: [_trace.py]: atrace: 85:       DEBUG:    [receive_response_body.started request=<Request [b'POST']>]
[2024-09-23 11:39:21,238]: [_trace.py]: atrace: 85:       DEBUG:    [receive_response_body.complete]
[2024-09-23 11:39:21,238]: [_trace.py]: atrace: 85:       DEBUG:    [response_closed.started]
[2024-09-23 11:39:21,239]: [_trace.py]: atrace: 85:       DEBUG:    [response_closed.complete]
[2024-09-23 11:39:21,239]: [_bot.py]: _do_post: 652:       DEBUG:    [Call to Bot API endpoint `sendDocument` finished with return value `{'message_id': 1884, 'from': {'id': 6030805959, 'is_bot': True, 'first_name': 'TyPHoone', 'username': 'TyPHoone_Project_bot'}, 'chat': {'id': -4119703192, 'title': 'Robocop', 'type': 'group', 'all_members_are_administrators': True}, 'date': 1727091561, 'document': {'file_name': '(2024_09_23--11_39)output.zip', 'mime_type': 'application/zip', 'file_id': 'BQACAgQAAxkDAAIHXGbxU2gCTNUGsgPeDbmHVT0Zdl-VAAIaFAACkHmJU1LtXqNJRqDINgQ', 'file_unique_id': 'AgADGhQAApB5iVM', 'file_size': 9872680}}`]
[2024-09-23 11:39:21,239]: [_trace.py]: atrace: 85:       DEBUG:    [close.started]
[2024-09-23 11:39:21,239]: [_trace.py]: atrace: 85:       DEBUG:    [close.complete]
[2024-09-23 11:39:21,239]: [Telegram_Sender.py]: runner: 61:       INFO:    [sent successfully]
[2024-09-23 11:39:21,240]: [Main.py]: <module>: 48:       INFO:    [Finished]
