[2024-09-09 11:38:37,623]: [Main.py]: <module>: 21:       INFO:    [Started]
[2024-09-09 11:38:38,877]: [Iron_Scraper.py]: Scrap: 32:       INFO:    [Data Scaraped Successfully]
[2024-09-09 11:38:39,060]: [Iron_Scraper.py]: Scrap: 70:       INFO:    [Scrapped Data Has No Problem]
[2024-09-09 11:38:39,060]: [Iron_Scraper.py]: Scrap: 83:       INFO:    [Data Saved Successfully]
[2024-09-09 11:38:39,060]: [Iron.py]: Run: 26:       INFO:    [Scraping Phase Completed]
[2024-09-09 11:38:39,061]: [Iron_Data_Processor.py]: Data_Reader: 61:       INFO:    [Data File Has Been Red Successfully]
[2024-09-09 11:38:39,061]: [Iron_Data_Processor.py]: Shaper: 78:       INFO:    [Data Shaped]
[2024-09-09 11:38:39,061]: [Iron_Data_Processor.py]: Process: 228:       INFO:    [Data Cleaned]
[2024-09-09 11:38:39,061]: [Iron_Data_Processor.py]: Make_Pages_Objects: 101:       INFO:    [Page Objects Has Been Made]
[2024-09-09 11:38:39,061]: [Iron_Data_Processor.py]: Make_Pages_Objects: 101:       INFO:    [Page Objects Has Been Made]
[2024-09-09 11:38:39,061]: [Iron_Data_Processor.py]: Load_Data: 118:       INFO:    [Data Has Been Load]
[2024-09-09 11:38:39,061]: [Iron_Data_Processor.py]: Load_Data: 118:       INFO:    [Data Has Been Load]
[2024-09-09 11:38:39,061]: [Iron_Data_Processor.py]: Load_positions: 140:       INFO:    [Positions Are Ready]
[2024-09-09 11:38:39,062]: [Iron_Data_Processor.py]: Load_positions: 140:       INFO:    [Positions Are Ready]
[2024-09-09 11:38:40,184]: [Iron_Data_Processor.py]: Make_Tagged_Images: 193:       INFO:    [Images Has Been Made]
[2024-09-09 11:38:41,137]: [Iron_Data_Processor.py]: Make_Tagged_Images: 193:       INFO:    [Images Has Been Made]
[2024-09-09 11:38:41,391]: [Iron_Data_Processor.py]: Make_Cover_Page: 215:       INFO:    [Made Cover Pages]
[2024-09-09 11:38:41,391]: [Iron.py]: Run: 29:       INFO:    [Imagination Phase Completed]
[2024-09-09 11:38:44,837]: [Phone_Scraper.py]: Scrap: 58:       INFO:    [Data Scraped]
[2024-09-09 11:38:44,837]: [Phone_Scraper.py]: Scrap: 71:       INFO:    [Scraped Data Successfully]
[2024-09-09 11:38:44,837]: [Phone.py]: Run: 26:       INFO:    [Scraping Phase Complete]
[2024-09-09 11:38:44,838]: [Phone_Data_Processor.py]: data_reader: 38:       INFO:    [Scraped Data Loaded]
[2024-09-09 11:38:44,839]: [Phone_Data_Processor.py]: filter_list: 65:       INFO:    [Persian Phrases Are deleted]
[2024-09-09 11:38:44,840]: [Phone_Data_Processor.py]: reshape_list: 87:       INFO:    [Date Reshaped]
[2024-09-09 11:38:44,840]: [Phone_Data_Processor.py]: separate_brands: 124:       INFO:    [Brands Are Separated]
[2024-09-09 11:38:44,840]: [Phone_Data_Processor.py]: delete_extra_spaces: 141:       INFO:    [Extra Spaces Are Deleted]
[2024-09-09 11:38:45,605]: [Phone.py]: Run: 29:       INFO:    [Imagination Phase Complete]
[2024-09-09 11:38:45,605]: [selector_events.py]: __init__: 64:       DEBUG:    [Using selector: EpollSelector]
[2024-09-09 11:38:45,945]: [_bot.py]: _do_post: 643:       DEBUG:    [Calling Bot API endpoint `getMe` with parameters `{}`]
[2024-09-09 11:38:45,949]: [_trace.py]: atrace: 85:       DEBUG:    [connect_tcp.started host='api.telegram.org' port=443 local_address=None timeout=5.0 socket_options=None]
[2024-09-09 11:38:46,086]: [_trace.py]: atrace: 85:       DEBUG:    [connect_tcp.complete return_value=<httpcore._backends.anyio.AnyIOStream object at 0x7fa887f683b0>]
[2024-09-09 11:38:46,086]: [_trace.py]: atrace: 85:       DEBUG:    [start_tls.started ssl_context=<ssl.SSLContext object at 0x7fa887f4bc50> server_hostname='api.telegram.org' timeout=5.0]
[2024-09-09 11:38:46,176]: [_trace.py]: atrace: 85:       DEBUG:    [start_tls.complete return_value=<httpcore._backends.anyio.AnyIOStream object at 0x7fa8880483e0>]
[2024-09-09 11:38:46,176]: [_trace.py]: atrace: 85:       DEBUG:    [send_request_headers.started request=<Request [b'POST']>]
[2024-09-09 11:38:46,177]: [_trace.py]: atrace: 85:       DEBUG:    [send_request_headers.complete]
[2024-09-09 11:38:46,177]: [_trace.py]: atrace: 85:       DEBUG:    [send_request_body.started request=<Request [b'POST']>]
[2024-09-09 11:38:46,177]: [_trace.py]: atrace: 85:       DEBUG:    [send_request_body.complete]
[2024-09-09 11:38:46,177]: [_trace.py]: atrace: 85:       DEBUG:    [receive_response_headers.started request=<Request [b'POST']>]
[2024-09-09 11:38:46,267]: [_trace.py]: atrace: 85:       DEBUG:    [receive_response_headers.complete return_value=(b'HTTP/1.1', 200, b'OK', [(b'Server', b'nginx/1.18.0'), (b'Date', b'Mon, 09 Sep 2024 11:38:46 GMT'), (b'Content-Type', b'application/json'), (b'Content-Length', b'258'), (b'Connection', b'keep-alive'), (b'Strict-Transport-Security', b'max-age=31536000; includeSubDomains; preload'), (b'Access-Control-Allow-Origin', b'*'), (b'Access-Control-Allow-Methods', b'GET, POST, OPTIONS'), (b'Access-Control-Expose-Headers', b'Content-Length,Content-Type,Date,Server,Connection')])]
[2024-09-09 11:38:46,267]: [_client.py]: _send_single_request: 1786:       INFO:    [HTTP Request: POST https://api.telegram.org/bot6030805959:AAGUHAMxLYc-PrevgKouJ3ZyM7ktu56ftjo/getMe "HTTP/1.1 200 OK"]
[2024-09-09 11:38:46,267]: [_trace.py]: atrace: 85:       DEBUG:    [receive_response_body.started request=<Request [b'POST']>]
[2024-09-09 11:38:46,267]: [_trace.py]: atrace: 85:       DEBUG:    [receive_response_body.complete]
[2024-09-09 11:38:46,267]: [_trace.py]: atrace: 85:       DEBUG:    [response_closed.started]
[2024-09-09 11:38:46,268]: [_trace.py]: atrace: 85:       DEBUG:    [response_closed.complete]
[2024-09-09 11:38:46,268]: [_bot.py]: _do_post: 652:       DEBUG:    [Call to Bot API endpoint `getMe` finished with return value `{'id': 6030805959, 'is_bot': True, 'first_name': 'TyPHoone', 'username': 'TyPHoone_Project_bot', 'can_join_groups': True, 'can_read_all_group_messages': False, 'supports_inline_queries': False, 'can_connect_to_business': False, 'has_main_web_app': False}`]
[2024-09-09 11:38:46,271]: [_bot.py]: _do_post: 643:       DEBUG:    [Calling Bot API endpoint `sendDocument` with parameters `{'chat_id': '-4119703192', 'document': <telegram._files.inputfile.InputFile object at 0x7fa887556880>}`]
[2024-09-09 11:38:46,272]: [_trace.py]: atrace: 85:       DEBUG:    [send_request_headers.started request=<Request [b'POST']>]
[2024-09-09 11:38:46,272]: [_trace.py]: atrace: 85:       DEBUG:    [send_request_headers.complete]
[2024-09-09 11:38:46,272]: [_trace.py]: atrace: 85:       DEBUG:    [send_request_body.started request=<Request [b'POST']>]
[2024-09-09 11:38:46,273]: [_trace.py]: atrace: 85:       DEBUG:    [send_request_body.complete]
[2024-09-09 11:38:46,273]: [_trace.py]: atrace: 85:       DEBUG:    [receive_response_headers.started request=<Request [b'POST']>]
[2024-09-09 11:38:46,494]: [_trace.py]: atrace: 85:       DEBUG:    [receive_response_headers.complete return_value=(b'HTTP/1.1', 200, b'OK', [(b'Server', b'nginx/1.18.0'), (b'Date', b'Mon, 09 Sep 2024 11:38:46 GMT'), (b'Content-Type', b'application/json'), (b'Content-Length', b'464'), (b'Connection', b'keep-alive'), (b'Strict-Transport-Security', b'max-age=31536000; includeSubDomains; preload'), (b'Access-Control-Allow-Origin', b'*'), (b'Access-Control-Allow-Methods', b'GET, POST, OPTIONS'), (b'Access-Control-Expose-Headers', b'Content-Length,Content-Type,Date,Server,Connection')])]
[2024-09-09 11:38:46,494]: [_client.py]: _send_single_request: 1786:       INFO:    [HTTP Request: POST https://api.telegram.org/bot6030805959:AAGUHAMxLYc-PrevgKouJ3ZyM7ktu56ftjo/sendDocument "HTTP/1.1 200 OK"]
[2024-09-09 11:38:46,494]: [_trace.py]: atrace: 85:       DEBUG:    [receive_response_body.started request=<Request [b'POST']>]
[2024-09-09 11:38:46,495]: [_trace.py]: atrace: 85:       DEBUG:    [receive_response_body.complete]
[2024-09-09 11:38:46,495]: [_trace.py]: atrace: 85:       DEBUG:    [response_closed.started]
[2024-09-09 11:38:46,495]: [_trace.py]: atrace: 85:       DEBUG:    [response_closed.complete]
[2024-09-09 11:38:46,495]: [_bot.py]: _do_post: 652:       DEBUG:    [Call to Bot API endpoint `sendDocument` finished with return value `{'message_id': 1855, 'from': {'id': 6030805959, 'is_bot': True, 'first_name': 'TyPHoone', 'username': 'TyPHoone_Project_bot'}, 'chat': {'id': -4119703192, 'title': 'Robocop', 'type': 'group', 'all_members_are_administrators': True}, 'date': 1725881926, 'document': {'file_name': '(2024_09_09--11_38).log', 'mime_type': 'text/plain', 'file_id': 'BQACAgQAAxkDAAIHP2be3kYbfzR_9sXzUNUcWuh6JphaAALBEwACpkr5Uom4qVDNrg6tNgQ', 'file_unique_id': 'AgADwRMAAqZK-VI', 'file_size': 5937}}`]
[2024-09-09 11:38:46,495]: [_trace.py]: atrace: 85:       DEBUG:    [close.started]
[2024-09-09 11:38:46,496]: [_trace.py]: atrace: 85:       DEBUG:    [close.complete]
[2024-09-09 11:38:46,496]: [_config.py]: load_ssl_context: 82:       DEBUG:    [load_ssl_context verify=True cert=None trust_env=True http2=False]
[2024-09-09 11:38:46,496]: [_config.py]: load_ssl_context_verify: 148:       DEBUG:    [load_verify_locations cafile='/opt/hostedtoolcache/Python/3.12.5/x64/lib/python3.12/site-packages/certifi/cacert.pem']
[2024-09-09 11:38:46,526]: [_config.py]: load_ssl_context: 82:       DEBUG:    [load_ssl_context verify=True cert=None trust_env=True http2=False]
[2024-09-09 11:38:46,526]: [_config.py]: load_ssl_context_verify: 148:       DEBUG:    [load_verify_locations cafile='/opt/hostedtoolcache/Python/3.12.5/x64/lib/python3.12/site-packages/certifi/cacert.pem']
[2024-09-09 11:38:46,554]: [_bot.py]: _do_post: 643:       DEBUG:    [Calling Bot API endpoint `getMe` with parameters `{}`]
[2024-09-09 11:38:46,554]: [_trace.py]: atrace: 85:       DEBUG:    [connect_tcp.started host='api.telegram.org' port=443 local_address=None timeout=5.0 socket_options=None]
[2024-09-09 11:38:46,645]: [_trace.py]: atrace: 85:       DEBUG:    [connect_tcp.complete return_value=<httpcore._backends.anyio.AnyIOStream object at 0x7fa887575820>]
[2024-09-09 11:38:46,646]: [_trace.py]: atrace: 85:       DEBUG:    [start_tls.started ssl_context=<ssl.SSLContext object at 0x7fa887f4ba50> server_hostname='api.telegram.org' timeout=5.0]
[2024-09-09 11:38:46,738]: [_trace.py]: atrace: 85:       DEBUG:    [start_tls.complete return_value=<httpcore._backends.anyio.AnyIOStream object at 0x7fa8884212e0>]
[2024-09-09 11:38:46,738]: [_trace.py]: atrace: 85:       DEBUG:    [send_request_headers.started request=<Request [b'POST']>]
[2024-09-09 11:38:46,738]: [_trace.py]: atrace: 85:       DEBUG:    [send_request_headers.complete]
[2024-09-09 11:38:46,738]: [_trace.py]: atrace: 85:       DEBUG:    [send_request_body.started request=<Request [b'POST']>]
[2024-09-09 11:38:46,739]: [_trace.py]: atrace: 85:       DEBUG:    [send_request_body.complete]
[2024-09-09 11:38:46,739]: [_trace.py]: atrace: 85:       DEBUG:    [receive_response_headers.started request=<Request [b'POST']>]
[2024-09-09 11:38:46,828]: [_trace.py]: atrace: 85:       DEBUG:    [receive_response_headers.complete return_value=(b'HTTP/1.1', 200, b'OK', [(b'Server', b'nginx/1.18.0'), (b'Date', b'Mon, 09 Sep 2024 11:38:46 GMT'), (b'Content-Type', b'application/json'), (b'Content-Length', b'258'), (b'Connection', b'keep-alive'), (b'Strict-Transport-Security', b'max-age=31536000; includeSubDomains; preload'), (b'Access-Control-Allow-Origin', b'*'), (b'Access-Control-Allow-Methods', b'GET, POST, OPTIONS'), (b'Access-Control-Expose-Headers', b'Content-Length,Content-Type,Date,Server,Connection')])]
[2024-09-09 11:38:46,828]: [_client.py]: _send_single_request: 1786:       INFO:    [HTTP Request: POST https://api.telegram.org/bot6030805959:AAGUHAMxLYc-PrevgKouJ3ZyM7ktu56ftjo/getMe "HTTP/1.1 200 OK"]
[2024-09-09 11:38:46,828]: [_trace.py]: atrace: 85:       DEBUG:    [receive_response_body.started request=<Request [b'POST']>]
[2024-09-09 11:38:46,828]: [_trace.py]: atrace: 85:       DEBUG:    [receive_response_body.complete]
[2024-09-09 11:38:46,828]: [_trace.py]: atrace: 85:       DEBUG:    [response_closed.started]
[2024-09-09 11:38:46,829]: [_trace.py]: atrace: 85:       DEBUG:    [response_closed.complete]
[2024-09-09 11:38:46,829]: [_bot.py]: _do_post: 652:       DEBUG:    [Call to Bot API endpoint `getMe` finished with return value `{'id': 6030805959, 'is_bot': True, 'first_name': 'TyPHoone', 'username': 'TyPHoone_Project_bot', 'can_join_groups': True, 'can_read_all_group_messages': False, 'supports_inline_queries': False, 'can_connect_to_business': False, 'has_main_web_app': False}`]
[2024-09-09 11:38:46,831]: [_bot.py]: _do_post: 643:       DEBUG:    [Calling Bot API endpoint `sendDocument` with parameters `{'chat_id': '-4119703192', 'document': <telegram._files.inputfile.InputFile object at 0x7fa887593a80>}`]
[2024-09-09 11:38:46,832]: [_trace.py]: atrace: 85:       DEBUG:    [send_request_headers.started request=<Request [b'POST']>]
[2024-09-09 11:38:46,832]: [_trace.py]: atrace: 85:       DEBUG:    [send_request_headers.complete]
[2024-09-09 11:38:46,832]: [_trace.py]: atrace: 85:       DEBUG:    [send_request_body.started request=<Request [b'POST']>]
[2024-09-09 11:38:47,720]: [_trace.py]: atrace: 85:       DEBUG:    [send_request_body.complete]
[2024-09-09 11:38:47,720]: [_trace.py]: atrace: 85:       DEBUG:    [receive_response_headers.started request=<Request [b'POST']>]
[2024-09-09 11:38:48,597]: [_trace.py]: atrace: 85:       DEBUG:    [receive_response_headers.complete return_value=(b'HTTP/1.1', 200, b'OK', [(b'Server', b'nginx/1.18.0'), (b'Date', b'Mon, 09 Sep 2024 11:38:48 GMT'), (b'Content-Type', b'application/json'), (b'Content-Length', b'479'), (b'Connection', b'keep-alive'), (b'Strict-Transport-Security', b'max-age=31536000; includeSubDomains; preload'), (b'Access-Control-Allow-Origin', b'*'), (b'Access-Control-Allow-Methods', b'GET, POST, OPTIONS'), (b'Access-Control-Expose-Headers', b'Content-Length,Content-Type,Date,Server,Connection')])]
[2024-09-09 11:38:48,598]: [_client.py]: _send_single_request: 1786:       INFO:    [HTTP Request: POST https://api.telegram.org/bot6030805959:AAGUHAMxLYc-PrevgKouJ3ZyM7ktu56ftjo/sendDocument "HTTP/1.1 200 OK"]
[2024-09-09 11:38:48,598]: [_trace.py]: atrace: 85:       DEBUG:    [receive_response_body.started request=<Request [b'POST']>]
[2024-09-09 11:38:48,598]: [_trace.py]: atrace: 85:       DEBUG:    [receive_response_body.complete]
[2024-09-09 11:38:48,598]: [_trace.py]: atrace: 85:       DEBUG:    [response_closed.started]
[2024-09-09 11:38:48,598]: [_trace.py]: atrace: 85:       DEBUG:    [response_closed.complete]
[2024-09-09 11:38:48,598]: [_bot.py]: _do_post: 652:       DEBUG:    [Call to Bot API endpoint `sendDocument` finished with return value `{'message_id': 1856, 'from': {'id': 6030805959, 'is_bot': True, 'first_name': 'TyPHoone', 'username': 'TyPHoone_Project_bot'}, 'chat': {'id': -4119703192, 'title': 'Robocop', 'type': 'group', 'all_members_are_administrators': True}, 'date': 1725881928, 'document': {'file_name': '(2024_09_09--11_38)output.zip', 'mime_type': 'application/zip', 'file_id': 'BQACAgQAAxkDAAIHQGbe3kg17TZZg114mcVkE50BZWxoAALCEwACpkr5UgJ8nYcqGQL0NgQ', 'file_unique_id': 'AgADwhMAAqZK-VI', 'file_size': 10186046}}`]
[2024-09-09 11:38:48,599]: [_trace.py]: atrace: 85:       DEBUG:    [close.started]
[2024-09-09 11:38:48,599]: [_trace.py]: atrace: 85:       DEBUG:    [close.complete]
[2024-09-09 11:38:48,599]: [Telegram_Sender.py]: runner: 61:       INFO:    [sent successfully]
[2024-09-09 11:38:48,600]: [Main.py]: <module>: 48:       INFO:    [Finished]
