[2025-05-07 11:40:13,289]: [Main.py]: <module>: 21:       INFO:    [Started]
[2025-05-07 11:40:15,269]: [Iron_Scraper.py]: Scrap: 32:       INFO:    [Data Scaraped Successfully]
[2025-05-07 11:40:15,470]: [Iron_Scraper.py]: Scrap: 70:       INFO:    [Scrapped Data Has No Problem]
[2025-05-07 11:40:15,470]: [Iron_Scraper.py]: Scrap: 83:       INFO:    [Data Saved Successfully]
[2025-05-07 11:40:15,471]: [Iron.py]: Run: 26:       INFO:    [Scraping Phase Completed]
[2025-05-07 11:40:15,471]: [Iron_Data_Processor.py]: Data_Reader: 61:       INFO:    [Data File Has Been Red Successfully]
[2025-05-07 11:40:15,471]: [Iron_Data_Processor.py]: Shaper: 78:       INFO:    [Data Shaped]
[2025-05-07 11:40:15,471]: [Iron_Data_Processor.py]: Process: 228:       INFO:    [Data Cleaned]
[2025-05-07 11:40:15,471]: [Iron_Data_Processor.py]: Make_Pages_Objects: 101:       INFO:    [Page Objects Has Been Made]
[2025-05-07 11:40:15,471]: [Iron_Data_Processor.py]: Make_Pages_Objects: 101:       INFO:    [Page Objects Has Been Made]
[2025-05-07 11:40:15,472]: [Iron_Data_Processor.py]: Load_Data: 118:       INFO:    [Data Has Been Load]
[2025-05-07 11:40:15,472]: [Iron_Data_Processor.py]: Load_Data: 118:       INFO:    [Data Has Been Load]
[2025-05-07 11:40:15,472]: [Iron_Data_Processor.py]: Load_positions: 140:       INFO:    [Positions Are Ready]
[2025-05-07 11:40:15,472]: [Iron_Data_Processor.py]: Load_positions: 140:       INFO:    [Positions Are Ready]
[2025-05-07 11:40:16,593]: [Iron_Data_Processor.py]: Make_Tagged_Images: 193:       INFO:    [Images Has Been Made]
[2025-05-07 11:40:17,530]: [Iron_Data_Processor.py]: Make_Tagged_Images: 193:       INFO:    [Images Has Been Made]
[2025-05-07 11:40:17,782]: [Iron_Data_Processor.py]: Make_Cover_Page: 215:       INFO:    [Made Cover Pages]
[2025-05-07 11:40:17,782]: [Iron.py]: Run: 29:       INFO:    [Imagination Phase Completed]
[2025-05-07 11:40:26,369]: [Phone_Scraper.py]: Scrap: 58:       INFO:    [Data Scraped]
[2025-05-07 11:40:26,369]: [Phone_Scraper.py]: Scrap: 71:       INFO:    [Scraped Data Successfully]
[2025-05-07 11:40:26,369]: [Phone.py]: Run: 26:       INFO:    [Scraping Phase Complete]
[2025-05-07 11:40:26,369]: [Phone_Data_Processor.py]: data_reader: 38:       INFO:    [Scraped Data Loaded]
[2025-05-07 11:40:26,370]: [Phone_Data_Processor.py]: filter_list: 65:       INFO:    [Persian Phrases Are deleted]
[2025-05-07 11:40:26,371]: [Phone_Data_Processor.py]: reshape_list: 87:       INFO:    [Date Reshaped]
[2025-05-07 11:40:26,371]: [Phone_Data_Processor.py]: separate_brands: 124:       INFO:    [Brands Are Separated]
[2025-05-07 11:40:26,371]: [Phone_Data_Processor.py]: delete_extra_spaces: 141:       INFO:    [Extra Spaces Are Deleted]
[2025-05-07 11:40:27,130]: [Phone.py]: Run: 29:       INFO:    [Imagination Phase Complete]
[2025-05-07 11:40:27,130]: [selector_events.py]: __init__: 64:       DEBUG:    [Using selector: EpollSelector]
[2025-05-07 11:40:27,409]: [_bot.py]: _do_post: 643:       DEBUG:    [Calling Bot API endpoint `getMe` with parameters `{}`]
[2025-05-07 11:40:27,414]: [_trace.py]: atrace: 87:       DEBUG:    [connect_tcp.started host='api.telegram.org' port=443 local_address=None timeout=5.0 socket_options=None]
[2025-05-07 11:40:28,089]: [_trace.py]: atrace: 87:       DEBUG:    [connect_tcp.complete return_value=<httpcore._backends.anyio.AnyIOStream object at 0x7f5ae747eae0>]
[2025-05-07 11:40:28,089]: [_trace.py]: atrace: 87:       DEBUG:    [start_tls.started ssl_context=<ssl.SSLContext object at 0x7f5ae736b7d0> server_hostname='api.telegram.org' timeout=5.0]
[2025-05-07 11:40:28,238]: [_trace.py]: atrace: 87:       DEBUG:    [start_tls.complete return_value=<httpcore._backends.anyio.AnyIOStream object at 0x7f5ae7c1cd70>]
[2025-05-07 11:40:28,239]: [_trace.py]: atrace: 87:       DEBUG:    [send_request_headers.started request=<Request [b'POST']>]
[2025-05-07 11:40:28,239]: [_trace.py]: atrace: 87:       DEBUG:    [send_request_headers.complete]
[2025-05-07 11:40:28,239]: [_trace.py]: atrace: 87:       DEBUG:    [send_request_body.started request=<Request [b'POST']>]
[2025-05-07 11:40:28,239]: [_trace.py]: atrace: 87:       DEBUG:    [send_request_body.complete]
[2025-05-07 11:40:28,239]: [_trace.py]: atrace: 87:       DEBUG:    [receive_response_headers.started request=<Request [b'POST']>]
[2025-05-07 11:40:28,388]: [_trace.py]: atrace: 87:       DEBUG:    [receive_response_headers.complete return_value=(b'HTTP/1.1', 200, b'OK', [(b'Server', b'nginx/1.18.0'), (b'Date', b'Wed, 07 May 2025 11:40:28 GMT'), (b'Content-Type', b'application/json'), (b'Content-Length', b'258'), (b'Connection', b'keep-alive'), (b'Strict-Transport-Security', b'max-age=31536000; includeSubDomains; preload'), (b'Access-Control-Allow-Origin', b'*'), (b'Access-Control-Allow-Methods', b'GET, POST, OPTIONS'), (b'Access-Control-Expose-Headers', b'Content-Length,Content-Type,Date,Server,Connection')])]
[2025-05-07 11:40:28,388]: [_client.py]: _send_single_request: 1740:       INFO:    [HTTP Request: POST https://api.telegram.org/bot6030805959:AAGUHAMxLYc-PrevgKouJ3ZyM7ktu56ftjo/getMe "HTTP/1.1 200 OK"]
[2025-05-07 11:40:28,388]: [_trace.py]: atrace: 87:       DEBUG:    [receive_response_body.started request=<Request [b'POST']>]
[2025-05-07 11:40:28,388]: [_trace.py]: atrace: 87:       DEBUG:    [receive_response_body.complete]
[2025-05-07 11:40:28,388]: [_trace.py]: atrace: 87:       DEBUG:    [response_closed.started]
[2025-05-07 11:40:28,388]: [_trace.py]: atrace: 87:       DEBUG:    [response_closed.complete]
[2025-05-07 11:40:28,388]: [_bot.py]: _do_post: 652:       DEBUG:    [Call to Bot API endpoint `getMe` finished with return value `{'id': 6030805959, 'is_bot': True, 'first_name': 'TyPHoone', 'username': 'TyPHoone_Project_bot', 'can_join_groups': True, 'can_read_all_group_messages': False, 'supports_inline_queries': False, 'can_connect_to_business': False, 'has_main_web_app': False}`]
[2025-05-07 11:40:28,391]: [_bot.py]: _do_post: 643:       DEBUG:    [Calling Bot API endpoint `sendDocument` with parameters `{'chat_id': '-4119703192', 'document': <telegram._files.inputfile.InputFile object at 0x7f5ae6825580>}`]
[2025-05-07 11:40:28,392]: [_trace.py]: atrace: 87:       DEBUG:    [send_request_headers.started request=<Request [b'POST']>]
[2025-05-07 11:40:28,392]: [_trace.py]: atrace: 87:       DEBUG:    [send_request_headers.complete]
[2025-05-07 11:40:28,392]: [_trace.py]: atrace: 87:       DEBUG:    [send_request_body.started request=<Request [b'POST']>]
[2025-05-07 11:40:28,393]: [_trace.py]: atrace: 87:       DEBUG:    [send_request_body.complete]
[2025-05-07 11:40:28,393]: [_trace.py]: atrace: 87:       DEBUG:    [receive_response_headers.started request=<Request [b'POST']>]
[2025-05-07 11:40:28,576]: [_trace.py]: atrace: 87:       DEBUG:    [receive_response_headers.complete return_value=(b'HTTP/1.1', 200, b'OK', [(b'Server', b'nginx/1.18.0'), (b'Date', b'Wed, 07 May 2025 11:40:28 GMT'), (b'Content-Type', b'application/json'), (b'Content-Length', b'584'), (b'Connection', b'keep-alive'), (b'Strict-Transport-Security', b'max-age=31536000; includeSubDomains; preload'), (b'Access-Control-Allow-Origin', b'*'), (b'Access-Control-Allow-Methods', b'GET, POST, OPTIONS'), (b'Access-Control-Expose-Headers', b'Content-Length,Content-Type,Date,Server,Connection')])]
[2025-05-07 11:40:28,576]: [_client.py]: _send_single_request: 1740:       INFO:    [HTTP Request: POST https://api.telegram.org/bot6030805959:AAGUHAMxLYc-PrevgKouJ3ZyM7ktu56ftjo/sendDocument "HTTP/1.1 200 OK"]
[2025-05-07 11:40:28,576]: [_trace.py]: atrace: 87:       DEBUG:    [receive_response_body.started request=<Request [b'POST']>]
[2025-05-07 11:40:28,576]: [_trace.py]: atrace: 87:       DEBUG:    [receive_response_body.complete]
[2025-05-07 11:40:28,576]: [_trace.py]: atrace: 87:       DEBUG:    [response_closed.started]
[2025-05-07 11:40:28,576]: [_trace.py]: atrace: 87:       DEBUG:    [response_closed.complete]
[2025-05-07 11:40:28,576]: [_bot.py]: _do_post: 652:       DEBUG:    [Call to Bot API endpoint `sendDocument` finished with return value `{'message_id': 2339, 'from': {'id': 6030805959, 'is_bot': True, 'first_name': 'TyPHoone', 'username': 'TyPHoone_Project_bot'}, 'chat': {'id': -4119703192, 'title': 'Robocop', 'type': 'group', 'all_members_are_administrators': True, 'accepted_gift_types': {'unlimited_gifts': False, 'limited_gifts': False, 'unique_gifts': False, 'premium_subscription': False}}, 'date': 1746618028, 'document': {'file_name': '(2025_05_07--11_40).log', 'mime_type': 'text/plain', 'file_id': 'BQACAgQAAxkDAAIJI2gbRqwU9OQn9YlXYg8tmk1x7Ha7AAIuGwACj-HYUI-3GPpm_0SONgQ', 'file_unique_id': 'AgADLhsAAo_h2FA', 'file_size': 5937}}`]
[2025-05-07 11:40:28,577]: [_trace.py]: atrace: 87:       DEBUG:    [close.started]
[2025-05-07 11:40:28,577]: [_trace.py]: atrace: 87:       DEBUG:    [close.complete]
[2025-05-07 11:40:28,619]: [_bot.py]: _do_post: 643:       DEBUG:    [Calling Bot API endpoint `getMe` with parameters `{}`]
[2025-05-07 11:40:28,619]: [_trace.py]: atrace: 87:       DEBUG:    [connect_tcp.started host='api.telegram.org' port=443 local_address=None timeout=5.0 socket_options=None]
[2025-05-07 11:40:28,769]: [_trace.py]: atrace: 87:       DEBUG:    [connect_tcp.complete return_value=<httpcore._backends.anyio.AnyIOStream object at 0x7f5ae6861760>]
[2025-05-07 11:40:28,769]: [_trace.py]: atrace: 87:       DEBUG:    [start_tls.started ssl_context=<ssl.SSLContext object at 0x7f5ae736b6d0> server_hostname='api.telegram.org' timeout=5.0]
[2025-05-07 11:40:28,920]: [_trace.py]: atrace: 87:       DEBUG:    [start_tls.complete return_value=<httpcore._backends.anyio.AnyIOStream object at 0x7f5ae74c9640>]
[2025-05-07 11:40:28,920]: [_trace.py]: atrace: 87:       DEBUG:    [send_request_headers.started request=<Request [b'POST']>]
[2025-05-07 11:40:28,921]: [_trace.py]: atrace: 87:       DEBUG:    [send_request_headers.complete]
[2025-05-07 11:40:28,921]: [_trace.py]: atrace: 87:       DEBUG:    [send_request_body.started request=<Request [b'POST']>]
[2025-05-07 11:40:28,921]: [_trace.py]: atrace: 87:       DEBUG:    [send_request_body.complete]
[2025-05-07 11:40:28,921]: [_trace.py]: atrace: 87:       DEBUG:    [receive_response_headers.started request=<Request [b'POST']>]
[2025-05-07 11:40:29,072]: [_trace.py]: atrace: 87:       DEBUG:    [receive_response_headers.complete return_value=(b'HTTP/1.1', 200, b'OK', [(b'Server', b'nginx/1.18.0'), (b'Date', b'Wed, 07 May 2025 11:40:28 GMT'), (b'Content-Type', b'application/json'), (b'Content-Length', b'258'), (b'Connection', b'keep-alive'), (b'Strict-Transport-Security', b'max-age=31536000; includeSubDomains; preload'), (b'Access-Control-Allow-Origin', b'*'), (b'Access-Control-Allow-Methods', b'GET, POST, OPTIONS'), (b'Access-Control-Expose-Headers', b'Content-Length,Content-Type,Date,Server,Connection')])]
[2025-05-07 11:40:29,073]: [_client.py]: _send_single_request: 1740:       INFO:    [HTTP Request: POST https://api.telegram.org/bot6030805959:AAGUHAMxLYc-PrevgKouJ3ZyM7ktu56ftjo/getMe "HTTP/1.1 200 OK"]
[2025-05-07 11:40:29,073]: [_trace.py]: atrace: 87:       DEBUG:    [receive_response_body.started request=<Request [b'POST']>]
[2025-05-07 11:40:29,073]: [_trace.py]: atrace: 87:       DEBUG:    [receive_response_body.complete]
[2025-05-07 11:40:29,073]: [_trace.py]: atrace: 87:       DEBUG:    [response_closed.started]
[2025-05-07 11:40:29,073]: [_trace.py]: atrace: 87:       DEBUG:    [response_closed.complete]
[2025-05-07 11:40:29,073]: [_bot.py]: _do_post: 652:       DEBUG:    [Call to Bot API endpoint `getMe` finished with return value `{'id': 6030805959, 'is_bot': True, 'first_name': 'TyPHoone', 'username': 'TyPHoone_Project_bot', 'can_join_groups': True, 'can_read_all_group_messages': False, 'supports_inline_queries': False, 'can_connect_to_business': False, 'has_main_web_app': False}`]
[2025-05-07 11:40:29,076]: [_bot.py]: _do_post: 643:       DEBUG:    [Calling Bot API endpoint `sendDocument` with parameters `{'chat_id': '-4119703192', 'document': <telegram._files.inputfile.InputFile object at 0x7f5ae73b9c40>}`]
[2025-05-07 11:40:29,076]: [_trace.py]: atrace: 87:       DEBUG:    [send_request_headers.started request=<Request [b'POST']>]
[2025-05-07 11:40:29,077]: [_trace.py]: atrace: 87:       DEBUG:    [send_request_headers.complete]
[2025-05-07 11:40:29,077]: [_trace.py]: atrace: 87:       DEBUG:    [send_request_body.started request=<Request [b'POST']>]
[2025-05-07 11:40:30,564]: [_trace.py]: atrace: 87:       DEBUG:    [send_request_body.complete]
[2025-05-07 11:40:30,564]: [_trace.py]: atrace: 87:       DEBUG:    [receive_response_headers.started request=<Request [b'POST']>]
[2025-05-07 11:40:31,153]: [_trace.py]: atrace: 87:       DEBUG:    [receive_response_headers.complete return_value=(b'HTTP/1.1', 200, b'OK', [(b'Server', b'nginx/1.18.0'), (b'Date', b'Wed, 07 May 2025 11:40:31 GMT'), (b'Content-Type', b'application/json'), (b'Content-Length', b'599'), (b'Connection', b'keep-alive'), (b'Strict-Transport-Security', b'max-age=31536000; includeSubDomains; preload'), (b'Access-Control-Allow-Origin', b'*'), (b'Access-Control-Allow-Methods', b'GET, POST, OPTIONS'), (b'Access-Control-Expose-Headers', b'Content-Length,Content-Type,Date,Server,Connection')])]
[2025-05-07 11:40:31,153]: [_client.py]: _send_single_request: 1740:       INFO:    [HTTP Request: POST https://api.telegram.org/bot6030805959:AAGUHAMxLYc-PrevgKouJ3ZyM7ktu56ftjo/sendDocument "HTTP/1.1 200 OK"]
[2025-05-07 11:40:31,153]: [_trace.py]: atrace: 87:       DEBUG:    [receive_response_body.started request=<Request [b'POST']>]
[2025-05-07 11:40:31,153]: [_trace.py]: atrace: 87:       DEBUG:    [receive_response_body.complete]
[2025-05-07 11:40:31,153]: [_trace.py]: atrace: 87:       DEBUG:    [response_closed.started]
[2025-05-07 11:40:31,153]: [_trace.py]: atrace: 87:       DEBUG:    [response_closed.complete]
[2025-05-07 11:40:31,153]: [_bot.py]: _do_post: 652:       DEBUG:    [Call to Bot API endpoint `sendDocument` finished with return value `{'message_id': 2340, 'from': {'id': 6030805959, 'is_bot': True, 'first_name': 'TyPHoone', 'username': 'TyPHoone_Project_bot'}, 'chat': {'id': -4119703192, 'title': 'Robocop', 'type': 'group', 'all_members_are_administrators': True, 'accepted_gift_types': {'unlimited_gifts': False, 'limited_gifts': False, 'unique_gifts': False, 'premium_subscription': False}}, 'date': 1746618031, 'document': {'file_name': '(2025_05_07--11_40)output.zip', 'mime_type': 'application/zip', 'file_id': 'BQACAgQAAxkDAAIJJGgbRq6RDxRwb4mH-6XC2j5S8D_lAAIvGwACj-HYUF4fXm1dEH0WNgQ', 'file_unique_id': 'AgADLxsAAo_h2FA', 'file_size': 10216021}}`]
[2025-05-07 11:40:31,154]: [_trace.py]: atrace: 87:       DEBUG:    [close.started]
[2025-05-07 11:40:31,154]: [_trace.py]: atrace: 87:       DEBUG:    [close.complete]
[2025-05-07 11:40:31,154]: [Telegram_Sender.py]: runner: 61:       INFO:    [sent successfully]
[2025-05-07 11:40:31,155]: [Main.py]: <module>: 48:       INFO:    [Finished]
