[2025-08-12 11:41:51,923]: [Main.py]: <module>: 21:       INFO:    [Started]
[2025-08-12 11:41:53,654]: [Iron_Scraper.py]: Scrap: 32:       INFO:    [Data Scaraped Successfully]
[2025-08-12 11:41:53,852]: [Iron_Scraper.py]: Scrap: 70:       INFO:    [Scrapped Data Has No Problem]
[2025-08-12 11:41:53,852]: [Iron_Scraper.py]: Scrap: 83:       INFO:    [Data Saved Successfully]
[2025-08-12 11:41:53,852]: [Iron.py]: Run: 26:       INFO:    [Scraping Phase Completed]
[2025-08-12 11:41:53,853]: [Iron_Data_Processor.py]: Data_Reader: 61:       INFO:    [Data File Has Been Red Successfully]
[2025-08-12 11:41:53,853]: [Iron_Data_Processor.py]: Shaper: 78:       INFO:    [Data Shaped]
[2025-08-12 11:41:53,853]: [Iron_Data_Processor.py]: Process: 228:       INFO:    [Data Cleaned]
[2025-08-12 11:41:53,853]: [Iron_Data_Processor.py]: Make_Pages_Objects: 101:       INFO:    [Page Objects Has Been Made]
[2025-08-12 11:41:53,853]: [Iron_Data_Processor.py]: Make_Pages_Objects: 101:       INFO:    [Page Objects Has Been Made]
[2025-08-12 11:41:53,853]: [Iron_Data_Processor.py]: Load_Data: 118:       INFO:    [Data Has Been Load]
[2025-08-12 11:41:53,853]: [Iron_Data_Processor.py]: Load_Data: 118:       INFO:    [Data Has Been Load]
[2025-08-12 11:41:53,853]: [Iron_Data_Processor.py]: Load_positions: 140:       INFO:    [Positions Are Ready]
[2025-08-12 11:41:53,854]: [Iron_Data_Processor.py]: Load_positions: 140:       INFO:    [Positions Are Ready]
[2025-08-12 11:41:54,964]: [Iron_Data_Processor.py]: Make_Tagged_Images: 193:       INFO:    [Images Has Been Made]
[2025-08-12 11:41:55,907]: [Iron_Data_Processor.py]: Make_Tagged_Images: 193:       INFO:    [Images Has Been Made]
[2025-08-12 11:41:56,163]: [Iron_Data_Processor.py]: Make_Cover_Page: 215:       INFO:    [Made Cover Pages]
[2025-08-12 11:41:56,164]: [Iron.py]: Run: 29:       INFO:    [Imagination Phase Completed]
[2025-08-12 11:41:59,158]: [Phone_Scraper.py]: Scrap: 58:       INFO:    [Data Scraped]
[2025-08-12 11:41:59,159]: [Phone_Scraper.py]: Scrap: 71:       INFO:    [Scraped Data Successfully]
[2025-08-12 11:41:59,159]: [Phone.py]: Run: 26:       INFO:    [Scraping Phase Complete]
[2025-08-12 11:41:59,159]: [Phone_Data_Processor.py]: data_reader: 38:       INFO:    [Scraped Data Loaded]
[2025-08-12 11:41:59,160]: [Phone_Data_Processor.py]: filter_list: 65:       INFO:    [Persian Phrases Are deleted]
[2025-08-12 11:41:59,160]: [Phone_Data_Processor.py]: reshape_list: 87:       INFO:    [Date Reshaped]
[2025-08-12 11:41:59,161]: [Phone_Data_Processor.py]: separate_brands: 124:       INFO:    [Brands Are Separated]
[2025-08-12 11:41:59,161]: [Phone_Data_Processor.py]: delete_extra_spaces: 141:       INFO:    [Extra Spaces Are Deleted]
[2025-08-12 11:41:59,941]: [Phone.py]: Run: 29:       INFO:    [Imagination Phase Complete]
[2025-08-12 11:41:59,941]: [selector_events.py]: __init__: 64:       DEBUG:    [Using selector: EpollSelector]
[2025-08-12 11:42:00,221]: [_bot.py]: _do_post: 643:       DEBUG:    [Calling Bot API endpoint `getMe` with parameters `{}`]
[2025-08-12 11:42:00,226]: [_trace.py]: atrace: 87:       DEBUG:    [connect_tcp.started host='api.telegram.org' port=443 local_address=None timeout=5.0 socket_options=None]
[2025-08-12 11:42:00,406]: [_trace.py]: atrace: 87:       DEBUG:    [connect_tcp.complete return_value=<httpcore._backends.anyio.AnyIOStream object at 0x7f300e9e9700>]
[2025-08-12 11:42:00,407]: [_trace.py]: atrace: 87:       DEBUG:    [start_tls.started ssl_context=<ssl.SSLContext object at 0x7f300eec1bd0> server_hostname='api.telegram.org' timeout=5.0]
[2025-08-12 11:42:00,496]: [_trace.py]: atrace: 87:       DEBUG:    [start_tls.complete return_value=<httpcore._backends.anyio.AnyIOStream object at 0x7f300f332240>]
[2025-08-12 11:42:00,497]: [_trace.py]: atrace: 87:       DEBUG:    [send_request_headers.started request=<Request [b'POST']>]
[2025-08-12 11:42:00,497]: [_trace.py]: atrace: 87:       DEBUG:    [send_request_headers.complete]
[2025-08-12 11:42:00,497]: [_trace.py]: atrace: 87:       DEBUG:    [send_request_body.started request=<Request [b'POST']>]
[2025-08-12 11:42:00,497]: [_trace.py]: atrace: 87:       DEBUG:    [send_request_body.complete]
[2025-08-12 11:42:00,497]: [_trace.py]: atrace: 87:       DEBUG:    [receive_response_headers.started request=<Request [b'POST']>]
[2025-08-12 11:42:00,581]: [_trace.py]: atrace: 87:       DEBUG:    [receive_response_headers.complete return_value=(b'HTTP/1.1', 200, b'OK', [(b'Server', b'nginx/1.18.0'), (b'Date', b'Tue, 12 Aug 2025 11:42:00 GMT'), (b'Content-Type', b'application/json'), (b'Content-Length', b'258'), (b'Connection', b'keep-alive'), (b'Strict-Transport-Security', b'max-age=31536000; includeSubDomains; preload'), (b'Access-Control-Allow-Origin', b'*'), (b'Access-Control-Allow-Methods', b'GET, POST, OPTIONS'), (b'Access-Control-Expose-Headers', b'Content-Length,Content-Type,Date,Server,Connection')])]
[2025-08-12 11:42:00,582]: [_client.py]: _send_single_request: 1740:       INFO:    [HTTP Request: POST https://api.telegram.org/bot6030805959:AAGUHAMxLYc-PrevgKouJ3ZyM7ktu56ftjo/getMe "HTTP/1.1 200 OK"]
[2025-08-12 11:42:00,582]: [_trace.py]: atrace: 87:       DEBUG:    [receive_response_body.started request=<Request [b'POST']>]
[2025-08-12 11:42:00,582]: [_trace.py]: atrace: 87:       DEBUG:    [receive_response_body.complete]
[2025-08-12 11:42:00,582]: [_trace.py]: atrace: 87:       DEBUG:    [response_closed.started]
[2025-08-12 11:42:00,582]: [_trace.py]: atrace: 87:       DEBUG:    [response_closed.complete]
[2025-08-12 11:42:00,582]: [_bot.py]: _do_post: 652:       DEBUG:    [Call to Bot API endpoint `getMe` finished with return value `{'id': 6030805959, 'is_bot': True, 'first_name': 'TyPHoone', 'username': 'TyPHoone_Project_bot', 'can_join_groups': True, 'can_read_all_group_messages': False, 'supports_inline_queries': False, 'can_connect_to_business': False, 'has_main_web_app': False}`]
[2025-08-12 11:42:00,585]: [_bot.py]: _do_post: 643:       DEBUG:    [Calling Bot API endpoint `sendDocument` with parameters `{'chat_id': '-4119703192', 'document': <telegram._files.inputfile.InputFile object at 0x7f300ef547c0>}`]
[2025-08-12 11:42:00,586]: [_trace.py]: atrace: 87:       DEBUG:    [send_request_headers.started request=<Request [b'POST']>]
[2025-08-12 11:42:00,586]: [_trace.py]: atrace: 87:       DEBUG:    [send_request_headers.complete]
[2025-08-12 11:42:00,586]: [_trace.py]: atrace: 87:       DEBUG:    [send_request_body.started request=<Request [b'POST']>]
[2025-08-12 11:42:00,586]: [_trace.py]: atrace: 87:       DEBUG:    [send_request_body.complete]
[2025-08-12 11:42:00,586]: [_trace.py]: atrace: 87:       DEBUG:    [receive_response_headers.started request=<Request [b'POST']>]
[2025-08-12 11:42:00,810]: [_trace.py]: atrace: 87:       DEBUG:    [receive_response_headers.complete return_value=(b'HTTP/1.1', 200, b'OK', [(b'Server', b'nginx/1.18.0'), (b'Date', b'Tue, 12 Aug 2025 11:42:00 GMT'), (b'Content-Type', b'application/json'), (b'Content-Length', b'584'), (b'Connection', b'keep-alive'), (b'Strict-Transport-Security', b'max-age=31536000; includeSubDomains; preload'), (b'Access-Control-Allow-Origin', b'*'), (b'Access-Control-Allow-Methods', b'GET, POST, OPTIONS'), (b'Access-Control-Expose-Headers', b'Content-Length,Content-Type,Date,Server,Connection')])]
[2025-08-12 11:42:00,811]: [_client.py]: _send_single_request: 1740:       INFO:    [HTTP Request: POST https://api.telegram.org/bot6030805959:AAGUHAMxLYc-PrevgKouJ3ZyM7ktu56ftjo/sendDocument "HTTP/1.1 200 OK"]
[2025-08-12 11:42:00,811]: [_trace.py]: atrace: 87:       DEBUG:    [receive_response_body.started request=<Request [b'POST']>]
[2025-08-12 11:42:00,811]: [_trace.py]: atrace: 87:       DEBUG:    [receive_response_body.complete]
[2025-08-12 11:42:00,811]: [_trace.py]: atrace: 87:       DEBUG:    [response_closed.started]
[2025-08-12 11:42:00,811]: [_trace.py]: atrace: 87:       DEBUG:    [response_closed.complete]
[2025-08-12 11:42:00,811]: [_bot.py]: _do_post: 652:       DEBUG:    [Call to Bot API endpoint `sendDocument` finished with return value `{'message_id': 2537, 'from': {'id': 6030805959, 'is_bot': True, 'first_name': 'TyPHoone', 'username': 'TyPHoone_Project_bot'}, 'chat': {'id': -4119703192, 'title': 'Robocop', 'type': 'group', 'all_members_are_administrators': True, 'accepted_gift_types': {'unlimited_gifts': False, 'limited_gifts': False, 'unique_gifts': False, 'premium_subscription': False}}, 'date': 1754998920, 'document': {'file_name': '(2025_08_12--11_41).log', 'mime_type': 'text/plain', 'file_id': 'BQACAgQAAxkDAAIJ6WibKIgwBMwQl7nYx0Tvbp_Fnb0wAAJzHQACr73ZUKF5k_j8J6HSNgQ', 'file_unique_id': 'AgADcx0AAq-92VA', 'file_size': 5937}}`]
[2025-08-12 11:42:00,812]: [_trace.py]: atrace: 87:       DEBUG:    [close.started]
[2025-08-12 11:42:00,812]: [_trace.py]: atrace: 87:       DEBUG:    [close.complete]
[2025-08-12 11:42:00,856]: [_bot.py]: _do_post: 643:       DEBUG:    [Calling Bot API endpoint `getMe` with parameters `{}`]
[2025-08-12 11:42:00,857]: [_trace.py]: atrace: 87:       DEBUG:    [connect_tcp.started host='api.telegram.org' port=443 local_address=None timeout=5.0 socket_options=None]
[2025-08-12 11:42:00,942]: [_trace.py]: atrace: 87:       DEBUG:    [connect_tcp.complete return_value=<httpcore._backends.anyio.AnyIOStream object at 0x7f300e369f10>]
[2025-08-12 11:42:00,942]: [_trace.py]: atrace: 87:       DEBUG:    [start_tls.started ssl_context=<ssl.SSLContext object at 0x7f300eec1ad0> server_hostname='api.telegram.org' timeout=5.0]
[2025-08-12 11:42:01,028]: [_trace.py]: atrace: 87:       DEBUG:    [start_tls.complete return_value=<httpcore._backends.anyio.AnyIOStream object at 0x7f300f94ec90>]
[2025-08-12 11:42:01,028]: [_trace.py]: atrace: 87:       DEBUG:    [send_request_headers.started request=<Request [b'POST']>]
[2025-08-12 11:42:01,029]: [_trace.py]: atrace: 87:       DEBUG:    [send_request_headers.complete]
[2025-08-12 11:42:01,029]: [_trace.py]: atrace: 87:       DEBUG:    [send_request_body.started request=<Request [b'POST']>]
[2025-08-12 11:42:01,029]: [_trace.py]: atrace: 87:       DEBUG:    [send_request_body.complete]
[2025-08-12 11:42:01,029]: [_trace.py]: atrace: 87:       DEBUG:    [receive_response_headers.started request=<Request [b'POST']>]
[2025-08-12 11:42:01,116]: [_trace.py]: atrace: 87:       DEBUG:    [receive_response_headers.complete return_value=(b'HTTP/1.1', 200, b'OK', [(b'Server', b'nginx/1.18.0'), (b'Date', b'Tue, 12 Aug 2025 11:42:01 GMT'), (b'Content-Type', b'application/json'), (b'Content-Length', b'258'), (b'Connection', b'keep-alive'), (b'Strict-Transport-Security', b'max-age=31536000; includeSubDomains; preload'), (b'Access-Control-Allow-Origin', b'*'), (b'Access-Control-Allow-Methods', b'GET, POST, OPTIONS'), (b'Access-Control-Expose-Headers', b'Content-Length,Content-Type,Date,Server,Connection')])]
[2025-08-12 11:42:01,116]: [_client.py]: _send_single_request: 1740:       INFO:    [HTTP Request: POST https://api.telegram.org/bot6030805959:AAGUHAMxLYc-PrevgKouJ3ZyM7ktu56ftjo/getMe "HTTP/1.1 200 OK"]
[2025-08-12 11:42:01,117]: [_trace.py]: atrace: 87:       DEBUG:    [receive_response_body.started request=<Request [b'POST']>]
[2025-08-12 11:42:01,117]: [_trace.py]: atrace: 87:       DEBUG:    [receive_response_body.complete]
[2025-08-12 11:42:01,117]: [_trace.py]: atrace: 87:       DEBUG:    [response_closed.started]
[2025-08-12 11:42:01,117]: [_trace.py]: atrace: 87:       DEBUG:    [response_closed.complete]
[2025-08-12 11:42:01,117]: [_bot.py]: _do_post: 652:       DEBUG:    [Call to Bot API endpoint `getMe` finished with return value `{'id': 6030805959, 'is_bot': True, 'first_name': 'TyPHoone', 'username': 'TyPHoone_Project_bot', 'can_join_groups': True, 'can_read_all_group_messages': False, 'supports_inline_queries': False, 'can_connect_to_business': False, 'has_main_web_app': False}`]
[2025-08-12 11:42:01,120]: [_bot.py]: _do_post: 643:       DEBUG:    [Calling Bot API endpoint `sendDocument` with parameters `{'chat_id': '-4119703192', 'document': <telegram._files.inputfile.InputFile object at 0x7f300eeda000>}`]
[2025-08-12 11:42:01,120]: [_trace.py]: atrace: 87:       DEBUG:    [send_request_headers.started request=<Request [b'POST']>]
[2025-08-12 11:42:01,120]: [_trace.py]: atrace: 87:       DEBUG:    [send_request_headers.complete]
[2025-08-12 11:42:01,120]: [_trace.py]: atrace: 87:       DEBUG:    [send_request_body.started request=<Request [b'POST']>]
[2025-08-12 11:42:01,971]: [_trace.py]: atrace: 87:       DEBUG:    [send_request_body.complete]
[2025-08-12 11:42:01,971]: [_trace.py]: atrace: 87:       DEBUG:    [receive_response_headers.started request=<Request [b'POST']>]
[2025-08-12 11:42:02,660]: [_trace.py]: atrace: 87:       DEBUG:    [receive_response_headers.complete return_value=(b'HTTP/1.1', 200, b'OK', [(b'Server', b'nginx/1.18.0'), (b'Date', b'Tue, 12 Aug 2025 11:42:02 GMT'), (b'Content-Type', b'application/json'), (b'Content-Length', b'599'), (b'Connection', b'keep-alive'), (b'Strict-Transport-Security', b'max-age=31536000; includeSubDomains; preload'), (b'Access-Control-Allow-Origin', b'*'), (b'Access-Control-Allow-Methods', b'GET, POST, OPTIONS'), (b'Access-Control-Expose-Headers', b'Content-Length,Content-Type,Date,Server,Connection')])]
[2025-08-12 11:42:02,660]: [_client.py]: _send_single_request: 1740:       INFO:    [HTTP Request: POST https://api.telegram.org/bot6030805959:AAGUHAMxLYc-PrevgKouJ3ZyM7ktu56ftjo/sendDocument "HTTP/1.1 200 OK"]
[2025-08-12 11:42:02,660]: [_trace.py]: atrace: 87:       DEBUG:    [receive_response_body.started request=<Request [b'POST']>]
[2025-08-12 11:42:02,660]: [_trace.py]: atrace: 87:       DEBUG:    [receive_response_body.complete]
[2025-08-12 11:42:02,660]: [_trace.py]: atrace: 87:       DEBUG:    [response_closed.started]
[2025-08-12 11:42:02,660]: [_trace.py]: atrace: 87:       DEBUG:    [response_closed.complete]
[2025-08-12 11:42:02,660]: [_bot.py]: _do_post: 652:       DEBUG:    [Call to Bot API endpoint `sendDocument` finished with return value `{'message_id': 2538, 'from': {'id': 6030805959, 'is_bot': True, 'first_name': 'TyPHoone', 'username': 'TyPHoone_Project_bot'}, 'chat': {'id': -4119703192, 'title': 'Robocop', 'type': 'group', 'all_members_are_administrators': True, 'accepted_gift_types': {'unlimited_gifts': False, 'limited_gifts': False, 'unique_gifts': False, 'premium_subscription': False}}, 'date': 1754998922, 'document': {'file_name': '(2025_08_12--11_41)output.zip', 'mime_type': 'application/zip', 'file_id': 'BQACAgQAAxkDAAIJ6mibKIpgqGK1ugGE3p7HLYyVSdrTAAJ0HQACr73ZUN6YO0sZ7nX5NgQ', 'file_unique_id': 'AgADdB0AAq-92VA', 'file_size': 10203935}}`]
[2025-08-12 11:42:02,661]: [_trace.py]: atrace: 87:       DEBUG:    [close.started]
[2025-08-12 11:42:02,661]: [_trace.py]: atrace: 87:       DEBUG:    [close.complete]
[2025-08-12 11:42:02,661]: [Telegram_Sender.py]: runner: 61:       INFO:    [sent successfully]
[2025-08-12 11:42:02,662]: [Main.py]: <module>: 48:       INFO:    [Finished]
