[2025-04-29 11:40:15,176]: [Main.py]: <module>: 21:       INFO:    [Started]
[2025-04-29 11:40:17,067]: [Iron_Scraper.py]: Scrap: 32:       INFO:    [Data Scaraped Successfully]
[2025-04-29 11:40:17,270]: [Iron_Scraper.py]: Scrap: 70:       INFO:    [Scrapped Data Has No Problem]
[2025-04-29 11:40:17,271]: [Iron_Scraper.py]: Scrap: 83:       INFO:    [Data Saved Successfully]
[2025-04-29 11:40:17,271]: [Iron.py]: Run: 26:       INFO:    [Scraping Phase Completed]
[2025-04-29 11:40:17,271]: [Iron_Data_Processor.py]: Data_Reader: 61:       INFO:    [Data File Has Been Red Successfully]
[2025-04-29 11:40:17,271]: [Iron_Data_Processor.py]: Shaper: 78:       INFO:    [Data Shaped]
[2025-04-29 11:40:17,271]: [Iron_Data_Processor.py]: Process: 228:       INFO:    [Data Cleaned]
[2025-04-29 11:40:17,271]: [Iron_Data_Processor.py]: Make_Pages_Objects: 101:       INFO:    [Page Objects Has Been Made]
[2025-04-29 11:40:17,272]: [Iron_Data_Processor.py]: Make_Pages_Objects: 101:       INFO:    [Page Objects Has Been Made]
[2025-04-29 11:40:17,272]: [Iron_Data_Processor.py]: Load_Data: 118:       INFO:    [Data Has Been Load]
[2025-04-29 11:40:17,272]: [Iron_Data_Processor.py]: Load_Data: 118:       INFO:    [Data Has Been Load]
[2025-04-29 11:40:17,272]: [Iron_Data_Processor.py]: Load_positions: 140:       INFO:    [Positions Are Ready]
[2025-04-29 11:40:17,272]: [Iron_Data_Processor.py]: Load_positions: 140:       INFO:    [Positions Are Ready]
[2025-04-29 11:40:18,383]: [Iron_Data_Processor.py]: Make_Tagged_Images: 193:       INFO:    [Images Has Been Made]
[2025-04-29 11:40:19,327]: [Iron_Data_Processor.py]: Make_Tagged_Images: 193:       INFO:    [Images Has Been Made]
[2025-04-29 11:40:19,578]: [Iron_Data_Processor.py]: Make_Cover_Page: 215:       INFO:    [Made Cover Pages]
[2025-04-29 11:40:19,578]: [Iron.py]: Run: 29:       INFO:    [Imagination Phase Completed]
[2025-04-29 11:40:23,131]: [Phone_Scraper.py]: Scrap: 58:       INFO:    [Data Scraped]
[2025-04-29 11:40:23,131]: [Phone_Scraper.py]: Scrap: 71:       INFO:    [Scraped Data Successfully]
[2025-04-29 11:40:23,131]: [Phone.py]: Run: 26:       INFO:    [Scraping Phase Complete]
[2025-04-29 11:40:23,131]: [Phone_Data_Processor.py]: data_reader: 38:       INFO:    [Scraped Data Loaded]
[2025-04-29 11:40:23,132]: [Phone_Data_Processor.py]: filter_list: 65:       INFO:    [Persian Phrases Are deleted]
[2025-04-29 11:40:23,133]: [Phone_Data_Processor.py]: reshape_list: 87:       INFO:    [Date Reshaped]
[2025-04-29 11:40:23,133]: [Phone_Data_Processor.py]: separate_brands: 124:       INFO:    [Brands Are Separated]
[2025-04-29 11:40:23,133]: [Phone_Data_Processor.py]: delete_extra_spaces: 141:       INFO:    [Extra Spaces Are Deleted]
[2025-04-29 11:40:23,873]: [Phone.py]: Run: 29:       INFO:    [Imagination Phase Complete]
[2025-04-29 11:40:23,873]: [selector_events.py]: __init__: 64:       DEBUG:    [Using selector: EpollSelector]
[2025-04-29 11:40:24,150]: [_bot.py]: _do_post: 643:       DEBUG:    [Calling Bot API endpoint `getMe` with parameters `{}`]
[2025-04-29 11:40:24,155]: [_trace.py]: atrace: 87:       DEBUG:    [connect_tcp.started host='api.telegram.org' port=443 local_address=None timeout=5.0 socket_options=None]
[2025-04-29 11:40:24,366]: [_trace.py]: atrace: 87:       DEBUG:    [connect_tcp.complete return_value=<httpcore._backends.anyio.AnyIOStream object at 0x7f04ff8ba5a0>]
[2025-04-29 11:40:24,366]: [_trace.py]: atrace: 87:       DEBUG:    [start_tls.started ssl_context=<ssl.SSLContext object at 0x7f04ff76f7d0> server_hostname='api.telegram.org' timeout=5.0]
[2025-04-29 11:40:24,516]: [_trace.py]: atrace: 87:       DEBUG:    [start_tls.complete return_value=<httpcore._backends.anyio.AnyIOStream object at 0x7f0500531850>]
[2025-04-29 11:40:24,516]: [_trace.py]: atrace: 87:       DEBUG:    [send_request_headers.started request=<Request [b'POST']>]
[2025-04-29 11:40:24,516]: [_trace.py]: atrace: 87:       DEBUG:    [send_request_headers.complete]
[2025-04-29 11:40:24,516]: [_trace.py]: atrace: 87:       DEBUG:    [send_request_body.started request=<Request [b'POST']>]
[2025-04-29 11:40:24,517]: [_trace.py]: atrace: 87:       DEBUG:    [send_request_body.complete]
[2025-04-29 11:40:24,517]: [_trace.py]: atrace: 87:       DEBUG:    [receive_response_headers.started request=<Request [b'POST']>]
[2025-04-29 11:40:24,665]: [_trace.py]: atrace: 87:       DEBUG:    [receive_response_headers.complete return_value=(b'HTTP/1.1', 200, b'OK', [(b'Server', b'nginx/1.18.0'), (b'Date', b'Tue, 29 Apr 2025 11:40:24 GMT'), (b'Content-Type', b'application/json'), (b'Content-Length', b'258'), (b'Connection', b'keep-alive'), (b'Strict-Transport-Security', b'max-age=31536000; includeSubDomains; preload'), (b'Access-Control-Allow-Origin', b'*'), (b'Access-Control-Allow-Methods', b'GET, POST, OPTIONS'), (b'Access-Control-Expose-Headers', b'Content-Length,Content-Type,Date,Server,Connection')])]
[2025-04-29 11:40:24,665]: [_client.py]: _send_single_request: 1740:       INFO:    [HTTP Request: POST https://api.telegram.org/bot6030805959:AAGUHAMxLYc-PrevgKouJ3ZyM7ktu56ftjo/getMe "HTTP/1.1 200 OK"]
[2025-04-29 11:40:24,665]: [_trace.py]: atrace: 87:       DEBUG:    [receive_response_body.started request=<Request [b'POST']>]
[2025-04-29 11:40:24,665]: [_trace.py]: atrace: 87:       DEBUG:    [receive_response_body.complete]
[2025-04-29 11:40:24,665]: [_trace.py]: atrace: 87:       DEBUG:    [response_closed.started]
[2025-04-29 11:40:24,665]: [_trace.py]: atrace: 87:       DEBUG:    [response_closed.complete]
[2025-04-29 11:40:24,665]: [_bot.py]: _do_post: 652:       DEBUG:    [Call to Bot API endpoint `getMe` finished with return value `{'id': 6030805959, 'is_bot': True, 'first_name': 'TyPHoone', 'username': 'TyPHoone_Project_bot', 'can_join_groups': True, 'can_read_all_group_messages': False, 'supports_inline_queries': False, 'can_connect_to_business': False, 'has_main_web_app': False}`]
[2025-04-29 11:40:24,668]: [_bot.py]: _do_post: 643:       DEBUG:    [Calling Bot API endpoint `sendDocument` with parameters `{'chat_id': '-4119703192', 'document': <telegram._files.inputfile.InputFile object at 0x7f04fedc9800>}`]
[2025-04-29 11:40:24,669]: [_trace.py]: atrace: 87:       DEBUG:    [send_request_headers.started request=<Request [b'POST']>]
[2025-04-29 11:40:24,669]: [_trace.py]: atrace: 87:       DEBUG:    [send_request_headers.complete]
[2025-04-29 11:40:24,669]: [_trace.py]: atrace: 87:       DEBUG:    [send_request_body.started request=<Request [b'POST']>]
[2025-04-29 11:40:24,670]: [_trace.py]: atrace: 87:       DEBUG:    [send_request_body.complete]
[2025-04-29 11:40:24,670]: [_trace.py]: atrace: 87:       DEBUG:    [receive_response_headers.started request=<Request [b'POST']>]
[2025-04-29 11:40:24,996]: [_trace.py]: atrace: 87:       DEBUG:    [receive_response_headers.complete return_value=(b'HTTP/1.1', 200, b'OK', [(b'Server', b'nginx/1.18.0'), (b'Date', b'Tue, 29 Apr 2025 11:40:24 GMT'), (b'Content-Type', b'application/json'), (b'Content-Length', b'584'), (b'Connection', b'keep-alive'), (b'Strict-Transport-Security', b'max-age=31536000; includeSubDomains; preload'), (b'Access-Control-Allow-Origin', b'*'), (b'Access-Control-Allow-Methods', b'GET, POST, OPTIONS'), (b'Access-Control-Expose-Headers', b'Content-Length,Content-Type,Date,Server,Connection')])]
[2025-04-29 11:40:24,996]: [_client.py]: _send_single_request: 1740:       INFO:    [HTTP Request: POST https://api.telegram.org/bot6030805959:AAGUHAMxLYc-PrevgKouJ3ZyM7ktu56ftjo/sendDocument "HTTP/1.1 200 OK"]
[2025-04-29 11:40:24,996]: [_trace.py]: atrace: 87:       DEBUG:    [receive_response_body.started request=<Request [b'POST']>]
[2025-04-29 11:40:24,996]: [_trace.py]: atrace: 87:       DEBUG:    [receive_response_body.complete]
[2025-04-29 11:40:24,996]: [_trace.py]: atrace: 87:       DEBUG:    [response_closed.started]
[2025-04-29 11:40:24,996]: [_trace.py]: atrace: 87:       DEBUG:    [response_closed.complete]
[2025-04-29 11:40:24,996]: [_bot.py]: _do_post: 652:       DEBUG:    [Call to Bot API endpoint `sendDocument` finished with return value `{'message_id': 2323, 'from': {'id': 6030805959, 'is_bot': True, 'first_name': 'TyPHoone', 'username': 'TyPHoone_Project_bot'}, 'chat': {'id': -4119703192, 'title': 'Robocop', 'type': 'group', 'all_members_are_administrators': True, 'accepted_gift_types': {'unlimited_gifts': False, 'limited_gifts': False, 'unique_gifts': False, 'premium_subscription': False}}, 'date': 1745926824, 'document': {'file_name': '(2025_04_29--11_40).log', 'mime_type': 'text/plain', 'file_id': 'BQACAgQAAxkDAAIJE2gQuqikH4V3PGd4qxc7RcqZjLXIAAICGwACcluIUNKgDtWOlKmoNgQ', 'file_unique_id': 'AgADAhsAAnJbiFA', 'file_size': 5937}}`]
[2025-04-29 11:40:24,997]: [_trace.py]: atrace: 87:       DEBUG:    [close.started]
[2025-04-29 11:40:24,997]: [_trace.py]: atrace: 87:       DEBUG:    [close.complete]
[2025-04-29 11:40:25,039]: [_bot.py]: _do_post: 643:       DEBUG:    [Calling Bot API endpoint `getMe` with parameters `{}`]
[2025-04-29 11:40:25,039]: [_trace.py]: atrace: 87:       DEBUG:    [connect_tcp.started host='api.telegram.org' port=443 local_address=None timeout=5.0 socket_options=None]
[2025-04-29 11:40:25,189]: [_trace.py]: atrace: 87:       DEBUG:    [connect_tcp.complete return_value=<httpcore._backends.anyio.AnyIOStream object at 0x7f04fede8fe0>]
[2025-04-29 11:40:25,189]: [_trace.py]: atrace: 87:       DEBUG:    [start_tls.started ssl_context=<ssl.SSLContext object at 0x7f04ff76f6d0> server_hostname='api.telegram.org' timeout=5.0]
[2025-04-29 11:40:25,340]: [_trace.py]: atrace: 87:       DEBUG:    [start_tls.complete return_value=<httpcore._backends.anyio.AnyIOStream object at 0x7f04ff859460>]
[2025-04-29 11:40:25,341]: [_trace.py]: atrace: 87:       DEBUG:    [send_request_headers.started request=<Request [b'POST']>]
[2025-04-29 11:40:25,341]: [_trace.py]: atrace: 87:       DEBUG:    [send_request_headers.complete]
[2025-04-29 11:40:25,341]: [_trace.py]: atrace: 87:       DEBUG:    [send_request_body.started request=<Request [b'POST']>]
[2025-04-29 11:40:25,341]: [_trace.py]: atrace: 87:       DEBUG:    [send_request_body.complete]
[2025-04-29 11:40:25,341]: [_trace.py]: atrace: 87:       DEBUG:    [receive_response_headers.started request=<Request [b'POST']>]
[2025-04-29 11:40:25,490]: [_trace.py]: atrace: 87:       DEBUG:    [receive_response_headers.complete return_value=(b'HTTP/1.1', 200, b'OK', [(b'Server', b'nginx/1.18.0'), (b'Date', b'Tue, 29 Apr 2025 11:40:25 GMT'), (b'Content-Type', b'application/json'), (b'Content-Length', b'258'), (b'Connection', b'keep-alive'), (b'Strict-Transport-Security', b'max-age=31536000; includeSubDomains; preload'), (b'Access-Control-Allow-Origin', b'*'), (b'Access-Control-Allow-Methods', b'GET, POST, OPTIONS'), (b'Access-Control-Expose-Headers', b'Content-Length,Content-Type,Date,Server,Connection')])]
[2025-04-29 11:40:25,490]: [_client.py]: _send_single_request: 1740:       INFO:    [HTTP Request: POST https://api.telegram.org/bot6030805959:AAGUHAMxLYc-PrevgKouJ3ZyM7ktu56ftjo/getMe "HTTP/1.1 200 OK"]
[2025-04-29 11:40:25,490]: [_trace.py]: atrace: 87:       DEBUG:    [receive_response_body.started request=<Request [b'POST']>]
[2025-04-29 11:40:25,490]: [_trace.py]: atrace: 87:       DEBUG:    [receive_response_body.complete]
[2025-04-29 11:40:25,490]: [_trace.py]: atrace: 87:       DEBUG:    [response_closed.started]
[2025-04-29 11:40:25,490]: [_trace.py]: atrace: 87:       DEBUG:    [response_closed.complete]
[2025-04-29 11:40:25,490]: [_bot.py]: _do_post: 652:       DEBUG:    [Call to Bot API endpoint `getMe` finished with return value `{'id': 6030805959, 'is_bot': True, 'first_name': 'TyPHoone', 'username': 'TyPHoone_Project_bot', 'can_join_groups': True, 'can_read_all_group_messages': False, 'supports_inline_queries': False, 'can_connect_to_business': False, 'has_main_web_app': False}`]
[2025-04-29 11:40:25,493]: [_bot.py]: _do_post: 643:       DEBUG:    [Calling Bot API endpoint `sendDocument` with parameters `{'chat_id': '-4119703192', 'document': <telegram._files.inputfile.InputFile object at 0x7f04ff7c1c80>}`]
[2025-04-29 11:40:25,493]: [_trace.py]: atrace: 87:       DEBUG:    [send_request_headers.started request=<Request [b'POST']>]
[2025-04-29 11:40:25,494]: [_trace.py]: atrace: 87:       DEBUG:    [send_request_headers.complete]
[2025-04-29 11:40:25,494]: [_trace.py]: atrace: 87:       DEBUG:    [send_request_body.started request=<Request [b'POST']>]
[2025-04-29 11:40:26,978]: [_trace.py]: atrace: 87:       DEBUG:    [send_request_body.complete]
[2025-04-29 11:40:26,978]: [_trace.py]: atrace: 87:       DEBUG:    [receive_response_headers.started request=<Request [b'POST']>]
[2025-04-29 11:40:27,803]: [_trace.py]: atrace: 87:       DEBUG:    [receive_response_headers.complete return_value=(b'HTTP/1.1', 200, b'OK', [(b'Server', b'nginx/1.18.0'), (b'Date', b'Tue, 29 Apr 2025 11:40:27 GMT'), (b'Content-Type', b'application/json'), (b'Content-Length', b'599'), (b'Connection', b'keep-alive'), (b'Strict-Transport-Security', b'max-age=31536000; includeSubDomains; preload'), (b'Access-Control-Allow-Origin', b'*'), (b'Access-Control-Allow-Methods', b'GET, POST, OPTIONS'), (b'Access-Control-Expose-Headers', b'Content-Length,Content-Type,Date,Server,Connection')])]
[2025-04-29 11:40:27,803]: [_client.py]: _send_single_request: 1740:       INFO:    [HTTP Request: POST https://api.telegram.org/bot6030805959:AAGUHAMxLYc-PrevgKouJ3ZyM7ktu56ftjo/sendDocument "HTTP/1.1 200 OK"]
[2025-04-29 11:40:27,803]: [_trace.py]: atrace: 87:       DEBUG:    [receive_response_body.started request=<Request [b'POST']>]
[2025-04-29 11:40:27,803]: [_trace.py]: atrace: 87:       DEBUG:    [receive_response_body.complete]
[2025-04-29 11:40:27,803]: [_trace.py]: atrace: 87:       DEBUG:    [response_closed.started]
[2025-04-29 11:40:27,804]: [_trace.py]: atrace: 87:       DEBUG:    [response_closed.complete]
[2025-04-29 11:40:27,804]: [_bot.py]: _do_post: 652:       DEBUG:    [Call to Bot API endpoint `sendDocument` finished with return value `{'message_id': 2324, 'from': {'id': 6030805959, 'is_bot': True, 'first_name': 'TyPHoone', 'username': 'TyPHoone_Project_bot'}, 'chat': {'id': -4119703192, 'title': 'Robocop', 'type': 'group', 'all_members_are_administrators': True, 'accepted_gift_types': {'unlimited_gifts': False, 'limited_gifts': False, 'unique_gifts': False, 'premium_subscription': False}}, 'date': 1745926827, 'document': {'file_name': '(2025_04_29--11_40)output.zip', 'mime_type': 'application/zip', 'file_id': 'BQACAgQAAxkDAAIJFGgQuquE_NcGJBaVdrhgkCxD4p5HAAIDGwACcluIUE991zjlKRwoNgQ', 'file_unique_id': 'AgADAxsAAnJbiFA', 'file_size': 10131103}}`]
[2025-04-29 11:40:27,804]: [_trace.py]: atrace: 87:       DEBUG:    [close.started]
[2025-04-29 11:40:27,804]: [_trace.py]: atrace: 87:       DEBUG:    [close.complete]
[2025-04-29 11:40:27,804]: [Telegram_Sender.py]: runner: 61:       INFO:    [sent successfully]
[2025-04-29 11:40:27,805]: [Main.py]: <module>: 48:       INFO:    [Finished]
